Approximate (TRWBP) log partition sum: 91.4615
Approximate (TRWBP) variable marginals:
({x0}, (0.500128, 0.499872))
({x1}, (0.501436, 0.498564))
({x2}, (0.502322, 0.497678))
({x3}, (0.497308, 0.502692))
({x4}, (0.496901, 0.503099))
({x5}, (0.501268, 0.498732))
({x6}, (0.497995, 0.502005))
({x7}, (0.49686, 0.50314))
({x8}, (0.497061, 0.502939))
({x9}, (0.503157, 0.496843))
({x10}, (0.503007, 0.496993))
({x11}, (0.493694, 0.506306))
({x12}, (0.489094, 0.510906))
({x13}, (0.515892, 0.484108))
({x14}, (0.520424, 0.479576))
({x15}, (0.490703, 0.509297))
({x16}, (0.515912, 0.484088))
({x17}, (0.517679, 0.482321))
({x18}, (0.517234, 0.482766))
({x19}, (0.476903, 0.523097))
({x20}, (0.51216, 0.48784))
({x21}, (0.514076, 0.485924))
({x22}, (0.520358, 0.479642))
({x23}, (0.476261, 0.523739))
({x24}, (0.47601, 0.52399))
Approximate (TRWBP) factor marginals:
({x0}, (0.500128, 0.499872))
({x1}, (0.501436, 0.498564))
({x2}, (0.502322, 0.497678))
({x3}, (0.497308, 0.502692))
({x4}, (0.496901, 0.503099))
({x5}, (0.501268, 0.498732))
({x6}, (0.497995, 0.502005))
({x7}, (0.49686, 0.50314))
({x8}, (0.497061, 0.502939))
({x9}, (0.503157, 0.496843))
({x10}, (0.503007, 0.496993))
({x11}, (0.493694, 0.506306))
({x12}, (0.489094, 0.510906))
({x13}, (0.515892, 0.484108))
({x14}, (0.520424, 0.479576))
({x15}, (0.490703, 0.509297))
({x16}, (0.515912, 0.484088))
({x17}, (0.517679, 0.482321))
({x18}, (0.517234, 0.482766))
({x19}, (0.476903, 0.523097))
({x20}, (0.51216, 0.48784))
({x21}, (0.514076, 0.485924))
({x22}, (0.520358, 0.479642))
({x23}, (0.476261, 0.523739))
({x24}, (0.47601, 0.52399))
({x0, x1}, (0.500563, 0.0002073, 0.000262036, 0.498968))
({x0, x5}, (0.000170883, 0.500345, 0.49921, 0.000273615))
({x1, x2}, (0.501835, 3.47393e-05, 7.03386e-05, 0.49806))
({x1, x6}, (1.13662e-05, 0.498213, 0.501749, 2.66465e-05))
({x2, x3}, (4.94295e-07, 0.497444, 0.502489, 6.63627e-05))
({x2, x7}, (5.67081e-05, 0.497176, 0.502611, 0.000155866))
({x3, x4}, (0.496912, 2.01763e-05, 0.000327568, 0.50274))
({x3, x8}, (0.497151, 1.01352e-05, 5.68094e-07, 0.502838))
({x4, x9}, (0.314845, 0.188349, 0.182015, 0.314791))
({x5, x6}, (0.00167117, 0.496355, 0.499687, 0.00228683))
({x5, x10}, (0.501866, 0.000425056, 3.05875e-05, 0.497679))
({x6, x7}, (0.497398, 1.22712e-05, 7.47946e-06, 0.502582))
({x6, x11}, (0.493685, 0.00014006, 0.00422342, 0.501951))
({x7, x8}, (0.496953, 5.46209e-06, 1.495e-05, 0.503026))
({x7, x12}, (0.489981, 2.71224e-05, 0.00600251, 0.50399))
({x8, x9}, (9.76569e-07, 0.503055, 0.496922, 2.20647e-05))
({x8, x13}, (0.0782637, 0.437688, 0.418811, 0.0652372))
({x9, x14}, (0.142087, 0.378547, 0.361161, 0.118204))
({x10, x11}, (8.96956e-06, 0.495366, 0.50449, 0.000135023))
({x10, x15}, (0.491408, 7.75409e-05, 0.0107577, 0.497757))
({x11, x12}, (0.490363, 0.00040892, 0.00177667, 0.507452))
({x11, x16}, (0.0771748, 0.438837, 0.416648, 0.06734))
({x12, x13}, (2.46028e-05, 0.51331, 0.486665, 8.1709e-09))
({x12, x17}, (0.00650871, 0.510976, 0.482469, 4.6639e-05))
({x13, x14}, (0.515551, 0.00331807, 0.00203889, 0.479092))
({x13, x18}, (0.515677, 0.000948933, 0.000783362, 0.482591))
({x14, x19}, (0.000330789, 0.477946, 0.521672, 5.15942e-05))
({x15, x16}, (0.074437, 0.441638, 0.416347, 0.0675776))
({x15, x20}, (0.00116223, 0.510124, 0.488711, 3.19968e-06))
({x16, x17}, (0.516814, 4.34427e-07, 4.47735e-05, 0.483141))
({x16, x21}, (0.515005, 2.23277e-06, 1.0071e-05, 0.484983))
({x17, x18}, (0.517356, 0.000133595, 4.57484e-05, 0.482465))
({x17, x22}, (0.518967, 7.12719e-05, 1.18404e-06, 0.480961))
({x18, x19}, (0.475691, 0.000142298, 0.0425688, 0.481598))
({x18, x23}, (0.00178138, 0.473661, 0.514643, 0.00991474))
({x19, x24}, (0.476375, 1.32356e-05, 2.28193e-06, 0.523609))
({x20, x21}, (0.512973, 0.000267152, 1.88653e-06, 0.486758))
({x21, x22}, (0.246491, 0.273862, 0.267574, 0.212073))
({x22, x23}, (0.000102752, 0.477273, 0.521359, 0.00126556))
({x23, x24}, (0.0345272, 0.44102, 0.441294, 0.0831587))
