Approximate (TRWBP) log partition sum: 77.4694
Approximate (TRWBP) variable marginals:
({x0}, (0.517416, 0.482584))
({x1}, (0.493936, 0.506064))
({x2}, (0.49371, 0.50629))
({x3}, (0.515794, 0.484206))
({x4}, (0.429866, 0.570134))
({x5}, (0.509926, 0.490074))
({x6}, (0.493735, 0.506265))
({x7}, (0.506092, 0.493908))
({x8}, (0.462978, 0.537022))
({x9}, (0.536601, 0.463399))
({x10}, (0.48662, 0.51338))
({x11}, (0.517008, 0.482992))
({x12}, (0.472418, 0.527582))
({x13}, (0.534724, 0.465276))
({x14}, (0.536042, 0.463958))
({x15}, (0.474978, 0.525022))
({x16}, (0.483295, 0.516705))
({x17}, (0.470934, 0.529066))
({x18}, (0.46233, 0.53767))
({x19}, (0.460422, 0.539578))
({x20}, (0.479401, 0.520599))
({x21}, (0.494599, 0.505401))
({x22}, (0.52941, 0.47059))
({x23}, (0.626609, 0.373391))
({x24}, (0.628424, 0.371576))
Approximate (TRWBP) factor marginals:
({x0}, (0.517416, 0.482584))
({x1}, (0.493936, 0.506064))
({x2}, (0.49371, 0.50629))
({x3}, (0.515794, 0.484206))
({x4}, (0.429866, 0.570134))
({x5}, (0.509926, 0.490074))
({x6}, (0.493735, 0.506265))
({x7}, (0.506092, 0.493908))
({x8}, (0.462978, 0.537022))
({x9}, (0.536601, 0.463399))
({x10}, (0.48662, 0.51338))
({x11}, (0.517008, 0.482992))
({x12}, (0.472418, 0.527582))
({x13}, (0.534724, 0.465276))
({x14}, (0.536042, 0.463958))
({x15}, (0.474978, 0.525022))
({x16}, (0.483295, 0.516705))
({x17}, (0.470934, 0.529066))
({x18}, (0.46233, 0.53767))
({x19}, (0.460422, 0.539578))
({x20}, (0.479401, 0.520599))
({x21}, (0.494599, 0.505401))
({x22}, (0.52941, 0.47059))
({x23}, (0.626609, 0.373391))
({x24}, (0.628424, 0.371576))
({x0, x1}, (0.454878, 0.039077, 0.0624505, 0.443594))
({x0, x5}, (0.509257, 0.000467897, 0.00824048, 0.482035))
({x1, x2}, (0.313132, 0.180437, 0.180782, 0.325649))
({x1, x6}, (0.493841, 6.66865e-07, 1.46735e-06, 0.506157))
({x2, x3}, (0.0126096, 0.503075, 0.480875, 0.00344056))
({x2, x7}, (0.000474042, 0.505861, 0.493372, 0.000293592))
({x3, x4}, (0.423775, 0.00540943, 0.0926609, 0.478154))
({x3, x8}, (0.000172793, 0.462128, 0.515032, 0.0226667))
({x4, x9}, (0.00273788, 0.534638, 0.427777, 0.034847))
({x5, x6}, (0.494788, 0.000474101, 0.0135563, 0.491181))
({x5, x10}, (1.58543e-05, 0.488252, 0.511331, 0.000401218))
({x6, x7}, (4.82011e-05, 0.506148, 0.493801, 3.27234e-06))
({x6, x11}, (0.00755305, 0.507558, 0.484579, 0.000310301))
({x7, x8}, (0.00346001, 0.458758, 0.501931, 0.0358508))
({x7, x12}, (0.00122161, 0.471635, 0.505299, 0.0218453))
({x8, x9}, (6.62933e-06, 0.536875, 0.463119, 2.01499e-07))
({x8, x13}, (9.36709e-05, 0.535756, 0.463906, 0.000244881))
({x9, x14}, (0.534525, 0.00259907, 0.00125531, 0.46162))
({x10, x11}, (1.84889e-05, 0.515027, 0.484954, 2.46126e-07))
({x10, x15}, (0.00620862, 0.468913, 0.48066, 0.0442187))
({x11, x12}, (2.75601e-06, 0.475957, 0.520398, 0.0036422))
({x11, x16}, (6.50968e-05, 0.483162, 0.516753, 2.03051e-05))
({x12, x13}, (0.000225986, 0.530952, 0.468822, 2.38857e-07))
({x12, x17}, (0.471756, 6.37396e-07, 2.33508e-06, 0.528241))
({x13, x14}, (0.535481, 9.2729e-06, 1.97174e-08, 0.46451))
({x13, x18}, (9.95394e-09, 0.463783, 0.536214, 3.51133e-06))
({x14, x19}, (0.00286057, 0.457153, 0.533073, 0.00691327))
({x15, x16}, (0.41805, 0.0652108, 0.0569063, 0.459833))
({x15, x20}, (0.47439, 0.00515383, 0.000443175, 0.520013))
({x16, x17}, (0.366751, 0.104208, 0.116533, 0.412507))
({x16, x21}, (0.482735, 0.0119432, 0.000445162, 0.504877))
({x17, x18}, (0.0424946, 0.419406, 0.428164, 0.109935))
({x17, x22}, (3.09557e-07, 0.529214, 0.470781, 4.76399e-06))
({x18, x19}, (0.4609, 7.50439e-05, 0.000672017, 0.538352))
({x18, x23}, (0.455221, 0.171731, 0.00668591, 0.366362))
({x19, x24}, (0.0920611, 0.536066, 0.367857, 0.0040163))
({x20, x21}, (0.463601, 0.0311235, 0.015683, 0.489593))
({x21, x22}, (0.493585, 0.0360544, 0.000795188, 0.469565))
({x22, x23}, (0.440438, 0.186202, 0.0889865, 0.284373))
({x23, x24}, (0.622651, 0.00612893, 0.00366407, 0.367556))
