Approximate (TRWBP) log partition sum: 78.9356
Approximate (TRWBP) variable marginals:
({x0}, (0.506441, 0.493559))
({x1}, (0.494383, 0.505617))
({x2}, (0.495394, 0.504606))
({x3}, (0.497235, 0.502765))
({x4}, (0.502863, 0.497137))
({x5}, (0.481565, 0.518435))
({x6}, (0.484673, 0.515327))
({x7}, (0.505486, 0.494514))
({x8}, (0.491925, 0.508075))
({x9}, (0.498242, 0.501758))
({x10}, (0.491945, 0.508055))
({x11}, (0.491613, 0.508387))
({x12}, (0.509194, 0.490806))
({x13}, (0.506841, 0.493159))
({x14}, (0.494807, 0.505193))
({x15}, (0.394602, 0.605398))
({x16}, (0.489702, 0.510298))
({x17}, (0.516036, 0.483964))
({x18}, (0.366779, 0.633221))
({x19}, (0.504768, 0.495232))
({x20}, (0.604987, 0.395013))
({x21}, (0.603977, 0.396023))
({x22}, (0.396746, 0.603254))
({x23}, (0.633287, 0.366713))
({x24}, (0.631538, 0.368462))
Approximate (TRWBP) factor marginals:
({x0}, (0.506441, 0.493559))
({x1}, (0.494383, 0.505617))
({x2}, (0.495394, 0.504606))
({x3}, (0.497235, 0.502765))
({x4}, (0.502863, 0.497137))
({x5}, (0.481565, 0.518435))
({x6}, (0.484673, 0.515327))
({x7}, (0.505486, 0.494514))
({x8}, (0.491925, 0.508075))
({x9}, (0.498242, 0.501758))
({x10}, (0.491945, 0.508055))
({x11}, (0.491613, 0.508387))
({x12}, (0.509194, 0.490806))
({x13}, (0.506841, 0.493159))
({x14}, (0.494807, 0.505193))
({x15}, (0.394602, 0.605398))
({x16}, (0.489702, 0.510298))
({x17}, (0.516036, 0.483964))
({x18}, (0.366779, 0.633221))
({x19}, (0.504768, 0.495232))
({x20}, (0.604987, 0.395013))
({x21}, (0.603977, 0.396023))
({x22}, (0.396746, 0.603254))
({x23}, (0.633287, 0.366713))
({x24}, (0.631538, 0.368462))
({x0, x1}, (2.70815e-05, 0.493944, 0.506023, 6.57126e-06))
({x0, x5}, (0.478382, 0.00277495, 0.0284663, 0.490377))
({x1, x2}, (0.494867, 7.03277e-06, 3.8326e-06, 0.505122))
({x1, x6}, (0.0388551, 0.445685, 0.455405, 0.0600546))
({x2, x3}, (0.496301, 3.06635e-06, 2.97178e-05, 0.503667))
({x2, x7}, (1.0974e-06, 0.505054, 0.494945, 3.60897e-08))
({x3, x4}, (0.495532, 0.0067205, 0.00228326, 0.495464))
({x3, x8}, (0.491327, 0.000311914, 0.00622014, 0.502141))
({x4, x9}, (0.00243246, 0.496407, 0.501034, 0.000125923))
({x5, x6}, (0.481884, 0.00229994, 0.000112705, 0.515704))
({x5, x10}, (0.1408, 0.351132, 0.340732, 0.167336))
({x6, x7}, (0.00049407, 0.505593, 0.484717, 0.00919535))
({x6, x11}, (0.443457, 0.0481098, 0.0412269, 0.467206))
({x7, x8}, (0.000127378, 0.491633, 0.505191, 0.00304811))
({x7, x12}, (0.0998335, 0.409486, 0.405765, 0.0849149))
({x8, x9}, (0.358528, 0.139743, 0.133379, 0.36835))
({x8, x13}, (0.000411396, 0.506965, 0.492071, 0.000553258))
({x9, x14}, (0.494969, 0.000497159, 0.00262426, 0.50191))
({x10, x11}, (0.491757, 5.53174e-07, 4.55732e-05, 0.508196))
({x10, x15}, (0.371898, 0.0225288, 0.120181, 0.485392))
({x11, x12}, (0.000140196, 0.508739, 0.49112, 6.41869e-07))
({x11, x16}, (0.487539, 0.00193424, 0.0042997, 0.506227))
({x12, x13}, (0.507094, 2.42695e-06, 0.00187453, 0.49103))
({x12, x17}, (0.509761, 0.00574817, 1.00382e-07, 0.484491))
({x13, x14}, (9.02329e-05, 0.493952, 0.505957, 4.52708e-08))
({x13, x18}, (0.0591951, 0.307572, 0.44764, 0.185593))
({x14, x19}, (3.28481e-07, 0.504765, 0.49485, 0.000384696))
({x15, x16}, (0.312066, 0.177691, 0.0824379, 0.427805))
({x15, x20}, (2.41797e-06, 0.605229, 0.394762, 6.22268e-06))
({x16, x17}, (0.141127, 0.375011, 0.348624, 0.135238))
({x16, x21}, (0.0970809, 0.507022, 0.392728, 0.00316964))
({x17, x18}, (0.0569048, 0.309922, 0.459242, 0.173931))
({x17, x22}, (2.42814e-06, 0.397103, 0.516432, 0.0864624))
({x18, x19}, (0.00836012, 0.496336, 0.358358, 0.136946))
({x18, x23}, (4.61615e-06, 0.633257, 0.36673, 7.67148e-06))
({x19, x24}, (0.136627, 0.494921, 0.368119, 0.000332772))
({x20, x21}, (0.604207, 4.96832e-06, 0.000598134, 0.39519))
({x21, x22}, (1.61656e-05, 0.396371, 0.603612, 4.91263e-07))
({x22, x23}, (0.124218, 0.509086, 0.272541, 0.0941554))
({x23, x24}, (0.631217, 0.000315171, 0.00208659, 0.366381))
