Approximate (TRWBP) log partition sum: 86.2185
Approximate (TRWBP) variable marginals:
({x0}, (0.511896, 0.488104))
({x1}, (0.489016, 0.510984))
({x2}, (0.513053, 0.486947))
({x3}, (0.485931, 0.514069))
({x4}, (0.515353, 0.484647))
({x5}, (0.497692, 0.502308))
({x6}, (0.493225, 0.506775))
({x7}, (0.490528, 0.509472))
({x8}, (0.48633, 0.51367))
({x9}, (0.516513, 0.483487))
({x10}, (0.502079, 0.497921))
({x11}, (0.501664, 0.498336))
({x12}, (0.492691, 0.507309))
({x13}, (0.511906, 0.488094))
({x14}, (0.480853, 0.519147))
({x15}, (0.497324, 0.502676))
({x16}, (0.501372, 0.498628))
({x17}, (0.495485, 0.504515))
({x18}, (0.480845, 0.519155))
({x19}, (0.519171, 0.480829))
({x20}, (0.460039, 0.539961))
({x21}, (0.49664, 0.50336))
({x22}, (0.475355, 0.524645))
({x23}, (0.478026, 0.521974))
({x24}, (0.480428, 0.519572))
Approximate (TRWBP) factor marginals:
({x0}, (0.511896, 0.488104))
({x1}, (0.489016, 0.510984))
({x2}, (0.513053, 0.486947))
({x3}, (0.485931, 0.514069))
({x4}, (0.515353, 0.484647))
({x5}, (0.497692, 0.502308))
({x6}, (0.493225, 0.506775))
({x7}, (0.490528, 0.509472))
({x8}, (0.48633, 0.51367))
({x9}, (0.516513, 0.483487))
({x10}, (0.502079, 0.497921))
({x11}, (0.501664, 0.498336))
({x12}, (0.492691, 0.507309))
({x13}, (0.511906, 0.488094))
({x14}, (0.480853, 0.519147))
({x15}, (0.497324, 0.502676))
({x16}, (0.501372, 0.498628))
({x17}, (0.495485, 0.504515))
({x18}, (0.480845, 0.519155))
({x19}, (0.519171, 0.480829))
({x20}, (0.460039, 0.539961))
({x21}, (0.49664, 0.50336))
({x22}, (0.475355, 0.524645))
({x23}, (0.478026, 0.521974))
({x24}, (0.480428, 0.519572))
({x0, x1}, (2.94282e-05, 0.488556, 0.511411, 3.70443e-06))
({x0, x5}, (0.49394, 0.00324769, 0.0185446, 0.484267))
({x1, x2}, (0.000978098, 0.511476, 0.487483, 6.33326e-05))
({x1, x6}, (0.490315, 0.00172369, 4.47763e-06, 0.507957))
({x2, x3}, (0.000196979, 0.486281, 0.513467, 5.49753e-05))
({x2, x7}, (0.0318537, 0.458674, 0.481309, 0.028163))
({x3, x4}, (8.38887e-05, 0.514674, 0.485237, 4.33565e-06))
({x3, x8}, (0.48593, 0.00019642, 7.79245e-05, 0.513795))
({x4, x9}, (0.515956, 1.37031e-05, 5.42459e-06, 0.484025))
({x5, x6}, (0.493884, 3.64702e-06, 0.00329085, 0.502821))
({x5, x10}, (0.00555621, 0.497678, 0.493241, 0.0035256))
({x6, x7}, (0.49129, 1.17943e-05, 0.00119689, 0.507502))
({x6, x11}, (0.494772, 0.00525046, 6.81437e-06, 0.499971))
({x7, x8}, (0.488122, 4.072e-05, 0.000314028, 0.511524))
({x7, x12}, (0.491594, 1.13322e-05, 1.50495e-06, 0.508393))
({x8, x9}, (0.000896604, 0.514724, 0.484371, 9.00692e-06))
({x8, x13}, (0.483144, 0.0297284, 0.00214505, 0.484982))
({x9, x14}, (0.000554324, 0.481803, 0.517446, 0.000195986))
({x10, x11}, (0.00316329, 0.497915, 0.498513, 0.000408439))
({x10, x15}, (1.07067e-05, 0.496725, 0.501511, 0.0017531))
({x11, x12}, (5.55728e-05, 0.494804, 0.503614, 0.00152599))
({x11, x16}, (0.501393, 9.10665e-05, 1.47983e-05, 0.498501))
({x12, x13}, (9.26321e-07, 0.509517, 0.490482, 1.67655e-07))
({x12, x17}, (0.494048, 0.00016616, 4.86948e-07, 0.505785))
({x13, x14}, (0.478732, 0.0011754, 0.034182, 0.485911))
({x13, x18}, (0.00540157, 0.475773, 0.506804, 0.0120209))
({x14, x19}, (0.000214504, 0.518376, 0.480111, 0.00129853))
({x15, x16}, (8.1834e-05, 0.501928, 0.497937, 5.33159e-05))
({x15, x20}, (0.436678, 0.0233243, 0.0607014, 0.479296))
({x16, x17}, (0.496872, 6.26767e-06, 0.00308548, 0.500036))
({x16, x21}, (7.4204e-07, 0.497248, 0.501998, 0.00075331))
({x17, x18}, (0.000382521, 0.48025, 0.494919, 0.0244488))
({x17, x22}, (0.127805, 0.347552, 0.367698, 0.156945))
({x18, x19}, (1.61617e-06, 0.51916, 0.480837, 1.33851e-06))
({x18, x23}, (0.472175, 0.00589966, 0.00861441, 0.513311))
({x19, x24}, (0.478029, 0.00188428, 0.041686, 0.478401))
({x20, x21}, (0.414529, 0.0820135, 0.0455693, 0.457889))
({x21, x22}, (0.472568, 0.00335788, 0.0234601, 0.500614))
({x22, x23}, (0.466766, 0.0117556, 0.00810217, 0.513377))
({x23, x24}, (0.476042, 0.00493825, 0.0014285, 0.517591))
