Approximate (TRWBP) log partition sum: 90.6125
Approximate (TRWBP) variable marginals:
({x0}, (0.511022, 0.488978))
({x1}, (0.510466, 0.489534))
({x2}, (0.508515, 0.491485))
({x3}, (0.492921, 0.507079))
({x4}, (0.504865, 0.495135))
({x5}, (0.514698, 0.485302))
({x6}, (0.487874, 0.512126))
({x7}, (0.501364, 0.498636))
({x8}, (0.499383, 0.500617))
({x9}, (0.496976, 0.503024))
({x10}, (0.485034, 0.514966))
({x11}, (0.511348, 0.488652))
({x12}, (0.50213, 0.49787))
({x13}, (0.499, 0.501))
({x14}, (0.502056, 0.497944))
({x15}, (0.509106, 0.490894))
({x16}, (0.509813, 0.490187))
({x17}, (0.508394, 0.491606))
({x18}, (0.504815, 0.495185))
({x19}, (0.505322, 0.494678))
({x20}, (0.49171, 0.50829))
({x21}, (0.507364, 0.492636))
({x22}, (0.507981, 0.492019))
({x23}, (0.493857, 0.506143))
({x24}, (0.505775, 0.494225))
Approximate (TRWBP) factor marginals:
({x0}, (0.511022, 0.488978))
({x1}, (0.510466, 0.489534))
({x2}, (0.508515, 0.491485))
({x3}, (0.492921, 0.507079))
({x4}, (0.504865, 0.495135))
({x5}, (0.514698, 0.485302))
({x6}, (0.487874, 0.512126))
({x7}, (0.501364, 0.498636))
({x8}, (0.499383, 0.500617))
({x9}, (0.496976, 0.503024))
({x10}, (0.485034, 0.514966))
({x11}, (0.511348, 0.488652))
({x12}, (0.50213, 0.49787))
({x13}, (0.499, 0.501))
({x14}, (0.502056, 0.497944))
({x15}, (0.509106, 0.490894))
({x16}, (0.509813, 0.490187))
({x17}, (0.508394, 0.491606))
({x18}, (0.504815, 0.495185))
({x19}, (0.505322, 0.494678))
({x20}, (0.49171, 0.50829))
({x21}, (0.507364, 0.492636))
({x22}, (0.507981, 0.492019))
({x23}, (0.493857, 0.506143))
({x24}, (0.505775, 0.494225))
({x0, x1}, (0.510758, 4.34906e-05, 8.86073e-06, 0.48919))
({x0, x5}, (0.10565, 0.409293, 0.405594, 0.0794625))
({x1, x2}, (0.509532, 4.04527e-07, 2.47978e-05, 0.490443))
({x1, x6}, (2.46385e-05, 0.48859, 0.511301, 8.48678e-05))
({x2, x3}, (8.69974e-06, 0.492192, 0.507797, 2.28541e-06))
({x2, x7}, (0.501505, 0.000195648, 0.00668121, 0.491618))
({x3, x4}, (1.82192e-05, 0.505776, 0.493773, 0.000432783))
({x3, x8}, (0.000412346, 0.498711, 0.492218, 0.00865814))
({x4, x9}, (1.28062e-05, 0.496055, 0.503929, 3.17251e-06))
({x5, x6}, (0.00215934, 0.485283, 0.512208, 0.000348875))
({x5, x10}, (1.58767e-05, 0.4851, 0.514837, 4.71246e-05))
({x6, x7}, (3.43668e-05, 0.500348, 0.486882, 0.0127358))
({x6, x11}, (1.32054e-05, 0.511734, 0.488194, 5.90431e-05))
({x7, x8}, (0.499338, 0.000295502, 0.00175645, 0.49861))
({x7, x12}, (0.00605212, 0.496784, 0.496001, 0.00116318))
({x8, x9}, (0.49719, 0.000312212, 0.00169404, 0.500803))
({x8, x13}, (5.94482e-06, 0.499649, 0.500086, 0.000259154))
({x9, x14}, (5.63711e-06, 0.502529, 0.49744, 2.45647e-05))
({x10, x11}, (0.000114502, 0.511229, 0.484869, 0.00378775))
({x10, x15}, (0.322508, 0.186734, 0.162387, 0.328372))
({x11, x12}, (0.0667093, 0.435538, 0.444776, 0.0529762))
({x11, x16}, (0.510177, 0.000135953, 0.000692913, 0.488994))
({x12, x13}, (0.49988, 7.27494e-06, 0.00138384, 0.498729))
({x12, x17}, (0.291611, 0.21685, 0.210481, 0.281058))
({x13, x14}, (4.74334e-07, 0.501534, 0.498452, 1.33002e-05))
({x13, x18}, (0.00191246, 0.50195, 0.496136, 1.9984e-06))
({x14, x19}, (0.260669, 0.244744, 0.241404, 0.253183))
({x15, x16}, (0.50451, 0.00495916, 0.00498743, 0.485544))
({x15, x20}, (2.83491e-05, 0.491233, 0.508732, 6.33658e-06))
({x16, x17}, (0.509117, 8.63389e-06, 9.7476e-07, 0.490873))
({x16, x21}, (0.505363, 0.00145254, 0.00507383, 0.48811))
({x17, x18}, (0.503832, 0.00172312, 0.00386913, 0.490575))
({x17, x22}, (0.0305077, 0.47745, 0.477922, 0.0141201))
({x18, x19}, (0.505092, 1.5654e-05, 9.12719e-07, 0.494892))
({x18, x23}, (0.000251876, 0.493439, 0.504446, 0.00186321))
({x19, x24}, (0.505594, 2.70937e-06, 9.043e-06, 0.494394))
({x20, x21}, (5.37352e-06, 0.507846, 0.492104, 4.5237e-05))
({x21, x22}, (0.353151, 0.154715, 0.154358, 0.337776))
({x22, x23}, (0.493188, 0.000538985, 0.0148398, 0.491433))
({x23, x24}, (3.53305e-06, 0.505993, 0.493993, 1.01176e-05))
