Approximate (TRWBP) log partition sum: 73.3417
Approximate (TRWBP) variable marginals:
({x0}, (0.601005, 0.398995))
({x1}, (0.639292, 0.360708))
({x2}, (0.638928, 0.361072))
({x3}, (0.639857, 0.360143))
({x4}, (0.765835, 0.234165))
({x5}, (0.402696, 0.597304))
({x6}, (0.505879, 0.494121))
({x7}, (0.383884, 0.616116))
({x8}, (0.563366, 0.436634))
({x9}, (0.441709, 0.558291))
({x10}, (0.400811, 0.599189))
({x11}, (0.500939, 0.499061))
({x12}, (0.501699, 0.498301))
({x13}, (0.538716, 0.461284))
({x14}, (0.444915, 0.555085))
({x15}, (0.598973, 0.401027))
({x16}, (0.494905, 0.505095))
({x17}, (0.496457, 0.503543))
({x18}, (0.456695, 0.543305))
({x19}, (0.45041, 0.54959))
({x20}, (0.520353, 0.479647))
({x21}, (0.478041, 0.521959))
({x22}, (0.530656, 0.469344))
({x23}, (0.536331, 0.463669))
({x24}, (0.43424, 0.56576))
Approximate (TRWBP) factor marginals:
({x0}, (0.601005, 0.398995))
({x1}, (0.639292, 0.360708))
({x2}, (0.638928, 0.361072))
({x3}, (0.639857, 0.360143))
({x4}, (0.765835, 0.234165))
({x5}, (0.402696, 0.597304))
({x6}, (0.505879, 0.494121))
({x7}, (0.383884, 0.616116))
({x8}, (0.563366, 0.436634))
({x9}, (0.441709, 0.558291))
({x10}, (0.400811, 0.599189))
({x11}, (0.500939, 0.499061))
({x12}, (0.501699, 0.498301))
({x13}, (0.538716, 0.461284))
({x14}, (0.444915, 0.555085))
({x15}, (0.598973, 0.401027))
({x16}, (0.494905, 0.505095))
({x17}, (0.496457, 0.503543))
({x18}, (0.456695, 0.543305))
({x19}, (0.45041, 0.54959))
({x20}, (0.520353, 0.479647))
({x21}, (0.478041, 0.521959))
({x22}, (0.530656, 0.469344))
({x23}, (0.536331, 0.463669))
({x24}, (0.43424, 0.56576))
({x0, x1}, (0.244713, 0.394718, 0.356399, 0.00416968))
({x0, x5}, (0.00913205, 0.393461, 0.591779, 0.00562725))
({x1, x2}, (0.639015, 0.000230945, 4.47897e-05, 0.36071))
({x1, x6}, (0.161228, 0.344879, 0.478289, 0.0156037))
({x2, x3}, (0.639313, 0.000211642, 3.88398e-06, 0.360471))
({x2, x7}, (0.0214617, 0.361665, 0.616788, 8.53766e-05))
({x3, x4}, (0.618062, 0.147788, 0.0218439, 0.212306))
({x3, x8}, (0.217825, 0.345978, 0.422399, 0.0137987))
({x4, x9}, (0.289622, 0.151896, 0.476217, 0.0822641))
({x5, x6}, (0.00469352, 0.501335, 0.398116, 0.0958557))
({x5, x10}, (0.392894, 0.00790795, 0.00981361, 0.589385))
({x6, x7}, (0.38211, 0.00143996, 0.124122, 0.492327))
({x6, x11}, (0.00605056, 0.494379, 0.499294, 0.000276451))
({x7, x8}, (0.00101513, 0.563536, 0.38397, 0.0514793))
({x7, x12}, (0.00385895, 0.497797, 0.379926, 0.118419))
({x8, x9}, (0.00185856, 0.438193, 0.559947, 8.44511e-07))
({x8, x13}, (0.206965, 0.331984, 0.356692, 0.104358))
({x9, x14}, (0.443185, 7.6017e-05, 1.49691e-07, 0.556739))
({x10, x11}, (0.054324, 0.446619, 0.346413, 0.152643))
({x10, x15}, (8.10628e-06, 0.599013, 0.400876, 0.000102225))
({x11, x12}, (1.28968e-06, 0.500375, 0.499623, 2.02972e-07))
({x11, x16}, (8.21446e-08, 0.496968, 0.50301, 2.20248e-05))
({x12, x13}, (0.0419851, 0.497493, 0.460429, 9.24698e-05))
({x12, x17}, (0.0154027, 0.481989, 0.487178, 0.0154302))
({x13, x14}, (0.000305465, 0.44354, 0.537452, 0.0187032))
({x13, x18}, (0.454702, 0.00169077, 0.0843794, 0.459228))
({x14, x19}, (0.447454, 0.000302271, 6.31258e-07, 0.552243))
({x15, x16}, (0.493579, 0.00135412, 0.105342, 0.399725))
({x15, x20}, (0.159279, 0.360815, 0.439568, 0.0403379))
({x16, x17}, (0.495723, 2.84308e-06, 5.8105e-06, 0.504268))
({x16, x21}, (0.479669, 0.00110679, 0.0125514, 0.506673))
({x17, x18}, (0.00962919, 0.44715, 0.48693, 0.0562913))
({x17, x22}, (0.0423171, 0.488014, 0.45401, 0.0156586))
({x18, x19}, (0.453475, 1.99577e-06, 1.54035e-05, 0.546508))
({x18, x23}, (3.67547e-07, 0.539739, 0.460252, 8.33401e-06))
({x19, x24}, (0.42918, 0.00545036, 0.0207194, 0.54465))
({x20, x21}, (4.41571e-06, 0.478169, 0.520322, 0.00150459))
({x21, x22}, (0.00280628, 0.524848, 0.472344, 1.15036e-06))
({x22, x23}, (0.533237, 0.000192795, 1.07322e-05, 0.46656))
({x23, x24}, (0.00507768, 0.428711, 0.5308, 0.0354109))
