Builtin inference algorithms: {BP, EXACT, FBP, JTREE, TRWBP}

Exact variable marginals:
({x0}, (0.963832, 0.036168))
({x1}, (0.120525, 0.879475))
({x2}, (0.194116, 0.805884))
({x3}, (0.244795, 0.755205))
({x4}, (0.173204, 0.826796))
({x5}, (0.0684448, 0.931555))
({x6}, (0.861218, 0.138782))
({x7}, (0.408517, 0.591483))
({x8}, (0.0362436, 0.963756))
({x9}, (0.0670997, 0.9329))
Exact factor marginals:
({x0}, (0.963832, 0.036168))
({x1}, (0.120525, 0.879475))
({x2}, (0.194116, 0.805884))
({x3}, (0.244795, 0.755205))
({x4}, (0.173204, 0.826796))
({x5}, (0.0684448, 0.931555))
({x6}, (0.861218, 0.138782))
({x7}, (0.408517, 0.591483))
({x8}, (0.0362436, 0.963756))
({x9}, (0.0670997, 0.9329))
({x0, x1}, (0.119146, 0.00137848, 0.844686, 0.0347896))
({x0, x2}, (0.184069, 0.0100468, 0.779763, 0.0261212))
({x0, x3}, (0.217089, 0.0277067, 0.746743, 0.0084613))
({x0, x4}, (0.152377, 0.0208274, 0.811455, 0.0153406))
({x0, x5}, (0.0617145, 0.00673034, 0.902117, 0.0294377))
({x0, x6}, (0.828978, 0.0322393, 0.134854, 0.00392875))
({x0, x7}, (0.386159, 0.0223583, 0.577673, 0.0138098))
({x0, x8}, (0.0315821, 0.00466151, 0.93225, 0.0315065))
({x0, x9}, (0.055689, 0.0114107, 0.908143, 0.0247573))
({x1, x2}, (0.0248299, 0.169286, 0.095695, 0.710189))
({x1, x3}, (0.00928957, 0.235506, 0.111235, 0.643969))
({x1, x4}, (0.0143665, 0.158837, 0.106158, 0.720638))
({x1, x5}, (0.0158643, 0.0525805, 0.104661, 0.826895))
({x1, x6}, (0.0770532, 0.784164, 0.0434716, 0.0953107))
({x1, x7}, (0.085264, 0.323253, 0.0352608, 0.556222))
({x1, x8}, (0.00776359, 0.02848, 0.112761, 0.850995))
({x1, x9}, (0.011754, 0.0553457, 0.108771, 0.824129))
({x2, x3}, (0.0447698, 0.200026, 0.149346, 0.605859))
({x2, x4}, (0.0218428, 0.151361, 0.172273, 0.654523))
({x2, x5}, (0.0211629, 0.0472819, 0.172953, 0.758602))
({x2, x6}, (0.156701, 0.704517, 0.0374149, 0.101367))
({x2, x7}, (0.118595, 0.289923, 0.0755212, 0.515961))
({x2, x8}, (0.00257627, 0.0336674, 0.19154, 0.772217))
({x2, x9}, (0.0317404, 0.0353593, 0.162375, 0.770525))
({x3, x4}, (0.0818218, 0.0913822, 0.162974, 0.663822))
({x3, x5}, (0.0185117, 0.0499332, 0.226284, 0.705271))
({x3, x6}, (0.205459, 0.655758, 0.0393362, 0.0994462))
({x3, x7}, (0.140783, 0.267734, 0.104012, 0.487471))
({x3, x8}, (0.00716224, 0.0290814, 0.237633, 0.726123))
({x3, x9}, (0.0151227, 0.051977, 0.229673, 0.703228))
({x4, x5}, (0.0153169, 0.0531279, 0.157887, 0.773668))
({x4, x6}, (0.149897, 0.711321, 0.0233072, 0.115475))
({x4, x7}, (0.0377554, 0.370762, 0.135449, 0.456034))
({x4, x8}, (0.0089231, 0.0273205, 0.164281, 0.799475))
({x4, x9}, (0.0197353, 0.0473645, 0.153469, 0.779432))
({x5, x6}, (0.0633054, 0.797912, 0.00513942, 0.133643))
({x5, x7}, (0.0149687, 0.393549, 0.0534761, 0.538007))
({x5, x8}, (0.00559809, 0.0306455, 0.0628468, 0.90091))
({x5, x9}, (0.00377812, 0.0633216, 0.0646667, 0.868234))
({x6, x7}, (0.301256, 0.107262, 0.559962, 0.0315206))
({x6, x8}, (0.0251216, 0.0111221, 0.836096, 0.12766))
({x6, x9}, (0.0584889, 0.00861087, 0.802729, 0.130171))
({x7, x8}, (0.0113045, 0.0249391, 0.397213, 0.566544))
({x7, x9}, (0.0403054, 0.0267943, 0.368212, 0.564688))
({x8, x9}, (0.00765214, 0.0594476, 0.0285915, 0.904309))
Exact log partition sum: 16.0711
Exact MAP variable marginals:
({x0}, (0.986744, 0.0132562))
({x1}, (0.0847499, 0.91525))
({x2}, (0.122663, 0.877337))
({x3}, (0.168827, 0.831173))
({x4}, (0.153278, 0.846722))
({x5}, (0.0558475, 0.944153))
({x6}, (0.930152, 0.0698484))
({x7}, (0.244561, 0.755439))
({x8}, (0.0303168, 0.969683))
({x9}, (0.0324238, 0.967576))
Exact MAP factor marginals:
({x0}, (0.986744, 0.0132562)) == ({x0}, (0.986744, 0.0132562))
({x1}, (0.0847499, 0.91525)) == ({x1}, (0.0847499, 0.91525))
({x2}, (0.122663, 0.877337)) == ({x2}, (0.122663, 0.877337))
({x3}, (0.168827, 0.831173)) == ({x3}, (0.168827, 0.831173))
({x4}, (0.153278, 0.846722)) == ({x4}, (0.153278, 0.846722))
({x5}, (0.0558475, 0.944153)) == ({x5}, (0.0558475, 0.944153))
({x6}, (0.930152, 0.0698484)) == ({x6}, (0.930152, 0.0698484))
({x7}, (0.244561, 0.755439)) == ({x7}, (0.244561, 0.755439))
({x8}, (0.0303168, 0.969683)) == ({x8}, (0.0303168, 0.969683))
({x9}, (0.0324238, 0.967576)) == ({x9}, (0.0324238, 0.967576))
({x0, x1}, (0.0837011, 0.000231354, 0.903924, 0.0121436)) == ({x0, x1}, (0.0837011, 0.000231354, 0.903924, 0.0121436))
({x0, x2}, (0.120742, 0.00406024, 0.863596, 0.0116018)) == ({x0, x2}, (0.120742, 0.00406024, 0.863596, 0.0116018))
({x0, x3}, (0.166552, 0.0110158, 0.819971, 0.00246194)) == ({x0, x3}, (0.166552, 0.0110158, 0.819971, 0.00246194))
({x0, x4}, (0.149991, 0.0103147, 0.828563, 0.0111312)) == ({x0, x4}, (0.149991, 0.0103147, 0.828563, 0.0111312))
({x0, x5}, (0.0548861, 0.00474881, 0.927899, 0.0124657)) == ({x0, x5}, (0.0548861, 0.00474881, 0.927899, 0.0124657))
({x0, x6}, (0.916581, 0.0123137, 0.0688293, 0.00227553)) == ({x0, x6}, (0.916581, 0.0123137, 0.0688293, 0.00227553))
({x0, x7}, (0.239871, 0.00995417, 0.740951, 0.00922398)) == ({x0, x7}, (0.239871, 0.00995417, 0.740951, 0.00922398))
({x0, x8}, (0.0298924, 0.0011557, 0.956107, 0.0128447)) == ({x0, x8}, (0.0298924, 0.0011557, 0.956107, 0.0128447))
({x0, x9}, (0.0318584, 0.00466581, 0.950704, 0.0127721)) == ({x0, x9}, (0.0318584, 0.00466581, 0.950704, 0.0127721))
({x1, x2}, (0.0187319, 0.111321, 0.0737279, 0.796219)) == ({x1, x2}, (0.0187319, 0.111321, 0.0737279, 0.796219))
({x1, x3}, (0.0062109, 0.155788, 0.0710205, 0.76698)) == ({x1, x3}, (0.0062109, 0.155788, 0.0710205, 0.76698))
({x1, x4}, (0.0097966, 0.140742, 0.0719918, 0.77747)) == ({x1, x4}, (0.0097966, 0.140742, 0.0719918, 0.77747))
({x1, x5}, (0.013962, 0.0506405, 0.0792748, 0.856123)) == ({x1, x5}, (0.013962, 0.0506405, 0.0792748, 0.856123))
({x1, x6}, (0.074762, 0.807387, 0.0572218, 0.0606295)) == ({x1, x6}, (0.074762, 0.807387, 0.0572218, 0.0606295))
({x1, x7}, (0.0631186, 0.220672, 0.0345646, 0.681645)) == ({x1, x7}, (0.0631186, 0.220672, 0.0345646, 0.681645))
({x1, x8}, (0.00601727, 0.0276516, 0.0818965, 0.884435)) == ({x1, x8}, (0.00601727, 0.0276516, 0.0818965, 0.884435))
({x1, x9}, (0.00745283, 0.0295359, 0.0816151, 0.881396)) == ({x1, x9}, (0.00745283, 0.0295359, 0.0816151, 0.881396))
({x2, x3}, (0.0400825, 0.145188, 0.099937, 0.714793)) == ({x2, x3}, (0.0400825, 0.145188, 0.099937, 0.714793))
({x2, x4}, (0.0115799, 0.135467, 0.104626, 0.748328)) == ({x2, x4}, (0.0115799, 0.135467, 0.104626, 0.748328))
({x2, x5}, (0.0219823, 0.0482506, 0.114048, 0.815719)) == ({x2, x5}, (0.0219823, 0.0482506, 0.114048, 0.815719))
({x2, x6}, (0.111099, 0.794628, 0.0346012, 0.0596714)) == ({x2, x6}, (0.111099, 0.794628, 0.0346012, 0.0596714))
({x2, x7}, (0.0802186, 0.203454, 0.0878666, 0.628461)) == ({x2, x7}, (0.0802186, 0.203454, 0.0878666, 0.628461))
({x2, x8}, (0.000720857, 0.0266781, 0.119302, 0.853299)) == ({x2, x8}, (0.000720857, 0.0266781, 0.119302, 0.853299))
({x2, x9}, (0.0280088, 0.0193041, 0.116859, 0.835828)) == ({x2, x9}, (0.0280088, 0.0193041, 0.116859, 0.835828))
({x3, x4}, (0.0820062, 0.12006, 0.134713, 0.663221)) == ({x3, x4}, (0.0820062, 0.12006, 0.134713, 0.663221))
({x3, x5}, (0.00985047, 0.0463992, 0.159331, 0.78442)) == ({x3, x5}, (0.00985047, 0.0463992, 0.159331, 0.78442))
({x3, x6}, (0.152783, 0.752184, 0.0385487, 0.0564842)) == ({x3, x6}, (0.152783, 0.752184, 0.0385487, 0.0564842))
({x3, x7}, (0.122679, 0.195528, 0.0778147, 0.603978)) == ({x3, x7}, (0.122679, 0.195528, 0.0778147, 0.603978))
({x3, x8}, (0.00207645, 0.0252756, 0.164209, 0.808439)) == ({x3, x8}, (0.00207645, 0.0252756, 0.164209, 0.808439))
({x3, x9}, (0.0047528, 0.0269693, 0.163471, 0.804806)) == ({x3, x9}, (0.0047528, 0.0269693, 0.163471, 0.804806))
({x4, x5}, (0.00899669, 0.0472665, 0.144654, 0.799082)) == ({x4, x5}, (0.00899669, 0.0472665, 0.144654, 0.799082))
({x4, x6}, (0.14251, 0.787237, 0.0111369, 0.0591164)) == ({x4, x6}, (0.14251, 0.787237, 0.0111369, 0.0591164))
({x4, x7}, (0.0188068, 0.211094, 0.11804, 0.65206)) == ({x4, x7}, (0.0188068, 0.211094, 0.11804, 0.65206))
({x4, x8}, (0.00416335, 0.0256824, 0.148704, 0.821451)) == ({x4, x8}, (0.00416335, 0.0256824, 0.148704, 0.821451))
({x4, x9}, (0.0106539, 0.0272971, 0.147461, 0.814588)) == ({x4, x9}, (0.0106539, 0.0272971, 0.147461, 0.814588))
({x5, x6}, (0.052037, 0.879733, 0.00216815, 0.0660622)) == ({x5, x6}, (0.052037, 0.879733, 0.00216815, 0.0660622))
({x5, x7}, (0.00466453, 0.233009, 0.042574, 0.719753)) == ({x5, x7}, (0.00466453, 0.233009, 0.042574, 0.719753))
({x5, x8}, (0.00448692, 0.0285436, 0.0540028, 0.912967)) == ({x5, x8}, (0.00448692, 0.0285436, 0.0540028, 0.912967))
({x5, x9}, (0.00116332, 0.0306328, 0.0540718, 0.914132)) == ({x5, x9}, (0.00116332, 0.0306328, 0.0540718, 0.914132))
({x6, x7}, (0.22528, 0.0522559, 0.695878, 0.0265867)) == ({x6, x7}, (0.22528, 0.0522559, 0.695878, 0.0265867))
({x6, x8}, (0.0280864, 0.00611189, 0.898342, 0.0674597)) == ({x6, x8}, (0.0280864, 0.00611189, 0.898342, 0.0674597))
({x6, x9}, (0.0300881, 0.00461263, 0.897875, 0.0674246)) == ({x6, x9}, (0.0300881, 0.00461263, 0.897875, 0.0674246))
({x7, x8}, (0.00499597, 0.0229583, 0.237725, 0.734321)) == ({x7, x8}, (0.00499597, 0.0229583, 0.237725, 0.734321))
({x7, x9}, (0.0242768, 0.0167319, 0.234532, 0.724459)) == ({x7, x9}, (0.0242768, 0.0167319, 0.234532, 0.724459))
({x8, x9}, (0.00390814, 0.0313487, 0.029248, 0.935495)) == ({x8, x9}, (0.00390814, 0.0313487, 0.029248, 0.935495))
Exact MAP state (log score = 14.789):
x0: 0
x1: 1
x2: 1
x3: 1
x4: 1
x5: 1
x6: 0
x7: 1
x8: 1
x9: 1
