Builtin inference algorithms: {BP, EXACT, FBP, JTREE, TRWBP}

Exact variable marginals:
({x0}, (0.0475093, 0.952491))
({x1}, (0.291437, 0.708563))
({x2}, (0.111773, 0.888227))
({x3}, (0.800117, 0.199883))
({x4}, (0.921559, 0.0784406))
({x5}, (0.0818278, 0.918172))
({x6}, (0.188637, 0.811363))
({x7}, (0.743664, 0.256336))
({x8}, (0.739287, 0.260713))
({x9}, (0.723116, 0.276884))
Exact factor marginals:
({x0}, (0.0475093, 0.952491))
({x1}, (0.291437, 0.708563))
({x2}, (0.111773, 0.888227))
({x3}, (0.800117, 0.199883))
({x4}, (0.921559, 0.0784406))
({x5}, (0.0818278, 0.918172))
({x6}, (0.188637, 0.811363))
({x7}, (0.743664, 0.256336))
({x8}, (0.739287, 0.260713))
({x9}, (0.723116, 0.276884))
({x0, x1}, (0.0329104, 0.258527, 0.0145989, 0.693964))
({x0, x2}, (0.0132057, 0.0985669, 0.0343037, 0.853924))
({x0, x3}, (0.0232859, 0.776831, 0.0242234, 0.17566))
({x0, x4}, (0.0332231, 0.888336, 0.0142862, 0.0641544))
({x0, x5}, (0.0273856, 0.0544422, 0.0201237, 0.898048))
({x0, x6}, (0.0152442, 0.173393, 0.0322651, 0.779097))
({x0, x7}, (0.0325974, 0.711067, 0.0149119, 0.241424))
({x0, x8}, (0.0369088, 0.702378, 0.0106006, 0.250113))
({x0, x9}, (0.0331725, 0.689943, 0.0143368, 0.262547))
({x1, x2}, (0.00353943, 0.108233, 0.287898, 0.60033))
({x1, x3}, (0.126106, 0.674011, 0.165332, 0.0345519))
({x1, x4}, (0.286089, 0.635471, 0.00534847, 0.0730921))
({x1, x5}, (0.0404073, 0.0414204, 0.25103, 0.667142))
({x1, x6}, (0.00968996, 0.178947, 0.281747, 0.529615))
({x1, x7}, (0.217582, 0.526082, 0.0738548, 0.182481))
({x1, x8}, (0.236672, 0.502615, 0.0547655, 0.205948))
({x1, x9}, (0.194919, 0.528197, 0.0965181, 0.180366))
({x2, x3}, (0.106255, 0.693861, 0.00551718, 0.194366))
({x2, x4}, (0.0408264, 0.880733, 0.0709462, 0.00749441))
({x2, x5}, (0.0135909, 0.0682368, 0.0981817, 0.819991))
({x2, x6}, (0.101754, 0.0868839, 0.010019, 0.801344))
({x2, x7}, (0.00366654, 0.739998, 0.108106, 0.14823))
({x2, x8}, (0.00678262, 0.732504, 0.10499, 0.155723))
({x2, x9}, (0.00584678, 0.717269, 0.105926, 0.170958))
({x3, x4}, (0.726643, 0.194916, 0.0734732, 0.00496743))
({x3, x5}, (0.0229151, 0.0589127, 0.777201, 0.140971))
({x3, x6}, (0.180355, 0.00828237, 0.619761, 0.191601))
({x3, x7}, (0.636076, 0.107589, 0.164041, 0.0922946))
({x3, x8}, (0.59615, 0.143137, 0.203967, 0.0567465))
({x3, x9}, (0.621254, 0.101862, 0.178863, 0.098021))
({x4, x5}, (0.0701418, 0.011686, 0.851418, 0.0667546))
({x4, x6}, (0.113707, 0.0749303, 0.807852, 0.00351027))
({x4, x7}, (0.741609, 0.00205492, 0.17995, 0.0763857))
({x4, x8}, (0.733266, 0.00602132, 0.188294, 0.0724193))
({x4, x9}, (0.721329, 0.00178657, 0.20023, 0.076654))
({x5, x6}, (0.00973317, 0.178904, 0.0720946, 0.739268))
({x5, x7}, (0.041748, 0.701916, 0.0400798, 0.216256))
({x5, x8}, (0.072129, 0.667158, 0.00969872, 0.251014))
({x5, x9}, (0.0679957, 0.65512, 0.013832, 0.263052))
({x6, x7}, (0.0322898, 0.711375, 0.156348, 0.099988))
({x6, x8}, (0.0201964, 0.719091, 0.168441, 0.092272))
({x6, x9}, (0.0174991, 0.705617, 0.171138, 0.105746))
({x7, x8}, (0.69509, 0.044197, 0.0485745, 0.212139))
({x7, x9}, (0.689308, 0.0338082, 0.0543567, 0.222527))
({x8, x9}, (0.686846, 0.0362696, 0.0524406, 0.224443))
Exact log partition sum: 15.0217
Exact MAP variable marginals:
({x0}, (0.0327346, 0.967265))
({x1}, (0.191516, 0.808484))
({x2}, (0.109363, 0.890637))
({x3}, (0.917528, 0.0824717))
({x4}, (0.890637, 0.109363))
({x5}, (0.0327346, 0.967265))
({x6}, (0.109363, 0.890637))
({x7}, (0.890637, 0.109363))
({x8}, (0.890637, 0.109363))
({x9}, (0.890637, 0.109363))
Exact MAP factor marginals:
({x0}, (0.0327346, 0.967265)) == ({x0}, (0.0327346, 0.967265))
({x1}, (0.191516, 0.808484)) == ({x1}, (0.191516, 0.808484))
({x2}, (0.109363, 0.890637)) == ({x2}, (0.109363, 0.890637))
({x3}, (0.917528, 0.0824717)) == ({x3}, (0.917528, 0.0824717))
({x4}, (0.890637, 0.109363)) == ({x4}, (0.890637, 0.109363))
({x5}, (0.0327346, 0.967265)) == ({x5}, (0.0327346, 0.967265))
({x6}, (0.109363, 0.890637)) == ({x6}, (0.109363, 0.890637))
({x7}, (0.890637, 0.109363)) == ({x7}, (0.890637, 0.109363))
({x8}, (0.890637, 0.109363)) == ({x8}, (0.890637, 0.109363))
({x9}, (0.890637, 0.109363)) == ({x9}, (0.890637, 0.109363))
({x0, x1}, (0.0264324, 0.185016, 0.00750927, 0.781043)) == ({x0, x1}, (0.0264324, 0.185016, 0.00750927, 0.781043))
({x0, x2}, (0.00824388, 0.105288, 0.0290182, 0.85745)) == ({x0, x2}, (0.00824388, 0.105288, 0.0290182, 0.85745))
({x0, x3}, (0.0137346, 0.877673, 0.0297026, 0.0788894)) == ({x0, x3}, (0.0137346, 0.877673, 0.0297026, 0.0788894))
({x0, x4}, (0.0290182, 0.85745, 0.00824388, 0.105288)) == ({x0, x4}, (0.0290182, 0.85745, 0.00824388, 0.105288))
({x0, x5}, (0.0315129, 0.0227486, 0.0145717, 0.931167)) == ({x0, x5}, (0.0315129, 0.0227486, 0.0145717, 0.931167))
({x0, x6}, (0.00824388, 0.105288, 0.0290182, 0.85745)) == ({x0, x6}, (0.00824388, 0.105288, 0.0290182, 0.85745))
({x0, x7}, (0.0290182, 0.85745, 0.00824388, 0.105288)) == ({x0, x7}, (0.0290182, 0.85745, 0.00824388, 0.105288))
({x0, x8}, (0.0290182, 0.85745, 0.00824388, 0.105288)) == ({x0, x8}, (0.0290182, 0.85745, 0.00824388, 0.105288))
({x0, x9}, (0.0290182, 0.85745, 0.00824388, 0.105288)) == ({x0, x9}, (0.0290182, 0.85745, 0.00824388, 0.105288))
({x1, x2}, (0.000892672, 0.0902292, 0.174065, 0.734814)) == ({x1, x2}, (0.000892672, 0.0902292, 0.174065, 0.734814))
({x1, x3}, (0.175313, 0.740084, 0.0665222, 0.0180804)) == ({x1, x3}, (0.175313, 0.740084, 0.0665222, 0.0180804))
({x1, x4}, (0.174065, 0.734814, 0.000892672, 0.0902292)) == ({x1, x4}, (0.174065, 0.734814, 0.000892672, 0.0902292))
({x1, x5}, (0.02613, 0.0188628, 0.182899, 0.772108)) == ({x1, x5}, (0.02613, 0.0188628, 0.182899, 0.772108))
({x1, x6}, (0.00392729, 0.0899551, 0.173536, 0.732582)) == ({x1, x6}, (0.00392729, 0.0899551, 0.173536, 0.732582))
({x1, x7}, (0.163437, 0.689951, 0.0618908, 0.0847205)) == ({x1, x7}, (0.163437, 0.689951, 0.0618908, 0.0847205))
({x1, x8}, (0.163437, 0.689951, 0.0618908, 0.0847205)) == ({x1, x8}, (0.163437, 0.689951, 0.0618908, 0.0847205))
({x1, x9}, (0.163437, 0.689951, 0.0618908, 0.0847205)) == ({x1, x9}, (0.163437, 0.689951, 0.0618908, 0.0847205))
({x2, x3}, (0.101142, 0.823683, 0.00113918, 0.0740364)) == ({x2, x3}, (0.101142, 0.823683, 0.00113918, 0.0740364))
({x2, x4}, (0.0582805, 0.831973, 0.10216, 0.00758668)) == ({x2, x4}, (0.0582805, 0.831973, 0.10216, 0.00758668))
({x2, x5}, (0.00721746, 0.0290482, 0.105397, 0.858337)) == ({x2, x5}, (0.00721746, 0.0290482, 0.105397, 0.858337))
({x2, x6}, (0.100139, 0.0801383, 0.00420163, 0.815521)) == ({x2, x6}, (0.100139, 0.0801383, 0.00420163, 0.815521))
({x2, x7}, (0.00175536, 0.817524, 0.100385, 0.0803352)) == ({x2, x7}, (0.00175536, 0.817524, 0.100385, 0.0803352))
({x2, x8}, (0.00175536, 0.817524, 0.100385, 0.0803352)) == ({x2, x8}, (0.00175536, 0.817524, 0.100385, 0.0803352))
({x2, x9}, (0.00175536, 0.817524, 0.100385, 0.0803352)) == ({x2, x9}, (0.00175536, 0.817524, 0.100385, 0.0803352))
({x3, x4}, (0.823797, 0.0740467, 0.101156, 0.00100077)) == ({x3, x4}, (0.823797, 0.0740467, 0.101156, 0.00100077))
({x3, x5}, (0.0193981, 0.029532, 0.872634, 0.0784364)) == ({x3, x5}, (0.0193981, 0.029532, 0.872634, 0.0784364))
({x3, x6}, (0.10081, 0.00441751, 0.820979, 0.0737934)) == ({x3, x6}, (0.10081, 0.00441751, 0.820979, 0.0737934))
({x3, x7}, (0.767825, 0.0690157, 0.0942828, 0.0688763)) == ({x3, x7}, (0.767825, 0.0690157, 0.0942828, 0.0688763))
({x3, x8}, (0.767825, 0.0690157, 0.0942828, 0.0688763)) == ({x3, x8}, (0.767825, 0.0690157, 0.0942828, 0.0688763))
({x3, x9}, (0.767825, 0.0690157, 0.0942828, 0.0688763)) == ({x3, x9}, (0.767825, 0.0690157, 0.0942828, 0.0688763))
({x4, x5}, (0.0290482, 0.00721746, 0.858337, 0.105397)) == ({x4, x5}, (0.0290482, 0.00721746, 0.858337, 0.105397))
({x4, x6}, (0.0804048, 0.100472, 0.818233, 0.000889841)) == ({x4, x6}, (0.0804048, 0.100472, 0.818233, 0.000889841))
({x4, x7}, (0.818488, 0.000578443, 0.0804299, 0.100504)) == ({x4, x7}, (0.818488, 0.000578443, 0.0804299, 0.100504))
({x4, x8}, (0.818033, 0.00113384, 0.0803852, 0.100448)) == ({x4, x8}, (0.818033, 0.00113384, 0.0803852, 0.100448))
({x4, x9}, (0.818461, 0.000610801, 0.0804273, 0.1005)) == ({x4, x9}, (0.818461, 0.000610801, 0.0804273, 0.1005))
({x5, x6}, (0.00721746, 0.105397, 0.0290482, 0.858337)) == ({x5, x6}, (0.00721746, 0.105397, 0.0290482, 0.858337))
({x5, x7}, (0.0286541, 0.846694, 0.0206849, 0.103967)) == ({x5, x7}, (0.0286541, 0.846694, 0.0206849, 0.103967))
({x5, x8}, (0.0290482, 0.858337, 0.00721746, 0.105397)) == ({x5, x8}, (0.0290482, 0.858337, 0.00721746, 0.105397))
({x5, x9}, (0.0290482, 0.858337, 0.00721746, 0.105397)) == ({x5, x9}, (0.0290482, 0.858337, 0.00721746, 0.105397))
({x6, x7}, (0.0199029, 0.808331, 0.0992565, 0.0725098)) == ({x6, x7}, (0.0199029, 0.808331, 0.0992565, 0.0725098))
({x6, x8}, (0.0199029, 0.808331, 0.0992565, 0.0725098)) == ({x6, x8}, (0.0199029, 0.808331, 0.0992565, 0.0725098))
({x6, x9}, (0.0199029, 0.808331, 0.0992565, 0.0725098)) == ({x6, x9}, (0.0199029, 0.808331, 0.0992565, 0.0725098))
({x7, x8}, (0.831514, 0.0203141, 0.0460687, 0.102103)) == ({x7, x8}, (0.831514, 0.0203141, 0.0460687, 0.102103))
({x7, x9}, (0.829325, 0.0202606, 0.0485801, 0.101834)) == ({x7, x9}, (0.829325, 0.0202606, 0.0485801, 0.101834))
({x8, x9}, (0.808556, 0.0447967, 0.0473635, 0.0992841)) == ({x8, x9}, (0.808556, 0.0447967, 0.0473635, 0.0992841))
Exact MAP state (log score = 14.2067):
x0: 1
x1: 1
x2: 1
x3: 0
x4: 0
x5: 1
x6: 1
x7: 0
x8: 0
x9: 0
