Builtin inference algorithms: {BP, EXACT, FBP, JTREE, TRWBP}

Exact variable marginals:
({x0}, (0.867512, 0.132488))
({x1}, (0.269224, 0.730776))
({x2}, (0.866024, 0.133976))
({x3}, (0.117278, 0.882722))
({x4}, (0.129793, 0.870207))
({x5}, (0.704391, 0.295609))
({x6}, (0.124407, 0.875593))
({x7}, (0.786863, 0.213137))
({x8}, (0.876993, 0.123007))
({x9}, (0.25247, 0.74753))
Exact factor marginals:
({x0}, (0.867512, 0.132488))
({x1}, (0.269224, 0.730776))
({x2}, (0.866024, 0.133976))
({x3}, (0.117278, 0.882722))
({x4}, (0.129793, 0.870207))
({x5}, (0.704391, 0.295609))
({x6}, (0.124407, 0.875593))
({x7}, (0.786863, 0.213137))
({x8}, (0.876993, 0.123007))
({x9}, (0.25247, 0.74753))
({x0, x1}, (0.209518, 0.0597055, 0.657994, 0.0727822))
({x0, x2}, (0.864602, 0.00142248, 0.00291065, 0.131065))
({x0, x3}, (0.00937863, 0.107899, 0.858134, 0.0245887))
({x0, x4}, (0.000827961, 0.128965, 0.866684, 0.00352292))
({x0, x5}, (0.662938, 0.0414523, 0.204574, 0.0910354))
({x0, x6}, (0.00342056, 0.120987, 0.864092, 0.011501))
({x0, x7}, (0.783664, 0.00319902, 0.0838484, 0.129289))
({x0, x8}, (0.857097, 0.019896, 0.0104156, 0.112592))
({x0, x9}, (0.122635, 0.129835, 0.744877, 0.00265229))
({x1, x2}, (0.208371, 0.657653, 0.060853, 0.0731229))
({x1, x3}, (0.0460647, 0.0712129, 0.223159, 0.659563))
({x1, x4}, (0.0592209, 0.0705719, 0.210003, 0.660204))
({x1, x5}, (0.0889434, 0.615447, 0.18028, 0.115329))
({x1, x6}, (0.0620627, 0.0623446, 0.207161, 0.668432))
({x1, x7}, (0.201691, 0.585172, 0.0675328, 0.145604))
({x1, x8}, (0.214695, 0.662298, 0.0545289, 0.0684785))
({x1, x9}, (0.149159, 0.103312, 0.120065, 0.627465))
({x2, x3}, (0.00985775, 0.10742, 0.856166, 0.026556))
({x2, x4}, (0.000530642, 0.129262, 0.865493, 0.00471377))
({x2, x5}, (0.662123, 0.042268, 0.203902, 0.0917079))
({x2, x6}, (0.00318809, 0.121219, 0.862836, 0.0127567))
({x2, x7}, (0.783933, 0.0029304, 0.0820916, 0.131045))
({x2, x8}, (0.855853, 0.0211396, 0.010171, 0.112836))
({x2, x9}, (0.121659, 0.130812, 0.744365, 0.00316419))
({x3, x4}, (0.107513, 0.0222794, 0.00976432, 0.860443))
({x3, x5}, (0.0461134, 0.658277, 0.0711642, 0.224445))
({x3, x6}, (0.10051, 0.023897, 0.0167674, 0.858825))
({x3, x7}, (0.011181, 0.775682, 0.106097, 0.10704))
({x3, x8}, (0.0113907, 0.865602, 0.105887, 0.0171204))
({x3, x9}, (0.107617, 0.144853, 0.00966037, 0.737869))
({x4, x5}, (0.0416415, 0.662749, 0.0881512, 0.207458))
({x4, x6}, (0.120835, 0.00357208, 0.00895756, 0.866635))
({x4, x7}, (0.00238481, 0.784478, 0.127408, 0.0857291))
({x4, x8}, (0.0167462, 0.860246, 0.113047, 0.00996078))
({x4, x9}, (0.127003, 0.125467, 0.00278939, 0.74474))
({x5, x6}, (0.0373753, 0.087032, 0.667015, 0.208577))
({x5, x7}, (0.58547, 0.201393, 0.11892, 0.0942168))
({x5, x8}, (0.653947, 0.223046, 0.0504439, 0.0725634))
({x5, x9}, (0.0647735, 0.187697, 0.639617, 0.107913))
({x6, x7}, (0.00493179, 0.781931, 0.119475, 0.0936616))
({x6, x8}, (0.0172156, 0.859777, 0.107192, 0.0158157))
({x6, x9}, (0.118956, 0.133514, 0.00545078, 0.742079))
({x7, x8}, (0.775245, 0.101748, 0.0116184, 0.111389))
({x7, x9}, (0.101652, 0.150818, 0.685211, 0.0623186))
({x8, x9}, (0.140288, 0.112182, 0.736705, 0.0108249))
Exact log partition sum: 22.7774
Exact MAP variable marginals:
({x0}, (0.932704, 0.0672962))
({x1}, (0.133989, 0.866011))
({x2}, (0.932704, 0.0672962))
({x3}, (0.0672962, 0.932704))
({x4}, (0.0672962, 0.932704))
({x5}, (0.866011, 0.133989))
({x6}, (0.0672962, 0.932704))
({x7}, (0.897564, 0.102436))
({x8}, (0.932704, 0.0672962))
({x9}, (0.133989, 0.866011))
Exact MAP factor marginals:
({x0}, (0.932704, 0.0672962)) == ({x0}, (0.932704, 0.0672962))
({x1}, (0.133989, 0.866011)) == ({x1}, (0.133989, 0.866011))
({x2}, (0.932704, 0.0672962)) == ({x2}, (0.932704, 0.0672962))
({x3}, (0.0672962, 0.932704)) == ({x3}, (0.0672962, 0.932704))
({x4}, (0.0672962, 0.932704)) == ({x4}, (0.0672962, 0.932704))
({x5}, (0.866011, 0.133989)) == ({x5}, (0.866011, 0.133989))
({x6}, (0.0672962, 0.932704)) == ({x6}, (0.0672962, 0.932704))
({x7}, (0.897564, 0.102436)) == ({x7}, (0.897564, 0.102436))
({x8}, (0.932704, 0.0672962)) == ({x8}, (0.932704, 0.0672962))
({x9}, (0.133989, 0.866011)) == ({x9}, (0.133989, 0.866011))
({x0, x1}, (0.120904, 0.0563823, 0.78144, 0.0412738)) == ({x0, x1}, (0.120904, 0.0563823, 0.78144, 0.0412738))
({x0, x2}, (0.931298, 0.000471256, 0.00103647, 0.0671948)) == ({x0, x2}, (0.931298, 0.000471256, 0.00103647, 0.0671948))
({x0, x3}, (0.00836337, 0.0658865, 0.913165, 0.0125846)) == ({x0, x3}, (0.00836337, 0.0658865, 0.913165, 0.0125846))
({x0, x4}, (0.000147071, 0.0671322, 0.930431, 0.00228974)) == ({x0, x4}, (0.000147071, 0.0671322, 0.930431, 0.00228974))
({x0, x5}, (0.782588, 0.0398653, 0.121081, 0.0564651)) == ({x0, x5}, (0.782588, 0.0398653, 0.121081, 0.0564651))
({x0, x6}, (0.00307047, 0.0665259, 0.922027, 0.0083765)) == ({x0, x6}, (0.00307047, 0.0665259, 0.922027, 0.0083765))
({x0, x7}, (0.840796, 0.00258213, 0.095957, 0.0606649)) == ({x0, x7}, (0.840796, 0.00258213, 0.095957, 0.0606649))
({x0, x8}, (0.913853, 0.0125941, 0.0076164, 0.0659361)) == ({x0, x8}, (0.913853, 0.0125941, 0.0076164, 0.0659361))
({x0, x9}, (0.125755, 0.0586445, 0.812794, 0.00280691)) == ({x0, x9}, (0.125755, 0.0586445, 0.812794, 0.00280691))
({x1, x2}, (0.120904, 0.78144, 0.0563823, 0.0412738)) == ({x1, x2}, (0.120904, 0.78144, 0.0563823, 0.0412738))
({x1, x3}, (0.0563823, 0.0412738, 0.120904, 0.78144)) == ({x1, x3}, (0.0563823, 0.0412738, 0.120904, 0.78144))
({x1, x4}, (0.0563823, 0.0412738, 0.120904, 0.78144)) == ({x1, x4}, (0.0563823, 0.0412738, 0.120904, 0.78144))
({x1, x5}, (0.0972881, 0.707709, 0.109496, 0.0855067)) == ({x1, x5}, (0.0972881, 0.707709, 0.109496, 0.0855067))
({x1, x6}, (0.0563823, 0.0412738, 0.120904, 0.78144)) == ({x1, x6}, (0.0563823, 0.0412738, 0.120904, 0.78144))
({x1, x7}, (0.115376, 0.745714, 0.0538046, 0.0851056)) == ({x1, x7}, (0.115376, 0.745714, 0.0538046, 0.0851056))
({x1, x8}, (0.120904, 0.78144, 0.0563823, 0.0412738)) == ({x1, x8}, (0.120904, 0.78144, 0.0563823, 0.0412738))
({x1, x9}, (0.115032, 0.0392694, 0.102207, 0.743491)) == ({x1, x9}, (0.115032, 0.0392694, 0.102207, 0.743491))
({x2, x3}, (0.00836337, 0.0658865, 0.913165, 0.0125846)) == ({x2, x3}, (0.00836337, 0.0658865, 0.913165, 0.0125846))
({x2, x4}, (9.48418e-05, 0.0671358, 0.93048, 0.00228986)) == ({x2, x4}, (9.48418e-05, 0.0671358, 0.93048, 0.00228986))
({x2, x5}, (0.782588, 0.0398653, 0.121081, 0.0564651)) == ({x2, x5}, (0.782588, 0.0398653, 0.121081, 0.0564651))
({x2, x6}, (0.00307047, 0.0665259, 0.922027, 0.0083765)) == ({x2, x6}, (0.00307047, 0.0665259, 0.922027, 0.0083765))
({x2, x7}, (0.840796, 0.00258213, 0.095957, 0.0606649)) == ({x2, x7}, (0.840796, 0.00258213, 0.095957, 0.0606649))
({x2, x8}, (0.913853, 0.0125941, 0.0076164, 0.0659361)) == ({x2, x8}, (0.913853, 0.0125941, 0.0076164, 0.0659361))
({x2, x9}, (0.125755, 0.0586445, 0.812794, 0.00280691)) == ({x2, x9}, (0.125755, 0.0586445, 0.812794, 0.00280691))
({x3, x4}, (0.0658865, 0.0125846, 0.00836337, 0.913165)) == ({x3, x4}, (0.0658865, 0.0125846, 0.00836337, 0.913165))
({x3, x5}, (0.0398653, 0.782588, 0.0564651, 0.121081)) == ({x3, x5}, (0.0398653, 0.782588, 0.0564651, 0.121081))
({x3, x6}, (0.0658865, 0.0125846, 0.00836337, 0.913165)) == ({x3, x6}, (0.0658865, 0.0125846, 0.00836337, 0.913165))
({x3, x7}, (0.00766135, 0.836514, 0.060356, 0.0954684)) == ({x3, x7}, (0.00766135, 0.836514, 0.060356, 0.0954684))
({x3, x8}, (0.00837768, 0.914728, 0.0659993, 0.0108948)) == ({x3, x8}, (0.00837768, 0.914728, 0.0659993, 0.0108948))
({x3, x9}, (0.0583738, 0.125174, 0.00740974, 0.809042)) == ({x3, x9}, (0.0583738, 0.125174, 0.00740974, 0.809042))
({x4, x5}, (0.0398653, 0.782588, 0.0564651, 0.121081)) == ({x4, x5}, (0.0398653, 0.782588, 0.0564651, 0.121081))
({x4, x6}, (0.0665259, 0.00307047, 0.0083765, 0.922027)) == ({x4, x6}, (0.0665259, 0.00307047, 0.0083765, 0.922027))
({x4, x7}, (0.00258213, 0.840796, 0.0606649, 0.095957)) == ({x4, x7}, (0.00258213, 0.840796, 0.0606649, 0.095957))
({x4, x8}, (0.0125941, 0.913853, 0.0659361, 0.0076164)) == ({x4, x8}, (0.0125941, 0.913853, 0.0659361, 0.0076164))
({x4, x9}, (0.0586445, 0.125755, 0.00280691, 0.812794)) == ({x4, x9}, (0.0586445, 0.125755, 0.00280691, 0.812794))
({x5, x6}, (0.0398653, 0.0564651, 0.782588, 0.121081)) == ({x5, x6}, (0.0398653, 0.0564651, 0.782588, 0.121081))
({x5, x7}, (0.745714, 0.115376, 0.0851056, 0.0538046)) == ({x5, x7}, (0.745714, 0.115376, 0.0851056, 0.0538046))
({x5, x8}, (0.782588, 0.121081, 0.0398653, 0.0564651)) == ({x5, x8}, (0.782588, 0.121081, 0.0398653, 0.0564651))
({x5, x9}, (0.0384026, 0.116639, 0.753874, 0.0910845)) == ({x5, x9}, (0.0384026, 0.116639, 0.753874, 0.0910845))
({x6, x7}, (0.00279935, 0.840613, 0.0606517, 0.0959361)) == ({x6, x7}, (0.00279935, 0.840613, 0.0606517, 0.0959361))
({x6, x8}, (0.0125855, 0.913227, 0.065891, 0.00829655)) == ({x6, x8}, (0.0125855, 0.913227, 0.065891, 0.00829655))
({x6, x9}, (0.0586445, 0.125755, 0.00280691, 0.812794)) == ({x6, x9}, (0.0586445, 0.125755, 0.00280691, 0.812794))
({x7, x8}, (0.837091, 0.0955342, 0.00697664, 0.0603976)) == ({x7, x8}, (0.837091, 0.0955342, 0.00697664, 0.0603976))
({x7, x9}, (0.115376, 0.0538046, 0.745714, 0.0851056)) == ({x7, x9}, (0.115376, 0.0538046, 0.745714, 0.0851056))
({x8, x9}, (0.125258, 0.0584128, 0.809582, 0.00674737)) == ({x8, x9}, (0.125258, 0.0584128, 0.809582, 0.00674737))
Exact MAP state (log score = 22.0758):
x0: 0
x1: 1
x2: 0
x3: 1
x4: 1
x5: 0
x6: 1
x7: 0
x8: 0
x9: 1
