Builtin inference algorithms: {BP, EXACT, FBP, JTREE, TRWBP}

Exact variable marginals:
({x0}, (0.967259, 0.032741))
({x1}, (0.919167, 0.0808328))
({x2}, (0.919256, 0.0807439))
({x3}, (0.86319, 0.13681))
({x4}, (0.885548, 0.114452))
({x5}, (0.432505, 0.567495))
({x6}, (0.94853, 0.0514703))
({x7}, (0.0476708, 0.952329))
({x8}, (0.0886336, 0.911366))
({x9}, (0.0774254, 0.922575))
Exact factor marginals:
({x0}, (0.967259, 0.032741))
({x1}, (0.919167, 0.0808328))
({x2}, (0.919256, 0.0807439))
({x3}, (0.86319, 0.13681))
({x4}, (0.885548, 0.114452))
({x5}, (0.432505, 0.567495))
({x6}, (0.94853, 0.0514703))
({x7}, (0.0476708, 0.952329))
({x8}, (0.0886336, 0.911366))
({x9}, (0.0774254, 0.922575))
({x0, x1}, (0.894908, 0.0242596, 0.0723514, 0.00848141))
({x0, x2}, (0.895077, 0.0241794, 0.0721823, 0.00856162))
({x0, x3}, (0.832798, 0.0303914, 0.134461, 0.00234956))
({x0, x4}, (0.880964, 0.00458383, 0.086295, 0.0281571))
({x0, x5}, (0.407581, 0.0249234, 0.559678, 0.00781761))
({x0, x6}, (0.919177, 0.0293532, 0.0480825, 0.00338781))
({x0, x7}, (0.0451426, 0.00252822, 0.922116, 0.0302128))
({x0, x8}, (0.0789321, 0.00970152, 0.888327, 0.0230395))
({x0, x9}, (0.049455, 0.0279705, 0.917804, 0.00477052))
({x1, x2}, (0.844083, 0.0751734, 0.0750845, 0.00565941))
({x1, x3}, (0.806073, 0.0571164, 0.113094, 0.0237164))
({x1, x4}, (0.815021, 0.0705267, 0.104146, 0.0103061))
({x1, x5}, (0.374206, 0.0582983, 0.544961, 0.0225345))
({x1, x6}, (0.885599, 0.0629304, 0.0335679, 0.0179024))
({x1, x7}, (0.0295396, 0.0181312, 0.889628, 0.0627016))
({x1, x8}, (0.051719, 0.0369146, 0.867448, 0.0439182))
({x1, x9}, (0.0639501, 0.0134753, 0.855217, 0.0673575))
({x2, x3}, (0.809757, 0.0534331, 0.109499, 0.0273108))
({x2, x4}, (0.849351, 0.0361964, 0.0699048, 0.0445474))
({x2, x5}, (0.372486, 0.0600183, 0.54677, 0.0207256))
({x2, x6}, (0.876095, 0.0724346, 0.043161, 0.00830931))
({x2, x7}, (0.0397808, 0.00789004, 0.879475, 0.0728538))
({x2, x8}, (0.0862919, 0.00234173, 0.832964, 0.0784021))
({x2, x9}, (0.0685789, 0.0088465, 0.850677, 0.0718974))
({x3, x4}, (0.765201, 0.120347, 0.0979893, 0.0164629))
({x3, x5}, (0.395258, 0.0372464, 0.467932, 0.0995638))
({x3, x6}, (0.843475, 0.105054, 0.0197144, 0.0317559))
({x3, x7}, (0.0202201, 0.0274508, 0.84297, 0.109359))
({x3, x8}, (0.0620526, 0.026581, 0.801137, 0.110229))
({x3, x9}, (0.0680065, 0.00941895, 0.795183, 0.127391))
({x4, x5}, (0.327632, 0.104873, 0.557916, 0.00957956))
({x4, x6}, (0.839769, 0.108761, 0.0457786, 0.00569164))
({x4, x7}, (0.0458798, 0.001791, 0.839668, 0.112661))
({x4, x8}, (0.0796534, 0.0089802, 0.805894, 0.105472))
({x4, x9}, (0.0339149, 0.0435106, 0.851633, 0.0709416))
({x5, x6}, (0.426589, 0.52194, 0.00591517, 0.0455551))
({x5, x7}, (0.00364285, 0.044028, 0.428862, 0.523467))
({x5, x8}, (0.034672, 0.0539616, 0.397833, 0.513534))
({x5, x9}, (0.0490384, 0.028387, 0.383466, 0.539108))
({x6, x7}, (0.0099996, 0.0376712, 0.93853, 0.0137991))
({x6, x8}, (0.0528365, 0.0357971, 0.895693, 0.0156732))
({x6, x9}, (0.0754551, 0.0019703, 0.873075, 0.0495))
({x7, x8}, (0.037915, 0.0507186, 0.00975582, 0.901611))
({x7, x9}, (0.00196556, 0.0754599, 0.0457053, 0.876869))
({x8, x9}, (0.0167206, 0.0607048, 0.071913, 0.850662))
Exact log partition sum: 11.3962
Exact MAP variable marginals:
({x0}, (0.979011, 0.0209887))
({x1}, (0.940327, 0.0596726))
({x2}, (0.946762, 0.0532382))
({x3}, (0.878104, 0.121896))
({x4}, (0.93364, 0.0663596))
({x5}, (0.370297, 0.629703))
({x6}, (0.976268, 0.0237317))
({x7}, (0.0237317, 0.976268))
({x8}, (0.0264, 0.9736))
({x9}, (0.0335986, 0.966401))
Exact MAP factor marginals:
({x0}, (0.979011, 0.0209887)) == ({x0}, (0.979011, 0.0209887))
({x1}, (0.940327, 0.0596726)) == ({x1}, (0.940327, 0.0596726))
({x2}, (0.946762, 0.0532382)) == ({x2}, (0.946762, 0.0532382))
({x3}, (0.878104, 0.121896)) == ({x3}, (0.878104, 0.121896))
({x4}, (0.93364, 0.0663596)) == ({x4}, (0.93364, 0.0663596))
({x5}, (0.370297, 0.629703)) == ({x5}, (0.370297, 0.629703))
({x6}, (0.976268, 0.0237317)) == ({x6}, (0.976268, 0.0237317))
({x7}, (0.0237317, 0.976268)) == ({x7}, (0.0237317, 0.976268))
({x8}, (0.0264, 0.9736)) == ({x8}, (0.0264, 0.9736))
({x9}, (0.0335986, 0.966401)) == ({x9}, (0.0335986, 0.966401))
({x0, x1}, (0.915305, 0.0196229, 0.0580846, 0.00698791)) == ({x0, x1}, (0.915305, 0.0196229, 0.0580846, 0.00698791))
({x0, x2}, (0.91864, 0.0196944, 0.0516568, 0.0100087)) == ({x0, x2}, (0.91864, 0.0196944, 0.0516568, 0.0100087))
({x0, x3}, (0.861239, 0.0184638, 0.119555, 0.000742245)) == ({x0, x3}, (0.861239, 0.0184638, 0.119555, 0.000742245))
({x0, x4}, (0.913688, 0.00178254, 0.0649414, 0.0195883)) == ({x0, x4}, (0.913688, 0.00178254, 0.0649414, 0.0195883))
({x0, x5}, (0.364117, 0.0132747, 0.619192, 0.00341708)) == ({x0, x5}, (0.364117, 0.0132747, 0.619192, 0.00341708))
({x0, x6}, (0.955538, 0.0204855, 0.0232278, 0.000748659)) == ({x0, x6}, (0.955538, 0.0204855, 0.0232278, 0.000748659))
({x0, x7}, (0.0232278, 0.000748659, 0.955538, 0.0204855)) == ({x0, x7}, (0.0232278, 0.000748659, 0.955538, 0.0204855))
({x0, x8}, (0.0256733, 0.00722836, 0.9468, 0.0202982)) == ({x0, x8}, (0.0256733, 0.00722836, 0.9468, 0.0202982))
({x0, x9}, (0.0328124, 0.0202336, 0.943788, 0.00316611)) == ({x0, x9}, (0.0328124, 0.0202336, 0.943788, 0.00316611))
({x1, x2}, (0.891315, 0.0565623, 0.0501203, 0.00200246)) == ({x1, x2}, (0.891315, 0.0565623, 0.0501203, 0.00200246))
({x1, x3}, (0.815271, 0.0517366, 0.113174, 0.0198181)) == ({x1, x3}, (0.815271, 0.0517366, 0.113174, 0.0198181))
({x1, x4}, (0.875526, 0.0555603, 0.062229, 0.00668422)) == ({x1, x4}, (0.875526, 0.0555603, 0.062229, 0.00668422))
({x1, x5}, (0.350904, 0.0378676, 0.596723, 0.0145055)) == ({x1, x5}, (0.350904, 0.0378676, 0.596723, 0.0145055))
({x1, x6}, (0.902893, 0.057297, 0.0178617, 0.0219481)) == ({x1, x6}, (0.902893, 0.057297, 0.0178617, 0.0219481))
({x1, x7}, (0.0178617, 0.0219481, 0.902893, 0.057297)) == ({x1, x7}, (0.0178617, 0.0219481, 0.902893, 0.057297))
({x1, x8}, (0.0243217, 0.0218037, 0.896954, 0.0569201)) == ({x1, x8}, (0.0243217, 0.0218037, 0.896954, 0.0569201))
({x1, x9}, (0.0314386, 0.00690369, 0.904273, 0.0573846)) == ({x1, x9}, (0.0314386, 0.00690369, 0.904273, 0.0573846))
({x2, x3}, (0.824552, 0.0463661, 0.114462, 0.01462)) == ({x2, x3}, (0.824552, 0.0463661, 0.114462, 0.01462))
({x2, x4}, (0.863972, 0.026037, 0.0614078, 0.0485828)) == ({x2, x4}, (0.863972, 0.026037, 0.0614078, 0.0485828))
({x2, x5}, (0.354312, 0.0338808, 0.602519, 0.00928794)) == ({x2, x5}, (0.354312, 0.0338808, 0.602519, 0.00928794))
({x2, x6}, (0.920494, 0.0517611, 0.0223759, 0.0053692)) == ({x2, x6}, (0.920494, 0.0517611, 0.0223759, 0.0053692))
({x2, x7}, (0.0223759, 0.0053692, 0.920494, 0.0517611)) == ({x2, x7}, (0.0223759, 0.0053692, 0.920494, 0.0517611))
({x2, x8}, (0.02499, 0.00158466, 0.921602, 0.0518234)) == ({x2, x8}, (0.02499, 0.00158466, 0.921602, 0.0518234))
({x2, x9}, (0.0315518, 0.00988764, 0.907529, 0.051032)) == ({x2, x9}, (0.0315518, 0.00988764, 0.907529, 0.051032))
({x3, x4}, (0.814581, 0.113078, 0.0578973, 0.0144432)) == ({x3, x4}, (0.814581, 0.113078, 0.0578973, 0.0144432))
({x3, x5}, (0.335181, 0.0157101, 0.569985, 0.0791239)) == ({x3, x5}, (0.335181, 0.0157101, 0.569985, 0.0791239))
({x3, x6}, (0.846506, 0.11751, 0.0154069, 0.0205774)) == ({x3, x6}, (0.846506, 0.11751, 0.0154069, 0.0205774))
({x3, x7}, (0.0154069, 0.0205774, 0.846506, 0.11751)) == ({x3, x7}, (0.0154069, 0.0205774, 0.846506, 0.11751))
({x3, x8}, (0.0227818, 0.0204232, 0.840165, 0.11663)) == ({x3, x8}, (0.0227818, 0.0204232, 0.840165, 0.11663))
({x3, x9}, (0.0294243, 0.00675415, 0.846335, 0.117486)) == ({x3, x9}, (0.0294243, 0.00675415, 0.846335, 0.117486))
({x4, x5}, (0.353259, 0.0426974, 0.600728, 0.00331518)) == ({x4, x5}, (0.353259, 0.0426974, 0.600728, 0.00331518))
({x4, x6}, (0.911068, 0.0647552, 0.0221468, 0.00203011)) == ({x4, x6}, (0.911068, 0.0647552, 0.0221468, 0.00203011))
({x4, x7}, (0.0221754, 0.000741984, 0.912244, 0.0648388)) == ({x4, x7}, (0.0221754, 0.000741984, 0.912244, 0.0648388))
({x4, x8}, (0.0245209, 0.0069039, 0.904301, 0.0642742)) == ({x4, x8}, (0.0245209, 0.0069039, 0.904301, 0.0642742))
({x4, x9}, (0.0306505, 0.0250843, 0.881604, 0.062661)) == ({x4, x9}, (0.0306505, 0.0250843, 0.881604, 0.062661))
({x5, x6}, (0.364211, 0.619353, 0.00138009, 0.0150556)) == ({x5, x6}, (0.364211, 0.619353, 0.00138009, 0.0150556))
({x5, x7}, (0.000907129, 0.0150627, 0.364384, 0.619646)) == ({x5, x7}, (0.000907129, 0.0150627, 0.364384, 0.619646))
({x5, x8}, (0.0143025, 0.0165482, 0.358874, 0.610276)) == ({x5, x8}, (0.0143025, 0.0165482, 0.358874, 0.610276))
({x5, x9}, (0.017231, 0.0210545, 0.35612, 0.605594)) == ({x5, x9}, (0.017231, 0.0210545, 0.35612, 0.605594))
({x6, x7}, (0.00591671, 0.0234169, 0.963317, 0.00734926)) == ({x6, x7}, (0.00591671, 0.0234169, 0.963317, 0.00734926))
({x6, x8}, (0.0256039, 0.0229531, 0.944239, 0.00720371)) == ({x6, x8}, (0.0256039, 0.0229531, 0.944239, 0.00720371))
({x6, x9}, (0.0328095, 0.000546195, 0.943704, 0.0229401)) == ({x6, x9}, (0.0328095, 0.000546195, 0.943704, 0.0229401))
({x7, x8}, (0.0229921, 0.0256474, 0.00551706, 0.945843)) == ({x7, x8}, (0.0229921, 0.0256474, 0.00551706, 0.945843))
({x7, x9}, (0.000513165, 0.0328106, 0.0229409, 0.943735)) == ({x7, x9}, (0.000513165, 0.0328106, 0.0229409, 0.943735))
({x8, x9}, (0.00713828, 0.0325069, 0.0253534, 0.935001)) == ({x8, x9}, (0.00713828, 0.0325069, 0.0253534, 0.935001))
Exact MAP state (log score = 10.4796):
x0: 0
x1: 0
x2: 0
x3: 0
x4: 0
x5: 1
x6: 0
x7: 1
x8: 1
x9: 1
