Builtin inference algorithms: {BP, EXACT, FBP, JTREE, TRWBP}

Exact variable marginals:
({x0}, (0.920247, 0.0797528))
({x1}, (0.673707, 0.326293))
({x2}, (0.681346, 0.318654))
({x3}, (0.201975, 0.798025))
({x4}, (0.725688, 0.274312))
({x5}, (0.618787, 0.381213))
({x6}, (0.553331, 0.446669))
({x7}, (0.0756712, 0.924329))
({x8}, (0.133328, 0.866672))
({x9}, (0.584421, 0.415579))
Exact factor marginals:
({x0}, (0.920247, 0.0797528))
({x1}, (0.673707, 0.326293))
({x2}, (0.681346, 0.318654))
({x3}, (0.201975, 0.798025))
({x4}, (0.725688, 0.274312))
({x5}, (0.618787, 0.381213))
({x6}, (0.553331, 0.446669))
({x7}, (0.0756712, 0.924329))
({x8}, (0.133328, 0.866672))
({x9}, (0.584421, 0.415579))
({x0, x1}, (0.625731, 0.0479767, 0.294517, 0.0317761))
({x0, x2}, (0.647474, 0.0338721, 0.272773, 0.0458807))
({x0, x3}, (0.157887, 0.0440887, 0.762361, 0.0356641))
({x0, x4}, (0.681967, 0.0437209, 0.23828, 0.0360319))
({x0, x5}, (0.575485, 0.043302, 0.344762, 0.0364508))
({x0, x6}, (0.493725, 0.0596051, 0.426522, 0.0201477))
({x0, x7}, (0.0455084, 0.0301628, 0.874739, 0.04959))
({x0, x8}, (0.102301, 0.0310268, 0.817946, 0.048726))
({x0, x9}, (0.523685, 0.0607359, 0.396562, 0.0190169))
({x1, x2}, (0.37377, 0.307576, 0.299937, 0.0187165))
({x1, x3}, (0.184607, 0.0173679, 0.4891, 0.308925))
({x1, x4}, (0.439984, 0.285703, 0.233723, 0.0405895))
({x1, x5}, (0.346669, 0.272118, 0.327038, 0.0541752))
({x1, x6}, (0.427479, 0.125851, 0.246228, 0.200441))
({x1, x7}, (0.0590917, 0.0165795, 0.614616, 0.309713))
({x1, x8}, (0.0971078, 0.0362205, 0.576599, 0.290072))
({x1, x9}, (0.346659, 0.237762, 0.327048, 0.0885311))
({x2, x3}, (0.0442233, 0.157752, 0.637123, 0.160902))
({x2, x4}, (0.564421, 0.161267, 0.116926, 0.157387))
({x2, x5}, (0.478193, 0.140594, 0.203153, 0.17806))
({x2, x6}, (0.319121, 0.23421, 0.362225, 0.0844442))
({x2, x7}, (0.0325684, 0.0431028, 0.648778, 0.275551))
({x2, x8}, (0.0454834, 0.0878448, 0.635863, 0.230809))
({x2, x9}, (0.436956, 0.147465, 0.24439, 0.171189))
({x3, x4}, (0.0990899, 0.626598, 0.102885, 0.171427))
({x3, x5}, (0.116462, 0.502325, 0.0855135, 0.2957))
({x3, x6}, (0.160995, 0.392336, 0.0409807, 0.405689))
({x3, x7}, (0.0370314, 0.0386398, 0.164944, 0.759385))
({x3, x8}, (0.0746765, 0.0586518, 0.127299, 0.739373))
({x3, x9}, (0.115371, 0.46905, 0.0866041, 0.328975))
({x4, x5}, (0.431856, 0.186931, 0.293832, 0.0873811))
({x4, x6}, (0.400834, 0.152497, 0.324854, 0.121815))
({x4, x7}, (0.0324355, 0.0432357, 0.693252, 0.231077))
({x4, x8}, (0.0822907, 0.0510375, 0.643397, 0.223275))
({x4, x9}, (0.447773, 0.136648, 0.277915, 0.137664))
({x5, x6}, (0.3609, 0.192431, 0.257887, 0.188782))
({x5, x7}, (0.0387594, 0.0369118, 0.580028, 0.344301))
({x5, x8}, (0.067512, 0.0658163, 0.551275, 0.315397))
({x5, x9}, (0.35917, 0.225251, 0.259617, 0.155962))
({x6, x7}, (0.0518896, 0.0237816, 0.501441, 0.422888))
({x6, x8}, (0.0753772, 0.0579511, 0.477953, 0.388718))
({x6, x9}, (0.228075, 0.356346, 0.325256, 0.0903236))
({x7, x8}, (0.0307997, 0.102529, 0.0448715, 0.8218))
({x7, x9}, (0.0434825, 0.540938, 0.0321887, 0.38339))
({x8, x9}, (0.0633773, 0.521044, 0.0699509, 0.345628))
Exact log partition sum: 9.82963
Exact MAP variable marginals:
({x0}, (0.943081, 0.0569187))
({x1}, (0.371359, 0.628641))
({x2}, (0.788678, 0.211322))
({x3}, (0.132, 0.868))
({x4}, (0.838243, 0.161757))
({x5}, (0.633439, 0.366561))
({x6}, (0.371359, 0.628641))
({x7}, (0.0227589, 0.977241))
({x8}, (0.0744279, 0.925572))
({x9}, (0.628641, 0.371359))
Exact MAP factor marginals:
({x0}, (0.943081, 0.0569187)) == ({x0}, (0.943081, 0.0569187))
({x1}, (0.371359, 0.628641)) == ({x1}, (0.371359, 0.628641))
({x2}, (0.788678, 0.211322)) == ({x2}, (0.788678, 0.211322))
({x3}, (0.132, 0.868)) == ({x3}, (0.132, 0.868))
({x4}, (0.838243, 0.161757)) == ({x4}, (0.838243, 0.161757))
({x5}, (0.633439, 0.366561)) == ({x5}, (0.633439, 0.366561))
({x6}, (0.371359, 0.628641)) == ({x6}, (0.371359, 0.628641))
({x7}, (0.0227589, 0.977241)) == ({x7}, (0.0227589, 0.977241))
({x8}, (0.0744279, 0.925572)) == ({x8}, (0.0744279, 0.925572))
({x9}, (0.628641, 0.371359)) == ({x9}, (0.628641, 0.371359))
({x0, x1}, (0.352731, 0.0141218, 0.597109, 0.0360379)) == ({x0, x1}, (0.352731, 0.0141218, 0.597109, 0.0360379))
({x0, x2}, (0.739673, 0.0446422, 0.198192, 0.0174935)) == ({x0, x2}, (0.739673, 0.0446422, 0.198192, 0.0174935))
({x0, x3}, (0.123029, 0.0191333, 0.809011, 0.048827)) == ({x0, x3}, (0.123029, 0.0191333, 0.809011, 0.048827))
({x0, x4}, (0.7831, 0.0472633, 0.151116, 0.0185205)) == ({x0, x4}, (0.7831, 0.0472633, 0.151116, 0.0185205))
({x0, x5}, (0.601567, 0.036307, 0.348116, 0.0140099)) == ({x0, x5}, (0.601567, 0.036307, 0.348116, 0.0140099))
({x0, x6}, (0.350386, 0.0357983, 0.593139, 0.0206766)) == ({x0, x6}, (0.350386, 0.0357983, 0.593139, 0.0206766))
({x0, x7}, (0.0177217, 0.0211105, 0.906459, 0.0547085)) == ({x0, x7}, (0.0177217, 0.0211105, 0.906459, 0.0547085))
({x0, x8}, (0.0690799, 0.0200067, 0.859065, 0.051848)) == ({x0, x8}, (0.0690799, 0.0200067, 0.859065, 0.051848))
({x0, x9}, (0.597936, 0.0360879, 0.35322, 0.0127556)) == ({x0, x9}, (0.597936, 0.0360879, 0.35322, 0.0127556))
({x1, x2}, (0.315433, 0.53397, 0.143075, 0.00752174)) == ({x1, x2}, (0.315433, 0.53397, 0.143075, 0.00752174))
({x1, x3}, (0.0861965, 0.0121629, 0.334832, 0.566809)) == ({x1, x3}, (0.0861965, 0.0121629, 0.334832, 0.566809))
({x1, x4}, (0.304077, 0.514746, 0.0993312, 0.0818454)) == ({x1, x4}, (0.304077, 0.514746, 0.0993312, 0.0818454))
({x1, x5}, (0.242771, 0.410966, 0.237819, 0.108444)) == ({x1, x5}, (0.242771, 0.410966, 0.237819, 0.108444))
({x1, x6}, (0.229439, 0.157404, 0.224759, 0.388398)) == ({x1, x6}, (0.229439, 0.157404, 0.224759, 0.388398))
({x1, x7}, (0.0142861, 0.00991559, 0.362371, 0.613427)) == ({x1, x7}, (0.0142861, 0.00991559, 0.362371, 0.613427))
({x1, x8}, (0.0379288, 0.0462934, 0.340082, 0.575696)) == ({x1, x8}, (0.0379288, 0.0462934, 0.340082, 0.575696))
({x1, x9}, (0.224759, 0.388398, 0.229439, 0.157404)) == ({x1, x9}, (0.224759, 0.388398, 0.229439, 0.157404))
({x2, x3}, (0.050694, 0.101664, 0.668517, 0.179126)) == ({x2, x3}, (0.050694, 0.101664, 0.668517, 0.179126))
({x2, x4}, (0.616315, 0.165139, 0.118931, 0.0996153)) == ({x2, x4}, (0.616315, 0.165139, 0.118931, 0.0996153))
({x2, x5}, (0.497944, 0.0804829, 0.288152, 0.133422)) == ({x2, x5}, (0.497944, 0.0804829, 0.288152, 0.133422))
({x2, x6}, (0.297807, 0.13508, 0.504132, 0.062982)) == ({x2, x6}, (0.297807, 0.13508, 0.504132, 0.062982))
({x2, x7}, (0.0133769, 0.0177949, 0.764093, 0.204735)) == ({x2, x7}, (0.0133769, 0.0177949, 0.764093, 0.204735))
({x2, x8}, (0.0568594, 0.0465856, 0.707093, 0.189462)) == ({x2, x8}, (0.0568594, 0.0465856, 0.707093, 0.189462))
({x2, x9}, (0.504132, 0.062982, 0.297807, 0.13508)) == ({x2, x9}, (0.504132, 0.062982, 0.297807, 0.13508))
({x3, x4}, (0.0652561, 0.694954, 0.105684, 0.134106)) == ({x3, x4}, (0.0652561, 0.694954, 0.105684, 0.134106))
({x3, x5}, (0.0833435, 0.548048, 0.0514617, 0.317146)) == ({x3, x5}, (0.0833435, 0.548048, 0.0514617, 0.317146))
({x3, x6}, (0.0856715, 0.332793, 0.0181795, 0.563356)) == ({x3, x6}, (0.0856715, 0.332793, 0.0181795, 0.563356))
({x3, x7}, (0.0195235, 0.0146763, 0.127485, 0.838315)) == ({x3, x7}, (0.0195235, 0.0146763, 0.127485, 0.838315))
({x3, x8}, (0.0507431, 0.0619338, 0.117126, 0.770197)) == ({x3, x8}, (0.0507431, 0.0619338, 0.117126, 0.770197))
({x3, x9}, (0.0541564, 0.542713, 0.0825322, 0.320598)) == ({x3, x9}, (0.0541564, 0.542713, 0.0825322, 0.320598))
({x4, x5}, (0.536048, 0.103442, 0.310202, 0.0503086)) == ({x4, x5}, (0.536048, 0.103442, 0.310202, 0.0503086))
({x4, x6}, (0.301585, 0.0893695, 0.510528, 0.0985172)) == ({x4, x6}, (0.301585, 0.0893695, 0.510528, 0.0985172))
({x4, x7}, (0.0141898, 0.0188763, 0.810526, 0.156408)) == ({x4, x7}, (0.0141898, 0.0188763, 0.810526, 0.156408))
({x4, x8}, (0.0600425, 0.0491936, 0.746677, 0.144087)) == ({x4, x8}, (0.0600425, 0.0491936, 0.746677, 0.144087))
({x4, x9}, (0.510528, 0.0985172, 0.301585, 0.0893695)) == ({x4, x9}, (0.510528, 0.0985172, 0.301585, 0.0893695))
({x5, x6}, (0.23745, 0.127983, 0.40196, 0.232607)) == ({x5, x6}, (0.23745, 0.127983, 0.40196, 0.232607))
({x5, x7}, (0.0120569, 0.0143624, 0.616704, 0.356876)) == ({x5, x7}, (0.0120569, 0.0143624, 0.616704, 0.356876))
({x5, x8}, (0.0466432, 0.0376473, 0.580046, 0.335663)) == ({x5, x8}, (0.0466432, 0.0376473, 0.580046, 0.335663))
({x5, x9}, (0.40196, 0.232607, 0.23745, 0.127983)) == ({x5, x9}, (0.40196, 0.232607, 0.23745, 0.127983))
({x6, x7}, (0.0142743, 0.0107304, 0.362073, 0.612922)) == ({x6, x7}, (0.0142743, 0.0107304, 0.362073, 0.612922))
({x6, x8}, (0.0379288, 0.0462934, 0.340082, 0.575696)) == ({x6, x8}, (0.0379288, 0.0462934, 0.340082, 0.575696))
({x6, x9}, (0.188555, 0.469477, 0.277335, 0.0646336)) == ({x6, x9}, (0.188555, 0.469477, 0.277335, 0.0646336))
({x7, x8}, (0.0207713, 0.0717198, 0.0156143, 0.891895)) == ({x7, x8}, (0.0207713, 0.0717198, 0.0156143, 0.891895))
({x7, x9}, (0.0142409, 0.611489, 0.0130447, 0.361226)) == ({x7, x9}, (0.0142409, 0.611489, 0.0130447, 0.361226))
({x8, x9}, (0.0462934, 0.575696, 0.0379288, 0.340082)) == ({x8, x9}, (0.0462934, 0.575696, 0.0379288, 0.340082))
Exact MAP state (log score = 7.48488):
x0: 0
x1: 1
x2: 0
x3: 1
x4: 0
x5: 0
x6: 1
x7: 1
x8: 1
x9: 0
