Builtin inference algorithms: {BP, EXACT, FBP, JTREE, TRWBP}

Exact variable marginals:
({x0}, (0.786602, 0.213398))
({x1}, (0.824722, 0.175278))
({x2}, (0.827036, 0.172964))
({x3}, (0.224212, 0.775788))
({x4}, (0.222631, 0.777369))
({x5}, (0.166609, 0.833391))
({x6}, (0.824842, 0.175158))
({x7}, (0.836685, 0.163315))
({x8}, (0.377477, 0.622523))
({x9}, (0.229637, 0.770363))
Exact factor marginals:
({x0}, (0.786602, 0.213398))
({x1}, (0.824722, 0.175278))
({x2}, (0.827036, 0.172964))
({x3}, (0.224212, 0.775788))
({x4}, (0.222631, 0.777369))
({x5}, (0.166609, 0.833391))
({x6}, (0.824842, 0.175158))
({x7}, (0.836685, 0.163315))
({x8}, (0.377477, 0.622523))
({x9}, (0.229637, 0.770363))
({x0, x1}, (0.628365, 0.196357, 0.158237, 0.0170412))
({x0, x2}, (0.636579, 0.190458, 0.150023, 0.0229401))
({x0, x3}, (0.0203501, 0.203862, 0.766252, 0.00953586))
({x0, x4}, (0.0183916, 0.204239, 0.768211, 0.00915876))
({x0, x5}, (0.149346, 0.0172629, 0.637257, 0.196135))
({x0, x6}, (0.62739, 0.197451, 0.159212, 0.0159463))
({x0, x7}, (0.646026, 0.190659, 0.140576, 0.0227384))
({x0, x8}, (0.179604, 0.197872, 0.606998, 0.0155255))
({x0, x9}, (0.0255345, 0.204102, 0.761068, 0.0092955))
({x1, x2}, (0.799515, 0.0275212, 0.0252067, 0.147757))
({x1, x3}, (0.203775, 0.0204373, 0.620947, 0.154841))
({x1, x4}, (0.211443, 0.0111878, 0.613279, 0.16409))
({x1, x5}, (0.0210745, 0.145534, 0.803647, 0.0297439))
({x1, x6}, (0.787139, 0.0377026, 0.0375827, 0.137575))
({x1, x7}, (0.802338, 0.0343471, 0.0223838, 0.140931))
({x1, x8}, (0.361952, 0.0155247, 0.46277, 0.159753))
({x1, x9}, (0.214688, 0.0149492, 0.610034, 0.160329))
({x2, x3}, (0.196819, 0.0273934, 0.630218, 0.14557))
({x2, x4}, (0.204121, 0.0185098, 0.622916, 0.154454))
({x2, x5}, (0.0088567, 0.157752, 0.81818, 0.0152116))
({x2, x6}, (0.803039, 0.0218025, 0.0239971, 0.151161))
({x2, x7}, (0.820413, 0.0162724, 0.00662362, 0.156691))
({x2, x8}, (0.369012, 0.008465, 0.458025, 0.164499))
({x2, x9}, (0.213889, 0.0157482, 0.613148, 0.157215))
({x3, x4}, (0.206531, 0.0160995, 0.0176809, 0.759688))
({x3, x5}, (0.0223138, 0.144295, 0.201898, 0.631493))
({x3, x6}, (0.204971, 0.61987, 0.0192406, 0.155918))
({x3, x7}, (0.196366, 0.64032, 0.0278464, 0.135468))
({x3, x8}, (0.201909, 0.175568, 0.0223033, 0.60022))
({x3, x9}, (0.206111, 0.0235254, 0.0181006, 0.752263))
({x4, x5}, (0.0106653, 0.155943, 0.211965, 0.621426))
({x4, x6}, (0.212781, 0.612061, 0.00984996, 0.165308))
({x4, x7}, (0.20614, 0.630545, 0.0164905, 0.146824))
({x4, x8}, (0.205413, 0.172064, 0.0172182, 0.605305))
({x4, x9}, (0.211921, 0.0177156, 0.0107094, 0.759654))
({x5, x6}, (0.0169982, 0.807844, 0.14961, 0.0255477))
({x5, x7}, (0.0124634, 0.824222, 0.154145, 0.00916953))
({x5, x8}, (0.00331796, 0.374159, 0.163291, 0.459233))
({x5, x9}, (0.00940782, 0.220229, 0.157201, 0.613162))
({x6, x7}, (0.807905, 0.0287797, 0.0169364, 0.146378))
({x6, x8}, (0.372552, 0.00492479, 0.45229, 0.170233))
({x6, x9}, (0.221676, 0.0079607, 0.603166, 0.167197))
({x7, x8}, (0.368695, 0.00878149, 0.46799, 0.154533))
({x7, x9}, (0.214958, 0.0146789, 0.621727, 0.148636))
({x8, x9}, (0.22006, 0.00957704, 0.157417, 0.612946))
Exact log partition sum: 14.0661
Exact MAP variable marginals:
({x0}, (0.698097, 0.301903))
({x1}, (0.782371, 0.217629))
({x2}, (0.782371, 0.217629))
({x3}, (0.301903, 0.698097))
({x4}, (0.301903, 0.698097))
({x5}, (0.217629, 0.782371))
({x6}, (0.782371, 0.217629))
({x7}, (0.782371, 0.217629))
({x8}, (0.301903, 0.698097))
({x9}, (0.301903, 0.698097))
Exact MAP factor marginals:
({x0}, (0.698097, 0.301903)) == ({x0}, (0.698097, 0.301903))
({x1}, (0.782371, 0.217629)) == ({x1}, (0.782371, 0.217629))
({x2}, (0.782371, 0.217629)) == ({x2}, (0.782371, 0.217629))
({x3}, (0.301903, 0.698097)) == ({x3}, (0.301903, 0.698097))
({x4}, (0.301903, 0.698097)) == ({x4}, (0.301903, 0.698097))
({x5}, (0.217629, 0.782371)) == ({x5}, (0.217629, 0.782371))
({x6}, (0.782371, 0.217629)) == ({x6}, (0.782371, 0.217629))
({x7}, (0.782371, 0.217629)) == ({x7}, (0.782371, 0.217629))
({x8}, (0.301903, 0.698097)) == ({x8}, (0.301903, 0.698097))
({x9}, (0.301903, 0.698097)) == ({x9}, (0.301903, 0.698097))
({x0, x1}, (0.581544, 0.251498, 0.161765, 0.00519306)) == ({x0, x1}, (0.581544, 0.251498, 0.161765, 0.00519306))
({x0, x2}, (0.581544, 0.251498, 0.161765, 0.00519306)) == ({x0, x2}, (0.581544, 0.251498, 0.161765, 0.00519306))
({x0, x3}, (0.0101648, 0.296562, 0.685747, 0.00752625)) == ({x0, x3}, (0.0101648, 0.296562, 0.685747, 0.00752625))
({x0, x4}, (0.0101926, 0.297374, 0.687624, 0.00480959)) == ({x0, x4}, (0.0101926, 0.297374, 0.687624, 0.00480959))
({x0, x5}, (0.161765, 0.00519306, 0.581544, 0.251498)) == ({x0, x5}, (0.161765, 0.00519306, 0.581544, 0.251498))
({x0, x6}, (0.581544, 0.251498, 0.161765, 0.00519306)) == ({x0, x6}, (0.581544, 0.251498, 0.161765, 0.00519306))
({x0, x7}, (0.581544, 0.251498, 0.161765, 0.00519306)) == ({x0, x7}, (0.581544, 0.251498, 0.161765, 0.00519306))
({x0, x8}, (0.19717, 0.240875, 0.556981, 0.00497372)) == ({x0, x8}, (0.19717, 0.240875, 0.556981, 0.00497372))
({x0, x9}, (0.0163946, 0.29551, 0.683316, 0.00477945)) == ({x0, x9}, (0.0163946, 0.29551, 0.683316, 0.00477945))
({x1, x2}, (0.752585, 0.0228606, 0.0152113, 0.209343)) == ({x1, x2}, (0.752585, 0.0228606, 0.0152113, 0.209343))
({x1, x3}, (0.250862, 0.00770563, 0.580075, 0.161357)) == ({x1, x3}, (0.250862, 0.00770563, 0.580075, 0.161357))
({x1, x4}, (0.251498, 0.00519306, 0.581544, 0.161765)) == ({x1, x4}, (0.251498, 0.00519306, 0.581544, 0.161765))
({x1, x5}, (0.0152113, 0.209343, 0.752585, 0.0228606)) == ({x1, x5}, (0.0152113, 0.209343, 0.752585, 0.0228606))
({x1, x6}, (0.739759, 0.022471, 0.0319947, 0.205775)) == ({x1, x6}, (0.739759, 0.022471, 0.0319947, 0.205775))
({x1, x7}, (0.752585, 0.0228606, 0.0152113, 0.209343)) == ({x1, x7}, (0.752585, 0.0228606, 0.0152113, 0.209343))
({x1, x8}, (0.250726, 0.00824625, 0.579759, 0.161269)) == ({x1, x8}, (0.250726, 0.00824625, 0.579759, 0.161269))
({x1, x9}, (0.251498, 0.00519306, 0.581544, 0.161765)) == ({x1, x9}, (0.251498, 0.00519306, 0.581544, 0.161765))
({x2, x3}, (0.250862, 0.00770563, 0.580075, 0.161357)) == ({x2, x3}, (0.250862, 0.00770563, 0.580075, 0.161357))
({x2, x4}, (0.251498, 0.00519306, 0.581544, 0.161765)) == ({x2, x4}, (0.251498, 0.00519306, 0.581544, 0.161765))
({x2, x5}, (0.00743185, 0.215019, 0.772992, 0.00455703)) == ({x2, x5}, (0.00743185, 0.215019, 0.772992, 0.00455703))
({x2, x6}, (0.749704, 0.00932974, 0.0324248, 0.208542)) == ({x2, x6}, (0.749704, 0.00932974, 0.0324248, 0.208542))
({x2, x7}, (0.772924, 0.00659259, 0.00548251, 0.215001)) == ({x2, x7}, (0.772924, 0.00659259, 0.00548251, 0.215001))
({x2, x8}, (0.251951, 0.00339963, 0.582592, 0.162057)) == ({x2, x8}, (0.251951, 0.00339963, 0.582592, 0.162057))
({x2, x9}, (0.251498, 0.00519306, 0.581544, 0.161765)) == ({x2, x9}, (0.251498, 0.00519306, 0.581544, 0.161765))
({x3, x4}, (0.29663, 0.00835506, 0.00911144, 0.685904)) == ({x3, x4}, (0.29663, 0.00835506, 0.00911144, 0.685904))
({x3, x5}, (0.00770563, 0.161357, 0.250862, 0.580075)) == ({x3, x5}, (0.00770563, 0.161357, 0.250862, 0.580075))
({x3, x6}, (0.250862, 0.580075, 0.00770563, 0.161357)) == ({x3, x6}, (0.250862, 0.580075, 0.00770563, 0.161357))
({x3, x7}, (0.250862, 0.580075, 0.00770563, 0.161357)) == ({x3, x7}, (0.250862, 0.580075, 0.00770563, 0.161357))
({x3, x8}, (0.240292, 0.196693, 0.00738095, 0.555634)) == ({x3, x8}, (0.240292, 0.196693, 0.00738095, 0.555634))
({x3, x9}, (0.294246, 0.0163244, 0.00903822, 0.680392)) == ({x3, x9}, (0.294246, 0.0163244, 0.00903822, 0.680392))
({x4, x5}, (0.00519306, 0.161765, 0.251498, 0.581544)) == ({x4, x5}, (0.00519306, 0.161765, 0.251498, 0.581544))
({x4, x6}, (0.251498, 0.581544, 0.00519306, 0.161765)) == ({x4, x6}, (0.251498, 0.581544, 0.00519306, 0.161765))
({x4, x7}, (0.251498, 0.581544, 0.00519306, 0.161765)) == ({x4, x7}, (0.251498, 0.581544, 0.00519306, 0.161765))
({x4, x8}, (0.24044, 0.196814, 0.00677237, 0.555974)) == ({x4, x8}, (0.24044, 0.196814, 0.00677237, 0.555974))
({x4, x9}, (0.294467, 0.0163367, 0.00829413, 0.680902)) == ({x4, x9}, (0.294467, 0.0163367, 0.00829413, 0.680902))
({x5, x6}, (0.00932974, 0.749704, 0.208542, 0.0324248)) == ({x5, x6}, (0.00932974, 0.749704, 0.208542, 0.0324248))
({x5, x7}, (0.00742498, 0.772277, 0.214821, 0.00547791)) == ({x5, x7}, (0.00742498, 0.772277, 0.214821, 0.00547791))
({x5, x8}, (0.00157162, 0.252413, 0.162354, 0.583661)) == ({x5, x8}, (0.00157162, 0.252413, 0.162354, 0.583661))
({x5, x9}, (0.00519306, 0.251498, 0.161765, 0.581544)) == ({x5, x9}, (0.00519306, 0.251498, 0.161765, 0.581544))
({x6, x7}, (0.749704, 0.0324248, 0.00932974, 0.208542)) == ({x6, x7}, (0.749704, 0.0324248, 0.00932974, 0.208542))
({x6, x8}, (0.252126, 0.00270565, 0.582998, 0.16217)) == ({x6, x8}, (0.252126, 0.00270565, 0.582998, 0.16217))
({x6, x9}, (0.251498, 0.00519306, 0.581544, 0.161765)) == ({x6, x9}, (0.251498, 0.00519306, 0.581544, 0.161765))
({x7, x8}, (0.251767, 0.00412942, 0.582166, 0.161938)) == ({x7, x8}, (0.251767, 0.00412942, 0.582166, 0.161938))
({x7, x9}, (0.251498, 0.00519306, 0.581544, 0.161765)) == ({x7, x9}, (0.251498, 0.00519306, 0.581544, 0.161765))
({x8, x9}, (0.240875, 0.00497372, 0.19717, 0.556981)) == ({x8, x9}, (0.240875, 0.00497372, 0.19717, 0.556981))
Exact MAP state (log score = 13.1716):
x0: 0
x1: 0
x2: 0
x3: 1
x4: 1
x5: 1
x6: 0
x7: 0
x8: 1
x9: 1
