Builtin inference algorithms: {BP, EXACT, FBP, JTREE, TRWBP}

Exact variable marginals:
({x0}, (0.795867, 0.204133))
({x1}, (0.38064, 0.61936))
({x2}, (0.248029, 0.751971))
({x3}, (0.747796, 0.252204))
({x4}, (0.701453, 0.298547))
({x5}, (0.236204, 0.763796))
({x6}, (0.449856, 0.550144))
({x7}, (0.562004, 0.437996))
({x8}, (0.581555, 0.418445))
({x9}, (0.220298, 0.779702))
Exact factor marginals:
({x0}, (0.795867, 0.204133))
({x1}, (0.38064, 0.61936))
({x2}, (0.248029, 0.751971))
({x3}, (0.747796, 0.252204))
({x4}, (0.701453, 0.298547))
({x5}, (0.236204, 0.763796))
({x6}, (0.449856, 0.550144))
({x7}, (0.562004, 0.437996))
({x8}, (0.581555, 0.418445))
({x9}, (0.220298, 0.779702))
({x0, x1}, (0.201259, 0.179382, 0.594609, 0.024751))
({x0, x2}, (0.0803308, 0.167699, 0.715536, 0.0364342))
({x0, x3}, (0.70636, 0.0414356, 0.0895071, 0.162697))
({x0, x4}, (0.617563, 0.08389, 0.178305, 0.120243))
({x0, x5}, (0.0668633, 0.16934, 0.729004, 0.0347925))
({x0, x6}, (0.275293, 0.174564, 0.520575, 0.0295689))
({x0, x7}, (0.526484, 0.03552, 0.269383, 0.168613))
({x0, x8}, (0.506124, 0.0754302, 0.289743, 0.128703))
({x0, x9}, (0.0486311, 0.171667, 0.747236, 0.0324662))
({x1, x2}, (0.191168, 0.0568618, 0.189473, 0.562498))
({x1, x3}, (0.202305, 0.545491, 0.178335, 0.0738688))
({x1, x4}, (0.229841, 0.471611, 0.150799, 0.147748))
({x1, x5}, (0.163186, 0.073017, 0.217454, 0.546342))
({x1, x6}, (0.283654, 0.166203, 0.0969868, 0.453157))
({x1, x7}, (0.19234, 0.369664, 0.188301, 0.249695))
({x1, x8}, (0.240128, 0.341427, 0.140513, 0.277933))
({x1, x9}, (0.16099, 0.0593078, 0.219651, 0.560052))
({x2, x3}, (0.0223933, 0.725403, 0.225636, 0.0265681))
({x2, x4}, (0.13479, 0.566663, 0.11324, 0.185308))
({x2, x5}, (0.210278, 0.0259257, 0.0377515, 0.726045))
({x2, x6}, (0.240988, 0.208868, 0.00704128, 0.543102))
({x2, x7}, (0.0118293, 0.550175, 0.2362, 0.201796))
({x2, x8}, (0.0578136, 0.523741, 0.190216, 0.22823))
({x2, x9}, (0.204203, 0.0160948, 0.0438265, 0.735876))
({x3, x4}, (0.561729, 0.139724, 0.186067, 0.112481))
({x3, x5}, (0.0248798, 0.211324, 0.722916, 0.0408805))
({x3, x6}, (0.205891, 0.243965, 0.541904, 0.00823911))
({x3, x7}, (0.55505, 0.00695398, 0.192746, 0.24525))
({x3, x8}, (0.533182, 0.0483729, 0.214614, 0.203831))
({x3, x9}, (0.0139847, 0.206313, 0.733811, 0.0458913))
({x4, x5}, (0.127151, 0.109053, 0.574302, 0.189495))
({x4, x6}, (0.304376, 0.14548, 0.397077, 0.153067))
({x4, x7}, (0.375993, 0.186011, 0.32546, 0.112536))
({x4, x8}, (0.394116, 0.187439, 0.307337, 0.111109))
({x4, x9}, (0.103297, 0.117001, 0.598156, 0.181546))
({x5, x6}, (0.222103, 0.227753, 0.0141002, 0.536043))
({x5, x7}, (0.00521779, 0.556786, 0.230986, 0.20701))
({x5, x8}, (0.0447381, 0.536817, 0.191465, 0.22698))
({x5, x9}, (0.209386, 0.010912, 0.0268179, 0.752884))
({x6, x7}, (0.148217, 0.413787, 0.30164, 0.136356))
({x6, x8}, (0.22841, 0.353144, 0.221446, 0.196999))
({x6, x9}, (0.216434, 0.00386414, 0.233423, 0.546279))
({x7, x8}, (0.477042, 0.104513, 0.084962, 0.333483))
({x7, x9}, (0.00903376, 0.211264, 0.55297, 0.226732))
({x8, x9}, (0.0511452, 0.169152, 0.530409, 0.249293))
Exact log partition sum: 13.8707
Exact MAP variable marginals:
({x0}, (0.717652, 0.282348))
({x1}, (0.302965, 0.697035))
({x2}, (0.282348, 0.717652))
({x3}, (0.717652, 0.282348))
({x4}, (0.640491, 0.359509))
({x5}, (0.282348, 0.717652))
({x6}, (0.302965, 0.697035))
({x7}, (0.617178, 0.382822))
({x8}, (0.617178, 0.382822))
({x9}, (0.282348, 0.717652))
Exact MAP factor marginals:
({x0}, (0.717652, 0.282348)) == ({x0}, (0.717652, 0.282348))
({x1}, (0.302965, 0.697035)) == ({x1}, (0.302965, 0.697035))
({x2}, (0.282348, 0.717652)) == ({x2}, (0.282348, 0.717652))
({x3}, (0.717652, 0.282348)) == ({x3}, (0.717652, 0.282348))
({x4}, (0.640491, 0.359509)) == ({x4}, (0.640491, 0.359509))
({x5}, (0.282348, 0.717652)) == ({x5}, (0.282348, 0.717652))
({x6}, (0.302965, 0.697035)) == ({x6}, (0.302965, 0.697035))
({x7}, (0.617178, 0.382822)) == ({x7}, (0.617178, 0.382822))
({x8}, (0.617178, 0.382822)) == ({x8}, (0.617178, 0.382822))
({x9}, (0.282348, 0.717652)) == ({x9}, (0.282348, 0.717652))
({x0, x1}, (0.230408, 0.208561, 0.530105, 0.030926)) == ({x0, x1}, (0.230408, 0.208561, 0.530105, 0.030926))
({x0, x2}, (0.0822342, 0.243486, 0.618875, 0.0554043)) == ({x0, x2}, (0.0822342, 0.243486, 0.618875, 0.0554043))
({x0, x3}, (0.618875, 0.0554043, 0.0822342, 0.243486)) == ({x0, x3}, (0.618875, 0.0554043, 0.0822342, 0.243486))
({x0, x4}, (0.443164, 0.133731, 0.248749, 0.174356)) == ({x0, x4}, (0.443164, 0.133731, 0.248749, 0.174356))
({x0, x5}, (0.0822342, 0.243486, 0.618875, 0.0554043)) == ({x0, x5}, (0.0822342, 0.243486, 0.618875, 0.0554043))
({x0, x6}, (0.226661, 0.205169, 0.521484, 0.0466855)) == ({x0, x6}, (0.226661, 0.205169, 0.521484, 0.0466855))
({x0, x7}, (0.475458, 0.042565, 0.294916, 0.187061)) == ({x0, x7}, (0.475458, 0.042565, 0.294916, 0.187061))
({x0, x8}, (0.464539, 0.0645533, 0.288143, 0.182765)) == ({x0, x8}, (0.464539, 0.0645533, 0.288143, 0.182765))
({x0, x9}, (0.0822342, 0.243486, 0.618875, 0.0554043)) == ({x0, x9}, (0.0822342, 0.243486, 0.618875, 0.0554043))
({x1, x2}, (0.200633, 0.0677613, 0.22165, 0.509955)) == ({x1, x2}, (0.200633, 0.0677613, 0.22165, 0.509955))
({x1, x3}, (0.22165, 0.509955, 0.200633, 0.0677613)) == ({x1, x3}, (0.22165, 0.509955, 0.200633, 0.0677613))
({x1, x4}, (0.181908, 0.418518, 0.164659, 0.234915)) == ({x1, x4}, (0.181908, 0.418518, 0.164659, 0.234915))
({x1, x5}, (0.200633, 0.0677613, 0.22165, 0.509955)) == ({x1, x5}, (0.200633, 0.0677613, 0.22165, 0.509955))
({x1, x6}, (0.220041, 0.12115, 0.152558, 0.506251)) == ({x1, x6}, (0.220041, 0.12115, 0.152558, 0.506251))
({x1, x7}, (0.177526, 0.408437, 0.160693, 0.253344)) == ({x1, x7}, (0.177526, 0.408437, 0.160693, 0.253344))
({x1, x8}, (0.177526, 0.408437, 0.160693, 0.253344)) == ({x1, x8}, (0.177526, 0.408437, 0.160693, 0.253344))
({x1, x9}, (0.200633, 0.0677613, 0.22165, 0.509955)) == ({x1, x9}, (0.200633, 0.0677613, 0.22165, 0.509955))
({x2, x3}, (0.0145875, 0.686026, 0.269906, 0.0294802)) == ({x2, x3}, (0.0145875, 0.686026, 0.269906, 0.0294802))
({x2, x4}, (0.133731, 0.443164, 0.174356, 0.248749)) == ({x2, x4}, (0.133731, 0.443164, 0.174356, 0.248749))
({x2, x5}, (0.259497, 0.0352853, 0.0456464, 0.659571)) == ({x2, x5}, (0.259497, 0.0352853, 0.0456464, 0.659571))
({x2, x6}, (0.214197, 0.236635, 0.00473774, 0.54443)) == ({x2, x6}, (0.214197, 0.236635, 0.00473774, 0.54443))
({x2, x7}, (0.0104491, 0.491407, 0.193336, 0.304808)) == ({x2, x7}, (0.0104491, 0.491407, 0.193336, 0.304808))
({x2, x8}, (0.0645533, 0.464539, 0.182765, 0.288143)) == ({x2, x8}, (0.0645533, 0.464539, 0.182765, 0.288143))
({x2, x9}, (0.264628, 0.0162126, 0.0465489, 0.672611)) == ({x2, x9}, (0.264628, 0.0162126, 0.0465489, 0.672611))
({x3, x4}, (0.443164, 0.133731, 0.248749, 0.174356)) == ({x3, x4}, (0.443164, 0.133731, 0.248749, 0.174356))
({x3, x5}, (0.0352853, 0.259497, 0.659571, 0.0456464)) == ({x3, x5}, (0.0352853, 0.259497, 0.659571, 0.0456464))
({x3, x6}, (0.234426, 0.212198, 0.539348, 0.0140274)) == ({x3, x6}, (0.234426, 0.212198, 0.539348, 0.0140274))
({x3, x7}, (0.494425, 0.00437067, 0.306681, 0.194523)) == ({x3, x7}, (0.494425, 0.00437067, 0.306681, 0.194523))
({x3, x8}, (0.464539, 0.0645533, 0.288143, 0.182765)) == ({x3, x8}, (0.464539, 0.0645533, 0.288143, 0.182765))
({x3, x9}, (0.0084662, 0.266711, 0.677907, 0.0469154)) == ({x3, x9}, (0.0084662, 0.266711, 0.677907, 0.0469154))
({x4, x5}, (0.133731, 0.174356, 0.443164, 0.248749)) == ({x4, x5}, (0.133731, 0.174356, 0.443164, 0.248749))
({x4, x6}, (0.181908, 0.164659, 0.418518, 0.234915)) == ({x4, x6}, (0.181908, 0.164659, 0.418518, 0.234915))
({x4, x7}, (0.388347, 0.21798, 0.240883, 0.152789)) == ({x4, x7}, (0.388347, 0.21798, 0.240883, 0.152789))
({x4, x8}, (0.388347, 0.21798, 0.240883, 0.152789)) == ({x4, x8}, (0.388347, 0.21798, 0.240883, 0.152789))
({x4, x9}, (0.133731, 0.174356, 0.443164, 0.248749)) == ({x4, x9}, (0.133731, 0.174356, 0.443164, 0.248749))
({x5, x6}, (0.209098, 0.231001, 0.0284322, 0.531469)) == ({x5, x6}, (0.209098, 0.231001, 0.0284322, 0.531469))
({x5, x7}, (0.00437067, 0.494425, 0.194523, 0.306681)) == ({x5, x7}, (0.00437067, 0.494425, 0.194523, 0.306681))
({x5, x8}, (0.0645533, 0.464539, 0.182765, 0.288143)) == ({x5, x8}, (0.0645533, 0.464539, 0.182765, 0.288143))
({x5, x9}, (0.270504, 0.00516913, 0.0367818, 0.687545)) == ({x5, x9}, (0.270504, 0.00516913, 0.0367818, 0.687545))
({x6, x7}, (0.177526, 0.408437, 0.160693, 0.253344)) == ({x6, x7}, (0.177526, 0.408437, 0.160693, 0.253344))
({x6, x8}, (0.177526, 0.408437, 0.160693, 0.253344)) == ({x6, x8}, (0.177526, 0.408437, 0.160693, 0.253344))
({x6, x9}, (0.214903, 0.00145888, 0.237415, 0.546224)) == ({x6, x9}, (0.214903, 0.00145888, 0.237415, 0.546224))
({x7, x8}, (0.46435, 0.08113, 0.166494, 0.288026)) == ({x7, x8}, (0.46435, 0.08113, 0.166494, 0.288026))
({x7, x9}, (0.00437067, 0.194523, 0.494425, 0.306681)) == ({x7, x9}, (0.00437067, 0.194523, 0.494425, 0.306681))
({x8, x9}, (0.0645533, 0.182765, 0.464539, 0.288143)) == ({x8, x9}, (0.0645533, 0.182765, 0.464539, 0.288143))
Exact MAP state (log score = 11.9852):
x0: 0
x1: 1
x2: 1
x3: 0
x4: 0
x5: 1
x6: 1
x7: 0
x8: 0
x9: 1
