Builtin inference algorithms: {BP, EXACT, FBP, JTREE, TRWBP}

Exact variable marginals:
({x0}, (0.710912, 0.289088))
({x1}, (0.759737, 0.240263))
({x2}, (0.116727, 0.883273))
({x3}, (0.153905, 0.846095))
({x4}, (0.288947, 0.711053))
({x5}, (0.866406, 0.133594))
({x6}, (0.14392, 0.85608))
({x7}, (0.124247, 0.875753))
({x8}, (0.860484, 0.139516))
({x9}, (0.101601, 0.898399))
Exact factor marginals:
({x0}, (0.710912, 0.289088))
({x1}, (0.759737, 0.240263))
({x2}, (0.116727, 0.883273))
({x3}, (0.153905, 0.846095))
({x4}, (0.288947, 0.711053))
({x5}, (0.866406, 0.133594))
({x6}, (0.14392, 0.85608))
({x7}, (0.124247, 0.875753))
({x8}, (0.860484, 0.139516))
({x9}, (0.101601, 0.898399))
({x0, x1}, (0.549587, 0.21015, 0.161325, 0.078938))
({x0, x2}, (0.0044381, 0.112289, 0.706474, 0.176799))
({x0, x3}, (0.0249009, 0.129004, 0.686011, 0.160084))
({x0, x4}, (0.220379, 0.0685679, 0.490533, 0.22052))
({x0, x5}, (0.679479, 0.186927, 0.0314331, 0.102161))
({x0, x6}, (0.0875131, 0.0564068, 0.623399, 0.232681))
({x0, x7}, (0.00609114, 0.118156, 0.704821, 0.170932))
({x0, x8}, (0.688279, 0.172205, 0.0226333, 0.116883))
({x0, x9}, (0.0109599, 0.0906414, 0.699952, 0.198446))
({x1, x2}, (0.045951, 0.0707758, 0.713786, 0.169487))
({x1, x3}, (0.0600388, 0.0938662, 0.699698, 0.146397))
({x1, x4}, (0.100664, 0.188283, 0.659073, 0.0519796))
({x1, x5}, (0.731817, 0.134589, 0.0279198, 0.105674))
({x1, x6}, (0.115808, 0.0281123, 0.643929, 0.212151))
({x1, x7}, (0.0457059, 0.0785414, 0.714031, 0.161722))
({x1, x8}, (0.71343, 0.147054, 0.0463071, 0.0932088))
({x1, x9}, (0.0365231, 0.0650782, 0.723214, 0.175185))
({x2, x3}, (0.108422, 0.0454832, 0.00830506, 0.83779))
({x2, x4}, (0.0583307, 0.230617, 0.0583962, 0.652657))
({x2, x5}, (0.0246517, 0.841754, 0.0920751, 0.0415189))
({x2, x6}, (0.0421479, 0.101772, 0.0745789, 0.781501))
({x2, x7}, (0.111403, 0.012844, 0.00532358, 0.870429))
({x2, x8}, (0.0320764, 0.828408, 0.0846504, 0.0548655))
({x2, x9}, (0.090703, 0.0108983, 0.0260238, 0.872375))
({x3, x4}, (0.0891245, 0.199823, 0.0647805, 0.646272))
({x3, x5}, (0.0492255, 0.81718, 0.104679, 0.0289145))
({x3, x6}, (0.059381, 0.0845389, 0.094524, 0.761556))
({x3, x7}, (0.118438, 0.00580907, 0.0354668, 0.840286))
({x3, x8}, (0.063921, 0.796563, 0.089984, 0.049532))
({x3, x9}, (0.0899593, 0.0116421, 0.0639457, 0.834453))
({x4, x5}, (0.194346, 0.67206, 0.0946016, 0.0389924))
({x4, x6}, (0.0669384, 0.0769816, 0.222009, 0.634071))
({x4, x7}, (0.067684, 0.0565633, 0.221263, 0.654489))
({x4, x8}, (0.207437, 0.653047, 0.0815105, 0.0580055))
({x4, x9}, (0.0580146, 0.0435867, 0.230933, 0.667466))
({x5, x6}, (0.116789, 0.0271311, 0.749617, 0.106463))
({x5, x7}, (0.0247127, 0.0995346, 0.841693, 0.0340594))
({x5, x8}, (0.832311, 0.0281733, 0.0340952, 0.105421))
({x5, x9}, (0.0172281, 0.0843732, 0.849178, 0.0492208))
({x6, x7}, (0.0441238, 0.0801235, 0.0997962, 0.775957))
({x6, x8}, (0.120637, 0.739847, 0.0232825, 0.116233))
({x6, x9}, (0.0275523, 0.0740491, 0.116368, 0.782031))
({x7, x8}, (0.0321904, 0.828294, 0.0920569, 0.047459))
({x7, x9}, (0.0931911, 0.00841031, 0.0310563, 0.867342))
({x8, x9}, (0.0188304, 0.0827709, 0.841654, 0.056745))
Exact log partition sum: 9.63756
Exact MAP variable marginals:
({x0}, (0.775923, 0.224077))
({x1}, (0.838098, 0.161902))
({x2}, (0.0764929, 0.923507))
({x3}, (0.0764929, 0.923507))
({x4}, (0.161902, 0.838098))
({x5}, (0.923507, 0.0764929))
({x6}, (0.0864808, 0.913519))
({x7}, (0.0764929, 0.923507))
({x8}, (0.923507, 0.0764929))
({x9}, (0.0764929, 0.923507))
Exact MAP factor marginals:
({x0}, (0.775923, 0.224077)) == ({x0}, (0.775923, 0.224077))
({x1}, (0.838098, 0.161902)) == ({x1}, (0.838098, 0.161902))
({x2}, (0.0764929, 0.923507)) == ({x2}, (0.0764929, 0.923507))
({x3}, (0.0764929, 0.923507)) == ({x3}, (0.0764929, 0.923507))
({x4}, (0.161902, 0.838098)) == ({x4}, (0.161902, 0.838098))
({x5}, (0.923507, 0.0764929)) == ({x5}, (0.923507, 0.0764929))
({x6}, (0.0864808, 0.913519)) == ({x6}, (0.0864808, 0.913519))
({x7}, (0.0764929, 0.923507)) == ({x7}, (0.0764929, 0.923507))
({x8}, (0.923507, 0.0764929)) == ({x8}, (0.923507, 0.0764929))
({x9}, (0.0764929, 0.923507)) == ({x9}, (0.0764929, 0.923507))
({x0, x1}, (0.639062, 0.184553, 0.123452, 0.0529327)) == ({x0, x1}, (0.639062, 0.184553, 0.123452, 0.0529327))
({x0, x2}, (0.00147337, 0.0602987, 0.727993, 0.210235)) == ({x0, x2}, (0.00147337, 0.0602987, 0.727993, 0.210235))
({x0, x3}, (0.00815235, 0.0598953, 0.723123, 0.208829)) == ({x0, x3}, (0.00815235, 0.0598953, 0.723123, 0.208829))
({x0, x4}, (0.123452, 0.0529327, 0.639062, 0.184553)) == ({x0, x4}, (0.123452, 0.0529327, 0.639062, 0.184553))
({x0, x5}, (0.716556, 0.206932, 0.0171607, 0.0593513)) == ({x0, x5}, (0.716556, 0.206932, 0.0171607, 0.0593513))
({x0, x6}, (0.0672104, 0.0178016, 0.70996, 0.205028)) == ({x0, x6}, (0.0672104, 0.0178016, 0.70996, 0.205028))
({x0, x7}, (0.00147337, 0.0602987, 0.727993, 0.210235)) == ({x0, x7}, (0.00147337, 0.0602987, 0.727993, 0.210235))
({x0, x8}, (0.716556, 0.206932, 0.0171607, 0.0593513)) == ({x0, x8}, (0.716556, 0.206932, 0.0171607, 0.0593513))
({x0, x9}, (0.00634101, 0.0600047, 0.724444, 0.20921)) == ({x0, x9}, (0.00634101, 0.0600047, 0.724444, 0.20921))
({x1, x2}, (0.0155996, 0.0638998, 0.77147, 0.149031)) == ({x1, x2}, (0.0155996, 0.0638998, 0.77147, 0.149031))
({x1, x3}, (0.0155996, 0.0638998, 0.77147, 0.149031)) == ({x1, x3}, (0.0155996, 0.0638998, 0.77147, 0.149031))
({x1, x4}, (0.0935851, 0.138199, 0.7154, 0.0528161)) == ({x1, x4}, (0.0935851, 0.138199, 0.7154, 0.0528161))
({x1, x5}, (0.772426, 0.149215, 0.0143795, 0.063979)) == ({x1, x5}, (0.772426, 0.149215, 0.0143795, 0.063979))
({x1, x6}, (0.0721048, 0.019098, 0.761661, 0.147136)) == ({x1, x6}, (0.0721048, 0.019098, 0.761661, 0.147136))
({x1, x7}, (0.0155996, 0.0638998, 0.77147, 0.149031)) == ({x1, x7}, (0.0155996, 0.0638998, 0.77147, 0.149031))
({x1, x8}, (0.755197, 0.145887, 0.0363636, 0.062552)) == ({x1, x8}, (0.755197, 0.145887, 0.0363636, 0.062552))
({x1, x9}, (0.0143795, 0.063979, 0.772426, 0.149215)) == ({x1, x9}, (0.0143795, 0.063979, 0.772426, 0.149215))
({x2, x3}, (0.0752165, 0.0128326, 0.00385318, 0.908098)) == ({x2, x3}, (0.0752165, 0.0128326, 0.00385318, 0.908098))
({x2, x4}, (0.0634445, 0.147969, 0.0226146, 0.765972)) == ({x2, x4}, (0.0634445, 0.147969, 0.0226146, 0.765972))
({x2, x5}, (0.0179421, 0.887313, 0.0734949, 0.0212502)) == ({x2, x5}, (0.0179421, 0.887313, 0.0734949, 0.0212502))
({x2, x6}, (0.0208504, 0.0787212, 0.0688764, 0.831552)) == ({x2, x6}, (0.0208504, 0.0787212, 0.0688764, 0.831552))
({x2, x7}, (0.0756133, 0.00762562, 0.00387351, 0.912888)) == ({x2, x7}, (0.0756133, 0.00762562, 0.00387351, 0.912888))
({x2, x8}, (0.0175649, 0.868658, 0.0719498, 0.0418269)) == ({x2, x8}, (0.0175649, 0.868658, 0.0719498, 0.0418269))
({x2, x9}, (0.0744995, 0.00787274, 0.0181873, 0.899441)) == ({x2, x9}, (0.0744995, 0.00787274, 0.0181873, 0.899441))
({x3, x4}, (0.0634445, 0.147969, 0.0226146, 0.765972)) == ({x3, x4}, (0.0634445, 0.147969, 0.0226146, 0.765972))
({x3, x5}, (0.0179421, 0.887313, 0.0734949, 0.0212502)) == ({x3, x5}, (0.0179421, 0.887313, 0.0734949, 0.0212502))
({x3, x6}, (0.0208504, 0.0787212, 0.0688764, 0.831552)) == ({x3, x6}, (0.0208504, 0.0787212, 0.0688764, 0.831552))
({x3, x7}, (0.0752522, 0.00338118, 0.0128387, 0.908528)) == ({x3, x7}, (0.0752522, 0.00338118, 0.0128387, 0.908528))
({x3, x8}, (0.0175649, 0.868658, 0.0719498, 0.0418269)) == ({x3, x8}, (0.0175649, 0.868658, 0.0719498, 0.0418269))
({x3, x9}, (0.0744995, 0.00787274, 0.0181873, 0.899441)) == ({x3, x9}, (0.0744995, 0.00787274, 0.0181873, 0.899441))
({x4, x5}, (0.147969, 0.765972, 0.0634445, 0.0226146)) == ({x4, x5}, (0.147969, 0.765972, 0.0634445, 0.0226146))
({x4, x6}, (0.0533621, 0.0695861, 0.141996, 0.735056)) == ({x4, x6}, (0.0533621, 0.0695861, 0.141996, 0.735056))
({x4, x7}, (0.0634445, 0.0226146, 0.147969, 0.765972)) == ({x4, x7}, (0.0634445, 0.0226146, 0.147969, 0.765972))
({x4, x8}, (0.145887, 0.755197, 0.062552, 0.0363636)) == ({x4, x8}, (0.145887, 0.755197, 0.062552, 0.0363636))
({x4, x9}, (0.0634445, 0.0226146, 0.147969, 0.765972)) == ({x4, x9}, (0.0634445, 0.0226146, 0.147969, 0.765972))
({x5, x6}, (0.0787212, 0.0208504, 0.831552, 0.0688764)) == ({x5, x6}, (0.0787212, 0.0208504, 0.831552, 0.0688764))
({x5, x7}, (0.0179421, 0.0734949, 0.887313, 0.0212502)) == ({x5, x7}, (0.0179421, 0.0734949, 0.887313, 0.0212502))
({x5, x8}, (0.867833, 0.018498, 0.0417871, 0.0718815)) == ({x5, x8}, (0.867833, 0.018498, 0.0417871, 0.0718815))
({x5, x9}, (0.011635, 0.0739669, 0.893011, 0.0213867)) == ({x5, x9}, (0.011635, 0.0739669, 0.893011, 0.0213867))
({x6, x7}, (0.0208504, 0.0688764, 0.0787212, 0.831552)) == ({x6, x7}, (0.0208504, 0.0688764, 0.0787212, 0.831552))
({x6, x8}, (0.0787212, 0.831552, 0.0208504, 0.0688764)) == ({x6, x8}, (0.0787212, 0.831552, 0.0208504, 0.0688764))
({x6, x9}, (0.0208504, 0.0688764, 0.0787212, 0.831552)) == ({x6, x9}, (0.0208504, 0.0688764, 0.0787212, 0.831552))
({x7, x8}, (0.0175649, 0.868658, 0.0719498, 0.0418269)) == ({x7, x8}, (0.0175649, 0.868658, 0.0719498, 0.0418269))
({x7, x9}, (0.0744995, 0.00787274, 0.0181873, 0.899441)) == ({x7, x9}, (0.0744995, 0.00787274, 0.0181873, 0.899441))
({x8, x9}, (0.0113889, 0.0724021, 0.874119, 0.0420898)) == ({x8, x9}, (0.0113889, 0.0724021, 0.874119, 0.0420898))
Exact MAP state (log score = 8.74735):
x0: 0
x1: 0
x2: 1
x3: 1
x4: 1
x5: 0
x6: 1
x7: 1
x8: 0
x9: 1
