Builtin inference algorithms: {BP, EXACT, FBP, JTREE, TRWBP}

Exact variable marginals:
({x0}, (0.475495, 0.524505))
({x1}, (0.236183, 0.763817))
({x2}, (0.190282, 0.809718))
({x3}, (0.852418, 0.147582))
({x4}, (0.149559, 0.850441))
({x5}, (0.296582, 0.703418))
({x6}, (0.740825, 0.259175))
({x7}, (0.879979, 0.120021))
({x8}, (0.521029, 0.478971))
({x9}, (0.216374, 0.783626))
Exact factor marginals:
({x0}, (0.475495, 0.524505))
({x1}, (0.236183, 0.763817))
({x2}, (0.190282, 0.809718))
({x3}, (0.852418, 0.147582))
({x4}, (0.149559, 0.850441))
({x5}, (0.296582, 0.703418))
({x6}, (0.740825, 0.259175))
({x7}, (0.879979, 0.120021))
({x8}, (0.521029, 0.478971))
({x9}, (0.216374, 0.783626))
({x0, x1}, (0.0357046, 0.200479, 0.439791, 0.324026))
({x0, x2}, (0.155777, 0.0345042, 0.319718, 0.49))
({x0, x3}, (0.342181, 0.510237, 0.133314, 0.0142678))
({x0, x4}, (0.109502, 0.0400569, 0.365994, 0.484448))
({x0, x5}, (0.272498, 0.0240834, 0.202997, 0.500421))
({x0, x6}, (0.425909, 0.314915, 0.0495862, 0.209589))
({x0, x7}, (0.368914, 0.511065, 0.106582, 0.013439))
({x0, x8}, (0.393431, 0.127598, 0.0820644, 0.396906))
({x0, x9}, (0.149152, 0.0672213, 0.326343, 0.457283))
({x1, x2}, (0.0423009, 0.147981, 0.193883, 0.615836))
({x1, x3}, (0.21214, 0.640278, 0.0240435, 0.123539))
({x1, x4}, (0.0251241, 0.124434, 0.211059, 0.639382))
({x1, x5}, (0.0324007, 0.264181, 0.203783, 0.499636))
({x1, x6}, (0.0325396, 0.708285, 0.203644, 0.0555316))
({x1, x7}, (0.194353, 0.685627, 0.0418309, 0.0781899))
({x1, x8}, (0.0179567, 0.503072, 0.218227, 0.260744))
({x1, x9}, (0.0730532, 0.14332, 0.16313, 0.620496))
({x2, x3}, (0.111292, 0.741126, 0.0789894, 0.0685927))
({x2, x4}, (0.112307, 0.0372512, 0.0779742, 0.772467))
({x2, x5}, (0.0808467, 0.215735, 0.109435, 0.593984))
({x2, x6}, (0.153978, 0.586846, 0.0363031, 0.222872))
({x2, x7}, (0.125461, 0.754518, 0.0648203, 0.0552005))
({x2, x8}, (0.161628, 0.359401, 0.0286538, 0.450317))
({x2, x9}, (0.0241788, 0.192195, 0.166103, 0.617524))
({x3, x4}, (0.0774259, 0.0721326, 0.774992, 0.0754494))
({x3, x5}, (0.192328, 0.104254, 0.66009, 0.0433282))
({x3, x6}, (0.613228, 0.127597, 0.23919, 0.0199853))
({x3, x7}, (0.823688, 0.0562916, 0.0287304, 0.0912905))
({x3, x8}, (0.416217, 0.104812, 0.436201, 0.0427695))
({x3, x9}, (0.135535, 0.0808388, 0.716883, 0.0667432))
({x4, x5}, (0.100113, 0.196468, 0.0494452, 0.653973))
({x4, x6}, (0.126734, 0.61409, 0.022824, 0.236351))
({x4, x7}, (0.101164, 0.778816, 0.048395, 0.0716258))
({x4, x8}, (0.138298, 0.382731, 0.0112603, 0.467711))
({x4, x9}, (0.015442, 0.200932, 0.134116, 0.64951))
({x5, x6}, (0.24679, 0.494035, 0.0497915, 0.209384))
({x5, x7}, (0.198878, 0.681101, 0.0977035, 0.0223173))
({x5, x8}, (0.242634, 0.278395, 0.0539477, 0.425023))
({x5, x9}, (0.133863, 0.0825106, 0.162719, 0.620908))
({x6, x7}, (0.657731, 0.222248, 0.0830933, 0.0369275))
({x6, x8}, (0.504419, 0.0166105, 0.236406, 0.242565))
({x6, x9}, (0.113631, 0.102743, 0.627194, 0.156433))
({x7, x8}, (0.442694, 0.0783355, 0.437286, 0.0416853))
({x7, x9}, (0.139262, 0.0771112, 0.740717, 0.0429097))
({x8, x9}, (0.0837926, 0.132581, 0.437237, 0.34639))
Exact log partition sum: 17.1002
Exact MAP variable marginals:
({x0}, (0.362975, 0.637025))
({x1}, (0.401245, 0.598755))
({x2}, (0.212964, 0.787036))
({x3}, (0.872907, 0.127093))
({x4}, (0.127093, 0.872907))
({x5}, (0.301348, 0.698652))
({x6}, (0.598755, 0.401245))
({x7}, (0.872907, 0.127093))
({x8}, (0.362975, 0.637025))
({x9}, (0.181208, 0.818792))
Exact MAP factor marginals:
({x0}, (0.362975, 0.637025)) == ({x0}, (0.362975, 0.637025))
({x1}, (0.401245, 0.598755)) == ({x1}, (0.401245, 0.598755))
({x2}, (0.212964, 0.787036)) == ({x2}, (0.212964, 0.787036))
({x3}, (0.872907, 0.127093)) == ({x3}, (0.872907, 0.127093))
({x4}, (0.127093, 0.872907)) == ({x4}, (0.127093, 0.872907))
({x5}, (0.301348, 0.698652)) == ({x5}, (0.301348, 0.698652))
({x6}, (0.598755, 0.401245)) == ({x6}, (0.598755, 0.401245))
({x7}, (0.872907, 0.127093)) == ({x7}, (0.872907, 0.127093))
({x8}, (0.362975, 0.637025)) == ({x8}, (0.362975, 0.637025))
({x9}, (0.181208, 0.818792)) == ({x9}, (0.181208, 0.818792))
({x0, x1}, (0.0152019, 0.294628, 0.250515, 0.439656)) == ({x0, x1}, (0.0152019, 0.294628, 0.250515, 0.439656))
({x0, x2}, (0.143505, 0.0239644, 0.302188, 0.530343)) == ({x0, x2}, (0.143505, 0.0239644, 0.302188, 0.530343))
({x0, x3}, (0.329165, 0.577687, 0.0841095, 0.00903831)) == ({x0, x3}, (0.329165, 0.577687, 0.0841095, 0.00903831))
({x0, x4}, (0.0823912, 0.0292827, 0.32244, 0.565886)) == ({x0, x4}, (0.0823912, 0.0292827, 0.32244, 0.565886))
({x0, x5}, (0.21011, 0.0252069, 0.277561, 0.487122)) == ({x0, x5}, (0.21011, 0.0252069, 0.277561, 0.487122))
({x0, x6}, (0.246804, 0.433144, 0.0297883, 0.290264)) == ({x0, x6}, (0.246804, 0.433144, 0.0297883, 0.290264))
({x0, x7}, (0.328813, 0.57707, 0.0840196, 0.0100975)) == ({x0, x7}, (0.328813, 0.57707, 0.0840196, 0.0100975))
({x0, x8}, (0.258326, 0.254058, 0.0342507, 0.453365)) == ({x0, x8}, (0.258326, 0.254058, 0.0342507, 0.453365))
({x0, x9}, (0.0990113, 0.111327, 0.286628, 0.503034)) == ({x0, x9}, (0.0990113, 0.111327, 0.286628, 0.503034))
({x1, x2}, (0.0227536, 0.136255, 0.337444, 0.503548)) == ({x1, x2}, (0.0227536, 0.136255, 0.337444, 0.503548))
({x1, x3}, (0.364367, 0.543723, 0.0127461, 0.0791644)) == ({x1, x3}, (0.364367, 0.543723, 0.0127461, 0.0791644))
({x1, x4}, (0.0188052, 0.0786785, 0.36213, 0.540386)) == ({x1, x4}, (0.0188052, 0.0786785, 0.36213, 0.540386))
({x1, x5}, (0.0161874, 0.201929, 0.313727, 0.468156)) == ({x1, x5}, (0.0161874, 0.201929, 0.313727, 0.468156))
({x1, x6}, (0.0644023, 0.525243, 0.351983, 0.0583722)) == ({x1, x6}, (0.0644023, 0.525243, 0.351983, 0.0583722))
({x1, x7}, (0.362174, 0.540451, 0.0186871, 0.078688)) == ({x1, x7}, (0.362174, 0.540451, 0.0186871, 0.078688))
({x1, x8}, (0.00805482, 0.252333, 0.296766, 0.442846)) == ({x1, x8}, (0.00805482, 0.252333, 0.296766, 0.442846))
({x1, x9}, (0.105978, 0.0942541, 0.320903, 0.478865)) == ({x1, x9}, (0.105978, 0.0942541, 0.320903, 0.478865))
({x2, x3}, (0.175979, 0.650355, 0.0946896, 0.0789766)) == ({x2, x3}, (0.175979, 0.650355, 0.0946896, 0.0789766))
({x2, x4}, (0.0975455, 0.0511984, 0.181287, 0.66997)) == ({x2, x4}, (0.0975455, 0.0511984, 0.181287, 0.66997))
({x2, x5}, (0.0788069, 0.233464, 0.146461, 0.541268)) == ({x2, x5}, (0.0788069, 0.233464, 0.146461, 0.541268))
({x2, x6}, (0.136255, 0.503548, 0.0227536, 0.337444)) == ({x2, x6}, (0.136255, 0.503548, 0.0227536, 0.337444))
({x2, x7}, (0.175979, 0.650355, 0.0946896, 0.0789766)) == ({x2, x7}, (0.175979, 0.650355, 0.0946896, 0.0789766))
({x2, x8}, (0.143505, 0.302188, 0.0239644, 0.530343)) == ({x2, x8}, (0.143505, 0.302188, 0.0239644, 0.530343))
({x2, x9}, (0.0289903, 0.144041, 0.176114, 0.650854)) == ({x2, x9}, (0.0289903, 0.144041, 0.176114, 0.650854))
({x3, x4}, (0.0724425, 0.106587, 0.732071, 0.0888998)) == ({x3, x4}, (0.0724425, 0.106587, 0.732071, 0.0888998))
({x3, x5}, (0.263464, 0.0889335, 0.61082, 0.0367825)) == ({x3, x5}, (0.263464, 0.0889335, 0.61082, 0.0367825))
({x3, x6}, (0.543723, 0.0791644, 0.364367, 0.0127461)) == ({x3, x6}, (0.543723, 0.0791644, 0.364367, 0.0127461))
({x3, x7}, (0.80417, 0.0509395, 0.0278057, 0.117085)) == ({x3, x7}, (0.80417, 0.0509395, 0.0278057, 0.117085))
({x3, x8}, (0.323954, 0.082778, 0.568543, 0.0247249)) == ({x3, x8}, (0.323954, 0.082778, 0.568543, 0.0247249))
({x3, x9}, (0.148696, 0.0815914, 0.671888, 0.0978247)) == ({x3, x9}, (0.148696, 0.0815914, 0.671888, 0.0978247))
({x4, x5}, (0.0889335, 0.263464, 0.0367825, 0.61082)) == ({x4, x5}, (0.0889335, 0.263464, 0.0367825, 0.61082))
({x4, x6}, (0.0786785, 0.540386, 0.0188052, 0.36213)) == ({x4, x6}, (0.0786785, 0.540386, 0.0188052, 0.36213))
({x4, x7}, (0.0724425, 0.732071, 0.106587, 0.0888998)) == ({x4, x7}, (0.0724425, 0.732071, 0.106587, 0.0888998))
({x4, x8}, (0.083189, 0.325563, 0.0198833, 0.571365)) == ({x4, x8}, (0.083189, 0.325563, 0.0198833, 0.571365))
({x4, x9}, (0.0315576, 0.156797, 0.103154, 0.708491)) == ({x4, x9}, (0.0315576, 0.156797, 0.103154, 0.708491))
({x5, x6}, (0.198748, 0.46078, 0.0316889, 0.308784)) == ({x5, x6}, (0.198748, 0.46078, 0.0316889, 0.308784))
({x5, x7}, (0.270523, 0.627186, 0.0913163, 0.0109744)) == ({x5, x7}, (0.270523, 0.627186, 0.0913163, 0.0109744))
({x5, x8}, (0.208382, 0.275278, 0.033225, 0.483115)) == ({x5, x8}, (0.208382, 0.275278, 0.033225, 0.483115))
({x5, x9}, (0.106424, 0.119662, 0.233218, 0.540696)) == ({x5, x9}, (0.106424, 0.119662, 0.233218, 0.540696))
({x6, x7}, (0.540451, 0.362174, 0.078688, 0.0186871)) == ({x6, x7}, (0.540451, 0.362174, 0.078688, 0.0186871))
({x6, x8}, (0.252746, 0.0064301, 0.443572, 0.297252)) == ({x6, x8}, (0.252746, 0.0064301, 0.443572, 0.297252))
({x6, x9}, (0.0942541, 0.105978, 0.478865, 0.320903)) == ({x6, x9}, (0.0942541, 0.105978, 0.478865, 0.320903))
({x7, x8}, (0.323954, 0.082778, 0.568543, 0.0247249)) == ({x7, x8}, (0.323954, 0.082778, 0.568543, 0.0247249))
({x7, x9}, (0.148696, 0.0815914, 0.671888, 0.0978247)) == ({x7, x9}, (0.148696, 0.0815914, 0.671888, 0.0978247))
({x8, x9}, (0.0990113, 0.111327, 0.286628, 0.503034)) == ({x8, x9}, (0.0990113, 0.111327, 0.286628, 0.503034))
Exact MAP state (log score = 15.274):
x0: 1
x1: 1
x2: 1
x3: 0
x4: 1
x5: 1
x6: 0
x7: 0
x8: 1
x9: 1
