Builtin inference algorithms: {BP, EXACT, FBP, JTREE, TRWBP}

Exact variable marginals:
({x0}, (0.51307, 0.48693))
({x1}, (0.609724, 0.390276))
({x2}, (0.384069, 0.615931))
({x3}, (0.623679, 0.376321))
({x4}, (0.73198, 0.26802))
({x5}, (0.265164, 0.734836))
({x6}, (0.578446, 0.421554))
({x7}, (0.737788, 0.262212))
({x8}, (0.571577, 0.428423))
({x9}, (0.386544, 0.613456))
Exact factor marginals:
({x0}, (0.51307, 0.48693))
({x1}, (0.609724, 0.390276))
({x2}, (0.384069, 0.615931))
({x3}, (0.623679, 0.376321))
({x4}, (0.73198, 0.26802))
({x5}, (0.265164, 0.734836))
({x6}, (0.578446, 0.421554))
({x7}, (0.737788, 0.262212))
({x8}, (0.571577, 0.428423))
({x9}, (0.386544, 0.613456))
({x0, x1}, (0.471243, 0.138481, 0.041827, 0.348449))
({x0, x2}, (0.289024, 0.0950453, 0.224047, 0.391884))
({x0, x3}, (0.487039, 0.13664, 0.0260314, 0.350289))
({x0, x4}, (0.450102, 0.281878, 0.0629687, 0.205051))
({x0, x5}, (0.218583, 0.0465803, 0.294487, 0.440349))
({x0, x6}, (0.282129, 0.296317, 0.230941, 0.190613))
({x0, x7}, (0.502892, 0.234896, 0.0101786, 0.252034))
({x0, x8}, (0.341621, 0.229956, 0.171449, 0.256974))
({x0, x9}, (0.125406, 0.261138, 0.387664, 0.225792))
({x1, x2}, (0.26738, 0.116689, 0.342344, 0.273587))
({x1, x3}, (0.517612, 0.106067, 0.0921119, 0.284209))
({x1, x4}, (0.577193, 0.154787, 0.0325311, 0.235489))
({x1, x5}, (0.198488, 0.0666753, 0.411236, 0.323601))
({x1, x6}, (0.397791, 0.180655, 0.211933, 0.209621))
({x1, x7}, (0.532426, 0.205362, 0.077298, 0.184914))
({x1, x8}, (0.34018, 0.231397, 0.269544, 0.158879))
({x1, x9}, (0.217647, 0.168898, 0.392077, 0.221378))
({x2, x3}, (0.327092, 0.296588, 0.0569772, 0.319344))
({x2, x4}, (0.246597, 0.485383, 0.137472, 0.130548))
({x2, x5}, (0.237253, 0.0279103, 0.146815, 0.588021))
({x2, x6}, (0.0932255, 0.48522, 0.290843, 0.130711))
({x2, x7}, (0.343083, 0.394704, 0.0409858, 0.221227))
({x2, x8}, (0.375243, 0.196334, 0.00882577, 0.419597))
({x2, x9}, (0.0166955, 0.369849, 0.367373, 0.246082))
({x3, x4}, (0.536292, 0.195688, 0.0873875, 0.180633))
({x3, x5}, (0.229726, 0.0354382, 0.393954, 0.340883))
({x3, x6}, (0.321159, 0.257287, 0.302521, 0.119033))
({x3, x7}, (0.610746, 0.127042, 0.0129337, 0.249279))
({x3, x8}, (0.444173, 0.127404, 0.179506, 0.248917))
({x3, x9}, (0.142759, 0.243785, 0.48092, 0.132536))
({x4, x5}, (0.185826, 0.0793382, 0.546154, 0.188682))
({x4, x6}, (0.504916, 0.0735296, 0.227064, 0.19449))
({x4, x7}, (0.585835, 0.151953, 0.146145, 0.116067))
({x4, x8}, (0.367268, 0.204309, 0.364712, 0.0637106))
({x4, x9}, (0.323041, 0.0635027, 0.408938, 0.204517))
({x5, x6}, (0.0472616, 0.531184, 0.217902, 0.203652))
({x5, x7}, (0.225262, 0.512525, 0.0399014, 0.222311))
({x5, x8}, (0.247649, 0.323928, 0.0175145, 0.410908))
({x5, x9}, (0.0253848, 0.361159, 0.239779, 0.373677))
({x6, x7}, (0.384631, 0.353157, 0.193815, 0.0683973))
({x6, x8}, (0.155596, 0.415981, 0.42285, 0.00557268))
({x6, x9}, (0.37987, 0.00667384, 0.198576, 0.41488))
({x7, x8}, (0.506652, 0.0649246, 0.231135, 0.197288))
({x7, x9}, (0.195442, 0.191102, 0.542346, 0.07111))
({x8, x9}, (0.0268881, 0.359656, 0.544689, 0.0687668))
Exact log partition sum: 5.35765
Exact MAP variable marginals:
({x0}, (0.650579, 0.349421))
({x1}, (0.650579, 0.349421))
({x2}, (0.585259, 0.414741))
({x3}, (0.650579, 0.349421))
({x4}, (0.723819, 0.276181))
({x5}, (0.585259, 0.414741))
({x6}, (0.414741, 0.585259))
({x7}, (0.650579, 0.349421))
({x8}, (0.585259, 0.414741))
({x9}, (0.414741, 0.585259))
Exact MAP factor marginals:
({x0}, (0.650579, 0.349421)) == ({x0}, (0.650579, 0.349421))
({x1}, (0.650579, 0.349421)) == ({x1}, (0.650579, 0.349421))
({x2}, (0.585259, 0.414741)) == ({x2}, (0.585259, 0.414741))
({x3}, (0.650579, 0.349421)) == ({x3}, (0.650579, 0.349421))
({x4}, (0.723819, 0.276181)) == ({x4}, (0.723819, 0.276181))
({x5}, (0.585259, 0.414741)) == ({x5}, (0.585259, 0.414741))
({x6}, (0.414741, 0.585259)) == ({x6}, (0.414741, 0.585259))
({x7}, (0.650579, 0.349421)) == ({x7}, (0.650579, 0.349421))
({x8}, (0.585259, 0.414741)) == ({x8}, (0.585259, 0.414741))
({x9}, (0.414741, 0.585259)) == ({x9}, (0.414741, 0.585259))
({x0, x1}, (0.462975, 0.213693, 0.0746721, 0.24866)) == ({x0, x1}, (0.462975, 0.213693, 0.0746721, 0.24866))
({x0, x2}, (0.415569, 0.0667423, 0.294491, 0.223199)) == ({x0, x2}, (0.415569, 0.0667423, 0.294491, 0.223199))
({x0, x3}, (0.549619, 0.107844, 0.0473413, 0.295196)) == ({x0, x3}, (0.549619, 0.107844, 0.0473413, 0.295196))
({x0, x4}, (0.480783, 0.258225, 0.0775444, 0.183448)) == ({x0, x4}, (0.480783, 0.258225, 0.0775444, 0.183448))
({x0, x5}, (0.415569, 0.0667423, 0.294491, 0.223199)) == ({x0, x5}, (0.415569, 0.0667423, 0.294491, 0.223199))
({x0, x6}, (0.282857, 0.214381, 0.399151, 0.103611)) == ({x0, x6}, (0.282857, 0.214381, 0.399151, 0.103611))
({x0, x7}, (0.550256, 0.142834, 0.0113719, 0.295538)) == ({x0, x7}, (0.550256, 0.142834, 0.0113719, 0.295538))
({x0, x8}, (0.399151, 0.103611, 0.282857, 0.214381)) == ({x0, x8}, (0.399151, 0.103611, 0.282857, 0.214381))
({x0, x9}, (0.282857, 0.214381, 0.399151, 0.103611)) == ({x0, x9}, (0.282857, 0.214381, 0.399151, 0.103611))
({x1, x2}, (0.415451, 0.0670071, 0.294407, 0.223135)) == ({x1, x2}, (0.415451, 0.0670071, 0.294407, 0.223135))
({x1, x3}, (0.455607, 0.0893973, 0.210293, 0.244703)) == ({x1, x3}, (0.455607, 0.0893973, 0.210293, 0.244703))
({x1, x4}, (0.481364, 0.258537, 0.0764301, 0.183669)) == ({x1, x4}, (0.481364, 0.258537, 0.0764301, 0.183669))
({x1, x5}, (0.415451, 0.0670071, 0.294407, 0.223135)) == ({x1, x5}, (0.415451, 0.0670071, 0.294407, 0.223135))
({x1, x6}, (0.282857, 0.214381, 0.399151, 0.103611)) == ({x1, x6}, (0.282857, 0.214381, 0.399151, 0.103611))
({x1, x7}, (0.442823, 0.114947, 0.204392, 0.237837)) == ({x1, x7}, (0.442823, 0.114947, 0.204392, 0.237837))
({x1, x8}, (0.399151, 0.103611, 0.282857, 0.214381)) == ({x1, x8}, (0.399151, 0.103611, 0.282857, 0.214381))
({x1, x9}, (0.282857, 0.214381, 0.399151, 0.103611)) == ({x1, x9}, (0.282857, 0.214381, 0.399151, 0.103611))
({x2, x3}, (0.415569, 0.294491, 0.0667423, 0.223199)) == ({x2, x3}, (0.415569, 0.294491, 0.0667423, 0.223199))
({x2, x4}, (0.44415, 0.314744, 0.0716359, 0.16947)) == ({x2, x4}, (0.44415, 0.314744, 0.0716359, 0.16947))
({x2, x5}, (0.475813, 0.0225041, 0.1645, 0.337182)) == ({x2, x5}, (0.475813, 0.0225041, 0.1645, 0.337182))
({x2, x6}, (0.149409, 0.306249, 0.432162, 0.11218)) == ({x2, x6}, (0.149409, 0.306249, 0.432162, 0.11218))
({x2, x7}, (0.415569, 0.294491, 0.0667423, 0.223199)) == ({x2, x7}, (0.415569, 0.294491, 0.0667423, 0.223199))
({x2, x8}, (0.503268, 0.130637, 0.00945679, 0.356638)) == ({x2, x8}, (0.503268, 0.130637, 0.00945679, 0.356638))
({x2, x9}, (0.0179026, 0.331932, 0.468404, 0.181761)) == ({x2, x9}, (0.0179026, 0.331932, 0.468404, 0.181761))
({x3, x4}, (0.480783, 0.258225, 0.0775444, 0.183448)) == ({x3, x4}, (0.480783, 0.258225, 0.0775444, 0.183448))
({x3, x5}, (0.415569, 0.0667423, 0.294491, 0.223199)) == ({x3, x5}, (0.415569, 0.0667423, 0.294491, 0.223199))
({x3, x6}, (0.282857, 0.214381, 0.399151, 0.103611)) == ({x3, x6}, (0.282857, 0.214381, 0.399151, 0.103611))
({x3, x7}, (0.548812, 0.14246, 0.0139663, 0.294762)) == ({x3, x7}, (0.548812, 0.14246, 0.0139663, 0.294762))
({x3, x8}, (0.399151, 0.103611, 0.282857, 0.214381)) == ({x3, x8}, (0.399151, 0.103611, 0.282857, 0.214381))
({x3, x9}, (0.282857, 0.214381, 0.399151, 0.103611)) == ({x3, x9}, (0.282857, 0.214381, 0.399151, 0.103611))
({x4, x5}, (0.44415, 0.0716359, 0.314744, 0.16947)) == ({x4, x5}, (0.44415, 0.0716359, 0.314744, 0.16947))
({x4, x6}, (0.301579, 0.162381, 0.425571, 0.110469)) == ({x4, x6}, (0.301579, 0.162381, 0.425571, 0.110469))
({x4, x7}, (0.459088, 0.119169, 0.246573, 0.17517)) == ({x4, x7}, (0.459088, 0.119169, 0.246573, 0.17517))
({x4, x8}, (0.425571, 0.110469, 0.301579, 0.162381)) == ({x4, x8}, (0.425571, 0.110469, 0.301579, 0.162381))
({x4, x9}, (0.301579, 0.162381, 0.425571, 0.110469)) == ({x4, x9}, (0.301579, 0.162381, 0.425571, 0.110469))
({x5, x6}, (0.0822355, 0.330435, 0.466291, 0.121039)) == ({x5, x6}, (0.0822355, 0.330435, 0.466291, 0.121039))
({x5, x7}, (0.415569, 0.294491, 0.0667423, 0.223199)) == ({x5, x7}, (0.415569, 0.294491, 0.0667423, 0.223199))
({x5, x8}, (0.476171, 0.164624, 0.0217693, 0.337436)) == ({x5, x8}, (0.476171, 0.164624, 0.0217693, 0.337436))
({x5, x9}, (0.0213392, 0.330771, 0.466765, 0.181125)) == ({x5, x9}, (0.0213392, 0.330771, 0.466765, 0.181125))
({x6, x7}, (0.294491, 0.415569, 0.223199, 0.0667423)) == ({x6, x7}, (0.294491, 0.415569, 0.223199, 0.0667423))
({x6, x8}, (0.166902, 0.482758, 0.342104, 0.00823603)) == ({x6, x8}, (0.166902, 0.482758, 0.342104, 0.00823603))
({x6, x9}, (0.336396, 0.00469556, 0.184206, 0.474703)) == ({x6, x9}, (0.336396, 0.00469556, 0.184206, 0.474703))
({x7, x8}, (0.415569, 0.0667423, 0.294491, 0.223199)) == ({x7, x8}, (0.415569, 0.0667423, 0.294491, 0.223199))
({x7, x9}, (0.294491, 0.223199, 0.415569, 0.0667423)) == ({x7, x9}, (0.294491, 0.223199, 0.415569, 0.0667423))
({x8, x9}, (0.0190576, 0.331542, 0.467853, 0.181548)) == ({x8, x9}, (0.0190576, 0.331542, 0.467853, 0.181548))
Exact MAP state (log score = 3.26439):
x0: 0
x1: 0
x2: 0
x3: 0
x4: 0
x5: 0
x6: 1
x7: 0
x8: 0
x9: 1
