Builtin inference algorithms: {BP, EXACT, FBP, JTREE, TRWBP}

Exact variable marginals:
({x0}, (0.428129, 0.571871))
({x1}, (0.59343, 0.40657))
({x2}, (0.30466, 0.69534))
({x3}, (0.390967, 0.609033))
({x4}, (0.366836, 0.633164))
({x5}, (0.508415, 0.491585))
({x6}, (0.430525, 0.569475))
({x7}, (0.653092, 0.346908))
({x8}, (0.542192, 0.457808))
({x9}, (0.482029, 0.517971))
Exact factor marginals:
({x0}, (0.428129, 0.571871))
({x1}, (0.59343, 0.40657))
({x2}, (0.30466, 0.69534))
({x3}, (0.390967, 0.609033))
({x4}, (0.366836, 0.633164))
({x5}, (0.508415, 0.491585))
({x6}, (0.430525, 0.569475))
({x7}, (0.653092, 0.346908))
({x8}, (0.542192, 0.457808))
({x9}, (0.482029, 0.517971))
({x0, x1}, (0.134459, 0.45897, 0.29367, 0.1129))
({x0, x2}, (0.275368, 0.0292915, 0.152761, 0.542579))
({x0, x3}, (0.219843, 0.171124, 0.208287, 0.400746))
({x0, x4}, (0.162855, 0.203982, 0.265275, 0.367889))
({x0, x5}, (0.192601, 0.315814, 0.235529, 0.256057))
({x0, x6}, (0.0630097, 0.367515, 0.36512, 0.204356))
({x0, x7}, (0.0998871, 0.553205, 0.328242, 0.0186656))
({x0, x8}, (0.128488, 0.413704, 0.299642, 0.158166))
({x0, x9}, (0.252078, 0.22995, 0.176051, 0.34192))
({x1, x2}, (0.0942222, 0.210437, 0.499207, 0.196133))
({x1, x3}, (0.160103, 0.230864, 0.433327, 0.175706))
({x1, x4}, (0.284444, 0.0823923, 0.308986, 0.324178))
({x1, x5}, (0.420578, 0.0878363, 0.172851, 0.318734))
({x1, x6}, (0.424514, 0.00601024, 0.168915, 0.40056))
({x1, x7}, (0.531191, 0.121901, 0.0622389, 0.284669))
({x1, x8}, (0.350657, 0.191535, 0.242772, 0.215036))
({x1, x9}, (0.328105, 0.153924, 0.265324, 0.252647))
({x2, x3}, (0.136867, 0.2541, 0.167792, 0.441241))
({x2, x4}, (0.169111, 0.197725, 0.135549, 0.497615))
({x2, x5}, (0.17062, 0.337794, 0.13404, 0.357546))
({x2, x6}, (0.0479768, 0.382548, 0.256683, 0.312792))
({x2, x7}, (0.0427518, 0.61034, 0.261908, 0.085))
({x2, x8}, (0.0178003, 0.524391, 0.286859, 0.170949))
({x2, x9}, (0.240615, 0.241413, 0.0640442, 0.453927))
({x3, x4}, (0.0414643, 0.325372, 0.349503, 0.283661))
({x3, x5}, (0.0805491, 0.427865, 0.310418, 0.181168))
({x3, x6}, (0.101479, 0.329046, 0.289488, 0.279987))
({x3, x7}, (0.184774, 0.468319, 0.206193, 0.140714))
({x3, x8}, (0.256567, 0.285625, 0.1344, 0.323408))
({x3, x9}, (0.0779897, 0.404039, 0.312977, 0.204994))
({x4, x5}, (0.322985, 0.185429, 0.0438509, 0.447735))
({x4, x6}, (0.235676, 0.194848, 0.13116, 0.438315))
({x4, x7}, (0.234912, 0.41818, 0.131924, 0.214984))
({x4, x8}, (0.0517943, 0.490398, 0.315042, 0.142766))
({x4, x9}, (0.356616, 0.125412, 0.0102199, 0.507751))
({x5, x6}, (0.3521, 0.0784248, 0.156315, 0.413161))
({x5, x7}, (0.366288, 0.286804, 0.142126, 0.204782))
({x5, x8}, (0.189861, 0.352331, 0.318553, 0.139255))
({x5, x9}, (0.399684, 0.0823449, 0.108731, 0.409241))
({x6, x7}, (0.394196, 0.258896, 0.0363285, 0.310579))
({x6, x8}, (0.233502, 0.30869, 0.197022, 0.260786))
({x6, x9}, (0.261471, 0.220558, 0.169054, 0.348918))
({x7, x8}, (0.462773, 0.0794184, 0.190319, 0.267489))
({x7, x9}, (0.27587, 0.206159, 0.377222, 0.140749))
({x8, x9}, (0.0894562, 0.392573, 0.452736, 0.0652356))
Exact log partition sum: 13.3542
Exact MAP variable marginals:
({x0}, (0.273306, 0.726694))
({x1}, (0.683177, 0.316823))
({x2}, (0.26889, 0.73111))
({x3}, (0.274084, 0.725916))
({x4}, (0.683177, 0.316823))
({x5}, (0.683177, 0.316823))
({x6}, (0.683177, 0.316823))
({x7}, (0.726694, 0.273306))
({x8}, (0.316823, 0.683177))
({x9}, (0.683177, 0.316823))
Exact MAP factor marginals:
({x0}, (0.273306, 0.726694)) == ({x0}, (0.273306, 0.726694))
({x1}, (0.683177, 0.316823)) == ({x1}, (0.683177, 0.316823))
({x2}, (0.26889, 0.73111)) == ({x2}, (0.26889, 0.73111))
({x3}, (0.274084, 0.725916)) == ({x3}, (0.274084, 0.725916))
({x4}, (0.683177, 0.316823)) == ({x4}, (0.683177, 0.316823))
({x5}, (0.683177, 0.316823)) == ({x5}, (0.683177, 0.316823))
({x6}, (0.683177, 0.316823)) == ({x6}, (0.683177, 0.316823))
({x7}, (0.726694, 0.273306)) == ({x7}, (0.726694, 0.273306))
({x8}, (0.316823, 0.683177)) == ({x8}, (0.316823, 0.683177))
({x9}, (0.683177, 0.316823)) == ({x9}, (0.683177, 0.316823))
({x0, x1}, (0.0701565, 0.505392, 0.190076, 0.234376)) == ({x0, x1}, (0.0701565, 0.505392, 0.190076, 0.234376))
({x0, x2}, (0.197431, 0.0638659, 0.201892, 0.536811)) == ({x0, x2}, (0.197431, 0.0638659, 0.201892, 0.536811))
({x0, x3}, (0.181274, 0.181984, 0.154752, 0.48199)) == ({x0, x3}, (0.181274, 0.181984, 0.154752, 0.48199))
({x0, x4}, (0.14858, 0.462767, 0.174045, 0.214608)) == ({x0, x4}, (0.14858, 0.462767, 0.174045, 0.214608))
({x0, x5}, (0.14858, 0.462767, 0.174045, 0.214608)) == ({x0, x5}, (0.14858, 0.462767, 0.174045, 0.214608))
({x0, x6}, (0.0625732, 0.509514, 0.191626, 0.236287)) == ({x0, x6}, (0.0625732, 0.509514, 0.191626, 0.236287))
({x0, x7}, (0.0785965, 0.639987, 0.240696, 0.0407206)) == ({x0, x7}, (0.0785965, 0.639987, 0.240696, 0.0407206))
({x0, x8}, (0.170362, 0.210067, 0.166597, 0.452974)) == ({x0, x8}, (0.170362, 0.210067, 0.166597, 0.452974))
({x0, x9}, (0.14858, 0.462767, 0.174045, 0.214608)) == ({x0, x9}, (0.14858, 0.462767, 0.174045, 0.214608))
({x1, x2}, (0.0704525, 0.186659, 0.507524, 0.235364)) == ({x1, x2}, (0.0704525, 0.186659, 0.507524, 0.235364))
({x1, x3}, (0.170274, 0.16961, 0.450976, 0.20914)) == ({x1, x3}, (0.170274, 0.16961, 0.450976, 0.20914))
({x1, x4}, (0.453684, 0.145664, 0.190256, 0.210396)) == ({x1, x4}, (0.453684, 0.145664, 0.190256, 0.210396))
({x1, x5}, (0.462452, 0.148479, 0.174607, 0.214462)) == ({x1, x5}, (0.462452, 0.148479, 0.174607, 0.214462))
({x1, x6}, (0.563733, 0.00455931, 0.170276, 0.261432)) == ({x1, x6}, (0.563733, 0.00455931, 0.170276, 0.261432))
({x1, x7}, (0.505392, 0.234376, 0.0701565, 0.190076)) == ({x1, x7}, (0.505392, 0.234376, 0.0701565, 0.190076))
({x1, x8}, (0.186307, 0.20603, 0.444268, 0.163395)) == ({x1, x8}, (0.186307, 0.20603, 0.444268, 0.163395))
({x1, x9}, (0.453684, 0.145664, 0.190256, 0.210396)) == ({x1, x9}, (0.453684, 0.145664, 0.190256, 0.210396))
({x2, x3}, (0.177981, 0.182716, 0.155374, 0.483928)) == ({x2, x3}, (0.177981, 0.182716, 0.155374, 0.483928))
({x2, x4}, (0.149154, 0.464554, 0.170855, 0.215437)) == ({x2, x4}, (0.149154, 0.464554, 0.170855, 0.215437))
({x2, x5}, (0.149154, 0.464554, 0.170855, 0.215437)) == ({x2, x5}, (0.149154, 0.464554, 0.170855, 0.215437))
({x2, x6}, (0.0609958, 0.512687, 0.188558, 0.237759)) == ({x2, x6}, (0.0609958, 0.512687, 0.188558, 0.237759))
({x2, x7}, (0.0638659, 0.536811, 0.197431, 0.201892)) == ({x2, x7}, (0.0638659, 0.536811, 0.197431, 0.201892))
({x2, x8}, (0.0526867, 0.239863, 0.190227, 0.517224)) == ({x2, x8}, (0.0526867, 0.239863, 0.190227, 0.517224))
({x2, x9}, (0.149154, 0.464554, 0.170855, 0.215437)) == ({x2, x9}, (0.149154, 0.464554, 0.170855, 0.215437))
({x3, x4}, (0.0499005, 0.515988, 0.194821, 0.23929)) == ({x3, x4}, (0.0499005, 0.515988, 0.194821, 0.23929))
({x3, x5}, (0.120186, 0.477817, 0.180409, 0.221588)) == ({x3, x5}, (0.120186, 0.477817, 0.180409, 0.221588))
({x3, x6}, (0.170274, 0.450976, 0.16961, 0.20914)) == ({x3, x6}, (0.170274, 0.450976, 0.16961, 0.20914))
({x3, x7}, (0.181984, 0.48199, 0.181274, 0.154752)) == ({x3, x7}, (0.181984, 0.48199, 0.181274, 0.154752))
({x3, x8}, (0.170915, 0.209927, 0.166486, 0.452672)) == ({x3, x8}, (0.170915, 0.209927, 0.166486, 0.452672))
({x3, x9}, (0.0968882, 0.49047, 0.185186, 0.227456)) == ({x3, x9}, (0.0968882, 0.49047, 0.185186, 0.227456))
({x4, x5}, (0.494701, 0.207456, 0.068425, 0.229418)) == ({x4, x5}, (0.494701, 0.207456, 0.068425, 0.229418))
({x4, x6}, (0.453684, 0.190256, 0.145664, 0.210396)) == ({x4, x6}, (0.453684, 0.190256, 0.145664, 0.210396))
({x4, x7}, (0.462767, 0.214608, 0.14858, 0.174045)) == ({x4, x7}, (0.462767, 0.214608, 0.14858, 0.174045))
({x4, x8}, (0.142994, 0.216997, 0.467917, 0.172092)) == ({x4, x8}, (0.142994, 0.216997, 0.467917, 0.172092))
({x4, x9}, (0.590548, 0.116658, 0.0189281, 0.273867)) == ({x4, x9}, (0.590548, 0.116658, 0.0189281, 0.273867))
({x5, x6}, (0.462452, 0.174607, 0.148479, 0.214462)) == ({x5, x6}, (0.462452, 0.174607, 0.148479, 0.214462))
({x5, x7}, (0.462767, 0.214608, 0.14858, 0.174045)) == ({x5, x7}, (0.462767, 0.214608, 0.14858, 0.174045))
({x5, x8}, (0.186307, 0.20603, 0.444268, 0.163395)) == ({x5, x8}, (0.186307, 0.20603, 0.444268, 0.163395))
({x5, x9}, (0.480619, 0.0949423, 0.201551, 0.222887)) == ({x5, x9}, (0.480619, 0.0949423, 0.201551, 0.222887))
({x6, x7}, (0.51222, 0.237542, 0.0575941, 0.192644)) == ({x6, x7}, (0.51222, 0.237542, 0.0575941, 0.192644))
({x6, x8}, (0.186307, 0.20603, 0.444268, 0.163395)) == ({x6, x8}, (0.186307, 0.20603, 0.444268, 0.163395))
({x6, x9}, (0.453684, 0.145664, 0.190256, 0.210396)) == ({x6, x9}, (0.453684, 0.145664, 0.190256, 0.210396))
({x7, x8}, (0.210067, 0.170362, 0.452974, 0.166597)) == ({x7, x8}, (0.210067, 0.170362, 0.452974, 0.166597))
({x7, x9}, (0.462767, 0.14858, 0.214608, 0.174045)) == ({x7, x9}, (0.462767, 0.14858, 0.214608, 0.174045))
({x8, x9}, (0.142994, 0.467917, 0.216997, 0.172092)) == ({x8, x9}, (0.142994, 0.467917, 0.216997, 0.172092))
Exact MAP state (log score = 11.2481):
x0: 1
x1: 0
x2: 1
x3: 1
x4: 0
x5: 0
x6: 0
x7: 0
x8: 1
x9: 0
