Builtin inference algorithms: {BP, EXACT, FBP, JTREE, TRWBP}

Exact variable marginals:
({x0}, (0.404331, 0.595669))
({x1}, (0.674789, 0.325211))
({x2}, (0.480931, 0.519069))
({x3}, (0.154959, 0.845041))
({x4}, (0.0785415, 0.921459))
({x5}, (0.814802, 0.185198))
({x6}, (0.375945, 0.624055))
({x7}, (0.884977, 0.115023))
({x8}, (0.157274, 0.842726))
({x9}, (0.701973, 0.298027))
Exact factor marginals:
({x0}, (0.404331, 0.595669))
({x1}, (0.674789, 0.325211))
({x2}, (0.480931, 0.519069))
({x3}, (0.154959, 0.845041))
({x4}, (0.0785415, 0.921459))
({x5}, (0.814802, 0.185198))
({x6}, (0.375945, 0.624055))
({x7}, (0.884977, 0.115023))
({x8}, (0.157274, 0.842726))
({x9}, (0.701973, 0.298027))
({x0, x1}, (0.199317, 0.475471, 0.205014, 0.120198))
({x0, x2}, (0.147456, 0.333474, 0.256875, 0.262195))
({x0, x3}, (0.021979, 0.13298, 0.382352, 0.462689))
({x0, x4}, (0.0702173, 0.00832418, 0.334114, 0.587345))
({x0, x5}, (0.220628, 0.594174, 0.183703, 0.00149487))
({x0, x6}, (0.330401, 0.0455431, 0.0739295, 0.550126))
({x0, x7}, (0.31267, 0.572307, 0.0916605, 0.0233624))
({x0, x8}, (0.113043, 0.0442305, 0.291288, 0.551439))
({x0, x9}, (0.154768, 0.547205, 0.249563, 0.0484637))
({x1, x2}, (0.420542, 0.0603891, 0.254247, 0.264822))
({x1, x3}, (0.143573, 0.0113861, 0.531216, 0.313825))
({x1, x4}, (0.0346976, 0.0438439, 0.640091, 0.281368))
({x1, x5}, (0.602168, 0.212634, 0.0726207, 0.112577))
({x1, x6}, (0.239428, 0.136517, 0.435361, 0.188695))
({x1, x7}, (0.651037, 0.23394, 0.0237517, 0.0912713))
({x1, x8}, (0.0436302, 0.113643, 0.631158, 0.211568))
({x1, x9}, (0.440764, 0.261209, 0.234024, 0.0640024))
({x2, x3}, (0.147014, 0.00794558, 0.333917, 0.511124))
({x2, x4}, (0.0472856, 0.0312559, 0.433645, 0.487813))
({x2, x5}, (0.445277, 0.369525, 0.0356537, 0.149544))
({x2, x6}, (0.169416, 0.206529, 0.311515, 0.312541))
({x2, x7}, (0.455721, 0.429256, 0.0252101, 0.0898128))
({x2, x8}, (0.0398407, 0.117433, 0.44109, 0.401636))
({x2, x9}, (0.30038, 0.401594, 0.180551, 0.117475))
({x3, x4}, (0.0183748, 0.0601666, 0.136584, 0.784874))
({x3, x5}, (0.133736, 0.681066, 0.0212235, 0.163974))
({x3, x6}, (0.033556, 0.342389, 0.121403, 0.502652))
({x3, x7}, (0.137249, 0.747728, 0.0177097, 0.0973133))
({x3, x8}, (0.0316353, 0.125638, 0.123324, 0.719403))
({x3, x9}, (0.119516, 0.582458, 0.0354432, 0.262583))
({x4, x5}, (0.0200012, 0.794801, 0.0585403, 0.126658))
({x4, x6}, (0.0706041, 0.30534, 0.00793735, 0.616118))
({x4, x7}, (0.0371252, 0.847852, 0.0414162, 0.0736067))
({x4, x8}, (0.0383499, 0.118924, 0.0401915, 0.802535))
({x4, x9}, (0.0243841, 0.677589, 0.0541574, 0.243869))
({x5, x6}, (0.198137, 0.177807, 0.616665, 0.00739058))
({x5, x7}, (0.780495, 0.104482, 0.0343068, 0.0807162))
({x5, x8}, (0.0844683, 0.0728054, 0.730334, 0.112393))
({x5, x9}, (0.639156, 0.0628179, 0.175647, 0.12238))
({x6, x7}, (0.298187, 0.58679, 0.0777574, 0.0372655))
({x6, x8}, (0.0969259, 0.0603478, 0.279019, 0.563708))
({x6, x9}, (0.107762, 0.594212, 0.268183, 0.0298439))
({x7, x8}, (0.111562, 0.0457117, 0.773415, 0.0693112))
({x7, x9}, (0.641087, 0.0608867, 0.24389, 0.0541363))
({x8, x9}, (0.130836, 0.571137, 0.0264372, 0.271589))
Exact log partition sum: 11.5758
Exact MAP variable marginals:
({x0}, (0.353186, 0.646814))
({x1}, (0.699898, 0.300102))
({x2}, (0.477122, 0.522878))
({x3}, (0.367565, 0.632435))
({x4}, (0.0642215, 0.935778))
({x5}, (0.807688, 0.192312))
({x6}, (0.353186, 0.646814))
({x7}, (0.910584, 0.0894161))
({x8}, (0.113282, 0.886718))
({x9}, (0.646814, 0.353186))
Exact MAP factor marginals:
({x0}, (0.353186, 0.646814)) == ({x0}, (0.353186, 0.646814))
({x1}, (0.699898, 0.300102)) == ({x1}, (0.699898, 0.300102))
({x2}, (0.477122, 0.522878)) == ({x2}, (0.477122, 0.522878))
({x3}, (0.367565, 0.632435)) == ({x3}, (0.367565, 0.632435))
({x4}, (0.0642215, 0.935778)) == ({x4}, (0.0642215, 0.935778))
({x5}, (0.807688, 0.192312)) == ({x5}, (0.807688, 0.192312))
({x6}, (0.353186, 0.646814)) == ({x6}, (0.353186, 0.646814))
({x7}, (0.910584, 0.0894161)) == ({x7}, (0.910584, 0.0894161))
({x8}, (0.113282, 0.886718)) == ({x8}, (0.113282, 0.886718))
({x9}, (0.646814, 0.353186)) == ({x9}, (0.646814, 0.353186))
({x0, x1}, (0.250761, 0.459238, 0.0930894, 0.196912)) == ({x0, x1}, (0.250761, 0.459238, 0.0930894, 0.196912))
({x0, x2}, (0.202489, 0.338382, 0.0882958, 0.370833)) == ({x0, x2}, (0.202489, 0.338382, 0.0882958, 0.370833))
({x0, x3}, (0.00863946, 0.270854, 0.254472, 0.466034)) == ({x0, x3}, (0.00863946, 0.270854, 0.254472, 0.466034))
({x0, x4}, (0.0422411, 0.00617437, 0.336086, 0.615499)) == ({x0, x4}, (0.0422411, 0.00617437, 0.336086, 0.615499))
({x0, x5}, (0.305843, 0.560113, 0.133363, 0.000680813)) == ({x0, x5}, (0.305843, 0.560113, 0.133363, 0.000680813))
({x0, x6}, (0.296411, 0.0507142, 0.110036, 0.542839)) == ({x0, x6}, (0.296411, 0.0507142, 0.110036, 0.542839))
({x0, x7}, (0.318395, 0.5831, 0.0572583, 0.0412471)) == ({x0, x7}, (0.318395, 0.5831, 0.0572583, 0.0412471))
({x0, x8}, (0.0726062, 0.048738, 0.310329, 0.568327)) == ({x0, x8}, (0.0726062, 0.048738, 0.310329, 0.568327))
({x0, x9}, (0.110036, 0.542839, 0.296411, 0.0507142)) == ({x0, x9}, (0.110036, 0.542839, 0.296411, 0.0507142))
({x1, x2}, (0.3641, 0.0657909, 0.399018, 0.171091)) == ({x1, x2}, (0.3641, 0.0657909, 0.399018, 0.171091))
({x1, x3}, (0.286511, 0.00913887, 0.492973, 0.211377)) == ({x1, x3}, (0.286511, 0.00913887, 0.492973, 0.211377))
({x1, x4}, (0.0346796, 0.0442424, 0.644661, 0.276417)) == ({x1, x4}, (0.0346796, 0.0442424, 0.644661, 0.276417))
({x1, x5}, (0.557216, 0.238923, 0.132674, 0.0711867)) == ({x1, x5}, (0.557216, 0.238923, 0.132674, 0.0711867))
({x1, x6}, (0.2597, 0.0607609, 0.475608, 0.203931)) == ({x1, x6}, (0.2597, 0.0607609, 0.475608, 0.203931))
({x1, x7}, (0.639984, 0.274412, 0.0227594, 0.0628442)) == ({x1, x7}, (0.639984, 0.274412, 0.0227594, 0.0628442))
({x1, x8}, (0.0522179, 0.0777902, 0.608906, 0.261086)) == ({x1, x8}, (0.0522179, 0.0777902, 0.608906, 0.261086))
({x1, x9}, (0.482389, 0.206839, 0.263403, 0.0473689)) == ({x1, x9}, (0.482389, 0.206839, 0.263403, 0.0473689))
({x2, x3}, (0.231768, 0.00556437, 0.363885, 0.398782)) == ({x2, x3}, (0.231768, 0.00556437, 0.363885, 0.398782))
({x2, x4}, (0.0264361, 0.0337257, 0.448417, 0.491421)) == ({x2, x4}, (0.0264361, 0.0337257, 0.448417, 0.491421))
({x2, x5}, (0.417837, 0.457908, 0.015226, 0.109028)) == ({x2, x5}, (0.417837, 0.457908, 0.015226, 0.109028))
({x2, x6}, (0.202489, 0.0882958, 0.338382, 0.370833)) == ({x2, x6}, (0.202489, 0.0882958, 0.338382, 0.370833))
({x2, x7}, (0.449015, 0.492076, 0.0105897, 0.0483201)) == ({x2, x7}, (0.449015, 0.492076, 0.0105897, 0.0483201))
({x2, x8}, (0.0403372, 0.0600913, 0.429205, 0.470366)) == ({x2, x8}, (0.0403372, 0.0600913, 0.429205, 0.470366))
({x2, x9}, (0.338382, 0.370833, 0.202489, 0.0882958)) == ({x2, x9}, (0.338382, 0.370833, 0.202489, 0.0882958))
({x3, x4}, (0.0111117, 0.0411357, 0.348361, 0.599392)) == ({x3, x4}, (0.0111117, 0.0411357, 0.348361, 0.599392))
({x3, x5}, (0.316237, 0.54412, 0.010087, 0.129556)) == ({x3, x5}, (0.316237, 0.54412, 0.010087, 0.129556))
({x3, x6}, (0.0178082, 0.252119, 0.268349, 0.461723)) == ({x3, x6}, (0.0178082, 0.252119, 0.268349, 0.461723))
({x3, x7}, (0.342295, 0.588954, 0.0109182, 0.0578332)) == ({x3, x7}, (0.342295, 0.588954, 0.0109182, 0.0578332))
({x3, x8}, (0.0477834, 0.0711841, 0.323837, 0.557196)) == ({x3, x8}, (0.0477834, 0.0711841, 0.323837, 0.557196))
({x3, x9}, (0.266223, 0.458065, 0.0255903, 0.250121)) == ({x3, x9}, (0.266223, 0.458065, 0.0255903, 0.250121))
({x4, x5}, (0.03954, 0.73501, 0.050443, 0.175007)) == ({x4, x5}, (0.03954, 0.73501, 0.050443, 0.175007))
({x4, x6}, (0.0422411, 0.336086, 0.00617437, 0.615499)) == ({x4, x6}, (0.0422411, 0.336086, 0.00617437, 0.615499))
({x4, x7}, (0.044072, 0.819255, 0.0562247, 0.080448)) == ({x4, x7}, (0.044072, 0.819255, 0.0562247, 0.080448))
({x4, x8}, (0.0548954, 0.102189, 0.04303, 0.799886)) == ({x4, x8}, (0.0548954, 0.102189, 0.04303, 0.799886))
({x4, x9}, (0.0411331, 0.599354, 0.0322424, 0.327271)) == ({x4, x9}, (0.0411331, 0.599354, 0.0322424, 0.327271))
({x5, x6}, (0.303609, 0.132389, 0.556022, 0.00797965)) == ({x5, x6}, (0.303609, 0.132389, 0.556022, 0.00797965))
({x5, x7}, (0.710714, 0.169222, 0.0502743, 0.0697896)) == ({x5, x7}, (0.710714, 0.169222, 0.0502743, 0.0697896))
({x5, x8}, (0.0664204, 0.0873216, 0.683513, 0.162745)) == ({x5, x8}, (0.0664204, 0.0873216, 0.683513, 0.162745))
({x5, x9}, (0.523042, 0.0668207, 0.285601, 0.124537)) == ({x5, x9}, (0.523042, 0.0668207, 0.285601, 0.124537))
({x6, x7}, (0.318395, 0.5831, 0.0572583, 0.0412471)) == ({x6, x7}, (0.318395, 0.5831, 0.0572583, 0.0412471))
({x6, x8}, (0.072138, 0.0548712, 0.308328, 0.564663)) == ({x6, x8}, (0.072138, 0.0548712, 0.308328, 0.564663))
({x6, x9}, (0.0724881, 0.567403, 0.309824, 0.0502845)) == ({x6, x9}, (0.0724881, 0.567403, 0.309824, 0.0502845))
({x7, x8}, (0.0986839, 0.0530126, 0.772452, 0.075852)) == ({x7, x8}, (0.0986839, 0.0530126, 0.772452, 0.075852))
({x7, x9}, (0.5831, 0.0412471, 0.318395, 0.0572583)) == ({x7, x9}, (0.5831, 0.0412471, 0.318395, 0.0572583))
({x8, x9}, (0.0747021, 0.584733, 0.0212781, 0.319287)) == ({x8, x9}, (0.0747021, 0.584733, 0.0212781, 0.319287))
Exact MAP state (log score = 9.67486):
x0: 1
x1: 0
x2: 1
x3: 1
x4: 1
x5: 0
x6: 1
x7: 0
x8: 1
x9: 0
