Builtin inference algorithms: {BP, EXACT, FBP, JTREE, TRWBP}

Exact variable marginals:
({x0}, (0.104407, 0.895593))
({x1}, (0.0675879, 0.932412))
({x2}, (0.0262828, 0.973717))
({x3}, (0.0360735, 0.963926))
({x4}, (0.0387595, 0.961241))
({x5}, (0.0566163, 0.943384))
({x6}, (0.467138, 0.532862))
({x7}, (0.738596, 0.261404))
({x8}, (0.0258655, 0.974135))
({x9}, (0.970005, 0.0299949))
Exact factor marginals:
({x0}, (0.104407, 0.895593))
({x1}, (0.0675879, 0.932412))
({x2}, (0.0262828, 0.973717))
({x3}, (0.0360735, 0.963926))
({x4}, (0.0387595, 0.961241))
({x5}, (0.0566163, 0.943384))
({x6}, (0.467138, 0.532862))
({x7}, (0.738596, 0.261404))
({x8}, (0.0258655, 0.974135))
({x9}, (0.970005, 0.0299949))
({x0, x1}, (0.00722997, 0.0603579, 0.0971768, 0.835235))
({x0, x2}, (0.00471266, 0.0215702, 0.0996941, 0.874023))
({x0, x3}, (0.0027895, 0.033284, 0.101617, 0.862309))
({x0, x4}, (0.000639198, 0.0381203, 0.103768, 0.857473))
({x0, x5}, (0.0224997, 0.0341167, 0.0819071, 0.861477))
({x0, x6}, (0.0138787, 0.45326, 0.090528, 0.442334))
({x0, x7}, (0.0437683, 0.694828, 0.0606384, 0.200765))
({x0, x8}, (0.0199968, 0.00586867, 0.0844099, 0.889725))
({x0, x9}, (0.0900623, 0.879943, 0.0143445, 0.0156504))
({x1, x2}, (0.0230678, 0.00321501, 0.0445201, 0.929197))
({x1, x3}, (0.027765, 0.00830848, 0.0398228, 0.924104))
({x1, x4}, (0.0280673, 0.0106922, 0.0395206, 0.92172))
({x1, x5}, (0.000735861, 0.0558805, 0.066852, 0.876532))
({x1, x6}, (0.0615625, 0.405576, 0.00602542, 0.526836))
({x1, x7}, (0.0660777, 0.672519, 0.0015102, 0.259893))
({x1, x8}, (0.00567043, 0.0201951, 0.0619175, 0.912217))
({x1, x9}, (0.0656448, 0.90436, 0.00194306, 0.0280518))
({x2, x3}, (0.0230507, 0.0130228, 0.00323209, 0.960694))
({x2, x4}, (0.0201491, 0.0186103, 0.00613368, 0.955107))
({x2, x5}, (0.00103029, 0.055586, 0.0252525, 0.918131))
({x2, x6}, (0.0257801, 0.441358, 0.000502686, 0.532359))
({x2, x7}, (0.0240298, 0.714567, 0.00225306, 0.25915))
({x2, x8}, (0.00635155, 0.0195139, 0.0199313, 0.954203))
({x2, x9}, (0.0241562, 0.945849, 0.0021266, 0.0278683))
({x3, x4}, (0.0248523, 0.0139072, 0.0112213, 0.950019))
({x3, x5}, (0.000501235, 0.0561151, 0.0355723, 0.907811))
({x3, x6}, (0.0352529, 0.431886, 0.000820646, 0.532041))
({x3, x7}, (0.0347582, 0.703838, 0.0013153, 0.260088))
({x3, x8}, (0.00510206, 0.0207634, 0.0309715, 0.943163))
({x3, x9}, (0.0330793, 0.936926, 0.00299426, 0.0270006))
({x4, x5}, (0.00185344, 0.0547629, 0.0369061, 0.906478))
({x4, x6}, (0.0317265, 0.435412, 0.00703296, 0.525829))
({x4, x7}, (0.0360209, 0.702576, 0.00273861, 0.258665))
({x4, x8}, (0.00284997, 0.0230155, 0.0359095, 0.938225))
({x4, x9}, (0.0358629, 0.934142, 0.00289659, 0.0270983))
({x5, x6}, (0.0017615, 0.465377, 0.0548548, 0.478007))
({x5, x7}, (0.00364016, 0.734956, 0.0529762, 0.208427))
({x5, x8}, (0.0178981, 0.0079674, 0.0387182, 0.935416))
({x5, x9}, (0.0332331, 0.936772, 0.0233832, 0.00661169))
({x6, x7}, (0.357999, 0.380597, 0.109139, 0.152265))
({x6, x8}, (0.00743136, 0.0184341, 0.459707, 0.514427))
({x6, x9}, (0.461716, 0.508289, 0.00542258, 0.0245723))
({x7, x8}, (0.00480267, 0.0210628, 0.733794, 0.240341))
({x7, x9}, (0.732939, 0.237066, 0.00565765, 0.0243372))
({x8, x9}, (0.00921616, 0.960789, 0.0166493, 0.0133456))
Exact log partition sum: 14.4253
Exact MAP variable marginals:
({x0}, (0.0934371, 0.906563))
({x1}, (0.0744801, 0.92552))
({x2}, (0.0459575, 0.954043))
({x3}, (0.0459575, 0.954043))
({x4}, (0.0459575, 0.954043))
({x5}, (0.0576614, 0.942339))
({x6}, (0.461447, 0.538553))
({x7}, (0.769676, 0.230324))
({x8}, (0.0347409, 0.965259))
({x9}, (0.965259, 0.0347409))
Exact MAP factor marginals:
({x0}, (0.0934371, 0.906563)) == ({x0}, (0.0934371, 0.906563))
({x1}, (0.0744801, 0.92552)) == ({x1}, (0.0744801, 0.92552))
({x2}, (0.0459575, 0.954043)) == ({x2}, (0.0459575, 0.954043))
({x3}, (0.0459575, 0.954043)) == ({x3}, (0.0459575, 0.954043))
({x4}, (0.0459575, 0.954043)) == ({x4}, (0.0459575, 0.954043))
({x5}, (0.0576614, 0.942339)) == ({x5}, (0.0576614, 0.942339))
({x6}, (0.461447, 0.538553)) == ({x6}, (0.461447, 0.538553))
({x7}, (0.769676, 0.230324)) == ({x7}, (0.769676, 0.230324))
({x8}, (0.0347409, 0.965259)) == ({x8}, (0.0347409, 0.965259))
({x9}, (0.965259, 0.0347409)) == ({x9}, (0.965259, 0.0347409))
({x0, x1}, (0.00457556, 0.0676829, 0.0866855, 0.841056)) == ({x0, x1}, (0.00457556, 0.0676829, 0.0866855, 0.841056))
({x0, x2}, (0.00368556, 0.0416888, 0.0891975, 0.865428)) == ({x0, x2}, (0.00368556, 0.0416888, 0.0891975, 0.865428))
({x0, x3}, (0.00368556, 0.0416888, 0.0891975, 0.865428)) == ({x0, x3}, (0.00368556, 0.0416888, 0.0891975, 0.865428))
({x0, x4}, (0.000689998, 0.0418142, 0.0894657, 0.86803)) == ({x0, x4}, (0.000689998, 0.0418142, 0.0894657, 0.86803))
({x0, x5}, (0.0299865, 0.0509809, 0.0858718, 0.833161)) == ({x0, x5}, (0.0299865, 0.0509809, 0.0858718, 0.833161))
({x0, x6}, (0.00673403, 0.434237, 0.0522341, 0.506795)) == ({x0, x6}, (0.00673403, 0.434237, 0.0522341, 0.506795))
({x0, x7}, (0.0689144, 0.668634, 0.0623645, 0.200087)) == ({x0, x7}, (0.0689144, 0.668634, 0.0623645, 0.200087))
({x0, x8}, (0.0314192, 0.00563999, 0.0899744, 0.872966)) == ({x0, x8}, (0.0314192, 0.00563999, 0.0899744, 0.872966))
({x0, x9}, (0.0891336, 0.864809, 0.0311256, 0.0149321)) == ({x0, x9}, (0.0891336, 0.864809, 0.0311256, 0.0149321))
({x1, x2}, (0.042614, 0.0015617, 0.0711898, 0.884634)) == ({x1, x2}, (0.042614, 0.0015617, 0.0711898, 0.884634))
({x1, x3}, (0.0421674, 0.0120264, 0.0704437, 0.875363)) == ({x1, x3}, (0.0421674, 0.0120264, 0.0704437, 0.875363))
({x1, x4}, (0.0422195, 0.0108053, 0.0705308, 0.876444)) == ({x1, x4}, (0.0422195, 0.0108053, 0.0705308, 0.876444))
({x1, x5}, (0.000306799, 0.0535805, 0.0704665, 0.875646)) == ({x1, x5}, (0.000306799, 0.0535805, 0.0704665, 0.875646))
({x1, x6}, (0.0413434, 0.440196, 0.00471084, 0.51375)) == ({x1, x6}, (0.0413434, 0.440196, 0.00471084, 0.51375))
({x1, x7}, (0.0582962, 0.724413, 0.000511893, 0.216779)) == ({x1, x7}, (0.0582962, 0.724413, 0.000511893, 0.216779))
({x1, x8}, (0.00379991, 0.0321143, 0.0718052, 0.892281)) == ({x1, x8}, (0.00379991, 0.0321143, 0.0718052, 0.892281))
({x1, x9}, (0.0719501, 0.894081, 0.00178941, 0.0321792)) == ({x1, x9}, (0.0719501, 0.894081, 0.00178941, 0.0321792))
({x2, x3}, (0.045301, 0.0129201, 0.00136364, 0.940415)) == ({x2, x3}, (0.045301, 0.0129201, 0.00136364, 0.940415))
({x2, x4}, (0.0452415, 0.0115788, 0.00399964, 0.93918)) == ({x2, x4}, (0.0452415, 0.0115788, 0.00399964, 0.93918))
({x2, x5}, (0.000551396, 0.0551272, 0.0433986, 0.900923)) == ({x2, x5}, (0.000551396, 0.0551272, 0.0433986, 0.900923))
({x2, x6}, (0.0252787, 0.449634, 0.000321175, 0.524766)) == ({x2, x6}, (0.0252787, 0.449634, 0.000321175, 0.524766))
({x2, x7}, (0.0357259, 0.741642, 0.00069718, 0.221935)) == ({x2, x7}, (0.0357259, 0.741642, 0.00069718, 0.221935))
({x2, x8}, (0.00391269, 0.0330674, 0.044258, 0.918762)) == ({x2, x8}, (0.00391269, 0.0330674, 0.044258, 0.918762))
({x2, x9}, (0.0443499, 0.920671, 0.00184263, 0.0331362)) == ({x2, x9}, (0.0443499, 0.920671, 0.00184263, 0.0331362))
({x3, x4}, (0.0448423, 0.0114766, 0.0127893, 0.930892)) == ({x3, x4}, (0.0448423, 0.0114766, 0.0127893, 0.930892))
({x3, x5}, (0.000315729, 0.0551402, 0.0434089, 0.901135)) == ({x3, x5}, (0.000315729, 0.0551402, 0.0434089, 0.901135))
({x3, x6}, (0.025268, 0.449445, 0.000742176, 0.524545)) == ({x3, x6}, (0.025268, 0.449445, 0.000742176, 0.524545))
({x3, x7}, (0.0357284, 0.741695, 0.000625688, 0.221951)) == ({x3, x7}, (0.0357284, 0.741695, 0.000625688, 0.221951))
({x3, x8}, (0.00391269, 0.0330674, 0.044258, 0.918762)) == ({x3, x8}, (0.00391269, 0.0330674, 0.044258, 0.918762))
({x3, x9}, (0.0443499, 0.920671, 0.00184263, 0.0331362)) == ({x3, x9}, (0.0443499, 0.920671, 0.00184263, 0.0331362))
({x4, x5}, (0.0016259, 0.0550679, 0.043352, 0.899954)) == ({x4, x5}, (0.0016259, 0.0550679, 0.043352, 0.899954))
({x4, x6}, (0.0251242, 0.446887, 0.00643008, 0.521559)) == ({x4, x6}, (0.0251242, 0.446887, 0.00643008, 0.521559))
({x4, x7}, (0.0357029, 0.741166, 0.00133903, 0.221792)) == ({x4, x7}, (0.0357029, 0.741166, 0.00133903, 0.221792))
({x4, x8}, (0.00345989, 0.0330825, 0.0442781, 0.91918)) == ({x4, x8}, (0.00345989, 0.0330825, 0.0442781, 0.91918))
({x4, x9}, (0.0443499, 0.920671, 0.00184263, 0.0331362)) == ({x4, x9}, (0.0443499, 0.920671, 0.00184263, 0.0331362))
({x5, x6}, (0.00086112, 0.446341, 0.0318751, 0.520922)) == ({x5, x6}, (0.00086112, 0.446341, 0.0318751, 0.520922))
({x5, x7}, (0.00546166, 0.731043, 0.0447323, 0.218763)) == ({x5, x7}, (0.00546166, 0.731043, 0.0447323, 0.218763))
({x5, x8}, (0.0326766, 0.00386644, 0.0555543, 0.907903)) == ({x5, x8}, (0.0326766, 0.00386644, 0.0555543, 0.907903))
({x5, x9}, (0.0555765, 0.908266, 0.0326897, 0.00346774)) == ({x5, x9}, (0.0555765, 0.908266, 0.0326897, 0.00346774))
({x6, x7}, (0.363088, 0.423758, 0.126809, 0.086346)) == ({x6, x7}, (0.363088, 0.423758, 0.126809, 0.086346))
({x6, x8}, (0.00224485, 0.018972, 0.451657, 0.527126)) == ({x6, x8}, (0.00224485, 0.018972, 0.451657, 0.527126))
({x6, x9}, (0.451829, 0.527327, 0.00186516, 0.0189792)) == ({x6, x9}, (0.451829, 0.527327, 0.00186516, 0.0189792))
({x7, x8}, (0.00317929, 0.0268692, 0.746548, 0.223403)) == ({x7, x8}, (0.00317929, 0.0268692, 0.746548, 0.223403))
({x7, x9}, (0.746794, 0.223477, 0.00285124, 0.0268781)) == ({x7, x9}, (0.746794, 0.223477, 0.00285124, 0.0268781))
({x8, x9}, (0.00590414, 0.94383, 0.0339697, 0.0162965)) == ({x8, x9}, (0.00590414, 0.94383, 0.0339697, 0.0162965))
Exact MAP state (log score = 13.32):
x0: 1
x1: 1
x2: 1
x3: 1
x4: 1
x5: 1
x6: 1
x7: 0
x8: 1
x9: 0
