Builtin inference algorithms: {BP, EXACT, FBP, JTREE, TRWBP}

Exact variable marginals:
({x0}, (0.848574, 0.151426))
({x1}, (0.744435, 0.255565))
({x2}, (0.899956, 0.100044))
({x3}, (0.869524, 0.130476))
({x4}, (0.850394, 0.149606))
({x5}, (0.845094, 0.154906))
({x6}, (0.664793, 0.335207))
({x7}, (0.865987, 0.134013))
({x8}, (0.205092, 0.794908))
({x9}, (0.261997, 0.738003))
Exact factor marginals:
({x0}, (0.848574, 0.151426))
({x1}, (0.744435, 0.255565))
({x2}, (0.899956, 0.100044))
({x3}, (0.869524, 0.130476))
({x4}, (0.850394, 0.149606))
({x5}, (0.845094, 0.154906))
({x6}, (0.664793, 0.335207))
({x7}, (0.865987, 0.134013))
({x8}, (0.205092, 0.794908))
({x9}, (0.261997, 0.738003))
({x0, x1}, (0.673708, 0.0707276, 0.174866, 0.0806988))
({x0, x2}, (0.80434, 0.0956159, 0.0442336, 0.0558104))
({x0, x3}, (0.828438, 0.0410854, 0.0201354, 0.110341))
({x0, x4}, (0.833169, 0.0172248, 0.0154043, 0.134202))
({x0, x5}, (0.830618, 0.0144763, 0.0179558, 0.13695))
({x0, x6}, (0.596686, 0.0681074, 0.251888, 0.0833189))
({x0, x7}, (0.839145, 0.0268424, 0.00942882, 0.124584))
({x0, x8}, (0.0714331, 0.133659, 0.777141, 0.0177676))
({x0, x9}, (0.160558, 0.101439, 0.688015, 0.0499876))
({x1, x2}, (0.729182, 0.170774, 0.0152528, 0.0847912))
({x1, x3}, (0.658609, 0.210915, 0.0858264, 0.0446499))
({x1, x4}, (0.674489, 0.175905, 0.0699458, 0.07966))
({x1, x5}, (0.677193, 0.167901, 0.0672423, 0.0876635))
({x1, x6}, (0.638342, 0.0264508, 0.106093, 0.229114))
({x1, x7}, (0.679517, 0.186471, 0.0649187, 0.0690941))
({x1, x8}, (0.112564, 0.0925278, 0.631871, 0.163037))
({x1, x9}, (0.22667, 0.0353274, 0.517766, 0.220237))
({x2, x3}, (0.820703, 0.0488207, 0.079253, 0.0512233))
({x2, x4}, (0.802282, 0.0481118, 0.0976737, 0.0519322))
({x2, x5}, (0.799906, 0.0451877, 0.10005, 0.0548563))
({x2, x6}, (0.648479, 0.0163136, 0.251477, 0.0837304))
({x2, x7}, (0.818577, 0.0474102, 0.081379, 0.0526338))
({x2, x8}, (0.14852, 0.0565718, 0.751436, 0.0434722))
({x2, x9}, (0.222605, 0.0393919, 0.677351, 0.060652))
({x3, x4}, (0.820794, 0.0295997, 0.0487292, 0.100877))
({x3, x5}, (0.815572, 0.0295224, 0.0539519, 0.100954))
({x3, x6}, (0.586557, 0.0782363, 0.282967, 0.05224))
({x3, x7}, (0.833754, 0.0322335, 0.0357699, 0.0982428))
({x3, x8}, (0.101992, 0.1031, 0.767532, 0.0273763))
({x3, x9}, (0.153426, 0.108571, 0.716098, 0.0219053))
({x4, x5}, (0.840031, 0.0050628, 0.0103628, 0.144543))
({x4, x6}, (0.591282, 0.0735106, 0.259112, 0.0760953))
({x4, x7}, (0.848471, 0.0175162, 0.00192314, 0.13209))
({x4, x8}, (0.0593431, 0.145749, 0.791051, 0.00385719))
({x4, x9}, (0.174078, 0.0879191, 0.676316, 0.0616867))
({x5, x6}, (0.592362, 0.0724308, 0.252732, 0.082475))
({x5, x7}, (0.843278, 0.0227092, 0.0018161, 0.132197))
({x5, x8}, (0.0587986, 0.146293, 0.786296, 0.00861267))
({x5, x9}, (0.171066, 0.0909307, 0.674028, 0.0639751))
({x6, x7}, (0.597844, 0.268143, 0.0669485, 0.0670643))
({x6, x8}, (0.120797, 0.0842947, 0.543996, 0.250912))
({x6, x9}, (0.207222, 0.0547756, 0.457571, 0.280431))
({x7, x8}, (0.0719024, 0.133189, 0.794085, 0.000823338))
({x7, x9}, (0.178955, 0.083042, 0.687032, 0.0509708))
({x8, x9}, (0.089729, 0.172268, 0.115363, 0.62264))
Exact log partition sum: 6.47077
Exact MAP variable marginals:
({x0}, (0.897853, 0.102147))
({x1}, (0.779975, 0.220025))
({x2}, (0.92276, 0.0772401))
({x3}, (0.897853, 0.102147))
({x4}, (0.897853, 0.102147))
({x5}, (0.897853, 0.102147))
({x6}, (0.779975, 0.220025))
({x7}, (0.897853, 0.102147))
({x8}, (0.102147, 0.897853))
({x9}, (0.250431, 0.749569))
Exact MAP factor marginals:
({x0}, (0.897853, 0.102147)) == ({x0}, (0.897853, 0.102147))
({x1}, (0.779975, 0.220025)) == ({x1}, (0.779975, 0.220025))
({x2}, (0.92276, 0.0772401)) == ({x2}, (0.92276, 0.0772401))
({x3}, (0.897853, 0.102147)) == ({x3}, (0.897853, 0.102147))
({x4}, (0.897853, 0.102147)) == ({x4}, (0.897853, 0.102147))
({x5}, (0.897853, 0.102147)) == ({x5}, (0.897853, 0.102147))
({x6}, (0.779975, 0.220025)) == ({x6}, (0.779975, 0.220025))
({x7}, (0.897853, 0.102147)) == ({x7}, (0.897853, 0.102147))
({x8}, (0.102147, 0.897853)) == ({x8}, (0.102147, 0.897853))
({x9}, (0.250431, 0.749569)) == ({x9}, (0.250431, 0.749569))
({x0, x1}, (0.689556, 0.0784495, 0.194518, 0.0374764)) == ({x0, x1}, (0.689556, 0.0784495, 0.194518, 0.0374764))
({x0, x2}, (0.798835, 0.0908821, 0.066867, 0.0434157)) == ({x0, x2}, (0.798835, 0.0908821, 0.066867, 0.0434157))
({x0, x3}, (0.844108, 0.0342365, 0.0256233, 0.0960326)) == ({x0, x3}, (0.844108, 0.0342365, 0.0256233, 0.0960326))
({x0, x4}, (0.881889, 0.00814197, 0.00963766, 0.100331)) == ({x0, x4}, (0.881889, 0.00814197, 0.00963766, 0.100331))
({x0, x5}, (0.881889, 0.00814197, 0.00963766, 0.100331)) == ({x0, x5}, (0.881889, 0.00814197, 0.00963766, 0.100331))
({x0, x6}, (0.689556, 0.0784495, 0.194518, 0.0374764)) == ({x0, x6}, (0.689556, 0.0784495, 0.194518, 0.0374764))
({x0, x7}, (0.880733, 0.00944255, 0.00962502, 0.100199)) == ({x0, x7}, (0.880733, 0.00944255, 0.00962502, 0.100199))
({x0, x8}, (0.0830159, 0.0928972, 0.816548, 0.00753871)) == ({x0, x8}, (0.0830159, 0.0928972, 0.816548, 0.00753871))
({x0, x9}, (0.224465, 0.0764351, 0.67185, 0.0272498)) == ({x0, x9}, (0.224465, 0.0764351, 0.67185, 0.0272498))
({x1, x2}, (0.723165, 0.203999, 0.0123024, 0.060533)) == ({x1, x2}, (0.723165, 0.203999, 0.0123024, 0.060533))
({x1, x3}, (0.689556, 0.194518, 0.0784495, 0.0374764)) == ({x1, x3}, (0.689556, 0.194518, 0.0784495, 0.0374764))
({x1, x4}, (0.689556, 0.194518, 0.0784495, 0.0374764)) == ({x1, x4}, (0.689556, 0.194518, 0.0784495, 0.0374764))
({x1, x5}, (0.689556, 0.194518, 0.0784495, 0.0374764)) == ({x1, x5}, (0.689556, 0.194518, 0.0784495, 0.0374764))
({x1, x6}, (0.658529, 0.0174128, 0.138292, 0.185766)) == ({x1, x6}, (0.658529, 0.0174128, 0.138292, 0.185766))
({x1, x7}, (0.689556, 0.194518, 0.0784495, 0.0374764)) == ({x1, x7}, (0.689556, 0.194518, 0.0784495, 0.0374764))
({x1, x8}, (0.0784495, 0.0374764, 0.689556, 0.194518)) == ({x1, x8}, (0.0784495, 0.0374764, 0.689556, 0.194518))
({x1, x9}, (0.199995, 0.0325336, 0.598608, 0.168863)) == ({x1, x9}, (0.199995, 0.0325336, 0.598608, 0.168863))
({x2, x3}, (0.798835, 0.066867, 0.0908821, 0.0434157)) == ({x2, x3}, (0.798835, 0.066867, 0.0908821, 0.0434157))
({x2, x4}, (0.798835, 0.066867, 0.0908821, 0.0434157)) == ({x2, x4}, (0.798835, 0.066867, 0.0908821, 0.0434157))
({x2, x5}, (0.798835, 0.066867, 0.0908821, 0.0434157)) == ({x2, x5}, (0.798835, 0.066867, 0.0908821, 0.0434157))
({x2, x6}, (0.723165, 0.0123024, 0.203999, 0.060533)) == ({x2, x6}, (0.723165, 0.0123024, 0.203999, 0.060533))
({x2, x7}, (0.798835, 0.066867, 0.0908821, 0.0434157)) == ({x2, x7}, (0.798835, 0.066867, 0.0908821, 0.0434157))
({x2, x8}, (0.0908821, 0.0434157, 0.798835, 0.066867)) == ({x2, x8}, (0.0908821, 0.0434157, 0.798835, 0.066867))
({x2, x9}, (0.226947, 0.0369178, 0.679276, 0.0568592)) == ({x2, x9}, (0.226947, 0.0369178, 0.679276, 0.0568592))
({x3, x4}, (0.844108, 0.0256233, 0.0342365, 0.0960326)) == ({x3, x4}, (0.844108, 0.0256233, 0.0342365, 0.0960326))
({x3, x5}, (0.844108, 0.0256233, 0.0342365, 0.0960326)) == ({x3, x5}, (0.844108, 0.0256233, 0.0342365, 0.0960326))
({x3, x6}, (0.689556, 0.0784495, 0.194518, 0.0374764)) == ({x3, x6}, (0.689556, 0.0784495, 0.194518, 0.0374764))
({x3, x7}, (0.844108, 0.0256233, 0.0342365, 0.0960326)) == ({x3, x7}, (0.844108, 0.0256233, 0.0342365, 0.0960326))
({x3, x8}, (0.0816084, 0.0913221, 0.802703, 0.0243664)) == ({x3, x8}, (0.0816084, 0.0913221, 0.802703, 0.0243664))
({x3, x9}, (0.225414, 0.0767582, 0.674689, 0.023139)) == ({x3, x9}, (0.225414, 0.0767582, 0.674689, 0.023139))
({x4, x5}, (0.89053, 0.00380948, 0.00434663, 0.101314)) == ({x4, x5}, (0.89053, 0.00380948, 0.00434663, 0.101314))
({x4, x6}, (0.689556, 0.0784495, 0.194518, 0.0374764)) == ({x4, x6}, (0.689556, 0.0784495, 0.194518, 0.0374764))
({x4, x7}, (0.888673, 0.00952768, 0.000696463, 0.101103)) == ({x4, x7}, (0.888673, 0.00952768, 0.000696463, 0.101103))
({x4, x8}, (0.0835152, 0.0934559, 0.821459, 0.00157029)) == ({x4, x8}, (0.0835152, 0.0934559, 0.821459, 0.00157029))
({x4, x9}, (0.224465, 0.0764351, 0.67185, 0.0272498)) == ({x4, x9}, (0.224465, 0.0764351, 0.67185, 0.0272498))
({x5, x6}, (0.689556, 0.0784495, 0.194518, 0.0374764)) == ({x5, x6}, (0.689556, 0.0784495, 0.194518, 0.0374764))
({x5, x7}, (0.888403, 0.00952478, 0.0010002, 0.101072)) == ({x5, x7}, (0.888403, 0.00952478, 0.0010002, 0.101072))
({x5, x8}, (0.083312, 0.0932285, 0.81946, 0.00399974)) == ({x5, x8}, (0.083312, 0.0932285, 0.81946, 0.00399974))
({x5, x9}, (0.224465, 0.0764351, 0.67185, 0.0272498)) == ({x5, x9}, (0.224465, 0.0764351, 0.67185, 0.0272498))
({x6, x7}, (0.689556, 0.194518, 0.0784495, 0.0374764)) == ({x6, x7}, (0.689556, 0.194518, 0.0784495, 0.0374764))
({x6, x8}, (0.0784495, 0.0374764, 0.689556, 0.194518)) == ({x6, x8}, (0.0784495, 0.0374764, 0.689556, 0.194518))
({x6, x9}, (0.199995, 0.0325336, 0.598608, 0.168863)) == ({x6, x9}, (0.199995, 0.0325336, 0.598608, 0.168863))
({x7, x8}, (0.083625, 0.0935788, 0.822539, 0.000256995)) == ({x7, x8}, (0.083625, 0.0935788, 0.822539, 0.000256995))
({x7, x9}, (0.224465, 0.0764351, 0.67185, 0.0272498)) == ({x7, x9}, (0.224465, 0.0764351, 0.67185, 0.0272498))
({x8, x9}, (0.0734208, 0.215613, 0.0656112, 0.645355)) == ({x8, x9}, (0.0734208, 0.215613, 0.0656112, 0.645355))
Exact MAP state (log score = 5.50489):
x0: 0
x1: 0
x2: 0
x3: 0
x4: 0
x5: 0
x6: 0
x7: 0
x8: 1
x9: 1
