Builtin inference algorithms: {BP, EXACT, FBP, JTREE, TRWBP}

Exact variable marginals:
({x0}, (0.868724, 0.131276))
({x1}, (0.272362, 0.727638))
({x2}, (0.581492, 0.418508))
({x3}, (0.432242, 0.567758))
({x4}, (0.364005, 0.635995))
({x5}, (0.681531, 0.318469))
({x6}, (0.401625, 0.598375))
({x7}, (0.620691, 0.379309))
({x8}, (0.63239, 0.36761))
({x9}, (0.118391, 0.881609))
Exact factor marginals:
({x0}, (0.868724, 0.131276))
({x1}, (0.272362, 0.727638))
({x2}, (0.581492, 0.418508))
({x3}, (0.432242, 0.567758))
({x4}, (0.364005, 0.635995))
({x5}, (0.681531, 0.318469))
({x6}, (0.401625, 0.598375))
({x7}, (0.620691, 0.379309))
({x8}, (0.63239, 0.36761))
({x9}, (0.118391, 0.881609))
({x0, x1}, (0.195162, 0.0772001, 0.673562, 0.0540754))
({x0, x2}, (0.497684, 0.0838079, 0.37104, 0.0474676))
({x0, x3}, (0.346375, 0.0858672, 0.522349, 0.0454083))
({x0, x4}, (0.261163, 0.102841, 0.607561, 0.0284341))
({x0, x5}, (0.575057, 0.106474, 0.293667, 0.0248019))
({x0, x6}, (0.360054, 0.0415704, 0.50867, 0.0897051))
({x0, x7}, (0.517676, 0.103015, 0.351049, 0.0282602))
({x0, x8}, (0.607598, 0.0247923, 0.261127, 0.106483))
({x0, x9}, (0.0717361, 0.0466554, 0.796988, 0.0846201))
({x1, x2}, (0.118658, 0.462835, 0.153705, 0.264803))
({x1, x3}, (0.0973078, 0.334934, 0.175054, 0.392703))
({x1, x4}, (0.185604, 0.178401, 0.0867586, 0.549237))
({x1, x5}, (0.132067, 0.549464, 0.140296, 0.178174))
({x1, x6}, (0.171143, 0.230482, 0.101219, 0.497156))
({x1, x7}, (0.21272, 0.407971, 0.0596419, 0.319667))
({x1, x8}, (0.0824004, 0.54999, 0.189962, 0.177648))
({x1, x9}, (0.0856816, 0.0327098, 0.186681, 0.694928))
({x2, x3}, (0.387205, 0.0450374, 0.194287, 0.37347))
({x2, x4}, (0.230725, 0.13328, 0.350767, 0.285228))
({x2, x5}, (0.495016, 0.186515, 0.0864766, 0.231993))
({x2, x6}, (0.115694, 0.285931, 0.465798, 0.132577))
({x2, x7}, (0.428918, 0.191773, 0.152574, 0.226735))
({x2, x8}, (0.417393, 0.214997, 0.164099, 0.203511))
({x2, x9}, (0.0354951, 0.0828964, 0.545997, 0.335611))
({x3, x4}, (0.180513, 0.183492, 0.251729, 0.384266))
({x3, x5}, (0.369389, 0.312142, 0.0628536, 0.255616))
({x3, x6}, (0.0526778, 0.348947, 0.379564, 0.218811))
({x3, x7}, (0.368362, 0.252329, 0.06388, 0.315429))
({x3, x8}, (0.305773, 0.326617, 0.126469, 0.241141))
({x3, x9}, (0.0340922, 0.0842993, 0.39815, 0.483458))
({x4, x5}, (0.237236, 0.444295, 0.126769, 0.1917))
({x4, x6}, (0.167755, 0.23387, 0.19625, 0.402125))
({x4, x7}, (0.268905, 0.351786, 0.0950998, 0.284209))
({x4, x8}, (0.159854, 0.472536, 0.204151, 0.163459))
({x4, x9}, (0.0923594, 0.0260321, 0.271645, 0.609963))
({x5, x6}, (0.154551, 0.247073, 0.526979, 0.0713959))
({x5, x7}, (0.43733, 0.183361, 0.244201, 0.135108))
({x5, x8}, (0.414864, 0.217526, 0.266666, 0.100944))
({x5, x9}, (0.0594274, 0.0589641, 0.622103, 0.259505))
({x6, x7}, (0.188134, 0.432557, 0.213491, 0.165819))
({x6, x8}, (0.261524, 0.370866, 0.140101, 0.22751))
({x6, x9}, (0.0861948, 0.0321967, 0.31543, 0.566179))
({x7, x8}, (0.363402, 0.268988, 0.257289, 0.110321))
({x7, x9}, (0.0590564, 0.059335, 0.561634, 0.319974))
({x8, x9}, (0.0208845, 0.0975069, 0.611505, 0.270103))
Exact log partition sum: 8.59768
Exact MAP variable marginals:
({x0}, (0.878989, 0.121011))
({x1}, (0.121011, 0.878989))
({x2}, (0.691432, 0.308568))
({x3}, (0.691432, 0.308568))
({x4}, (0.249524, 0.750476))
({x5}, (0.691432, 0.308568))
({x6}, (0.308568, 0.691432))
({x7}, (0.691432, 0.308568))
({x8}, (0.855923, 0.144077))
({x9}, (0.0794777, 0.920522))
Exact MAP factor marginals:
({x0}, (0.878989, 0.121011)) == ({x0}, (0.878989, 0.121011))
({x1}, (0.121011, 0.878989)) == ({x1}, (0.121011, 0.878989))
({x2}, (0.691432, 0.308568)) == ({x2}, (0.691432, 0.308568))
({x3}, (0.691432, 0.308568)) == ({x3}, (0.691432, 0.308568))
({x4}, (0.249524, 0.750476)) == ({x4}, (0.249524, 0.750476))
({x5}, (0.691432, 0.308568)) == ({x5}, (0.691432, 0.308568))
({x6}, (0.308568, 0.691432)) == ({x6}, (0.308568, 0.691432))
({x7}, (0.691432, 0.308568)) == ({x7}, (0.691432, 0.308568))
({x8}, (0.855923, 0.144077)) == ({x8}, (0.855923, 0.144077))
({x9}, (0.0794777, 0.920522)) == ({x9}, (0.0794777, 0.920522))
({x0, x1}, (0.0760539, 0.10345, 0.751436, 0.0690593)) == ({x0, x1}, (0.0760539, 0.10345, 0.751436, 0.0690593))
({x0, x2}, (0.614982, 0.0846646, 0.27445, 0.025904)) == ({x0, x2}, (0.614982, 0.0846646, 0.27445, 0.025904))
({x0, x3}, (0.614982, 0.0846646, 0.27445, 0.025904)) == ({x0, x3}, (0.614982, 0.0846646, 0.27445, 0.025904))
({x0, x4}, (0.219851, 0.0910318, 0.661231, 0.0278856)) == ({x0, x4}, (0.219851, 0.0910318, 0.661231, 0.0278856))
({x0, x5}, (0.614982, 0.0846646, 0.27445, 0.025904)) == ({x0, x5}, (0.614982, 0.0846646, 0.27445, 0.025904))
({x0, x6}, (0.27445, 0.025904, 0.614982, 0.0846646)) == ({x0, x6}, (0.27445, 0.025904, 0.614982, 0.0846646))
({x0, x7}, (0.618366, 0.0851305, 0.27596, 0.0205437)) == ({x0, x7}, (0.618366, 0.0851305, 0.27596, 0.0205437))
({x0, x8}, (0.736, 0.0387836, 0.123891, 0.101325)) == ({x0, x8}, (0.736, 0.0387836, 0.123891, 0.101325))
({x0, x9}, (0.0668238, 0.0526618, 0.773963, 0.106552)) == ({x0, x9}, (0.0668238, 0.0526618, 0.773963, 0.106552))
({x1, x2}, (0.0816959, 0.593417, 0.0600606, 0.264826)) == ({x1, x2}, (0.0816959, 0.593417, 0.0600606, 0.264826))
({x1, x3}, (0.0816959, 0.593417, 0.0600606, 0.264826)) == ({x1, x3}, (0.0816959, 0.593417, 0.0600606, 0.264826))
({x1, x4}, (0.0881394, 0.212866, 0.0587735, 0.640222)) == ({x1, x4}, (0.0881394, 0.212866, 0.0587735, 0.640222))
({x1, x5}, (0.0816959, 0.593417, 0.0600606, 0.264826)) == ({x1, x5}, (0.0816959, 0.593417, 0.0600606, 0.264826))
({x1, x6}, (0.0600606, 0.264826, 0.0816959, 0.593417)) == ({x1, x6}, (0.0600606, 0.264826, 0.0816959, 0.593417))
({x1, x7}, (0.08313, 0.603834, 0.0435606, 0.269475)) == ({x1, x7}, (0.08313, 0.603834, 0.0435606, 0.269475))
({x1, x8}, (0.0656759, 0.715409, 0.0984905, 0.120425)) == ({x1, x8}, (0.0656759, 0.715409, 0.0984905, 0.120425))
({x1, x9}, (0.0690105, 0.0216624, 0.110038, 0.799289)) == ({x1, x9}, (0.0690105, 0.0216624, 0.110038, 0.799289))
({x2, x3}, (0.570703, 0.0225081, 0.1521, 0.254689)) == ({x2, x3}, (0.570703, 0.0225081, 0.1521, 0.254689))
({x2, x4}, (0.176858, 0.0538367, 0.531923, 0.237383)) == ({x2, x4}, (0.176858, 0.0538367, 0.531923, 0.237383))
({x2, x5}, (0.56026, 0.12797, 0.0617417, 0.250029)) == ({x2, x5}, (0.56026, 0.12797, 0.0617417, 0.250029))
({x2, x6}, (0.082174, 0.253685, 0.568453, 0.0956876)) == ({x2, x6}, (0.082174, 0.253685, 0.568453, 0.0956876))
({x2, x7}, (0.536637, 0.0808547, 0.143021, 0.239487)) == ({x2, x7}, (0.536637, 0.0808547, 0.143021, 0.239487))
({x2, x8}, (0.570687, 0.254682, 0.0785666, 0.0960637)) == ({x2, x8}, (0.570687, 0.254682, 0.0785666, 0.0960637))
({x2, x9}, (0.0425087, 0.0539403, 0.624744, 0.278807)) == ({x2, x9}, (0.0425087, 0.0539403, 0.624744, 0.278807))
({x3, x4}, (0.176858, 0.0538367, 0.531923, 0.237383)) == ({x3, x4}, (0.176858, 0.0538367, 0.531923, 0.237383))
({x3, x5}, (0.54855, 0.146196, 0.0604513, 0.244803)) == ({x3, x5}, (0.54855, 0.146196, 0.0604513, 0.244803))
({x3, x6}, (0.0218145, 0.25487, 0.571108, 0.152208)) == ({x3, x6}, (0.0218145, 0.25487, 0.571108, 0.152208))
({x3, x7}, (0.539758, 0.0825186, 0.136844, 0.24088)) == ({x3, x7}, (0.539758, 0.0825186, 0.136844, 0.24088))
({x3, x8}, (0.570687, 0.254682, 0.0785666, 0.0960637)) == ({x3, x8}, (0.570687, 0.254682, 0.0785666, 0.0960637))
({x3, x9}, (0.0425087, 0.0539403, 0.624744, 0.278807)) == ({x3, x9}, (0.0425087, 0.0539403, 0.624744, 0.278807))
({x4, x5}, (0.176858, 0.531923, 0.0538367, 0.237383)) == ({x4, x5}, (0.176858, 0.531923, 0.0538367, 0.237383))
({x4, x6}, (0.0538367, 0.237383, 0.176858, 0.531923)) == ({x4, x6}, (0.0538367, 0.237383, 0.176858, 0.531923))
({x4, x7}, (0.179635, 0.540278, 0.0389756, 0.241111)) == ({x4, x7}, (0.179635, 0.540278, 0.0389756, 0.241111))
({x4, x8}, (0.202923, 0.610319, 0.0840227, 0.102735)) == ({x4, x8}, (0.202923, 0.610319, 0.0840227, 0.102735))
({x4, x9}, (0.0597123, 0.0187437, 0.229947, 0.691597)) == ({x4, x9}, (0.0597123, 0.0187437, 0.229947, 0.691597))
({x5, x6}, (0.12797, 0.250029, 0.56026, 0.0617417)) == ({x5, x6}, (0.12797, 0.250029, 0.56026, 0.0617417))
({x5, x7}, (0.536637, 0.0808547, 0.143021, 0.239487)) == ({x5, x7}, (0.536637, 0.0808547, 0.143021, 0.239487))
({x5, x8}, (0.582814, 0.260094, 0.0981049, 0.0589874)) == ({x5, x8}, (0.582814, 0.260094, 0.0981049, 0.0589874))
({x5, x9}, (0.0425087, 0.0539403, 0.624744, 0.278807)) == ({x5, x9}, (0.0425087, 0.0539403, 0.624744, 0.278807))
({x6, x7}, (0.0808547, 0.536637, 0.239487, 0.143021)) == ({x6, x7}, (0.0808547, 0.536637, 0.239487, 0.143021))
({x6, x8}, (0.260094, 0.582814, 0.0589874, 0.0981049)) == ({x6, x8}, (0.260094, 0.582814, 0.0589874, 0.0981049))
({x6, x9}, (0.0539403, 0.0425087, 0.278807, 0.624744)) == ({x6, x9}, (0.0539403, 0.0425087, 0.278807, 0.624744))
({x7, x8}, (0.570687, 0.254682, 0.0785666, 0.0960637)) == ({x7, x8}, (0.570687, 0.254682, 0.0785666, 0.0960637))
({x7, x9}, (0.0538026, 0.0449539, 0.623149, 0.278095)) == ({x7, x9}, (0.0538026, 0.0449539, 0.623149, 0.278095))
({x8, x9}, (0.0211442, 0.0673597, 0.78017, 0.131326)) == ({x8, x9}, (0.0211442, 0.0673597, 0.78017, 0.131326))
Exact MAP state (log score = 6.49317):
x0: 0
x1: 1
x2: 0
x3: 0
x4: 1
x5: 0
x6: 1
x7: 0
x8: 0
x9: 1
