Builtin inference algorithms: {BP, EXACT, FBP, JTREE, TRWBP}

Exact variable marginals:
({x0}, (0.826298, 0.173702))
({x1}, (0.975195, 0.0248054))
({x2}, (0.877674, 0.122326))
({x3}, (0.419651, 0.580349))
({x4}, (0.939644, 0.0603556))
({x5}, (0.0374514, 0.962549))
({x6}, (0.0294098, 0.97059))
({x7}, (0.932708, 0.0672919))
({x8}, (0.910671, 0.0893291))
({x9}, (0.0304658, 0.969534))
Exact factor marginals:
({x0}, (0.826298, 0.173702))
({x1}, (0.975195, 0.0248054))
({x2}, (0.877674, 0.122326))
({x3}, (0.419651, 0.580349))
({x4}, (0.939644, 0.0603556))
({x5}, (0.0374514, 0.962549))
({x6}, (0.0294098, 0.97059))
({x7}, (0.932708, 0.0672919))
({x8}, (0.910671, 0.0893291))
({x9}, (0.0304658, 0.969534))
({x0, x1}, (0.820228, 0.154966, 0.00606916, 0.0187362))
({x0, x2}, (0.73436, 0.143314, 0.0919376, 0.0303884))
({x0, x3}, (0.25445, 0.165201, 0.571848, 0.00850145))
({x0, x4}, (0.825262, 0.114382, 0.00103521, 0.0593204))
({x0, x5}, (0.0190178, 0.0184336, 0.80728, 0.155269))
({x0, x6}, (0.0170271, 0.0123828, 0.80927, 0.16132))
({x0, x7}, (0.823857, 0.108851, 0.00244016, 0.0648518))
({x0, x8}, (0.817441, 0.0932296, 0.0088562, 0.0804729))
({x0, x9}, (0.00404884, 0.0264169, 0.822249, 0.147286))
({x1, x2}, (0.870693, 0.00698121, 0.104502, 0.0178242))
({x1, x3}, (0.398556, 0.021095, 0.576639, 0.00371037))
({x1, x4}, (0.932975, 0.00666972, 0.04222, 0.0181357))
({x1, x5}, (0.0176905, 0.0197609, 0.957504, 0.00504448))
({x1, x6}, (0.0159799, 0.0134299, 0.959215, 0.0113754))
({x1, x7}, (0.92794, 0.00476846, 0.047255, 0.0200369))
({x1, x8}, (0.906695, 0.00397583, 0.0684995, 0.0208295))
({x1, x9}, (0.0121496, 0.0183162, 0.963045, 0.00648919))
({x2, x3}, (0.337127, 0.082524, 0.540547, 0.0398019))
({x2, x4}, (0.832773, 0.106871, 0.0449012, 0.0154545))
({x2, x5}, (0.0171819, 0.0202696, 0.860492, 0.102056))
({x2, x6}, (0.0173737, 0.0120361, 0.8603, 0.11029))
({x2, x7}, (0.829162, 0.103546, 0.0485117, 0.0187802))
({x2, x8}, (0.822373, 0.0882975, 0.0553007, 0.0340284))
({x2, x9}, (0.014539, 0.0159268, 0.863135, 0.106399))
({x3, x4}, (0.360065, 0.579579, 0.0595856, 0.00077008))
({x3, x5}, (0.0336036, 0.00384781, 0.386047, 0.576502))
({x3, x6}, (0.0128099, 0.0165999, 0.406841, 0.563749))
({x3, x7}, (0.352978, 0.57973, 0.0666725, 0.00061941))
({x3, x8}, (0.331871, 0.5788, 0.0877796, 0.00154948))
({x3, x9}, (0.0271766, 0.00328915, 0.392474, 0.57706))
({x4, x5}, (0.0188143, 0.0186371, 0.92083, 0.0417185))
({x4, x6}, (0.0168474, 0.0125625, 0.922797, 0.0477932))
({x4, x7}, (0.929487, 0.00322136, 0.0101576, 0.0571343))
({x4, x8}, (0.908741, 0.00192979, 0.0309032, 0.0584259))
({x4, x9}, (0.00446511, 0.0260007, 0.935179, 0.034355))
({x5, x6}, (0.0140288, 0.015381, 0.0234226, 0.947168))
({x5, x7}, (0.018551, 0.914157, 0.0189005, 0.0483915))
({x5, x8}, (0.0181525, 0.892518, 0.0192989, 0.0700302))
({x5, x9}, (0.0196377, 0.0108281, 0.0178138, 0.95172))
({x6, x7}, (0.0164693, 0.916239, 0.0129405, 0.0543514))
({x6, x8}, (0.0170645, 0.893606, 0.0123453, 0.0769837))
({x6, x9}, (0.0131949, 0.0172708, 0.0162149, 0.953319))
({x7, x8}, (0.906007, 0.00466395, 0.0267011, 0.062628))
({x7, x9}, (0.00495816, 0.0255076, 0.92775, 0.0417843))
({x8, x9}, (0.00350183, 0.0269639, 0.907169, 0.0623651))
Exact log partition sum: 12.8801
Exact MAP variable marginals:
({x0}, (0.869911, 0.130089))
({x1}, (0.984062, 0.0159378))
({x2}, (0.927085, 0.0729152))
({x3}, (0.270572, 0.729428))
({x4}, (0.947572, 0.0524284))
({x5}, (0.0166357, 0.983364))
({x6}, (0.0234461, 0.976554))
({x7}, (0.947572, 0.0524284))
({x8}, (0.947572, 0.0524284))
({x9}, (0.0159378, 0.984062))
Exact MAP factor marginals:
({x0}, (0.869911, 0.130089)) == ({x0}, (0.869911, 0.130089))
({x1}, (0.984062, 0.0159378)) == ({x1}, (0.984062, 0.0159378))
({x2}, (0.927085, 0.0729152)) == ({x2}, (0.927085, 0.0729152))
({x3}, (0.270572, 0.729428)) == ({x3}, (0.270572, 0.729428))
({x4}, (0.947572, 0.0524284)) == ({x4}, (0.947572, 0.0524284))
({x5}, (0.0166357, 0.983364)) == ({x5}, (0.0166357, 0.983364))
({x6}, (0.0234461, 0.976554)) == ({x6}, (0.0234461, 0.976554))
({x7}, (0.947572, 0.0524284)) == ({x7}, (0.947572, 0.0524284))
({x8}, (0.947572, 0.0524284)) == ({x8}, (0.947572, 0.0524284))
({x9}, (0.0159378, 0.984062)) == ({x9}, (0.0159378, 0.984062))
({x0, x1}, (0.856629, 0.128103, 0.00139364, 0.0138739)) == ({x0, x1}, (0.856629, 0.128103, 0.00139364, 0.0138739))
({x0, x2}, (0.803494, 0.120157, 0.0631948, 0.0131545)) == ({x0, x2}, (0.803494, 0.120157, 0.0631948, 0.0131545))
({x0, x3}, (0.241626, 0.0974111, 0.651392, 0.0095715)) == ({x0, x3}, (0.241626, 0.0974111, 0.651392, 0.0095715))
({x0, x4}, (0.829546, 0.124053, 0.000503052, 0.0458982)) == ({x0, x4}, (0.829546, 0.124053, 0.000503052, 0.0458982))
({x0, x5}, (0.0143043, 0.0136945, 0.845554, 0.126447)) == ({x0, x5}, (0.0143043, 0.0136945, 0.845554, 0.126447))
({x0, x6}, (0.02018, 0.0136129, 0.840514, 0.125693)) == ({x0, x6}, (0.02018, 0.0136129, 0.840514, 0.125693))
({x0, x7}, (0.829156, 0.123995, 0.000972615, 0.0458766)) == ({x0, x7}, (0.829156, 0.123995, 0.000972615, 0.0458766))
({x0, x8}, (0.823719, 0.123182, 0.00752323, 0.0455758)) == ({x0, x8}, (0.823719, 0.123182, 0.00752323, 0.0455758))
({x0, x9}, (0.00202153, 0.0138652, 0.856091, 0.128022)) == ({x0, x9}, (0.00202153, 0.0138652, 0.856091, 0.128022))
({x1, x2}, (0.909495, 0.00424267, 0.0715318, 0.0147301)) == ({x1, x2}, (0.909495, 0.00424267, 0.0715318, 0.0147301))
({x1, x3}, (0.2671, 0.0116621, 0.720067, 0.00117147)) == ({x1, x3}, (0.2671, 0.0116621, 0.720067, 0.00117147))
({x1, x4}, (0.931834, 0.00151599, 0.0515577, 0.0150919)) == ({x1, x4}, (0.931834, 0.00151599, 0.0515577, 0.0150919))
({x1, x5}, (0.0163492, 0.0156521, 0.966426, 0.00157227)) == ({x1, x5}, (0.0163492, 0.0156521, 0.966426, 0.00157227))
({x1, x6}, (0.0229397, 0.0154745, 0.95546, 0.00612556)) == ({x1, x6}, (0.0229397, 0.0154745, 0.95546, 0.00612556))
({x1, x7}, (0.931834, 0.00151599, 0.0515577, 0.0150919)) == ({x1, x7}, (0.931834, 0.00151599, 0.0515577, 0.0150919))
({x1, x8}, (0.931834, 0.00151599, 0.0515577, 0.0150919)) == ({x1, x8}, (0.931834, 0.00151599, 0.0515577, 0.0150919))
({x1, x9}, (0.0112067, 0.015734, 0.971479, 0.00158049)) == ({x1, x9}, (0.0112067, 0.015734, 0.971479, 0.00158049))
({x2, x3}, (0.244412, 0.0518227, 0.658903, 0.0448618)) == ({x2, x3}, (0.244412, 0.0518227, 0.658903, 0.0448618))
({x2, x4}, (0.869433, 0.0683809, 0.0481051, 0.0140812)) == ({x2, x4}, (0.869433, 0.0683809, 0.0481051, 0.0140812))
({x2, x5}, (0.0152165, 0.0145678, 0.899472, 0.0707435)) == ({x2, x5}, (0.0152165, 0.0145678, 0.899472, 0.0707435))
({x2, x6}, (0.0214586, 0.0144754, 0.893771, 0.0702951)) == ({x2, x6}, (0.0214586, 0.0144754, 0.893771, 0.0702951))
({x2, x7}, (0.869433, 0.0683809, 0.0481051, 0.0140812)) == ({x2, x7}, (0.869433, 0.0683809, 0.0481051, 0.0140812))
({x2, x8}, (0.8693, 0.0683704, 0.0480977, 0.0142318)) == ({x2, x8}, (0.8693, 0.0683704, 0.0480977, 0.0142318))
({x2, x9}, (0.0104265, 0.0146386, 0.903847, 0.0710876)) == ({x2, x9}, (0.0104265, 0.0146386, 0.903847, 0.0710876))
({x3, x4}, (0.260024, 0.700992, 0.0387854, 0.000197727)) == ({x3, x4}, (0.260024, 0.700992, 0.0387854, 0.000197727))
({x3, x5}, (0.0121695, 0.00162895, 0.266839, 0.719363)) == ({x3, x5}, (0.0121695, 0.00162895, 0.266839, 0.719363))
({x3, x6}, (0.0114772, 0.0170139, 0.262863, 0.708646)) == ({x3, x6}, (0.0114772, 0.0170139, 0.262863, 0.708646))
({x3, x7}, (0.260048, 0.701056, 0.0387889, 0.000107665)) == ({x3, x7}, (0.260048, 0.701056, 0.0387889, 0.000107665))
({x3, x8}, (0.259924, 0.700723, 0.0387705, 0.000582295)) == ({x3, x8}, (0.259924, 0.700723, 0.0387705, 0.000582295))
({x3, x9}, (0.011656, 0.00169943, 0.266959, 0.719686)) == ({x3, x9}, (0.011656, 0.00169943, 0.266959, 0.719686))
({x4, x5}, (0.0155425, 0.0148799, 0.918744, 0.0508334)) == ({x4, x5}, (0.0155425, 0.0148799, 0.918744, 0.0508334))
({x4, x6}, (0.0219154, 0.0147836, 0.912797, 0.0505044)) == ({x4, x6}, (0.0219154, 0.0147836, 0.912797, 0.0505044))
({x4, x7}, (0.940063, 0.0025798, 0.00534382, 0.052013)) == ({x4, x7}, (0.940063, 0.0025798, 0.00534382, 0.052013))
({x4, x8}, (0.931908, 0.00127336, 0.0152568, 0.0515618)) == ({x4, x8}, (0.931908, 0.00127336, 0.0152568, 0.0515618))
({x4, x9}, (0.00219888, 0.0150816, 0.931197, 0.0515225)) == ({x4, x9}, (0.00219888, 0.0150816, 0.931197, 0.0515225))
({x5, x6}, (0.0153207, 0.0227117, 0.016003, 0.945965)) == ({x5, x6}, (0.0153207, 0.0227117, 0.016003, 0.945965))
({x5, x7}, (0.0155425, 0.918744, 0.0148799, 0.0508334)) == ({x5, x7}, (0.0155425, 0.918744, 0.0148799, 0.0508334))
({x5, x8}, (0.0155425, 0.918744, 0.0148799, 0.0508334)) == ({x5, x8}, (0.0155425, 0.918744, 0.0148799, 0.0508334))
({x5, x9}, (0.0155037, 0.0110427, 0.0161941, 0.95726)) == ({x5, x9}, (0.0155037, 0.0110427, 0.0161941, 0.95726))
({x6, x7}, (0.0219154, 0.912797, 0.0147836, 0.0505044)) == ({x6, x7}, (0.0219154, 0.912797, 0.0147836, 0.0505044))
({x6, x8}, (0.0219154, 0.912797, 0.0147836, 0.0505044)) == ({x6, x8}, (0.0219154, 0.912797, 0.0147836, 0.0505044))
({x6, x9}, (0.0153991, 0.0109682, 0.0228279, 0.950805)) == ({x6, x9}, (0.0153991, 0.0109682, 0.0228279, 0.950805))
({x7, x8}, (0.929041, 0.00434563, 0.0152099, 0.0514032)) == ({x7, x8}, (0.929041, 0.00434563, 0.0152099, 0.0514032))
({x7, x9}, (0.00219888, 0.0150816, 0.931197, 0.0515225)) == ({x7, x9}, (0.00219888, 0.0150816, 0.931197, 0.0515225))
({x8, x9}, (0.00219888, 0.0150816, 0.931197, 0.0515225)) == ({x8, x9}, (0.00219888, 0.0150816, 0.931197, 0.0515225))
Exact MAP state (log score = 12.2164):
x0: 0
x1: 0
x2: 0
x3: 1
x4: 0
x5: 1
x6: 1
x7: 0
x8: 0
x9: 1
