Builtin inference algorithms: {BP, EXACT, FBP, JTREE, TRWBP}

Exact variable marginals:
({x0}, (0.570117, 0.429883))
({x1}, (0.491273, 0.508727))
({x2}, (0.336446, 0.663554))
({x3}, (0.493066, 0.506934))
({x4}, (0.451587, 0.548413))
({x5}, (0.554713, 0.445287))
({x6}, (0.573078, 0.426922))
({x7}, (0.541321, 0.458679))
({x8}, (0.457991, 0.542009))
({x9}, (0.528201, 0.471799))
Exact factor marginals:
({x0}, (0.570117, 0.429883))
({x1}, (0.491273, 0.508727))
({x2}, (0.336446, 0.663554))
({x3}, (0.493066, 0.506934))
({x4}, (0.451587, 0.548413))
({x5}, (0.554713, 0.445287))
({x6}, (0.573078, 0.426922))
({x7}, (0.541321, 0.458679))
({x8}, (0.457991, 0.542009))
({x9}, (0.528201, 0.471799))
({x0, x1}, (0.280277, 0.210996, 0.28984, 0.218886))
({x0, x2}, (0.310737, 0.0257096, 0.259381, 0.404173))
({x0, x3}, (0.159424, 0.333642, 0.410693, 0.0962409))
({x0, x4}, (0.146704, 0.304883, 0.423413, 0.125))
({x0, x5}, (0.267648, 0.287065, 0.30247, 0.142817))
({x0, x6}, (0.263706, 0.309372, 0.306412, 0.12051))
({x0, x7}, (0.22409, 0.317231, 0.346027, 0.112652))
({x0, x8}, (0.15172, 0.306271, 0.418398, 0.123612))
({x0, x9}, (0.417583, 0.110618, 0.152534, 0.319265))
({x1, x2}, (0.221199, 0.115248, 0.270075, 0.393479))
({x1, x3}, (0.336103, 0.156964, 0.155171, 0.351763))
({x1, x4}, (0.32625, 0.125337, 0.165023, 0.38339))
({x1, x5}, (0.416997, 0.137716, 0.0742764, 0.371011))
({x1, x6}, (0.361504, 0.211574, 0.129769, 0.297153))
({x1, x7}, (0.379923, 0.161398, 0.111351, 0.347328))
({x1, x8}, (0.321275, 0.136716, 0.169999, 0.372011))
({x1, x9}, (0.165026, 0.363175, 0.326247, 0.145552))
({x2, x3}, (0.127615, 0.365451, 0.208831, 0.298103))
({x2, x4}, (0.132716, 0.31887, 0.20373, 0.344683))
({x2, x5}, (0.184133, 0.37058, 0.152313, 0.292974))
({x2, x6}, (0.131134, 0.441944, 0.205312, 0.22161))
({x2, x7}, (0.133974, 0.407347, 0.202472, 0.256207))
({x2, x8}, (0.128805, 0.329186, 0.207641, 0.334368))
({x2, x9}, (0.207081, 0.32112, 0.129365, 0.342434))
({x3, x4}, (0.440671, 0.010916, 0.0523954, 0.496018))
({x3, x5}, (0.43919, 0.115523, 0.0538763, 0.391411))
({x3, x6}, (0.462836, 0.110242, 0.0302302, 0.396692))
({x3, x7}, (0.468692, 0.0726286, 0.0243738, 0.434305))
({x3, x8}, (0.452542, 0.00544863, 0.0405243, 0.501485))
({x3, x9}, (0.0268685, 0.501332, 0.466198, 0.00560141))
({x4, x5}, (0.415314, 0.139399, 0.0362727, 0.409014))
({x4, x6}, (0.435444, 0.137634, 0.0161427, 0.410779))
({x4, x7}, (0.439621, 0.101701, 0.0119664, 0.446713))
({x4, x8}, (0.431597, 0.0263939, 0.0199902, 0.522019))
({x4, x9}, (0.0115427, 0.516658, 0.440044, 0.031755))
({x5, x6}, (0.492322, 0.080756, 0.0623911, 0.364531))
({x5, x7}, (0.496016, 0.0453051, 0.0586971, 0.399982))
({x5, x8}, (0.434002, 0.0239888, 0.120711, 0.421298))
({x5, x9}, (0.116697, 0.411504, 0.438016, 0.0337834))
({x6, x7}, (0.518693, 0.0226279, 0.0543849, 0.404294))
({x6, x8}, (0.449251, 0.00873949, 0.123827, 0.418182))
({x6, x9}, (0.114721, 0.41348, 0.458357, 0.0134423))
({x7, x8}, (0.454347, 0.00364406, 0.0869745, 0.455035))
({x7, x9}, (0.0760188, 0.452182, 0.465302, 0.00649693))
({x8, x9}, (0.00342278, 0.524778, 0.454568, 0.0172313))
Exact log partition sum: 8.41903
Exact MAP variable marginals:
({x0}, (0.364849, 0.635151))
({x1}, (0.635151, 0.364849))
({x2}, (0.364849, 0.635151))
({x3}, (0.635151, 0.364849))
({x4}, (0.635151, 0.364849))
({x5}, (0.635151, 0.364849))
({x6}, (0.635151, 0.364849))
({x7}, (0.635151, 0.364849))
({x8}, (0.635151, 0.364849))
({x9}, (0.364849, 0.635151))
Exact MAP factor marginals:
({x0}, (0.364849, 0.635151)) == ({x0}, (0.364849, 0.635151))
({x1}, (0.635151, 0.364849)) == ({x1}, (0.635151, 0.364849))
({x2}, (0.364849, 0.635151)) == ({x2}, (0.364849, 0.635151))
({x3}, (0.635151, 0.364849)) == ({x3}, (0.635151, 0.364849))
({x4}, (0.635151, 0.364849)) == ({x4}, (0.635151, 0.364849))
({x5}, (0.635151, 0.364849)) == ({x5}, (0.635151, 0.364849))
({x6}, (0.635151, 0.364849)) == ({x6}, (0.635151, 0.364849))
({x7}, (0.635151, 0.364849)) == ({x7}, (0.635151, 0.364849))
({x8}, (0.635151, 0.364849)) == ({x8}, (0.635151, 0.364849))
({x9}, (0.364849, 0.635151)) == ({x9}, (0.364849, 0.635151))
({x0, x1}, (0.21496, 0.378384, 0.217355, 0.189301)) == ({x0, x1}, (0.21496, 0.378384, 0.217355, 0.189301))
({x0, x2}, (0.257923, 0.042303, 0.250766, 0.449008)) == ({x0, x2}, (0.257923, 0.042303, 0.250766, 0.449008))
({x0, x3}, (0.21496, 0.378384, 0.217355, 0.189301)) == ({x0, x3}, (0.21496, 0.378384, 0.217355, 0.189301))
({x0, x4}, (0.21496, 0.378384, 0.217355, 0.189301)) == ({x0, x4}, (0.21496, 0.378384, 0.217355, 0.189301))
({x0, x5}, (0.21496, 0.378384, 0.217355, 0.189301)) == ({x0, x5}, (0.21496, 0.378384, 0.217355, 0.189301))
({x0, x6}, (0.21496, 0.378384, 0.217355, 0.189301)) == ({x0, x6}, (0.21496, 0.378384, 0.217355, 0.189301))
({x0, x7}, (0.21496, 0.378384, 0.217355, 0.189301)) == ({x0, x7}, (0.21496, 0.378384, 0.217355, 0.189301))
({x0, x8}, (0.21496, 0.378384, 0.217355, 0.189301)) == ({x0, x8}, (0.21496, 0.378384, 0.217355, 0.189301))
({x0, x9}, (0.217355, 0.189301, 0.21496, 0.378384)) == ({x0, x9}, (0.217355, 0.189301, 0.21496, 0.378384))
({x1, x2}, (0.210328, 0.212671, 0.370231, 0.20677)) == ({x1, x2}, (0.210328, 0.212671, 0.370231, 0.20677))
({x1, x3}, (0.431565, 0.205775, 0.114756, 0.247903)) == ({x1, x3}, (0.431565, 0.205775, 0.114756, 0.247903))
({x1, x4}, (0.431565, 0.205775, 0.114756, 0.247903)) == ({x1, x4}, (0.431565, 0.205775, 0.114756, 0.247903))
({x1, x5}, (0.431565, 0.205775, 0.114756, 0.247903)) == ({x1, x5}, (0.431565, 0.205775, 0.114756, 0.247903))
({x1, x6}, (0.431565, 0.205775, 0.114756, 0.247903)) == ({x1, x6}, (0.431565, 0.205775, 0.114756, 0.247903))
({x1, x7}, (0.431565, 0.205775, 0.114756, 0.247903)) == ({x1, x7}, (0.431565, 0.205775, 0.114756, 0.247903))
({x1, x8}, (0.431565, 0.205775, 0.114756, 0.247903)) == ({x1, x8}, (0.431565, 0.205775, 0.114756, 0.247903))
({x1, x9}, (0.114756, 0.247903, 0.431565, 0.205775)) == ({x1, x9}, (0.114756, 0.247903, 0.431565, 0.205775))
({x2, x3}, (0.210328, 0.370231, 0.212671, 0.20677)) == ({x2, x3}, (0.210328, 0.370231, 0.212671, 0.20677))
({x2, x4}, (0.210328, 0.370231, 0.212671, 0.20677)) == ({x2, x4}, (0.210328, 0.370231, 0.212671, 0.20677))
({x2, x5}, (0.210328, 0.370231, 0.212671, 0.20677)) == ({x2, x5}, (0.210328, 0.370231, 0.212671, 0.20677))
({x2, x6}, (0.210328, 0.370231, 0.212671, 0.20677)) == ({x2, x6}, (0.210328, 0.370231, 0.212671, 0.20677))
({x2, x7}, (0.210328, 0.370231, 0.212671, 0.20677)) == ({x2, x7}, (0.210328, 0.370231, 0.212671, 0.20677))
({x2, x8}, (0.210328, 0.370231, 0.212671, 0.20677)) == ({x2, x8}, (0.210328, 0.370231, 0.212671, 0.20677))
({x2, x9}, (0.212671, 0.20677, 0.210328, 0.370231)) == ({x2, x9}, (0.212671, 0.20677, 0.210328, 0.370231))
({x3, x4}, (0.608093, 0.00928758, 0.0333129, 0.349306)) == ({x3, x4}, (0.608093, 0.00928758, 0.0333129, 0.349306))
({x3, x5}, (0.514121, 0.131135, 0.0594177, 0.295326)) == ({x3, x5}, (0.514121, 0.131135, 0.0594177, 0.295326))
({x3, x6}, (0.540617, 0.119221, 0.0296164, 0.310546)) == ({x3, x6}, (0.540617, 0.119221, 0.0296164, 0.310546))
({x3, x7}, (0.548361, 0.106604, 0.0300407, 0.314994)) == ({x3, x7}, (0.548361, 0.106604, 0.0300407, 0.314994))
({x3, x8}, (0.610138, 0.00595538, 0.033425, 0.350481)) == ({x3, x8}, (0.610138, 0.00595538, 0.033425, 0.350481))
({x3, x9}, (0.033425, 0.350481, 0.610138, 0.00595538)) == ({x3, x9}, (0.033425, 0.350481, 0.610138, 0.00595538))
({x4, x5}, (0.514121, 0.131135, 0.0594177, 0.295326)) == ({x4, x5}, (0.514121, 0.131135, 0.0594177, 0.295326))
({x4, x6}, (0.550914, 0.121491, 0.011133, 0.316461)) == ({x4, x6}, (0.550914, 0.121491, 0.011133, 0.316461))
({x4, x7}, (0.560505, 0.108965, 0.00856075, 0.32197)) == ({x4, x7}, (0.560505, 0.108965, 0.00856075, 0.32197))
({x4, x8}, (0.608211, 0.0320271, 0.0103879, 0.349374)) == ({x4, x8}, (0.608211, 0.0320271, 0.0103879, 0.349374))
({x4, x9}, (0.0092996, 0.349758, 0.60888, 0.0320623)) == ({x4, x9}, (0.0092996, 0.349758, 0.60888, 0.0320623))
({x5, x6}, (0.4878, 0.107573, 0.124421, 0.280206)) == ({x5, x6}, (0.4878, 0.107573, 0.124421, 0.280206))
({x5, x7}, (0.514121, 0.0594177, 0.131135, 0.295326)) == ({x5, x7}, (0.514121, 0.0594177, 0.131135, 0.295326))
({x5, x8}, (0.514121, 0.0594177, 0.131135, 0.295326)) == ({x5, x8}, (0.514121, 0.0594177, 0.131135, 0.295326))
({x5, x9}, (0.131135, 0.295326, 0.514121, 0.0594177)) == ({x5, x9}, (0.131135, 0.295326, 0.514121, 0.0594177))
({x6, x7}, (0.550661, 0.0115872, 0.121436, 0.316316)) == ({x6, x7}, (0.550661, 0.0115872, 0.121436, 0.316316))
({x6, x8}, (0.550914, 0.011133, 0.121491, 0.316461)) == ({x6, x8}, (0.550914, 0.011133, 0.121491, 0.316461))
({x6, x9}, (0.121491, 0.316461, 0.550914, 0.011133)) == ({x6, x9}, (0.121491, 0.316461, 0.550914, 0.011133))
({x7, x8}, (0.564167, 0.00208187, 0.109677, 0.324074)) == ({x7, x8}, (0.564167, 0.00208187, 0.109677, 0.324074))
({x7, x9}, (0.109355, 0.323124, 0.562514, 0.00500701)) == ({x7, x9}, (0.109355, 0.323124, 0.562514, 0.00500701))
({x8, x9}, (0.00223381, 0.360127, 0.626931, 0.0107076)) == ({x8, x9}, (0.00223381, 0.360127, 0.626931, 0.0107076))
Exact MAP state (log score = 6.63399):
x0: 1
x1: 0
x2: 1
x3: 0
x4: 0
x5: 0
x6: 0
x7: 0
x8: 0
x9: 1
