Builtin inference algorithms: {BP, EXACT, FBP, JTREE, TRWBP}

Exact variable marginals:
({x0}, (0.303528, 0.696472))
({x1}, (0.507346, 0.492654))
({x2}, (0.542856, 0.457144))
({x3}, (0.0385844, 0.961416))
({x4}, (0.733102, 0.266898))
({x5}, (0.953311, 0.0466892))
({x6}, (0.887422, 0.112578))
({x7}, (0.548773, 0.451227))
({x8}, (0.224018, 0.775982))
({x9}, (0.885931, 0.114069))
Exact factor marginals:
({x0}, (0.303528, 0.696472))
({x1}, (0.507346, 0.492654))
({x2}, (0.542856, 0.457144))
({x3}, (0.0385844, 0.961416))
({x4}, (0.733102, 0.266898))
({x5}, (0.953311, 0.0466892))
({x6}, (0.887422, 0.112578))
({x7}, (0.548773, 0.451227))
({x8}, (0.224018, 0.775982))
({x9}, (0.885931, 0.114069))
({x0, x1}, (0.00764567, 0.499701, 0.295883, 0.196771))
({x0, x2}, (0.00959293, 0.533263, 0.293935, 0.163209))
({x0, x3}, (0.00342356, 0.0351608, 0.300105, 0.661311))
({x0, x4}, (0.273724, 0.459378, 0.0298046, 0.237094))
({x0, x5}, (0.286092, 0.667219, 0.0174365, 0.0292528))
({x0, x6}, (0.228356, 0.659066, 0.0751726, 0.0374053))
({x0, x7}, (0.0954435, 0.453329, 0.208085, 0.243142))
({x0, x8}, (0.0484924, 0.175526, 0.255036, 0.520946))
({x0, x9}, (0.297412, 0.588519, 0.00611624, 0.107953))
({x1, x2}, (0.479663, 0.0631927, 0.027683, 0.429461))
({x1, x3}, (0.0310673, 0.00751706, 0.476279, 0.485137))
({x1, x4}, (0.283255, 0.449847, 0.224092, 0.0428065))
({x1, x5}, (0.47377, 0.47954, 0.033576, 0.0131133))
({x1, x6}, (0.477078, 0.410344, 0.0302678, 0.0823101))
({x1, x7}, (0.418697, 0.130075, 0.0886489, 0.362578))
({x1, x8}, (0.0859567, 0.138061, 0.42139, 0.354592))
({x1, x9}, (0.395168, 0.490763, 0.112178, 0.00189094))
({x2, x3}, (0.0351631, 0.00342125, 0.507693, 0.453723))
({x2, x4}, (0.324998, 0.408104, 0.217858, 0.0490399))
({x2, x5}, (0.514928, 0.438383, 0.0279278, 0.0187614))
({x2, x6}, (0.520418, 0.367004, 0.0224377, 0.0901403))
({x2, x7}, (0.428885, 0.119888, 0.113971, 0.337256))
({x2, x8}, (0.0894262, 0.134592, 0.45343, 0.322552))
({x2, x9}, (0.432993, 0.452938, 0.109863, 0.0042062))
({x3, x4}, (0.0154651, 0.717637, 0.0231193, 0.243779))
({x3, x5}, (0.0205249, 0.932786, 0.0180595, 0.0286297))
({x3, x6}, (0.0305838, 0.856838, 0.00800059, 0.104577))
({x3, x7}, (0.027173, 0.5216, 0.0114114, 0.439816))
({x3, x8}, (0.0143343, 0.209684, 0.0242501, 0.751732))
({x3, x9}, (0.0114184, 0.874513, 0.027166, 0.0869029))
({x4, x5}, (0.723152, 0.230158, 0.00994948, 0.0367398))
({x4, x6}, (0.681353, 0.206069, 0.051749, 0.0608289))
({x4, x7}, (0.298464, 0.250309, 0.434638, 0.0165895))
({x4, x8}, (0.174408, 0.0496107, 0.558694, 0.217288))
({x4, x9}, (0.709716, 0.176215, 0.0233853, 0.0906836))
({x5, x6}, (0.858331, 0.0290908, 0.0949794, 0.0175985))
({x5, x7}, (0.512926, 0.0358463, 0.440384, 0.0108429))
({x5, x8}, (0.218322, 0.00569592, 0.734988, 0.0409933))
({x5, x9}, (0.865544, 0.0203868, 0.0877665, 0.0263024))
({x6, x7}, (0.46686, 0.0819128, 0.420562, 0.0306651))
({x6, x8}, (0.203183, 0.0208351, 0.684239, 0.0917428))
({x6, x9}, (0.792281, 0.0936503, 0.0951413, 0.0189276))
({x7, x8}, (0.0530839, 0.170934, 0.495689, 0.280293))
({x7, x9}, (0.445608, 0.440323, 0.103165, 0.0109043))
({x8, x9}, (0.210882, 0.675049, 0.0131364, 0.100932))
Exact log partition sum: 15.1265
Exact MAP variable marginals:
({x0}, (0.444834, 0.555166))
({x1}, (0.555166, 0.444834))
({x2}, (0.555166, 0.444834))
({x3}, (0.0434432, 0.956557))
({x4}, (0.650957, 0.349043))
({x5}, (0.956557, 0.0434432))
({x6}, (0.88171, 0.11829))
({x7}, (0.555166, 0.444834))
({x8}, (0.277644, 0.722356))
({x9}, (0.784212, 0.215788))
Exact MAP factor marginals:
({x0}, (0.444834, 0.555166)) == ({x0}, (0.444834, 0.555166))
({x1}, (0.555166, 0.444834)) == ({x1}, (0.555166, 0.444834))
({x2}, (0.555166, 0.444834)) == ({x2}, (0.555166, 0.444834))
({x3}, (0.0434432, 0.956557)) == ({x3}, (0.0434432, 0.956557))
({x4}, (0.650957, 0.349043)) == ({x4}, (0.650957, 0.349043))
({x5}, (0.956557, 0.0434432)) == ({x5}, (0.956557, 0.0434432))
({x6}, (0.88171, 0.11829)) == ({x6}, (0.88171, 0.11829))
({x7}, (0.555166, 0.444834)) == ({x7}, (0.555166, 0.444834))
({x8}, (0.277644, 0.722356)) == ({x8}, (0.277644, 0.722356))
({x9}, (0.784212, 0.215788)) == ({x9}, (0.784212, 0.215788))
({x0, x1}, (0.00431704, 0.455561, 0.365023, 0.175099)) == ({x0, x1}, (0.00431704, 0.455561, 0.365023, 0.175099))
({x0, x2}, (0.00776811, 0.453982, 0.363758, 0.174492)) == ({x0, x2}, (0.00776811, 0.453982, 0.363758, 0.174492))
({x0, x3}, (0.0021048, 0.0245417, 0.43298, 0.540373)) == ({x0, x3}, (0.0021048, 0.0245417, 0.43298, 0.540373))
({x0, x4}, (0.330666, 0.412681, 0.0353729, 0.22128)) == ({x0, x4}, (0.330666, 0.412681, 0.0353729, 0.22128))
({x0, x5}, (0.427743, 0.533837, 0.0141742, 0.0242449)) == ({x0, x5}, (0.427743, 0.533837, 0.0141742, 0.0242449))
({x0, x6}, (0.405876, 0.506546, 0.0679582, 0.0196208)) == ({x0, x6}, (0.405876, 0.506546, 0.0679582, 0.0196208))
({x0, x7}, (0.0929152, 0.415024, 0.332543, 0.159518)) == ({x0, x7}, (0.0929152, 0.415024, 0.332543, 0.159518))
({x0, x8}, (0.0894077, 0.160135, 0.333829, 0.416629)) == ({x0, x8}, (0.0894077, 0.160135, 0.333829, 0.416629))
({x0, x9}, (0.384132, 0.479408, 0.00454303, 0.131917)) == ({x0, x9}, (0.384132, 0.479408, 0.00454303, 0.131917))
({x1, x2}, (0.510352, 0.0611746, 0.019548, 0.408925)) == ({x1, x2}, (0.510352, 0.0611746, 0.019548, 0.408925))
({x1, x3}, (0.0243962, 0.00802233, 0.537169, 0.430413)) == ({x1, x3}, (0.0243962, 0.00802233, 0.537169, 0.430413))
({x1, x4}, (0.412681, 0.330666, 0.22128, 0.0353729)) == ({x1, x4}, (0.412681, 0.330666, 0.22128, 0.0353729))
({x1, x5}, (0.533837, 0.427743, 0.0242449, 0.0141742)) == ({x1, x5}, (0.533837, 0.427743, 0.0242449, 0.0141742))
({x1, x6}, (0.506546, 0.405876, 0.0196208, 0.0679582)) == ({x1, x6}, (0.506546, 0.405876, 0.0196208, 0.0679582))
({x1, x7}, (0.447798, 0.100253, 0.0931461, 0.358803)) == ({x1, x7}, (0.447798, 0.100253, 0.0931461, 0.358803))
({x1, x8}, (0.0637366, 0.16465, 0.428374, 0.34324)) == ({x1, x8}, (0.0637366, 0.16465, 0.428374, 0.34324))
({x1, x9}, (0.481235, 0.385595, 0.13242, 0.000749757)) == ({x1, x9}, (0.481235, 0.385595, 0.13242, 0.000749757))
({x2, x3}, (0.0245183, 0.00305599, 0.539858, 0.432568)) == ({x2, x3}, (0.0245183, 0.00305599, 0.539858, 0.432568))
({x2, x4}, (0.412681, 0.330666, 0.22128, 0.0353729)) == ({x2, x4}, (0.412681, 0.330666, 0.22128, 0.0353729))
({x2, x5}, (0.533837, 0.427743, 0.0242449, 0.0141742)) == ({x2, x5}, (0.533837, 0.427743, 0.0242449, 0.0141742))
({x2, x6}, (0.506546, 0.405876, 0.0196208, 0.0679582)) == ({x2, x6}, (0.506546, 0.405876, 0.0196208, 0.0679582))
({x2, x7}, (0.447798, 0.100253, 0.0931461, 0.358803)) == ({x2, x7}, (0.447798, 0.100253, 0.0931461, 0.358803))
({x2, x8}, (0.0637366, 0.16465, 0.428374, 0.34324)) == ({x2, x8}, (0.0637366, 0.16465, 0.428374, 0.34324))
({x2, x9}, (0.479408, 0.384132, 0.131917, 0.00454303)) == ({x2, x9}, (0.479408, 0.384132, 0.131917, 0.00454303))
({x3, x4}, (0.0093542, 0.62635, 0.0284465, 0.335849)) == ({x3, x4}, (0.0093542, 0.62635, 0.0284465, 0.335849))
({x3, x5}, (0.0138594, 0.91767, 0.0416771, 0.0267938)) == ({x3, x5}, (0.0138594, 0.91767, 0.0416771, 0.0267938))
({x3, x6}, (0.0378617, 0.83366, 0.0166344, 0.111844)) == ({x3, x6}, (0.0378617, 0.83366, 0.0166344, 0.111844))
({x3, x7}, (0.0243962, 0.537169, 0.00802233, 0.430413)) == ({x3, x7}, (0.0243962, 0.537169, 0.00802233, 0.430413))
({x3, x8}, (0.0103373, 0.266046, 0.0314362, 0.69218)) == ({x3, x8}, (0.0103373, 0.266046, 0.0314362, 0.69218))
({x3, x9}, (0.0111825, 0.748774, 0.0340065, 0.206037)) == ({x3, x9}, (0.0111825, 0.748774, 0.0340065, 0.206037))
({x4, x5}, (0.621825, 0.333423, 0.0165104, 0.028241)) == ({x4, x5}, (0.621825, 0.333423, 0.0165104, 0.028241))
({x4, x6}, (0.569452, 0.30534, 0.0763977, 0.0488104)) == ({x4, x6}, (0.569452, 0.30534, 0.0763977, 0.0488104))
({x4, x7}, (0.424754, 0.227753, 0.340339, 0.00715323)) == ({x4, x7}, (0.424754, 0.227753, 0.340339, 0.00715323))
({x4, x8}, (0.188588, 0.0576683, 0.490655, 0.263089)) == ({x4, x8}, (0.188588, 0.0576683, 0.490655, 0.263089))
({x4, x9}, (0.53138, 0.284926, 0.0374766, 0.146218)) == ({x4, x9}, (0.53138, 0.284926, 0.0374766, 0.146218))
({x5, x6}, (0.831655, 0.0377706, 0.111575, 0.019)) == ({x5, x6}, (0.831655, 0.0377706, 0.111575, 0.019))
({x5, x7}, (0.533837, 0.0242449, 0.427743, 0.0141742)) == ({x5, x7}, (0.533837, 0.0242449, 0.427743, 0.0141742))
({x5, x8}, (0.26743, 0.0051904, 0.69578, 0.0315997)) == ({x5, x8}, (0.26743, 0.0051904, 0.69578, 0.0315997))
({x5, x9}, (0.742317, 0.0197096, 0.20426, 0.0337132)) == ({x5, x9}, (0.742317, 0.0197096, 0.20426, 0.0337132))
({x6, x7}, (0.492051, 0.0660136, 0.394262, 0.0476738)) == ({x6, x7}, (0.492051, 0.0660136, 0.394262, 0.0476738))
({x6, x8}, (0.24756, 0.021945, 0.644085, 0.0864104)) == ({x6, x8}, (0.24756, 0.021945, 0.644085, 0.0864104))
({x6, x9}, (0.690579, 0.0926481, 0.190024, 0.0267492)) == ({x6, x9}, (0.690579, 0.0926481, 0.190024, 0.0267492))
({x7, x8}, (0.0510315, 0.166884, 0.434187, 0.347898)) == ({x7, x8}, (0.0510315, 0.166884, 0.434187, 0.347898))
({x7, x9}, (0.476879, 0.382105, 0.131221, 0.00979542)) == ({x7, x9}, (0.476879, 0.382105, 0.131221, 0.00979542))
({x8, x9}, (0.228914, 0.595572, 0.0116335, 0.163881)) == ({x8, x9}, (0.228914, 0.595572, 0.0116335, 0.163881))
Exact MAP state (log score = 13.3534):
x0: 1
x1: 0
x2: 0
x3: 1
x4: 0
x5: 0
x6: 0
x7: 0
x8: 1
x9: 0
