Builtin inference algorithms: {BP, EXACT, FBP, JTREE, TRWBP}

Exact variable marginals:
({x0}, (0.560739, 0.439261))
({x1}, (0.752645, 0.247355))
({x2}, (0.771108, 0.228892))
({x3}, (0.13757, 0.86243))
({x4}, (0.180171, 0.819829))
({x5}, (0.140505, 0.859495))
({x6}, (0.851927, 0.148073))
({x7}, (0.835772, 0.164228))
({x8}, (0.166785, 0.833215))
({x9}, (0.801761, 0.198239))
Exact factor marginals:
({x0}, (0.560739, 0.439261))
({x1}, (0.752645, 0.247355))
({x2}, (0.771108, 0.228892))
({x3}, (0.13757, 0.86243))
({x4}, (0.180171, 0.819829))
({x5}, (0.140505, 0.859495))
({x6}, (0.851927, 0.148073))
({x7}, (0.835772, 0.164228))
({x8}, (0.166785, 0.833215))
({x9}, (0.801761, 0.198239))
({x0, x1}, (0.373938, 0.378707, 0.186801, 0.0605541))
({x0, x2}, (0.413542, 0.357567, 0.147197, 0.0816945))
({x0, x3}, (0.0763981, 0.0611721, 0.484341, 0.378089))
({x0, x4}, (0.12369, 0.0564808, 0.437049, 0.38278))
({x0, x5}, (0.103298, 0.0372074, 0.457441, 0.402054))
({x0, x6}, (0.467063, 0.384865, 0.0936763, 0.0543966))
({x0, x7}, (0.530712, 0.305059, 0.0300265, 0.134202))
({x0, x8}, (0.0606304, 0.106155, 0.500108, 0.333106))
({x0, x9}, (0.444387, 0.357374, 0.116352, 0.0818869))
({x1, x2}, (0.722826, 0.048282, 0.0298189, 0.199073))
({x1, x3}, (0.0151051, 0.122465, 0.73754, 0.12489))
({x1, x4}, (0.00978858, 0.170382, 0.742857, 0.0769724))
({x1, x5}, (0.00438016, 0.136125, 0.748265, 0.11123))
({x1, x6}, (0.740739, 0.111188, 0.0119065, 0.136166))
({x1, x7}, (0.608102, 0.22767, 0.144544, 0.0196845))
({x1, x8}, (0.0821036, 0.0846816, 0.670542, 0.162673))
({x1, x9}, (0.723484, 0.0782773, 0.0291613, 0.169077))
({x2, x3}, (0.00302637, 0.134544, 0.768082, 0.0943478))
({x2, x4}, (0.00606742, 0.174103, 0.765041, 0.0547881))
({x2, x5}, (0.00491081, 0.135594, 0.766198, 0.0932974))
({x2, x6}, (0.766797, 0.0851306, 0.00431178, 0.143761))
({x2, x7}, (0.636425, 0.199347, 0.134684, 0.0295446))
({x2, x8}, (0.0700265, 0.0967588, 0.701082, 0.132133))
({x2, x9}, (0.74773, 0.0540314, 0.0233784, 0.17486))
({x3, x4}, (0.128764, 0.0514064, 0.00880576, 0.811023))
({x3, x5}, (0.109055, 0.0314505, 0.0285157, 0.830979))
({x3, x6}, (0.0161304, 0.835797, 0.12144, 0.0266329))
({x3, x7}, (0.110693, 0.725079, 0.0268774, 0.137351))
({x3, x8}, (0.0856451, 0.0811402, 0.0519252, 0.78129))
({x3, x9}, (0.0128613, 0.7889, 0.124709, 0.0735297))
({x4, x5}, (0.136471, 0.00403359, 0.0436995, 0.815795))
({x4, x6}, (0.036481, 0.815446, 0.14369, 0.00438294))
({x4, x7}, (0.153702, 0.68207, 0.0264688, 0.137759))
({x4, x8}, (0.0933646, 0.0734207, 0.0868064, 0.746408))
({x4, x9}, (0.0125746, 0.789187, 0.167596, 0.0306424))
({x5, x6}, (0.018453, 0.833474, 0.122052, 0.0260208))
({x5, x7}, (0.117785, 0.717987, 0.0227199, 0.141508))
({x5, x8}, (0.0836144, 0.0831709, 0.0568906, 0.776324))
({x5, x9}, (0.00549001, 0.796271, 0.135015, 0.0632237))
({x6, x7}, (0.714854, 0.120918, 0.137074, 0.0271546))
({x6, x8}, (0.0758046, 0.0909807, 0.776123, 0.0570922))
({x6, x9}, (0.79464, 0.00712146, 0.0572873, 0.140951))
({x7, x8}, (0.0881824, 0.0786029, 0.747589, 0.0856253))
({x7, x9}, (0.682312, 0.119449, 0.15346, 0.0447789))
({x8, x9}, (0.0783003, 0.723461, 0.088485, 0.109754))
Exact log partition sum: 14.8463
Exact MAP variable marginals:
({x0}, (0.600734, 0.399266))
({x1}, (0.897283, 0.102717))
({x2}, (0.910318, 0.0896823))
({x3}, (0.0896823, 0.910318))
({x4}, (0.0896823, 0.910318))
({x5}, (0.0896823, 0.910318))
({x6}, (0.910318, 0.0896823))
({x7}, (0.876459, 0.123541))
({x8}, (0.117047, 0.882953))
({x9}, (0.910318, 0.0896823))
Exact MAP factor marginals:
({x0}, (0.600734, 0.399266)) == ({x0}, (0.600734, 0.399266))
({x1}, (0.897283, 0.102717)) == ({x1}, (0.897283, 0.102717))
({x2}, (0.910318, 0.0896823)) == ({x2}, (0.910318, 0.0896823))
({x3}, (0.0896823, 0.910318)) == ({x3}, (0.0896823, 0.910318))
({x4}, (0.0896823, 0.910318)) == ({x4}, (0.0896823, 0.910318))
({x5}, (0.0896823, 0.910318)) == ({x5}, (0.0896823, 0.910318))
({x6}, (0.910318, 0.0896823)) == ({x6}, (0.910318, 0.0896823))
({x7}, (0.876459, 0.123541)) == ({x7}, (0.876459, 0.123541))
({x8}, (0.117047, 0.882953)) == ({x8}, (0.117047, 0.882953))
({x9}, (0.910318, 0.0896823)) == ({x9}, (0.910318, 0.0896823))
({x0, x1}, (0.545935, 0.362845, 0.0624963, 0.0287235)) == ({x0, x1}, (0.545935, 0.362845, 0.0624963, 0.0287235))
({x0, x2}, (0.550733, 0.366034, 0.0542569, 0.0289759)) == ({x0, x2}, (0.550733, 0.366034, 0.0542569, 0.0289759))
({x0, x3}, (0.0542569, 0.0289759, 0.550733, 0.366034)) == ({x0, x3}, (0.0542569, 0.0289759, 0.550733, 0.366034))
({x0, x4}, (0.0542569, 0.0289759, 0.550733, 0.366034)) == ({x0, x4}, (0.0542569, 0.0289759, 0.550733, 0.366034))
({x0, x5}, (0.0542569, 0.0289759, 0.550733, 0.366034)) == ({x0, x5}, (0.0542569, 0.0289759, 0.550733, 0.366034))
({x0, x6}, (0.550733, 0.366034, 0.0542569, 0.0289759)) == ({x0, x6}, (0.550733, 0.366034, 0.0542569, 0.0289759))
({x0, x7}, (0.537976, 0.357555, 0.0286378, 0.0758304)) == ({x0, x7}, (0.537976, 0.357555, 0.0286378, 0.0758304))
({x0, x8}, (0.0519687, 0.0699276, 0.527507, 0.350597)) == ({x0, x8}, (0.0519687, 0.0699276, 0.527507, 0.350597))
({x0, x9}, (0.550733, 0.366034, 0.0542569, 0.0289759)) == ({x0, x9}, (0.550733, 0.366034, 0.0542569, 0.0289759))
({x1, x2}, (0.809804, 0.0927029, 0.0177126, 0.07978)) == ({x1, x2}, (0.809804, 0.0927029, 0.0177126, 0.07978))
({x1, x3}, (0.00739625, 0.0806179, 0.818309, 0.0936765)) == ({x1, x3}, (0.00739625, 0.0806179, 0.818309, 0.0936765))
({x1, x4}, (0.00739625, 0.0806179, 0.818309, 0.0936765)) == ({x1, x4}, (0.00739625, 0.0806179, 0.818309, 0.0936765))
({x1, x5}, (0.00676356, 0.0806692, 0.818831, 0.0937362)) == ({x1, x5}, (0.00676356, 0.0806692, 0.818831, 0.0937362))
({x1, x6}, (0.818309, 0.0936765, 0.00739625, 0.0806179)) == ({x1, x6}, (0.818309, 0.0936765, 0.00739625, 0.0806179))
({x1, x7}, (0.775717, 0.0888008, 0.109341, 0.0261407)) == ({x1, x7}, (0.775717, 0.0888008, 0.109341, 0.0261407))
({x1, x8}, (0.0985188, 0.073217, 0.743187, 0.0850769)) == ({x1, x8}, (0.0985188, 0.073217, 0.743187, 0.0850769))
({x1, x9}, (0.794425, 0.0909423, 0.0363682, 0.0782648)) == ({x1, x9}, (0.794425, 0.0909423, 0.0363682, 0.0782648))
({x2, x3}, (0.0032398, 0.0846729, 0.85947, 0.0526173)) == ({x2, x3}, (0.0032398, 0.0846729, 0.85947, 0.0526173))
({x2, x4}, (0.00417667, 0.0845933, 0.858662, 0.0525679)) == ({x2, x4}, (0.00417667, 0.0845933, 0.858662, 0.0525679))
({x2, x5}, (0.00316338, 0.0846794, 0.859536, 0.0526214)) == ({x2, x5}, (0.00316338, 0.0846794, 0.859536, 0.0526214))
({x2, x6}, (0.860843, 0.0527014, 0.00164781, 0.0848081)) == ({x2, x6}, (0.860843, 0.0527014, 0.00164781, 0.0848081))
({x2, x7}, (0.78544, 0.0773797, 0.110712, 0.0264684)) == ({x2, x7}, (0.78544, 0.0773797, 0.110712, 0.0264684))
({x2, x8}, (0.101061, 0.0751065, 0.762367, 0.0614657)) == ({x2, x8}, (0.101061, 0.0751065, 0.762367, 0.0614657))
({x2, x9}, (0.829519, 0.0507837, 0.0379748, 0.0817222)) == ({x2, x9}, (0.829519, 0.0507837, 0.0379748, 0.0817222))
({x3, x4}, (0.0870054, 0.0245125, 0.00533587, 0.883146)) == ({x3, x4}, (0.0870054, 0.0245125, 0.00533587, 0.883146))
({x3, x5}, (0.085978, 0.0242231, 0.0170812, 0.872718)) == ({x3, x5}, (0.085978, 0.0242231, 0.0170812, 0.872718))
({x3, x6}, (0.00744937, 0.88127, 0.0868205, 0.0244604)) == ({x3, x6}, (0.00744937, 0.88127, 0.0868205, 0.0244604))
({x3, x7}, (0.0773797, 0.78544, 0.0264684, 0.110712)) == ({x3, x7}, (0.0773797, 0.78544, 0.0264684, 0.110712))
({x3, x8}, (0.0751065, 0.101061, 0.0614657, 0.762367)) == ({x3, x8}, (0.0751065, 0.101061, 0.0614657, 0.762367))
({x3, x9}, (0.00525227, 0.869309, 0.0856422, 0.0397963)) == ({x3, x9}, (0.00525227, 0.869309, 0.0856422, 0.0397963))
({x4, x5}, (0.0872391, 0.00325901, 0.0239842, 0.885518)) == ({x4, x5}, (0.0872391, 0.00325901, 0.0239842, 0.885518))
({x4, x6}, (0.0240218, 0.886905, 0.0873757, 0.0016977)) == ({x4, x6}, (0.0240218, 0.886905, 0.0873757, 0.0016977))
({x4, x7}, (0.0773797, 0.78544, 0.0264684, 0.110712)) == ({x4, x7}, (0.0773797, 0.78544, 0.0264684, 0.110712))
({x4, x8}, (0.0751065, 0.101061, 0.0614657, 0.762367)) == ({x4, x8}, (0.0751065, 0.101061, 0.0614657, 0.762367))
({x4, x9}, (0.0080999, 0.866821, 0.0853971, 0.0396824)) == ({x4, x9}, (0.0080999, 0.866821, 0.0853971, 0.0396824))
({x5, x6}, (0.0200385, 0.87646, 0.0863467, 0.0171545)) == ({x5, x6}, (0.0200385, 0.87646, 0.0863467, 0.0171545))
({x5, x7}, (0.0773797, 0.78544, 0.0264684, 0.110712)) == ({x5, x7}, (0.0773797, 0.78544, 0.0264684, 0.110712))
({x5, x8}, (0.0751065, 0.101061, 0.0614657, 0.762367)) == ({x5, x8}, (0.0751065, 0.101061, 0.0614657, 0.762367))
({x5, x9}, (0.00496688, 0.869559, 0.0856668, 0.0398077)) == ({x5, x9}, (0.00496688, 0.869559, 0.0856668, 0.0398077))
({x6, x7}, (0.78544, 0.0773797, 0.110712, 0.0264684)) == ({x6, x7}, (0.78544, 0.0773797, 0.110712, 0.0264684))
({x6, x8}, (0.101061, 0.0751065, 0.762367, 0.0614657)) == ({x6, x8}, (0.101061, 0.0751065, 0.762367, 0.0614657))
({x6, x9}, (0.869559, 0.00496688, 0.0398077, 0.0856668)) == ({x6, x9}, (0.869559, 0.00496688, 0.0398077, 0.0856668))
({x7, x8}, (0.071804, 0.0966174, 0.728844, 0.102734)) == ({x7, x8}, (0.071804, 0.0966174, 0.728844, 0.102734))
({x7, x9}, (0.778058, 0.109671, 0.0766524, 0.0356189)) == ({x7, x9}, (0.778058, 0.109671, 0.0766524, 0.0356189))
({x8, x9}, (0.101061, 0.762367, 0.0751065, 0.0614657)) == ({x8, x9}, (0.101061, 0.762367, 0.0751065, 0.0614657))
Exact MAP state (log score = 13.7652):
x0: 0
x1: 0
x2: 0
x3: 1
x4: 1
x5: 1
x6: 0
x7: 0
x8: 1
x9: 0
