Builtin inference algorithms: {BP, EXACT, FBP, JTREE, TRWBP}

Exact variable marginals:
({x0}, (0.111488, 0.888512))
({x1}, (0.886346, 0.113654))
({x2}, (0.954317, 0.0456829))
({x3}, (0.302381, 0.697619))
({x4}, (0.159347, 0.840653))
({x5}, (0.762717, 0.237283))
({x6}, (0.690263, 0.309737))
({x7}, (0.453239, 0.546761))
({x8}, (0.361187, 0.638813))
({x9}, (0.769633, 0.230367))
Exact factor marginals:
({x0}, (0.111488, 0.888512))
({x1}, (0.886346, 0.113654))
({x2}, (0.954317, 0.0456829))
({x3}, (0.302381, 0.697619))
({x4}, (0.159347, 0.840653))
({x5}, (0.762717, 0.237283))
({x6}, (0.690263, 0.309737))
({x7}, (0.453239, 0.546761))
({x8}, (0.361187, 0.638813))
({x9}, (0.769633, 0.230367))
({x0, x1}, (0.0513459, 0.835, 0.0601421, 0.0535124))
({x0, x2}, (0.0851123, 0.869205, 0.0263757, 0.0193072))
({x0, x3}, (0.0303773, 0.272003, 0.0811107, 0.616509))
({x0, x4}, (0.0354273, 0.12392, 0.0760607, 0.764592))
({x0, x5}, (0.0562824, 0.706434, 0.0552056, 0.182078))
({x0, x6}, (0.0874452, 0.602818, 0.0240428, 0.285694))
({x0, x7}, (0.0589026, 0.394336, 0.0525854, 0.494176))
({x0, x8}, (0.0529122, 0.308275, 0.0585758, 0.580237))
({x0, x9}, (0.106008, 0.663625, 0.00547982, 0.224887))
({x1, x2}, (0.861342, 0.0929752, 0.0250036, 0.0206793))
({x1, x3}, (0.229922, 0.0724584, 0.656423, 0.0411961))
({x1, x4}, (0.101182, 0.0581651, 0.785163, 0.0554894))
({x1, x5}, (0.689578, 0.0731388, 0.196768, 0.0405157))
({x1, x6}, (0.627624, 0.062639, 0.258721, 0.0510154))
({x1, x7}, (0.363504, 0.0897347, 0.522842, 0.0239198))
({x1, x8}, (0.334306, 0.0268817, 0.55204, 0.0867727))
({x1, x9}, (0.674789, 0.0948436, 0.211556, 0.0188109))
({x2, x3}, (0.291964, 0.0104168, 0.662353, 0.035266))
({x2, x4}, (0.146115, 0.0132318, 0.808202, 0.032451))
({x2, x5}, (0.742515, 0.0202013, 0.211802, 0.0254815))
({x2, x6}, (0.656591, 0.0336719, 0.297726, 0.0120109))
({x2, x7}, (0.433336, 0.0199029, 0.520981, 0.02578))
({x2, x8}, (0.33696, 0.024228, 0.617358, 0.0214549))
({x2, x9}, (0.73749, 0.0321426, 0.216827, 0.0135403))
({x3, x4}, (0.0708621, 0.0884851, 0.231519, 0.609134))
({x3, x5}, (0.279367, 0.48335, 0.0230139, 0.214269))
({x3, x6}, (0.0411519, 0.649111, 0.261229, 0.0485081))
({x3, x7}, (0.271375, 0.181863, 0.0310053, 0.515756))
({x3, x8}, (0.00769649, 0.353491, 0.294684, 0.344128))
({x3, x9}, (0.152862, 0.616771, 0.149519, 0.0808486))
({x4, x5}, (0.082949, 0.679768, 0.0763982, 0.160885))
({x4, x6}, (0.0800411, 0.610222, 0.0793061, 0.230431))
({x4, x7}, (0.122854, 0.330384, 0.0364931, 0.510268))
({x4, x8}, (0.0823543, 0.278833, 0.0769929, 0.56182))
({x4, x9}, (0.121348, 0.648285, 0.0379994, 0.192368))
({x5, x6}, (0.467246, 0.223017, 0.295471, 0.014266))
({x5, x7}, (0.40475, 0.0484885, 0.357967, 0.188795))
({x5, x8}, (0.187452, 0.173735, 0.575265, 0.0635479))
({x5, x9}, (0.598825, 0.170807, 0.163891, 0.0664758))
({x6, x7}, (0.170377, 0.282862, 0.519887, 0.0268749))
({x6, x8}, (0.345217, 0.0159705, 0.345046, 0.293766))
({x6, x9}, (0.610887, 0.158746, 0.0793761, 0.150991))
({x7, x8}, (0.0787896, 0.282398, 0.374449, 0.264364))
({x7, x9}, (0.318497, 0.451136, 0.134742, 0.0956252))
({x8, x9}, (0.315419, 0.454213, 0.045768, 0.184599))
Exact log partition sum: 13.9866
Exact MAP variable marginals:
({x0}, (0.0680028, 0.931997))
({x1}, (0.929137, 0.0708625))
({x2}, (0.976175, 0.0238251))
({x3}, (0.355992, 0.644008))
({x4}, (0.102288, 0.897712))
({x5}, (0.729963, 0.270037))
({x6}, (0.644008, 0.355992))
({x7}, (0.355992, 0.644008))
({x8}, (0.430019, 0.569981))
({x9}, (0.644008, 0.355992))
Exact MAP factor marginals:
({x0}, (0.0680028, 0.931997)) == ({x0}, (0.0680028, 0.931997))
({x1}, (0.929137, 0.0708625)) == ({x1}, (0.929137, 0.0708625))
({x2}, (0.976175, 0.0238251)) == ({x2}, (0.976175, 0.0238251))
({x3}, (0.355992, 0.644008)) == ({x3}, (0.355992, 0.644008))
({x4}, (0.102288, 0.897712)) == ({x4}, (0.102288, 0.897712))
({x5}, (0.729963, 0.270037)) == ({x5}, (0.729963, 0.270037))
({x6}, (0.644008, 0.355992)) == ({x6}, (0.644008, 0.355992))
({x7}, (0.355992, 0.644008)) == ({x7}, (0.355992, 0.644008))
({x8}, (0.430019, 0.569981)) == ({x8}, (0.430019, 0.569981))
({x9}, (0.644008, 0.355992)) == ({x9}, (0.644008, 0.355992))
({x0, x1}, (0.0615592, 0.843686, 0.0304091, 0.0643454)) == ({x0, x1}, (0.0615592, 0.843686, 0.0304091, 0.0643454))
({x0, x2}, (0.0654206, 0.896608, 0.0218832, 0.0160878)) == ({x0, x2}, (0.0654206, 0.896608, 0.0218832, 0.0160878))
({x0, x3}, (0.0206262, 0.333001, 0.0439551, 0.602417)) == ({x0, x3}, (0.0206262, 0.333001, 0.0439551, 0.602417))
({x0, x4}, (0.0294723, 0.0931702, 0.0596627, 0.817695)) == ({x0, x4}, (0.0294723, 0.0931702, 0.0596627, 0.817695))
({x0, x5}, (0.0259912, 0.675037, 0.0492538, 0.249718)) == ({x0, x5}, (0.0259912, 0.675037, 0.0492538, 0.249718))
({x0, x6}, (0.0439551, 0.602417, 0.0206262, 0.333001)) == ({x0, x6}, (0.0439551, 0.602417, 0.0206262, 0.333001))
({x0, x7}, (0.0216894, 0.33264, 0.0439074, 0.601763)) == ({x0, x7}, (0.0216894, 0.33264, 0.0439074, 0.601763))
({x0, x8}, (0.039104, 0.40433, 0.0206351, 0.535931)) == ({x0, x8}, (0.039104, 0.40433, 0.0206351, 0.535931))
({x0, x9}, (0.0447873, 0.613822, 0.00208478, 0.339306)) == ({x0, x9}, (0.0447873, 0.613822, 0.00208478, 0.339306))
({x1, x2}, (0.892467, 0.0680658, 0.0176849, 0.0217821)) == ({x1, x2}, (0.892467, 0.0680658, 0.0176849, 0.0217821))
({x1, x3}, (0.33198, 0.0458036, 0.60057, 0.0216464)) == ({x1, x3}, (0.33198, 0.0458036, 0.60057, 0.0216464))
({x1, x4}, (0.0926673, 0.0620265, 0.813281, 0.0320251)) == ({x1, x4}, (0.0926673, 0.0620265, 0.813281, 0.0320251))
({x1, x5}, (0.674653, 0.0514538, 0.249576, 0.0243166)) == ({x1, x5}, (0.674653, 0.0514538, 0.249576, 0.0243166))
({x1, x6}, (0.59937, 0.0236018, 0.331317, 0.0457121)) == ({x1, x6}, (0.59937, 0.0236018, 0.331317, 0.0457121))
({x1, x7}, (0.336241, 0.0463916, 0.608279, 0.00908793)) == ({x1, x7}, (0.336241, 0.0463916, 0.608279, 0.00908793))
({x1, x8}, (0.404148, 0.0193079, 0.535689, 0.0408554)) == ({x1, x8}, (0.404148, 0.0193079, 0.535689, 0.0408554))
({x1, x9}, (0.601693, 0.0458893, 0.332601, 0.0198168)) == ({x1, x9}, (0.601693, 0.0458893, 0.332601, 0.0198168))
({x2, x3}, (0.347586, 0.00826663, 0.628801, 0.0153469)) == ({x2, x3}, (0.347586, 0.00826663, 0.628801, 0.0153469))
({x2, x4}, (0.0983819, 0.0210735, 0.863435, 0.0171096)) == ({x2, x4}, (0.0983819, 0.0210735, 0.863435, 0.0171096))
({x2, x5}, (0.710487, 0.00934052, 0.262832, 0.0173406)) == ({x2, x5}, (0.710487, 0.00934052, 0.262832, 0.0173406))
({x2, x6}, (0.628801, 0.0153469, 0.347586, 0.00826663)) == ({x2, x6}, (0.628801, 0.0153469, 0.347586, 0.00826663))
({x2, x7}, (0.346134, 0.0152828, 0.626175, 0.0124081)) == ({x2, x7}, (0.346134, 0.0152828, 0.626175, 0.0124081))
({x2, x8}, (0.421008, 0.0136198, 0.558036, 0.00733631)) == ({x2, x8}, (0.421008, 0.0136198, 0.558036, 0.00733631))
({x2, x9}, (0.62691, 0.0153007, 0.34654, 0.0112487)) == ({x2, x9}, (0.62691, 0.0153007, 0.34654, 0.0112487))
({x3, x4}, (0.0470667, 0.0651457, 0.316045, 0.571742)) == ({x3, x4}, (0.0470667, 0.0651457, 0.316045, 0.571742))
({x3, x5}, (0.285027, 0.51563, 0.00859474, 0.190748)) == ({x3, x5}, (0.285027, 0.51563, 0.00859474, 0.190748))
({x3, x6}, (0.0284231, 0.584723, 0.323221, 0.0636328)) == ({x3, x6}, (0.0284231, 0.584723, 0.323221, 0.0636328))
({x3, x7}, (0.272882, 0.191534, 0.0419262, 0.493658)) == ({x3, x7}, (0.272882, 0.191534, 0.0419262, 0.493658))
({x3, x8}, (0.00332212, 0.325907, 0.238789, 0.431982)) == ({x3, x8}, (0.00332212, 0.325907, 0.238789, 0.431982))
({x3, x9}, (0.191494, 0.474676, 0.262389, 0.0714408)) == ({x3, x9}, (0.191494, 0.474676, 0.262389, 0.0714408))
({x4, x5}, (0.0525614, 0.638489, 0.072751, 0.236198)) == ({x4, x5}, (0.0525614, 0.638489, 0.072751, 0.236198))
({x4, x6}, (0.0651457, 0.571742, 0.0470667, 0.316045)) == ({x4, x6}, (0.0651457, 0.571742, 0.0470667, 0.316045))
({x4, x7}, (0.0470667, 0.316045, 0.0651457, 0.571742)) == ({x4, x7}, (0.0470667, 0.316045, 0.0651457, 0.571742))
({x4, x8}, (0.0584108, 0.386754, 0.0422008, 0.512634)) == ({x4, x8}, (0.0584108, 0.386754, 0.0422008, 0.512634))
({x4, x9}, (0.0651488, 0.571769, 0.0470223, 0.31606)) == ({x4, x9}, (0.0651488, 0.571769, 0.0470223, 0.31606))
({x5, x6}, (0.51563, 0.190748, 0.285027, 0.00859474)) == ({x5, x6}, (0.51563, 0.190748, 0.285027, 0.00859474))
({x5, x7}, (0.277539, 0.0346401, 0.502083, 0.185737)) == ({x5, x7}, (0.277539, 0.0346401, 0.502083, 0.185737))
({x5, x8}, (0.338275, 0.165869, 0.448376, 0.0474801)) == ({x5, x8}, (0.338275, 0.165869, 0.448376, 0.0474801))
({x5, x9}, (0.482343, 0.178435, 0.266627, 0.0725947)) == ({x5, x9}, (0.482343, 0.178435, 0.266627, 0.0725947))
({x6, x7}, (0.191534, 0.272882, 0.493658, 0.0419262)) == ({x6, x7}, (0.191534, 0.272882, 0.493658, 0.0419262))
({x6, x8}, (0.322041, 0.0151427, 0.426859, 0.235957)) == ({x6, x8}, (0.322041, 0.0151427, 0.426859, 0.235957))
({x6, x9}, (0.474676, 0.191494, 0.0714408, 0.262389)) == ({x6, x9}, (0.474676, 0.191494, 0.0714408, 0.262389))
({x7, x8}, (0.057565, 0.30817, 0.225793, 0.408472)) == ({x7, x8}, (0.057565, 0.30817, 0.225793, 0.408472))
({x7, x9}, (0.191494, 0.474676, 0.262389, 0.0714408)) == ({x7, x9}, (0.191494, 0.474676, 0.262389, 0.0714408))
({x8, x9}, (0.306969, 0.406881, 0.0612372, 0.224913)) == ({x8, x9}, (0.306969, 0.406881, 0.0612372, 0.224913))
Exact MAP state (log score = 12.164):
x0: 1
x1: 0
x2: 0
x3: 1
x4: 1
x5: 0
x6: 0
x7: 1
x8: 1
x9: 0
