Builtin inference algorithms: {BP, EXACT, FBP, JTREE, TRWBP}

Exact variable marginals:
({x0}, (0.032939, 0.967061))
({x1}, (0.909635, 0.0903645))
({x2}, (0.944811, 0.0551892))
({x3}, (0.0477374, 0.952263))
({x4}, (0.911682, 0.0883175))
({x5}, (0.937949, 0.0620513))
({x6}, (0.857113, 0.142887))
({x7}, (0.0647006, 0.935299))
({x8}, (0.945456, 0.0545444))
({x9}, (0.925443, 0.074557))
Exact factor marginals:
({x0}, (0.032939, 0.967061))
({x1}, (0.909635, 0.0903645))
({x2}, (0.944811, 0.0551892))
({x3}, (0.0477374, 0.952263))
({x4}, (0.911682, 0.0883175))
({x5}, (0.937949, 0.0620513))
({x6}, (0.857113, 0.142887))
({x7}, (0.0647006, 0.935299))
({x8}, (0.945456, 0.0545444))
({x9}, (0.925443, 0.074557))
({x0, x1}, (0.00495794, 0.904678, 0.0279811, 0.0623835))
({x0, x2}, (0.0178158, 0.926995, 0.0151232, 0.0400661))
({x0, x3}, (0.0183443, 0.0293931, 0.0145947, 0.937668))
({x0, x4}, (0.011723, 0.899959, 0.021216, 0.0671016))
({x0, x5}, (0.0138618, 0.924087, 0.0190772, 0.0429741))
({x0, x6}, (0.0274634, 0.82965, 0.0054756, 0.137411))
({x0, x7}, (0.0165181, 0.0481826, 0.0164209, 0.918878))
({x0, x8}, (0.012892, 0.932564, 0.020047, 0.0344974))
({x0, x9}, (0.0211927, 0.90425, 0.0117463, 0.0628106))
({x1, x2}, (0.897382, 0.0474286, 0.0122533, 0.0429359))
({x1, x3}, (0.000809778, 0.0469276, 0.908826, 0.0434369))
({x1, x4}, (0.8497, 0.061982, 0.059935, 0.0283825))
({x1, x5}, (0.894812, 0.0431365, 0.0148233, 0.0472281))
({x1, x6}, (0.769674, 0.0874393, 0.139962, 0.00292524))
({x1, x7}, (0.0182558, 0.0464448, 0.89138, 0.0439197))
({x1, x8}, (0.907963, 0.0374923, 0.00167214, 0.0528722))
({x1, x9}, (0.881409, 0.0440345, 0.028227, 0.04633))
({x2, x3}, (0.00580256, 0.0419348, 0.939008, 0.0132544))
({x2, x4}, (0.864963, 0.0467195, 0.0798478, 0.00846972))
({x2, x5}, (0.927898, 0.0100503, 0.0169125, 0.0451389))
({x2, x6}, (0.807908, 0.0492052, 0.136903, 0.00598401))
({x2, x7}, (0.0181536, 0.046547, 0.926657, 0.00864219))
({x2, x8}, (0.932601, 0.0128546, 0.0122097, 0.0423346))
({x2, x9}, (0.913309, 0.0121338, 0.0315015, 0.0430554))
({x3, x4}, (0.0374741, 0.874208, 0.0102633, 0.0780543))
({x3, x5}, (0.00172421, 0.936224, 0.0460132, 0.0160381))
({x3, x6}, (0.0459761, 0.811137, 0.00176134, 0.141125))
({x3, x7}, (0.04547, 0.0192306, 0.00226737, 0.933032))
({x3, x8}, (0.00125782, 0.944198, 0.0464796, 0.00806477))
({x3, x9}, (0.00814666, 0.917296, 0.0395907, 0.0349662))
({x4, x5}, (0.860411, 0.0775373, 0.0512711, 0.0107802))
({x4, x6}, (0.790595, 0.0665187, 0.121088, 0.0217989))
({x4, x7}, (0.0495838, 0.0151169, 0.862099, 0.0732007))
({x4, x8}, (0.867341, 0.0781149, 0.0443417, 0.0102026))
({x4, x9}, (0.847344, 0.0780987, 0.0643381, 0.0102189))
({x5, x6}, (0.800018, 0.0570956, 0.137931, 0.00495574))
({x5, x7}, (0.0171462, 0.0475544, 0.920802, 0.0144969))
({x5, x8}, (0.929776, 0.0156796, 0.00817259, 0.0463718))
({x5, x9}, (0.902885, 0.0225582, 0.0350638, 0.0394932))
({x6, x7}, (0.0485959, 0.0161047, 0.808517, 0.126782))
({x6, x8}, (0.803934, 0.141522, 0.0531795, 0.00136483))
({x6, x9}, (0.805982, 0.119461, 0.0511311, 0.0234258))
({x7, x8}, (0.0190384, 0.926417, 0.0456622, 0.00888213))
({x7, x9}, (0.012724, 0.912719, 0.0519766, 0.0225803))
({x8, x9}, (0.913586, 0.0118572, 0.0318698, 0.0426872))
Exact log partition sum: 21.4409
Exact MAP variable marginals:
({x0}, (0.00882213, 0.991178))
({x1}, (0.965801, 0.0341989))
({x2}, (0.965801, 0.0341989))
({x3}, (0.0341989, 0.965801))
({x4}, (0.948796, 0.0512045))
({x5}, (0.965801, 0.0341989))
({x6}, (0.878588, 0.121412))
({x7}, (0.0341989, 0.965801))
({x8}, (0.965801, 0.0341989))
({x9}, (0.965801, 0.0341989))
Exact MAP factor marginals:
({x0}, (0.00882213, 0.991178)) == ({x0}, (0.00882213, 0.991178))
({x1}, (0.965801, 0.0341989)) == ({x1}, (0.965801, 0.0341989))
({x2}, (0.965801, 0.0341989)) == ({x2}, (0.965801, 0.0341989))
({x3}, (0.0341989, 0.965801)) == ({x3}, (0.0341989, 0.965801))
({x4}, (0.948796, 0.0512045)) == ({x4}, (0.948796, 0.0512045))
({x5}, (0.965801, 0.0341989)) == ({x5}, (0.965801, 0.0341989))
({x6}, (0.878588, 0.121412)) == ({x6}, (0.878588, 0.121412))
({x7}, (0.0341989, 0.965801)) == ({x7}, (0.0341989, 0.965801))
({x8}, (0.965801, 0.0341989)) == ({x8}, (0.965801, 0.0341989))
({x9}, (0.965801, 0.0341989)) == ({x9}, (0.965801, 0.0341989))
({x0, x1}, (0.00377987, 0.95395, 0.00849078, 0.0337792)) == ({x0, x1}, (0.00377987, 0.95395, 0.00849078, 0.0337792))
({x0, x2}, (0.00845655, 0.950104, 0.00779609, 0.0336431)) == ({x0, x2}, (0.00845655, 0.950104, 0.00779609, 0.0336431))
({x0, x3}, (0.00779609, 0.0336431, 0.00845655, 0.950104)) == ({x0, x3}, (0.00779609, 0.0336431, 0.00845655, 0.950104))
({x0, x4}, (0.00766101, 0.933642, 0.00831002, 0.0503867)) == ({x0, x4}, (0.00766101, 0.933642, 0.00831002, 0.0503867))
({x0, x5}, (0.00845655, 0.950104, 0.00779609, 0.0336431)) == ({x0, x5}, (0.00845655, 0.950104, 0.00779609, 0.0336431))
({x0, x6}, (0.00773261, 0.86877, 0.00344235, 0.120055)) == ({x0, x6}, (0.00773261, 0.86877, 0.00344235, 0.120055))
({x0, x7}, (0.00779609, 0.0336431, 0.00845655, 0.950104)) == ({x0, x7}, (0.00779609, 0.0336431, 0.00845655, 0.950104))
({x0, x8}, (0.00845655, 0.950104, 0.00779609, 0.0336431)) == ({x0, x8}, (0.00845655, 0.950104, 0.00779609, 0.0336431))
({x0, x9}, (0.00845655, 0.950104, 0.00779609, 0.0336431)) == ({x0, x9}, (0.00845655, 0.950104, 0.00779609, 0.0336431))
({x1, x2}, (0.940038, 0.020883, 0.00579257, 0.0332866)) == ({x1, x2}, (0.940038, 0.020883, 0.00579257, 0.0332866))
({x1, x3}, (0.0001897, 0.0334742, 0.945335, 0.0210007)) == ({x1, x3}, (0.0001897, 0.0334742, 0.945335, 0.0210007))
({x1, x4}, (0.907243, 0.0321254, 0.048962, 0.0116695)) == ({x1, x4}, (0.907243, 0.0321254, 0.048962, 0.0116695))
({x1, x5}, (0.935244, 0.0207765, 0.0108627, 0.0331169)) == ({x1, x5}, (0.935244, 0.0207765, 0.0108627, 0.0331169))
({x1, x6}, (0.851386, 0.0301475, 0.117653, 0.000813351)) == ({x1, x6}, (0.851386, 0.0301475, 0.117653, 0.000813351))
({x1, x7}, (0.00659901, 0.0332596, 0.939275, 0.020866)) == ({x1, x7}, (0.00659901, 0.0332596, 0.939275, 0.020866))
({x1, x8}, (0.944197, 0.0209754, 0.00139414, 0.0334339)) == ({x1, x8}, (0.944197, 0.0209754, 0.00139414, 0.0334339))
({x1, x9}, (0.93303, 0.0207273, 0.0132042, 0.0330385)) == ({x1, x9}, (0.93303, 0.0207273, 0.0132042, 0.0330385))
({x2, x3}, (0.00181132, 0.033935, 0.958348, 0.0059054)) == ({x2, x3}, (0.00181132, 0.033935, 0.958348, 0.0059054))
({x2, x4}, (0.913088, 0.0323323, 0.0492774, 0.00530197)) == ({x2, x4}, (0.913088, 0.0323323, 0.0492774, 0.00530197))
({x2, x5}, (0.949499, 0.00585087, 0.0110283, 0.0336216)) == ({x2, x5}, (0.949499, 0.00585087, 0.0110283, 0.0336216))
({x2, x6}, (0.850006, 0.0300986, 0.117462, 0.00243304)) == ({x2, x6}, (0.850006, 0.0300986, 0.117462, 0.00243304))
({x2, x7}, (0.00670003, 0.0337688, 0.953655, 0.00587647)) == ({x2, x7}, (0.00670003, 0.0337688, 0.953655, 0.00587647))
({x2, x8}, (0.957382, 0.00589944, 0.00281731, 0.0339008)) == ({x2, x8}, (0.957382, 0.00589944, 0.00281731, 0.0339008))
({x2, x9}, (0.947217, 0.00583681, 0.0134049, 0.0335408)) == ({x2, x9}, (0.947217, 0.00583681, 0.0134049, 0.0335408))
({x3, x4}, (0.0323323, 0.913088, 0.00530197, 0.0492774)) == ({x3, x4}, (0.0323323, 0.913088, 0.00530197, 0.0492774))
({x3, x5}, (0.000609644, 0.954505, 0.0337989, 0.0110865)) == ({x3, x5}, (0.000609644, 0.954505, 0.0337989, 0.0110865))
({x3, x6}, (0.0301511, 0.851487, 0.000694251, 0.117667)) == ({x3, x6}, (0.0301511, 0.851487, 0.000694251, 0.117667))
({x3, x7}, (0.0339337, 0.00673275, 0.00102288, 0.958311)) == ({x3, x7}, (0.0339337, 0.00673275, 0.00102288, 0.958311))
({x3, x8}, (0.000142505, 0.962927, 0.0340971, 0.00283363)) == ({x3, x8}, (0.000142505, 0.962927, 0.0340971, 0.00283363))
({x3, x9}, (0.00276144, 0.950148, 0.0336446, 0.0134464)) == ({x3, x9}, (0.00276144, 0.950148, 0.0336446, 0.0134464))
({x4, x5}, (0.913088, 0.0492774, 0.0323323, 0.00530197)) == ({x4, x5}, (0.913088, 0.0492774, 0.0323323, 0.00530197))
({x4, x6}, (0.827083, 0.0446359, 0.114295, 0.0139858)) == ({x4, x6}, (0.827083, 0.0446359, 0.114295, 0.0139858))
({x4, x7}, (0.0323323, 0.00530197, 0.913088, 0.0492774)) == ({x4, x7}, (0.0323323, 0.00530197, 0.913088, 0.0492774))
({x4, x8}, (0.913088, 0.0492774, 0.0323323, 0.00530197)) == ({x4, x8}, (0.913088, 0.0492774, 0.0323323, 0.00530197))
({x4, x9}, (0.913088, 0.0492774, 0.0323323, 0.00530197)) == ({x4, x9}, (0.913088, 0.0492774, 0.0323323, 0.00530197))
({x5, x6}, (0.850796, 0.0301266, 0.117572, 0.00150535)) == ({x5, x6}, (0.850796, 0.0301266, 0.117572, 0.00150535))
({x5, x7}, (0.00666537, 0.0335941, 0.948721, 0.0110193)) == ({x5, x7}, (0.00666537, 0.0335941, 0.948721, 0.0110193))
({x5, x8}, (0.95241, 0.0110621, 0.00280268, 0.0337247)) == ({x5, x8}, (0.95241, 0.0110621, 0.00280268, 0.0337247))
({x5, x9}, (0.94235, 0.0109453, 0.0133361, 0.0333685)) == ({x5, x9}, (0.94235, 0.0109453, 0.0133361, 0.0333685))
({x6, x7}, (0.0299925, 0.00595078, 0.847009, 0.117048)) == ({x6, x7}, (0.0299925, 0.00595078, 0.847009, 0.117048))
({x6, x8}, (0.851487, 0.117667, 0.0301511, 0.000694251)) == ({x6, x8}, (0.851487, 0.117667, 0.0301511, 0.000694251))
({x6, x9}, (0.841927, 0.116346, 0.0298125, 0.0119149)) == ({x6, x9}, (0.841927, 0.116346, 0.0298125, 0.0119149))
({x7, x8}, (0.00672067, 0.956592, 0.0338728, 0.00281499)) == ({x7, x8}, (0.00672067, 0.956592, 0.0338728, 0.00281499))
({x7, x9}, (0.00276144, 0.950148, 0.0336446, 0.0134464)) == ({x7, x9}, (0.00276144, 0.950148, 0.0336446, 0.0134464))
({x8, x9}, (0.950148, 0.00276144, 0.0134464, 0.0336446)) == ({x8, x9}, (0.950148, 0.00276144, 0.0134464, 0.0336446))
Exact MAP state (log score = 21.0918):
x0: 1
x1: 0
x2: 0
x3: 1
x4: 0
x5: 0
x6: 0
x7: 1
x8: 0
x9: 0
