Builtin inference algorithms: {BP, EXACT, FBP, JTREE, TRWBP}

Exact variable marginals:
({x0}, (0.02754, 0.97246))
({x1}, (0.302121, 0.697879))
({x2}, (0.907568, 0.092432))
({x3}, (0.936551, 0.0634491))
({x4}, (0.90822, 0.0917802))
({x5}, (0.755841, 0.244159))
({x6}, (0.0251517, 0.974848))
({x7}, (0.978368, 0.0216317))
({x8}, (0.0517777, 0.948222))
({x9}, (0.0861852, 0.913815))
Exact factor marginals:
({x0}, (0.02754, 0.97246))
({x1}, (0.302121, 0.697879))
({x2}, (0.907568, 0.092432))
({x3}, (0.936551, 0.0634491))
({x4}, (0.90822, 0.0917802))
({x5}, (0.755841, 0.244159))
({x6}, (0.0251517, 0.974848))
({x7}, (0.978368, 0.0216317))
({x8}, (0.0517777, 0.948222))
({x9}, (0.0861852, 0.913815))
({x0, x1}, (0.0179188, 0.284202, 0.00962117, 0.688258))
({x0, x2}, (0.0145277, 0.89304, 0.0130123, 0.0794197))
({x0, x3}, (0.0060795, 0.930471, 0.0214605, 0.0419886))
({x0, x4}, (0.00858218, 0.899638, 0.0189578, 0.0728223))
({x0, x5}, (0.0137916, 0.74205, 0.0137483, 0.23041))
({x0, x6}, (0.0182583, 0.00689342, 0.00928173, 0.965567))
({x0, x7}, (0.0122714, 0.966097, 0.0152685, 0.00636314))
({x0, x8}, (0.0137344, 0.0380433, 0.0138056, 0.934417))
({x0, x9}, (0.0153778, 0.0708074, 0.0121622, 0.901653))
({x1, x2}, (0.217915, 0.689653, 0.0842054, 0.00822659))
({x1, x3}, (0.287551, 0.649, 0.0145695, 0.0488795))
({x1, x4}, (0.241042, 0.667178, 0.0610786, 0.0307015))
({x1, x5}, (0.203657, 0.552184, 0.098463, 0.145696))
({x1, x6}, (0.0163787, 0.00877301, 0.285742, 0.689106))
({x1, x7}, (0.290486, 0.687883, 0.0116349, 0.00999681))
({x1, x8}, (0.0345195, 0.0172582, 0.267601, 0.680621))
({x1, x9}, (0.00692555, 0.0792596, 0.295195, 0.61862))
({x2, x3}, (0.855727, 0.0808237, 0.0518408, 0.0116083))
({x2, x4}, (0.856955, 0.0512648, 0.050613, 0.0411672))
({x2, x5}, (0.733894, 0.021947, 0.173674, 0.0704851))
({x2, x6}, (0.0121225, 0.0130291, 0.895445, 0.0794029))
({x2, x7}, (0.897495, 0.0808737, 0.0100734, 0.0115583))
({x2, x8}, (0.0215759, 0.0302018, 0.885992, 0.0622302))
({x2, x9}, (0.0810033, 0.00518186, 0.826565, 0.0872502))
({x3, x4}, (0.880352, 0.0278682, 0.0561993, 0.0355808))
({x3, x5}, (0.720477, 0.0353641, 0.216074, 0.0280849))
({x3, x6}, (0.00238841, 0.0227633, 0.934163, 0.0406858))
({x3, x7}, (0.934064, 0.044304, 0.00248658, 0.0191451))
({x3, x8}, (0.0354918, 0.0162859, 0.901059, 0.0471632))
({x3, x9}, (0.049968, 0.0362172, 0.886583, 0.0272319))
({x4, x5}, (0.713866, 0.0419751, 0.194354, 0.049805))
({x4, x6}, (0.000581727, 0.02457, 0.907638, 0.0672102))
({x4, x7}, (0.905382, 0.0729866, 0.00283814, 0.0187935))
({x4, x8}, (0.0260719, 0.0257058, 0.882148, 0.0660744))
({x4, x9}, (0.0633728, 0.0228124, 0.844847, 0.0689678))
({x5, x6}, (0.00563686, 0.0195148, 0.750204, 0.224644))
({x5, x7}, (0.752155, 0.226213, 0.00368574, 0.0179459))
({x5, x8}, (0.00385249, 0.0479252, 0.751989, 0.196234))
({x5, x9}, (0.0765652, 0.00962001, 0.679276, 0.234539))
({x6, x7}, (0.00695257, 0.971416, 0.0181991, 0.00343256))
({x6, x8}, (0.0169126, 0.0348651, 0.00823909, 0.939983))
({x6, x9}, (0.0135801, 0.0726051, 0.0115716, 0.902243))
({x7, x8}, (0.0346708, 0.017107, 0.943698, 0.00452472))
({x7, x9}, (0.0756592, 0.010526, 0.902709, 0.0111056))
({x8, x9}, (0.00964854, 0.0765367, 0.0421292, 0.871686))
Exact log partition sum: 15.0304
Exact MAP variable marginals:
({x0}, (0.0112948, 0.988705))
({x1}, (0.261206, 0.738794))
({x2}, (0.956051, 0.0439491))
({x3}, (0.976285, 0.0237148))
({x4}, (0.971336, 0.0286636))
({x5}, (0.8036, 0.1964))
({x6}, (0.0112948, 0.988705))
({x7}, (0.988705, 0.0112948))
({x8}, (0.0199101, 0.98009))
({x9}, (0.0910911, 0.908909))
Exact MAP factor marginals:
({x0}, (0.0112948, 0.988705)) == ({x0}, (0.0112948, 0.988705))
({x1}, (0.261206, 0.738794)) == ({x1}, (0.261206, 0.738794))
({x2}, (0.956051, 0.0439491)) == ({x2}, (0.956051, 0.0439491))
({x3}, (0.976285, 0.0237148)) == ({x3}, (0.976285, 0.0237148))
({x4}, (0.971336, 0.0286636)) == ({x4}, (0.971336, 0.0286636))
({x5}, (0.8036, 0.1964)) == ({x5}, (0.8036, 0.1964))
({x6}, (0.0112948, 0.988705)) == ({x6}, (0.0112948, 0.988705))
({x7}, (0.988705, 0.0112948)) == ({x7}, (0.988705, 0.0112948))
({x8}, (0.0199101, 0.98009)) == ({x8}, (0.0199101, 0.98009))
({x9}, (0.0910911, 0.908909)) == ({x9}, (0.0910911, 0.908909))
({x0, x1}, (0.00833535, 0.257972, 0.00404588, 0.729647)) == ({x0, x1}, (0.00833535, 0.257972, 0.00404588, 0.729647))
({x0, x2}, (0.00537364, 0.94064, 0.0107457, 0.0432407)) == ({x0, x2}, (0.00537364, 0.94064, 0.0107457, 0.0432407))
({x0, x3}, (0.0054855, 0.960221, 0.0109694, 0.0233245)) == ({x0, x3}, (0.0054855, 0.960221, 0.0109694, 0.0233245))
({x0, x4}, (0.00545814, 0.955433, 0.0109147, 0.0281943)) == ({x0, x4}, (0.00545814, 0.955433, 0.0109147, 0.0281943))
({x0, x5}, (0.0045284, 0.792684, 0.00905548, 0.193732)) == ({x0, x5}, (0.0045284, 0.792684, 0.00905548, 0.193732))
({x0, x6}, (0.011205, 0.00234415, 0.00560333, 0.980847)) == ({x0, x6}, (0.011205, 0.00234415, 0.00560333, 0.980847))
({x0, x7}, (0.00560333, 0.980847, 0.011205, 0.00234415)) == ({x0, x7}, (0.00560333, 0.980847, 0.011205, 0.00234415))
({x0, x8}, (0.0110114, 0.0195812, 0.00550652, 0.963901)) == ({x0, x8}, (0.0110114, 0.0195812, 0.00550652, 0.963901))
({x0, x9}, (0.00635243, 0.0895823, 0.0102112, 0.893854)) == ({x0, x9}, (0.00635243, 0.0895823, 0.0102112, 0.893854))
({x1, x2}, (0.251115, 0.710252, 0.0326499, 0.0059831)) == ({x1, x2}, (0.251115, 0.710252, 0.0326499, 0.0059831))
({x1, x3}, (0.254491, 0.719802, 0.00822288, 0.0174846)) == ({x1, x3}, (0.254491, 0.719802, 0.00822288, 0.0174846))
({x1, x4}, (0.252844, 0.715145, 0.0211035, 0.0109076)) == ({x1, x4}, (0.252844, 0.715145, 0.0211035, 0.0109076))
({x1, x5}, (0.214017, 0.605327, 0.0327141, 0.147942)) == ({x1, x5}, (0.214017, 0.605327, 0.0327141, 0.147942))
({x1, x6}, (0.00834699, 0.00265606, 0.258332, 0.730665)) == ({x1, x6}, (0.00834699, 0.00265606, 0.258332, 0.730665))
({x1, x7}, (0.258332, 0.730665, 0.00834699, 0.00265606)) == ({x1, x7}, (0.258332, 0.730665, 0.00834699, 0.00265606))
({x1, x8}, (0.0146051, 0.0122546, 0.25419, 0.71895)) == ({x1, x8}, (0.0146051, 0.0122546, 0.25419, 0.71895))
({x1, x9}, (0.00486471, 0.0686025, 0.242016, 0.684517)) == ({x1, x9}, (0.00486471, 0.0686025, 0.242016, 0.684517))
({x2, x3}, (0.924484, 0.042498, 0.0224565, 0.0105611)) == ({x2, x3}, (0.924484, 0.042498, 0.0224565, 0.0105611))
({x2, x4}, (0.905061, 0.0416051, 0.0267079, 0.0266258)) == ({x2, x4}, (0.905061, 0.0416051, 0.0267079, 0.0266258))
({x2, x5}, (0.759629, 0.0197975, 0.185654, 0.0349197)) == ({x2, x5}, (0.759629, 0.0197975, 0.185654, 0.0349197))
({x2, x6}, (0.00342603, 0.0107667, 0.942482, 0.0433254)) == ({x2, x6}, (0.00342603, 0.0107667, 0.942482, 0.0433254))
({x2, x7}, (0.942482, 0.0433254, 0.00342603, 0.0107667)) == ({x2, x7}, (0.942482, 0.0433254, 0.00342603, 0.0107667))
({x2, x8}, (0.015734, 0.0187519, 0.923081, 0.0424335)) == ({x2, x8}, (0.015734, 0.0187519, 0.923081, 0.0424335))
({x2, x9}, (0.086899, 0.00616215, 0.86708, 0.0398592)) == ({x2, x9}, (0.086899, 0.00616215, 0.86708, 0.0398592))
({x3, x4}, (0.935408, 0.0227218, 0.0276034, 0.0142671)) == ({x3, x4}, (0.935408, 0.0227218, 0.0276034, 0.0142671))
({x3, x5}, (0.779877, 0.0189439, 0.190602, 0.0105768)) == ({x3, x5}, (0.779877, 0.0189439, 0.190602, 0.0105768))
({x3, x6}, (0.0012876, 0.0110157, 0.964274, 0.023423)) == ({x3, x6}, (0.0012876, 0.0110157, 0.964274, 0.023423))
({x3, x7}, (0.964336, 0.0234245, 0.00122308, 0.0110164)) == ({x3, x7}, (0.964336, 0.0234245, 0.00122308, 0.0110164))
({x3, x8}, (0.0192367, 0.0108177, 0.946944, 0.023002)) == ({x3, x8}, (0.0192367, 0.0108177, 0.946944, 0.023002))
({x3, x9}, (0.0880614, 0.0213438, 0.878678, 0.0119167)) == ({x3, x9}, (0.0880614, 0.0213438, 0.878678, 0.0119167))
({x4, x5}, (0.767266, 0.0226416, 0.18752, 0.0225721)) == ({x4, x5}, (0.767266, 0.0226416, 0.18752, 0.0225721))
({x4, x6}, (0.000152306, 0.0109729, 0.96053, 0.0283447)) == ({x4, x6}, (0.000152306, 0.0109729, 0.96053, 0.0283447))
({x4, x7}, (0.959507, 0.0283146, 0.00121695, 0.0109612)) == ({x4, x7}, (0.959507, 0.0283146, 0.00121695, 0.0109612))
({x4, x8}, (0.0190584, 0.0150905, 0.938166, 0.0276848)) == ({x4, x8}, (0.0190584, 0.0150905, 0.938166, 0.0276848))
({x4, x9}, (0.08753, 0.0133209, 0.873376, 0.0257729)) == ({x4, x9}, (0.08753, 0.0133209, 0.873376, 0.0257729))
({x5, x6}, (0.00240052, 0.00907483, 0.794378, 0.194146)) == ({x5, x6}, (0.00240052, 0.00907483, 0.794378, 0.194146))
({x5, x7}, (0.794734, 0.194233, 0.00195386, 0.0090789)) == ({x5, x7}, (0.794734, 0.194233, 0.00195386, 0.0090789))
({x5, x8}, (0.00158358, 0.0160371, 0.78944, 0.192939)) == ({x5, x8}, (0.00158358, 0.0160371, 0.78944, 0.192939))
({x5, x9}, (0.0741424, 0.00525756, 0.739794, 0.180806)) == ({x5, x9}, (0.0741424, 0.00525756, 0.739794, 0.180806))
({x6, x7}, (0.00297513, 0.984529, 0.0112471, 0.00124869)) == ({x6, x7}, (0.00297513, 0.984529, 0.0112471, 0.00124869))
({x6, x8}, (0.0110401, 0.0196321, 0.00292037, 0.966407)) == ({x6, x8}, (0.0110401, 0.0196321, 0.00292037, 0.966407))
({x6, x9}, (0.00635243, 0.0895823, 0.0102112, 0.893854)) == ({x6, x9}, (0.00635243, 0.0895823, 0.0102112, 0.893854))
({x7, x8}, (0.0196428, 0.0110461, 0.966934, 0.00237721)) == ({x7, x8}, (0.0196428, 0.0110461, 0.966934, 0.00237721))
({x7, x9}, (0.0895823, 0.00635243, 0.893854, 0.0102112)) == ({x7, x9}, (0.0895823, 0.00635243, 0.893854, 0.0102112))
({x8, x9}, (0.00630234, 0.088876, 0.0180151, 0.886807)) == ({x8, x9}, (0.00630234, 0.088876, 0.0180151, 0.886807))
Exact MAP state (log score = 14.2581):
x0: 1
x1: 1
x2: 0
x3: 0
x4: 0
x5: 0
x6: 1
x7: 0
x8: 1
x9: 1
