Builtin inference algorithms: {BP, EXACT, FBP, JTREE, TRWBP}

Exact variable marginals:
({x0}, (0.085264, 0.914736))
({x1}, (0.400849, 0.599151))
({x2}, (0.713269, 0.286731))
({x3}, (0.064351, 0.935649))
({x4}, (0.627815, 0.372185))
({x5}, (0.0636156, 0.936384))
({x6}, (0.334806, 0.665194))
({x7}, (0.845897, 0.154103))
({x8}, (0.0985817, 0.901418))
({x9}, (0.930604, 0.0693959))
Exact factor marginals:
({x0}, (0.085264, 0.914736))
({x1}, (0.400849, 0.599151))
({x2}, (0.713269, 0.286731))
({x3}, (0.064351, 0.935649))
({x4}, (0.627815, 0.372185))
({x5}, (0.0636156, 0.936384))
({x6}, (0.334806, 0.665194))
({x7}, (0.845897, 0.154103))
({x8}, (0.0985817, 0.901418))
({x9}, (0.930604, 0.0693959))
({x0, x1}, (0.0453593, 0.355489, 0.0399047, 0.559247))
({x0, x2}, (0.0364191, 0.67685, 0.0488449, 0.237886))
({x0, x3}, (0.0286278, 0.0357232, 0.0566362, 0.879013))
({x0, x4}, (0.0460051, 0.58181, 0.0392589, 0.332926))
({x0, x5}, (0.0533596, 0.010256, 0.0319044, 0.90448))
({x0, x6}, (0.0675386, 0.267268, 0.0177254, 0.647468))
({x0, x7}, (0.0328795, 0.813017, 0.0523845, 0.101719))
({x0, x8}, (0.02968, 0.0689017, 0.055584, 0.845834))
({x0, x9}, (0.0358455, 0.894759, 0.0494185, 0.0199774))
({x1, x2}, (0.170153, 0.543116, 0.230696, 0.0560351))
({x1, x3}, (0.0364214, 0.0279296, 0.364427, 0.571222))
({x1, x4}, (0.101868, 0.525947, 0.29898, 0.0732048))
({x1, x5}, (0.0289288, 0.0346868, 0.37192, 0.564465))
({x1, x6}, (0.268376, 0.0664308, 0.132473, 0.532721))
({x1, x7}, (0.352303, 0.493594, 0.0485459, 0.105558))
({x1, x8}, (0.00808115, 0.0905006, 0.392767, 0.508651))
({x1, x9}, (0.352356, 0.578248, 0.0484929, 0.0209029))
({x2, x3}, (0.0162242, 0.0481269, 0.697045, 0.238604))
({x2, x4}, (0.534729, 0.0930855, 0.17854, 0.193645))
({x2, x5}, (0.0295003, 0.0341152, 0.683769, 0.252616))
({x2, x6}, (0.155793, 0.179014, 0.557477, 0.107717))
({x2, x7}, (0.610537, 0.235359, 0.102732, 0.0513717))
({x2, x8}, (0.0697584, 0.0288233, 0.643511, 0.257908))
({x2, x9}, (0.689565, 0.241039, 0.0237037, 0.0456922))
({x3, x4}, (0.0188695, 0.608945, 0.0454815, 0.326704))
({x3, x5}, (0.0284744, 0.0351412, 0.0358767, 0.900508))
({x3, x6}, (0.0502039, 0.284602, 0.0141472, 0.651046))
({x3, x7}, (0.0434633, 0.802433, 0.0208878, 0.133216))
({x3, x8}, (0.0264125, 0.0721692, 0.0379385, 0.86348))
({x3, x9}, (0.0453192, 0.885285, 0.0190318, 0.0503641))
({x4, x5}, (0.041174, 0.0224416, 0.586641, 0.349744))
({x4, x6}, (0.058566, 0.27624, 0.569249, 0.0959449))
({x4, x7}, (0.518619, 0.327277, 0.109195, 0.0449079))
({x4, x8}, (0.0738651, 0.0247167, 0.55395, 0.347469))
({x4, x9}, (0.600452, 0.330152, 0.0273626, 0.0420333))
({x5, x6}, (0.0481186, 0.286688, 0.015497, 0.649697))
({x5, x7}, (0.0170989, 0.828798, 0.0465166, 0.107587))
({x5, x8}, (0.0311827, 0.067399, 0.0324328, 0.868985))
({x5, x9}, (0.0251878, 0.905416, 0.0384277, 0.0309682))
({x6, x7}, (0.284537, 0.561359, 0.050269, 0.103834))
({x6, x8}, (0.0283185, 0.0702633, 0.306488, 0.59493))
({x6, x9}, (0.282016, 0.648588, 0.0527899, 0.016606))
({x7, x8}, (0.0800252, 0.0185565, 0.765871, 0.135547))
({x7, x9}, (0.822574, 0.10803, 0.0233229, 0.046073))
({x8, x9}, (0.0806853, 0.849919, 0.0178964, 0.0514994))
Exact log partition sum: 11.4384
Exact MAP variable marginals:
({x0}, (0.0139685, 0.986031))
({x1}, (0.225021, 0.774979))
({x2}, (0.774979, 0.225021))
({x3}, (0.0456076, 0.954392))
({x4}, (0.774979, 0.225021))
({x5}, (0.0139685, 0.986031))
({x6}, (0.225021, 0.774979))
({x7}, (0.843693, 0.156307))
({x8}, (0.110101, 0.889899))
({x9}, (0.984402, 0.0155984))
Exact MAP factor marginals:
({x0}, (0.0139685, 0.986031)) == ({x0}, (0.0139685, 0.986031))
({x1}, (0.225021, 0.774979)) == ({x1}, (0.225021, 0.774979))
({x2}, (0.774979, 0.225021)) == ({x2}, (0.774979, 0.225021))
({x3}, (0.0456076, 0.954392)) == ({x3}, (0.0456076, 0.954392))
({x4}, (0.774979, 0.225021)) == ({x4}, (0.774979, 0.225021))
({x5}, (0.0139685, 0.986031)) == ({x5}, (0.0139685, 0.986031))
({x6}, (0.225021, 0.774979)) == ({x6}, (0.225021, 0.774979))
({x7}, (0.843693, 0.156307)) == ({x7}, (0.843693, 0.156307))
({x8}, (0.110101, 0.889899)) == ({x8}, (0.110101, 0.889899))
({x9}, (0.984402, 0.0155984)) == ({x9}, (0.984402, 0.0155984))
({x0, x1}, (0.0108045, 0.221452, 0.00505595, 0.762687)) == ({x0, x1}, (0.0108045, 0.221452, 0.00505595, 0.762687))
({x0, x2}, (0.00505595, 0.762687, 0.0108045, 0.221452)) == ({x0, x2}, (0.00505595, 0.762687, 0.0108045, 0.221452))
({x0, x3}, (0.0131906, 0.0444954, 0.0111971, 0.931117)) == ({x0, x3}, (0.0131906, 0.0444954, 0.0111971, 0.931117))
({x0, x4}, (0.0091341, 0.759561, 0.0107602, 0.220545)) == ({x0, x4}, (0.0091341, 0.759561, 0.0107602, 0.220545))
({x0, x5}, (0.0137481, 0.00540908, 0.0103709, 0.970472)) == ({x0, x5}, (0.0137481, 0.00540908, 0.0103709, 0.970472))
({x0, x6}, (0.0108045, 0.221452, 0.00505595, 0.762687)) == ({x0, x6}, (0.0108045, 0.221452, 0.00505595, 0.762687))
({x0, x7}, (0.00883088, 0.826366, 0.0117066, 0.153097)) == ({x0, x7}, (0.00883088, 0.826366, 0.0117066, 0.153097))
({x0, x8}, (0.00558189, 0.108124, 0.0123802, 0.873914)) == ({x0, x8}, (0.00558189, 0.108124, 0.0123802, 0.873914))
({x0, x9}, (0.0102685, 0.960893, 0.0136124, 0.0152259)) == ({x0, x9}, (0.0102685, 0.960893, 0.0136124, 0.0152259))
({x1, x2}, (0.153362, 0.627717, 0.182262, 0.0366588)) == ({x1, x2}, (0.153362, 0.627717, 0.182262, 0.0366588))
({x1, x3}, (0.0355686, 0.00400103, 0.216117, 0.744313)) == ({x1, x3}, (0.0355686, 0.00400103, 0.216117, 0.744313))
({x1, x4}, (0.076894, 0.681472, 0.197871, 0.0437627)) == ({x1, x4}, (0.076894, 0.681472, 0.197871, 0.0437627))
({x1, x5}, (0.0108132, 0.00425438, 0.221631, 0.763302)) == ({x1, x5}, (0.0108132, 0.00425438, 0.221631, 0.763302))
({x1, x6}, (0.199449, 0.0361368, 0.0775072, 0.686907)) == ({x1, x6}, (0.199449, 0.0361368, 0.0775072, 0.686907))
({x1, x7}, (0.194899, 0.671236, 0.00950899, 0.124357)) == ({x1, x7}, (0.194899, 0.671236, 0.00950899, 0.124357))
({x1, x8}, (0.00449656, 0.0871004, 0.20441, 0.703993)) == ({x1, x8}, (0.00449656, 0.0871004, 0.20441, 0.703993))
({x1, x9}, (0.22138, 0.76244, 0.0120813, 0.00409847)) == ({x1, x9}, (0.22138, 0.76244, 0.0120813, 0.00409847))
({x2, x3}, (0.0042065, 0.0355612, 0.74416, 0.216073)) == ({x2, x3}, (0.0042065, 0.0355612, 0.74416, 0.216073))
({x2, x4}, (0.615792, 0.05496, 0.150448, 0.1788)) == ({x2, x4}, (0.615792, 0.05496, 0.150448, 0.1788))
({x2, x5}, (0.00444102, 0.0108112, 0.763159, 0.221589)) == ({x2, x5}, (0.00444102, 0.0108112, 0.763159, 0.221589))
({x2, x6}, (0.150448, 0.1788, 0.615792, 0.05496)) == ({x2, x6}, (0.150448, 0.1788, 0.615792, 0.05496))
({x2, x7}, (0.670384, 0.194651, 0.124199, 0.0107663)) == ({x2, x7}, (0.670384, 0.194651, 0.124199, 0.0107663))
({x2, x8}, (0.0864835, 0.0115472, 0.699007, 0.202962)) == ({x2, x8}, (0.0864835, 0.0115472, 0.699007, 0.202962))
({x2, x9}, (0.76136, 0.221067, 0.0055089, 0.0120642)) == ({x2, x9}, (0.76136, 0.221067, 0.0055089, 0.0120642))
({x3, x4}, (0.00331281, 0.744828, 0.0355931, 0.216266)) == ({x3, x4}, (0.00331281, 0.744828, 0.0355931, 0.216266))
({x3, x5}, (0.0131906, 0.0111971, 0.0444954, 0.931117)) == ({x3, x5}, (0.0131906, 0.0111971, 0.0444954, 0.931117))
({x3, x6}, (0.0355853, 0.216219, 0.00353337, 0.744663)) == ({x3, x6}, (0.0355853, 0.216219, 0.00353337, 0.744663))
({x3, x7}, (0.0383149, 0.801784, 0.0113584, 0.148543)) == ({x3, x7}, (0.0383149, 0.801784, 0.0113584, 0.148543))
({x3, x8}, (0.00542256, 0.105037, 0.0405698, 0.84897)) == ({x3, x8}, (0.00542256, 0.105037, 0.0405698, 0.84897))
({x3, x9}, (0.0443377, 0.927817, 0.0131438, 0.0147018)) == ({x3, x9}, (0.0443377, 0.927817, 0.0131438, 0.0147018))
({x4, x5}, (0.0091341, 0.0107602, 0.759561, 0.220545)) == ({x4, x5}, (0.0091341, 0.0107602, 0.759561, 0.220545))
({x4, x6}, (0.0270572, 0.207816, 0.715724, 0.049403)) == ({x4, x6}, (0.0270572, 0.207816, 0.715724, 0.049403))
({x4, x7}, (0.669944, 0.194524, 0.124118, 0.0114143)) == ({x4, x7}, (0.669944, 0.194524, 0.124118, 0.0114143))
({x4, x8}, (0.0864807, 0.0115796, 0.698984, 0.202956)) == ({x4, x8}, (0.0864807, 0.0115796, 0.698984, 0.202956))
({x4, x9}, (0.758594, 0.220264, 0.00912246, 0.0120203)) == ({x4, x9}, (0.758594, 0.220264, 0.00912246, 0.0120203))
({x5, x6}, (0.0108132, 0.221631, 0.00425438, 0.763302)) == ({x5, x6}, (0.0108132, 0.221631, 0.00425438, 0.763302))
({x5, x7}, (0.00376522, 0.830589, 0.0117664, 0.153879)) == ({x5, x7}, (0.00376522, 0.830589, 0.0117664, 0.153879))
({x5, x8}, (0.00558189, 0.108124, 0.0123802, 0.873914)) == ({x5, x8}, (0.00558189, 0.108124, 0.0123802, 0.873914))
({x5, x9}, (0.00538213, 0.965637, 0.0136796, 0.015301)) == ({x5, x9}, (0.00538213, 0.965637, 0.0136796, 0.015301))
({x6, x7}, (0.194899, 0.671236, 0.00950899, 0.124357)) == ({x6, x7}, (0.194899, 0.671236, 0.00950899, 0.124357))
({x6, x8}, (0.00449656, 0.0871004, 0.20441, 0.703993)) == ({x6, x8}, (0.00449656, 0.0871004, 0.20441, 0.703993))
({x6, x9}, (0.221398, 0.762501, 0.0120822, 0.00401822)) == ({x6, x9}, (0.221398, 0.762501, 0.0120822, 0.00401822))
({x7, x8}, (0.0940593, 0.00485582, 0.760239, 0.140846)) == ({x7, x8}, (0.0940593, 0.00485582, 0.760239, 0.140846))
({x7, x9}, (0.822857, 0.152447, 0.0130386, 0.0116569)) == ({x7, x9}, (0.822857, 0.152447, 0.0130386, 0.0116569))
({x8, x9}, (0.107965, 0.872634, 0.00557371, 0.0138274)) == ({x8, x9}, (0.107965, 0.872634, 0.00557371, 0.0138274))
Exact MAP state (log score = 10.3342):
x0: 1
x1: 1
x2: 0
x3: 1
x4: 0
x5: 1
x6: 1
x7: 0
x8: 1
x9: 0
