Builtin inference algorithms: {BP, EXACT, FBP, JTREE, TRWBP}

Exact variable marginals:
({x0}, (0.34346, 0.65654))
({x1}, (0.566922, 0.433078))
({x2}, (0.847027, 0.152973))
({x3}, (0.853757, 0.146243))
({x4}, (0.166041, 0.833959))
({x5}, (0.180927, 0.819073))
({x6}, (0.291716, 0.708284))
({x7}, (0.730001, 0.269999))
({x8}, (0.854866, 0.145134))
({x9}, (0.706778, 0.293222))
Exact factor marginals:
({x0}, (0.34346, 0.65654))
({x1}, (0.566922, 0.433078))
({x2}, (0.847027, 0.152973))
({x3}, (0.853757, 0.146243))
({x4}, (0.166041, 0.833959))
({x5}, (0.180927, 0.819073))
({x6}, (0.291716, 0.708284))
({x7}, (0.730001, 0.269999))
({x8}, (0.854866, 0.145134))
({x9}, (0.706778, 0.293222))
({x0, x1}, (0.251962, 0.31496, 0.091498, 0.34158))
({x0, x2}, (0.321508, 0.525519, 0.0219528, 0.13102))
({x0, x3}, (0.289768, 0.563989, 0.0536921, 0.0925507))
({x0, x4}, (0.0298374, 0.136204, 0.313623, 0.520336))
({x0, x5}, (0.0271367, 0.15379, 0.316324, 0.502749))
({x0, x6}, (0.214886, 0.0768291, 0.128574, 0.579711))
({x0, x7}, (0.32377, 0.406231, 0.0196902, 0.250309))
({x0, x8}, (0.312081, 0.542785, 0.0313794, 0.113755))
({x0, x9}, (0.284082, 0.422696, 0.0593779, 0.233844))
({x1, x2}, (0.56008, 0.286946, 0.0068417, 0.146132))
({x1, x3}, (0.546845, 0.306912, 0.0200769, 0.126166))
({x1, x4}, (0.0141287, 0.151913, 0.552793, 0.281165))
({x1, x5}, (0.0291445, 0.151782, 0.537778, 0.281295))
({x1, x6}, (0.1934, 0.0983151, 0.373522, 0.334763))
({x1, x7}, (0.430521, 0.29948, 0.136401, 0.133598))
({x1, x8}, (0.554444, 0.300421, 0.0124777, 0.132657))
({x1, x9}, (0.494894, 0.211884, 0.072028, 0.221194))
({x2, x3}, (0.810863, 0.0428943, 0.0361638, 0.110079))
({x2, x4}, (0.0149651, 0.151076, 0.832062, 0.00189701))
({x2, x5}, (0.0320444, 0.148883, 0.814982, 0.00409071))
({x2, x6}, (0.244653, 0.0470625, 0.602374, 0.105911))
({x2, x7}, (0.704314, 0.0256873, 0.142713, 0.127286))
({x2, x8}, (0.830074, 0.0247918, 0.0169529, 0.128181))
({x2, x9}, (0.645095, 0.0616837, 0.201932, 0.0912896))
({x3, x4}, (0.0507794, 0.115262, 0.802978, 0.0309809))
({x3, x5}, (0.0668952, 0.114032, 0.786862, 0.0322111))
({x3, x6}, (0.256662, 0.0350535, 0.597095, 0.111189))
({x3, x7}, (0.671118, 0.0588838, 0.18264, 0.0873591))
({x3, x8}, (0.807917, 0.0469489, 0.0458404, 0.0992939))
({x3, x9}, (0.667593, 0.0391854, 0.186164, 0.107057))
({x4, x5}, (0.155694, 0.0252326, 0.010347, 0.808726))
({x4, x6}, (0.0529038, 0.238812, 0.113138, 0.595147))
({x4, x7}, (0.0327118, 0.697289, 0.133329, 0.136669))
({x4, x8}, (0.0305545, 0.824311, 0.135487, 0.0096475))
({x4, x9}, (0.0744676, 0.632311, 0.0915737, 0.201648))
({x5, x6}, (0.0479607, 0.243755, 0.132966, 0.575318))
({x5, x7}, (0.0384421, 0.691559, 0.142485, 0.127514))
({x5, x8}, (0.0511206, 0.803745, 0.129806, 0.0153279))
({x5, x9}, (0.0885823, 0.618196, 0.0923447, 0.200877))
({x6, x7}, (0.245327, 0.484674, 0.0463884, 0.22361))
({x6, x8}, (0.250364, 0.604502, 0.0413515, 0.103783))
({x6, x9}, (0.282257, 0.424522, 0.00945896, 0.283763))
({x7, x8}, (0.699319, 0.155547, 0.0306825, 0.114452))
({x7, x9}, (0.542089, 0.16469, 0.187913, 0.105309))
({x8, x9}, (0.641192, 0.0655862, 0.213673, 0.0795481))
Exact log partition sum: 10.4442
Exact MAP variable marginals:
({x0}, (0.51813, 0.48187))
({x1}, (0.610799, 0.389201))
({x2}, (0.728606, 0.271394))
({x3}, (0.728606, 0.271394))
({x4}, (0.271394, 0.728606))
({x5}, (0.271394, 0.728606))
({x6}, (0.51813, 0.48187))
({x7}, (0.660335, 0.339665))
({x8}, (0.728606, 0.271394))
({x9}, (0.610799, 0.389201))
Exact MAP factor marginals:
({x0}, (0.51813, 0.48187)) == ({x0}, (0.51813, 0.48187))
({x1}, (0.610799, 0.389201)) == ({x1}, (0.610799, 0.389201))
({x2}, (0.728606, 0.271394)) == ({x2}, (0.728606, 0.271394))
({x3}, (0.728606, 0.271394)) == ({x3}, (0.728606, 0.271394))
({x4}, (0.271394, 0.728606)) == ({x4}, (0.271394, 0.728606))
({x5}, (0.271394, 0.728606)) == ({x5}, (0.271394, 0.728606))
({x6}, (0.51813, 0.48187)) == ({x6}, (0.51813, 0.48187))
({x7}, (0.660335, 0.339665)) == ({x7}, (0.660335, 0.339665))
({x8}, (0.728606, 0.271394)) == ({x8}, (0.728606, 0.271394))
({x9}, (0.610799, 0.389201)) == ({x9}, (0.610799, 0.389201))
({x0, x1}, (0.361262, 0.335979, 0.0725636, 0.230196)) == ({x0, x1}, (0.361262, 0.335979, 0.0725636, 0.230196))
({x0, x2}, (0.425585, 0.395801, 0.0200906, 0.158524)) == ({x0, x2}, (0.425585, 0.395801, 0.0200906, 0.158524))
({x0, x3}, (0.422557, 0.392985, 0.0270625, 0.157396)) == ({x0, x3}, (0.422557, 0.392985, 0.0270625, 0.157396))
({x0, x4}, (0.0200906, 0.158524, 0.425585, 0.395801)) == ({x0, x4}, (0.0200906, 0.158524, 0.425585, 0.395801))
({x0, x5}, (0.0200906, 0.158524, 0.425585, 0.395801)) == ({x0, x5}, (0.0200906, 0.158524, 0.425585, 0.395801))
({x0, x6}, (0.409806, 0.0547698, 0.154298, 0.381126)) == ({x0, x6}, (0.409806, 0.0547698, 0.154298, 0.381126))
({x0, x7}, (0.404129, 0.375847, 0.0121472, 0.207877)) == ({x0, x7}, (0.404129, 0.375847, 0.0121472, 0.207877))
({x0, x8}, (0.425585, 0.395801, 0.0200906, 0.158524)) == ({x0, x8}, (0.425585, 0.395801, 0.0200906, 0.158524))
({x0, x9}, (0.376113, 0.349792, 0.0344364, 0.239659)) == ({x0, x9}, (0.376113, 0.349792, 0.0344364, 0.239659))
({x1, x2}, (0.495815, 0.315933, 0.00356962, 0.184683)) == ({x1, x2}, (0.495815, 0.315933, 0.00356962, 0.184683))
({x1, x3}, (0.484727, 0.308868, 0.0258524, 0.180553)) == ({x1, x3}, (0.484727, 0.308868, 0.0258524, 0.180553))
({x1, x4}, (0.00512549, 0.184395, 0.49504, 0.315439)) == ({x1, x4}, (0.00512549, 0.184395, 0.49504, 0.315439))
({x1, x5}, (0.0355481, 0.178756, 0.479902, 0.305793)) == ({x1, x5}, (0.0355481, 0.178756, 0.479902, 0.305793))
({x1, x6}, (0.361262, 0.0725636, 0.335979, 0.230196)) == ({x1, x6}, (0.361262, 0.0725636, 0.335979, 0.230196))
({x1, x7}, (0.396186, 0.25245, 0.203791, 0.147573)) == ({x1, x7}, (0.396186, 0.25245, 0.203791, 0.147573))
({x1, x8}, (0.49495, 0.315382, 0.00530755, 0.184361)) == ({x1, x8}, (0.49495, 0.315382, 0.00530755, 0.184361))
({x1, x9}, (0.424325, 0.233617, 0.0716781, 0.27038)) == ({x1, x9}, (0.424325, 0.233617, 0.0716781, 0.27038))
({x2, x3}, (0.658524, 0.0540116, 0.0421749, 0.24529)) == ({x2, x3}, (0.658524, 0.0540116, 0.0421749, 0.24529))
({x2, x4}, (0.00747412, 0.268889, 0.721881, 0.00175629)) == ({x2, x4}, (0.00747412, 0.268889, 0.721881, 0.00175629))
({x2, x5}, (0.0510581, 0.256749, 0.689288, 0.00290546)) == ({x2, x5}, (0.0510581, 0.256749, 0.689288, 0.00290546))
({x2, x6}, (0.419372, 0.0343965, 0.390023, 0.156209)) == ({x2, x6}, (0.419372, 0.0343965, 0.390023, 0.156209))
({x2, x7}, (0.517044, 0.0244081, 0.265958, 0.19259)) == ({x2, x7}, (0.517044, 0.0244081, 0.265958, 0.19259))
({x2, x8}, (0.698783, 0.033438, 0.00749333, 0.260286)) == ({x2, x8}, (0.698783, 0.033438, 0.00749333, 0.260286))
({x2, x9}, (0.47808, 0.0392117, 0.304632, 0.178077)) == ({x2, x9}, (0.47808, 0.0392117, 0.304632, 0.178077))
({x3, x4}, (0.0540116, 0.24529, 0.658524, 0.0421749)) == ({x3, x4}, (0.0540116, 0.24529, 0.658524, 0.0421749))
({x3, x5}, (0.0540116, 0.24529, 0.658524, 0.0421749)) == ({x3, x5}, (0.0540116, 0.24529, 0.658524, 0.0421749))
({x3, x6}, (0.425585, 0.0200906, 0.395801, 0.158524)) == ({x3, x6}, (0.425585, 0.0200906, 0.395801, 0.158524))
({x3, x7}, (0.512581, 0.0328281, 0.263662, 0.190928)) == ({x3, x7}, (0.512581, 0.0328281, 0.263662, 0.190928))
({x3, x8}, (0.658524, 0.0421749, 0.0540116, 0.24529)) == ({x3, x8}, (0.658524, 0.0421749, 0.0540116, 0.24529))
({x3, x9}, (0.486171, 0.0229507, 0.309788, 0.181091)) == ({x3, x9}, (0.486171, 0.0229507, 0.309788, 0.181091))
({x4, x5}, (0.256749, 0.0510581, 0.00290546, 0.689288)) == ({x4, x5}, (0.256749, 0.0510581, 0.00290546, 0.689288))
({x4, x6}, (0.0343965, 0.419372, 0.156209, 0.390023)) == ({x4, x6}, (0.0343965, 0.419372, 0.156209, 0.390023))
({x4, x7}, (0.0244081, 0.517044, 0.19259, 0.265958)) == ({x4, x7}, (0.0244081, 0.517044, 0.19259, 0.265958))
({x4, x8}, (0.033438, 0.698783, 0.260286, 0.00749333)) == ({x4, x8}, (0.033438, 0.698783, 0.260286, 0.00749333))
({x4, x9}, (0.0392117, 0.47808, 0.178077, 0.304632)) == ({x4, x9}, (0.0392117, 0.47808, 0.178077, 0.304632))
({x5, x6}, (0.0343965, 0.419372, 0.156209, 0.390023)) == ({x5, x6}, (0.0343965, 0.419372, 0.156209, 0.390023))
({x5, x7}, (0.0244081, 0.517044, 0.19259, 0.265958)) == ({x5, x7}, (0.0244081, 0.517044, 0.19259, 0.265958))
({x5, x8}, (0.05083, 0.686209, 0.255602, 0.0073585)) == ({x5, x8}, (0.05083, 0.686209, 0.255602, 0.0073585))
({x5, x9}, (0.0392117, 0.47808, 0.178077, 0.304632)) == ({x5, x9}, (0.0392117, 0.47808, 0.178077, 0.304632))
({x6, x7}, (0.395817, 0.368117, 0.0324646, 0.203601)) == ({x6, x7}, (0.395817, 0.368117, 0.0324646, 0.203601))
({x6, x8}, (0.419372, 0.390023, 0.0343965, 0.156209)) == ({x6, x8}, (0.419372, 0.390023, 0.0343965, 0.156209))
({x6, x9}, (0.388047, 0.36089, 0.0037991, 0.247263)) == ({x6, x9}, (0.388047, 0.36089, 0.0037991, 0.247263))
({x7, x8}, (0.517044, 0.265958, 0.0244081, 0.19259)) == ({x7, x8}, (0.517044, 0.265958, 0.0244081, 0.19259))
({x7, x9}, (0.396186, 0.203791, 0.25245, 0.147573)) == ({x7, x9}, (0.396186, 0.203791, 0.25245, 0.147573))
({x8, x9}, (0.47808, 0.0392117, 0.304632, 0.178077)) == ({x8, x9}, (0.47808, 0.0392117, 0.304632, 0.178077))
Exact MAP state (log score = 8.54282):
x0: 0
x1: 0
x2: 0
x3: 0
x4: 1
x5: 1
x6: 0
x7: 0
x8: 0
x9: 0
