Builtin inference algorithms: {BP, EXACT, FBP, JTREE, TRWBP}

Exact variable marginals:
({x0}, (0.0383271, 0.961673))
({x1}, (0.0159045, 0.984096))
({x2}, (0.959791, 0.0402094))
({x3}, (0.0554088, 0.944591))
({x4}, (0.00186236, 0.998138))
({x5}, (0.00337721, 0.996623))
({x6}, (0.0163581, 0.983642))
({x7}, (0.00152999, 0.99847))
({x8}, (0.00668773, 0.993312))
({x9}, (0.979816, 0.0201841))
Exact factor marginals:
({x0}, (0.0383271, 0.961673))
({x1}, (0.0159045, 0.984096))
({x2}, (0.959791, 0.0402094))
({x3}, (0.0554088, 0.944591))
({x4}, (0.00186236, 0.998138))
({x5}, (0.00337721, 0.996623))
({x6}, (0.0163581, 0.983642))
({x7}, (0.00152999, 0.99847))
({x8}, (0.00668773, 0.993312))
({x9}, (0.979816, 0.0201841))
({x0, x1}, (0.00899662, 0.00690788, 0.0293305, 0.954765))
({x0, x2}, (0.0324058, 0.927385, 0.00592131, 0.0342881))
({x0, x3}, (0.000866281, 0.0545425, 0.0374609, 0.90713))
({x0, x4}, (0.00155848, 0.000303881, 0.0367687, 0.961369))
({x0, x5}, (0.000773196, 0.00260402, 0.0375539, 0.959069))
({x0, x6}, (0.00307607, 0.013282, 0.0352511, 0.948391))
({x0, x7}, (0.00122807, 0.000301917, 0.0370991, 0.961371))
({x0, x8}, (0.00139329, 0.00529443, 0.0369339, 0.956378))
({x0, x9}, (0.0351171, 0.944699, 0.00321001, 0.0169741))
({x1, x2}, (0.0137107, 0.94608, 0.00219381, 0.0380156))
({x1, x3}, (0.00027516, 0.0551336, 0.0156293, 0.928962))
({x1, x4}, (0.00145023, 0.000412127, 0.0144543, 0.983683))
({x1, x5}, (0.000774619, 0.0026026, 0.0151299, 0.981493))
({x1, x6}, (0.00376502, 0.0125931, 0.0121395, 0.971502))
({x1, x7}, (0.00120161, 0.000328382, 0.0147029, 0.983767))
({x1, x8}, (0.00184542, 0.00484231, 0.0140591, 0.979253))
({x1, x9}, (0.0142454, 0.96557, 0.00165907, 0.0185251))
({x2, x3}, (0.0547006, 0.00070819, 0.90509, 0.0395012))
({x2, x4}, (0.000418686, 0.00144367, 0.959372, 0.0387657))
({x2, x5}, (0.00174708, 0.00163014, 0.958044, 0.0385793))
({x2, x6}, (0.0154253, 0.00093284, 0.944365, 0.0392766))
({x2, x7}, (0.00022352, 0.00130647, 0.959567, 0.0389029))
({x2, x8}, (0.0036116, 0.00307612, 0.956179, 0.0371333))
({x2, x9}, (0.951908, 0.0279076, 0.00788228, 0.0123018))
({x3, x4}, (0.000546389, 0.00131597, 0.0548624, 0.943275))
({x3, x5}, (0.00163805, 0.00173916, 0.0537707, 0.942852))
({x3, x6}, (0.00104093, 0.0153172, 0.0543678, 0.929274))
({x3, x7}, (0.000486862, 0.00104313, 0.0549219, 0.943548))
({x3, x8}, (0.000667968, 0.00601976, 0.0547408, 0.938571))
({x3, x9}, (0.0537976, 0.926018, 0.00161113, 0.018573))
({x4, x5}, (0.00101506, 0.00236215, 0.000847295, 0.995775))
({x4, x6}, (0.00111034, 0.0152478, 0.000752017, 0.98289))
({x4, x7}, (0.00139645, 0.000133536, 0.000465902, 0.998004))
({x4, x8}, (0.00132084, 0.00536689, 0.000541521, 0.992771))
({x4, x9}, (0.00031834, 0.979498, 0.00154402, 0.0186401))
({x5, x6}, (0.0013981, 0.01496, 0.00197912, 0.981663))
({x5, x7}, (0.00103307, 0.00049692, 0.00234414, 0.996126))
({x5, x8}, (0.00117915, 0.00550858, 0.00219806, 0.991114))
({x5, x9}, (0.00231114, 0.977505, 0.00106607, 0.019118))
({x6, x7}, (0.00107133, 0.000458662, 0.0152868, 0.983183))
({x6, x8}, (0.00194682, 0.00474091, 0.0144113, 0.978901))
({x6, x9}, (0.0153319, 0.964484, 0.0010262, 0.0191579))
({x7, x8}, (0.00139561, 0.00529211, 0.000134378, 0.993178))
({x7, x9}, (0.000116304, 0.9797, 0.00141369, 0.0187704))
({x8, x9}, (0.00339461, 0.976421, 0.00329312, 0.016891))
Exact log partition sum: 11.9983
Exact MAP variable marginals:
({x0}, (0.0274906, 0.972509))
({x1}, (0.00616406, 0.993836))
({x2}, (0.972786, 0.0272136))
({x3}, (0.057239, 0.942761))
({x4}, (0.000564345, 0.999436))
({x5}, (0.000896155, 0.999104))
({x6}, (0.0123622, 0.987638))
({x7}, (0.000564345, 0.999436))
({x8}, (0.00228541, 0.997715))
({x9}, (0.991027, 0.00897334))
Exact MAP factor marginals:
({x0}, (0.0274906, 0.972509)) == ({x0}, (0.0274906, 0.972509))
({x1}, (0.00616406, 0.993836)) == ({x1}, (0.00616406, 0.993836))
({x2}, (0.972786, 0.0272136)) == ({x2}, (0.972786, 0.0272136))
({x3}, (0.057239, 0.942761)) == ({x3}, (0.057239, 0.942761))
({x4}, (0.000564345, 0.999436)) == ({x4}, (0.000564345, 0.999436))
({x5}, (0.000896155, 0.999104)) == ({x5}, (0.000896155, 0.999104))
({x6}, (0.0123622, 0.987638)) == ({x6}, (0.0123622, 0.987638))
({x7}, (0.000564345, 0.999436)) == ({x7}, (0.000564345, 0.999436))
({x8}, (0.00228541, 0.997715)) == ({x8}, (0.00228541, 0.997715))
({x9}, (0.991027, 0.00897334)) == ({x9}, (0.991027, 0.00897334))
({x0, x1}, (0.00586701, 0.00596044, 0.0271654, 0.961007)) == ({x0, x1}, (0.00586701, 0.00596044, 0.0271654, 0.961007))
({x0, x2}, (0.0266862, 0.944054, 0.00285032, 0.0264098)) == ({x0, x2}, (0.0266862, 0.944054, 0.00285032, 0.0264098))
({x0, x3}, (0.000577488, 0.055721, 0.0259429, 0.917759)) == ({x0, x3}, (0.000577488, 0.055721, 0.0259429, 0.917759))
({x0, x4}, (0.000548793, 8.53842e-05, 0.0274731, 0.971893)) == ({x0, x4}, (0.000548793, 8.53842e-05, 0.0274731, 0.971893))
({x0, x5}, (0.000548362, 0.000871062, 0.0274516, 0.971129)) == ({x0, x5}, (0.000548362, 0.000871062, 0.0274516, 0.971129))
({x0, x6}, (0.00165099, 0.0120066, 0.0271151, 0.959227)) == ({x0, x6}, (0.00165099, 0.0120066, 0.0271151, 0.959227))
({x0, x7}, (0.000548793, 8.53842e-05, 0.0274731, 0.971893)) == ({x0, x7}, (0.000548793, 8.53842e-05, 0.0274731, 0.971893))
({x0, x8}, (0.00054762, 0.00222151, 0.0274144, 0.969816)) == ({x0, x8}, (0.00054762, 0.00222151, 0.0274144, 0.969816))
({x0, x9}, (0.0272114, 0.962634, 0.00143864, 0.00871625)) == ({x0, x9}, (0.0272114, 0.962634, 0.00143864, 0.00871625))
({x1, x2}, (0.00599374, 0.966377, 0.00059527, 0.0270343)) == ({x1, x2}, (0.00599374, 0.966377, 0.00059527, 0.0270343))
({x1, x3}, (0.000178877, 0.0568961, 0.00581224, 0.937113)) == ({x1, x3}, (0.000178877, 0.0568961, 0.00581224, 0.937113))
({x1, x4}, (0.00056082, 8.72554e-05, 0.00616006, 0.993192)) == ({x1, x4}, (0.00056082, 8.72554e-05, 0.00616006, 0.993192))
({x1, x5}, (0.000560369, 0.000890137, 0.00615511, 0.992394)) == ({x1, x5}, (0.000560369, 0.000890137, 0.00615511, 0.992394))
({x1, x6}, (0.00168669, 0.0122662, 0.00607805, 0.979969)) == ({x1, x6}, (0.00168669, 0.0122662, 0.00607805, 0.979969))
({x1, x7}, (0.00056082, 8.72554e-05, 0.00616006, 0.993192)) == ({x1, x7}, (0.00056082, 8.72554e-05, 0.00616006, 0.993192))
({x1, x8}, (0.000559595, 0.00227009, 0.00614661, 0.991024)) == ({x1, x8}, (0.000559595, 0.00227009, 0.00614661, 0.991024))
({x1, x9}, (0.00610569, 0.984425, 0.000555869, 0.00891356)) == ({x1, x9}, (0.00610569, 0.984425, 0.000555869, 0.00891356))
({x2, x3}, (0.0557584, 0.0001753, 0.918375, 0.0256915)) == ({x2, x3}, (0.0557584, 0.0001753, 0.918375, 0.0256915))
({x2, x4}, (7.90042e-05, 0.000548953, 0.972175, 0.0271965)) == ({x2, x4}, (7.90042e-05, 0.000548953, 0.972175, 0.0271965))
({x2, x5}, (0.000871303, 0.000556752, 0.971397, 0.0271748)) == ({x2, x5}, (0.000871303, 0.000556752, 0.971397, 0.0271748))
({x2, x6}, (0.0120233, 0.000542395, 0.960563, 0.0268717)) == ({x2, x6}, (0.0120233, 0.000542395, 0.960563, 0.0268717))
({x2, x7}, (4.92385e-05, 0.000548969, 0.972204, 0.0271974)) == ({x2, x7}, (4.92385e-05, 0.000548969, 0.972204, 0.0271974))
({x2, x8}, (0.00221988, 0.00156583, 0.969104, 0.0271106)) == ({x2, x8}, (0.00221988, 0.00156583, 0.969104, 0.0271106))
({x2, x9}, (0.957708, 0.0267918, 0.00682874, 0.00867165)) == ({x2, x9}, (0.957708, 0.0267918, 0.00682874, 0.00867165))
({x3, x4}, (0.000179827, 0.000531964, 0.0571982, 0.94209)) == ({x3, x4}, (0.000179827, 0.000531964, 0.0571982, 0.94209))
({x3, x5}, (0.000844447, 0.000539592, 0.0571598, 0.941456)) == ({x3, x5}, (0.000844447, 0.000539592, 0.0571598, 0.941456))
({x3, x6}, (0.00042329, 0.0116579, 0.0565475, 0.931371)) == ({x3, x6}, (0.00042329, 0.0116579, 0.0565475, 0.931371))
({x3, x7}, (0.000179827, 0.000531964, 0.0571982, 0.94209)) == ({x3, x7}, (0.000179827, 0.000531964, 0.0571982, 0.94209))
({x3, x8}, (0.000179535, 0.00215449, 0.0571054, 0.940561)) == ({x3, x8}, (0.000179535, 0.00215449, 0.0571054, 0.940561))
({x3, x9}, (0.0566946, 0.933795, 0.00105515, 0.00845513)) == ({x3, x9}, (0.0566946, 0.933795, 0.00105515, 0.00845513))
({x4, x5}, (0.000563728, 0.000895472, 0.000197747, 0.998343)) == ({x4, x5}, (0.000563728, 0.000895472, 0.000197747, 0.998343))
({x4, x6}, (0.000557264, 0.0123529, 0.00019548, 0.986894)) == ({x4, x6}, (0.000557264, 0.0123529, 0.00019548, 0.986894))
({x4, x7}, (0.000564269, 1.71434e-05, 0.000118116, 0.9993)) == ({x4, x7}, (0.000564269, 1.71434e-05, 0.000118116, 0.9993))
({x4, x8}, (0.00056299, 0.00228386, 0.000117848, 0.997035)) == ({x4, x8}, (0.00056299, 0.00228386, 0.000117848, 0.997035))
({x4, x9}, (8.04846e-05, 0.990393, 0.000559239, 0.00896759)) == ({x4, x9}, (8.04846e-05, 0.990393, 0.000559239, 0.00896759))
({x5, x6}, (0.00055688, 0.0123443, 0.000884593, 0.986214)) == ({x5, x6}, (0.00055688, 0.0123443, 0.000884593, 0.986214))
({x5, x7}, (0.000563728, 0.000197747, 0.000895472, 0.998343)) == ({x5, x7}, (0.000563728, 0.000197747, 0.000895472, 0.998343))
({x5, x8}, (0.000562553, 0.00228209, 0.000893605, 0.996262)) == ({x5, x8}, (0.000562553, 0.00228209, 0.000893605, 0.996262))
({x5, x9}, (0.000887624, 0.989593, 0.000558788, 0.00896036)) == ({x5, x9}, (0.000887624, 0.989593, 0.000558788, 0.00896036))
({x6, x7}, (0.000557264, 0.00019548, 0.0123529, 0.986894)) == ({x6, x7}, (0.000557264, 0.00019548, 0.0123529, 0.986894))
({x6, x8}, (0.000556115, 0.00225597, 0.0123274, 0.984861)) == ({x6, x8}, (0.000556115, 0.00225597, 0.0123274, 0.984861))
({x6, x9}, (0.0122458, 0.978343, 0.000552435, 0.00885849)) == ({x6, x9}, (0.0122458, 0.978343, 0.000552435, 0.00885849))
({x7, x8}, (0.00056303, 0.00228402, 4.75531e-05, 0.997105)) == ({x7, x8}, (0.00056303, 0.00228402, 4.75531e-05, 0.997105))
({x7, x9}, (1.18703e-05, 0.990461, 0.000559278, 0.00896821)) == ({x7, x9}, (1.18703e-05, 0.990461, 0.000559278, 0.00896821))
({x8, x9}, (0.00226134, 0.987205, 0.00159508, 0.00893873)) == ({x8, x9}, (0.00226134, 0.987205, 0.00159508, 0.00893873))
Exact MAP state (log score = 11.832):
x0: 1
x1: 1
x2: 0
x3: 1
x4: 1
x5: 1
x6: 1
x7: 1
x8: 1
x9: 0
