Builtin inference algorithms: {BP, EXACT, FBP, JTREE, TRWBP}

Exact variable marginals:
({x0}, (0.224753, 0.775247))
({x1}, (0.551055, 0.448945))
({x2}, (0.800617, 0.199383))
({x3}, (0.77857, 0.22143))
({x4}, (0.935813, 0.0641865))
({x5}, (0.942358, 0.0576417))
({x6}, (0.478944, 0.521056))
({x7}, (0.0843978, 0.915602))
({x8}, (0.703309, 0.296691))
({x9}, (0.0729706, 0.927029))
Exact factor marginals:
({x0}, (0.224753, 0.775247))
({x1}, (0.551055, 0.448945))
({x2}, (0.800617, 0.199383))
({x3}, (0.77857, 0.22143))
({x4}, (0.935813, 0.0641865))
({x5}, (0.942358, 0.0576417))
({x6}, (0.478944, 0.521056))
({x7}, (0.0843978, 0.915602))
({x8}, (0.703309, 0.296691))
({x9}, (0.0729706, 0.927029))
({x0, x1}, (0.201202, 0.349853, 0.0235511, 0.425393))
({x0, x2}, (0.215829, 0.584788, 0.00892435, 0.190459))
({x0, x3}, (0.214795, 0.563776, 0.00995841, 0.211471))
({x0, x4}, (0.194668, 0.741146, 0.0300854, 0.0341011))
({x0, x5}, (0.191972, 0.750386, 0.0327807, 0.0248611))
({x0, x6}, (0.112389, 0.366556, 0.112364, 0.408691))
({x0, x7}, (0.0250925, 0.0593053, 0.19966, 0.715942))
({x0, x8}, (0.217573, 0.485736, 0.00717989, 0.289511))
({x0, x9}, (0.0314304, 0.0415402, 0.193323, 0.733707))
({x1, x2}, (0.506087, 0.29453, 0.0449688, 0.154415))
({x1, x3}, (0.510302, 0.268268, 0.0407536, 0.180676))
({x1, x4}, (0.517998, 0.417815, 0.0330569, 0.0311296))
({x1, x5}, (0.514748, 0.42761, 0.0363076, 0.0213342))
({x1, x6}, (0.325758, 0.153186, 0.225297, 0.295759))
({x1, x7}, (0.0437264, 0.0406714, 0.507329, 0.408273))
({x1, x8}, (0.504224, 0.199085, 0.0468317, 0.249859))
({x1, x9}, (0.0447026, 0.028268, 0.506353, 0.420677))
({x2, x3}, (0.693386, 0.0851847, 0.107231, 0.114199))
({x2, x4}, (0.747636, 0.188178, 0.0529807, 0.0112059))
({x2, x5}, (0.74633, 0.196028, 0.0542866, 0.00335508))
({x2, x6}, (0.434101, 0.044843, 0.366515, 0.15454))
({x2, x7}, (0.0487841, 0.0356138, 0.751833, 0.16377))
({x2, x8}, (0.656885, 0.0464237, 0.143731, 0.15296))
({x2, x9}, (0.0636753, 0.00929531, 0.736941, 0.190088))
({x3, x4}, (0.723526, 0.212287, 0.0550442, 0.00914234))
({x3, x5}, (0.732888, 0.20947, 0.0456822, 0.0119595))
({x3, x6}, (0.408876, 0.0700681, 0.369694, 0.151362))
({x3, x7}, (0.0447787, 0.0396191, 0.733791, 0.181811))
({x3, x8}, (0.629148, 0.0741609, 0.149422, 0.147269))
({x3, x9}, (0.049367, 0.0236036, 0.729203, 0.197826))
({x4, x5}, (0.904509, 0.0378489, 0.031304, 0.0263377))
({x4, x6}, (0.429822, 0.0491217, 0.505991, 0.0150648))
({x4, x7}, (0.0664493, 0.0179486, 0.869364, 0.046238))
({x4, x8}, (0.653602, 0.0497067, 0.282211, 0.0144799))
({x4, x9}, (0.0436253, 0.0293452, 0.892188, 0.0348413))
({x5, x6}, (0.433293, 0.0456508, 0.509065, 0.0119909))
({x5, x7}, (0.0702927, 0.0141051, 0.872066, 0.0435366))
({x5, x8}, (0.648385, 0.0549243, 0.293974, 0.00271741))
({x5, x9}, (0.0441812, 0.0287894, 0.898177, 0.0288523))
({x6, x7}, (0.0318662, 0.0525316, 0.447078, 0.468524))
({x6, x8}, (0.418272, 0.285037, 0.0606722, 0.236019))
({x6, x9}, (0.061454, 0.0115166, 0.41749, 0.509539))
({x7, x8}, (0.0361334, 0.667176, 0.0482644, 0.248427))
({x7, x9}, (0.017301, 0.0556696, 0.0670969, 0.859933))
({x8, x9}, (0.065422, 0.00754858, 0.637887, 0.289142))
Exact log partition sum: 7.51142
Exact MAP variable marginals:
({x0}, (0.316522, 0.683478))
({x1}, (0.734834, 0.265166))
({x2}, (0.734834, 0.265166))
({x3}, (0.734834, 0.265166))
({x4}, (0.970123, 0.0298768))
({x5}, (0.970123, 0.0298768))
({x6}, (0.676751, 0.323249))
({x7}, (0.0916348, 0.908365))
({x8}, (0.734834, 0.265166))
({x9}, (0.0434029, 0.956597))
Exact MAP factor marginals:
({x0}, (0.316522, 0.683478)) == ({x0}, (0.316522, 0.683478))
({x1}, (0.734834, 0.265166)) == ({x1}, (0.734834, 0.265166))
({x2}, (0.734834, 0.265166)) == ({x2}, (0.734834, 0.265166))
({x3}, (0.734834, 0.265166)) == ({x3}, (0.734834, 0.265166))
({x4}, (0.970123, 0.0298768)) == ({x4}, (0.970123, 0.0298768))
({x5}, (0.970123, 0.0298768)) == ({x5}, (0.970123, 0.0298768))
({x6}, (0.676751, 0.323249)) == ({x6}, (0.676751, 0.323249))
({x7}, (0.0916348, 0.908365)) == ({x7}, (0.0916348, 0.908365))
({x8}, (0.734834, 0.265166)) == ({x8}, (0.734834, 0.265166))
({x9}, (0.0434029, 0.956597)) == ({x9}, (0.0434029, 0.956597))
({x0, x1}, (0.247456, 0.534339, 0.0253885, 0.192817)) == ({x0, x1}, (0.247456, 0.534339, 0.0253885, 0.192817))
({x0, x2}, (0.251519, 0.543114, 0.00938297, 0.195983)) == ({x0, x2}, (0.251519, 0.543114, 0.00938297, 0.195983))
({x0, x3}, (0.252725, 0.545717, 0.00463589, 0.196923)) == ({x0, x3}, (0.252725, 0.545717, 0.00463589, 0.196923))
({x0, x4}, (0.305564, 0.659814, 0.0203203, 0.0143016)) == ({x0, x4}, (0.305564, 0.659814, 0.0203203, 0.0143016))
({x0, x5}, (0.305524, 0.659727, 0.0203176, 0.0144316)) == ({x0, x5}, (0.305524, 0.659727, 0.0203176, 0.0144316))
({x0, x6}, (0.16231, 0.431631, 0.199891, 0.206168)) == ({x0, x6}, (0.16231, 0.431631, 0.199891, 0.206168))
({x0, x7}, (0.0193111, 0.0632556, 0.290388, 0.627045)) == ({x0, x7}, (0.0193111, 0.0632556, 0.290388, 0.627045))
({x0, x8}, (0.252568, 0.545379, 0.00525163, 0.196801)) == ({x0, x8}, (0.252568, 0.545379, 0.00525163, 0.196801))
({x0, x9}, (0.0200074, 0.0294763, 0.30086, 0.649657)) == ({x0, x9}, (0.0200074, 0.0294763, 0.30086, 0.649657))
({x1, x2}, (0.57273, 0.194097, 0.0265028, 0.20667)) == ({x1, x2}, (0.57273, 0.194097, 0.0265028, 0.20667))
({x1, x3}, (0.570406, 0.193309, 0.0304535, 0.205832)) == ({x1, x3}, (0.570406, 0.193309, 0.0304535, 0.205832))
({x1, x4}, (0.707552, 0.255321, 0.0217904, 0.0153364)) == ({x1, x4}, (0.707552, 0.255321, 0.0217904, 0.0153364))
({x1, x5}, (0.711145, 0.256618, 0.0219011, 0.010336)) == ({x1, x5}, (0.711145, 0.256618, 0.0219011, 0.010336))
({x1, x6}, (0.459264, 0.155643, 0.219366, 0.165726)) == ({x1, x6}, (0.459264, 0.155643, 0.219366, 0.165726))
({x1, x7}, (0.0206341, 0.0675893, 0.670005, 0.241772)) == ({x1, x7}, (0.0206341, 0.0675893, 0.670005, 0.241772))
({x1, x8}, (0.565981, 0.191809, 0.0379752, 0.204235)) == ({x1, x8}, (0.565981, 0.191809, 0.0379752, 0.204235))
({x1, x9}, (0.0318223, 0.0137289, 0.701362, 0.253087)) == ({x1, x9}, (0.0318223, 0.0137289, 0.701362, 0.253087))
({x2, x3}, (0.585653, 0.105839, 0.0971741, 0.211334)) == ({x2, x3}, (0.585653, 0.105839, 0.0971741, 0.211334))
({x2, x4}, (0.712941, 0.257266, 0.0219564, 0.00783705)) == ({x2, x4}, (0.712941, 0.257266, 0.0219564, 0.00783705))
({x2, x5}, (0.717954, 0.259075, 0.0221108, 0.000860115)) == ({x2, x5}, (0.717954, 0.259075, 0.0221108, 0.000860115))
({x2, x6}, (0.528647, 0.028083, 0.252507, 0.190763)) == ({x2, x6}, (0.528647, 0.028083, 0.252507, 0.190763))
({x2, x7}, (0.0206341, 0.0675893, 0.670005, 0.241772)) == ({x2, x7}, (0.0206341, 0.0675893, 0.670005, 0.241772))
({x2, x8}, (0.587204, 0.0271726, 0.173731, 0.211893)) == ({x2, x8}, (0.587204, 0.0271726, 0.173731, 0.211893))
({x2, x9}, (0.0321337, 0.00407617, 0.708226, 0.255564)) == ({x2, x9}, (0.0321337, 0.00407617, 0.708226, 0.255564))
({x3, x4}, (0.715986, 0.258364, 0.0220502, 0.00359927)) == ({x3, x4}, (0.715986, 0.258364, 0.0220502, 0.00359927))
({x3, x5}, (0.71419, 0.257716, 0.0219949, 0.00609945)) == ({x3, x5}, (0.71419, 0.257716, 0.0219949, 0.00609945))
({x3, x6}, (0.523203, 0.0380916, 0.249907, 0.188798)) == ({x3, x6}, (0.523203, 0.0380916, 0.249907, 0.188798))
({x3, x7}, (0.0206341, 0.0675893, 0.670005, 0.241772)) == ({x3, x7}, (0.0206341, 0.0675893, 0.670005, 0.241772))
({x3, x8}, (0.578085, 0.04228, 0.171033, 0.208603)) == ({x3, x8}, (0.578085, 0.04228, 0.171033, 0.208603))
({x3, x9}, (0.0318223, 0.0137289, 0.701362, 0.253087)) == ({x3, x9}, (0.0318223, 0.0137289, 0.701362, 0.253087))
({x4, x5}, (0.925709, 0.0200649, 0.0257174, 0.028509)) == ({x4, x5}, (0.925709, 0.0200649, 0.0257174, 0.028509))
({x4, x6}, (0.658138, 0.0202687, 0.314358, 0.00723463)) == ({x4, x6}, (0.658138, 0.0202687, 0.314358, 0.00723463))
({x4, x7}, (0.0869472, 0.0265438, 0.861898, 0.0246111)) == ({x4, x7}, (0.0869472, 0.0265438, 0.861898, 0.0246111))
({x4, x8}, (0.712941, 0.0219564, 0.257266, 0.00783705)) == ({x4, x8}, (0.712941, 0.0219564, 0.257266, 0.00783705))
({x4, x9}, (0.0413284, 0.0280522, 0.910876, 0.0197434)) == ({x4, x9}, (0.0413284, 0.0280522, 0.910876, 0.0197434))
({x5, x6}, (0.655234, 0.0201792, 0.312971, 0.0116161)) == ({x5, x6}, (0.655234, 0.0201792, 0.312971, 0.0116161))
({x5, x7}, (0.0869472, 0.0265438, 0.861898, 0.0246111)) == ({x5, x7}, (0.0869472, 0.0265438, 0.861898, 0.0246111))
({x5, x8}, (0.717954, 0.0221108, 0.259075, 0.000860115)) == ({x5, x8}, (0.717954, 0.0221108, 0.259075, 0.000860115))
({x5, x9}, (0.0410998, 0.027897, 0.905838, 0.0251654)) == ({x5, x9}, (0.0410998, 0.027897, 0.905838, 0.0251654))
({x6, x7}, (0.0191366, 0.062684, 0.621379, 0.2968)) == ({x6, x7}, (0.0191366, 0.062684, 0.621379, 0.2968))
({x6, x8}, (0.519078, 0.247936, 0.0456759, 0.18731)) == ({x6, x8}, (0.519078, 0.247936, 0.0456759, 0.18731))
({x6, x9}, (0.0296302, 0.00539468, 0.653048, 0.311927)) == ({x6, x9}, (0.0296302, 0.00539468, 0.653048, 0.311927))
({x7, x8}, (0.0206341, 0.670005, 0.0675893, 0.241772)) == ({x7, x8}, (0.0206341, 0.670005, 0.0675893, 0.241772))
({x7, x9}, (0.0261646, 0.0385474, 0.0857049, 0.849583)) == ({x7, x9}, (0.0261646, 0.0385474, 0.0857049, 0.849583))
({x8, x9}, (0.0321337, 0.00407617, 0.708226, 0.255564)) == ({x8, x9}, (0.0321337, 0.00407617, 0.708226, 0.255564))
Exact MAP state (log score = 5.70196):
x0: 1
x1: 0
x2: 0
x3: 0
x4: 0
x5: 0
x6: 0
x7: 1
x8: 0
x9: 1
