Builtin inference algorithms: {BP, EXACT, FBP, JTREE, TRWBP}

Exact variable marginals:
({x0}, (0.904404, 0.0955957))
({x1}, (0.117346, 0.882654))
({x2}, (0.929888, 0.0701119))
({x3}, (0.661335, 0.338665))
({x4}, (0.0439017, 0.956098))
({x5}, (0.0635927, 0.936407))
({x6}, (0.258822, 0.741178))
({x7}, (0.50424, 0.49576))
({x8}, (0.904235, 0.0957649))
({x9}, (0.947857, 0.0521427))
Exact factor marginals:
({x0}, (0.904404, 0.0955957))
({x1}, (0.117346, 0.882654))
({x2}, (0.929888, 0.0701119))
({x3}, (0.661335, 0.338665))
({x4}, (0.0439017, 0.956098))
({x5}, (0.0635927, 0.936407))
({x6}, (0.258822, 0.741178))
({x7}, (0.50424, 0.49576))
({x8}, (0.904235, 0.0957649))
({x9}, (0.947857, 0.0521427))
({x0, x1}, (0.109578, 0.00776811, 0.794826, 0.0878276))
({x0, x2}, (0.838257, 0.0916311, 0.0661472, 0.00396462))
({x0, x3}, (0.57093, 0.0904054, 0.333474, 0.00519034))
({x0, x4}, (0.0334876, 0.0104141, 0.870917, 0.0851816))
({x0, x5}, (0.0594352, 0.00415746, 0.844969, 0.0914382))
({x0, x6}, (0.245227, 0.0135947, 0.659177, 0.082001))
({x0, x7}, (0.49452, 0.00972005, 0.409884, 0.0858757))
({x0, x8}, (0.813664, 0.0905714, 0.0907406, 0.00502426))
({x0, x9}, (0.862135, 0.0857221, 0.042269, 0.00987364))
({x1, x2}, (0.0615378, 0.86835, 0.0558084, 0.0143034))
({x1, x3}, (0.00802312, 0.653312, 0.109323, 0.229342))
({x1, x4}, (0.00639695, 0.0375048, 0.110949, 0.845149))
({x1, x5}, (0.0590536, 0.00453903, 0.0582926, 0.878115))
({x1, x6}, (0.0719798, 0.186842, 0.0453664, 0.695812))
({x1, x7}, (0.111004, 0.393236, 0.00634204, 0.489417))
({x1, x8}, (0.0458351, 0.8584, 0.0715112, 0.0242537))
({x1, x9}, (0.105754, 0.842103, 0.0115922, 0.0405505))
({x2, x3}, (0.650247, 0.0110884, 0.279641, 0.0590235))
({x2, x4}, (0.0337099, 0.0101918, 0.896178, 0.0599201))
({x2, x5}, (0.00735075, 0.0562419, 0.922537, 0.0138699))
({x2, x6}, (0.201693, 0.0571294, 0.728196, 0.0129824))
({x2, x7}, (0.448659, 0.0555815, 0.481229, 0.0145304))
({x2, x8}, (0.893536, 0.0106988, 0.0363518, 0.059413))
({x2, x9}, (0.891395, 0.056462, 0.0384928, 0.0136499))
({x3, x4}, (0.0290007, 0.0149011, 0.632335, 0.323764))
({x3, x5}, (0.0010551, 0.0625376, 0.66028, 0.276127))
({x3, x6}, (0.17529, 0.0835323, 0.486046, 0.255132))
({x3, x7}, (0.186801, 0.31744, 0.474535, 0.0212248))
({x3, x8}, (0.652171, 0.252064, 0.00916426, 0.0866006))
({x3, x9}, (0.648238, 0.299619, 0.0130974, 0.0390453))
({x4, x5}, (0.0085369, 0.0550558, 0.0353648, 0.901043))
({x4, x6}, (0.0143987, 0.244423, 0.029503, 0.711675))
({x4, x7}, (0.0113968, 0.492844, 0.0325049, 0.463255))
({x4, x8}, (0.0338391, 0.870396, 0.0100626, 0.0857022))
({x4, x9}, (0.0222218, 0.925636, 0.0216799, 0.0304628))
({x5, x6}, (0.0468213, 0.212001, 0.0167714, 0.724407))
({x5, x7}, (0.0601591, 0.444081, 0.0034336, 0.492326))
({x5, x8}, (0.00210912, 0.902126, 0.0614835, 0.0342813))
({x5, x9}, (0.0494098, 0.898448, 0.0141828, 0.0379598))
({x6, x7}, (0.105648, 0.398593, 0.153174, 0.342585))
({x6, x8}, (0.208709, 0.695526, 0.0501129, 0.045652))
({x6, x9}, (0.249849, 0.698008, 0.00897301, 0.0431697))
({x7, x8}, (0.422024, 0.482211, 0.0822163, 0.0135485))
({x7, x9}, (0.472367, 0.475491, 0.0318737, 0.0202689))
({x8, x9}, (0.869885, 0.0779728, 0.0343506, 0.0177921))
Exact log partition sum: 15.8244
Exact MAP variable marginals:
({x0}, (0.791013, 0.208987))
({x1}, (0.131032, 0.868968))
({x2}, (0.868968, 0.131032))
({x3}, (0.584989, 0.415011))
({x4}, (0.0322811, 0.967719))
({x5}, (0.131032, 0.868968))
({x6}, (0.338229, 0.661771))
({x7}, (0.415011, 0.584989))
({x8}, (0.868968, 0.131032))
({x9}, (0.943251, 0.0567486))
Exact MAP factor marginals:
({x0}, (0.791013, 0.208987)) == ({x0}, (0.791013, 0.208987))
({x1}, (0.131032, 0.868968)) == ({x1}, (0.131032, 0.868968))
({x2}, (0.868968, 0.131032)) == ({x2}, (0.868968, 0.131032))
({x3}, (0.584989, 0.415011)) == ({x3}, (0.584989, 0.415011))
({x4}, (0.0322811, 0.967719)) == ({x4}, (0.0322811, 0.967719))
({x5}, (0.131032, 0.868968)) == ({x5}, (0.131032, 0.868968))
({x6}, (0.338229, 0.661771)) == ({x6}, (0.338229, 0.661771))
({x7}, (0.415011, 0.584989)) == ({x7}, (0.415011, 0.584989))
({x8}, (0.868968, 0.131032)) == ({x8}, (0.868968, 0.131032))
({x9}, (0.943251, 0.0567486)) == ({x9}, (0.943251, 0.0567486))
({x0, x1}, (0.106186, 0.00357042, 0.704194, 0.186049)) == ({x0, x1}, (0.106186, 0.00357042, 0.704194, 0.186049))
({x0, x2}, (0.705581, 0.186415, 0.106395, 0.00160866)) == ({x0, x2}, (0.705581, 0.186415, 0.106395, 0.00160866))
({x0, x3}, (0.506095, 0.133711, 0.359041, 0.00115385)) == ({x0, x3}, (0.506095, 0.133711, 0.359041, 0.00115385))
({x0, x4}, (0.0253367, 0.0144536, 0.759539, 0.200671)) == ({x0, x4}, (0.0253367, 0.0144536, 0.759539, 0.200671))
({x0, x5}, (0.106395, 0.00160866, 0.705581, 0.186415)) == ({x0, x5}, (0.106395, 0.00160866, 0.705581, 0.186415))
({x0, x6}, (0.282201, 0.0197725, 0.552148, 0.145878)) == ({x0, x6}, (0.282201, 0.0197725, 0.552148, 0.145878))
({x0, x7}, (0.356081, 0.00938684, 0.501923, 0.132609)) == ({x0, x7}, (0.356081, 0.00938684, 0.501923, 0.132609))
({x0, x8}, (0.705581, 0.186415, 0.106395, 0.00160866)) == ({x0, x8}, (0.705581, 0.186415, 0.106395, 0.00160866))
({x0, x9}, (0.744383, 0.196667, 0.0447842, 0.0141653)) == ({x0, x9}, (0.744383, 0.196667, 0.0447842, 0.0141653))
({x1, x2}, (0.061175, 0.797209, 0.120212, 0.0214047)) == ({x1, x2}, (0.061175, 0.797209, 0.120212, 0.0214047))
({x1, x3}, (0.00447892, 0.535162, 0.0806975, 0.379662)) == ({x1, x3}, (0.00447892, 0.535162, 0.0806975, 0.379662))
({x1, x4}, (0.00854566, 0.0279297, 0.126253, 0.837272)) == ({x1, x4}, (0.00854566, 0.0279297, 0.126253, 0.837272))
({x1, x5}, (0.122508, 0.00271467, 0.0623434, 0.812434)) == ({x1, x5}, (0.122508, 0.00271467, 0.0623434, 0.812434))
({x1, x6}, (0.08673, 0.293967, 0.0441364, 0.575167)) == ({x1, x6}, (0.08673, 0.293967, 0.0441364, 0.575167))
({x1, x7}, (0.0808402, 0.380333, 0.00271819, 0.536108)) == ({x1, x7}, (0.0808402, 0.380333, 0.00271819, 0.536108))
({x1, x8}, (0.0608667, 0.79319, 0.119606, 0.0263374)) == ({x1, x8}, (0.0608667, 0.79319, 0.119606, 0.0263374))
({x1, x9}, (0.123431, 0.818559, 0.00876279, 0.0492468)) == ({x1, x9}, (0.123431, 0.818559, 0.00876279, 0.0492468))
({x2, x3}, (0.529921, 0.0142281, 0.375944, 0.0799072)) == ({x2, x3}, (0.529921, 0.0142281, 0.375944, 0.0799072))
({x2, x4}, (0.0279297, 0.00854566, 0.837272, 0.126253)) == ({x2, x4}, (0.0279297, 0.00854566, 0.837272, 0.126253))
({x2, x5}, (0.0109445, 0.126644, 0.839862, 0.0225499)) == ({x2, x5}, (0.0109445, 0.126644, 0.839862, 0.0225499))
({x2, x6}, (0.30395, 0.0896753, 0.5947, 0.011675)) == ({x2, x6}, (0.30395, 0.0896753, 0.5947, 0.011675))
({x2, x7}, (0.375944, 0.0799072, 0.529921, 0.0142281)) == ({x2, x7}, (0.375944, 0.0799072, 0.529921, 0.0142281))
({x2, x8}, (0.820515, 0.0220304, 0.0337289, 0.123726)) == ({x2, x8}, (0.820515, 0.0220304, 0.0337289, 0.123726))
({x2, x9}, (0.818559, 0.123431, 0.0492468, 0.00876279)) == ({x2, x9}, (0.818559, 0.123431, 0.0492468, 0.00876279))
({x3, x4}, (0.0190253, 0.00602106, 0.570337, 0.404616)) == ({x3, x4}, (0.0190253, 0.00602106, 0.570337, 0.404616))
({x3, x5}, (0.000307078, 0.0810357, 0.537404, 0.381253)) == ({x3, x5}, (0.000307078, 0.0810357, 0.537404, 0.381253))
({x3, x6}, (0.215533, 0.0635894, 0.421706, 0.299172)) == ({x3, x6}, (0.215533, 0.0635894, 0.421706, 0.299172))
({x3, x7}, (0.268203, 0.297603, 0.419493, 0.0147014)) == ({x3, x7}, (0.268203, 0.297603, 0.419493, 0.0147014))
({x3, x8}, (0.532254, 0.377599, 0.00988711, 0.0802591)) == ({x3, x8}, (0.532254, 0.377599, 0.00988711, 0.0802591))
({x3, x9}, (0.559088, 0.396636, 0.0106392, 0.0336363)) == ({x3, x9}, (0.559088, 0.396636, 0.0106392, 0.0336363))
({x4, x5}, (0.00854566, 0.126253, 0.0279297, 0.837272)) == ({x4, x5}, (0.00854566, 0.126253, 0.0279297, 0.837272))
({x4, x6}, (0.016158, 0.325577, 0.0212495, 0.637015)) == ({x4, x6}, (0.016158, 0.325577, 0.0212495, 0.637015))
({x4, x7}, (0.00602106, 0.404616, 0.0190253, 0.570337)) == ({x4, x7}, (0.00602106, 0.404616, 0.0190253, 0.570337))
({x4, x8}, (0.0279297, 0.837272, 0.00854566, 0.126253)) == ({x4, x8}, (0.0279297, 0.837272, 0.00854566, 0.126253))
({x4, x9}, (0.0299833, 0.898836, 0.0171044, 0.0540765)) == ({x4, x9}, (0.0299833, 0.898836, 0.0171044, 0.0540765))
({x5, x6}, (0.0896753, 0.30395, 0.011675, 0.5947)) == ({x5, x6}, (0.0896753, 0.30395, 0.011675, 0.5947))
({x5, x7}, (0.0809708, 0.380948, 0.00110698, 0.536974)) == ({x5, x7}, (0.0809708, 0.380948, 0.00110698, 0.536974))
({x5, x8}, (0.00175603, 0.837525, 0.126291, 0.0344281)) == ({x5, x8}, (0.00175603, 0.837525, 0.126291, 0.0344281))
({x5, x9}, (0.123431, 0.818559, 0.00876279, 0.0492468)) == ({x5, x9}, (0.123431, 0.818559, 0.00876279, 0.0492468))
({x6, x7}, (0.0635894, 0.299172, 0.215533, 0.421706)) == ({x6, x7}, (0.0635894, 0.299172, 0.215533, 0.421706))
({x6, x8}, (0.300117, 0.587201, 0.0885445, 0.0241381)) == ({x6, x8}, (0.300117, 0.587201, 0.0885445, 0.0241381))
({x6, x9}, (0.323078, 0.632125, 0.00676699, 0.0380304)) == ({x6, x9}, (0.323078, 0.632125, 0.00676699, 0.0380304))
({x7, x8}, (0.377599, 0.532254, 0.0802591, 0.00988711)) == ({x7, x8}, (0.377599, 0.532254, 0.0802591, 0.00988711))
({x7, x9}, (0.396636, 0.559088, 0.0336363, 0.0106392)) == ({x7, x9}, (0.396636, 0.559088, 0.0336363, 0.0106392))
({x8, x9}, (0.818559, 0.123431, 0.0492468, 0.00876279)) == ({x8, x9}, (0.818559, 0.123431, 0.0492468, 0.00876279))
Exact MAP state (log score = 14.378):
x0: 0
x1: 1
x2: 0
x3: 0
x4: 1
x5: 1
x6: 1
x7: 1
x8: 0
x9: 0
