Builtin inference algorithms: {BP, EXACT, FBP, JTREE, TRWBP}

Exact variable marginals:
({x0}, (0.90155, 0.0984495))
({x1}, (0.888482, 0.111518))
({x2}, (0.858073, 0.141927))
({x3}, (0.107041, 0.892959))
({x4}, (0.12837, 0.87163))
({x5}, (0.829108, 0.170892))
({x6}, (0.105725, 0.894275))
({x7}, (0.812198, 0.187802))
({x8}, (0.118726, 0.881274))
({x9}, (0.872486, 0.127514))
Exact factor marginals:
({x0}, (0.90155, 0.0984495))
({x1}, (0.888482, 0.111518))
({x2}, (0.858073, 0.141927))
({x3}, (0.107041, 0.892959))
({x4}, (0.12837, 0.87163))
({x5}, (0.829108, 0.170892))
({x6}, (0.105725, 0.894275))
({x7}, (0.812198, 0.187802))
({x8}, (0.118726, 0.881274))
({x9}, (0.872486, 0.127514))
({x0, x1}, (0.859285, 0.0291978, 0.0422659, 0.0692518))
({x0, x2}, (0.834885, 0.0231881, 0.0666656, 0.0752614))
({x0, x3}, (0.046657, 0.060384, 0.854893, 0.0380656))
({x0, x4}, (0.0633728, 0.0649972, 0.838178, 0.0334523))
({x0, x5}, (0.791589, 0.0375191, 0.109961, 0.0609304))
({x0, x6}, (0.0410911, 0.0646343, 0.860459, 0.0338152))
({x0, x7}, (0.799245, 0.0129537, 0.102306, 0.0854959))
({x0, x8}, (0.0516209, 0.067105, 0.84993, 0.0313445))
({x0, x9}, (0.840999, 0.0314871, 0.0605514, 0.0669624))
({x1, x2}, (0.84586, 0.0122129, 0.0426223, 0.0993047))
({x1, x3}, (0.020628, 0.086413, 0.867854, 0.0251047))
({x1, x4}, (0.0243505, 0.10402, 0.864132, 0.00749813))
({x1, x5}, (0.782217, 0.0468911, 0.106265, 0.0646266))
({x1, x6}, (0.00666497, 0.0990604, 0.881817, 0.0124572))
({x1, x7}, (0.79096, 0.0212384, 0.0975223, 0.0902793))
({x1, x8}, (0.0113911, 0.107335, 0.877091, 0.00418287))
({x1, x9}, (0.866379, 0.00610703, 0.0221032, 0.105411))
({x2, x3}, (0.012777, 0.094264, 0.845296, 0.047663))
({x2, x4}, (0.0222397, 0.10613, 0.835833, 0.0357966))
({x2, x5}, (0.777511, 0.0515973, 0.0805621, 0.0903297))
({x2, x6}, (0.0152771, 0.0904483, 0.842796, 0.0514788))
({x2, x7}, (0.786187, 0.0260116, 0.0718861, 0.115915))
({x2, x8}, (0.012062, 0.106664, 0.846011, 0.0352631))
({x2, x9}, (0.827508, 0.0449783, 0.0305651, 0.0969487))
({x3, x4}, (0.0999123, 0.0284577, 0.00712866, 0.864501))
({x3, x5}, (0.057738, 0.77137, 0.049303, 0.121589))
({x3, x6}, (0.0867577, 0.0189678, 0.0202833, 0.873991))
({x3, x7}, (0.0153092, 0.796889, 0.0917318, 0.0960698))
({x3, x8}, (0.0944589, 0.024267, 0.0125821, 0.868692))
({x3, x9}, (0.0218788, 0.850607, 0.0851622, 0.0423517))
({x4, x5}, (0.0642119, 0.764896, 0.0641581, 0.106734))
({x4, x6}, (0.0997226, 0.00600281, 0.0286474, 0.865627))
({x4, x7}, (0.0327692, 0.779429, 0.0956008, 0.0922008))
({x4, x8}, (0.111332, 0.00739381, 0.017038, 0.864236))
({x4, x9}, (0.024551, 0.847935, 0.103819, 0.0236949))
({x5, x6}, (0.0483946, 0.0573308, 0.780714, 0.113561))
({x5, x7}, (0.729502, 0.0826962, 0.0996059, 0.0881956))
({x5, x8}, (0.0503299, 0.068396, 0.778778, 0.102496))
({x5, x9}, (0.771106, 0.101381, 0.0580027, 0.0695112))
({x6, x7}, (0.0239993, 0.788199, 0.0817261, 0.106075))
({x6, x8}, (0.100742, 0.0179843, 0.00498386, 0.87629))
({x6, x9}, (0.00528588, 0.8672, 0.10044, 0.0270743))
({x7, x8}, (0.0254736, 0.0932523, 0.786725, 0.0945493))
({x7, x9}, (0.770146, 0.10234, 0.0420525, 0.0854614))
({x8, x9}, (0.0118876, 0.860599, 0.106838, 0.0206755))
Exact log partition sum: 8.58466
Exact MAP variable marginals:
({x0}, (0.949365, 0.0506353))
({x1}, (0.949365, 0.0506353))
({x2}, (0.949365, 0.0506353))
({x3}, (0.0506353, 0.949365))
({x4}, (0.0506353, 0.949365))
({x5}, (0.922295, 0.0777046))
({x6}, (0.0506353, 0.949365))
({x7}, (0.938481, 0.0615192))
({x8}, (0.0506353, 0.949365))
({x9}, (0.949365, 0.0506353))
Exact MAP factor marginals:
({x0}, (0.949365, 0.0506353)) == ({x0}, (0.949365, 0.0506353))
({x1}, (0.949365, 0.0506353)) == ({x1}, (0.949365, 0.0506353))
({x2}, (0.949365, 0.0506353)) == ({x2}, (0.949365, 0.0506353))
({x3}, (0.0506353, 0.949365)) == ({x3}, (0.0506353, 0.949365))
({x4}, (0.0506353, 0.949365)) == ({x4}, (0.0506353, 0.949365))
({x5}, (0.922295, 0.0777046)) == ({x5}, (0.922295, 0.0777046))
({x6}, (0.0506353, 0.949365)) == ({x6}, (0.0506353, 0.949365))
({x7}, (0.938481, 0.0615192)) == ({x7}, (0.938481, 0.0615192))
({x8}, (0.0506353, 0.949365)) == ({x8}, (0.0506353, 0.949365))
({x9}, (0.949365, 0.0506353)) == ({x9}, (0.949365, 0.0506353))
({x0, x1}, (0.92719, 0.00937649, 0.0139811, 0.0494526)) == ({x0, x1}, (0.92719, 0.00937649, 0.0139811, 0.0494526))
({x0, x2}, (0.92719, 0.00937649, 0.0139811, 0.0494526)) == ({x0, x2}, (0.92719, 0.00937649, 0.0139811, 0.0494526))
({x0, x3}, (0.0139811, 0.0494526, 0.92719, 0.00937649)) == ({x0, x3}, (0.0139811, 0.0494526, 0.92719, 0.00937649))
({x0, x4}, (0.0139811, 0.0494526, 0.92719, 0.00937649)) == ({x0, x4}, (0.0139811, 0.0494526, 0.92719, 0.00937649))
({x0, x5}, (0.858834, 0.0230014, 0.0723579, 0.0458068)) == ({x0, x5}, (0.858834, 0.0230014, 0.0723579, 0.0458068))
({x0, x6}, (0.0139811, 0.0494526, 0.92719, 0.00937649)) == ({x0, x6}, (0.0139811, 0.0494526, 0.92719, 0.00937649))
({x0, x7}, (0.885739, 0.0089573, 0.0580619, 0.0472418)) == ({x0, x7}, (0.885739, 0.0089573, 0.0580619, 0.0472418))
({x0, x8}, (0.0139811, 0.0494526, 0.92719, 0.00937649)) == ({x0, x8}, (0.0139811, 0.0494526, 0.92719, 0.00937649))
({x0, x9}, (0.925567, 0.00936008, 0.0157068, 0.049366)) == ({x0, x9}, (0.925567, 0.00936008, 0.0157068, 0.049366))
({x1, x2}, (0.934597, 0.00351061, 0.0120451, 0.0498476)) == ({x1, x2}, (0.934597, 0.00351061, 0.0120451, 0.0498476))
({x1, x3}, (0.00386359, 0.050195, 0.941109, 0.00483277)) == ({x1, x3}, (0.00386359, 0.050195, 0.941109, 0.00483277))
({x1, x4}, (0.00999396, 0.0500609, 0.938595, 0.00135046)) == ({x1, x4}, (0.00999396, 0.0500609, 0.938595, 0.00135046))
({x1, x5}, (0.858834, 0.0230014, 0.0723579, 0.0458068)) == ({x1, x5}, (0.858834, 0.0230014, 0.0723579, 0.0458068))
({x1, x6}, (0.00212439, 0.0504166, 0.945263, 0.00219555)) == ({x1, x6}, (0.00212439, 0.0504166, 0.945263, 0.00219555))
({x1, x7}, (0.889142, 0.00514964, 0.058285, 0.0474233)) == ({x1, x7}, (0.889142, 0.00514964, 0.058285, 0.0474233))
({x1, x8}, (0.00336361, 0.050423, 0.945383, 0.000830247)) == ({x1, x8}, (0.00336361, 0.050423, 0.945383, 0.000830247))
({x1, x9}, (0.933217, 0.00117258, 0.0158366, 0.049774)) == ({x1, x9}, (0.933217, 0.00117258, 0.0158366, 0.049774))
({x2, x3}, (0.00351061, 0.0498476, 0.934597, 0.0120451)) == ({x2, x3}, (0.00351061, 0.0498476, 0.934597, 0.0120451))
({x2, x4}, (0.0098877, 0.0495286, 0.928616, 0.011968)) == ({x2, x4}, (0.0098877, 0.0495286, 0.928616, 0.011968))
({x2, x5}, (0.858834, 0.0230014, 0.0723579, 0.0458068)) == ({x2, x5}, (0.858834, 0.0230014, 0.0723579, 0.0458068))
({x2, x6}, (0.00351061, 0.0498476, 0.934597, 0.0120451)) == ({x2, x6}, (0.00351061, 0.0498476, 0.934597, 0.0120451))
({x2, x7}, (0.886714, 0.00786666, 0.0581258, 0.0472938)) == ({x2, x7}, (0.886714, 0.00786666, 0.0581258, 0.0472938))
({x2, x8}, (0.00351061, 0.0498476, 0.934597, 0.0120451)) == ({x2, x8}, (0.00351061, 0.0498476, 0.934597, 0.0120451))
({x2, x9}, (0.923196, 0.0118981, 0.0156666, 0.0492396)) == ({x2, x9}, (0.923196, 0.0118981, 0.0156666, 0.0492396))
({x3, x4}, (0.04999, 0.00997981, 0.00276447, 0.937266)) == ({x3, x4}, (0.04999, 0.00997981, 0.00276447, 0.937266))
({x3, x5}, (0.0230014, 0.858834, 0.0458068, 0.0723579)) == ({x3, x5}, (0.0230014, 0.858834, 0.0458068, 0.0723579))
({x3, x6}, (0.050195, 0.00483277, 0.00386359, 0.941109)) == ({x3, x6}, (0.050195, 0.00483277, 0.00386359, 0.941109))
({x3, x7}, (0.00514964, 0.889142, 0.0474233, 0.058285)) == ({x3, x7}, (0.00514964, 0.889142, 0.0474233, 0.058285))
({x3, x8}, (0.050195, 0.00483277, 0.00386359, 0.941109)) == ({x3, x8}, (0.050195, 0.00483277, 0.00386359, 0.941109))
({x3, x9}, (0.00382103, 0.930742, 0.0496421, 0.0157947)) == ({x3, x9}, (0.00382103, 0.930742, 0.0496421, 0.0157947))
({x4, x5}, (0.0230014, 0.858834, 0.0458068, 0.0723579)) == ({x4, x5}, (0.0230014, 0.858834, 0.0458068, 0.0723579))
({x4, x6}, (0.0500229, 0.0021078, 0.00998638, 0.937883)) == ({x4, x6}, (0.0500229, 0.0021078, 0.00998638, 0.937883))
({x4, x7}, (0.00942669, 0.88532, 0.0472194, 0.0580344)) == ({x4, x7}, (0.00942669, 0.88532, 0.0472194, 0.0580344))
({x4, x8}, (0.0500609, 0.00135046, 0.00999396, 0.938595)) == ({x4, x8}, (0.0500609, 0.00135046, 0.00999396, 0.938595))
({x4, x9}, (0.00985036, 0.925109, 0.0493416, 0.0156991)) == ({x4, x9}, (0.00985036, 0.925109, 0.0493416, 0.0156991))
({x5, x6}, (0.0230014, 0.0458068, 0.858834, 0.0723579)) == ({x5, x6}, (0.0230014, 0.0458068, 0.858834, 0.0723579))
({x5, x7}, (0.831159, 0.0700262, 0.0544841, 0.0443307)) == ({x5, x7}, (0.831159, 0.0700262, 0.0544841, 0.0443307))
({x5, x8}, (0.0230014, 0.0458068, 0.858834, 0.0723579)) == ({x5, x8}, (0.0230014, 0.0458068, 0.858834, 0.0723579))
({x5, x9}, (0.858834, 0.0723579, 0.0230014, 0.0458068)) == ({x5, x9}, (0.858834, 0.0723579, 0.0230014, 0.0458068))
({x6, x7}, (0.00514964, 0.889142, 0.0474233, 0.058285)) == ({x6, x7}, (0.00514964, 0.889142, 0.0474233, 0.058285))
({x6, x8}, (0.0503578, 0.00335926, 0.00212191, 0.944161)) == ({x6, x8}, (0.0503578, 0.00335926, 0.00212191, 0.944161))
({x6, x9}, (0.00209538, 0.932355, 0.0497281, 0.015822)) == ({x6, x9}, (0.00209538, 0.932355, 0.0497281, 0.015822))
({x7, x8}, (0.00514964, 0.0474233, 0.889142, 0.058285)) == ({x7, x8}, (0.00514964, 0.0474233, 0.889142, 0.058285))
({x7, x9}, (0.880392, 0.0577114, 0.0149402, 0.0469566)) == ({x7, x9}, (0.880392, 0.0577114, 0.0149402, 0.0469566))
({x8, x9}, (0.0033132, 0.931217, 0.0496674, 0.0158027)) == ({x8, x9}, (0.0033132, 0.931217, 0.0496674, 0.0158027))
Exact MAP state (log score = 8.19692):
x0: 0
x1: 0
x2: 0
x3: 1
x4: 1
x5: 0
x6: 1
x7: 0
x8: 1
x9: 0
