Builtin inference algorithms: {BP, EXACT, FBP, JTREE, TRWBP}

Exact variable marginals:
({x0}, (0.959983, 0.0400175))
({x1}, (0.200814, 0.799186))
({x2}, (0.114547, 0.885453))
({x3}, (0.455937, 0.544063))
({x4}, (0.982665, 0.0173346))
({x5}, (0.980759, 0.0192408))
({x6}, (0.974997, 0.0250032))
({x7}, (0.0757017, 0.924298))
({x8}, (0.980879, 0.0191207))
({x9}, (0.244814, 0.755186))
Exact factor marginals:
({x0}, (0.959983, 0.0400175))
({x1}, (0.200814, 0.799186))
({x2}, (0.114547, 0.885453))
({x3}, (0.455937, 0.544063))
({x4}, (0.982665, 0.0173346))
({x5}, (0.980759, 0.0192408))
({x6}, (0.974997, 0.0250032))
({x7}, (0.0757017, 0.924298))
({x8}, (0.980879, 0.0191207))
({x9}, (0.244814, 0.755186))
({x0, x1}, (0.178166, 0.0226482, 0.781817, 0.0173692))
({x0, x2}, (0.0917941, 0.0227529, 0.868188, 0.0172645))
({x0, x3}, (0.429152, 0.0267844, 0.53083, 0.0132331))
({x0, x4}, (0.955547, 0.0271187, 0.00443585, 0.0128988))
({x0, x5}, (0.954092, 0.0266672, 0.00589048, 0.0133503))
({x0, x6}, (0.950031, 0.0249654, 0.00995112, 0.0150521))
({x0, x7}, (0.0639126, 0.0117891, 0.89607, 0.0282284))
({x0, x8}, (0.954914, 0.0259656, 0.00506874, 0.0140519))
({x0, x9}, (0.212502, 0.0323123, 0.747481, 0.00770522))
({x1, x2}, (0.0998013, 0.0147457, 0.101013, 0.78444))
({x1, x3}, (0.0392708, 0.416666, 0.161543, 0.38252))
({x1, x4}, (0.187828, 0.794837, 0.012986, 0.00434869))
({x1, x5}, (0.188435, 0.792324, 0.012379, 0.00686182))
({x1, x6}, (0.184964, 0.790033, 0.0158498, 0.00915348))
({x1, x7}, (0.0692547, 0.00644698, 0.131559, 0.792739))
({x1, x8}, (0.186439, 0.794441, 0.0143752, 0.0047455))
({x1, x9}, (0.0754335, 0.169381, 0.12538, 0.629806))
({x2, x3}, (0.0256767, 0.43026, 0.0888703, 0.455193))
({x2, x4}, (0.098135, 0.88453, 0.016412, 0.000922606))
({x2, x5}, (0.0988849, 0.881874, 0.0156621, 0.00357867))
({x2, x6}, (0.0985325, 0.876464, 0.0160146, 0.00898867))
({x2, x7}, (0.0620127, 0.013689, 0.0525344, 0.871764))
({x2, x8}, (0.0967628, 0.884117, 0.0177843, 0.00133639))
({x2, x9}, (0.0675732, 0.177241, 0.0469738, 0.708212))
({x3, x4}, (0.44521, 0.537455, 0.0107263, 0.00660832))
({x3, x5}, (0.442106, 0.538653, 0.01383, 0.00541075))
({x3, x6}, (0.441554, 0.533442, 0.0143822, 0.010621))
({x3, x7}, (0.0158452, 0.0598565, 0.440091, 0.484207))
({x3, x8}, (0.443138, 0.537741, 0.0127984, 0.00632225))
({x3, x9}, (0.171411, 0.0734029, 0.284525, 0.470661))
({x4, x5}, (0.978769, 0.00199036, 0.00389649, 0.0153443))
({x4, x6}, (0.973323, 0.00167369, 0.00934228, 0.015661))
({x4, x7}, (0.0610496, 0.0146521, 0.921616, 0.00268254))
({x4, x8}, (0.978854, 0.00202499, 0.003811, 0.0153097))
({x4, x9}, (0.233473, 0.011341, 0.749192, 0.00599364))
({x5, x6}, (0.971644, 0.00335306, 0.00911553, 0.0158877))
({x5, x7}, (0.0612472, 0.0144545, 0.919512, 0.00478629))
({x5, x8}, (0.977538, 0.0033413, 0.00322119, 0.0158995))
({x5, x9}, (0.234411, 0.0104034, 0.746349, 0.00883734))
({x6, x7}, (0.059707, 0.0159947, 0.91529, 0.00900855))
({x6, x8}, (0.97106, 0.00981888, 0.0039363, 0.0151844))
({x6, x9}, (0.230568, 0.0142463, 0.744429, 0.0107569))
({x7, x8}, (0.0605521, 0.920327, 0.0151495, 0.00397112))
({x7, x9}, (0.0241397, 0.220674, 0.051562, 0.703624))
({x8, x9}, (0.233456, 0.0113582, 0.747423, 0.00776243))
Exact log partition sum: 6.08406
Exact MAP variable marginals:
({x0}, (0.976658, 0.0233418))
({x1}, (0.150542, 0.849458))
({x2}, (0.0792603, 0.92074))
({x3}, (0.429481, 0.570519))
({x4}, (0.984109, 0.0158909))
({x5}, (0.984109, 0.0158909))
({x6}, (0.984109, 0.0158909))
({x7}, (0.0792603, 0.92074))
({x8}, (0.984109, 0.0158909))
({x9}, (0.267178, 0.732822))
Exact MAP factor marginals:
({x0}, (0.976658, 0.0233418)) == ({x0}, (0.976658, 0.0233418))
({x1}, (0.150542, 0.849458)) == ({x1}, (0.150542, 0.849458))
({x2}, (0.0792603, 0.92074)) == ({x2}, (0.0792603, 0.92074))
({x3}, (0.429481, 0.570519)) == ({x3}, (0.429481, 0.570519))
({x4}, (0.984109, 0.0158909)) == ({x4}, (0.984109, 0.0158909))
({x5}, (0.984109, 0.0158909)) == ({x5}, (0.984109, 0.0158909))
({x6}, (0.984109, 0.0158909)) == ({x6}, (0.984109, 0.0158909))
({x7}, (0.0792603, 0.92074)) == ({x7}, (0.0792603, 0.92074))
({x8}, (0.984109, 0.0158909)) == ({x8}, (0.984109, 0.0158909))
({x9}, (0.267178, 0.732822)) == ({x9}, (0.267178, 0.732822))
({x0, x1}, (0.145589, 0.0132654, 0.821512, 0.0196338)) == ({x0, x1}, (0.145589, 0.0132654, 0.821512, 0.0196338))
({x0, x2}, (0.0764416, 0.0143389, 0.887997, 0.0212228)) == ({x0, x2}, (0.0764416, 0.0143389, 0.887997, 0.0212228))
({x0, x3}, (0.420173, 0.0133397, 0.558154, 0.00833326)) == ({x0, x3}, (0.420173, 0.0133397, 0.558154, 0.00833326))
({x0, x4}, (0.958544, 0.0229088, 0.00306902, 0.0154781)) == ({x0, x4}, (0.958544, 0.0229088, 0.00306902, 0.0154781))
({x0, x5}, (0.956796, 0.022867, 0.00488718, 0.0154499)) == ({x0, x5}, (0.956796, 0.022867, 0.00488718, 0.0154499))
({x0, x6}, (0.95691, 0.0228698, 0.00476818, 0.0154517)) == ({x0, x6}, (0.95691, 0.0228698, 0.00476818, 0.0154517))
({x0, x7}, (0.0764416, 0.0143389, 0.887997, 0.0212228)) == ({x0, x7}, (0.0764416, 0.0143389, 0.887997, 0.0212228))
({x0, x8}, (0.958544, 0.0229088, 0.00306902, 0.0154781)) == ({x0, x8}, (0.958544, 0.0229088, 0.00306902, 0.0154781))
({x0, x9}, (0.261647, 0.0171516, 0.717652, 0.00354975)) == ({x0, x9}, (0.261647, 0.0171516, 0.717652, 0.00354975))
({x1, x2}, (0.0675973, 0.00798384, 0.139164, 0.785255)) == ({x1, x2}, (0.0675973, 0.00798384, 0.139164, 0.785255))
({x1, x3}, (0.0130104, 0.38497, 0.0906292, 0.511391)) == ({x1, x3}, (0.0130104, 0.38497, 0.0906292, 0.511391))
({x1, x4}, (0.148172, 0.836087, 0.0135007, 0.00223953)) == ({x1, x4}, (0.148172, 0.836087, 0.0135007, 0.00223953))
({x1, x5}, (0.147872, 0.834393, 0.0134734, 0.00426196)) == ({x1, x5}, (0.147872, 0.834393, 0.0134734, 0.00426196))
({x1, x6}, (0.147887, 0.83448, 0.0134748, 0.00415812)) == ({x1, x6}, (0.147887, 0.83448, 0.0134748, 0.00415812))
({x1, x7}, (0.0678808, 0.00382288, 0.139747, 0.788549)) == ({x1, x7}, (0.0678808, 0.00382288, 0.139747, 0.788549))
({x1, x8}, (0.148172, 0.836087, 0.0135007, 0.00223953)) == ({x1, x8}, (0.148172, 0.836087, 0.0135007, 0.00223953))
({x1, x9}, (0.0380499, 0.22747, 0.11057, 0.62391)) == ({x1, x9}, (0.0380499, 0.22747, 0.11057, 0.62391))
({x2, x3}, (0.00870476, 0.405812, 0.0464055, 0.539077)) == ({x2, x3}, (0.00870476, 0.405812, 0.0464055, 0.539077))
({x2, x4}, (0.0780691, 0.906903, 0.0146442, 0.000383788)) == ({x2, x4}, (0.0780691, 0.906903, 0.0146442, 0.000383788))
({x2, x5}, (0.0777389, 0.903066, 0.0145823, 0.00461273)) == ({x2, x5}, (0.0777389, 0.903066, 0.0145823, 0.00461273))
({x2, x6}, (0.0777476, 0.903168, 0.0145839, 0.00450039)) == ({x2, x6}, (0.0777476, 0.903168, 0.0145839, 0.00450039))
({x2, x7}, (0.073672, 0.0183115, 0.0521934, 0.855823)) == ({x2, x7}, (0.073672, 0.0183115, 0.0521934, 0.855823))
({x2, x8}, (0.0780099, 0.906215, 0.0146331, 0.00114187)) == ({x2, x8}, (0.0780099, 0.906215, 0.0146331, 0.00114187))
({x2, x9}, (0.040344, 0.241184, 0.0569463, 0.661526)) == ({x2, x9}, (0.040344, 0.241184, 0.0569463, 0.661526))
({x3, x4}, (0.424439, 0.563821, 0.0091043, 0.0026363)) == ({x3, x4}, (0.424439, 0.563821, 0.0091043, 0.0026363))
({x3, x5}, (0.424439, 0.563821, 0.0091043, 0.0026363)) == ({x3, x5}, (0.424439, 0.563821, 0.0091043, 0.0026363))
({x3, x6}, (0.424365, 0.563723, 0.00910273, 0.00280897)) == ({x3, x6}, (0.424365, 0.563723, 0.00910273, 0.00280897))
({x3, x7}, (0.00870476, 0.0464055, 0.405812, 0.539077)) == ({x3, x7}, (0.00870476, 0.0464055, 0.405812, 0.539077))
({x3, x8}, (0.424439, 0.563821, 0.0091043, 0.0026363)) == ({x3, x8}, (0.424439, 0.563821, 0.0091043, 0.0026363))
({x3, x9}, (0.167368, 0.0279964, 0.345576, 0.45906)) == ({x3, x9}, (0.167368, 0.0279964, 0.345576, 0.45906))
({x4, x5}, (0.978435, 0.000767506, 0.00499771, 0.0157993)) == ({x4, x5}, (0.978435, 0.000767506, 0.00499771, 0.0157993))
({x4, x6}, (0.978555, 0.0007676, 0.00487603, 0.0158012)) == ({x4, x6}, (0.978555, 0.0007676, 0.00487603, 0.0158012))
({x4, x7}, (0.0779098, 0.0146143, 0.905052, 0.00242425)) == ({x4, x7}, (0.0779098, 0.0146143, 0.905052, 0.00242425))
({x4, x8}, (0.981347, 0.00076979, 0.00203697, 0.0158463)) == ({x4, x8}, (0.981347, 0.00076979, 0.00203697, 0.0158463))
({x4, x9}, (0.263162, 0.0116554, 0.721807, 0.003375)) == ({x4, x9}, (0.263162, 0.0116554, 0.721807, 0.003375))
({x5, x6}, (0.974433, 0.00497726, 0.00485549, 0.0157347)) == ({x5, x6}, (0.974433, 0.00497726, 0.00485549, 0.0157347))
({x5, x7}, (0.0777389, 0.0145823, 0.903066, 0.00461273)) == ({x5, x7}, (0.0777389, 0.0145823, 0.903066, 0.00461273))
({x5, x8}, (0.977201, 0.0049914, 0.00202837, 0.0157794)) == ({x5, x8}, (0.977201, 0.0049914, 0.00202837, 0.0157794))
({x5, x9}, (0.26308, 0.0116518, 0.721582, 0.00368574)) == ({x5, x9}, (0.26308, 0.0116518, 0.721582, 0.00368574))
({x6, x7}, (0.0777476, 0.0145839, 0.903168, 0.00450039)) == ({x6, x7}, (0.0777476, 0.0145839, 0.903168, 0.00450039))
({x6, x8}, (0.97732, 0.00486988, 0.00202861, 0.0157813)) == ({x6, x8}, (0.97732, 0.00486988, 0.00202861, 0.0157813))
({x6, x9}, (0.263104, 0.0116528, 0.721647, 0.00359589)) == ({x6, x9}, (0.263104, 0.0116528, 0.721647, 0.00359589))
({x7, x8}, (0.0779098, 0.905052, 0.0146143, 0.00242425)) == ({x7, x8}, (0.0779098, 0.905052, 0.0146143, 0.00242425))
({x7, x9}, (0.0218459, 0.245833, 0.0580439, 0.674277)) == ({x7, x9}, (0.0218459, 0.245833, 0.0580439, 0.674277))
({x8, x9}, (0.263162, 0.0116554, 0.721807, 0.003375)) == ({x8, x9}, (0.263162, 0.0116554, 0.721807, 0.003375))
Exact MAP state (log score = 5.0342):
x0: 0
x1: 1
x2: 1
x3: 1
x4: 0
x5: 0
x6: 0
x7: 1
x8: 0
x9: 1
