Builtin inference algorithms: {BP, EXACT, FBP, JTREE, TRWBP}

Exact variable marginals:
({x0}, (0.379908, 0.620092))
({x1}, (0.341012, 0.658988))
({x2}, (0.487471, 0.512529))
({x3}, (0.162475, 0.837525))
({x4}, (0.771434, 0.228566))
({x5}, (0.221453, 0.778547))
({x6}, (0.23539, 0.76461))
({x7}, (0.221271, 0.778729))
({x8}, (0.529763, 0.470237))
({x9}, (0.780092, 0.219908))
Exact factor marginals:
({x0}, (0.379908, 0.620092))
({x1}, (0.341012, 0.658988))
({x2}, (0.487471, 0.512529))
({x3}, (0.162475, 0.837525))
({x4}, (0.771434, 0.228566))
({x5}, (0.221453, 0.778547))
({x6}, (0.23539, 0.76461))
({x7}, (0.221271, 0.778729))
({x8}, (0.529763, 0.470237))
({x9}, (0.780092, 0.219908))
({x0, x1}, (0.267502, 0.0735097, 0.112406, 0.546582))
({x0, x2}, (0.0281793, 0.459291, 0.351728, 0.160801))
({x0, x3}, (0.156946, 0.00552988, 0.222962, 0.614562))
({x0, x4}, (0.159545, 0.611889, 0.220363, 0.00820331))
({x0, x5}, (0.220183, 0.00127091, 0.159725, 0.618821))
({x0, x6}, (0.231543, 0.0038468, 0.148364, 0.616245))
({x0, x7}, (0.213739, 0.00753218, 0.166169, 0.61256))
({x0, x8}, (0.0129319, 0.516832, 0.366976, 0.103261))
({x0, x9}, (0.161662, 0.618429, 0.218245, 0.00166311))
({x1, x2}, (0.0358752, 0.451596, 0.305137, 0.207393))
({x1, x3}, (0.155799, 0.00667655, 0.185213, 0.652312))
({x1, x4}, (0.122899, 0.648535, 0.218113, 0.0104536))
({x1, x5}, (0.218513, 0.00294009, 0.122498, 0.656048))
({x1, x6}, (0.226063, 0.00932769, 0.114949, 0.64966))
({x1, x7}, (0.213448, 0.00782315, 0.127564, 0.651165))
({x1, x8}, (0.0537951, 0.475968, 0.287217, 0.18302))
({x1, x9}, (0.125303, 0.654789, 0.215709, 0.00419936))
({x2, x3}, (0.0148097, 0.147666, 0.472661, 0.364863))
({x2, x4}, (0.461184, 0.31025, 0.0262869, 0.202279))
({x2, x5}, (0.0224393, 0.199014, 0.465032, 0.313515))
({x2, x6}, (0.0265898, 0.208801, 0.460881, 0.303729))
({x2, x7}, (0.0222943, 0.198977, 0.465177, 0.313552))
({x2, x8}, (0.42081, 0.108954, 0.066661, 0.403575))
({x2, x9}, (0.466077, 0.314014, 0.0213936, 0.198515))
({x3, x4}, (0.0145175, 0.756916, 0.147958, 0.0806082))
({x3, x5}, (0.156002, 0.0654512, 0.00647323, 0.772073))
({x3, x6}, (0.152589, 0.0828009, 0.00988605, 0.754724))
({x3, x7}, (0.148663, 0.0726082, 0.0138125, 0.764916))
({x3, x8}, (0.0052511, 0.524512, 0.157224, 0.313012))
({x3, x9}, (0.00744844, 0.772643, 0.155027, 0.0648815))
({x4, x5}, (0.013154, 0.208299, 0.75828, 0.0202667))
({x4, x6}, (0.0175497, 0.217841, 0.753884, 0.0107256))
({x4, x7}, (0.0378177, 0.183454, 0.733616, 0.0451127))
({x4, x8}, (0.52307, 0.00669356, 0.248364, 0.221873))
({x4, x9}, (0.761211, 0.0188804, 0.0102227, 0.209686))
({x5, x6}, (0.212924, 0.0224663, 0.00852946, 0.75608))
({x5, x7}, (0.190034, 0.0312374, 0.0314196, 0.747309))
({x5, x8}, (0.00228036, 0.527483, 0.219173, 0.251063))
({x5, x9}, (0.00892402, 0.771168, 0.212529, 0.00737906))
({x6, x7}, (0.19265, 0.0286212, 0.0427403, 0.735988))
({x6, x8}, (0.00165591, 0.528108, 0.233734, 0.236502))
({x6, x9}, (0.0210007, 0.759091, 0.21439, 0.00551891))
({x7, x8}, (0.00563124, 0.524132, 0.21564, 0.254597))
({x7, x9}, (0.0317574, 0.748334, 0.189514, 0.0303947))
({x8, x9}, (0.527137, 0.252955, 0.00262694, 0.217282))
Exact log partition sum: 15.4929
Exact MAP variable marginals:
({x0}, (0.242884, 0.757116))
({x1}, (0.242884, 0.757116))
({x2}, (0.757116, 0.242884))
({x3}, (0.242884, 0.757116))
({x4}, (0.757116, 0.242884))
({x5}, (0.242884, 0.757116))
({x6}, (0.242884, 0.757116))
({x7}, (0.242884, 0.757116))
({x8}, (0.757116, 0.242884))
({x9}, (0.757116, 0.242884))
Exact MAP factor marginals:
({x0}, (0.242884, 0.757116)) == ({x0}, (0.242884, 0.757116))
({x1}, (0.242884, 0.757116)) == ({x1}, (0.242884, 0.757116))
({x2}, (0.757116, 0.242884)) == ({x2}, (0.757116, 0.242884))
({x3}, (0.242884, 0.757116)) == ({x3}, (0.242884, 0.757116))
({x4}, (0.757116, 0.242884)) == ({x4}, (0.757116, 0.242884))
({x5}, (0.242884, 0.757116)) == ({x5}, (0.242884, 0.757116))
({x6}, (0.242884, 0.757116)) == ({x6}, (0.242884, 0.757116))
({x7}, (0.242884, 0.757116)) == ({x7}, (0.242884, 0.757116))
({x8}, (0.757116, 0.242884)) == ({x8}, (0.757116, 0.242884))
({x9}, (0.757116, 0.242884)) == ({x9}, (0.757116, 0.242884))
({x0, x1}, (0.197114, 0.0522325, 0.136213, 0.614441)) == ({x0, x1}, (0.197114, 0.0522325, 0.136213, 0.614441))
({x0, x2}, (0.0164797, 0.66846, 0.214443, 0.100618)) == ({x0, x2}, (0.0164797, 0.66846, 0.214443, 0.100618))
({x0, x3}, (0.207117, 0.00413263, 0.143126, 0.645624)) == ({x0, x3}, (0.207117, 0.00413263, 0.143126, 0.645624))
({x0, x4}, (0.14301, 0.6451, 0.206949, 0.00494074)) == ({x0, x4}, (0.14301, 0.6451, 0.206949, 0.00494074))
({x0, x5}, (0.207909, 0.000326106, 0.143673, 0.648092)) == ({x0, x5}, (0.207909, 0.000326106, 0.143673, 0.648092))
({x0, x6}, (0.207581, 0.00190442, 0.143446, 0.647069)) == ({x0, x6}, (0.207581, 0.00190442, 0.143446, 0.647069))
({x0, x7}, (0.207309, 0.00321027, 0.143258, 0.646222)) == ({x0, x7}, (0.207309, 0.00321027, 0.143258, 0.646222))
({x0, x8}, (0.0122877, 0.695403, 0.223086, 0.0692227)) == ({x0, x8}, (0.0122877, 0.695403, 0.223086, 0.0692227))
({x0, x9}, (0.143624, 0.647871, 0.207838, 0.000666249)) == ({x0, x9}, (0.143624, 0.647871, 0.207838, 0.000666249))
({x1, x2}, (0.0190001, 0.635986, 0.204025, 0.140989)) == ({x1, x2}, (0.0190001, 0.635986, 0.204025, 0.140989))
({x1, x3}, (0.227163, 0.00453259, 0.060195, 0.70811)) == ({x1, x3}, (0.227163, 0.00453259, 0.060195, 0.70811))
({x1, x4}, (0.0601415, 0.707479, 0.226961, 0.00541849)) == ({x1, x4}, (0.0601415, 0.707479, 0.226961, 0.00541849))
({x1, x5}, (0.228037, 0.00070005, 0.0604268, 0.710836)) == ({x1, x5}, (0.228037, 0.00070005, 0.0604268, 0.710836))
({x1, x6}, (0.227572, 0.00273884, 0.0603035, 0.709386)) == ({x1, x6}, (0.227572, 0.00273884, 0.0603035, 0.709386))
({x1, x7}, (0.226872, 0.005805, 0.0601181, 0.707205)) == ({x1, x7}, (0.226872, 0.005805, 0.0601181, 0.707205))
({x1, x8}, (0.0522325, 0.614441, 0.197114, 0.136213)) == ({x1, x8}, (0.0522325, 0.614441, 0.197114, 0.136213))
({x1, x9}, (0.060413, 0.710674, 0.227985, 0.000927548)) == ({x1, x9}, (0.060413, 0.710674, 0.227985, 0.000927548))
({x2, x3}, (0.0157314, 0.204705, 0.638105, 0.141459)) == ({x2, x3}, (0.0157314, 0.204705, 0.638105, 0.141459))
({x2, x4}, (0.638105, 0.141459, 0.0157314, 0.204705)) == ({x2, x4}, (0.638105, 0.141459, 0.0157314, 0.204705))
({x2, x5}, (0.0157314, 0.204705, 0.638105, 0.141459)) == ({x2, x5}, (0.0157314, 0.204705, 0.638105, 0.141459))
({x2, x6}, (0.0157314, 0.204705, 0.638105, 0.141459)) == ({x2, x6}, (0.0157314, 0.204705, 0.638105, 0.141459))
({x2, x7}, (0.0157314, 0.204705, 0.638105, 0.141459)) == ({x2, x7}, (0.0157314, 0.204705, 0.638105, 0.141459))
({x2, x8}, (0.640185, 0.0963617, 0.0580804, 0.205373)) == ({x2, x8}, (0.640185, 0.0963617, 0.0580804, 0.205373))
({x2, x9}, (0.638105, 0.141459, 0.0157314, 0.204705)) == ({x2, x9}, (0.638105, 0.141459, 0.0157314, 0.204705))
({x3, x4}, (0.0084992, 0.707257, 0.226889, 0.0573548)) == ({x3, x4}, (0.0084992, 0.707257, 0.226889, 0.0573548))
({x3, x5}, (0.227794, 0.0575836, 0.00454519, 0.710077)) == ({x3, x5}, (0.227794, 0.0575836, 0.00454519, 0.710077))
({x3, x6}, (0.227794, 0.0575836, 0.00454519, 0.710077)) == ({x3, x6}, (0.227794, 0.0575836, 0.00454519, 0.710077))
({x3, x7}, (0.225995, 0.0571287, 0.0124075, 0.704469)) == ({x3, x7}, (0.225995, 0.0571287, 0.0124075, 0.704469))
({x3, x8}, (0.00413263, 0.645624, 0.207117, 0.143126)) == ({x3, x8}, (0.00413263, 0.645624, 0.207117, 0.143126))
({x3, x9}, (0.00454519, 0.710077, 0.227794, 0.0575836)) == ({x3, x9}, (0.00454519, 0.710077, 0.227794, 0.0575836))
({x4, x5}, (0.00896299, 0.23927, 0.745851, 0.00591636)) == ({x4, x5}, (0.00896299, 0.23927, 0.745851, 0.00591636))
({x4, x6}, (0.00896481, 0.239319, 0.746003, 0.00571354)) == ({x4, x6}, (0.00896481, 0.239319, 0.746003, 0.00571354))
({x4, x7}, (0.0216743, 0.23093, 0.719853, 0.0275421)) == ({x4, x7}, (0.0216743, 0.23093, 0.719853, 0.0275421))
({x4, x8}, (0.6451, 0.00494074, 0.14301, 0.206949)) == ({x4, x8}, (0.6451, 0.00494074, 0.14301, 0.206949))
({x4, x9}, (0.745851, 0.00591636, 0.00896299, 0.23927)) == ({x4, x9}, (0.745851, 0.00591636, 0.00896299, 0.23927))
({x5, x6}, (0.24077, 0.00595345, 0.00275002, 0.750526)) == ({x5, x6}, (0.24077, 0.00595345, 0.00275002, 0.750526))
({x5, x7}, (0.23093, 0.0216743, 0.0275421, 0.719853)) == ({x5, x7}, (0.23093, 0.0216743, 0.0275421, 0.719853))
({x5, x8}, (0.000463741, 0.648003, 0.20788, 0.143653)) == ({x5, x8}, (0.000463741, 0.648003, 0.20788, 0.143653))
({x5, x9}, (0.00285215, 0.751736, 0.241158, 0.00425324)) == ({x5, x9}, (0.00285215, 0.751736, 0.241158, 0.00425324))
({x6, x7}, (0.23093, 0.0216743, 0.0275421, 0.719853)) == ({x6, x7}, (0.23093, 0.0216743, 0.0275421, 0.719853))
({x6, x8}, (0.000500271, 0.647979, 0.207873, 0.143648)) == ({x6, x8}, (0.000500271, 0.647979, 0.207873, 0.143648))
({x6, x9}, (0.00595345, 0.750526, 0.24077, 0.00275002)) == ({x6, x9}, (0.00595345, 0.750526, 0.24077, 0.00275002))
({x7, x8}, (0.00258842, 0.646625, 0.207438, 0.143348)) == ({x7, x8}, (0.00258842, 0.646625, 0.207438, 0.143348))
({x7, x9}, (0.0216743, 0.719853, 0.23093, 0.0275421)) == ({x7, x9}, (0.0216743, 0.719853, 0.23093, 0.0275421))
({x8, x9}, (0.647871, 0.143624, 0.000666249, 0.207838)) == ({x8, x9}, (0.647871, 0.143624, 0.000666249, 0.207838))
Exact MAP state (log score = 14.5685):
x0: 1
x1: 1
x2: 0
x3: 1
x4: 0
x5: 1
x6: 1
x7: 1
x8: 0
x9: 0
