Builtin inference algorithms: {BP, EXACT, FBP, JTREE, TRWBP}

Exact variable marginals:
({x0}, (0.39548, 0.60452))
({x1}, (0.719146, 0.280854))
({x2}, (0.590862, 0.409138))
({x3}, (0.0681548, 0.931845))
({x4}, (0.506501, 0.493499))
({x5}, (0.870142, 0.129858))
({x6}, (0.437786, 0.562214))
({x7}, (0.343793, 0.656207))
({x8}, (0.894603, 0.105397))
({x9}, (0.563413, 0.436587))
Exact factor marginals:
({x0}, (0.39548, 0.60452))
({x1}, (0.719146, 0.280854))
({x2}, (0.590862, 0.409138))
({x3}, (0.0681548, 0.931845))
({x4}, (0.506501, 0.493499))
({x5}, (0.870142, 0.129858))
({x6}, (0.437786, 0.562214))
({x7}, (0.343793, 0.656207))
({x8}, (0.894603, 0.105397))
({x9}, (0.563413, 0.436587))
({x0, x1}, (0.249618, 0.469527, 0.145861, 0.134993))
({x0, x2}, (0.24872, 0.342142, 0.146759, 0.262379))
({x0, x3}, (0.0484673, 0.0196874, 0.347012, 0.584833))
({x0, x4}, (0.255917, 0.250584, 0.139563, 0.353936))
({x0, x5}, (0.351316, 0.518827, 0.0441639, 0.0856938))
({x0, x6}, (0.220817, 0.21697, 0.174663, 0.387551))
({x0, x7}, (0.191379, 0.152414, 0.2041, 0.452106))
({x0, x8}, (0.32083, 0.573773, 0.0746495, 0.0307472))
({x0, x9}, (0.135133, 0.42828, 0.260346, 0.176241))
({x1, x2}, (0.46751, 0.123352, 0.251636, 0.157502))
({x1, x3}, (0.039868, 0.0282868, 0.679278, 0.252568))
({x1, x4}, (0.293911, 0.21259, 0.425234, 0.0682645))
({x1, x5}, (0.653805, 0.216337, 0.0653407, 0.0645169))
({x1, x6}, (0.260483, 0.177303, 0.458662, 0.103551))
({x1, x7}, (0.146614, 0.197179, 0.572531, 0.0836753))
({x1, x8}, (0.650781, 0.243823, 0.0683649, 0.0370318))
({x1, x9}, (0.454702, 0.10871, 0.264443, 0.172144))
({x2, x3}, (0.0232991, 0.0448557, 0.567563, 0.364282))
({x2, x4}, (0.186662, 0.319839, 0.4042, 0.0892986))
({x2, x5}, (0.553386, 0.316757, 0.0374763, 0.0923814))
({x2, x6}, (0.173028, 0.264758, 0.417834, 0.14438))
({x2, x7}, (0.12782, 0.215974, 0.463042, 0.193164))
({x2, x8}, (0.503187, 0.391416, 0.0876751, 0.0177216))
({x2, x9}, (0.367557, 0.195856, 0.223305, 0.213282))
({x3, x4}, (0.0490269, 0.457474, 0.0191279, 0.474371))
({x3, x5}, (0.0403935, 0.829749, 0.0277613, 0.102096))
({x3, x6}, (0.0432635, 0.394523, 0.0248913, 0.537322))
({x3, x7}, (0.035753, 0.30804, 0.0324018, 0.623805))
({x3, x8}, (0.0447664, 0.849837, 0.0233884, 0.0820084))
({x3, x9}, (0.0258043, 0.537608, 0.0423505, 0.394237))
({x4, x5}, (0.412156, 0.457987, 0.0943454, 0.0355123))
({x4, x6}, (0.340387, 0.0973997, 0.166114, 0.396099))
({x4, x7}, (0.253041, 0.0907526, 0.25346, 0.402746))
({x4, x8}, (0.474016, 0.420587, 0.0324847, 0.072912))
({x4, x9}, (0.244909, 0.318504, 0.261592, 0.174995))
({x5, x6}, (0.388015, 0.0497713, 0.482127, 0.0800864))
({x5, x7}, (0.28374, 0.0600532, 0.586402, 0.0698044))
({x5, x8}, (0.793505, 0.101098, 0.0766372, 0.0287595))
({x5, x9}, (0.467258, 0.0961551, 0.402885, 0.0337025))
({x6, x7}, (0.220638, 0.123156, 0.217149, 0.439058))
({x6, x8}, (0.403631, 0.490972, 0.0341552, 0.0712416))
({x6, x9}, (0.171915, 0.391498, 0.265872, 0.170716))
({x7, x8}, (0.300157, 0.594446, 0.0436366, 0.0617601))
({x7, x9}, (0.0923731, 0.47104, 0.25142, 0.185167))
({x8, x9}, (0.51414, 0.0492728, 0.380463, 0.0561239))
Exact log partition sum: 10.0617
Exact MAP variable marginals:
({x0}, (0.178359, 0.821641))
({x1}, (0.821641, 0.178359))
({x2}, (0.821641, 0.178359))
({x3}, (0.0296926, 0.970307))
({x4}, (0.178359, 0.821641))
({x5}, (0.938713, 0.0612872))
({x6}, (0.178359, 0.821641))
({x7}, (0.178359, 0.821641))
({x8}, (0.939313, 0.0606874))
({x9}, (0.821641, 0.178359))
Exact MAP factor marginals:
({x0}, (0.178359, 0.821641)) == ({x0}, (0.178359, 0.821641))
({x1}, (0.821641, 0.178359)) == ({x1}, (0.821641, 0.178359))
({x2}, (0.821641, 0.178359)) == ({x2}, (0.821641, 0.178359))
({x3}, (0.0296926, 0.970307)) == ({x3}, (0.0296926, 0.970307))
({x4}, (0.178359, 0.821641)) == ({x4}, (0.178359, 0.821641))
({x5}, (0.938713, 0.0612872)) == ({x5}, (0.938713, 0.0612872))
({x6}, (0.178359, 0.821641)) == ({x6}, (0.178359, 0.821641))
({x7}, (0.178359, 0.821641)) == ({x7}, (0.178359, 0.821641))
({x8}, (0.939313, 0.0606874)) == ({x8}, (0.939313, 0.0606874))
({x9}, (0.821641, 0.178359)) == ({x9}, (0.821641, 0.178359))
({x0, x1}, (0.111664, 0.65112, 0.141343, 0.0958724)) == ({x0, x1}, (0.111664, 0.65112, 0.141343, 0.0958724))
({x0, x2}, (0.109142, 0.636414, 0.138151, 0.116293)) == ({x0, x2}, (0.109142, 0.636414, 0.138151, 0.116293))
({x0, x3}, (0.0243777, 0.00606858, 0.172929, 0.796625)) == ({x0, x3}, (0.0243777, 0.00606858, 0.172929, 0.796625))
({x0, x4}, (0.138151, 0.116293, 0.109142, 0.636414)) == ({x0, x4}, (0.138151, 0.116293, 0.109142, 0.636414))
({x0, x5}, (0.166502, 0.767017, 0.0164035, 0.0500774)) == ({x0, x5}, (0.166502, 0.767017, 0.0164035, 0.0500774))
({x0, x6}, (0.138151, 0.116293, 0.109142, 0.636414)) == ({x0, x6}, (0.138151, 0.116293, 0.109142, 0.636414))
({x0, x7}, (0.141343, 0.0958724, 0.111664, 0.65112)) == ({x0, x7}, (0.141343, 0.0958724, 0.111664, 0.65112))
({x0, x8}, (0.162493, 0.74855, 0.040594, 0.0483626)) == ({x0, x8}, (0.162493, 0.74855, 0.040594, 0.0483626))
({x0, x9}, (0.108081, 0.630231, 0.136809, 0.124879)) == ({x0, x9}, (0.108081, 0.630231, 0.136809, 0.124879))
({x1, x2}, (0.659574, 0.0767228, 0.120525, 0.143178)) == ({x1, x2}, (0.659574, 0.0767228, 0.120525, 0.143178))
({x1, x3}, (0.0194743, 0.0240489, 0.78588, 0.170597)) == ({x1, x3}, (0.0194743, 0.0240489, 0.78588, 0.170597))
({x1, x4}, (0.124571, 0.147984, 0.681714, 0.0457311)) == ({x1, x4}, (0.124571, 0.147984, 0.681714, 0.0457311))
({x1, x5}, (0.755403, 0.163981, 0.0493191, 0.0312976)) == ({x1, x5}, (0.755403, 0.163981, 0.0493191, 0.0312976))
({x1, x6}, (0.124571, 0.147984, 0.681714, 0.0457311)) == ({x1, x6}, (0.124571, 0.147984, 0.681714, 0.0457311))
({x1, x7}, (0.0970676, 0.152634, 0.703131, 0.0471678)) == ({x1, x7}, (0.0970676, 0.152634, 0.703131, 0.0471678))
({x1, x8}, (0.767132, 0.166527, 0.0495631, 0.0167785)) == ({x1, x8}, (0.767132, 0.166527, 0.0495631, 0.0167785))
({x1, x9}, (0.674624, 0.0452555, 0.133675, 0.146445)) == ({x1, x9}, (0.674624, 0.0452555, 0.133675, 0.146445))
({x2, x3}, (0.00743523, 0.0243441, 0.795529, 0.172691)) == ({x2, x3}, (0.00743523, 0.0243441, 0.795529, 0.172691))
({x2, x4}, (0.0870971, 0.144664, 0.666417, 0.101823)) == ({x2, x4}, (0.0870971, 0.144664, 0.666417, 0.101823))
({x2, x5}, (0.755836, 0.164075, 0.0307423, 0.0493474)) == ({x2, x5}, (0.755836, 0.164075, 0.0307423, 0.0493474))
({x2, x6}, (0.0821739, 0.145444, 0.67001, 0.102372)) == ({x2, x6}, (0.0821739, 0.145444, 0.67001, 0.102372))
({x2, x7}, (0.0767228, 0.143178, 0.659574, 0.120525)) == ({x2, x7}, (0.0767228, 0.143178, 0.659574, 0.120525))
({x2, x8}, (0.770656, 0.167292, 0.0497908, 0.0122611)) == ({x2, x8}, (0.770656, 0.167292, 0.0497908, 0.0122611))
({x2, x9}, (0.625799, 0.114353, 0.124001, 0.135847)) == ({x2, x9}, (0.625799, 0.114353, 0.124001, 0.135847))
({x3, x4}, (0.0243441, 0.172691, 0.00743523, 0.795529)) == ({x3, x4}, (0.0243441, 0.172691, 0.00743523, 0.795529))
({x3, x5}, (0.027524, 0.899443, 0.01431, 0.0587233)) == ({x3, x5}, (0.027524, 0.899443, 0.01431, 0.0587233))
({x3, x6}, (0.0243441, 0.172691, 0.00743523, 0.795529)) == ({x3, x6}, (0.0243441, 0.172691, 0.00743523, 0.795529))
({x3, x7}, (0.0242242, 0.17184, 0.0123249, 0.79161)) == ({x3, x7}, (0.0242242, 0.17184, 0.0123249, 0.79161))
({x3, x8}, (0.0275409, 0.899993, 0.0143188, 0.0581471)) == ({x3, x8}, (0.0275409, 0.899993, 0.0143188, 0.0581471))
({x3, x9}, (0.00606858, 0.796625, 0.0243777, 0.172929)) == ({x3, x9}, (0.00606858, 0.796625, 0.0243777, 0.172929))
({x4, x5}, (0.164075, 0.755836, 0.0493474, 0.0307423)) == ({x4, x5}, (0.164075, 0.755836, 0.0493474, 0.0307423))
({x4, x6}, (0.147629, 0.0834088, 0.0888827, 0.680079)) == ({x4, x6}, (0.147629, 0.0834088, 0.0888827, 0.680079))
({x4, x7}, (0.150396, 0.0301827, 0.1266, 0.692821)) == ({x4, x7}, (0.150396, 0.0301827, 0.1266, 0.692821))
({x4, x8}, (0.166887, 0.768794, 0.0146483, 0.0496705)) == ({x4, x8}, (0.166887, 0.768794, 0.0146483, 0.0496705))
({x4, x9}, (0.114353, 0.625799, 0.135847, 0.124001)) == ({x4, x9}, (0.114353, 0.625799, 0.135847, 0.124001))
({x5, x6}, (0.164336, 0.0291985, 0.75704, 0.049426)) == ({x5, x6}, (0.164336, 0.0291985, 0.75704, 0.049426))
({x5, x7}, (0.163981, 0.0312976, 0.755403, 0.0493191)) == ({x5, x7}, (0.163981, 0.0312976, 0.755403, 0.0493191))
({x5, x8}, (0.871154, 0.0568763, 0.0562838, 0.0156862)) == ({x5, x8}, (0.871154, 0.0568763, 0.0562838, 0.0156862))
({x5, x9}, (0.766362, 0.0500346, 0.166359, 0.0172443)) == ({x5, x9}, (0.766362, 0.0500346, 0.166359, 0.0172443))
({x6, x7}, (0.150396, 0.0301827, 0.1266, 0.692821)) == ({x6, x7}, (0.150396, 0.0301827, 0.1266, 0.692821))
({x6, x8}, (0.166887, 0.768794, 0.0146483, 0.0496705)) == ({x6, x8}, (0.166887, 0.768794, 0.0146483, 0.0496705))
({x6, x9}, (0.114353, 0.625799, 0.135847, 0.124001)) == ({x6, x9}, (0.114353, 0.625799, 0.135847, 0.124001))
({x7, x8}, (0.165794, 0.763757, 0.0211038, 0.0493451)) == ({x7, x8}, (0.165794, 0.763757, 0.0211038, 0.0493451))
({x7, x9}, (0.0342156, 0.682425, 0.148139, 0.135221)) == ({x7, x9}, (0.0342156, 0.682425, 0.148139, 0.135221))
({x8, x9}, (0.750689, 0.0485008, 0.162957, 0.0378527)) == ({x8, x9}, (0.750689, 0.0485008, 0.162957, 0.0378527))
Exact MAP state (log score = 8.1522):
x0: 1
x1: 0
x2: 0
x3: 1
x4: 1
x5: 0
x6: 1
x7: 1
x8: 0
x9: 0
