Builtin inference algorithms: {BP, EXACT, FBP, JTREE, TRWBP}

Exact variable marginals:
({x0}, (0.694104, 0.305896))
({x1}, (0.317235, 0.682765))
({x2}, (0.363716, 0.636284))
({x3}, (0.39497, 0.60503))
({x4}, (0.700721, 0.299279))
({x5}, (0.31228, 0.68772))
({x6}, (0.388043, 0.611957))
({x7}, (0.288249, 0.711751))
({x8}, (0.311218, 0.688782))
({x9}, (0.314355, 0.685645))
Exact factor marginals:
({x0}, (0.694104, 0.305896))
({x1}, (0.317235, 0.682765))
({x2}, (0.363716, 0.636284))
({x3}, (0.39497, 0.60503))
({x4}, (0.700721, 0.299279))
({x5}, (0.31228, 0.68772))
({x6}, (0.388043, 0.611957))
({x7}, (0.288249, 0.711751))
({x8}, (0.311218, 0.688782))
({x9}, (0.314355, 0.685645))
({x0, x1}, (0.0209006, 0.296334, 0.673204, 0.00956165))
({x0, x2}, (0.22224, 0.141477, 0.471865, 0.164419))
({x0, x3}, (0.104549, 0.290421, 0.589555, 0.0154745))
({x0, x4}, (0.693387, 0.00733452, 0.000717654, 0.298561))
({x0, x5}, (0.0177489, 0.294531, 0.676355, 0.0113644))
({x0, x6}, (0.0932835, 0.294759, 0.600821, 0.0111364))
({x0, x7}, (0.018962, 0.269287, 0.675142, 0.0366091))
({x0, x8}, (0.0136563, 0.297562, 0.680448, 0.008334))
({x0, x9}, (0.0168389, 0.297516, 0.677265, 0.0083799))
({x1, x2}, (0.139836, 0.223881, 0.177399, 0.458884))
({x1, x3}, (0.307686, 0.0872836, 0.00954834, 0.595482))
({x1, x4}, (0.02072, 0.680001, 0.296515, 0.00276414))
({x1, x5}, (0.286024, 0.0262559, 0.0312103, 0.656509))
({x1, x6}, (0.31226, 0.0757825, 0.0049744, 0.606983))
({x1, x7}, (0.261407, 0.0268417, 0.0558278, 0.655923))
({x1, x8}, (0.309862, 0.00135626, 0.007373, 0.681409))
({x1, x9}, (0.312554, 0.00180078, 0.00468077, 0.680964))
({x2, x3}, (0.130962, 0.264008, 0.232754, 0.372276))
({x2, x4}, (0.224489, 0.476232, 0.139228, 0.160051))
({x2, x5}, (0.131747, 0.180534, 0.23197, 0.45575))
({x2, x6}, (0.134933, 0.25311, 0.228783, 0.383174))
({x2, x7}, (0.134183, 0.154066, 0.229534, 0.482218))
({x2, x8}, (0.13762, 0.173598, 0.226097, 0.462685))
({x2, x9}, (0.137681, 0.176674, 0.226036, 0.45961))
({x3, x4}, (0.10457, 0.596152, 0.290401, 0.0088784))
({x3, x5}, (0.279942, 0.0323381, 0.115028, 0.572692))
({x3, x6}, (0.369303, 0.0187404, 0.0256675, 0.58629))
({x3, x7}, (0.257724, 0.0305246, 0.137246, 0.574505))
({x3, x8}, (0.303766, 0.0074524, 0.0912044, 0.597578))
({x3, x9}, (0.307028, 0.00732672, 0.087942, 0.597703))
({x4, x5}, (0.0242256, 0.288055, 0.676495, 0.0112242))
({x4, x6}, (0.0930884, 0.294955, 0.607633, 0.00432444))
({x4, x7}, (0.0240899, 0.264159, 0.676631, 0.0351201))
({x4, x8}, (0.0135821, 0.297636, 0.687139, 0.00164298))
({x4, x9}, (0.0166409, 0.297714, 0.68408, 0.00156506))
({x5, x6}, (0.284512, 0.103531, 0.0277688, 0.584188))
({x5, x7}, (0.269837, 0.0184118, 0.0424435, 0.669308))
({x5, x8}, (0.287328, 0.0238899, 0.0249521, 0.66383))
({x5, x9}, (0.287214, 0.0271412, 0.0250667, 0.660578))
({x6, x7}, (0.261473, 0.0267758, 0.12657, 0.585181))
({x6, x8}, (0.308369, 0.00284954, 0.0796744, 0.609108))
({x6, x9}, (0.311594, 0.00276073, 0.0764488, 0.609196))
({x7, x8}, (0.262553, 0.0486651, 0.0256957, 0.663086))
({x7, x9}, (0.262823, 0.0515317, 0.0254256, 0.66022))
({x8, x9}, (0.310919, 0.00343606, 0.000299312, 0.685346))
Exact log partition sum: 24.8509
Exact MAP variable marginals:
({x0}, (0.707051, 0.292949))
({x1}, (0.292949, 0.707051))
({x2}, (0.388949, 0.611051))
({x3}, (0.292949, 0.707051))
({x4}, (0.707051, 0.292949))
({x5}, (0.292949, 0.707051))
({x6}, (0.292949, 0.707051))
({x7}, (0.292949, 0.707051))
({x8}, (0.292949, 0.707051))
({x9}, (0.292949, 0.707051))
Exact MAP factor marginals:
({x0}, (0.707051, 0.292949)) == ({x0}, (0.707051, 0.292949))
({x1}, (0.292949, 0.707051)) == ({x1}, (0.292949, 0.707051))
({x2}, (0.388949, 0.611051)) == ({x2}, (0.388949, 0.611051))
({x3}, (0.292949, 0.707051)) == ({x3}, (0.292949, 0.707051))
({x4}, (0.707051, 0.292949)) == ({x4}, (0.707051, 0.292949))
({x5}, (0.292949, 0.707051)) == ({x5}, (0.292949, 0.707051))
({x6}, (0.292949, 0.707051)) == ({x6}, (0.292949, 0.707051))
({x7}, (0.292949, 0.707051)) == ({x7}, (0.292949, 0.707051))
({x8}, (0.292949, 0.707051)) == ({x8}, (0.292949, 0.707051))
({x9}, (0.292949, 0.707051)) == ({x9}, (0.292949, 0.707051))
({x0, x1}, (0.0258168, 0.283494, 0.684229, 0.00646002)) == ({x0, x1}, (0.0258168, 0.283494, 0.684229, 0.00646002))
({x0, x2}, (0.26652, 0.141287, 0.41871, 0.173483)) == ({x0, x2}, (0.26652, 0.141287, 0.41871, 0.173483))
({x0, x3}, (0.111516, 0.257708, 0.621995, 0.00878115)) == ({x0, x3}, (0.111516, 0.257708, 0.621995, 0.00878115))
({x0, x4}, (0.70189, 0.00662676, 0.000672135, 0.290811)) == ({x0, x4}, (0.70189, 0.00662676, 0.000672135, 0.290811))
({x0, x5}, (0.0252869, 0.282001, 0.680625, 0.0120871)) == ({x0, x5}, (0.0252869, 0.282001, 0.680625, 0.0120871))
({x0, x6}, (0.111841, 0.25846, 0.623809, 0.00588958)) == ({x0, x6}, (0.111841, 0.25846, 0.623809, 0.00588958))
({x0, x7}, (0.0141844, 0.277129, 0.668867, 0.0398195)) == ({x0, x7}, (0.0141844, 0.277129, 0.668867, 0.0398195))
({x0, x8}, (0.0258168, 0.283494, 0.684229, 0.00646002)) == ({x0, x8}, (0.0258168, 0.283494, 0.684229, 0.00646002))
({x0, x9}, (0.0258168, 0.283494, 0.684229, 0.00646002)) == ({x0, x9}, (0.0258168, 0.283494, 0.684229, 0.00646002))
({x1, x2}, (0.141287, 0.26652, 0.173483, 0.41871)) == ({x1, x2}, (0.141287, 0.26652, 0.173483, 0.41871))
({x1, x3}, (0.257708, 0.111516, 0.00878115, 0.621995)) == ({x1, x3}, (0.257708, 0.111516, 0.00878115, 0.621995))
({x1, x4}, (0.025905, 0.686566, 0.284462, 0.00306752)) == ({x1, x4}, (0.025905, 0.686566, 0.284462, 0.00306752))
({x1, x5}, (0.278219, 0.0249477, 0.0253364, 0.671497)) == ({x1, x5}, (0.278219, 0.0249477, 0.0253364, 0.671497))
({x1, x6}, (0.258925, 0.112042, 0.00410177, 0.624931)) == ({x1, x6}, (0.258925, 0.112042, 0.00410177, 0.624931))
({x1, x7}, (0.277129, 0.0141844, 0.0398195, 0.668867)) == ({x1, x7}, (0.277129, 0.0141844, 0.0398195, 0.668867))
({x1, x8}, (0.290576, 0.00233094, 0.00577181, 0.701322)) == ({x1, x8}, (0.290576, 0.00233094, 0.00577181, 0.701322))
({x1, x9}, (0.290907, 0.0023336, 0.00463636, 0.702123)) == ({x1, x9}, (0.290907, 0.0023336, 0.00463636, 0.702123))
({x2, x3}, (0.141287, 0.173483, 0.26652, 0.41871)) == ({x2, x3}, (0.141287, 0.173483, 0.26652, 0.41871))
({x2, x4}, (0.26652, 0.41871, 0.141287, 0.173483)) == ({x2, x4}, (0.26652, 0.41871, 0.141287, 0.173483))
({x2, x5}, (0.141287, 0.173483, 0.26652, 0.41871)) == ({x2, x5}, (0.141287, 0.173483, 0.26652, 0.41871))
({x2, x6}, (0.141287, 0.173483, 0.26652, 0.41871)) == ({x2, x6}, (0.141287, 0.173483, 0.26652, 0.41871))
({x2, x7}, (0.141287, 0.173483, 0.26652, 0.41871)) == ({x2, x7}, (0.141287, 0.173483, 0.26652, 0.41871))
({x2, x8}, (0.141287, 0.173483, 0.26652, 0.41871)) == ({x2, x8}, (0.141287, 0.173483, 0.26652, 0.41871))
({x2, x9}, (0.141287, 0.173483, 0.26652, 0.41871)) == ({x2, x9}, (0.141287, 0.173483, 0.26652, 0.41871))
({x3, x4}, (0.111516, 0.621995, 0.257708, 0.00878115)) == ({x3, x4}, (0.111516, 0.621995, 0.257708, 0.00878115))
({x3, x5}, (0.254068, 0.0227822, 0.109941, 0.613209)) == ({x3, x5}, (0.254068, 0.0227822, 0.109941, 0.613209))
({x3, x6}, (0.27161, 0.0259093, 0.0469326, 0.655548)) == ({x3, x6}, (0.27161, 0.0259093, 0.0469326, 0.655548))
({x3, x7}, (0.256577, 0.0131324, 0.111026, 0.619264)) == ({x3, x7}, (0.256577, 0.0131324, 0.111026, 0.619264))
({x3, x8}, (0.257708, 0.00878115, 0.111516, 0.621995)) == ({x3, x8}, (0.257708, 0.00878115, 0.111516, 0.621995))
({x3, x9}, (0.257708, 0.00878115, 0.111516, 0.621995)) == ({x3, x9}, (0.257708, 0.00878115, 0.111516, 0.621995))
({x4, x5}, (0.0252869, 0.282001, 0.680625, 0.0120871)) == ({x4, x5}, (0.0252869, 0.282001, 0.680625, 0.0120871))
({x4, x6}, (0.112124, 0.259113, 0.625384, 0.00338006)) == ({x4, x6}, (0.112124, 0.259113, 0.625384, 0.00338006))
({x4, x7}, (0.0141844, 0.277129, 0.668867, 0.0398195)) == ({x4, x7}, (0.0141844, 0.277129, 0.668867, 0.0398195))
({x4, x8}, (0.025905, 0.284462, 0.686566, 0.00306752)) == ({x4, x8}, (0.025905, 0.284462, 0.686566, 0.00306752))
({x4, x9}, (0.025905, 0.284462, 0.686566, 0.00306752)) == ({x4, x9}, (0.025905, 0.284462, 0.686566, 0.00306752))
({x5, x6}, (0.254068, 0.109941, 0.0227822, 0.613209)) == ({x5, x6}, (0.254068, 0.109941, 0.0227822, 0.613209))
({x5, x7}, (0.277129, 0.0141844, 0.0398195, 0.668867)) == ({x5, x7}, (0.277129, 0.0141844, 0.0398195, 0.668867))
({x5, x8}, (0.278219, 0.0253364, 0.0249477, 0.671497)) == ({x5, x8}, (0.278219, 0.0253364, 0.0249477, 0.671497))
({x5, x9}, (0.278219, 0.0253364, 0.0249477, 0.671497)) == ({x5, x9}, (0.278219, 0.0253364, 0.0249477, 0.671497))
({x6, x7}, (0.256577, 0.0131324, 0.111026, 0.619264)) == ({x6, x7}, (0.256577, 0.0131324, 0.111026, 0.619264))
({x6, x8}, (0.259113, 0.00338006, 0.112124, 0.625384)) == ({x6, x8}, (0.259113, 0.00338006, 0.112124, 0.625384))
({x6, x9}, (0.259113, 0.00338006, 0.112124, 0.625384)) == ({x6, x9}, (0.259113, 0.00338006, 0.112124, 0.625384))
({x7, x8}, (0.277129, 0.0398195, 0.0141844, 0.668867)) == ({x7, x8}, (0.277129, 0.0398195, 0.0141844, 0.668867))
({x7, x9}, (0.277129, 0.0398195, 0.0141844, 0.668867)) == ({x7, x9}, (0.277129, 0.0398195, 0.0141844, 0.668867))
({x8, x9}, (0.291186, 0.00578394, 0.00023527, 0.702795)) == ({x8, x9}, (0.291186, 0.00578394, 0.00023527, 0.702795))
Exact MAP state (log score = 23.7499):
x0: 0
x1: 1
x2: 1
x3: 1
x4: 0
x5: 1
x6: 1
x7: 1
x8: 1
x9: 1
