Builtin inference algorithms: {BP, EXACT, FBP, JTREE, TRWBP}

Exact variable marginals:
({x0}, (0.105539, 0.894461))
({x1}, (0.938238, 0.0617622))
({x2}, (0.606907, 0.393093))
({x3}, (0.93959, 0.06041))
({x4}, (0.518337, 0.481663))
({x5}, (0.658679, 0.341321))
({x6}, (0.277859, 0.722141))
({x7}, (0.132674, 0.867326))
({x8}, (0.0949536, 0.905046))
({x9}, (0.884869, 0.115131))
Exact factor marginals:
({x0}, (0.105539, 0.894461))
({x1}, (0.938238, 0.0617622))
({x2}, (0.606907, 0.393093))
({x3}, (0.93959, 0.06041))
({x4}, (0.518337, 0.481663))
({x5}, (0.658679, 0.341321))
({x6}, (0.277859, 0.722141))
({x7}, (0.132674, 0.867326))
({x8}, (0.0949536, 0.905046))
({x9}, (0.884869, 0.115131))
({x0, x1}, (0.0849981, 0.85324, 0.0205413, 0.0412209))
({x0, x2}, (0.0650702, 0.541836, 0.0404692, 0.352624))
({x0, x3}, (0.0944165, 0.845173, 0.0111228, 0.0492872))
({x0, x4}, (0.0459734, 0.472364, 0.059566, 0.422097))
({x0, x5}, (0.0671609, 0.591518, 0.0383785, 0.302942))
({x0, x6}, (0.0319022, 0.245957, 0.0736372, 0.648504))
({x0, x7}, (0.0367554, 0.0959181, 0.0687839, 0.798543))
({x0, x8}, (0.0239983, 0.0709553, 0.0815411, 0.823505))
({x0, x9}, (0.100221, 0.784648, 0.00531865, 0.109813))
({x1, x2}, (0.556535, 0.0503716, 0.381703, 0.0113906))
({x1, x3}, (0.886053, 0.0535369, 0.0521848, 0.00822527))
({x1, x4}, (0.491069, 0.0272677, 0.447169, 0.0344944))
({x1, x5}, (0.613474, 0.0452052, 0.324764, 0.016557))
({x1, x6}, (0.241361, 0.0364979, 0.696877, 0.0252643))
({x1, x7}, (0.113347, 0.0193267, 0.824891, 0.0424354))
({x1, x8}, (0.0834102, 0.0115434, 0.854828, 0.0502188))
({x1, x9}, (0.838102, 0.0467664, 0.100135, 0.0149958))
({x2, x3}, (0.577174, 0.362416, 0.0297329, 0.0306771))
({x2, x4}, (0.303163, 0.215174, 0.303744, 0.177919))
({x2, x5}, (0.34513, 0.31355, 0.261777, 0.0795438))
({x2, x6}, (0.149853, 0.128006, 0.457054, 0.265087))
({x2, x7}, (0.114557, 0.0181163, 0.492349, 0.374977))
({x2, x8}, (0.0626574, 0.0322962, 0.544249, 0.360797))
({x2, x9}, (0.518958, 0.365911, 0.0879489, 0.0271823))
({x3, x4}, (0.49941, 0.018927, 0.44018, 0.041483))
({x3, x5}, (0.615914, 0.0427655, 0.323676, 0.0176446))
({x3, x6}, (0.268173, 0.00968586, 0.671417, 0.0507242))
({x3, x7}, (0.115279, 0.0173947, 0.824311, 0.0430154))
({x3, x8}, (0.0793204, 0.0156332, 0.86027, 0.0447768))
({x3, x9}, (0.846441, 0.0384281, 0.0931493, 0.0219819))
({x4, x5}, (0.323767, 0.334912, 0.19457, 0.146751))
({x4, x6}, (0.083631, 0.194228, 0.434706, 0.287435))
({x4, x7}, (0.0657618, 0.0669117, 0.452575, 0.414751))
({x4, x8}, (0.0170076, 0.077946, 0.501329, 0.403717))
({x4, x9}, (0.467986, 0.416883, 0.0503513, 0.0647798))
({x5, x6}, (0.245455, 0.0324043, 0.413225, 0.308916))
({x5, x7}, (0.0829451, 0.0497284, 0.575734, 0.291592))
({x5, x8}, (0.0735247, 0.0214289, 0.585155, 0.319892))
({x5, x9}, (0.60209, 0.282778, 0.0565888, 0.0585424))
({x6, x7}, (0.0632635, 0.0694101, 0.214596, 0.652731))
({x6, x8}, (0.025707, 0.0692466, 0.252152, 0.652894))
({x6, x9}, (0.252046, 0.632823, 0.0258135, 0.0893177))
({x7, x8}, (0.0348116, 0.0601419, 0.0978619, 0.807185))
({x7, x9}, (0.103146, 0.781723, 0.0295277, 0.0856035))
({x8, x9}, (0.0803232, 0.804546, 0.0146304, 0.100501))
Exact log partition sum: 8.97229
Exact MAP variable marginals:
({x0}, (0.0741862, 0.925814))
({x1}, (0.947743, 0.0522569))
({x2}, (0.474277, 0.525723))
({x3}, (0.950502, 0.0494981))
({x4}, (0.630893, 0.369107))
({x5}, (0.530678, 0.469322))
({x6}, (0.369107, 0.630893))
({x7}, (0.0968278, 0.903172))
({x8}, (0.0991845, 0.900815))
({x9}, (0.878127, 0.121873))
Exact MAP factor marginals:
({x0}, (0.0741862, 0.925814)) == ({x0}, (0.0741862, 0.925814))
({x1}, (0.947743, 0.0522569)) == ({x1}, (0.947743, 0.0522569))
({x2}, (0.474277, 0.525723)) == ({x2}, (0.474277, 0.525723))
({x3}, (0.950502, 0.0494981)) == ({x3}, (0.950502, 0.0494981))
({x4}, (0.630893, 0.369107)) == ({x4}, (0.630893, 0.369107))
({x5}, (0.530678, 0.469322)) == ({x5}, (0.530678, 0.469322))
({x6}, (0.369107, 0.630893)) == ({x6}, (0.369107, 0.630893))
({x7}, (0.0968278, 0.903172)) == ({x7}, (0.0968278, 0.903172))
({x8}, (0.0991845, 0.900815)) == ({x8}, (0.0991845, 0.900815))
({x9}, (0.878127, 0.121873)) == ({x9}, (0.878127, 0.121873))
({x0, x1}, (0.0695963, 0.868534, 0.0139801, 0.0478895)) == ({x0, x1}, (0.0695963, 0.868534, 0.0139801, 0.0478895))
({x0, x2}, (0.0294667, 0.441695, 0.0392325, 0.489606)) == ({x0, x2}, (0.0294667, 0.441695, 0.0392325, 0.489606))
({x0, x3}, (0.0702297, 0.876439, 0.00769049, 0.0456412)) == ({x0, x3}, (0.0702297, 0.876439, 0.00769049, 0.0456412))
({x0, x4}, (0.0465427, 0.580834, 0.0328037, 0.339819)) == ({x0, x4}, (0.0465427, 0.580834, 0.0328037, 0.339819))
({x0, x5}, (0.0395767, 0.493901, 0.0297251, 0.436797)) == ({x0, x5}, (0.0395767, 0.493901, 0.0297251, 0.436797))
({x0, x6}, (0.0248961, 0.342598, 0.0469232, 0.585583)) == ({x0, x6}, (0.0248961, 0.342598, 0.0469232, 0.585583))
({x0, x7}, (0.0303887, 0.0875492, 0.0654368, 0.816625)) == ({x0, x7}, (0.0303887, 0.0875492, 0.0654368, 0.816625))
({x0, x8}, (0.0160783, 0.0910197, 0.066241, 0.826661)) == ({x0, x8}, (0.0160783, 0.0910197, 0.066241, 0.826661))
({x0, x9}, (0.06561, 0.818786, 0.00196664, 0.113637)) == ({x0, x9}, (0.06561, 0.818786, 0.00196664, 0.113637))
({x1, x2}, (0.456571, 0.0279053, 0.506096, 0.00942778)) == ({x1, x2}, (0.456571, 0.0279053, 0.506096, 0.00942778))
({x1, x3}, (0.900553, 0.0496549, 0.0468969, 0.00289531)) == ({x1, x3}, (0.900553, 0.0496549, 0.0468969, 0.00289531))
({x1, x4}, (0.598784, 0.0178792, 0.350321, 0.0330159)) == ({x1, x4}, (0.598784, 0.0178792, 0.350321, 0.0330159))
({x1, x5}, (0.509395, 0.0280872, 0.4505, 0.0120174)) == ({x1, x5}, (0.509395, 0.0280872, 0.4505, 0.0120174))
({x1, x6}, (0.350522, 0.0330349, 0.599128, 0.0173145)) == ({x1, x6}, (0.350522, 0.0330349, 0.599128, 0.0173145))
({x1, x7}, (0.0909747, 0.0136589, 0.848577, 0.0467891)) == ({x1, x7}, (0.0909747, 0.0136589, 0.848577, 0.0467891))
({x1, x8}, (0.0932037, 0.0136254, 0.846497, 0.0466743)) == ({x1, x8}, (0.0932037, 0.0136254, 0.846497, 0.0466743))
({x1, x9}, (0.827954, 0.045652, 0.11491, 0.0114841)) == ({x1, x9}, (0.827954, 0.045652, 0.11491, 0.0114841))
({x2, x3}, (0.45626, 0.505751, 0.0116514, 0.0263374)) == ({x2, x3}, (0.45626, 0.505751, 0.0116514, 0.0263374))
({x2, x4}, (0.296115, 0.328235, 0.183616, 0.192035)) == ({x2, x4}, (0.296115, 0.328235, 0.183616, 0.192035))
({x2, x5}, (0.286285, 0.317339, 0.280648, 0.115728)) == ({x2, x5}, (0.286285, 0.317339, 0.280648, 0.115728))
({x2, x6}, (0.153146, 0.199202, 0.307166, 0.340485)) == ({x2, x6}, (0.153146, 0.199202, 0.307166, 0.340485))
({x2, x7}, (0.0526818, 0.0126147, 0.443309, 0.491395)) == ({x2, x7}, (0.0526818, 0.0126147, 0.443309, 0.491395))
({x2, x8}, (0.0525541, 0.0395375, 0.4306, 0.477308)) == ({x2, x8}, (0.0525541, 0.0395375, 0.4306, 0.477308))
({x2, x9}, (0.432638, 0.479568, 0.066558, 0.021236)) == ({x2, x9}, (0.432638, 0.479568, 0.066558, 0.021236))
({x3, x4}, (0.593201, 0.0288535, 0.347054, 0.0308913)) == ({x3, x4}, (0.593201, 0.0288535, 0.347054, 0.0308913))
({x3, x5}, (0.51151, 0.0266372, 0.45237, 0.00948298)) == ({x3, x5}, (0.51151, 0.0266372, 0.45237, 0.00948298))
({x3, x6}, (0.353793, 0.00999869, 0.604718, 0.0314911)) == ({x3, x6}, (0.353793, 0.00999869, 0.604718, 0.0314911))
({x3, x7}, (0.0918354, 0.00695132, 0.856605, 0.0446083)) == ({x3, x7}, (0.0918354, 0.00695132, 0.856605, 0.0446083))
({x3, x8}, (0.0931643, 0.0166343, 0.846138, 0.0440632)) == ({x3, x8}, (0.0931643, 0.0166343, 0.846138, 0.0440632))
({x3, x9}, (0.826855, 0.043059, 0.114757, 0.0153292)) == ({x3, x9}, (0.826855, 0.043059, 0.114757, 0.0153292))
({x4, x5}, (0.33016, 0.193161, 0.291987, 0.184692)) == ({x4, x5}, (0.33016, 0.193161, 0.291987, 0.184692))
({x4, x6}, (0.124806, 0.238772, 0.408119, 0.228303)) == ({x4, x6}, (0.124806, 0.238772, 0.408119, 0.228303))
({x4, x7}, (0.0599615, 0.0535215, 0.559298, 0.327219)) == ({x4, x7}, (0.0599615, 0.0535215, 0.559298, 0.327219))
({x4, x8}, (0.0178137, 0.0637957, 0.579406, 0.338984)) == ({x4, x8}, (0.0178137, 0.0637957, 0.579406, 0.338984))
({x4, x9}, (0.538662, 0.315146, 0.0747596, 0.0714324)) == ({x4, x9}, (0.538662, 0.315146, 0.0747596, 0.0714324))
({x5, x6}, (0.229883, 0.0296943, 0.392926, 0.347497)) == ({x5, x6}, (0.229883, 0.0296943, 0.392926, 0.347497))
({x5, x7}, (0.0458462, 0.0513627, 0.479091, 0.4237)) == ({x5, x7}, (0.0458462, 0.0513627, 0.479091, 0.4237))
({x5, x8}, (0.0539719, 0.0223325, 0.490185, 0.433511)) == ({x5, x8}, (0.0539719, 0.0223325, 0.490185, 0.433511))
({x5, x9}, (0.478283, 0.422984, 0.0323534, 0.0663797)) == ({x5, x9}, (0.478283, 0.422984, 0.0323534, 0.0663797))
({x6, x7}, (0.0535215, 0.0599615, 0.327219, 0.559298)) == ({x6, x7}, (0.0535215, 0.0599615, 0.327219, 0.559298))
({x6, x8}, (0.0229869, 0.0634597, 0.337199, 0.576355)) == ({x6, x8}, (0.0229869, 0.0634597, 0.337199, 0.576355))
({x6, x9}, (0.332621, 0.568531, 0.0199426, 0.0789051)) == ({x6, x9}, (0.332621, 0.568531, 0.0199426, 0.0789051))
({x7, x8}, (0.0292126, 0.0878071, 0.085497, 0.797483)) == ({x7, x8}, (0.0292126, 0.0878071, 0.085497, 0.797483))
({x7, x9}, (0.0831146, 0.775261, 0.0340281, 0.107597)) == ({x7, x9}, (0.0831146, 0.775261, 0.0340281, 0.107597))
({x8, x9}, (0.0873398, 0.79324, 0.00932864, 0.110092)) == ({x8, x9}, (0.0873398, 0.79324, 0.00932864, 0.110092))
Exact MAP state (log score = 6.64953):
x0: 1
x1: 0
x2: 1
x3: 0
x4: 0
x5: 0
x6: 1
x7: 1
x8: 1
x9: 0
