Builtin inference algorithms: {BP, EXACT, FBP, JTREE, TRWBP}

Exact variable marginals:
({x0}, (0.0186863, 0.981314))
({x1}, (0.997762, 0.00223765))
({x2}, (0.990364, 0.00963608))
({x3}, (0.949962, 0.0500381))
({x4}, (0.828612, 0.171388))
({x5}, (0.916661, 0.083339))
({x6}, (0.0689468, 0.931053))
({x7}, (0.908159, 0.0918406))
({x8}, (0.998747, 0.00125319))
({x9}, (0.00120057, 0.998799))
Exact factor marginals:
({x0}, (0.0186863, 0.981314))
({x1}, (0.997762, 0.00223765))
({x2}, (0.990364, 0.00963608))
({x3}, (0.949962, 0.0500381))
({x4}, (0.828612, 0.171388))
({x5}, (0.916661, 0.083339))
({x6}, (0.0689468, 0.931053))
({x7}, (0.908159, 0.0918406))
({x8}, (0.998747, 0.00125319))
({x9}, (0.00120057, 0.998799))
({x0, x1}, (0.0176275, 0.980135, 0.00105882, 0.00117883))
({x0, x2}, (0.0150981, 0.975266, 0.00358822, 0.00604787))
({x0, x3}, (0.0166335, 0.933328, 0.00205274, 0.0479854))
({x0, x4}, (0.0171904, 0.811422, 0.00149584, 0.169892))
({x0, x5}, (0.0137515, 0.90291, 0.00493474, 0.0784042))
({x0, x6}, (0.00422857, 0.0647182, 0.0144577, 0.916596))
({x0, x7}, (0.0180632, 0.890096, 0.000623101, 0.0912175))
({x0, x8}, (0.0175156, 0.981231, 0.00117065, 8.2547e-05))
({x0, x9}, (0.00117928, 2.12888e-05, 0.017507, 0.981292))
({x1, x2}, (0.989473, 0.000891285, 0.00828972, 0.00134636))
({x1, x3}, (0.948871, 0.00109073, 0.0488912, 0.00114692))
({x1, x4}, (0.82708, 0.0015323, 0.170683, 0.000705346))
({x1, x5}, (0.915431, 0.00122959, 0.0823309, 0.00100806))
({x1, x6}, (0.0682889, 0.000657843, 0.929473, 0.0015798))
({x1, x7}, (0.90734, 0.000819017, 0.090422, 0.00141863))
({x1, x8}, (0.997573, 0.00117351, 0.000189057, 0.00106414))
({x1, x9}, (0.000140737, 0.00105983, 0.997622, 0.00117782))
({x2, x3}, (0.942649, 0.00731333, 0.0477154, 0.00232276))
({x2, x4}, (0.819569, 0.00904274, 0.170795, 0.00059334))
({x2, x5}, (0.912833, 0.00382794, 0.0775308, 0.00580814))
({x2, x6}, (0.0658797, 0.0030671, 0.924484, 0.00656898))
({x2, x7}, (0.902849, 0.00531088, 0.0875154, 0.0043252))
({x2, x8}, (0.990179, 0.00856827, 0.00018538, 0.00106781))
({x2, x9}, (8.5255e-05, 0.00111531, 0.990279, 0.00852077))
({x3, x4}, (0.779166, 0.0494459, 0.170796, 0.000592286))
({x3, x5}, (0.872602, 0.0440586, 0.0773595, 0.00597949))
({x3, x6}, (0.0682842, 0.000662585, 0.881678, 0.0493756))
({x3, x7}, (0.860773, 0.0473862, 0.0891886, 0.00265195))
({x3, x8}, (0.949767, 0.0489797, 0.000194771, 0.00105842))
({x3, x9}, (0.000120029, 0.00108054, 0.949842, 0.0489576))
({x4, x5}, (0.749217, 0.167444, 0.079395, 0.00394399))
({x4, x6}, (0.0596353, 0.00931148, 0.768977, 0.162076))
({x4, x7}, (0.737243, 0.170916, 0.0913688, 0.000471776))
({x4, x8}, (0.828105, 0.170642, 0.000507266, 0.000745928))
({x4, x9}, (0.000543799, 0.000656768, 0.828068, 0.170731))
({x5, x6}, (0.0587243, 0.0102224, 0.857937, 0.0731165))
({x5, x7}, (0.834818, 0.073341, 0.0818426, 0.00999796))
({x5, x8}, (0.916548, 0.0821983, 0.00011256, 0.00114063))
({x5, x9}, (5.26049e-05, 0.00114796, 0.916608, 0.082191))
({x6, x7}, (0.0145728, 0.893587, 0.054374, 0.0374666))
({x6, x8}, (0.0682219, 0.930525, 0.000724912, 0.000528282))
({x6, x9}, (0.000739174, 0.000461393, 0.0682076, 0.930592))
({x7, x8}, (0.907421, 0.0913263, 0.000738901, 0.000514293))
({x7, x9}, (0.000658051, 0.000542516, 0.907501, 0.0912981))
({x8, x9}, (4.85143e-05, 0.00115205, 0.998698, 0.000101142))
Exact log partition sum: 23.2746
Exact MAP variable marginals:
({x0}, (0.0158312, 0.984169))
({x1}, (0.999161, 0.000839212))
({x2}, (0.998025, 0.00197541))
({x3}, (0.936908, 0.0630922))
({x4}, (0.793986, 0.206014))
({x5}, (0.910989, 0.0890105))
({x6}, (0.0691414, 0.930859))
({x7}, (0.930859, 0.0691414))
({x8}, (0.999383, 0.00061701))
({x9}, (0.00061701, 0.999383))
Exact MAP factor marginals:
({x0}, (0.0158312, 0.984169)) == ({x0}, (0.0158312, 0.984169))
({x1}, (0.999161, 0.000839212)) == ({x1}, (0.999161, 0.000839212))
({x2}, (0.998025, 0.00197541)) == ({x2}, (0.998025, 0.00197541))
({x3}, (0.936908, 0.0630922)) == ({x3}, (0.936908, 0.0630922))
({x4}, (0.793986, 0.206014)) == ({x4}, (0.793986, 0.206014))
({x5}, (0.910989, 0.0890105)) == ({x5}, (0.910989, 0.0890105))
({x6}, (0.0691414, 0.930859)) == ({x6}, (0.0691414, 0.930859))
({x7}, (0.930859, 0.0691414)) == ({x7}, (0.930859, 0.0691414))
({x8}, (0.999383, 0.00061701)) == ({x8}, (0.999383, 0.00061701))
({x9}, (0.00061701, 0.999383)) == ({x9}, (0.00061701, 0.999383))
({x0, x1}, (0.0158085, 0.982759, 0.000606747, 0.000825436)) == ({x0, x1}, (0.0158085, 0.982759, 0.000606747, 0.000825436))
({x0, x2}, (0.0157742, 0.980625, 0.0016596, 0.00194097)) == ({x0, x2}, (0.0157742, 0.980625, 0.0016596, 0.00194097))
({x0, x3}, (0.0148355, 0.922268, 0.000789756, 0.0621064)) == ({x0, x3}, (0.0148355, 0.922268, 0.000789756, 0.0621064))
({x0, x4}, (0.0126022, 0.783433, 0.000688554, 0.203276)) == ({x0, x4}, (0.0126022, 0.783433, 0.000688554, 0.203276))
({x0, x5}, (0.0144144, 0.896095, 0.00193511, 0.0875552)) == ({x0, x5}, (0.0144144, 0.896095, 0.00193511, 0.0875552))
({x0, x6}, (0.00257801, 0.0679458, 0.0147147, 0.914761)) == ({x0, x6}, (0.00257801, 0.0679458, 0.0147147, 0.914761))
({x0, x7}, (0.0147444, 0.916607, 0.000565905, 0.0680829)) == ({x0, x7}, (0.0147444, 0.916607, 0.000565905, 0.0680829))
({x0, x8}, (0.0158207, 0.983516, 0.000607214, 5.56978e-05)) == ({x0, x8}, (0.0158207, 0.983516, 0.000607214, 5.56978e-05))
({x0, x9}, (0.000607244, 7.45961e-06, 0.0158214, 0.983564)) == ({x0, x9}, (0.000607244, 7.45961e-06, 0.0158214, 0.983564))
({x1, x2}, (0.996575, 0.00083704, 0.00197254, 0.000615277)) == ({x1, x2}, (0.996575, 0.00083704, 0.00197254, 0.000615277))
({x1, x3}, (0.93563, 0.000785851, 0.0630062, 0.00057765)) == ({x1, x3}, (0.93563, 0.000785851, 0.0630062, 0.00057765))
({x1, x4}, (0.793154, 0.000666183, 0.205798, 0.000381078)) == ({x1, x4}, (0.793154, 0.000666183, 0.205798, 0.000381078))
({x1, x5}, (0.909782, 0.000764141, 0.0888925, 0.000561691)) == ({x1, x5}, (0.909782, 0.000764141, 0.0888925, 0.000561691))
({x1, x6}, (0.0690478, 0.000573925, 0.929598, 0.000780784)) == ({x1, x6}, (0.0690478, 0.000573925, 0.929598, 0.000780784))
({x1, x7}, (0.929716, 0.00044669, 0.0690566, 0.000780884)) == ({x1, x7}, (0.929716, 0.00044669, 0.0690566, 0.000780884))
({x1, x8}, (0.998487, 0.000838646, 5.77416e-05, 0.000616457)) == ({x1, x8}, (0.998487, 0.000838646, 5.77416e-05, 0.000616457))
({x1, x9}, (5.77416e-05, 0.000616457, 0.998487, 0.000838646)) == ({x1, x9}, (5.77416e-05, 0.000616457, 0.998487, 0.000838646))
({x2, x3}, (0.934634, 0.00184994, 0.0629391, 0.000577035)) == ({x2, x3}, (0.934634, 0.00184994, 0.0629391, 0.000577035))
({x2, x4}, (0.792438, 0.00156849, 0.205613, 0.000380734)) == ({x2, x4}, (0.792438, 0.00156849, 0.205613, 0.000380734))
({x2, x5}, (0.908303, 0.00115125, 0.088748, 0.00179782)) == ({x2, x5}, (0.908303, 0.00115125, 0.088748, 0.00179782))
({x2, x6}, (0.0689059, 0.00183619, 0.927688, 0.00157001)) == ({x2, x6}, (0.0689059, 0.00183619, 0.927688, 0.00157001))
({x2, x7}, (0.927688, 0.00157001, 0.0689059, 0.00183619)) == ({x2, x7}, (0.927688, 0.00157001, 0.0689059, 0.00183619))
({x2, x8}, (0.997352, 0.00197408, 5.7676e-05, 0.000615757)) == ({x2, x8}, (0.997352, 0.00197408, 5.7676e-05, 0.000615757))
({x2, x9}, (5.7676e-05, 0.000615757, 0.997352, 0.00197408)) == ({x2, x9}, (5.7676e-05, 0.000615757, 0.997352, 0.00197408))
({x3, x4}, (0.753415, 0.0507357, 0.195487, 0.000361985)) == ({x3, x4}, (0.753415, 0.0507357, 0.195487, 0.000361985))
({x3, x5}, (0.853377, 0.0574672, 0.0833813, 0.00577492)) == ({x3, x5}, (0.853377, 0.0574672, 0.0833813, 0.00577492))
({x3, x6}, (0.0650278, 0.000540511, 0.875476, 0.0589554)) == ({x3, x6}, (0.0650278, 0.000540511, 0.875476, 0.0589554))
({x3, x7}, (0.873917, 0.0588504, 0.064912, 0.00232046)) == ({x3, x7}, (0.873917, 0.0588504, 0.064912, 0.00232046))
({x3, x8}, (0.936315, 0.0630523, 5.41463e-05, 0.000578073)) == ({x3, x8}, (0.936315, 0.0630523, 5.41463e-05, 0.000578073))
({x3, x9}, (5.41463e-05, 0.000578073, 0.936315, 0.0630523)) == ({x3, x9}, (5.41463e-05, 0.000578073, 0.936315, 0.0630523))
({x4, x5}, (0.73431, 0.19053, 0.0717476, 0.00341226)) == ({x4, x5}, (0.73431, 0.19053, 0.0717476, 0.00341226))
({x4, x6}, (0.0551739, 0.00927838, 0.742812, 0.192736)) == ({x4, x6}, (0.0551739, 0.00927838, 0.742812, 0.192736))
({x4, x7}, (0.74944, 0.194456, 0.0556662, 0.000437995)) == ({x4, x7}, (0.74944, 0.194456, 0.0556662, 0.000437995))
({x4, x8}, (0.793294, 0.205835, 0.000489773, 0.000381145)) == ({x4, x8}, (0.793294, 0.205835, 0.000489773, 0.000381145))
({x4, x9}, (0.000489773, 0.000381145, 0.793294, 0.205835)) == ({x4, x9}, (0.000489773, 0.000381145, 0.793294, 0.205835))
({x5, x6}, (0.0628415, 0.00845176, 0.846042, 0.0826647)) == ({x5, x6}, (0.0628415, 0.00845176, 0.846042, 0.0826647))
({x5, x7}, (0.846042, 0.0826647, 0.0628415, 0.00845176)) == ({x5, x7}, (0.846042, 0.0826647, 0.0628415, 0.00845176))
({x5, x8}, (0.91043, 0.0889559, 5.15588e-05, 0.000562092)) == ({x5, x8}, (0.91043, 0.0889559, 5.15588e-05, 0.000562092))
({x5, x9}, (3.4002e-05, 0.000562102, 0.910446, 0.0889575)) == ({x5, x9}, (3.4002e-05, 0.000562102, 0.910446, 0.0889575))
({x6, x7}, (0.0109666, 0.877966, 0.0652127, 0.0458549)) == ({x6, x7}, (0.0109666, 0.877966, 0.0652127, 0.0458549))
({x6, x8}, (0.0690709, 0.929908, 0.000574117, 0.000446783)) == ({x6, x8}, (0.0690709, 0.929908, 0.000574117, 0.000446783))
({x6, x9}, (0.000574117, 0.000446783, 0.0690709, 0.929908)) == ({x6, x9}, (0.000574117, 0.000446783, 0.0690709, 0.929908))
({x7, x8}, (0.929908, 0.0690709, 0.000446783, 0.000574117)) == ({x7, x8}, (0.929908, 0.0690709, 0.000446783, 0.000574117))
({x7, x9}, (0.000446783, 0.000574117, 0.929908, 0.0690709)) == ({x7, x9}, (0.000446783, 0.000574117, 0.929908, 0.0690709))
({x8, x9}, (1.54234e-05, 0.000616966, 0.999311, 5.65923e-05)) == ({x8, x9}, (1.54234e-05, 0.000616966, 0.999311, 5.65923e-05))
Exact MAP state (log score = 22.781):
x0: 1
x1: 0
x2: 0
x3: 0
x4: 0
x5: 0
x6: 1
x7: 0
x8: 0
x9: 1
