Builtin inference algorithms: {BP, EXACT, FBP, JTREE, TRWBP}

Exact variable marginals:
({x0}, (0.399534, 0.600466))
({x1}, (0.999547, 0.000453343))
({x2}, (0.00642562, 0.993574))
({x3}, (0.994195, 0.00580452))
({x4}, (0.00608897, 0.993911))
({x5}, (0.99345, 0.00655039))
({x6}, (0.997435, 0.00256493))
({x7}, (0.990779, 0.0092215))
({x8}, (0.0599232, 0.940077))
({x9}, (0.00297307, 0.997027))
Exact factor marginals:
({x0}, (0.399534, 0.600466))
({x1}, (0.999547, 0.000453343))
({x2}, (0.00642562, 0.993574))
({x3}, (0.994195, 0.00580452))
({x4}, (0.00608897, 0.993911))
({x5}, (0.99345, 0.00655039))
({x6}, (0.997435, 0.00256493))
({x7}, (0.990779, 0.0092215))
({x8}, (0.0599232, 0.940077))
({x9}, (0.00297307, 0.997027))
({x0, x1}, (0.399443, 0.600103, 9.02608e-05, 0.000363082))
({x0, x2}, (0.000170179, 0.00625544, 0.399364, 0.594211))
({x0, x3}, (0.395238, 0.598957, 0.00429534, 0.00150918))
({x0, x4}, (0.00135165, 0.00473731, 0.398182, 0.595729))
({x0, x5}, (0.398183, 0.595267, 0.00135086, 0.00519953))
({x0, x6}, (0.399304, 0.598131, 0.000229475, 0.00233546))
({x0, x7}, (0.398061, 0.592718, 0.00147291, 0.00774859))
({x0, x8}, (0.0111653, 0.0487579, 0.388368, 0.551708))
({x0, x9}, (7.88431e-05, 0.00289423, 0.399455, 0.597572))
({x1, x2}, (0.00605256, 0.00037306, 0.993494, 8.02833e-05))
({x1, x3}, (0.994083, 0.000112954, 0.00546413, 0.000340389))
({x1, x4}, (0.00577194, 0.000317023, 0.993775, 0.00013632))
({x1, x5}, (0.993313, 0.000136709, 0.00623376, 0.000316634))
({x1, x6}, (0.997319, 0.00011592, 0.00222751, 0.000337423))
({x1, x7}, (0.990643, 0.00013584, 0.008904, 0.000317503))
({x1, x8}, (0.0596639, 0.000259256, 0.939883, 0.000194087))
({x1, x9}, (0.00257766, 0.000395406, 0.996969, 5.79375e-05))
({x2, x3}, (0.00476722, 0.989428, 0.0016584, 0.00414612))
({x2, x4}, (0.000333577, 0.00575539, 0.00609204, 0.987819))
({x2, x5}, (0.00617555, 0.987274, 0.000250061, 0.00630033))
({x2, x6}, (0.00616776, 0.991267, 0.000257857, 0.00230708))
({x2, x7}, (0.00605095, 0.984728, 0.000374663, 0.00884684))
({x2, x8}, (0.000573992, 0.0593492, 0.00585162, 0.934225))
({x2, x9}, (0.00179459, 0.00117848, 0.00463102, 0.992396))
({x3, x4}, (0.00588483, 0.000204139, 0.988311, 0.00560038))
({x3, x5}, (0.987849, 0.00560011, 0.00634598, 0.000204414))
({x3, x6}, (0.991856, 0.00557893, 0.00233934, 0.000225591))
({x3, x7}, (0.985182, 0.00559676, 0.00901374, 0.000207758))
({x3, x8}, (0.0597443, 0.000178936, 0.934451, 0.00562558))
({x3, x9}, (0.00140655, 0.00156652, 0.992789, 0.004238))
({x4, x5}, (0.000181496, 0.993268, 0.00590747, 0.000642923))
({x4, x6}, (0.0043716, 0.993063, 0.00171737, 0.000847565))
({x4, x7}, (3.55681e-05, 0.990743, 0.0060534, 0.0031681))
({x4, x8}, (0.00600128, 0.0539219, 8.76866e-05, 0.939989))
({x4, x9}, (0.000260701, 0.00271237, 0.00582827, 0.991199))
({x5, x6}, (0.992592, 0.00484303, 0.00085757, 0.00170736))
({x5, x7}, (0.990752, 2.65621e-05, 0.00269767, 0.00652383))
({x5, x8}, (0.0534353, 0.00648788, 0.940014, 6.2513e-05))
({x5, x9}, (0.00270335, 0.000269719, 0.990746, 0.00628068))
({x6, x7}, (0.989957, 0.00082182, 0.00747839, 0.00174311))
({x6, x8}, (0.0581673, 0.00175587, 0.939268, 0.000809063))
({x6, x9}, (0.00261231, 0.00036076, 0.994823, 0.00220417))
({x7, x8}, (0.0516688, 0.00825438, 0.93911, 0.00096712))
({x7, x9}, (0.00258117, 0.000391896, 0.988197, 0.0088296))
({x8, x9}, (0.000208943, 0.00276413, 0.0597142, 0.937313))
Exact log partition sum: 40.2413
Exact MAP variable marginals:
({x0}, (0.413929, 0.586071))
({x1}, (0.999739, 0.00026052))
({x2}, (0.00747663, 0.992523))
({x3}, (0.992535, 0.00746484))
({x4}, (0.00552612, 0.994474))
({x5}, (0.994474, 0.00552612))
({x6}, (0.997624, 0.00237613))
({x7}, (0.994474, 0.00552612))
({x8}, (0.0709421, 0.929058))
({x9}, (0.00217925, 0.997821))
Exact MAP factor marginals:
({x0}, (0.413929, 0.586071)) == ({x0}, (0.413929, 0.586071))
({x1}, (0.999739, 0.00026052)) == ({x1}, (0.999739, 0.00026052))
({x2}, (0.00747663, 0.992523)) == ({x2}, (0.00747663, 0.992523))
({x3}, (0.992535, 0.00746484)) == ({x3}, (0.992535, 0.00746484))
({x4}, (0.00552612, 0.994474)) == ({x4}, (0.00552612, 0.994474))
({x5}, (0.994474, 0.00552612)) == ({x5}, (0.994474, 0.00552612))
({x6}, (0.997624, 0.00237613)) == ({x6}, (0.997624, 0.00237613))
({x7}, (0.994474, 0.00552612)) == ({x7}, (0.994474, 0.00552612))
({x8}, (0.0709421, 0.929058)) == ({x8}, (0.0709421, 0.929058))
({x9}, (0.00217925, 0.997821)) == ({x9}, (0.00217925, 0.997821))
({x0, x1}, (0.413848, 0.585955, 4.44271e-05, 0.000152693)) == ({x0, x1}, (0.413848, 0.585955, 4.44271e-05, 0.000152693))
({x0, x2}, (0.000107756, 0.00439496, 0.412065, 0.583432)) == ({x0, x2}, (0.000107756, 0.00439496, 0.412065, 0.583432))
({x0, x3}, (0.411588, 0.582756, 0.0043829, 0.00127274)) == ({x0, x3}, (0.411588, 0.582756, 0.0043829, 0.00127274))
({x0, x4}, (0.00125279, 0.00324206, 0.412069, 0.583436)) == ({x0, x4}, (0.00125279, 0.00324206, 0.412069, 0.583436))
({x0, x5}, (0.412069, 0.583436, 0.00125279, 0.00324206)) == ({x0, x5}, (0.412069, 0.583436, 0.00125279, 0.00324206))
({x0, x6}, (0.413311, 0.585195, 9.96542e-05, 0.00139381)) == ({x0, x6}, (0.413311, 0.585195, 9.96542e-05, 0.00139381))
({x0, x7}, (0.412069, 0.583436, 0.00125279, 0.00324206)) == ({x0, x7}, (0.412069, 0.583436, 0.00125279, 0.00324206))
({x0, x8}, (0.00993515, 0.0424094, 0.392262, 0.555393)) == ({x0, x8}, (0.00993515, 0.0424094, 0.392262, 0.555393))
({x0, x9}, (3.41357e-05, 0.0012783, 0.413386, 0.585302)) == ({x0, x9}, (3.41357e-05, 0.0012783, 0.413386, 0.585302))
({x1, x2}, (0.00747414, 0.000258554, 0.992192, 7.5228e-05)) == ({x1, x2}, (0.00747414, 0.000258554, 0.992192, 7.5228e-05))
({x1, x3}, (0.992204, 7.52289e-05, 0.00746234, 0.000258557)) == ({x1, x3}, (0.992204, 7.52289e-05, 0.00746234, 0.000258557))
({x1, x4}, (0.00552388, 0.000259043, 0.994071, 0.000146074)) == ({x1, x4}, (0.00552388, 0.000259043, 0.994071, 0.000146074))
({x1, x5}, (0.994071, 0.000146074, 0.00552388, 0.000259043)) == ({x1, x5}, (0.994071, 0.000146074, 0.00552388, 0.000259043))
({x1, x6}, (0.997218, 0.000146537, 0.00237516, 0.000259863)) == ({x1, x6}, (0.997218, 0.000146537, 0.00237516, 0.000259863))
({x1, x7}, (0.994071, 0.000146074, 0.00552388, 0.000259043)) == ({x1, x7}, (0.994071, 0.000146074, 0.00552388, 0.000259043))
({x1, x8}, (0.0709152, 0.00024201, 0.928706, 0.000136469)) == ({x1, x8}, (0.0709152, 0.00024201, 0.928706, 0.000136469))
({x1, x9}, (0.00217852, 0.000259933, 0.997486, 7.56294e-05)) == ({x1, x9}, (0.00217852, 0.000259933, 0.997486, 7.56294e-05))
({x2, x3}, (0.0074053, 0.983054, 0.002147, 0.00739353)) == ({x2, x3}, (0.0074053, 0.983054, 0.002147, 0.00739353))
({x2, x4}, (0.000257155, 0.00548362, 0.00743371, 0.986826)) == ({x2, x4}, (0.000257155, 0.00548362, 0.00743371, 0.986826))
({x2, x5}, (0.00743371, 0.986826, 0.000257155, 0.00548362)) == ({x2, x5}, (0.00743371, 0.986826, 0.000257155, 0.00548362))
({x2, x6}, (0.00745708, 0.989927, 0.000257963, 0.0023578)) == ({x2, x6}, (0.00745708, 0.989927, 0.000257963, 0.0023578))
({x2, x7}, (0.00743371, 0.986826, 0.000257155, 0.00548362)) == ({x2, x7}, (0.00743371, 0.986826, 0.000257155, 0.00548362))
({x2, x8}, (0.000486344, 0.0704148, 0.00694653, 0.922152)) == ({x2, x8}, (0.000486344, 0.0704148, 0.00694653, 0.922152))
({x2, x9}, (0.00215922, 0.00174356, 0.00744745, 0.98865)) == ({x2, x9}, (0.00215922, 0.00174356, 0.00744745, 0.98865))
({x3, x4}, (0.00548369, 0.000257158, 0.986837, 0.00742198)) == ({x3, x4}, (0.00548369, 0.000257158, 0.986837, 0.00742198))
({x3, x5}, (0.986837, 0.00742198, 0.00548369, 0.000257158)) == ({x3, x5}, (0.986837, 0.00742198, 0.00548369, 0.000257158))
({x3, x6}, (0.989939, 0.00744531, 0.00235782, 0.000257966)) == ({x3, x6}, (0.989939, 0.00744531, 0.00235782, 0.000257966))
({x3, x7}, (0.986837, 0.00742198, 0.00548369, 0.000257158)) == ({x3, x7}, (0.986837, 0.00742198, 0.00548369, 0.000257158))
({x3, x8}, (0.0704329, 0.000240364, 0.922389, 0.00693727)) == ({x3, x8}, (0.0704329, 0.000240364, 0.922389, 0.00693727))
({x3, x9}, (0.00174358, 0.00215924, 0.988661, 0.0074357)) == ({x3, x9}, (0.00174358, 0.00215924, 0.988661, 0.0074357))
({x4, x5}, (0.000132697, 0.993293, 0.00551956, 0.00105424)) == ({x4, x5}, (0.000132697, 0.993293, 0.00551956, 0.00105424))
({x4, x6}, (0.0055073, 0.991087, 0.00236056, 0.00104544)) == ({x4, x6}, (0.0055073, 0.991087, 0.00236056, 0.00104544))
({x4, x7}, (2.95102e-05, 0.991578, 0.00551003, 0.00288289)) == ({x4, x7}, (2.95102e-05, 0.991578, 0.00551003, 0.00288289))
({x4, x8}, (0.00513571, 0.0705723, 7.65804e-05, 0.924215)) == ({x4, x8}, (0.00513571, 0.0705723, 7.65804e-05, 0.924215))
({x4, x9}, (0.00025852, 0.00216667, 0.00551272, 0.992062)) == ({x4, x9}, (0.00025852, 0.00216667, 0.00551272, 0.992062))
({x5, x6}, (0.991087, 0.0055073, 0.00104544, 0.00236056)) == ({x5, x6}, (0.991087, 0.0055073, 0.00104544, 0.00236056))
({x5, x7}, (0.991574, 3.30432e-05, 0.00288288, 0.00551001)) == ({x5, x7}, (0.991574, 3.30432e-05, 0.00288288, 0.00551001))
({x5, x8}, (0.0705723, 0.00513571, 0.924215, 7.65804e-05)) == ({x5, x8}, (0.0705723, 0.00513571, 0.924215, 7.65804e-05))
({x5, x9}, (0.00216667, 0.00025852, 0.992062, 0.00551272)) == ({x5, x9}, (0.00216667, 0.00025852, 0.992062, 0.00551272))
({x6, x7}, (0.991087, 0.00104544, 0.0055073, 0.00236056)) == ({x6, x7}, (0.991087, 0.00104544, 0.0055073, 0.00236056))
({x6, x8}, (0.0707163, 0.00220578, 0.926101, 0.00097689)) == ({x6, x8}, (0.0707163, 0.00220578, 0.926101, 0.00097689))
({x6, x9}, (0.00217352, 0.000259337, 0.995197, 0.00237035)) == ({x6, x9}, (0.00217352, 0.000259337, 0.995197, 0.00237035))
({x7, x8}, (0.0704936, 0.00512998, 0.923185, 0.00119174)) == ({x7, x8}, (0.0704936, 0.00512998, 0.923185, 0.00119174))
({x7, x9}, (0.00216667, 0.00025852, 0.992062, 0.00551272)) == ({x7, x9}, (0.00216667, 0.00025852, 0.992062, 0.00551272))
({x8, x9}, (0.000241553, 0.00202447, 0.0707813, 0.926953)) == ({x8, x9}, (0.000241553, 0.00202447, 0.0707813, 0.926953))
Exact MAP state (log score = 39.6318):
x0: 1
x1: 0
x2: 1
x3: 0
x4: 1
x5: 0
x6: 0
x7: 0
x8: 1
x9: 1
