Builtin inference algorithms: {BP, EXACT, FBP, JTREE, TRWBP}

Exact variable marginals:
({x0}, (0.393407, 0.606593))
({x1}, (0.608121, 0.391879))
({x2}, (0.580822, 0.419178))
({x3}, (0.482099, 0.517901))
({x4}, (0.40551, 0.59449))
({x5}, (0.410174, 0.589826))
({x6}, (0.571636, 0.428364))
({x7}, (0.361471, 0.638529))
({x8}, (0.291703, 0.708297))
({x9}, (0.65357, 0.34643))
Exact factor marginals:
({x0}, (0.393407, 0.606593))
({x1}, (0.608121, 0.391879))
({x2}, (0.580822, 0.419178))
({x3}, (0.482099, 0.517901))
({x4}, (0.40551, 0.59449))
({x5}, (0.410174, 0.589826))
({x6}, (0.571636, 0.428364))
({x7}, (0.361471, 0.638529))
({x8}, (0.291703, 0.708297))
({x9}, (0.65357, 0.34643))
({x0, x1}, (0.0453258, 0.562795, 0.348081, 0.0437978))
({x0, x2}, (0.00120143, 0.579621, 0.392206, 0.0269722))
({x0, x3}, (0.335735, 0.146364, 0.0576721, 0.460229))
({x0, x4}, (0.324746, 0.0807637, 0.0686607, 0.525829))
({x0, x5}, (0.391936, 0.018238, 0.00147098, 0.588355))
({x0, x6}, (0.00561857, 0.566017, 0.387788, 0.0405759))
({x0, x7}, (0.342054, 0.0194168, 0.0513526, 0.587176))
({x0, x8}, (0.0418049, 0.249898, 0.351602, 0.356695))
({x0, x9}, (0.390071, 0.263499, 0.00333581, 0.343094))
({x1, x2}, (0.544276, 0.0365465, 0.0638452, 0.355332))
({x1, x3}, (0.158077, 0.324021, 0.450044, 0.0678577))
({x1, x4}, (0.0909639, 0.314546, 0.517157, 0.077333))
({x1, x5}, (0.0538515, 0.356322, 0.55427, 0.0355565))
({x1, x6}, (0.535223, 0.0364126, 0.0728979, 0.355466))
({x1, x7}, (0.0108386, 0.350633, 0.597282, 0.0412464))
({x1, x8}, (0.214482, 0.0772213, 0.393639, 0.314658))
({x1, x9}, (0.300759, 0.352811, 0.307362, 0.0390677))
({x2, x3}, (0.146429, 0.335669, 0.434393, 0.0835084))
({x2, x4}, (0.0648868, 0.340623, 0.515936, 0.0785546))
({x2, x5}, (0.00227244, 0.407902, 0.57855, 0.0112761))
({x2, x6}, (0.566554, 0.00508137, 0.0142679, 0.414096))
({x2, x7}, (0.0203899, 0.341081, 0.560432, 0.0780965))
({x2, x8}, (0.250891, 0.0408118, 0.329931, 0.378366))
({x2, x9}, (0.236978, 0.416592, 0.343844, 0.00258573))
({x3, x4}, (0.275553, 0.129957, 0.206545, 0.387945))
({x3, x5}, (0.337814, 0.07236, 0.144285, 0.445541))
({x3, x6}, (0.134403, 0.437233, 0.347696, 0.0806683))
({x3, x7}, (0.328399, 0.0330725, 0.1537, 0.484829))
({x3, x8}, (0.177345, 0.114358, 0.304754, 0.403543))
({x3, x9}, (0.343793, 0.309777, 0.138306, 0.208124))
({x4, x5}, (0.341209, 0.068965, 0.0643009, 0.525525))
({x4, x6}, (0.0692925, 0.502343, 0.336217, 0.0921469))
({x4, x7}, (0.303021, 0.0584504, 0.102489, 0.53604))
({x4, x8}, (0.0142239, 0.277479, 0.391286, 0.317011))
({x4, x9}, (0.338364, 0.315206, 0.0671458, 0.279284))
({x5, x6}, (0.00538484, 0.566251, 0.404789, 0.0235751))
({x5, x7}, (0.342062, 0.0194096, 0.0681125, 0.570416))
({x5, x8}, (0.0416878, 0.250015, 0.368486, 0.339811))
({x5, x9}, (0.406627, 0.246944, 0.00354719, 0.342882))
({x6, x7}, (0.0245377, 0.336933, 0.547098, 0.0914308))
({x6, x8}, (0.247418, 0.0442852, 0.324218, 0.384079))
({x6, x9}, (0.231288, 0.422283, 0.340348, 0.00608148))
({x7, x8}, (0.0605792, 0.231124, 0.300892, 0.407405))
({x7, x9}, (0.339971, 0.3136, 0.0215003, 0.324929))
({x8, x9}, (0.0439239, 0.609647, 0.247779, 0.0986505))
Exact log partition sum: 20.0914
Exact MAP variable marginals:
({x0}, (0.533437, 0.466563))
({x1}, (0.466563, 0.533437))
({x2}, (0.466563, 0.533437))
({x3}, (0.533437, 0.466563))
({x4}, (0.533437, 0.466563))
({x5}, (0.533437, 0.466563))
({x6}, (0.466563, 0.533437))
({x7}, (0.533437, 0.466563))
({x8}, (0.308724, 0.691276))
({x9}, (0.691276, 0.308724))
Exact MAP factor marginals:
({x0}, (0.533437, 0.466563)) == ({x0}, (0.533437, 0.466563))
({x1}, (0.466563, 0.533437)) == ({x1}, (0.466563, 0.533437))
({x2}, (0.466563, 0.533437)) == ({x2}, (0.466563, 0.533437))
({x3}, (0.533437, 0.466563)) == ({x3}, (0.533437, 0.466563))
({x4}, (0.533437, 0.466563)) == ({x4}, (0.533437, 0.466563))
({x5}, (0.533437, 0.466563)) == ({x5}, (0.533437, 0.466563))
({x6}, (0.466563, 0.533437)) == ({x6}, (0.466563, 0.533437))
({x7}, (0.533437, 0.466563)) == ({x7}, (0.533437, 0.466563))
({x8}, (0.308724, 0.691276)) == ({x8}, (0.308724, 0.691276))
({x9}, (0.691276, 0.308724)) == ({x9}, (0.691276, 0.308724))
({x0, x1}, (0.0393833, 0.434182, 0.496413, 0.0300215)) == ({x0, x1}, (0.0393833, 0.434182, 0.496413, 0.0300215))
({x0, x2}, (0.001033, 0.456903, 0.522391, 0.0196735)) == ({x0, x2}, (0.001033, 0.456903, 0.522391, 0.0196735))
({x0, x3}, (0.411476, 0.183765, 0.0448678, 0.359892)) == ({x0, x3}, (0.411476, 0.183765, 0.0448678, 0.359892))
({x0, x4}, (0.447736, 0.105342, 0.0553153, 0.391607)) == ({x0, x4}, (0.447736, 0.105342, 0.0553153, 0.391607))
({x0, x5}, (0.524303, 0.0158075, 0.00131422, 0.458575)) == ({x0, x5}, (0.524303, 0.0158075, 0.00131422, 0.458575))
({x0, x6}, (0.00500795, 0.455085, 0.520312, 0.0195952)) == ({x0, x6}, (0.00500795, 0.455085, 0.520312, 0.0195952))
({x0, x7}, (0.498608, 0.0257343, 0.0395574, 0.436101)) == ({x0, x7}, (0.498608, 0.0257343, 0.0395574, 0.436101))
({x0, x8}, (0.050534, 0.182675, 0.409035, 0.357757)) == ({x0, x8}, (0.050534, 0.182675, 0.409035, 0.357757))
({x0, x9}, (0.429695, 0.375827, 0.00257617, 0.191901)) == ({x0, x9}, (0.429695, 0.375827, 0.00257617, 0.191901))
({x1, x2}, (0.434182, 0.0300215, 0.0393833, 0.496413)) == ({x1, x2}, (0.434182, 0.0300215, 0.0393833, 0.496413))
({x1, x3}, (0.183765, 0.411476, 0.359892, 0.0448678)) == ({x1, x3}, (0.183765, 0.411476, 0.359892, 0.0448678))
({x1, x4}, (0.105342, 0.447736, 0.391607, 0.0553153)) == ({x1, x4}, (0.105342, 0.447736, 0.391607, 0.0553153))
({x1, x5}, (0.0393833, 0.496413, 0.434182, 0.0300215)) == ({x1, x5}, (0.0393833, 0.496413, 0.434182, 0.0300215))
({x1, x6}, (0.434182, 0.0300215, 0.0393833, 0.496413)) == ({x1, x6}, (0.434182, 0.0300215, 0.0393833, 0.496413))
({x1, x7}, (0.0118945, 0.510619, 0.446606, 0.0308806)) == ({x1, x7}, (0.0118945, 0.510619, 0.446606, 0.0308806))
({x1, x8}, (0.182675, 0.050534, 0.357757, 0.409035)) == ({x1, x8}, (0.182675, 0.050534, 0.357757, 0.409035))
({x1, x9}, (0.36723, 0.419866, 0.187512, 0.0253921)) == ({x1, x9}, (0.36723, 0.419866, 0.187512, 0.0253921))
({x2, x3}, (0.183765, 0.411476, 0.359892, 0.0448678)) == ({x2, x3}, (0.183765, 0.411476, 0.359892, 0.0448678))
({x2, x4}, (0.105342, 0.447736, 0.391607, 0.0553153)) == ({x2, x4}, (0.105342, 0.447736, 0.391607, 0.0553153))
({x2, x5}, (0.00234588, 0.521704, 0.456302, 0.0196477)) == ({x2, x5}, (0.00234588, 0.521704, 0.456302, 0.0196477))
({x2, x6}, (0.457316, 0.0050325, 0.0147882, 0.522863)) == ({x2, x6}, (0.457316, 0.0050325, 0.0147882, 0.522863))
({x2, x7}, (0.0257343, 0.498608, 0.436101, 0.0395574)) == ({x2, x7}, (0.0257343, 0.498608, 0.436101, 0.0395574))
({x2, x8}, (0.182675, 0.050534, 0.357757, 0.409035)) == ({x2, x8}, (0.182675, 0.050534, 0.357757, 0.409035))
({x2, x9}, (0.375827, 0.429695, 0.191901, 0.00257617)) == ({x2, x9}, (0.375827, 0.429695, 0.191901, 0.00257617))
({x3, x4}, (0.391158, 0.0920302, 0.174691, 0.342121)) == ({x3, x4}, (0.391158, 0.0920302, 0.174691, 0.342121))
({x3, x5}, (0.411476, 0.0448678, 0.183765, 0.359892)) == ({x3, x5}, (0.411476, 0.0448678, 0.183765, 0.359892))
({x3, x6}, (0.183765, 0.359892, 0.411476, 0.0448678)) == ({x3, x6}, (0.183765, 0.359892, 0.411476, 0.0448678))
({x3, x7}, (0.411476, 0.0448678, 0.183765, 0.359892)) == ({x3, x7}, (0.411476, 0.0448678, 0.183765, 0.359892))
({x3, x8}, (0.166224, 0.136035, 0.372201, 0.32554)) == ({x3, x8}, (0.166224, 0.136035, 0.372201, 0.32554))
({x3, x9}, (0.372201, 0.32554, 0.166224, 0.136035)) == ({x3, x9}, (0.372201, 0.32554, 0.166224, 0.136035))
({x4, x5}, (0.447736, 0.0553153, 0.105342, 0.391607)) == ({x4, x5}, (0.447736, 0.0553153, 0.105342, 0.391607))
({x4, x6}, (0.105342, 0.391607, 0.447736, 0.0553153)) == ({x4, x6}, (0.105342, 0.391607, 0.447736, 0.0553153))
({x4, x7}, (0.447736, 0.0553153, 0.105342, 0.391607)) == ({x4, x7}, (0.447736, 0.0553153, 0.105342, 0.391607))
({x4, x8}, (0.012432, 0.190005, 0.425449, 0.372114)) == ({x4, x8}, (0.012432, 0.190005, 0.425449, 0.372114))
({x4, x9}, (0.391158, 0.342121, 0.0920302, 0.174691)) == ({x4, x9}, (0.391158, 0.342121, 0.0920302, 0.174691))
({x5, x6}, (0.00500795, 0.455085, 0.520312, 0.0195952)) == ({x5, x6}, (0.00500795, 0.455085, 0.520312, 0.0195952))
({x5, x7}, (0.498608, 0.0257343, 0.0395574, 0.436101)) == ({x5, x7}, (0.498608, 0.0257343, 0.0395574, 0.436101))
({x5, x8}, (0.050534, 0.182675, 0.409035, 0.357757)) == ({x5, x8}, (0.050534, 0.182675, 0.409035, 0.357757))
({x5, x9}, (0.429695, 0.375827, 0.00257617, 0.191901)) == ({x5, x9}, (0.429695, 0.375827, 0.00257617, 0.191901))
({x6, x7}, (0.0257343, 0.498608, 0.436101, 0.0395574)) == ({x6, x7}, (0.0257343, 0.498608, 0.436101, 0.0395574))
({x6, x8}, (0.182675, 0.050534, 0.357757, 0.409035)) == ({x6, x8}, (0.182675, 0.050534, 0.357757, 0.409035))
({x6, x9}, (0.375011, 0.428762, 0.191485, 0.00474135)) == ({x6, x9}, (0.375011, 0.428762, 0.191485, 0.00474135))
({x7, x8}, (0.050534, 0.182675, 0.409035, 0.357757)) == ({x7, x8}, (0.050534, 0.182675, 0.409035, 0.357757))
({x7, x9}, (0.421434, 0.368602, 0.0217512, 0.188212)) == ({x7, x9}, (0.421434, 0.368602, 0.0217512, 0.188212))
({x8, x9}, (0.0684298, 0.553888, 0.247366, 0.130317)) == ({x8, x9}, (0.0684298, 0.553888, 0.247366, 0.130317))
Exact MAP state (log score = 18.7157):
x0: 0
x1: 1
x2: 1
x3: 0
x4: 0
x5: 0
x6: 1
x7: 0
x8: 1
x9: 0
