Builtin inference algorithms: {BP, EXACT, FBP, JTREE, TRWBP}

Exact variable marginals:
({x0}, (0.968484, 0.0315161))
({x1}, (0.0511172, 0.948883))
({x2}, (0.979293, 0.0207072))
({x3}, (0.0242287, 0.975771))
({x4}, (0.973392, 0.0266076))
({x5}, (0.711296, 0.288704))
({x6}, (0.9775, 0.0225002))
({x7}, (0.961466, 0.0385338))
({x8}, (0.0193508, 0.980649))
({x9}, (0.0261577, 0.973842))
Exact factor marginals:
({x0}, (0.968484, 0.0315161))
({x1}, (0.0511172, 0.948883))
({x2}, (0.979293, 0.0207072))
({x3}, (0.0242287, 0.975771))
({x4}, (0.973392, 0.0266076))
({x5}, (0.711296, 0.288704))
({x6}, (0.9775, 0.0225002))
({x7}, (0.961466, 0.0385338))
({x8}, (0.0193508, 0.980649))
({x9}, (0.0261577, 0.973842))
({x0, x1}, (0.0253284, 0.0257888, 0.943156, 0.00572731))
({x0, x2}, (0.962278, 0.0170149, 0.006206, 0.0145012))
({x0, x3}, (0.00475579, 0.0194729, 0.963728, 0.0120432))
({x0, x4}, (0.953344, 0.0200483, 0.0151397, 0.0114678))
({x0, x5}, (0.704154, 0.00714244, 0.26433, 0.0243736))
({x0, x6}, (0.962182, 0.0153178, 0.00630193, 0.0161983))
({x0, x7}, (0.951352, 0.0101142, 0.0171319, 0.0214019))
({x0, x8}, (0.00649581, 0.012855, 0.961988, 0.0186611))
({x0, x9}, (0.0140965, 0.0120611, 0.954387, 0.0194549))
({x1, x2}, (0.0370994, 0.942193, 0.0140177, 0.00668945))
({x1, x3}, (0.0174219, 0.00680676, 0.0336953, 0.942076))
({x1, x4}, (0.0288226, 0.94457, 0.0222946, 0.00431297))
({x1, x5}, (0.00168525, 0.709611, 0.0494319, 0.239272))
({x1, x6}, (0.0354294, 0.94207, 0.0156877, 0.00681247))
({x1, x7}, (0.0155536, 0.945913, 0.0355636, 0.00297023))
({x1, x8}, (0.0124027, 0.00694803, 0.0387144, 0.941935))
({x1, x9}, (0.0115781, 0.0145796, 0.0395391, 0.934303))
({x2, x3}, (0.00862562, 0.015603, 0.970667, 0.00510413))
({x2, x4}, (0.968689, 0.00470394, 0.0106043, 0.0160032))
({x2, x5}, (0.705868, 0.0054282, 0.273425, 0.015279))
({x2, x6}, (0.972835, 0.00466519, 0.00645824, 0.016042))
({x2, x7}, (0.956338, 0.00512782, 0.0229544, 0.0155793))
({x2, x8}, (0.000681661, 0.0186691, 0.978611, 0.00203806))
({x2, x9}, (0.00833763, 0.01782, 0.970955, 0.00288712))
({x3, x4}, (0.0106572, 0.962735, 0.0135715, 0.0130361))
({x3, x5}, (0.00702795, 0.704268, 0.0172007, 0.271503))
({x3, x6}, (0.00562616, 0.971874, 0.0186025, 0.00389772))
({x3, x7}, (0.00790066, 0.953566, 0.016328, 0.0222058))
({x3, x8}, (0.0159154, 0.00343541, 0.00831331, 0.972336))
({x3, x9}, (0.0150251, 0.0111325, 0.00920352, 0.964639))
({x4, x5}, (0.708502, 0.0027942, 0.26489, 0.0238134))
({x4, x6}, (0.965479, 0.0120204, 0.00791303, 0.0145872))
({x4, x7}, (0.959195, 0.00227168, 0.0141979, 0.0243359))
({x4, x8}, (0.00370213, 0.0156486, 0.96969, 0.0109589))
({x4, x9}, (0.0113695, 0.0147882, 0.962023, 0.0118194))
({x5, x6}, (0.708584, 0.268915, 0.00271206, 0.0197882))
({x5, x7}, (0.70962, 0.251846, 0.00167611, 0.0368577))
({x5, x8}, (0.00584784, 0.0135029, 0.705449, 0.275201))
({x5, x9}, (0.0128722, 0.0132854, 0.698424, 0.275418))
({x6, x7}, (0.957107, 0.00435885, 0.0203924, 0.0181414))
({x6, x8}, (0.00327699, 0.0160738, 0.974223, 0.00642644))
({x6, x9}, (0.0108252, 0.0153325, 0.966675, 0.00716769))
({x7, x8}, (0.00557653, 0.0137742, 0.95589, 0.0247596))
({x7, x9}, (0.0132701, 0.0128876, 0.948196, 0.0256462))
({x8, x9}, (0.0183831, 0.00777453, 0.000967616, 0.972875))
Exact log partition sum: 12.859
Exact MAP variable marginals:
({x0}, (0.985712, 0.0142878))
({x1}, (0.0155092, 0.984491))
({x2}, (0.985712, 0.0142878))
({x3}, (0.0142878, 0.985712))
({x4}, (0.985712, 0.0142878))
({x5}, (0.746921, 0.253079))
({x6}, (0.985712, 0.0142878))
({x7}, (0.985712, 0.0142878))
({x8}, (0.0142878, 0.985712))
({x9}, (0.0142878, 0.985712))
Exact MAP factor marginals:
({x0}, (0.985712, 0.0142878)) == ({x0}, (0.985712, 0.0142878))
({x1}, (0.0155092, 0.984491)) == ({x1}, (0.0155092, 0.984491))
({x2}, (0.985712, 0.0142878)) == ({x2}, (0.985712, 0.0142878))
({x3}, (0.0142878, 0.985712)) == ({x3}, (0.0142878, 0.985712))
({x4}, (0.985712, 0.0142878)) == ({x4}, (0.985712, 0.0142878))
({x5}, (0.746921, 0.253079)) == ({x5}, (0.746921, 0.253079))
({x6}, (0.985712, 0.0142878)) == ({x6}, (0.985712, 0.0142878))
({x7}, (0.985712, 0.0142878)) == ({x7}, (0.985712, 0.0142878))
({x8}, (0.0142878, 0.985712)) == ({x8}, (0.0142878, 0.985712))
({x9}, (0.0142878, 0.985712)) == ({x9}, (0.0142878, 0.985712))
({x0, x1}, (0.0152352, 0.0140179, 0.967093, 0.00365402)) == ({x0, x1}, (0.0152352, 0.0140179, 0.967093, 0.00365402))
({x0, x2}, (0.97771, 0.00650227, 0.00161572, 0.0141718)) == ({x0, x2}, (0.97771, 0.00650227, 0.00161572, 0.0141718))
({x0, x3}, (0.00210729, 0.0141648, 0.977229, 0.00649906)) == ({x0, x3}, (0.00210729, 0.0141648, 0.977229, 0.00649906))
({x0, x4}, (0.966067, 0.00642483, 0.0135056, 0.014003)) == ({x0, x4}, (0.966067, 0.00642483, 0.0135056, 0.014003))
({x0, x5}, (0.736864, 0.00278413, 0.249671, 0.0106808)) == ({x0, x5}, (0.736864, 0.00278413, 0.249671, 0.0106808))
({x0, x6}, (0.977099, 0.0064982, 0.00224023, 0.014163)) == ({x0, x6}, (0.977099, 0.0064982, 0.00224023, 0.014163))
({x0, x7}, (0.968755, 0.00366029, 0.0135431, 0.014042)) == ({x0, x7}, (0.968755, 0.00366029, 0.0135431, 0.014042))
({x0, x8}, (0.00161572, 0.0141718, 0.97771, 0.00650227)) == ({x0, x8}, (0.00161572, 0.0141718, 0.97771, 0.00650227))
({x0, x9}, (0.0099083, 0.0140541, 0.969589, 0.00644826)) == ({x0, x9}, (0.0099083, 0.0140541, 0.969589, 0.00644826))
({x1, x2}, (0.0152638, 0.968914, 0.0140443, 0.00177753)) == ({x1, x2}, (0.0152638, 0.968914, 0.0140443, 0.00177753))
({x1, x3}, (0.0140399, 0.00208871, 0.0152591, 0.968612)) == ({x1, x3}, (0.0140399, 0.00208871, 0.0152591, 0.968612))
({x1, x4}, (0.0152665, 0.969085, 0.0140468, 0.00160147)) == ({x1, x4}, (0.0152665, 0.969085, 0.0140468, 0.00160147))
({x1, x5}, (0.000733763, 0.737693, 0.0116213, 0.249952)) == ({x1, x5}, (0.000733763, 0.737693, 0.0116213, 0.249952))
({x1, x6}, (0.0152571, 0.968484, 0.0140381, 0.00222048)) == ({x1, x6}, (0.0152571, 0.968484, 0.0140381, 0.00222048))
({x1, x7}, (0.0152773, 0.969769, 0.0140567, 0.000897106)) == ({x1, x7}, (0.0152773, 0.969769, 0.0140567, 0.000897106))
({x1, x8}, (0.0140443, 0.00177753, 0.0152638, 0.968914)) == ({x1, x8}, (0.0140443, 0.00177753, 0.0152638, 0.968914))
({x1, x9}, (0.0139312, 0.00982161, 0.0151408, 0.961106)) == ({x1, x9}, (0.0139312, 0.00982161, 0.0151408, 0.961106))
({x2, x3}, (0.0043151, 0.0142025, 0.979827, 0.00165513)) == ({x2, x3}, (0.0043151, 0.0142025, 0.979827, 0.00165513))
({x2, x4}, (0.970582, 0.00178059, 0.0135687, 0.0140685)) == ({x2, x4}, (0.970582, 0.00178059, 0.0135687, 0.0140685))
({x2, x5}, (0.737921, 0.00135376, 0.250029, 0.0106961)) == ({x2, x5}, (0.737921, 0.00135376, 0.250029, 0.0106961))
({x2, x6}, (0.979827, 0.00165513, 0.0043151, 0.0142025)) == ({x2, x6}, (0.979827, 0.00165513, 0.0043151, 0.0142025))
({x2, x7}, (0.970582, 0.00178059, 0.0135687, 0.0140685)) == ({x2, x7}, (0.970582, 0.00178059, 0.0135687, 0.0140685))
({x2, x8}, (0.000297564, 0.0142598, 0.983781, 0.00166181)) == ({x2, x8}, (0.000297564, 0.0142598, 0.983781, 0.00166181))
({x2, x9}, (0.00995619, 0.014122, 0.974276, 0.00164575)) == ({x2, x9}, (0.00995619, 0.014122, 0.974276, 0.00164575))
({x3, x4}, (0.00426375, 0.968168, 0.0140335, 0.0135349)) == ({x3, x4}, (0.00426375, 0.968168, 0.0140335, 0.0135349))
({x3, x5}, (0.00159087, 0.737746, 0.0106936, 0.24997)) == ({x3, x5}, (0.00159087, 0.737746, 0.0106936, 0.24997))
({x3, x6}, (0.0021163, 0.981408, 0.0142254, 0.00225011)) == ({x3, x6}, (0.0021163, 0.981408, 0.0142254, 0.00225011))
({x3, x7}, (0.0020923, 0.970279, 0.0140641, 0.0135645)) == ({x3, x7}, (0.0020923, 0.970279, 0.0140641, 0.0135645))
({x3, x8}, (0.014203, 0.00161928, 0.00431526, 0.979862)) == ({x3, x8}, (0.014203, 0.00161928, 0.00431526, 0.979862))
({x3, x9}, (0.0140848, 0.00992993, 0.00427934, 0.971706)) == ({x3, x9}, (0.0140848, 0.00992993, 0.00427934, 0.971706))
({x4, x5}, (0.73802, 0.00121962, 0.250063, 0.0106975)) == ({x4, x5}, (0.73802, 0.00121962, 0.250063, 0.0106975))
({x4, x6}, (0.968168, 0.0135349, 0.00426375, 0.0140335)) == ({x4, x6}, (0.968168, 0.0135349, 0.00426375, 0.0140335))
({x4, x7}, (0.97771, 0.00161572, 0.00650227, 0.0141718)) == ({x4, x7}, (0.97771, 0.00161572, 0.00650227, 0.0141718))
({x4, x8}, (0.00178059, 0.0140685, 0.970582, 0.0135687)) == ({x4, x8}, (0.00178059, 0.0140685, 0.970582, 0.0135687))
({x4, x9}, (0.00983838, 0.0139549, 0.962748, 0.0134592)) == ({x4, x9}, (0.00983838, 0.0139549, 0.962748, 0.0134592))
({x5, x6}, (0.737921, 0.250029, 0.00135376, 0.0106961)) == ({x5, x6}, (0.737921, 0.250029, 0.00135376, 0.0106961))
({x5, x7}, (0.738603, 0.25026, 0.000431278, 0.010706)) == ({x5, x7}, (0.738603, 0.25026, 0.000431278, 0.010706))
({x5, x8}, (0.00135376, 0.0106961, 0.737921, 0.250029)) == ({x5, x8}, (0.00135376, 0.0106961, 0.737921, 0.250029))
({x5, x9}, (0.00749449, 0.0106303, 0.733384, 0.248492)) == ({x5, x9}, (0.00749449, 0.0106303, 0.733384, 0.248492))
({x6, x7}, (0.970151, 0.0022243, 0.0135627, 0.0140622)) == ({x6, x7}, (0.970151, 0.0022243, 0.0135627, 0.0140622))
({x6, x8}, (0.00161928, 0.014203, 0.979862, 0.00431526)) == ({x6, x8}, (0.00161928, 0.014203, 0.979862, 0.00431526))
({x6, x9}, (0.00992993, 0.0140848, 0.971706, 0.00427934)) == ({x6, x9}, (0.00992993, 0.0140848, 0.971706, 0.00427934))
({x7, x8}, (0.00178059, 0.0140685, 0.970582, 0.0135687)) == ({x7, x8}, (0.00178059, 0.0140685, 0.970582, 0.0135687))
({x7, x9}, (0.00983838, 0.0139549, 0.962748, 0.0134592)) == ({x7, x9}, (0.00983838, 0.0139549, 0.962748, 0.0134592))
({x8, x9}, (0.01413, 0.00996183, 0.00108034, 0.974828)) == ({x8, x9}, (0.01413, 0.00996183, 0.00108034, 0.974828))
Exact MAP state (log score = 12.4893):
x0: 0
x1: 1
x2: 0
x3: 1
x4: 0
x5: 0
x6: 0
x7: 0
x8: 1
x9: 1
