Builtin inference algorithms: {BP, EXACT, FBP, JTREE, TRWBP}

Exact variable marginals:
({x0}, (0.513713, 0.486287))
({x1}, (0.460623, 0.539377))
({x2}, (0.458617, 0.541383))
({x3}, (0.460379, 0.539621))
({x4}, (0.535867, 0.464133))
({x5}, (0.529441, 0.470559))
({x6}, (0.537188, 0.462812))
({x7}, (0.126033, 0.873967))
({x8}, (0.548602, 0.451398))
({x9}, (0.129695, 0.870305))
Exact factor marginals:
({x0}, (0.513713, 0.486287))
({x1}, (0.460623, 0.539377))
({x2}, (0.458617, 0.541383))
({x3}, (0.460379, 0.539621))
({x4}, (0.535867, 0.464133))
({x5}, (0.529441, 0.470559))
({x6}, (0.537188, 0.462812))
({x7}, (0.126033, 0.873967))
({x8}, (0.548602, 0.451398))
({x9}, (0.129695, 0.870305))
({x0, x1}, (0.445716, 0.0149073, 0.0679974, 0.47138))
({x0, x2}, (0.443724, 0.0148928, 0.0699885, 0.471394))
({x0, x3}, (0.445641, 0.0147382, 0.0680718, 0.471549))
({x0, x4}, (0.0646433, 0.471223, 0.44907, 0.0150636))
({x0, x5}, (0.0979771, 0.431464, 0.415736, 0.0548231))
({x0, x6}, (0.0659739, 0.471215, 0.447739, 0.0150725))
({x0, x7}, (0.0768928, 0.0491397, 0.43682, 0.437147))
({x0, x8}, (0.0812595, 0.467342, 0.432453, 0.0189446))
({x0, x9}, (0.0307885, 0.0989065, 0.482924, 0.387381))
({x1, x2}, (0.458443, 0.000174582, 0.00218018, 0.539203))
({x1, x3}, (0.460285, 9.45483e-05, 0.000338047, 0.539283))
({x1, x4}, (7.34113e-05, 0.535793, 0.460549, 0.00358387))
({x1, x5}, (0.0299875, 0.499454, 0.430635, 0.0399236))
({x1, x6}, (0.000809213, 0.536379, 0.459814, 0.00299792))
({x1, x7}, (0.0403004, 0.0857321, 0.420322, 0.453645))
({x1, x8}, (0.0148431, 0.533759, 0.44578, 0.00561839))
({x1, x9}, (0.0448766, 0.0848184, 0.415746, 0.454559))
({x2, x3}, (0.458446, 0.00193309, 0.000170989, 0.53945))
({x2, x4}, (0.000191573, 0.535675, 0.458426, 0.00570763))
({x2, x5}, (0.029599, 0.499842, 0.429018, 0.0415406))
({x2, x6}, (0.000793573, 0.536395, 0.457824, 0.00498788))
({x2, x7}, (0.0404413, 0.0855913, 0.418176, 0.455791))
({x2, x8}, (0.0136347, 0.534967, 0.444983, 0.00641556))
({x2, x9}, (0.0448717, 0.0848233, 0.413746, 0.456559))
({x3, x4}, (0.000119815, 0.535747, 0.46026, 0.00387377))
({x3, x5}, (0.0299165, 0.499525, 0.430463, 0.0400961))
({x3, x6}, (0.000633923, 0.536555, 0.459745, 0.00306613))
({x3, x7}, (0.0403377, 0.0856948, 0.420042, 0.453926))
({x3, x8}, (0.014524, 0.534078, 0.445855, 0.00554272))
({x3, x9}, (0.044708, 0.084987, 0.415671, 0.454634))
({x4, x5}, (0.496056, 0.0333855, 0.0398111, 0.430748))
({x4, x6}, (0.533692, 0.00349646, 0.00217471, 0.460637))
({x4, x7}, (0.0857634, 0.0402692, 0.450103, 0.423864))
({x4, x8}, (0.530218, 0.0183838, 0.00564861, 0.445749))
({x4, x9}, (0.0847344, 0.0449606, 0.451132, 0.419173))
({x5, x6}, (0.496785, 0.0404031, 0.0326557, 0.430156))
({x5, x7}, (0.102544, 0.0234886, 0.426897, 0.44707))
({x5, x8}, (0.494058, 0.0545441, 0.0353833, 0.416015))
({x5, x9}, (0.0465259, 0.0831691, 0.482915, 0.38739))
({x6, x7}, (0.0859368, 0.0400958, 0.451252, 0.422716))
({x6, x8}, (0.531176, 0.0174256, 0.00601218, 0.445386))
({x6, x9}, (0.08484, 0.044855, 0.452348, 0.417957))
({x7, x8}, (0.0874684, 0.461133, 0.0385642, 0.412834))
({x7, x9}, (0.0591828, 0.0705122, 0.0668498, 0.803455))
({x8, x9}, (0.0916902, 0.0380049, 0.456912, 0.413393))
Exact log partition sum: 26.0094
Exact MAP variable marginals:
({x0}, (0.50149, 0.49851))
({x1}, (0.50149, 0.49851))
({x2}, (0.50149, 0.49851))
({x3}, (0.50149, 0.49851))
({x4}, (0.49851, 0.50149))
({x5}, (0.49851, 0.50149))
({x6}, (0.49851, 0.50149))
({x7}, (0.0935897, 0.90641))
({x8}, (0.49851, 0.50149))
({x9}, (0.0935897, 0.90641))
Exact MAP factor marginals:
({x0}, (0.50149, 0.49851)) == ({x0}, (0.50149, 0.49851))
({x1}, (0.50149, 0.49851)) == ({x1}, (0.50149, 0.49851))
({x2}, (0.50149, 0.49851)) == ({x2}, (0.50149, 0.49851))
({x3}, (0.50149, 0.49851)) == ({x3}, (0.50149, 0.49851))
({x4}, (0.49851, 0.50149)) == ({x4}, (0.49851, 0.50149))
({x5}, (0.49851, 0.50149)) == ({x5}, (0.49851, 0.50149))
({x6}, (0.49851, 0.50149)) == ({x6}, (0.49851, 0.50149))
({x7}, (0.0935897, 0.90641)) == ({x7}, (0.0935897, 0.90641))
({x8}, (0.49851, 0.50149)) == ({x8}, (0.49851, 0.50149))
({x9}, (0.0935897, 0.90641)) == ({x9}, (0.0935897, 0.90641))
({x0, x1}, (0.470434, 0.0159041, 0.0460242, 0.467638)) == ({x0, x1}, (0.470434, 0.0159041, 0.0460242, 0.467638))
({x0, x2}, (0.470434, 0.0159041, 0.0460242, 0.467638)) == ({x0, x2}, (0.470434, 0.0159041, 0.0460242, 0.467638))
({x0, x3}, (0.470434, 0.0159041, 0.0460242, 0.467638)) == ({x0, x3}, (0.470434, 0.0159041, 0.0460242, 0.467638))
({x0, x4}, (0.0460242, 0.467638, 0.470434, 0.0159041)) == ({x0, x4}, (0.0460242, 0.467638, 0.470434, 0.0159041))
({x0, x5}, (0.0446546, 0.453722, 0.456434, 0.04519)) == ({x0, x5}, (0.0446546, 0.453722, 0.456434, 0.04519))
({x0, x6}, (0.0460242, 0.467638, 0.470434, 0.0159041)) == ({x0, x6}, (0.0460242, 0.467638, 0.470434, 0.0159041))
({x0, x7}, (0.0445682, 0.047037, 0.455551, 0.452844)) == ({x0, x7}, (0.0445682, 0.047037, 0.455551, 0.452844))
({x0, x8}, (0.0460242, 0.467638, 0.470434, 0.0159041)) == ({x0, x8}, (0.0460242, 0.467638, 0.470434, 0.0159041))
({x0, x9}, (0.0203261, 0.0482305, 0.46711, 0.464334)) == ({x0, x9}, (0.0203261, 0.0482305, 0.46711, 0.464334))
({x1, x2}, (0.500782, 8.37788e-05, 0.00132706, 0.497807)) == ({x1, x2}, (0.500782, 8.37788e-05, 0.00132706, 0.497807))
({x1, x3}, (0.501399, 2.62974e-05, 0.00015439, 0.49842)) == ({x1, x3}, (0.501399, 2.62974e-05, 0.00015439, 0.49842))
({x1, x4}, (2.99268e-05, 0.496827, 0.499797, 0.00334662)) == ({x1, x4}, (2.99268e-05, 0.496827, 0.499797, 0.00334662))
({x1, x5}, (0.0221055, 0.464431, 0.467207, 0.0462567)) == ({x1, x5}, (0.0221055, 0.464431, 0.467207, 0.0462567))
({x1, x6}, (0.000256901, 0.497365, 0.500339, 0.00203907)) == ({x1, x6}, (0.000256901, 0.497365, 0.500339, 0.00203907))
({x1, x7}, (0.0220617, 0.0481451, 0.466282, 0.463511)) == ({x1, x7}, (0.0220617, 0.0481451, 0.466282, 0.463511))
({x1, x8}, (0.00874501, 0.491001, 0.493936, 0.00631818)) == ({x1, x8}, (0.00874501, 0.491001, 0.493936, 0.00631818))
({x1, x9}, (0.0203261, 0.0482305, 0.46711, 0.464334)) == ({x1, x9}, (0.0203261, 0.0482305, 0.46711, 0.464334))
({x2, x3}, (0.500782, 0.00132706, 8.37788e-05, 0.497807)) == ({x2, x3}, (0.500782, 0.00132706, 8.37788e-05, 0.497807))
({x2, x4}, (8.36094e-05, 0.4968, 0.49977, 0.00334644)) == ({x2, x4}, (8.36094e-05, 0.4968, 0.49977, 0.00334644))
({x2, x5}, (0.0221055, 0.464431, 0.467207, 0.0462567)) == ({x2, x5}, (0.0221055, 0.464431, 0.467207, 0.0462567))
({x2, x6}, (0.000256901, 0.497365, 0.500339, 0.00203907)) == ({x2, x6}, (0.000256901, 0.497365, 0.500339, 0.00203907))
({x2, x7}, (0.0220617, 0.0481451, 0.466282, 0.463511)) == ({x2, x7}, (0.0220617, 0.0481451, 0.466282, 0.463511))
({x2, x8}, (0.00874501, 0.491001, 0.493936, 0.00631818)) == ({x2, x8}, (0.00874501, 0.491001, 0.493936, 0.00631818))
({x2, x9}, (0.0203261, 0.0482305, 0.46711, 0.464334)) == ({x2, x9}, (0.0203261, 0.0482305, 0.46711, 0.464334))
({x3, x4}, (2.99268e-05, 0.496827, 0.499797, 0.00334662)) == ({x3, x4}, (2.99268e-05, 0.496827, 0.499797, 0.00334662))
({x3, x5}, (0.0221055, 0.464431, 0.467207, 0.0462567)) == ({x3, x5}, (0.0221055, 0.464431, 0.467207, 0.0462567))
({x3, x6}, (0.000256901, 0.497365, 0.500339, 0.00203907)) == ({x3, x6}, (0.000256901, 0.497365, 0.500339, 0.00203907))
({x3, x7}, (0.0220617, 0.0481451, 0.466282, 0.463511)) == ({x3, x7}, (0.0220617, 0.0481451, 0.466282, 0.463511))
({x3, x8}, (0.00874501, 0.491001, 0.493936, 0.00631818)) == ({x3, x8}, (0.00874501, 0.491001, 0.493936, 0.00631818))
({x3, x9}, (0.0203261, 0.0482305, 0.46711, 0.464334)) == ({x3, x9}, (0.0203261, 0.0482305, 0.46711, 0.464334))
({x4, x5}, (0.464431, 0.0221055, 0.0462567, 0.467207)) == ({x4, x5}, (0.464431, 0.0221055, 0.0462567, 0.467207))
({x4, x6}, (0.495832, 0.00333992, 0.00203278, 0.498796)) == ({x4, x6}, (0.495832, 0.00333992, 0.00203278, 0.498796))
({x4, x7}, (0.0481451, 0.0220617, 0.463511, 0.466282)) == ({x4, x7}, (0.0481451, 0.0220617, 0.463511, 0.466282))
({x4, x8}, (0.491001, 0.00874501, 0.00631818, 0.493936)) == ({x4, x8}, (0.491001, 0.00874501, 0.00631818, 0.493936))
({x4, x9}, (0.0482305, 0.0203261, 0.464334, 0.46711)) == ({x4, x9}, (0.0482305, 0.0203261, 0.464334, 0.46711))
({x5, x6}, (0.464431, 0.0462567, 0.0221055, 0.467207)) == ({x5, x6}, (0.464431, 0.0462567, 0.0221055, 0.467207))
({x5, x7}, (0.0482305, 0.0203261, 0.464334, 0.46711)) == ({x5, x7}, (0.0482305, 0.0203261, 0.464334, 0.46711))
({x5, x8}, (0.464431, 0.0462567, 0.0221055, 0.467207)) == ({x5, x8}, (0.464431, 0.0462567, 0.0221055, 0.467207))
({x5, x9}, (0.0470119, 0.0450785, 0.452602, 0.455308)) == ({x5, x9}, (0.0470119, 0.0450785, 0.452602, 0.455308))
({x6, x7}, (0.0481451, 0.0220617, 0.463511, 0.466282)) == ({x6, x7}, (0.0481451, 0.0220617, 0.463511, 0.466282))
({x6, x8}, (0.491001, 0.00874501, 0.00631818, 0.493936)) == ({x6, x8}, (0.491001, 0.00874501, 0.00631818, 0.493936))
({x6, x9}, (0.0482305, 0.0203261, 0.464334, 0.46711)) == ({x6, x9}, (0.0482305, 0.0203261, 0.464334, 0.46711))
({x7, x8}, (0.0481451, 0.463511, 0.0220617, 0.466282)) == ({x7, x8}, (0.0481451, 0.463511, 0.0220617, 0.466282))
({x7, x9}, (0.0794197, 0.0761536, 0.0752512, 0.769175)) == ({x7, x9}, (0.0794197, 0.0761536, 0.0752512, 0.769175))
({x8, x9}, (0.0482305, 0.0203261, 0.464334, 0.46711)) == ({x8, x9}, (0.0482305, 0.0203261, 0.464334, 0.46711))
Exact MAP state (log score = 25.0247):
x0: 0
x1: 0
x2: 0
x3: 0
x4: 1
x5: 1
x6: 1
x7: 1
x8: 1
x9: 1
