Builtin inference algorithms: {BP, EXACT, FBP, JTREE, TRWBP}

Exact variable marginals:
({x0}, (0.978445, 0.021555))
({x1}, (0.0251638, 0.974836))
({x2}, (0.9315, 0.0684996))
({x3}, (0.978843, 0.0211572))
({x4}, (0.0215134, 0.978487))
({x5}, (0.978417, 0.021583))
({x6}, (0.0936082, 0.906392))
({x7}, (0.0215299, 0.97847))
({x8}, (0.0215247, 0.978475))
({x9}, (0.0257933, 0.974207))
Exact factor marginals:
({x0}, (0.978445, 0.021555))
({x1}, (0.0251638, 0.974836))
({x2}, (0.9315, 0.0684996))
({x3}, (0.978843, 0.0211572))
({x4}, (0.0215134, 0.978487))
({x5}, (0.978417, 0.021583))
({x6}, (0.0936082, 0.906392))
({x7}, (0.0215299, 0.97847))
({x8}, (0.0215247, 0.978475))
({x9}, (0.0257933, 0.974207))
({x0, x1}, (0.00443011, 0.0207336, 0.974015, 0.000821368))
({x0, x2}, (0.923391, 0.0081091, 0.0550537, 0.0134459))
({x0, x3}, (0.978106, 0.00073719, 0.00033934, 0.0208178))
({x0, x4}, (2.99352e-05, 0.0214835, 0.978415, 7.15244e-05))
({x0, x5}, (0.978341, 7.60039e-05, 0.000103966, 0.021479))
({x0, x6}, (0.0810839, 0.0125243, 0.897361, 0.0090307))
({x0, x7}, (4.44908e-05, 0.0214854, 0.9784, 6.96518e-05))
({x0, x8}, (4.07487e-05, 0.0214839, 0.978404, 7.11038e-05))
({x0, x9}, (0.00435566, 0.0214376, 0.974089, 0.000117373))
({x1, x2}, (0.0124362, 0.919064, 0.0127276, 0.055772))
({x1, x3}, (0.0050913, 0.973752, 0.0200724, 0.00108471))
({x1, x4}, (0.0207411, 0.000772287, 0.00442262, 0.974064))
({x1, x5}, (0.00442694, 0.97399, 0.0207368, 0.000846158))
({x1, x6}, (0.0118835, 0.0817247, 0.0132802, 0.893112))
({x1, x7}, (0.0207435, 0.000786309, 0.00442021, 0.97405))
({x1, x8}, (0.0207461, 0.000778564, 0.00441766, 0.974058))
({x1, x9}, (0.0207023, 0.00509103, 0.00446149, 0.969745))
({x2, x3}, (0.923975, 0.0548682, 0.00752578, 0.0136314))
({x2, x4}, (0.00803782, 0.0134756, 0.923463, 0.055024))
({x2, x5}, (0.923458, 0.0549592, 0.00804254, 0.0135404))
({x2, x6}, (0.0716355, 0.0219727, 0.859865, 0.0465269))
({x2, x7}, (0.00805474, 0.0134751, 0.923446, 0.0550245))
({x2, x8}, (0.00804933, 0.0134753, 0.923451, 0.0550243))
({x2, x9}, (0.00875021, 0.0170431, 0.92275, 0.0514565))
({x3, x4}, (0.000668821, 0.0208446, 0.978174, 0.00031256))
({x3, x5}, (0.978101, 0.000316428, 0.000742239, 0.0208407))
({x3, x6}, (0.0807598, 0.0128484, 0.898083, 0.00830879))
({x3, x7}, (0.000686534, 0.0208433, 0.978156, 0.000313846))
({x3, x8}, (0.000679879, 0.0208448, 0.978163, 0.000312385))
({x3, x9}, (0.00499484, 0.0207985, 0.973848, 0.000358707))
({x4, x5}, (4.73506e-06, 0.978412, 0.0215087, 7.42859e-05))
({x4, x6}, (0.0125476, 0.0810606, 0.00896586, 0.897426))
({x4, x7}, (0.0215113, 1.85488e-05, 2.12058e-06, 0.978468))
({x4, x8}, (0.021513, 1.16166e-05, 3.82434e-07, 0.978475))
({x4, x9}, (0.0214672, 0.00432608, 4.62095e-05, 0.97416))
({x5, x6}, (0.0810625, 0.0125457, 0.897355, 0.00903724))
({x5, x7}, (2.28322e-05, 0.021507, 0.978394, 7.59549e-05))
({x5, x8}, (1.59573e-05, 0.0215087, 0.978401, 7.4274e-05))
({x5, x9}, (0.00431764, 0.0214757, 0.974099, 0.000107321))
({x6, x7}, (0.012551, 0.0089789, 0.0810572, 0.897413))
({x6, x8}, (0.0125509, 0.00897378, 0.0810573, 0.897418))
({x6, x9}, (0.0125343, 0.013259, 0.0810739, 0.893133))
({x7, x8}, (0.0215113, 1.33373e-05, 1.85314e-05, 0.978457))
({x7, x9}, (0.021466, 0.00432728, 6.38292e-05, 0.974143))
({x8, x9}, (0.0214714, 0.00432194, 5.33017e-05, 0.974153))
Exact log partition sum: 24.4749
Exact MAP variable marginals:
({x0}, (0.989596, 0.0104043))
({x1}, (0.0104043, 0.989596))
({x2}, (0.955996, 0.0440045))
({x3}, (0.989596, 0.0104043))
({x4}, (0.0104043, 0.989596))
({x5}, (0.989596, 0.0104043))
({x6}, (0.0746911, 0.925309))
({x7}, (0.0104043, 0.989596))
({x8}, (0.0104043, 0.989596))
({x9}, (0.0104043, 0.989596))
Exact MAP factor marginals:
({x0}, (0.989596, 0.0104043)) == ({x0}, (0.989596, 0.0104043))
({x1}, (0.0104043, 0.989596)) == ({x1}, (0.0104043, 0.989596))
({x2}, (0.955996, 0.0440045)) == ({x2}, (0.955996, 0.0440045))
({x3}, (0.989596, 0.0104043)) == ({x3}, (0.989596, 0.0104043))
({x4}, (0.0104043, 0.989596)) == ({x4}, (0.0104043, 0.989596))
({x5}, (0.989596, 0.0104043)) == ({x5}, (0.989596, 0.0104043))
({x6}, (0.0746911, 0.925309)) == ({x6}, (0.0746911, 0.925309))
({x7}, (0.0104043, 0.989596)) == ({x7}, (0.0104043, 0.989596))
({x8}, (0.0104043, 0.989596)) == ({x8}, (0.0104043, 0.989596))
({x9}, (0.0104043, 0.989596)) == ({x9}, (0.0104043, 0.989596))
({x0, x1}, (0.00502393, 0.0103437, 0.983826, 0.000806169)) == ({x0, x1}, (0.00502393, 0.0103437, 0.983826, 0.000806169))
({x0, x2}, (0.941738, 0.00501282, 0.0433482, 0.00990116)) == ({x0, x2}, (0.941738, 0.00501282, 0.0433482, 0.00990116))
({x0, x3}, (0.988653, 0.00071889, 0.000233491, 0.0103944)) == ({x0, x3}, (0.988653, 0.00071889, 0.000233491, 0.0103944))
({x0, x4}, (1.58961e-05, 0.0104034, 0.989509, 7.18933e-05)) == ({x0, x4}, (1.58961e-05, 0.0104034, 0.989509, 7.18933e-05))
({x0, x5}, (0.989466, 7.18902e-05, 5.8722e-05, 0.010403)) == ({x0, x5}, (0.989466, 7.18902e-05, 5.8722e-05, 0.010403))
({x0, x6}, (0.0736124, 0.00958793, 0.911945, 0.00485423)) == ({x0, x6}, (0.0736124, 0.00958793, 0.911945, 0.00485423))
({x0, x7}, (1.58961e-05, 0.0104034, 0.989509, 7.18933e-05)) == ({x0, x7}, (1.58961e-05, 0.0104034, 0.989509, 7.18933e-05))
({x0, x8}, (1.58961e-05, 0.0104034, 0.989509, 7.18933e-05)) == ({x0, x8}, (1.58961e-05, 0.0104034, 0.989509, 7.18933e-05))
({x0, x9}, (0.00408974, 0.010361, 0.985478, 7.16004e-05)) == ({x0, x9}, (0.00408974, 0.010361, 0.985478, 7.16004e-05))
({x1, x2}, (0.00501282, 0.941738, 0.00990116, 0.0433482)) == ({x1, x2}, (0.00501282, 0.941738, 0.00990116, 0.0433482))
({x1, x3}, (0.00502393, 0.983826, 0.0103437, 0.000806169)) == ({x1, x3}, (0.00502393, 0.983826, 0.0103437, 0.000806169))
({x1, x4}, (0.0103437, 0.000806169, 0.00502393, 0.983826)) == ({x1, x4}, (0.0103437, 0.000806169, 0.00502393, 0.983826))
({x1, x5}, (0.00502393, 0.983826, 0.0103437, 0.000806169)) == ({x1, x5}, (0.00502393, 0.983826, 0.0103437, 0.000806169))
({x1, x6}, (0.00958793, 0.0736124, 0.00485423, 0.911945)) == ({x1, x6}, (0.00958793, 0.0736124, 0.00485423, 0.911945))
({x1, x7}, (0.0103437, 0.000806169, 0.00502393, 0.983826)) == ({x1, x7}, (0.0103437, 0.000806169, 0.00502393, 0.983826))
({x1, x8}, (0.0103437, 0.000806169, 0.00502393, 0.983826)) == ({x1, x8}, (0.0103437, 0.000806169, 0.00502393, 0.983826))
({x1, x9}, (0.0103099, 0.00406955, 0.00500752, 0.980613)) == ({x1, x9}, (0.0103099, 0.00406955, 0.00500752, 0.980613))
({x2, x3}, (0.941738, 0.0433482, 0.00501282, 0.00990116)) == ({x2, x3}, (0.941738, 0.0433482, 0.00501282, 0.00990116))
({x2, x4}, (0.00501282, 0.00990116, 0.941738, 0.0433482)) == ({x2, x4}, (0.00501282, 0.00990116, 0.941738, 0.0433482))
({x2, x5}, (0.941738, 0.0433482, 0.00501282, 0.00990116)) == ({x2, x5}, (0.941738, 0.0433482, 0.00501282, 0.00990116))
({x2, x6}, (0.0707467, 0.0124674, 0.876443, 0.0403427)) == ({x2, x6}, (0.0707467, 0.0124674, 0.876443, 0.0403427))
({x2, x7}, (0.00501282, 0.00990116, 0.941738, 0.0433482)) == ({x2, x7}, (0.00501282, 0.00990116, 0.941738, 0.0433482))
({x2, x8}, (0.00501282, 0.00990116, 0.941738, 0.0433482)) == ({x2, x8}, (0.00501282, 0.00990116, 0.941738, 0.0433482))
({x2, x9}, (0.00501282, 0.00990116, 0.941738, 0.0433482)) == ({x2, x9}, (0.00501282, 0.00990116, 0.941738, 0.0433482))
({x3, x4}, (0.00071889, 0.0103944, 0.988653, 0.000233491)) == ({x3, x4}, (0.00071889, 0.0103944, 0.988653, 0.000233491))
({x3, x5}, (0.988653, 0.000233491, 0.00071889, 0.0103944)) == ({x3, x5}, (0.988653, 0.000233491, 0.00071889, 0.0103944))
({x3, x6}, (0.0736124, 0.00958793, 0.911945, 0.00485423)) == ({x3, x6}, (0.0736124, 0.00958793, 0.911945, 0.00485423))
({x3, x7}, (0.00071889, 0.0103944, 0.988653, 0.000233491)) == ({x3, x7}, (0.00071889, 0.0103944, 0.988653, 0.000233491))
({x3, x8}, (0.00071889, 0.0103944, 0.988653, 0.000233491)) == ({x3, x8}, (0.00071889, 0.0103944, 0.988653, 0.000233491))
({x3, x9}, (0.00408908, 0.0103594, 0.985319, 0.000232703)) == ({x3, x9}, (0.00408908, 0.0103594, 0.985319, 0.000232703))
({x4, x5}, (3.89393e-06, 0.989534, 0.0104037, 5.8726e-05)) == ({x4, x5}, (3.89393e-06, 0.989534, 0.0104037, 5.8726e-05))
({x4, x6}, (0.00958793, 0.0736124, 0.00485423, 0.911945)) == ({x4, x6}, (0.00958793, 0.0736124, 0.00485423, 0.911945))
({x4, x7}, (0.0104042, 1.09943e-05, 1.31032e-06, 0.989584)) == ({x4, x7}, (0.0104042, 1.09943e-05, 1.31032e-06, 0.989584))
({x4, x8}, (0.0104043, 2.86882e-06, 6.49995e-08, 0.989593)) == ({x4, x8}, (0.0104043, 2.86882e-06, 6.49995e-08, 0.989593))
({x4, x9}, (0.0103613, 0.00408983, 4.94394e-05, 0.985499)) == ({x4, x9}, (0.0103613, 0.00408983, 4.94394e-05, 0.985499))
({x5, x6}, (0.0736124, 0.00958793, 0.911945, 0.00485423)) == ({x5, x6}, (0.0736124, 0.00958793, 0.911945, 0.00485423))
({x5, x7}, (1.09937e-05, 0.0104036, 0.989527, 5.87256e-05)) == ({x5, x7}, (1.09937e-05, 0.0104036, 0.989527, 5.87256e-05))
({x5, x8}, (3.89393e-06, 0.0104037, 0.989534, 5.8726e-05)) == ({x5, x8}, (3.89393e-06, 0.0104037, 0.989534, 5.8726e-05))
({x5, x9}, (0.00408979, 0.0103612, 0.985491, 5.84861e-05)) == ({x5, x9}, (0.00408979, 0.0103612, 0.985491, 5.84861e-05))
({x6, x7}, (0.00958793, 0.00485423, 0.0736124, 0.911945)) == ({x6, x7}, (0.00958793, 0.00485423, 0.0736124, 0.911945))
({x6, x8}, (0.00958793, 0.00485423, 0.0736124, 0.911945)) == ({x6, x8}, (0.00958793, 0.00485423, 0.0736124, 0.911945))
({x6, x9}, (0.00958793, 0.00485423, 0.0736124, 0.911945)) == ({x6, x9}, (0.00958793, 0.00485423, 0.0736124, 0.911945))
({x7, x8}, (0.0104042, 2.86878e-06, 1.09943e-05, 0.989582)) == ({x7, x8}, (0.0104042, 2.86878e-06, 1.09943e-05, 0.989582))
({x7, x9}, (0.0103613, 0.00408983, 4.94394e-05, 0.985499)) == ({x7, x9}, (0.0103613, 0.00408983, 4.94394e-05, 0.985499))
({x8, x9}, (0.0103613, 0.00408983, 4.94394e-05, 0.985499)) == ({x8, x9}, (0.0103613, 0.00408983, 4.94394e-05, 0.985499))
Exact MAP state (log score = 24.3118):
x0: 0
x1: 1
x2: 0
x3: 0
x4: 1
x5: 0
x6: 1
x7: 1
x8: 1
x9: 1
