Builtin inference algorithms: {BP, EXACT, FBP, JTREE, TRWBP}

Exact variable marginals:
({x0}, (0.0692739, 0.930726))
({x1}, (0.932517, 0.0674825))
({x2}, (0.932056, 0.0679435))
({x3}, (0.0686283, 0.931372))
({x4}, (0.921516, 0.0784839))
({x5}, (0.931476, 0.0685237))
({x6}, (0.067939, 0.932061))
({x7}, (0.067939, 0.932061))
({x8}, (0.0680322, 0.931968))
({x9}, (0.0687385, 0.931262))
Exact factor marginals:
({x0}, (0.0692739, 0.930726))
({x1}, (0.932517, 0.0674825))
({x2}, (0.932056, 0.0679435))
({x3}, (0.0686283, 0.931372))
({x4}, (0.921516, 0.0784839))
({x5}, (0.931476, 0.0685237))
({x6}, (0.067939, 0.932061))
({x7}, (0.067939, 0.932061))
({x8}, (0.0680322, 0.931968))
({x9}, (0.0687385, 0.931262))
({x0, x1}, (0.00202111, 0.930496, 0.0672528, 0.000229703))
({x0, x2}, (0.00134675, 0.93071, 0.0679272, 1.63324e-05))
({x0, x3}, (0.0685981, 3.01943e-05, 0.000675812, 0.930696))
({x0, x4}, (0.00203721, 0.919479, 0.0672367, 0.0112471))
({x0, x5}, (0.00133976, 0.930137, 0.0679342, 0.000589489))
({x0, x6}, (0.067934, 4.91792e-06, 0.00133991, 0.930721))
({x0, x7}, (0.0679342, 4.7592e-06, 0.00133971, 0.930721))
({x0, x8}, (0.0680118, 2.03744e-05, 0.00126216, 0.930706))
({x0, x9}, (0.0687102, 2.83026e-05, 0.000563783, 0.930698))
({x1, x2}, (0.931813, 0.000243715, 0.000704705, 0.0672388))
({x1, x3}, (0.00147191, 0.0671564, 0.931046, 0.000326121))
({x1, x4}, (0.920582, 0.000934045, 0.0119354, 0.0665485))
({x1, x5}, (0.931234, 0.000242213, 0.00128335, 0.0672403))
({x1, x6}, (0.000694757, 0.0672442, 0.931823, 0.00023834))
({x1, x7}, (0.000694609, 0.0672444, 0.931823, 0.000238152))
({x1, x8}, (0.000793134, 0.067239, 0.931724, 0.000243509))
({x1, x9}, (0.00148945, 0.067249, 0.931028, 0.000233526))
({x2, x3}, (0.000784694, 0.0678436, 0.931272, 9.9893e-05))
({x2, x4}, (0.920817, 0.000699229, 0.0112396, 0.0672443))
({x2, x5}, (0.931469, 7.37056e-06, 0.000587518, 0.0679362))
({x2, x6}, (6.85449e-06, 0.0679321, 0.93205, 1.14274e-05))
({x2, x7}, (7.05349e-06, 0.0679319, 0.932049, 1.15867e-05))
({x2, x8}, (0.000106484, 0.0679257, 0.93195, 1.78493e-05))
({x2, x9}, (0.000809688, 0.0679288, 0.931247, 1.47493e-05))
({x3, x4}, (0.00142675, 0.920089, 0.0672016, 0.0112823))
({x3, x5}, (0.000778452, 0.930698, 0.0678499, 0.000673799))
({x3, x6}, (0.0678505, 8.84962e-05, 0.00077787, 0.931283))
({x3, x7}, (0.0678505, 8.84743e-05, 0.000777809, 0.931283))
({x3, x8}, (0.0679271, 0.000105086, 0.000701252, 0.931267))
({x3, x9}, (0.0685879, 0.000150537, 4.03992e-05, 0.931221))
({x4, x5}, (0.920461, 0.0110157, 0.00105547, 0.0674682))
({x4, x6}, (0.000698771, 0.0672402, 0.920817, 0.0112437))
({x4, x7}, (0.00069898, 0.06724, 0.920817, 0.0112439))
({x4, x8}, (0.000797105, 0.0672351, 0.920719, 0.0112488))
({x4, x9}, (0.00150008, 0.0672384, 0.920016, 0.0112455))
({x5, x6}, (3.90116e-06, 0.0679351, 0.931472, 0.000588622))
({x5, x7}, (4.08988e-06, 0.0679349, 0.931472, 0.000588771))
({x5, x8}, (0.000102885, 0.0679293, 0.931373, 0.000594398))
({x5, x9}, (0.000804721, 0.0679337, 0.930672, 0.00058993))
({x6, x7}, (0.0679387, 2.55941e-07, 2.16252e-07, 0.932061))
({x6, x8}, (0.0679324, 9.974e-05, 6.53221e-06, 0.931961))
({x6, x9}, (0.0679356, 0.000802847, 3.33512e-06, 0.931258))
({x7, x8}, (0.0679326, 9.95685e-05, 6.40038e-06, 0.931961))
({x7, x9}, (0.0679358, 0.000802648, 3.17635e-06, 0.931258))
({x8, x9}, (0.0680128, 0.00072567, 1.9366e-05, 0.931242))
Exact log partition sum: 20.8437
Exact MAP variable marginals:
({x0}, (0.0674738, 0.932526))
({x1}, (0.932526, 0.0674738))
({x2}, (0.932526, 0.0674738))
({x3}, (0.0674738, 0.932526))
({x4}, (0.932526, 0.0674738))
({x5}, (0.932526, 0.0674738))
({x6}, (0.0674738, 0.932526))
({x7}, (0.0674738, 0.932526))
({x8}, (0.0674738, 0.932526))
({x9}, (0.0674738, 0.932526))
Exact MAP factor marginals:
({x0}, (0.0674738, 0.932526)) == ({x0}, (0.0674738, 0.932526))
({x1}, (0.932526, 0.0674738)) == ({x1}, (0.932526, 0.0674738))
({x2}, (0.932526, 0.0674738)) == ({x2}, (0.932526, 0.0674738))
({x3}, (0.0674738, 0.932526)) == ({x3}, (0.0674738, 0.932526))
({x4}, (0.932526, 0.0674738)) == ({x4}, (0.932526, 0.0674738))
({x5}, (0.932526, 0.0674738)) == ({x5}, (0.932526, 0.0674738))
({x6}, (0.0674738, 0.932526)) == ({x6}, (0.0674738, 0.932526))
({x7}, (0.0674738, 0.932526)) == ({x7}, (0.0674738, 0.932526))
({x8}, (0.0674738, 0.932526)) == ({x8}, (0.0674738, 0.932526))
({x9}, (0.0674738, 0.932526)) == ({x9}, (0.0674738, 0.932526))
({x0, x1}, (0.000699975, 0.931661, 0.0674113, 0.000227523)) == ({x0, x1}, (0.000699975, 0.931661, 0.0674113, 0.000227523))
({x0, x2}, (0.000662287, 0.931902, 0.0674287, 7.14886e-06)) == ({x0, x2}, (0.000662287, 0.931902, 0.0674287, 7.14886e-06))
({x0, x3}, (0.0674355, 1.52574e-05, 0.000552177, 0.931997)) == ({x0, x3}, (0.0674355, 1.52574e-05, 0.000552177, 0.931997))
({x0, x4}, (0.000660339, 0.921625, 0.066685, 0.01103)) == ({x0, x4}, (0.000660339, 0.921625, 0.066685, 0.01103))
({x0, x5}, (0.000662053, 0.931574, 0.0674049, 0.000359386)) == ({x0, x5}, (0.000662053, 0.931574, 0.0674049, 0.000359386))
({x0, x6}, (0.067429, 1.92477e-06, 0.00066229, 0.931907)) == ({x0, x6}, (0.067429, 1.92477e-06, 0.00066229, 0.931907))
({x0, x7}, (0.067429, 1.92477e-06, 0.00066229, 0.931907)) == ({x0, x7}, (0.067429, 1.92477e-06, 0.00066229, 0.931907))
({x0, x8}, (0.0674281, 1.61805e-05, 0.000662281, 0.931893)) == ({x0, x8}, (0.0674281, 1.61805e-05, 0.000662281, 0.931893))
({x0, x9}, (0.0674348, 2.61503e-05, 0.000552171, 0.931987)) == ({x0, x9}, (0.0674348, 2.61503e-05, 0.000552171, 0.931987))
({x1, x2}, (0.931661, 0.000227523, 0.000699975, 0.0674113)) == ({x1, x2}, (0.931661, 0.000227523, 0.000699975, 0.0674113))
({x1, x3}, (0.000699975, 0.0674113, 0.931661, 0.000227523)) == ({x1, x3}, (0.000699975, 0.0674113, 0.931661, 0.000227523))
({x1, x4}, (0.921625, 0.000660339, 0.01103, 0.066685)) == ({x1, x4}, (0.921625, 0.000660339, 0.01103, 0.066685))
({x1, x5}, (0.931661, 0.000227523, 0.000699975, 0.0674113)) == ({x1, x5}, (0.931661, 0.000227523, 0.000699975, 0.0674113))
({x1, x6}, (0.000699975, 0.0674113, 0.931661, 0.000227523)) == ({x1, x6}, (0.000699975, 0.0674113, 0.931661, 0.000227523))
({x1, x7}, (0.000699975, 0.0674113, 0.931661, 0.000227523)) == ({x1, x7}, (0.000699975, 0.0674113, 0.931661, 0.000227523))
({x1, x8}, (0.000699975, 0.0674113, 0.931661, 0.000227523)) == ({x1, x8}, (0.000699975, 0.0674113, 0.931661, 0.000227523))
({x1, x9}, (0.000699975, 0.0674113, 0.931661, 0.000227523)) == ({x1, x9}, (0.000699975, 0.0674113, 0.931661, 0.000227523))
({x2, x3}, (0.000662258, 0.0674257, 0.931862, 5.04149e-05)) == ({x2, x3}, (0.000662258, 0.0674257, 0.931862, 5.04149e-05))
({x2, x4}, (0.921625, 0.000660339, 0.01103, 0.066685)) == ({x2, x4}, (0.921625, 0.000660339, 0.01103, 0.066685))
({x2, x5}, (0.932188, 2.61005e-06, 0.000359623, 0.0674494)) == ({x2, x5}, (0.932188, 2.61005e-06, 0.000359623, 0.0674494))
({x2, x6}, (3.26089e-06, 0.0674731, 0.932516, 7.15357e-06)) == ({x2, x6}, (3.26089e-06, 0.0674731, 0.932516, 7.15357e-06))
({x2, x7}, (3.26089e-06, 0.0674731, 0.932516, 7.15357e-06)) == ({x2, x7}, (3.26089e-06, 0.0674731, 0.932516, 7.15357e-06))
({x2, x8}, (8.16858e-05, 0.0674678, 0.932443, 7.15301e-06)) == ({x2, x8}, (8.16858e-05, 0.0674678, 0.932443, 7.15301e-06))
({x2, x9}, (0.000662287, 0.0674287, 0.931902, 7.14886e-06)) == ({x2, x9}, (0.000662287, 0.0674287, 0.931902, 7.14886e-06))
({x3, x4}, (0.000660339, 0.921625, 0.066685, 0.01103)) == ({x3, x4}, (0.000660339, 0.921625, 0.066685, 0.01103))
({x3, x5}, (0.000662053, 0.931574, 0.0674049, 0.000359386)) == ({x3, x5}, (0.000662053, 0.931574, 0.0674049, 0.000359386))
({x3, x6}, (0.0674257, 5.04149e-05, 0.000662258, 0.931862)) == ({x3, x6}, (0.0674257, 5.04149e-05, 0.000662258, 0.931862))
({x3, x7}, (0.0674257, 5.04149e-05, 0.000662258, 0.931862)) == ({x3, x7}, (0.0674257, 5.04149e-05, 0.000662258, 0.931862))
({x3, x8}, (0.0674257, 5.04149e-05, 0.000662258, 0.931862)) == ({x3, x8}, (0.0674257, 5.04149e-05, 0.000662258, 0.931862))
({x3, x9}, (0.0674694, 5.04476e-05, 1.52651e-05, 0.932465)) == ({x3, x9}, (0.0674694, 5.04476e-05, 1.52651e-05, 0.932465))
({x4, x5}, (0.921625, 0.01103, 0.000660339, 0.066685)) == ({x4, x5}, (0.921625, 0.01103, 0.000660339, 0.066685))
({x4, x6}, (0.000660339, 0.066685, 0.921625, 0.01103)) == ({x4, x6}, (0.000660339, 0.066685, 0.921625, 0.01103))
({x4, x7}, (0.000660339, 0.066685, 0.921625, 0.01103)) == ({x4, x7}, (0.000660339, 0.066685, 0.921625, 0.01103))
({x4, x8}, (0.000660339, 0.066685, 0.921625, 0.01103)) == ({x4, x8}, (0.000660339, 0.066685, 0.921625, 0.01103))
({x4, x9}, (0.000660339, 0.066685, 0.921625, 0.01103)) == ({x4, x9}, (0.000660339, 0.066685, 0.921625, 0.01103))
({x5, x6}, (2.04429e-06, 0.0674494, 0.932189, 0.000359623)) == ({x5, x6}, (2.04429e-06, 0.0674494, 0.932189, 0.000359623))
({x5, x7}, (2.04429e-06, 0.0674494, 0.932189, 0.000359623)) == ({x5, x7}, (2.04429e-06, 0.0674494, 0.932189, 0.000359623))
({x5, x8}, (8.1657e-05, 0.0674441, 0.932115, 0.000359594)) == ({x5, x8}, (8.1657e-05, 0.0674441, 0.932115, 0.000359594))
({x5, x9}, (0.000662053, 0.0674049, 0.931574, 0.000359386)) == ({x5, x9}, (0.000662053, 0.0674049, 0.931574, 0.000359386))
({x6, x7}, (0.0674738, 9.00771e-08, 1.51525e-07, 0.932526)) == ({x6, x7}, (0.0674738, 9.00771e-08, 1.51525e-07, 0.932526))
({x6, x8}, (0.067468, 8.1686e-05, 4.728e-06, 0.932446)) == ({x6, x8}, (0.067468, 8.1686e-05, 4.728e-06, 0.932446))
({x6, x9}, (0.067429, 0.00066229, 1.92477e-06, 0.931907)) == ({x6, x9}, (0.067429, 0.00066229, 1.92477e-06, 0.931907))
({x7, x8}, (0.067468, 8.1686e-05, 4.728e-06, 0.932446)) == ({x7, x8}, (0.067468, 8.1686e-05, 4.728e-06, 0.932446))
({x7, x9}, (0.067429, 0.00066229, 1.92477e-06, 0.931907)) == ({x7, x9}, (0.067429, 0.00066229, 1.92477e-06, 0.931907))
({x8, x9}, (0.0674281, 0.000662281, 1.61805e-05, 0.931893)) == ({x8, x9}, (0.0674281, 0.000662281, 1.61805e-05, 0.931893))
Exact MAP state (log score = 20.759):
x0: 1
x1: 0
x2: 0
x3: 1
x4: 0
x5: 0
x6: 1
x7: 1
x8: 1
x9: 1
