Builtin inference algorithms: {BP, EXACT, FBP, JTREE, TRWBP}

Exact variable marginals:
({x0}, (0.806188, 0.193812))
({x1}, (0.19381, 0.80619))
({x2}, (0.762582, 0.237418))
({x3}, (0.806182, 0.193818))
({x4}, (0.806192, 0.193808))
({x5}, (0.194223, 0.805777))
({x6}, (0.802104, 0.197896))
({x7}, (0.800997, 0.199003))
({x8}, (0.193851, 0.806149))
({x9}, (0.193811, 0.806189))
Exact factor marginals:
({x0}, (0.806188, 0.193812))
({x1}, (0.19381, 0.80619))
({x2}, (0.762582, 0.237418))
({x3}, (0.806182, 0.193818))
({x4}, (0.806192, 0.193808))
({x5}, (0.194223, 0.805777))
({x6}, (0.802104, 0.197896))
({x7}, (0.800997, 0.199003))
({x8}, (0.193851, 0.806149))
({x9}, (0.193811, 0.806189))
({x0, x1}, (2.16513e-05, 0.193788, 0.806166, 2.3669e-05))
({x0, x2}, (0.719731, 0.0428514, 0.0864573, 0.150961))
({x0, x3}, (0.806152, 3.01955e-05, 3.608e-05, 0.193782))
({x0, x4}, (0.806171, 2.16902e-05, 1.75251e-05, 0.19379))
({x0, x5}, (0.000982884, 0.19324, 0.805205, 0.000571487))
({x0, x6}, (0.801681, 0.000423326, 0.00450696, 0.193389))
({x0, x7}, (0.800854, 0.00014232, 0.00533358, 0.19367))
({x0, x8}, (7.53601e-05, 0.193775, 0.806113, 3.65534e-05))
({x0, x9}, (9.35427e-05, 0.193718, 0.806095, 9.44413e-05))
({x1, x2}, (0.0428689, 0.719713, 0.150941, 0.0864767))
({x1, x3}, (8.7376e-06, 0.806173, 0.193801, 1.66397e-05))
({x1, x4}, (6.92636e-06, 0.806185, 0.193803, 4.77893e-06))
({x1, x5}, (0.193231, 0.000992077, 0.000578663, 0.805198))
({x1, x6}, (0.000441199, 0.801663, 0.193369, 0.00452685))
({x1, x7}, (0.000159967, 0.800837, 0.19365, 0.00535324))
({x1, x8}, (0.193788, 6.2699e-05, 2.18746e-05, 0.806127))
({x1, x9}, (0.19373, 8.10411e-05, 7.99219e-05, 0.806109))
({x2, x3}, (0.719699, 0.0864834, 0.0428834, 0.150934))
({x2, x4}, (0.719717, 0.0864751, 0.0428651, 0.150943))
({x2, x5}, (0.0437913, 0.150432, 0.718791, 0.0869857))
({x2, x6}, (0.720153, 0.0819515, 0.0424293, 0.155466))
({x2, x7}, (0.719846, 0.0811506, 0.042736, 0.156267))
({x2, x8}, (0.0428715, 0.150979, 0.719711, 0.0864385))
({x2, x9}, (0.0429116, 0.150899, 0.719671, 0.0865183))
({x3, x4}, (0.806173, 1.91235e-05, 9.07397e-06, 0.193799))
({x3, x5}, (0.000988517, 0.193235, 0.805194, 0.000583005))
({x3, x6}, (0.801649, 0.000455561, 0.00453331, 0.193362))
({x3, x7}, (0.800823, 0.000174026, 0.0053594, 0.193644))
({x3, x8}, (6.76252e-05, 0.193783, 0.806115, 3.47029e-05))
({x3, x9}, (8.54445e-05, 0.193726, 0.806097, 9.22275e-05))
({x4, x5}, (0.000996577, 0.193227, 0.805196, 0.000581016))
({x4, x6}, (0.801667, 0.000437015, 0.00452481, 0.193371))
({x4, x7}, (0.800841, 0.000155743, 0.00535117, 0.193652))
({x4, x8}, (5.9269e-05, 0.193791, 0.806133, 1.62971e-05))
({x4, x9}, (7.72809e-05, 0.193734, 0.806115, 7.40143e-05))
({x5, x6}, (0.00139431, 0.80071, 0.192829, 0.00506655))
({x5, x7}, (0.00111907, 0.799878, 0.193104, 0.00589893))
({x5, x8}, (0.193211, 0.000639659, 0.00101225, 0.805137))
({x5, x9}, (0.193153, 0.000657766, 0.00107006, 0.805119))
({x6, x7}, (0.800786, 0.000210319, 0.00131795, 0.197685))
({x6, x8}, (0.000491206, 0.19336, 0.801613, 0.00453603))
({x6, x9}, (0.000504095, 0.193307, 0.8016, 0.00458863))
({x7, x8}, (0.000208347, 0.193642, 0.800788, 0.0053608))
({x7, x9}, (0.000222876, 0.193588, 0.800774, 0.00541503))
({x8, x9}, (0.193719, 9.23271e-05, 0.000132032, 0.806057))
Exact log partition sum: 34.135
Exact MAP variable marginals:
({x0}, (0.826998, 0.173002))
({x1}, (0.173002, 0.826998))
({x2}, (0.826998, 0.173002))
({x3}, (0.826998, 0.173002))
({x4}, (0.826998, 0.173002))
({x5}, (0.173002, 0.826998))
({x6}, (0.826998, 0.173002))
({x7}, (0.826998, 0.173002))
({x8}, (0.173002, 0.826998))
({x9}, (0.173002, 0.826998))
Exact MAP factor marginals:
({x0}, (0.826998, 0.173002)) == ({x0}, (0.826998, 0.173002))
({x1}, (0.173002, 0.826998)) == ({x1}, (0.173002, 0.826998))
({x2}, (0.826998, 0.173002)) == ({x2}, (0.826998, 0.173002))
({x3}, (0.826998, 0.173002)) == ({x3}, (0.826998, 0.173002))
({x4}, (0.826998, 0.173002)) == ({x4}, (0.826998, 0.173002))
({x5}, (0.173002, 0.826998)) == ({x5}, (0.173002, 0.826998))
({x6}, (0.826998, 0.173002)) == ({x6}, (0.826998, 0.173002))
({x7}, (0.826998, 0.173002)) == ({x7}, (0.826998, 0.173002))
({x8}, (0.173002, 0.826998)) == ({x8}, (0.173002, 0.826998))
({x9}, (0.173002, 0.826998)) == ({x9}, (0.173002, 0.826998))
({x0, x1}, (1.27493e-05, 0.172997, 0.826974, 1.64627e-05)) == ({x0, x1}, (1.27493e-05, 0.172997, 0.826974, 1.64627e-05))
({x0, x2}, (0.724255, 0.0427041, 0.0815316, 0.151509)) == ({x0, x2}, (0.724255, 0.0427041, 0.0815316, 0.151509))
({x0, x3}, (0.826974, 1.64627e-05, 1.27493e-05, 0.172997)) == ({x0, x3}, (0.826974, 1.64627e-05, 1.27493e-05, 0.172997))
({x0, x4}, (0.826974, 1.64627e-05, 1.27493e-05, 0.172997)) == ({x0, x4}, (0.826974, 1.64627e-05, 1.27493e-05, 0.172997))
({x0, x5}, (0.00109254, 0.172707, 0.825585, 0.000615423)) == ({x0, x5}, (0.00109254, 0.172707, 0.825585, 0.000615423))
({x0, x6}, (0.822667, 0.000327993, 0.00490921, 0.172096)) == ({x0, x6}, (0.822667, 0.000327993, 0.00490921, 0.172096))
({x0, x7}, (0.822815, 0.000147893, 0.00491009, 0.172127)) == ({x0, x7}, (0.822815, 0.000147893, 0.00491009, 0.172127))
({x0, x8}, (3.85633e-05, 0.172993, 0.826952, 1.64623e-05)) == ({x0, x8}, (3.85633e-05, 0.172993, 0.826952, 1.64623e-05))
({x0, x9}, (7.19795e-05, 0.172978, 0.826883, 6.62608e-05)) == ({x0, x9}, (7.19795e-05, 0.172978, 0.826883, 6.62608e-05))
({x1, x2}, (0.0427041, 0.724255, 0.151509, 0.0815316)) == ({x1, x2}, (0.0427041, 0.724255, 0.151509, 0.0815316))
({x1, x3}, (4.45283e-06, 0.826986, 0.173, 9.65187e-06)) == ({x1, x3}, (4.45283e-06, 0.826986, 0.173, 9.65187e-06))
({x1, x4}, (4.37088e-06, 0.826992, 0.173001, 3.03886e-06)) == ({x1, x4}, (4.37088e-06, 0.826992, 0.173001, 3.03886e-06))
({x1, x5}, (0.172707, 0.00109254, 0.000615423, 0.825585)) == ({x1, x5}, (0.172707, 0.00109254, 0.000615423, 0.825585))
({x1, x6}, (0.000327993, 0.822667, 0.172096, 0.00490921)) == ({x1, x6}, (0.000327993, 0.822667, 0.172096, 0.00490921))
({x1, x7}, (0.000147893, 0.822815, 0.172127, 0.00491009)) == ({x1, x7}, (0.000147893, 0.822815, 0.172127, 0.00491009))
({x1, x8}, (0.172993, 3.85634e-05, 1.42967e-05, 0.826954)) == ({x1, x8}, (0.172993, 3.85634e-05, 1.42967e-05, 0.826954))
({x1, x9}, (0.172978, 7.19795e-05, 6.62608e-05, 0.826883)) == ({x1, x9}, (0.172978, 7.19795e-05, 6.62608e-05, 0.826883))
({x2, x3}, (0.724255, 0.0815316, 0.0427041, 0.151509)) == ({x2, x3}, (0.724255, 0.0815316, 0.0427041, 0.151509))
({x2, x4}, (0.724255, 0.0815316, 0.0427041, 0.151509)) == ({x2, x4}, (0.724255, 0.0815316, 0.0427041, 0.151509))
({x2, x5}, (0.0427041, 0.151509, 0.724255, 0.0815316)) == ({x2, x5}, (0.0427041, 0.151509, 0.724255, 0.0815316))
({x2, x6}, (0.724255, 0.0815316, 0.0427041, 0.151509)) == ({x2, x6}, (0.724255, 0.0815316, 0.0427041, 0.151509))
({x2, x7}, (0.724255, 0.0815316, 0.0427041, 0.151509)) == ({x2, x7}, (0.724255, 0.0815316, 0.0427041, 0.151509))
({x2, x8}, (0.0427041, 0.151509, 0.724255, 0.0815316)) == ({x2, x8}, (0.0427041, 0.151509, 0.724255, 0.0815316))
({x2, x9}, (0.0427041, 0.151509, 0.724255, 0.0815316)) == ({x2, x9}, (0.0427041, 0.151509, 0.724255, 0.0815316))
({x3, x4}, (0.826986, 9.65187e-06, 4.45283e-06, 0.173)) == ({x3, x4}, (0.826986, 9.65187e-06, 4.45283e-06, 0.173))
({x3, x5}, (0.00109254, 0.172707, 0.825585, 0.000615423)) == ({x3, x5}, (0.00109254, 0.172707, 0.825585, 0.000615423))
({x3, x6}, (0.822667, 0.000327993, 0.00490921, 0.172096)) == ({x3, x6}, (0.822667, 0.000327993, 0.00490921, 0.172096))
({x3, x7}, (0.822815, 0.000147893, 0.00491009, 0.172127)) == ({x3, x7}, (0.822815, 0.000147893, 0.00491009, 0.172127))
({x3, x8}, (3.85634e-05, 0.172993, 0.826954, 1.42967e-05)) == ({x3, x8}, (3.85634e-05, 0.172993, 0.826954, 1.42967e-05))
({x3, x9}, (7.19795e-05, 0.172978, 0.826883, 6.62608e-05)) == ({x3, x9}, (7.19795e-05, 0.172978, 0.826883, 6.62608e-05))
({x4, x5}, (0.00109254, 0.172707, 0.825585, 0.000615423)) == ({x4, x5}, (0.00109254, 0.172707, 0.825585, 0.000615423))
({x4, x6}, (0.822667, 0.000327993, 0.00490921, 0.172096)) == ({x4, x6}, (0.822667, 0.000327993, 0.00490921, 0.172096))
({x4, x7}, (0.822815, 0.000147893, 0.00491009, 0.172127)) == ({x4, x7}, (0.822815, 0.000147893, 0.00491009, 0.172127))
({x4, x8}, (3.85634e-05, 0.172993, 0.826954, 1.42967e-05)) == ({x4, x8}, (3.85634e-05, 0.172993, 0.826954, 1.42967e-05))
({x4, x9}, (7.19795e-05, 0.172978, 0.826883, 6.62608e-05)) == ({x4, x9}, (7.19795e-05, 0.172978, 0.826883, 6.62608e-05))
({x5, x6}, (0.00108785, 0.822041, 0.171965, 0.00490548)) == ({x5, x6}, (0.00108785, 0.822041, 0.171965, 0.00490548))
({x5, x7}, (0.00108785, 0.822041, 0.171965, 0.00490548)) == ({x5, x7}, (0.00108785, 0.822041, 0.171965, 0.00490548))
({x5, x8}, (0.172707, 0.000615423, 0.00109254, 0.825585)) == ({x5, x8}, (0.172707, 0.000615423, 0.00109254, 0.825585))
({x5, x9}, (0.172707, 0.000615423, 0.00109254, 0.825585)) == ({x5, x9}, (0.172707, 0.000615423, 0.00109254, 0.825585))
({x6, x7}, (0.825863, 0.000226824, 0.00114582, 0.172765)) == ({x6, x7}, (0.825863, 0.000226824, 0.00114582, 0.172765))
({x6, x8}, (0.000327993, 0.172096, 0.822667, 0.00490921)) == ({x6, x8}, (0.000327993, 0.172096, 0.822667, 0.00490921))
({x6, x9}, (0.000327993, 0.172096, 0.822667, 0.00490921)) == ({x6, x9}, (0.000327993, 0.172096, 0.822667, 0.00490921))
({x7, x8}, (0.000147893, 0.172127, 0.822815, 0.00491009)) == ({x7, x8}, (0.000147893, 0.172127, 0.822815, 0.00491009))
({x7, x9}, (0.000147893, 0.172127, 0.822815, 0.00491009)) == ({x7, x9}, (0.000147893, 0.172127, 0.822815, 0.00491009))
({x8, x9}, (0.172978, 7.19795e-05, 6.62608e-05, 0.826883)) == ({x8, x9}, (0.172978, 7.19795e-05, 6.62608e-05, 0.826883))
Exact MAP state (log score = 33.8046):
x0: 0
x1: 1
x2: 0
x3: 0
x4: 0
x5: 1
x6: 0
x7: 0
x8: 1
x9: 1
