Builtin inference algorithms: {BP, EXACT, FBP, JTREE, TRWBP}

Exact variable marginals:
({x0}, (0.142113, 0.857887))
({x1}, (0.122788, 0.877212))
({x2}, (0.876588, 0.123412))
({x3}, (0.869404, 0.130596))
({x4}, (0.12266, 0.87734))
({x5}, (0.521117, 0.478883))
({x6}, (0.119034, 0.880966))
({x7}, (0.122985, 0.877015))
({x8}, (0.435593, 0.564407))
({x9}, (0.122807, 0.877193))
Exact factor marginals:
({x0}, (0.142113, 0.857887))
({x1}, (0.122788, 0.877212))
({x2}, (0.876588, 0.123412))
({x3}, (0.869404, 0.130596))
({x4}, (0.12266, 0.87734))
({x5}, (0.521117, 0.478883))
({x6}, (0.119034, 0.880966))
({x7}, (0.122985, 0.877015))
({x8}, (0.435593, 0.564407))
({x9}, (0.122807, 0.877193))
({x0, x1}, (0.119697, 0.00309098, 0.0224161, 0.854796))
({x0, x2}, (0.0225946, 0.853993, 0.119518, 0.00389394))
({x0, x3}, (0.0226441, 0.84676, 0.119469, 0.0111266))
({x0, x4}, (0.119275, 0.00338437, 0.0228376, 0.854503))
({x0, x5}, (0.0903405, 0.430776, 0.0517726, 0.427111))
({x0, x6}, (0.113785, 0.00524851, 0.0283277, 0.852638))
({x0, x7}, (0.119717, 0.00326809, 0.0223959, 0.854619))
({x0, x8}, (0.111264, 0.324329, 0.0308492, 0.533558))
({x0, x9}, (0.120394, 0.00241335, 0.0217191, 0.855474))
({x1, x2}, (0.000308126, 0.876279, 0.12248, 0.000932583))
({x1, x3}, (0.000296999, 0.869107, 0.122491, 0.00810462))
({x1, x4}, (0.122231, 0.000429263, 0.000557432, 0.876783))
({x1, x5}, (0.0933884, 0.427728, 0.0293995, 0.449484))
({x1, x6}, (0.116741, 0.00229273, 0.00604678, 0.874919))
({x1, x7}, (0.122682, 0.000303583, 0.000106325, 0.876908))
({x1, x8}, (0.0892085, 0.346384, 0.0335795, 0.530828))
({x1, x9}, (0.121967, 0.000840313, 0.000820974, 0.876372))
({x2, x3}, (0.868196, 0.00120828, 0.00839144, 0.122204))
({x2, x4}, (0.000163643, 0.122496, 0.876424, 0.000916269))
({x2, x5}, (0.427274, 0.0938423, 0.449313, 0.0295701))
({x2, x6}, (0.00229297, 0.116741, 0.874295, 0.00667148))
({x2, x7}, (0.000260843, 0.122724, 0.876327, 0.000688042))
({x2, x8}, (0.34666, 0.0889322, 0.529927, 0.0344802))
({x2, x9}, (0.000996198, 0.121811, 0.875591, 0.00160132))
({x3, x4}, (0.000712851, 0.121947, 0.868692, 0.00864864))
({x3, x5}, (0.420994, 0.100122, 0.44841, 0.0304733))
({x3, x6}, (0.00177452, 0.117259, 0.86763, 0.0133362))
({x3, x7}, (0.00057626, 0.122409, 0.868828, 0.00818662))
({x3, x8}, (0.342702, 0.0928904, 0.526702, 0.0377052))
({x3, x9}, (0.00108639, 0.121721, 0.868318, 0.00887467))
({x4, x5}, (0.0930672, 0.428049, 0.0295926, 0.449291))
({x4, x6}, (0.116621, 0.00241329, 0.00603917, 0.874927))
({x4, x7}, (0.122376, 0.000608985, 0.000283558, 0.876731))
({x4, x8}, (0.0888889, 0.346704, 0.0337708, 0.530636))
({x4, x9}, (0.121554, 0.0012538, 0.00110629, 0.876086))
({x5, x6}, (0.0873703, 0.0316636, 0.433746, 0.44722))
({x5, x7}, (0.093564, 0.0294212, 0.427553, 0.449462))
({x5, x8}, (0.0703141, 0.365279, 0.450803, 0.113605))
({x5, x9}, (0.0925901, 0.0302172, 0.428527, 0.448666))
({x6, x7}, (0.116761, 0.00622419, 0.00227288, 0.874742))
({x6, x8}, (0.0908673, 0.344725, 0.0281667, 0.536241))
({x6, x9}, (0.116047, 0.00676037, 0.00298698, 0.874206))
({x7, x8}, (0.0891235, 0.346469, 0.0338617, 0.530546))
({x7, x9}, (0.121998, 0.000809066, 0.000986984, 0.876206))
({x8, x9}, (0.0897945, 0.0330128, 0.345798, 0.531395))
Exact log partition sum: 24.8898
Exact MAP variable marginals:
({x0}, (0.12525, 0.87475))
({x1}, (0.12525, 0.87475))
({x2}, (0.87475, 0.12525))
({x3}, (0.87475, 0.12525))
({x4}, (0.12525, 0.87475))
({x5}, (0.56997, 0.43003))
({x6}, (0.12525, 0.87475))
({x7}, (0.12525, 0.87475))
({x8}, (0.43003, 0.56997))
({x9}, (0.12525, 0.87475))
Exact MAP factor marginals:
({x0}, (0.12525, 0.87475)) == ({x0}, (0.12525, 0.87475))
({x1}, (0.12525, 0.87475)) == ({x1}, (0.12525, 0.87475))
({x2}, (0.87475, 0.12525)) == ({x2}, (0.87475, 0.12525))
({x3}, (0.87475, 0.12525)) == ({x3}, (0.87475, 0.12525))
({x4}, (0.12525, 0.87475)) == ({x4}, (0.12525, 0.87475))
({x5}, (0.56997, 0.43003)) == ({x5}, (0.56997, 0.43003))
({x6}, (0.12525, 0.87475)) == ({x6}, (0.12525, 0.87475))
({x7}, (0.12525, 0.87475)) == ({x7}, (0.12525, 0.87475))
({x8}, (0.43003, 0.56997)) == ({x8}, (0.43003, 0.56997))
({x9}, (0.12525, 0.87475)) == ({x9}, (0.12525, 0.87475))
({x0, x1}, (0.11925, 0.00456243, 0.0433371, 0.83285)) == ({x0, x1}, (0.11925, 0.00456243, 0.0433371, 0.83285))
({x0, x2}, (0.0433371, 0.83285, 0.11925, 0.00456243)) == ({x0, x2}, (0.0433371, 0.83285, 0.11925, 0.00456243))
({x0, x3}, (0.0431543, 0.829338, 0.118747, 0.00876086)) == ({x0, x3}, (0.0431543, 0.829338, 0.118747, 0.00876086))
({x0, x4}, (0.11925, 0.00456243, 0.0433371, 0.83285)) == ({x0, x4}, (0.11925, 0.00456243, 0.0433371, 0.83285))
({x0, x5}, (0.0727329, 0.507971, 0.0360426, 0.383254)) == ({x0, x5}, (0.0727329, 0.507971, 0.0360426, 0.383254))
({x0, x6}, (0.11925, 0.00456243, 0.0433371, 0.83285)) == ({x0, x6}, (0.11925, 0.00456243, 0.0433371, 0.83285))
({x0, x7}, (0.11925, 0.00456243, 0.0433371, 0.83285)) == ({x0, x7}, (0.11925, 0.00456243, 0.0433371, 0.83285))
({x0, x8}, (0.0731025, 0.385201, 0.0311439, 0.510552)) == ({x0, x8}, (0.0731025, 0.385201, 0.0311439, 0.510552))
({x0, x9}, (0.11925, 0.00456243, 0.0433371, 0.83285)) == ({x0, x9}, (0.11925, 0.00456243, 0.0433371, 0.83285))
({x1, x2}, (0.000318192, 0.873609, 0.125086, 0.000986955)) == ({x1, x2}, (0.000318192, 0.873609, 0.125086, 0.000986955))
({x1, x3}, (0.000484067, 0.866322, 0.124043, 0.00915155)) == ({x1, x3}, (0.000484067, 0.866322, 0.124043, 0.00915155))
({x1, x4}, (0.125182, 0.000216965, 0.000318437, 0.874282)) == ({x1, x4}, (0.125182, 0.000216965, 0.000318437, 0.874282))
({x1, x5}, (0.0727329, 0.507971, 0.0360426, 0.383254)) == ({x1, x5}, (0.0727329, 0.507971, 0.0360426, 0.383254))
({x1, x6}, (0.123487, 0.00346612, 0.0106075, 0.86244)) == ({x1, x6}, (0.123487, 0.00346612, 0.0106075, 0.86244))
({x1, x7}, (0.125203, 0.000217, 0.00015388, 0.874426)) == ({x1, x7}, (0.125203, 0.000217, 0.00015388, 0.874426))
({x1, x8}, (0.0731025, 0.385201, 0.0311439, 0.510552)) == ({x1, x8}, (0.0731025, 0.385201, 0.0311439, 0.510552))
({x1, x9}, (0.124903, 0.00152929, 0.00123822, 0.87233)) == ({x1, x9}, (0.124903, 0.00152929, 0.00123822, 0.87233))
({x2, x3}, (0.865893, 0.000978238, 0.00914703, 0.123981)) == ({x2, x3}, (0.865893, 0.000978238, 0.00914703, 0.123981))
({x2, x4}, (0.000119906, 0.125111, 0.873782, 0.00098715)) == ({x2, x4}, (0.000119906, 0.125111, 0.873782, 0.00098715))
({x2, x5}, (0.507971, 0.0727329, 0.383254, 0.0360426)) == ({x2, x5}, (0.507971, 0.0727329, 0.383254, 0.0360426))
({x2, x6}, (0.00346612, 0.123487, 0.86244, 0.0106075)) == ({x2, x6}, (0.00346612, 0.123487, 0.86244, 0.0106075))
({x2, x7}, (0.000318192, 0.125086, 0.873609, 0.000986955)) == ({x2, x7}, (0.000318192, 0.125086, 0.873609, 0.000986955))
({x2, x8}, (0.385201, 0.0731025, 0.510552, 0.0311439)) == ({x2, x8}, (0.385201, 0.0731025, 0.510552, 0.0311439))
({x2, x9}, (0.00152929, 0.124903, 0.87233, 0.00123822)) == ({x2, x9}, (0.00152929, 0.124903, 0.87233, 0.00123822))
({x3, x4}, (0.000484067, 0.124043, 0.866322, 0.00915155)) == ({x3, x4}, (0.000484067, 0.124043, 0.866322, 0.00915155))
({x3, x5}, (0.507971, 0.0727329, 0.383254, 0.0360426)) == ({x3, x5}, (0.507971, 0.0727329, 0.383254, 0.0360426))
({x3, x6}, (0.00346612, 0.123487, 0.86244, 0.0106075)) == ({x3, x6}, (0.00346612, 0.123487, 0.86244, 0.0106075))
({x3, x7}, (0.000484067, 0.124043, 0.866322, 0.00915155)) == ({x3, x7}, (0.000484067, 0.124043, 0.866322, 0.00915155))
({x3, x8}, (0.385201, 0.0731025, 0.510552, 0.0311439)) == ({x3, x8}, (0.385201, 0.0731025, 0.510552, 0.0311439))
({x3, x9}, (0.00151719, 0.123914, 0.865426, 0.00914209)) == ({x3, x9}, (0.00151719, 0.123914, 0.865426, 0.00914209))
({x4, x5}, (0.0727329, 0.507971, 0.0360426, 0.383254)) == ({x4, x5}, (0.0727329, 0.507971, 0.0360426, 0.383254))
({x4, x6}, (0.123487, 0.00346612, 0.0106075, 0.86244)) == ({x4, x6}, (0.123487, 0.00346612, 0.0106075, 0.86244))
({x4, x7}, (0.125193, 0.000318464, 0.00013397, 0.874355)) == ({x4, x7}, (0.125193, 0.000318464, 0.00013397, 0.874355))
({x4, x8}, (0.0731025, 0.385201, 0.0311439, 0.510552)) == ({x4, x8}, (0.0731025, 0.385201, 0.0311439, 0.510552))
({x4, x9}, (0.124903, 0.00152929, 0.00123822, 0.87233)) == ({x4, x9}, (0.124903, 0.00152929, 0.00123822, 0.87233))
({x5, x6}, (0.0727329, 0.0360426, 0.507971, 0.383254)) == ({x5, x6}, (0.0727329, 0.0360426, 0.507971, 0.383254))
({x5, x7}, (0.0727329, 0.0360426, 0.507971, 0.383254)) == ({x5, x7}, (0.0727329, 0.0360426, 0.507971, 0.383254))
({x5, x8}, (0.0659159, 0.347333, 0.460361, 0.126391)) == ({x5, x8}, (0.0659159, 0.347333, 0.460361, 0.126391))
({x5, x9}, (0.0727329, 0.0360426, 0.507971, 0.383254)) == ({x5, x9}, (0.0727329, 0.0360426, 0.507971, 0.383254))
({x6, x7}, (0.123487, 0.0106075, 0.00346612, 0.86244)) == ({x6, x7}, (0.123487, 0.0106075, 0.00346612, 0.86244))
({x6, x8}, (0.0731025, 0.385201, 0.0311439, 0.510552)) == ({x6, x8}, (0.0731025, 0.385201, 0.0311439, 0.510552))
({x6, x9}, (0.123487, 0.0106075, 0.00346612, 0.86244)) == ({x6, x9}, (0.123487, 0.0106075, 0.00346612, 0.86244))
({x7, x8}, (0.0731025, 0.385201, 0.0311439, 0.510552)) == ({x7, x8}, (0.0731025, 0.385201, 0.0311439, 0.510552))
({x7, x9}, (0.124903, 0.00152929, 0.00123822, 0.87233)) == ({x7, x9}, (0.124903, 0.00152929, 0.00123822, 0.87233))
({x8, x9}, (0.0731025, 0.0311439, 0.385201, 0.510552)) == ({x8, x9}, (0.0731025, 0.0311439, 0.385201, 0.510552))
Exact MAP state (log score = 24.0033):
x0: 1
x1: 1
x2: 0
x3: 0
x4: 1
x5: 0
x6: 1
x7: 1
x8: 1
x9: 1
