Builtin inference algorithms: {BP, EXACT, FBP, JTREE, TRWBP}

Exact variable marginals:
({x0}, (0.331723, 0.668277))
({x1}, (0.196715, 0.803285))
({x2}, (0.516512, 0.483488))
({x3}, (0.823289, 0.176711))
({x4}, (0.233865, 0.766135))
({x5}, (0.684439, 0.315561))
({x6}, (0.391365, 0.608635))
({x7}, (0.696192, 0.303808))
({x8}, (0.143902, 0.856098))
({x9}, (0.826093, 0.173907))
Exact factor marginals:
({x0}, (0.331723, 0.668277))
({x1}, (0.196715, 0.803285))
({x2}, (0.516512, 0.483488))
({x3}, (0.823289, 0.176711))
({x4}, (0.233865, 0.766135))
({x5}, (0.684439, 0.315561))
({x6}, (0.391365, 0.608635))
({x7}, (0.696192, 0.303808))
({x8}, (0.143902, 0.856098))
({x9}, (0.826093, 0.173907))
({x0, x1}, (0.100123, 0.0965921, 0.2316, 0.571685))
({x0, x2}, (0.0538027, 0.462709, 0.27792, 0.205568))
({x0, x3}, (0.264136, 0.559153, 0.0675865, 0.109125))
({x0, x4}, (0.0971854, 0.13668, 0.234537, 0.531597))
({x0, x5}, (0.127088, 0.557351, 0.204635, 0.110926))
({x0, x6}, (0.102732, 0.288633, 0.228991, 0.379644))
({x0, x7}, (0.118905, 0.577288, 0.212818, 0.0909897))
({x0, x8}, (0.0495151, 0.094387, 0.282208, 0.57389))
({x0, x9}, (0.248444, 0.577649, 0.0832789, 0.0906282))
({x1, x2}, (0.0522237, 0.464288, 0.144491, 0.338997))
({x1, x3}, (0.144456, 0.678833, 0.0522591, 0.124452))
({x1, x4}, (0.00979423, 0.224071, 0.186921, 0.579214))
({x1, x5}, (0.0972132, 0.587226, 0.0995018, 0.216059))
({x1, x6}, (0.0836399, 0.307725, 0.113075, 0.49556))
({x1, x7}, (0.12089, 0.575303, 0.0758254, 0.227982))
({x1, x8}, (0.0157424, 0.12816, 0.180973, 0.675125))
({x1, x9}, (0.129731, 0.696362, 0.066984, 0.106923))
({x2, x3}, (0.430476, 0.392813, 0.0860358, 0.0906753))
({x2, x4}, (0.139873, 0.0939926, 0.376639, 0.389495))
({x2, x5}, (0.46818, 0.216259, 0.0483321, 0.267229))
({x2, x6}, (0.252691, 0.138674, 0.263821, 0.344814))
({x2, x7}, (0.455372, 0.240821, 0.0611403, 0.242667))
({x2, x8}, (0.09979, 0.044112, 0.416722, 0.439376))
({x2, x9}, (0.46247, 0.363623, 0.0540419, 0.119865))
({x3, x4}, (0.205849, 0.0280162, 0.61744, 0.148695))
({x3, x5}, (0.535943, 0.148496, 0.287346, 0.0282153))
({x3, x6}, (0.327424, 0.0639414, 0.495865, 0.11277))
({x3, x7}, (0.606932, 0.0892607, 0.216357, 0.0874505))
({x3, x8}, (0.0836319, 0.0602702, 0.739657, 0.116441))
({x3, x9}, (0.665159, 0.160934, 0.15813, 0.015777))
({x4, x5}, (0.17501, 0.509429, 0.0588554, 0.256706))
({x4, x6}, (0.107616, 0.28375, 0.12625, 0.482385))
({x4, x7}, (0.119556, 0.576636, 0.114309, 0.189499))
({x4, x8}, (0.068492, 0.07541, 0.165373, 0.690725))
({x4, x9}, (0.201791, 0.624302, 0.0320746, 0.141832))
({x5, x6}, (0.335899, 0.0554658, 0.34854, 0.260095))
({x5, x7}, (0.538339, 0.157854, 0.1461, 0.157707))
({x5, x8}, (0.116241, 0.0276608, 0.568198, 0.2879))
({x5, x9}, (0.634643, 0.19145, 0.0497957, 0.124111))
({x6, x7}, (0.264322, 0.43187, 0.127043, 0.176764))
({x6, x8}, (0.0322906, 0.111611, 0.359075, 0.497023))
({x6, x9}, (0.363996, 0.462097, 0.0273696, 0.146537))
({x7, x8}, (0.0851283, 0.0587738, 0.611064, 0.245034))
({x7, x9}, (0.583821, 0.242272, 0.112371, 0.0615358))
({x8, x9}, (0.118056, 0.708037, 0.0258464, 0.148061))
Exact log partition sum: 10.9778
Exact MAP variable marginals:
({x0}, (0.183589, 0.816411))
({x1}, (0.133575, 0.866425))
({x2}, (0.745223, 0.254777))
({x3}, (0.87571, 0.12429))
({x4}, (0.250027, 0.749973))
({x5}, (0.816411, 0.183589))
({x6}, (0.549613, 0.450387))
({x7}, (0.816411, 0.183589))
({x8}, (0.110787, 0.889213))
({x9}, (0.890018, 0.109982))
Exact MAP factor marginals:
({x0}, (0.183589, 0.816411)) == ({x0}, (0.183589, 0.816411))
({x1}, (0.133575, 0.866425)) == ({x1}, (0.133575, 0.866425))
({x2}, (0.745223, 0.254777)) == ({x2}, (0.745223, 0.254777))
({x3}, (0.87571, 0.12429)) == ({x3}, (0.87571, 0.12429))
({x4}, (0.250027, 0.749973)) == ({x4}, (0.250027, 0.749973))
({x5}, (0.816411, 0.183589)) == ({x5}, (0.816411, 0.183589))
({x6}, (0.549613, 0.450387)) == ({x6}, (0.549613, 0.450387))
({x7}, (0.816411, 0.183589)) == ({x7}, (0.816411, 0.183589))
({x8}, (0.110787, 0.889213)) == ({x8}, (0.110787, 0.889213))
({x9}, (0.890018, 0.109982)) == ({x9}, (0.890018, 0.109982))
({x0, x1}, (0.0822384, 0.1026, 0.149655, 0.665507)) == ({x0, x1}, (0.0822384, 0.1026, 0.149655, 0.665507))
({x0, x2}, (0.0251446, 0.622214, 0.139919, 0.212723)) == ({x0, x2}, (0.0251446, 0.622214, 0.139919, 0.212723))
({x0, x3}, (0.158213, 0.703567, 0.0383616, 0.099858)) == ({x0, x3}, (0.158213, 0.703567, 0.0383616, 0.099858))
({x0, x4}, (0.0780949, 0.197238, 0.133041, 0.591627)) == ({x0, x4}, (0.0780949, 0.197238, 0.133041, 0.591627))
({x0, x5}, (0.0565693, 0.669075, 0.150457, 0.123899)) == ({x0, x5}, (0.0565693, 0.669075, 0.150457, 0.123899))
({x0, x6}, (0.039715, 0.46973, 0.10563, 0.384925)) == ({x0, x6}, (0.039715, 0.46973, 0.10563, 0.384925))
({x0, x7}, (0.118221, 0.676133, 0.152044, 0.0536025)) == ({x0, x7}, (0.118221, 0.676133, 0.152044, 0.0536025))
({x0, x8}, (0.0220702, 0.0902881, 0.162961, 0.724681)) == ({x0, x8}, (0.0220702, 0.0902881, 0.162961, 0.724681))
({x0, x9}, (0.153192, 0.681239, 0.0841825, 0.0813859)) == ({x0, x9}, (0.153192, 0.681239, 0.0841825, 0.0813859))
({x1, x2}, (0.095188, 0.617428, 0.0762971, 0.211087)) == ({x1, x2}, (0.095188, 0.617428, 0.0762971, 0.211087))
({x1, x3}, (0.114146, 0.740398, 0.0403698, 0.105086)) == ({x1, x3}, (0.114146, 0.740398, 0.0403698, 0.105086))
({x1, x4}, (0.00603201, 0.222763, 0.103014, 0.668191)) == ({x1, x4}, (0.00603201, 0.222763, 0.103014, 0.668191))
({x1, x5}, (0.1026, 0.665507, 0.0822384, 0.149655)) == ({x1, x5}, (0.1026, 0.665507, 0.0822384, 0.149655))
({x1, x6}, (0.0735116, 0.476826, 0.0589226, 0.39074)) == ({x1, x6}, (0.0735116, 0.476826, 0.0589226, 0.39074))
({x1, x7}, (0.104124, 0.675393, 0.0686043, 0.151878)) == ({x1, x7}, (0.104124, 0.675393, 0.0686043, 0.151878))
({x1, x8}, (0.0104654, 0.0964109, 0.119299, 0.773824)) == ({x1, x8}, (0.0104654, 0.0964109, 0.119299, 0.773824))
({x1, x9}, (0.11034, 0.715713, 0.0884424, 0.0855043)) == ({x1, x9}, (0.11034, 0.715713, 0.0884424, 0.0855043))
({x2, x3}, (0.646839, 0.221142, 0.0918065, 0.0402132)) == ({x2, x3}, (0.646839, 0.221142, 0.0918065, 0.0402132))
({x2, x4}, (0.184468, 0.0730388, 0.553323, 0.18917)) == ({x2, x4}, (0.184468, 0.0730388, 0.553323, 0.18917))
({x2, x5}, (0.599213, 0.204859, 0.0611808, 0.134747)) == ({x2, x5}, (0.599213, 0.204859, 0.0611808, 0.134747))
({x2, x6}, (0.431046, 0.0683615, 0.353226, 0.147366)) == ({x2, x6}, (0.431046, 0.0683615, 0.353226, 0.147366))
({x2, x7}, (0.607522, 0.2077, 0.0481632, 0.136615)) == ({x2, x7}, (0.607522, 0.2077, 0.0481632, 0.136615))
({x2, x8}, (0.0832307, 0.0203451, 0.668036, 0.228388)) == ({x2, x8}, (0.0832307, 0.0203451, 0.668036, 0.228388))
({x2, x9}, (0.645025, 0.220521, 0.0547468, 0.0797073)) == ({x2, x9}, (0.645025, 0.220521, 0.0547468, 0.0797073))
({x3, x4}, (0.221954, 0.0177903, 0.665764, 0.0944925)) == ({x3, x4}, (0.221954, 0.0177903, 0.665764, 0.0944925))
({x3, x5}, (0.711115, 0.100929, 0.15991, 0.0280458)) == ({x3, x5}, (0.711115, 0.100929, 0.15991, 0.0280458))
({x3, x6}, (0.485059, 0.0486093, 0.397487, 0.0688449)) == ({x3, x6}, (0.485059, 0.0486093, 0.397487, 0.0688449))
({x3, x7}, (0.703567, 0.099858, 0.158213, 0.0383616)) == ({x3, x7}, (0.703567, 0.099858, 0.158213, 0.0383616))
({x3, x8}, (0.0887571, 0.0896408, 0.719485, 0.102117)) == ({x3, x8}, (0.0887571, 0.0896408, 0.719485, 0.102117))
({x3, x9}, (0.77699, 0.110279, 0.0960146, 0.0167169)) == ({x3, x9}, (0.77699, 0.110279, 0.0960146, 0.0167169))
({x4, x5}, (0.197238, 0.591627, 0.0780949, 0.133041)) == ({x4, x5}, (0.197238, 0.591627, 0.0780949, 0.133041))
({x4, x6}, (0.142084, 0.426188, 0.0824831, 0.349245)) == ({x4, x6}, (0.142084, 0.426188, 0.0824831, 0.349245))
({x4, x7}, (0.197238, 0.591627, 0.0780949, 0.133041)) == ({x4, x7}, (0.197238, 0.591627, 0.0780949, 0.133041))
({x4, x8}, (0.0780114, 0.078788, 0.210823, 0.632377)) == ({x4, x8}, (0.0780114, 0.078788, 0.210823, 0.632377))
({x4, x9}, (0.219878, 0.659536, 0.0390858, 0.0815005)) == ({x4, x9}, (0.219878, 0.659536, 0.0390858, 0.0815005))
({x5, x6}, (0.472887, 0.0332608, 0.387513, 0.10634)) == ({x5, x6}, (0.472887, 0.0332608, 0.387513, 0.10634))
({x5, x7}, (0.669075, 0.123899, 0.0565693, 0.150457)) == ({x5, x7}, (0.669075, 0.123899, 0.0565693, 0.150457))
({x5, x8}, (0.0902881, 0.0220702, 0.724681, 0.162961)) == ({x5, x8}, (0.0902881, 0.0220702, 0.724681, 0.162961))
({x5, x9}, (0.69768, 0.15689, 0.0592159, 0.0862141)) == ({x5, x9}, (0.69768, 0.15689, 0.0592159, 0.0862141))
({x6, x7}, (0.46973, 0.384925, 0.039715, 0.10563)) == ({x6, x7}, (0.46973, 0.384925, 0.039715, 0.10563))
({x6, x8}, (0.0248503, 0.0624953, 0.501607, 0.411047)) == ({x6, x8}, (0.0248503, 0.0624953, 0.501607, 0.411047))
({x6, x9}, (0.504961, 0.413796, 0.0188437, 0.0623993)) == ({x6, x9}, (0.504961, 0.413796, 0.0188437, 0.0623993))
({x7, x8}, (0.0902881, 0.0220702, 0.724681, 0.162961)) == ({x7, x8}, (0.0902881, 0.0220702, 0.724681, 0.162961))
({x7, x9}, (0.689645, 0.155082, 0.0852211, 0.0700519)) == ({x7, x9}, (0.689645, 0.155082, 0.0852211, 0.0700519))
({x8, x9}, (0.0977828, 0.784836, 0.0203974, 0.0969841)) == ({x8, x9}, (0.0977828, 0.784836, 0.0203974, 0.0969841))
Exact MAP state (log score = 8.73267):
x0: 1
x1: 1
x2: 0
x3: 0
x4: 1
x5: 0
x6: 0
x7: 0
x8: 1
x9: 0
