Builtin inference algorithms: {BP, EXACT, FBP, JTREE, TRWBP}

Exact variable marginals:
({x0}, (0.385267, 0.614733))
({x1}, (0.887744, 0.112256))
({x2}, (0.645192, 0.354808))
({x3}, (0.646316, 0.353684))
({x4}, (0.643092, 0.356908))
({x5}, (0.64854, 0.35146))
({x6}, (0.616013, 0.383987))
({x7}, (0.382691, 0.617309))
({x8}, (0.385346, 0.614654))
({x9}, (0.621827, 0.378173))
Exact factor marginals:
({x0}, (0.385267, 0.614733))
({x1}, (0.887744, 0.112256))
({x2}, (0.645192, 0.354808))
({x3}, (0.646316, 0.353684))
({x4}, (0.643092, 0.356908))
({x5}, (0.64854, 0.35146))
({x6}, (0.616013, 0.383987))
({x7}, (0.382691, 0.617309))
({x8}, (0.385346, 0.614654))
({x9}, (0.621827, 0.378173))
({x0, x1}, (0.28438, 0.603364, 0.100887, 0.0113683))
({x0, x2}, (0.366851, 0.278341, 0.0184161, 0.336391))
({x0, x3}, (0.368277, 0.278039, 0.0169908, 0.336694))
({x0, x4}, (0.365152, 0.27794, 0.0201156, 0.336793))
({x0, x5}, (0.0345106, 0.614029, 0.350757, 0.000703434))
({x0, x6}, (0.00234546, 0.613667, 0.382922, 0.0010651))
({x0, x7}, (0.381907, 0.000784359, 0.00336071, 0.613948))
({x0, x8}, (0.383228, 0.00211859, 0.00203983, 0.612614))
({x0, x9}, (0.306997, 0.31483, 0.0782703, 0.299903))
({x1, x2}, (0.561961, 0.0832316, 0.325784, 0.029024))
({x1, x3}, (0.560259, 0.086057, 0.327486, 0.0261986))
({x1, x4}, (0.559449, 0.0836426, 0.328295, 0.028613))
({x1, x5}, (0.637537, 0.011003, 0.250208, 0.101253))
({x1, x6}, (0.60523, 0.0107825, 0.282514, 0.101473))
({x1, x7}, (0.284275, 0.0984157, 0.603469, 0.0138399))
({x1, x8}, (0.284039, 0.101307, 0.603705, 0.0109486))
({x1, x9}, (0.597022, 0.0248053, 0.290723, 0.0874503))
({x2, x3}, (0.643247, 0.00306833, 0.00194512, 0.351739))
({x2, x4}, (0.642511, 0.000580739, 0.00268159, 0.354227))
({x2, x5}, (0.312711, 0.335829, 0.332482, 0.0189785))
({x2, x6}, (0.280679, 0.335334, 0.364514, 0.0194736))
({x2, x7}, (0.366262, 0.0164292, 0.278931, 0.338378))
({x2, x8}, (0.365518, 0.0198283, 0.279675, 0.334979))
({x2, x9}, (0.291133, 0.330694, 0.35406, 0.0241135))
({x3, x4}, (0.641629, 0.00146228, 0.00468634, 0.352222))
({x3, x5}, (0.311214, 0.337326, 0.335102, 0.0163587))
({x3, x6}, (0.278995, 0.337018, 0.367321, 0.0166661))
({x3, x7}, (0.365516, 0.0171754, 0.2808, 0.336509))
({x3, x8}, (0.368141, 0.0172055, 0.278175, 0.336479))
({x3, x9}, (0.29041, 0.331417, 0.355906, 0.0222675))
({x4, x5}, (0.31229, 0.33625, 0.330802, 0.0206584))
({x4, x6}, (0.280274, 0.335739, 0.362817, 0.0211696))
({x4, x7}, (0.364315, 0.0183765, 0.278777, 0.338532))
({x4, x8}, (0.363654, 0.0216923, 0.279438, 0.335216))
({x4, x9}, (0.288742, 0.333085, 0.35435, 0.0238236))
({x5, x6}, (0.615679, 0.000333603, 0.0328604, 0.351127))
({x5, x7}, (0.034159, 0.348532, 0.614381, 0.00292824))
({x5, x8}, (0.0342811, 0.351065, 0.614259, 0.000395159))
({x5, x9}, (0.348943, 0.272883, 0.299596, 0.0785769))
({x6, x7}, (0.00215068, 0.38054, 0.613862, 0.00344666))
({x6, x8}, (0.00163545, 0.383711, 0.614377, 0.000276329))
({x6, x9}, (0.316325, 0.305502, 0.299688, 0.0784848))
({x7, x8}, (0.380994, 0.00435187, 0.00169676, 0.612957))
({x7, x9}, (0.305736, 0.316091, 0.0769553, 0.301218))
({x8, x9}, (0.30658, 0.315246, 0.0787658, 0.299407))
Exact log partition sum: 7.97338
Exact MAP variable marginals:
({x0}, (0.440472, 0.559528))
({x1}, (0.807128, 0.192872))
({x2}, (0.468979, 0.531021))
({x3}, (0.468979, 0.531021))
({x4}, (0.468979, 0.531021))
({x5}, (0.559528, 0.440472))
({x6}, (0.559528, 0.440472))
({x7}, (0.440472, 0.559528))
({x8}, (0.440472, 0.559528))
({x9}, (0.531021, 0.468979))
Exact MAP factor marginals:
({x0}, (0.440472, 0.559528)) == ({x0}, (0.440472, 0.559528))
({x1}, (0.807128, 0.192872)) == ({x1}, (0.807128, 0.192872))
({x2}, (0.468979, 0.531021)) == ({x2}, (0.468979, 0.531021))
({x3}, (0.468979, 0.531021)) == ({x3}, (0.468979, 0.531021))
({x4}, (0.468979, 0.531021)) == ({x4}, (0.468979, 0.531021))
({x5}, (0.559528, 0.440472)) == ({x5}, (0.559528, 0.440472))
({x6}, (0.559528, 0.440472)) == ({x6}, (0.559528, 0.440472))
({x7}, (0.440472, 0.559528)) == ({x7}, (0.440472, 0.559528))
({x8}, (0.440472, 0.559528)) == ({x8}, (0.440472, 0.559528))
({x9}, (0.531021, 0.468979)) == ({x9}, (0.531021, 0.468979))
({x0, x1}, (0.382463, 0.485839, 0.116096, 0.0156011)) == ({x0, x1}, (0.382463, 0.485839, 0.116096, 0.0156011))
({x0, x2}, (0.289455, 0.324733, 0.0181202, 0.367692)) == ({x0, x2}, (0.289455, 0.324733, 0.0181202, 0.367692))
({x0, x3}, (0.289455, 0.324733, 0.0181202, 0.367692)) == ({x0, x3}, (0.289455, 0.324733, 0.0181202, 0.367692))
({x0, x4}, (0.289455, 0.324733, 0.0181202, 0.367692)) == ({x0, x4}, (0.289455, 0.324733, 0.0181202, 0.367692))
({x0, x5}, (0.0542257, 0.528704, 0.416207, 0.000863359)) == ({x0, x5}, (0.0542257, 0.528704, 0.416207, 0.000863359))
({x0, x6}, (0.00128524, 0.558298, 0.439505, 0.000911686)) == ({x0, x6}, (0.00128524, 0.558298, 0.439505, 0.000911686))
({x0, x7}, (0.439492, 0.00051189, 0.00171332, 0.558282)) == ({x0, x7}, (0.439492, 0.00051189, 0.00171332, 0.558282))
({x0, x8}, (0.439479, 0.000971237, 0.00128517, 0.558265)) == ({x0, x8}, (0.439479, 0.000971237, 0.00128517, 0.558265))
({x0, x9}, (0.270584, 0.34372, 0.0821353, 0.303561)) == ({x0, x9}, (0.270584, 0.34372, 0.0821353, 0.303561))
({x1, x2}, (0.406725, 0.110049, 0.460531, 0.0226954)) == ({x1, x2}, (0.406725, 0.110049, 0.460531, 0.0226954))
({x1, x3}, (0.406725, 0.110049, 0.460531, 0.0226954)) == ({x1, x3}, (0.406725, 0.110049, 0.460531, 0.0226954))
({x1, x4}, (0.406725, 0.110049, 0.460531, 0.0226954)) == ({x1, x4}, (0.406725, 0.110049, 0.460531, 0.0226954))
({x1, x5}, (0.485839, 0.0156011, 0.382463, 0.116096)) == ({x1, x5}, (0.485839, 0.0156011, 0.382463, 0.116096))
({x1, x6}, (0.485839, 0.0156011, 0.382463, 0.116096)) == ({x1, x6}, (0.485839, 0.0156011, 0.382463, 0.116096))
({x1, x7}, (0.382463, 0.116096, 0.485839, 0.0156011)) == ({x1, x7}, (0.382463, 0.116096, 0.485839, 0.0156011))
({x1, x8}, (0.382463, 0.116096, 0.485839, 0.0156011)) == ({x1, x8}, (0.382463, 0.116096, 0.485839, 0.0156011))
({x1, x9}, (0.460531, 0.0226954, 0.406725, 0.110049)) == ({x1, x9}, (0.460531, 0.0226954, 0.406725, 0.110049))
({x2, x3}, (0.467645, 0.00162502, 0.00121897, 0.529511)) == ({x2, x3}, (0.467645, 0.00162502, 0.00121897, 0.529511))
({x2, x4}, (0.467374, 0.00018667, 0.0032356, 0.529204)) == ({x2, x4}, (0.467374, 0.00018667, 0.0032356, 0.529204))
({x2, x5}, (0.324733, 0.367692, 0.289455, 0.0181202)) == ({x2, x5}, (0.324733, 0.367692, 0.289455, 0.0181202))
({x2, x6}, (0.324733, 0.367692, 0.289455, 0.0181202)) == ({x2, x6}, (0.324733, 0.367692, 0.289455, 0.0181202))
({x2, x7}, (0.289455, 0.0181202, 0.324733, 0.367692)) == ({x2, x7}, (0.289455, 0.0181202, 0.324733, 0.367692))
({x2, x8}, (0.289455, 0.0181202, 0.324733, 0.367692)) == ({x2, x8}, (0.289455, 0.0181202, 0.324733, 0.367692))
({x2, x9}, (0.290694, 0.369266, 0.326123, 0.0139171)) == ({x2, x9}, (0.290694, 0.369266, 0.326123, 0.0139171))
({x3, x4}, (0.466892, 0.00121701, 0.00323227, 0.528658)) == ({x3, x4}, (0.466892, 0.00121701, 0.00323227, 0.528658))
({x3, x5}, (0.324733, 0.367692, 0.289455, 0.0181202)) == ({x3, x5}, (0.324733, 0.367692, 0.289455, 0.0181202))
({x3, x6}, (0.324733, 0.367692, 0.289455, 0.0181202)) == ({x3, x6}, (0.324733, 0.367692, 0.289455, 0.0181202))
({x3, x7}, (0.289455, 0.0181202, 0.324733, 0.367692)) == ({x3, x7}, (0.289455, 0.0181202, 0.324733, 0.367692))
({x3, x8}, (0.289455, 0.0181202, 0.324733, 0.367692)) == ({x3, x8}, (0.289455, 0.0181202, 0.324733, 0.367692))
({x3, x9}, (0.290694, 0.369266, 0.326123, 0.0139171)) == ({x3, x9}, (0.290694, 0.369266, 0.326123, 0.0139171))
({x4, x5}, (0.324733, 0.367692, 0.289455, 0.0181202)) == ({x4, x5}, (0.324733, 0.367692, 0.289455, 0.0181202))
({x4, x6}, (0.324733, 0.367692, 0.289455, 0.0181202)) == ({x4, x6}, (0.324733, 0.367692, 0.289455, 0.0181202))
({x4, x7}, (0.289455, 0.0181202, 0.324733, 0.367692)) == ({x4, x7}, (0.289455, 0.0181202, 0.324733, 0.367692))
({x4, x8}, (0.289455, 0.0181202, 0.324733, 0.367692)) == ({x4, x8}, (0.289455, 0.0181202, 0.324733, 0.367692))
({x4, x9}, (0.290694, 0.369266, 0.326123, 0.0139171)) == ({x4, x9}, (0.290694, 0.369266, 0.326123, 0.0139171))
({x5, x6}, (0.529059, 0.000191816, 0.0542622, 0.416487)) == ({x5, x6}, (0.529059, 0.000191816, 0.0542622, 0.416487))
({x5, x7}, (0.0541846, 0.415892, 0.528303, 0.00162131)) == ({x5, x7}, (0.0541846, 0.415892, 0.528303, 0.00162131))
({x5, x8}, (0.0542622, 0.416487, 0.529059, 0.000191816)) == ({x5, x8}, (0.0542622, 0.416487, 0.529059, 0.000191816))
({x5, x9}, (0.34372, 0.270584, 0.303561, 0.0821353)) == ({x5, x9}, (0.34372, 0.270584, 0.303561, 0.0821353))
({x6, x7}, (0.00128421, 0.439153, 0.557851, 0.001712)) == ({x6, x7}, (0.00128421, 0.439153, 0.557851, 0.001712))
({x6, x8}, (0.000972371, 0.439992, 0.558917, 0.000118689)) == ({x6, x8}, (0.000972371, 0.439992, 0.558917, 0.000118689))
({x6, x9}, (0.34372, 0.270584, 0.303561, 0.0821353)) == ({x6, x9}, (0.34372, 0.270584, 0.303561, 0.0821353))
({x7, x8}, (0.439153, 0.001712, 0.00128421, 0.557851)) == ({x7, x8}, (0.439153, 0.001712, 0.00128421, 0.557851))
({x7, x9}, (0.270584, 0.34372, 0.0821353, 0.303561)) == ({x7, x9}, (0.270584, 0.34372, 0.0821353, 0.303561))
({x8, x9}, (0.270584, 0.34372, 0.0821353, 0.303561)) == ({x8, x9}, (0.270584, 0.34372, 0.0821353, 0.303561))
Exact MAP state (log score = 6.80959):
x0: 1
x1: 0
x2: 1
x3: 1
x4: 1
x5: 0
x6: 0
x7: 1
x8: 1
x9: 0
