Builtin inference algorithms: {BP, EXACT, FBP, JTREE, TRWBP}

Exact variable marginals:
({x0}, (0.858862, 0.141138))
({x1}, (0.141081, 0.858919))
({x2}, (0.858886, 0.141114))
({x3}, (0.100051, 0.899949))
({x4}, (0.882172, 0.117828))
({x5}, (0.141108, 0.858892))
({x6}, (0.178157, 0.821843))
({x7}, (0.140881, 0.859119))
({x8}, (0.10426, 0.89574))
({x9}, (0.170215, 0.829785))
Exact factor marginals:
({x0}, (0.858862, 0.141138))
({x1}, (0.141081, 0.858919))
({x2}, (0.858886, 0.141114))
({x3}, (0.100051, 0.899949))
({x4}, (0.882172, 0.117828))
({x5}, (0.141108, 0.858892))
({x6}, (0.178157, 0.821843))
({x7}, (0.140881, 0.859119))
({x8}, (0.10426, 0.89574))
({x9}, (0.170215, 0.829785))
({x0, x1}, (1.87569e-05, 0.141062, 0.858844, 7.53844e-05))
({x0, x2}, (0.85884, 4.57311e-05, 2.22051e-05, 0.141092))
({x0, x3}, (0.000921691, 0.0991292, 0.857941, 0.0420084))
({x0, x4}, (0.795578, 0.0865938, 0.0632844, 0.0545437))
({x0, x5}, (1.7208e-05, 0.141091, 0.858845, 4.67825e-05))
({x0, x6}, (0.12941, 0.0487467, 0.729452, 0.0923908))
({x0, x7}, (0.000459661, 0.140422, 0.858403, 0.000715845))
({x0, x8}, (0.00200568, 0.102254, 0.856857, 0.0388832))
({x0, x9}, (0.0355395, 0.134675, 0.823323, 0.00646256))
({x1, x2}, (1.1679e-05, 0.858874, 0.141069, 4.47805e-05))
({x1, x3}, (0.0991393, 0.000911502, 0.0419415, 0.858008))
({x1, x4}, (0.0865202, 0.795652, 0.0545607, 0.0632675))
({x1, x5}, (0.141071, 3.73698e-05, 1.03168e-05, 0.858882))
({x1, x6}, (0.0487015, 0.129455, 0.0923794, 0.729464))
({x1, x7}, (0.140402, 0.000479568, 0.000679125, 0.85844))
({x1, x8}, (0.102263, 0.00199703, 0.0388179, 0.856922))
({x1, x9}, (0.134611, 0.0356039, 0.00647026, 0.823315))
({x2, x3}, (0.000916327, 0.0991345, 0.85797, 0.0419795))
({x2, x4}, (0.795607, 0.0865646, 0.0632787, 0.0545494))
({x2, x5}, (9.40766e-06, 0.141099, 0.858877, 1.54561e-05))
({x2, x6}, (0.129428, 0.0487289, 0.729458, 0.0923851))
({x2, x7}, (0.000438491, 0.140443, 0.858448, 0.00067115))
({x2, x8}, (0.00199457, 0.102265, 0.856891, 0.0388485))
({x2, x9}, (0.0355597, 0.134655, 0.823326, 0.00645922))
({x3, x4}, (0.044588, 0.837584, 0.0554628, 0.0623653))
({x3, x5}, (0.0991348, 0.0419732, 0.000916079, 0.857976))
({x3, x6}, (0.0495662, 0.128591, 0.0504846, 0.771358))
({x3, x7}, (0.0984711, 0.0424103, 0.00157978, 0.857539))
({x3, x8}, (0.0976484, 0.0066116, 0.00240243, 0.893338))
({x3, x9}, (0.0926925, 0.077522, 0.0073584, 0.822427))
({x4, x5}, (0.0865528, 0.0545551, 0.795619, 0.063273))
({x4, x6}, (0.0773122, 0.100845, 0.80486, 0.0169834))
({x4, x7}, (0.0869959, 0.0538854, 0.795176, 0.0639427))
({x4, x8}, (0.0484047, 0.0558553, 0.833767, 0.0619728))
({x4, x9}, (0.122009, 0.0482055, 0.760163, 0.0696226))
({x5, x6}, (0.0487147, 0.129442, 0.0923933, 0.72945))
({x5, x7}, (0.140429, 0.000452103, 0.000678713, 0.85844))
({x5, x8}, (0.10226, 0.00200026, 0.0388482, 0.856892))
({x5, x9}, (0.13464, 0.0355742, 0.00646766, 0.823318))
({x6, x7}, (0.0491665, 0.0917148, 0.12899, 0.730128))
({x6, x8}, (0.0505613, 0.0536987, 0.127596, 0.768144))
({x6, x9}, (0.0827292, 0.0874853, 0.0954277, 0.734358))
({x7, x8}, (0.101752, 0.0025077, 0.039129, 0.856611))
({x7, x9}, (0.135084, 0.0351301, 0.00579696, 0.823989))
({x8, x9}, (0.0964628, 0.0737517, 0.00779722, 0.821988))
Exact log partition sum: 32.202
Exact MAP variable marginals:
({x0}, (0.94157, 0.05843))
({x1}, (0.05843, 0.94157))
({x2}, (0.94157, 0.05843))
({x3}, (0.05843, 0.94157))
({x4}, (0.930163, 0.0698375))
({x5}, (0.05843, 0.94157))
({x6}, (0.0698375, 0.930163))
({x7}, (0.05843, 0.94157))
({x8}, (0.05843, 0.94157))
({x9}, (0.05843, 0.94157))
Exact MAP factor marginals:
({x0}, (0.94157, 0.05843)) == ({x0}, (0.94157, 0.05843))
({x1}, (0.05843, 0.94157)) == ({x1}, (0.05843, 0.94157))
({x2}, (0.94157, 0.05843)) == ({x2}, (0.94157, 0.05843))
({x3}, (0.05843, 0.94157)) == ({x3}, (0.05843, 0.94157))
({x4}, (0.930163, 0.0698375)) == ({x4}, (0.930163, 0.0698375))
({x5}, (0.05843, 0.94157)) == ({x5}, (0.05843, 0.94157))
({x6}, (0.0698375, 0.930163)) == ({x6}, (0.0698375, 0.930163))
({x7}, (0.05843, 0.94157)) == ({x7}, (0.05843, 0.94157))
({x8}, (0.05843, 0.94157)) == ({x8}, (0.05843, 0.94157))
({x9}, (0.05843, 0.94157)) == ({x9}, (0.05843, 0.94157))
({x0, x1}, (8.02425e-06, 0.0584272, 0.941525, 4.01918e-05)) == ({x0, x1}, (8.02425e-06, 0.0584272, 0.941525, 4.01918e-05))
({x0, x2}, (0.941524, 4.01918e-05, 9.0945e-06, 0.0584271)) == ({x0, x2}, (0.941524, 4.01918e-05, 9.0945e-06, 0.0584271))
({x0, x3}, (0.00080819, 0.0557165, 0.897843, 0.0456323)) == ({x0, x3}, (0.00080819, 0.0557165, 0.897843, 0.0456323))
({x0, x4}, (0.8395, 0.0453741, 0.0630304, 0.0520959)) == ({x0, x4}, (0.8395, 0.0453741, 0.0630304, 0.0520959))
({x0, x5}, (8.02425e-06, 0.0584272, 0.941525, 4.01918e-05)) == ({x0, x5}, (8.02425e-06, 0.0584272, 0.941525, 4.01918e-05))
({x0, x6}, (0.0630304, 0.0520959, 0.8395, 0.0453741)) == ({x0, x6}, (0.0630304, 0.0520959, 0.8395, 0.0453741))
({x0, x7}, (0.000528483, 0.0583577, 0.940405, 0.00070901)) == ({x0, x7}, (0.000528483, 0.0583577, 0.940405, 0.00070901))
({x0, x8}, (0.00111965, 0.0556991, 0.897563, 0.0456181)) == ({x0, x8}, (0.00111965, 0.0556991, 0.897563, 0.0456181))
({x0, x9}, (0.0414756, 0.0556137, 0.896186, 0.00672451)) == ({x0, x9}, (0.0414756, 0.0556137, 0.896186, 0.00672451))
({x1, x2}, (6.0488e-06, 0.941547, 0.0584286, 1.80901e-05)) == ({x1, x2}, (6.0488e-06, 0.941547, 0.0584286, 1.80901e-05))
({x1, x3}, (0.0557165, 0.00080819, 0.0456323, 0.897843)) == ({x1, x3}, (0.0557165, 0.00080819, 0.0456323, 0.897843))
({x1, x4}, (0.0453741, 0.8395, 0.0520959, 0.0630304)) == ({x1, x4}, (0.0453741, 0.8395, 0.0520959, 0.0630304))
({x1, x5}, (0.0584286, 1.80901e-05, 6.0488e-06, 0.941547)) == ({x1, x5}, (0.0584286, 1.80901e-05, 6.0488e-06, 0.941547))
({x1, x6}, (0.0520959, 0.0630304, 0.0453741, 0.8395)) == ({x1, x6}, (0.0520959, 0.0630304, 0.0453741, 0.8395))
({x1, x7}, (0.0583577, 0.000528483, 0.00070901, 0.940405)) == ({x1, x7}, (0.0583577, 0.000528483, 0.00070901, 0.940405))
({x1, x8}, (0.0556991, 0.00111965, 0.0456181, 0.897563)) == ({x1, x8}, (0.0556991, 0.00111965, 0.0456181, 0.897563))
({x1, x9}, (0.0556137, 0.0414756, 0.00672451, 0.896186)) == ({x1, x9}, (0.0556137, 0.0414756, 0.00672451, 0.896186))
({x2, x3}, (0.00080819, 0.0557165, 0.897843, 0.0456323)) == ({x2, x3}, (0.00080819, 0.0557165, 0.897843, 0.0456323))
({x2, x4}, (0.8395, 0.0453741, 0.0630304, 0.0520959)) == ({x2, x4}, (0.8395, 0.0453741, 0.0630304, 0.0520959))
({x2, x5}, (4.0988e-06, 0.0584292, 0.941558, 9.09483e-06)) == ({x2, x5}, (4.0988e-06, 0.0584292, 0.941558, 9.09483e-06))
({x2, x6}, (0.0630304, 0.0520959, 0.8395, 0.0453741)) == ({x2, x6}, (0.0630304, 0.0520959, 0.8395, 0.0453741))
({x2, x7}, (0.000528483, 0.0583577, 0.940405, 0.00070901)) == ({x2, x7}, (0.000528483, 0.0583577, 0.940405, 0.00070901))
({x2, x8}, (0.00111965, 0.0556991, 0.897563, 0.0456181)) == ({x2, x8}, (0.00111965, 0.0556991, 0.897563, 0.0456181))
({x2, x9}, (0.0414756, 0.0556137, 0.896186, 0.00672451)) == ({x2, x9}, (0.0414756, 0.0556137, 0.896186, 0.00672451))
({x3, x4}, (0.0453741, 0.8395, 0.0520959, 0.0630304)) == ({x3, x4}, (0.0453741, 0.8395, 0.0520959, 0.0630304))
({x3, x5}, (0.0557165, 0.0456323, 0.00080819, 0.897843)) == ({x3, x5}, (0.0557165, 0.0456323, 0.00080819, 0.897843))
({x3, x6}, (0.0520959, 0.0630304, 0.0453741, 0.8395)) == ({x3, x6}, (0.0520959, 0.0630304, 0.0453741, 0.8395))
({x3, x7}, (0.0557165, 0.0456323, 0.00080819, 0.897843)) == ({x3, x7}, (0.0557165, 0.0456323, 0.00080819, 0.897843))
({x3, x8}, (0.0578967, 0.00678625, 0.00234062, 0.932976)) == ({x3, x8}, (0.0578967, 0.00678625, 0.00234062, 0.932976))
({x3, x9}, (0.0553881, 0.0453634, 0.00669723, 0.892551)) == ({x3, x9}, (0.0553881, 0.0453634, 0.00669723, 0.892551))
({x4, x5}, (0.0453741, 0.0520959, 0.8395, 0.0630304)) == ({x4, x5}, (0.0453741, 0.0520959, 0.8395, 0.0630304))
({x4, x6}, (0.0478802, 0.0658735, 0.877366, 0.00887983)) == ({x4, x6}, (0.0478802, 0.0658735, 0.877366, 0.00887983))
({x4, x7}, (0.0453741, 0.0520959, 0.8395, 0.0630304)) == ({x4, x7}, (0.0453741, 0.0520959, 0.8395, 0.0630304))
({x4, x8}, (0.0453741, 0.0520959, 0.8395, 0.0630304)) == ({x4, x8}, (0.0453741, 0.0520959, 0.8395, 0.0630304))
({x4, x9}, (0.0453741, 0.0520959, 0.8395, 0.0630304)) == ({x4, x9}, (0.0453741, 0.0520959, 0.8395, 0.0630304))
({x5, x6}, (0.0520959, 0.0630304, 0.0453741, 0.8395)) == ({x5, x6}, (0.0520959, 0.0630304, 0.0453741, 0.8395))
({x5, x7}, (0.0583577, 0.000528483, 0.00070901, 0.940405)) == ({x5, x7}, (0.0583577, 0.000528483, 0.00070901, 0.940405))
({x5, x8}, (0.0556991, 0.00111965, 0.0456181, 0.897563)) == ({x5, x8}, (0.0556991, 0.00111965, 0.0456181, 0.897563))
({x5, x9}, (0.0556137, 0.0414756, 0.00672451, 0.896186)) == ({x5, x9}, (0.0556137, 0.0414756, 0.00672451, 0.896186))
({x6, x7}, (0.0520959, 0.0453741, 0.0630304, 0.8395)) == ({x6, x7}, (0.0520959, 0.0453741, 0.0630304, 0.8395))
({x6, x8}, (0.0520959, 0.0453741, 0.0630304, 0.8395)) == ({x6, x8}, (0.0520959, 0.0453741, 0.0630304, 0.8395))
({x6, x9}, (0.0520959, 0.0453741, 0.0630304, 0.8395)) == ({x6, x9}, (0.0520959, 0.0453741, 0.0630304, 0.8395))
({x7, x8}, (0.0556991, 0.00111965, 0.0456181, 0.897563)) == ({x7, x8}, (0.0556991, 0.00111965, 0.0456181, 0.897563))
({x7, x9}, (0.0556137, 0.0414756, 0.00672451, 0.896186)) == ({x7, x9}, (0.0556137, 0.0414756, 0.00672451, 0.896186))
({x8, x9}, (0.0553881, 0.0453634, 0.00669723, 0.892551)) == ({x8, x9}, (0.0553881, 0.0453634, 0.00669723, 0.892551))
Exact MAP state (log score = 31.8744):
x0: 0
x1: 1
x2: 0
x3: 1
x4: 0
x5: 1
x6: 1
x7: 1
x8: 1
x9: 1
