Builtin inference algorithms: {BP, EXACT, FBP, JTREE, TRWBP}

Exact variable marginals:
({x0}, (0.961001, 0.0389994))
({x1}, (0.954725, 0.0452748))
({x2}, (0.910596, 0.0894038))
({x3}, (0.965257, 0.0347426))
({x4}, (0.0411684, 0.958832))
({x5}, (0.0352337, 0.964766))
({x6}, (0.0464177, 0.953582))
({x7}, (0.0849288, 0.915071))
({x8}, (0.0943045, 0.905696))
({x9}, (0.966237, 0.0337627))
Exact factor marginals:
({x0}, (0.961001, 0.0389994))
({x1}, (0.954725, 0.0452748))
({x2}, (0.910596, 0.0894038))
({x3}, (0.965257, 0.0347426))
({x4}, (0.0411684, 0.958832))
({x5}, (0.0352337, 0.964766))
({x6}, (0.0464177, 0.953582))
({x7}, (0.0849288, 0.915071))
({x8}, (0.0943045, 0.905696))
({x9}, (0.966237, 0.0337627))
({x0, x1}, (0.938693, 0.0160319, 0.0223073, 0.0229675))
({x0, x2}, (0.892006, 0.0185904, 0.0689949, 0.020409))
({x0, x3}, (0.954577, 0.0106805, 0.00642375, 0.0283189))
({x0, x4}, (0.0159844, 0.025184, 0.945016, 0.0138154))
({x0, x5}, (0.0104774, 0.0247563, 0.950523, 0.0142431))
({x0, x6}, (0.0218615, 0.0245561, 0.939139, 0.0144433))
({x0, x7}, (0.0524477, 0.0324811, 0.908553, 0.00651831))
({x0, x8}, (0.0652679, 0.0290366, 0.895733, 0.00996281))
({x0, x9}, (0.95167, 0.0145668, 0.00933018, 0.0244326))
({x1, x2}, (0.90494, 0.00565595, 0.049785, 0.0396188))
({x1, x3}, (0.948893, 0.0163645, 0.00583237, 0.0289103))
({x1, x4}, (0.00235881, 0.0388096, 0.952366, 0.00646519))
({x1, x5}, (0.00329621, 0.0319375, 0.951429, 0.0133373))
({x1, x6}, (0.0176094, 0.0288082, 0.937116, 0.0164666))
({x1, x7}, (0.0457555, 0.0391733, 0.90897, 0.00610152))
({x1, x8}, (0.0512249, 0.0430796, 0.9035, 0.00219517))
({x1, x9}, (0.953068, 0.0131694, 0.00165731, 0.0321054))
({x2, x3}, (0.902151, 0.0631059, 0.00844475, 0.0262979))
({x2, x4}, (0.00495223, 0.0362162, 0.905644, 0.0531876))
({x2, x5}, (0.00739708, 0.0278366, 0.903199, 0.0615672))
({x2, x6}, (0.00488703, 0.0415306, 0.905709, 0.0478732))
({x2, x7}, (0.04966, 0.0352688, 0.860936, 0.0541351))
({x2, x8}, (0.0390554, 0.0552491, 0.871541, 0.0341547))
({x2, x9}, (0.904526, 0.0617112, 0.00607012, 0.0276926))
({x3, x4}, (0.0102011, 0.0309673, 0.955056, 0.00377533))
({x3, x5}, (0.00478682, 0.0304469, 0.960471, 0.00429577))
({x3, x6}, (0.0158245, 0.0305931, 0.949433, 0.00414949))
({x3, x7}, (0.0520269, 0.0329019, 0.913231, 0.0018407))
({x3, x8}, (0.0654078, 0.0288967, 0.89985, 0.00584589))
({x3, x9}, (0.961529, 0.00470816, 0.00372828, 0.0300345))
({x4, x5}, (0.0304164, 0.0048173, 0.010752, 0.954014))
({x4, x6}, (0.0277676, 0.0186501, 0.0134008, 0.940181))
({x4, x7}, (0.039132, 0.0457968, 0.00203644, 0.913035))
({x4, x8}, (0.0390366, 0.0552679, 0.00213179, 0.903564))
({x4, x9}, (0.0111096, 0.955128, 0.0300588, 0.00370395))
({x5, x6}, (0.0288781, 0.0175396, 0.00635562, 0.947227))
({x5, x7}, (0.0291825, 0.0557463, 0.00605118, 0.90902))
({x5, x8}, (0.0322533, 0.0620512, 0.00298042, 0.902715))
({x5, x9}, (0.0018807, 0.964357, 0.033353, 0.000409763))
({x6, x7}, (0.0298341, 0.0550947, 0.0165835, 0.898488))
({x6, x8}, (0.0278369, 0.0664676, 0.0185807, 0.887115))
({x6, x9}, (0.0178895, 0.948348, 0.0285281, 0.00523461))
({x7, x8}, (0.0624385, 0.031866, 0.0224903, 0.883205))
({x7, x9}, (0.0556291, 0.910608, 0.0292997, 0.00446306))
({x8, x9}, (0.061844, 0.904393, 0.0324605, 0.00130229))
Exact log partition sum: 28.051
Exact MAP variable marginals:
({x0}, (0.977033, 0.0229668))
({x1}, (0.977033, 0.0229668))
({x2}, (0.977033, 0.0229668))
({x3}, (0.977033, 0.0229668))
({x4}, (0.0229668, 0.977033))
({x5}, (0.0229668, 0.977033))
({x6}, (0.0229668, 0.977033))
({x7}, (0.0229668, 0.977033))
({x8}, (0.0229668, 0.977033))
({x9}, (0.977033, 0.0229668))
Exact MAP factor marginals:
({x0}, (0.977033, 0.0229668)) == ({x0}, (0.977033, 0.0229668))
({x1}, (0.977033, 0.0229668)) == ({x1}, (0.977033, 0.0229668))
({x2}, (0.977033, 0.0229668)) == ({x2}, (0.977033, 0.0229668))
({x3}, (0.977033, 0.0229668)) == ({x3}, (0.977033, 0.0229668))
({x4}, (0.0229668, 0.977033)) == ({x4}, (0.0229668, 0.977033))
({x5}, (0.0229668, 0.977033)) == ({x5}, (0.0229668, 0.977033))
({x6}, (0.0229668, 0.977033)) == ({x6}, (0.0229668, 0.977033))
({x7}, (0.0229668, 0.977033)) == ({x7}, (0.0229668, 0.977033))
({x8}, (0.0229668, 0.977033)) == ({x8}, (0.0229668, 0.977033))
({x9}, (0.977033, 0.0229668)) == ({x9}, (0.977033, 0.0229668))
({x0, x1}, (0.962281, 0.00539285, 0.00970661, 0.02262)) == ({x0, x1}, (0.962281, 0.00539285, 0.00970661, 0.02262))
({x0, x2}, (0.950958, 0.0053294, 0.0213589, 0.0223538)) == ({x0, x2}, (0.950958, 0.0053294, 0.0213589, 0.0223538))
({x0, x3}, (0.966013, 0.00541377, 0.00586581, 0.0227077)) == ({x0, x3}, (0.966013, 0.00541377, 0.00586581, 0.0227077))
({x0, x4}, (0.00970661, 0.02262, 0.962281, 0.00539285)) == ({x0, x4}, (0.00970661, 0.02262, 0.962281, 0.00539285))
({x0, x5}, (0.00586581, 0.0227077, 0.966013, 0.00541377)) == ({x0, x5}, (0.00586581, 0.0227077, 0.966013, 0.00541377))
({x0, x6}, (0.0150119, 0.0224988, 0.957125, 0.00536396)) == ({x0, x6}, (0.0150119, 0.0224988, 0.957125, 0.00536396))
({x0, x7}, (0.0206588, 0.0223715, 0.951709, 0.00526057)) == ({x0, x7}, (0.0206588, 0.0223715, 0.951709, 0.00526057))
({x0, x8}, (0.0206588, 0.0223715, 0.951709, 0.00526057)) == ({x0, x8}, (0.0206588, 0.0223715, 0.951709, 0.00526057))
({x0, x9}, (0.966013, 0.00541377, 0.00586581, 0.0227077)) == ({x0, x9}, (0.966013, 0.00541377, 0.00586581, 0.0227077))
({x1, x2}, (0.954054, 0.00209125, 0.0214285, 0.0224266)) == ({x1, x2}, (0.954054, 0.00209125, 0.0214285, 0.0224266))
({x1, x3}, (0.965391, 0.00973798, 0.00217822, 0.0226931)) == ({x1, x3}, (0.965391, 0.00973798, 0.00217822, 0.0226931))
({x1, x4}, (0.000980359, 0.0229176, 0.974942, 0.0011603)) == ({x1, x4}, (0.000980359, 0.0229176, 0.974942, 0.0011603))
({x1, x5}, (0.0013877, 0.0227111, 0.966156, 0.0097457)) == ({x1, x5}, (0.0013877, 0.0227111, 0.966156, 0.0097457))
({x1, x6}, (0.0149478, 0.0224027, 0.953036, 0.00961336)) == ({x1, x6}, (0.0149478, 0.0224027, 0.953036, 0.00961336))
({x1, x7}, (0.0207444, 0.0224642, 0.955654, 0.00113735)) == ({x1, x7}, (0.0207444, 0.0224642, 0.955654, 0.00113735))
({x1, x8}, (0.0207557, 0.0224765, 0.956175, 0.000593071)) == ({x1, x8}, (0.0207557, 0.0224765, 0.956175, 0.000593071))
({x1, x9}, (0.966812, 0.00975232, 0.000709406, 0.0227265)) == ({x1, x9}, (0.966812, 0.00975232, 0.000709406, 0.0227265))
({x2, x3}, (0.953995, 0.0214271, 0.00215251, 0.0224252)) == ({x2, x3}, (0.953995, 0.0214271, 0.00215251, 0.0224252))
({x2, x4}, (0.00209125, 0.0224266, 0.954054, 0.0214285)) == ({x2, x4}, (0.00209125, 0.0224266, 0.954054, 0.0214285))
({x2, x5}, (0.00209125, 0.0224266, 0.954054, 0.0214285)) == ({x2, x5}, (0.00209125, 0.0224266, 0.954054, 0.0214285))
({x2, x6}, (0.00215251, 0.0224252, 0.953995, 0.0214271)) == ({x2, x6}, (0.00215251, 0.0224252, 0.953995, 0.0214271))
({x2, x7}, (0.0203312, 0.0220167, 0.936615, 0.0210368)) == ({x2, x7}, (0.0203312, 0.0220167, 0.936615, 0.0210368))
({x2, x8}, (0.0203312, 0.0220167, 0.936615, 0.0210368)) == ({x2, x8}, (0.0203312, 0.0220167, 0.936615, 0.0210368))
({x2, x9}, (0.954054, 0.0214285, 0.00209125, 0.0224266)) == ({x2, x9}, (0.954054, 0.0214285, 0.00209125, 0.0224266))
({x3, x4}, (0.00973798, 0.0226931, 0.965391, 0.00217822)) == ({x3, x4}, (0.00973798, 0.0226931, 0.965391, 0.00217822))
({x3, x5}, (0.00139827, 0.0228842, 0.973521, 0.00219656)) == ({x3, x5}, (0.00139827, 0.0228842, 0.973521, 0.00219656))
({x3, x6}, (0.0150611, 0.0225725, 0.960262, 0.00210486)) == ({x3, x6}, (0.0150611, 0.0225725, 0.960262, 0.00210486))
({x3, x7}, (0.0207535, 0.022474, 0.956071, 0.000701524)) == ({x3, x7}, (0.0207535, 0.022474, 0.956071, 0.000701524))
({x3, x8}, (0.0207233, 0.0224414, 0.954681, 0.00215405)) == ({x3, x8}, (0.0207233, 0.0224414, 0.954681, 0.00215405))
({x3, x9}, (0.973754, 0.00219709, 0.00115889, 0.0228897)) == ({x3, x9}, (0.973754, 0.00219709, 0.00115889, 0.0228897))
({x4, x5}, (0.0227111, 0.0013877, 0.0097457, 0.966156)) == ({x4, x5}, (0.0227111, 0.0013877, 0.0097457, 0.966156))
({x4, x6}, (0.0224027, 0.0149478, 0.00961336, 0.953036)) == ({x4, x6}, (0.0224027, 0.0149478, 0.00961336, 0.953036))
({x4, x7}, (0.022472, 0.0207516, 0.000791574, 0.955985)) == ({x4, x7}, (0.022472, 0.0207516, 0.000791574, 0.955985))
({x4, x8}, (0.0224682, 0.0207481, 0.000961133, 0.955823)) == ({x4, x8}, (0.0224682, 0.0207481, 0.000961133, 0.955823))
({x4, x9}, (0.00974802, 0.966385, 0.0227165, 0.00115012)) == ({x4, x9}, (0.00974802, 0.966385, 0.0227165, 0.00115012))
({x5, x6}, (0.0225725, 0.0150611, 0.00210486, 0.960262)) == ({x5, x6}, (0.0225725, 0.0150611, 0.00210486, 0.960262))
({x5, x7}, (0.0224589, 0.0207395, 0.00137229, 0.955429)) == ({x5, x7}, (0.0224589, 0.0207395, 0.00137229, 0.955429))
({x5, x8}, (0.0224589, 0.0207395, 0.00137229, 0.955429)) == ({x5, x8}, (0.0224589, 0.0207395, 0.00137229, 0.955429))
({x5, x9}, (0.00140099, 0.975414, 0.0229287, 0.000256726)) == ({x5, x9}, (0.00140099, 0.975414, 0.0229287, 0.000256726))
({x6, x7}, (0.0221573, 0.020461, 0.014784, 0.942598)) == ({x6, x7}, (0.0221573, 0.020461, 0.014784, 0.942598))
({x6, x8}, (0.0221573, 0.020461, 0.014784, 0.942598)) == ({x6, x8}, (0.0221573, 0.020461, 0.014784, 0.942598))
({x6, x9}, (0.0150611, 0.960262, 0.0225725, 0.00210486)) == ({x6, x9}, (0.0150611, 0.960262, 0.0225725, 0.00210486))
({x7, x8}, (0.022099, 0.0186268, 0.0191581, 0.940116)) == ({x7, x8}, (0.022099, 0.0186268, 0.0191581, 0.940116))
({x7, x9}, (0.0207444, 0.955654, 0.0224642, 0.00113735)) == ({x7, x9}, (0.0207444, 0.955654, 0.0224642, 0.00113735))
({x8, x9}, (0.0207535, 0.956071, 0.022474, 0.000701524)) == ({x8, x9}, (0.0207535, 0.956071, 0.022474, 0.000701524))
Exact MAP state (log score = 27.8793):
x0: 0
x1: 0
x2: 0
x3: 0
x4: 1
x5: 1
x6: 1
x7: 1
x8: 1
x9: 0
