Builtin inference algorithms: {BP, EXACT, FBP, JTREE, TRWBP}

Exact variable marginals:
({x0}, (0.122447, 0.877553))
({x1}, (0.139361, 0.860639))
({x2}, (0.877549, 0.122451))
({x3}, (0.122446, 0.877554))
({x4}, (0.122426, 0.877574))
({x5}, (0.115845, 0.884155))
({x6}, (0.142633, 0.857367))
({x7}, (0.122449, 0.877551))
({x8}, (0.883131, 0.116869))
({x9}, (0.877277, 0.122723))
Exact factor marginals:
({x0}, (0.122447, 0.877553))
({x1}, (0.139361, 0.860639))
({x2}, (0.877549, 0.122451))
({x3}, (0.122446, 0.877554))
({x4}, (0.122426, 0.877574))
({x5}, (0.115845, 0.884155))
({x6}, (0.142633, 0.857367))
({x7}, (0.122449, 0.877551))
({x8}, (0.883131, 0.116869))
({x9}, (0.877277, 0.122723))
({x0, x1}, (0.102482, 0.036879, 0.0199656, 0.840674))
({x0, x2}, (2.89577e-07, 0.877548, 0.122447, 4.40464e-06))
({x0, x3}, (0.122443, 3.23805e-06, 4.11571e-06, 0.87755))
({x0, x4}, (0.122419, 7.03328e-06, 2.84118e-05, 0.877546))
({x0, x5}, (0.0547958, 0.0610489, 0.0676514, 0.816504))
({x0, x6}, (0.12135, 0.0212829, 0.00109704, 0.85627))
({x0, x7}, (0.122446, 3.58851e-06, 1.37528e-06, 0.877549))
({x0, x8}, (0.0384016, 0.84473, 0.0840455, 0.0328232))
({x0, x9}, (9.64672e-06, 0.877267, 0.122437, 0.000285785))
({x1, x2}, (0.0368791, 0.84067, 0.102481, 0.0199698))
({x1, x3}, (0.102478, 0.0199686, 0.036883, 0.840671))
({x1, x4}, (0.102454, 0.0199713, 0.0369062, 0.840668))
({x1, x5}, (0.0350615, 0.0807832, 0.104299, 0.779856))
({x1, x6}, (0.122452, 0.0201814, 0.016909, 0.840458))
({x1, x7}, (0.102482, 0.0199671, 0.0368783, 0.840672))
({x1, x8}, (0.0752528, 0.807878, 0.0641077, 0.052761))
({x1, x9}, (0.0368639, 0.840413, 0.102497, 0.0202266))
({x2, x3}, (2.84668e-06, 0.122443, 0.877546, 7.83941e-06))
({x2, x4}, (6.57939e-06, 0.122419, 0.877542, 3.2073e-05))
({x2, x5}, (0.0610487, 0.054796, 0.8165, 0.0676553))
({x2, x6}, (0.0212829, 0.12135, 0.856266, 0.00110115))
({x2, x7}, (3.68445e-06, 0.122446, 0.877545, 5.58628e-06))
({x2, x8}, (0.844726, 0.0384054, 0.0328229, 0.0840458))
({x2, x9}, (0.877264, 1.28941e-05, 0.000284917, 0.122438))
({x3, x4}, (0.122418, 8.19925e-06, 2.87001e-05, 0.877546))
({x3, x5}, (0.0547957, 0.0610489, 0.0676505, 0.816505))
({x3, x6}, (0.121346, 0.0212868, 0.00110008, 0.856267))
({x3, x7}, (0.122442, 7.50148e-06, 4.41059e-06, 0.877546))
({x3, x8}, (0.0384009, 0.84473, 0.0840454, 0.0328234))
({x3, x9}, (1.23911e-05, 0.877264, 0.122434, 0.000289407))
({x4, x5}, (0.0547993, 0.0610453, 0.0676264, 0.816529))
({x4, x6}, (0.121323, 0.0213102, 0.00110301, 0.856264))
({x4, x7}, (0.122418, 3.17903e-05, 8.19858e-06, 0.877542))
({x4, x8}, (0.0383769, 0.844754, 0.0840488, 0.0328199))
({x4, x9}, (1.61155e-05, 0.877261, 0.12241, 0.000313632))
({x5, x6}, (0.0537671, 0.0888658, 0.0620776, 0.79529))
({x5, x7}, (0.0547972, 0.0676521, 0.0610474, 0.816503))
({x5, x8}, (0.0286958, 0.854435, 0.0871489, 0.0297198))
({x5, x9}, (0.0610585, 0.816218, 0.0547862, 0.0679371))
({x6, x7}, (0.121351, 0.00109865, 0.0212823, 0.856268))
({x6, x8}, (0.0596841, 0.823447, 0.0829488, 0.0339199))
({x6, x9}, (0.0212766, 0.856, 0.121356, 0.00136693))
({x7, x8}, (0.0384023, 0.844729, 0.084047, 0.0328217))
({x7, x9}, (1.29943e-05, 0.877264, 0.122436, 0.000286919))
({x8, x9}, (0.844444, 0.0328327, 0.0386872, 0.0840361))
Exact log partition sum: 26.2844
Exact MAP variable marginals:
({x0}, (0.0469648, 0.953035))
({x1}, (0.0469648, 0.953035))
({x2}, (0.953035, 0.0469648))
({x3}, (0.0469648, 0.953035))
({x4}, (0.0469648, 0.953035))
({x5}, (0.0430825, 0.956917))
({x6}, (0.0469648, 0.953035))
({x7}, (0.0469648, 0.953035))
({x8}, (0.956917, 0.0430825))
({x9}, (0.953035, 0.0469648))
Exact MAP factor marginals:
({x0}, (0.0469648, 0.953035)) == ({x0}, (0.0469648, 0.953035))
({x1}, (0.0469648, 0.953035)) == ({x1}, (0.0469648, 0.953035))
({x2}, (0.953035, 0.0469648)) == ({x2}, (0.953035, 0.0469648))
({x3}, (0.0469648, 0.953035)) == ({x3}, (0.0469648, 0.953035))
({x4}, (0.0469648, 0.953035)) == ({x4}, (0.0469648, 0.953035))
({x5}, (0.0430825, 0.956917)) == ({x5}, (0.0430825, 0.956917))
({x6}, (0.0469648, 0.953035)) == ({x6}, (0.0469648, 0.953035))
({x7}, (0.0469648, 0.953035)) == ({x7}, (0.0469648, 0.953035))
({x8}, (0.956917, 0.0430825)) == ({x8}, (0.956917, 0.0430825))
({x9}, (0.953035, 0.0469648)) == ({x9}, (0.953035, 0.0469648))
({x0, x1}, (0.0448428, 0.0233437, 0.0218399, 0.909974)) == ({x0, x1}, (0.0448428, 0.0233437, 0.0218399, 0.909974))
({x0, x2}, (1.73479e-07, 0.953032, 0.0469646, 3.61264e-06)) == ({x0, x2}, (1.73479e-07, 0.953032, 0.0469646, 3.61264e-06))
({x0, x3}, (0.0469646, 2.81173e-06, 2.60634e-06, 0.95303)) == ({x0, x3}, (0.0469646, 2.81173e-06, 2.60634e-06, 0.95303))
({x0, x4}, (0.0469631, 5.0668e-06, 3.04879e-05, 0.953001)) == ({x0, x4}, (0.0469631, 5.0668e-06, 3.04879e-05, 0.953001))
({x0, x5}, (0.0396348, 0.0366441, 0.0433824, 0.880339)) == ({x0, x5}, (0.0396348, 0.0366441, 0.0433824, 0.880339))
({x0, x6}, (0.0457848, 0.0238341, 0.00129123, 0.92909)) == ({x0, x6}, (0.0457848, 0.0238341, 0.00129123, 0.92909))
({x0, x7}, (0.0469646, 2.1008e-06, 1.47009e-06, 0.953032)) == ({x0, x7}, (0.0469646, 2.1008e-06, 1.47009e-06, 0.953032))
({x0, x8}, (0.0433824, 0.880339, 0.0396348, 0.0366441)) == ({x0, x8}, (0.0433824, 0.880339, 0.0396348, 0.0366441))
({x0, x9}, (7.08053e-06, 0.952721, 0.0469493, 0.000322149)) == ({x0, x9}, (7.08053e-06, 0.952721, 0.0469493, 0.000322149))
({x1, x2}, (0.0233437, 0.909974, 0.0448428, 0.0218399)) == ({x1, x2}, (0.0233437, 0.909974, 0.0448428, 0.0218399))
({x1, x3}, (0.0448428, 0.0218399, 0.0233437, 0.909974)) == ({x1, x3}, (0.0448428, 0.0218399, 0.0233437, 0.909974))
({x1, x4}, (0.0448428, 0.0218399, 0.0233437, 0.909974)) == ({x1, x4}, (0.0448428, 0.0218399, 0.0233437, 0.909974))
({x1, x5}, (0.0396348, 0.0366441, 0.0433824, 0.880339)) == ({x1, x5}, (0.0396348, 0.0366441, 0.0433824, 0.880339))
({x1, x6}, (0.045004, 0.0219184, 0.0198328, 0.913245)) == ({x1, x6}, (0.045004, 0.0219184, 0.0198328, 0.913245))
({x1, x7}, (0.0448428, 0.0218399, 0.0233437, 0.909974)) == ({x1, x7}, (0.0448428, 0.0218399, 0.0233437, 0.909974))
({x1, x8}, (0.0433824, 0.880339, 0.0396348, 0.0366441)) == ({x1, x8}, (0.0433824, 0.880339, 0.0396348, 0.0366441))
({x1, x9}, (0.0233437, 0.909974, 0.0448428, 0.0218399)) == ({x1, x9}, (0.0233437, 0.909974, 0.0448428, 0.0218399))
({x2, x3}, (2.81173e-06, 0.0469645, 0.953029, 3.61264e-06)) == ({x2, x3}, (2.81173e-06, 0.0469645, 0.953029, 3.61264e-06))
({x2, x4}, (5.0668e-06, 0.0469631, 0.953001, 3.04879e-05)) == ({x2, x4}, (5.0668e-06, 0.0469631, 0.953001, 3.04879e-05))
({x2, x5}, (0.0366441, 0.0396348, 0.880339, 0.0433824)) == ({x2, x5}, (0.0366441, 0.0396348, 0.880339, 0.0433824))
({x2, x6}, (0.0238341, 0.0457848, 0.92909, 0.00129123)) == ({x2, x6}, (0.0238341, 0.0457848, 0.92909, 0.00129123))
({x2, x7}, (2.1008e-06, 0.0469645, 0.95303, 3.61264e-06)) == ({x2, x7}, (2.1008e-06, 0.0469645, 0.95303, 3.61264e-06))
({x2, x8}, (0.880339, 0.0433824, 0.0366441, 0.0396348)) == ({x2, x8}, (0.880339, 0.0433824, 0.0366441, 0.0396348))
({x2, x9}, (0.952721, 7.08053e-06, 0.000322149, 0.0469493)) == ({x2, x9}, (0.952721, 7.08053e-06, 0.000322149, 0.0469493))
({x3, x4}, (0.0469631, 5.0668e-06, 3.04879e-05, 0.953001)) == ({x3, x4}, (0.0469631, 5.0668e-06, 3.04879e-05, 0.953001))
({x3, x5}, (0.0396348, 0.0366441, 0.0433824, 0.880339)) == ({x3, x5}, (0.0396348, 0.0366441, 0.0433824, 0.880339))
({x3, x6}, (0.0457848, 0.0238341, 0.00129123, 0.92909)) == ({x3, x6}, (0.0457848, 0.0238341, 0.00129123, 0.92909))
({x3, x7}, (0.0469646, 2.60634e-06, 2.81173e-06, 0.95303)) == ({x3, x7}, (0.0469646, 2.60634e-06, 2.81173e-06, 0.95303))
({x3, x8}, (0.0433824, 0.880339, 0.0396348, 0.0366441)) == ({x3, x8}, (0.0433824, 0.880339, 0.0396348, 0.0366441))
({x3, x9}, (7.08053e-06, 0.952721, 0.0469493, 0.000322149)) == ({x3, x9}, (7.08053e-06, 0.952721, 0.0469493, 0.000322149))
({x4, x5}, (0.0396348, 0.0366441, 0.0433824, 0.880339)) == ({x4, x5}, (0.0396348, 0.0366441, 0.0433824, 0.880339))
({x4, x6}, (0.0457848, 0.0238341, 0.00129123, 0.92909)) == ({x4, x6}, (0.0457848, 0.0238341, 0.00129123, 0.92909))
({x4, x7}, (0.0469631, 3.04879e-05, 5.0668e-06, 0.953001)) == ({x4, x7}, (0.0469631, 3.04879e-05, 5.0668e-06, 0.953001))
({x4, x8}, (0.0433824, 0.880339, 0.0396348, 0.0366441)) == ({x4, x8}, (0.0433824, 0.880339, 0.0396348, 0.0366441))
({x4, x9}, (7.08053e-06, 0.952721, 0.0469493, 0.000322149)) == ({x4, x9}, (7.08053e-06, 0.952721, 0.0469493, 0.000322149))
({x5, x6}, (0.0396348, 0.0433824, 0.0366441, 0.880339)) == ({x5, x6}, (0.0396348, 0.0433824, 0.0366441, 0.880339))
({x5, x7}, (0.0396348, 0.0433824, 0.0366441, 0.880339)) == ({x5, x7}, (0.0396348, 0.0433824, 0.0366441, 0.880339))
({x5, x8}, (0.0328695, 0.893491, 0.0402269, 0.0334127)) == ({x5, x8}, (0.0328695, 0.893491, 0.0402269, 0.0334127))
({x5, x9}, (0.0366441, 0.880339, 0.0396348, 0.0433824)) == ({x5, x9}, (0.0366441, 0.880339, 0.0396348, 0.0433824))
({x6, x7}, (0.0457848, 0.00129123, 0.0238341, 0.92909)) == ({x6, x7}, (0.0457848, 0.00129123, 0.0238341, 0.92909))
({x6, x8}, (0.0433824, 0.880339, 0.0396348, 0.0366441)) == ({x6, x8}, (0.0433824, 0.880339, 0.0396348, 0.0366441))
({x6, x9}, (0.0238341, 0.92909, 0.0457848, 0.00129123)) == ({x6, x9}, (0.0238341, 0.92909, 0.0457848, 0.00129123))
({x7, x8}, (0.0433824, 0.880339, 0.0396348, 0.0366441)) == ({x7, x8}, (0.0433824, 0.880339, 0.0396348, 0.0366441))
({x7, x9}, (7.08053e-06, 0.952721, 0.0469493, 0.000322149)) == ({x7, x9}, (7.08053e-06, 0.952721, 0.0469493, 0.000322149))
({x8, x9}, (0.880339, 0.0366441, 0.0433824, 0.0396348)) == ({x8, x9}, (0.880339, 0.0366441, 0.0433824, 0.0396348))
Exact MAP state (log score = 26.033):
x0: 1
x1: 1
x2: 0
x3: 1
x4: 1
x5: 1
x6: 1
x7: 1
x8: 0
x9: 0
