Builtin inference algorithms: {BP, EXACT, FBP, JTREE, TRWBP}

Exact variable marginals:
({x0}, (0.520827, 0.479173))
({x1}, (0.357016, 0.642984))
({x2}, (0.460134, 0.539866))
({x3}, (0.46482, 0.53518))
({x4}, (0.536863, 0.463137))
({x5}, (0.463037, 0.536963))
({x6}, (0.270487, 0.729513))
({x7}, (0.455944, 0.544056))
({x8}, (0.54004, 0.45996))
({x9}, (0.348524, 0.651476))
Exact factor marginals:
({x0}, (0.520827, 0.479173))
({x1}, (0.357016, 0.642984))
({x2}, (0.460134, 0.539866))
({x3}, (0.46482, 0.53518))
({x4}, (0.536863, 0.463137))
({x5}, (0.463037, 0.536963))
({x6}, (0.270487, 0.729513))
({x7}, (0.455944, 0.544056))
({x8}, (0.54004, 0.45996))
({x9}, (0.348524, 0.651476))
({x0, x1}, (0.050826, 0.30619, 0.470001, 0.172983))
({x0, x2}, (0.0247886, 0.435345, 0.496038, 0.0438275))
({x0, x3}, (0.0303836, 0.434437, 0.490443, 0.0447361))
({x0, x4}, (0.496489, 0.0403732, 0.0243377, 0.4388))
({x0, x5}, (0.0238012, 0.439236, 0.497026, 0.039937))
({x0, x6}, (0.087237, 0.18325, 0.43359, 0.295923))
({x0, x7}, (0.0214743, 0.43447, 0.499353, 0.0447032))
({x0, x8}, (0.496454, 0.043586, 0.0243729, 0.435587))
({x0, x9}, (0.0322588, 0.316265, 0.488568, 0.162908))
({x1, x2}, (0.293862, 0.166272, 0.0631539, 0.476712))
({x1, x3}, (0.29342, 0.1714, 0.0635959, 0.471584))
({x1, x4}, (0.0603068, 0.476556, 0.296709, 0.166428))
({x1, x5}, (0.296638, 0.166399, 0.0603779, 0.476585))
({x1, x6}, (0.201417, 0.0690704, 0.155599, 0.573913))
({x1, x7}, (0.289351, 0.166593, 0.067665, 0.476391))
({x1, x8}, (0.0635874, 0.476453, 0.293429, 0.166531))
({x1, x9}, (0.281177, 0.0673463, 0.0758388, 0.575638))
({x2, x3}, (0.458666, 0.00615397, 0.00146763, 0.533712))
({x2, x4}, (0.000551914, 0.536311, 0.459582, 0.00355522))
({x2, x5}, (0.45912, 0.00391662, 0.00101356, 0.535949))
({x2, x6}, (0.206231, 0.0642564, 0.253903, 0.47561))
({x2, x7}, (0.45528, 0.000663969, 0.00485398, 0.539202))
({x2, x8}, (0.000471368, 0.539569, 0.459663, 0.000297185))
({x2, x9}, (0.341037, 0.00748623, 0.119097, 0.53238))
({x3, x4}, (0.00608709, 0.530776, 0.458733, 0.00440406))
({x3, x5}, (0.458186, 0.00485155, 0.00663483, 0.530328))
({x3, x6}, (0.209654, 0.0608326, 0.255166, 0.474347))
({x3, x7}, (0.454187, 0.00175686, 0.0106332, 0.533423))
({x3, x8}, (0.00613283, 0.533907, 0.458688, 0.00127231))
({x3, x9}, (0.34329, 0.0052337, 0.12153, 0.529946))
({x4, x5}, (0.000582294, 0.462455, 0.53628, 0.00068255))
({x4, x6}, (0.0647173, 0.20577, 0.472145, 0.257367))
({x4, x7}, (0.000647558, 0.455296, 0.536215, 0.00784088))
({x4, x8}, (0.536659, 0.00338101, 0.000203514, 0.459756))
({x4, x9}, (0.00794257, 0.340581, 0.52892, 0.122556))
({x5, x6}, (0.205626, 0.0648613, 0.257411, 0.472102))
({x5, x7}, (0.455036, 0.000908075, 0.00800114, 0.536055))
({x5, x8}, (0.00375035, 0.53629, 0.459287, 0.000673114))
({x5, x9}, (0.340038, 0.00848521, 0.122999, 0.528478))
({x6, x7}, (0.202487, 0.253457, 0.0680006, 0.476055))
({x6, x8}, (0.0646755, 0.475365, 0.205812, 0.254148))
({x6, x9}, (0.213668, 0.134856, 0.0568194, 0.594657))
({x7, x8}, (0.000507157, 0.539533, 0.455437, 0.00452298))
({x7, x9}, (0.337233, 0.0112903, 0.118711, 0.532766))
({x8, x9}, (0.00789815, 0.340626, 0.532142, 0.119334))
Exact log partition sum: 17.5873
Exact MAP variable marginals:
({x0}, (0.705498, 0.294502))
({x1}, (0.294502, 0.705498))
({x2}, (0.294502, 0.705498))
({x3}, (0.294502, 0.705498))
({x4}, (0.705498, 0.294502))
({x5}, (0.294502, 0.705498))
({x6}, (0.294502, 0.705498))
({x7}, (0.294502, 0.705498))
({x8}, (0.705498, 0.294502))
({x9}, (0.294502, 0.705498))
Exact MAP factor marginals:
({x0}, (0.705498, 0.294502)) == ({x0}, (0.705498, 0.294502))
({x1}, (0.294502, 0.705498)) == ({x1}, (0.294502, 0.705498))
({x2}, (0.294502, 0.705498)) == ({x2}, (0.294502, 0.705498))
({x3}, (0.294502, 0.705498)) == ({x3}, (0.294502, 0.705498))
({x4}, (0.705498, 0.294502)) == ({x4}, (0.705498, 0.294502))
({x5}, (0.294502, 0.705498)) == ({x5}, (0.294502, 0.705498))
({x6}, (0.294502, 0.705498)) == ({x6}, (0.294502, 0.705498))
({x7}, (0.294502, 0.705498)) == ({x7}, (0.294502, 0.705498))
({x8}, (0.705498, 0.294502)) == ({x8}, (0.705498, 0.294502))
({x9}, (0.294502, 0.705498)) == ({x9}, (0.294502, 0.705498))
({x0, x1}, (0.0297874, 0.243288, 0.582813, 0.144111)) == ({x0, x1}, (0.0297874, 0.243288, 0.582813, 0.144111))
({x0, x2}, (0.0189951, 0.279179, 0.668791, 0.0330352)) == ({x0, x2}, (0.0189951, 0.279179, 0.668791, 0.0330352))
({x0, x3}, (0.0189951, 0.279179, 0.668791, 0.0330352)) == ({x0, x3}, (0.0189951, 0.279179, 0.668791, 0.0330352))
({x0, x4}, (0.668791, 0.0330352, 0.0189951, 0.279179)) == ({x0, x4}, (0.668791, 0.0330352, 0.0189951, 0.279179))
({x0, x5}, (0.0189951, 0.279179, 0.668791, 0.0330352)) == ({x0, x5}, (0.0189951, 0.279179, 0.668791, 0.0330352))
({x0, x6}, (0.0576218, 0.236309, 0.566093, 0.139977)) == ({x0, x6}, (0.0576218, 0.236309, 0.566093, 0.139977))
({x0, x7}, (0.0189951, 0.279179, 0.668791, 0.0330352)) == ({x0, x7}, (0.0189951, 0.279179, 0.668791, 0.0330352))
({x0, x8}, (0.668791, 0.0330352, 0.0189951, 0.279179)) == ({x0, x8}, (0.668791, 0.0330352, 0.0189951, 0.279179))
({x0, x9}, (0.0167751, 0.246551, 0.59063, 0.146044)) == ({x0, x9}, (0.0167751, 0.246551, 0.59063, 0.146044))
({x1, x2}, (0.243288, 0.144111, 0.0297874, 0.582813)) == ({x1, x2}, (0.243288, 0.144111, 0.0297874, 0.582813))
({x1, x3}, (0.243288, 0.144111, 0.0297874, 0.582813)) == ({x1, x3}, (0.243288, 0.144111, 0.0297874, 0.582813))
({x1, x4}, (0.0297874, 0.582813, 0.243288, 0.144111)) == ({x1, x4}, (0.0297874, 0.582813, 0.243288, 0.144111))
({x1, x5}, (0.243288, 0.144111, 0.0297874, 0.582813)) == ({x1, x5}, (0.243288, 0.144111, 0.0297874, 0.582813))
({x1, x6}, (0.238848, 0.0582409, 0.130736, 0.572176)) == ({x1, x6}, (0.238848, 0.0582409, 0.130736, 0.572176))
({x1, x7}, (0.243288, 0.144111, 0.0297874, 0.582813)) == ({x1, x7}, (0.243288, 0.144111, 0.0297874, 0.582813))
({x1, x8}, (0.0297874, 0.582813, 0.243288, 0.144111)) == ({x1, x8}, (0.0297874, 0.582813, 0.243288, 0.144111))
({x1, x9}, (0.266534, 0.062332, 0.0326336, 0.6385)) == ({x1, x9}, (0.266534, 0.062332, 0.0326336, 0.6385))
({x2, x3}, (0.292993, 0.00366332, 0.0014607, 0.701883)) == ({x2, x3}, (0.292993, 0.00366332, 0.0014607, 0.701883))
({x2, x4}, (0.000276087, 0.701774, 0.292947, 0.00500239)) == ({x2, x4}, (0.000276087, 0.701774, 0.292947, 0.00500239))
({x2, x5}, (0.292931, 0.00500211, 0.000332849, 0.701734)) == ({x2, x5}, (0.292931, 0.00500211, 0.000332849, 0.701734))
({x2, x6}, (0.236309, 0.0576218, 0.139977, 0.566093)) == ({x2, x6}, (0.236309, 0.0576218, 0.139977, 0.566093))
({x2, x7}, (0.292983, 0.000588094, 0.00456792, 0.701861)) == ({x2, x7}, (0.292983, 0.000588094, 0.00456792, 0.701861))
({x2, x8}, (0.000277386, 0.705075, 0.294325, 0.000322891)) == ({x2, x8}, (0.000277386, 0.705075, 0.294325, 0.000322891))
({x2, x9}, (0.249242, 0.00604655, 0.147637, 0.597074)) == ({x2, x9}, (0.249242, 0.00604655, 0.147637, 0.597074))
({x3, x4}, (0.00365039, 0.699406, 0.291959, 0.00498551)) == ({x3, x4}, (0.00365039, 0.699406, 0.291959, 0.00498551))
({x3, x5}, (0.291959, 0.00498551, 0.00365039, 0.699406)) == ({x3, x5}, (0.291959, 0.00498551, 0.00365039, 0.699406))
({x3, x6}, (0.236309, 0.0576218, 0.139977, 0.566093)) == ({x3, x6}, (0.236309, 0.0576218, 0.139977, 0.566093))
({x3, x7}, (0.292728, 0.00145938, 0.00456394, 0.701249)) == ({x3, x7}, (0.292728, 0.00145938, 0.00456394, 0.701249))
({x3, x8}, (0.00366332, 0.701883, 0.292993, 0.0014607)) == ({x3, x8}, (0.00366332, 0.701883, 0.292993, 0.0014607))
({x3, x9}, (0.249242, 0.00604655, 0.147637, 0.597074)) == ({x3, x9}, (0.249242, 0.00604655, 0.147637, 0.597074))
({x4, x5}, (0.000332955, 0.294305, 0.705027, 0.000334411)) == ({x4, x5}, (0.000332955, 0.294305, 0.705027, 0.000334411))
({x4, x6}, (0.0576218, 0.236309, 0.566093, 0.139977)) == ({x4, x6}, (0.0576218, 0.236309, 0.566093, 0.139977))
({x4, x7}, (0.000587838, 0.292856, 0.701555, 0.00500083)) == ({x4, x7}, (0.000587838, 0.292856, 0.701555, 0.00500083))
({x4, x8}, (0.701778, 0.00500242, 0.000270728, 0.292949)) == ({x4, x8}, (0.701778, 0.00500242, 0.000270728, 0.292949))
({x4, x9}, (0.00604655, 0.249242, 0.597074, 0.147637)) == ({x4, x9}, (0.00604655, 0.249242, 0.597074, 0.147637))
({x5, x6}, (0.236309, 0.0576218, 0.139977, 0.566093)) == ({x5, x6}, (0.236309, 0.0576218, 0.139977, 0.566093))
({x5, x7}, (0.292856, 0.000587838, 0.00500083, 0.701555)) == ({x5, x7}, (0.292856, 0.000587838, 0.00500083, 0.701555))
({x5, x8}, (0.00500211, 0.701734, 0.292931, 0.000332849)) == ({x5, x8}, (0.00500211, 0.701734, 0.292931, 0.000332849))
({x5, x9}, (0.249242, 0.00604655, 0.147637, 0.597074)) == ({x5, x9}, (0.249242, 0.00604655, 0.147637, 0.597074))
({x6, x7}, (0.236309, 0.139977, 0.0576218, 0.566093)) == ({x6, x7}, (0.236309, 0.139977, 0.0576218, 0.566093))
({x6, x8}, (0.0576218, 0.566093, 0.236309, 0.139977)) == ({x6, x8}, (0.0576218, 0.566093, 0.236309, 0.139977))
({x6, x9}, (0.238848, 0.130736, 0.0582409, 0.572176)) == ({x6, x9}, (0.238848, 0.130736, 0.0582409, 0.572176))
({x7, x8}, (0.000588094, 0.701861, 0.292983, 0.00456792)) == ({x7, x8}, (0.000588094, 0.701861, 0.292983, 0.00456792))
({x7, x9}, (0.249242, 0.00604655, 0.147637, 0.597074)) == ({x7, x9}, (0.249242, 0.00604655, 0.147637, 0.597074))
({x8, x9}, (0.00604655, 0.249242, 0.597074, 0.147637)) == ({x8, x9}, (0.00604655, 0.249242, 0.597074, 0.147637))
Exact MAP state (log score = 16.6936):
x0: 0
x1: 1
x2: 1
x3: 1
x4: 0
x5: 1
x6: 1
x7: 1
x8: 0
x9: 1
