Builtin inference algorithms: {BP, EXACT, FBP, JTREE, TRWBP}

Exact variable marginals:
({x0}, (0.394677, 0.605323))
({x1}, (0.393777, 0.606223))
({x2}, (0.394409, 0.605591))
({x3}, (0.605589, 0.394411))
({x4}, (0.394435, 0.605565))
({x5}, (0.394432, 0.605568))
({x6}, (0.490116, 0.509884))
({x7}, (0.394902, 0.605098))
({x8}, (0.131897, 0.868103))
({x9}, (0.396991, 0.603009))
Exact factor marginals:
({x0}, (0.394677, 0.605323))
({x1}, (0.393777, 0.606223))
({x2}, (0.394409, 0.605591))
({x3}, (0.605589, 0.394411))
({x4}, (0.394435, 0.605565))
({x5}, (0.394432, 0.605568))
({x6}, (0.490116, 0.509884))
({x7}, (0.394902, 0.605098))
({x8}, (0.131897, 0.868103))
({x9}, (0.396991, 0.603009))
({x0, x1}, (0.393754, 2.28644e-05, 0.000922964, 0.6053))
({x0, x2}, (0.394386, 2.30523e-05, 0.000290934, 0.6053))
({x0, x3}, (0.000285012, 0.605304, 0.394392, 1.87743e-05))
({x0, x4}, (0.394416, 1.86543e-05, 0.000260652, 0.605305))
({x0, x5}, (0.394414, 1.74939e-05, 0.000262263, 0.605306))
({x0, x6}, (0.0102528, 0.479864, 0.384424, 0.12546))
({x0, x7}, (0.394413, 0.00048919, 0.000263805, 0.604834))
({x0, x8}, (0.0628506, 0.0690463, 0.331826, 0.536277))
({x0, x9}, (0.394372, 0.0026184, 0.000304384, 0.602705))
({x1, x2}, (0.393759, 0.00065011, 1.78922e-05, 0.605573))
({x1, x3}, (3.15342e-05, 0.605558, 0.393745, 0.000665396))
({x1, x4}, (0.393769, 0.000665258, 7.15517e-06, 0.605558))
({x1, x5}, (0.393768, 0.000663998, 8.66654e-06, 0.605559))
({x1, x6}, (0.0102748, 0.479842, 0.383502, 0.126382))
({x1, x7}, (0.393767, 0.00113563, 1.01429e-05, 0.605088))
({x1, x8}, (0.0628728, 0.0690241, 0.330904, 0.537199))
({x1, x9}, (0.393723, 0.00326781, 5.3688e-05, 0.602956))
({x2, x3}, (3.18698e-05, 0.605558, 0.394377, 3.35136e-05))
({x2, x4}, (0.394401, 3.32731e-05, 7.38844e-06, 0.605558))
({x2, x5}, (0.3944, 3.19179e-05, 8.80455e-06, 0.605559))
({x2, x6}, (0.0102754, 0.479841, 0.384133, 0.12575))
({x2, x7}, (0.394399, 0.000503501, 1.02342e-05, 0.605088))
({x2, x8}, (0.0628735, 0.0690234, 0.331535, 0.536568))
({x2, x9}, (0.394355, 0.00263557, 5.36655e-05, 0.602956))
({x3, x4}, (2.75116e-05, 0.394407, 0.605562, 3.27074e-06))
({x3, x5}, (2.61601e-05, 0.394406, 0.605563, 4.69055e-06))
({x3, x6}, (0.479846, 0.010271, 0.125744, 0.38414))
({x3, x7}, (0.000498769, 0.394403, 0.605091, 7.14534e-06))
({x3, x8}, (0.0690471, 0.0628499, 0.536542, 0.331561))
({x3, x9}, (0.00263043, 0.39436, 0.602959, 5.01673e-05))
({x4, x5}, (0.39443, 1.84552e-06, 4.61677e-06, 0.605563))
({x4, x6}, (0.0102702, 0.479846, 0.384165, 0.125719))
({x4, x7}, (0.394428, 0.000474209, 6.82713e-06, 0.605091))
({x4, x8}, (0.0628662, 0.0690307, 0.331569, 0.536535))
({x4, x9}, (0.394385, 0.00260617, 5.01492e-05, 0.602959))
({x5, x6}, (0.0102691, 0.479847, 0.384163, 0.125721))
({x5, x7}, (0.394426, 0.000475693, 5.5393e-06, 0.605092))
({x5, x8}, (0.062866, 0.0690309, 0.331566, 0.536537))
({x5, x9}, (0.394385, 0.00260612, 4.73341e-05, 0.602962))
({x6, x7}, (0.0102664, 0.384636, 0.47985, 0.125248))
({x6, x8}, (0.0790814, 0.0528156, 0.411035, 0.457068))
({x6, x9}, (0.0113617, 0.385629, 0.478755, 0.124254))
({x7, x8}, (0.0628638, 0.0690331, 0.332038, 0.536065))
({x7, x9}, (0.394803, 0.0021874, 9.87672e-05, 0.60291))
({x8, x9}, (0.0628346, 0.334156, 0.0690623, 0.533947))
Exact log partition sum: 15.7598
Exact MAP variable marginals:
({x0}, (0.446621, 0.553379))
({x1}, (0.446621, 0.553379))
({x2}, (0.446621, 0.553379))
({x3}, (0.553379, 0.446621))
({x4}, (0.446621, 0.553379))
({x5}, (0.446621, 0.553379))
({x6}, (0.553379, 0.446621))
({x7}, (0.446621, 0.553379))
({x8}, (0.14404, 0.85596))
({x9}, (0.446621, 0.553379))
Exact MAP factor marginals:
({x0}, (0.446621, 0.553379)) == ({x0}, (0.446621, 0.553379))
({x1}, (0.446621, 0.553379)) == ({x1}, (0.446621, 0.553379))
({x2}, (0.446621, 0.553379)) == ({x2}, (0.446621, 0.553379))
({x3}, (0.553379, 0.446621)) == ({x3}, (0.553379, 0.446621))
({x4}, (0.446621, 0.553379)) == ({x4}, (0.446621, 0.553379))
({x5}, (0.446621, 0.553379)) == ({x5}, (0.446621, 0.553379))
({x6}, (0.553379, 0.446621)) == ({x6}, (0.553379, 0.446621))
({x7}, (0.446621, 0.553379)) == ({x7}, (0.446621, 0.553379))
({x8}, (0.14404, 0.85596)) == ({x8}, (0.14404, 0.85596))
({x9}, (0.446621, 0.553379)) == ({x9}, (0.446621, 0.553379))
({x0, x1}, (0.446225, 2.08268e-05, 0.000867105, 0.552887)) == ({x0, x1}, (0.446225, 2.08268e-05, 0.000867105, 0.552887))
({x0, x2}, (0.446457, 2.08377e-05, 0.000346529, 0.553175)) == ({x0, x2}, (0.446457, 2.08377e-05, 0.000346529, 0.553175))
({x0, x3}, (0.000346529, 0.553175, 0.446457, 2.08377e-05)) == ({x0, x3}, (0.000346529, 0.553175, 0.446457, 2.08377e-05))
({x0, x4}, (0.446457, 2.08377e-05, 0.000346529, 0.553175)) == ({x0, x4}, (0.446457, 2.08377e-05, 0.000346529, 0.553175))
({x0, x5}, (0.446457, 2.08377e-05, 0.000346529, 0.553175)) == ({x0, x5}, (0.446457, 2.08377e-05, 0.000346529, 0.553175))
({x0, x6}, (0.0115178, 0.468619, 0.378214, 0.141649)) == ({x0, x6}, (0.0115178, 0.468619, 0.378214, 0.141649))
({x0, x7}, (0.446214, 0.000565078, 0.000346341, 0.552874)) == ({x0, x7}, (0.446214, 0.000565078, 0.000346341, 0.552874))
({x0, x8}, (0.0611508, 0.0799797, 0.38359, 0.47528)) == ({x0, x8}, (0.0611508, 0.0799797, 0.38359, 0.47528))
({x0, x9}, (0.445805, 0.0014829, 0.000346023, 0.552366)) == ({x0, x9}, (0.445805, 0.0014829, 0.000346023, 0.552366))
({x1, x2}, (0.446227, 0.000867109, 1.53839e-05, 0.55289)) == ({x1, x2}, (0.446227, 0.000867109, 1.53839e-05, 0.55289))
({x1, x3}, (2.14991e-05, 0.552887, 0.446225, 0.000867104)) == ({x1, x3}, (2.14991e-05, 0.552887, 0.446225, 0.000867104))
({x1, x4}, (0.44623, 0.000867115, 8.46052e-06, 0.552894)) == ({x1, x4}, (0.44623, 0.000867115, 8.46052e-06, 0.552894))
({x1, x5}, (0.44623, 0.000867115, 8.46052e-06, 0.552894)) == ({x1, x5}, (0.44623, 0.000867115, 8.46052e-06, 0.552894))
({x1, x6}, (0.0115178, 0.468619, 0.378214, 0.141649)) == ({x1, x6}, (0.0115178, 0.468619, 0.378214, 0.141649))
({x1, x7}, (0.44623, 0.000867115, 8.46052e-06, 0.552894)) == ({x1, x7}, (0.44623, 0.000867115, 8.46052e-06, 0.552894))
({x1, x8}, (0.0611508, 0.0799797, 0.38359, 0.47528)) == ({x1, x8}, (0.0611508, 0.0799797, 0.38359, 0.47528))
({x1, x9}, (0.445945, 0.00148336, 3.18875e-05, 0.55254)) == ({x1, x9}, (0.445945, 0.00148336, 3.18875e-05, 0.55254))
({x2, x3}, (2.15172e-05, 0.553353, 0.446601, 2.44388e-05)) == ({x2, x3}, (2.15172e-05, 0.553353, 0.446601, 2.44388e-05))
({x2, x4}, (0.446607, 2.44392e-05, 8.65762e-06, 0.55336)) == ({x2, x4}, (0.446607, 2.44392e-05, 8.65762e-06, 0.55336))
({x2, x5}, (0.446607, 2.44392e-05, 8.65762e-06, 0.55336)) == ({x2, x5}, (0.446607, 2.44392e-05, 8.65762e-06, 0.55336))
({x2, x6}, (0.0115178, 0.468619, 0.378214, 0.141649)) == ({x2, x6}, (0.0115178, 0.468619, 0.378214, 0.141649))
({x2, x7}, (0.446365, 0.000565268, 8.65294e-06, 0.553061)) == ({x2, x7}, (0.446365, 0.000565268, 8.65294e-06, 0.553061))
({x2, x8}, (0.0611508, 0.0799797, 0.38359, 0.47528)) == ({x2, x8}, (0.0611508, 0.0799797, 0.38359, 0.47528))
({x2, x9}, (0.445945, 0.00148336, 3.18875e-05, 0.55254)) == ({x2, x9}, (0.445945, 0.00148336, 3.18875e-05, 0.55254))
({x3, x4}, (2.15177e-05, 0.44661, 0.553364, 4.0148e-06)) == ({x3, x4}, (2.15177e-05, 0.44661, 0.553364, 4.0148e-06))
({x3, x5}, (2.15177e-05, 0.44661, 0.553364, 4.0148e-06)) == ({x3, x5}, (2.15177e-05, 0.44661, 0.553364, 4.0148e-06))
({x3, x6}, (0.468619, 0.0115178, 0.141649, 0.378214)) == ({x3, x6}, (0.468619, 0.0115178, 0.141649, 0.378214))
({x3, x7}, (0.000565271, 0.446367, 0.553064, 4.01261e-06)) == ({x3, x7}, (0.000565271, 0.446367, 0.553064, 4.01261e-06))
({x3, x8}, (0.0799797, 0.0611508, 0.47528, 0.38359)) == ({x3, x8}, (0.0799797, 0.0611508, 0.47528, 0.38359))
({x3, x9}, (0.00148336, 0.445945, 0.55254, 3.18875e-05)) == ({x3, x9}, (0.00148336, 0.445945, 0.55254, 3.18875e-05))
({x4, x5}, (0.44662, 8.23799e-07, 2.71774e-06, 0.553377)) == ({x4, x5}, (0.44662, 8.23799e-07, 2.71774e-06, 0.553377))
({x4, x6}, (0.0115178, 0.468619, 0.378214, 0.141649)) == ({x4, x6}, (0.0115178, 0.468619, 0.378214, 0.141649))
({x4, x7}, (0.446368, 0.000565272, 2.71621e-06, 0.553064)) == ({x4, x7}, (0.446368, 0.000565272, 2.71621e-06, 0.553064))
({x4, x8}, (0.0611508, 0.0799797, 0.38359, 0.47528)) == ({x4, x8}, (0.0611508, 0.0799797, 0.38359, 0.47528))
({x4, x9}, (0.445945, 0.00148336, 3.18875e-05, 0.55254)) == ({x4, x9}, (0.445945, 0.00148336, 3.18875e-05, 0.55254))
({x5, x6}, (0.0115178, 0.468619, 0.378214, 0.141649)) == ({x5, x6}, (0.0115178, 0.468619, 0.378214, 0.141649))
({x5, x7}, (0.446368, 0.000565272, 2.25411e-06, 0.553064)) == ({x5, x7}, (0.446368, 0.000565272, 2.25411e-06, 0.553064))
({x5, x8}, (0.0611508, 0.0799797, 0.38359, 0.47528)) == ({x5, x8}, (0.0611508, 0.0799797, 0.38359, 0.47528))
({x5, x9}, (0.445945, 0.00148336, 3.18875e-05, 0.55254)) == ({x5, x9}, (0.445945, 0.00148336, 3.18875e-05, 0.55254))
({x6, x7}, (0.0115178, 0.378214, 0.468619, 0.141649)) == ({x6, x7}, (0.0115178, 0.378214, 0.468619, 0.141649))
({x6, x8}, (0.0799797, 0.0611508, 0.47528, 0.38359)) == ({x6, x8}, (0.0799797, 0.0611508, 0.47528, 0.38359))
({x6, x9}, (0.0115178, 0.378214, 0.468619, 0.141649)) == ({x6, x9}, (0.0115178, 0.378214, 0.468619, 0.141649))
({x7, x8}, (0.0611508, 0.0799797, 0.38359, 0.47528)) == ({x7, x8}, (0.0611508, 0.0799797, 0.38359, 0.47528))
({x7, x9}, (0.445927, 0.0014833, 7.14795e-05, 0.552518)) == ({x7, x9}, (0.445927, 0.0014833, 7.14795e-05, 0.552518))
({x8, x9}, (0.0611508, 0.38359, 0.0799797, 0.47528)) == ({x8, x9}, (0.0611508, 0.38359, 0.0799797, 0.47528))
Exact MAP state (log score = 14.8676):
x0: 1
x1: 1
x2: 1
x3: 0
x4: 1
x5: 1
x6: 0
x7: 1
x8: 1
x9: 1
