Builtin inference algorithms: {BP, EXACT, FBP, JTREE, TRWBP}

Exact variable marginals:
({x0}, (0.987545, 0.0124554))
({x1}, (0.0279149, 0.972085))
({x2}, (0.0127455, 0.987255))
({x3}, (0.0134276, 0.986572))
({x4}, (0.987708, 0.012292))
({x5}, (0.0523348, 0.947665))
({x6}, (0.958802, 0.0411977))
({x7}, (0.0122985, 0.987701))
({x8}, (0.984522, 0.0154782))
({x9}, (0.0120674, 0.987933))
Exact factor marginals:
({x0}, (0.987545, 0.0124554))
({x1}, (0.0279149, 0.972085))
({x2}, (0.0127455, 0.987255))
({x3}, (0.0134276, 0.986572))
({x4}, (0.987708, 0.012292))
({x5}, (0.0523348, 0.947665))
({x6}, (0.958802, 0.0411977))
({x7}, (0.0122985, 0.987701))
({x8}, (0.984522, 0.0154782))
({x9}, (0.0120674, 0.987933))
({x0, x1}, (0.022807, 0.00510787, 0.964738, 0.00734753))
({x0, x2}, (0.00152447, 0.011221, 0.98602, 0.00123439))
({x0, x3}, (0.00125167, 0.0121759, 0.986293, 0.000279462))
({x0, x4}, (0.987442, 0.000266356, 0.000102919, 0.012189))
({x0, x5}, (0.0437999, 0.00853489, 0.943745, 0.00392051))
({x0, x6}, (0.953703, 0.0050992, 0.0338415, 0.0073562))
({x0, x7}, (0.000168833, 0.0121297, 0.987376, 0.000325695))
({x0, x8}, (0.982484, 0.00203799, 0.00506083, 0.0104174))
({x0, x9}, (0.00014421, 0.0119232, 0.9874, 0.000532184))
({x1, x2}, (0.00662029, 0.00612518, 0.0212946, 0.96596))
({x1, x3}, (0.00628023, 0.00714738, 0.0216346, 0.964938))
({x1, x4}, (0.0227587, 0.964949, 0.00515616, 0.0071358))
({x1, x5}, (0.0172656, 0.0350692, 0.0106493, 0.937016))
({x1, x6}, (0.00778176, 0.951021, 0.0201331, 0.0210646))
({x1, x7}, (0.0051505, 0.00714803, 0.0227644, 0.964937))
({x1, x8}, (0.0196525, 0.964869, 0.00826238, 0.00721585))
({x1, x9}, (0.00508605, 0.00698137, 0.0228288, 0.965104))
({x2, x3}, (0.0115212, 0.00190644, 0.00122431, 0.985348))
({x2, x4}, (0.00148475, 0.986223, 0.0112607, 0.00103123))
({x2, x5}, (0.0100354, 0.0422994, 0.0027101, 0.944955))
({x2, x6}, (0.0041138, 0.954688, 0.00863167, 0.032566))
({x2, x7}, (0.0110278, 0.00127072, 0.00171766, 0.985984))
({x2, x8}, (0.00300164, 0.98152, 0.00974383, 0.0057344))
({x2, x9}, (0.0108402, 0.00122726, 0.00190532, 0.986027))
({x3, x4}, (0.00120152, 0.986507, 0.0122261, 6.58708e-05))
({x3, x5}, (0.00885009, 0.0434847, 0.00457752, 0.943088))
({x3, x6}, (0.00601676, 0.952786, 0.00741085, 0.0337869))
({x3, x7}, (0.0119963, 0.000302195, 0.00143127, 0.98627))
({x3, x8}, (0.00206444, 0.982457, 0.0113632, 0.00411508))
({x3, x9}, (0.0117905, 0.000276927, 0.00163711, 0.986295))
({x4, x5}, (0.0437771, 0.0085577, 0.943931, 0.00373426))
({x4, x6}, (0.953671, 0.00513112, 0.0340369, 0.00716084))
({x4, x7}, (0.000280441, 0.0120181, 0.987428, 0.000273866))
({x4, x8}, (0.982696, 0.00182573, 0.00501201, 0.0104662))
({x4, x9}, (0.000250669, 0.0118168, 0.987457, 0.000475206))
({x5, x6}, (0.0217275, 0.937075, 0.0306073, 0.0105905))
({x5, x7}, (0.00832451, 0.00397402, 0.0440103, 0.943691))
({x5, x8}, (0.045231, 0.939291, 0.00710377, 0.00837446))
({x5, x9}, (0.00860966, 0.00345776, 0.0437251, 0.944207))
({x6, x7}, (0.00521156, 0.00708697, 0.953591, 0.0341107))
({x6, x8}, (0.949047, 0.035475, 0.0097555, 0.00572274))
({x6, x9}, (0.0046589, 0.00740852, 0.954143, 0.0337892))
({x7, x8}, (0.00177739, 0.982744, 0.0105211, 0.0049571))
({x7, x9}, (0.0117428, 0.000324615, 0.000555727, 0.987377))
({x8, x9}, (0.00203364, 0.0100338, 0.982488, 0.00544446))
Exact log partition sum: 35.8318
Exact MAP variable marginals:
({x0}, (0.994853, 0.00514702))
({x1}, (0.0112735, 0.988727))
({x2}, (0.00514702, 0.994853))
({x3}, (0.00514702, 0.994853))
({x4}, (0.994853, 0.00514702))
({x5}, (0.0211778, 0.978822))
({x6}, (0.987867, 0.0121326))
({x7}, (0.00514702, 0.994853))
({x8}, (0.994853, 0.00514702))
({x9}, (0.00514702, 0.994853))
Exact MAP factor marginals:
({x0}, (0.994853, 0.00514702)) == ({x0}, (0.994853, 0.00514702))
({x1}, (0.0112735, 0.988727)) == ({x1}, (0.0112735, 0.988727))
({x2}, (0.00514702, 0.994853)) == ({x2}, (0.00514702, 0.994853))
({x3}, (0.00514702, 0.994853)) == ({x3}, (0.00514702, 0.994853))
({x4}, (0.994853, 0.00514702)) == ({x4}, (0.994853, 0.00514702))
({x5}, (0.0211778, 0.978822)) == ({x5}, (0.0211778, 0.978822))
({x6}, (0.987867, 0.0121326)) == ({x6}, (0.987867, 0.0121326))
({x7}, (0.00514702, 0.994853)) == ({x7}, (0.00514702, 0.994853))
({x8}, (0.994853, 0.00514702)) == ({x8}, (0.994853, 0.00514702))
({x9}, (0.00514702, 0.994853)) == ({x9}, (0.00514702, 0.994853))
({x0, x1}, (0.0111898, 0.00507736, 0.981389, 0.00234425)) == ({x0, x1}, (0.0111898, 0.00507736, 0.981389, 0.00234425))
({x0, x2}, (0.00123817, 0.00513587, 0.992698, 0.000928087)) == ({x0, x2}, (0.00123817, 0.00513587, 0.992698, 0.000928087))
({x0, x3}, (0.000805353, 0.0051424, 0.993958, 9.39313e-05)) == ({x0, x3}, (0.000805353, 0.0051424, 0.993958, 9.39313e-05))
({x0, x4}, (0.994692, 9.40006e-05, 6.82651e-05, 0.00514619)) == ({x0, x4}, (0.994692, 9.40006e-05, 6.82651e-05, 0.00514619))
({x0, x5}, (0.0210222, 0.00502688, 0.97163, 0.00232094)) == ({x0, x5}, (0.0210222, 0.00502688, 0.97163, 0.00232094))
({x0, x6}, (0.980542, 0.00234223, 0.0120427, 0.00507299)) == ({x0, x6}, (0.980542, 0.00234223, 0.0120427, 0.00507299))
({x0, x7}, (6.07017e-05, 0.00514581, 0.994618, 0.000175285)) == ({x0, x7}, (6.07017e-05, 0.00514581, 0.994618, 0.000175285))
({x0, x8}, (0.991115, 0.00149363, 0.00226415, 0.00512768)) == ({x0, x8}, (0.991115, 0.00149363, 0.00226415, 0.00512768))
({x0, x9}, (0.000111619, 0.0051448, 0.994423, 0.000320985)) == ({x0, x9}, (0.000111619, 0.0051448, 0.994423, 0.000320985))
({x1, x2}, (0.00507736, 0.00234425, 0.0111898, 0.981389)) == ({x1, x2}, (0.00507736, 0.00234425, 0.0111898, 0.981389))
({x1, x3}, (0.00507736, 0.00234425, 0.0111898, 0.981389)) == ({x1, x3}, (0.00507736, 0.00234425, 0.0111898, 0.981389))
({x1, x4}, (0.0111898, 0.981389, 0.00507736, 0.00234425)) == ({x1, x4}, (0.0111898, 0.981389, 0.00507736, 0.00234425))
({x1, x5}, (0.0109881, 0.0208506, 0.00446098, 0.9637)) == ({x1, x5}, (0.0109881, 0.0208506, 0.00446098, 0.9637))
({x1, x6}, (0.00450156, 0.972467, 0.0110881, 0.0119435)) == ({x1, x6}, (0.00450156, 0.972467, 0.0110881, 0.0119435))
({x1, x7}, (0.00507736, 0.00234425, 0.0111898, 0.981389)) == ({x1, x7}, (0.00507736, 0.00234425, 0.0111898, 0.981389))
({x1, x8}, (0.0111898, 0.981389, 0.00507736, 0.00234425)) == ({x1, x8}, (0.0111898, 0.981389, 0.00507736, 0.00234425))
({x1, x9}, (0.00507736, 0.00234425, 0.0111898, 0.981389)) == ({x1, x9}, (0.00507736, 0.00234425, 0.0111898, 0.981389))
({x2, x3}, (0.00513587, 0.000928087, 0.00123817, 0.992698)) == ({x2, x3}, (0.00513587, 0.000928087, 0.00123817, 0.992698))
({x2, x4}, (0.00123817, 0.992698, 0.00513587, 0.000928087)) == ({x2, x4}, (0.00123817, 0.992698, 0.00513587, 0.000928087))
({x2, x5}, (0.00502688, 0.0210222, 0.00232094, 0.97163)) == ({x2, x5}, (0.00502688, 0.0210222, 0.00232094, 0.97163))
({x2, x6}, (0.00234223, 0.980542, 0.00507299, 0.0120427)) == ({x2, x6}, (0.00234223, 0.980542, 0.00507299, 0.0120427))
({x2, x7}, (0.00513587, 0.000928087, 0.00123817, 0.992698)) == ({x2, x7}, (0.00513587, 0.000928087, 0.00123817, 0.992698))
({x2, x8}, (0.00149363, 0.991115, 0.00512768, 0.00226415)) == ({x2, x8}, (0.00149363, 0.991115, 0.00512768, 0.00226415))
({x2, x9}, (0.00513587, 0.000928087, 0.00123817, 0.992698)) == ({x2, x9}, (0.00513587, 0.000928087, 0.00123817, 0.992698))
({x3, x4}, (0.000805404, 0.994021, 0.00514272, 3.13213e-05)) == ({x3, x4}, (0.000805404, 0.994021, 0.00514272, 3.13213e-05))
({x3, x5}, (0.00502688, 0.0210222, 0.00232094, 0.97163)) == ({x3, x5}, (0.00502688, 0.0210222, 0.00232094, 0.97163))
({x3, x6}, (0.00234223, 0.980542, 0.00507299, 0.0120427)) == ({x3, x6}, (0.00234223, 0.980542, 0.00507299, 0.0120427))
({x3, x7}, (0.0051424, 9.39313e-05, 0.000805353, 0.993958)) == ({x3, x7}, (0.0051424, 9.39313e-05, 0.000805353, 0.993958))
({x3, x8}, (0.00149363, 0.991115, 0.00512768, 0.00226415)) == ({x3, x8}, (0.00149363, 0.991115, 0.00512768, 0.00226415))
({x3, x9}, (0.00514231, 0.000111565, 0.000805339, 0.993941)) == ({x3, x9}, (0.00514231, 0.000111565, 0.000805339, 0.993941))
({x4, x5}, (0.0210222, 0.00502688, 0.97163, 0.00232094)) == ({x4, x5}, (0.0210222, 0.00502688, 0.97163, 0.00232094))
({x4, x6}, (0.980542, 0.00234223, 0.0120427, 0.00507299)) == ({x4, x6}, (0.980542, 0.00234223, 0.0120427, 0.00507299))
({x4, x7}, (9.39906e-05, 0.00514564, 0.994585, 0.000175279)) == ({x4, x7}, (9.39906e-05, 0.00514564, 0.994585, 0.000175279))
({x4, x8}, (0.991115, 0.00149363, 0.00226415, 0.00512768)) == ({x4, x8}, (0.991115, 0.00149363, 0.00226415, 0.00512768))
({x4, x9}, (0.000111619, 0.0051448, 0.994423, 0.000320985)) == ({x4, x9}, (0.000111619, 0.0051448, 0.994423, 0.000320985))
({x5, x6}, (0.0207711, 0.960025, 0.0117907, 0.00741328)) == ({x5, x6}, (0.0207711, 0.960025, 0.0117907, 0.00741328))
({x5, x7}, (0.00502688, 0.00232094, 0.0210222, 0.97163)) == ({x5, x7}, (0.00502688, 0.00232094, 0.0210222, 0.97163))
({x5, x8}, (0.0210222, 0.97163, 0.00502688, 0.00232094)) == ({x5, x8}, (0.0210222, 0.97163, 0.00502688, 0.00232094))
({x5, x9}, (0.00502688, 0.00232094, 0.0210222, 0.97163)) == ({x5, x9}, (0.00502688, 0.00232094, 0.0210222, 0.97163))
({x6, x7}, (0.00234223, 0.00507299, 0.980542, 0.0120427)) == ({x6, x7}, (0.00234223, 0.00507299, 0.980542, 0.0120427))
({x6, x8}, (0.980542, 0.0120427, 0.00234223, 0.00507299)) == ({x6, x8}, (0.980542, 0.0120427, 0.00234223, 0.00507299))
({x6, x9}, (0.00234223, 0.00507299, 0.980542, 0.0120427)) == ({x6, x9}, (0.00234223, 0.00507299, 0.980542, 0.0120427))
({x7, x8}, (0.00149363, 0.991115, 0.00512768, 0.00226415)) == ({x7, x8}, (0.00149363, 0.991115, 0.00512768, 0.00226415))
({x7, x9}, (0.00514447, 0.000175239, 0.000320965, 0.994359)) == ({x7, x9}, (0.00514447, 0.000175239, 0.000320965, 0.994359))
({x8, x9}, (0.00149363, 0.00512768, 0.991115, 0.00226415)) == ({x8, x9}, (0.00149363, 0.00512768, 0.991115, 0.00226415))
Exact MAP state (log score = 35.7529):
x0: 0
x1: 1
x2: 1
x3: 1
x4: 0
x5: 1
x6: 0
x7: 1
x8: 0
x9: 1
