Builtin inference algorithms: {BP, EXACT, FBP, JTREE, TRWBP}

Exact variable marginals:
({x0}, (0.115502, 0.884498))
({x1}, (0.904342, 0.0956578))
({x2}, (0.896663, 0.103337))
({x3}, (0.0958942, 0.904106))
({x4}, (0.116263, 0.883737))
({x5}, (0.104095, 0.895905))
({x6}, (0.103023, 0.896977))
({x7}, (0.875691, 0.124309))
({x8}, (0.105104, 0.894896))
({x9}, (0.886781, 0.113219))
Exact factor marginals:
({x0}, (0.115502, 0.884498))
({x1}, (0.904342, 0.0956578))
({x2}, (0.896663, 0.103337))
({x3}, (0.0958942, 0.904106))
({x4}, (0.116263, 0.883737))
({x5}, (0.104095, 0.895905))
({x6}, (0.103023, 0.896977))
({x7}, (0.875691, 0.124309))
({x8}, (0.105104, 0.894896))
({x9}, (0.886781, 0.113219))
({x0, x1}, (0.0268903, 0.877452, 0.0886119, 0.00704586))
({x0, x2}, (0.0177261, 0.878937, 0.0977762, 0.00556117))
({x0, x3}, (0.0882805, 0.00761364, 0.0272217, 0.876884))
({x0, x4}, (0.086522, 0.0297409, 0.0289802, 0.854757))
({x0, x5}, (0.0969687, 0.00712585, 0.0185335, 0.877372))
({x0, x6}, (0.0881699, 0.0148535, 0.0273323, 0.869644))
({x0, x7}, (0.0175311, 0.85816, 0.0979711, 0.0263379))
({x0, x8}, (0.103053, 0.00205161, 0.0124497, 0.882446))
({x0, x9}, (0.0173623, 0.869419, 0.0981399, 0.0150787))
({x1, x2}, (0.895057, 0.00160581, 0.00928535, 0.094052))
({x1, x3}, (0.000750415, 0.0951437, 0.903592, 0.000514033))
({x1, x4}, (0.0467987, 0.0694642, 0.857544, 0.0261935))
({x1, x5}, (0.00862684, 0.0954677, 0.895715, 0.000190078))
({x1, x6}, (0.00866909, 0.0943543, 0.895673, 0.00130347))
({x1, x7}, (0.875396, 0.00029472, 0.028946, 0.0953631))
({x1, x8}, (0.0170706, 0.0880336, 0.887272, 0.00762421))
({x1, x9}, (0.8866, 0.000181152, 0.017742, 0.0954766))
({x2, x3}, (0.00210026, 0.0937939, 0.894562, 0.00954342))
({x2, x4}, (0.0463407, 0.0699223, 0.850322, 0.0334151))
({x2, x5}, (0.00166571, 0.102429, 0.894997, 0.000908483))
({x2, x6}, (0.00931328, 0.0937101, 0.887349, 0.0096272))
({x2, x7}, (0.874961, 0.000730269, 0.021702, 0.102607))
({x2, x8}, (0.0165139, 0.0885903, 0.880149, 0.014747))
({x2, x9}, (0.886145, 0.00063653, 0.0105178, 0.102701))
({x3, x4}, (0.0698194, 0.0464435, 0.0260748, 0.857662))
({x3, x5}, (0.095372, 0.00872255, 0.000522164, 0.895383))
({x3, x6}, (0.0950786, 0.00794478, 0.000815542, 0.896161))
({x3, x7}, (0.000630931, 0.87506, 0.0952632, 0.0290458))
({x3, x8}, (0.0884878, 0.0166163, 0.00740633, 0.88749))
({x3, x9}, (0.000526286, 0.886255, 0.0953679, 0.0178507))
({x4, x5}, (0.0693067, 0.0347879, 0.0469562, 0.848949))
({x4, x6}, (0.0691492, 0.0338742, 0.0471138, 0.849863))
({x4, x7}, (0.0460278, 0.829663, 0.0702352, 0.0540739))
({x4, x8}, (0.0864179, 0.0186863, 0.029845, 0.865051))
({x4, x9}, (0.0469443, 0.839837, 0.0693187, 0.0438999))
({x5, x6}, (0.0952934, 0.00773005, 0.00880119, 0.888175))
({x5, x7}, (0.000109928, 0.875581, 0.103985, 0.0203244))
({x5, x8}, (0.0879777, 0.0171264, 0.0161168, 0.878779))
({x5, x9}, (6.84321e-06, 0.886775, 0.104088, 0.0091309))
({x6, x7}, (0.00699086, 0.8687, 0.0960325, 0.0282765))
({x6, x8}, (0.0877072, 0.017397, 0.0153162, 0.87958))
({x6, x9}, (0.00769651, 0.879085, 0.0953269, 0.0178917))
({x7, x8}, (0.0172119, 0.0878922, 0.858479, 0.0364168))
({x7, x9}, (0.874627, 0.0121543, 0.00106379, 0.112155))
({x8, x9}, (0.0171321, 0.869649, 0.0879721, 0.0252465))
Exact log partition sum: 20.0986
Exact MAP variable marginals:
({x0}, (0.0769054, 0.923095))
({x1}, (0.923095, 0.0769054))
({x2}, (0.923095, 0.0769054))
({x3}, (0.0769054, 0.923095))
({x4}, (0.0769054, 0.923095))
({x5}, (0.0769054, 0.923095))
({x6}, (0.0769054, 0.923095))
({x7}, (0.923095, 0.0769054))
({x8}, (0.0769054, 0.923095))
({x9}, (0.923095, 0.0769054))
Exact MAP factor marginals:
({x0}, (0.0769054, 0.923095)) == ({x0}, (0.0769054, 0.923095))
({x1}, (0.923095, 0.0769054)) == ({x1}, (0.923095, 0.0769054))
({x2}, (0.923095, 0.0769054)) == ({x2}, (0.923095, 0.0769054))
({x3}, (0.0769054, 0.923095)) == ({x3}, (0.0769054, 0.923095))
({x4}, (0.0769054, 0.923095)) == ({x4}, (0.0769054, 0.923095))
({x5}, (0.0769054, 0.923095)) == ({x5}, (0.0769054, 0.923095))
({x6}, (0.0769054, 0.923095)) == ({x6}, (0.0769054, 0.923095))
({x7}, (0.923095, 0.0769054)) == ({x7}, (0.923095, 0.0769054))
({x8}, (0.0769054, 0.923095)) == ({x8}, (0.0769054, 0.923095))
({x9}, (0.923095, 0.0769054)) == ({x9}, (0.923095, 0.0769054))
({x0, x1}, (0.0163948, 0.902934, 0.0752258, 0.00544597)) == ({x0, x1}, (0.0163948, 0.902934, 0.0752258, 0.00544597))
({x0, x2}, (0.0163948, 0.902934, 0.0752258, 0.00544597)) == ({x0, x2}, (0.0163948, 0.902934, 0.0752258, 0.00544597))
({x0, x3}, (0.0752258, 0.00544597, 0.0163948, 0.902934)) == ({x0, x3}, (0.0752258, 0.00544597, 0.0163948, 0.902934))
({x0, x4}, (0.0731896, 0.0290836, 0.019233, 0.878494)) == ({x0, x4}, (0.0731896, 0.0290836, 0.019233, 0.878494))
({x0, x5}, (0.0752258, 0.00544597, 0.0163948, 0.902934)) == ({x0, x5}, (0.0752258, 0.00544597, 0.0163948, 0.902934))
({x0, x6}, (0.0751125, 0.00694365, 0.0163701, 0.901574)) == ({x0, x6}, (0.0751125, 0.00694365, 0.0163701, 0.901574))
({x0, x7}, (0.0162977, 0.897587, 0.0747803, 0.0113355)) == ({x0, x7}, (0.0162977, 0.897587, 0.0747803, 0.0113355))
({x0, x8}, (0.0761799, 0.00113035, 0.00830394, 0.914386)) == ({x0, x8}, (0.0761799, 0.00113035, 0.00830394, 0.914386))
({x0, x9}, (0.0163567, 0.900839, 0.0750513, 0.00775247)) == ({x0, x9}, (0.0163567, 0.900839, 0.0750513, 0.00775247))
({x1, x2}, (0.913987, 0.00156614, 0.00830032, 0.0761467)) == ({x1, x2}, (0.913987, 0.00156614, 0.00830032, 0.0761467))
({x1, x3}, (0.000381486, 0.0768356, 0.922256, 0.000526869)) == ({x1, x3}, (0.000381486, 0.0768356, 0.922256, 0.000526869))
({x1, x4}, (0.0290836, 0.0731896, 0.878494, 0.019233)) == ({x1, x4}, (0.0290836, 0.0731896, 0.878494, 0.019233))
({x1, x5}, (0.00831204, 0.0762541, 0.915277, 0.000156732)) == ({x1, x5}, (0.00831204, 0.0762541, 0.915277, 0.000156732))
({x1, x6}, (0.00705359, 0.0763018, 0.915849, 0.000795791)) == ({x1, x6}, (0.00705359, 0.0763018, 0.915849, 0.000795791))
({x1, x7}, (0.912315, 0.000156225, 0.0115215, 0.0760074)) == ({x1, x7}, (0.912315, 0.000156225, 0.0115215, 0.0760074))
({x1, x8}, (0.0163948, 0.0752258, 0.902934, 0.00544597)) == ({x1, x8}, (0.0163948, 0.0752258, 0.902934, 0.00544597))
({x1, x9}, (0.915277, 0.000156732, 0.00831204, 0.0762541)) == ({x1, x9}, (0.915277, 0.000156732, 0.00831204, 0.0762541))
({x2, x3}, (0.00156614, 0.0761467, 0.913987, 0.00830032)) == ({x2, x3}, (0.00156614, 0.0761467, 0.913987, 0.00830032))
({x2, x4}, (0.0290836, 0.0731896, 0.878494, 0.019233)) == ({x2, x4}, (0.0290836, 0.0731896, 0.878494, 0.019233))
({x2, x5}, (0.00157817, 0.0767317, 0.921009, 0.000681124)) == ({x2, x5}, (0.00157817, 0.0767317, 0.921009, 0.000681124))
({x2, x6}, (0.00700093, 0.0757322, 0.909012, 0.00825514)) == ({x2, x6}, (0.00700093, 0.0757322, 0.909012, 0.00825514))
({x2, x7}, (0.911842, 0.000674345, 0.0115155, 0.075968)) == ({x2, x7}, (0.911842, 0.000674345, 0.0115155, 0.075968))
({x2, x8}, (0.0163497, 0.0750192, 0.900454, 0.00817742)) == ({x2, x8}, (0.0163497, 0.0750192, 0.900454, 0.00817742))
({x2, x9}, (0.915199, 0.000676827, 0.00787605, 0.0762477)) == ({x2, x9}, (0.915199, 0.000676827, 0.00787605, 0.0762477))
({x3, x4}, (0.0731896, 0.0290836, 0.019233, 0.878494)) == ({x3, x4}, (0.0731896, 0.0290836, 0.019233, 0.878494))
({x3, x5}, (0.0762372, 0.00831019, 0.000378516, 0.915074)) == ({x3, x5}, (0.0762372, 0.00831019, 0.000378516, 0.915074))
({x3, x6}, (0.0763018, 0.00705359, 0.000795791, 0.915849)) == ({x3, x6}, (0.0763018, 0.00705359, 0.000795791, 0.915849))
({x3, x7}, (0.000377291, 0.912113, 0.0759906, 0.0115189)) == ({x3, x7}, (0.000377291, 0.912113, 0.0759906, 0.0115189))
({x3, x8}, (0.0752258, 0.0163948, 0.00544597, 0.902934)) == ({x3, x8}, (0.0752258, 0.0163948, 0.00544597, 0.902934))
({x3, x9}, (0.000378516, 0.915074, 0.0762372, 0.00831019)) == ({x3, x9}, (0.000378516, 0.915074, 0.0762372, 0.00831019))
({x4, x5}, (0.0731896, 0.019233, 0.0290836, 0.878494)) == ({x4, x5}, (0.0731896, 0.019233, 0.0290836, 0.878494))
({x4, x6}, (0.0731896, 0.019233, 0.0290836, 0.878494)) == ({x4, x6}, (0.0731896, 0.019233, 0.0290836, 0.878494))
({x4, x7}, (0.0290836, 0.878494, 0.0731896, 0.019233)) == ({x4, x7}, (0.0290836, 0.878494, 0.0731896, 0.019233))
({x4, x8}, (0.0731896, 0.019233, 0.0290836, 0.878494)) == ({x4, x8}, (0.0731896, 0.019233, 0.0290836, 0.878494))
({x4, x9}, (0.0290836, 0.878494, 0.0731896, 0.019233)) == ({x4, x9}, (0.0290836, 0.878494, 0.0731896, 0.019233))
({x5, x6}, (0.0757322, 0.00700093, 0.00825514, 0.909012)) == ({x5, x6}, (0.0757322, 0.00700093, 0.00825514, 0.909012))
({x5, x7}, (6.46086e-05, 0.912399, 0.0760143, 0.0115225)) == ({x5, x7}, (6.46086e-05, 0.912399, 0.0760143, 0.0115225))
({x5, x8}, (0.0750192, 0.0163497, 0.00817742, 0.900454)) == ({x5, x8}, (0.0750192, 0.0163497, 0.00817742, 0.900454))
({x5, x9}, (3.06271e-06, 0.915816, 0.0762991, 0.00788136)) == ({x5, x9}, (3.06271e-06, 0.915816, 0.0762991, 0.00788136))
({x6, x7}, (0.00697843, 0.90609, 0.0754887, 0.0114429)) == ({x6, x7}, (0.00697843, 0.90609, 0.0754887, 0.0114429))
({x6, x8}, (0.0751125, 0.0163701, 0.00694365, 0.901574)) == ({x6, x8}, (0.0751125, 0.0163701, 0.00694365, 0.901574))
({x6, x9}, (0.00700093, 0.909012, 0.0757322, 0.00825514)) == ({x6, x9}, (0.00700093, 0.909012, 0.0757322, 0.00825514))
({x7, x8}, (0.0162977, 0.0747803, 0.897587, 0.0113355)) == ({x7, x8}, (0.0162977, 0.0747803, 0.897587, 0.0113355))
({x7, x9}, (0.911628, 0.0115128, 0.000908705, 0.0759502)) == ({x7, x9}, (0.911628, 0.0115128, 0.000908705, 0.0759502))
({x8, x9}, (0.0163497, 0.900454, 0.0750192, 0.00817742)) == ({x8, x9}, (0.0163497, 0.900454, 0.0750192, 0.00817742))
Exact MAP state (log score = 19.9027):
x0: 1
x1: 0
x2: 0
x3: 1
x4: 1
x5: 1
x6: 1
x7: 0
x8: 1
x9: 0
