Builtin inference algorithms: {BP, EXACT, FBP, JTREE, TRWBP}

Exact variable marginals:
({x0}, (0.0829068, 0.917093))
({x1}, (0.942232, 0.0577684))
({x2}, (0.0311747, 0.968825))
({x3}, (0.944956, 0.0550439))
({x4}, (0.803675, 0.196325))
({x5}, (0.107685, 0.892315))
({x6}, (0.0940053, 0.905995))
({x7}, (0.92666, 0.0733396))
({x8}, (0.33191, 0.66809))
({x9}, (0.882971, 0.117029))
Exact factor marginals:
({x0}, (0.0829068, 0.917093))
({x1}, (0.942232, 0.0577684))
({x2}, (0.0311747, 0.968825))
({x3}, (0.944956, 0.0550439))
({x4}, (0.803675, 0.196325))
({x5}, (0.107685, 0.892315))
({x6}, (0.0940053, 0.905995))
({x7}, (0.92666, 0.0733396))
({x8}, (0.33191, 0.66809))
({x9}, (0.882971, 0.117029))
({x0, x1}, (0.0718442, 0.870387, 0.0110626, 0.0467059))
({x0, x2}, (0.0113979, 0.0197768, 0.0715089, 0.897316))
({x0, x3}, (0.0591557, 0.8858, 0.0237511, 0.0312928))
({x0, x4}, (0.0781092, 0.725566, 0.00479757, 0.191528))
({x0, x5}, (0.0421545, 0.0655308, 0.0407523, 0.851562))
({x0, x6}, (0.0200975, 0.0739078, 0.0628093, 0.843185))
({x0, x7}, (0.0636375, 0.863023, 0.0192693, 0.0540703))
({x0, x8}, (0.021213, 0.310697, 0.0616938, 0.606396))
({x0, x9}, (0.0429306, 0.840041, 0.0399762, 0.0770524))
({x1, x2}, (0.0228145, 0.00836017, 0.919417, 0.0494083))
({x1, x3}, (0.902015, 0.0429415, 0.040217, 0.0148269))
({x1, x4}, (0.762468, 0.0412069, 0.179764, 0.0165615))
({x1, x5}, (0.0950202, 0.0126651, 0.847211, 0.0451033))
({x1, x6}, (0.0714048, 0.0226005, 0.870827, 0.0351679))
({x1, x7}, (0.874257, 0.0524037, 0.0679749, 0.00536477))
({x1, x8}, (0.316955, 0.0149546, 0.625276, 0.0428139))
({x1, x9}, (0.83328, 0.0496912, 0.108951, 0.00807724))
({x2, x3}, (0.0193843, 0.925572, 0.0117904, 0.0432535))
({x2, x4}, (0.0243889, 0.779286, 0.00678579, 0.189539))
({x2, x5}, (0.017961, 0.0897243, 0.0132137, 0.879101))
({x2, x6}, (0.00749876, 0.0865065, 0.0236759, 0.882319))
({x2, x7}, (0.016476, 0.910184, 0.0146987, 0.0586409))
({x2, x8}, (0.00733144, 0.324579, 0.0238433, 0.644247))
({x2, x9}, (0.0157253, 0.867246, 0.0154494, 0.101579))
({x3, x4}, (0.753412, 0.0502628, 0.191544, 0.0047811))
({x3, x5}, (0.0845035, 0.0231818, 0.860453, 0.0318621))
({x3, x6}, (0.074174, 0.0198313, 0.870782, 0.0352126))
({x3, x7}, (0.882472, 0.0441881, 0.0624839, 0.0108557))
({x3, x8}, (0.31842, 0.0134904, 0.626537, 0.0415535))
({x3, x9}, (0.849987, 0.0329846, 0.0949694, 0.0220592))
({x4, x5}, (0.0968817, 0.0108036, 0.706793, 0.185522))
({x4, x6}, (0.0616522, 0.032353, 0.742023, 0.163972))
({x4, x7}, (0.745417, 0.181243, 0.058258, 0.0150817))
({x4, x8}, (0.271063, 0.0608475, 0.532612, 0.135478))
({x4, x9}, (0.726503, 0.156469, 0.0771723, 0.0398564))
({x5, x6}, (0.0170392, 0.0769661, 0.0906461, 0.815349))
({x5, x7}, (0.0747378, 0.851923, 0.0329475, 0.0403921))
({x5, x8}, (0.0536094, 0.278301, 0.0540759, 0.614014))
({x5, x9}, (0.0632067, 0.819765, 0.0444786, 0.07255))
({x6, x7}, (0.0871169, 0.839544, 0.00688842, 0.0664512))
({x6, x8}, (0.0588756, 0.273034, 0.0351296, 0.63296))
({x6, x9}, (0.0866011, 0.79637, 0.00740418, 0.109624))
({x7, x8}, (0.313448, 0.0184623, 0.613213, 0.0548774))
({x7, x9}, (0.838438, 0.0445334, 0.0882224, 0.0288062))
({x8, x9}, (0.318539, 0.564432, 0.0133711, 0.103658))
Exact log partition sum: 9.96039
Exact MAP variable marginals:
({x0}, (0.0370986, 0.962901))
({x1}, (0.962026, 0.0379744))
({x2}, (0.00819056, 0.991809))
({x3}, (0.975625, 0.0243754))
({x4}, (0.829498, 0.170502))
({x5}, (0.0578122, 0.942188))
({x6}, (0.051522, 0.948478))
({x7}, (0.956847, 0.0431534))
({x8}, (0.323971, 0.676029))
({x9}, (0.939774, 0.0602263))
Exact MAP factor marginals:
({x0}, (0.0370986, 0.962901)) == ({x0}, (0.0370986, 0.962901))
({x1}, (0.962026, 0.0379744)) == ({x1}, (0.962026, 0.0379744))
({x2}, (0.00819056, 0.991809)) == ({x2}, (0.00819056, 0.991809))
({x3}, (0.975625, 0.0243754)) == ({x3}, (0.975625, 0.0243754))
({x4}, (0.829498, 0.170502)) == ({x4}, (0.829498, 0.170502))
({x5}, (0.0578122, 0.942188)) == ({x5}, (0.0578122, 0.942188))
({x6}, (0.051522, 0.948478)) == ({x6}, (0.051522, 0.948478))
({x7}, (0.956847, 0.0431534)) == ({x7}, (0.956847, 0.0431534))
({x8}, (0.323971, 0.676029)) == ({x8}, (0.323971, 0.676029))
({x9}, (0.939774, 0.0602263)) == ({x9}, (0.939774, 0.0602263))
({x0, x1}, (0.0356659, 0.925714, 0.00207953, 0.036541)) == ({x0, x1}, (0.0356659, 0.925714, 0.00207953, 0.036541))
({x0, x2}, (0.00523182, 0.00784782, 0.0366134, 0.950307)) == ({x0, x2}, (0.00523182, 0.00784782, 0.0366134, 0.950307))
({x0, x3}, (0.0359781, 0.933819, 0.00687223, 0.0233309)) == ({x0, x3}, (0.0359781, 0.933819, 0.00687223, 0.0233309))
({x0, x4}, (0.0309055, 0.802157, 0.00205516, 0.164882)) == ({x0, x4}, (0.0309055, 0.802157, 0.00205516, 0.164882))
({x0, x5}, (0.0129924, 0.0550623, 0.0345739, 0.897371)) == ({x0, x5}, (0.0129924, 0.0550623, 0.0345739, 0.897371))
({x0, x6}, (0.00584, 0.0494154, 0.0350487, 0.909696)) == ({x0, x6}, (0.00584, 0.0494154, 0.0350487, 0.909696))
({x0, x7}, (0.035201, 0.913649, 0.00994493, 0.0412052)) == ({x0, x7}, (0.035201, 0.913649, 0.00994493, 0.0412052))
({x0, x8}, (0.00616666, 0.3138, 0.0252283, 0.654805)) == ({x0, x8}, (0.00616666, 0.3138, 0.0252283, 0.654805))
({x0, x9}, (0.0344402, 0.893901, 0.0143724, 0.0572865)) == ({x0, x9}, (0.0344402, 0.893901, 0.0143724, 0.0572865))
({x1, x2}, (0.00786649, 0.00196517, 0.952567, 0.037601)) == ({x1, x2}, (0.00786649, 0.00196517, 0.952567, 0.037601))
({x1, x3}, (0.936222, 0.0369558, 0.0233909, 0.00343112)) == ({x1, x3}, (0.936222, 0.0369558, 0.0233909, 0.00343112))
({x1, x4}, (0.794016, 0.0313425, 0.163209, 0.011433)) == ({x1, x4}, (0.794016, 0.0313425, 0.163209, 0.011433))
({x1, x5}, (0.0556349, 0.00187056, 0.906704, 0.0357906)) == ({x1, x5}, (0.0556349, 0.00187056, 0.906704, 0.0357906))
({x1, x6}, (0.0493305, 0.00668784, 0.908134, 0.0358471)) == ({x1, x6}, (0.0493305, 0.00668784, 0.908134, 0.0358471))
({x1, x7}, (0.920271, 0.0363262, 0.0415039, 0.00189855)) == ({x1, x7}, (0.920271, 0.0363262, 0.0415039, 0.00189855))
({x1, x8}, (0.314076, 0.00467378, 0.65538, 0.0258701)) == ({x1, x8}, (0.314076, 0.00467378, 0.65538, 0.0258701))
({x1, x9}, (0.904468, 0.0357024, 0.0579637, 0.00186594)) == ({x1, x9}, (0.904468, 0.0357024, 0.0579637, 0.00186594))
({x2, x3}, (0.00795015, 0.962697, 0.00530004, 0.0240524)) == ({x2, x3}, (0.00795015, 0.962697, 0.00530004, 0.0240524))
({x2, x4}, (0.00679022, 0.82224, 0.00195941, 0.16901)) == ({x2, x4}, (0.00679022, 0.82224, 0.00195941, 0.16901))
({x2, x5}, (0.00512072, 0.0570721, 0.00768116, 0.930126)) == ({x2, x5}, (0.00512072, 0.0570721, 0.00768116, 0.930126))
({x2, x6}, (0.00193777, 0.0510225, 0.00775678, 0.939283)) == ({x2, x6}, (0.00193777, 0.0510225, 0.00775678, 0.939283))
({x2, x7}, (0.00779912, 0.944409, 0.00519935, 0.0425925)) == ({x2, x7}, (0.00779912, 0.944409, 0.00519935, 0.0425925))
({x2, x8}, (0.00180959, 0.32159, 0.00554174, 0.671059)) == ({x2, x8}, (0.00180959, 0.32159, 0.00554174, 0.671059))
({x2, x9}, (0.00766173, 0.927773, 0.00510777, 0.0594573)) == ({x2, x9}, (0.00766173, 0.927773, 0.00510777, 0.0594573))
({x3, x4}, (0.8117, 0.0202798, 0.166843, 0.00117707)) == ({x3, x4}, (0.8117, 0.0202798, 0.166843, 0.00117707))
({x3, x5}, (0.0561025, 0.00672877, 0.914325, 0.0228438)) == ({x3, x5}, (0.0561025, 0.00672877, 0.914325, 0.0228438))
({x3, x6}, (0.0501025, 0.00450815, 0.922345, 0.0230442)) == ({x3, x6}, (0.0501025, 0.00450815, 0.922345, 0.0230442))
({x3, x7}, (0.929723, 0.0232285, 0.0419302, 0.0051185)) == ({x3, x7}, (0.929723, 0.0232285, 0.0419302, 0.0051185))
({x3, x8}, (0.317343, 0.00391507, 0.662197, 0.0165446)) == ({x3, x8}, (0.317343, 0.00391507, 0.662197, 0.0165446))
({x3, x9}, (0.912051, 0.022787, 0.0584497, 0.00671204)) == ({x3, x9}, (0.912051, 0.022787, 0.0584497, 0.00671204))
({x4, x5}, (0.0482763, 0.00322557, 0.786777, 0.161721)) == ({x4, x5}, (0.0482763, 0.00322557, 0.786777, 0.161721))
({x4, x6}, (0.0418237, 0.0299778, 0.769939, 0.15826)) == ({x4, x6}, (0.0418237, 0.0299778, 0.769939, 0.15826))
({x4, x7}, (0.792353, 0.162867, 0.0357348, 0.00904511)) == ({x4, x7}, (0.792353, 0.162867, 0.0357348, 0.00904511))
({x4, x8}, (0.270159, 0.0502274, 0.563738, 0.115875)) == ({x4, x8}, (0.270159, 0.0502274, 0.563738, 0.115875))
({x4, x9}, (0.753073, 0.154793, 0.0438724, 0.0482614)) == ({x4, x9}, (0.753073, 0.154793, 0.0438724, 0.0482614))
({x5, x6}, (0.00491709, 0.048449, 0.054727, 0.891907)) == ({x5, x6}, (0.00491709, 0.048449, 0.054727, 0.891907))
({x5, x7}, (0.0549155, 0.89498, 0.00974172, 0.0403632)) == ({x5, x7}, (0.0549155, 0.89498, 0.00974172, 0.0403632))
({x5, x8}, (0.0393191, 0.307088, 0.0127938, 0.640799)) == ({x5, x8}, (0.0393191, 0.307088, 0.0127938, 0.640799))
({x5, x9}, (0.0538277, 0.877252, 0.0127011, 0.0562195)) == ({x5, x9}, (0.0538277, 0.877252, 0.0127011, 0.0562195))
({x6, x7}, (0.049316, 0.907867, 0.00187296, 0.0409445)) == ({x6, x7}, (0.049316, 0.907867, 0.00187296, 0.0409445))
({x6, x8}, (0.0349667, 0.308482, 0.0128427, 0.643708)) == ({x6, x8}, (0.0349667, 0.308482, 0.0128427, 0.643708))
({x6, x9}, (0.0484803, 0.892483, 0.00184122, 0.0571956)) == ({x6, x9}, (0.0484803, 0.892483, 0.00184122, 0.0571956))
({x7, x8}, (0.31163, 0.00876684, 0.650276, 0.0293272)) == ({x7, x8}, (0.31163, 0.00876684, 0.650276, 0.0293272))
({x7, x9}, (0.892801, 0.040265, 0.057216, 0.009718)) == ({x7, x9}, (0.892801, 0.040265, 0.057216, 0.009718))
({x8, x9}, (0.309552, 0.645939, 0.00311388, 0.0413956)) == ({x8, x9}, (0.309552, 0.645939, 0.00311388, 0.0413956))
Exact MAP state (log score = 8.95829):
x0: 1
x1: 0
x2: 1
x3: 0
x4: 0
x5: 1
x6: 1
x7: 0
x8: 1
x9: 0
