Builtin inference algorithms: {BP, EXACT, FBP, JTREE, TRWBP}

Exact variable marginals:
({x0}, (0.905939, 0.0940608))
({x1}, (0.905735, 0.0942648))
({x2}, (0.0410445, 0.958955))
({x3}, (0.781346, 0.218654))
({x4}, (0.902946, 0.0970539))
({x5}, (0.905889, 0.0941111))
({x6}, (0.905511, 0.0944894))
({x7}, (0.109931, 0.890069))
({x8}, (0.905419, 0.0945812))
({x9}, (0.0274051, 0.972595))
Exact factor marginals:
({x0}, (0.905939, 0.0940608))
({x1}, (0.905735, 0.0942648))
({x2}, (0.0410445, 0.958955))
({x3}, (0.781346, 0.218654))
({x4}, (0.902946, 0.0970539))
({x5}, (0.905889, 0.0941111))
({x6}, (0.905511, 0.0944894))
({x7}, (0.109931, 0.890069))
({x8}, (0.905419, 0.0945812))
({x9}, (0.0274051, 0.972595))
({x0, x1}, (0.905693, 4.26137e-05, 0.000246584, 0.0940182))
({x0, x2}, (0.0329328, 0.00811174, 0.873006, 0.0859491))
({x0, x3}, (0.780765, 0.000580931, 0.125174, 0.0934799))
({x0, x4}, (0.902409, 0.000537503, 0.00353059, 0.0935233))
({x0, x5}, (0.905889, 1.43866e-07, 5.04935e-05, 0.0940607))
({x0, x6}, (0.905451, 5.93742e-05, 0.000488025, 0.0940014))
({x0, x7}, (0.0160575, 0.0938736, 0.889882, 0.000187213))
({x0, x8}, (0.905308, 0.000110317, 0.000630716, 0.0939505))
({x0, x9}, (0.0131546, 0.0142505, 0.892785, 0.0798103))
({x1, x2}, (0.032938, 0.00810656, 0.872797, 0.0861582))
({x1, x3}, (0.780717, 0.000628894, 0.125018, 0.0936359))
({x1, x4}, (0.902178, 0.000767924, 0.00355704, 0.0934968))
({x1, x5}, (0.905688, 0.000200975, 4.73537e-05, 0.0940638))
({x1, x6}, (0.905482, 2.89466e-05, 0.000253627, 0.0942358))
({x1, x7}, (0.0160914, 0.0938397, 0.889644, 0.00042507))
({x1, x8}, (0.905335, 8.33474e-05, 0.000399775, 0.0941814))
({x1, x9}, (0.0131966, 0.0142085, 0.892539, 0.0800562))
({x2, x3}, (0.0318938, 0.749452, 0.00915078, 0.209503))
({x2, x4}, (0.0331365, 0.86981, 0.00790805, 0.0891458))
({x2, x5}, (0.0329322, 0.872957, 0.00811237, 0.0859988))
({x2, x6}, (0.0328568, 0.872654, 0.00818774, 0.0863017))
({x2, x7}, (0.00815672, 0.101774, 0.0328878, 0.857181))
({x2, x8}, (0.0330204, 0.872398, 0.00802417, 0.086557))
({x2, x9}, (0.0189571, 0.00844809, 0.0220875, 0.950507))
({x3, x4}, (0.777246, 0.125701, 0.00410038, 0.0929535))
({x3, x5}, (0.780763, 0.125126, 0.00058282, 0.0935283))
({x3, x6}, (0.78053, 0.124981, 0.0008162, 0.0936732))
({x3, x7}, (0.000636059, 0.109295, 0.78071, 0.109359))
({x3, x8}, (0.780447, 0.124972, 0.00089929, 0.0936819))
({x3, x9}, (0.0111426, 0.0162626, 0.770203, 0.202392))
({x4, x5}, (0.902367, 0.00352159, 0.000578854, 0.0935323))
({x4, x6}, (0.901928, 0.0035824, 0.00101797, 0.0934715))
({x4, x7}, (0.0165833, 0.0933478, 0.886363, 0.00370607))
({x4, x8}, (0.901895, 0.0035235, 0.0010508, 0.0935304))
({x4, x9}, (0.0129329, 0.0144723, 0.890013, 0.0825816))
({x5, x6}, (0.905448, 6.30382e-05, 0.000441339, 0.0940481))
({x5, x7}, (0.0160442, 0.0938869, 0.889845, 0.000224236))
({x5, x8}, (0.905304, 0.000114398, 0.000584448, 0.0939967))
({x5, x9}, (0.0131507, 0.0142545, 0.892738, 0.0798567))
({x6, x7}, (0.0161032, 0.093828, 0.889407, 0.000661485))
({x6, x8}, (0.905167, 0.000251501, 0.000343249, 0.0942379))
({x6, x9}, (0.013195, 0.0142101, 0.892316, 0.0802793))
({x7, x8}, (0.0161584, 0.88926, 0.0937728, 0.000808441))
({x7, x9}, (0.0143058, 0.0130994, 0.0956254, 0.876969))
({x8, x9}, (0.0132649, 0.0141403, 0.892154, 0.0804409))
Exact log partition sum: 13.823
Exact MAP variable marginals:
({x0}, (0.904405, 0.095595))
({x1}, (0.904405, 0.095595))
({x2}, (0.0280836, 0.971916))
({x3}, (0.874493, 0.125507))
({x4}, (0.904405, 0.095595))
({x5}, (0.904405, 0.095595))
({x6}, (0.904405, 0.095595))
({x7}, (0.095595, 0.904405))
({x8}, (0.904405, 0.095595))
({x9}, (0.0134506, 0.986549))
Exact MAP factor marginals:
({x0}, (0.904405, 0.095595)) == ({x0}, (0.904405, 0.095595))
({x1}, (0.904405, 0.095595)) == ({x1}, (0.904405, 0.095595))
({x2}, (0.0280836, 0.971916)) == ({x2}, (0.0280836, 0.971916))
({x3}, (0.874493, 0.125507)) == ({x3}, (0.874493, 0.125507))
({x4}, (0.904405, 0.095595)) == ({x4}, (0.904405, 0.095595))
({x5}, (0.904405, 0.095595)) == ({x5}, (0.904405, 0.095595))
({x6}, (0.904405, 0.095595)) == ({x6}, (0.904405, 0.095595))
({x7}, (0.095595, 0.904405)) == ({x7}, (0.095595, 0.904405))
({x8}, (0.904405, 0.095595)) == ({x8}, (0.904405, 0.095595))
({x9}, (0.0134506, 0.986549)) == ({x9}, (0.0134506, 0.986549))
({x0, x1}, (0.904218, 2.38064e-05, 0.000182963, 0.0955753)) == ({x0, x1}, (0.904218, 2.38064e-05, 0.000182963, 0.0955753))
({x0, x2}, (0.0252414, 0.00887047, 0.873554, 0.0923341)) == ({x0, x2}, (0.0252414, 0.00887047, 0.873554, 0.0923341))
({x0, x3}, (0.800184, 0.000395369, 0.114842, 0.0845789)) == ({x0, x3}, (0.800184, 0.000395369, 0.114842, 0.0845789))
({x0, x4}, (0.900643, 0.000374755, 0.00378453, 0.0951974)) == ({x0, x4}, (0.900643, 0.000374755, 0.00378453, 0.0951974))
({x0, x5}, (0.904369, 4.85809e-08, 3.99197e-05, 0.0955912)) == ({x0, x5}, (0.904369, 4.85809e-08, 3.99197e-05, 0.0955912))
({x0, x6}, (0.904218, 2.38064e-05, 0.000182963, 0.0955753)) == ({x0, x6}, (0.904218, 2.38064e-05, 0.000182963, 0.0955753))
({x0, x7}, (0.0187324, 0.0937935, 0.887361, 0.00011349)) == ({x0, x7}, (0.0187324, 0.0937935, 0.887361, 0.00011349))
({x0, x8}, (0.904182, 4.66455e-05, 0.000200128, 0.0955715)) == ({x0, x8}, (0.904182, 4.66455e-05, 0.000200128, 0.0955715))
({x0, x9}, (0.012071, 0.00899033, 0.885357, 0.0935817)) == ({x0, x9}, (0.012071, 0.00899033, 0.885357, 0.0935817))
({x1, x2}, (0.0252414, 0.00887047, 0.873554, 0.0923341)) == ({x1, x2}, (0.0252414, 0.00887047, 0.873554, 0.0923341))
({x1, x3}, (0.800184, 0.000395369, 0.114842, 0.0845789)) == ({x1, x3}, (0.800184, 0.000395369, 0.114842, 0.0845789))
({x1, x4}, (0.900643, 0.000374755, 0.00378453, 0.0951974)) == ({x1, x4}, (0.900643, 0.000374755, 0.00378453, 0.0951974))
({x1, x5}, (0.904218, 0.000182963, 2.38064e-05, 0.0955753)) == ({x1, x5}, (0.904218, 0.000182963, 2.38064e-05, 0.0955753))
({x1, x6}, (0.90431, 1.52346e-05, 8.96082e-05, 0.095585)) == ({x1, x6}, (0.90431, 1.52346e-05, 8.96082e-05, 0.095585))
({x1, x7}, (0.0187311, 0.0937873, 0.887302, 0.00017954)) == ({x1, x7}, (0.0187311, 0.0937873, 0.887302, 0.00017954))
({x1, x8}, (0.904182, 4.66455e-05, 0.000200128, 0.0955715)) == ({x1, x8}, (0.904182, 4.66455e-05, 0.000200128, 0.0955715))
({x1, x9}, (0.012071, 0.00899033, 0.885357, 0.0935817)) == ({x1, x9}, (0.012071, 0.00899033, 0.885357, 0.0935817))
({x2, x3}, (0.0244342, 0.845616, 0.00858678, 0.121363)) == ({x2, x3}, (0.0244342, 0.845616, 0.00858678, 0.121363))
({x2, x4}, (0.0252414, 0.873554, 0.00887047, 0.0923341)) == ({x2, x4}, (0.0252414, 0.873554, 0.00887047, 0.0923341))
({x2, x5}, (0.0252414, 0.873554, 0.00887047, 0.0923341)) == ({x2, x5}, (0.0252414, 0.873554, 0.00887047, 0.0923341))
({x2, x6}, (0.0252414, 0.873554, 0.00887047, 0.0923341)) == ({x2, x6}, (0.0252414, 0.873554, 0.00887047, 0.0923341))
({x2, x7}, (0.00887047, 0.0923341, 0.0252414, 0.873554)) == ({x2, x7}, (0.00887047, 0.0923341, 0.0252414, 0.873554))
({x2, x8}, (0.0252414, 0.873554, 0.00887047, 0.0923341)) == ({x2, x8}, (0.0252414, 0.873554, 0.00887047, 0.0923341))
({x2, x9}, (0.0129709, 0.00817877, 0.0274897, 0.951361)) == ({x2, x9}, (0.0129709, 0.00817877, 0.0274897, 0.951361))
({x3, x4}, (0.797816, 0.114502, 0.00335245, 0.0843287)) == ({x3, x4}, (0.797816, 0.114502, 0.00335245, 0.0843287))
({x3, x5}, (0.800184, 0.114842, 0.000395369, 0.0845789)) == ({x3, x5}, (0.800184, 0.114842, 0.000395369, 0.0845789))
({x3, x6}, (0.800184, 0.114842, 0.000395369, 0.0845789)) == ({x3, x6}, (0.800184, 0.114842, 0.000395369, 0.0845789))
({x3, x7}, (0.000395369, 0.0845789, 0.800184, 0.114842)) == ({x3, x7}, (0.000395369, 0.0845789, 0.800184, 0.114842))
({x3, x8}, (0.800184, 0.114842, 0.000395369, 0.0845789)) == ({x3, x8}, (0.800184, 0.114842, 0.000395369, 0.0845789))
({x3, x9}, (0.0116799, 0.00869904, 0.856672, 0.122949)) == ({x3, x9}, (0.0116799, 0.00869904, 0.856672, 0.122949))
({x4, x5}, (0.900643, 0.00378453, 0.000374755, 0.0951974)) == ({x4, x5}, (0.900643, 0.00378453, 0.000374755, 0.0951974))
({x4, x6}, (0.900643, 0.00378453, 0.000374755, 0.0951974)) == ({x4, x6}, (0.900643, 0.00378453, 0.000374755, 0.0951974))
({x4, x7}, (0.0186649, 0.0934556, 0.884164, 0.00371528)) == ({x4, x7}, (0.0186649, 0.0934556, 0.884164, 0.00371528))
({x4, x8}, (0.900643, 0.00378453, 0.000374755, 0.0951974)) == ({x4, x8}, (0.900643, 0.00378453, 0.000374755, 0.0951974))
({x4, x9}, (0.012071, 0.00899033, 0.885357, 0.0935817)) == ({x4, x9}, (0.012071, 0.00899033, 0.885357, 0.0935817))
({x5, x6}, (0.904218, 2.38064e-05, 0.000182963, 0.0955753)) == ({x5, x6}, (0.904218, 2.38064e-05, 0.000182963, 0.0955753))
({x5, x7}, (0.0187324, 0.0937935, 0.887361, 0.00011349)) == ({x5, x7}, (0.0187324, 0.0937935, 0.887361, 0.00011349))
({x5, x8}, (0.904182, 4.66455e-05, 0.000200128, 0.0955715)) == ({x5, x8}, (0.904182, 4.66455e-05, 0.000200128, 0.0955715))
({x5, x9}, (0.012071, 0.00899033, 0.885357, 0.0935817)) == ({x5, x9}, (0.012071, 0.00899033, 0.885357, 0.0935817))
({x6, x7}, (0.0187311, 0.0937873, 0.887302, 0.00017954)) == ({x6, x7}, (0.0187311, 0.0937873, 0.887302, 0.00017954))
({x6, x8}, (0.904143, 8.95916e-05, 0.00020012, 0.0955673)) == ({x6, x8}, (0.904143, 8.95916e-05, 0.00020012, 0.0955673))
({x6, x9}, (0.012071, 0.00899033, 0.885357, 0.0935817)) == ({x6, x9}, (0.012071, 0.00899033, 0.885357, 0.0935817))
({x7, x8}, (0.0187308, 0.887287, 0.0937857, 0.000196389)) == ({x7, x8}, (0.0187308, 0.887287, 0.0937857, 0.000196389))
({x7, x9}, (0.00899033, 0.012071, 0.0935817, 0.885357)) == ({x7, x9}, (0.00899033, 0.012071, 0.0935817, 0.885357))
({x8, x9}, (0.012071, 0.00899033, 0.885357, 0.0935817)) == ({x8, x9}, (0.012071, 0.00899033, 0.885357, 0.0935817))
Exact MAP state (log score = 13.5279):
x0: 0
x1: 0
x2: 1
x3: 0
x4: 0
x5: 0
x6: 0
x7: 1
x8: 0
x9: 1
