Builtin inference algorithms: {BP, EXACT, FBP, JTREE, TRWBP}

Exact variable marginals:
({x0}, (0.777725, 0.222275))
({x1}, (0.847076, 0.152924))
({x2}, (0.254574, 0.745426))
({x3}, (0.785464, 0.214536))
({x4}, (0.271961, 0.728039))
({x5}, (0.254369, 0.745631))
({x6}, (0.745997, 0.254003))
({x7}, (0.233616, 0.766384))
({x8}, (0.258945, 0.741055))
({x9}, (0.723368, 0.276632))
Exact factor marginals:
({x0}, (0.777725, 0.222275))
({x1}, (0.847076, 0.152924))
({x2}, (0.254574, 0.745426))
({x3}, (0.785464, 0.214536))
({x4}, (0.271961, 0.728039))
({x5}, (0.254369, 0.745631))
({x6}, (0.745997, 0.254003))
({x7}, (0.233616, 0.766384))
({x8}, (0.258945, 0.741055))
({x9}, (0.723368, 0.276632))
({x0, x1}, (0.710046, 0.13703, 0.0676791, 0.0852452))
({x0, x2}, (0.0417058, 0.212868, 0.736019, 0.00940686))
({x0, x3}, (0.627093, 0.158371, 0.150632, 0.0639038))
({x0, x4}, (0.0553117, 0.21665, 0.722413, 0.00562571))
({x0, x5}, (0.0408708, 0.213498, 0.736854, 0.00877727))
({x0, x6}, (0.735827, 0.0101698, 0.0418974, 0.212105))
({x0, x7}, (0.154604, 0.079012, 0.623121, 0.143263))
({x0, x8}, (0.0426421, 0.216303, 0.735083, 0.00597264))
({x0, x9}, (0.713902, 0.00946595, 0.0638226, 0.212809))
({x1, x2}, (0.154234, 0.10034, 0.692841, 0.0525845))
({x1, x3}, (0.761471, 0.0239931, 0.0856046, 0.128931))
({x1, x4}, (0.160478, 0.111484, 0.686598, 0.0414407))
({x1, x5}, (0.154176, 0.100193, 0.6929, 0.0527314))
({x1, x6}, (0.693445, 0.0525521, 0.153631, 0.100372))
({x1, x7}, (0.0952935, 0.138322, 0.751782, 0.0146021))
({x1, x8}, (0.162199, 0.096746, 0.684877, 0.0561782))
({x1, x9}, (0.670315, 0.053053, 0.176761, 0.0998712))
({x2, x3}, (0.155388, 0.630076, 0.0991858, 0.11535))
({x2, x4}, (0.249941, 0.0220201, 0.00463308, 0.723406))
({x2, x5}, (0.252881, 0.001488, 0.00169337, 0.743938))
({x2, x6}, (0.000831741, 0.745165, 0.253742, 0.000260438))
({x2, x7}, (0.120438, 0.113178, 0.134136, 0.632248))
({x2, x8}, (0.250851, 0.00809371, 0.00372318, 0.737332))
({x2, x9}, (0.000480651, 0.722887, 0.254093, 0.0225384))
({x3, x4}, (0.16368, 0.108282, 0.621785, 0.106254))
({x3, x5}, (0.154585, 0.0997837, 0.630879, 0.114752))
({x3, x6}, (0.630672, 0.115326, 0.154793, 0.0992101))
({x3, x7}, (0.0278488, 0.205767, 0.757615, 0.00876876))
({x3, x8}, (0.163462, 0.0954827, 0.622002, 0.119053))
({x3, x9}, (0.60755, 0.115818, 0.177914, 0.0987179))
({x4, x5}, (0.248563, 0.00580597, 0.0233984, 0.722233))
({x4, x6}, (0.0226009, 0.723396, 0.24936, 0.0046426))
({x4, x7}, (0.133794, 0.099822, 0.138167, 0.628217))
({x4, x8}, (0.25625, 0.00269458, 0.0157111, 0.725344))
({x4, x9}, (0.017871, 0.705497, 0.25409, 0.0225417))
({x5, x6}, (0.00223563, 0.743762, 0.252133, 0.00186969))
({x5, x7}, (0.118811, 0.114804, 0.135557, 0.630827))
({x5, x8}, (0.249472, 0.00947225, 0.00489636, 0.736159))
({x5, x9}, (0.00122861, 0.722139, 0.25314, 0.0234917))
({x6, x7}, (0.112967, 0.120649, 0.63303, 0.133354))
({x6, x8}, (0.00867757, 0.250267, 0.73732, 0.00373574))
({x6, x9}, (0.722866, 0.000502353, 0.0231314, 0.2535))
({x7, x8}, (0.120927, 0.138018, 0.112689, 0.628367))
({x7, x9}, (0.109473, 0.613895, 0.124143, 0.152489))
({x8, x9}, (0.00385114, 0.719517, 0.255094, 0.0215384))
Exact log partition sum: 33.6216
Exact MAP variable marginals:
({x0}, (0.832066, 0.167934))
({x1}, (0.905972, 0.094028))
({x2}, (0.167934, 0.832066))
({x3}, (0.905972, 0.094028))
({x4}, (0.167934, 0.832066))
({x5}, (0.167934, 0.832066))
({x6}, (0.832066, 0.167934))
({x7}, (0.094028, 0.905972))
({x8}, (0.167934, 0.832066))
({x9}, (0.832066, 0.167934))
Exact MAP factor marginals:
({x0}, (0.832066, 0.167934)) == ({x0}, (0.832066, 0.167934))
({x1}, (0.905972, 0.094028)) == ({x1}, (0.905972, 0.094028))
({x2}, (0.167934, 0.832066)) == ({x2}, (0.167934, 0.832066))
({x3}, (0.905972, 0.094028)) == ({x3}, (0.905972, 0.094028))
({x4}, (0.167934, 0.832066)) == ({x4}, (0.167934, 0.832066))
({x5}, (0.167934, 0.832066)) == ({x5}, (0.167934, 0.832066))
({x6}, (0.832066, 0.167934)) == ({x6}, (0.832066, 0.167934))
({x7}, (0.094028, 0.905972)) == ({x7}, (0.094028, 0.905972))
({x8}, (0.167934, 0.832066)) == ({x8}, (0.167934, 0.832066))
({x9}, (0.832066, 0.167934)) == ({x9}, (0.832066, 0.167934))
({x0, x1}, (0.730515, 0.147439, 0.0462284, 0.0758179)) == ({x0, x1}, (0.730515, 0.147439, 0.0462284, 0.0758179))
({x0, x2}, (0.0242842, 0.162978, 0.807509, 0.00522913)) == ({x0, x2}, (0.0242842, 0.162978, 0.807509, 0.00522913))
({x0, x3}, (0.714148, 0.144135, 0.0675973, 0.0741192)) == ({x0, x3}, (0.714148, 0.144135, 0.0675973, 0.0741192))
({x0, x4}, (0.0242842, 0.162978, 0.807509, 0.00522913)) == ({x0, x4}, (0.0242842, 0.162978, 0.807509, 0.00522913))
({x0, x5}, (0.0242842, 0.162978, 0.807509, 0.00522913)) == ({x0, x5}, (0.0242842, 0.162978, 0.807509, 0.00522913))
({x0, x6}, (0.807509, 0.00522913, 0.0242842, 0.162978)) == ({x0, x6}, (0.807509, 0.00522913, 0.0242842, 0.162978))
({x0, x7}, (0.0675973, 0.0741192, 0.714148, 0.144135)) == ({x0, x7}, (0.0675973, 0.0741192, 0.714148, 0.144135))
({x0, x8}, (0.0242842, 0.162978, 0.807509, 0.00522913)) == ({x0, x8}, (0.0242842, 0.162978, 0.807509, 0.00522913))
({x0, x9}, (0.807509, 0.00522913, 0.0242842, 0.162978)) == ({x0, x9}, (0.807509, 0.00522913, 0.0242842, 0.162978))
({x1, x2}, (0.147439, 0.0758179, 0.730515, 0.0462284)) == ({x1, x2}, (0.147439, 0.0758179, 0.730515, 0.0462284))
({x1, x3}, (0.820676, 0.016468, 0.0776806, 0.0851754)) == ({x1, x3}, (0.820676, 0.016468, 0.0776806, 0.0851754))
({x1, x4}, (0.147439, 0.0758179, 0.730515, 0.0462284)) == ({x1, x4}, (0.147439, 0.0758179, 0.730515, 0.0462284))
({x1, x5}, (0.147439, 0.0758179, 0.730515, 0.0462284)) == ({x1, x5}, (0.147439, 0.0758179, 0.730515, 0.0462284))
({x1, x6}, (0.730515, 0.0462284, 0.147439, 0.0758179)) == ({x1, x6}, (0.730515, 0.0462284, 0.147439, 0.0758179))
({x1, x7}, (0.0776806, 0.0851754, 0.820676, 0.016468)) == ({x1, x7}, (0.0776806, 0.0851754, 0.820676, 0.016468))
({x1, x8}, (0.147439, 0.0758179, 0.730515, 0.0462284)) == ({x1, x8}, (0.147439, 0.0758179, 0.730515, 0.0462284))
({x1, x9}, (0.730515, 0.0462284, 0.147439, 0.0758179)) == ({x1, x9}, (0.730515, 0.0462284, 0.147439, 0.0758179))
({x2, x3}, (0.144135, 0.714148, 0.0741192, 0.0675973)) == ({x2, x3}, (0.144135, 0.714148, 0.0741192, 0.0675973))
({x2, x4}, (0.164673, 0.0165854, 0.00283483, 0.815907)) == ({x2, x4}, (0.164673, 0.0165854, 0.00283483, 0.815907))
({x2, x5}, (0.167506, 0.000578591, 0.00197099, 0.829944)) == ({x2, x5}, (0.167506, 0.000578591, 0.00197099, 0.829944))
({x2, x6}, (0.00108861, 0.830951, 0.167709, 0.000251533)) == ({x2, x6}, (0.00108861, 0.830951, 0.167709, 0.000251533))
({x2, x7}, (0.0741192, 0.0675973, 0.144135, 0.714148)) == ({x2, x7}, (0.0741192, 0.0675973, 0.144135, 0.714148))
({x2, x8}, (0.166576, 0.00522188, 0.00286759, 0.825335)) == ({x2, x8}, (0.166576, 0.00522188, 0.00286759, 0.825335))
({x2, x9}, (0.000578065, 0.812049, 0.163895, 0.0234779)) == ({x2, x9}, (0.000578065, 0.812049, 0.163895, 0.0234779))
({x3, x4}, (0.144135, 0.0741192, 0.714148, 0.0675973)) == ({x3, x4}, (0.144135, 0.0741192, 0.714148, 0.0675973))
({x3, x5}, (0.144135, 0.0741192, 0.714148, 0.0675973)) == ({x3, x5}, (0.144135, 0.0741192, 0.714148, 0.0675973))
({x3, x6}, (0.714148, 0.0675973, 0.144135, 0.0741192)) == ({x3, x6}, (0.714148, 0.0675973, 0.144135, 0.0741192))
({x3, x7}, (0.0139689, 0.0916299, 0.882866, 0.0115353)) == ({x3, x7}, (0.0139689, 0.0916299, 0.882866, 0.0115353))
({x3, x8}, (0.144135, 0.0741192, 0.714148, 0.0675973)) == ({x3, x8}, (0.144135, 0.0741192, 0.714148, 0.0675973))
({x3, x9}, (0.714148, 0.0675973, 0.144135, 0.0741192)) == ({x3, x9}, (0.714148, 0.0675973, 0.144135, 0.0741192))
({x4, x5}, (0.164673, 0.00283483, 0.0165854, 0.815907)) == ({x4, x5}, (0.164673, 0.00283483, 0.0165854, 0.815907))
({x4, x6}, (0.0165854, 0.815907, 0.164673, 0.00283483)) == ({x4, x6}, (0.0165854, 0.815907, 0.164673, 0.00283483))
({x4, x7}, (0.0741192, 0.0675973, 0.144135, 0.714148)) == ({x4, x7}, (0.0741192, 0.0675973, 0.144135, 0.714148))
({x4, x8}, (0.164858, 0.00171634, 0.016604, 0.816822)) == ({x4, x8}, (0.164858, 0.00171634, 0.016604, 0.816822))
({x4, x9}, (0.0162481, 0.799317, 0.161325, 0.0231098)) == ({x4, x9}, (0.0162481, 0.799317, 0.161325, 0.0231098))
({x5, x6}, (0.00108673, 0.829522, 0.167421, 0.00196999)) == ({x5, x6}, (0.00108673, 0.829522, 0.167421, 0.00196999))
({x5, x7}, (0.0741192, 0.0675973, 0.144135, 0.714148)) == ({x5, x7}, (0.0741192, 0.0675973, 0.144135, 0.714148))
({x5, x8}, (0.166576, 0.00522188, 0.00286759, 0.825335)) == ({x5, x8}, (0.166576, 0.00522188, 0.00286759, 0.825335))
({x5, x9}, (0.000578065, 0.812049, 0.163895, 0.0234779)) == ({x5, x9}, (0.000578065, 0.812049, 0.163895, 0.0234779))
({x6, x7}, (0.0675973, 0.0741192, 0.714148, 0.144135)) == ({x6, x7}, (0.0675973, 0.0741192, 0.714148, 0.144135))
({x6, x8}, (0.00522188, 0.166576, 0.825335, 0.00286759)) == ({x6, x8}, (0.00522188, 0.166576, 0.825335, 0.00286759))
({x6, x9}, (0.812049, 0.000578065, 0.0234779, 0.163895)) == ({x6, x9}, (0.812049, 0.000578065, 0.0234779, 0.163895))
({x7, x8}, (0.0741192, 0.144135, 0.0675973, 0.714148)) == ({x7, x8}, (0.0741192, 0.144135, 0.0675973, 0.714148))
({x7, x9}, (0.0675973, 0.714148, 0.0741192, 0.144135)) == ({x7, x9}, (0.0675973, 0.714148, 0.0741192, 0.144135))
({x8, x9}, (0.0041583, 0.80914, 0.163307, 0.0233938)) == ({x8, x9}, (0.0041583, 0.80914, 0.163307, 0.0233938))
Exact MAP state (log score = 33.1031):
x0: 0
x1: 0
x2: 1
x3: 0
x4: 1
x5: 1
x6: 0
x7: 1
x8: 1
x9: 0
