Builtin inference algorithms: {BP, EXACT, FBP, JTREE, TRWBP}

Exact variable marginals:
({x0}, (0.010678, 0.989322))
({x1}, (0.0116027, 0.988397))
({x2}, (0.989361, 0.0106394))
({x3}, (0.0106191, 0.989381))
({x4}, (0.989375, 0.0106252))
({x5}, (0.010626, 0.989374))
({x6}, (0.988953, 0.0110467))
({x7}, (0.0106191, 0.989381))
({x8}, (0.0577143, 0.942286))
({x9}, (0.985092, 0.014908))
Exact factor marginals:
({x0}, (0.010678, 0.989322))
({x1}, (0.0116027, 0.988397))
({x2}, (0.989361, 0.0106394))
({x3}, (0.0106191, 0.989381))
({x4}, (0.989375, 0.0106252))
({x5}, (0.010626, 0.989374))
({x6}, (0.988953, 0.0110467))
({x7}, (0.0106191, 0.989381))
({x8}, (0.0577143, 0.942286))
({x9}, (0.985092, 0.014908))
({x0, x1}, (0.0105924, 0.00101025, 8.56262e-05, 0.988312))
({x0, x2}, (5.72724e-05, 0.989303, 0.0106208, 1.86472e-05))
({x0, x3}, (0.0106154, 3.67781e-06, 6.26082e-05, 0.989318))
({x0, x4}, (6.22011e-05, 0.989313, 0.0106158, 9.3738e-06))
({x0, x5}, (0.010592, 3.39739e-05, 8.60584e-05, 0.989288))
({x0, x6}, (7.60264e-05, 0.988877, 0.010602, 0.000444662))
({x0, x7}, (0.0106154, 3.7041e-06, 6.26833e-05, 0.989318))
({x0, x8}, (0.00308358, 0.0546307, 0.00759446, 0.934691))
({x0, x9}, (8.41966e-05, 0.985008, 0.0105938, 0.00431416))
({x1, x2}, (0.00105179, 0.988309, 0.0105509, 8.85415e-05))
({x1, x3}, (0.0105456, 7.34854e-05, 0.00105704, 0.988324))
({x1, x4}, (0.00105732, 0.988317, 0.0105453, 7.98675e-05))
({x1, x5}, (0.0105228, 0.000103151, 0.00107986, 0.988294))
({x1, x6}, (0.00106727, 0.987886, 0.0105354, 0.000511281))
({x1, x7}, (0.0105455, 7.35515e-05, 0.00105715, 0.988324))
({x1, x8}, (0.00368701, 0.0540273, 0.00791566, 0.93437))
({x1, x9}, (0.00107794, 0.984014, 0.0105247, 0.00438328))
({x2, x3}, (2.85599e-08, 0.0106191, 0.989361, 2.03338e-05))
({x2, x4}, (0.989354, 2.06305e-05, 6.42839e-06, 0.0106188))
({x2, x5}, (3.02827e-05, 0.0105957, 0.98933, 4.3742e-05))
({x2, x6}, (0.98892, 3.36688e-05, 0.00044093, 0.0106058))
({x2, x7}, (7.43534e-08, 0.010619, 0.989361, 2.04284e-05))
({x2, x8}, (0.054681, 0.00303327, 0.93468, 0.00760615))
({x2, x9}, (0.985049, 4.31486e-05, 0.00431174, 0.0105963))
({x3, x4}, (3.61979e-07, 0.989374, 0.0106188, 6.46507e-06))
({x3, x5}, (0.0105957, 3.03078e-05, 2.34618e-05, 0.989351))
({x3, x6}, (1.34334e-05, 0.98894, 0.0106057, 0.000440999))
({x3, x7}, (0.0106189, 1.38081e-07, 1.86894e-07, 0.989381))
({x3, x8}, (0.00302894, 0.0546853, 0.00759018, 0.934696))
({x3, x9}, (2.30883e-05, 0.985069, 0.010596, 0.00431199))
({x4, x5}, (3.04276e-05, 0.0105955, 0.989344, 2.96848e-05))
({x4, x6}, (0.988934, 1.96744e-05, 0.000441137, 0.0106055))
({x4, x7}, (3.92449e-07, 0.0106187, 0.989374, 6.54435e-06))
({x4, x8}, (0.0546853, 0.00302893, 0.934689, 0.00759629))
({x4, x9}, (0.985067, 2.45262e-05, 0.00430732, 0.0106007))
({x5, x6}, (2.2743e-05, 0.988931, 0.0106032, 0.000443463))
({x5, x7}, (0.0105956, 2.34706e-05, 3.03653e-05, 0.989351))
({x5, x8}, (0.00302177, 0.0546925, 0.00760419, 0.934682))
({x5, x9}, (3.43576e-05, 0.985058, 0.0105916, 0.00431641))
({x6, x7}, (1.34309e-05, 0.0106056, 0.98894, 0.000441046))
({x6, x8}, (0.0546987, 0.00301553, 0.934255, 0.00803115))
({x6, x9}, (0.984678, 0.000413684, 0.00427502, 0.010633))
({x7, x8}, (0.00302891, 0.0546854, 0.00759015, 0.934696))
({x7, x9}, (2.31396e-05, 0.985069, 0.0105959, 0.00431209))
({x8, x9}, (0.0547033, 0.930389, 0.00301099, 0.011897))
Exact log partition sum: 33.5084
Exact MAP variable marginals:
({x0}, (0.00800665, 0.991993))
({x1}, (0.00800665, 0.991993))
({x2}, (0.991993, 0.00800665))
({x3}, (0.00800665, 0.991993))
({x4}, (0.991993, 0.00800665))
({x5}, (0.00800665, 0.991993))
({x6}, (0.991993, 0.00800665))
({x7}, (0.00800665, 0.991993))
({x8}, (0.0549123, 0.945088))
({x9}, (0.991993, 0.00800665))
Exact MAP factor marginals:
({x0}, (0.00800665, 0.991993)) == ({x0}, (0.00800665, 0.991993))
({x1}, (0.00800665, 0.991993)) == ({x1}, (0.00800665, 0.991993))
({x2}, (0.991993, 0.00800665)) == ({x2}, (0.991993, 0.00800665))
({x3}, (0.00800665, 0.991993)) == ({x3}, (0.00800665, 0.991993))
({x4}, (0.991993, 0.00800665)) == ({x4}, (0.991993, 0.00800665))
({x5}, (0.00800665, 0.991993)) == ({x5}, (0.00800665, 0.991993))
({x6}, (0.991993, 0.00800665)) == ({x6}, (0.991993, 0.00800665))
({x7}, (0.00800665, 0.991993)) == ({x7}, (0.00800665, 0.991993))
({x8}, (0.0549123, 0.945088)) == ({x8}, (0.0549123, 0.945088))
({x9}, (0.991993, 0.00800665)) == ({x9}, (0.991993, 0.00800665))
({x0, x1}, (0.00800083, 0.000654027, 7.3757e-05, 0.991271)) == ({x0, x1}, (0.00800083, 0.000654027, 7.3757e-05, 0.991271))
({x0, x2}, (4.42776e-05, 0.991934, 0.00800617, 1.55407e-05)) == ({x0, x2}, (4.42776e-05, 0.991934, 0.00800617, 1.55407e-05))
({x0, x3}, (0.00800627, 3.03609e-06, 4.42782e-05, 0.991946)) == ({x0, x3}, (0.00800627, 3.03609e-06, 4.42782e-05, 0.991946))
({x0, x4}, (4.42781e-05, 0.991945, 0.00800626, 4.31222e-06)) == ({x0, x4}, (4.42781e-05, 0.991945, 0.00800626, 4.31222e-06))
({x0, x5}, (0.00800619, 1.31018e-05, 4.42777e-05, 0.991936)) == ({x0, x5}, (0.00800619, 1.31018e-05, 4.42777e-05, 0.991936))
({x0, x6}, (4.42598e-05, 0.991535, 0.00800296, 0.000417551)) == ({x0, x6}, (4.42598e-05, 0.991535, 0.00800296, 0.000417551))
({x0, x7}, (0.00800627, 3.03609e-06, 4.42782e-05, 0.991946)) == ({x0, x7}, (0.00800627, 3.03609e-06, 4.42782e-05, 0.991946))
({x0, x8}, (0.00301501, 0.0543323, 0.00754749, 0.935105)) == ({x0, x8}, (0.00301501, 0.0543323, 0.00754749, 0.935105))
({x0, x9}, (4.40782e-05, 0.987466, 0.00797011, 0.00451965)) == ({x0, x9}, (4.40782e-05, 0.987466, 0.00797011, 0.00451965))
({x1, x2}, (0.000654027, 0.991271, 0.00800083, 7.3757e-05)) == ({x1, x2}, (0.000654027, 0.991271, 0.00800083, 7.3757e-05))
({x1, x3}, (0.00800083, 7.3757e-05, 0.000654027, 0.991271)) == ({x1, x3}, (0.00800083, 7.3757e-05, 0.000654027, 0.991271))
({x1, x4}, (0.000654027, 0.991271, 0.00800083, 7.3757e-05)) == ({x1, x4}, (0.000654027, 0.991271, 0.00800083, 7.3757e-05))
({x1, x5}, (0.00800083, 7.3757e-05, 0.000654027, 0.991271)) == ({x1, x5}, (0.00800083, 7.3757e-05, 0.000654027, 0.991271))
({x1, x6}, (0.000653802, 0.990931, 0.00799808, 0.000417296)) == ({x1, x6}, (0.000653802, 0.990931, 0.00799808, 0.000417296))
({x1, x7}, (0.00800083, 7.3757e-05, 0.000654027, 0.991271)) == ({x1, x7}, (0.00800083, 7.3757e-05, 0.000654027, 0.991271))
({x1, x8}, (0.00301501, 0.0543323, 0.00754749, 0.935105)) == ({x1, x8}, (0.00301501, 0.0543323, 0.00754749, 0.935105))
({x1, x9}, (0.000651121, 0.986867, 0.00796527, 0.0045169)) == ({x1, x9}, (0.000651121, 0.986867, 0.00796527, 0.0045169))
({x2, x3}, (1.24727e-08, 0.00800653, 0.991978, 1.55414e-05)) == ({x2, x3}, (1.24727e-08, 0.00800653, 0.991978, 1.55414e-05))
({x2, x4}, (0.991974, 1.55414e-05, 4.31234e-06, 0.00800649)) == ({x2, x4}, (0.991974, 1.55414e-05, 4.31234e-06, 0.00800649))
({x2, x5}, (1.31022e-05, 0.00800642, 0.991965, 1.55412e-05)) == ({x2, x5}, (1.31022e-05, 0.00800642, 0.991965, 1.55412e-05))
({x2, x6}, (0.991564, 1.55349e-05, 0.000417563, 0.00800319)) == ({x2, x6}, (0.991564, 1.55349e-05, 0.000417563, 0.00800319))
({x2, x7}, (2.0603e-08, 0.00800653, 0.991978, 1.55414e-05)) == ({x2, x7}, (2.0603e-08, 0.00800653, 0.991978, 1.55414e-05))
({x2, x8}, (0.0543323, 0.00301501, 0.935105, 0.00754749)) == ({x2, x8}, (0.0543323, 0.00301501, 0.935105, 0.00754749))
({x2, x9}, (0.987494, 1.62855e-05, 0.00451977, 0.00797033)) == ({x2, x9}, (0.987494, 1.62855e-05, 0.00451977, 0.00797033))
({x3, x4}, (9.92649e-08, 0.991989, 0.00800662, 4.31241e-06)) == ({x3, x4}, (9.92649e-08, 0.991989, 0.00800662, 4.31241e-06))
({x3, x5}, (0.00800643, 1.31022e-05, 1.43555e-05, 0.991966)) == ({x3, x5}, (0.00800643, 1.31022e-05, 1.43555e-05, 0.991966))
({x3, x6}, (6.29907e-06, 0.991573, 0.00800326, 0.000417567)) == ({x3, x6}, (6.29907e-06, 0.991573, 0.00800326, 0.000417567))
({x3, x7}, (0.00800665, 5.02684e-08, 5.82316e-08, 0.991993)) == ({x3, x7}, (0.00800665, 5.02684e-08, 5.82316e-08, 0.991993))
({x3, x8}, (0.00301501, 0.0543323, 0.00754749, 0.935105)) == ({x3, x8}, (0.00301501, 0.0543323, 0.00754749, 0.935105))
({x3, x9}, (1.62855e-05, 0.987494, 0.00797033, 0.00451977)) == ({x3, x9}, (1.62855e-05, 0.987494, 0.00797033, 0.00451977))
({x4, x5}, (1.31022e-05, 0.00800643, 0.991966, 1.43555e-05)) == ({x4, x5}, (1.31022e-05, 0.00800643, 0.991966, 1.43555e-05))
({x4, x6}, (0.991573, 6.29907e-06, 0.000417567, 0.00800326)) == ({x4, x6}, (0.991573, 6.29907e-06, 0.000417567, 0.00800326))
({x4, x7}, (9.92649e-08, 0.00800662, 0.991989, 4.31241e-06)) == ({x4, x7}, (9.92649e-08, 0.00800662, 0.991989, 4.31241e-06))
({x4, x8}, (0.0543323, 0.00301501, 0.935105, 0.00754749)) == ({x4, x8}, (0.0543323, 0.00301501, 0.935105, 0.00754749))
({x4, x9}, (0.987494, 1.62855e-05, 0.00451977, 0.00797033)) == ({x4, x9}, (0.987494, 1.62855e-05, 0.00451977, 0.00797033))
({x5, x6}, (1.30969e-05, 0.991566, 0.00800321, 0.000417564)) == ({x5, x6}, (1.30969e-05, 0.991566, 0.00800321, 0.000417564))
({x5, x7}, (0.00800643, 1.43555e-05, 1.31022e-05, 0.991966)) == ({x5, x7}, (0.00800643, 1.43555e-05, 1.31022e-05, 0.991966))
({x5, x8}, (0.00301501, 0.0543323, 0.00754749, 0.935105)) == ({x5, x8}, (0.00301501, 0.0543323, 0.00754749, 0.935105))
({x5, x9}, (1.62855e-05, 0.987494, 0.00797033, 0.00451977)) == ({x5, x9}, (1.62855e-05, 0.987494, 0.00797033, 0.00451977))
({x6, x7}, (6.29907e-06, 0.00800326, 0.991573, 0.000417567)) == ({x6, x7}, (6.29907e-06, 0.00800326, 0.991573, 0.000417567))
({x6, x8}, (0.0543323, 0.00301501, 0.935105, 0.00754749)) == ({x6, x8}, (0.0543323, 0.00301501, 0.935105, 0.00754749))
({x6, x9}, (0.987099, 0.000415683, 0.00451797, 0.00796715)) == ({x6, x9}, (0.987099, 0.000415683, 0.00451797, 0.00796715))
({x7, x8}, (0.00301501, 0.0543323, 0.00754749, 0.935105)) == ({x7, x8}, (0.00301501, 0.0543323, 0.00754749, 0.935105))
({x7, x9}, (1.62855e-05, 0.987494, 0.00797033, 0.00451977)) == ({x7, x9}, (1.62855e-05, 0.987494, 0.00797033, 0.00451977))
({x8, x9}, (0.0543323, 0.935105, 0.00301501, 0.00754749)) == ({x8, x9}, (0.0543323, 0.935105, 0.00301501, 0.00754749))
Exact MAP state (log score = 33.4354):
x0: 1
x1: 1
x2: 0
x3: 1
x4: 0
x5: 1
x6: 0
x7: 1
x8: 1
x9: 0
