Builtin inference algorithms: {BP, EXACT, FBP, JTREE, TRWBP}

Exact variable marginals:
({x0}, (0.939798, 0.060202))
({x1}, (0.993047, 0.00695291))
({x2}, (0.997853, 0.00214712))
({x3}, (0.684185, 0.315815))
({x4}, (0.00209846, 0.997902))
({x5}, (0.00258363, 0.997416))
({x6}, (0.00211491, 0.997885))
({x7}, (0.997904, 0.00209579))
({x8}, (0.997856, 0.00214437))
({x9}, (0.997878, 0.00212173))
Exact factor marginals:
({x0}, (0.939798, 0.060202))
({x1}, (0.993047, 0.00695291))
({x2}, (0.997853, 0.00214712))
({x3}, (0.684185, 0.315815))
({x4}, (0.00209846, 0.997902))
({x5}, (0.00258363, 0.997416))
({x6}, (0.00211491, 0.997885))
({x7}, (0.997904, 0.00209579))
({x8}, (0.997856, 0.00214437))
({x9}, (0.997878, 0.00212173))
({x0, x1}, (0.939518, 0.0535288, 0.000279618, 0.00667329))
({x0, x2}, (0.939716, 0.058137, 8.20577e-05, 0.00206506))
({x0, x3}, (0.673798, 0.0103876, 0.266, 0.0498145))
({x0, x4}, (3.50915e-05, 0.00206337, 0.939763, 0.0581387))
({x0, x5}, (0.000470269, 0.00211336, 0.939328, 0.0580887))
({x0, x6}, (5.01173e-05, 0.00206479, 0.939748, 0.0581373))
({x0, x7}, (0.939763, 0.0581412, 3.49817e-05, 0.00206081))
({x0, x8}, (0.9397, 0.0581556, 9.78905e-05, 0.00204648))
({x0, x9}, (0.939754, 0.0581241, 4.37944e-05, 0.00207793))
({x1, x2}, (0.992985, 0.00486778, 6.19905e-05, 0.00208513))
({x1, x3}, (0.677702, 0.00648297, 0.315345, 0.000469942))
({x1, x4}, (1.8055e-05, 0.0020804, 0.993029, 0.0048725))
({x1, x5}, (0.000504862, 0.00207877, 0.992542, 0.00487414))
({x1, x6}, (3.56217e-05, 0.00207929, 0.993011, 0.00487362))
({x1, x7}, (0.99303, 0.00487377, 1.66488e-05, 0.00207914))
({x1, x8}, (0.992968, 0.00488782, 7.92836e-05, 0.00206509))
({x1, x9}, (0.993, 0.00487873, 4.75529e-05, 0.00207417))
({x2, x3}, (0.682388, 0.00179695, 0.315465, 0.000350167))
({x2, x4}, (2.51143e-06, 0.00209595, 0.99785, 5.11712e-05))
({x2, x5}, (0.000486538, 0.00209709, 0.997366, 5.00301e-05))
({x2, x6}, (1.90999e-05, 0.00209581, 0.997834, 5.13126e-05))
({x2, x7}, (0.997853, 5.16424e-05, 3.10095e-07, 0.00209548))
({x2, x8}, (0.99779, 6.6038e-05, 6.32908e-05, 0.00208108))
({x2, x9}, (0.997824, 5.39389e-05, 2.85453e-05, 0.00209318))
({x3, x4}, (0.00178821, 0.000310251, 0.682397, 0.315505))
({x3, x5}, (0.00225941, 0.000324218, 0.681926, 0.315491))
({x3, x6}, (0.00180485, 0.000310056, 0.68238, 0.315505))
({x3, x7}, (0.682399, 0.315505, 0.00178635, 0.000309435))
({x3, x8}, (0.682383, 0.315473, 0.00180246, 0.000341916))
({x3, x9}, (0.682404, 0.315474, 0.00178121, 0.000340518))
({x4, x5}, (0.00209585, 0.000487776, 2.60823e-06, 0.997414))
({x4, x6}, (0.00209629, 1.86149e-05, 2.16792e-06, 0.997883))
({x4, x7}, (3.06901e-06, 0.997901, 0.00209539, 3.96438e-07))
({x4, x8}, (1.72671e-05, 0.997838, 0.00208119, 6.31796e-05))
({x4, x9}, (7.28457e-06, 0.997871, 0.00209118, 3.05507e-05))
({x5, x6}, (0.00210117, 1.37357e-05, 0.000482457, 0.997403))
({x5, x7}, (0.000488417, 0.997416, 0.00209521, 5.76727e-07))
({x5, x8}, (0.00050259, 0.997353, 0.00208104, 6.33345e-05))
({x5, x9}, (0.000492161, 0.997386, 0.00209147, 3.02588e-05))
({x6, x7}, (1.95992e-05, 0.997885, 0.00209531, 4.79647e-07))
({x6, x8}, (3.3742e-05, 0.997822, 0.00208116, 6.32074e-05))
({x6, x9}, (2.38111e-05, 0.997854, 0.0020911, 3.06302e-05))
({x7, x8}, (0.997841, 1.46089e-05, 6.3194e-05, 0.00208118))
({x7, x9}, (0.997873, 5.38136e-06, 3.13201e-05, 0.00209041))
({x8, x9}, (0.997815, 6.37348e-05, 4.10885e-05, 0.00208064))
Exact log partition sum: 20.4383
Exact MAP variable marginals:
({x0}, (0.93174, 0.06826))
({x1}, (0.993443, 0.00655668))
({x2}, (0.997416, 0.00258409))
({x3}, (0.716799, 0.283201))
({x4}, (0.00258409, 0.997416))
({x5}, (0.00258409, 0.997416))
({x6}, (0.00258409, 0.997416))
({x7}, (0.997416, 0.00258409))
({x8}, (0.997416, 0.00258409))
({x9}, (0.997416, 0.00258409))
Exact MAP factor marginals:
({x0}, (0.93174, 0.06826)) == ({x0}, (0.93174, 0.06826))
({x1}, (0.993443, 0.00655668)) == ({x1}, (0.993443, 0.00655668))
({x2}, (0.997416, 0.00258409)) == ({x2}, (0.997416, 0.00258409))
({x3}, (0.716799, 0.283201)) == ({x3}, (0.716799, 0.283201))
({x4}, (0.00258409, 0.997416)) == ({x4}, (0.00258409, 0.997416))
({x5}, (0.00258409, 0.997416)) == ({x5}, (0.00258409, 0.997416))
({x6}, (0.00258409, 0.997416)) == ({x6}, (0.00258409, 0.997416))
({x7}, (0.997416, 0.00258409)) == ({x7}, (0.997416, 0.00258409))
({x8}, (0.997416, 0.00258409)) == ({x8}, (0.997416, 0.00258409))
({x9}, (0.997416, 0.00258409)) == ({x9}, (0.997416, 0.00258409))
({x0, x1}, (0.925724, 0.0678193, 0.000346782, 0.00610974)) == ({x0, x1}, (0.925724, 0.0678193, 0.000346782, 0.00610974))
({x0, x2}, (0.929449, 0.0680922, 5.03135e-05, 0.00240801)) == ({x0, x2}, (0.929449, 0.0680922, 5.03135e-05, 0.00240801))
({x0, x3}, (0.677988, 0.00447469, 0.267867, 0.0496699)) == ({x0, x3}, (0.677988, 0.00447469, 0.267867, 0.0496699))
({x0, x4}, (3.25217e-05, 0.00240805, 0.929466, 0.0680934)) == ({x0, x4}, (3.25217e-05, 0.00240805, 0.929466, 0.0680934))
({x0, x5}, (0.000590082, 0.00240671, 0.928948, 0.0680555)) == ({x0, x5}, (0.000590082, 0.00240671, 0.928948, 0.0680555))
({x0, x6}, (3.25217e-05, 0.00240805, 0.929466, 0.0680934)) == ({x0, x6}, (3.25217e-05, 0.00240805, 0.929466, 0.0680934))
({x0, x7}, (0.929466, 0.0680934, 3.25217e-05, 0.00240805)) == ({x0, x7}, (0.929466, 0.0680934, 3.25217e-05, 0.00240805))
({x0, x8}, (0.929454, 0.0680926, 4.50888e-05, 0.00240802)) == ({x0, x8}, (0.929454, 0.0680926, 4.50888e-05, 0.00240802))
({x0, x9}, (0.929466, 0.0680934, 3.25217e-05, 0.00240805)) == ({x0, x9}, (0.929466, 0.0680934, 3.25217e-05, 0.00240805))
({x1, x2}, (0.99084, 0.0065395, 5.36367e-05, 0.00256705)) == ({x1, x2}, (0.99084, 0.0065395, 5.36367e-05, 0.00256705))
({x1, x3}, (0.7132, 0.00470709, 0.281779, 0.000313616)) == ({x1, x3}, (0.7132, 0.00470709, 0.281779, 0.000313616))
({x1, x4}, (1.0103e-05, 0.00256717, 0.990883, 0.00653978)) == ({x1, x4}, (1.0103e-05, 0.00256717, 0.990883, 0.00653978))
({x1, x5}, (0.000629035, 0.00256558, 0.99027, 0.00653573)) == ({x1, x5}, (0.000629035, 0.00256558, 0.99027, 0.00653573))
({x1, x6}, (1.79603e-05, 0.00256715, 0.990875, 0.00653973)) == ({x1, x6}, (1.79603e-05, 0.00256715, 0.990875, 0.00653973))
({x1, x7}, (0.990883, 0.00653978, 1.0103e-05, 0.00256717)) == ({x1, x7}, (0.990883, 0.00653978, 1.0103e-05, 0.00256717))
({x1, x8}, (0.990845, 0.00653953, 4.80669e-05, 0.00256707)) == ({x1, x8}, (0.990845, 0.00653953, 4.80669e-05, 0.00256707))
({x1, x9}, (0.990863, 0.00653965, 3.01947e-05, 0.00256711)) == ({x1, x9}, (0.990863, 0.00653965, 3.01947e-05, 0.00256711))
({x2, x3}, (0.715245, 0.00185305, 0.282587, 0.000314516)) == ({x2, x3}, (0.715245, 0.00185305, 0.282587, 0.000314516))
({x2, x4}, (1.82952e-06, 0.00258395, 0.99736, 5.39897e-05)) == ({x2, x4}, (1.82952e-06, 0.00258395, 0.99736, 5.39897e-05))
({x2, x5}, (0.000633139, 0.00258232, 0.996731, 5.39556e-05)) == ({x2, x5}, (0.000633139, 0.00258232, 0.996731, 5.39556e-05))
({x2, x6}, (1.80776e-05, 0.00258391, 0.997344, 5.39888e-05)) == ({x2, x6}, (1.80776e-05, 0.00258391, 0.997344, 5.39888e-05))
({x2, x7}, (0.997362, 5.39898e-05, 9.4049e-08, 0.00258395)) == ({x2, x7}, (0.997362, 5.39898e-05, 9.4049e-08, 0.00258395))
({x2, x8}, (0.997314, 5.39872e-05, 4.83807e-05, 0.00258383)) == ({x2, x8}, (0.997314, 5.39872e-05, 4.83807e-05, 0.00258383))
({x2, x9}, (0.997332, 5.39881e-05, 3.03918e-05, 0.00258387)) == ({x2, x9}, (0.997332, 5.39881e-05, 3.03918e-05, 0.00258387))
({x3, x4}, (0.00185305, 0.000314516, 0.715245, 0.282587)) == ({x3, x4}, (0.00185305, 0.000314516, 0.715245, 0.282587))
({x3, x5}, (0.00185305, 0.000314516, 0.715245, 0.282587)) == ({x3, x5}, (0.00185305, 0.000314516, 0.715245, 0.282587))
({x3, x6}, (0.00185305, 0.000314516, 0.715245, 0.282587)) == ({x3, x6}, (0.00185305, 0.000314516, 0.715245, 0.282587))
({x3, x7}, (0.715245, 0.282587, 0.00185305, 0.000314516)) == ({x3, x7}, (0.715245, 0.282587, 0.00185305, 0.000314516))
({x3, x8}, (0.715245, 0.282587, 0.00185305, 0.000314516)) == ({x3, x8}, (0.715245, 0.282587, 0.00185305, 0.000314516))
({x3, x9}, (0.715245, 0.282587, 0.00185305, 0.000314516)) == ({x3, x9}, (0.715245, 0.282587, 0.00185305, 0.000314516))
({x4, x5}, (0.00258245, 0.000633172, 1.82846e-06, 0.996783)) == ({x4, x5}, (0.00258245, 0.000633172, 1.82846e-06, 0.996783))
({x4, x6}, (0.00258404, 1.80785e-05, 1.82958e-06, 0.997396)) == ({x4, x6}, (0.00258404, 1.80785e-05, 1.82958e-06, 0.997396))
({x4, x7}, (1.82962e-06, 0.997414, 0.00258409, 1.08908e-07)) == ({x4, x7}, (1.82962e-06, 0.997414, 0.00258409, 1.08908e-07))
({x4, x8}, (1.4306e-05, 0.997353, 0.00258393, 4.83826e-05)) == ({x4, x8}, (1.4306e-05, 0.997353, 0.00258393, 4.83826e-05))
({x4, x9}, (5.5333e-06, 0.99738, 0.002584, 3.03933e-05)) == ({x4, x9}, (5.5333e-06, 0.99738, 0.002584, 3.03933e-05))
({x5, x6}, (0.00258241, 1.80671e-05, 0.000633162, 0.996766)) == ({x5, x6}, (0.00258241, 1.80671e-05, 0.000633162, 0.996766))
({x5, x7}, (0.000633173, 0.996784, 0.00258245, 3.11931e-07)) == ({x5, x7}, (0.000633173, 0.996784, 0.00258245, 3.11931e-07))
({x5, x8}, (0.000633143, 0.996736, 0.00258233, 4.83527e-05)) == ({x5, x8}, (0.000633143, 0.996736, 0.00258233, 4.83527e-05))
({x5, x9}, (0.000633154, 0.996754, 0.00258238, 3.03742e-05)) == ({x5, x9}, (0.000633154, 0.996754, 0.00258238, 3.03742e-05))
({x6, x7}, (1.80786e-05, 0.997398, 0.00258404, 1.08906e-07)) == ({x6, x7}, (1.80786e-05, 0.997398, 0.00258404, 1.08906e-07))
({x6, x8}, (1.80777e-05, 0.99735, 0.00258392, 4.83824e-05)) == ({x6, x8}, (1.80777e-05, 0.99735, 0.00258392, 4.83824e-05))
({x6, x9}, (1.8078e-05, 0.997368, 0.00258397, 3.03929e-05)) == ({x6, x9}, (1.8078e-05, 0.997368, 0.00258397, 3.03929e-05))
({x7, x8}, (0.997353, 1.4306e-05, 4.83826e-05, 0.00258393)) == ({x7, x8}, (0.997353, 1.4306e-05, 4.83826e-05, 0.00258393))
({x7, x9}, (0.99738, 5.5333e-06, 3.03933e-05, 0.002584)) == ({x7, x9}, (0.99738, 5.5333e-06, 3.03933e-05, 0.002584))
({x8, x9}, (0.997337, 4.83818e-05, 3.0392e-05, 0.00258389)) == ({x8, x9}, (0.997337, 4.83818e-05, 3.0392e-05, 0.00258389))
Exact MAP state (log score = 20.0424):
x0: 0
x1: 0
x2: 0
x3: 0
x4: 1
x5: 1
x6: 1
x7: 0
x8: 0
x9: 0
