Builtin inference algorithms: {BP, EXACT, FBP, JTREE, TRWBP}

Exact variable marginals:
({x0}, (0.501951, 0.498049))
({x1}, (0.794219, 0.205781))
({x2}, (0.551815, 0.448185))
({x3}, (0.479878, 0.520122))
({x4}, (0.663985, 0.336015))
({x5}, (0.408502, 0.591498))
({x6}, (0.341501, 0.658499))
({x7}, (0.661274, 0.338726))
({x8}, (0.365116, 0.634884))
({x9}, (0.463857, 0.536143))
Exact factor marginals:
({x0}, (0.501951, 0.498049))
({x1}, (0.794219, 0.205781))
({x2}, (0.551815, 0.448185))
({x3}, (0.479878, 0.520122))
({x4}, (0.663985, 0.336015))
({x5}, (0.408502, 0.591498))
({x6}, (0.341501, 0.658499))
({x7}, (0.661274, 0.338726))
({x8}, (0.365116, 0.634884))
({x9}, (0.463857, 0.536143))
({x0, x1}, (0.431661, 0.362558, 0.0702899, 0.135491))
({x0, x2}, (0.381715, 0.1701, 0.120236, 0.327949))
({x0, x3}, (0.298516, 0.181362, 0.203435, 0.316687))
({x0, x4}, (0.428036, 0.235949, 0.073915, 0.2621))
({x0, x5}, (0.30949, 0.0990119, 0.192461, 0.399037))
({x0, x6}, (0.124968, 0.216533, 0.376983, 0.281516))
({x0, x7}, (0.392873, 0.268402, 0.109078, 0.229647))
({x0, x8}, (0.0512913, 0.313825, 0.45066, 0.184224))
({x0, x9}, (0.38005, 0.0838065, 0.121901, 0.414242))
({x1, x2}, (0.509165, 0.04265, 0.285054, 0.163131))
({x1, x3}, (0.382699, 0.0971789, 0.41152, 0.108602))
({x1, x4}, (0.611522, 0.0524636, 0.182697, 0.153317))
({x1, x5}, (0.340142, 0.0683606, 0.454077, 0.13742))
({x1, x6}, (0.272145, 0.0693563, 0.522074, 0.136425))
({x1, x7}, (0.59458, 0.0666943, 0.199639, 0.139087))
({x1, x8}, (0.203366, 0.16175, 0.590853, 0.0440306))
({x1, x9}, (0.431246, 0.0326108, 0.362973, 0.17317))
({x2, x3}, (0.217193, 0.262684, 0.334622, 0.185501))
({x2, x4}, (0.442378, 0.221607, 0.109437, 0.226578))
({x2, x5}, (0.241053, 0.167449, 0.310761, 0.280736))
({x2, x6}, (0.216087, 0.125414, 0.335728, 0.322771))
({x2, x7}, (0.498763, 0.162511, 0.0530517, 0.285674))
({x2, x8}, (0.0532754, 0.311841, 0.498539, 0.136344))
({x2, x9}, (0.377457, 0.0864002, 0.174358, 0.361785))
({x3, x4}, (0.346317, 0.317668, 0.13356, 0.202454))
({x3, x5}, (0.309512, 0.0989899, 0.170365, 0.421132))
({x3, x6}, (0.0521459, 0.289355, 0.427732, 0.230767))
({x3, x7}, (0.252286, 0.408989, 0.227592, 0.111134))
({x3, x8}, (0.179576, 0.185541, 0.300302, 0.334582))
({x3, x9}, (0.262334, 0.201523, 0.217543, 0.3186))
({x4, x5}, (0.292887, 0.115616, 0.371099, 0.220399))
({x4, x6}, (0.233702, 0.107799, 0.430283, 0.228216))
({x4, x7}, (0.48288, 0.178395, 0.181106, 0.15762))
({x4, x8}, (0.127809, 0.237307, 0.536176, 0.0987073))
({x4, x9}, (0.422781, 0.0410755, 0.241204, 0.294939))
({x5, x6}, (0.0365139, 0.304987, 0.371988, 0.286511))
({x5, x7}, (0.291141, 0.370133, 0.117361, 0.221364))
({x5, x8}, (0.0835079, 0.281609, 0.324994, 0.309889))
({x5, x9}, (0.249234, 0.214623, 0.159269, 0.376874))
({x6, x7}, (0.25504, 0.406235, 0.0864614, 0.252264))
({x6, x8}, (0.134865, 0.230251, 0.206636, 0.428248))
({x6, x9}, (0.14158, 0.322277, 0.199921, 0.336222))
({x7, x8}, (0.127045, 0.238071, 0.534229, 0.100655))
({x7, x9}, (0.387205, 0.0766521, 0.27407, 0.262073))
({x8, x9}, (0.0337316, 0.430125, 0.331385, 0.204758))
Exact log partition sum: 9.85401
Exact MAP variable marginals:
({x0}, (0.806091, 0.193909))
({x1}, (0.843886, 0.156114))
({x2}, (0.832549, 0.167451))
({x3}, (0.658056, 0.341944))
({x4}, (0.843886, 0.156114))
({x5}, (0.658056, 0.341944))
({x6}, (0.341944, 0.658056))
({x7}, (0.832549, 0.167451))
({x8}, (0.167451, 0.832549))
({x9}, (0.807228, 0.192772))
Exact MAP factor marginals:
({x0}, (0.806091, 0.193909)) == ({x0}, (0.806091, 0.193909))
({x1}, (0.843886, 0.156114)) == ({x1}, (0.843886, 0.156114))
({x2}, (0.832549, 0.167451)) == ({x2}, (0.832549, 0.167451))
({x3}, (0.658056, 0.341944)) == ({x3}, (0.658056, 0.341944))
({x4}, (0.843886, 0.156114)) == ({x4}, (0.843886, 0.156114))
({x5}, (0.658056, 0.341944)) == ({x5}, (0.658056, 0.341944))
({x6}, (0.341944, 0.658056)) == ({x6}, (0.341944, 0.658056))
({x7}, (0.832549, 0.167451)) == ({x7}, (0.832549, 0.167451))
({x8}, (0.167451, 0.832549)) == ({x8}, (0.167451, 0.832549))
({x9}, (0.807228, 0.192772)) == ({x9}, (0.807228, 0.192772))
({x0, x1}, (0.660995, 0.159006, 0.057719, 0.12228)) == ({x0, x1}, (0.660995, 0.159006, 0.057719, 0.12228))
({x0, x2}, (0.614949, 0.147929, 0.113437, 0.123685)) == ({x0, x2}, (0.614949, 0.147929, 0.113437, 0.123685))
({x0, x3}, (0.509862, 0.102549, 0.264939, 0.12265)) == ({x0, x3}, (0.509862, 0.102549, 0.264939, 0.12265))
({x0, x4}, (0.660995, 0.159006, 0.057719, 0.12228)) == ({x0, x4}, (0.660995, 0.159006, 0.057719, 0.12228))
({x0, x5}, (0.529452, 0.0680687, 0.275118, 0.127362)) == ({x0, x5}, (0.529452, 0.0680687, 0.275118, 0.127362))
({x0, x6}, (0.264939, 0.12265, 0.509862, 0.102549)) == ({x0, x6}, (0.264939, 0.12265, 0.509862, 0.102549))
({x0, x7}, (0.636193, 0.153039, 0.0828099, 0.127958)) == ({x0, x7}, (0.636193, 0.153039, 0.0828099, 0.127958))
({x0, x8}, (0.0571098, 0.131543, 0.654019, 0.157328)) == ({x0, x8}, (0.0571098, 0.131543, 0.654019, 0.157328))
({x0, x9}, (0.635501, 0.152873, 0.0598631, 0.151763)) == ({x0, x9}, (0.635501, 0.152873, 0.0598631, 0.151763))
({x1, x2}, (0.701017, 0.0283027, 0.140996, 0.129684)) == ({x1, x2}, (0.701017, 0.0283027, 0.140996, 0.129684))
({x1, x3}, (0.529309, 0.097919, 0.275043, 0.0977287)) == ({x1, x3}, (0.529309, 0.097919, 0.275043, 0.0977287))
({x1, x4}, (0.735721, 0.0295495, 0.098626, 0.136104)) == ({x1, x4}, (0.735721, 0.0295495, 0.098626, 0.136104))
({x1, x5}, (0.545498, 0.0701318, 0.283456, 0.100914)) == ({x1, x5}, (0.545498, 0.0701318, 0.283456, 0.100914))
({x1, x6}, (0.275043, 0.0977287, 0.529309, 0.097919)) == ({x1, x6}, (0.275043, 0.0977287, 0.529309, 0.097919))
({x1, x7}, (0.675646, 0.0634707, 0.135893, 0.12499)) == ({x1, x7}, (0.675646, 0.0634707, 0.135893, 0.12499))
({x1, x8}, (0.1422, 0.130792, 0.707005, 0.0200025)) == ({x1, x8}, (0.1422, 0.130792, 0.707005, 0.0200025))
({x1, x9}, (0.688661, 0.0194835, 0.164457, 0.127398)) == ({x1, x9}, (0.688661, 0.0194835, 0.164457, 0.127398))
({x2, x3}, (0.524826, 0.105559, 0.272714, 0.096901)) == ({x2, x3}, (0.524826, 0.105559, 0.272714, 0.096901))
({x2, x4}, (0.674635, 0.13569, 0.0648712, 0.124804)) == ({x2, x4}, (0.674635, 0.13569, 0.0648712, 0.124804))
({x2, x5}, (0.524873, 0.0968206, 0.272738, 0.105568)) == ({x2, x5}, (0.524873, 0.0968206, 0.272738, 0.105568))
({x2, x6}, (0.272714, 0.096901, 0.524826, 0.105559)) == ({x2, x6}, (0.272714, 0.096901, 0.524826, 0.105559))
({x2, x7}, (0.664628, 0.122601, 0.0790939, 0.133677)) == ({x2, x7}, (0.664628, 0.122601, 0.0790939, 0.133677))
({x2, x8}, (0.0646993, 0.135767, 0.675017, 0.124517)) == ({x2, x8}, (0.0646993, 0.135767, 0.675017, 0.124517))
({x2, x9}, (0.615611, 0.113559, 0.147013, 0.123818)) == ({x2, x9}, (0.615611, 0.113559, 0.147013, 0.123818))
({x3, x4}, (0.529309, 0.275043, 0.097919, 0.0977287)) == ({x3, x4}, (0.529309, 0.275043, 0.097919, 0.0977287))
({x3, x5}, (0.512563, 0.118002, 0.103092, 0.266342)) == ({x3, x5}, (0.512563, 0.118002, 0.103092, 0.266342))
({x3, x6}, (0.0368543, 0.280783, 0.540354, 0.14201)) == ({x3, x6}, (0.0368543, 0.280783, 0.540354, 0.14201))
({x3, x7}, (0.524826, 0.272714, 0.105559, 0.096901)) == ({x3, x7}, (0.524826, 0.272714, 0.105559, 0.096901))
({x3, x8}, (0.105559, 0.096901, 0.524826, 0.272714)) == ({x3, x8}, (0.105559, 0.096901, 0.524826, 0.272714))
({x3, x9}, (0.510317, 0.265175, 0.10264, 0.121868)) == ({x3, x9}, (0.510317, 0.265175, 0.10264, 0.121868))
({x4, x5}, (0.545498, 0.0701318, 0.283456, 0.100914)) == ({x4, x5}, (0.545498, 0.0701318, 0.283456, 0.100914))
({x4, x6}, (0.275043, 0.0977287, 0.529309, 0.097919)) == ({x4, x6}, (0.275043, 0.0977287, 0.529309, 0.097919))
({x4, x7}, (0.668744, 0.0730379, 0.134505, 0.123714)) == ({x4, x7}, (0.668744, 0.0730379, 0.134505, 0.123714))
({x4, x8}, (0.13569, 0.124804, 0.674635, 0.0648712)) == ({x4, x8}, (0.13569, 0.124804, 0.674635, 0.0648712))
({x4, x9}, (0.667835, 0.0491354, 0.159484, 0.123545)) == ({x4, x9}, (0.667835, 0.0491354, 0.159484, 0.123545))
({x5, x6}, (0.0449931, 0.27841, 0.535787, 0.14081)) == ({x5, x6}, (0.0449931, 0.27841, 0.535787, 0.14081))
({x5, x7}, (0.540271, 0.28074, 0.0703242, 0.108665)) == ({x5, x7}, (0.540271, 0.28074, 0.0703242, 0.108665))
({x5, x8}, (0.0695198, 0.108759, 0.540738, 0.280983)) == ({x5, x8}, (0.0695198, 0.108759, 0.540738, 0.280983))
({x5, x9}, (0.529942, 0.275372, 0.0681318, 0.126554)) == ({x5, x9}, (0.529942, 0.275372, 0.0681318, 0.126554))
({x6, x7}, (0.272714, 0.524826, 0.096901, 0.105559)) == ({x6, x7}, (0.272714, 0.524826, 0.096901, 0.105559))
({x6, x8}, (0.096901, 0.105559, 0.272714, 0.524826)) == ({x6, x8}, (0.096901, 0.105559, 0.272714, 0.524826))
({x6, x9}, (0.265175, 0.510317, 0.121868, 0.10264)) == ({x6, x9}, (0.265175, 0.510317, 0.121868, 0.10264))
({x7, x8}, (0.0758179, 0.139624, 0.694198, 0.09036)) == ({x7, x8}, (0.0758179, 0.139624, 0.694198, 0.09036))
({x7, x9}, (0.636901, 0.082902, 0.152097, 0.1281)) == ({x7, x9}, (0.636901, 0.082902, 0.152097, 0.1281))
({x8, x9}, (0.0216845, 0.679415, 0.136651, 0.162249)) == ({x8, x9}, (0.0216845, 0.679415, 0.136651, 0.162249))
Exact MAP state (log score = 7.62364):
x0: 0
x1: 0
x2: 0
x3: 0
x4: 0
x5: 0
x6: 1
x7: 0
x8: 1
x9: 0
