Builtin inference algorithms: {BP, EXACT, FBP, JTREE, TRWBP}

Exact variable marginals:
({x0}, (0.6476, 0.3524))
({x1}, (0.348832, 0.651168))
({x2}, (0.651165, 0.348835))
({x3}, (0.346177, 0.653823))
({x4}, (0.348723, 0.651277))
({x5}, (0.651532, 0.348468))
({x6}, (0.651181, 0.348819))
({x7}, (0.654264, 0.345736))
({x8}, (0.349768, 0.650232))
({x9}, (0.382356, 0.617644))
Exact factor marginals:
({x0}, (0.6476, 0.3524))
({x1}, (0.348832, 0.651168))
({x2}, (0.651165, 0.348835))
({x3}, (0.346177, 0.653823))
({x4}, (0.348723, 0.651277))
({x5}, (0.651532, 0.348468))
({x6}, (0.651181, 0.348819))
({x7}, (0.654264, 0.345736))
({x8}, (0.349768, 0.650232))
({x9}, (0.382356, 0.617644))
({x0, x1}, (0.000139298, 0.348693, 0.647461, 0.00370679))
({x0, x2}, (0.647535, 0.00362989, 6.51294e-05, 0.34877))
({x0, x3}, (8.21575e-05, 0.346095, 0.647518, 0.00630475))
({x0, x4}, (0.000100302, 0.348623, 0.6475, 0.00377727))
({x0, x5}, (0.647521, 0.00401109, 7.88533e-05, 0.348389))
({x0, x6}, (0.647496, 0.00368436, 0.0001038, 0.348716))
({x0, x7}, (0.647245, 0.00701877, 0.000355147, 0.345381))
({x0, x8}, (0.000535219, 0.349233, 0.647065, 0.00316731))
({x0, x9}, (0.0411968, 0.341159, 0.606403, 0.0112408))
({x1, x2}, (0.000132982, 0.651032, 0.348699, 0.000135712))
({x1, x3}, (0.346076, 0.000101018, 0.00275612, 0.651067))
({x1, x4}, (0.34862, 0.000102956, 0.000212436, 0.651065))
({x1, x5}, (0.000437491, 0.651095, 0.348395, 7.27436e-05))
({x1, x6}, (0.000139932, 0.651041, 0.348693, 0.000126861))
({x1, x7}, (0.00344302, 0.650821, 0.345389, 0.000346891))
({x1, x8}, (0.348694, 0.00107383, 0.000138423, 0.650094))
({x1, x9}, (0.338769, 0.043587, 0.0100635, 0.607581))
({x2, x3}, (6.66128e-05, 0.346111, 0.651098, 0.00272444))
({x2, x4}, (9.78069e-05, 0.348625, 0.651067, 0.000210017))
({x2, x5}, (0.651098, 0.000434289, 6.68113e-05, 0.348401))
({x2, x6}, (0.651046, 0.000134841, 0.00011904, 0.3487))
({x2, x7}, (0.650829, 0.00343424, 0.000335383, 0.345401))
({x2, x8}, (0.00106699, 0.348701, 0.650098, 0.000134314))
({x2, x9}, (0.0435741, 0.338782, 0.607591, 0.0100534))
({x3, x4}, (0.346021, 0.00270202, 0.000156404, 0.651121))
({x3, x5}, (0.000138587, 0.651394, 0.346039, 0.00242894))
({x3, x6}, (9.98263e-05, 0.651081, 0.346078, 0.00274185))
({x3, x7}, (0.000775945, 0.653488, 0.345401, 0.000334912))
({x3, x8}, (0.346127, 0.00364136, 5.08589e-05, 0.650181))
({x3, x9}, (0.338783, 0.0435729, 0.00739432, 0.61025))
({x4, x5}, (0.000287542, 0.651245, 0.348435, 3.22739e-05))
({x4, x6}, (3.46115e-05, 0.651146, 0.348688, 0.000131021))
({x4, x7}, (0.00326461, 0.650999, 0.345458, 0.000277962))
({x4, x8}, (0.348605, 0.00116297, 0.000118085, 0.650114))
({x4, x9}, (0.338868, 0.0434877, 0.00985475, 0.607789))
({x5, x6}, (0.651174, 6.28239e-06, 0.000357959, 0.348461))
({x5, x7}, (0.651235, 0.00302877, 0.000297385, 0.345439))
({x5, x8}, (0.00136917, 0.348399, 0.650163, 6.90139e-05))
({x5, x9}, (0.0435182, 0.338838, 0.608014, 0.00962994))
({x6, x7}, (0.650907, 0.00335695, 0.000273892, 0.345462))
({x6, x8}, (0.00106219, 0.348706, 0.650118, 0.000113717))
({x6, x9}, (0.0435066, 0.338849, 0.607674, 0.00997007))
({x7, x8}, (0.0043542, 0.345414, 0.649909, 0.000322663))
({x7, x9}, (0.043586, 0.33877, 0.610678, 0.00696638))
({x8, x9}, (0.338793, 0.0435632, 0.0109751, 0.606669))
Exact log partition sum: 35.5943
Exact MAP variable marginals:
({x0}, (0.641608, 0.358392))
({x1}, (0.358392, 0.641608))
({x2}, (0.641608, 0.358392))
({x3}, (0.358392, 0.641608))
({x4}, (0.358392, 0.641608))
({x5}, (0.641608, 0.358392))
({x6}, (0.641608, 0.358392))
({x7}, (0.641608, 0.358392))
({x8}, (0.358392, 0.641608))
({x9}, (0.358392, 0.641608))
Exact MAP factor marginals:
({x0}, (0.641608, 0.358392)) == ({x0}, (0.641608, 0.358392))
({x1}, (0.358392, 0.641608)) == ({x1}, (0.358392, 0.641608))
({x2}, (0.641608, 0.358392)) == ({x2}, (0.641608, 0.358392))
({x3}, (0.358392, 0.641608)) == ({x3}, (0.358392, 0.641608))
({x4}, (0.358392, 0.641608)) == ({x4}, (0.358392, 0.641608))
({x5}, (0.641608, 0.358392)) == ({x5}, (0.641608, 0.358392))
({x6}, (0.641608, 0.358392)) == ({x6}, (0.641608, 0.358392))
({x7}, (0.641608, 0.358392)) == ({x7}, (0.641608, 0.358392))
({x8}, (0.358392, 0.641608)) == ({x8}, (0.358392, 0.641608))
({x9}, (0.358392, 0.641608)) == ({x9}, (0.358392, 0.641608))
({x0, x1}, (7.73737e-05, 0.357476, 0.639969, 0.00247666)) == ({x0, x1}, (7.73737e-05, 0.357476, 0.639969, 0.00247666))
({x0, x2}, (0.640004, 0.00247679, 2.41888e-05, 0.357495)) == ({x0, x2}, (0.640004, 0.00247679, 2.41888e-05, 0.357495))
({x0, x3}, (2.49961e-05, 0.357495, 0.640003, 0.00247679)) == ({x0, x3}, (2.49961e-05, 0.357495, 0.640003, 0.00247679))
({x0, x4}, (2.41888e-05, 0.357495, 0.640004, 0.00247679)) == ({x0, x4}, (2.41888e-05, 0.357495, 0.640004, 0.00247679))
({x0, x5}, (0.640004, 0.00247679, 2.41888e-05, 0.357495)) == ({x0, x5}, (0.640004, 0.00247679, 2.41888e-05, 0.357495))
({x0, x6}, (0.640004, 0.00247679, 2.41888e-05, 0.357495)) == ({x0, x6}, (0.640004, 0.00247679, 2.41888e-05, 0.357495))
({x0, x7}, (0.639885, 0.00247633, 0.000210173, 0.357429)) == ({x0, x7}, (0.639885, 0.00247633, 0.000210173, 0.357429))
({x0, x8}, (0.000497185, 0.357326, 0.639701, 0.00247562)) == ({x0, x8}, (0.000497185, 0.357326, 0.639701, 0.00247562))
({x0, x9}, (0.0412242, 0.341141, 0.610724, 0.0069109)) == ({x0, x9}, (0.0412242, 0.341141, 0.610724, 0.0069109))
({x1, x2}, (7.75617e-05, 0.641525, 0.358345, 5.27533e-05)) == ({x1, x2}, (7.75617e-05, 0.641525, 0.358345, 5.27533e-05))
({x1, x3}, (0.357504, 5.02875e-05, 0.00242811, 0.640018)) == ({x1, x3}, (0.357504, 5.02875e-05, 0.00242811, 0.640018))
({x1, x4}, (0.358346, 5.0406e-05, 7.75619e-05, 0.641526)) == ({x1, x4}, (0.358346, 5.0406e-05, 7.75619e-05, 0.641526))
({x1, x5}, (0.000233264, 0.641426, 0.35829, 5.03981e-05)) == ({x1, x5}, (0.000233264, 0.641426, 0.35829, 5.03981e-05))
({x1, x6}, (7.75619e-05, 0.641526, 0.358346, 5.0406e-05)) == ({x1, x6}, (7.75619e-05, 0.641526, 0.358346, 5.0406e-05))
({x1, x7}, (0.00242773, 0.639916, 0.357446, 0.000210184)) == ({x1, x7}, (0.00242773, 0.639916, 0.357446, 0.000210184))
({x1, x8}, (0.358175, 0.000527057, 7.75249e-05, 0.64122)) == ({x1, x8}, (0.358175, 0.000527057, 7.75249e-05, 0.64122))
({x1, x9}, (0.341141, 0.0412242, 0.0069109, 0.610724)) == ({x1, x9}, (0.341141, 0.0412242, 0.0069109, 0.610724))
({x2, x3}, (2.49973e-05, 0.357513, 0.640034, 0.00242817)) == ({x2, x3}, (2.49973e-05, 0.357513, 0.640034, 0.00242817))
({x2, x4}, (2.4695e-05, 0.358364, 0.641558, 5.27561e-05)) == ({x2, x4}, (2.4695e-05, 0.358364, 0.641558, 5.27561e-05))
({x2, x5}, (0.641443, 0.00023327, 2.46905e-05, 0.358299)) == ({x2, x5}, (0.641443, 0.00023327, 2.46905e-05, 0.358299))
({x2, x6}, (0.641558, 5.27561e-05, 2.4695e-05, 0.358364)) == ({x2, x6}, (0.641558, 5.27561e-05, 2.4695e-05, 0.358364))
({x2, x7}, (0.639916, 0.00242773, 0.000210184, 0.357446)) == ({x2, x7}, (0.639916, 0.00242773, 0.000210184, 0.357446))
({x2, x8}, (0.00052707, 0.358184, 0.641236, 5.27296e-05)) == ({x2, x8}, (0.00052707, 0.358184, 0.641236, 5.27296e-05))
({x2, x9}, (0.0412242, 0.341141, 0.610724, 0.0069109)) == ({x2, x9}, (0.0412242, 0.341141, 0.610724, 0.0069109))
({x3, x4}, (0.357504, 0.00242811, 5.01203e-05, 0.640018)) == ({x3, x4}, (0.357504, 0.00242811, 5.01203e-05, 0.640018))
({x3, x5}, (5.01203e-05, 0.640018, 0.357504, 0.00242811)) == ({x3, x5}, (5.01203e-05, 0.640018, 0.357504, 0.00242811))
({x3, x6}, (5.01203e-05, 0.640018, 0.357504, 0.00242811)) == ({x3, x6}, (5.01203e-05, 0.640018, 0.357504, 0.00242811))
({x3, x7}, (0.000410799, 0.641209, 0.358169, 0.000210608)) == ({x3, x7}, (0.000410799, 0.641209, 0.358169, 0.000210608))
({x3, x8}, (0.357513, 0.00242817, 2.49973e-05, 0.640034)) == ({x3, x8}, (0.357513, 0.00242817, 2.49973e-05, 0.640034))
({x3, x9}, (0.341141, 0.0412242, 0.0069109, 0.610724)) == ({x3, x9}, (0.341141, 0.0412242, 0.0069109, 0.610724))
({x4, x5}, (0.00023327, 0.641443, 0.3583, 2.37481e-05)) == ({x4, x5}, (0.00023327, 0.641443, 0.3583, 2.37481e-05))
({x4, x6}, (1.20372e-05, 0.641583, 0.358378, 2.65513e-05)) == ({x4, x6}, (1.20372e-05, 0.641583, 0.358378, 2.65513e-05))
({x4, x7}, (0.00242773, 0.639916, 0.357446, 0.000210184)) == ({x4, x7}, (0.00242773, 0.639916, 0.357446, 0.000210184))
({x4, x8}, (0.358196, 0.000527087, 2.05978e-05, 0.641257)) == ({x4, x8}, (0.358196, 0.000527087, 2.05978e-05, 0.641257))
({x4, x9}, (0.341141, 0.0412242, 0.0069109, 0.610724)) == ({x4, x9}, (0.341141, 0.0412242, 0.0069109, 0.610724))
({x5, x6}, (0.641457, 2.64278e-06, 0.000233275, 0.358307)) == ({x5, x6}, (0.641457, 2.64278e-06, 0.000233275, 0.358307))
({x5, x7}, (0.639916, 0.00242773, 0.000210184, 0.357446)) == ({x5, x7}, (0.639916, 0.00242773, 0.000210184, 0.357446))
({x5, x8}, (0.000527087, 0.358196, 0.641257, 2.05978e-05)) == ({x5, x8}, (0.000527087, 0.358196, 0.641257, 2.05978e-05))
({x5, x9}, (0.0412242, 0.341141, 0.610724, 0.0069109)) == ({x5, x9}, (0.0412242, 0.341141, 0.610724, 0.0069109))
({x6, x7}, (0.639916, 0.00242773, 0.000210184, 0.357446)) == ({x6, x7}, (0.639916, 0.00242773, 0.000210184, 0.357446))
({x6, x8}, (0.000527087, 0.358196, 0.641257, 2.05978e-05)) == ({x6, x8}, (0.000527087, 0.358196, 0.641257, 2.05978e-05))
({x6, x9}, (0.0412242, 0.341141, 0.610724, 0.0069109)) == ({x6, x9}, (0.0412242, 0.341141, 0.610724, 0.0069109))
({x7, x8}, (0.00242773, 0.357446, 0.639916, 0.000210184)) == ({x7, x8}, (0.00242773, 0.357446, 0.639916, 0.000210184))
({x7, x9}, (0.0412242, 0.341141, 0.610724, 0.0069109)) == ({x7, x9}, (0.0412242, 0.341141, 0.610724, 0.0069109))
({x8, x9}, (0.341141, 0.0412242, 0.0069109, 0.610724)) == ({x8, x9}, (0.341141, 0.0412242, 0.0069109, 0.610724))
Exact MAP state (log score = 35.093):
x0: 0
x1: 1
x2: 0
x3: 1
x4: 1
x5: 0
x6: 0
x7: 0
x8: 1
x9: 1
