Builtin inference algorithms: {BP, EXACT, FBP, JTREE, TRWBP}

Exact variable marginals:
({x0}, (0.943481, 0.0565186))
({x1}, (0.933905, 0.0660945))
({x2}, (0.100532, 0.899468))
({x3}, (0.944241, 0.0557591))
({x4}, (0.860334, 0.139666))
({x5}, (0.939361, 0.0606387))
({x6}, (0.268976, 0.731024))
({x7}, (0.943728, 0.0562723))
({x8}, (0.0574236, 0.942576))
({x9}, (0.414124, 0.585876))
Exact factor marginals:
({x0}, (0.943481, 0.0565186))
({x1}, (0.933905, 0.0660945))
({x2}, (0.100532, 0.899468))
({x3}, (0.944241, 0.0557591))
({x4}, (0.860334, 0.139666))
({x5}, (0.939361, 0.0606387))
({x6}, (0.268976, 0.731024))
({x7}, (0.943728, 0.0562723))
({x8}, (0.0574236, 0.942576))
({x9}, (0.414124, 0.585876))
({x0, x1}, (0.925798, 0.00810794, 0.0176839, 0.0484106))
({x0, x2}, (0.0563725, 0.0441599, 0.887109, 0.0123586))
({x0, x3}, (0.937662, 0.00657866, 0.00581921, 0.0499399))
({x0, x4}, (0.852641, 0.0076926, 0.0908404, 0.048826))
({x0, x5}, (0.934512, 0.00484979, 0.00896988, 0.0516688))
({x0, x6}, (0.218464, 0.0505123, 0.725018, 0.00600629))
({x0, x7}, (0.936479, 0.00724882, 0.00700254, 0.0492698))
({x0, x8}, (0.00778268, 0.0496409, 0.935699, 0.00687767))
({x0, x9}, (0.365351, 0.048773, 0.578131, 0.00774557))
({x1, x2}, (0.0394382, 0.0610942, 0.894467, 0.00500031))
({x1, x3}, (0.932339, 0.0119019, 0.00156646, 0.0541927))
({x1, x4}, (0.848695, 0.0116382, 0.08521, 0.0544563))
({x1, x5}, (0.928094, 0.0112669, 0.00581097, 0.0548277))
({x1, x6}, (0.203394, 0.0655815, 0.730511, 0.000513035))
({x1, x7}, (0.931035, 0.0126925, 0.00287023, 0.0534021))
({x1, x8}, (0.00191175, 0.0555118, 0.931994, 0.0105827))
({x1, x9}, (0.35021, 0.0639133, 0.583695, 0.0021812))
({x2, x3}, (0.0506757, 0.893565, 0.0498567, 0.0059024))
({x2, x4}, (0.0508875, 0.809446, 0.049645, 0.0900214))
({x2, x5}, (0.0503392, 0.889022, 0.0501932, 0.0104454))
({x2, x6}, (0.0817882, 0.187188, 0.0187443, 0.71228))
({x2, x7}, (0.0504264, 0.893301, 0.050106, 0.00616628))
({x2, x8}, (0.0518619, 0.00556165, 0.0486705, 0.893906))
({x2, x9}, (0.091998, 0.322126, 0.00853447, 0.577342))
({x3, x4}, (0.858692, 0.00164176, 0.085549, 0.0541174))
({x3, x5}, (0.939206, 0.000155583, 0.00503512, 0.0556035))
({x3, x6}, (0.214596, 0.0543799, 0.729645, 0.00137923))
({x3, x7}, (0.942305, 0.00142319, 0.00193636, 0.0543359))
({x3, x8}, (0.00219311, 0.0552305, 0.942048, 0.000528654))
({x3, x9}, (0.362086, 0.0520375, 0.582155, 0.00372165))
({x4, x5}, (0.85677, 0.0825909, 0.00356319, 0.0570755))
({x4, x6}, (0.213232, 0.0557445, 0.647102, 0.0839219))
({x4, x7}, (0.857689, 0.0860392, 0.00264511, 0.0536272))
({x4, x8}, (0.00261767, 0.0548059, 0.857716, 0.0848604))
({x4, x9}, (0.296321, 0.117803, 0.564013, 0.0218636))
({x5, x6}, (0.210442, 0.0585336, 0.728919, 0.00210505))
({x5, x7}, (0.938035, 0.00569315, 0.00132678, 0.0549455))
({x5, x8}, (0.00168647, 0.0557371, 0.937675, 0.00490155))
({x5, x9}, (0.357408, 0.0567156, 0.581953, 0.0039231))
({x6, x7}, (0.215482, 0.728245, 0.0534937, 0.00277861))
({x6, x8}, (0.0552425, 0.00218105, 0.213733, 0.728843))
({x6, x9}, (0.262979, 0.151145, 0.00599723, 0.579879))
({x7, x8}, (0.00272679, 0.0546968, 0.941001, 0.0015755))
({x7, x9}, (0.362883, 0.0512406, 0.580844, 0.00503173))
({x8, x9}, (0.0535125, 0.360611, 0.00391107, 0.581965))
Exact log partition sum: 10.5102
Exact MAP variable marginals:
({x0}, (0.929098, 0.0709021))
({x1}, (0.929098, 0.0709021))
({x2}, (0.0709021, 0.929098))
({x3}, (0.929098, 0.0709021))
({x4}, (0.897261, 0.102739))
({x5}, (0.929098, 0.0709021))
({x6}, (0.241178, 0.758822))
({x7}, (0.929098, 0.0709021))
({x8}, (0.0709021, 0.929098))
({x9}, (0.241178, 0.758822))
Exact MAP factor marginals:
({x0}, (0.929098, 0.0709021)) == ({x0}, (0.929098, 0.0709021))
({x1}, (0.929098, 0.0709021)) == ({x1}, (0.929098, 0.0709021))
({x2}, (0.0709021, 0.929098)) == ({x2}, (0.0709021, 0.929098))
({x3}, (0.929098, 0.0709021)) == ({x3}, (0.929098, 0.0709021))
({x4}, (0.897261, 0.102739)) == ({x4}, (0.897261, 0.102739))
({x5}, (0.929098, 0.0709021)) == ({x5}, (0.929098, 0.0709021))
({x6}, (0.241178, 0.758822)) == ({x6}, (0.241178, 0.758822))
({x7}, (0.929098, 0.0709021)) == ({x7}, (0.929098, 0.0709021))
({x8}, (0.0709021, 0.929098)) == ({x8}, (0.0709021, 0.929098))
({x9}, (0.241178, 0.758822)) == ({x9}, (0.241178, 0.758822))
({x0, x1}, (0.908516, 0.00641018, 0.0157428, 0.0693314)) == ({x0, x1}, (0.908516, 0.00641018, 0.0157428, 0.0693314))
({x0, x2}, (0.0341959, 0.0680316, 0.891482, 0.00629)) == ({x0, x2}, (0.0341959, 0.0680316, 0.891482, 0.00629))
({x0, x3}, (0.915028, 0.00645613, 0.00868731, 0.0698284)) == ({x0, x3}, (0.915028, 0.00645613, 0.00868731, 0.0698284))
({x0, x4}, (0.834814, 0.00589017, 0.0955887, 0.0637071)) == ({x0, x4}, (0.834814, 0.00589017, 0.0955887, 0.0637071))
({x0, x5}, (0.915028, 0.00645613, 0.00868731, 0.0698284)) == ({x0, x5}, (0.915028, 0.00645613, 0.00868731, 0.0698284))
({x0, x6}, (0.226829, 0.0544625, 0.713673, 0.00503544)) == ({x0, x6}, (0.226829, 0.0544625, 0.713673, 0.00503544))
({x0, x7}, (0.915028, 0.00645613, 0.00868731, 0.0698284)) == ({x0, x7}, (0.915028, 0.00645613, 0.00868731, 0.0698284))
({x0, x8}, (0.00868731, 0.0698284, 0.915028, 0.00645613)) == ({x0, x8}, (0.00868731, 0.0698284, 0.915028, 0.00645613))
({x0, x9}, (0.226829, 0.0544625, 0.713673, 0.00503544)) == ({x0, x9}, (0.226829, 0.0544625, 0.713673, 0.00503544))
({x1, x2}, (0.034253, 0.0681452, 0.892971, 0.00463029)) == ({x1, x2}, (0.034253, 0.0681452, 0.892971, 0.00463029))
({x1, x3}, (0.912679, 0.015815, 0.00185667, 0.0696492)) == ({x1, x3}, (0.912679, 0.015815, 0.00185667, 0.0696492))
({x1, x4}, (0.827716, 0.0143427, 0.094776, 0.0631654)) == ({x1, x4}, (0.827716, 0.0143427, 0.094776, 0.0631654))
({x1, x5}, (0.912296, 0.0158083, 0.00227591, 0.0696199)) == ({x1, x5}, (0.912296, 0.0158083, 0.00227591, 0.0696199))
({x1, x6}, (0.227913, 0.0547227, 0.717084, 0.000280623)) == ({x1, x6}, (0.227913, 0.0547227, 0.717084, 0.000280623))
({x1, x7}, (0.912679, 0.015815, 0.00185667, 0.0696492)) == ({x1, x7}, (0.912679, 0.015815, 0.00185667, 0.0696492))
({x1, x8}, (0.00185667, 0.0696492, 0.912679, 0.015815)) == ({x1, x8}, (0.00185667, 0.0696492, 0.912679, 0.015815))
({x1, x9}, (0.227726, 0.054678, 0.716497, 0.00109821)) == ({x1, x9}, (0.227726, 0.054678, 0.716497, 0.00109821))
({x2, x3}, (0.034253, 0.892971, 0.0681452, 0.00463029)) == ({x2, x3}, (0.034253, 0.892971, 0.0681452, 0.00463029))
({x2, x4}, (0.0312067, 0.813554, 0.0620847, 0.0931544)) == ({x2, x4}, (0.0312067, 0.813554, 0.0620847, 0.0931544))
({x2, x5}, (0.034253, 0.892971, 0.0681452, 0.00463029)) == ({x2, x5}, (0.034253, 0.892971, 0.0681452, 0.00463029))
({x2, x6}, (0.053958, 0.224728, 0.0142507, 0.707063)) == ({x2, x6}, (0.053958, 0.224728, 0.0142507, 0.707063))
({x2, x7}, (0.034253, 0.892971, 0.0681452, 0.00463029)) == ({x2, x7}, (0.034253, 0.892971, 0.0681452, 0.00463029))
({x2, x8}, (0.0681452, 0.00463029, 0.034253, 0.892971)) == ({x2, x8}, (0.0681452, 0.00463029, 0.034253, 0.892971))
({x2, x9}, (0.0542841, 0.226086, 0.00829418, 0.711336)) == ({x2, x9}, (0.0542841, 0.226086, 0.00829418, 0.711336))
({x3, x4}, (0.838767, 0.00118303, 0.0960414, 0.0640087)) == ({x3, x4}, (0.838767, 0.00118303, 0.0960414, 0.0640087))
({x3, x5}, (0.92687, 8.56313e-05, 0.00231227, 0.0707321)) == ({x3, x5}, (0.92687, 8.56313e-05, 0.00231227, 0.0707321))
({x3, x6}, (0.227645, 0.0546583, 0.71624, 0.00145705)) == ({x3, x6}, (0.227645, 0.0546583, 0.71624, 0.00145705))
({x3, x7}, (0.927176, 0.000894372, 0.00117386, 0.0707555)) == ({x3, x7}, (0.927176, 0.000894372, 0.00117386, 0.0707555))
({x3, x8}, (0.00121863, 0.0707976, 0.927728, 0.000255485)) == ({x3, x8}, (0.00121863, 0.0707976, 0.927728, 0.000255485))
({x3, x9}, (0.227645, 0.0546583, 0.71624, 0.00145705)) == ({x3, x9}, (0.227645, 0.0546583, 0.71624, 0.00145705))
({x4, x5}, (0.838065, 0.095961, 0.00201904, 0.0639551)) == ({x4, x5}, (0.838065, 0.095961, 0.00201904, 0.0639551))
({x4, x6}, (0.210674, 0.0505836, 0.662845, 0.0758977)) == ({x4, x6}, (0.210674, 0.0505836, 0.662845, 0.0758977))
({x4, x7}, (0.838767, 0.0960414, 0.00118303, 0.0640087)) == ({x4, x7}, (0.838767, 0.0960414, 0.00118303, 0.0640087))
({x4, x8}, (0.00118303, 0.0640087, 0.838767, 0.0960414)) == ({x4, x8}, (0.00118303, 0.0640087, 0.838767, 0.0960414))
({x4, x9}, (0.216768, 0.0780931, 0.682017, 0.0231221)) == ({x4, x9}, (0.216768, 0.0780931, 0.682017, 0.0231221))
({x5, x6}, (0.227645, 0.0546583, 0.71624, 0.00145705)) == ({x5, x6}, (0.227645, 0.0546583, 0.71624, 0.00145705))
({x5, x7}, (0.925863, 0.00230976, 0.0011722, 0.0706553)) == ({x5, x7}, (0.925863, 0.00230976, 0.0011722, 0.0706553))
({x5, x8}, (0.00121612, 0.0706522, 0.925822, 0.00230966)) == ({x5, x8}, (0.00121612, 0.0706522, 0.925822, 0.00230966))
({x5, x9}, (0.227645, 0.0546583, 0.71624, 0.00145705)) == ({x5, x9}, (0.227645, 0.0546583, 0.71624, 0.00145705))
({x6, x7}, (0.227645, 0.71624, 0.0546583, 0.00145705)) == ({x6, x7}, (0.227645, 0.71624, 0.0546583, 0.00145705))
({x6, x8}, (0.0546583, 0.00145705, 0.227645, 0.71624)) == ({x6, x8}, (0.0546583, 0.00145705, 0.227645, 0.71624))
({x6, x9}, (0.217291, 0.0945933, 0.00445321, 0.683663)) == ({x6, x9}, (0.217291, 0.0945933, 0.00445321, 0.683663))
({x7, x8}, (0.00121751, 0.0707326, 0.926876, 0.00117348)) == ({x7, x8}, (0.00121751, 0.0707326, 0.926876, 0.00117348))
({x7, x9}, (0.227645, 0.0546583, 0.71624, 0.00145705)) == ({x7, x9}, (0.227645, 0.0546583, 0.71624, 0.00145705))
({x8, x9}, (0.0546583, 0.227645, 0.00145705, 0.71624)) == ({x8, x9}, (0.0546583, 0.227645, 0.00145705, 0.71624))
Exact MAP state (log score = 9.90861):
x0: 0
x1: 0
x2: 1
x3: 0
x4: 0
x5: 0
x6: 1
x7: 0
x8: 1
x9: 1
