Builtin inference algorithms: {BP, EXACT, FBP, JTREE, TRWBP}

Exact variable marginals:
({x0}, (0.084031, 0.915969))
({x1}, (0.965265, 0.0347347))
({x2}, (0.912877, 0.0871232))
({x3}, (0.97802, 0.0219798))
({x4}, (0.916923, 0.083077))
({x5}, (0.0830458, 0.916954))
({x6}, (0.0981779, 0.901822))
({x7}, (0.0819098, 0.91809))
({x8}, (0.0976755, 0.902325))
({x9}, (0.912054, 0.0879464))
Exact factor marginals:
({x0}, (0.084031, 0.915969))
({x1}, (0.965265, 0.0347347))
({x2}, (0.912877, 0.0871232))
({x3}, (0.97802, 0.0219798))
({x4}, (0.916923, 0.083077))
({x5}, (0.0830458, 0.916954))
({x6}, (0.0981779, 0.901822))
({x7}, (0.0819098, 0.91809))
({x8}, (0.0976755, 0.902325))
({x9}, (0.912054, 0.0879464))
({x0, x1}, (0.0804799, 0.884785, 0.00355117, 0.0311835))
({x0, x2}, (0.0816685, 0.831208, 0.00236252, 0.0847606))
({x0, x3}, (0.0786364, 0.899384, 0.00539469, 0.0165851))
({x0, x4}, (0.00104775, 0.915875, 0.0829833, 9.37057e-05))
({x0, x5}, (0.082953, 9.28601e-05, 0.00107808, 0.915876))
({x0, x6}, (0.0826724, 0.0155054, 0.0013586, 0.900464))
({x0, x7}, (0.0816318, 0.000278068, 0.00239927, 0.915691))
({x0, x8}, (0.0829452, 0.0147303, 0.00108589, 0.901239))
({x0, x9}, (0.00114043, 0.910913, 0.0828906, 0.00505583))
({x1, x2}, (0.909793, 0.00308387, 0.0554724, 0.0316508))
({x1, x3}, (0.963137, 0.0148828, 0.00212792, 0.0198519))
({x1, x4}, (0.885483, 0.0314399, 0.0797822, 0.00329477))
({x1, x5}, (0.0797515, 0.00329434, 0.885514, 0.0314403))
({x1, x6}, (0.0952557, 0.00292218, 0.87001, 0.0318125))
({x1, x7}, (0.0784329, 0.00347697, 0.886832, 0.0312577))
({x1, x8}, (0.0945052, 0.00317029, 0.87076, 0.0315644))
({x1, x9}, (0.880489, 0.0315647, 0.0847765, 0.00316992))
({x2, x3}, (0.909559, 0.0684613, 0.0033179, 0.0186619))
({x2, x4}, (0.831856, 0.0850666, 0.0810204, 0.0020566))
({x2, x5}, (0.0809891, 0.0020567, 0.831888, 0.0850665))
({x2, x6}, (0.0924628, 0.00571509, 0.820414, 0.0814081))
({x2, x7}, (0.0796811, 0.00222875, 0.833196, 0.0848944))
({x2, x8}, (0.0939699, 0.00370559, 0.818907, 0.0834176))
({x2, x9}, (0.828734, 0.08332, 0.0841433, 0.00380312))
({x3, x4}, (0.90031, 0.0166132, 0.0777105, 0.00536655))
({x3, x5}, (0.0776797, 0.00536617, 0.900341, 0.0166136))
({x3, x6}, (0.0931868, 0.00499108, 0.884833, 0.0169887))
({x3, x7}, (0.0763801, 0.00552975, 0.90164, 0.01645))
({x3, x8}, (0.0924328, 0.00524271, 0.885587, 0.0167371))
({x3, x9}, (0.895309, 0.016745, 0.0827117, 0.00523479))
({x4, x5}, (3.41726e-06, 0.0830424, 0.91692, 3.45904e-05))
({x4, x6}, (0.0154786, 0.0826992, 0.901444, 0.000377753))
({x4, x7}, (0.000186795, 0.081723, 0.916736, 0.00135396))
({x4, x8}, (0.0147232, 0.0829523, 0.9022, 0.000124685))
({x4, x9}, (0.911917, 0.000136707, 0.00500615, 0.0829403))
({x5, x6}, (0.0826677, 0.0155102, 0.000378165, 0.901444))
({x5, x7}, (0.0817217, 0.000188095, 0.00132409, 0.916766))
({x5, x8}, (0.082921, 0.0147545, 0.000124874, 0.9022))
({x5, x9}, (0.000136928, 0.911917, 0.0829089, 0.00503754))
({x6, x7}, (0.081349, 0.000560834, 0.0168289, 0.901261))
({x6, x8}, (0.0948093, 0.00286616, 0.00336856, 0.898956))
({x6, x9}, (0.0105904, 0.901463, 0.0875875, 0.000358978))
({x7, x8}, (0.0816003, 0.0160752, 0.000309572, 0.902015))
({x7, x9}, (0.000323146, 0.91173, 0.0815867, 0.00635975))
({x8, x9}, (0.0099255, 0.902128, 0.08775, 0.000196469))
Exact log partition sum: 20.5633
Exact MAP variable marginals:
({x0}, (0.0855575, 0.914442))
({x1}, (0.980316, 0.0196837))
({x2}, (0.940491, 0.0595092))
({x3}, (0.980316, 0.0196837))
({x4}, (0.914442, 0.0855575))
({x5}, (0.0855575, 0.914442))
({x6}, (0.0855575, 0.914442))
({x7}, (0.0855575, 0.914442))
({x8}, (0.0855575, 0.914442))
({x9}, (0.914442, 0.0855575))
Exact MAP factor marginals:
({x0}, (0.0855575, 0.914442)) == ({x0}, (0.0855575, 0.914442))
({x1}, (0.980316, 0.0196837)) == ({x1}, (0.980316, 0.0196837))
({x2}, (0.940491, 0.0595092)) == ({x2}, (0.940491, 0.0595092))
({x3}, (0.980316, 0.0196837)) == ({x3}, (0.980316, 0.0196837))
({x4}, (0.914442, 0.0855575)) == ({x4}, (0.914442, 0.0855575))
({x5}, (0.0855575, 0.914442)) == ({x5}, (0.0855575, 0.914442))
({x6}, (0.0855575, 0.914442)) == ({x6}, (0.0855575, 0.914442))
({x7}, (0.0855575, 0.914442)) == ({x7}, (0.0855575, 0.914442))
({x8}, (0.0855575, 0.914442)) == ({x8}, (0.0855575, 0.914442))
({x9}, (0.914442, 0.0855575)) == ({x9}, (0.914442, 0.0855575))
({x0, x1}, (0.0838343, 0.896025, 0.00214959, 0.0179912)) == ({x0, x1}, (0.0838343, 0.896025, 0.00214959, 0.0179912))
({x0, x2}, (0.0807105, 0.862637, 0.00206949, 0.054583)) == ({x0, x2}, (0.0807105, 0.862637, 0.00206949, 0.054583))
({x0, x3}, (0.0838269, 0.895945, 0.00223819, 0.0179896)) == ({x0, x3}, (0.0838269, 0.895945, 0.00223819, 0.0179896))
({x0, x4}, (0.000728423, 0.913697, 0.0854878, 8.65646e-05)) == ({x0, x4}, (0.000728423, 0.913697, 0.0854878, 8.65646e-05))
({x0, x5}, (0.0854878, 8.65646e-05, 0.000728423, 0.913697)) == ({x0, x5}, (0.0854878, 8.65646e-05, 0.000728423, 0.913697))
({x0, x6}, (0.0848098, 0.00801621, 0.000722646, 0.906451)) == ({x0, x6}, (0.0848098, 0.00801621, 0.000722646, 0.906451))
({x0, x7}, (0.0854155, 0.000184944, 0.00147481, 0.912925)) == ({x0, x7}, (0.0854155, 0.000184944, 0.00147481, 0.912925))
({x0, x8}, (0.0848098, 0.00801621, 0.000722646, 0.906451)) == ({x0, x8}, (0.0848098, 0.00801621, 0.000722646, 0.906451))
({x0, x9}, (0.000725911, 0.910546, 0.0851929, 0.00353506)) == ({x0, x9}, (0.000725911, 0.910546, 0.0851929, 0.00353506))
({x1, x2}, (0.921212, 0.00200227, 0.0582893, 0.0184969)) == ({x1, x2}, (0.921212, 0.00200227, 0.0582893, 0.0184969))
({x1, x3}, (0.963069, 0.0151882, 0.00240587, 0.0193374)) == ({x1, x3}, (0.963069, 0.0151882, 0.00240587, 0.0193374))
({x1, x4}, (0.896025, 0.0179912, 0.0838343, 0.00214959)) == ({x1, x4}, (0.896025, 0.0179912, 0.0838343, 0.00214959))
({x1, x5}, (0.0838343, 0.00214959, 0.896025, 0.0179912)) == ({x1, x5}, (0.0838343, 0.00214959, 0.896025, 0.0179912))
({x1, x6}, (0.0838343, 0.00214959, 0.896025, 0.0179912)) == ({x1, x6}, (0.0838343, 0.00214959, 0.896025, 0.0179912))
({x1, x7}, (0.0838343, 0.00214959, 0.896025, 0.0179912)) == ({x1, x7}, (0.0838343, 0.00214959, 0.896025, 0.0179912))
({x1, x8}, (0.0838343, 0.00214959, 0.896025, 0.0179912)) == ({x1, x8}, (0.0838343, 0.00214959, 0.896025, 0.0179912))
({x1, x9}, (0.896025, 0.0179912, 0.0838343, 0.00214959)) == ({x1, x9}, (0.896025, 0.0179912, 0.0838343, 0.00214959))
({x2, x3}, (0.920936, 0.0582719, 0.00230062, 0.0184914)) == ({x2, x3}, (0.920936, 0.0582719, 0.00230062, 0.0184914))
({x2, x4}, (0.862637, 0.054583, 0.0807105, 0.00206949)) == ({x2, x4}, (0.862637, 0.054583, 0.0807105, 0.00206949))
({x2, x5}, (0.0807105, 0.00206949, 0.862637, 0.054583)) == ({x2, x5}, (0.0807105, 0.00206949, 0.862637, 0.054583))
({x2, x6}, (0.0807105, 0.00206949, 0.862637, 0.054583)) == ({x2, x6}, (0.0807105, 0.00206949, 0.862637, 0.054583))
({x2, x7}, (0.0807105, 0.00206949, 0.862637, 0.054583)) == ({x2, x7}, (0.0807105, 0.00206949, 0.862637, 0.054583))
({x2, x8}, (0.0807105, 0.00206949, 0.862637, 0.054583)) == ({x2, x8}, (0.0807105, 0.00206949, 0.862637, 0.054583))
({x2, x9}, (0.862637, 0.054583, 0.0807105, 0.00206949)) == ({x2, x9}, (0.862637, 0.054583, 0.0807105, 0.00206949))
({x3, x4}, (0.895945, 0.0179896, 0.0838269, 0.00223819)) == ({x3, x4}, (0.895945, 0.0179896, 0.0838269, 0.00223819))
({x3, x5}, (0.0838269, 0.00223819, 0.895945, 0.0179896)) == ({x3, x5}, (0.0838269, 0.00223819, 0.895945, 0.0179896))
({x3, x6}, (0.0838269, 0.00223819, 0.895945, 0.0179896)) == ({x3, x6}, (0.0838269, 0.00223819, 0.895945, 0.0179896))
({x3, x7}, (0.0838269, 0.00223819, 0.895945, 0.0179896)) == ({x3, x7}, (0.0838269, 0.00223819, 0.895945, 0.0179896))
({x3, x8}, (0.0838269, 0.00223819, 0.895945, 0.0179896)) == ({x3, x8}, (0.0838269, 0.00223819, 0.895945, 0.0179896))
({x3, x9}, (0.895945, 0.0179896, 0.0838269, 0.00223819)) == ({x3, x9}, (0.895945, 0.0179896, 0.0838269, 0.00223819))
({x4, x5}, (1.53621e-06, 0.0855544, 0.914409, 3.47746e-05)) == ({x4, x5}, (1.53621e-06, 0.0855544, 0.914409, 3.47746e-05))
({x4, x6}, (0.00802015, 0.0848516, 0.906898, 0.000230573)) == ({x4, x6}, (0.00802015, 0.0848516, 0.906898, 0.000230573))
({x4, x7}, (0.000184944, 0.0854155, 0.912925, 0.00147481)) == ({x4, x7}, (0.000184944, 0.0854155, 0.912925, 0.00147481))
({x4, x8}, (0.00802128, 0.0848635, 0.907025, 8.98174e-05)) == ({x4, x8}, (0.00802128, 0.0848635, 0.907025, 8.98174e-05))
({x4, x9}, (0.911125, 9.02234e-05, 0.00353731, 0.0852471)) == ({x4, x9}, (0.911125, 9.02234e-05, 0.00353731, 0.0852471))
({x5, x6}, (0.0848516, 0.00802015, 0.000230573, 0.906898)) == ({x5, x6}, (0.0848516, 0.00802015, 0.000230573, 0.906898))
({x5, x7}, (0.0854155, 0.000184944, 0.00147481, 0.912925)) == ({x5, x7}, (0.0854155, 0.000184944, 0.00147481, 0.912925))
({x5, x8}, (0.0848635, 0.00802128, 8.98174e-05, 0.907025)) == ({x5, x8}, (0.0848635, 0.00802128, 8.98174e-05, 0.907025))
({x5, x9}, (9.02234e-05, 0.911125, 0.0852471, 0.00353731)) == ({x5, x9}, (9.02234e-05, 0.911125, 0.0852471, 0.00353731))
({x6, x7}, (0.0848516, 0.000230573, 0.00802015, 0.906898)) == ({x6, x7}, (0.0848516, 0.000230573, 0.00802015, 0.906898))
({x6, x8}, (0.085128, 0.00286055, 0.00215982, 0.909852)) == ({x6, x8}, (0.085128, 0.00286055, 0.00215982, 0.909852))
({x6, x9}, (0.00802015, 0.906898, 0.0848516, 0.000230573)) == ({x6, x9}, (0.00802015, 0.906898, 0.0848516, 0.000230573))
({x7, x8}, (0.0848556, 0.00802053, 0.000183732, 0.90694)) == ({x7, x8}, (0.0848556, 0.00802053, 0.000183732, 0.90694))
({x7, x9}, (0.000184562, 0.911039, 0.0852391, 0.00353697)) == ({x7, x9}, (0.000184562, 0.911039, 0.0852391, 0.00353697))
({x8, x9}, (0.00802118, 0.907014, 0.0848625, 0.000102175)) == ({x8, x9}, (0.00802118, 0.907014, 0.0848625, 0.000102175))
Exact MAP state (log score = 20.3587):
x0: 1
x1: 0
x2: 0
x3: 0
x4: 0
x5: 1
x6: 1
x7: 1
x8: 1
x9: 0
