Builtin inference algorithms: {BP, EXACT, FBP, JTREE, TRWBP}

Exact variable marginals:
({x0}, (0.732322, 0.267678))
({x1}, (0.657064, 0.342936))
({x2}, (0.156477, 0.843523))
({x3}, (0.603437, 0.396563))
({x4}, (0.329273, 0.670727))
({x5}, (0.346857, 0.653143))
({x6}, (0.401918, 0.598082))
({x7}, (0.836061, 0.163939))
({x8}, (0.330169, 0.669831))
({x9}, (0.817498, 0.182502))
Exact factor marginals:
({x0}, (0.732322, 0.267678))
({x1}, (0.657064, 0.342936))
({x2}, (0.156477, 0.843523))
({x3}, (0.603437, 0.396563))
({x4}, (0.329273, 0.670727))
({x5}, (0.346857, 0.653143))
({x6}, (0.401918, 0.598082))
({x7}, (0.836061, 0.163939))
({x8}, (0.330169, 0.669831))
({x9}, (0.817498, 0.182502))
({x0, x1}, (0.470576, 0.186488, 0.261746, 0.0811897))
({x0, x2}, (0.0859452, 0.0705314, 0.646377, 0.197147))
({x0, x3}, (0.547372, 0.0560649, 0.18495, 0.211613))
({x0, x4}, (0.110037, 0.219237, 0.622285, 0.0484414))
({x0, x5}, (0.269791, 0.0770661, 0.462531, 0.190612))
({x0, x6}, (0.384273, 0.0176454, 0.348049, 0.250033))
({x0, x7}, (0.696646, 0.139415, 0.0356756, 0.128263))
({x0, x8}, (0.248942, 0.0812272, 0.48338, 0.186451))
({x0, x9}, (0.589135, 0.228362, 0.143187, 0.0393157))
({x1, x2}, (0.104095, 0.0523818, 0.552969, 0.290554))
({x1, x3}, (0.363764, 0.239673, 0.293301, 0.103263))
({x1, x4}, (0.226005, 0.103269, 0.43106, 0.239667))
({x1, x5}, (0.195979, 0.150878, 0.461085, 0.192058))
({x1, x6}, (0.322944, 0.0789737, 0.33412, 0.263962))
({x1, x7}, (0.557801, 0.27826, 0.0992637, 0.0646753))
({x1, x8}, (0.214504, 0.115665, 0.44256, 0.22727))
({x1, x9}, (0.554243, 0.263254, 0.102821, 0.0796813))
({x2, x3}, (0.0508897, 0.552547, 0.105587, 0.290976))
({x2, x4}, (0.0729392, 0.256334, 0.0835374, 0.587189))
({x2, x5}, (0.0816691, 0.265188, 0.0748075, 0.578335))
({x2, x6}, (0.059577, 0.342341, 0.0968996, 0.501182))
({x2, x7}, (0.095756, 0.740305, 0.0607207, 0.103218))
({x2, x8}, (0.084282, 0.245887, 0.0721947, 0.597636))
({x2, x9}, (0.130113, 0.687385, 0.0263637, 0.156139))
({x3, x4}, (0.081045, 0.248229, 0.522392, 0.148335))
({x3, x5}, (0.173644, 0.173213, 0.429792, 0.223351))
({x3, x6}, (0.302924, 0.0989938, 0.300512, 0.29757))
({x3, x7}, (0.564685, 0.271376, 0.0387514, 0.125188))
({x3, x8}, (0.195594, 0.134575, 0.407842, 0.261989))
({x3, x9}, (0.508366, 0.309131, 0.0950702, 0.0874322))
({x4, x5}, (0.123186, 0.223671, 0.206087, 0.447056))
({x4, x6}, (0.0386393, 0.363279, 0.290634, 0.307448))
({x4, x7}, (0.197922, 0.638139, 0.131352, 0.0325872))
({x4, x8}, (0.091747, 0.238422, 0.237526, 0.432304))
({x4, x9}, (0.245951, 0.571546, 0.0833223, 0.0991802))
({x5, x6}, (0.130383, 0.271535, 0.216474, 0.381608))
({x5, x7}, (0.312461, 0.5236, 0.0343961, 0.129543))
({x5, x8}, (0.0561366, 0.274033, 0.29072, 0.37911))
({x5, x9}, (0.2168, 0.600698, 0.130057, 0.0524455))
({x6, x7}, (0.385164, 0.450897, 0.0167545, 0.147185))
({x6, x8}, (0.152584, 0.177585, 0.249334, 0.420497))
({x6, x9}, (0.301615, 0.515883, 0.100304, 0.0821988))
({x7, x8}, (0.236376, 0.093793, 0.599685, 0.0701461))
({x7, x9}, (0.665016, 0.152482, 0.171045, 0.0114575))
({x8, x9}, (0.297906, 0.519592, 0.0322634, 0.150239))
Exact log partition sum: 10.8341
Exact MAP variable marginals:
({x0}, (0.747475, 0.252525))
({x1}, (0.674871, 0.325129))
({x2}, (0.142623, 0.857377))
({x3}, (0.747475, 0.252525))
({x4}, (0.252525, 0.747475))
({x5}, (0.273321, 0.726679))
({x6}, (0.671788, 0.328212))
({x7}, (0.809605, 0.190395))
({x8}, (0.417074, 0.582926))
({x9}, (0.854757, 0.145243))
Exact MAP factor marginals:
({x0}, (0.747475, 0.252525)) == ({x0}, (0.747475, 0.252525))
({x1}, (0.674871, 0.325129)) == ({x1}, (0.674871, 0.325129))
({x2}, (0.142623, 0.857377)) == ({x2}, (0.142623, 0.857377))
({x3}, (0.747475, 0.252525)) == ({x3}, (0.747475, 0.252525))
({x4}, (0.252525, 0.747475)) == ({x4}, (0.252525, 0.747475))
({x5}, (0.273321, 0.726679)) == ({x5}, (0.273321, 0.726679))
({x6}, (0.671788, 0.328212)) == ({x6}, (0.671788, 0.328212))
({x7}, (0.809605, 0.190395)) == ({x7}, (0.809605, 0.190395))
({x8}, (0.417074, 0.582926)) == ({x8}, (0.417074, 0.582926))
({x9}, (0.854757, 0.145243)) == ({x9}, (0.854757, 0.145243))
({x0, x1}, (0.525399, 0.1775, 0.253119, 0.0439828)) == ({x0, x1}, (0.525399, 0.1775, 0.253119, 0.0439828))
({x0, x2}, (0.0599384, 0.103961, 0.624964, 0.211137)) == ({x0, x2}, (0.0599384, 0.103961, 0.624964, 0.211137))
({x0, x3}, (0.634185, 0.0600434, 0.0915192, 0.214252)) == ({x0, x3}, (0.634185, 0.0600434, 0.0915192, 0.214252))
({x0, x4}, (0.0608915, 0.224929, 0.665788, 0.0483918)) == ({x0, x4}, (0.0608915, 0.224929, 0.665788, 0.0483918))
({x0, x5}, (0.205445, 0.0638029, 0.546218, 0.184533)) == ({x0, x5}, (0.205445, 0.0638029, 0.546218, 0.184533))
({x0, x6}, (0.540825, 0.0122357, 0.264228, 0.182711)) == ({x0, x6}, (0.540825, 0.0122357, 0.264228, 0.182711))
({x0, x7}, (0.616951, 0.20843, 0.0295306, 0.145088)) == ({x0, x7}, (0.616951, 0.20843, 0.0295306, 0.145088))
({x0, x8}, (0.319147, 0.0841002, 0.446058, 0.150695)) == ({x0, x8}, (0.319147, 0.0841002, 0.446058, 0.150695))
({x0, x9}, (0.626344, 0.211603, 0.10643, 0.0556238)) == ({x0, x9}, (0.626344, 0.211603, 0.10643, 0.0556238))
({x1, x2}, (0.0965751, 0.0431705, 0.580561, 0.279694)) == ({x1, x2}, (0.0965751, 0.0431705, 0.580561, 0.279694))
({x1, x3}, (0.525399, 0.253119, 0.1775, 0.0439828)) == ({x1, x3}, (0.525399, 0.253119, 0.1775, 0.0439828))
({x1, x4}, (0.1775, 0.0439828, 0.525399, 0.253119)) == ({x1, x4}, (0.1775, 0.0439828, 0.525399, 0.253119))
({x1, x5}, (0.113954, 0.179377, 0.47691, 0.229759)) == ({x1, x5}, (0.113954, 0.179377, 0.47691, 0.229759))
({x1, x6}, (0.469567, 0.074798, 0.229414, 0.226221)) == ({x1, x6}, (0.469567, 0.074798, 0.229414, 0.226221))
({x1, x7}, (0.555356, 0.267551, 0.130603, 0.0464906)) == ({x1, x7}, (0.555356, 0.267551, 0.130603, 0.0464906))
({x1, x8}, (0.284507, 0.126278, 0.397644, 0.191571)) == ({x1, x8}, (0.284507, 0.126278, 0.397644, 0.191571))
({x1, x9}, (0.556475, 0.26809, 0.0945578, 0.0808763)) == ({x1, x9}, (0.556475, 0.26809, 0.0945578, 0.0808763))
({x2, x3}, (0.0599384, 0.624964, 0.103961, 0.211137)) == ({x2, x3}, (0.0599384, 0.624964, 0.103961, 0.211137))
({x2, x4}, (0.103961, 0.211137, 0.0599384, 0.624964)) == ({x2, x4}, (0.103961, 0.211137, 0.0599384, 0.624964))
({x2, x5}, (0.0315539, 0.23615, 0.104442, 0.627854)) == ({x2, x5}, (0.0315539, 0.23615, 0.104442, 0.627854))
({x2, x6}, (0.0547784, 0.571161, 0.0950114, 0.279049)) == ({x2, x6}, (0.0547784, 0.571161, 0.0950114, 0.279049))
({x2, x7}, (0.064048, 0.667813, 0.111089, 0.157049)) == ({x2, x7}, (0.064048, 0.667813, 0.111089, 0.157049))
({x2, x8}, (0.0859569, 0.369712, 0.0276019, 0.51673)) == ({x2, x8}, (0.0859569, 0.369712, 0.0276019, 0.51673))
({x2, x9}, (0.122087, 0.733924, 0.0192792, 0.12471)) == ({x2, x9}, (0.122087, 0.733924, 0.0192792, 0.12471))
({x3, x4}, (0.0600434, 0.214252, 0.634185, 0.0915192)) == ({x3, x4}, (0.0600434, 0.214252, 0.634185, 0.0915192))
({x3, x5}, (0.205445, 0.0638029, 0.546218, 0.184533)) == ({x3, x5}, (0.205445, 0.0638029, 0.546218, 0.184533))
({x3, x6}, (0.50743, 0.0732272, 0.247913, 0.171429)) == ({x3, x6}, (0.50743, 0.0732272, 0.247913, 0.171429))
({x3, x7}, (0.616951, 0.20843, 0.0295306, 0.145088)) == ({x3, x7}, (0.616951, 0.20843, 0.0295306, 0.145088))
({x3, x8}, (0.319147, 0.0841002, 0.446058, 0.150695)) == ({x3, x8}, (0.319147, 0.0841002, 0.446058, 0.150695))
({x3, x9}, (0.626279, 0.211581, 0.106419, 0.0557209)) == ({x3, x9}, (0.626279, 0.211581, 0.106419, 0.0557209))
({x4, x5}, (0.0638029, 0.205445, 0.184533, 0.546218)) == ({x4, x5}, (0.0638029, 0.205445, 0.184533, 0.546218))
({x4, x6}, (0.0354806, 0.528098, 0.178412, 0.25801)) == ({x4, x6}, (0.0354806, 0.528098, 0.178412, 0.25801))
({x4, x7}, (0.20843, 0.616951, 0.145088, 0.0295306)) == ({x4, x7}, (0.20843, 0.616951, 0.145088, 0.0295306))
({x4, x8}, (0.0841002, 0.319147, 0.150695, 0.446058)) == ({x4, x8}, (0.0841002, 0.319147, 0.150695, 0.446058))
({x4, x9}, (0.211603, 0.626344, 0.0556238, 0.10643)) == ({x4, x9}, (0.211603, 0.626344, 0.0556238, 0.10643))
({x5, x6}, (0.113586, 0.475368, 0.178797, 0.232248)) == ({x5, x6}, (0.113586, 0.475368, 0.178797, 0.232248))
({x5, x7}, (0.226369, 0.601848, 0.0302469, 0.141536)) == ({x5, x7}, (0.226369, 0.601848, 0.0302469, 0.141536))
({x5, x8}, (0.0227279, 0.334299, 0.175738, 0.467235)) == ({x5, x8}, (0.0227279, 0.334299, 0.175738, 0.467235))
({x5, x9}, (0.227004, 0.603536, 0.102554, 0.0669052)) == ({x5, x9}, (0.227004, 0.603536, 0.102554, 0.0669052))
({x6, x7}, (0.570932, 0.278938, 0.0158643, 0.134266)) == ({x6, x7}, (0.570932, 0.278938, 0.0158643, 0.134266))
({x6, x8}, (0.28374, 0.125938, 0.396571, 0.193751)) == ({x6, x8}, (0.28374, 0.125938, 0.396571, 0.193751))
({x6, x9}, (0.567847, 0.277431, 0.0964901, 0.0582319)) == ({x6, x9}, (0.567847, 0.277431, 0.0964901, 0.0582319))
({x7, x8}, (0.334464, 0.0881365, 0.467466, 0.109934)) == ({x7, x8}, (0.334464, 0.0881365, 0.467466, 0.109934))
({x7, x9}, (0.704341, 0.16564, 0.119684, 0.0103353)) == ({x7, x9}, (0.704341, 0.16564, 0.119684, 0.0103353))
({x8, x9}, (0.368535, 0.515085, 0.0288564, 0.0875245)) == ({x8, x9}, (0.368535, 0.515085, 0.0288564, 0.0875245))
Exact MAP state (log score = 8.35489):
x0: 0
x1: 0
x2: 1
x3: 0
x4: 1
x5: 1
x6: 0
x7: 0
x8: 1
x9: 0
