Builtin inference algorithms: {BP, EXACT, FBP, JTREE, TRWBP}

Exact variable marginals:
({x0}, (0.362468, 0.637532))
({x1}, (0.637897, 0.362103))
({x2}, (0.362103, 0.637897))
({x3}, (0.362103, 0.637897))
({x4}, (0.362103, 0.637897))
({x5}, (0.358914, 0.641086))
({x6}, (0.637899, 0.362101))
({x7}, (0.362106, 0.637894))
({x8}, (0.637897, 0.362103))
({x9}, (0.362103, 0.637897))
Exact factor marginals:
({x0}, (0.362468, 0.637532))
({x1}, (0.637897, 0.362103))
({x2}, (0.362103, 0.637897))
({x3}, (0.362103, 0.637897))
({x4}, (0.362103, 0.637897))
({x5}, (0.358914, 0.641086))
({x6}, (0.637899, 0.362101))
({x7}, (0.362106, 0.637894))
({x8}, (0.637897, 0.362103))
({x9}, (0.362103, 0.637897))
({x0, x1}, (0.000403419, 0.637494, 0.362065, 3.7833e-05))
({x0, x2}, (0.362065, 3.7833e-05, 0.00040342, 0.637494))
({x0, x3}, (0.362065, 3.78367e-05, 0.000403419, 0.637494))
({x0, x4}, (0.362064, 3.90205e-05, 0.000403851, 0.637493))
({x0, x5}, (0.358527, 0.000387087, 0.00394102, 0.637145))
({x0, x6}, (0.000409853, 0.637489, 0.362058, 4.23692e-05))
({x0, x7}, (0.362062, 4.42888e-05, 0.000406461, 0.637487))
({x0, x8}, (0.000403424, 0.637494, 0.362065, 3.78633e-05))
({x0, x9}, (0.362065, 3.78328e-05, 0.000403414, 0.637494))
({x1, x2}, (7.20988e-10, 0.362103, 0.637897, 1.95225e-09))
({x1, x3}, (3.96617e-09, 0.362103, 0.637897, 8.94935e-10))
({x1, x4}, (1.1878e-06, 0.362102, 0.637896, 4.32434e-07))
({x1, x5}, (0.000349273, 0.358565, 0.637548, 0.00353762))
({x1, x6}, (0.637893, 6.43508e-06, 4.53729e-06, 0.362096))
({x1, x7}, (6.46245e-06, 0.3621, 0.637891, 3.04831e-06))
({x1, x8}, (0.637897, 5.10006e-09, 3.06071e-08, 0.362103))
({x1, x9}, (5.54701e-09, 0.362103, 0.637897, 5.98724e-10))
({x2, x3}, (0.362103, 5.47875e-09, 1.17626e-09, 0.637897))
({x2, x4}, (0.362102, 1.18937e-06, 4.32775e-07, 0.637896))
({x2, x5}, (0.358565, 0.000349274, 0.00353762, 0.637548))
({x2, x6}, (6.43534e-06, 0.637893, 0.362096, 4.53878e-06))
({x2, x7}, (0.3621, 6.46378e-06, 3.04842e-06, 0.637891))
({x2, x8}, (5.45027e-09, 0.637897, 0.362103, 3.21886e-08))
({x2, x9}, (0.362103, 7.15031e-09, 9.70763e-10, 0.637897))
({x3, x4}, (0.362102, 1.18408e-06, 4.31783e-07, 0.637896))
({x3, x5}, (0.358565, 0.000349269, 0.00353762, 0.637548))
({x3, x6}, (6.43422e-06, 0.637893, 0.362096, 4.53336e-06))
({x3, x7}, (0.3621, 6.45852e-06, 3.04746e-06, 0.637891))
({x3, x8}, (8.69403e-09, 0.637897, 0.362103, 3.11299e-08))
({x3, x9}, (0.362103, 6.09202e-09, 4.21497e-09, 0.637897))
({x4, x5}, (0.358565, 0.000349598, 0.0035387, 0.637547))
({x4, x6}, (7.61781e-06, 0.637892, 0.362096, 4.96465e-06))
({x4, x7}, (0.362099, 6.88853e-06, 4.22976e-06, 0.63789))
({x4, x8}, (1.19254e-06, 0.637896, 0.362102, 4.62678e-07))
({x4, x9}, (0.362102, 4.37631e-07, 1.18805e-06, 0.637896))
({x5, x6}, (0.000355588, 0.637544, 0.358559, 0.00354203))
({x5, x7}, (0.358562, 0.00354374, 0.000351981, 0.637542))
({x5, x8}, (0.000349278, 0.637548, 0.358565, 0.00353765))
({x5, x9}, (0.358565, 0.00353762, 0.000349273, 0.637548))
({x6, x7}, (1.26383e-05, 0.362093, 0.637887, 7.32637e-06))
({x6, x8}, (0.637893, 4.54188e-06, 6.46518e-06, 0.362096))
({x6, x9}, (6.44028e-06, 0.362096, 0.637893, 4.53754e-06))
({x7, x8}, (6.46616e-06, 0.637891, 0.3621, 3.07753e-06))
({x7, x9}, (0.3621, 3.05351e-06, 6.4627e-06, 0.637891))
({x8, x9}, (1.02952e-08, 0.362103, 0.637897, 3.0854e-08))
Exact log partition sum: 42.2046
Exact MAP variable marginals:
({x0}, (0.360084, 0.639916))
({x1}, (0.639916, 0.360084))
({x2}, (0.360084, 0.639916))
({x3}, (0.360084, 0.639916))
({x4}, (0.360084, 0.639916))
({x5}, (0.360084, 0.639916))
({x6}, (0.639916, 0.360084))
({x7}, (0.360084, 0.639916))
({x8}, (0.639916, 0.360084))
({x9}, (0.360084, 0.639916))
Exact MAP factor marginals:
({x0}, (0.360084, 0.639916)) == ({x0}, (0.360084, 0.639916))
({x1}, (0.639916, 0.360084)) == ({x1}, (0.639916, 0.360084))
({x2}, (0.360084, 0.639916)) == ({x2}, (0.360084, 0.639916))
({x3}, (0.360084, 0.639916)) == ({x3}, (0.360084, 0.639916))
({x4}, (0.360084, 0.639916)) == ({x4}, (0.360084, 0.639916))
({x5}, (0.360084, 0.639916)) == ({x5}, (0.360084, 0.639916))
({x6}, (0.639916, 0.360084)) == ({x6}, (0.639916, 0.360084))
({x7}, (0.360084, 0.639916)) == ({x7}, (0.360084, 0.639916))
({x8}, (0.639916, 0.360084)) == ({x8}, (0.639916, 0.360084))
({x9}, (0.360084, 0.639916)) == ({x9}, (0.360084, 0.639916))
({x0, x1}, (0.000404983, 0.639632, 0.359925, 3.79688e-05)) == ({x0, x1}, (0.000404983, 0.639632, 0.359925, 3.79688e-05))
({x0, x2}, (0.359925, 3.79688e-05, 0.000404983, 0.639632)) == ({x0, x2}, (0.359925, 3.79688e-05, 0.000404983, 0.639632))
({x0, x3}, (0.359925, 3.79688e-05, 0.000404983, 0.639632)) == ({x0, x3}, (0.359925, 3.79688e-05, 0.000404983, 0.639632))
({x0, x4}, (0.359925, 3.79688e-05, 0.000404983, 0.639632)) == ({x0, x4}, (0.359925, 3.79688e-05, 0.000404983, 0.639632))
({x0, x5}, (0.358684, 0.000349366, 0.00353877, 0.637428)) == ({x0, x5}, (0.358684, 0.000349366, 0.00353877, 0.637428))
({x0, x6}, (0.000404983, 0.639632, 0.359925, 3.79688e-05)) == ({x0, x6}, (0.000404983, 0.639632, 0.359925, 3.79688e-05))
({x0, x7}, (0.359925, 3.79688e-05, 0.000404983, 0.639632)) == ({x0, x7}, (0.359925, 3.79688e-05, 0.000404983, 0.639632))
({x0, x8}, (0.000404983, 0.639632, 0.359925, 3.79688e-05)) == ({x0, x8}, (0.000404983, 0.639632, 0.359925, 3.79688e-05))
({x0, x9}, (0.359925, 3.79688e-05, 0.000404983, 0.639632)) == ({x0, x9}, (0.359925, 3.79688e-05, 0.000404983, 0.639632))
({x1, x2}, (2.61744e-10, 0.360084, 0.639916, 1.45103e-09)) == ({x1, x2}, (2.61744e-10, 0.360084, 0.639916, 1.45103e-09))
({x1, x3}, (3.50706e-09, 0.360084, 0.639916, 7.33918e-10)) == ({x1, x3}, (3.50706e-09, 0.360084, 0.639916, 7.33918e-10))
({x1, x4}, (1.17199e-06, 0.360084, 0.639915, 3.46596e-07)) == ({x1, x4}, (1.17199e-06, 0.360084, 0.639915, 3.46596e-07))
({x1, x5}, (0.000349366, 0.358684, 0.637428, 0.00353877)) == ({x1, x5}, (0.000349366, 0.358684, 0.637428, 0.00353877))
({x1, x6}, (0.639909, 6.23085e-06, 4.43254e-06, 0.36008)) == ({x1, x6}, (0.639909, 6.23085e-06, 4.43254e-06, 0.36008))
({x1, x7}, (6.32576e-06, 0.360081, 0.63991, 2.64131e-06)) == ({x1, x7}, (6.32576e-06, 0.360081, 0.63991, 2.64131e-06))
({x1, x8}, (0.639916, 4.93588e-09, 2.95127e-08, 0.360084)) == ({x1, x8}, (0.639916, 4.93588e-09, 2.95127e-08, 0.360084))
({x1, x9}, (5.05943e-09, 0.360084, 0.639916, 4.32833e-10)) == ({x1, x9}, (5.05943e-09, 0.360084, 0.639916, 4.32833e-10))
({x2, x3}, (0.360084, 3.50706e-09, 7.33918e-10, 0.639916)) == ({x2, x3}, (0.360084, 3.50706e-09, 7.33918e-10, 0.639916))
({x2, x4}, (0.360084, 1.17199e-06, 3.46596e-07, 0.639915)) == ({x2, x4}, (0.360084, 1.17199e-06, 3.46596e-07, 0.639915))
({x2, x5}, (0.358684, 0.000349366, 0.00353877, 0.637428)) == ({x2, x5}, (0.358684, 0.000349366, 0.00353877, 0.637428))
({x2, x6}, (6.23085e-06, 0.639909, 0.36008, 4.43254e-06)) == ({x2, x6}, (6.23085e-06, 0.639909, 0.36008, 4.43254e-06))
({x2, x7}, (0.360081, 6.32576e-06, 2.64131e-06, 0.63991)) == ({x2, x7}, (0.360081, 6.32576e-06, 2.64131e-06, 0.63991))
({x2, x8}, (4.93588e-09, 0.639916, 0.360084, 2.95127e-08)) == ({x2, x8}, (4.93588e-09, 0.639916, 0.360084, 2.95127e-08))
({x2, x9}, (0.360084, 5.05943e-09, 4.32833e-10, 0.639916)) == ({x2, x9}, (0.360084, 5.05943e-09, 4.32833e-10, 0.639916))
({x3, x4}, (0.360084, 1.17199e-06, 3.46596e-07, 0.639915)) == ({x3, x4}, (0.360084, 1.17199e-06, 3.46596e-07, 0.639915))
({x3, x5}, (0.358684, 0.000349366, 0.00353877, 0.637428)) == ({x3, x5}, (0.358684, 0.000349366, 0.00353877, 0.637428))
({x3, x6}, (6.23085e-06, 0.639909, 0.36008, 4.43254e-06)) == ({x3, x6}, (6.23085e-06, 0.639909, 0.36008, 4.43254e-06))
({x3, x7}, (0.360081, 6.32576e-06, 2.64131e-06, 0.63991)) == ({x3, x7}, (0.360081, 6.32576e-06, 2.64131e-06, 0.63991))
({x3, x8}, (4.93588e-09, 0.639916, 0.360084, 2.95127e-08)) == ({x3, x8}, (4.93588e-09, 0.639916, 0.360084, 2.95127e-08))
({x3, x9}, (0.360084, 5.05943e-09, 3.50706e-09, 0.639916)) == ({x3, x9}, (0.360084, 5.05943e-09, 3.50706e-09, 0.639916))
({x4, x5}, (0.358684, 0.000349366, 0.00353877, 0.637428)) == ({x4, x5}, (0.358684, 0.000349366, 0.00353877, 0.637428))
({x4, x6}, (6.23085e-06, 0.639909, 0.36008, 4.43254e-06)) == ({x4, x6}, (6.23085e-06, 0.639909, 0.36008, 4.43254e-06))
({x4, x7}, (0.360081, 6.32576e-06, 2.64131e-06, 0.63991)) == ({x4, x7}, (0.360081, 6.32576e-06, 2.64131e-06, 0.63991))
({x4, x8}, (1.17199e-06, 0.639915, 0.360084, 3.46596e-07)) == ({x4, x8}, (1.17199e-06, 0.639915, 0.360084, 3.46596e-07))
({x4, x9}, (0.360084, 3.46596e-07, 1.17199e-06, 0.639915)) == ({x4, x9}, (0.360084, 3.46596e-07, 1.17199e-06, 0.639915))
({x5, x6}, (0.000349366, 0.637428, 0.358684, 0.00353877)) == ({x5, x6}, (0.000349366, 0.637428, 0.358684, 0.00353877))
({x5, x7}, (0.358684, 0.00353877, 0.000349366, 0.637428)) == ({x5, x7}, (0.358684, 0.00353877, 0.000349366, 0.637428))
({x5, x8}, (0.000349366, 0.637428, 0.358684, 0.00353877)) == ({x5, x8}, (0.000349366, 0.637428, 0.358684, 0.00353877))
({x5, x9}, (0.358684, 0.00353877, 0.000349366, 0.637428)) == ({x5, x9}, (0.358684, 0.00353877, 0.000349366, 0.637428))
({x6, x7}, (6.32575e-06, 0.36008, 0.639909, 4.43254e-06)) == ({x6, x7}, (6.32575e-06, 0.36008, 0.639909, 4.43254e-06))
({x6, x8}, (0.639909, 4.43254e-06, 6.23085e-06, 0.36008)) == ({x6, x8}, (0.639909, 4.43254e-06, 6.23085e-06, 0.36008))
({x6, x9}, (6.23085e-06, 0.36008, 0.639909, 4.43254e-06)) == ({x6, x9}, (6.23085e-06, 0.36008, 0.639909, 4.43254e-06))
({x7, x8}, (6.32576e-06, 0.63991, 0.360081, 2.64131e-06)) == ({x7, x8}, (6.32576e-06, 0.63991, 0.360081, 2.64131e-06))
({x7, x9}, (0.360081, 2.64131e-06, 6.32576e-06, 0.63991)) == ({x7, x9}, (0.360081, 2.64131e-06, 6.32576e-06, 0.63991))
({x8, x9}, (5.05943e-09, 0.360084, 0.639916, 2.95127e-08)) == ({x8, x9}, (5.05943e-09, 0.360084, 0.639916, 2.95127e-08))
Exact MAP state (log score = 41.7538):
x0: 1
x1: 0
x2: 1
x3: 1
x4: 1
x5: 1
x6: 0
x7: 1
x8: 0
x9: 1
