Builtin inference algorithms: {BP, EXACT, FBP, JTREE, TRWBP}

Exact variable marginals:
({x0}, (0.0232272, 0.976773))
({x1}, (0.0238645, 0.976135))
({x2}, (0.978577, 0.0214232))
({x3}, (0.975405, 0.0245948))
({x4}, (0.975714, 0.024286))
({x5}, (0.978581, 0.0214195))
({x6}, (0.0231407, 0.976859))
({x7}, (0.0158219, 0.984178))
({x8}, (0.978579, 0.0214213))
({x9}, (0.947274, 0.0527262))
Exact factor marginals:
({x0}, (0.0232272, 0.976773))
({x1}, (0.0238645, 0.976135))
({x2}, (0.978577, 0.0214232))
({x3}, (0.975405, 0.0245948))
({x4}, (0.975714, 0.024286))
({x5}, (0.978581, 0.0214195))
({x6}, (0.0231407, 0.976859))
({x7}, (0.0158219, 0.984178))
({x8}, (0.978579, 0.0214213))
({x9}, (0.947274, 0.0527262))
({x0, x1}, (0.0232249, 0.000639652, 2.32497e-06, 0.976133))
({x0, x2}, (0.00182398, 0.976753, 0.0214032, 2.00109e-05))
({x0, x3}, (8.31439e-05, 0.975322, 0.023144, 0.00145073))
({x0, x4}, (0.0143174, 0.961397, 0.00890978, 0.0153762))
({x0, x5}, (0.00181591, 0.976765, 0.0214113, 8.19892e-06))
({x0, x6}, (0.0231073, 3.34016e-05, 0.000119929, 0.976739))
({x0, x7}, (0.00853846, 0.0072834, 0.0146887, 0.969489))
({x0, x8}, (0.00181407, 0.976765, 0.0214131, 8.20854e-06))
({x0, x9}, (0.000750291, 0.946523, 0.0224769, 0.0302493))
({x1, x2}, (0.00246356, 0.976113, 0.021401, 2.22633e-05))
({x1, x3}, (0.00049879, 0.974906, 0.0233657, 0.00122905))
({x1, x4}, (0.014672, 0.961042, 0.00919255, 0.0150934))
({x1, x5}, (0.00245549, 0.976125, 0.021409, 1.04501e-05))
({x1, x6}, (0.0231374, 3.2841e-06, 0.000727138, 0.976132))
({x1, x7}, (0.00853769, 0.00728418, 0.0153268, 0.968851))
({x1, x8}, (0.00245364, 0.976125, 0.0214109, 1.04582e-05))
({x1, x9}, (0.000753195, 0.946521, 0.0231113, 0.0296149))
({x2, x3}, (0.975307, 9.8597e-05, 0.00327015, 0.0213246))
({x2, x4}, (0.963206, 0.0125077, 0.0153705, 0.00891554))
({x2, x5}, (0.978568, 1.22361e-05, 8.48997e-06, 0.021411))
({x2, x6}, (0.00173655, 0.0214041, 0.97684, 1.91049e-05))
({x2, x7}, (0.00727763, 0.00854424, 0.971299, 0.012879))
({x2, x8}, (0.978567, 1.18848e-05, 9.99413e-06, 0.0214113))
({x2, x9}, (0.946503, 0.000770296, 0.0320733, 0.0206529))
({x3, x4}, (0.959947, 0.0157668, 0.015458, 0.008828))
({x3, x5}, (0.975315, 0.00326525, 8.99553e-05, 0.0213295))
({x3, x6}, (0.000100475, 0.0230402, 0.975305, 0.00155458))
({x3, x7}, (0.00736451, 0.00845736, 0.968041, 0.0161374))
({x3, x8}, (0.975315, 0.00326341, 8.99663e-05, 0.0213314))
({x3, x9}, (0.945346, 0.00192749, 0.0300589, 0.0226673))
({x4, x5}, (0.963212, 0.015368, 0.0125015, 0.00891795))
({x4, x6}, (0.0142297, 0.00891096, 0.961484, 0.015375))
({x4, x7}, (0.00222412, 0.0135977, 0.97349, 0.0106882))
({x4, x8}, (0.963211, 0.015368, 0.0125034, 0.00891796))
({x4, x9}, (0.944921, 0.0023526, 0.0307928, 0.0219334))
({x5, x6}, (0.00172846, 0.0214122, 0.976852, 7.26796e-06))
({x5, x7}, (0.0072752, 0.00854666, 0.971305, 0.0128728))
({x5, x8}, (0.978579, 1.61296e-07, 2.0168e-06, 0.0214193))
({x5, x9}, (0.946515, 0.000758488, 0.0320652, 0.020661))
({x6, x7}, (0.00853974, 0.00728213, 0.0146009, 0.969577))
({x6, x8}, (0.00172661, 0.976852, 0.0214141, 7.27633e-06))
({x6, x9}, (0.000751282, 0.946523, 0.0223894, 0.0303368))
({x7, x8}, (0.00727519, 0.971303, 0.00854667, 0.0128747))
({x7, x9}, (0.00456273, 0.942711, 0.0112591, 0.0414671))
({x8, x9}, (0.946515, 0.000758497, 0.0320634, 0.0206628))
Exact log partition sum: 44.177
Exact MAP variable marginals:
({x0}, (0.0123348, 0.987665))
({x1}, (0.0123348, 0.987665))
({x2}, (0.987665, 0.0123348))
({x3}, (0.987665, 0.0123348))
({x4}, (0.989559, 0.0104409))
({x5}, (0.987665, 0.0123348))
({x6}, (0.0123348, 0.987665))
({x7}, (0.00879984, 0.9912))
({x8}, (0.987665, 0.0123348))
({x9}, (0.982442, 0.0175585))
Exact MAP factor marginals:
({x0}, (0.0123348, 0.987665)) == ({x0}, (0.0123348, 0.987665))
({x1}, (0.0123348, 0.987665)) == ({x1}, (0.0123348, 0.987665))
({x2}, (0.987665, 0.0123348)) == ({x2}, (0.987665, 0.0123348))
({x3}, (0.987665, 0.0123348)) == ({x3}, (0.987665, 0.0123348))
({x4}, (0.989559, 0.0104409)) == ({x4}, (0.989559, 0.0104409))
({x5}, (0.987665, 0.0123348)) == ({x5}, (0.987665, 0.0123348))
({x6}, (0.0123348, 0.987665)) == ({x6}, (0.0123348, 0.987665))
({x7}, (0.00879984, 0.9912)) == ({x7}, (0.00879984, 0.9912))
({x8}, (0.987665, 0.0123348)) == ({x8}, (0.987665, 0.0123348))
({x9}, (0.982442, 0.0175585)) == ({x9}, (0.982442, 0.0175585))
({x0, x1}, (0.0123311, 0.000295928, 1.64302e-06, 0.987371)) == ({x0, x1}, (0.0123311, 0.000295928, 1.64302e-06, 0.987371))
({x0, x2}, (0.00177374, 0.985903, 0.0123128, 1.04473e-05)) == ({x0, x2}, (0.00177374, 0.985903, 0.0123128, 1.04473e-05))
({x0, x3}, (8.31198e-05, 0.986368, 0.0123186, 0.00123039)) == ({x0, x3}, (8.31198e-05, 0.986368, 0.0123186, 0.00123039))
({x0, x4}, (0.0121026, 0.969069, 0.00860337, 0.0102247)) == ({x0, x4}, (0.0121026, 0.969069, 0.00860337, 0.0102247))
({x0, x5}, (0.00177375, 0.985906, 0.0123128, 7.55983e-06)) == ({x0, x5}, (0.00177375, 0.985906, 0.0123128, 7.55983e-06))
({x0, x6}, (0.0123331, 1.69063e-05, 0.000125657, 0.987524)) == ({x0, x6}, (0.0123331, 1.69063e-05, 0.000125657, 0.987524))
({x0, x7}, (0.0086668, 0.00292657, 0.0121918, 0.976215)) == ({x0, x7}, (0.0086668, 0.00292657, 0.0121918, 0.976215))
({x0, x8}, (0.00177375, 0.985906, 0.0123128, 7.55983e-06)) == ({x0, x8}, (0.00177375, 0.985906, 0.0123128, 7.55983e-06))
({x0, x9}, (0.000668865, 0.969884, 0.0121127, 0.0173341)) == ({x0, x9}, (0.000668865, 0.969884, 0.0121127, 0.0173341))
({x1, x2}, (0.00177374, 0.985903, 0.0123128, 1.04473e-05)) == ({x1, x2}, (0.00177374, 0.985903, 0.0123128, 1.04473e-05))
({x1, x3}, (0.000295565, 0.986158, 0.012316, 0.00123013)) == ({x1, x3}, (0.000295565, 0.986158, 0.012316, 0.00123013))
({x1, x4}, (0.0121026, 0.969069, 0.00860337, 0.0102247)) == ({x1, x4}, (0.0121026, 0.969069, 0.00860337, 0.0102247))
({x1, x5}, (0.00177375, 0.985906, 0.0123128, 7.55983e-06)) == ({x1, x5}, (0.00177375, 0.985906, 0.0123128, 7.55983e-06))
({x1, x6}, (0.0123311, 1.64302e-06, 0.000295928, 0.987371)) == ({x1, x6}, (0.0123311, 1.64302e-06, 0.000295928, 0.987371))
({x1, x7}, (0.0086668, 0.00292657, 0.0121918, 0.976215)) == ({x1, x7}, (0.0086668, 0.00292657, 0.0121918, 0.976215))
({x1, x8}, (0.00177375, 0.985906, 0.0123128, 7.55983e-06)) == ({x1, x8}, (0.00177375, 0.985906, 0.0123128, 7.55983e-06))
({x1, x9}, (0.000668865, 0.969884, 0.0121127, 0.0173341)) == ({x1, x9}, (0.000668865, 0.969884, 0.0121127, 0.0173341))
({x2, x3}, (0.985831, 8.30746e-05, 0.00177362, 0.0123119)) == ({x2, x3}, (0.985831, 8.30746e-05, 0.00177362, 0.0123119))
({x2, x4}, (0.969069, 0.0121026, 0.0102247, 0.00860337)) == ({x2, x4}, (0.969069, 0.0121026, 0.0102247, 0.00860337))
({x2, x5}, (0.987649, 1.04658e-05, 6.11173e-06, 0.0123346)) == ({x2, x5}, (0.987649, 1.04658e-05, 6.11173e-06, 0.0123346))
({x2, x6}, (0.00177374, 0.0123128, 0.985903, 1.04473e-05)) == ({x2, x6}, (0.00177374, 0.0123128, 0.985903, 1.04473e-05))
({x2, x7}, (0.00292657, 0.0086668, 0.976215, 0.0121918)) == ({x2, x7}, (0.00292657, 0.0086668, 0.976215, 0.0121918))
({x2, x8}, (0.987649, 1.04658e-05, 6.11173e-06, 0.0123346)) == ({x2, x8}, (0.987649, 1.04658e-05, 6.11173e-06, 0.0123346))
({x2, x9}, (0.969884, 0.000668865, 0.0173341, 0.0121127)) == ({x2, x9}, (0.969884, 0.000668865, 0.0173341, 0.0121127))
({x3, x4}, (0.969069, 0.0121026, 0.0102247, 0.00860337)) == ({x3, x4}, (0.969069, 0.0121026, 0.0102247, 0.00860337))
({x3, x5}, (0.985831, 0.00177362, 8.30746e-05, 0.0123119)) == ({x3, x5}, (0.985831, 0.00177362, 8.30746e-05, 0.0123119))
({x3, x6}, (8.31198e-05, 0.0123186, 0.986368, 0.00123039)) == ({x3, x6}, (8.31198e-05, 0.0123186, 0.986368, 0.00123039))
({x3, x7}, (0.00292657, 0.0086668, 0.976215, 0.0121918)) == ({x3, x7}, (0.00292657, 0.0086668, 0.976215, 0.0121918))
({x3, x8}, (0.985831, 0.00177362, 8.30746e-05, 0.0123119)) == ({x3, x8}, (0.985831, 0.00177362, 8.30746e-05, 0.0123119))
({x3, x9}, (0.96936, 0.00120918, 0.0173247, 0.0121062)) == ({x3, x9}, (0.96936, 0.00120918, 0.0173247, 0.0121062))
({x4, x5}, (0.969069, 0.0102247, 0.0121026, 0.00860337)) == ({x4, x5}, (0.969069, 0.0102247, 0.0121026, 0.00860337))
({x4, x6}, (0.0121026, 0.00860337, 0.969069, 0.0102247)) == ({x4, x6}, (0.0121026, 0.00860337, 0.969069, 0.0102247))
({x4, x7}, (0.0022132, 0.00868949, 0.97877, 0.0103271)) == ({x4, x7}, (0.0022132, 0.00868949, 0.97877, 0.0103271))
({x4, x8}, (0.969069, 0.0102247, 0.0121026, 0.00860337)) == ({x4, x8}, (0.969069, 0.0102247, 0.0121026, 0.00860337))
({x4, x9}, (0.970031, 0.00239746, 0.0173367, 0.0102349)) == ({x4, x9}, (0.970031, 0.00239746, 0.0173367, 0.0102349))
({x5, x6}, (0.00177375, 0.0123128, 0.985906, 7.55983e-06)) == ({x5, x6}, (0.00177375, 0.0123128, 0.985906, 7.55983e-06))
({x5, x7}, (0.00292657, 0.0086668, 0.976215, 0.0121918)) == ({x5, x7}, (0.00292657, 0.0086668, 0.976215, 0.0121918))
({x5, x8}, (0.987663, 1.40327e-07, 1.71207e-06, 0.0123348)) == ({x5, x8}, (0.987663, 1.40327e-07, 1.71207e-06, 0.0123348))
({x5, x9}, (0.969884, 0.000668865, 0.0173341, 0.0121127)) == ({x5, x9}, (0.969884, 0.000668865, 0.0173341, 0.0121127))
({x6, x7}, (0.0086668, 0.00292657, 0.0121918, 0.976215)) == ({x6, x7}, (0.0086668, 0.00292657, 0.0121918, 0.976215))
({x6, x8}, (0.00177375, 0.985906, 0.0123128, 7.55983e-06)) == ({x6, x8}, (0.00177375, 0.985906, 0.0123128, 7.55983e-06))
({x6, x9}, (0.000668865, 0.969884, 0.0121127, 0.0173341)) == ({x6, x9}, (0.000668865, 0.969884, 0.0121127, 0.0173341))
({x7, x8}, (0.00292657, 0.976215, 0.0086668, 0.0121918)) == ({x7, x8}, (0.00292657, 0.976215, 0.0086668, 0.0121918))
({x7, x9}, (0.00240135, 0.971608, 0.0086259, 0.0173649)) == ({x7, x9}, (0.00240135, 0.971608, 0.0086259, 0.0173649))
({x8, x9}, (0.969884, 0.000668865, 0.0173341, 0.0121127)) == ({x8, x9}, (0.969884, 0.000668865, 0.0173341, 0.0121127))
Exact MAP state (log score = 44.116):
x0: 1
x1: 1
x2: 0
x3: 0
x4: 0
x5: 0
x6: 1
x7: 1
x8: 0
x9: 0
