Builtin inference algorithms: {BP, EXACT, FBP, JTREE, TRWBP}

Exact variable marginals:
({x0}, (0.00120903, 0.998791))
({x1}, (0.998768, 0.00123194))
({x2}, (0.00123023, 0.99877))
({x3}, (0.00150842, 0.998492))
({x4}, (0.00122191, 0.998778))
({x5}, (0.99878, 0.00122041))
({x6}, (0.00287282, 0.997127))
({x7}, (0.00121143, 0.998789))
({x8}, (0.998789, 0.00121113))
({x9}, (0.00129267, 0.998707))
Exact factor marginals:
({x0}, (0.00120903, 0.998791))
({x1}, (0.998768, 0.00123194))
({x2}, (0.00123023, 0.99877))
({x3}, (0.00150842, 0.998492))
({x4}, (0.00122191, 0.998778))
({x5}, (0.99878, 0.00122041))
({x6}, (0.00287282, 0.997127))
({x7}, (0.00121143, 0.998789))
({x8}, (0.998789, 0.00121113))
({x9}, (0.00129267, 0.998707))
({x0, x1}, (2.52527e-06, 0.998766, 0.0012065, 2.54369e-05))
({x0, x2}, (0.00117151, 5.87188e-05, 3.75169e-05, 0.998732))
({x0, x3}, (0.00119281, 0.000315611, 1.62204e-05, 0.998475))
({x0, x4}, (0.00117139, 5.05196e-05, 3.7634e-05, 0.99874))
({x0, x5}, (1.90969e-05, 0.99876, 0.00118993, 3.04782e-05))
({x0, x6}, (0.00120661, 0.00166621, 2.41783e-06, 0.997125))
({x0, x7}, (0.00120337, 8.06204e-06, 5.65705e-06, 0.998783))
({x0, x8}, (1.72237e-05, 0.998772, 0.0011918, 1.9325e-05))
({x0, x9}, (0.00119141, 0.000101259, 1.7612e-05, 0.99869))
({x1, x2}, (5.89501e-05, 0.00117128, 0.998709, 6.06598e-05))
({x1, x3}, (0.000315316, 0.0011931, 0.998453, 3.88371e-05))
({x1, x4}, (5.073e-05, 0.00117118, 0.998717, 6.0756e-05))
({x1, x5}, (0.998737, 4.22154e-05, 3.06851e-05, 0.00118972))
({x1, x6}, (0.00164536, 0.00122746, 0.997123, 4.47946e-06))
({x1, x7}, (8.44075e-06, 0.00120299, 0.99876, 2.89474e-05))
({x1, x8}, (0.998747, 4.14327e-05, 2.06223e-05, 0.00119051))
({x1, x9}, (0.000101843, 0.00119083, 0.998666, 4.11082e-05))
({x2, x3}, (0.00117131, 0.000337109, 5.89198e-05, 0.998433))
({x2, x4}, (0.001212, 9.90977e-06, 1.82261e-05, 0.99876))
({x2, x5}, (2.889e-05, 0.998751, 0.00120134, 1.90693e-05))
({x2, x6}, (0.00117777, 0.00169505, 5.24615e-05, 0.997075))
({x2, x7}, (0.0011795, 3.19282e-05, 5.07251e-05, 0.998738))
({x2, x8}, (4.47376e-05, 0.998744, 0.00118549, 2.56369e-05))
({x2, x9}, (0.00119371, 9.89647e-05, 3.65198e-05, 0.998671))
({x3, x4}, (0.00117118, 5.07367e-05, 0.000337242, 0.998441))
({x3, x5}, (0.000321548, 0.998458, 0.00118687, 3.35383e-05))
({x3, x6}, (0.00119613, 0.00167669, 0.000312288, 0.996815))
({x3, x7}, (0.00120003, 1.14014e-05, 0.000308387, 0.99848))
({x3, x8}, (0.000320682, 0.998468, 0.00118774, 2.33925e-05))
({x3, x9}, (0.00117863, 0.00011404, 0.000329783, 0.998378))
({x4, x5}, (2.05256e-05, 0.998759, 0.00120139, 1.90212e-05))
({x4, x6}, (0.00117526, 0.00169755, 4.66486e-05, 0.997081))
({x4, x7}, (0.00117932, 3.21126e-05, 4.25933e-05, 0.998746))
({x4, x8}, (3.63523e-05, 0.998753, 0.00118556, 2.55679e-05))
({x4, x9}, (0.00119382, 9.8852e-05, 2.80907e-05, 0.998679))
({x5, x6}, (0.00167997, 0.00119284, 0.9971, 2.75672e-05))
({x5, x7}, (1.34955e-05, 0.00119794, 0.998766, 2.24718e-05))
({x5, x8}, (0.998772, 1.63901e-05, 7.11007e-06, 0.00120402))
({x5, x9}, (8.1509e-05, 0.00121116, 0.998698, 9.24336e-06))
({x6, x7}, (0.00120625, 5.18366e-06, 0.00166657, 0.997122))
({x6, x8}, (0.00167901, 0.99711, 0.0011938, 1.73277e-05))
({x6, x9}, (0.0011891, 0.000103574, 0.00168372, 0.997024))
({x7, x8}, (1.25115e-05, 0.998776, 0.00119892, 1.22078e-05))
({x7, x9}, (0.00118903, 0.000103639, 2.23968e-05, 0.998685))
({x8, x9}, (9.67457e-05, 0.00119593, 0.998692, 1.52001e-05))
Exact log partition sum: 44.5464
Exact MAP variable marginals:
({x0}, (0.0011644, 0.998836))
({x1}, (0.998836, 0.0011644))
({x2}, (0.0011644, 0.998836))
({x3}, (0.0011644, 0.998836))
({x4}, (0.0011644, 0.998836))
({x5}, (0.998836, 0.0011644))
({x6}, (0.00163987, 0.99836))
({x7}, (0.0011644, 0.998836))
({x8}, (0.998836, 0.0011644))
({x9}, (0.0011644, 0.998836))
Exact MAP factor marginals:
({x0}, (0.0011644, 0.998836)) == ({x0}, (0.0011644, 0.998836))
({x1}, (0.998836, 0.0011644)) == ({x1}, (0.998836, 0.0011644))
({x2}, (0.0011644, 0.998836)) == ({x2}, (0.0011644, 0.998836))
({x3}, (0.0011644, 0.998836)) == ({x3}, (0.0011644, 0.998836))
({x4}, (0.0011644, 0.998836)) == ({x4}, (0.0011644, 0.998836))
({x5}, (0.998836, 0.0011644)) == ({x5}, (0.998836, 0.0011644))
({x6}, (0.00163987, 0.99836)) == ({x6}, (0.00163987, 0.99836))
({x7}, (0.0011644, 0.998836)) == ({x7}, (0.0011644, 0.998836))
({x8}, (0.998836, 0.0011644)) == ({x8}, (0.998836, 0.0011644))
({x9}, (0.0011644, 0.998836)) == ({x9}, (0.0011644, 0.998836))
({x0, x1}, (7.39431e-07, 0.998814, 0.00116437, 2.1308e-05)) == ({x0, x1}, (7.39431e-07, 0.998814, 0.00116437, 2.1308e-05))
({x0, x2}, (0.00116436, 1.52446e-05, 1.38636e-05, 0.998807)) == ({x0, x2}, (0.00116436, 1.52446e-05, 1.38636e-05, 0.998807))
({x0, x3}, (0.00116403, 0.000308046, 7.33509e-06, 0.998521)) == ({x0, x3}, (0.00116403, 0.000308046, 7.33509e-06, 0.998521))
({x0, x4}, (0.00116436, 1.50678e-05, 1.38636e-05, 0.998807)) == ({x0, x4}, (0.00116436, 1.50678e-05, 1.38636e-05, 0.998807))
({x0, x5}, (1.15284e-05, 0.998809, 0.00116437, 1.50678e-05)) == ({x0, x5}, (1.15284e-05, 0.998809, 0.00116437, 1.50678e-05))
({x0, x6}, (0.00116249, 0.00163796, 5.08651e-07, 0.997199)) == ({x0, x6}, (0.00116249, 0.00163796, 5.08651e-07, 0.997199))
({x0, x7}, (0.00116439, 3.0704e-06, 2.03958e-06, 0.99883)) == ({x0, x7}, (0.00116439, 3.0704e-06, 2.03958e-06, 0.99883))
({x0, x8}, (1.15285e-05, 0.998817, 0.00116438, 6.6729e-06)) == ({x0, x8}, (1.15285e-05, 0.998817, 0.00116438, 6.6729e-06))
({x0, x9}, (0.00116429, 7.75916e-05, 1.15276e-05, 0.998747)) == ({x0, x9}, (0.00116429, 7.75916e-05, 1.15276e-05, 0.998747))
({x1, x2}, (1.52445e-05, 0.00116436, 0.998799, 2.13077e-05)) == ({x1, x2}, (1.52445e-05, 0.00116436, 0.998799, 2.13077e-05))
({x1, x3}, (0.000308042, 0.00116401, 0.998507, 2.13015e-05)) == ({x1, x3}, (0.000308042, 0.00116401, 0.998507, 2.13015e-05))
({x1, x4}, (1.50677e-05, 0.00116436, 0.998799, 2.13077e-05)) == ({x1, x4}, (1.50677e-05, 0.00116436, 0.998799, 2.13077e-05))
({x1, x5}, (0.998799, 2.13077e-05, 1.50677e-05, 0.00116436)) == ({x1, x5}, (0.998799, 2.13077e-05, 1.50677e-05, 0.00116436))
({x1, x6}, (0.00163796, 0.00116249, 0.997197, 2.46711e-06)) == ({x1, x6}, (0.00163796, 0.00116249, 0.997197, 2.46711e-06))
({x1, x7}, (3.07034e-06, 0.00116437, 0.998811, 2.1308e-05)) == ({x1, x7}, (3.07034e-06, 0.00116437, 0.998811, 2.1308e-05))
({x1, x8}, (0.998808, 2.13079e-05, 6.67284e-06, 0.00116437)) == ({x1, x8}, (0.998808, 2.13079e-05, 6.67284e-06, 0.00116437))
({x1, x9}, (7.75908e-05, 0.00116428, 0.998737, 2.13064e-05)) == ({x1, x9}, (7.75908e-05, 0.00116428, 0.998737, 2.13064e-05))
({x2, x3}, (0.00116402, 0.000308044, 1.52401e-05, 0.998513)) == ({x2, x3}, (0.00116402, 0.000308044, 1.52401e-05, 0.998513))
({x2, x4}, (0.00116437, 9.18634e-06, 1.52446e-05, 0.998811)) == ({x2, x4}, (0.00116437, 9.18634e-06, 1.52446e-05, 0.998811))
({x2, x5}, (1.52446e-05, 0.998807, 0.00116436, 1.38636e-05)) == ({x2, x5}, (1.52446e-05, 0.998807, 0.00116436, 1.38636e-05))
({x2, x6}, (0.00116247, 0.00163794, 1.52198e-05, 0.997184)) == ({x2, x6}, (0.00116247, 0.00163794, 1.52198e-05, 0.997184))
({x2, x7}, (0.00116436, 1.38636e-05, 1.52446e-05, 0.998807)) == ({x2, x7}, (0.00116436, 1.38636e-05, 1.52446e-05, 0.998807))
({x2, x8}, (1.52446e-05, 0.998807, 0.00116436, 1.38636e-05)) == ({x2, x8}, (1.52446e-05, 0.998807, 0.00116436, 1.38636e-05))
({x2, x9}, (0.00116429, 7.75913e-05, 1.52436e-05, 0.998743)) == ({x2, x9}, (0.00116429, 7.75913e-05, 1.52436e-05, 0.998743))
({x3, x4}, (0.00116402, 1.50634e-05, 0.000308044, 0.998513)) == ({x3, x4}, (0.00116402, 1.50634e-05, 0.000308044, 0.998513))
({x3, x5}, (0.000308044, 0.998513, 0.00116402, 1.50634e-05)) == ({x3, x5}, (0.000308044, 0.998513, 0.00116402, 1.50634e-05))
({x3, x6}, (0.00116213, 0.00163746, 0.000307544, 0.996893)) == ({x3, x6}, (0.00116213, 0.00163746, 0.000307544, 0.996893))
({x3, x7}, (0.00116403, 7.33509e-06, 0.000308046, 0.998521)) == ({x3, x7}, (0.00116403, 7.33509e-06, 0.000308046, 0.998521))
({x3, x8}, (0.000308046, 0.998521, 0.00116403, 7.33509e-06)) == ({x3, x8}, (0.000308046, 0.998521, 0.00116403, 7.33509e-06))
({x3, x9}, (0.00116395, 7.75686e-05, 0.000308024, 0.99845)) == ({x3, x9}, (0.00116395, 7.75686e-05, 0.000308024, 0.99845))
({x4, x5}, (1.0275e-05, 0.998811, 0.00116437, 1.38637e-05)) == ({x4, x5}, (1.0275e-05, 0.998811, 0.00116437, 1.38637e-05))
({x4, x6}, (0.00116247, 0.00163794, 1.50433e-05, 0.997185)) == ({x4, x6}, (0.00116247, 0.00163794, 1.50433e-05, 0.997185))
({x4, x7}, (0.00116436, 1.38636e-05, 1.50678e-05, 0.998807)) == ({x4, x7}, (0.00116436, 1.38636e-05, 1.50678e-05, 0.998807))
({x4, x8}, (1.50678e-05, 0.998807, 0.00116436, 1.38636e-05)) == ({x4, x8}, (1.50678e-05, 0.998807, 0.00116436, 1.38636e-05))
({x4, x9}, (0.0011643, 7.75917e-05, 1.02743e-05, 0.998748)) == ({x4, x9}, (0.0011643, 7.75917e-05, 1.02743e-05, 0.998748))
({x5, x6}, (0.00163794, 0.00116247, 0.997185, 1.50433e-05)) == ({x5, x6}, (0.00163794, 0.00116247, 0.997185, 1.50433e-05))
({x5, x7}, (1.15284e-05, 0.00116437, 0.998809, 1.50678e-05)) == ({x5, x7}, (1.15284e-05, 0.00116437, 0.998809, 1.50678e-05))
({x5, x8}, (0.998816, 1.50679e-05, 5.04109e-06, 0.00116437)) == ({x5, x8}, (0.998816, 1.50679e-05, 5.04109e-06, 0.00116437))
({x5, x9}, (7.75922e-05, 0.0011643, 0.998755, 3.07017e-06)) == ({x5, x9}, (7.75922e-05, 0.0011643, 0.998755, 3.07017e-06))
({x6, x7}, (0.00116249, 2.95327e-06, 0.00163796, 0.997197)) == ({x6, x7}, (0.00116249, 2.95327e-06, 0.00163796, 0.997197))
({x6, x8}, (0.00163795, 0.997193, 0.00116248, 6.66205e-06)) == ({x6, x8}, (0.00163795, 0.997193, 0.00116248, 6.66205e-06))
({x6, x9}, (0.0011624, 7.74654e-05, 0.00163784, 0.997122)) == ({x6, x9}, (0.0011624, 7.74654e-05, 0.00163784, 0.997122))
({x7, x8}, (1.15285e-05, 0.998817, 0.00116438, 6.6729e-06)) == ({x7, x8}, (1.15285e-05, 0.998817, 0.00116438, 6.6729e-06))
({x7, x9}, (0.00116429, 7.75916e-05, 1.15276e-05, 0.998747)) == ({x7, x9}, (0.00116429, 7.75916e-05, 1.15276e-05, 0.998747))
({x8, x9}, (7.75921e-05, 0.0011643, 0.998753, 5.04077e-06)) == ({x8, x9}, (7.75921e-05, 0.0011643, 0.998753, 5.04077e-06))
Exact MAP state (log score = 44.5431):
x0: 1
x1: 0
x2: 1
x3: 1
x4: 1
x5: 0
x6: 1
x7: 1
x8: 0
x9: 1
