Builtin inference algorithms: {BP, EXACT, FBP, JTREE, TRWBP}

Exact variable marginals:
({x0}, (0.692213, 0.307787))
({x1}, (0.546356, 0.453644))
({x2}, (0.363633, 0.636367))
({x3}, (0.44477, 0.55523))
({x4}, (0.498464, 0.501536))
({x5}, (0.5377, 0.4623))
({x6}, (0.35254, 0.64746))
({x7}, (0.334331, 0.665669))
({x8}, (0.460952, 0.539048))
({x9}, (0.616342, 0.383658))
Exact factor marginals:
({x0}, (0.692213, 0.307787))
({x1}, (0.546356, 0.453644))
({x2}, (0.363633, 0.636367))
({x3}, (0.44477, 0.55523))
({x4}, (0.498464, 0.501536))
({x5}, (0.5377, 0.4623))
({x6}, (0.35254, 0.64746))
({x7}, (0.334331, 0.665669))
({x8}, (0.460952, 0.539048))
({x9}, (0.616342, 0.383658))
({x0, x1}, (0.306373, 0.239983, 0.38584, 0.067804))
({x0, x2}, (0.255012, 0.108622, 0.437201, 0.199166))
({x0, x3}, (0.267429, 0.177341, 0.424783, 0.130447))
({x0, x4}, (0.354576, 0.143888, 0.337637, 0.1639))
({x0, x5}, (0.290318, 0.247382, 0.401895, 0.0604057))
({x0, x6}, (0.168012, 0.184528, 0.524201, 0.123259))
({x0, x7}, (0.29394, 0.0403907, 0.398272, 0.267397))
({x0, x8}, (0.289721, 0.171231, 0.402492, 0.136556))
({x0, x9}, (0.340669, 0.275673, 0.351544, 0.0321142))
({x1, x2}, (0.27451, 0.0891234, 0.271846, 0.36452))
({x1, x3}, (0.200392, 0.244378, 0.345964, 0.209266))
({x1, x4}, (0.31292, 0.185543, 0.233436, 0.2681))
({x1, x5}, (0.420335, 0.117365, 0.126022, 0.336279))
({x1, x6}, (0.308057, 0.0444821, 0.238299, 0.409162))
({x1, x7}, (0.111374, 0.222957, 0.434983, 0.230687))
({x1, x8}, (0.166197, 0.294755, 0.380159, 0.158888))
({x1, x9}, (0.488187, 0.128155, 0.0581697, 0.325488))
({x2, x3}, (0.0940061, 0.350764, 0.269627, 0.285603))
({x2, x4}, (0.177605, 0.320859, 0.186029, 0.315508))
({x2, x5}, (0.247646, 0.290054, 0.115987, 0.346313))
({x2, x6}, (0.116332, 0.236207, 0.247301, 0.400159))
({x2, x7}, (0.0434579, 0.290873, 0.320175, 0.345494))
({x2, x8}, (0.0774181, 0.383534, 0.286215, 0.252832))
({x2, x9}, (0.295583, 0.320759, 0.0680504, 0.315608))
({x3, x4}, (0.115039, 0.383424, 0.329731, 0.171806))
({x3, x5}, (0.239393, 0.298307, 0.205377, 0.256923))
({x3, x6}, (0.117588, 0.234952, 0.327183, 0.320278))
({x3, x7}, (0.190992, 0.143339, 0.253779, 0.411891))
({x3, x8}, (0.267697, 0.193255, 0.177073, 0.361975))
({x3, x9}, (0.235867, 0.380475, 0.208903, 0.174754))
({x4, x5}, (0.279352, 0.258348, 0.219112, 0.243188))
({x4, x6}, (0.251578, 0.100962, 0.246886, 0.400574))
({x4, x7}, (0.111171, 0.223159, 0.387292, 0.278377))
({x4, x8}, (0.175537, 0.285415, 0.322927, 0.216121))
({x4, x9}, (0.374895, 0.241447, 0.123569, 0.260089))
({x5, x6}, (0.294384, 0.0581552, 0.243315, 0.404145))
({x5, x7}, (0.0830884, 0.251242, 0.454611, 0.211058))
({x5, x8}, (0.250625, 0.210328, 0.287075, 0.251972))
({x5, x9}, (0.461076, 0.155266, 0.0766233, 0.307035))
({x6, x7}, (0.0909244, 0.243406, 0.261615, 0.404054))
({x6, x8}, (0.142828, 0.318125, 0.209712, 0.329336))
({x6, x9}, (0.329763, 0.286579, 0.0227763, 0.360882))
({x7, x8}, (0.168964, 0.291989, 0.165367, 0.373681))
({x7, x9}, (0.111234, 0.505108, 0.223097, 0.160561))
({x8, x9}, (0.20792, 0.408422, 0.253032, 0.130626))
Exact log partition sum: 11.9082
Exact MAP variable marginals:
({x0}, (0.744267, 0.255733))
({x1}, (0.357634, 0.642366))
({x2}, (0.357634, 0.642366))
({x3}, (0.642366, 0.357634))
({x4}, (0.357634, 0.642366))
({x5}, (0.357634, 0.642366))
({x6}, (0.357634, 0.642366))
({x7}, (0.642366, 0.357634))
({x8}, (0.642366, 0.357634))
({x9}, (0.357634, 0.642366))
Exact MAP factor marginals:
({x0}, (0.744267, 0.255733)) == ({x0}, (0.744267, 0.255733))
({x1}, (0.357634, 0.642366)) == ({x1}, (0.357634, 0.642366))
({x2}, (0.357634, 0.642366)) == ({x2}, (0.357634, 0.642366))
({x3}, (0.642366, 0.357634)) == ({x3}, (0.642366, 0.357634))
({x4}, (0.357634, 0.642366)) == ({x4}, (0.357634, 0.642366))
({x5}, (0.357634, 0.642366)) == ({x5}, (0.357634, 0.642366))
({x6}, (0.357634, 0.642366)) == ({x6}, (0.357634, 0.642366))
({x7}, (0.642366, 0.357634)) == ({x7}, (0.642366, 0.357634))
({x8}, (0.642366, 0.357634)) == ({x8}, (0.642366, 0.357634))
({x9}, (0.357634, 0.642366)) == ({x9}, (0.357634, 0.642366))
({x0, x1}, (0.276941, 0.170918, 0.497429, 0.0547127)) == ({x0, x1}, (0.276941, 0.170918, 0.497429, 0.0547127))
({x0, x2}, (0.254926, 0.129854, 0.457888, 0.157332)) == ({x0, x2}, (0.254926, 0.129854, 0.457888, 0.157332))
({x0, x3}, (0.460217, 0.125428, 0.256223, 0.158132)) == ({x0, x3}, (0.460217, 0.125428, 0.256223, 0.158132))
({x0, x4}, (0.256223, 0.158132, 0.460217, 0.125428)) == ({x0, x4}, (0.256223, 0.158132, 0.460217, 0.125428))
({x0, x5}, (0.280239, 0.172954, 0.503353, 0.0434546)) == ({x0, x5}, (0.280239, 0.172954, 0.503353, 0.0434546))
({x0, x6}, (0.262865, 0.162231, 0.472147, 0.102757)) == ({x0, x6}, (0.262865, 0.162231, 0.472147, 0.102757))
({x0, x7}, (0.500413, 0.0490412, 0.278602, 0.171944)) == ({x0, x7}, (0.500413, 0.0490412, 0.278602, 0.171944))
({x0, x8}, (0.457888, 0.157332, 0.254926, 0.129854)) == ({x0, x8}, (0.457888, 0.157332, 0.254926, 0.129854))
({x0, x9}, (0.280239, 0.172954, 0.503353, 0.0434546)) == ({x0, x9}, (0.280239, 0.172954, 0.503353, 0.0434546))
({x1, x2}, (0.268186, 0.0845947, 0.165515, 0.481704)) == ({x1, x2}, (0.268186, 0.0845947, 0.165515, 0.481704))
({x1, x3}, (0.126629, 0.464623, 0.258676, 0.150071)) == ({x1, x3}, (0.126629, 0.464623, 0.258676, 0.150071))
({x1, x4}, (0.256534, 0.148828, 0.133862, 0.460775)) == ({x1, x4}, (0.256534, 0.148828, 0.133862, 0.460775))
({x1, x5}, (0.27955, 0.0877377, 0.130596, 0.502116)) == ({x1, x5}, (0.27955, 0.0877377, 0.130596, 0.502116))
({x1, x6}, (0.276778, 0.0270023, 0.199083, 0.497137)) == ({x1, x6}, (0.276778, 0.0270023, 0.199083, 0.497137))
({x1, x7}, (0.0754852, 0.491831, 0.273824, 0.158859)) == ({x1, x7}, (0.0754852, 0.491831, 0.273824, 0.158859))
({x1, x8}, (0.150414, 0.437755, 0.243718, 0.168113)) == ({x1, x8}, (0.150414, 0.437755, 0.243718, 0.168113))
({x1, x9}, (0.308406, 0.0972815, 0.0403656, 0.553946)) == ({x1, x9}, (0.308406, 0.0972815, 0.0403656, 0.553946))
({x2, x3}, (0.102757, 0.472147, 0.262865, 0.162231)) == ({x2, x3}, (0.102757, 0.472147, 0.262865, 0.162231))
({x2, x4}, (0.254121, 0.156835, 0.132603, 0.456441)) == ({x2, x4}, (0.254121, 0.156835, 0.132603, 0.456441))
({x2, x5}, (0.257699, 0.159043, 0.120389, 0.462869)) == ({x2, x5}, (0.257699, 0.159043, 0.120389, 0.462869))
({x2, x6}, (0.241978, 0.14934, 0.174052, 0.43463)) == ({x2, x6}, (0.241978, 0.14934, 0.174052, 0.43463))
({x2, x7}, (0.0382441, 0.506095, 0.281765, 0.173896)) == ({x2, x7}, (0.0382441, 0.506095, 0.281765, 0.173896))
({x2, x8}, (0.0546115, 0.487118, 0.2712, 0.18707)) == ({x2, x8}, (0.0546115, 0.487118, 0.2712, 0.18707))
({x2, x9}, (0.278068, 0.171614, 0.0508652, 0.499453)) == ({x2, x9}, (0.278068, 0.171614, 0.0508652, 0.499453))
({x3, x4}, (0.117438, 0.264267, 0.474664, 0.143631)) == ({x3, x4}, (0.117438, 0.264267, 0.474664, 0.143631))
({x3, x5}, (0.126629, 0.258676, 0.464623, 0.150071)) == ({x3, x5}, (0.126629, 0.258676, 0.464623, 0.150071))
({x3, x6}, (0.12223, 0.24969, 0.448482, 0.179599)) == ({x3, x6}, (0.12223, 0.24969, 0.448482, 0.179599))
({x3, x7}, (0.469069, 0.141938, 0.127841, 0.261152)) == ({x3, x7}, (0.469069, 0.141938, 0.127841, 0.261152))
({x3, x8}, (0.437755, 0.150414, 0.168113, 0.243718)) == ({x3, x8}, (0.437755, 0.150414, 0.168113, 0.243718))
({x3, x9}, (0.126629, 0.258676, 0.464623, 0.150071)) == ({x3, x9}, (0.126629, 0.258676, 0.464623, 0.150071))
({x4, x5}, (0.256534, 0.133862, 0.148828, 0.460775)) == ({x4, x5}, (0.256534, 0.133862, 0.148828, 0.460775))
({x4, x6}, (0.24969, 0.12223, 0.179599, 0.448482)) == ({x4, x6}, (0.24969, 0.12223, 0.179599, 0.448482))
({x4, x7}, (0.0942157, 0.490339, 0.272994, 0.142451)) == ({x4, x7}, (0.0942157, 0.490339, 0.272994, 0.142451))
({x4, x8}, (0.150414, 0.437755, 0.243718, 0.168113)) == ({x4, x8}, (0.150414, 0.437755, 0.243718, 0.168113))
({x4, x9}, (0.256534, 0.133862, 0.148828, 0.460775)) == ({x4, x9}, (0.256534, 0.133862, 0.148828, 0.460775))
({x5, x6}, (0.263775, 0.0727149, 0.18973, 0.473781)) == ({x5, x6}, (0.263775, 0.0727149, 0.18973, 0.473781))
({x5, x7}, (0.0763806, 0.491355, 0.273559, 0.158706)) == ({x5, x7}, (0.0763806, 0.491355, 0.273559, 0.158706))
({x5, x8}, (0.150414, 0.437755, 0.243718, 0.168113)) == ({x5, x8}, (0.150414, 0.437755, 0.243718, 0.168113))
({x5, x9}, (0.27955, 0.130596, 0.0877377, 0.502116)) == ({x5, x9}, (0.27955, 0.130596, 0.0877377, 0.502116))
({x6, x7}, (0.0727149, 0.473781, 0.263775, 0.18973)) == ({x6, x7}, (0.0727149, 0.473781, 0.263775, 0.18973))
({x6, x8}, (0.14934, 0.43463, 0.241978, 0.174052)) == ({x6, x8}, (0.14934, 0.43463, 0.241978, 0.174052))
({x6, x9}, (0.27956, 0.201084, 0.0172231, 0.502133)) == ({x6, x9}, (0.27956, 0.201084, 0.0172231, 0.502133))
({x7, x8}, (0.437755, 0.150414, 0.168113, 0.243718)) == ({x7, x8}, (0.437755, 0.150414, 0.168113, 0.243718))
({x7, x9}, (0.0754852, 0.273824, 0.491831, 0.158859)) == ({x7, x9}, (0.0754852, 0.273824, 0.491831, 0.158859))
({x8, x9}, (0.150414, 0.243718, 0.437755, 0.168113)) == ({x8, x9}, (0.150414, 0.243718, 0.437755, 0.168113))
Exact MAP state (log score = 9.16031):
x0: 0
x1: 1
x2: 1
x3: 0
x4: 1
x5: 1
x6: 1
x7: 0
x8: 0
x9: 1
