Builtin inference algorithms: {BP, EXACT, FBP, JTREE, TRWBP}

Exact variable marginals:
({x0}, (0.985439, 0.014561))
({x1}, (0.0144834, 0.985517))
({x2}, (0.985483, 0.0145171))
({x3}, (0.985519, 0.0144815))
({x4}, (0.0157702, 0.98423))
({x5}, (0.0220876, 0.977912))
({x6}, (0.0874263, 0.912574))
({x7}, (0.985503, 0.0144968))
({x8}, (0.905339, 0.0946613))
({x9}, (0.0144586, 0.985541))
Exact factor marginals:
({x0}, (0.985439, 0.014561))
({x1}, (0.0144834, 0.985517))
({x2}, (0.985483, 0.0145171))
({x3}, (0.985519, 0.0144815))
({x4}, (0.0157702, 0.98423))
({x5}, (0.0220876, 0.977912))
({x6}, (0.0874263, 0.912574))
({x7}, (0.985503, 0.0144968))
({x8}, (0.905339, 0.0946613))
({x9}, (0.0144586, 0.985541))
({x0, x1}, (1.3115e-05, 0.0144703, 0.985426, 9.07334e-05))
({x0, x2}, (0.985425, 5.8133e-05, 1.41857e-05, 0.0145029))
({x0, x3}, (0.985428, 9.033e-05, 1.07688e-05, 0.0144707))
({x0, x4}, (0.0012369, 0.0145333, 0.984202, 2.77252e-05))
({x0, x5}, (0.007645, 0.0144426, 0.977794, 0.000118438))
({x0, x6}, (0.0739357, 0.0134906, 0.911503, 0.00107042))
({x0, x7}, (0.98541, 9.30329e-05, 2.88321e-05, 0.014468))
({x0, x8}, (0.904917, 0.000421619, 0.0805219, 0.0141394))
({x0, x9}, (1.40632e-05, 0.0144445, 0.985425, 0.000116485))
({x1, x2}, (9.59837e-06, 0.985473, 0.0144738, 4.32694e-05))
({x1, x3}, (3.20956e-06, 0.985515, 0.0144802, 1.26664e-06))
({x1, x4}, (0.0144707, 0.00129946, 1.26692e-05, 0.984217))
({x1, x5}, (0.0144524, 0.00763522, 3.10401e-05, 0.977881))
({x1, x6}, (0.0133999, 0.0740264, 0.00108353, 0.91149))
({x1, x7}, (5.67901e-06, 0.985497, 0.0144777, 1.90966e-05))
({x1, x8}, (0.000434708, 0.904904, 0.0140487, 0.0806126))
({x1, x9}, (0.0144543, 4.29397e-06, 2.90978e-05, 0.985512))
({x2, x3}, (0.985476, 4.29425e-05, 7.32859e-06, 0.0144741))
({x2, x4}, (0.00127019, 0.0145, 0.984213, 1.70753e-05))
({x2, x5}, (0.00763107, 0.0144565, 0.977852, 6.05644e-05))
({x2, x6}, (0.0739849, 0.0134413, 0.911498, 0.00107575))
({x2, x7}, (0.985458, 4.5209e-05, 2.49555e-05, 0.0144719))
({x2, x8}, (0.904914, 0.00042511, 0.0805693, 0.014092))
({x2, x9}, (1.05114e-05, 0.0144481, 0.985472, 6.89862e-05))
({x3, x4}, (0.00130232, 0.0144679, 0.984216, 1.35875e-05))
({x3, x5}, (0.00763508, 0.0144525, 0.977883, 2.89638e-05))
({x3, x6}, (0.0740257, 0.0134006, 0.911493, 0.00108086))
({x3, x7}, (0.9855, 3.61777e-06, 1.89782e-05, 0.0144779))
({x3, x8}, (0.904906, 0.000432372, 0.0806122, 0.0140491))
({x3, x9}, (3.89318e-06, 0.0144547, 0.985515, 2.67541e-05))
({x4, x5}, (0.0144398, 0.00764779, 0.0013304, 0.976582))
({x4, x6}, (0.0134644, 0.0739619, 0.00230583, 0.910268))
({x4, x7}, (0.00130499, 0.984198, 0.0144652, 3.16213e-05))
({x4, x8}, (0.00165382, 0.903685, 0.0141164, 0.0805449))
({x4, x9}, (0.0144417, 1.68686e-05, 0.00132846, 0.984213))
({x5, x6}, (0.0202653, 0.067161, 0.00182233, 0.910751))
({x5, x7}, (0.0076254, 0.977878, 0.0144622, 3.46465e-05))
({x5, x8}, (0.00040568, 0.904933, 0.0216819, 0.0729794))
({x5, x9}, (0.0144267, 3.18766e-05, 0.00766086, 0.977881))
({x6, x7}, (0.0740287, 0.911474, 0.0133976, 0.00109923))
({x6, x8}, (0.00475124, 0.900587, 0.082675, 0.0119862))
({x6, x9}, (0.0134041, 0.00105452, 0.0740222, 0.911519))
({x7, x8}, (0.9049, 0.000438384, 0.0806028, 0.0140584))
({x7, x9}, (6.634e-06, 0.014452, 0.985497, 4.48554e-05))
({x8, x9}, (0.000435578, 0.014023, 0.904903, 0.0806382))
Exact log partition sum: 37.7796
Exact MAP variable marginals:
({x0}, (0.985329, 0.014671))
({x1}, (0.014671, 0.985329))
({x2}, (0.985329, 0.014671))
({x3}, (0.985329, 0.014671))
({x4}, (0.014671, 0.985329))
({x5}, (0.014671, 0.985329))
({x6}, (0.0648377, 0.935162))
({x7}, (0.985329, 0.014671))
({x8}, (0.935162, 0.0648377))
({x9}, (0.014671, 0.985329))
Exact MAP factor marginals:
({x0}, (0.985329, 0.014671)) == ({x0}, (0.985329, 0.014671))
({x1}, (0.014671, 0.985329)) == ({x1}, (0.014671, 0.985329))
({x2}, (0.985329, 0.014671)) == ({x2}, (0.985329, 0.014671))
({x3}, (0.985329, 0.014671)) == ({x3}, (0.985329, 0.014671))
({x4}, (0.014671, 0.985329)) == ({x4}, (0.014671, 0.985329))
({x5}, (0.014671, 0.985329)) == ({x5}, (0.014671, 0.985329))
({x6}, (0.0648377, 0.935162)) == ({x6}, (0.0648377, 0.935162))
({x7}, (0.985329, 0.014671)) == ({x7}, (0.985329, 0.014671))
({x8}, (0.935162, 0.0648377)) == ({x8}, (0.935162, 0.0648377))
({x9}, (0.014671, 0.985329)) == ({x9}, (0.014671, 0.985329))
({x0, x1}, (6.71595e-06, 0.0146703, 0.985284, 3.901e-05)) == ({x0, x1}, (6.71595e-06, 0.0146703, 0.985284, 3.901e-05))
({x0, x2}, (0.985282, 3.90099e-05, 9.22368e-06, 0.0146702)) == ({x0, x2}, (0.985282, 3.90099e-05, 9.22368e-06, 0.0146702))
({x0, x3}, (0.985284, 3.901e-05, 6.71595e-06, 0.0146703)) == ({x0, x3}, (0.985284, 3.901e-05, 6.71595e-06, 0.0146703))
({x0, x4}, (0.00134219, 0.0146509, 0.983983, 2.43244e-05)) == ({x0, x4}, (0.00134219, 0.0146509, 0.983983, 2.43244e-05))
({x0, x5}, (0.00745993, 0.0145609, 0.97794, 3.87193e-05)) == ({x0, x5}, (0.00745993, 0.0145609, 0.97794, 3.87193e-05))
({x0, x6}, (0.0639059, 0.0137239, 0.921723, 0.000646721)) == ({x0, x6}, (0.0639059, 0.0137239, 0.921723, 0.000646721))
({x0, x7}, (0.985278, 3.90098e-05, 1.26289e-05, 0.0146702)) == ({x0, x7}, (0.985278, 3.90098e-05, 1.26289e-05, 0.0146702))
({x0, x8}, (0.921954, 0.000396348, 0.0639219, 0.0137273)) == ({x0, x8}, (0.921954, 0.000396348, 0.0639219, 0.0137273))
({x0, x9}, (6.71595e-06, 0.0146703, 0.985284, 3.901e-05)) == ({x0, x9}, (6.71595e-06, 0.0146703, 0.985284, 3.901e-05))
({x1, x2}, (6.71598e-06, 0.985287, 0.0146703, 3.54915e-05)) == ({x1, x2}, (6.71598e-06, 0.985287, 0.0146703, 3.54915e-05))
({x1, x3}, (3.35684e-06, 0.985325, 0.0146709, 5.90159e-07)) == ({x1, x3}, (3.35684e-06, 0.985325, 0.0146709, 5.90159e-07))
({x1, x4}, (0.0146512, 0.00134221, 6.7072e-06, 0.984)) == ({x1, x4}, (0.0146512, 0.00134221, 6.7072e-06, 0.984))
({x1, x5}, (0.0145611, 0.00745999, 2.95134e-05, 0.977949)) == ({x1, x5}, (0.0145611, 0.00745999, 2.95134e-05, 0.977949))
({x1, x6}, (0.0137239, 0.0639059, 0.000646721, 0.921723)) == ({x1, x6}, (0.0137239, 0.0639059, 0.000646721, 0.921723))
({x1, x7}, (3.3568e-06, 0.985313, 0.0146707, 1.26294e-05)) == ({x1, x7}, (3.3568e-06, 0.985313, 0.0146707, 1.26294e-05))
({x1, x8}, (0.000396348, 0.921954, 0.0137273, 0.0639219)) == ({x1, x8}, (0.000396348, 0.921954, 0.0137273, 0.0639219))
({x1, x9}, (0.0146705, 4.14668e-06, 2.82725e-05, 0.985297)) == ({x1, x9}, (0.0146705, 4.14668e-06, 2.82725e-05, 0.985297))
({x2, x3}, (0.985287, 3.54915e-05, 6.71598e-06, 0.0146703)) == ({x2, x3}, (0.985287, 3.54915e-05, 6.71598e-06, 0.0146703))
({x2, x4}, (0.00134221, 0.0146511, 0.983997, 9.21166e-06)) == ({x2, x4}, (0.00134221, 0.0146511, 0.983997, 9.21166e-06))
({x2, x5}, (0.00745995, 0.014561, 0.977944, 3.5227e-05)) == ({x2, x5}, (0.00745995, 0.014561, 0.977944, 3.5227e-05))
({x2, x6}, (0.0639059, 0.0137239, 0.921723, 0.000646721)) == ({x2, x6}, (0.0639059, 0.0137239, 0.921723, 0.000646721))
({x2, x7}, (0.985282, 3.54913e-05, 1.2629e-05, 0.0146702)) == ({x2, x7}, (0.985282, 3.54913e-05, 1.2629e-05, 0.0146702))
({x2, x8}, (0.921954, 0.000396348, 0.0639219, 0.0137273)) == ({x2, x8}, (0.921954, 0.000396348, 0.0639219, 0.0137273))
({x2, x9}, (6.71598e-06, 0.0146703, 0.985287, 3.54915e-05)) == ({x2, x9}, (6.71598e-06, 0.0146703, 0.985287, 3.54915e-05))
({x3, x4}, (0.00134221, 0.0146512, 0.984, 6.7072e-06)) == ({x3, x4}, (0.00134221, 0.0146512, 0.984, 6.7072e-06))
({x3, x5}, (0.00745999, 0.0145611, 0.977949, 2.95134e-05)) == ({x3, x5}, (0.00745999, 0.0145611, 0.977949, 2.95134e-05))
({x3, x6}, (0.0639059, 0.0137239, 0.921723, 0.000646721)) == ({x3, x6}, (0.0639059, 0.0137239, 0.921723, 0.000646721))
({x3, x7}, (0.985314, 2.55154e-06, 1.26294e-05, 0.0146707)) == ({x3, x7}, (0.985314, 2.55154e-06, 1.26294e-05, 0.0146707))
({x3, x8}, (0.921954, 0.000396348, 0.0639219, 0.0137273)) == ({x3, x8}, (0.921954, 0.000396348, 0.0639219, 0.0137273))
({x3, x9}, (4.14668e-06, 0.0146705, 0.985297, 2.82725e-05)) == ({x3, x9}, (4.14668e-06, 0.0146705, 0.985297, 2.82725e-05))
({x4, x5}, (0.0145421, 0.00745028, 0.00133222, 0.976675)) == ({x4, x5}, (0.0145421, 0.00745028, 0.00133222, 0.976675))
({x4, x6}, (0.0137155, 0.0638669, 0.0012565, 0.921161)) == ({x4, x6}, (0.0137155, 0.0638669, 0.0012565, 0.921161))
({x4, x7}, (0.00134221, 0.983994, 0.0146511, 1.26125e-05)) == ({x4, x7}, (0.00134221, 0.983994, 0.0146511, 1.26125e-05))
({x4, x8}, (0.0012565, 0.921161, 0.0137155, 0.0638669)) == ({x4, x8}, (0.0012565, 0.921161, 0.0137155, 0.0638669))
({x4, x9}, (0.0146512, 6.7072e-06, 0.00134221, 0.984)) == ({x4, x9}, (0.0146512, 6.7072e-06, 0.00134221, 0.984))
({x5, x6}, (0.0137222, 0.0638978, 0.000773177, 0.921607)) == ({x5, x6}, (0.0137222, 0.0638978, 0.000773177, 0.921607))
({x5, x7}, (0.00745999, 0.977949, 0.0145611, 2.95134e-05)) == ({x5, x7}, (0.00745999, 0.977949, 0.0145611, 2.95134e-05))
({x5, x8}, (0.000396348, 0.921954, 0.0137273, 0.0639219)) == ({x5, x8}, (0.000396348, 0.921954, 0.0137273, 0.0639219))
({x5, x9}, (0.0145611, 2.95134e-05, 0.00745999, 0.977949)) == ({x5, x9}, (0.0145611, 2.95134e-05, 0.00745999, 0.977949))
({x6, x7}, (0.0639059, 0.921723, 0.0137239, 0.000646721)) == ({x6, x7}, (0.0639059, 0.921723, 0.0137239, 0.000646721))
({x6, x8}, (0.00485283, 0.920513, 0.063822, 0.0108122)) == ({x6, x8}, (0.00485283, 0.920513, 0.063822, 0.0108122))
({x6, x9}, (0.0137239, 0.000646721, 0.0639059, 0.921723)) == ({x6, x9}, (0.0137239, 0.000646721, 0.0639059, 0.921723))
({x7, x8}, (0.921954, 0.000396348, 0.0639219, 0.0137273)) == ({x7, x8}, (0.921954, 0.000396348, 0.0639219, 0.0137273))
({x7, x9}, (4.14668e-06, 0.0146705, 0.985297, 2.82725e-05)) == ({x7, x9}, (4.14668e-06, 0.0146705, 0.985297, 2.82725e-05))
({x8, x9}, (0.000396348, 0.0137273, 0.921954, 0.0639219)) == ({x8, x9}, (0.000396348, 0.0137273, 0.921954, 0.0639219))
Exact MAP state (log score = 37.6731):
x0: 0
x1: 1
x2: 0
x3: 0
x4: 1
x5: 1
x6: 1
x7: 0
x8: 0
x9: 1
