Builtin inference algorithms: {BP, EXACT, FBP, JTREE, TRWBP}

Exact variable marginals:
({x0}, (0.199902, 0.800098))
({x1}, (0.2366, 0.7634))
({x2}, (0.18587, 0.81413))
({x3}, (0.762198, 0.237802))
({x4}, (0.244531, 0.755469))
({x5}, (0.236754, 0.763246))
({x6}, (0.190281, 0.809719))
({x7}, (0.177451, 0.822549))
({x8}, (0.756032, 0.243968))
({x9}, (0.792286, 0.207714))
Exact factor marginals:
({x0}, (0.199902, 0.800098))
({x1}, (0.2366, 0.7634))
({x2}, (0.18587, 0.81413))
({x3}, (0.762198, 0.237802))
({x4}, (0.244531, 0.755469))
({x5}, (0.236754, 0.763246))
({x6}, (0.190281, 0.809719))
({x7}, (0.177451, 0.822549))
({x8}, (0.756032, 0.243968))
({x9}, (0.792286, 0.207714))
({x0, x1}, (0.175501, 0.0610994, 0.0244007, 0.738999))
({x0, x2}, (0.177155, 0.00871559, 0.022747, 0.791383))
({x0, x3}, (0.0244378, 0.73776, 0.175464, 0.0623383))
({x0, x4}, (0.175489, 0.069042, 0.024413, 0.731056))
({x0, x5}, (0.175495, 0.0612597, 0.0244069, 0.738839))
({x0, x6}, (0.175849, 0.0144315, 0.0240526, 0.785667))
({x0, x7}, (0.17323, 0.00422106, 0.0266713, 0.795877))
({x0, x8}, (0.0244516, 0.731581, 0.17545, 0.0685175))
({x0, x9}, (0.000821891, 0.791464, 0.19908, 0.00863393))
({x1, x2}, (0.183941, 0.00192903, 0.0526591, 0.761471))
({x1, x3}, (4.10594e-05, 0.762157, 0.236559, 0.00124287))
({x1, x4}, (0.232886, 0.0116447, 0.00371427, 0.751755))
({x1, x5}, (0.236593, 0.000161096, 7.00198e-06, 0.763239))
({x1, x6}, (0.189922, 0.000358214, 0.046678, 0.763041))
({x1, x7}, (0.148874, 0.028577, 0.0877259, 0.734823))
({x1, x8}, (5.13943e-05, 0.755981, 0.236549, 0.00741869))
({x1, x9}, (0.0605525, 0.731734, 0.176048, 0.0316659))
({x2, x3}, (0.0017694, 0.760428, 0.184101, 0.0537013))
({x2, x4}, (0.184188, 0.0603426, 0.0016821, 0.753787))
({x2, x5}, (0.183984, 0.0527701, 0.00188592, 0.76136))
({x2, x6}, (0.184194, 0.00608622, 0.0016759, 0.808044))
({x2, x7}, (0.1505, 0.026951, 0.0353699, 0.787179))
({x2, x8}, (0.00192383, 0.754109, 0.183946, 0.0600212))
({x2, x9}, (0.00798482, 0.784302, 0.177885, 0.0298283))
({x3, x4}, (0.0104021, 0.234129, 0.751796, 0.00367348))
({x3, x5}, (3.93067e-05, 0.236715, 0.762159, 0.00108702))
({x3, x6}, (0.000386533, 0.189894, 0.761811, 0.0479081))
({x3, x7}, (0.0286159, 0.148835, 0.733582, 0.0889667))
({x3, x8}, (0.755876, 0.00015658, 0.00632207, 0.237646))
({x3, x9}, (0.731598, 0.0606878, 0.0305994, 0.177114))
({x4, x5}, (0.233042, 0.00371254, 0.0114889, 0.751757))
({x4, x6}, (0.189918, 0.000362348, 0.0546125, 0.755107))
({x4, x7}, (0.148867, 0.0285845, 0.0956639, 0.726885))
({x4, x8}, (0.0065151, 0.749517, 0.238016, 0.00595198))
({x4, x9}, (0.0610732, 0.731213, 0.183457, 0.0242562))
({x5, x6}, (0.189922, 0.00035877, 0.0468326, 0.762887))
({x5, x7}, (0.148872, 0.0285793, 0.0878823, 0.734666))
({x5, x8}, (4.95339e-05, 0.755983, 0.236705, 0.00726274))
({x5, x9}, (0.060664, 0.731622, 0.17609, 0.0316233))
({x6, x7}, (0.149222, 0.0282298, 0.041059, 0.78149))
({x6, x8}, (0.000399761, 0.755633, 0.189881, 0.0540868))
({x6, x9}, (0.0138968, 0.77839, 0.176384, 0.0313299))
({x7, x8}, (0.0286284, 0.727404, 0.148823, 0.0951446))
({x7, x9}, (0.0043398, 0.787947, 0.173112, 0.0346021))
({x8, x9}, (0.729179, 0.0631075, 0.0268536, 0.18086))
Exact log partition sum: 28.9881
Exact MAP variable marginals:
({x0}, (0.17093, 0.82907))
({x1}, (0.17093, 0.82907))
({x2}, (0.17093, 0.82907))
({x3}, (0.82907, 0.17093))
({x4}, (0.17093, 0.82907))
({x5}, (0.17093, 0.82907))
({x6}, (0.17093, 0.82907))
({x7}, (0.17093, 0.82907))
({x8}, (0.82907, 0.17093))
({x9}, (0.82907, 0.17093))
Exact MAP factor marginals:
({x0}, (0.17093, 0.82907)) == ({x0}, (0.17093, 0.82907))
({x1}, (0.17093, 0.82907)) == ({x1}, (0.17093, 0.82907))
({x2}, (0.17093, 0.82907)) == ({x2}, (0.17093, 0.82907))
({x3}, (0.82907, 0.17093)) == ({x3}, (0.82907, 0.17093))
({x4}, (0.17093, 0.82907)) == ({x4}, (0.17093, 0.82907))
({x5}, (0.17093, 0.82907)) == ({x5}, (0.17093, 0.82907))
({x6}, (0.17093, 0.82907)) == ({x6}, (0.17093, 0.82907))
({x7}, (0.17093, 0.82907)) == ({x7}, (0.17093, 0.82907))
({x8}, (0.82907, 0.17093)) == ({x8}, (0.82907, 0.17093))
({x9}, (0.82907, 0.17093)) == ({x9}, (0.82907, 0.17093))
({x0, x1}, (0.159, 0.0459865, 0.023812, 0.771202)) == ({x0, x1}, (0.159, 0.0459865, 0.023812, 0.771202))
({x0, x2}, (0.165273, 0.00834642, 0.0247514, 0.801629)) == ({x0, x2}, (0.165273, 0.00834642, 0.0247514, 0.801629))
({x0, x3}, (0.023812, 0.771202, 0.159, 0.0459865)) == ({x0, x3}, (0.023812, 0.771202, 0.159, 0.0459865))
({x0, x4}, (0.159, 0.0459865, 0.023812, 0.771202)) == ({x0, x4}, (0.159, 0.0459865, 0.023812, 0.771202))
({x0, x5}, (0.159, 0.0459865, 0.023812, 0.771202)) == ({x0, x5}, (0.159, 0.0459865, 0.023812, 0.771202))
({x0, x6}, (0.165273, 0.00834642, 0.0247514, 0.801629)) == ({x0, x6}, (0.165273, 0.00834642, 0.0247514, 0.801629))
({x0, x7}, (0.165198, 0.00431413, 0.0292217, 0.801266)) == ({x0, x7}, (0.165198, 0.00431413, 0.0292217, 0.801266))
({x0, x8}, (0.023812, 0.771202, 0.159, 0.0459865)) == ({x0, x8}, (0.023812, 0.771202, 0.159, 0.0459865))
({x0, x9}, (0.000470251, 0.824992, 0.17009, 0.00444762)) == ({x0, x9}, (0.000470251, 0.824992, 0.17009, 0.00444762))
({x1, x2}, (0.162639, 0.00146798, 0.0470391, 0.788854)) == ({x1, x2}, (0.162639, 0.00146798, 0.0470391, 0.788854))
({x1, x3}, (2.81209e-05, 0.828175, 0.170746, 0.00105142)) == ({x1, x3}, (2.81209e-05, 0.828175, 0.170746, 0.00105142))
({x1, x4}, (0.169479, 0.00443166, 0.00405728, 0.822032)) == ({x1, x4}, (0.169479, 0.00443166, 0.00405728, 0.822032))
({x1, x5}, (0.170909, 0.00011964, 3.39866e-06, 0.828968)) == ({x1, x5}, (0.170909, 0.00011964, 3.39866e-06, 0.828968))
({x1, x6}, (0.162841, 0.000227561, 0.0470975, 0.789834)) == ({x1, x6}, (0.162841, 0.000227561, 0.0470975, 0.789834))
({x1, x7}, (0.159, 0.023812, 0.0459865, 0.771202)) == ({x1, x7}, (0.159, 0.023812, 0.0459865, 0.771202))
({x1, x8}, (4.89412e-05, 0.82534, 0.170161, 0.0044495)) == ({x1, x8}, (4.89412e-05, 0.82534, 0.170161, 0.0044495))
({x1, x9}, (0.0459865, 0.771202, 0.159, 0.023812)) == ({x1, x9}, (0.0459865, 0.771202, 0.159, 0.023812))
({x2, x3}, (0.00146798, 0.788854, 0.162639, 0.0470391)) == ({x2, x3}, (0.00146798, 0.788854, 0.162639, 0.0470391))
({x2, x4}, (0.162639, 0.0470391, 0.00146798, 0.788854)) == ({x2, x4}, (0.162639, 0.0470391, 0.00146798, 0.788854))
({x2, x5}, (0.162639, 0.0470391, 0.00146798, 0.788854)) == ({x2, x5}, (0.162639, 0.0470391, 0.00146798, 0.788854))
({x2, x6}, (0.169498, 0.006851, 0.00152988, 0.822121)) == ({x2, x6}, (0.169498, 0.006851, 0.00152988, 0.822121))
({x2, x7}, (0.161891, 0.024245, 0.0286367, 0.785227)) == ({x2, x7}, (0.161891, 0.024245, 0.0286367, 0.785227))
({x2, x8}, (0.00146798, 0.788854, 0.162639, 0.0470391)) == ({x2, x8}, (0.00146798, 0.788854, 0.162639, 0.0470391))
({x2, x9}, (0.00834642, 0.801629, 0.165273, 0.0247514)) == ({x2, x9}, (0.00834642, 0.801629, 0.165273, 0.0247514))
({x3, x4}, (0.00443166, 0.169479, 0.822032, 0.00405728)) == ({x3, x4}, (0.00443166, 0.169479, 0.822032, 0.00405728))
({x3, x5}, (2.81209e-05, 0.170746, 0.828175, 0.00105142)) == ({x3, x5}, (2.81209e-05, 0.170746, 0.828175, 0.00105142))
({x3, x6}, (0.000227561, 0.162841, 0.789834, 0.0470975)) == ({x3, x6}, (0.000227561, 0.162841, 0.789834, 0.0470975))
({x3, x7}, (0.023812, 0.159, 0.771202, 0.0459865)) == ({x3, x7}, (0.023812, 0.159, 0.771202, 0.0459865))
({x3, x8}, (0.825282, 0.000119847, 0.00444918, 0.170149)) == ({x3, x8}, (0.825282, 0.000119847, 0.00444918, 0.170149))
({x3, x9}, (0.771202, 0.0459865, 0.023812, 0.159)) == ({x3, x9}, (0.771202, 0.0459865, 0.023812, 0.159))
({x4, x5}, (0.169479, 0.00405728, 0.00443166, 0.822032)) == ({x4, x5}, (0.169479, 0.00405728, 0.00443166, 0.822032))
({x4, x6}, (0.162841, 0.000227561, 0.0470975, 0.789834)) == ({x4, x6}, (0.162841, 0.000227561, 0.0470975, 0.789834))
({x4, x7}, (0.159, 0.023812, 0.0459865, 0.771202)) == ({x4, x7}, (0.159, 0.023812, 0.0459865, 0.771202))
({x4, x8}, (0.00433726, 0.82211, 0.169495, 0.00405766)) == ({x4, x8}, (0.00433726, 0.82211, 0.169495, 0.00405766))
({x4, x9}, (0.0459865, 0.771202, 0.159, 0.023812)) == ({x4, x9}, (0.0459865, 0.771202, 0.159, 0.023812))
({x5, x6}, (0.162841, 0.000227561, 0.0470975, 0.789834)) == ({x5, x6}, (0.162841, 0.000227561, 0.0470975, 0.789834))
({x5, x7}, (0.159, 0.023812, 0.0459865, 0.771202)) == ({x5, x7}, (0.159, 0.023812, 0.0459865, 0.771202))
({x5, x8}, (4.89412e-05, 0.82534, 0.170161, 0.0044495)) == ({x5, x8}, (4.89412e-05, 0.82534, 0.170161, 0.0044495))
({x5, x9}, (0.0459865, 0.771202, 0.159, 0.023812)) == ({x5, x9}, (0.0459865, 0.771202, 0.159, 0.023812))
({x6, x7}, (0.161891, 0.024245, 0.0286367, 0.785227)) == ({x6, x7}, (0.161891, 0.024245, 0.0286367, 0.785227))
({x6, x8}, (0.000227561, 0.789834, 0.162841, 0.0470975)) == ({x6, x8}, (0.000227561, 0.789834, 0.162841, 0.0470975))
({x6, x9}, (0.00834642, 0.801629, 0.165273, 0.0247514)) == ({x6, x9}, (0.00834642, 0.801629, 0.165273, 0.0247514))
({x7, x8}, (0.023812, 0.771202, 0.159, 0.0459865)) == ({x7, x8}, (0.023812, 0.771202, 0.159, 0.0459865))
({x7, x9}, (0.00431413, 0.801266, 0.165198, 0.0292217)) == ({x7, x9}, (0.00431413, 0.801266, 0.165198, 0.0292217))
({x8, x9}, (0.771202, 0.0459865, 0.023812, 0.159)) == ({x8, x9}, (0.771202, 0.0459865, 0.023812, 0.159))
Exact MAP state (log score = 28.661):
x0: 1
x1: 1
x2: 1
x3: 0
x4: 1
x5: 1
x6: 1
x7: 1
x8: 0
x9: 0
