Builtin inference algorithms: {BP, EXACT, FBP, JTREE, TRWBP}

Exact variable marginals:
({x0}, (0.164681, 0.835319))
({x1}, (0.164678, 0.835322))
({x2}, (0.836331, 0.163669))
({x3}, (0.164658, 0.835342))
({x4}, (0.835432, 0.164568))
({x5}, (0.835315, 0.164685))
({x6}, (0.88957, 0.11043))
({x7}, (0.835316, 0.164684))
({x8}, (0.166257, 0.833743))
({x9}, (0.887636, 0.112364))
Exact factor marginals:
({x0}, (0.164681, 0.835319))
({x1}, (0.164678, 0.835322))
({x2}, (0.836331, 0.163669))
({x3}, (0.164658, 0.835342))
({x4}, (0.835432, 0.164568))
({x5}, (0.835315, 0.164685))
({x6}, (0.88957, 0.11043))
({x7}, (0.835316, 0.164684))
({x8}, (0.166257, 0.833743))
({x9}, (0.887636, 0.112364))
({x0, x1}, (0.164678, 4.15332e-07, 3.38133e-06, 0.835319))
({x0, x2}, (0.00102806, 0.835303, 0.163653, 1.62704e-05))
({x0, x3}, (0.164653, 4.54377e-06, 2.7774e-05, 0.835314))
({x0, x4}, (0.000115397, 0.835316, 0.164566, 2.52743e-06))
({x0, x5}, (3.23319e-07, 0.835315, 0.164681, 4.29113e-06))
({x0, x6}, (0.0581946, 0.831376, 0.106486, 0.00394316))
({x0, x7}, (1.3775e-06, 0.835314, 0.16468, 4.65925e-06))
({x0, x8}, (0.161588, 0.00466854, 0.00309285, 0.83065))
({x0, x9}, (0.0533988, 0.834237, 0.111282, 0.00108207))
({x1, x2}, (0.00102814, 0.835303, 0.16365, 1.93126e-05))
({x1, x3}, (0.164653, 4.65505e-06, 2.49193e-05, 0.835317))
({x1, x4}, (0.000115411, 0.835316, 0.164563, 5.50738e-06))
({x1, x5}, (7.15786e-07, 0.835314, 0.164677, 7.64959e-06))
({x1, x6}, (0.0581918, 0.831379, 0.106486, 0.00394333))
({x1, x7}, (1.76996e-06, 0.835314, 0.164676, 8.0177e-06))
({x1, x8}, (0.161585, 0.00467188, 0.00309323, 0.83065))
({x1, x9}, (0.0533955, 0.83424, 0.111283, 0.00108169))
({x2, x3}, (0.00103258, 0.163625, 0.835298, 4.40119e-05))
({x2, x4}, (0.835302, 0.000129606, 0.00102853, 0.16354))
({x2, x5}, (0.835298, 1.65754e-05, 0.00103234, 0.163653))
({x2, x6}, (0.832403, 0.0571677, 0.00392802, 0.106502))
({x2, x7}, (0.835299, 1.66119e-05, 0.00103169, 0.163653))
({x2, x8}, (0.00482079, 0.161436, 0.83151, 0.00223331))
({x2, x9}, (0.834222, 0.0534137, 0.00210877, 0.110255))
({x3, x4}, (0.000119857, 0.835312, 0.164538, 3.02182e-05))
({x3, x5}, (7.11138e-07, 0.835314, 0.164657, 2.79092e-05))
({x3, x6}, (0.058171, 0.831399, 0.106487, 0.0039428))
({x3, x7}, (2.4117e-06, 0.835313, 0.164655, 2.89237e-05))
({x3, x8}, (0.161573, 0.00468414, 0.00308522, 0.830658))
({x3, x9}, (0.0533753, 0.83426, 0.111282, 0.0010818))
({x4, x5}, (0.835312, 2.83904e-06, 0.000119676, 0.164565))
({x4, x6}, (0.831484, 0.0580862, 0.00394764, 0.106482))
({x4, x7}, (0.835312, 3.8743e-06, 0.000120025, 0.164564))
({x4, x8}, (0.00478393, 0.161473, 0.830648, 0.00309537))
({x4, x9}, (0.834351, 0.0532847, 0.00108076, 0.111283))
({x5, x6}, (0.831372, 0.0581983, 0.00394287, 0.106487))
({x5, x7}, (0.835314, 1.85972e-06, 1.17366e-06, 0.164683))
({x5, x8}, (0.00466427, 0.161592, 0.830651, 0.00309255))
({x5, x9}, (0.834233, 0.0534031, 0.00108239, 0.111282))
({x6, x7}, (0.831371, 0.00394443, 0.0581992, 0.106485))
({x6, x8}, (0.0612364, 0.10502, 0.828334, 0.00540921))
({x6, x9}, (0.882242, 0.00539421, 0.00732891, 0.105035))
({x7, x8}, (0.00466401, 0.161593, 0.830652, 0.0030916))
({x7, x9}, (0.834232, 0.0534035, 0.00108345, 0.111281))
({x8, x9}, (0.0579848, 0.829651, 0.108272, 0.00409231))
Exact log partition sum: 41.1575
Exact MAP variable marginals:
({x0}, (0.110587, 0.889413))
({x1}, (0.110587, 0.889413))
({x2}, (0.889413, 0.110587))
({x3}, (0.110587, 0.889413))
({x4}, (0.889413, 0.110587))
({x5}, (0.889413, 0.110587))
({x6}, (0.889413, 0.110587))
({x7}, (0.889413, 0.110587))
({x8}, (0.110587, 0.889413))
({x9}, (0.889413, 0.110587))
Exact MAP factor marginals:
({x0}, (0.110587, 0.889413)) == ({x0}, (0.110587, 0.889413))
({x1}, (0.110587, 0.889413)) == ({x1}, (0.110587, 0.889413))
({x2}, (0.889413, 0.110587)) == ({x2}, (0.889413, 0.110587))
({x3}, (0.110587, 0.889413)) == ({x3}, (0.110587, 0.889413))
({x4}, (0.889413, 0.110587)) == ({x4}, (0.889413, 0.110587))
({x5}, (0.889413, 0.110587)) == ({x5}, (0.889413, 0.110587))
({x6}, (0.889413, 0.110587)) == ({x6}, (0.889413, 0.110587))
({x7}, (0.889413, 0.110587)) == ({x7}, (0.889413, 0.110587))
({x8}, (0.110587, 0.889413)) == ({x8}, (0.110587, 0.889413))
({x9}, (0.889413, 0.110587)) == ({x9}, (0.889413, 0.110587))
({x0, x1}, (0.110586, 1.98088e-07, 2.79134e-06, 0.889411)) == ({x0, x1}, (0.110586, 1.98088e-07, 2.79134e-06, 0.889411))
({x0, x2}, (0.000929145, 0.888577, 0.110483, 1.13341e-05)) == ({x0, x2}, (0.000929145, 0.888577, 0.110483, 1.13341e-05))
({x0, x3}, (0.110584, 3.62209e-06, 1.78253e-05, 0.889394)) == ({x0, x3}, (0.110584, 3.62209e-06, 1.78253e-05, 0.889394))
({x0, x4}, (0.000115802, 0.889309, 0.110574, 1.2989e-06)) == ({x0, x4}, (0.000115802, 0.889309, 0.110574, 1.2989e-06))
({x0, x5}, (1.71832e-07, 0.88941, 0.110586, 3.62216e-06)) == ({x0, x5}, (1.71832e-07, 0.88941, 0.110586, 3.62216e-06))
({x0, x6}, (0.0519142, 0.840414, 0.104494, 0.00317777)) == ({x0, x6}, (0.0519142, 0.840414, 0.104494, 0.00317777))
({x0, x7}, (8.47804e-07, 0.889409, 0.110586, 3.62216e-06)) == ({x0, x7}, (8.47804e-07, 0.889409, 0.110586, 3.62216e-06))
({x0, x8}, (0.109862, 0.00485134, 0.00170041, 0.883586)) == ({x0, x8}, (0.109862, 0.00485134, 0.00170041, 0.883586))
({x0, x9}, (0.0520433, 0.842504, 0.104754, 0.000698242)) == ({x0, x9}, (0.0520433, 0.842504, 0.104754, 0.000698242))
({x1, x2}, (0.000929145, 0.888577, 0.110483, 1.13341e-05)) == ({x1, x2}, (0.000929145, 0.888577, 0.110483, 1.13341e-05))
({x1, x3}, (0.110584, 3.62209e-06, 1.78253e-05, 0.889394)) == ({x1, x3}, (0.110584, 3.62209e-06, 1.78253e-05, 0.889394))
({x1, x4}, (0.000115802, 0.889308, 0.110574, 2.79102e-06)) == ({x1, x4}, (0.000115802, 0.889308, 0.110574, 2.79102e-06))
({x1, x5}, (1.98087e-07, 0.88941, 0.110586, 3.62216e-06)) == ({x1, x5}, (1.98087e-07, 0.88941, 0.110586, 3.62216e-06))
({x1, x6}, (0.0519142, 0.840414, 0.104494, 0.00317777)) == ({x1, x6}, (0.0519142, 0.840414, 0.104494, 0.00317777))
({x1, x7}, (8.47804e-07, 0.889409, 0.110586, 3.62216e-06)) == ({x1, x7}, (8.47804e-07, 0.889409, 0.110586, 3.62216e-06))
({x1, x8}, (0.109862, 0.00485134, 0.00170041, 0.883586)) == ({x1, x8}, (0.109862, 0.00485134, 0.00170041, 0.883586))
({x1, x9}, (0.0520433, 0.842504, 0.104754, 0.000698242)) == ({x1, x9}, (0.0520433, 0.842504, 0.104754, 0.000698242))
({x2, x3}, (0.000929139, 0.110482, 0.888571, 1.78088e-05)) == ({x2, x3}, (0.000929139, 0.110482, 0.888571, 1.78088e-05))
({x2, x4}, (0.888484, 0.000115694, 0.000929048, 0.110471)) == ({x2, x4}, (0.888484, 0.000115694, 0.000929048, 0.110471))
({x2, x5}, (0.888577, 1.13341e-05, 0.000929145, 0.110483)) == ({x2, x5}, (0.888577, 1.13341e-05, 0.000929145, 0.110483))
({x2, x6}, (0.840414, 0.0519142, 0.00317777, 0.104494)) == ({x2, x6}, (0.840414, 0.0519142, 0.00317777, 0.104494))
({x2, x7}, (0.888577, 1.13341e-05, 0.000929145, 0.110483)) == ({x2, x7}, (0.888577, 1.13341e-05, 0.000929145, 0.110483))
({x2, x8}, (0.00485134, 0.109862, 0.883586, 0.00170041)) == ({x2, x8}, (0.00485134, 0.109862, 0.883586, 0.00170041))
({x2, x9}, (0.84235, 0.0520338, 0.000880808, 0.104735)) == ({x2, x9}, (0.84235, 0.0520338, 0.000880808, 0.104735))
({x3, x4}, (0.0001158, 0.889294, 0.110572, 1.78233e-05)) == ({x3, x4}, (0.0001158, 0.889294, 0.110572, 1.78233e-05))
({x3, x5}, (2.49577e-07, 0.889397, 0.110585, 1.78254e-05)) == ({x3, x5}, (2.49577e-07, 0.889397, 0.110585, 1.78254e-05))
({x3, x6}, (0.0519142, 0.840414, 0.104494, 0.00317777)) == ({x3, x6}, (0.0519142, 0.840414, 0.104494, 0.00317777))
({x3, x7}, (8.47792e-07, 0.889397, 0.110585, 1.78254e-05)) == ({x3, x7}, (8.47792e-07, 0.889397, 0.110585, 1.78254e-05))
({x3, x8}, (0.109862, 0.00485134, 0.00170041, 0.883586)) == ({x3, x8}, (0.109862, 0.00485134, 0.00170041, 0.883586))
({x3, x9}, (0.0520433, 0.842504, 0.104754, 0.000698242)) == ({x3, x9}, (0.0520433, 0.842504, 0.104754, 0.000698242))
({x4, x5}, (0.889309, 1.2989e-06, 0.000115802, 0.110574)) == ({x4, x5}, (0.889309, 1.2989e-06, 0.000115802, 0.110574))
({x4, x6}, (0.840414, 0.0519142, 0.00317777, 0.104494)) == ({x4, x6}, (0.840414, 0.0519142, 0.00317777, 0.104494))
({x4, x7}, (0.889309, 1.2989e-06, 0.000115802, 0.110574)) == ({x4, x7}, (0.889309, 1.2989e-06, 0.000115802, 0.110574))
({x4, x8}, (0.00485134, 0.109862, 0.883586, 0.00170041)) == ({x4, x8}, (0.00485134, 0.109862, 0.883586, 0.00170041))
({x4, x9}, (0.842504, 0.0520433, 0.000698242, 0.104754)) == ({x4, x9}, (0.842504, 0.0520433, 0.000698242, 0.104754))
({x5, x6}, (0.840414, 0.0519142, 0.00317777, 0.104494)) == ({x5, x6}, (0.840414, 0.0519142, 0.00317777, 0.104494))
({x5, x7}, (0.889412, 8.47807e-07, 8.37012e-07, 0.110586)) == ({x5, x7}, (0.889412, 8.47807e-07, 8.37012e-07, 0.110586))
({x5, x8}, (0.00485134, 0.109862, 0.883586, 0.00170041)) == ({x5, x8}, (0.00485134, 0.109862, 0.883586, 0.00170041))
({x5, x9}, (0.842504, 0.0520433, 0.000698242, 0.104754)) == ({x5, x9}, (0.842504, 0.0520433, 0.000698242, 0.104754))
({x6, x7}, (0.840414, 0.00317777, 0.0519142, 0.104494)) == ({x6, x7}, (0.840414, 0.00317777, 0.0519142, 0.104494))
({x6, x8}, (0.0519142, 0.104494, 0.840414, 0.00317777)) == ({x6, x8}, (0.0519142, 0.104494, 0.840414, 0.00317777))
({x6, x9}, (0.881371, 0.00333264, 0.00570922, 0.109587)) == ({x6, x9}, (0.881371, 0.00333264, 0.00570922, 0.109587))
({x7, x8}, (0.00485134, 0.109862, 0.883586, 0.00170041)) == ({x7, x8}, (0.00485134, 0.109862, 0.883586, 0.00170041))
({x7, x9}, (0.842504, 0.0520433, 0.000698242, 0.104754)) == ({x7, x9}, (0.842504, 0.0520433, 0.000698242, 0.104754))
({x8, x9}, (0.0519953, 0.841727, 0.104658, 0.00161985)) == ({x8, x9}, (0.0519953, 0.841727, 0.104658, 0.00161985))
Exact MAP state (log score = 40.9668):
x0: 1
x1: 1
x2: 0
x3: 1
x4: 0
x5: 0
x6: 0
x7: 0
x8: 1
x9: 0
