Builtin inference algorithms: {BP, EXACT, FBP, JTREE, TRWBP}

Exact variable marginals:
({x0}, (0.996473, 0.0035269))
({x1}, (0.00555932, 0.994441))
({x2}, (0.996611, 0.00338949))
({x3}, (0.00538609, 0.994614))
({x4}, (0.00515499, 0.994845))
({x5}, (0.00387972, 0.99612))
({x6}, (0.99452, 0.00548008))
({x7}, (0.996861, 0.0031393))
({x8}, (0.996303, 0.00369702))
({x9}, (0.00317759, 0.996822))
Exact factor marginals:
({x0}, (0.996473, 0.0035269))
({x1}, (0.00555932, 0.994441))
({x2}, (0.996611, 0.00338949))
({x3}, (0.00538609, 0.994614))
({x4}, (0.00515499, 0.994845))
({x5}, (0.00387972, 0.99612))
({x6}, (0.99452, 0.00548008))
({x7}, (0.996861, 0.0031393))
({x8}, (0.996303, 0.00369702))
({x9}, (0.00317759, 0.996822))
({x0, x1}, (0.00203632, 0.003523, 0.994437, 3.90577e-06))
({x0, x2}, (0.996167, 0.000443059, 0.000305645, 0.00308384))
({x0, x3}, (0.00188033, 0.00350576, 0.994593, 2.11385e-05))
({x0, x4}, (0.00164916, 0.00350583, 0.994824, 2.1069e-05))
({x0, x5}, (0.000359552, 0.00352016, 0.996114, 6.73934e-06))
({x0, x6}, (0.994516, 3.90563e-06, 0.00195709, 0.003523))
({x0, x7}, (0.996466, 0.000394234, 6.63211e-06, 0.00313267))
({x0, x8}, (0.995862, 0.000440986, 0.000611106, 0.00308592))
({x0, x9}, (5.56138e-05, 0.00312198, 0.996417, 0.000404927))
({x1, x2}, (0.00246837, 0.994142, 0.00309095, 0.000298541))
({x1, x3}, (0.0053836, 2.48983e-06, 0.000175719, 0.994438))
({x1, x4}, (0.00514455, 1.0444e-05, 0.000414773, 0.99443))
({x1, x5}, (0.0038755, 4.21178e-06, 0.00168382, 0.994436))
({x1, x6}, (9.87773e-05, 0.994421, 0.00546054, 1.95416e-05))
({x1, x7}, (0.00243048, 0.99443, 0.00312883, 1.0466e-05))
({x1, x8}, (0.0023771, 0.993926, 0.00318222, 0.000514807))
({x1, x9}, (0.00311807, 5.95194e-05, 0.00244125, 0.994381))
({x2, x3}, (0.00230624, 0.00307985, 0.994304, 0.000309642))
({x2, x4}, (0.0020721, 0.00308289, 0.994538, 0.000306599))
({x2, x5}, (0.000796448, 0.00308327, 0.995814, 0.000306221))
({x2, x6}, (0.99421, 0.000309549, 0.00240014, 0.00307994))
({x2, x7}, (0.996561, 0.000299285, 4.90963e-05, 0.0030902))
({x2, x8}, (0.996233, 6.99246e-05, 0.000377459, 0.00331956))
({x2, x9}, (8.51666e-05, 0.00309242, 0.996525, 0.000297066))
({x3, x4}, (0.00511124, 4.3754e-05, 0.000274854, 0.99457))
({x3, x5}, (0.00385965, 2.00658e-05, 0.00152644, 0.994594))
({x3, x6}, (7.53024e-06, 0.994512, 0.00537856, 0.000101524))
({x3, x7}, (0.00225717, 0.994604, 0.00312892, 1.03764e-05))
({x3, x8}, (0.00221992, 0.994083, 0.00316617, 0.00053085))
({x3, x9}, (0.00311894, 5.86507e-05, 0.00226715, 0.994555))
({x4, x5}, (0.00359099, 0.000288727, 0.001564, 0.994556))
({x4, x6}, (8.29819e-06, 0.994512, 0.00514669, 0.000333392))
({x4, x7}, (0.00202504, 0.994836, 0.00312995, 9.3459e-06))
({x4, x8}, (0.00198968, 0.994313, 0.00316531, 0.00053171))
({x4, x9}, (0.00311919, 5.83984e-05, 0.0020358, 0.994787))
({x5, x6}, (4.08554e-06, 0.994516, 0.00387563, 0.00160445))
({x5, x7}, (0.000748474, 0.996112, 0.00313124, 8.05859e-06))
({x5, x8}, (0.000795212, 0.995508, 0.0030845, 0.000612519))
({x5, x9}, (0.00312169, 5.59002e-05, 0.000758027, 0.996064))
({x6, x7}, (0.994509, 0.00235125, 1.04659e-05, 0.00312883))
({x6, x8}, (0.993984, 0.00231933, 0.000536268, 0.00316075))
({x6, x9}, (5.95194e-05, 0.00311807, 0.99446, 0.00236201))
({x7, x8}, (0.996256, 4.67775e-05, 0.0006045, 0.00309252))
({x7, x9}, (4.90796e-05, 0.00312851, 0.996812, 1.07909e-05))
({x8, x9}, (8.62406e-05, 0.00309135, 0.996217, 0.000605674))
Exact log partition sum: 40.979
Exact MAP variable marginals:
({x0}, (0.996915, 0.00308451))
({x1}, (0.00308451, 0.996915))
({x2}, (0.996915, 0.00308451))
({x3}, (0.00308451, 0.996915))
({x4}, (0.00308451, 0.996915))
({x5}, (0.00308451, 0.996915))
({x6}, (0.996915, 0.00308451))
({x7}, (0.996915, 0.00308451))
({x8}, (0.996915, 0.00308451))
({x9}, (0.00308451, 0.996915))
Exact MAP factor marginals:
({x0}, (0.996915, 0.00308451)) == ({x0}, (0.996915, 0.00308451))
({x1}, (0.00308451, 0.996915)) == ({x1}, (0.00308451, 0.996915))
({x2}, (0.996915, 0.00308451)) == ({x2}, (0.996915, 0.00308451))
({x3}, (0.00308451, 0.996915)) == ({x3}, (0.00308451, 0.996915))
({x4}, (0.00308451, 0.996915)) == ({x4}, (0.00308451, 0.996915))
({x5}, (0.00308451, 0.996915)) == ({x5}, (0.00308451, 0.996915))
({x6}, (0.996915, 0.00308451)) == ({x6}, (0.996915, 0.00308451))
({x7}, (0.996915, 0.00308451)) == ({x7}, (0.996915, 0.00308451))
({x8}, (0.996915, 0.00308451)) == ({x8}, (0.996915, 0.00308451))
({x9}, (0.00308451, 0.996915)) == ({x9}, (0.00308451, 0.996915))
({x0, x1}, (0.00144147, 0.00308006, 0.995476, 2.33362e-06)) == ({x0, x1}, (0.00144147, 0.00308006, 0.995476, 2.33362e-06))
({x0, x2}, (0.996328, 0.000371511, 0.000217956, 0.0030827)) == ({x0, x2}, (0.996328, 0.000371511, 0.000217956, 0.0030827))
({x0, x3}, (0.00144146, 0.00308003, 0.995466, 1.26456e-05)) == ({x0, x3}, (0.00144146, 0.00308003, 0.995466, 1.26456e-05))
({x0, x4}, (0.00144146, 0.00308003, 0.995466, 1.26456e-05)) == ({x0, x4}, (0.00144146, 0.00308003, 0.995466, 1.26456e-05))
({x0, x5}, (0.000264083, 0.00308369, 0.996648, 4.18535e-06)) == ({x0, x5}, (0.000264083, 0.00308369, 0.996648, 4.18535e-06))
({x0, x6}, (0.995476, 2.33362e-06, 0.00144147, 0.00308006)) == ({x0, x6}, (0.995476, 2.33362e-06, 0.00144147, 0.00308006))
({x0, x7}, (0.996539, 0.00037159, 6.27926e-06, 0.00308335)) == ({x0, x7}, (0.996539, 0.00037159, 6.27926e-06, 0.00308335))
({x0, x8}, (0.996262, 0.000371487, 0.00028384, 0.00308249)) == ({x0, x8}, (0.996262, 0.000371487, 0.00028384, 0.00308249))
({x0, x9}, (4.40847e-05, 0.00308323, 0.996501, 0.000371576)) == ({x0, x9}, (4.40847e-05, 0.00308323, 0.996501, 0.000371576))
({x1, x2}, (0.00144116, 0.995262, 0.0030794, 0.000217723)) == ({x1, x2}, (0.00144116, 0.995262, 0.0030794, 0.000217723))
({x1, x3}, (0.00308427, 1.21864e-06, 7.74024e-05, 0.996837)) == ({x1, x3}, (0.00308427, 1.21864e-06, 7.74024e-05, 0.996837))
({x1, x4}, (0.00308369, 3.82275e-06, 0.000264083, 0.996648)) == ({x1, x4}, (0.00308369, 3.82275e-06, 0.000264083, 0.996648))
({x1, x5}, (0.00308006, 2.33362e-06, 0.00144147, 0.995476)) == ({x1, x5}, (0.00308006, 2.33362e-06, 0.00144147, 0.995476))
({x1, x6}, (7.74013e-05, 0.996823, 0.00308423, 1.53231e-05)) == ({x1, x6}, (7.74013e-05, 0.996823, 0.00308423, 1.53231e-05))
({x1, x7}, (0.00144147, 0.995472, 0.00308005, 6.27254e-06)) == ({x1, x7}, (0.00144147, 0.995472, 0.00308005, 6.27254e-06))
({x1, x8}, (0.00144107, 0.995196, 0.00307919, 0.000283536)) == ({x1, x8}, (0.00144107, 0.995196, 0.00307919, 0.000283536))
({x1, x9}, (0.00307993, 4.40376e-05, 0.00144141, 0.995435)) == ({x1, x9}, (0.00307993, 4.40376e-05, 0.00144141, 0.995435))
({x2, x3}, (0.00144116, 0.0030794, 0.995262, 0.000217723)) == ({x2, x3}, (0.00144116, 0.0030794, 0.995262, 0.000217723))
({x2, x4}, (0.00144116, 0.0030794, 0.995262, 0.000217723)) == ({x2, x4}, (0.00144116, 0.0030794, 0.995262, 0.000217723))
({x2, x5}, (0.000371511, 0.0030827, 0.996328, 0.000217956)) == ({x2, x5}, (0.000371511, 0.0030827, 0.996328, 0.000217956))
({x2, x6}, (0.995262, 0.000217723, 0.00144116, 0.0030794)) == ({x2, x6}, (0.995262, 0.000217723, 0.00144116, 0.0030794))
({x2, x7}, (0.996662, 0.000218029, 3.67118e-05, 0.00308373)) == ({x2, x7}, (0.996662, 0.000218029, 3.67118e-05, 0.00308373))
({x2, x8}, (0.996568, 6.49807e-05, 0.000283927, 0.00308344)) == ({x2, x8}, (0.996568, 6.49807e-05, 0.000283927, 0.00308344))
({x2, x9}, (4.40915e-05, 0.00308371, 0.996654, 0.000218028)) == ({x2, x9}, (4.40915e-05, 0.00308371, 0.996654, 0.000218028))
({x3, x4}, (0.00308361, 2.88814e-05, 0.000264077, 0.996623)) == ({x3, x4}, (0.00308361, 2.88814e-05, 0.000264077, 0.996623))
({x3, x5}, (0.00308003, 1.26456e-05, 0.00144146, 0.995466)) == ({x3, x5}, (0.00308003, 1.26456e-05, 0.00144146, 0.995466))
({x3, x6}, (3.501e-06, 0.996879, 0.0030844, 3.29985e-05)) == ({x3, x6}, (3.501e-06, 0.996879, 0.0030844, 3.29985e-05))
({x3, x7}, (0.00144147, 0.995472, 0.00308005, 6.27254e-06)) == ({x3, x7}, (0.00144147, 0.995472, 0.00308005, 6.27254e-06))
({x3, x8}, (0.00144107, 0.995196, 0.00307919, 0.000283536)) == ({x3, x8}, (0.00144107, 0.995196, 0.00307919, 0.000283536))
({x3, x9}, (0.00307993, 4.40376e-05, 0.00144141, 0.995435)) == ({x3, x9}, (0.00307993, 4.40376e-05, 0.00144141, 0.995435))
({x4, x5}, (0.00307926, 0.000263704, 0.0014411, 0.995216)) == ({x4, x5}, (0.00307926, 0.000263704, 0.0014411, 0.995216))
({x4, x6}, (3.6591e-06, 0.996649, 0.00308369, 0.000264083)) == ({x4, x6}, (3.6591e-06, 0.996649, 0.00308369, 0.000264083))
({x4, x7}, (0.00144147, 0.995472, 0.00308005, 6.27254e-06)) == ({x4, x7}, (0.00144147, 0.995472, 0.00308005, 6.27254e-06))
({x4, x8}, (0.00144107, 0.995196, 0.00307919, 0.000283536)) == ({x4, x8}, (0.00144107, 0.995196, 0.00307919, 0.000283536))
({x4, x9}, (0.00307993, 4.40376e-05, 0.00144141, 0.995435)) == ({x4, x9}, (0.00307993, 4.40376e-05, 0.00144141, 0.995435))
({x5, x6}, (2.33362e-06, 0.995476, 0.00308006, 0.00144147)) == ({x5, x6}, (2.33362e-06, 0.995476, 0.00308006, 0.00144147))
({x5, x7}, (0.00037159, 0.996539, 0.00308335, 6.27926e-06)) == ({x5, x7}, (0.00037159, 0.996539, 0.00308335, 6.27926e-06))
({x5, x8}, (0.000371487, 0.996262, 0.00308249, 0.00028384)) == ({x5, x8}, (0.000371487, 0.996262, 0.00308249, 0.00028384))
({x5, x9}, (0.00308323, 4.40847e-05, 0.000371576, 0.996501)) == ({x5, x9}, (0.00308323, 4.40847e-05, 0.000371576, 0.996501))
({x6, x7}, (0.995472, 0.00144147, 6.27254e-06, 0.00308005)) == ({x6, x7}, (0.995472, 0.00144147, 6.27254e-06, 0.00308005))
({x6, x8}, (0.995196, 0.00144107, 0.000283536, 0.00307919)) == ({x6, x8}, (0.995196, 0.00144107, 0.000283536, 0.00307919))
({x6, x9}, (4.40376e-05, 0.00307993, 0.995435, 0.00144141)) == ({x6, x9}, (4.40376e-05, 0.00307993, 0.995435, 0.00144141))
({x7, x8}, (0.996596, 3.67094e-05, 0.000283935, 0.00308352)) == ({x7, x8}, (0.996596, 3.67094e-05, 0.000283935, 0.00308352))
({x7, x9}, (4.41008e-05, 0.00308436, 0.996865, 6.90562e-06)) == ({x7, x9}, (4.41008e-05, 0.00308436, 0.996865, 6.90562e-06))
({x8, x9}, (4.40886e-05, 0.0030835, 0.996588, 0.000283933)) == ({x8, x9}, (4.40886e-05, 0.0030835, 0.996588, 0.000283933))
Exact MAP state (log score = 40.9728):
x0: 0
x1: 1
x2: 0
x3: 1
x4: 1
x5: 1
x6: 0
x7: 0
x8: 0
x9: 1
