Builtin inference algorithms: {BP, EXACT, FBP, JTREE, TRWBP}

Exact variable marginals:
({x0}, (0.135037, 0.864963))
({x1}, (0.121587, 0.878413))
({x2}, (0.119368, 0.880632))
({x3}, (0.858788, 0.141212))
({x4}, (0.119969, 0.880031))
({x5}, (0.877022, 0.122978))
({x6}, (0.878732, 0.121268))
({x7}, (0.877003, 0.122997))
({x8}, (0.120097, 0.879903))
({x9}, (0.879881, 0.120119))
Exact factor marginals:
({x0}, (0.135037, 0.864963))
({x1}, (0.121587, 0.878413))
({x2}, (0.119368, 0.880632))
({x3}, (0.858788, 0.141212))
({x4}, (0.119969, 0.880031))
({x5}, (0.877022, 0.122978))
({x6}, (0.878732, 0.121268))
({x7}, (0.877003, 0.122997))
({x8}, (0.120097, 0.879903))
({x9}, (0.879881, 0.120119))
({x0, x1}, (0.121458, 0.000129845, 0.0135798, 0.864833))
({x0, x2}, (0.119047, 0.000320726, 0.01599, 0.864642))
({x0, x3}, (0.000407335, 0.858381, 0.13463, 0.00658173))
({x0, x4}, (0.119811, 0.000157268, 0.015226, 0.864805))
({x0, x5}, (0.0121386, 0.864883, 0.122899, 7.96486e-05))
({x0, x6}, (0.0138983, 0.864834, 0.121139, 0.0001289))
({x0, x7}, (0.0121152, 0.864888, 0.122922, 7.46754e-05))
({x0, x8}, (0.11794, 0.00215751, 0.0170976, 0.862805))
({x0, x9}, (0.0150799, 0.864801, 0.119957, 0.000161766))
({x1, x2}, (0.119177, 0.000191549, 0.00241087, 0.878221))
({x1, x3}, (0.000523628, 0.858265, 0.121064, 0.0201479))
({x1, x4}, (0.119941, 2.80944e-05, 0.00164687, 0.878384))
({x1, x5}, (0.000439908, 0.876582, 0.121148, 0.00183089))
({x1, x6}, (0.000392783, 0.878339, 0.121195, 7.33412e-05))
({x1, x7}, (0.00049672, 0.876506, 0.121091, 0.00190614))
({x1, x8}, (0.118061, 0.00203629, 0.00352649, 0.876376))
({x1, x9}, (0.00150106, 0.87838, 0.120086, 3.28603e-05))
({x2, x3}, (0.000714256, 0.858074, 0.118654, 0.0225579))
({x2, x4}, (0.119156, 0.000812574, 0.000212024, 0.879819))
({x2, x5}, (0.000241085, 0.87678, 0.119127, 0.00385139))
({x2, x6}, (0.000192353, 0.87854, 0.119176, 0.00209223))
({x2, x7}, (0.000298301, 0.876705, 0.11907, 0.00392705))
({x2, x8}, (0.118224, 0.0018734, 0.00114428, 0.878758))
({x2, x9}, (0.000170225, 0.879711, 0.119198, 0.000921342))
({x3, x4}, (0.000550817, 0.119418, 0.858237, 0.0217939))
({x3, x5}, (0.858315, 0.0187065, 0.000473193, 0.122505))
({x3, x6}, (0.858266, 0.0204662, 0.000522447, 0.120746))
({x3, x7}, (0.858317, 0.0186858, 0.00047088, 0.122526))
({x3, x8}, (0.00255127, 0.117546, 0.856237, 0.0236658))
({x3, x9}, (0.858242, 0.0216383, 0.000545765, 0.119573))
({x4, x5}, (7.76613e-05, 0.876944, 0.119891, 0.00308741))
({x4, x6}, (2.95766e-05, 0.878702, 0.119939, 0.00132891))
({x4, x7}, (0.000133807, 0.876869, 0.119835, 0.003162))
({x4, x8}, (0.118083, 0.00201398, 0.00188541, 0.878017))
({x4, x9}, (5.34781e-06, 0.879875, 0.119963, 0.000155915))
({x5, x6}, (0.876972, 0.00175993, 4.95092e-05, 0.121219))
({x5, x7}, (0.876941, 6.19662e-05, 8.04118e-05, 0.122916))
({x5, x8}, (0.00208256, 0.118015, 0.874939, 0.00496374))
({x5, x9}, (0.876939, 0.00294173, 8.25485e-05, 0.120037))
({x6, x7}, (0.876897, 0.000106368, 0.00183523, 0.121162))
({x6, x8}, (0.00203759, 0.11806, 0.876694, 0.00320834))
({x6, x9}, (0.878698, 0.00118313, 3.43703e-05, 0.120085))
({x7, x8}, (0.00214243, 0.117955, 0.874861, 0.00504206))
({x7, x9}, (0.876864, 0.0030167, 0.000139074, 0.11998))
({x8, x9}, (0.00201374, 0.877867, 0.118084, 0.00203573))
Exact log partition sum: 24.7544
Exact MAP variable marginals:
({x0}, (0.120651, 0.879349))
({x1}, (0.120651, 0.879349))
({x2}, (0.120651, 0.879349))
({x3}, (0.879349, 0.120651))
({x4}, (0.120651, 0.879349))
({x5}, (0.879349, 0.120651))
({x6}, (0.879349, 0.120651))
({x7}, (0.879349, 0.120651))
({x8}, (0.120651, 0.879349))
({x9}, (0.879349, 0.120651))
Exact MAP factor marginals:
({x0}, (0.120651, 0.879349)) == ({x0}, (0.120651, 0.879349))
({x1}, (0.120651, 0.879349)) == ({x1}, (0.120651, 0.879349))
({x2}, (0.120651, 0.879349)) == ({x2}, (0.120651, 0.879349))
({x3}, (0.879349, 0.120651)) == ({x3}, (0.879349, 0.120651))
({x4}, (0.120651, 0.879349)) == ({x4}, (0.120651, 0.879349))
({x5}, (0.879349, 0.120651)) == ({x5}, (0.879349, 0.120651))
({x6}, (0.879349, 0.120651)) == ({x6}, (0.879349, 0.120651))
({x7}, (0.879349, 0.120651)) == ({x7}, (0.879349, 0.120651))
({x8}, (0.120651, 0.879349)) == ({x8}, (0.120651, 0.879349))
({x9}, (0.879349, 0.120651)) == ({x9}, (0.879349, 0.120651))
({x0, x1}, (0.119215, 6.51015e-05, 0.011837, 0.868883)) == ({x0, x1}, (0.119215, 6.51015e-05, 0.011837, 0.868883))
({x0, x2}, (0.119204, 0.000156763, 0.0118359, 0.868803)) == ({x0, x2}, (0.119204, 0.000156763, 0.0118359, 0.868803))
({x0, x3}, (0.000401993, 0.873103, 0.119794, 0.00670105)) == ({x0, x3}, (0.000401993, 0.873103, 0.119794, 0.00670105))
({x0, x4}, (0.119215, 6.51015e-05, 0.011837, 0.868883)) == ({x0, x4}, (0.119215, 6.51015e-05, 0.011837, 0.868883))
({x0, x5}, (0.011837, 0.868883, 0.119215, 6.51015e-05)) == ({x0, x5}, (0.011837, 0.868883, 0.119215, 6.51015e-05))
({x0, x6}, (0.011837, 0.868883, 0.119215, 6.51015e-05)) == ({x0, x6}, (0.011837, 0.868883, 0.119215, 6.51015e-05))
({x0, x7}, (0.011837, 0.868883, 0.119215, 6.51015e-05)) == ({x0, x7}, (0.011837, 0.868883, 0.119215, 6.51015e-05))
({x0, x8}, (0.119, 0.00187082, 0.0118156, 0.867314)) == ({x0, x8}, (0.119, 0.00187082, 0.0118156, 0.867314))
({x0, x9}, (0.011837, 0.868883, 0.119215, 6.51015e-05)) == ({x0, x9}, (0.011837, 0.868883, 0.119215, 6.51015e-05))
({x1, x2}, (0.120495, 0.00015846, 0.00113785, 0.878209)) == ({x1, x2}, (0.120495, 0.00015846, 0.00113785, 0.878209))
({x1, x3}, (0.000399916, 0.868592, 0.119175, 0.011833)) == ({x1, x3}, (0.000399916, 0.868592, 0.119175, 0.011833))
({x1, x4}, (0.120511, 2.21142e-05, 0.001138, 0.878329)) == ({x1, x4}, (0.120511, 2.21142e-05, 0.001138, 0.878329))
({x1, x5}, (0.000397213, 0.87742, 0.120386, 0.00179614)) == ({x1, x5}, (0.000397213, 0.87742, 0.120386, 0.00179614))
({x1, x6}, (0.000397898, 0.878935, 0.120594, 7.32009e-05)) == ({x1, x6}, (0.000397898, 0.878935, 0.120594, 7.32009e-05))
({x1, x7}, (0.000397213, 0.87742, 0.120386, 0.00179614)) == ({x1, x7}, (0.000397213, 0.87742, 0.120386, 0.00179614))
({x1, x8}, (0.120286, 0.00189104, 0.00113587, 0.876687)) == ({x1, x8}, (0.120286, 0.00189104, 0.00113587, 0.876687))
({x1, x9}, (0.001138, 0.878329, 0.120511, 2.21142e-05)) == ({x1, x9}, (0.001138, 0.878329, 0.120511, 2.21142e-05))
({x2, x3}, (0.000399916, 0.868592, 0.119175, 0.011833)) == ({x2, x3}, (0.000399916, 0.868592, 0.119175, 0.011833))
({x2, x4}, (0.120534, 0.000813024, 0.000158511, 0.878495)) == ({x2, x4}, (0.120534, 0.000813024, 0.000158511, 0.878495))
({x2, x5}, (0.000158355, 0.87763, 0.120415, 0.00179657)) == ({x2, x5}, (0.000158355, 0.87763, 0.120415, 0.00179657))
({x2, x6}, (0.00015846, 0.878209, 0.120495, 0.00113785)) == ({x2, x6}, (0.00015846, 0.878209, 0.120495, 0.00113785))
({x2, x7}, (0.000158355, 0.87763, 0.120415, 0.00179657)) == ({x2, x7}, (0.000158355, 0.87763, 0.120415, 0.00179657))
({x2, x8}, (0.120288, 0.00189108, 0.00111738, 0.876703)) == ({x2, x8}, (0.120288, 0.00189108, 0.00111738, 0.876703))
({x2, x9}, (0.000158511, 0.878495, 0.120534, 0.000813024)) == ({x2, x9}, (0.000158511, 0.878495, 0.120534, 0.000813024))
({x3, x4}, (0.000399916, 0.119175, 0.868592, 0.011833)) == ({x3, x4}, (0.000399916, 0.119175, 0.868592, 0.011833))
({x3, x5}, (0.868592, 0.011833, 0.000399916, 0.119175)) == ({x3, x5}, (0.868592, 0.011833, 0.000399916, 0.119175))
({x3, x6}, (0.868592, 0.011833, 0.000399916, 0.119175)) == ({x3, x6}, (0.868592, 0.011833, 0.000399916, 0.119175))
({x3, x7}, (0.868592, 0.011833, 0.000399916, 0.119175)) == ({x3, x7}, (0.868592, 0.011833, 0.000399916, 0.119175))
({x3, x8}, (0.00187082, 0.119, 0.867314, 0.0118156)) == ({x3, x8}, (0.00187082, 0.119, 0.867314, 0.0118156))
({x3, x9}, (0.868592, 0.011833, 0.000399916, 0.119175)) == ({x3, x9}, (0.868592, 0.011833, 0.000399916, 0.119175))
({x4, x5}, (4.9815e-05, 0.877725, 0.120428, 0.00179677)) == ({x4, x5}, (4.9815e-05, 0.877725, 0.120428, 0.00179677))
({x4, x6}, (2.21142e-05, 0.878329, 0.120511, 0.001138)) == ({x4, x6}, (2.21142e-05, 0.878329, 0.120511, 0.001138))
({x4, x7}, (4.9815e-05, 0.877725, 0.120428, 0.00179677)) == ({x4, x7}, (4.9815e-05, 0.877725, 0.120428, 0.00179677))
({x4, x8}, (0.120288, 0.00189108, 0.00111738, 0.876703)) == ({x4, x8}, (0.120288, 0.00189108, 0.00111738, 0.876703))
({x4, x9}, (2.95723e-06, 0.879253, 0.120638, 0.00010585)) == ({x4, x9}, (2.95723e-06, 0.879253, 0.120638, 0.00010585))
({x5, x6}, (0.877725, 0.00179677, 4.9815e-05, 0.120428)) == ({x5, x6}, (0.877725, 0.00179677, 4.9815e-05, 0.120428))
({x5, x7}, (0.879248, 4.3319e-05, 7.10322e-05, 0.120637)) == ({x5, x7}, (0.879248, 4.3319e-05, 7.10322e-05, 0.120637))
({x5, x8}, (0.0018898, 0.120207, 0.87611, 0.00179346)) == ({x5, x8}, (0.0018898, 0.120207, 0.87611, 0.00179346))
({x5, x9}, (0.877725, 0.00179677, 4.9815e-05, 0.120428)) == ({x5, x9}, (0.877725, 0.00179677, 4.9815e-05, 0.120428))
({x6, x7}, (0.877725, 4.9815e-05, 0.00179677, 0.120428)) == ({x6, x7}, (0.877725, 4.9815e-05, 0.00179677, 0.120428))
({x6, x8}, (0.00189104, 0.120286, 0.876687, 0.00113587)) == ({x6, x8}, (0.00189104, 0.120286, 0.876687, 0.00113587))
({x6, x9}, (0.878329, 0.001138, 2.21142e-05, 0.120511)) == ({x6, x9}, (0.878329, 0.001138, 2.21142e-05, 0.120511))
({x7, x8}, (0.0018898, 0.120207, 0.87611, 0.00179346)) == ({x7, x8}, (0.0018898, 0.120207, 0.87611, 0.00179346))
({x7, x9}, (0.877725, 0.00179677, 4.9815e-05, 0.120428)) == ({x7, x9}, (0.877725, 0.00179677, 4.9815e-05, 0.120428))
({x8, x9}, (0.00189108, 0.876703, 0.120288, 0.00111738)) == ({x8, x9}, (0.00189108, 0.876703, 0.120288, 0.00111738))
Exact MAP state (log score = 24.5991):
x0: 1
x1: 1
x2: 1
x3: 0
x4: 1
x5: 0
x6: 0
x7: 0
x8: 1
x9: 0
