Builtin inference algorithms: {BP, EXACT, FBP, JTREE, TRWBP}

Exact variable marginals:
({x0}, (0.976709, 0.0232909))
({x1}, (0.088262, 0.911738))
({x2}, (0.965026, 0.0349737))
({x3}, (0.0239614, 0.976039))
({x4}, (0.0230455, 0.976954))
({x5}, (0.132278, 0.867722))
({x6}, (0.718793, 0.281207))
({x7}, (0.792562, 0.207438))
({x8}, (0.976981, 0.0230191))
({x9}, (0.019264, 0.980736))
Exact factor marginals:
({x0}, (0.976709, 0.0232909))
({x1}, (0.088262, 0.911738))
({x2}, (0.965026, 0.0349737))
({x3}, (0.0239614, 0.976039))
({x4}, (0.0230455, 0.976954))
({x5}, (0.132278, 0.867722))
({x6}, (0.718793, 0.281207))
({x7}, (0.792562, 0.207438))
({x8}, (0.976981, 0.0230191))
({x9}, (0.019264, 0.980736))
({x0, x1}, (0.0653664, 0.0228957, 0.911343, 0.000395229))
({x0, x2}, (0.955389, 0.00963737, 0.0213202, 0.0136535))
({x0, x3}, (0.00128957, 0.0226718, 0.97542, 0.000619072))
({x0, x4}, (1.10859e-06, 0.0230444, 0.976708, 0.000246502))
({x0, x5}, (0.109188, 0.0230897, 0.867521, 0.00020124))
({x0, x6}, (0.717107, 0.00168609, 0.259602, 0.0216048))
({x0, x7}, (0.787371, 0.00519059, 0.189338, 0.0181003))
({x0, x8}, (0.976701, 0.000279809, 8.05848e-06, 0.0230111))
({x0, x9}, (0.000518655, 0.0187454, 0.97619, 0.00454553))
({x1, x2}, (0.0750037, 0.890023, 0.0132583, 0.0217154))
({x1, x3}, (0.0227501, 0.00121127, 0.0655119, 0.910527))
({x1, x4}, (0.0226492, 0.000396336, 0.0656129, 0.911342))
({x1, x5}, (0.088043, 0.0442346, 0.000219071, 0.867503))
({x1, x6}, (0.00150316, 0.71729, 0.0867589, 0.194448))
({x1, x7}, (0.0702832, 0.722279, 0.0179788, 0.189459))
({x1, x8}, (0.0656433, 0.911338, 0.0226188, 0.000400392))
({x1, x9}, (0.0183513, 0.000912672, 0.0699107, 0.910825))
({x2, x3}, (0.0108707, 0.0130907, 0.954156, 0.021883))
({x2, x4}, (0.00939095, 0.0136546, 0.955635, 0.0213192))
({x2, x5}, (0.118823, 0.0134548, 0.846204, 0.0215189))
({x2, x6}, (0.707731, 0.0110622, 0.257296, 0.0239115))
({x2, x7}, (0.766105, 0.0264572, 0.198922, 0.00851648))
({x2, x8}, (0.955665, 0.0213156, 0.00936105, 0.0136581))
({x2, x9}, (0.00527403, 0.01399, 0.959752, 0.0209837))
({x3, x4}, (0.0224814, 0.000564059, 0.00147995, 0.975475))
({x3, x5}, (0.0227991, 0.109478, 0.00116227, 0.86656))
({x3, x6}, (0.00264656, 0.716146, 0.0213148, 0.259892))
({x3, x7}, (0.00486113, 0.787701, 0.0191003, 0.188338))
({x3, x8}, (0.00151558, 0.975465, 0.0224458, 0.000573329))
({x3, x9}, (0.0181827, 0.00108135, 0.00577873, 0.974957))
({x4, x5}, (0.0228432, 0.109434, 0.000202347, 0.86752))
({x4, x6}, (0.00168717, 0.717106, 0.0213583, 0.259849))
({x4, x7}, (0.00513857, 0.787423, 0.0179069, 0.189531))
({x4, x8}, (3.92536e-05, 0.976942, 0.0230063, 1.28964e-05))
({x4, x9}, (0.0187463, 0.000517685, 0.00429917, 0.976437))
({x5, x6}, (0.00148671, 0.717306, 0.130791, 0.150416))
({x5, x7}, (0.11428, 0.678282, 0.0179971, 0.189441))
({x5, x8}, (0.109465, 0.867516, 0.0228129, 0.000206216))
({x5, x9}, (0.0185448, 0.000719247, 0.113733, 0.867003))
({x6, x7}, (0.528524, 0.264038, 0.190269, 0.0171688))
({x6, x8}, (0.717102, 0.259878, 0.00169057, 0.0213286))
({x6, x9}, (0.00173476, 0.0175293, 0.717058, 0.263678))
({x7, x8}, (0.787415, 0.189566, 0.00514721, 0.0178719))
({x7, x9}, (0.00564732, 0.0136167, 0.786915, 0.193821))
({x8, x9}, (0.000520443, 0.0187436, 0.97646, 0.00427557))
Exact log partition sum: 39.8322
Exact MAP variable marginals:
({x0}, (0.985034, 0.0149663))
({x1}, (0.111209, 0.888791))
({x2}, (0.979739, 0.0202606))
({x3}, (0.0149663, 0.985034))
({x4}, (0.0149663, 0.985034))
({x5}, (0.111209, 0.888791))
({x6}, (0.788723, 0.211277))
({x7}, (0.734094, 0.265906))
({x8}, (0.985034, 0.0149663))
({x9}, (0.0149663, 0.985034))
Exact MAP factor marginals:
({x0}, (0.985034, 0.0149663)) == ({x0}, (0.985034, 0.0149663))
({x1}, (0.111209, 0.888791)) == ({x1}, (0.111209, 0.888791))
({x2}, (0.979739, 0.0202606)) == ({x2}, (0.979739, 0.0202606))
({x3}, (0.0149663, 0.985034)) == ({x3}, (0.0149663, 0.985034))
({x4}, (0.0149663, 0.985034)) == ({x4}, (0.0149663, 0.985034))
({x5}, (0.111209, 0.888791)) == ({x5}, (0.111209, 0.888791))
({x6}, (0.788723, 0.211277)) == ({x6}, (0.788723, 0.211277))
({x7}, (0.734094, 0.265906)) == ({x7}, (0.734094, 0.265906))
({x8}, (0.985034, 0.0149663)) == ({x8}, (0.985034, 0.0149663))
({x9}, (0.0149663, 0.985034)) == ({x9}, (0.0149663, 0.985034))
({x0, x1}, (0.109693, 0.01332, 0.876679, 0.000308164)) == ({x0, x1}, (0.109693, 0.01332, 0.876679, 0.000308164))
({x0, x2}, (0.957566, 0.00808276, 0.0198021, 0.0145489)) == ({x0, x2}, (0.957566, 0.00808276, 0.0198021, 0.0145489))
({x0, x3}, (0.00182753, 0.0149275, 0.982479, 0.000765799)) == ({x0, x3}, (0.00182753, 0.0149275, 0.982479, 0.000765799))
({x0, x4}, (1.89724e-06, 0.014961, 0.984689, 0.000348191)) == ({x0, x4}, (1.89724e-06, 0.014961, 0.984689, 0.000348191))
({x0, x5}, (0.109693, 0.01332, 0.876679, 0.000308164)) == ({x0, x5}, (0.109693, 0.01332, 0.876679, 0.000308164))
({x0, x6}, (0.778474, 0.00116681, 0.208531, 0.0118279)) == ({x0, x6}, (0.778474, 0.00116681, 0.208531, 0.0118279))
({x0, x7}, (0.721382, 0.00635507, 0.261302, 0.0109604)) == ({x0, x7}, (0.721382, 0.00635507, 0.261302, 0.0109604))
({x0, x8}, (0.984685, 0.00034819, 5.43531e-06, 0.014961)) == ({x0, x8}, (0.984685, 0.00034819, 5.43531e-06, 0.014961))
({x0, x9}, (0.000498451, 0.0148492, 0.977332, 0.00732057)) == ({x0, x9}, (0.000498451, 0.0148492, 0.977332, 0.00732057))
({x1, x2}, (0.107773, 0.861329, 0.0130867, 0.0178119)) == ({x1, x2}, (0.107773, 0.861329, 0.0130867, 0.0178119))
({x1, x3}, (0.0133024, 0.00162858, 0.109548, 0.875521)) == ({x1, x3}, (0.0133024, 0.00162858, 0.109548, 0.875521))
({x1, x4}, (0.01332, 0.000308164, 0.109693, 0.876679)) == ({x1, x4}, (0.01332, 0.000308164, 0.109693, 0.876679))
({x1, x5}, (0.103369, 0.0702213, 0.000279308, 0.826131)) == ({x1, x5}, (0.103369, 0.0702213, 0.000279308, 0.826131))
({x1, x6}, (0.00107483, 0.717106, 0.0897269, 0.192093)) == ({x1, x6}, (0.00107483, 0.717106, 0.0897269, 0.192093))
({x1, x7}, (0.0832747, 0.665539, 0.010112, 0.241074)) == ({x1, x7}, (0.0832747, 0.665539, 0.010112, 0.241074))
({x1, x8}, (0.109693, 0.876679, 0.01332, 0.000308164)) == ({x1, x8}, (0.109693, 0.876679, 0.01332, 0.000308164))
({x1, x9}, (0.0133181, 0.000447055, 0.109678, 0.876557)) == ({x1, x9}, (0.0133181, 0.000447055, 0.109678, 0.876557))
({x2, x3}, (0.00808276, 0.0145489, 0.957566, 0.0198021)) == ({x2, x3}, (0.00808276, 0.0145489, 0.957566, 0.0198021))
({x2, x4}, (0.00808276, 0.0145489, 0.957566, 0.0198021)) == ({x2, x4}, (0.00808276, 0.0145489, 0.957566, 0.0198021))
({x2, x5}, (0.107773, 0.0130867, 0.861329, 0.0178119)) == ({x2, x5}, (0.107773, 0.0130867, 0.861329, 0.0178119))
({x2, x6}, (0.764373, 0.0150658, 0.204754, 0.0158069)) == ({x2, x6}, (0.764373, 0.0150658, 0.204754, 0.0158069))
({x2, x7}, (0.715258, 0.0147912, 0.259084, 0.0108674)) == ({x2, x7}, (0.715258, 0.0147912, 0.259084, 0.0108674))
({x2, x8}, (0.957566, 0.0198021, 0.00808276, 0.0145489)) == ({x2, x8}, (0.957566, 0.0198021, 0.00808276, 0.0145489))
({x2, x9}, (0.00808276, 0.0145489, 0.957566, 0.0198021)) == ({x2, x9}, (0.00808276, 0.0145489, 0.957566, 0.0198021))
({x3, x4}, (0.0149275, 0.000765799, 0.00182753, 0.982479)) == ({x3, x4}, (0.0149275, 0.000765799, 0.00182753, 0.982479))
({x3, x5}, (0.0133024, 0.109548, 0.00162858, 0.875521)) == ({x3, x5}, (0.0133024, 0.109548, 0.00162858, 0.875521))
({x3, x6}, (0.00144765, 0.778255, 0.0118245, 0.208473)) == ({x3, x6}, (0.00144765, 0.778255, 0.0118245, 0.208473))
({x3, x7}, (0.00635507, 0.721382, 0.0109604, 0.261302)) == ({x3, x7}, (0.00635507, 0.721382, 0.0109604, 0.261302))
({x3, x8}, (0.00182753, 0.982479, 0.0149275, 0.000765799)) == ({x3, x8}, (0.00182753, 0.982479, 0.0149275, 0.000765799))
({x3, x9}, (0.0148453, 0.000761586, 0.00731864, 0.977074)) == ({x3, x9}, (0.0148453, 0.000761586, 0.00731864, 0.977074))
({x4, x5}, (0.01332, 0.109693, 0.000308164, 0.876679)) == ({x4, x5}, (0.01332, 0.109693, 0.000308164, 0.876679))
({x4, x6}, (0.00116681, 0.778474, 0.0118279, 0.208531)) == ({x4, x6}, (0.00116681, 0.778474, 0.0118279, 0.208531))
({x4, x7}, (0.00635507, 0.721382, 0.0109604, 0.261302)) == ({x4, x7}, (0.00635507, 0.721382, 0.0109604, 0.261302))
({x4, x8}, (6.73294e-05, 0.984961, 0.0149652, 6.68909e-06)) == ({x4, x8}, (6.73294e-05, 0.984961, 0.0149652, 6.68909e-06))
({x4, x9}, (0.0148492, 0.000498451, 0.00732057, 0.977332)) == ({x4, x9}, (0.0148492, 0.000498451, 0.00732057, 0.977332))
({x5, x6}, (0.00107483, 0.717106, 0.0897269, 0.192093)) == ({x5, x6}, (0.00107483, 0.717106, 0.0897269, 0.192093))
({x5, x7}, (0.0832747, 0.665539, 0.010112, 0.241074)) == ({x5, x7}, (0.0832747, 0.665539, 0.010112, 0.241074))
({x5, x8}, (0.109693, 0.876679, 0.01332, 0.000308164)) == ({x5, x8}, (0.109693, 0.876679, 0.01332, 0.000308164))
({x5, x9}, (0.0133181, 0.000447055, 0.109678, 0.876557)) == ({x5, x9}, (0.0133181, 0.000447055, 0.109678, 0.876557))
({x6, x7}, (0.607796, 0.162811, 0.220158, 0.00923464)) == ({x6, x7}, (0.607796, 0.162811, 0.220158, 0.00923464))
({x6, x8}, (0.778474, 0.208531, 0.00116681, 0.0118279)) == ({x6, x8}, (0.778474, 0.208531, 0.00116681, 0.0118279))
({x6, x9}, (0.00116681, 0.0118279, 0.778474, 0.208531)) == ({x6, x9}, (0.00116681, 0.0118279, 0.778474, 0.208531))
({x7, x8}, (0.721382, 0.261302, 0.00635507, 0.0109604)) == ({x7, x8}, (0.721382, 0.261302, 0.00635507, 0.0109604))
({x7, x9}, (0.00635507, 0.0109604, 0.721382, 0.261302)) == ({x7, x9}, (0.00635507, 0.0109604, 0.721382, 0.261302))
({x8, x9}, (0.000498451, 0.0148492, 0.977332, 0.00732057)) == ({x8, x9}, (0.000498451, 0.0148492, 0.977332, 0.00732057))
Exact MAP state (log score = 39.1743):
x0: 0
x1: 1
x2: 0
x3: 1
x4: 1
x5: 1
x6: 0
x7: 0
x8: 0
x9: 1
