Builtin inference algorithms: {BP, EXACT, FBP, JTREE, TRWBP}

Exact variable marginals:
({x0}, (0.549078, 0.450922))
({x1}, (0.450908, 0.549092))
({x2}, (0.450936, 0.549064))
({x3}, (0.407768, 0.592232))
({x4}, (0.405586, 0.594414))
({x5}, (0.467372, 0.532628))
({x6}, (0.407299, 0.592701))
({x7}, (0.450883, 0.549117))
({x8}, (0.549817, 0.450183))
({x9}, (0.591054, 0.408946))
Exact factor marginals:
({x0}, (0.549078, 0.450922))
({x1}, (0.450908, 0.549092))
({x2}, (0.450936, 0.549064))
({x3}, (0.407768, 0.592232))
({x4}, (0.405586, 0.594414))
({x5}, (0.467372, 0.532628))
({x6}, (0.407299, 0.592701))
({x7}, (0.450883, 0.549117))
({x8}, (0.549817, 0.450183))
({x9}, (0.591054, 0.408946))
({x0, x1}, (3.72249e-06, 0.450904, 0.549074, 1.81131e-05))
({x0, x2}, (2.79547e-05, 0.450908, 0.54905, 1.45407e-05))
({x0, x3}, (0.0236437, 0.384124, 0.525434, 0.0667982))
({x0, x4}, (0.00120617, 0.40438, 0.547872, 0.0465424))
({x0, x5}, (0.0188894, 0.448483, 0.530189, 0.00243926))
({x0, x6}, (0.000726572, 0.406572, 0.548351, 0.0443498))
({x0, x7}, (4.21322e-05, 0.450841, 0.549036, 8.13509e-05))
({x0, x8}, (0.549074, 0.000743229, 4.25607e-06, 0.450179))
({x0, x9}, (0.548851, 0.0422032, 0.000227112, 0.408719))
({x1, x2}, (0.450892, 4.36253e-05, 1.58207e-05, 0.549049))
({x1, x3}, (0.384121, 0.0236461, 0.0667863, 0.525446))
({x1, x4}, (0.404368, 0.00121793, 0.0465398, 0.547874))
({x1, x5}, (0.448468, 0.0189041, 0.00243958, 0.530188))
({x1, x6}, (0.406561, 0.00073829, 0.0443471, 0.548354))
({x1, x7}, (0.450829, 5.40634e-05, 7.88915e-05, 0.549038))
({x1, x8}, (0.000734357, 0.549083, 0.450173, 9.77511e-06))
({x1, x9}, (0.0421968, 0.548857, 0.408711, 0.000235051))
({x2, x3}, (0.384113, 0.0236549, 0.0668228, 0.52541))
({x2, x4}, (0.404408, 0.00117824, 0.0465279, 0.547886))
({x2, x5}, (0.44847, 0.0189026, 0.00246586, 0.530162))
({x2, x6}, (0.4066, 0.000698648, 0.0443353, 0.548366))
({x2, x7}, (0.450862, 2.11915e-05, 7.38241e-05, 0.549043))
({x2, x8}, (0.000767912, 0.549049, 0.450168, 1.55257e-05))
({x2, x9}, (0.0422279, 0.548826, 0.408708, 0.000238363))
({x3, x4}, (0.384337, 0.0212484, 0.0234301, 0.570984))
({x3, x5}, (0.402103, 0.065269, 0.00566438, 0.526963))
({x3, x6}, (0.384471, 0.0228281, 0.0232967, 0.569404))
({x3, x7}, (0.384099, 0.0667837, 0.0236684, 0.525449))
({x3, x8}, (0.0236396, 0.526177, 0.384128, 0.0660552))
({x3, x9}, (0.0234283, 0.567626, 0.384339, 0.0246067))
({x4, x5}, (0.401979, 0.065393, 0.00360669, 0.529021))
({x4, x6}, (0.40506, 0.00223858, 0.000525525, 0.592176))
({x4, x7}, (0.404419, 0.0464642, 0.00116721, 0.54795))
({x4, x8}, (0.00123383, 0.548583, 0.404352, 0.0458311))
({x4, x9}, (0.000999355, 0.590055, 0.404587, 0.00435948))
({x5, x6}, (0.404186, 0.00311255, 0.0631859, 0.529515))
({x5, x7}, (0.448403, 0.00248019, 0.0189695, 0.530148))
({x5, x8}, (0.0195937, 0.530223, 0.447778, 0.00240467))
({x5, x9}, (0.0610361, 0.530018, 0.406336, 0.00260989))
({x6, x7}, (0.406611, 0.0442717, 0.000687695, 0.548429))
({x6, x8}, (0.000735908, 0.549081, 0.406563, 0.0436201))
({x6, x9}, (0.00055626, 0.590498, 0.406743, 0.00220333))
({x7, x8}, (0.000731682, 0.549085, 0.450151, 3.19282e-05))
({x7, x9}, (0.042184, 0.54887, 0.408699, 0.000247112))
({x8, x9}, (0.549582, 0.0414721, 0.000234929, 0.408711))
Exact log partition sum: 42.88
Exact MAP variable marginals:
({x0}, (0.577442, 0.422558))
({x1}, (0.422558, 0.577442))
({x2}, (0.422558, 0.577442))
({x3}, (0.422558, 0.577442))
({x4}, (0.422558, 0.577442))
({x5}, (0.422558, 0.577442))
({x6}, (0.422558, 0.577442))
({x7}, (0.422558, 0.577442))
({x8}, (0.577442, 0.422558))
({x9}, (0.577442, 0.422558))
Exact MAP factor marginals:
({x0}, (0.577442, 0.422558)) == ({x0}, (0.577442, 0.422558))
({x1}, (0.422558, 0.577442)) == ({x1}, (0.422558, 0.577442))
({x2}, (0.422558, 0.577442)) == ({x2}, (0.422558, 0.577442))
({x3}, (0.422558, 0.577442)) == ({x3}, (0.422558, 0.577442))
({x4}, (0.422558, 0.577442)) == ({x4}, (0.422558, 0.577442))
({x5}, (0.422558, 0.577442)) == ({x5}, (0.422558, 0.577442))
({x6}, (0.422558, 0.577442)) == ({x6}, (0.422558, 0.577442))
({x7}, (0.422558, 0.577442)) == ({x7}, (0.422558, 0.577442))
({x8}, (0.577442, 0.422558)) == ({x8}, (0.577442, 0.422558))
({x9}, (0.577442, 0.422558)) == ({x9}, (0.577442, 0.422558))
({x0, x1}, (3.37341e-06, 0.422555, 0.577438, 4.09582e-06)) == ({x0, x1}, (3.37341e-06, 0.422555, 0.577438, 4.09582e-06))
({x0, x2}, (2.63407e-05, 0.422543, 0.577421, 9.54718e-06)) == ({x0, x2}, (2.63407e-05, 0.422543, 0.577421, 9.54718e-06))
({x0, x3}, (0.018608, 0.396612, 0.541986, 0.0427941)) == ({x0, x3}, (0.018608, 0.396612, 0.541986, 0.0427941))
({x0, x4}, (0.000332516, 0.403998, 0.552079, 0.043591)) == ({x0, x4}, (0.000332516, 0.403998, 0.552079, 0.043591))
({x0, x5}, (0.0193905, 0.41329, 0.564777, 0.00254325)) == ({x0, x5}, (0.0193905, 0.41329, 0.564777, 0.00254325))
({x0, x6}, (0.000332516, 0.403998, 0.552079, 0.043591)) == ({x0, x6}, (0.000332516, 0.403998, 0.552079, 0.043591))
({x0, x7}, (2.63396e-05, 0.422525, 0.577397, 5.13918e-05)) == ({x0, x7}, (2.63396e-05, 0.422525, 0.577397, 5.13918e-05))
({x0, x8}, (0.577028, 0.000714642, 2.95403e-06, 0.422255)) == ({x0, x8}, (0.577028, 0.000714642, 2.95403e-06, 0.422255))
({x0, x9}, (0.552133, 0.0435953, 0.000233872, 0.404038)) == ({x0, x9}, (0.552133, 0.0435953, 0.000233872, 0.404038))
({x1, x2}, (0.422543, 2.63407e-05, 9.54718e-06, 0.577421)) == ({x1, x2}, (0.422543, 2.63407e-05, 9.54718e-06, 0.577421))
({x1, x3}, (0.396612, 0.018608, 0.0427941, 0.541986)) == ({x1, x3}, (0.396612, 0.018608, 0.0427941, 0.541986))
({x1, x4}, (0.403998, 0.000332516, 0.043591, 0.552079)) == ({x1, x4}, (0.403998, 0.000332516, 0.043591, 0.552079))
({x1, x5}, (0.41329, 0.0193905, 0.00254325, 0.564777)) == ({x1, x5}, (0.41329, 0.0193905, 0.00254325, 0.564777))
({x1, x6}, (0.403998, 0.000332516, 0.043591, 0.552079)) == ({x1, x6}, (0.403998, 0.000332516, 0.043591, 0.552079))
({x1, x7}, (0.422525, 2.63396e-05, 5.13918e-05, 0.577397)) == ({x1, x7}, (0.422525, 2.63396e-05, 5.13918e-05, 0.577397))
({x1, x8}, (0.000714642, 0.577028, 0.422254, 3.37425e-06)) == ({x1, x8}, (0.000714642, 0.577028, 0.422254, 3.37425e-06))
({x1, x9}, (0.0435953, 0.552133, 0.404038, 0.000233872)) == ({x1, x9}, (0.0435953, 0.552133, 0.404038, 0.000233872))
({x2, x3}, (0.396612, 0.018608, 0.0427941, 0.541986)) == ({x2, x3}, (0.396612, 0.018608, 0.0427941, 0.541986))
({x2, x4}, (0.403998, 0.000332516, 0.043591, 0.552079)) == ({x2, x4}, (0.403998, 0.000332516, 0.043591, 0.552079))
({x2, x5}, (0.41329, 0.0193905, 0.00254325, 0.564777)) == ({x2, x5}, (0.41329, 0.0193905, 0.00254325, 0.564777))
({x2, x6}, (0.403998, 0.000332516, 0.043591, 0.552079)) == ({x2, x6}, (0.403998, 0.000332516, 0.043591, 0.552079))
({x2, x7}, (0.422529, 1.7134e-05, 5.13923e-05, 0.577403)) == ({x2, x7}, (0.422529, 1.7134e-05, 5.13923e-05, 0.577403))
({x2, x8}, (0.000714637, 0.577024, 0.422252, 9.54061e-06)) == ({x2, x8}, (0.000714637, 0.577024, 0.422252, 9.54061e-06))
({x2, x9}, (0.0435953, 0.552133, 0.404038, 0.000233872)) == ({x2, x9}, (0.0435953, 0.552133, 0.404038, 0.000233872))
({x3, x4}, (0.406255, 0.019521, 0.0190605, 0.555164)) == ({x3, x4}, (0.406255, 0.019521, 0.0190605, 0.555164))
({x3, x5}, (0.40207, 0.043383, 0.00510141, 0.549445)) == ({x3, x5}, (0.40207, 0.043383, 0.00510141, 0.549445))
({x3, x6}, (0.406255, 0.019521, 0.0190605, 0.555164)) == ({x3, x6}, (0.406255, 0.019521, 0.0190605, 0.555164))
({x3, x7}, (0.396612, 0.0427941, 0.018608, 0.541986)) == ({x3, x7}, (0.396612, 0.0427941, 0.018608, 0.541986))
({x3, x8}, (0.018608, 0.541986, 0.396612, 0.0427941)) == ({x3, x8}, (0.018608, 0.541986, 0.396612, 0.0427941))
({x3, x9}, (0.0190605, 0.555164, 0.406255, 0.019521)) == ({x3, x9}, (0.0190605, 0.555164, 0.406255, 0.019521))
({x4, x5}, (0.403129, 0.0434973, 0.00248073, 0.550892)) == ({x4, x5}, (0.403129, 0.0434973, 0.00248073, 0.550892))
({x4, x6}, (0.421606, 0.00196742, 0.000285076, 0.576141)) == ({x4, x6}, (0.421606, 0.00196742, 0.000285076, 0.576141))
({x4, x7}, (0.403998, 0.043591, 0.000332516, 0.552079)) == ({x4, x7}, (0.403998, 0.043591, 0.000332516, 0.552079))
({x4, x8}, (0.000332516, 0.552079, 0.403998, 0.043591)) == ({x4, x8}, (0.000332516, 0.552079, 0.403998, 0.043591))
({x4, x9}, (0.000346902, 0.575963, 0.421476, 0.00221415)) == ({x4, x9}, (0.000346902, 0.575963, 0.421476, 0.00221415))
({x5, x6}, (0.403129, 0.00248073, 0.0434973, 0.550892)) == ({x5, x6}, (0.403129, 0.00248073, 0.0434973, 0.550892))
({x5, x7}, (0.41329, 0.00254325, 0.0193905, 0.564777)) == ({x5, x7}, (0.41329, 0.00254325, 0.0193905, 0.564777))
({x5, x8}, (0.0193905, 0.564777, 0.41329, 0.00254325)) == ({x5, x8}, (0.0193905, 0.564777, 0.41329, 0.00254325))
({x5, x9}, (0.0434973, 0.550892, 0.403129, 0.00248073)) == ({x5, x9}, (0.0434973, 0.550892, 0.403129, 0.00248073))
({x6, x7}, (0.403998, 0.043591, 0.000332516, 0.552079)) == ({x6, x7}, (0.403998, 0.043591, 0.000332516, 0.552079))
({x6, x8}, (0.000332516, 0.552079, 0.403998, 0.043591)) == ({x6, x8}, (0.000332516, 0.552079, 0.403998, 0.043591))
({x6, x9}, (0.000346902, 0.575963, 0.421476, 0.00221415)) == ({x6, x9}, (0.000346902, 0.575963, 0.421476, 0.00221415))
({x7, x8}, (0.000714636, 0.577023, 0.422251, 1.17436e-05)) == ({x7, x8}, (0.000714636, 0.577023, 0.422251, 1.17436e-05))
({x7, x9}, (0.0435953, 0.552133, 0.404038, 0.000233872)) == ({x7, x9}, (0.0435953, 0.552133, 0.404038, 0.000233872))
({x8, x9}, (0.552133, 0.0435953, 0.000233872, 0.404038)) == ({x8, x9}, (0.552133, 0.0435953, 0.000233872, 0.404038))
Exact MAP state (log score = 42.2339):
x0: 0
x1: 1
x2: 1
x3: 1
x4: 1
x5: 1
x6: 1
x7: 1
x8: 0
x9: 0
