Builtin inference algorithms: {BP, EXACT, FBP, JTREE, TRWBP}

Exact variable marginals:
({x0}, (0.911191, 0.088809))
({x1}, (0.911451, 0.088549))
({x2}, (0.895118, 0.104882))
({x3}, (0.911405, 0.0885946))
({x4}, (0.837438, 0.162562))
({x5}, (0.1571, 0.8429))
({x6}, (0.911349, 0.0886505))
({x7}, (0.911459, 0.0885415))
({x8}, (0.0885931, 0.911407))
({x9}, (0.876247, 0.123753))
Exact factor marginals:
({x0}, (0.911191, 0.088809))
({x1}, (0.911451, 0.088549))
({x2}, (0.895118, 0.104882))
({x3}, (0.911405, 0.0885946))
({x4}, (0.837438, 0.162562))
({x5}, (0.1571, 0.8429))
({x6}, (0.911349, 0.0886505))
({x7}, (0.911459, 0.0885415))
({x8}, (0.0885931, 0.911407))
({x9}, (0.876247, 0.123753))
({x0, x1}, (0.911169, 0.000282399, 2.23839e-05, 0.0885266))
({x0, x2}, (0.894976, 0.000141896, 0.0162149, 0.0886671))
({x0, x3}, (0.911127, 0.000278662, 6.43307e-05, 0.0885303))
({x0, x4}, (0.832946, 0.00449219, 0.078245, 0.0843168))
({x0, x5}, (0.0731189, 0.0839812, 0.838072, 0.00482782))
({x0, x6}, (0.911117, 0.000232265, 7.38237e-05, 0.0885767))
({x0, x7}, (0.911186, 0.000272647, 5.17178e-06, 0.0885363))
({x0, x8}, (8.581e-06, 0.0885845, 0.911182, 0.000224425))
({x0, x9}, (0.806371, 0.0698757, 0.10482, 0.0189332))
({x1, x2}, (0.894988, 0.000130185, 0.0164632, 0.0884188))
({x1, x3}, (0.911383, 2.25453e-05, 6.82291e-05, 0.0885264))
({x1, x4}, (0.833005, 0.00443323, 0.0784461, 0.0841157))
({x1, x5}, (0.0731228, 0.0839773, 0.838328, 0.0045717))
({x1, x6}, (0.911329, 2.03953e-05, 0.000121968, 0.0885286))
({x1, x7}, (0.911441, 1.72852e-05, 9.82522e-06, 0.0885317))
({x1, x8}, (6.16877e-05, 0.0885314, 0.911389, 1.75165e-05))
({x1, x9}, (0.806653, 0.0695937, 0.104798, 0.0189552))
({x2, x3}, (0.89492, 0.0164856, 0.000198251, 0.0883964))
({x2, x4}, (0.818526, 0.0189122, 0.076592, 0.0859698))
({x2, x5}, (0.0732461, 0.083854, 0.821872, 0.021028))
({x2, x6}, (0.894902, 0.0164471, 0.000215616, 0.0884349))
({x2, x7}, (0.894982, 0.0164768, 0.000136328, 0.0884052))
({x2, x8}, (0.000137443, 0.0884557, 0.894981, 0.0164263))
({x2, x9}, (0.79156, 0.0846865, 0.103558, 0.0201954))
({x3, x4}, (0.833027, 0.00441082, 0.078378, 0.0841838))
({x3, x5}, (0.073055, 0.084045, 0.83835, 0.00454963))
({x3, x6}, (0.911293, 5.63407e-05, 0.00011223, 0.0885383))
({x3, x7}, (0.911396, 6.20538e-05, 8.90994e-06, 0.0885326))
({x3, x8}, (6.06618e-05, 0.0885325, 0.911345, 6.21744e-05))
({x3, x9}, (0.806585, 0.0696616, 0.10482, 0.0189331))
({x4, x5}, (0.00113639, 0.155964, 0.836302, 0.00659819))
({x4, x6}, (0.833016, 0.0783337, 0.00442238, 0.0842281))
({x4, x7}, (0.83302, 0.0784388, 0.00441851, 0.084123))
({x4, x8}, (0.00444185, 0.0841513, 0.832996, 0.0784105))
({x4, x9}, (0.728207, 0.14804, 0.109231, 0.0145223))
({x5, x6}, (0.0731111, 0.838238, 0.0839889, 0.00466159))
({x5, x7}, (0.0731167, 0.838342, 0.0839834, 0.00455812))
({x5, x8}, (0.0839831, 0.00461007, 0.073117, 0.83829))
({x5, x9}, (0.142702, 0.733544, 0.0143975, 0.109356))
({x6, x7}, (0.911346, 0.000112343, 3.30974e-06, 0.0885382))
({x6, x8}, (2.50015e-05, 0.0885681, 0.911324, 8.24035e-05))
({x6, x9}, (0.806533, 0.0697139, 0.104817, 0.0189366))
({x7, x8}, (5.20282e-05, 0.0885411, 0.911406, 3.96951e-07))
({x7, x9}, (0.806643, 0.0696033, 0.104815, 0.0189382))
({x8, x9}, (0.0696553, 0.806591, 0.0189379, 0.104815))
Exact log partition sum: 24.4926
Exact MAP variable marginals:
({x0}, (0.911301, 0.0886994))
({x1}, (0.911301, 0.0886994))
({x2}, (0.911301, 0.0886994))
({x3}, (0.911301, 0.0886994))
({x4}, (0.908442, 0.091558))
({x5}, (0.091558, 0.908442))
({x6}, (0.911301, 0.0886994))
({x7}, (0.911301, 0.0886994))
({x8}, (0.0886994, 0.911301))
({x9}, (0.873358, 0.126642))
Exact MAP factor marginals:
({x0}, (0.911301, 0.0886994)) == ({x0}, (0.911301, 0.0886994))
({x1}, (0.911301, 0.0886994)) == ({x1}, (0.911301, 0.0886994))
({x2}, (0.911301, 0.0886994)) == ({x2}, (0.911301, 0.0886994))
({x3}, (0.911301, 0.0886994)) == ({x3}, (0.911301, 0.0886994))
({x4}, (0.908442, 0.091558)) == ({x4}, (0.908442, 0.091558))
({x5}, (0.091558, 0.908442)) == ({x5}, (0.091558, 0.908442))
({x6}, (0.911301, 0.0886994)) == ({x6}, (0.911301, 0.0886994))
({x7}, (0.911301, 0.0886994)) == ({x7}, (0.911301, 0.0886994))
({x8}, (0.0886994, 0.911301)) == ({x8}, (0.0886994, 0.911301))
({x9}, (0.873358, 0.126642)) == ({x9}, (0.873358, 0.126642))
({x0, x1}, (0.911101, 0.000197844, 2.14199e-05, 0.0886799)) == ({x0, x1}, (0.911101, 0.000197844, 2.14199e-05, 0.0886799))
({x0, x2}, (0.896176, 0.000119772, 0.0164771, 0.0872273)) == ({x0, x2}, (0.896176, 0.000119772, 0.0164771, 0.0872273))
({x0, x3}, (0.911057, 0.000197835, 6.92996e-05, 0.0886757)) == ({x0, x3}, (0.911057, 0.000197835, 6.92996e-05, 0.0886757))
({x0, x4}, (0.830398, 0.00508459, 0.0836923, 0.0808249)) == ({x0, x4}, (0.830398, 0.00508459, 0.0836923, 0.0808249))
({x0, x5}, (0.0836923, 0.0808249, 0.830398, 0.00508459)) == ({x0, x5}, (0.0836923, 0.0808249, 0.830398, 0.00508459))
({x0, x6}, (0.911051, 0.000197833, 7.6321e-05, 0.0886751)) == ({x0, x6}, (0.911051, 0.000197833, 7.6321e-05, 0.0886751))
({x0, x7}, (0.911118, 0.000197848, 2.01841e-06, 0.0886817)) == ({x0, x7}, (0.911118, 0.000197848, 2.01841e-06, 0.0886817))
({x0, x8}, (3.73644e-06, 0.0886815, 0.911117, 0.000197848)) == ({x0, x8}, (3.73644e-06, 0.0886815, 0.911117, 0.000197848))
({x0, x9}, (0.792139, 0.0771011, 0.114865, 0.0158944)) == ({x0, x9}, (0.792139, 0.0771011, 0.114865, 0.0158944))
({x1, x2}, (0.896176, 0.000119772, 0.0164771, 0.0872273)) == ({x1, x2}, (0.896176, 0.000119772, 0.0164771, 0.0872273))
({x1, x3}, (0.911218, 2.14227e-05, 6.93118e-05, 0.0886913)) == ({x1, x3}, (0.911218, 2.14227e-05, 6.93118e-05, 0.0886913))
({x1, x4}, (0.830398, 0.00508459, 0.0836923, 0.0808249)) == ({x1, x4}, (0.830398, 0.00508459, 0.0836923, 0.0808249))
({x1, x5}, (0.0836923, 0.0808249, 0.830398, 0.00508459)) == ({x1, x5}, (0.0836923, 0.0808249, 0.830398, 0.00508459))
({x1, x6}, (0.911212, 2.14225e-05, 7.63344e-05, 0.0886907)) == ({x1, x6}, (0.911212, 2.14225e-05, 7.63344e-05, 0.0886907))
({x1, x7}, (0.911274, 2.1424e-05, 8.1646e-06, 0.0886968)) == ({x1, x7}, (0.911274, 2.1424e-05, 8.1646e-06, 0.0886968))
({x1, x8}, (3.56153e-05, 0.0886943, 0.911249, 2.14234e-05)) == ({x1, x8}, (3.56153e-05, 0.0886943, 0.911249, 2.14234e-05))
({x1, x9}, (0.792139, 0.0771011, 0.114865, 0.0158944)) == ({x1, x9}, (0.792139, 0.0771011, 0.114865, 0.0158944))
({x2, x3}, (0.896176, 0.0164771, 0.000119772, 0.0872273)) == ({x2, x3}, (0.896176, 0.0164771, 0.000119772, 0.0872273))
({x2, x4}, (0.822027, 0.0151138, 0.0828487, 0.0800102)) == ({x2, x4}, (0.822027, 0.0151138, 0.0828487, 0.0800102))
({x2, x5}, (0.0828487, 0.0800102, 0.822027, 0.0151138)) == ({x2, x5}, (0.0828487, 0.0800102, 0.822027, 0.0151138))
({x2, x6}, (0.896176, 0.0164771, 0.000119772, 0.0872273)) == ({x2, x6}, (0.896176, 0.0164771, 0.000119772, 0.0872273))
({x2, x7}, (0.896176, 0.0164771, 0.000119772, 0.0872273)) == ({x2, x7}, (0.896176, 0.0164771, 0.000119772, 0.0872273))
({x2, x8}, (0.000119772, 0.0872273, 0.896176, 0.0164771)) == ({x2, x8}, (0.000119772, 0.0872273, 0.896176, 0.0164771))
({x2, x9}, (0.792139, 0.0771011, 0.114865, 0.0158944)) == ({x2, x9}, (0.792139, 0.0771011, 0.114865, 0.0158944))
({x3, x4}, (0.830398, 0.00508459, 0.0836923, 0.0808249)) == ({x3, x4}, (0.830398, 0.00508459, 0.0836923, 0.0808249))
({x3, x5}, (0.0836923, 0.0808249, 0.830398, 0.00508459)) == ({x3, x5}, (0.0836923, 0.0808249, 0.830398, 0.00508459))
({x3, x6}, (0.911168, 6.9308e-05, 7.63308e-05, 0.0886865)) == ({x3, x6}, (0.911168, 6.9308e-05, 7.63308e-05, 0.0886865))
({x3, x7}, (0.911233, 6.93129e-05, 5.11935e-06, 0.0886928)) == ({x3, x7}, (0.911233, 6.93129e-05, 5.11935e-06, 0.0886928))
({x3, x8}, (3.56136e-05, 0.0886901, 0.911205, 6.93108e-05)) == ({x3, x8}, (3.56136e-05, 0.0886901, 0.911205, 6.93108e-05))
({x3, x9}, (0.792139, 0.0771011, 0.114865, 0.0158944)) == ({x3, x9}, (0.792139, 0.0771011, 0.114865, 0.0158944))
({x4, x5}, (0.00138338, 0.0909247, 0.902158, 0.00553398)) == ({x4, x5}, (0.00138338, 0.0909247, 0.902158, 0.00553398))
({x4, x6}, (0.830398, 0.0836923, 0.00508459, 0.0808249)) == ({x4, x6}, (0.830398, 0.0836923, 0.00508459, 0.0808249))
({x4, x7}, (0.830398, 0.0836923, 0.00508459, 0.0808249)) == ({x4, x7}, (0.830398, 0.0836923, 0.00508459, 0.0808249))
({x4, x8}, (0.00508459, 0.0808249, 0.830398, 0.0836923)) == ({x4, x8}, (0.00508459, 0.0808249, 0.830398, 0.0836923))
({x4, x9}, (0.789979, 0.0796186, 0.114552, 0.015851)) == ({x4, x9}, (0.789979, 0.0796186, 0.114552, 0.015851))
({x5, x6}, (0.0836923, 0.830398, 0.0808249, 0.00508459)) == ({x5, x6}, (0.0836923, 0.830398, 0.0808249, 0.00508459))
({x5, x7}, (0.0836923, 0.830398, 0.0808249, 0.00508459)) == ({x5, x7}, (0.0836923, 0.830398, 0.0808249, 0.00508459))
({x5, x8}, (0.0808249, 0.00508459, 0.0836923, 0.830398)) == ({x5, x8}, (0.0808249, 0.00508459, 0.0836923, 0.830398))
({x5, x9}, (0.0796186, 0.789979, 0.015851, 0.114552)) == ({x5, x9}, (0.0796186, 0.789979, 0.015851, 0.114552))
({x6, x7}, (0.91123, 7.6336e-05, 1.34867e-06, 0.0886925)) == ({x6, x7}, (0.91123, 7.6336e-05, 1.34867e-06, 0.0886925))
({x6, x8}, (2.29424e-05, 0.0886906, 0.91121, 7.63343e-05)) == ({x6, x8}, (2.29424e-05, 0.0886906, 0.91121, 7.63343e-05))
({x6, x9}, (0.792139, 0.0771011, 0.114865, 0.0158944)) == ({x6, x9}, (0.792139, 0.0771011, 0.114865, 0.0158944))
({x7, x8}, (3.5616e-05, 0.0886962, 0.911268, 2.61794e-07)) == ({x7, x8}, (3.5616e-05, 0.0886962, 0.911268, 2.61794e-07))
({x7, x9}, (0.792139, 0.0771011, 0.114865, 0.0158944)) == ({x7, x9}, (0.792139, 0.0771011, 0.114865, 0.0158944))
({x8, x9}, (0.0771011, 0.792139, 0.0158944, 0.114865)) == ({x8, x9}, (0.0771011, 0.792139, 0.0158944, 0.114865))
Exact MAP state (log score = 24.1555):
x0: 0
x1: 0
x2: 0
x3: 0
x4: 0
x5: 1
x6: 0
x7: 0
x8: 1
x9: 0
