Builtin inference algorithms: {BP, EXACT, FBP, JTREE, TRWBP}

Exact variable marginals:
({x0}, (0.791863, 0.208137))
({x1}, (0.685241, 0.314759))
({x2}, (0.315136, 0.684864))
({x3}, (0.315173, 0.684827))
({x4}, (0.188789, 0.811211))
({x5}, (0.686157, 0.313843))
({x6}, (0.199034, 0.800966))
({x7}, (0.684922, 0.315078))
({x8}, (0.315064, 0.684936))
({x9}, (0.179367, 0.820633))
Exact factor marginals:
({x0}, (0.791863, 0.208137))
({x1}, (0.685241, 0.314759))
({x2}, (0.315136, 0.684864))
({x3}, (0.315173, 0.684827))
({x4}, (0.188789, 0.811211))
({x5}, (0.686157, 0.313843))
({x6}, (0.199034, 0.800966))
({x7}, (0.684922, 0.315078))
({x8}, (0.315064, 0.684936))
({x9}, (0.179367, 0.820633))
({x0, x1}, (0.661558, 0.0236833, 0.130305, 0.184454))
({x0, x2}, (0.130368, 0.184769, 0.661495, 0.0233685))
({x0, x3}, (0.130371, 0.184802, 0.661492, 0.0233348))
({x0, x4}, (0.00740385, 0.181385, 0.784459, 0.0267522))
({x0, x5}, (0.659161, 0.0269967, 0.132702, 0.18114))
({x0, x6}, (0.00637776, 0.192656, 0.785485, 0.0154812))
({x0, x7}, (0.661477, 0.0234446, 0.130386, 0.184692))
({x0, x8}, (0.130408, 0.184656, 0.661455, 0.0234809))
({x0, x9}, (0.0131837, 0.166183, 0.778679, 0.0419538))
({x1, x2}, (0.000381236, 0.314755, 0.68486, 4.04357e-06))
({x1, x3}, (0.00042362, 0.31475, 0.684817, 9.27823e-06))
({x1, x4}, (0.0301647, 0.158624, 0.655076, 0.156135))
({x1, x5}, (0.682551, 0.00360623, 0.00268979, 0.311153))
({x1, x6}, (0.0290739, 0.16996, 0.656167, 0.144799))
({x1, x7}, (0.684837, 8.46954e-05, 0.000404101, 0.314674))
({x1, x8}, (0.000374988, 0.314689, 0.684866, 6.98418e-05))
({x1, x9}, (0.0359019, 0.143465, 0.649339, 0.171294))
({x2, x3}, (0.31513, 4.37888e-05, 6.63913e-06, 0.68482))
({x2, x4}, (0.15868, 0.030109, 0.156456, 0.654755))
({x2, x5}, (0.00364966, 0.682508, 0.311487, 0.00235602))
({x2, x6}, (0.170013, 0.0290209, 0.145124, 0.655843))
({x2, x7}, (0.000128084, 0.684794, 0.315008, 7.02965e-05))
({x2, x8}, (0.315023, 4.12406e-05, 0.000113287, 0.684823))
({x2, x9}, (0.14351, 0.0358573, 0.171627, 0.649007))
({x3, x4}, (0.158713, 0.0300759, 0.156461, 0.654751))
({x3, x5}, (0.00368273, 0.682475, 0.311491, 0.00235194))
({x3, x6}, (0.170046, 0.0289879, 0.145128, 0.655839))
({x3, x7}, (0.000161142, 0.68476, 0.315012, 6.62049e-05))
({x3, x8}, (0.315027, 3.72074e-05, 0.000146403, 0.684789))
({x3, x9}, (0.143543, 0.0358243, 0.171631, 0.649002))
({x4, x5}, (0.0303374, 0.65582, 0.158451, 0.155391))
({x4, x6}, (0.187675, 0.0113582, 0.00111327, 0.799853))
({x4, x7}, (0.0302371, 0.654685, 0.158552, 0.156527))
({x4, x8}, (0.158568, 0.156496, 0.0302205, 0.654715))
({x4, x9}, (0.17358, 0.00578643, 0.0152082, 0.805425))
({x5, x6}, (0.0326651, 0.166368, 0.653492, 0.147474))
({x5, x7}, (0.682598, 0.00232312, 0.00355897, 0.311519))
({x5, x8}, (0.0035365, 0.311528, 0.682621, 0.00231491))
({x5, x9}, (0.0338501, 0.145517, 0.652307, 0.168326))
({x6, x7}, (0.029149, 0.655773, 0.169885, 0.145194))
({x6, x8}, (0.169899, 0.145165, 0.0291342, 0.655802))
({x6, x9}, (0.172492, 0.00687448, 0.0265412, 0.794092))
({x7, x8}, (2.51065e-05, 0.315039, 0.684896, 3.93655e-05))
({x7, x9}, (0.0359812, 0.143386, 0.64894, 0.171693))
({x8, x9}, (0.143411, 0.0359562, 0.171653, 0.64898))
Exact log partition sum: 22.1589
Exact MAP variable marginals:
({x0}, (0.819129, 0.180871))
({x1}, (0.819129, 0.180871))
({x2}, (0.180871, 0.819129))
({x3}, (0.180871, 0.819129))
({x4}, (0.180871, 0.819129))
({x5}, (0.819129, 0.180871))
({x6}, (0.180871, 0.819129))
({x7}, (0.819129, 0.180871))
({x8}, (0.180871, 0.819129))
({x9}, (0.180871, 0.819129))
Exact MAP factor marginals:
({x0}, (0.819129, 0.180871)) == ({x0}, (0.819129, 0.180871))
({x1}, (0.819129, 0.180871)) == ({x1}, (0.819129, 0.180871))
({x2}, (0.180871, 0.819129)) == ({x2}, (0.180871, 0.819129))
({x3}, (0.180871, 0.819129)) == ({x3}, (0.180871, 0.819129))
({x4}, (0.180871, 0.819129)) == ({x4}, (0.180871, 0.819129))
({x5}, (0.819129, 0.180871)) == ({x5}, (0.819129, 0.180871))
({x6}, (0.180871, 0.819129)) == ({x6}, (0.180871, 0.819129))
({x7}, (0.819129, 0.180871)) == ({x7}, (0.819129, 0.180871))
({x8}, (0.180871, 0.819129)) == ({x8}, (0.180871, 0.819129))
({x9}, (0.180871, 0.819129)) == ({x9}, (0.180871, 0.819129))
({x0, x1}, (0.68653, 0.0242248, 0.137654, 0.151592)) == ({x0, x1}, (0.68653, 0.0242248, 0.137654, 0.151592))
({x0, x2}, (0.137654, 0.151592, 0.68653, 0.0242248)) == ({x0, x2}, (0.137654, 0.151592, 0.68653, 0.0242248))
({x0, x3}, (0.137654, 0.151592, 0.68653, 0.0242248)) == ({x0, x3}, (0.137654, 0.151592, 0.68653, 0.0242248))
({x0, x4}, (0.00746506, 0.176228, 0.798105, 0.018202)) == ({x0, x4}, (0.00746506, 0.176228, 0.798105, 0.018202))
({x0, x5}, (0.68653, 0.0242248, 0.137654, 0.151592)) == ({x0, x5}, (0.68653, 0.0242248, 0.137654, 0.151592))
({x0, x6}, (0.00746506, 0.176228, 0.798105, 0.018202)) == ({x0, x6}, (0.00746506, 0.176228, 0.798105, 0.018202))
({x0, x7}, (0.68653, 0.0242248, 0.137654, 0.151592)) == ({x0, x7}, (0.68653, 0.0242248, 0.137654, 0.151592))
({x0, x8}, (0.137654, 0.151592, 0.68653, 0.0242248)) == ({x0, x8}, (0.137654, 0.151592, 0.68653, 0.0242248))
({x0, x9}, (0.00746506, 0.176228, 0.798105, 0.018202)) == ({x0, x9}, (0.00746506, 0.176228, 0.798105, 0.018202))
({x1, x2}, (0.000324314, 0.180812, 0.818861, 2.85136e-06)) == ({x1, x2}, (0.000324314, 0.180812, 0.818861, 2.85136e-06))
({x1, x3}, (0.000324313, 0.180811, 0.818858, 6.53694e-06)) == ({x1, x3}, (0.000324313, 0.180811, 0.818858, 6.53694e-06))
({x1, x4}, (0.0242248, 0.151592, 0.68653, 0.137654)) == ({x1, x4}, (0.0242248, 0.151592, 0.68653, 0.137654))
({x1, x5}, (0.814898, 0.00339861, 0.00176705, 0.179936)) == ({x1, x5}, (0.814898, 0.00339861, 0.00176705, 0.179936))
({x1, x6}, (0.0242248, 0.151592, 0.68653, 0.137654)) == ({x1, x6}, (0.0242248, 0.151592, 0.68653, 0.137654))
({x1, x7}, (0.818805, 7.09536e-05, 0.000324292, 0.180799)) == ({x1, x7}, (0.818805, 7.09536e-05, 0.000324292, 0.180799))
({x1, x8}, (0.000324292, 0.180799, 0.818805, 7.09536e-05)) == ({x1, x8}, (0.000324292, 0.180799, 0.818805, 7.09536e-05))
({x1, x9}, (0.0242248, 0.151592, 0.68653, 0.137654)) == ({x1, x9}, (0.0242248, 0.151592, 0.68653, 0.137654))
({x2, x3}, (0.180862, 4.32478e-05, 6.53878e-06, 0.819088)) == ({x2, x3}, (0.180862, 4.32478e-05, 6.53878e-06, 0.819088))
({x2, x4}, (0.151592, 0.0242248, 0.137654, 0.68653)) == ({x2, x4}, (0.151592, 0.0242248, 0.137654, 0.68653))
({x2, x5}, (0.00339861, 0.814898, 0.179936, 0.00176705)) == ({x2, x5}, (0.00339861, 0.814898, 0.179936, 0.00176705))
({x2, x6}, (0.151592, 0.0242248, 0.137654, 0.68653)) == ({x2, x6}, (0.151592, 0.0242248, 0.137654, 0.68653))
({x2, x7}, (7.09739e-05, 0.819039, 0.180851, 3.8742e-05)) == ({x2, x7}, (7.09739e-05, 0.819039, 0.180851, 3.8742e-05))
({x2, x8}, (0.180851, 3.8742e-05, 7.09739e-05, 0.819039)) == ({x2, x8}, (0.180851, 3.8742e-05, 7.09739e-05, 0.819039))
({x2, x9}, (0.151592, 0.0242248, 0.137654, 0.68653)) == ({x2, x9}, (0.151592, 0.0242248, 0.137654, 0.68653))
({x3, x4}, (0.151592, 0.0242248, 0.137654, 0.68653)) == ({x3, x4}, (0.151592, 0.0242248, 0.137654, 0.68653))
({x3, x5}, (0.00339861, 0.814898, 0.179936, 0.00176705)) == ({x3, x5}, (0.00339861, 0.814898, 0.179936, 0.00176705))
({x3, x6}, (0.151592, 0.0242248, 0.137654, 0.68653)) == ({x3, x6}, (0.151592, 0.0242248, 0.137654, 0.68653))
({x3, x7}, (7.09739e-05, 0.819039, 0.180851, 3.8742e-05)) == ({x3, x7}, (7.09739e-05, 0.819039, 0.180851, 3.8742e-05))
({x3, x8}, (0.180851, 3.8742e-05, 7.09739e-05, 0.819039)) == ({x3, x8}, (0.180851, 3.8742e-05, 7.09739e-05, 0.819039))
({x3, x9}, (0.151592, 0.0242248, 0.137654, 0.68653)) == ({x3, x9}, (0.151592, 0.0242248, 0.137654, 0.68653))
({x4, x5}, (0.0242248, 0.68653, 0.151592, 0.137654)) == ({x4, x5}, (0.0242248, 0.68653, 0.151592, 0.137654))
({x4, x6}, (0.178776, 0.010699, 0.000882519, 0.809642)) == ({x4, x6}, (0.178776, 0.010699, 0.000882519, 0.809642))
({x4, x7}, (0.0242248, 0.68653, 0.151592, 0.137654)) == ({x4, x7}, (0.0242248, 0.68653, 0.151592, 0.137654))
({x4, x8}, (0.151592, 0.137654, 0.0242248, 0.68653)) == ({x4, x8}, (0.151592, 0.137654, 0.0242248, 0.68653))
({x4, x9}, (0.176696, 0.0053763, 0.0177033, 0.800224)) == ({x4, x9}, (0.176696, 0.0053763, 0.0177033, 0.800224))
({x5, x6}, (0.0242248, 0.151592, 0.68653, 0.137654)) == ({x5, x6}, (0.0242248, 0.151592, 0.68653, 0.137654))
({x5, x7}, (0.814898, 0.00176705, 0.00339861, 0.179936)) == ({x5, x7}, (0.814898, 0.00176705, 0.00339861, 0.179936))
({x5, x8}, (0.00339861, 0.179936, 0.814898, 0.00176705)) == ({x5, x8}, (0.00339861, 0.179936, 0.814898, 0.00176705))
({x5, x9}, (0.0242248, 0.151592, 0.68653, 0.137654)) == ({x5, x9}, (0.0242248, 0.151592, 0.68653, 0.137654))
({x6, x7}, (0.0242248, 0.68653, 0.151592, 0.137654)) == ({x6, x7}, (0.0242248, 0.68653, 0.151592, 0.137654))
({x6, x8}, (0.151592, 0.137654, 0.0242248, 0.68653)) == ({x6, x8}, (0.151592, 0.137654, 0.0242248, 0.68653))
({x6, x9}, (0.176696, 0.0053763, 0.0177033, 0.800224)) == ({x6, x9}, (0.176696, 0.0053763, 0.0177033, 0.800224))
({x7, x8}, (2.65484e-05, 0.180862, 0.819091, 1.96644e-05)) == ({x7, x8}, (2.65484e-05, 0.180862, 0.819091, 1.96644e-05))
({x7, x9}, (0.0242248, 0.151592, 0.68653, 0.137654)) == ({x7, x9}, (0.0242248, 0.151592, 0.68653, 0.137654))
({x8, x9}, (0.151592, 0.0242248, 0.137654, 0.68653)) == ({x8, x9}, (0.151592, 0.0242248, 0.137654, 0.68653))
Exact MAP state (log score = 21.7256):
x0: 0
x1: 0
x2: 1
x3: 1
x4: 1
x5: 0
x6: 1
x7: 0
x8: 1
x9: 1
