Builtin inference algorithms: {BP, EXACT, FBP, JTREE, TRWBP}

Exact variable marginals:
({x0}, (0.927427, 0.0725726))
({x1}, (0.0677312, 0.932269))
({x2}, (0.0815311, 0.918469))
({x3}, (0.932281, 0.0677194))
({x4}, (0.932221, 0.067779))
({x5}, (0.36183, 0.63817))
({x6}, (0.32617, 0.67383))
({x7}, (0.637349, 0.362651))
({x8}, (0.0688348, 0.931165))
({x9}, (0.621171, 0.378829))
Exact factor marginals:
({x0}, (0.927427, 0.0725726))
({x1}, (0.0677312, 0.932269))
({x2}, (0.0815311, 0.918469))
({x3}, (0.932281, 0.0677194))
({x4}, (0.932221, 0.067779))
({x5}, (0.36183, 0.63817))
({x6}, (0.32617, 0.67383))
({x7}, (0.637349, 0.362651))
({x8}, (0.0688348, 0.931165))
({x9}, (0.621171, 0.378829))
({x0, x1}, (0.000321399, 0.0674098, 0.927106, 0.00516279))
({x0, x2}, (0.0141221, 0.067409, 0.913305, 0.00516357))
({x0, x3}, (0.92712, 0.00516048, 0.00030731, 0.0674121))
({x0, x4}, (0.927074, 0.00514715, 0.00035358, 0.0674254))
({x0, x5}, (0.291226, 0.0706045, 0.636202, 0.00196808))
({x0, x6}, (0.255183, 0.0709869, 0.672244, 0.00158569))
({x0, x7}, (0.635649, 0.00170012, 0.291778, 0.0708724))
({x0, x8}, (0.00248513, 0.0663496, 0.924942, 0.00622294))
({x0, x9}, (0.61947, 0.00170094, 0.307957, 0.0708716))
({x1, x2}, (0.06763, 0.0139011, 0.000101196, 0.918368))
({x1, x3}, (2.94485e-05, 0.932251, 0.0677017, 1.76651e-05))
({x1, x4}, (1.01681e-05, 0.932211, 0.067721, 5.79875e-05))
({x1, x5}, (0.0654428, 0.296387, 0.00228833, 0.635882))
({x1, x6}, (0.0658295, 0.260341, 0.00190171, 0.671928))
({x1, x7}, (0.00201191, 0.635337, 0.0657193, 0.296932))
({x1, x8}, (0.0666185, 0.00221625, 0.00111267, 0.930053))
({x1, x9}, (0.00202182, 0.619149, 0.0657094, 0.31312))
({x2, x3}, (0.0138909, 0.91839, 0.0676402, 7.92393e-05))
({x2, x4}, (0.0138705, 0.91835, 0.0676606, 0.000118442))
({x2, x5}, (0.0793374, 0.282493, 0.00219368, 0.635976))
({x2, x6}, (0.0781062, 0.248064, 0.00342494, 0.670405))
({x2, x7}, (0.00228997, 0.635059, 0.0792411, 0.28341))
({x2, x8}, (0.067894, 0.000940788, 0.0136371, 0.917528))
({x2, x9}, (0.002055, 0.619116, 0.0794761, 0.299353))
({x3, x4}, (0.932217, 3.66886e-06, 6.32717e-05, 0.0677157))
({x3, x5}, (0.29638, 0.0654498, 0.6359, 0.00226962))
({x3, x6}, (0.260335, 0.0658357, 0.671946, 0.00188374))
({x3, x7}, (0.635347, 0.00200179, 0.296933, 0.0657176))
({x3, x8}, (0.0022, 0.0666348, 0.930081, 0.00108463))
({x3, x9}, (0.619167, 0.00200353, 0.313113, 0.0657159))
({x4, x5}, (0.296362, 0.0654676, 0.635859, 0.00231141))
({x4, x6}, (0.260327, 0.0658435, 0.671894, 0.00193546))
({x4, x7}, (0.635295, 0.00205359, 0.296926, 0.0657254))
({x4, x8}, (0.00220321, 0.0666316, 0.930018, 0.00114744))
({x4, x9}, (0.619139, 0.00203229, 0.313082, 0.0657467))
({x5, x6}, (0.323116, 0.00305443, 0.0387143, 0.635116))
({x5, x7}, (0.00470572, 0.632643, 0.357124, 0.00552661))
({x5, x8}, (0.0657164, 0.0031184, 0.296114, 0.635052))
({x5, x9}, (0.0142739, 0.606897, 0.347556, 0.031273))
({x6, x7}, (0.000118836, 0.63723, 0.326051, 0.0365995))
({x6, x8}, (0.0659613, 0.00287349, 0.260209, 0.670956))
({x6, x9}, (0.00012653, 0.621044, 0.326044, 0.0527854))
({x7, x8}, (0.00298231, 0.0658525, 0.634367, 0.296798))
({x7, x9}, (0.610021, 0.0111496, 0.0273277, 0.351501))
({x8, x9}, (0.00299471, 0.618176, 0.0658401, 0.312989))
Exact log partition sum: 39.0633
Exact MAP variable marginals:
({x0}, (0.903706, 0.0962938))
({x1}, (0.0962938, 0.903706))
({x2}, (0.0962938, 0.903706))
({x3}, (0.903706, 0.0962938))
({x4}, (0.903706, 0.0962938))
({x5}, (0.284945, 0.715055))
({x6}, (0.284945, 0.715055))
({x7}, (0.715055, 0.284945))
({x8}, (0.0962938, 0.903706))
({x9}, (0.715055, 0.284945))
Exact MAP factor marginals:
({x0}, (0.903706, 0.0962938)) == ({x0}, (0.903706, 0.0962938))
({x1}, (0.0962938, 0.903706)) == ({x1}, (0.0962938, 0.903706))
({x2}, (0.0962938, 0.903706)) == ({x2}, (0.0962938, 0.903706))
({x3}, (0.903706, 0.0962938)) == ({x3}, (0.903706, 0.0962938))
({x4}, (0.903706, 0.0962938)) == ({x4}, (0.903706, 0.0962938))
({x5}, (0.284945, 0.715055)) == ({x5}, (0.284945, 0.715055))
({x6}, (0.284945, 0.715055)) == ({x6}, (0.284945, 0.715055))
({x7}, (0.715055, 0.284945)) == ({x7}, (0.715055, 0.284945))
({x8}, (0.0962938, 0.903706)) == ({x8}, (0.0962938, 0.903706))
({x9}, (0.715055, 0.284945)) == ({x9}, (0.715055, 0.284945))
({x0, x1}, (0.00044356, 0.0955238, 0.896479, 0.00755331)) == ({x0, x1}, (0.00044356, 0.0955238, 0.896479, 0.00755331))
({x0, x2}, (0.0161897, 0.094019, 0.882357, 0.00743432)) == ({x0, x2}, (0.0161897, 0.094019, 0.882357, 0.00743432))
({x0, x3}, (0.896479, 0.00755331, 0.00044356, 0.0955238)) == ({x0, x3}, (0.896479, 0.00755331, 0.00044356, 0.0955238))
({x0, x4}, (0.896479, 0.00755331, 0.00044356, 0.0955238)) == ({x0, x4}, (0.896479, 0.00755331, 0.00044356, 0.0955238))
({x0, x5}, (0.264333, 0.070681, 0.663333, 0.001653)) == ({x0, x5}, (0.264333, 0.070681, 0.663333, 0.001653))
({x0, x6}, (0.264333, 0.070681, 0.663333, 0.001653)) == ({x0, x6}, (0.264333, 0.070681, 0.663333, 0.001653))
({x0, x7}, (0.663333, 0.001653, 0.264333, 0.070681)) == ({x0, x7}, (0.663333, 0.001653, 0.264333, 0.070681))
({x0, x8}, (0.00172264, 0.0954015, 0.895332, 0.00754364)) == ({x0, x8}, (0.00172264, 0.0954015, 0.895332, 0.00754364))
({x0, x9}, (0.663333, 0.001653, 0.264333, 0.070681)) == ({x0, x9}, (0.663333, 0.001653, 0.264333, 0.070681))
({x1, x2}, (0.0947196, 0.0163103, 3.79877e-05, 0.888932)) == ({x1, x2}, (0.0947196, 0.0163103, 3.79877e-05, 0.888932))
({x1, x3}, (1.37165e-05, 0.903681, 0.0962911, 1.41798e-05)) == ({x1, x3}, (1.37165e-05, 0.903681, 0.0962911, 1.41798e-05))
({x1, x4}, (8.01592e-06, 0.903675, 0.0962905, 2.68337e-05)) == ({x1, x4}, (8.01592e-06, 0.903675, 0.0962905, 2.68337e-05))
({x1, x5}, (0.070681, 0.264333, 0.001653, 0.663333)) == ({x1, x5}, (0.070681, 0.264333, 0.001653, 0.663333))
({x1, x6}, (0.070681, 0.264333, 0.001653, 0.663333)) == ({x1, x6}, (0.070681, 0.264333, 0.001653, 0.663333))
({x1, x7}, (0.001653, 0.663333, 0.070681, 0.264333)) == ({x1, x7}, (0.001653, 0.663333, 0.070681, 0.264333))
({x1, x8}, (0.0959796, 0.00173308, 0.00153025, 0.900757)) == ({x1, x8}, (0.0959796, 0.00173308, 0.00153025, 0.900757))
({x1, x9}, (0.001653, 0.663333, 0.070681, 0.264333)) == ({x1, x9}, (0.001653, 0.663333, 0.070681, 0.264333))
({x2, x3}, (0.0163103, 0.888932, 0.0947196, 3.79877e-05)) == ({x2, x3}, (0.0163103, 0.888932, 0.0947196, 3.79877e-05))
({x2, x4}, (0.0163103, 0.888932, 0.0947196, 3.79877e-05)) == ({x2, x4}, (0.0163103, 0.888932, 0.0947196, 3.79877e-05))
({x2, x5}, (0.070681, 0.264333, 0.001653, 0.663333)) == ({x2, x5}, (0.070681, 0.264333, 0.001653, 0.663333))
({x2, x6}, (0.070681, 0.264333, 0.001653, 0.663333)) == ({x2, x6}, (0.070681, 0.264333, 0.001653, 0.663333))
({x2, x7}, (0.001653, 0.663333, 0.070681, 0.264333)) == ({x2, x7}, (0.001653, 0.663333, 0.070681, 0.264333))
({x2, x8}, (0.0945967, 0.00133579, 0.0162891, 0.887778)) == ({x2, x8}, (0.0945967, 0.00133579, 0.0162891, 0.887778))
({x2, x9}, (0.001653, 0.663333, 0.070681, 0.264333)) == ({x2, x9}, (0.001653, 0.663333, 0.070681, 0.264333))
({x3, x4}, (0.903679, 3.27025e-06, 2.68338e-05, 0.0962909)) == ({x3, x4}, (0.903679, 3.27025e-06, 2.68338e-05, 0.0962909))
({x3, x5}, (0.264333, 0.070681, 0.663333, 0.001653)) == ({x3, x5}, (0.264333, 0.070681, 0.663333, 0.001653))
({x3, x6}, (0.264333, 0.070681, 0.663333, 0.001653)) == ({x3, x6}, (0.264333, 0.070681, 0.663333, 0.001653))
({x3, x7}, (0.663333, 0.001653, 0.264333, 0.070681)) == ({x3, x7}, (0.663333, 0.001653, 0.264333, 0.070681))
({x3, x8}, (0.00173308, 0.0959796, 0.900757, 0.00153025)) == ({x3, x8}, (0.00173308, 0.0959796, 0.900757, 0.00153025))
({x3, x9}, (0.663333, 0.001653, 0.264333, 0.070681)) == ({x3, x9}, (0.663333, 0.001653, 0.264333, 0.070681))
({x4, x5}, (0.264333, 0.070681, 0.663333, 0.001653)) == ({x4, x5}, (0.264333, 0.070681, 0.663333, 0.001653))
({x4, x6}, (0.264333, 0.070681, 0.663333, 0.001653)) == ({x4, x6}, (0.264333, 0.070681, 0.663333, 0.001653))
({x4, x7}, (0.663333, 0.001653, 0.264333, 0.070681)) == ({x4, x7}, (0.663333, 0.001653, 0.264333, 0.070681))
({x4, x8}, (0.00173308, 0.0959796, 0.900757, 0.00153025)) == ({x4, x8}, (0.00173308, 0.0959796, 0.900757, 0.00153025))
({x4, x9}, (0.663333, 0.001653, 0.264333, 0.070681)) == ({x4, x9}, (0.663333, 0.001653, 0.264333, 0.070681))
({x5, x6}, (0.276604, 0.00303977, 0.0262303, 0.694126)) == ({x5, x6}, (0.276604, 0.00303977, 0.0262303, 0.694126))
({x5, x7}, (0.00475335, 0.709435, 0.282705, 0.00310681)) == ({x5, x7}, (0.00475335, 0.709435, 0.282705, 0.00310681))
({x5, x8}, (0.070681, 0.001653, 0.264333, 0.663333)) == ({x5, x8}, (0.070681, 0.001653, 0.264333, 0.663333))
({x5, x9}, (0.0113381, 0.685264, 0.273073, 0.0303249)) == ({x5, x9}, (0.0113381, 0.685264, 0.273073, 0.0303249))
({x6, x7}, (0.000105751, 0.696168, 0.277418, 0.0263075)) == ({x6, x7}, (0.000105751, 0.696168, 0.277418, 0.0263075))
({x6, x8}, (0.070681, 0.001653, 0.264333, 0.663333)) == ({x6, x8}, (0.070681, 0.001653, 0.264333, 0.663333))
({x6, x9}, (0.000128222, 0.693034, 0.276169, 0.0306688)) == ({x6, x9}, (0.000128222, 0.693034, 0.276169, 0.0306688))
({x7, x8}, (0.001653, 0.070681, 0.663333, 0.264333)) == ({x7, x8}, (0.001653, 0.070681, 0.663333, 0.264333))
({x7, x9}, (0.685264, 0.0113381, 0.0303249, 0.273073)) == ({x7, x9}, (0.685264, 0.0113381, 0.0303249, 0.273073))
({x8, x9}, (0.001653, 0.663333, 0.070681, 0.264333)) == ({x8, x9}, (0.001653, 0.663333, 0.070681, 0.264333))
Exact MAP state (log score = 38.5575):
x0: 0
x1: 1
x2: 1
x3: 0
x4: 0
x5: 1
x6: 1
x7: 0
x8: 1
x9: 0
