Builtin inference algorithms: {BP, EXACT, FBP, JTREE, TRWBP}

Exact variable marginals:
({x0}, (0.0871197, 0.91288))
({x1}, (0.65504, 0.34496))
({x2}, (0.912868, 0.0871324))
({x3}, (0.912984, 0.087016))
({x4}, (0.0870484, 0.912952))
({x5}, (0.0871117, 0.912888))
({x6}, (0.331386, 0.668614))
({x7}, (0.0870867, 0.912913))
({x8}, (0.0872335, 0.912766))
({x9}, (0.0884359, 0.911564))
Exact factor marginals:
({x0}, (0.0871197, 0.91288))
({x1}, (0.65504, 0.34496))
({x2}, (0.912868, 0.0871324))
({x3}, (0.912984, 0.087016))
({x4}, (0.0870484, 0.912952))
({x5}, (0.0871117, 0.912888))
({x6}, (0.331386, 0.668614))
({x7}, (0.0870867, 0.912913))
({x8}, (0.0872335, 0.912766))
({x9}, (0.0884359, 0.911564))
({x0, x1}, (0.0280883, 0.626951, 0.0590314, 0.285929))
({x0, x2}, (6.8162e-06, 0.912861, 0.0871129, 1.95029e-05))
({x0, x3}, (0.000104162, 0.91288, 0.0870156, 4.72647e-07))
({x0, x4}, (0.0868122, 0.000236246, 0.000307564, 0.912644))
({x0, x5}, (0.0871116, 1.03111e-07, 8.15756e-06, 0.91288))
({x0, x6}, (0.036421, 0.294965, 0.0506987, 0.617916))
({x0, x7}, (0.0856754, 0.00141127, 0.00144433, 0.911469))
({x0, x8}, (0.0856063, 0.0016272, 0.00151342, 0.911253))
({x0, x9}, (0.0857806, 0.00265534, 0.00133916, 0.910225))
({x1, x2}, (0.626951, 0.285917, 0.0280887, 0.0590437))
({x1, x3}, (0.626951, 0.286033, 0.0280888, 0.0589273))
({x1, x4}, (0.0283245, 0.0587239, 0.626715, 0.286236))
({x1, x5}, (0.0280884, 0.0590233, 0.626951, 0.285937))
({x1, x6}, (0.00945977, 0.321926, 0.64558, 0.0230345))
({x1, x7}, (0.0294925, 0.0575941, 0.625547, 0.287366))
({x1, x8}, (0.0297048, 0.0575287, 0.625335, 0.287432))
({x1, x9}, (0.0294645, 0.0589714, 0.625575, 0.285989))
({x2, x3}, (0.912867, 0.000116829, 4.53718e-07, 0.0870156))
({x2, x4}, (0.000236021, 0.0868124, 0.912632, 0.000320025))
({x2, x5}, (3.13905e-07, 0.0871114, 0.912867, 2.10551e-05))
({x2, x6}, (0.294952, 0.0364339, 0.617916, 0.0506986))
({x2, x7}, (0.00141185, 0.0856748, 0.911456, 0.00145759))
({x2, x8}, (0.00162785, 0.0856057, 0.91124, 0.00152674))
({x2, x9}, (0.00265891, 0.085777, 0.910209, 0.00135542))
({x3, x4}, (0.000238249, 0.0868102, 0.912746, 0.000205877))
({x3, x5}, (9.60424e-05, 0.0870156, 0.912888, 4.07747e-07))
({x3, x6}, (0.295068, 0.0363175, 0.617916, 0.0506985))
({x3, x7}, (0.00141139, 0.0856753, 0.911573, 0.00134076))
({x3, x8}, (0.00162838, 0.0856051, 0.911356, 0.00141091))
({x3, x9}, (0.00267134, 0.0857646, 0.910313, 0.00125147))
({x4, x5}, (0.0868122, 0.000299445, 0.000236182, 0.912652))
({x4, x6}, (0.0361141, 0.295271, 0.0509343, 0.61768))
({x4, x7}, (0.0855508, 0.00153584, 0.00149757, 0.911416))
({x4, x8}, (0.0854653, 0.00176819, 0.00158309, 0.911183))
({x4, x9}, (0.085633, 0.00280293, 0.00141544, 0.910149))
({x5, x6}, (0.0364135, 0.294972, 0.0506981, 0.617916))
({x5, x7}, (0.0856749, 0.0014118, 0.0014368, 0.911477))
({x5, x8}, (0.0856058, 0.00162775, 0.00150591, 0.911261))
({x5, x9}, (0.0857773, 0.00265863, 0.00133439, 0.91023))
({x6, x7}, (0.0349795, 0.0521072, 0.296406, 0.616507))
({x6, x8}, (0.0349116, 0.0523219, 0.296474, 0.616293))
({x6, x9}, (0.036356, 0.0520799, 0.29503, 0.616535))
({x7, x8}, (0.0869498, 0.000283672, 0.000136831, 0.91263))
({x7, x9}, (0.0870562, 0.00137975, 3.05112e-05, 0.911534))
({x8, x9}, (0.0869855, 0.00145039, 0.000247996, 0.911316))
Exact log partition sum: 45.6539
Exact MAP variable marginals:
({x0}, (0.0534, 0.9466))
({x1}, (0.684145, 0.315855))
({x2}, (0.9466, 0.0534))
({x3}, (0.9466, 0.0534))
({x4}, (0.0534, 0.9466))
({x5}, (0.0534, 0.9466))
({x6}, (0.315855, 0.684145))
({x7}, (0.0534, 0.9466))
({x8}, (0.0534, 0.9466))
({x9}, (0.0534, 0.9466))
Exact MAP factor marginals:
({x0}, (0.0534, 0.9466)) == ({x0}, (0.0534, 0.9466))
({x1}, (0.684145, 0.315855)) == ({x1}, (0.684145, 0.315855))
({x2}, (0.9466, 0.0534)) == ({x2}, (0.9466, 0.0534))
({x3}, (0.9466, 0.0534)) == ({x3}, (0.9466, 0.0534))
({x4}, (0.0534, 0.9466)) == ({x4}, (0.0534, 0.9466))
({x5}, (0.0534, 0.9466)) == ({x5}, (0.0534, 0.9466))
({x6}, (0.315855, 0.684145)) == ({x6}, (0.315855, 0.684145))
({x7}, (0.0534, 0.9466)) == ({x7}, (0.0534, 0.9466))
({x8}, (0.0534, 0.9466)) == ({x8}, (0.0534, 0.9466))
({x9}, (0.0534, 0.9466)) == ({x9}, (0.0534, 0.9466))
({x0, x1}, (0.029168, 0.639508, 0.0360762, 0.295247)) == ({x0, x1}, (0.029168, 0.639508, 0.0360762, 0.295247))
({x0, x2}, (4.81713e-06, 0.946568, 0.0533982, 2.9178e-05)) == ({x0, x2}, (4.81713e-06, 0.946568, 0.0533982, 2.9178e-05))
({x0, x3}, (0.000127421, 0.946479, 0.0533932, 5.768e-07)) == ({x0, x3}, (0.000127421, 0.946479, 0.0533932, 5.768e-07))
({x0, x4}, (0.0533704, 0.000346755, 0.000206407, 0.946076)) == ({x0, x4}, (0.0533704, 0.000346755, 0.000206407, 0.946076))
({x0, x5}, (0.0533997, 9.40765e-08, 4.81727e-06, 0.946595)) == ({x0, x5}, (0.0533997, 9.40765e-08, 4.81727e-06, 0.946595))
({x0, x6}, (0.0360762, 0.295247, 0.029168, 0.639508)) == ({x0, x6}, (0.0360762, 0.295247, 0.029168, 0.639508))
({x0, x7}, (0.0531912, 0.00210192, 0.00180757, 0.942899)) == ({x0, x7}, (0.0531912, 0.00210192, 0.00180757, 0.942899))
({x0, x8}, (0.0531912, 0.00210192, 0.00180757, 0.942899)) == ({x0, x8}, (0.0531912, 0.00210192, 0.00180757, 0.942899))
({x0, x9}, (0.0531912, 0.00210192, 0.00180757, 0.942899)) == ({x0, x9}, (0.0531912, 0.00210192, 0.00180757, 0.942899))
({x1, x2}, (0.639508, 0.295247, 0.029168, 0.0360762)) == ({x1, x2}, (0.639508, 0.295247, 0.029168, 0.0360762))
({x1, x3}, (0.639508, 0.295247, 0.029168, 0.0360762)) == ({x1, x3}, (0.639508, 0.295247, 0.029168, 0.0360762))
({x1, x4}, (0.029168, 0.0360762, 0.639508, 0.295247)) == ({x1, x4}, (0.029168, 0.0360762, 0.639508, 0.295247))
({x1, x5}, (0.029168, 0.0360762, 0.639508, 0.295247)) == ({x1, x5}, (0.029168, 0.0360762, 0.639508, 0.295247))
({x1, x6}, (0.0101491, 0.304986, 0.660603, 0.0242619)) == ({x1, x6}, (0.0101491, 0.304986, 0.660603, 0.0242619))
({x1, x7}, (0.029168, 0.0360762, 0.639508, 0.295247)) == ({x1, x7}, (0.029168, 0.0360762, 0.639508, 0.295247))
({x1, x8}, (0.029168, 0.0360762, 0.639508, 0.295247)) == ({x1, x8}, (0.029168, 0.0360762, 0.639508, 0.295247))
({x1, x9}, (0.029168, 0.0360762, 0.639508, 0.295247)) == ({x1, x9}, (0.029168, 0.0360762, 0.639508, 0.295247))
({x2, x3}, (0.946479, 0.000127421, 5.768e-07, 0.0533932)) == ({x2, x3}, (0.946479, 0.000127421, 5.768e-07, 0.0533932))
({x2, x4}, (0.000346755, 0.0533704, 0.946076, 0.000206407)) == ({x2, x4}, (0.000346755, 0.0533704, 0.946076, 0.000206407))
({x2, x5}, (2.97141e-07, 0.0533984, 0.946572, 2.91782e-05)) == ({x2, x5}, (2.97141e-07, 0.0533984, 0.946572, 2.91782e-05))
({x2, x6}, (0.295247, 0.0360762, 0.639508, 0.029168)) == ({x2, x6}, (0.295247, 0.0360762, 0.639508, 0.029168))
({x2, x7}, (0.00210192, 0.0531912, 0.942899, 0.00180757)) == ({x2, x7}, (0.00210192, 0.0531912, 0.942899, 0.00180757))
({x2, x8}, (0.00210192, 0.0531912, 0.942899, 0.00180757)) == ({x2, x8}, (0.00210192, 0.0531912, 0.942899, 0.00180757))
({x2, x9}, (0.00210192, 0.0531912, 0.942899, 0.00180757)) == ({x2, x9}, (0.00210192, 0.0531912, 0.942899, 0.00180757))
({x3, x4}, (0.000346755, 0.0533704, 0.946076, 0.000206407)) == ({x3, x4}, (0.000346755, 0.0533704, 0.946076, 0.000206407))
({x3, x5}, (0.000127421, 0.0533932, 0.946479, 5.768e-07)) == ({x3, x5}, (0.000127421, 0.0533932, 0.946479, 5.768e-07))
({x3, x6}, (0.295247, 0.0360762, 0.639508, 0.029168)) == ({x3, x6}, (0.295247, 0.0360762, 0.639508, 0.029168))
({x3, x7}, (0.00210192, 0.0531912, 0.942899, 0.00180757)) == ({x3, x7}, (0.00210192, 0.0531912, 0.942899, 0.00180757))
({x3, x8}, (0.00210192, 0.0531912, 0.942899, 0.00180757)) == ({x3, x8}, (0.00210192, 0.0531912, 0.942899, 0.00180757))
({x3, x9}, (0.00210192, 0.0531912, 0.942899, 0.00180757)) == ({x3, x9}, (0.00210192, 0.0531912, 0.942899, 0.00180757))
({x4, x5}, (0.0533704, 0.000206407, 0.000346755, 0.946076)) == ({x4, x5}, (0.0533704, 0.000206407, 0.000346755, 0.946076))
({x4, x6}, (0.0360762, 0.295247, 0.029168, 0.639508)) == ({x4, x6}, (0.0360762, 0.295247, 0.029168, 0.639508))
({x4, x7}, (0.0531912, 0.00210192, 0.00180757, 0.942899)) == ({x4, x7}, (0.0531912, 0.00210192, 0.00180757, 0.942899))
({x4, x8}, (0.0531912, 0.00210192, 0.00180757, 0.942899)) == ({x4, x8}, (0.0531912, 0.00210192, 0.00180757, 0.942899))
({x4, x9}, (0.0531912, 0.00210192, 0.00180757, 0.942899)) == ({x4, x9}, (0.0531912, 0.00210192, 0.00180757, 0.942899))
({x5, x6}, (0.0360762, 0.295247, 0.029168, 0.639508)) == ({x5, x6}, (0.0360762, 0.295247, 0.029168, 0.639508))
({x5, x7}, (0.0531912, 0.00210192, 0.00180757, 0.942899)) == ({x5, x7}, (0.0531912, 0.00210192, 0.00180757, 0.942899))
({x5, x8}, (0.0531912, 0.00210192, 0.00180757, 0.942899)) == ({x5, x8}, (0.0531912, 0.00210192, 0.00180757, 0.942899))
({x5, x9}, (0.0531912, 0.00210192, 0.00180757, 0.942899)) == ({x5, x9}, (0.0531912, 0.00210192, 0.00180757, 0.942899))
({x6, x7}, (0.0360762, 0.029168, 0.295247, 0.639508)) == ({x6, x7}, (0.0360762, 0.029168, 0.295247, 0.639508))
({x6, x8}, (0.0360762, 0.029168, 0.295247, 0.639508)) == ({x6, x8}, (0.0360762, 0.029168, 0.295247, 0.639508))
({x6, x9}, (0.0360762, 0.029168, 0.295247, 0.639508)) == ({x6, x9}, (0.0360762, 0.029168, 0.295247, 0.639508))
({x7, x8}, (0.0533715, 0.000357441, 0.000175282, 0.946096)) == ({x7, x8}, (0.0533715, 0.000357441, 0.000175282, 0.946096))
({x7, x9}, (0.0532951, 0.00193598, 2.85182e-05, 0.94474)) == ({x7, x9}, (0.0532951, 0.00193598, 2.85182e-05, 0.94474))
({x8, x9}, (0.0532776, 0.00193535, 0.000356812, 0.94443)) == ({x8, x9}, (0.0532776, 0.00193535, 0.000356812, 0.94443))
Exact MAP state (log score = 45.1688):
x0: 1
x1: 0
x2: 0
x3: 0
x4: 1
x5: 1
x6: 1
x7: 1
x8: 1
x9: 1
