Builtin inference algorithms: {BP, EXACT, FBP, JTREE, TRWBP}

Exact variable marginals:
({x0}, (0.0611497, 0.93885))
({x1}, (0.414745, 0.585255))
({x2}, (0.574061, 0.425939))
({x3}, (0.418799, 0.581201))
({x4}, (0.0613549, 0.938645))
({x5}, (0.427594, 0.572406))
({x6}, (0.938506, 0.0614945))
({x7}, (0.937159, 0.0628411))
({x8}, (0.437609, 0.562391))
({x9}, (0.0663952, 0.933605))
Exact factor marginals:
({x0}, (0.0611497, 0.93885))
({x1}, (0.414745, 0.585255))
({x2}, (0.574061, 0.425939))
({x3}, (0.418799, 0.581201))
({x4}, (0.0613549, 0.938645))
({x5}, (0.427594, 0.572406))
({x6}, (0.938506, 0.0614945))
({x7}, (0.937159, 0.0628411))
({x8}, (0.437609, 0.562391))
({x9}, (0.0663952, 0.933605))
({x0, x1}, (0.0599111, 0.354834, 0.00123858, 0.584016))
({x0, x2}, (0.00182246, 0.572239, 0.0593273, 0.366612))
({x0, x3}, (0.0599192, 0.35888, 0.00123051, 0.579971))
({x0, x4}, (0.0610964, 0.000258513, 5.33557e-05, 0.938592))
({x0, x5}, (0.0598693, 0.367725, 0.00128044, 0.571126))
({x0, x6}, (0.000254913, 0.938251, 0.0608948, 0.000599666))
({x0, x7}, (0.000254734, 0.936904, 0.060895, 0.00194613))
({x0, x8}, (0.0587364, 0.378873, 0.0024133, 0.559978))
({x0, x9}, (0.0599858, 0.00640935, 0.00116389, 0.932441))
({x1, x2}, (0.00274159, 0.571319, 0.412004, 0.0139352))
({x1, x3}, (0.414739, 0.00405999, 6.35803e-06, 0.581195))
({x1, x4}, (0.0600544, 0.00130043, 0.354691, 0.583954))
({x1, x5}, (0.41469, 0.0129042, 5.57029e-05, 0.57235))
({x1, x6}, (0.354236, 0.584269, 0.0605093, 0.000985168))
({x1, x7}, (0.352896, 0.584263, 0.061849, 0.000992147))
({x1, x8}, (0.413557, 0.0240522, 0.00118857, 0.561202))
({x1, x9}, (0.0595593, 0.00683584, 0.355186, 0.578419))
({x2, x3}, (0.00616863, 0.41263, 0.567892, 0.0133086))
({x2, x4}, (0.00188668, 0.0594682, 0.572174, 0.366471))
({x2, x5}, (0.0149642, 0.41263, 0.559097, 0.0133093))
({x2, x6}, (0.572489, 0.366017, 0.00157231, 0.0599222))
({x2, x7}, (0.572491, 0.364668, 0.00157026, 0.0612709))
({x2, x8}, (0.0202403, 0.417369, 0.553821, 0.00857029))
({x2, x9}, (0.000964569, 0.0654306, 0.573096, 0.360508))
({x3, x4}, (0.0601386, 0.00121631, 0.35866, 0.579985))
({x3, x5}, (0.418747, 0.00884663, 5.17335e-05, 0.572354))
({x3, x6}, (0.358296, 0.58021, 0.0605034, 0.00099103))
({x3, x7}, (0.356956, 0.580203, 0.0618431, 0.000997998))
({x3, x8}, (0.417616, 0.0199931, 0.00118309, 0.561208))
({x3, x9}, (0.0595536, 0.00684162, 0.359245, 0.574359))
({x4, x5}, (0.0600904, 0.367503, 0.00126449, 0.571142))
({x4, x6}, (0.000316913, 0.938189, 0.061038, 0.000456508))
({x4, x7}, (0.000316436, 0.936842, 0.0610384, 0.00180267))
({x4, x8}, (0.0589558, 0.378653, 0.00239911, 0.559992))
({x4, x9}, (0.06011, 0.00628523, 0.00124492, 0.93236))
({x5, x6}, (0.36714, 0.571365, 0.0604537, 0.00104079))
({x5, x7}, (0.365801, 0.571358, 0.0617934, 0.00104776))
({x5, x8}, (0.424756, 0.0128531, 0.00283797, 0.559553))
({x5, x9}, (0.0595039, 0.00689131, 0.36809, 0.565515))
({x6, x7}, (0.937156, 2.83158e-06, 0.00134947, 0.0614916))
({x6, x8}, (0.378288, 0.0593209, 0.560217, 0.00217358))
({x6, x9}, (0.00589218, 0.060503, 0.932613, 0.000991469))
({x7, x8}, (0.376949, 0.0606604, 0.56021, 0.00218071))
({x7, x9}, (0.00587791, 0.0605173, 0.931281, 0.00232383))
({x8, x9}, (0.0642532, 0.00214194, 0.373356, 0.560249))
Exact log partition sum: 28.3388
Exact MAP variable marginals:
({x0}, (0.0960274, 0.903973))
({x1}, (0.389267, 0.610733))
({x2}, (0.610733, 0.389267))
({x3}, (0.389267, 0.610733))
({x4}, (0.0960274, 0.903973))
({x5}, (0.389267, 0.610733))
({x6}, (0.903973, 0.0960274))
({x7}, (0.903973, 0.0960274))
({x8}, (0.389267, 0.610733))
({x9}, (0.0960274, 0.903973))
Exact MAP factor marginals:
({x0}, (0.0960274, 0.903973)) == ({x0}, (0.0960274, 0.903973))
({x1}, (0.389267, 0.610733)) == ({x1}, (0.389267, 0.610733))
({x2}, (0.610733, 0.389267)) == ({x2}, (0.610733, 0.389267))
({x3}, (0.389267, 0.610733)) == ({x3}, (0.389267, 0.610733))
({x4}, (0.0960274, 0.903973)) == ({x4}, (0.0960274, 0.903973))
({x5}, (0.389267, 0.610733)) == ({x5}, (0.389267, 0.610733))
({x6}, (0.903973, 0.0960274)) == ({x6}, (0.903973, 0.0960274))
({x7}, (0.903973, 0.0960274)) == ({x7}, (0.903973, 0.0960274))
({x8}, (0.389267, 0.610733)) == ({x8}, (0.389267, 0.610733))
({x9}, (0.0960274, 0.903973)) == ({x9}, (0.0960274, 0.903973))
({x0, x1}, (0.0608701, 0.365224, 0.000892704, 0.573013)) == ({x0, x1}, (0.0608701, 0.365224, 0.000892704, 0.573013))
({x0, x2}, (0.000892704, 0.573013, 0.0608701, 0.365224)) == ({x0, x2}, (0.000892704, 0.573013, 0.0608701, 0.365224))
({x0, x3}, (0.0608701, 0.365224, 0.000892704, 0.573013)) == ({x0, x3}, (0.0608701, 0.365224, 0.000892704, 0.573013))
({x0, x4}, (0.0959995, 0.000209549, 8.10169e-05, 0.90371)) == ({x0, x4}, (0.0959995, 0.000209549, 8.10169e-05, 0.90371))
({x0, x5}, (0.0608701, 0.365224, 0.000892704, 0.573013)) == ({x0, x5}, (0.0608701, 0.365224, 0.000892704, 0.573013))
({x0, x6}, (0.000309831, 0.903113, 0.0959361, 0.000641353)) == ({x0, x6}, (0.000309831, 0.903113, 0.0959361, 0.000641353))
({x0, x7}, (0.000309353, 0.90172, 0.0957881, 0.00218263)) == ({x0, x7}, (0.000309353, 0.90172, 0.0957881, 0.00218263))
({x0, x8}, (0.0608701, 0.365224, 0.000892704, 0.573013)) == ({x0, x8}, (0.0608701, 0.365224, 0.000892704, 0.573013))
({x0, x9}, (0.0951417, 0.00832799, 0.000895422, 0.895635)) == ({x0, x9}, (0.0951417, 0.00832799, 0.000895422, 0.895635))
({x1, x2}, (0.00223065, 0.60458, 0.385344, 0.00784531)) == ({x1, x2}, (0.00223065, 0.60458, 0.385344, 0.00784531))
({x1, x3}, (0.387828, 0.00368875, 5.8021e-06, 0.608477)) == ({x1, x3}, (0.387828, 0.00368875, 5.8021e-06, 0.608477))
({x1, x4}, (0.0608701, 0.000892704, 0.365224, 0.573013)) == ({x1, x4}, (0.0608701, 0.000892704, 0.365224, 0.573013))
({x1, x5}, (0.386204, 0.00782825, 3.85139e-05, 0.605929)) == ({x1, x5}, (0.386204, 0.00782825, 3.85139e-05, 0.605929))
({x1, x6}, (0.365224, 0.573013, 0.0608701, 0.000892704)) == ({x1, x6}, (0.365224, 0.573013, 0.0608701, 0.000892704))
({x1, x7}, (0.365224, 0.573013, 0.0608701, 0.000892704)) == ({x1, x7}, (0.365224, 0.573013, 0.0608701, 0.000892704))
({x1, x8}, (0.38584, 0.00819675, 0.000605214, 0.605358)) == ({x1, x8}, (0.38584, 0.00819675, 0.000605214, 0.605358))
({x1, x9}, (0.0606013, 0.00530459, 0.363612, 0.570482)) == ({x1, x9}, (0.0606013, 0.00530459, 0.363612, 0.570482))
({x2, x3}, (0.00365987, 0.384792, 0.603714, 0.00783407)) == ({x2, x3}, (0.00365987, 0.384792, 0.603714, 0.00783407))
({x2, x4}, (0.000892704, 0.0608701, 0.573013, 0.365224)) == ({x2, x4}, (0.000892704, 0.0608701, 0.573013, 0.365224))
({x2, x5}, (0.00776748, 0.383206, 0.601225, 0.00780177)) == ({x2, x5}, (0.00776748, 0.383206, 0.601225, 0.00780177))
({x2, x6}, (0.573013, 0.365224, 0.000892704, 0.0608701)) == ({x2, x6}, (0.573013, 0.365224, 0.000892704, 0.0608701))
({x2, x7}, (0.573013, 0.365224, 0.000892704, 0.0608701)) == ({x2, x7}, (0.573013, 0.365224, 0.000892704, 0.0608701))
({x2, x8}, (0.00813775, 0.383063, 0.601, 0.00779886)) == ({x2, x8}, (0.00813775, 0.383063, 0.601, 0.00779886))
({x2, x9}, (0.000892704, 0.0608701, 0.573013, 0.365224)) == ({x2, x9}, (0.000892704, 0.0608701, 0.573013, 0.365224))
({x3, x4}, (0.0608701, 0.000892704, 0.365224, 0.573013)) == ({x3, x4}, (0.0608701, 0.000892704, 0.365224, 0.573013))
({x3, x5}, (0.386204, 0.00782825, 3.85139e-05, 0.605929)) == ({x3, x5}, (0.386204, 0.00782825, 3.85139e-05, 0.605929))
({x3, x6}, (0.365224, 0.573013, 0.0608701, 0.000892704)) == ({x3, x6}, (0.365224, 0.573013, 0.0608701, 0.000892704))
({x3, x7}, (0.365224, 0.573013, 0.0608701, 0.000892704)) == ({x3, x7}, (0.365224, 0.573013, 0.0608701, 0.000892704))
({x3, x8}, (0.38584, 0.00819675, 0.000605214, 0.605358)) == ({x3, x8}, (0.38584, 0.00819675, 0.000605214, 0.605358))
({x3, x9}, (0.0606013, 0.00530459, 0.363612, 0.570482)) == ({x3, x9}, (0.0606013, 0.00530459, 0.363612, 0.570482))
({x4, x5}, (0.0608701, 0.365224, 0.000892704, 0.573013)) == ({x4, x5}, (0.0608701, 0.365224, 0.000892704, 0.573013))
({x4, x6}, (0.000309831, 0.903113, 0.0959361, 0.000641353)) == ({x4, x6}, (0.000309831, 0.903113, 0.0959361, 0.000641353))
({x4, x7}, (0.000309353, 0.90172, 0.0957881, 0.00218263)) == ({x4, x7}, (0.000309353, 0.90172, 0.0957881, 0.00218263))
({x4, x8}, (0.0608701, 0.365224, 0.000892704, 0.573013)) == ({x4, x8}, (0.0608701, 0.365224, 0.000892704, 0.573013))
({x4, x9}, (0.0951417, 0.00832799, 0.000895422, 0.895635)) == ({x4, x9}, (0.0951417, 0.00832799, 0.000895422, 0.895635))
({x5, x6}, (0.365224, 0.573013, 0.0608701, 0.000892704)) == ({x5, x6}, (0.365224, 0.573013, 0.0608701, 0.000892704))
({x5, x7}, (0.365224, 0.573013, 0.0608701, 0.000892704)) == ({x5, x7}, (0.365224, 0.573013, 0.0608701, 0.000892704))
({x5, x8}, (0.38536, 0.00818655, 0.00184911, 0.604604)) == ({x5, x8}, (0.38536, 0.00818655, 0.00184911, 0.604604))
({x5, x9}, (0.0606013, 0.00530459, 0.363612, 0.570482)) == ({x5, x9}, (0.0606013, 0.00530459, 0.363612, 0.570482))
({x6, x7}, (0.901998, 1.34054e-06, 0.0021833, 0.0958176)) == ({x6, x7}, (0.901998, 1.34054e-06, 0.0021833, 0.0958176))
({x6, x8}, (0.365224, 0.0608701, 0.573013, 0.000892704)) == ({x6, x8}, (0.365224, 0.0608701, 0.573013, 0.000892704))
({x6, x9}, (0.00832799, 0.0951417, 0.895635, 0.000895422)) == ({x6, x9}, (0.00832799, 0.0951417, 0.895635, 0.000895422))
({x7, x8}, (0.365224, 0.0608701, 0.573013, 0.000892704)) == ({x7, x8}, (0.365224, 0.0608701, 0.573013, 0.000892704))
({x7, x9}, (0.00831741, 0.0950208, 0.894497, 0.00216515)) == ({x7, x9}, (0.00831741, 0.0950208, 0.894497, 0.00216515))
({x8, x9}, (0.0608701, 0.000892704, 0.365224, 0.573013)) == ({x8, x9}, (0.0608701, 0.000892704, 0.365224, 0.573013))
Exact MAP state (log score = 27.7418):
x0: 1
x1: 1
x2: 0
x3: 1
x4: 1
x5: 1
x6: 0
x7: 0
x8: 1
x9: 1
