Builtin inference algorithms: {BP, EXACT, FBP, JTREE, TRWBP}

Exact variable marginals:
({x0}, (0.977534, 0.0224661))
({x1}, (0.965329, 0.0346709))
({x2}, (0.0219337, 0.978066))
({x3}, (0.0219075, 0.978093))
({x4}, (0.977627, 0.0223725))
({x5}, (0.960029, 0.0399711))
({x6}, (0.912267, 0.0877335))
({x7}, (0.745196, 0.254804))
({x8}, (0.0230378, 0.976962))
({x9}, (0.0219082, 0.978092))
Exact factor marginals:
({x0}, (0.977534, 0.0224661))
({x1}, (0.965329, 0.0346709))
({x2}, (0.0219337, 0.978066))
({x3}, (0.0219075, 0.978093))
({x4}, (0.977627, 0.0223725))
({x5}, (0.960029, 0.0399711))
({x6}, (0.912267, 0.0877335))
({x7}, (0.745196, 0.254804))
({x8}, (0.0230378, 0.976962))
({x9}, (0.0219082, 0.978092))
({x0, x1}, (0.964265, 0.0010644, 0.0132691, 0.0214017))
({x0, x2}, (0.000107665, 0.021826, 0.977426, 0.000640127))
({x0, x3}, (8.25594e-05, 0.0218249, 0.977451, 0.000641211))
({x0, x4}, (0.976972, 0.000655001, 0.000561386, 0.0218111))
({x0, x5}, (0.958839, 0.00118988, 0.0186948, 0.0212763))
({x0, x6}, (0.91069, 0.00157659, 0.0668439, 0.0208896))
({x0, x7}, (0.730588, 0.0146085, 0.246946, 0.00785767))
({x0, x8}, (0.00134131, 0.0216965, 0.976193, 0.000769683))
({x0, x9}, (8.19775e-05, 0.0218263, 0.977452, 0.000639891))
({x1, x2}, (0.000438526, 0.0214952, 0.964891, 0.0131757))
({x1, x3}, (0.000437502, 0.02147, 0.964892, 0.0132009))
({x1, x4}, (0.964403, 0.0132247, 0.00092638, 0.0214462))
({x1, x5}, (0.959449, 0.000579727, 0.00587994, 0.0340911))
({x1, x6}, (0.911433, 0.000833636, 0.0538962, 0.0338372))
({x1, x7}, (0.729757, 0.0154394, 0.235572, 0.0192315))
({x1, x8}, (0.00168174, 0.021356, 0.963647, 0.0133148))
({x1, x9}, (0.000438888, 0.0214693, 0.96489, 0.0132015))
({x2, x3}, (0.0219068, 6.55206e-07, 2.68446e-05, 0.978066))
({x2, x4}, (4.90073e-05, 0.977578, 0.0218847, 0.000487854))
({x2, x5}, (0.000549756, 0.959479, 0.0213839, 0.0185872))
({x2, x6}, (0.00117492, 0.911092, 0.0207588, 0.0669747))
({x2, x7}, (0.014716, 0.73048, 0.00721764, 0.247586))
({x2, x8}, (0.0217763, 0.00126152, 0.000157435, 0.976805))
({x2, x9}, (0.0219079, 3.62688e-07, 2.58143e-05, 0.978066))
({x3, x4}, (2.39078e-05, 0.977604, 0.0218836, 0.000488944))
({x3, x5}, (0.000548679, 0.95948, 0.0213588, 0.0186123))
({x3, x6}, (0.00117392, 0.911093, 0.0207336, 0.0669999))
({x3, x7}, (0.0146892, 0.730507, 0.00721828, 0.247586))
({x3, x8}, (0.0217769, 0.00126089, 0.000130612, 0.976832))
({x3, x9}, (0.0219067, 1.56347e-06, 8.25687e-07, 0.978091))
({x4, x5}, (0.958991, 0.00103761, 0.0186362, 0.0213349))
({x4, x6}, (0.910604, 0.00166274, 0.0670237, 0.0207098))
({x4, x7}, (0.730409, 0.0147868, 0.247218, 0.00758571))
({x4, x8}, (0.000899632, 0.0221381, 0.976728, 0.000234395))
({x4, x9}, (2.32026e-05, 0.021885, 0.977604, 0.000487501))
({x5, x6}, (0.911586, 0.000680434, 0.0484428, 0.0392907))
({x5, x7}, (0.730034, 0.0151622, 0.229995, 0.0248089))
({x5, x8}, (0.001794, 0.0212438, 0.958235, 0.0187273))
({x5, x9}, (0.000550117, 0.0213581, 0.959479, 0.018613))
({x6, x7}, (0.730189, 0.0150071, 0.182077, 0.0727264))
({x6, x8}, (0.00239128, 0.0206465, 0.909875, 0.067087))
({x6, x9}, (0.00117526, 0.020733, 0.911091, 0.0670005))
({x7, x8}, (0.0145593, 0.00847843, 0.730637, 0.246325))
({x7, x9}, (0.0146904, 0.00721786, 0.730506, 0.247586))
({x8, x9}, (0.0217765, 0.000131702, 0.00126124, 0.976831))
Exact log partition sum: 40.1904
Exact MAP variable marginals:
({x0}, (0.982058, 0.0179423))
({x1}, (0.982058, 0.0179423))
({x2}, (0.0179423, 0.982058))
({x3}, (0.0179423, 0.982058))
({x4}, (0.982058, 0.0179423))
({x5}, (0.982058, 0.0179423))
({x6}, (0.938883, 0.0611166))
({x7}, (0.801565, 0.198435))
({x8}, (0.0179423, 0.982058))
({x9}, (0.0179423, 0.982058))
Exact MAP factor marginals:
({x0}, (0.982058, 0.0179423)) == ({x0}, (0.982058, 0.0179423))
({x1}, (0.982058, 0.0179423)) == ({x1}, (0.982058, 0.0179423))
({x2}, (0.0179423, 0.982058)) == ({x2}, (0.0179423, 0.982058))
({x3}, (0.0179423, 0.982058)) == ({x3}, (0.0179423, 0.982058))
({x4}, (0.982058, 0.0179423)) == ({x4}, (0.982058, 0.0179423))
({x5}, (0.982058, 0.0179423)) == ({x5}, (0.982058, 0.0179423))
({x6}, (0.938883, 0.0611166)) == ({x6}, (0.938883, 0.0611166))
({x7}, (0.801565, 0.198435)) == ({x7}, (0.801565, 0.198435))
({x8}, (0.0179423, 0.982058)) == ({x8}, (0.0179423, 0.982058))
({x9}, (0.0179423, 0.982058)) == ({x9}, (0.0179423, 0.982058))
({x0, x1}, (0.966218, 0.00056097, 0.0155679, 0.0176529)) == ({x0, x1}, (0.966218, 0.00056097, 0.0155679, 0.0176529))
({x0, x2}, (9.87357e-05, 0.0179308, 0.981429, 0.000541154)) == ({x0, x2}, (9.87357e-05, 0.0179308, 0.981429, 0.000541154))
({x0, x3}, (9.87357e-05, 0.0179308, 0.981429, 0.000541154)) == ({x0, x3}, (9.87357e-05, 0.0179308, 0.981429, 0.000541154))
({x0, x4}, (0.98105, 0.000540945, 0.000485329, 0.0179239)) == ({x0, x4}, (0.98105, 0.000540945, 0.000485329, 0.0179239))
({x0, x5}, (0.966218, 0.00056097, 0.0155679, 0.0176529)) == ({x0, x5}, (0.966218, 0.00056097, 0.0155679, 0.0176529))
({x0, x6}, (0.922333, 0.000776673, 0.0600392, 0.0168511)) == ({x0, x6}, (0.922333, 0.000776673, 0.0600392, 0.0168511))
({x0, x7}, (0.78387, 0.0143214, 0.194054, 0.00775428)) == ({x0, x7}, (0.78387, 0.0143214, 0.194054, 0.00775428))
({x0, x8}, (0.00115151, 0.0179119, 0.980396, 0.000540584)) == ({x0, x8}, (0.00115151, 0.0179119, 0.980396, 0.000540584))
({x0, x9}, (9.87357e-05, 0.0179308, 0.981429, 0.000541154)) == ({x0, x9}, (9.87357e-05, 0.0179308, 0.981429, 0.000541154))
({x1, x2}, (0.00056097, 0.0176529, 0.966218, 0.0155679)) == ({x1, x2}, (0.00056097, 0.0176529, 0.966218, 0.0155679))
({x1, x3}, (0.00056097, 0.0176529, 0.966218, 0.0155679)) == ({x1, x3}, (0.00056097, 0.0176529, 0.966218, 0.0155679))
({x1, x4}, (0.966218, 0.0155679, 0.00056097, 0.0176529)) == ({x1, x4}, (0.966218, 0.0155679, 0.00056097, 0.0176529))
({x1, x5}, (0.974105, 0.0003315, 0.00776677, 0.017797)) == ({x1, x5}, (0.974105, 0.0003315, 0.00776677, 0.017797))
({x1, x6}, (0.922333, 0.000776673, 0.0600392, 0.0168511)) == ({x1, x6}, (0.922333, 0.000776673, 0.0600392, 0.0168511))
({x1, x7}, (0.780067, 0.0142519, 0.193112, 0.0125686)) == ({x1, x7}, (0.780067, 0.0142519, 0.193112, 0.0125686))
({x1, x8}, (0.0011342, 0.0176428, 0.965664, 0.015559)) == ({x1, x8}, (0.0011342, 0.0176428, 0.965664, 0.015559))
({x1, x9}, (0.00056097, 0.0176529, 0.966218, 0.0155679)) == ({x1, x9}, (0.00056097, 0.0176529, 0.966218, 0.0155679))
({x2, x3}, (0.0179416, 6.20911e-07, 3.43253e-05, 0.982023)) == ({x2, x3}, (0.0179416, 6.20911e-07, 3.43253e-05, 0.982023))
({x2, x4}, (3.43086e-05, 0.981547, 0.0179329, 0.000485575)) == ({x2, x4}, (3.43086e-05, 0.981547, 0.0179329, 0.000485575))
({x2, x5}, (0.00056097, 0.966218, 0.0176529, 0.0155679)) == ({x2, x5}, (0.00056097, 0.966218, 0.0176529, 0.0155679))
({x2, x6}, (0.000776673, 0.922333, 0.0168511, 0.0600392)) == ({x2, x6}, (0.000776673, 0.922333, 0.0168511, 0.0600392))
({x2, x7}, (0.0143214, 0.78387, 0.00775428, 0.194054)) == ({x2, x7}, (0.0143214, 0.78387, 0.00775428, 0.194054))
({x2, x8}, (0.017919, 0.00115196, 0.000143687, 0.980785)) == ({x2, x8}, (0.017919, 0.00115196, 0.000143687, 0.980785))
({x2, x9}, (0.0179417, 2.14539e-07, 3.43253e-05, 0.982024)) == ({x2, x9}, (0.0179417, 2.14539e-07, 3.43253e-05, 0.982024))
({x3, x4}, (2.9325e-05, 0.981552, 0.017933, 0.000485577)) == ({x3, x4}, (2.9325e-05, 0.981552, 0.017933, 0.000485577))
({x3, x5}, (0.00056097, 0.966218, 0.0176529, 0.0155679)) == ({x3, x5}, (0.00056097, 0.966218, 0.0176529, 0.0155679))
({x3, x6}, (0.000776673, 0.922333, 0.0168511, 0.0600392)) == ({x3, x6}, (0.000776673, 0.922333, 0.0168511, 0.0600392))
({x3, x7}, (0.0143214, 0.78387, 0.00775428, 0.194054)) == ({x3, x7}, (0.0143214, 0.78387, 0.00775428, 0.194054))
({x3, x8}, (0.017919, 0.00115196, 0.000143687, 0.980785)) == ({x3, x8}, (0.017919, 0.00115196, 0.000143687, 0.980785))
({x3, x9}, (0.0179422, 1.57811e-06, 6.20931e-07, 0.982056)) == ({x3, x9}, (0.0179422, 1.57811e-06, 6.20931e-07, 0.982056))
({x4, x5}, (0.966218, 0.00056097, 0.0155679, 0.0176529)) == ({x4, x5}, (0.966218, 0.00056097, 0.0155679, 0.0176529))
({x4, x6}, (0.922333, 0.000776673, 0.0600392, 0.0168511)) == ({x4, x6}, (0.922333, 0.000776673, 0.0600392, 0.0168511))
({x4, x7}, (0.78387, 0.0143214, 0.194054, 0.00775428)) == ({x4, x7}, (0.78387, 0.0143214, 0.194054, 0.00775428))
({x4, x8}, (0.00115195, 0.0179187, 0.98077, 0.000159376)) == ({x4, x8}, (0.00115195, 0.0179187, 0.98077, 0.000159376))
({x4, x9}, (2.9325e-05, 0.017933, 0.981552, 0.000485577)) == ({x4, x9}, (2.9325e-05, 0.017933, 0.981552, 0.000485577))
({x5, x6}, (0.922333, 0.000776673, 0.0600392, 0.0168511)) == ({x5, x6}, (0.922333, 0.000776673, 0.0600392, 0.0168511))
({x5, x7}, (0.780067, 0.0142519, 0.193112, 0.0125686)) == ({x5, x7}, (0.780067, 0.0142519, 0.193112, 0.0125686))
({x5, x8}, (0.0011342, 0.0176428, 0.965664, 0.015559)) == ({x5, x8}, (0.0011342, 0.0176428, 0.965664, 0.015559))
({x5, x9}, (0.00056097, 0.0176529, 0.966218, 0.0155679)) == ({x5, x9}, (0.00056097, 0.0176529, 0.966218, 0.0155679))
({x6, x7}, (0.751358, 0.0137274, 0.186005, 0.0489096)) == ({x6, x7}, (0.751358, 0.0137274, 0.186005, 0.0489096))
({x6, x8}, (0.00108298, 0.0168459, 0.92205, 0.0600208)) == ({x6, x8}, (0.00108298, 0.0168459, 0.92205, 0.0600208))
({x6, x9}, (0.000776673, 0.0168511, 0.922333, 0.0600392)) == ({x6, x9}, (0.000776673, 0.0168511, 0.922333, 0.0600392))
({x7, x8}, (0.0143214, 0.00775428, 0.78387, 0.194054)) == ({x7, x8}, (0.0143214, 0.00775428, 0.78387, 0.194054))
({x7, x9}, (0.0143214, 0.00775428, 0.78387, 0.194054)) == ({x7, x9}, (0.0143214, 0.00775428, 0.78387, 0.194054))
({x8, x9}, (0.017919, 0.000143687, 0.00115196, 0.980785)) == ({x8, x9}, (0.017919, 0.000143687, 0.00115196, 0.980785))
Exact MAP state (log score = 39.8741):
x0: 0
x1: 0
x2: 1
x3: 1
x4: 0
x5: 0
x6: 0
x7: 0
x8: 1
x9: 1
