Builtin inference algorithms: {BP, EXACT, FBP, JTREE, TRWBP}

Exact variable marginals:
({x0}, (0.0320165, 0.967983))
({x1}, (0.967982, 0.0320183))
({x2}, (0.0826613, 0.917339))
({x3}, (0.0320158, 0.967984))
({x4}, (0.967983, 0.0320173))
({x5}, (0.967227, 0.0327728))
({x6}, (0.967987, 0.0320133))
({x7}, (0.9461, 0.0539004))
({x8}, (0.587947, 0.412053))
({x9}, (0.37516, 0.62484))
Exact factor marginals:
({x0}, (0.0320165, 0.967983))
({x1}, (0.967982, 0.0320183))
({x2}, (0.0826613, 0.917339))
({x3}, (0.0320158, 0.967984))
({x4}, (0.967983, 0.0320173))
({x5}, (0.967227, 0.0327728))
({x6}, (0.967987, 0.0320133))
({x7}, (0.9461, 0.0539004))
({x8}, (0.587947, 0.412053))
({x9}, (0.37516, 0.62484))
({x0, x1}, (9.14024e-07, 0.967981, 0.0320156, 2.72599e-06))
({x0, x2}, (0.0316394, 0.051022, 0.000377155, 0.916962))
({x0, x3}, (0.0320154, 3.62772e-07, 1.10317e-06, 0.967983))
({x0, x4}, (1.16648e-06, 0.967981, 0.0320153, 1.99815e-06))
({x0, x5}, (3.10743e-06, 0.967224, 0.0320134, 0.000759408))
({x0, x6}, (8.34553e-06, 0.967978, 0.0320082, 5.08511e-06))
({x0, x7}, (7.38296e-06, 0.946092, 0.0320091, 0.0218912))
({x0, x8}, (0.000921968, 0.587025, 0.0310945, 0.380958))
({x0, x9}, (0.0315808, 0.343579, 0.000435666, 0.624404))
({x1, x2}, (0.0510225, 0.0316389, 0.916959, 0.000379466))
({x1, x3}, (5.01802e-08, 0.0320157, 0.967982, 2.60255e-06))
({x1, x4}, (0.96798, 2.66563e-06, 1.68533e-06, 0.0320157))
({x1, x5}, (0.967223, 4.60602e-06, 0.000759094, 0.0320137))
({x1, x6}, (0.967976, 1.10517e-05, 5.97934e-06, 0.0320073))
({x1, x7}, (0.946092, 7.68939e-06, 0.0218897, 0.0320106))
({x1, x8}, (0.587026, 0.000921097, 0.380956, 0.0310972))
({x1, x9}, (0.343577, 0.0315836, 0.624405, 0.000434753))
({x2, x3}, (0.0316389, 0.000376916, 0.0510225, 0.916962))
({x2, x4}, (0.0510208, 0.916962, 0.0316405, 0.000376842))
({x2, x5}, (0.0510245, 0.916203, 0.0316369, 0.00113594))
({x2, x6}, (0.0510255, 0.916961, 0.0316359, 0.000377368))
({x2, x7}, (0.0485578, 0.897542, 0.0341035, 0.0197968))
({x2, x8}, (0.000545279, 0.587402, 0.0821161, 0.329937))
({x2, x9}, (0.0825265, 0.292634, 0.000134814, 0.624705))
({x3, x4}, (9.17577e-08, 0.967983, 0.0320157, 1.66383e-06))
({x3, x5}, (2.03017e-06, 0.967225, 0.0320137, 0.000759071))
({x3, x6}, (8.68798e-06, 0.967978, 0.0320071, 6.16796e-06))
({x3, x7}, (7.7356e-06, 0.946092, 0.032008, 0.0218923))
({x3, x8}, (0.000920892, 0.587026, 0.0310949, 0.380958))
({x3, x9}, (0.0315812, 0.343579, 0.000434589, 0.624405))
({x4, x5}, (0.967224, 3.62928e-06, 0.000759098, 0.0320137))
({x4, x6}, (0.967976, 1.0307e-05, 6.21486e-06, 0.032007))
({x4, x7}, (0.94609, 9.37102e-06, 0.0218924, 0.032008))
({x4, x8}, (0.587026, 0.000920803, 0.380956, 0.0310965))
({x4, x9}, (0.343577, 0.0315828, 0.624405, 0.0004345))
({x5, x6}, (0.967219, 0.000767716, 8.15533e-06, 0.0320051))
({x5, x7}, (0.945333, 0.000766732, 0.0218943, 0.0320061))
({x5, x8}, (0.587028, 0.000919249, 0.380199, 0.0318536))
({x5, x9}, (0.34282, 0.0323403, 0.624407, 0.000432564))
({x6, x7}, (0.94609, 9.82015e-06, 0.0218969, 0.0320034))
({x6, x8}, (0.587025, 0.000922033, 0.380962, 0.0310912))
({x6, x9}, (0.343586, 0.031574, 0.6244, 0.000439258))
({x7, x8}, (0.569383, 0.0185643, 0.376717, 0.0353361))
({x7, x9}, (0.321817, 0.0533436, 0.624283, 0.000556781))
({x8, x9}, (0.0228106, 0.35235, 0.565136, 0.0597033))
Exact log partition sum: 47.6794
Exact MAP variable marginals:
({x0}, (0.0521726, 0.947827))
({x1}, (0.947827, 0.0521726))
({x2}, (0.0790975, 0.920902))
({x3}, (0.0521726, 0.947827))
({x4}, (0.947827, 0.0521726))
({x5}, (0.947827, 0.0521726))
({x6}, (0.947827, 0.0521726))
({x7}, (0.947827, 0.0521726))
({x8}, (0.6783, 0.3217))
({x9}, (0.3217, 0.6783))
Exact MAP factor marginals:
({x0}, (0.0521726, 0.947827)) == ({x0}, (0.0521726, 0.947827))
({x1}, (0.947827, 0.0521726)) == ({x1}, (0.947827, 0.0521726))
({x2}, (0.0790975, 0.920902)) == ({x2}, (0.0790975, 0.920902))
({x3}, (0.0521726, 0.947827)) == ({x3}, (0.0521726, 0.947827))
({x4}, (0.947827, 0.0521726)) == ({x4}, (0.947827, 0.0521726))
({x5}, (0.947827, 0.0521726)) == ({x5}, (0.947827, 0.0521726))
({x6}, (0.947827, 0.0521726)) == ({x6}, (0.947827, 0.0521726))
({x7}, (0.947827, 0.0521726)) == ({x7}, (0.947827, 0.0521726))
({x8}, (0.6783, 0.3217)) == ({x8}, (0.6783, 0.3217))
({x9}, (0.3217, 0.6783)) == ({x9}, (0.3217, 0.6783))
({x0, x1}, (8.74468e-07, 0.947823, 0.0521723, 3.94503e-06)) == ({x0, x1}, (8.74468e-07, 0.947823, 0.0521723, 3.94503e-06))
({x0, x2}, (0.0482183, 0.0752398, 0.000552719, 0.875989)) == ({x0, x2}, (0.0482183, 0.0752398, 0.000552719, 0.875989))
({x0, x3}, (0.0521725, 5.1418e-07, 8.74471e-07, 0.947826)) == ({x0, x3}, (0.0521725, 5.1418e-07, 8.74471e-07, 0.947826))
({x0, x4}, (8.74469e-07, 0.947824, 0.0521724, 2.7352e-06)) == ({x0, x4}, (8.74469e-07, 0.947824, 0.0521724, 2.7352e-06))
({x0, x5}, (3.33938e-06, 0.946619, 0.052106, 0.00127195)) == ({x0, x5}, (3.33938e-06, 0.946619, 0.052106, 0.00127195))
({x0, x6}, (8.20286e-06, 0.947816, 0.0521719, 3.88216e-06)) == ({x0, x6}, (8.20286e-06, 0.947816, 0.0521719, 3.88216e-06))
({x0, x7}, (6.01409e-06, 0.920745, 0.0506818, 0.0285676)) == ({x0, x7}, (6.01409e-06, 0.920745, 0.0506818, 0.0285676))
({x0, x8}, (0.000555394, 0.653523, 0.0359728, 0.309949)) == ({x0, x8}, (0.000555394, 0.653523, 0.0359728, 0.309949))
({x0, x9}, (0.0359779, 0.309993, 0.00041241, 0.653616)) == ({x0, x9}, (0.0359779, 0.309993, 0.00041241, 0.653616))
({x1, x2}, (0.0752398, 0.0482183, 0.875989, 0.000552719)) == ({x1, x2}, (0.0752398, 0.0482183, 0.875989, 0.000552719))
({x1, x3}, (4.50233e-08, 0.0521724, 0.947824, 3.94503e-06)) == ({x1, x3}, (4.50233e-08, 0.0521724, 0.947824, 3.94503e-06))
({x1, x4}, (0.947821, 3.94502e-06, 2.73519e-06, 0.0521722)) == ({x1, x4}, (0.947821, 3.94502e-06, 2.73519e-06, 0.0521722))
({x1, x5}, (0.946618, 3.94001e-06, 0.00127195, 0.052106)) == ({x1, x5}, (0.946618, 3.94001e-06, 0.00127195, 0.052106))
({x1, x6}, (0.947816, 8.20286e-06, 3.88216e-06, 0.0521719)) == ({x1, x6}, (0.947816, 8.20286e-06, 3.88216e-06, 0.0521719))
({x1, x7}, (0.920745, 6.01409e-06, 0.0285676, 0.0506818)) == ({x1, x7}, (0.920745, 6.01409e-06, 0.0285676, 0.0506818))
({x1, x8}, (0.653523, 0.000555394, 0.309949, 0.0359728)) == ({x1, x8}, (0.653523, 0.000555394, 0.309949, 0.0359728))
({x1, x9}, (0.309993, 0.0359779, 0.653616, 0.00041241)) == ({x1, x9}, (0.309993, 0.0359779, 0.653616, 0.00041241))
({x2, x3}, (0.0482183, 0.000552719, 0.0752398, 0.875989)) == ({x2, x3}, (0.0482183, 0.000552719, 0.0752398, 0.875989))
({x2, x4}, (0.0752398, 0.875989, 0.0482183, 0.000552719)) == ({x2, x4}, (0.0752398, 0.875989, 0.0482183, 0.000552719))
({x2, x5}, (0.0751929, 0.875443, 0.0481882, 0.00117631)) == ({x2, x5}, (0.0751929, 0.875443, 0.0481882, 0.00117631))
({x2, x6}, (0.0752398, 0.875989, 0.0482183, 0.000552719)) == ({x2, x6}, (0.0752398, 0.875989, 0.0482183, 0.000552719))
({x2, x7}, (0.0732884, 0.85327, 0.0469677, 0.0264741)) == ({x2, x7}, (0.0732884, 0.85327, 0.0469677, 0.0264741))
({x2, x8}, (0.000544419, 0.640609, 0.0550227, 0.303824)) == ({x2, x8}, (0.000544419, 0.640609, 0.0550227, 0.303824))
({x2, x9}, (0.0550488, 0.303968, 7.08669e-05, 0.640912)) == ({x2, x9}, (0.0550488, 0.303968, 7.08669e-05, 0.640912))
({x3, x4}, (9.79683e-08, 0.947825, 0.0521724, 2.7352e-06)) == ({x3, x4}, (9.79683e-08, 0.947825, 0.0521724, 2.7352e-06))
({x3, x5}, (3.33938e-06, 0.946619, 0.052106, 0.00127195)) == ({x3, x5}, (3.33938e-06, 0.946619, 0.052106, 0.00127195))
({x3, x6}, (8.20286e-06, 0.947816, 0.0521719, 3.88216e-06)) == ({x3, x6}, (8.20286e-06, 0.947816, 0.0521719, 3.88216e-06))
({x3, x7}, (6.01409e-06, 0.920745, 0.0506818, 0.0285676)) == ({x3, x7}, (6.01409e-06, 0.920745, 0.0506818, 0.0285676))
({x3, x8}, (0.000555394, 0.653523, 0.0359728, 0.309949)) == ({x3, x8}, (0.000555394, 0.653523, 0.0359728, 0.309949))
({x3, x9}, (0.0359779, 0.309993, 0.00041241, 0.653616)) == ({x3, x9}, (0.0359779, 0.309993, 0.00041241, 0.653616))
({x4, x5}, (0.946619, 3.33938e-06, 0.00127195, 0.052106)) == ({x4, x5}, (0.946619, 3.33938e-06, 0.00127195, 0.052106))
({x4, x6}, (0.947816, 8.20286e-06, 3.88216e-06, 0.0521719)) == ({x4, x6}, (0.947816, 8.20286e-06, 3.88216e-06, 0.0521719))
({x4, x7}, (0.920745, 6.01409e-06, 0.0285676, 0.0506818)) == ({x4, x7}, (0.920745, 6.01409e-06, 0.0285676, 0.0506818))
({x4, x8}, (0.653523, 0.000555394, 0.309949, 0.0359728)) == ({x4, x8}, (0.653523, 0.000555394, 0.309949, 0.0359728))
({x4, x9}, (0.309993, 0.0359779, 0.653616, 0.00041241)) == ({x4, x9}, (0.309993, 0.0359779, 0.653616, 0.00041241))
({x5, x6}, (0.946618, 0.00127195, 3.87726e-06, 0.052106)) == ({x5, x6}, (0.946618, 0.00127195, 3.87726e-06, 0.052106))
({x5, x7}, (0.919612, 0.00123566, 0.0285325, 0.0506195)) == ({x5, x7}, (0.919612, 0.00123566, 0.0285325, 0.0506195))
({x5, x8}, (0.653523, 0.000555394, 0.309949, 0.0359728)) == ({x5, x8}, (0.653523, 0.000555394, 0.309949, 0.0359728))
({x5, x9}, (0.309993, 0.0359779, 0.653616, 0.00041241)) == ({x5, x9}, (0.309993, 0.0359779, 0.653616, 0.00041241))
({x6, x7}, (0.920745, 6.01409e-06, 0.0285676, 0.0506818)) == ({x6, x7}, (0.920745, 6.01409e-06, 0.0285676, 0.0506818))
({x6, x8}, (0.653523, 0.000555394, 0.309949, 0.0359728)) == ({x6, x8}, (0.653523, 0.000555394, 0.309949, 0.0359728))
({x6, x9}, (0.309993, 0.0359779, 0.653616, 0.00041241)) == ({x6, x9}, (0.309993, 0.0359779, 0.653616, 0.00041241))
({x7, x8}, (0.640884, 0.0198845, 0.303955, 0.0352771)) == ({x7, x8}, (0.640884, 0.0198845, 0.303955, 0.0352771))
({x7, x9}, (0.309993, 0.0359779, 0.653616, 0.00041241)) == ({x7, x9}, (0.309993, 0.0359779, 0.653616, 0.00041241))
({x8, x9}, (0.0192601, 0.294411, 0.620762, 0.0655672)) == ({x8, x9}, (0.0192601, 0.294411, 0.620762, 0.0655672))
Exact MAP state (log score = 47.1077):
x0: 1
x1: 0
x2: 1
x3: 1
x4: 0
x5: 0
x6: 0
x7: 0
x8: 0
x9: 1
