Builtin inference algorithms: {BP, EXACT, FBP, JTREE, TRWBP}

Exact variable marginals:
({x0}, (0.140268, 0.859732))
({x1}, (0.859589, 0.140411))
({x2}, (0.780644, 0.219356))
({x3}, (0.128651, 0.871349))
({x4}, (0.130906, 0.869094))
({x5}, (0.859708, 0.140292))
({x6}, (0.229938, 0.770062))
({x7}, (0.859859, 0.140141))
({x8}, (0.140141, 0.859859))
({x9}, (0.142484, 0.857516))
Exact factor marginals:
({x0}, (0.140268, 0.859732))
({x1}, (0.859589, 0.140411))
({x2}, (0.780644, 0.219356))
({x3}, (0.128651, 0.871349))
({x4}, (0.130906, 0.869094))
({x5}, (0.859708, 0.140292))
({x6}, (0.229938, 0.770062))
({x7}, (0.859859, 0.140141))
({x8}, (0.140141, 0.859859))
({x9}, (0.142484, 0.857516))
({x0, x1}, (0.000301522, 0.859288, 0.139967, 0.000444152))
({x0, x2}, (0.00885924, 0.771784, 0.131409, 0.0879475))
({x0, x3}, (0.125793, 0.00285831, 0.0144749, 0.856874))
({x0, x4}, (0.125165, 0.00574096, 0.0151033, 0.853991))
({x0, x5}, (0.0004915, 0.859216, 0.139777, 0.00051562))
({x0, x6}, (0.0188436, 0.211094, 0.121424, 0.648638))
({x0, x7}, (0.000765769, 0.859093, 0.139502, 0.000638648))
({x0, x8}, (0.139835, 0.000306247, 0.000433191, 0.859426))
({x0, x9}, (0.139827, 0.00265769, 0.00044139, 0.857074))
({x1, x2}, (0.77197, 0.00867417, 0.0876198, 0.131737))
({x1, x3}, (0.00314567, 0.125506, 0.856444, 0.0149049))
({x1, x4}, (0.00595341, 0.124952, 0.853636, 0.0154584))
({x1, x5}, (0.858909, 0.000798388, 0.000679877, 0.139612))
({x1, x6}, (0.211155, 0.0187834, 0.648435, 0.121627))
({x1, x7}, (0.858743, 0.00111577, 0.000846018, 0.139295))
({x1, x8}, (0.000163044, 0.139978, 0.859426, 0.000432619))
({x1, x9}, (0.00240407, 0.14008, 0.857185, 0.000330405))
({x2, x3}, (0.0108676, 0.117784, 0.769776, 0.101572))
({x2, x4}, (0.0143825, 0.116523, 0.766261, 0.102833))
({x2, x5}, (0.771998, 0.0877097, 0.00864556, 0.131647))
({x2, x6}, (0.217163, 0.0127749, 0.563481, 0.206581))
({x2, x7}, (0.771319, 0.0885399, 0.00932451, 0.130816))
({x2, x8}, (0.00871839, 0.131423, 0.771925, 0.0879336))
({x2, x9}, (0.0108037, 0.131681, 0.76984, 0.0876757))
({x3, x4}, (0.125638, 0.00526786, 0.00301359, 0.866081))
({x3, x5}, (0.00247253, 0.857235, 0.126179, 0.0141133))
({x3, x6}, (0.021697, 0.208241, 0.106954, 0.663108))
({x3, x7}, (0.00354084, 0.856318, 0.125111, 0.0150303))
({x3, x8}, (0.125368, 0.0147727, 0.00328299, 0.856576))
({x3, x9}, (0.125366, 0.0171179, 0.00328496, 0.854231))
({x4, x5}, (0.00575465, 0.853953, 0.125151, 0.0151411))
({x4, x6}, (0.0203244, 0.209614, 0.110581, 0.659481))
({x4, x7}, (0.00520707, 0.854652, 0.125699, 0.0144423))
({x4, x8}, (0.125115, 0.0150265, 0.00579109, 0.854068))
({x4, x9}, (0.124973, 0.0175111, 0.00593242, 0.851583))
({x5, x6}, (0.210666, 0.0192719, 0.649042, 0.12102))
({x5, x7}, (0.858669, 0.00118985, 0.00103861, 0.139102))
({x5, x8}, (0.000710502, 0.139431, 0.858997, 0.000861566))
({x5, x9}, (0.00306314, 0.139421, 0.856645, 0.000870958))
({x6, x7}, (0.211747, 0.648113, 0.0181915, 0.121949))
({x6, x8}, (0.0184147, 0.121726, 0.211523, 0.648336))
({x6, x9}, (0.0184737, 0.124011, 0.211464, 0.646051))
({x7, x8}, (0.000693765, 0.139447, 0.859165, 0.000693588))
({x7, x9}, (0.0031523, 0.139332, 0.856707, 0.000808884))
({x8, x9}, (0.139966, 0.00251844, 0.000175195, 0.85734))
Exact log partition sum: 30.6303
Exact MAP variable marginals:
({x0}, (0.158121, 0.841879))
({x1}, (0.841879, 0.158121))
({x2}, (0.841879, 0.158121))
({x3}, (0.158121, 0.841879))
({x4}, (0.158121, 0.841879))
({x5}, (0.841879, 0.158121))
({x6}, (0.27125, 0.72875))
({x7}, (0.841879, 0.158121))
({x8}, (0.158121, 0.841879))
({x9}, (0.158121, 0.841879))
Exact MAP factor marginals:
({x0}, (0.158121, 0.841879)) == ({x0}, (0.158121, 0.841879))
({x1}, (0.841879, 0.158121)) == ({x1}, (0.841879, 0.158121))
({x2}, (0.841879, 0.158121)) == ({x2}, (0.841879, 0.158121))
({x3}, (0.158121, 0.841879)) == ({x3}, (0.158121, 0.841879))
({x4}, (0.158121, 0.841879)) == ({x4}, (0.158121, 0.841879))
({x5}, (0.841879, 0.158121)) == ({x5}, (0.841879, 0.158121))
({x6}, (0.27125, 0.72875)) == ({x6}, (0.27125, 0.72875))
({x7}, (0.841879, 0.158121)) == ({x7}, (0.841879, 0.158121))
({x8}, (0.158121, 0.841879)) == ({x8}, (0.158121, 0.841879))
({x9}, (0.158121, 0.841879)) == ({x9}, (0.158121, 0.841879))
({x0, x1}, (0.000186251, 0.841452, 0.158041, 0.000320929)) == ({x0, x1}, (0.000186251, 0.841452, 0.158041, 0.000320929))
({x0, x2}, (0.00904509, 0.737739, 0.138562, 0.114655)) == ({x0, x2}, (0.00904509, 0.737739, 0.138562, 0.114655))
({x0, x3}, (0.154731, 0.00255459, 0.0188859, 0.823829)) == ({x0, x3}, (0.154731, 0.00255459, 0.0188859, 0.823829))
({x0, x4}, (0.154485, 0.00413806, 0.0188559, 0.822521)) == ({x0, x4}, (0.154485, 0.00413806, 0.0188559, 0.822521))
({x0, x5}, (0.000293511, 0.841295, 0.158011, 0.000399562)) == ({x0, x5}, (0.000293511, 0.841295, 0.158011, 0.000399562))
({x0, x6}, (0.0124011, 0.235634, 0.118901, 0.633063)) == ({x0, x6}, (0.0124011, 0.235634, 0.118901, 0.633063))
({x0, x7}, (0.000475584, 0.840872, 0.157932, 0.000719872)) == ({x0, x7}, (0.000475584, 0.840872, 0.157932, 0.000719872))
({x0, x8}, (0.158041, 0.000320929, 0.000186251, 0.841452)) == ({x0, x8}, (0.158041, 0.000320929, 0.000186251, 0.841452))
({x0, x9}, (0.15759, 0.00317243, 0.000185719, 0.839052)) == ({x0, x9}, (0.15759, 0.00317243, 0.000185719, 0.839052))
({x1, x2}, (0.737739, 0.00904509, 0.114655, 0.138562)) == ({x1, x2}, (0.737739, 0.00904509, 0.114655, 0.138562))
({x1, x3}, (0.00255459, 0.154731, 0.823829, 0.0188859)) == ({x1, x3}, (0.00255459, 0.154731, 0.823829, 0.0188859))
({x1, x4}, (0.00413806, 0.154485, 0.822521, 0.0188559)) == ({x1, x4}, (0.00413806, 0.154485, 0.822521, 0.0188559))
({x1, x5}, (0.841272, 0.00032086, 0.000399551, 0.158007)) == ({x1, x5}, (0.841272, 0.00032086, 0.000399551, 0.158007))
({x1, x6}, (0.235634, 0.0124011, 0.633063, 0.118901)) == ({x1, x6}, (0.235634, 0.0124011, 0.633063, 0.118901))
({x1, x7}, (0.840872, 0.000475584, 0.000719872, 0.157932)) == ({x1, x7}, (0.840872, 0.000475584, 0.000719872, 0.157932))
({x1, x8}, (6.13537e-05, 0.158083, 0.841677, 0.000178157)) == ({x1, x8}, (6.13537e-05, 0.158083, 0.841677, 0.000178157))
({x1, x9}, (0.00317251, 0.157594, 0.839072, 0.000161664)) == ({x1, x9}, (0.00317251, 0.157594, 0.839072, 0.000161664))
({x2, x3}, (0.00904509, 0.138562, 0.737739, 0.114655)) == ({x2, x3}, (0.00904509, 0.138562, 0.737739, 0.114655))
({x2, x4}, (0.00904509, 0.138562, 0.737739, 0.114655)) == ({x2, x4}, (0.00904509, 0.138562, 0.737739, 0.114655))
({x2, x5}, (0.737739, 0.114655, 0.00904509, 0.138562)) == ({x2, x5}, (0.737739, 0.114655, 0.00904509, 0.138562))
({x2, x6}, (0.235634, 0.0124011, 0.633063, 0.118901)) == ({x2, x6}, (0.235634, 0.0124011, 0.633063, 0.118901))
({x2, x7}, (0.737739, 0.114655, 0.00904509, 0.138562)) == ({x2, x7}, (0.737739, 0.114655, 0.00904509, 0.138562))
({x2, x8}, (0.00904509, 0.138562, 0.737739, 0.114655)) == ({x2, x8}, (0.00904509, 0.138562, 0.737739, 0.114655))
({x2, x9}, (0.00904509, 0.138562, 0.737739, 0.114655)) == ({x2, x9}, (0.00904509, 0.138562, 0.737739, 0.114655))
({x3, x4}, (0.157185, 0.00421038, 0.00171005, 0.836895)) == ({x3, x4}, (0.157185, 0.00421038, 0.00171005, 0.836895))
({x3, x5}, (0.00255459, 0.823829, 0.154731, 0.0188859)) == ({x3, x5}, (0.00255459, 0.823829, 0.154731, 0.0188859))
({x3, x6}, (0.0124011, 0.235634, 0.118901, 0.633063)) == ({x3, x6}, (0.0124011, 0.235634, 0.118901, 0.633063))
({x3, x7}, (0.00255459, 0.823829, 0.154731, 0.0188859)) == ({x3, x7}, (0.00255459, 0.823829, 0.154731, 0.0188859))
({x3, x8}, (0.154731, 0.0188859, 0.00255459, 0.823829)) == ({x3, x8}, (0.154731, 0.0188859, 0.00255459, 0.823829))
({x3, x9}, (0.154731, 0.0188859, 0.00255459, 0.823829)) == ({x3, x9}, (0.154731, 0.0188859, 0.00255459, 0.823829))
({x4, x5}, (0.00413806, 0.822521, 0.154485, 0.0188559)) == ({x4, x5}, (0.00413806, 0.822521, 0.154485, 0.0188559))
({x4, x6}, (0.0124011, 0.235634, 0.118901, 0.633063)) == ({x4, x6}, (0.0124011, 0.235634, 0.118901, 0.633063))
({x4, x7}, (0.00413806, 0.822521, 0.154485, 0.0188559)) == ({x4, x7}, (0.00413806, 0.822521, 0.154485, 0.0188559))
({x4, x8}, (0.154485, 0.0188559, 0.00413806, 0.822521)) == ({x4, x8}, (0.154485, 0.0188559, 0.00413806, 0.822521))
({x4, x9}, (0.154485, 0.0188559, 0.00413806, 0.822521)) == ({x4, x9}, (0.154485, 0.0188559, 0.00413806, 0.822521))
({x5, x6}, (0.235634, 0.0124011, 0.633063, 0.118901)) == ({x5, x6}, (0.235634, 0.0124011, 0.633063, 0.118901))
({x5, x7}, (0.840872, 0.000475584, 0.000719872, 0.157932)) == ({x5, x7}, (0.840872, 0.000475584, 0.000719872, 0.157932))
({x5, x8}, (0.00032086, 0.158007, 0.841272, 0.000399551)) == ({x5, x8}, (0.00032086, 0.158007, 0.841272, 0.000399551))
({x5, x9}, (0.00317176, 0.157557, 0.838873, 0.000398412)) == ({x5, x9}, (0.00317176, 0.157557, 0.838873, 0.000398412))
({x6, x7}, (0.235634, 0.633063, 0.0124011, 0.118901)) == ({x6, x7}, (0.235634, 0.633063, 0.0124011, 0.118901))
({x6, x8}, (0.0124011, 0.118901, 0.235634, 0.633063)) == ({x6, x8}, (0.0124011, 0.118901, 0.235634, 0.633063))
({x6, x9}, (0.0124011, 0.118901, 0.235634, 0.633063)) == ({x6, x9}, (0.0124011, 0.118901, 0.235634, 0.633063))
({x7, x8}, (0.000475584, 0.157932, 0.840872, 0.000719872)) == ({x7, x8}, (0.000475584, 0.157932, 0.840872, 0.000719872))
({x7, x9}, (0.00317074, 0.157506, 0.838605, 0.000717931)) == ({x7, x9}, (0.00317074, 0.157506, 0.838605, 0.000717931))
({x8, x9}, (0.157606, 0.00317275, 8.69399e-05, 0.839135)) == ({x8, x9}, (0.157606, 0.00317275, 8.69399e-05, 0.839135))
Exact MAP state (log score = 30.0436):
x0: 1
x1: 0
x2: 0
x3: 1
x4: 1
x5: 0
x6: 1
x7: 0
x8: 1
x9: 1
