Builtin inference algorithms: {BP, EXACT, FBP, JTREE, TRWBP}

Exact variable marginals:
({x0}, (0.952576, 0.0474235))
({x1}, (0.952556, 0.0474441))
({x2}, (0.94448, 0.0555204))
({x3}, (0.951525, 0.048475))
({x4}, (0.925079, 0.0749211))
({x5}, (0.911998, 0.0880019))
({x6}, (0.092281, 0.907719))
({x7}, (0.952548, 0.0474519))
({x8}, (0.910256, 0.0897436))
({x9}, (0.913717, 0.0862831))
Exact factor marginals:
({x0}, (0.952576, 0.0474235))
({x1}, (0.952556, 0.0474441))
({x2}, (0.94448, 0.0555204))
({x3}, (0.951525, 0.048475))
({x4}, (0.925079, 0.0749211))
({x5}, (0.911998, 0.0880019))
({x6}, (0.092281, 0.907719))
({x7}, (0.952548, 0.0474519))
({x8}, (0.910256, 0.0897436))
({x9}, (0.913717, 0.0862831))
({x0, x1}, (0.952554, 1.46499e-06, 2.20808e-05, 0.047422))
({x0, x2}, (0.942701, 0.00177875, 0.00987561, 0.0456448))
({x0, x3}, (0.948204, 0.00332099, 0.00437248, 0.0441025))
({x0, x4}, (0.920168, 0.00491054, 0.0324082, 0.042513))
({x0, x5}, (0.911731, 0.000267185, 0.0408455, 0.0471563))
({x0, x6}, (0.0502292, 0.0420519, 0.902347, 0.00537166))
({x0, x7}, (0.952511, 3.74608e-05, 6.58803e-05, 0.0473861))
({x0, x8}, (0.905063, 0.00519304, 0.0475131, 0.0422305))
({x0, x9}, (0.912167, 0.00155033, 0.04041, 0.0458732))
({x1, x2}, (0.942702, 0.00177732, 0.00985356, 0.0456668))
({x1, x3}, (0.948182, 0.00334307, 0.00437394, 0.0441011))
({x1, x4}, (0.920146, 0.0049326, 0.0324096, 0.0425115))
({x1, x5}, (0.911732, 0.000265889, 0.0408236, 0.0471782))
({x1, x6}, (0.0502306, 0.0420504, 0.902325, 0.0053937))
({x1, x7}, (0.952512, 3.60707e-05, 4.38744e-05, 0.0474081))
({x1, x8}, (0.905042, 0.00521459, 0.047514, 0.0422295))
({x1, x9}, (0.912168, 0.00154893, 0.0403879, 0.0458952))
({x2, x3}, (0.938334, 0.013191, 0.00614567, 0.0423293))
({x2, x4}, (0.910293, 0.014786, 0.0341868, 0.0407343))
({x2, x5}, (0.9108, 0.00119839, 0.0336799, 0.054322))
({x2, x6}, (0.0406618, 0.0516192, 0.903818, 0.00390113))
({x2, x7}, (0.942682, 0.00986652, 0.00179809, 0.0456538))
({x2, x8}, (0.906782, 0.00347421, 0.0376974, 0.0520462))
({x2, x9}, (0.913506, 0.000211036, 0.0309738, 0.0553093))
({x3, x4}, (0.923481, 0.00159798, 0.0280441, 0.046877))
({x3, x5}, (0.907407, 0.00459106, 0.0441179, 0.0438839))
({x3, x6}, (0.0458567, 0.0464243, 0.905668, 0.00205069))
({x3, x7}, (0.948138, 0.00440992, 0.00338685, 0.0440651))
({x3, x8}, (0.908262, 0.00199464, 0.0432632, 0.0464804))
({x3, x9}, (0.907794, 0.00592278, 0.0437309, 0.0425522))
({x4, x5}, (0.879478, 0.0325199, 0.0456006, 0.0424013))
({x4, x6}, (0.0429027, 0.0493783, 0.882176, 0.0255428))
({x4, x7}, (0.920102, 0.0324456, 0.00497641, 0.0424755))
({x4, x8}, (0.880245, 0.0300119, 0.0448344, 0.0449092))
({x4, x9}, (0.879759, 0.0339578, 0.0453198, 0.0409633))
({x5, x6}, (0.00983853, 0.0824425, 0.90216, 0.00555938))
({x5, x7}, (0.911688, 0.0408596, 0.000309662, 0.0471423))
({x5, x8}, (0.904757, 0.00549943, 0.00724114, 0.0825024))
({x5, x9}, (0.91101, 0.00270664, 0.000987924, 0.0852952))
({x6, x7}, (0.0502665, 0.902282, 0.0420145, 0.00543747))
({x6, x8}, (0.00457683, 0.90568, 0.0877042, 0.00203939))
({x6, x9}, (0.00988783, 0.903829, 0.0823932, 0.00388996))
({x7, x8}, (0.904998, 0.00525809, 0.0475497, 0.0421938))
({x7, x9}, (0.912124, 0.00159251, 0.0404237, 0.0458594))
({x8, x9}, (0.90659, 0.00712713, 0.0036667, 0.0826164))
Exact log partition sum: 9.49095
Exact MAP variable marginals:
({x0}, (0.955784, 0.0442159))
({x1}, (0.955784, 0.0442159))
({x2}, (0.955784, 0.0442159))
({x3}, (0.955784, 0.0442159))
({x4}, (0.955784, 0.0442159))
({x5}, (0.955784, 0.0442159))
({x6}, (0.0442159, 0.955784))
({x7}, (0.955784, 0.0442159))
({x8}, (0.955784, 0.0442159))
({x9}, (0.955784, 0.0442159))
Exact MAP factor marginals:
({x0}, (0.955784, 0.0442159)) == ({x0}, (0.955784, 0.0442159))
({x1}, (0.955784, 0.0442159)) == ({x1}, (0.955784, 0.0442159))
({x2}, (0.955784, 0.0442159)) == ({x2}, (0.955784, 0.0442159))
({x3}, (0.955784, 0.0442159)) == ({x3}, (0.955784, 0.0442159))
({x4}, (0.955784, 0.0442159)) == ({x4}, (0.955784, 0.0442159))
({x5}, (0.955784, 0.0442159)) == ({x5}, (0.955784, 0.0442159))
({x6}, (0.0442159, 0.955784)) == ({x6}, (0.0442159, 0.955784))
({x7}, (0.955784, 0.0442159)) == ({x7}, (0.955784, 0.0442159))
({x8}, (0.955784, 0.0442159)) == ({x8}, (0.955784, 0.0442159))
({x9}, (0.955784, 0.0442159)) == ({x9}, (0.955784, 0.0442159))
({x0, x1}, (0.95576, 1.41646e-06, 2.34665e-05, 0.0442148)) == ({x0, x1}, (0.95576, 1.41646e-06, 2.34665e-05, 0.0442148))
({x0, x2}, (0.945507, 0.00136753, 0.0093851, 0.0437404)) == ({x0, x2}, (0.945507, 0.00136753, 0.0093851, 0.0437404))
({x0, x3}, (0.948015, 0.00353652, 0.00459181, 0.0438565)) == ({x0, x3}, (0.948015, 0.00353652, 0.00459181, 0.0438565))
({x0, x4}, (0.928338, 0.00346311, 0.0252525, 0.0429462)) == ({x0, x4}, (0.928338, 0.00346311, 0.0252525, 0.0429462))
({x0, x5}, (0.924604, 0.000233998, 0.0323881, 0.0427735)) == ({x0, x5}, (0.924604, 0.000233998, 0.0323881, 0.0427735))
({x0, x6}, (0.0322843, 0.0426364, 0.921641, 0.00343813)) == ({x0, x6}, (0.0322843, 0.0426364, 0.921641, 0.00343813))
({x0, x7}, (0.955721, 2.17719e-05, 4.4711e-05, 0.0442129)) == ({x0, x7}, (0.955721, 2.17719e-05, 4.4711e-05, 0.0442129))
({x0, x8}, (0.921641, 0.00343813, 0.0322843, 0.0426364)) == ({x0, x8}, (0.921641, 0.00343813, 0.0322843, 0.0426364))
({x0, x9}, (0.923585, 0.00133582, 0.0323524, 0.0427263)) == ({x0, x9}, (0.923585, 0.00133582, 0.0323524, 0.0427263))
({x1, x2}, (0.945507, 0.00136753, 0.0093851, 0.0437404)) == ({x1, x2}, (0.945507, 0.00136753, 0.0093851, 0.0437404))
({x1, x3}, (0.948015, 0.00353652, 0.00459181, 0.0438565)) == ({x1, x3}, (0.948015, 0.00353652, 0.00459181, 0.0438565))
({x1, x4}, (0.928338, 0.00346311, 0.0252525, 0.0429462)) == ({x1, x4}, (0.928338, 0.00346311, 0.0252525, 0.0429462))
({x1, x5}, (0.924604, 0.000233998, 0.0323881, 0.0427735)) == ({x1, x5}, (0.924604, 0.000233998, 0.0323881, 0.0427735))
({x1, x6}, (0.0322843, 0.0426364, 0.921641, 0.00343813)) == ({x1, x6}, (0.0322843, 0.0426364, 0.921641, 0.00343813))
({x1, x7}, (0.955721, 2.17719e-05, 4.4711e-05, 0.0442129)) == ({x1, x7}, (0.955721, 2.17719e-05, 4.4711e-05, 0.0442129))
({x1, x8}, (0.921641, 0.00343813, 0.0322843, 0.0426364)) == ({x1, x8}, (0.921641, 0.00343813, 0.0322843, 0.0426364))
({x1, x9}, (0.923585, 0.00133582, 0.0323524, 0.0427263)) == ({x1, x9}, (0.923585, 0.00133582, 0.0323524, 0.0427263))
({x2, x3}, (0.94248, 0.00935505, 0.004565, 0.0436004)) == ({x2, x3}, (0.94248, 0.00935505, 0.004565, 0.0436004))
({x2, x4}, (0.923029, 0.00916199, 0.0251081, 0.0427006)) == ({x2, x4}, (0.923029, 0.00916199, 0.0251081, 0.0427006))
({x2, x5}, (0.923883, 0.00101368, 0.0323629, 0.0427401)) == ({x2, x5}, (0.923883, 0.00101368, 0.0323629, 0.0427401))
({x2, x6}, (0.0322843, 0.0426364, 0.921641, 0.00343813)) == ({x2, x6}, (0.0322843, 0.0426364, 0.921641, 0.00343813))
({x2, x7}, (0.945507, 0.0093851, 0.00136753, 0.0437404)) == ({x2, x7}, (0.945507, 0.0093851, 0.00136753, 0.0437404))
({x2, x8}, (0.921641, 0.00343813, 0.0322843, 0.0426364)) == ({x2, x8}, (0.921641, 0.00343813, 0.0322843, 0.0426364))
({x2, x9}, (0.924728, 9.98426e-05, 0.0323925, 0.0427792)) == ({x2, x9}, (0.924728, 9.98426e-05, 0.0323925, 0.0427792))
({x3, x4}, (0.930336, 0.00131821, 0.0253068, 0.0430386)) == ({x3, x4}, (0.930336, 0.00131821, 0.0253068, 0.0430386))
({x3, x5}, (0.920697, 0.00445949, 0.0322512, 0.0425927)) == ({x3, x5}, (0.920697, 0.00445949, 0.0322512, 0.0425927))
({x3, x6}, (0.0323524, 0.0427263, 0.923585, 0.00133582)) == ({x3, x6}, (0.0323524, 0.0427263, 0.923585, 0.00133582))
({x3, x7}, (0.948015, 0.00459181, 0.00353652, 0.0438565)) == ({x3, x7}, (0.948015, 0.00459181, 0.00353652, 0.0438565))
({x3, x8}, (0.923585, 0.00133582, 0.0323524, 0.0427263)) == ({x3, x8}, (0.923585, 0.00133582, 0.0323524, 0.0427263))
({x3, x9}, (0.920697, 0.00445949, 0.0322512, 0.0425927)) == ({x3, x9}, (0.920697, 0.00445949, 0.0322512, 0.0425927))
({x4, x5}, (0.902126, 0.0245395, 0.0316007, 0.0417336)) == ({x4, x5}, (0.902126, 0.0245395, 0.0316007, 0.0417336))
({x4, x6}, (0.0316007, 0.0417336, 0.902126, 0.0245395)) == ({x4, x6}, (0.0316007, 0.0417336, 0.902126, 0.0245395))
({x4, x7}, (0.928338, 0.0252525, 0.00346311, 0.0429462)) == ({x4, x7}, (0.928338, 0.0252525, 0.00346311, 0.0429462))
({x4, x8}, (0.902126, 0.0245395, 0.0316007, 0.0417336)) == ({x4, x8}, (0.902126, 0.0245395, 0.0316007, 0.0417336))
({x4, x9}, (0.902126, 0.0245395, 0.0316007, 0.0417336)) == ({x4, x9}, (0.902126, 0.0245395, 0.0316007, 0.0417336))
({x5, x6}, (0.00459181, 0.0438565, 0.948015, 0.00353652)) == ({x5, x6}, (0.00459181, 0.0438565, 0.948015, 0.00353652))
({x5, x7}, (0.924604, 0.0323881, 0.000233998, 0.0427735)) == ({x5, x7}, (0.924604, 0.0323881, 0.000233998, 0.0427735))
({x5, x8}, (0.948015, 0.00353652, 0.00459181, 0.0438565)) == ({x5, x8}, (0.948015, 0.00353652, 0.00459181, 0.0438565))
({x5, x9}, (0.953466, 0.00137904, 0.00104614, 0.0441087)) == ({x5, x9}, (0.953466, 0.00137904, 0.00104614, 0.0441087))
({x6, x7}, (0.0322843, 0.921641, 0.0426364, 0.00343813)) == ({x6, x7}, (0.0322843, 0.921641, 0.0426364, 0.00343813))
({x6, x8}, (0.00441398, 0.950001, 0.0439483, 0.00163687)) == ({x6, x8}, (0.00441398, 0.950001, 0.0439483, 0.00163687))
({x6, x9}, (0.00459181, 0.948015, 0.0438565, 0.00353652)) == ({x6, x9}, (0.00459181, 0.948015, 0.0438565, 0.00353652))
({x7, x8}, (0.921641, 0.00343813, 0.0322843, 0.0426364)) == ({x7, x8}, (0.921641, 0.00343813, 0.0322843, 0.0426364))
({x7, x9}, (0.923585, 0.00133582, 0.0323524, 0.0427263)) == ({x7, x9}, (0.923585, 0.00133582, 0.0323524, 0.0427263))
({x8, x9}, (0.948015, 0.00459181, 0.00353652, 0.0438565)) == ({x8, x9}, (0.948015, 0.00459181, 0.00353652, 0.0438565))
Exact MAP state (log score = 9.35899):
x0: 0
x1: 0
x2: 0
x3: 0
x4: 0
x5: 0
x6: 1
x7: 0
x8: 0
x9: 0
