Builtin inference algorithms: {BP, EXACT, FBP, JTREE, TRWBP}

Exact variable marginals:
({x0}, (0.735419, 0.264581))
({x1}, (0.593298, 0.406702))
({x2}, (0.460657, 0.539343))
({x3}, (0.57292, 0.42708))
({x4}, (0.572518, 0.427482))
({x5}, (0.571945, 0.428055))
({x6}, (0.459038, 0.540962))
({x7}, (0.276427, 0.723573))
({x8}, (0.353133, 0.646867))
({x9}, (0.270287, 0.729713))
Exact factor marginals:
({x0}, (0.735419, 0.264581))
({x1}, (0.593298, 0.406702))
({x2}, (0.460657, 0.539343))
({x3}, (0.57292, 0.42708))
({x4}, (0.572518, 0.427482))
({x5}, (0.571945, 0.428055))
({x6}, (0.459038, 0.540962))
({x7}, (0.276427, 0.723573))
({x8}, (0.353133, 0.646867))
({x9}, (0.270287, 0.729713))
({x0, x1}, (0.558139, 0.0351594, 0.177281, 0.229421))
({x0, x2}, (0.234952, 0.225706, 0.500468, 0.0388748))
({x0, x3}, (0.534665, 0.0382557, 0.200755, 0.226325))
({x0, x4}, (0.534302, 0.0382165, 0.201117, 0.226364))
({x0, x5}, (0.533787, 0.0381582, 0.201632, 0.226422))
({x0, x6}, (0.233536, 0.225502, 0.501883, 0.0390786))
({x0, x7}, (0.0290776, 0.247349, 0.706342, 0.0172318))
({x0, x8}, (0.10252, 0.250613, 0.632899, 0.0139676))
({x0, x9}, (0.0164681, 0.253819, 0.718951, 0.0107616))
({x1, x2}, (0.269907, 0.19075, 0.323391, 0.215952))
({x1, x3}, (0.357386, 0.215534, 0.235912, 0.191168))
({x1, x4}, (0.357021, 0.215497, 0.236277, 0.191205))
({x1, x5}, (0.356507, 0.215439, 0.236791, 0.191263))
({x1, x6}, (0.268669, 0.190369, 0.324629, 0.216333))
({x1, x7}, (0.0205117, 0.255915, 0.572786, 0.150787))
({x1, x8}, (0.0222648, 0.330868, 0.571033, 0.0758338))
({x1, x9}, (0.0243998, 0.245887, 0.568898, 0.160815))
({x2, x3}, (0.0342485, 0.538672, 0.426409, 0.000670744))
({x2, x4}, (0.0338341, 0.538684, 0.426823, 0.000658288))
({x2, x5}, (0.0333196, 0.538626, 0.427338, 0.000716672))
({x2, x6}, (0.458283, 0.000755432, 0.00237473, 0.538587))
({x2, x7}, (0.208475, 0.0679515, 0.252182, 0.471391))
({x2, x8}, (0.213008, 0.140125, 0.24765, 0.399217))
({x2, x9}, (0.214946, 0.0553414, 0.245712, 0.484001))
({x3, x4}, (0.572463, 5.54685e-05, 0.000457407, 0.427024))
({x3, x5}, (0.571616, 0.000329005, 0.00130387, 0.426751))
({x3, x6}, (0.032838, 0.4262, 0.540082, 0.000879514))
({x3, x7}, (0.0673021, 0.209124, 0.505618, 0.217955))
({x3, x8}, (0.139985, 0.213147, 0.432935, 0.213932))
({x3, x9}, (0.0547225, 0.215565, 0.518198, 0.211515))
({x4, x5}, (0.571665, 0.000280384, 0.000853314, 0.427201))
({x4, x6}, (0.0324189, 0.426619, 0.540099, 0.000862353))
({x4, x7}, (0.0672937, 0.209133, 0.505225, 0.218349))
({x4, x8}, (0.139786, 0.213347, 0.432732, 0.214135))
({x4, x9}, (0.0546832, 0.215604, 0.517835, 0.211878))
({x5, x6}, (0.0319045, 0.427134, 0.540041, 0.000920918))
({x5, x7}, (0.0672354, 0.209191, 0.50471, 0.218863))
({x5, x8}, (0.139708, 0.213425, 0.432238, 0.214629))
({x5, x9}, (0.0546248, 0.215662, 0.517321, 0.212392))
({x6, x7}, (0.208283, 0.0681438, 0.250755, 0.472818))
({x6, x8}, (0.212505, 0.140628, 0.246534, 0.400334))
({x6, x9}, (0.214743, 0.0555437, 0.244295, 0.485418))
({x7, x8}, (0.254137, 0.0989957, 0.0222893, 0.624578))
({x7, x9}, (0.256669, 0.0136186, 0.019758, 0.709955))
({x8, x9}, (0.266933, 0.00335396, 0.0861997, 0.643513))
Exact log partition sum: 37.14
Exact MAP variable marginals:
({x0}, (0.629899, 0.370101))
({x1}, (0.629899, 0.370101))
({x2}, (0.383125, 0.616875))
({x3}, (0.616875, 0.383125))
({x4}, (0.616875, 0.383125))
({x5}, (0.616875, 0.383125))
({x6}, (0.383125, 0.616875))
({x7}, (0.370101, 0.629899))
({x8}, (0.370101, 0.629899))
({x9}, (0.370101, 0.629899))
Exact MAP factor marginals:
({x0}, (0.629899, 0.370101)) == ({x0}, (0.629899, 0.370101))
({x1}, (0.629899, 0.370101)) == ({x1}, (0.629899, 0.370101))
({x2}, (0.383125, 0.616875)) == ({x2}, (0.383125, 0.616875))
({x3}, (0.616875, 0.383125)) == ({x3}, (0.616875, 0.383125))
({x4}, (0.616875, 0.383125)) == ({x4}, (0.616875, 0.383125))
({x5}, (0.616875, 0.383125)) == ({x5}, (0.616875, 0.383125))
({x6}, (0.383125, 0.616875)) == ({x6}, (0.383125, 0.616875))
({x7}, (0.370101, 0.629899)) == ({x7}, (0.370101, 0.629899))
({x8}, (0.370101, 0.629899)) == ({x8}, (0.370101, 0.629899))
({x9}, (0.370101, 0.629899)) == ({x9}, (0.370101, 0.629899))
({x0, x1}, (0.528353, 0.0230552, 0.138154, 0.310438)) == ({x0, x1}, (0.528353, 0.0230552, 0.138154, 0.310438))
({x0, x2}, (0.266878, 0.252476, 0.429704, 0.0509421)) == ({x0, x2}, (0.266878, 0.252476, 0.429704, 0.0509421))
({x0, x3}, (0.429704, 0.0509421, 0.266878, 0.252476)) == ({x0, x3}, (0.429704, 0.0509421, 0.266878, 0.252476))
({x0, x4}, (0.429704, 0.0509421, 0.266878, 0.252476)) == ({x0, x4}, (0.429704, 0.0509421, 0.266878, 0.252476))
({x0, x5}, (0.429704, 0.0509421, 0.266878, 0.252476)) == ({x0, x5}, (0.429704, 0.0509421, 0.266878, 0.252476))
({x0, x6}, (0.266878, 0.252476, 0.429704, 0.0509421)) == ({x0, x6}, (0.266878, 0.252476, 0.429704, 0.0509421))
({x0, x7}, (0.0294571, 0.35324, 0.6012, 0.0161028)) == ({x0, x7}, (0.0294571, 0.35324, 0.6012, 0.0161028))
({x0, x8}, (0.139395, 0.313227, 0.5331, 0.0142788)) == ({x0, x8}, (0.139395, 0.313227, 0.5331, 0.0142788))
({x0, x9}, (0.0213522, 0.35619, 0.606221, 0.0162373)) == ({x0, x9}, (0.0213522, 0.35619, 0.606221, 0.0162373))
({x1, x2}, (0.251436, 0.237867, 0.40484, 0.105857)) == ({x1, x2}, (0.251436, 0.237867, 0.40484, 0.105857))
({x1, x3}, (0.40484, 0.105857, 0.251436, 0.237867)) == ({x1, x3}, (0.40484, 0.105857, 0.251436, 0.237867))
({x1, x4}, (0.40484, 0.105857, 0.251436, 0.237867)) == ({x1, x4}, (0.40484, 0.105857, 0.251436, 0.237867))
({x1, x5}, (0.40484, 0.105857, 0.251436, 0.237867)) == ({x1, x5}, (0.40484, 0.105857, 0.251436, 0.237867))
({x1, x6}, (0.251436, 0.237867, 0.40484, 0.105857)) == ({x1, x6}, (0.251436, 0.237867, 0.40484, 0.105857))
({x1, x7}, (0.0230552, 0.310438, 0.528353, 0.138154)) == ({x1, x7}, (0.0230552, 0.310438, 0.528353, 0.138154))
({x1, x8}, (0.0240043, 0.323217, 0.550103, 0.102675)) == ({x1, x8}, (0.0240043, 0.323217, 0.550103, 0.102675))
({x1, x9}, (0.0230552, 0.310438, 0.528353, 0.138154)) == ({x1, x9}, (0.0230552, 0.310438, 0.528353, 0.138154))
({x2, x3}, (0.05592, 0.581723, 0.361293, 0.00106374)) == ({x2, x3}, (0.05592, 0.581723, 0.361293, 0.00106374))
({x2, x4}, (0.05592, 0.581723, 0.361293, 0.00106374)) == ({x2, x4}, (0.05592, 0.581723, 0.361293, 0.00106374))
({x2, x5}, (0.05592, 0.581723, 0.361293, 0.00106374)) == ({x2, x5}, (0.05592, 0.581723, 0.361293, 0.00106374))
({x2, x6}, (0.381305, 0.00129064, 0.00346138, 0.613943)) == ({x2, x6}, (0.381305, 0.00129064, 0.00346138, 0.613943))
({x2, x7}, (0.252476, 0.0509421, 0.266878, 0.429704)) == ({x2, x7}, (0.252476, 0.0509421, 0.266878, 0.429704))
({x2, x8}, (0.237867, 0.105857, 0.251436, 0.40484)) == ({x2, x8}, (0.237867, 0.105857, 0.251436, 0.40484))
({x2, x9}, (0.252476, 0.0509421, 0.266878, 0.429704)) == ({x2, x9}, (0.252476, 0.0509421, 0.266878, 0.429704))
({x3, x4}, (0.616546, 5.72726e-05, 0.000476413, 0.382921)) == ({x3, x4}, (0.616546, 5.72726e-05, 0.000476413, 0.382921))
({x3, x5}, (0.615662, 0.000511683, 0.00145427, 0.382372)) == ({x3, x5}, (0.615662, 0.000511683, 0.00145427, 0.382372))
({x3, x6}, (0.05592, 0.361293, 0.581723, 0.00106374)) == ({x3, x6}, (0.05592, 0.361293, 0.581723, 0.00106374))
({x3, x7}, (0.0509421, 0.252476, 0.429704, 0.266878)) == ({x3, x7}, (0.0509421, 0.252476, 0.429704, 0.266878))
({x3, x8}, (0.105857, 0.237867, 0.40484, 0.251436)) == ({x3, x8}, (0.105857, 0.237867, 0.40484, 0.251436))
({x3, x9}, (0.0509421, 0.252476, 0.429704, 0.266878)) == ({x3, x9}, (0.0509421, 0.252476, 0.429704, 0.266878))
({x4, x5}, (0.615662, 0.000511683, 0.00145427, 0.382372)) == ({x4, x5}, (0.615662, 0.000511683, 0.00145427, 0.382372))
({x4, x6}, (0.05592, 0.361293, 0.581723, 0.00106374)) == ({x4, x6}, (0.05592, 0.361293, 0.581723, 0.00106374))
({x4, x7}, (0.0509421, 0.252476, 0.429704, 0.266878)) == ({x4, x7}, (0.0509421, 0.252476, 0.429704, 0.266878))
({x4, x8}, (0.105857, 0.237867, 0.40484, 0.251436)) == ({x4, x8}, (0.105857, 0.237867, 0.40484, 0.251436))
({x4, x9}, (0.0509421, 0.252476, 0.429704, 0.266878)) == ({x4, x9}, (0.0509421, 0.252476, 0.429704, 0.266878))
({x5, x6}, (0.05592, 0.361293, 0.581723, 0.00106374)) == ({x5, x6}, (0.05592, 0.361293, 0.581723, 0.00106374))
({x5, x7}, (0.0509421, 0.252476, 0.429704, 0.266878)) == ({x5, x7}, (0.0509421, 0.252476, 0.429704, 0.266878))
({x5, x8}, (0.105857, 0.237867, 0.40484, 0.251436)) == ({x5, x8}, (0.105857, 0.237867, 0.40484, 0.251436))
({x5, x9}, (0.0509421, 0.252476, 0.429704, 0.266878)) == ({x5, x9}, (0.0509421, 0.252476, 0.429704, 0.266878))
({x6, x7}, (0.252476, 0.0509421, 0.266878, 0.429704)) == ({x6, x7}, (0.252476, 0.0509421, 0.266878, 0.429704))
({x6, x8}, (0.237867, 0.105857, 0.251436, 0.40484)) == ({x6, x8}, (0.237867, 0.105857, 0.251436, 0.40484))
({x6, x9}, (0.252476, 0.0509421, 0.266878, 0.429704)) == ({x6, x9}, (0.252476, 0.0509421, 0.266878, 0.429704))
({x7, x8}, (0.309561, 0.137763, 0.0258146, 0.526861)) == ({x7, x8}, (0.309561, 0.137763, 0.0258146, 0.526861))
({x7, x9}, (0.354265, 0.0132462, 0.0295426, 0.602946)) == ({x7, x9}, (0.354265, 0.0132462, 0.0295426, 0.602946))
({x8, x9}, (0.316039, 0.0054279, 0.140646, 0.537887)) == ({x8, x9}, (0.316039, 0.0054279, 0.140646, 0.537887))
Exact MAP state (log score = 36.0052):
x0: 0
x1: 0
x2: 1
x3: 0
x4: 0
x5: 0
x6: 1
x7: 1
x8: 1
x9: 1
