Builtin inference algorithms: {BP, EXACT, FBP, JTREE, TRWBP}

Exact variable marginals:
({x0}, (0.671279, 0.328721))
({x1}, (0.38102, 0.61898))
({x2}, (0.669565, 0.330435))
({x3}, (0.669568, 0.330432))
({x4}, (0.330436, 0.669564))
({x5}, (0.669555, 0.330445))
({x6}, (0.379827, 0.620173))
({x7}, (0.669564, 0.330436))
({x8}, (0.669898, 0.330102))
({x9}, (0.381615, 0.618385))
Exact factor marginals:
({x0}, (0.671279, 0.328721))
({x1}, (0.38102, 0.61898))
({x2}, (0.669565, 0.330435))
({x3}, (0.669568, 0.330432))
({x4}, (0.330436, 0.669564))
({x5}, (0.669555, 0.330445))
({x6}, (0.379827, 0.620173))
({x7}, (0.669564, 0.330436))
({x8}, (0.669898, 0.330102))
({x9}, (0.381615, 0.618385))
({x0, x1}, (0.0624903, 0.31853, 0.608788, 0.0101912))
({x0, x2}, (0.668385, 0.00117914, 0.00289333, 0.327542))
({x0, x3}, (0.668389, 0.00117898, 0.00288973, 0.327542))
({x0, x4}, (0.0028935, 0.327542, 0.668385, 0.00117921))
({x0, x5}, (0.668394, 0.00116097, 0.00288458, 0.32756))
({x0, x6}, (0.322036, 0.0577919, 0.349243, 0.270929))
({x0, x7}, (0.668385, 0.00117921, 0.00289352, 0.327542))
({x0, x8}, (0.668383, 0.00151444, 0.0028956, 0.327207))
({x0, x9}, (0.0657358, 0.315879, 0.605543, 0.0128425))
({x1, x2}, (0.059597, 0.609968, 0.321423, 0.00901202))
({x1, x3}, (0.0596006, 0.609967, 0.32142, 0.00901224))
({x1, x4}, (0.321424, 0.00901195, 0.0595968, 0.609968))
({x1, x5}, (0.0596069, 0.609948, 0.321413, 0.0090314))
({x1, x6}, (0.119398, 0.260429, 0.261622, 0.35855))
({x1, x7}, (0.0595968, 0.609968, 0.321424, 0.00901195))
({x1, x8}, (0.0599442, 0.609953, 0.321076, 0.00902621))
({x1, x9}, (0.377845, 0.00376974, 0.00317551, 0.61521))
({x2, x3}, (0.669564, 3.7186e-06, 2.83669e-07, 0.330432))
({x2, x4}, (1.77098e-07, 0.330435, 0.669564, 7.20234e-08))
({x2, x5}, (0.669545, 9.95761e-06, 1.93862e-05, 0.330426))
({x2, x6}, (0.319162, 0.0606657, 0.350403, 0.26977))
({x2, x7}, (0.669564, 7.36153e-08, 1.92607e-07, 0.330435))
({x2, x8}, (0.66955, 0.000347305, 1.42821e-05, 0.330088))
({x2, x9}, (0.0628474, 0.318767, 0.606717, 0.0116682))
({x3, x4}, (3.8335e-06, 0.330432, 0.669564, 2.93489e-07))
({x3, x5}, (0.669549, 6.3827e-06, 1.92462e-05, 0.330426))
({x3, x6}, (0.319165, 0.0606621, 0.350403, 0.26977))
({x3, x7}, (0.669564, 2.95332e-07, 3.84926e-06, 0.330432))
({x3, x8}, (0.66955, 0.000347522, 1.79338e-05, 0.330085))
({x3, x9}, (0.0628511, 0.318764, 0.606717, 0.0116684))
({x4, x5}, (1.01325e-05, 0.669545, 0.330425, 1.9456e-05))
({x4, x6}, (0.0606659, 0.319162, 0.26977, 0.350403))
({x4, x7}, (1.88171e-07, 0.669564, 0.330435, 2.02088e-07))
({x4, x8}, (0.000347421, 0.66955, 0.330088, 1.42935e-05))
({x4, x9}, (0.318767, 0.0628472, 0.0116682, 0.606717))
({x5, x6}, (0.319172, 0.0606557, 0.350383, 0.269789))
({x5, x7}, (0.669545, 1.94577e-05, 1.01482e-05, 0.330425))
({x5, x8}, (0.669531, 0.000366689, 2.42373e-05, 0.330078))
({x5, x9}, (0.0628569, 0.318758, 0.606698, 0.0116871))
({x6, x7}, (0.319162, 0.350403, 0.0606658, 0.26977))
({x6, x8}, (0.319148, 0.35075, 0.0606799, 0.269423))
({x6, x9}, (0.118106, 0.263509, 0.261722, 0.356663))
({x7, x8}, (0.66955, 0.000347437, 1.42955e-05, 0.330088))
({x7, x9}, (0.0628472, 0.318767, 0.606717, 0.0116682))
({x8, x9}, (0.0631947, 0.31842, 0.606703, 0.0116824))
Exact log partition sum: 15.5658
Exact MAP variable marginals:
({x0}, (0.571243, 0.428757))
({x1}, (0.428757, 0.571243))
({x2}, (0.571243, 0.428757))
({x3}, (0.571243, 0.428757))
({x4}, (0.428757, 0.571243))
({x5}, (0.571243, 0.428757))
({x6}, (0.429498, 0.570502))
({x7}, (0.571243, 0.428757))
({x8}, (0.571243, 0.428757))
({x9}, (0.428757, 0.571243))
Exact MAP factor marginals:
({x0}, (0.571243, 0.428757)) == ({x0}, (0.571243, 0.428757))
({x1}, (0.428757, 0.571243)) == ({x1}, (0.428757, 0.571243))
({x2}, (0.571243, 0.428757)) == ({x2}, (0.571243, 0.428757))
({x3}, (0.571243, 0.428757)) == ({x3}, (0.571243, 0.428757))
({x4}, (0.428757, 0.571243)) == ({x4}, (0.428757, 0.571243))
({x5}, (0.571243, 0.428757)) == ({x5}, (0.571243, 0.428757))
({x6}, (0.429498, 0.570502)) == ({x6}, (0.429498, 0.570502))
({x7}, (0.571243, 0.428757)) == ({x7}, (0.571243, 0.428757))
({x8}, (0.571243, 0.428757)) == ({x8}, (0.571243, 0.428757))
({x9}, (0.428757, 0.571243)) == ({x9}, (0.428757, 0.571243))
({x0, x1}, (0.0867723, 0.385831, 0.514052, 0.0133455)) == ({x0, x1}, (0.0867723, 0.385831, 0.514052, 0.0133455))
({x0, x2}, (0.567468, 0.0019067, 0.00470232, 0.425923)) == ({x0, x2}, (0.567468, 0.0019067, 0.00470232, 0.425923))
({x0, x3}, (0.567468, 0.0019067, 0.00470232, 0.425923)) == ({x0, x3}, (0.567468, 0.0019067, 0.00470232, 0.425923))
({x0, x4}, (0.00470232, 0.425923, 0.567468, 0.0019067)) == ({x0, x4}, (0.00470232, 0.425923, 0.567468, 0.0019067))
({x0, x5}, (0.567468, 0.0019067, 0.00470232, 0.425923)) == ({x0, x5}, (0.567468, 0.0019067, 0.00470232, 0.425923))
({x0, x6}, (0.28229, 0.0613085, 0.374965, 0.281437)) == ({x0, x6}, (0.28229, 0.0613085, 0.374965, 0.281437))
({x0, x7}, (0.567468, 0.0019067, 0.00470232, 0.425923)) == ({x0, x7}, (0.567468, 0.0019067, 0.00470232, 0.425923))
({x0, x8}, (0.567468, 0.0019067, 0.00470232, 0.425923)) == ({x0, x8}, (0.567468, 0.0019067, 0.00470232, 0.425923))
({x0, x9}, (0.0867723, 0.385831, 0.514052, 0.0133455)) == ({x0, x9}, (0.0867723, 0.385831, 0.514052, 0.0133455))
({x1, x2}, (0.0867723, 0.514052, 0.385831, 0.0133455)) == ({x1, x2}, (0.0867723, 0.514052, 0.385831, 0.0133455))
({x1, x3}, (0.0867723, 0.514052, 0.385831, 0.0133455)) == ({x1, x3}, (0.0867723, 0.514052, 0.385831, 0.0133455))
({x1, x4}, (0.385831, 0.0133455, 0.0867723, 0.514052)) == ({x1, x4}, (0.385831, 0.0133455, 0.0867723, 0.514052))
({x1, x5}, (0.0867723, 0.514052, 0.385831, 0.0133455)) == ({x1, x5}, (0.0867723, 0.514052, 0.385831, 0.0133455))
({x1, x6}, (0.0631689, 0.28173, 0.280879, 0.374222)) == ({x1, x6}, (0.0631689, 0.28173, 0.280879, 0.374222))
({x1, x7}, (0.0867723, 0.514052, 0.385831, 0.0133455)) == ({x1, x7}, (0.0867723, 0.514052, 0.385831, 0.0133455))
({x1, x8}, (0.0867723, 0.514052, 0.385831, 0.0133455)) == ({x1, x8}, (0.0867723, 0.514052, 0.385831, 0.0133455))
({x1, x9}, (0.425548, 0.00526759, 0.00221556, 0.566968)) == ({x1, x9}, (0.425548, 0.00526759, 0.00221556, 0.566968))
({x2, x3}, (0.571239, 5.91874e-06, 4.62664e-07, 0.428754)) == ({x2, x3}, (0.571239, 5.91874e-06, 4.62664e-07, 0.428754))
({x2, x4}, (2.8749e-07, 0.428757, 0.571243, 9.25392e-08)) == ({x2, x4}, (2.8749e-07, 0.428757, 0.571243, 9.25392e-08))
({x2, x5}, (0.57122, 1.02465e-05, 2.93868e-05, 0.42874)) == ({x2, x5}, (0.57122, 1.02465e-05, 2.93868e-05, 0.42874))
({x2, x6}, (0.28229, 0.0613085, 0.374965, 0.281437)) == ({x2, x6}, (0.28229, 0.0613085, 0.374965, 0.281437))
({x2, x7}, (0.571243, 9.25392e-08, 1.73484e-07, 0.428757)) == ({x2, x7}, (0.571243, 9.25392e-08, 1.73484e-07, 0.428757))
({x2, x8}, (0.570913, 0.000554503, 2.35415e-05, 0.428509)) == ({x2, x8}, (0.570913, 0.000554503, 2.35415e-05, 0.428509))
({x2, x9}, (0.0867723, 0.385831, 0.514052, 0.0133455)) == ({x2, x9}, (0.0867723, 0.385831, 0.514052, 0.0133455))
({x3, x4}, (5.91874e-06, 0.428754, 0.571239, 4.62664e-07)) == ({x3, x4}, (5.91874e-06, 0.428754, 0.571239, 4.62664e-07))
({x3, x5}, (0.57122, 1.02465e-05, 2.93868e-05, 0.42874)) == ({x3, x5}, (0.57122, 1.02465e-05, 2.93868e-05, 0.42874))
({x3, x6}, (0.28229, 0.0613085, 0.374965, 0.281437)) == ({x3, x6}, (0.28229, 0.0613085, 0.374965, 0.281437))
({x3, x7}, (0.571239, 4.62664e-07, 5.91874e-06, 0.428754)) == ({x3, x7}, (0.571239, 4.62664e-07, 5.91874e-06, 0.428754))
({x3, x8}, (0.570913, 0.000554503, 2.35415e-05, 0.428509)) == ({x3, x8}, (0.570913, 0.000554503, 2.35415e-05, 0.428509))
({x3, x9}, (0.0867723, 0.385831, 0.514052, 0.0133455)) == ({x3, x9}, (0.0867723, 0.385831, 0.514052, 0.0133455))
({x4, x5}, (1.02465e-05, 0.57122, 0.42874, 2.93868e-05)) == ({x4, x5}, (1.02465e-05, 0.57122, 0.42874, 2.93868e-05))
({x4, x6}, (0.0613085, 0.28229, 0.281437, 0.374965)) == ({x4, x6}, (0.0613085, 0.28229, 0.281437, 0.374965))
({x4, x7}, (2.8749e-07, 0.571243, 0.428757, 1.73484e-07)) == ({x4, x7}, (2.8749e-07, 0.571243, 0.428757, 1.73484e-07))
({x4, x8}, (0.000554503, 0.570913, 0.428509, 2.35415e-05)) == ({x4, x8}, (0.000554503, 0.570913, 0.428509, 2.35415e-05))
({x4, x9}, (0.385831, 0.0867723, 0.0133455, 0.514052)) == ({x4, x9}, (0.385831, 0.0867723, 0.0133455, 0.514052))
({x5, x6}, (0.28229, 0.0613085, 0.374965, 0.281437)) == ({x5, x6}, (0.28229, 0.0613085, 0.374965, 0.281437))
({x5, x7}, (0.57122, 2.93868e-05, 1.02465e-05, 0.42874)) == ({x5, x7}, (0.57122, 2.93868e-05, 1.02465e-05, 0.42874))
({x5, x8}, (0.570913, 0.000554503, 2.35415e-05, 0.428509)) == ({x5, x8}, (0.570913, 0.000554503, 2.35415e-05, 0.428509))
({x5, x9}, (0.0867723, 0.385831, 0.514052, 0.0133455)) == ({x5, x9}, (0.0867723, 0.385831, 0.514052, 0.0133455))
({x6, x7}, (0.28229, 0.374965, 0.0613085, 0.281437)) == ({x6, x7}, (0.28229, 0.374965, 0.0613085, 0.281437))
({x6, x8}, (0.28229, 0.374965, 0.0613085, 0.281437)) == ({x6, x8}, (0.28229, 0.374965, 0.0613085, 0.281437))
({x6, x9}, (0.0631689, 0.280879, 0.28173, 0.374222)) == ({x6, x9}, (0.0631689, 0.280879, 0.28173, 0.374222))
({x7, x8}, (0.570913, 0.000554503, 2.35415e-05, 0.428509)) == ({x7, x8}, (0.570913, 0.000554503, 2.35415e-05, 0.428509))
({x7, x9}, (0.0867723, 0.385831, 0.514052, 0.0133455)) == ({x7, x9}, (0.0867723, 0.385831, 0.514052, 0.0133455))
({x8, x9}, (0.0867723, 0.385831, 0.514052, 0.0133455)) == ({x8, x9}, (0.0867723, 0.385831, 0.514052, 0.0133455))
Exact MAP state (log score = 14.5021):
x0: 0
x1: 1
x2: 0
x3: 0
x4: 1
x5: 0
x6: 1
x7: 0
x8: 0
x9: 1
