Builtin inference algorithms: {BP, EXACT, FBP, JTREE, TRWBP}

Exact variable marginals:
({x0}, (0.697243, 0.302757))
({x1}, (0.302911, 0.697089))
({x2}, (0.302756, 0.697244))
({x3}, (0.302939, 0.697061))
({x4}, (0.303328, 0.696672))
({x5}, (0.697244, 0.302756))
({x6}, (0.697244, 0.302756))
({x7}, (0.311088, 0.688912))
({x8}, (0.697244, 0.302756))
({x9}, (0.697249, 0.302751))
Exact factor marginals:
({x0}, (0.697243, 0.302757))
({x1}, (0.302911, 0.697089))
({x2}, (0.302756, 0.697244))
({x3}, (0.302939, 0.697061))
({x4}, (0.303328, 0.696672))
({x5}, (0.697244, 0.302756))
({x6}, (0.697244, 0.302756))
({x7}, (0.311088, 0.688912))
({x8}, (0.697244, 0.302756))
({x9}, (0.697249, 0.302751))
({x0, x1}, (0.000156891, 0.302754, 0.697087, 2.08867e-06))
({x0, x2}, (2.79302e-10, 0.302756, 0.697243, 4.8638e-07))
({x0, x3}, (0.000190563, 0.302749, 0.697053, 7.70448e-06))
({x0, x4}, (0.000986752, 0.302341, 0.696257, 0.000415065))
({x0, x5}, (0.697243, 4.86521e-07, 7.54593e-10, 0.302756))
({x0, x6}, (0.697243, 4.96712e-07, 1.08536e-09, 0.302756))
({x0, x7}, (0.00870494, 0.302383, 0.688539, 0.000373453))
({x0, x8}, (0.697243, 4.86193e-07, 3.04557e-10, 0.302756))
({x0, x9}, (0.697242, 6.44798e-06, 1.15439e-06, 0.30275))
({x1, x2}, (0.302754, 1.83188e-06, 0.000157121, 0.697087))
({x1, x3}, (0.302747, 0.000192634, 0.000164578, 0.696896))
({x1, x4}, (0.30234, 0.000988581, 0.000571697, 0.6961))
({x1, x5}, (0.000157121, 0.697087, 0.302754, 1.83238e-06))
({x1, x6}, (0.000157131, 0.697087, 0.302754, 1.83264e-06))
({x1, x7}, (0.302539, 0.00854939, 0.000372703, 0.688539))
({x1, x8}, (0.00015712, 0.697087, 0.302754, 1.8319e-06))
({x1, x9}, (0.000163082, 0.697086, 0.302748, 2.98599e-06))
({x2, x3}, (0.302749, 0.000190806, 7.46161e-06, 0.697053))
({x2, x4}, (0.302341, 0.000986757, 0.000414585, 0.696257))
({x2, x5}, (3.69804e-10, 0.697244, 0.302756, 7.03571e-10))
({x2, x6}, (1.03779e-08, 0.697244, 0.302756, 8.51369e-10))
({x2, x7}, (0.302383, 0.00870543, 0.000373452, 0.688539))
({x2, x8}, (5.60522e-11, 0.697244, 0.302756, 2.68339e-10))
({x2, x9}, (5.96161e-06, 0.697243, 0.30275, 1.15412e-06))
({x3, x4}, (0.302334, 0.000994219, 0.000605391, 0.696066))
({x3, x5}, (0.000190805, 0.697053, 0.302749, 7.46127e-06))
({x3, x6}, (0.000190816, 0.697053, 0.302749, 7.46231e-06))
({x3, x7}, (0.30257, 0.00851845, 0.000369815, 0.688542))
({x3, x8}, (0.000190806, 0.697053, 0.302749, 7.46163e-06))
({x3, x9}, (0.00019651, 0.697052, 0.302743, 8.35824e-06))
({x4, x5}, (0.000986758, 0.696257, 0.302341, 0.000414585))
({x4, x6}, (0.000986757, 0.696257, 0.302341, 0.000414575))
({x4, x7}, (0.301968, 0.00911998, 0.00136018, 0.687552))
({x4, x8}, (0.000986757, 0.696257, 0.302341, 0.000414585))
({x4, x9}, (0.00098902, 0.69626, 0.302339, 0.00041204))
({x5, x6}, (0.697244, 1.0984e-08, 1.12378e-09, 0.302756))
({x5, x7}, (0.00870543, 0.302383, 0.688539, 0.000373452))
({x5, x8}, (0.697244, 5.47266e-10, 4.25786e-10, 0.302756))
({x5, x9}, (0.697243, 5.96222e-06, 1.15439e-06, 0.30275))
({x6, x7}, (0.00870544, 0.302383, 0.688539, 0.000373453))
({x6, x8}, (0.697244, 8.6022e-10, 1.0599e-08, 0.302756))
({x6, x9}, (0.697243, 5.9528e-06, 1.15483e-06, 0.30275))
({x7, x8}, (0.00870543, 0.688539, 0.302383, 0.000373452))
({x7, x9}, (0.00871139, 0.688537, 0.302377, 0.000374604))
({x8, x9}, (0.697243, 5.96186e-06, 1.15416e-06, 0.30275))
Exact log partition sum: 53.6263
Exact MAP variable marginals:
({x0}, (0.694835, 0.305165))
({x1}, (0.305165, 0.694835))
({x2}, (0.305165, 0.694835))
({x3}, (0.305165, 0.694835))
({x4}, (0.305165, 0.694835))
({x5}, (0.694835, 0.305165))
({x6}, (0.694835, 0.305165))
({x7}, (0.305165, 0.694835))
({x8}, (0.694835, 0.305165))
({x9}, (0.694835, 0.305165))
Exact MAP factor marginals:
({x0}, (0.694835, 0.305165)) == ({x0}, (0.694835, 0.305165))
({x1}, (0.305165, 0.694835)) == ({x1}, (0.305165, 0.694835))
({x2}, (0.305165, 0.694835)) == ({x2}, (0.305165, 0.694835))
({x3}, (0.305165, 0.694835)) == ({x3}, (0.305165, 0.694835))
({x4}, (0.305165, 0.694835)) == ({x4}, (0.305165, 0.694835))
({x5}, (0.694835, 0.305165)) == ({x5}, (0.694835, 0.305165))
({x6}, (0.694835, 0.305165)) == ({x6}, (0.694835, 0.305165))
({x7}, (0.305165, 0.694835)) == ({x7}, (0.305165, 0.694835))
({x8}, (0.694835, 0.305165)) == ({x8}, (0.694835, 0.305165))
({x9}, (0.694835, 0.305165)) == ({x9}, (0.694835, 0.305165))
({x0, x1}, (0.000157541, 0.305116, 0.694725, 1.74156e-06)) == ({x0, x1}, (0.000157541, 0.305116, 0.694725, 1.74156e-06))
({x0, x2}, (1.88923e-10, 0.305165, 0.694835, 2.4345e-07)) == ({x0, x2}, (1.88923e-10, 0.305165, 0.694835, 2.4345e-07))
({x0, x3}, (0.000189799, 0.305105, 0.694699, 6.41578e-06)) == ({x0, x3}, (0.000189799, 0.305105, 0.694699, 6.41578e-06))
({x0, x4}, (0.000995164, 0.304734, 0.693855, 0.000415265)) == ({x0, x4}, (0.000995164, 0.304734, 0.693855, 0.000415265))
({x0, x5}, (0.694835, 2.4345e-07, 4.69984e-10, 0.305165)) == ({x0, x5}, (0.694835, 2.4345e-07, 4.69984e-10, 0.305165))
({x0, x6}, (0.694835, 2.4345e-07, 3.22076e-10, 0.305165)) == ({x0, x6}, (0.694835, 2.4345e-07, 3.22076e-10, 0.305165))
({x0, x7}, (0.00837591, 0.302497, 0.688761, 0.000366022)) == ({x0, x7}, (0.00837591, 0.302497, 0.688761, 0.000366022))
({x0, x8}, (0.694835, 2.4345e-07, 1.88923e-10, 0.305165)) == ({x0, x8}, (0.694835, 2.4345e-07, 1.88923e-10, 0.305165))
({x0, x9}, (0.694833, 3.11578e-06, 6.12161e-07, 0.305164)) == ({x0, x9}, (0.694833, 3.11578e-06, 6.12161e-07, 0.305164))
({x1, x2}, (0.305116, 1.74156e-06, 0.000157541, 0.694725)) == ({x1, x2}, (0.305116, 1.74156e-06, 0.000157541, 0.694725))
({x1, x3}, (0.305059, 0.000189771, 0.000157512, 0.694594)) == ({x1, x3}, (0.305059, 0.000189771, 0.000157512, 0.694594))
({x1, x4}, (0.304734, 0.000995164, 0.000415265, 0.693855)) == ({x1, x4}, (0.304734, 0.000995164, 0.000415265, 0.693855))
({x1, x5}, (0.000157541, 0.694725, 0.305116, 1.74156e-06)) == ({x1, x5}, (0.000157541, 0.694725, 0.305116, 1.74156e-06))
({x1, x6}, (0.000157541, 0.694725, 0.305116, 1.74156e-06)) == ({x1, x6}, (0.000157541, 0.694725, 0.305116, 1.74156e-06))
({x1, x7}, (0.302497, 0.00837591, 0.000366022, 0.688761)) == ({x1, x7}, (0.302497, 0.00837591, 0.000366022, 0.688761))
({x1, x8}, (0.000157541, 0.694725, 0.305116, 1.74156e-06)) == ({x1, x8}, (0.000157541, 0.694725, 0.305116, 1.74156e-06))
({x1, x9}, (0.000157541, 0.694725, 0.305116, 1.74156e-06)) == ({x1, x9}, (0.000157541, 0.694725, 0.305116, 1.74156e-06))
({x2, x3}, (0.305105, 0.000189799, 6.41578e-06, 0.694699)) == ({x2, x3}, (0.305105, 0.000189799, 6.41578e-06, 0.694699))
({x2, x4}, (0.304734, 0.000995164, 0.000415265, 0.693855)) == ({x2, x4}, (0.304734, 0.000995164, 0.000415265, 0.693855))
({x2, x5}, (2.60647e-10, 0.694835, 0.305165, 4.69984e-10)) == ({x2, x5}, (2.60647e-10, 0.694835, 0.305165, 4.69984e-10))
({x2, x6}, (9.3317e-09, 0.694835, 0.305165, 3.22076e-10)) == ({x2, x6}, (9.3317e-09, 0.694835, 0.305165, 3.22076e-10))
({x2, x7}, (0.302497, 0.00837591, 0.000366022, 0.688761)) == ({x2, x7}, (0.302497, 0.00837591, 0.000366022, 0.688761))
({x2, x8}, (3.53011e-11, 0.694835, 0.305165, 1.61496e-10)) == ({x2, x8}, (3.53011e-11, 0.694835, 0.305165, 1.61496e-10))
({x2, x9}, (3.11578e-06, 0.694833, 0.305164, 6.12161e-07)) == ({x2, x9}, (3.11578e-06, 0.694833, 0.305164, 6.12161e-07))
({x3, x4}, (0.304734, 0.000995164, 0.000415265, 0.693855)) == ({x3, x4}, (0.304734, 0.000995164, 0.000415265, 0.693855))
({x3, x5}, (0.000189799, 0.694699, 0.305105, 6.41578e-06)) == ({x3, x5}, (0.000189799, 0.694699, 0.305105, 6.41578e-06))
({x3, x6}, (0.000189799, 0.694699, 0.305105, 6.41578e-06)) == ({x3, x6}, (0.000189799, 0.694699, 0.305105, 6.41578e-06))
({x3, x7}, (0.302497, 0.00837591, 0.000366022, 0.688761)) == ({x3, x7}, (0.302497, 0.00837591, 0.000366022, 0.688761))
({x3, x8}, (0.000189799, 0.694699, 0.305105, 6.41578e-06)) == ({x3, x8}, (0.000189799, 0.694699, 0.305105, 6.41578e-06))
({x3, x9}, (0.000189799, 0.694699, 0.305105, 6.41578e-06)) == ({x3, x9}, (0.000189799, 0.694699, 0.305105, 6.41578e-06))
({x4, x5}, (0.000995164, 0.693855, 0.304734, 0.000415265)) == ({x4, x5}, (0.000995164, 0.693855, 0.304734, 0.000415265))
({x4, x6}, (0.000995164, 0.693855, 0.304734, 0.000415265)) == ({x4, x6}, (0.000995164, 0.693855, 0.304734, 0.000415265))
({x4, x7}, (0.302309, 0.0083707, 0.000987244, 0.688333)) == ({x4, x7}, (0.302309, 0.0083707, 0.000987244, 0.688333))
({x4, x8}, (0.000995164, 0.693855, 0.304734, 0.000415265)) == ({x4, x8}, (0.000995164, 0.693855, 0.304734, 0.000415265))
({x4, x9}, (0.000995164, 0.693855, 0.304734, 0.000415265)) == ({x4, x9}, (0.000995164, 0.693855, 0.304734, 0.000415265))
({x5, x6}, (0.694835, 9.3317e-09, 3.22076e-10, 0.305165)) == ({x5, x6}, (0.694835, 9.3317e-09, 3.22076e-10, 0.305165))
({x5, x7}, (0.00837591, 0.302497, 0.688761, 0.000366022)) == ({x5, x7}, (0.00837591, 0.302497, 0.688761, 0.000366022))
({x5, x8}, (0.694835, 4.69984e-10, 2.60647e-10, 0.305165)) == ({x5, x8}, (0.694835, 4.69984e-10, 2.60647e-10, 0.305165))
({x5, x9}, (0.694833, 3.11578e-06, 6.12161e-07, 0.305164)) == ({x5, x9}, (0.694833, 3.11578e-06, 6.12161e-07, 0.305164))
({x6, x7}, (0.00837591, 0.302497, 0.688761, 0.000366022)) == ({x6, x7}, (0.00837591, 0.302497, 0.688761, 0.000366022))
({x6, x8}, (0.694835, 3.22076e-10, 9.3317e-09, 0.305165)) == ({x6, x8}, (0.694835, 3.22076e-10, 9.3317e-09, 0.305165))
({x6, x9}, (0.694833, 3.11578e-06, 6.12161e-07, 0.305164)) == ({x6, x9}, (0.694833, 3.11578e-06, 6.12161e-07, 0.305164))
({x7, x8}, (0.00837591, 0.688761, 0.302497, 0.000366022)) == ({x7, x8}, (0.00837591, 0.688761, 0.302497, 0.000366022))
({x7, x9}, (0.00837591, 0.688761, 0.302497, 0.000366022)) == ({x7, x9}, (0.00837591, 0.688761, 0.302497, 0.000366022))
({x8, x9}, (0.694833, 3.11578e-06, 6.12161e-07, 0.305164)) == ({x8, x9}, (0.694833, 3.11578e-06, 6.12161e-07, 0.305164))
Exact MAP state (log score = 53.2517):
x0: 0
x1: 1
x2: 1
x3: 1
x4: 1
x5: 0
x6: 0
x7: 1
x8: 0
x9: 0
