Builtin inference algorithms: {BP, EXACT, FBP, JTREE, TRWBP}

Exact variable marginals:
({x0}, (0.131286, 0.868714))
({x1}, (0.56887, 0.43113))
({x2}, (0.130709, 0.869291))
({x3}, (0.862303, 0.137697))
({x4}, (0.131109, 0.868891))
({x5}, (0.131161, 0.868839))
({x6}, (0.389525, 0.610475))
({x7}, (0.257605, 0.742395))
({x8}, (0.131705, 0.868295))
({x9}, (0.588931, 0.411069))
Exact factor marginals:
({x0}, (0.131286, 0.868714))
({x1}, (0.56887, 0.43113))
({x2}, (0.130709, 0.869291))
({x3}, (0.862303, 0.137697))
({x4}, (0.131109, 0.868891))
({x5}, (0.131161, 0.868839))
({x6}, (0.389525, 0.610475))
({x7}, (0.257605, 0.742395))
({x8}, (0.131705, 0.868295))
({x9}, (0.588931, 0.411069))
({x0, x1}, (0.0766087, 0.492262, 0.0546773, 0.376452))
({x0, x2}, (0.129214, 0.00149466, 0.00207201, 0.867219))
({x0, x3}, (7.83697e-05, 0.862225, 0.131208, 0.00648905))
({x0, x4}, (0.12927, 0.00183866, 0.00201611, 0.866875))
({x0, x5}, (0.129248, 0.00191329, 0.00203782, 0.866801))
({x0, x6}, (0.128511, 0.261014, 0.00277528, 0.6077))
({x0, x7}, (0.0866013, 0.171004, 0.0446847, 0.69771))
({x0, x8}, (0.129263, 0.00244194, 0.00202298, 0.866272))
({x0, x9}, (0.00108236, 0.587849, 0.130204, 0.280865))
({x1, x2}, (0.0773958, 0.0533128, 0.491475, 0.377817))
({x1, x3}, (0.49216, 0.370144, 0.0767107, 0.060986))
({x1, x4}, (0.0773142, 0.0537943, 0.491556, 0.377335))
({x1, x5}, (0.0773598, 0.0538016, 0.491511, 0.377328))
({x1, x6}, (0.0765898, 0.312935, 0.492281, 0.118194))
({x1, x7}, (0.247434, 0.0101711, 0.321436, 0.420958))
({x1, x8}, (0.0773701, 0.0543349, 0.4915, 0.376795))
({x1, x9}, (0.485091, 0.10384, 0.0837792, 0.32729))
({x2, x3}, (0.0014801, 0.860823, 0.129229, 0.00846813))
({x2, x4}, (0.130627, 0.000481946, 8.20478e-05, 0.868809))
({x2, x5}, (0.130605, 0.000556264, 0.000103442, 0.868735))
({x2, x6}, (0.129864, 0.259661, 0.000844209, 0.609631))
({x2, x7}, (0.0870805, 0.170525, 0.0436281, 0.698766))
({x2, x8}, (0.130616, 0.00108921, 9.29026e-05, 0.868202))
({x2, x9}, (0.00253781, 0.586393, 0.128171, 0.282898))
({x3, x4}, (0.00140048, 0.129708, 0.860903, 0.00798861))
({x3, x5}, (0.00145272, 0.129709, 0.860851, 0.00798793))
({x3, x6}, (0.256571, 0.132954, 0.605733, 0.00474249))
({x3, x7}, (0.171075, 0.0865307, 0.691229, 0.051166))
({x3, x8}, (0.00198551, 0.129719, 0.860318, 0.00797724))
({x3, x9}, (0.587869, 0.00106175, 0.274434, 0.136635))
({x4, x5}, (0.131087, 7.49131e-05, 2.19897e-05, 0.868817))
({x4, x6}, (0.130346, 0.259179, 0.00076297, 0.609712))
({x4, x7}, (0.0870089, 0.170597, 0.0440996, 0.698295))
({x4, x8}, (0.131095, 0.000609616, 1.32102e-05, 0.868282))
({x4, x9}, (0.00245884, 0.586472, 0.12865, 0.282419))
({x5, x6}, (0.130352, 0.259173, 0.000809364, 0.609666))
({x5, x7}, (0.087047, 0.170559, 0.0441145, 0.69828))
({x5, x8}, (0.131139, 0.00056627, 2.27879e-05, 0.868272))
({x5, x9}, (0.00250785, 0.586423, 0.128654, 0.282415))
({x6, x7}, (0.0862468, 0.171359, 0.303278, 0.439116))
({x6, x8}, (0.130552, 0.00115275, 0.258973, 0.609322))
({x6, x9}, (0.00172249, 0.587209, 0.387802, 0.0232664))
({x7, x8}, (0.0870359, 0.044669, 0.17057, 0.697726))
({x7, x9}, (0.16421, 0.424721, 0.0933954, 0.317673))
({x8, x9}, (0.00282078, 0.58611, 0.128884, 0.282185))
Exact log partition sum: 10.3561
Exact MAP variable marginals:
({x0}, (0.189505, 0.810495))
({x1}, (0.557046, 0.442954))
({x2}, (0.189505, 0.810495))
({x3}, (0.810495, 0.189505))
({x4}, (0.189505, 0.810495))
({x5}, (0.189505, 0.810495))
({x6}, (0.442954, 0.557046))
({x7}, (0.335806, 0.664194))
({x8}, (0.189505, 0.810495))
({x9}, (0.557046, 0.442954))
Exact MAP factor marginals:
({x0}, (0.189505, 0.810495)) == ({x0}, (0.189505, 0.810495))
({x1}, (0.557046, 0.442954)) == ({x1}, (0.557046, 0.442954))
({x2}, (0.189505, 0.810495)) == ({x2}, (0.189505, 0.810495))
({x3}, (0.810495, 0.189505)) == ({x3}, (0.810495, 0.189505))
({x4}, (0.189505, 0.810495)) == ({x4}, (0.189505, 0.810495))
({x5}, (0.189505, 0.810495)) == ({x5}, (0.189505, 0.810495))
({x6}, (0.442954, 0.557046)) == ({x6}, (0.442954, 0.557046))
({x7}, (0.335806, 0.664194)) == ({x7}, (0.335806, 0.664194))
({x8}, (0.189505, 0.810495)) == ({x8}, (0.189505, 0.810495))
({x9}, (0.557046, 0.442954)) == ({x9}, (0.557046, 0.442954))
({x0, x1}, (0.108086, 0.462276, 0.0620428, 0.367595)) == ({x0, x1}, (0.108086, 0.462276, 0.0620428, 0.367595))
({x0, x2}, (0.188357, 0.00249523, 0.0035604, 0.805587)) == ({x0, x2}, (0.188357, 0.00249523, 0.0035604, 0.805587))
({x0, x3}, (7.95855e-05, 0.802376, 0.187607, 0.00993747)) == ({x0, x3}, (7.95855e-05, 0.802376, 0.187607, 0.00993747))
({x0, x4}, (0.188357, 0.00249523, 0.0035604, 0.805587)) == ({x0, x4}, (0.188357, 0.00249523, 0.0035604, 0.805587))
({x0, x5}, (0.188357, 0.00249523, 0.0035604, 0.805587)) == ({x0, x5}, (0.188357, 0.00249523, 0.0035604, 0.805587))
({x0, x6}, (0.114986, 0.391058, 0.0021735, 0.491783)) == ({x0, x6}, (0.114986, 0.391058, 0.0021735, 0.491783))
({x0, x7}, (0.124793, 0.269845, 0.0716327, 0.533729)) == ({x0, x7}, (0.124793, 0.269845, 0.0716327, 0.533729))
({x0, x8}, (0.188357, 0.00249523, 0.0035604, 0.805587)) == ({x0, x8}, (0.188357, 0.00249523, 0.0035604, 0.805587))
({x0, x9}, (0.00115097, 0.492287, 0.115103, 0.391459)) == ({x0, x9}, (0.00115097, 0.492287, 0.115103, 0.391459))
({x1, x2}, (0.108086, 0.0620428, 0.462276, 0.367595)) == ({x1, x2}, (0.108086, 0.0620428, 0.462276, 0.367595))
({x1, x3}, (0.462276, 0.367595, 0.108086, 0.0620428)) == ({x1, x3}, (0.462276, 0.367595, 0.108086, 0.0620428))
({x1, x4}, (0.108086, 0.0620428, 0.462276, 0.367595)) == ({x1, x4}, (0.108086, 0.0620428, 0.462276, 0.367595))
({x1, x5}, (0.108086, 0.0620428, 0.462276, 0.367595)) == ({x1, x5}, (0.108086, 0.0620428, 0.462276, 0.367595))
({x1, x6}, (0.0994412, 0.338193, 0.425301, 0.137065)) == ({x1, x6}, (0.0994412, 0.338193, 0.425301, 0.137065))
({x1, x7}, (0.216794, 0.0134301, 0.4288, 0.340975)) == ({x1, x7}, (0.216794, 0.0134301, 0.4288, 0.340975))
({x1, x8}, (0.108086, 0.0620428, 0.462276, 0.367595)) == ({x1, x8}, (0.108086, 0.0620428, 0.462276, 0.367595))
({x1, x9}, (0.425301, 0.137065, 0.0994412, 0.338193)) == ({x1, x9}, (0.425301, 0.137065, 0.0994412, 0.338193))
({x2, x3}, (0.00247932, 0.800451, 0.187156, 0.00991362)) == ({x2, x3}, (0.00247932, 0.800451, 0.187156, 0.00991362))
({x2, x4}, (0.189278, 0.00104111, 0.00015466, 0.809526)) == ({x2, x4}, (0.189278, 0.00104111, 0.00015466, 0.809526))
({x2, x5}, (0.189278, 0.00104111, 0.00015466, 0.809526)) == ({x2, x5}, (0.189278, 0.00104111, 0.00015466, 0.809526))
({x2, x6}, (0.115103, 0.391459, 0.00115097, 0.492287)) == ({x2, x6}, (0.115103, 0.391459, 0.00115097, 0.492287))
({x2, x7}, (0.124793, 0.269845, 0.0716327, 0.533729)) == ({x2, x7}, (0.124793, 0.269845, 0.0716327, 0.533729))
({x2, x8}, (0.189278, 0.00104111, 0.00015466, 0.809526)) == ({x2, x8}, (0.189278, 0.00104111, 0.00015466, 0.809526))
({x2, x9}, (0.00152424, 0.492103, 0.11506, 0.391313)) == ({x2, x9}, (0.00152424, 0.492103, 0.11506, 0.391313))
({x3, x4}, (0.00247932, 0.187156, 0.800451, 0.00991362)) == ({x3, x4}, (0.00247932, 0.187156, 0.800451, 0.00991362))
({x3, x5}, (0.00247932, 0.187156, 0.800451, 0.00991362)) == ({x3, x5}, (0.00247932, 0.187156, 0.800451, 0.00991362))
({x3, x6}, (0.390788, 0.114906, 0.491443, 0.00286218)) == ({x3, x6}, (0.390788, 0.114906, 0.491443, 0.00286218))
({x3, x7}, (0.269845, 0.124793, 0.533729, 0.0716327)) == ({x3, x7}, (0.269845, 0.124793, 0.533729, 0.0716327))
({x3, x8}, (0.00247932, 0.187156, 0.800451, 0.00991362)) == ({x3, x8}, (0.00247932, 0.187156, 0.800451, 0.00991362))
({x3, x9}, (0.492287, 0.00115097, 0.391459, 0.115103)) == ({x3, x9}, (0.492287, 0.00115097, 0.391459, 0.115103))
({x4, x5}, (0.189482, 7.5359e-05, 4.66265e-05, 0.810396)) == ({x4, x5}, (0.189482, 7.5359e-05, 4.66265e-05, 0.810396))
({x4, x6}, (0.115103, 0.391459, 0.00115097, 0.492287)) == ({x4, x6}, (0.115103, 0.391459, 0.00115097, 0.492287))
({x4, x7}, (0.124793, 0.269845, 0.0716327, 0.533729)) == ({x4, x7}, (0.124793, 0.269845, 0.0716327, 0.533729))
({x4, x8}, (0.18936, 0.000742958, 2.21038e-05, 0.809875)) == ({x4, x8}, (0.18936, 0.000742958, 2.21038e-05, 0.809875))
({x4, x9}, (0.00152424, 0.492103, 0.11506, 0.391313)) == ({x4, x9}, (0.00152424, 0.492103, 0.11506, 0.391313))
({x5, x6}, (0.115103, 0.391459, 0.00115097, 0.492287)) == ({x5, x6}, (0.115103, 0.391459, 0.00115097, 0.492287))
({x5, x7}, (0.124793, 0.269845, 0.0716327, 0.533729)) == ({x5, x7}, (0.124793, 0.269845, 0.0716327, 0.533729))
({x5, x8}, (0.18936, 0.000742958, 2.22007e-05, 0.809875)) == ({x5, x8}, (0.18936, 0.000742958, 2.22007e-05, 0.809875))
({x5, x9}, (0.00152424, 0.492103, 0.11506, 0.391313)) == ({x5, x9}, (0.00152424, 0.492103, 0.11506, 0.391313))
({x6, x7}, (0.0922494, 0.199474, 0.313734, 0.394542)) == ({x6, x7}, (0.0922494, 0.199474, 0.313734, 0.394542))
({x6, x8}, (0.115103, 0.00115097, 0.391459, 0.492287)) == ({x6, x8}, (0.115103, 0.00115097, 0.391459, 0.492287))
({x6, x9}, (0.00168977, 0.545544, 0.433808, 0.0189578)) == ({x6, x9}, (0.00168977, 0.545544, 0.433808, 0.0189578))
({x7, x8}, (0.124793, 0.0716327, 0.269845, 0.533729)) == ({x7, x8}, (0.124793, 0.0716327, 0.269845, 0.533729))
({x7, x9}, (0.199474, 0.394542, 0.0922494, 0.313734)) == ({x7, x9}, (0.199474, 0.394542, 0.0922494, 0.313734))
({x8, x9}, (0.00152424, 0.492103, 0.11506, 0.391313)) == ({x8, x9}, (0.00152424, 0.492103, 0.11506, 0.391313))
Exact MAP state (log score = 9.2185):
x0: 1
x1: 0
x2: 1
x3: 0
x4: 1
x5: 1
x6: 1
x7: 1
x8: 1
x9: 0
