Builtin inference algorithms: {BP, EXACT, FBP, JTREE, TRWBP}

Exact variable marginals:
({x0}, (0.446396, 0.553604))
({x1}, (0.446863, 0.553137))
({x2}, (0.446396, 0.553604))
({x3}, (0.553604, 0.446396))
({x4}, (0.55369, 0.44631))
({x5}, (0.5509, 0.4491))
({x6}, (0.553695, 0.446305))
({x7}, (0.446387, 0.553613))
({x8}, (0.446388, 0.553612))
({x9}, (0.446315, 0.553685))
Exact factor marginals:
({x0}, (0.446396, 0.553604))
({x1}, (0.446863, 0.553137))
({x2}, (0.446396, 0.553604))
({x3}, (0.553604, 0.446396))
({x4}, (0.55369, 0.44631))
({x5}, (0.5509, 0.4491))
({x6}, (0.553695, 0.446305))
({x7}, (0.446387, 0.553613))
({x8}, (0.446388, 0.553612))
({x9}, (0.446315, 0.553685))
({x0, x1}, (0.446196, 0.000667545, 0.000200041, 0.552937))
({x0, x2}, (0.446396, 5.02133e-07, 3.27903e-08, 0.553604))
({x0, x3}, (1.2313e-07, 0.553604, 0.446396, 1.59715e-08))
({x0, x4}, (8.83215e-05, 0.553602, 0.446307, 2.57712e-06))
({x0, x5}, (0.0113842, 0.539516, 0.435011, 0.0140886))
({x0, x6}, (9.19367e-05, 0.553603, 0.446304, 1.2379e-06))
({x0, x7}, (0.446386, 5.5555e-07, 9.7361e-06, 0.553604))
({x0, x8}, (0.446388, 5.1029e-07, 8.10432e-06, 0.553604))
({x0, x9}, (0.446315, 1.50452e-07, 8.07002e-05, 0.553604))
({x1, x2}, (0.446196, 0.00020054, 0.000667574, 0.552936))
({x1, x3}, (0.000667642, 0.552937, 0.446196, 0.000200031))
({x1, x4}, (0.000677924, 0.553012, 0.446185, 0.000124676))
({x1, x5}, (0.0119744, 0.538925, 0.434889, 0.0142113))
({x1, x6}, (0.000682411, 0.553013, 0.446181, 0.000124208))
({x1, x7}, (0.446186, 0.000200597, 0.000677281, 0.552936))
({x1, x8}, (0.446195, 0.000192843, 0.000667941, 0.552944))
({x1, x9}, (0.446192, 0.000123114, 0.000671168, 0.553014))
({x2, x3}, (6.19162e-07, 0.553604, 0.446396, 4.26603e-08))
({x2, x4}, (8.87641e-05, 0.553601, 0.446307, 2.55042e-06))
({x2, x5}, (0.0113847, 0.539515, 0.435011, 0.0140886))
({x2, x6}, (9.24388e-05, 0.553603, 0.446304, 1.27067e-06))
({x2, x7}, (0.446386, 5.12553e-07, 1.01624e-05, 0.553603))
({x2, x8}, (0.446388, 5.38837e-07, 8.60221e-06, 0.553603))
({x2, x9}, (0.446315, 1.83226e-07, 8.12023e-05, 0.553604))
({x3, x4}, (0.553602, 8.83334e-05, 2.69616e-06, 0.446307))
({x3, x5}, (0.539516, 0.0113841, 0.0140886, 0.435011))
({x3, x6}, (0.553603, 9.18261e-05, 1.2344e-06, 0.446304))
({x3, x7}, (6.25392e-07, 0.446386, 0.553604, 9.69878e-06))
({x3, x8}, (6.29136e-07, 0.446387, 0.553604, 8.11601e-06))
({x3, x9}, (1.47087e-07, 0.446315, 0.553604, 8.05897e-05))
({x4, x5}, (0.539592, 0.0113077, 0.0140979, 0.435002))
({x4, x6}, (0.553679, 1.62304e-05, 1.1276e-05, 0.446294))
({x4, x7}, (8.88769e-05, 0.446298, 0.553601, 1.2313e-05))
({x4, x8}, (8.13481e-05, 0.446307, 0.553609, 3.19777e-06))
({x4, x9}, (1.01799e-05, 0.446305, 0.55368, 4.98523e-06))
({x5, x6}, (0.539608, 0.0140875, 0.0112924, 0.435013))
({x5, x7}, (0.0113847, 0.435002, 0.539515, 0.0140983))
({x5, x8}, (0.0113763, 0.435012, 0.539524, 0.0140883))
({x5, x9}, (0.0113035, 0.435012, 0.539596, 0.0140885))
({x6, x7}, (9.24446e-05, 0.446294, 0.553603, 1.09263e-05))
({x6, x8}, (8.50295e-05, 0.446303, 0.55361, 1.92474e-06))
({x6, x9}, (1.12679e-05, 0.446304, 0.553684, 1.11879e-06))
({x7, x8}, (0.446378, 1.02459e-05, 8.6594e-06, 0.553603))
({x7, x9}, (0.446305, 9.83885e-06, 8.1208e-05, 0.553604))
({x8, x9}, (0.446314, 8.36115e-07, 7.37918e-05, 0.553611))
Exact log partition sum: 40.106
Exact MAP variable marginals:
({x0}, (0.446609, 0.553391))
({x1}, (0.446609, 0.553391))
({x2}, (0.446609, 0.553391))
({x3}, (0.553391, 0.446609))
({x4}, (0.553391, 0.446609))
({x5}, (0.553391, 0.446609))
({x6}, (0.553391, 0.446609))
({x7}, (0.446609, 0.553391))
({x8}, (0.446609, 0.553391))
({x9}, (0.446609, 0.553391))
Exact MAP factor marginals:
({x0}, (0.446609, 0.553391)) == ({x0}, (0.446609, 0.553391))
({x1}, (0.446609, 0.553391)) == ({x1}, (0.446609, 0.553391))
({x2}, (0.446609, 0.553391)) == ({x2}, (0.446609, 0.553391))
({x3}, (0.553391, 0.446609)) == ({x3}, (0.553391, 0.446609))
({x4}, (0.553391, 0.446609)) == ({x4}, (0.553391, 0.446609))
({x5}, (0.553391, 0.446609)) == ({x5}, (0.553391, 0.446609))
({x6}, (0.553391, 0.446609)) == ({x6}, (0.553391, 0.446609))
({x7}, (0.446609, 0.553391)) == ({x7}, (0.446609, 0.553391))
({x8}, (0.446609, 0.553391)) == ({x8}, (0.446609, 0.553391))
({x9}, (0.446609, 0.553391)) == ({x9}, (0.446609, 0.553391))
({x0, x1}, (0.446247, 0.000684025, 0.000125541, 0.552943)) == ({x0, x1}, (0.446247, 0.000684025, 0.000125541, 0.552943))
({x0, x2}, (0.446608, 4.03729e-07, 2.05614e-08, 0.553391)) == ({x0, x2}, (0.446608, 4.03729e-07, 2.05614e-08, 0.553391))
({x0, x3}, (5.33172e-08, 0.553391, 0.446609, 5.7436e-09)) == ({x0, x3}, (5.33172e-08, 0.553391, 0.446609, 5.7436e-09))
({x0, x4}, (7.10071e-05, 0.553351, 0.446576, 1.75808e-06)) == ({x0, x4}, (7.10071e-05, 0.553351, 0.446576, 1.75808e-06))
({x0, x5}, (0.0113013, 0.539335, 0.435264, 0.0140996)) == ({x0, x5}, (0.0113013, 0.539335, 0.435264, 0.0140996))
({x0, x6}, (7.10071e-05, 0.553351, 0.446576, 1.10962e-06)) == ({x0, x6}, (7.10071e-05, 0.553351, 0.446576, 1.10962e-06))
({x0, x7}, (0.446604, 5.13642e-07, 9.92881e-06, 0.553386)) == ({x0, x7}, (0.446604, 5.13642e-07, 9.92881e-06, 0.553386))
({x0, x8}, (0.446605, 3.29636e-07, 7.60547e-06, 0.553387)) == ({x0, x8}, (0.446605, 3.29636e-07, 7.60547e-06, 0.553387))
({x0, x9}, (0.446577, 1.32309e-07, 7.10072e-05, 0.553352)) == ({x0, x9}, (0.446577, 1.32309e-07, 7.10072e-05, 0.553352))
({x1, x2}, (0.446247, 0.000125541, 0.000684025, 0.552943)) == ({x1, x2}, (0.446247, 0.000125541, 0.000684025, 0.552943))
({x1, x3}, (0.000684025, 0.552943, 0.446247, 0.000125541)) == ({x1, x3}, (0.000684025, 0.552943, 0.446247, 0.000125541))
({x1, x4}, (0.000684025, 0.552943, 0.446247, 0.000125541)) == ({x1, x4}, (0.000684025, 0.552943, 0.446247, 0.000125541))
({x1, x5}, (0.0113013, 0.539335, 0.435264, 0.0140996)) == ({x1, x5}, (0.0113013, 0.539335, 0.435264, 0.0140996))
({x1, x6}, (0.000684025, 0.552943, 0.446247, 0.000125541)) == ({x1, x6}, (0.000684025, 0.552943, 0.446247, 0.000125541))
({x1, x7}, (0.446247, 0.000125541, 0.000684025, 0.552943)) == ({x1, x7}, (0.446247, 0.000125541, 0.000684025, 0.552943))
({x1, x8}, (0.446247, 0.000125541, 0.000684025, 0.552943)) == ({x1, x8}, (0.446247, 0.000125541, 0.000684025, 0.552943))
({x1, x9}, (0.446247, 0.000125541, 0.000684025, 0.552943)) == ({x1, x9}, (0.446247, 0.000125541, 0.000684025, 0.552943))
({x2, x3}, (4.03729e-07, 0.553391, 0.446608, 2.05614e-08)) == ({x2, x3}, (4.03729e-07, 0.553391, 0.446608, 2.05614e-08))
({x2, x4}, (7.10071e-05, 0.553351, 0.446576, 1.75808e-06)) == ({x2, x4}, (7.10071e-05, 0.553351, 0.446576, 1.75808e-06))
({x2, x5}, (0.0113013, 0.539335, 0.435264, 0.0140996)) == ({x2, x5}, (0.0113013, 0.539335, 0.435264, 0.0140996))
({x2, x6}, (7.10071e-05, 0.553351, 0.446576, 1.10962e-06)) == ({x2, x6}, (7.10071e-05, 0.553351, 0.446576, 1.10962e-06))
({x2, x7}, (0.446604, 5.13642e-07, 9.92881e-06, 0.553386)) == ({x2, x7}, (0.446604, 5.13642e-07, 9.92881e-06, 0.553386))
({x2, x8}, (0.446605, 3.29636e-07, 7.60547e-06, 0.553387)) == ({x2, x8}, (0.446605, 3.29636e-07, 7.60547e-06, 0.553387))
({x2, x9}, (0.446577, 1.32309e-07, 7.10072e-05, 0.553352)) == ({x2, x9}, (0.446577, 1.32309e-07, 7.10072e-05, 0.553352))
({x3, x4}, (0.553351, 7.10071e-05, 1.75808e-06, 0.446576)) == ({x3, x4}, (0.553351, 7.10071e-05, 1.75808e-06, 0.446576))
({x3, x5}, (0.539335, 0.0113013, 0.0140996, 0.435264)) == ({x3, x5}, (0.539335, 0.0113013, 0.0140996, 0.435264))
({x3, x6}, (0.553351, 7.10071e-05, 1.10962e-06, 0.446576)) == ({x3, x6}, (0.553351, 7.10071e-05, 1.10962e-06, 0.446576))
({x3, x7}, (5.13642e-07, 0.446604, 0.553386, 9.92881e-06)) == ({x3, x7}, (5.13642e-07, 0.446604, 0.553386, 9.92881e-06))
({x3, x8}, (3.29636e-07, 0.446605, 0.553387, 7.60547e-06)) == ({x3, x8}, (3.29636e-07, 0.446605, 0.553387, 7.60547e-06))
({x3, x9}, (1.32309e-07, 0.446577, 0.553352, 7.10072e-05)) == ({x3, x9}, (1.32309e-07, 0.446577, 0.553352, 7.10072e-05))
({x4, x5}, (0.539335, 0.0113013, 0.0140996, 0.435264)) == ({x4, x5}, (0.539335, 0.0113013, 0.0140996, 0.435264))
({x4, x6}, (0.55338, 1.14886e-05, 9.10646e-06, 0.446599)) == ({x4, x6}, (0.55338, 1.14886e-05, 9.10646e-06, 0.446599))
({x4, x7}, (7.10065e-05, 0.446573, 0.553347, 9.92811e-06)) == ({x4, x7}, (7.10065e-05, 0.446573, 0.553347, 9.92811e-06))
({x4, x8}, (7.10071e-05, 0.446576, 0.553351, 1.75808e-06)) == ({x4, x8}, (7.10071e-05, 0.446576, 0.553351, 1.75808e-06))
({x4, x9}, (9.10654e-06, 0.446604, 0.553385, 2.11115e-06)) == ({x4, x9}, (9.10654e-06, 0.446604, 0.553385, 2.11115e-06))
({x5, x6}, (0.539335, 0.0140996, 0.0113013, 0.435264)) == ({x5, x6}, (0.539335, 0.0140996, 0.0113013, 0.435264))
({x5, x7}, (0.0113013, 0.435264, 0.539335, 0.0140996)) == ({x5, x7}, (0.0113013, 0.435264, 0.539335, 0.0140996))
({x5, x8}, (0.0113013, 0.435264, 0.539335, 0.0140996)) == ({x5, x8}, (0.0113013, 0.435264, 0.539335, 0.0140996))
({x5, x9}, (0.0113013, 0.435264, 0.539335, 0.0140996)) == ({x5, x9}, (0.0113013, 0.435264, 0.539335, 0.0140996))
({x6, x7}, (7.10065e-05, 0.446573, 0.553347, 9.92811e-06)) == ({x6, x7}, (7.10065e-05, 0.446573, 0.553347, 9.92811e-06))
({x6, x8}, (7.10071e-05, 0.446576, 0.553351, 1.10962e-06)) == ({x6, x8}, (7.10071e-05, 0.446576, 0.553351, 1.10962e-06))
({x6, x9}, (1.14887e-05, 0.446603, 0.553384, 1.10968e-06)) == ({x6, x9}, (1.14887e-05, 0.446603, 0.553384, 1.10968e-06))
({x7, x8}, (0.446601, 9.92874e-06, 7.60539e-06, 0.553382)) == ({x7, x8}, (0.446601, 9.92874e-06, 7.60539e-06, 0.553382))
({x7, x9}, (0.446573, 9.92811e-06, 7.10065e-05, 0.553347)) == ({x7, x9}, (0.446573, 9.92811e-06, 7.10065e-05, 0.553347))
({x8, x9}, (0.446577, 5.9067e-07, 7.10072e-05, 0.553352)) == ({x8, x9}, (0.446577, 5.9067e-07, 7.10072e-05, 0.553352))
Exact MAP state (log score = 39.4877):
x0: 1
x1: 1
x2: 1
x3: 0
x4: 0
x5: 0
x6: 0
x7: 1
x8: 1
x9: 1
