Builtin inference algorithms: {BP, EXACT, FBP, JTREE, TRWBP}

Exact variable marginals:
({x0}, (0.117413, 0.882587))
({x1}, (0.882588, 0.117412))
({x2}, (0.117411, 0.882589))
({x3}, (0.116928, 0.883072))
({x4}, (0.882586, 0.117414))
({x5}, (0.882579, 0.117421))
({x6}, (0.882587, 0.117413))
({x7}, (0.883131, 0.116869))
({x8}, (0.117413, 0.882587))
({x9}, (0.882587, 0.117413))
Exact factor marginals:
({x0}, (0.117413, 0.882587))
({x1}, (0.882588, 0.117412))
({x2}, (0.117411, 0.882589))
({x3}, (0.116928, 0.883072))
({x4}, (0.882586, 0.117414))
({x5}, (0.882579, 0.117421))
({x6}, (0.882587, 0.117413))
({x7}, (0.883131, 0.116869))
({x8}, (0.117413, 0.882587))
({x9}, (0.882587, 0.117413))
({x0, x1}, (5.00903e-06, 0.882583, 0.117408, 3.68227e-06))
({x0, x2}, (0.117409, 1.43958e-06, 4.20717e-06, 0.882585))
({x0, x3}, (0.116916, 1.16634e-05, 0.000497224, 0.882575))
({x0, x4}, (1.77858e-07, 0.882586, 0.117413, 4.29741e-07))
({x0, x5}, (3.30354e-06, 0.882576, 0.11741, 1.06038e-05))
({x0, x6}, (2.04442e-06, 0.882585, 0.117411, 1.24967e-06))
({x0, x7}, (0.000634848, 0.882496, 0.116779, 9.03691e-05))
({x0, x8}, (0.117411, 2.11517e-06, 2.0792e-06, 0.882584))
({x0, x9}, (2.03326e-06, 0.882585, 0.117411, 1.30683e-06))
({x1, x2}, (1.42059e-06, 0.117409, 0.882587, 2.86141e-06))
({x1, x3}, (1.41216e-05, 0.116914, 0.882574, 0.000498355))
({x1, x4}, (0.882583, 3.53691e-06, 5.11556e-06, 0.117409))
({x1, x5}, (0.882575, 3.88107e-06, 1.25081e-05, 0.117408))
({x1, x6}, (0.882585, 2.67102e-06, 3.20303e-06, 0.117409))
({x1, x7}, (0.882495, 0.000635771, 9.26186e-05, 0.116776))
({x1, x8}, (4.06092e-06, 0.117409, 0.882584, 2.69819e-06))
({x1, x9}, (0.882585, 2.59095e-06, 3.19128e-06, 0.117409))
({x2, x3}, (0.116914, 1.41197e-05, 0.000496912, 0.882575))
({x2, x4}, (1.12841e-06, 0.882585, 0.117409, 4.14788e-06))
({x2, x5}, (1.2734e-06, 0.882578, 0.117409, 1.13413e-05))
({x2, x6}, (2.34105e-07, 0.882587, 0.11741, 2.20695e-06))
({x2, x7}, (0.00063438, 0.882497, 0.116776, 9.26684e-05))
({x2, x8}, (0.11741, 3.06205e-06, 2.58489e-07, 0.882586))
({x2, x9}, (1.54699e-07, 0.882587, 0.11741, 2.19585e-06))
({x3, x4}, (1.16728e-05, 0.882575, 0.116916, 0.000497485))
({x3, x5}, (1.48968e-05, 0.882564, 0.116913, 0.000507757))
({x3, x6}, (1.3612e-05, 0.882574, 0.116914, 0.000498378))
({x3, x7}, (0.000173442, 0.882958, 0.116754, 0.000114523))
({x3, x8}, (0.116914, 0.000499263, 1.36668e-05, 0.882573))
({x3, x9}, (1.3625e-05, 0.882574, 0.116914, 0.000498459))
({x4, x5}, (0.882576, 3.22571e-06, 1.02741e-05, 0.11741))
({x4, x6}, (0.882585, 1.95929e-06, 9.12659e-07, 0.117412))
({x4, x7}, (0.882496, 0.00063511, 9.03788e-05, 0.116779))
({x4, x8}, (1.7797e-06, 0.117412, 0.882585, 1.99561e-06))
({x4, x9}, (0.882585, 1.95394e-06, 9.75618e-07, 0.117412))
({x5, x6}, (0.882578, 9.37985e-06, 1.2848e-06, 0.117411))
({x5, x7}, (0.882486, 0.000645383, 9.36031e-05, 0.116775))
({x5, x8}, (2.13839e-06, 0.117411, 0.882577, 9.40273e-06))
({x5, x9}, (0.882578, 9.32091e-06, 1.29418e-06, 0.117411))
({x6, x7}, (0.882495, 0.000636003, 9.23185e-05, 0.116777))
({x6, x8}, (8.87249e-07, 0.117413, 0.882587, 5.65332e-08))
({x6, x9}, (0.882587, 1.34911e-08, 8.18068e-08, 0.117413))
({x7, x8}, (0.000636888, 0.116777, 0.882494, 9.23725e-05))
({x7, x9}, (0.882495, 9.23313e-05, 0.000636084, 0.116777))
({x8, x9}, (8.71566e-07, 0.882586, 0.117413, 1.09166e-07))
Exact log partition sum: 55.7577
Exact MAP variable marginals:
({x0}, (0.116836, 0.883164))
({x1}, (0.883164, 0.116836))
({x2}, (0.116836, 0.883164))
({x3}, (0.116836, 0.883164))
({x4}, (0.883164, 0.116836))
({x5}, (0.883164, 0.116836))
({x6}, (0.883164, 0.116836))
({x7}, (0.883164, 0.116836))
({x8}, (0.116836, 0.883164))
({x9}, (0.883164, 0.116836))
Exact MAP factor marginals:
({x0}, (0.116836, 0.883164)) == ({x0}, (0.116836, 0.883164))
({x1}, (0.883164, 0.116836)) == ({x1}, (0.883164, 0.116836))
({x2}, (0.116836, 0.883164)) == ({x2}, (0.116836, 0.883164))
({x3}, (0.116836, 0.883164)) == ({x3}, (0.116836, 0.883164))
({x4}, (0.883164, 0.116836)) == ({x4}, (0.883164, 0.116836))
({x5}, (0.883164, 0.116836)) == ({x5}, (0.883164, 0.116836))
({x6}, (0.883164, 0.116836)) == ({x6}, (0.883164, 0.116836))
({x7}, (0.883164, 0.116836)) == ({x7}, (0.883164, 0.116836))
({x8}, (0.116836, 0.883164)) == ({x8}, (0.116836, 0.883164))
({x9}, (0.883164, 0.116836)) == ({x9}, (0.883164, 0.116836))
({x0, x1}, (1.89598e-06, 0.88316, 0.116835, 2.49609e-06)) == ({x0, x1}, (1.89598e-06, 0.88316, 0.116835, 2.49609e-06))
({x0, x2}, (0.116835, 8.36825e-07, 1.89598e-06, 0.883162)) == ({x0, x2}, (0.116835, 8.36825e-07, 1.89598e-06, 0.883162))
({x0, x3}, (0.116781, 5.89848e-06, 0.000464644, 0.882749)) == ({x0, x3}, (0.116781, 5.89848e-06, 0.000464644, 0.882749))
({x0, x4}, (6.81046e-08, 0.883164, 0.116836, 2.31869e-07)) == ({x0, x4}, (6.81046e-08, 0.883164, 0.116836, 2.31869e-07))
({x0, x5}, (1.89596e-06, 0.883154, 0.116834, 9.26701e-06)) == ({x0, x5}, (1.89596e-06, 0.883154, 0.116834, 9.26701e-06))
({x0, x6}, (1.89598e-06, 0.883162, 0.116835, 8.36825e-07)) == ({x0, x6}, (1.89598e-06, 0.883162, 0.116835, 8.36825e-07))
({x0, x7}, (0.000464608, 0.882679, 0.116771, 8.44293e-05)) == ({x0, x7}, (0.000464608, 0.882679, 0.116771, 8.44293e-05))
({x0, x8}, (0.116835, 8.55052e-07, 1.89598e-06, 0.883162)) == ({x0, x8}, (0.116835, 8.55052e-07, 1.89598e-06, 0.883162))
({x0, x9}, (1.89598e-06, 0.883162, 0.116835, 8.36825e-07)) == ({x0, x9}, (1.89598e-06, 0.883162, 0.116835, 8.36825e-07))
({x1, x2}, (7.97072e-07, 0.116835, 0.883161, 2.49609e-06)) == ({x1, x2}, (7.97072e-07, 0.116835, 0.883161, 2.49609e-06))
({x1, x3}, (5.89848e-06, 0.116781, 0.882749, 0.000464644)) == ({x1, x3}, (5.89848e-06, 0.116781, 0.882749, 0.000464644))
({x1, x4}, (0.88316, 2.49609e-06, 1.89598e-06, 0.116835)) == ({x1, x4}, (0.88316, 2.49609e-06, 1.89598e-06, 0.116835))
({x1, x5}, (0.883154, 2.49607e-06, 9.267e-06, 0.116834)) == ({x1, x5}, (0.883154, 2.49607e-06, 9.267e-06, 0.116834))
({x1, x6}, (0.883161, 2.49609e-06, 1.67111e-06, 0.116835)) == ({x1, x6}, (0.883161, 2.49609e-06, 1.67111e-06, 0.116835))
({x1, x7}, (0.882679, 0.000464608, 8.44293e-05, 0.116771)) == ({x1, x7}, (0.882679, 0.000464608, 8.44293e-05, 0.116771))
({x1, x8}, (1.67111e-06, 0.116835, 0.883161, 2.49609e-06)) == ({x1, x8}, (1.67111e-06, 0.116835, 0.883161, 2.49609e-06))
({x1, x9}, (0.883161, 2.49609e-06, 1.67111e-06, 0.116835)) == ({x1, x9}, (0.883161, 2.49609e-06, 1.67111e-06, 0.116835))
({x2, x3}, (0.116781, 5.89848e-06, 0.000464644, 0.882749)) == ({x2, x3}, (0.116781, 5.89848e-06, 0.000464644, 0.882749))
({x2, x4}, (8.36825e-07, 0.883162, 0.116835, 1.89598e-06)) == ({x2, x4}, (8.36825e-07, 0.883162, 0.116835, 1.89598e-06))
({x2, x5}, (1.15697e-06, 0.883155, 0.116834, 9.26702e-06)) == ({x2, x5}, (1.15697e-06, 0.883155, 0.116834, 9.26702e-06))
({x2, x6}, (7.07106e-08, 0.883163, 0.116835, 1.67112e-06)) == ({x2, x6}, (7.07106e-08, 0.883163, 0.116835, 1.67112e-06))
({x2, x7}, (0.000464608, 0.882679, 0.116771, 8.44293e-05)) == ({x2, x7}, (0.000464608, 0.882679, 0.116771, 8.44293e-05))
({x2, x8}, (0.116835, 1.67112e-06, 7.07106e-08, 0.883163)) == ({x2, x8}, (0.116835, 1.67112e-06, 7.07106e-08, 0.883163))
({x2, x9}, (7.07106e-08, 0.883163, 0.116835, 1.67112e-06)) == ({x2, x9}, (7.07106e-08, 0.883163, 0.116835, 1.67112e-06))
({x3, x4}, (5.89848e-06, 0.882749, 0.116781, 0.000464644)) == ({x3, x4}, (5.89848e-06, 0.882749, 0.116781, 0.000464644))
({x3, x5}, (5.89848e-06, 0.882749, 0.116781, 0.000464644)) == ({x3, x5}, (5.89848e-06, 0.882749, 0.116781, 0.000464644))
({x3, x6}, (5.89848e-06, 0.882749, 0.116781, 0.000464644)) == ({x3, x6}, (5.89848e-06, 0.882749, 0.116781, 0.000464644))
({x3, x7}, (0.000167609, 0.882942, 0.116806, 8.44544e-05)) == ({x3, x7}, (0.000167609, 0.882942, 0.116806, 8.44544e-05))
({x3, x8}, (0.116781, 0.000464644, 5.89848e-06, 0.882749)) == ({x3, x8}, (0.116781, 0.000464644, 5.89848e-06, 0.882749))
({x3, x9}, (5.89848e-06, 0.882749, 0.116781, 0.000464644)) == ({x3, x9}, (5.89848e-06, 0.882749, 0.116781, 0.000464644))
({x4, x5}, (0.883154, 1.89596e-06, 9.26701e-06, 0.116834)) == ({x4, x5}, (0.883154, 1.89596e-06, 9.26701e-06, 0.116834))
({x4, x6}, (0.883162, 1.89598e-06, 8.36825e-07, 0.116835)) == ({x4, x6}, (0.883162, 1.89598e-06, 8.36825e-07, 0.116835))
({x4, x7}, (0.882679, 0.000464608, 8.44293e-05, 0.116771)) == ({x4, x7}, (0.882679, 0.000464608, 8.44293e-05, 0.116771))
({x4, x8}, (8.55052e-07, 0.116835, 0.883162, 1.89598e-06)) == ({x4, x8}, (8.55052e-07, 0.116835, 0.883162, 1.89598e-06))
({x4, x9}, (0.883162, 1.89598e-06, 8.36825e-07, 0.116835)) == ({x4, x9}, (0.883162, 1.89598e-06, 8.36825e-07, 0.116835))
({x5, x6}, (0.883155, 9.26702e-06, 1.15697e-06, 0.116834)) == ({x5, x6}, (0.883155, 9.26702e-06, 1.15697e-06, 0.116834))
({x5, x7}, (0.882679, 0.000464608, 8.44293e-05, 0.116771)) == ({x5, x7}, (0.882679, 0.000464608, 8.44293e-05, 0.116771))
({x5, x8}, (1.15697e-06, 0.116834, 0.883155, 9.26702e-06)) == ({x5, x8}, (1.15697e-06, 0.116834, 0.883155, 9.26702e-06))
({x5, x9}, (0.883155, 9.26702e-06, 1.15697e-06, 0.116834)) == ({x5, x9}, (0.883155, 9.26702e-06, 1.15697e-06, 0.116834))
({x6, x7}, (0.882679, 0.000464608, 8.44293e-05, 0.116771)) == ({x6, x7}, (0.882679, 0.000464608, 8.44293e-05, 0.116771))
({x6, x8}, (8.55054e-07, 0.116836, 0.883164, 5.33428e-08)) == ({x6, x8}, (8.55054e-07, 0.116836, 0.883164, 5.33428e-08))
({x6, x9}, (0.883164, 7.91305e-09, 3.12067e-08, 0.116836)) == ({x6, x9}, (0.883164, 7.91305e-09, 3.12067e-08, 0.116836))
({x7, x8}, (0.000464608, 0.116771, 0.882679, 8.44293e-05)) == ({x7, x8}, (0.000464608, 0.116771, 0.882679, 8.44293e-05))
({x7, x9}, (0.882679, 8.44293e-05, 0.000464608, 0.116771)) == ({x7, x9}, (0.882679, 8.44293e-05, 0.000464608, 0.116771))
({x8, x9}, (8.55054e-07, 0.883164, 0.116836, 5.33428e-08)) == ({x8, x9}, (8.55054e-07, 0.883164, 0.116836, 5.33428e-08))
Exact MAP state (log score = 55.6327):
x0: 1
x1: 0
x2: 1
x3: 1
x4: 0
x5: 0
x6: 0
x7: 0
x8: 1
x9: 0
