Builtin inference algorithms: {BP, EXACT, FBP, JTREE, TRWBP}

Exact variable marginals:
({x0}, (0.0348877, 0.965112))
({x1}, (0.966113, 0.0338875))
({x2}, (0.965084, 0.0349162))
({x3}, (0.65923, 0.34077))
({x4}, (0.965117, 0.0348831))
({x5}, (0.965112, 0.034888))
({x6}, (0.969748, 0.0302517))
({x7}, (0.0350338, 0.964966))
({x8}, (0.631824, 0.368176))
({x9}, (0.919812, 0.0801881))
Exact factor marginals:
({x0}, (0.0348877, 0.965112))
({x1}, (0.966113, 0.0338875))
({x2}, (0.965084, 0.0349162))
({x3}, (0.65923, 0.34077))
({x4}, (0.965117, 0.0348831))
({x5}, (0.965112, 0.034888))
({x6}, (0.969748, 0.0302517))
({x7}, (0.0350338, 0.964966))
({x8}, (0.631824, 0.368176))
({x9}, (0.919812, 0.0801881))
({x0, x1}, (0.00110389, 0.965009, 0.0337838, 0.000103722))
({x0, x2}, (5.14649e-06, 0.965079, 0.0348825, 3.36813e-05))
({x0, x3}, (0.0215047, 0.637726, 0.013383, 0.327387))
({x0, x4}, (8.78957e-06, 0.965108, 0.0348789, 4.19759e-06))
({x0, x5}, (3.99659e-06, 0.965108, 0.0348837, 4.29891e-06))
({x0, x6}, (0.0197883, 0.94996, 0.0150994, 0.0151523))
({x0, x7}, (0.0286172, 0.00641654, 0.00627046, 0.958696))
({x0, x8}, (0.00304345, 0.62878, 0.0318442, 0.336332))
({x0, x9}, (0.00487492, 0.914937, 0.0300127, 0.0501754))
({x1, x2}, (0.964985, 9.86355e-05, 0.00112734, 0.0337889))
({x1, x3}, (0.637627, 0.0216033, 0.328485, 0.0122842))
({x1, x4}, (0.96501, 0.000107408, 0.00110298, 0.0337801))
({x1, x5}, (0.965006, 0.000106276, 0.00110675, 0.0337812))
({x1, x6}, (0.951028, 0.0187204, 0.0150846, 0.0151671))
({x1, x7}, (0.00751524, 0.0275185, 0.958597, 0.00636898))
({x1, x8}, (0.628703, 0.00312085, 0.33741, 0.0307666))
({x1, x9}, (0.916013, 0.00379914, 0.0500997, 0.0300884))
({x2, x3}, (0.637709, 0.0215208, 0.327374, 0.0133954))
({x2, x4}, (0.96508, 3.72326e-05, 4.1058e-06, 0.034879))
({x2, x5}, (0.965082, 3.04771e-05, 2.24465e-06, 0.0348857))
({x2, x6}, (0.949926, 0.0198219, 0.0151573, 0.0150943))
({x2, x7}, (0.00641647, 0.0286173, 0.958667, 0.00629891))
({x2, x8}, (0.628763, 0.00306019, 0.33632, 0.031856))
({x2, x9}, (0.914924, 0.00488758, 0.0501595, 0.0300286))
({x3, x4}, (0.637734, 0.327383, 0.0214959, 0.0133872))
({x3, x5}, (0.637727, 0.327385, 0.0215028, 0.0133852))
({x3, x6}, (0.6507, 0.319048, 0.00852989, 0.0217218))
({x3, x7}, (0.0152446, 0.0197892, 0.643986, 0.320981))
({x3, x8}, (0.541845, 0.0899785, 0.117385, 0.250791))
({x3, x9}, (0.587984, 0.331828, 0.0712461, 0.00894204))
({x4, x5}, (0.96511, 2.07386e-06, 6.96815e-06, 0.034881))
({x4, x6}, (0.94996, 0.019788, 0.0151566, 0.0150951))
({x4, x7}, (0.00641243, 0.0286213, 0.958704, 0.00626175))
({x4, x8}, (0.628788, 0.00303561, 0.336329, 0.0318475))
({x4, x9}, (0.914933, 0.0048791, 0.0501841, 0.030004))
({x5, x6}, (0.949956, 0.0197925, 0.0151562, 0.0150955))
({x5, x7}, (0.00641442, 0.0286193, 0.958698, 0.00626863))
({x5, x8}, (0.628782, 0.00304161, 0.33633, 0.0318464))
({x5, x9}, (0.914935, 0.0048771, 0.0501772, 0.0300109))
({x6, x7}, (0.0136472, 0.0213866, 0.956101, 0.00886509))
({x6, x8}, (0.613633, 0.0181906, 0.356115, 0.012061))
({x6, x9}, (0.90702, 0.0127921, 0.0627285, 0.0174596))
({x7, x8}, (0.00937061, 0.622453, 0.0256631, 0.342513))
({x7, x9}, (0.0112913, 0.908521, 0.0237424, 0.0564457))
({x8, x9}, (0.578605, 0.341207, 0.0532187, 0.0269694))
Exact log partition sum: 30.6508
Exact MAP variable marginals:
({x0}, (0.019106, 0.980894))
({x1}, (0.980894, 0.019106))
({x2}, (0.980894, 0.019106))
({x3}, (0.672922, 0.327078))
({x4}, (0.980894, 0.019106))
({x5}, (0.980894, 0.019106))
({x6}, (0.983315, 0.0166846))
({x7}, (0.019106, 0.980894))
({x8}, (0.672922, 0.327078))
({x9}, (0.912513, 0.0874874))
Exact MAP factor marginals:
({x0}, (0.019106, 0.980894)) == ({x0}, (0.019106, 0.980894))
({x1}, (0.980894, 0.019106)) == ({x1}, (0.980894, 0.019106))
({x2}, (0.980894, 0.019106)) == ({x2}, (0.980894, 0.019106))
({x3}, (0.672922, 0.327078)) == ({x3}, (0.672922, 0.327078))
({x4}, (0.980894, 0.019106)) == ({x4}, (0.980894, 0.019106))
({x5}, (0.980894, 0.019106)) == ({x5}, (0.980894, 0.019106))
({x6}, (0.983315, 0.0166846)) == ({x6}, (0.983315, 0.0166846))
({x7}, (0.019106, 0.980894)) == ({x7}, (0.019106, 0.980894))
({x8}, (0.672922, 0.327078)) == ({x8}, (0.672922, 0.327078))
({x9}, (0.912513, 0.0874874)) == ({x9}, (0.912513, 0.0874874))
({x0, x1}, (0.00218906, 0.978603, 0.0190613, 0.00014654)) == ({x0, x1}, (0.00218906, 0.978603, 0.0190613, 0.00014654))
({x0, x2}, (3.77774e-06, 0.980868, 0.0191055, 2.27888e-05)) == ({x0, x2}, (3.77774e-06, 0.980868, 0.0191055, 2.27888e-05))
({x0, x3}, (0.0127935, 0.656813, 0.0111446, 0.319249)) == ({x0, x3}, (0.0127935, 0.656813, 0.0111446, 0.319249))
({x0, x4}, (6.73817e-06, 0.980884, 0.0191058, 3.75896e-06)) == ({x0, x4}, (6.73817e-06, 0.980884, 0.0191058, 3.75896e-06))
({x0, x5}, (3.77782e-06, 0.980887, 0.0191058, 3.75897e-06)) == ({x0, x5}, (3.77782e-06, 0.980887, 0.0191058, 3.75897e-06))
({x0, x6}, (0.0185629, 0.953011, 0.0161704, 0.0122562)) == ({x0, x6}, (0.0185629, 0.953011, 0.0161704, 0.0122562))
({x0, x7}, (0.018637, 0.0123051, 0.0122426, 0.956815)) == ({x0, x7}, (0.018637, 0.0123051, 0.0122426, 0.956815))
({x0, x8}, (0.00345014, 0.661924, 0.012893, 0.321733)) == ({x0, x8}, (0.00345014, 0.661924, 0.012893, 0.321733))
({x0, x9}, (0.00476149, 0.892308, 0.0173805, 0.0855502)) == ({x0, x9}, (0.00476149, 0.892308, 0.0173805, 0.0855502))
({x1, x2}, (0.978603, 0.00014654, 0.00218906, 0.0190613)) == ({x1, x2}, (0.978603, 0.00014654, 0.00218906, 0.0190613))
({x1, x3}, (0.656813, 0.0127935, 0.319249, 0.0111446)) == ({x1, x3}, (0.656813, 0.0127935, 0.319249, 0.0111446))
({x1, x4}, (0.978603, 0.00014654, 0.00218906, 0.0190613)) == ({x1, x4}, (0.978603, 0.00014654, 0.00218906, 0.0190613))
({x1, x5}, (0.978603, 0.00014654, 0.00218906, 0.0190613)) == ({x1, x5}, (0.978603, 0.00014654, 0.00218906, 0.0190613))
({x1, x6}, (0.953011, 0.0185629, 0.0122562, 0.0161704)) == ({x1, x6}, (0.953011, 0.0185629, 0.0122562, 0.0161704))
({x1, x7}, (0.0123051, 0.018637, 0.956815, 0.0122426)) == ({x1, x7}, (0.0123051, 0.018637, 0.956815, 0.0122426))
({x1, x8}, (0.661924, 0.00345014, 0.321733, 0.012893)) == ({x1, x8}, (0.661924, 0.00345014, 0.321733, 0.012893))
({x1, x9}, (0.892308, 0.00476149, 0.0855502, 0.0173805)) == ({x1, x9}, (0.892308, 0.00476149, 0.0855502, 0.0173805))
({x2, x3}, (0.656813, 0.0127935, 0.319249, 0.0111446)) == ({x2, x3}, (0.656813, 0.0127935, 0.319249, 0.0111446))
({x2, x4}, (0.980868, 2.27888e-05, 3.61403e-06, 0.0191055)) == ({x2, x4}, (0.980868, 2.27888e-05, 3.61403e-06, 0.0191055))
({x2, x5}, (0.980869, 2.27888e-05, 2.89833e-06, 0.0191055)) == ({x2, x5}, (0.980869, 2.27888e-05, 2.89833e-06, 0.0191055))
({x2, x6}, (0.953011, 0.0185629, 0.0122562, 0.0161704)) == ({x2, x6}, (0.953011, 0.0185629, 0.0122562, 0.0161704))
({x2, x7}, (0.0123051, 0.018637, 0.956815, 0.0122426)) == ({x2, x7}, (0.0123051, 0.018637, 0.956815, 0.0122426))
({x2, x8}, (0.661924, 0.00345014, 0.321733, 0.012893)) == ({x2, x8}, (0.661924, 0.00345014, 0.321733, 0.012893))
({x2, x9}, (0.892308, 0.00476149, 0.0855502, 0.0173805)) == ({x2, x9}, (0.892308, 0.00476149, 0.0855502, 0.0173805))
({x3, x4}, (0.656813, 0.319249, 0.0127935, 0.0111446)) == ({x3, x4}, (0.656813, 0.319249, 0.0127935, 0.0111446))
({x3, x5}, (0.656813, 0.319249, 0.0127935, 0.0111446)) == ({x3, x5}, (0.656813, 0.319249, 0.0127935, 0.0111446))
({x3, x6}, (0.662601, 0.322062, 0.00409428, 0.0112428)) == ({x3, x6}, (0.662601, 0.322062, 0.00409428, 0.0112428))
({x3, x7}, (0.0127935, 0.0111446, 0.656813, 0.319249)) == ({x3, x7}, (0.0127935, 0.0111446, 0.656813, 0.319249))
({x3, x8}, (0.541875, 0.0857372, 0.109005, 0.263382)) == ({x3, x8}, (0.541875, 0.0857372, 0.109005, 0.263382))
({x3, x9}, (0.62543, 0.303995, 0.0599633, 0.0106121)) == ({x3, x9}, (0.62543, 0.303995, 0.0599633, 0.0106121))
({x4, x5}, (0.980884, 3.61409e-06, 6.73817e-06, 0.0191058)) == ({x4, x5}, (0.980884, 3.61409e-06, 6.73817e-06, 0.0191058))
({x4, x6}, (0.953011, 0.0185629, 0.0122562, 0.0161704)) == ({x4, x6}, (0.953011, 0.0185629, 0.0122562, 0.0161704))
({x4, x7}, (0.0123051, 0.018637, 0.956815, 0.0122426)) == ({x4, x7}, (0.0123051, 0.018637, 0.956815, 0.0122426))
({x4, x8}, (0.661924, 0.00345014, 0.321733, 0.012893)) == ({x4, x8}, (0.661924, 0.00345014, 0.321733, 0.012893))
({x4, x9}, (0.892308, 0.00476149, 0.0855502, 0.0173805)) == ({x4, x9}, (0.892308, 0.00476149, 0.0855502, 0.0173805))
({x5, x6}, (0.953011, 0.0185629, 0.0122562, 0.0161704)) == ({x5, x6}, (0.953011, 0.0185629, 0.0122562, 0.0161704))
({x5, x7}, (0.0123051, 0.018637, 0.956815, 0.0122426)) == ({x5, x7}, (0.0123051, 0.018637, 0.956815, 0.0122426))
({x5, x8}, (0.661924, 0.00345014, 0.321733, 0.012893)) == ({x5, x8}, (0.661924, 0.00345014, 0.321733, 0.012893))
({x5, x9}, (0.892308, 0.00476149, 0.0855502, 0.0173805)) == ({x5, x9}, (0.892308, 0.00476149, 0.0855502, 0.0173805))
({x6, x7}, (0.0185877, 0.016192, 0.954286, 0.0109346)) == ({x6, x7}, (0.0185877, 0.016192, 0.954286, 0.0109346))
({x6, x8}, (0.659681, 0.00848382, 0.320642, 0.0111932)) == ({x6, x8}, (0.659681, 0.00848382, 0.320642, 0.0111932))
({x6, x9}, (0.888333, 0.0114244, 0.0851692, 0.0150729)) == ({x6, x9}, (0.888333, 0.0114244, 0.0851692, 0.0150729))
({x7, x8}, (0.00846979, 0.65859, 0.0128281, 0.320112)) == ({x7, x8}, (0.00846979, 0.65859, 0.0128281, 0.320112))
({x7, x9}, (0.011399, 0.886357, 0.0172646, 0.0849797)) == ({x7, x9}, (0.011399, 0.886357, 0.0172646, 0.0849797))
({x8, x9}, (0.62445, 0.303518, 0.0598693, 0.0121631)) == ({x8, x9}, (0.62445, 0.303518, 0.0598693, 0.0121631))
Exact MAP state (log score = 29.9359):
x0: 1
x1: 0
x2: 0
x3: 0
x4: 0
x5: 0
x6: 0
x7: 1
x8: 0
x9: 0
