Builtin inference algorithms: {BP, EXACT, FBP, JTREE, TRWBP}

Exact variable marginals:
({x0}, (0.0519704, 0.94803))
({x1}, (0.947905, 0.0520952))
({x2}, (0.0656858, 0.934314))
({x3}, (0.94725, 0.0527496))
({x4}, (0.0528461, 0.947154))
({x5}, (0.0528878, 0.947112))
({x6}, (0.947275, 0.0527252))
({x7}, (0.91981, 0.0801902))
({x8}, (0.947765, 0.0522347))
({x9}, (0.0951859, 0.904814))
Exact factor marginals:
({x0}, (0.0519704, 0.94803))
({x1}, (0.947905, 0.0520952))
({x2}, (0.0656858, 0.934314))
({x3}, (0.94725, 0.0527496))
({x4}, (0.0528461, 0.947154))
({x5}, (0.0528878, 0.947112))
({x6}, (0.947275, 0.0527252))
({x7}, (0.91981, 0.0801902))
({x8}, (0.947765, 0.0522347))
({x9}, (0.0951859, 0.904814))
({x0, x1}, (2.56861e-05, 0.947879, 0.0519447, 0.000150408))
({x0, x2}, (0.0516065, 0.0140793, 0.000363928, 0.93395))
({x0, x3}, (0.000290957, 0.946959, 0.0516795, 0.00107008))
({x0, x4}, (0.0519235, 0.000922677, 4.69685e-05, 0.947107))
({x0, x5}, (0.051926, 0.000961723, 4.43808e-05, 0.947068))
({x0, x6}, (2.49254e-05, 0.94725, 0.0519455, 0.000779698))
({x0, x7}, (0.00097957, 0.91883, 0.0509909, 0.0291994))
({x0, x8}, (1.79022e-05, 0.947747, 0.0519525, 0.000282204))
({x0, x9}, (0.0513782, 0.0438077, 0.000592226, 0.904222))
({x1, x2}, (0.0139343, 0.0517515, 0.933971, 0.000343639))
({x1, x3}, (0.946846, 0.000404945, 0.00105935, 0.0516902))
({x1, x4}, (0.000777265, 0.0520689, 0.947128, 2.62781e-05))
({x1, x5}, (0.0008197, 0.0520681, 0.947085, 2.70791e-05))
({x1, x6}, (0.947269, 5.78954e-06, 0.000635841, 0.0520894))
({x1, x7}, (0.91875, 0.00106023, 0.0291553, 0.0510349))
({x1, x8}, (0.947608, 0.000157375, 0.000296955, 0.0519378))
({x1, x9}, (0.0436576, 0.0515283, 0.904247, 0.000566872))
({x2, x3}, (0.0131252, 0.934125, 0.0525606, 0.000188969))
({x2, x4}, (0.0525258, 0.00032029, 0.0131599, 0.933994))
({x2, x5}, (0.0525504, 0.000337368, 0.0131354, 0.933977))
({x2, x6}, (0.013304, 0.933971, 0.0523817, 0.000343456))
({x2, x7}, (0.0148394, 0.90497, 0.0508464, 0.0293439))
({x2, x8}, (0.0140604, 0.933705, 0.0516254, 0.00060935))
({x2, x9}, (0.0629622, 0.0322237, 0.00272356, 0.902091))
({x3, x4}, (0.000955205, 0.0518909, 0.946295, 0.000858622))
({x3, x5}, (0.000997767, 0.05189, 0.946253, 0.00085955))
({x3, x6}, (0.946281, 0.000993557, 0.000969204, 0.051756))
({x3, x7}, (0.91802, 0.00179011, 0.0292308, 0.0509594))
({x3, x8}, (0.946724, 0.00104115, 0.000526327, 0.0517084))
({x3, x9}, (0.0428169, 0.052369, 0.904434, 0.000380544))
({x4, x5}, (0.0528423, 4.54613e-05, 3.82752e-06, 0.947108))
({x4, x6}, (0.00015055, 0.947124, 0.0526956, 2.96145e-05))
({x4, x7}, (0.00167951, 0.91813, 0.0511666, 0.0290236))
({x4, x8}, (0.000900546, 0.946865, 0.0519456, 0.000289139))
({x4, x9}, (0.0522998, 0.0428861, 0.000546365, 0.904268))
({x5, x6}, (0.00019191, 0.947083, 0.0526959, 2.93406e-05))
({x5, x7}, (0.00171467, 0.918095, 0.0511731, 0.0290171))
({x5, x8}, (0.000939216, 0.946826, 0.0519486, 0.000286175))
({x5, x9}, (0.0523275, 0.0428584, 0.000560249, 0.904254))
({x6, x7}, (0.918201, 0.00160839, 0.0290734, 0.0511168))
({x6, x8}, (0.946978, 0.000787736, 0.000297265, 0.0519375))
({x6, x9}, (0.0430365, 0.0521494, 0.904238, 0.000575836))
({x7, x8}, (0.918808, 0.0289574, 0.00100186, 0.0512329))
({x7, x9}, (0.0445458, 0.0506401, 0.875264, 0.0295501))
({x8, x9}, (0.0437856, 0.0514003, 0.90398, 0.000834419))
Exact log partition sum: 34.9934
Exact MAP variable marginals:
({x0}, (0.0545415, 0.945459))
({x1}, (0.945459, 0.0545415))
({x2}, (0.0545415, 0.945459))
({x3}, (0.945459, 0.0545415))
({x4}, (0.0545415, 0.945459))
({x5}, (0.0545415, 0.945459))
({x6}, (0.945459, 0.0545415))
({x7}, (0.945459, 0.0545415))
({x8}, (0.945459, 0.0545415))
({x9}, (0.0545415, 0.945459))
Exact MAP factor marginals:
({x0}, (0.0545415, 0.945459)) == ({x0}, (0.0545415, 0.945459))
({x1}, (0.945459, 0.0545415)) == ({x1}, (0.945459, 0.0545415))
({x2}, (0.0545415, 0.945459)) == ({x2}, (0.0545415, 0.945459))
({x3}, (0.945459, 0.0545415)) == ({x3}, (0.945459, 0.0545415))
({x4}, (0.0545415, 0.945459)) == ({x4}, (0.0545415, 0.945459))
({x5}, (0.0545415, 0.945459)) == ({x5}, (0.0545415, 0.945459))
({x6}, (0.945459, 0.0545415)) == ({x6}, (0.945459, 0.0545415))
({x7}, (0.945459, 0.0545415)) == ({x7}, (0.945459, 0.0545415))
({x8}, (0.945459, 0.0545415)) == ({x8}, (0.945459, 0.0545415))
({x9}, (0.0545415, 0.945459)) == ({x9}, (0.0545415, 0.945459))
({x0, x1}, (1.45268e-05, 0.945348, 0.054535, 0.000102913)) == ({x0, x1}, (1.45268e-05, 0.945348, 0.054535, 0.000102913))
({x0, x2}, (0.0539506, 0.0106265, 0.000206201, 0.935217)) == ({x0, x2}, (0.0539506, 0.0106265, 0.000206201, 0.935217))
({x0, x3}, (0.000208236, 0.944447, 0.0544831, 0.000861528)) == ({x0, x3}, (0.000208236, 0.944447, 0.0544831, 0.000861528))
({x0, x4}, (0.0545085, 0.000590092, 1.45197e-05, 0.944887)) == ({x0, x4}, (0.0545085, 0.000590092, 1.45197e-05, 0.944887))
({x0, x5}, (0.0545085, 0.000590092, 1.45197e-05, 0.944887)) == ({x0, x5}, (0.0545085, 0.000590092, 1.45197e-05, 0.944887))
({x0, x6}, (1.45197e-05, 0.944887, 0.0545085, 0.000590092)) == ({x0, x6}, (1.45197e-05, 0.944887, 0.0545085, 0.000590092))
({x0, x7}, (0.000944339, 0.916045, 0.0528446, 0.0301664)) == ({x0, x7}, (0.000944339, 0.916045, 0.0528446, 0.0301664))
({x0, x8}, (5.2147e-06, 0.945242, 0.054529, 0.000223907)) == ({x0, x8}, (5.2147e-06, 0.945242, 0.054529, 0.000223907))
({x0, x9}, (0.0526923, 0.0335976, 0.000306332, 0.913404)) == ({x0, x9}, (0.0526923, 0.0335976, 0.000306332, 0.913404))
({x1, x2}, (0.0106265, 0.0539506, 0.935217, 0.000206201)) == ({x1, x2}, (0.0106265, 0.0539506, 0.935217, 0.000206201))
({x1, x3}, (0.944447, 0.000208236, 0.000861528, 0.0544831)) == ({x1, x3}, (0.944447, 0.000208236, 0.000861528, 0.0544831))
({x1, x4}, (0.000590092, 0.0545085, 0.944888, 1.38669e-05)) == ({x1, x4}, (0.000590092, 0.0545085, 0.944888, 1.38669e-05))
({x1, x5}, (0.000590092, 0.0545085, 0.944888, 1.38669e-05)) == ({x1, x5}, (0.000590092, 0.0545085, 0.944888, 1.38669e-05))
({x1, x6}, (0.944898, 3.24044e-06, 0.000590098, 0.0545091)) == ({x1, x6}, (0.944898, 3.24044e-06, 0.000590098, 0.0545091))
({x1, x7}, (0.916045, 0.000944339, 0.0301664, 0.0528446)) == ({x1, x7}, (0.916045, 0.000944339, 0.0301664, 0.0528446))
({x1, x8}, (0.94515, 0.000102891, 0.000223885, 0.0545236)) == ({x1, x8}, (0.94515, 0.000102891, 0.000223885, 0.0545236))
({x1, x9}, (0.0335976, 0.0526923, 0.913404, 0.000306332)) == ({x1, x9}, (0.0335976, 0.0526923, 0.913404, 0.000306332))
({x2, x3}, (0.0106279, 0.935334, 0.0539574, 8.1216e-05)) == ({x2, x3}, (0.0106279, 0.935334, 0.0539574, 8.1216e-05))
({x2, x4}, (0.0539506, 0.000206201, 0.0106265, 0.935217)) == ({x2, x4}, (0.0539506, 0.000206201, 0.0106265, 0.935217))
({x2, x5}, (0.0539506, 0.000206201, 0.0106265, 0.935217)) == ({x2, x5}, (0.0539506, 0.000206201, 0.0106265, 0.935217))
({x2, x6}, (0.0106265, 0.935217, 0.0539506, 0.000206201)) == ({x2, x6}, (0.0106265, 0.935217, 0.0539506, 0.000206201))
({x2, x7}, (0.0103111, 0.907456, 0.0523492, 0.0298836)) == ({x2, x7}, (0.0103111, 0.907456, 0.0523492, 0.0298836))
({x2, x8}, (0.0106264, 0.935202, 0.0539498, 0.000221529)) == ({x2, x8}, (0.0106264, 0.935202, 0.0539498, 0.000221529))
({x2, x9}, (0.0525755, 0.0335232, 0.00252114, 0.91138)) == ({x2, x9}, (0.0525755, 0.0335232, 0.00252114, 0.91138))
({x3, x4}, (0.000589592, 0.0544623, 0.944087, 0.0008612)) == ({x3, x4}, (0.000589592, 0.0544623, 0.944087, 0.0008612))
({x3, x5}, (0.000589592, 0.0544623, 0.944087, 0.0008612)) == ({x3, x5}, (0.000589592, 0.0544623, 0.944087, 0.0008612))
({x3, x6}, (0.944087, 0.0008612, 0.000589592, 0.0544623)) == ({x3, x6}, (0.944087, 0.0008612, 0.000589592, 0.0544623))
({x3, x7}, (0.916045, 0.000944339, 0.0301664, 0.0528446)) == ({x3, x7}, (0.916045, 0.000944339, 0.0301664, 0.0528446))
({x3, x8}, (0.944433, 0.000861515, 0.000223715, 0.0544823)) == ({x3, x8}, (0.944433, 0.000861515, 0.000223715, 0.0544823))
({x3, x9}, (0.0335976, 0.0526923, 0.913404, 0.000306332)) == ({x3, x9}, (0.0335976, 0.0526923, 0.913404, 0.000306332))
({x4, x5}, (0.0545398, 2.89943e-05, 2.00735e-06, 0.945429)) == ({x4, x5}, (0.0545398, 2.89943e-05, 2.00735e-06, 0.945429))
({x4, x6}, (7.16544e-05, 0.945378, 0.0545368, 1.38741e-05)) == ({x4, x6}, (7.16544e-05, 0.945378, 0.0545368, 1.38741e-05))
({x4, x7}, (0.000944339, 0.916045, 0.0528446, 0.0301664)) == ({x4, x7}, (0.000944339, 0.916045, 0.0528446, 0.0301664))
({x4, x8}, (0.000589968, 0.944689, 0.0544971, 0.000223776)) == ({x4, x8}, (0.000589968, 0.944689, 0.0544971, 0.000223776))
({x4, x9}, (0.0526923, 0.0335976, 0.000306332, 0.913404)) == ({x4, x9}, (0.0526923, 0.0335976, 0.000306332, 0.913404))
({x5, x6}, (7.16544e-05, 0.945378, 0.0545368, 1.38741e-05)) == ({x5, x6}, (7.16544e-05, 0.945378, 0.0545368, 1.38741e-05))
({x5, x7}, (0.000944339, 0.916045, 0.0528446, 0.0301664)) == ({x5, x7}, (0.000944339, 0.916045, 0.0528446, 0.0301664))
({x5, x8}, (0.000589968, 0.944689, 0.0544971, 0.000223776)) == ({x5, x8}, (0.000589968, 0.944689, 0.0544971, 0.000223776))
({x5, x9}, (0.0526923, 0.0335976, 0.000306332, 0.913404)) == ({x5, x9}, (0.0526923, 0.0335976, 0.000306332, 0.913404))
({x6, x7}, (0.916045, 0.000944339, 0.0301664, 0.0528446)) == ({x6, x7}, (0.916045, 0.000944339, 0.0301664, 0.0528446))
({x6, x8}, (0.944689, 0.000589968, 0.000223776, 0.0544971)) == ({x6, x8}, (0.944689, 0.000589968, 0.000223776, 0.0544971))
({x6, x9}, (0.0335976, 0.0526923, 0.913404, 0.000306332)) == ({x6, x9}, (0.0335976, 0.0526923, 0.913404, 0.000306332))
({x7, x8}, (0.916045, 0.0301664, 0.000944339, 0.0528446)) == ({x7, x8}, (0.916045, 0.0301664, 0.000944339, 0.0528446))
({x7, x9}, (0.0326263, 0.0511688, 0.886995, 0.0292098)) == ({x7, x9}, (0.0326263, 0.0511688, 0.886995, 0.0292098))
({x8, x9}, (0.0335976, 0.0526923, 0.913404, 0.000306332)) == ({x8, x9}, (0.0335976, 0.0526923, 0.913404, 0.000306332))
Exact MAP state (log score = 34.8573):
x0: 1
x1: 0
x2: 1
x3: 0
x4: 1
x5: 1
x6: 0
x7: 0
x8: 0
x9: 1
