Builtin inference algorithms: {BP, EXACT, FBP, JTREE, TRWBP}

Exact variable marginals:
({x0}, (0.706601, 0.293399))
({x1}, (0.29354, 0.70646))
({x2}, (0.291871, 0.708129))
({x3}, (0.70646, 0.29354))
({x4}, (0.293541, 0.706459))
({x5}, (0.291358, 0.708642))
({x6}, (0.70646, 0.29354))
({x7}, (0.29318, 0.70682))
({x8}, (0.70646, 0.29354))
({x9}, (0.71395, 0.28605))
Exact factor marginals:
({x0}, (0.706601, 0.293399))
({x1}, (0.29354, 0.70646))
({x2}, (0.291871, 0.708129))
({x3}, (0.70646, 0.29354))
({x4}, (0.293541, 0.706459))
({x5}, (0.291358, 0.708642))
({x6}, (0.70646, 0.29354))
({x7}, (0.29318, 0.70682))
({x8}, (0.70646, 0.29354))
({x9}, (0.71395, 0.28605))
({x0, x1}, (0.000212555, 0.293328, 0.706388, 7.13928e-05))
({x0, x2}, (0.139579, 0.152292, 0.567021, 0.141107))
({x0, x3}, (0.706388, 7.1609e-05, 0.000212596, 0.293328))
({x0, x4}, (0.000212635, 0.293328, 0.706388, 7.14043e-05))
({x0, x5}, (0.138747, 0.15261, 0.567853, 0.140789))
({x0, x6}, (0.706388, 7.16137e-05, 0.000212603, 0.293328))
({x0, x7}, (0.000331947, 0.292848, 0.706269, 0.000551072))
({x0, x8}, (0.706388, 7.15995e-05, 0.000212586, 0.293328))
({x0, x9}, (0.573377, 0.140573, 0.133224, 0.152827))
({x1, x2}, (0.152221, 0.139651, 0.14132, 0.566809))
({x1, x3}, (2.16204e-07, 0.706459, 0.29354, 4.08003e-08))
({x1, x4}, (0.29354, 8.04949e-08, 1.16832e-08, 0.706459))
({x1, x5}, (0.152539, 0.138819, 0.141002, 0.567641))
({x1, x6}, (2.20916e-07, 0.706459, 0.29354, 4.8439e-08))
({x1, x7}, (0.293061, 0.000119392, 0.00047968, 0.70634))
({x1, x8}, (2.06695e-07, 0.706459, 0.29354, 3.14333e-08))
({x1, x9}, (0.140785, 0.573165, 0.152755, 0.133295))
({x2, x3}, (0.139651, 0.566809, 0.152221, 0.14132))
({x2, x4}, (0.152221, 0.14132, 0.139651, 0.566809))
({x2, x5}, (0.291037, 0.000320549, 0.000834227, 0.707808))
({x2, x6}, (0.139651, 0.566809, 0.152221, 0.14132))
({x2, x7}, (0.15234, 0.14084, 0.139531, 0.567289))
({x2, x8}, (0.139651, 0.566809, 0.152221, 0.14132))
({x2, x9}, (0.00635593, 0.707594, 0.285515, 0.000534724))
({x3, x4}, (2.90235e-07, 0.29354, 0.706459, 4.60194e-08))
({x3, x5}, (0.138819, 0.152539, 0.567641, 0.141002))
({x3, x6}, (0.70646, 1.79684e-08, 2.0895e-08, 0.29354))
({x3, x7}, (0.000119364, 0.293061, 0.70634, 0.000479477))
({x3, x8}, (0.70646, 9.37071e-09, 9.51296e-09, 0.29354))
({x3, x9}, (0.573165, 0.140785, 0.133295, 0.152755))
({x4, x5}, (0.152539, 0.138819, 0.141002, 0.567641))
({x4, x6}, (2.95058e-07, 0.706459, 0.29354, 5.37685e-08))
({x4, x7}, (0.293061, 0.000119397, 0.000479754, 0.70634))
({x4, x8}, (2.80843e-07, 0.706459, 0.29354, 3.6769e-08))
({x4, x9}, (0.140785, 0.573164, 0.152755, 0.133295))
({x5, x6}, (0.138819, 0.567641, 0.152539, 0.141002))
({x5, x7}, (0.152351, 0.14083, 0.139007, 0.567813))
({x5, x8}, (0.138819, 0.567641, 0.152539, 0.141002))
({x5, x9}, (0.00583111, 0.708119, 0.285527, 0.000523576))
({x6, x7}, (0.000119369, 0.293061, 0.70634, 0.000479485))
({x6, x8}, (0.70646, 1.70116e-08, 1.42272e-08, 0.29354))
({x6, x9}, (0.573164, 0.140785, 0.133295, 0.152755))
({x7, x8}, (0.000119361, 0.70634, 0.293061, 0.000479473))
({x7, x9}, (0.140306, 0.573643, 0.152874, 0.133176))
({x8, x9}, (0.573165, 0.140785, 0.133295, 0.152755))
Exact log partition sum: 81.1916
Exact MAP variable marginals:
({x0}, (0.788297, 0.211703))
({x1}, (0.211703, 0.788297))
({x2}, (0.211703, 0.788297))
({x3}, (0.788297, 0.211703))
({x4}, (0.211703, 0.788297))
({x5}, (0.211703, 0.788297))
({x6}, (0.788297, 0.211703))
({x7}, (0.211703, 0.788297))
({x8}, (0.788297, 0.211703))
({x9}, (0.788297, 0.211703))
Exact MAP factor marginals:
({x0}, (0.788297, 0.211703)) == ({x0}, (0.788297, 0.211703))
({x1}, (0.211703, 0.788297)) == ({x1}, (0.211703, 0.788297))
({x2}, (0.211703, 0.788297)) == ({x2}, (0.211703, 0.788297))
({x3}, (0.788297, 0.211703)) == ({x3}, (0.788297, 0.211703))
({x4}, (0.211703, 0.788297)) == ({x4}, (0.211703, 0.788297))
({x5}, (0.211703, 0.788297)) == ({x5}, (0.211703, 0.788297))
({x6}, (0.788297, 0.211703)) == ({x6}, (0.788297, 0.211703))
({x7}, (0.211703, 0.788297)) == ({x7}, (0.211703, 0.788297))
({x8}, (0.788297, 0.211703)) == ({x8}, (0.788297, 0.211703))
({x9}, (0.788297, 0.211703)) == ({x9}, (0.788297, 0.211703))
({x0, x1}, (0.000295491, 0.211619, 0.787986, 9.92495e-05)) == ({x0, x1}, (0.000295491, 0.211619, 0.787986, 9.92495e-05))
({x0, x2}, (0.134148, 0.153413, 0.571249, 0.141191)) == ({x0, x2}, (0.134148, 0.153413, 0.571249, 0.141191))
({x0, x3}, (0.787986, 9.92495e-05, 0.000295491, 0.211619)) == ({x0, x3}, (0.787986, 9.92495e-05, 0.000295491, 0.211619))
({x0, x4}, (0.000295491, 0.211619, 0.787986, 9.92495e-05)) == ({x0, x4}, (0.000295491, 0.211619, 0.787986, 9.92495e-05))
({x0, x5}, (0.134148, 0.153413, 0.571249, 0.141191)) == ({x0, x5}, (0.134148, 0.153413, 0.571249, 0.141191))
({x0, x6}, (0.787986, 9.92495e-05, 0.000295491, 0.211619)) == ({x0, x6}, (0.787986, 9.92495e-05, 0.000295491, 0.211619))
({x0, x7}, (0.000295418, 0.211567, 0.787792, 0.000344819)) == ({x0, x7}, (0.000295418, 0.211567, 0.787792, 0.000344819))
({x0, x8}, (0.787986, 9.92495e-05, 0.000295491, 0.211619)) == ({x0, x8}, (0.787986, 9.92495e-05, 0.000295491, 0.211619))
({x0, x9}, (0.571249, 0.141191, 0.134148, 0.153413)) == ({x0, x9}, (0.571249, 0.141191, 0.134148, 0.153413))
({x1, x2}, (0.153413, 0.134148, 0.141191, 0.571249)) == ({x1, x2}, (0.153413, 0.134148, 0.141191, 0.571249))
({x1, x3}, (2.78794e-07, 0.788297, 0.211703, 4.16548e-08)) == ({x1, x3}, (2.78794e-07, 0.788297, 0.211703, 4.16548e-08))
({x1, x4}, (0.211703, 1.09697e-07, 9.2277e-09, 0.788297)) == ({x1, x4}, (0.211703, 1.09697e-07, 9.2277e-09, 0.788297))
({x1, x5}, (0.153413, 0.134148, 0.141191, 0.571249)) == ({x1, x5}, (0.153413, 0.134148, 0.141191, 0.571249))
({x1, x6}, (2.78794e-07, 0.788297, 0.211703, 4.16548e-08)) == ({x1, x6}, (2.78794e-07, 0.788297, 0.211703, 4.16548e-08))
({x1, x7}, (0.211612, 8.33911e-05, 0.000344892, 0.78796)) == ({x1, x7}, (0.211612, 8.33911e-05, 0.000344892, 0.78796))
({x1, x8}, (2.78794e-07, 0.788297, 0.211703, 4.16548e-08)) == ({x1, x8}, (2.78794e-07, 0.788297, 0.211703, 4.16548e-08))
({x1, x9}, (0.141191, 0.571249, 0.153413, 0.134148)) == ({x1, x9}, (0.141191, 0.571249, 0.153413, 0.134148))
({x2, x3}, (0.134148, 0.571249, 0.153413, 0.141191)) == ({x2, x3}, (0.134148, 0.571249, 0.153413, 0.141191))
({x2, x4}, (0.153413, 0.141191, 0.134148, 0.571249)) == ({x2, x4}, (0.153413, 0.141191, 0.134148, 0.571249))
({x2, x5}, (0.211402, 0.00034455, 0.00107525, 0.787178)) == ({x2, x5}, (0.211402, 0.00034455, 0.00107525, 0.787178))
({x2, x6}, (0.134148, 0.571249, 0.153413, 0.141191)) == ({x2, x6}, (0.134148, 0.571249, 0.153413, 0.141191))
({x2, x7}, (0.153413, 0.141191, 0.134148, 0.571249)) == ({x2, x7}, (0.153413, 0.141191, 0.134148, 0.571249))
({x2, x8}, (0.134148, 0.571249, 0.153413, 0.141191)) == ({x2, x8}, (0.134148, 0.571249, 0.153413, 0.141191))
({x2, x9}, (0.00769725, 0.781725, 0.209938, 0.000640028)) == ({x2, x9}, (0.00769725, 0.781725, 0.209938, 0.000640028))
({x3, x4}, (2.78794e-07, 0.211703, 0.788297, 4.16548e-08)) == ({x3, x4}, (2.78794e-07, 0.211703, 0.788297, 4.16548e-08))
({x3, x5}, (0.134148, 0.153413, 0.571249, 0.141191)) == ({x3, x5}, (0.134148, 0.153413, 0.571249, 0.141191))
({x3, x6}, (0.788297, 1.3287e-08, 2.22074e-08, 0.211703)) == ({x3, x6}, (0.788297, 1.3287e-08, 2.22074e-08, 0.211703))
({x3, x7}, (8.33911e-05, 0.211612, 0.78796, 0.000344892)) == ({x3, x7}, (8.33911e-05, 0.211612, 0.78796, 0.000344892))
({x3, x8}, (0.788297, 1.13829e-08, 6.61757e-09, 0.211703)) == ({x3, x8}, (0.788297, 1.13829e-08, 6.61757e-09, 0.211703))
({x3, x9}, (0.571249, 0.141191, 0.134148, 0.153413)) == ({x3, x9}, (0.571249, 0.141191, 0.134148, 0.153413))
({x4, x5}, (0.153413, 0.134148, 0.141191, 0.571249)) == ({x4, x5}, (0.153413, 0.134148, 0.141191, 0.571249))
({x4, x6}, (2.78794e-07, 0.788297, 0.211703, 4.16548e-08)) == ({x4, x6}, (2.78794e-07, 0.788297, 0.211703, 4.16548e-08))
({x4, x7}, (0.211612, 8.33911e-05, 0.000344892, 0.78796)) == ({x4, x7}, (0.211612, 8.33911e-05, 0.000344892, 0.78796))
({x4, x8}, (2.78794e-07, 0.788297, 0.211703, 4.16548e-08)) == ({x4, x8}, (2.78794e-07, 0.788297, 0.211703, 4.16548e-08))
({x4, x9}, (0.141191, 0.571249, 0.153413, 0.134148)) == ({x4, x9}, (0.141191, 0.571249, 0.153413, 0.134148))
({x5, x6}, (0.134148, 0.571249, 0.153413, 0.141191)) == ({x5, x6}, (0.134148, 0.571249, 0.153413, 0.141191))
({x5, x7}, (0.153413, 0.141191, 0.134148, 0.571249)) == ({x5, x7}, (0.153413, 0.141191, 0.134148, 0.571249))
({x5, x8}, (0.134148, 0.571249, 0.153413, 0.141191)) == ({x5, x8}, (0.134148, 0.571249, 0.153413, 0.141191))
({x5, x9}, (0.00769725, 0.781725, 0.209938, 0.000640028)) == ({x5, x9}, (0.00769725, 0.781725, 0.209938, 0.000640028))
({x6, x7}, (8.33911e-05, 0.211612, 0.78796, 0.000344892)) == ({x6, x7}, (8.33911e-05, 0.211612, 0.78796, 0.000344892))
({x6, x8}, (0.788297, 2.22074e-08, 1.3287e-08, 0.211703)) == ({x6, x8}, (0.788297, 2.22074e-08, 1.3287e-08, 0.211703))
({x6, x9}, (0.571249, 0.141191, 0.134148, 0.153413)) == ({x6, x9}, (0.571249, 0.141191, 0.134148, 0.153413))
({x7, x8}, (8.33911e-05, 0.78796, 0.211612, 0.000344892)) == ({x7, x8}, (8.33911e-05, 0.78796, 0.211612, 0.000344892))
({x7, x9}, (0.141191, 0.571249, 0.153413, 0.134148)) == ({x7, x9}, (0.141191, 0.571249, 0.153413, 0.134148))
({x8, x9}, (0.571249, 0.141191, 0.134148, 0.153413)) == ({x8, x9}, (0.571249, 0.141191, 0.134148, 0.153413))
Exact MAP state (log score = 80.6239):
x0: 0
x1: 1
x2: 1
x3: 0
x4: 1
x5: 1
x6: 0
x7: 1
x8: 0
x9: 0
