Builtin inference algorithms: {BP, EXACT, FBP, JTREE, TRWBP}

Exact variable marginals:
({x0}, (0.31602, 0.68398))
({x1}, (0.639017, 0.360983))
({x2}, (0.658762, 0.341238))
({x3}, (0.316021, 0.683979))
({x4}, (0.641591, 0.358409))
({x5}, (0.314662, 0.685338))
({x6}, (0.716907, 0.283093))
({x7}, (0.316019, 0.683981))
({x8}, (0.683981, 0.316019))
({x9}, (0.316021, 0.683979))
Exact factor marginals:
({x0}, (0.31602, 0.68398))
({x1}, (0.639017, 0.360983))
({x2}, (0.658762, 0.341238))
({x3}, (0.316021, 0.683979))
({x4}, (0.641591, 0.358409))
({x5}, (0.314662, 0.685338))
({x6}, (0.716907, 0.283093))
({x7}, (0.316019, 0.683981))
({x8}, (0.683981, 0.316019))
({x9}, (0.316021, 0.683979))
({x0, x1}, (0.0269827, 0.612034, 0.289038, 0.0719453))
({x0, x2}, (0.0504339, 0.608328, 0.265587, 0.0756513))
({x0, x3}, (0.31602, 4.70475e-07, 2.653e-08, 0.683979))
({x0, x4}, (0.0294498, 0.612141, 0.286571, 0.0718385))
({x0, x5}, (0.313954, 0.000708149, 0.00206678, 0.683271))
({x0, x6}, (0.0451831, 0.671724, 0.270837, 0.0122552))
({x0, x7}, (0.316018, 5.82933e-07, 2.19893e-06, 0.683979))
({x0, x8}, (2.52835e-06, 0.683978, 0.316018, 1.23531e-06))
({x0, x9}, (0.31602, 6.03116e-07, 1.99768e-08, 0.683979))
({x1, x2}, (0.536384, 0.122379, 0.102633, 0.238604))
({x1, x3}, (0.0269827, 0.289038, 0.612034, 0.0719448))
({x1, x4}, (0.638727, 0.00286421, 0.000290363, 0.358119))
({x1, x5}, (0.0276907, 0.286971, 0.611326, 0.0740119))
({x1, x6}, (0.599779, 0.117128, 0.0392375, 0.243855))
({x1, x7}, (0.0269831, 0.289036, 0.612034, 0.0719473))
({x1, x8}, (0.612033, 0.0719476, 0.0269838, 0.289035))
({x1, x9}, (0.0269828, 0.289038, 0.612034, 0.0719448))
({x2, x3}, (0.0504343, 0.265587, 0.608328, 0.0756513))
({x2, x4}, (0.53649, 0.105101, 0.122272, 0.236137))
({x2, x5}, (0.0511394, 0.263522, 0.607623, 0.0777155))
({x2, x6}, (0.653503, 0.0634043, 0.00525902, 0.277834))
({x2, x7}, (0.0504319, 0.265587, 0.60833, 0.0756509))
({x2, x8}, (0.608327, 0.0756536, 0.0504349, 0.265584))
({x2, x9}, (0.0504345, 0.265587, 0.608328, 0.0756513))
({x3, x4}, (0.0294498, 0.612141, 0.286571, 0.0718381))
({x3, x5}, (0.313954, 0.000708022, 0.0020671, 0.683271))
({x3, x6}, (0.0451836, 0.671724, 0.270837, 0.0122552))
({x3, x7}, (0.316018, 4.01441e-07, 2.46138e-06, 0.683979))
({x3, x8}, (2.79125e-06, 0.683978, 0.316018, 1.05426e-06))
({x3, x9}, (0.316021, 4.2195e-07, 2.82755e-07, 0.683979))
({x4, x5}, (0.0301578, 0.284504, 0.611433, 0.0739052))
({x4, x6}, (0.599886, 0.117022, 0.041705, 0.241388))
({x4, x7}, (0.0294502, 0.286569, 0.612141, 0.0718405))
({x4, x8}, (0.61214, 0.0718409, 0.0294508, 0.286568))
({x4, x9}, (0.0294499, 0.286571, 0.612141, 0.0718381))
({x5, x6}, (0.0458892, 0.671018, 0.268773, 0.01432))
({x5, x7}, (0.313952, 0.00206721, 0.000710195, 0.683271))
({x5, x8}, (0.000707127, 0.683274, 0.313955, 0.00206447))
({x5, x9}, (0.313954, 0.00206712, 0.000707897, 0.683271))
({x6, x7}, (0.0451811, 0.270838, 0.671726, 0.0122548))
({x6, x8}, (0.671723, 0.0122577, 0.0451843, 0.270835))
({x6, x9}, (0.0451837, 0.270837, 0.671724, 0.0122552))
({x7, x8}, (2.90373e-06, 0.683978, 0.316016, 3.22668e-06))
({x7, x9}, (0.316018, 2.59438e-06, 3.95246e-07, 0.683979))
({x8, x9}, (2.80461e-06, 0.316018, 0.683978, 9.28422e-07))
Exact log partition sum: 64.3956
Exact MAP variable marginals:
({x0}, (0.304188, 0.695812))
({x1}, (0.695812, 0.304188))
({x2}, (0.695812, 0.304188))
({x3}, (0.304188, 0.695812))
({x4}, (0.695812, 0.304188))
({x5}, (0.304188, 0.695812))
({x6}, (0.695812, 0.304188))
({x7}, (0.304188, 0.695812))
({x8}, (0.695812, 0.304188))
({x9}, (0.304188, 0.695812))
Exact MAP factor marginals:
({x0}, (0.304188, 0.695812)) == ({x0}, (0.304188, 0.695812))
({x1}, (0.695812, 0.304188)) == ({x1}, (0.695812, 0.304188))
({x2}, (0.695812, 0.304188)) == ({x2}, (0.695812, 0.304188))
({x3}, (0.304188, 0.695812)) == ({x3}, (0.304188, 0.695812))
({x4}, (0.695812, 0.304188)) == ({x4}, (0.695812, 0.304188))
({x5}, (0.304188, 0.695812)) == ({x5}, (0.304188, 0.695812))
({x6}, (0.695812, 0.304188)) == ({x6}, (0.695812, 0.304188))
({x7}, (0.304188, 0.695812)) == ({x7}, (0.304188, 0.695812))
({x8}, (0.695812, 0.304188)) == ({x8}, (0.695812, 0.304188))
({x9}, (0.304188, 0.695812)) == ({x9}, (0.304188, 0.695812))
({x0, x1}, (0.0310783, 0.616826, 0.269657, 0.0824383)) == ({x0, x1}, (0.0310783, 0.616826, 0.269657, 0.0824383))
({x0, x2}, (0.0514468, 0.609775, 0.266575, 0.0722034)) == ({x0, x2}, (0.0514468, 0.609775, 0.266575, 0.0722034))
({x0, x3}, (0.304187, 3.47568e-07, 2.79272e-08, 0.695812)) == ({x0, x3}, (0.304187, 3.47568e-07, 2.79272e-08, 0.695812))
({x0, x4}, (0.0310783, 0.616826, 0.269657, 0.0824383)) == ({x0, x4}, (0.0310783, 0.616826, 0.269657, 0.0824383))
({x0, x5}, (0.303097, 0.000915067, 0.00267039, 0.693318)) == ({x0, x5}, (0.303097, 0.000915067, 0.00267039, 0.693318))
({x0, x6}, (0.0546287, 0.647489, 0.283062, 0.0148196)) == ({x0, x6}, (0.0546287, 0.647489, 0.283062, 0.0148196))
({x0, x7}, (0.304187, 4.91926e-07, 2.85036e-06, 0.69581)) == ({x0, x7}, (0.304187, 4.91926e-07, 2.85036e-06, 0.69581))
({x0, x8}, (3.21931e-06, 0.69581, 0.304186, 9.90235e-07)) == ({x0, x8}, (3.21931e-06, 0.69581, 0.304186, 9.90235e-07))
({x0, x9}, (0.304187, 3.80039e-07, 1.49471e-08, 0.695812)) == ({x0, x9}, (0.304187, 3.80039e-07, 1.49471e-08, 0.695812))
({x1, x2}, (0.591986, 0.0791185, 0.070097, 0.258798)) == ({x1, x2}, (0.591986, 0.0791185, 0.070097, 0.258798))
({x1, x3}, (0.0310783, 0.269657, 0.616826, 0.0824383)) == ({x1, x3}, (0.0310783, 0.269657, 0.616826, 0.0824383))
({x1, x4}, (0.693328, 0.00320438, 0.000366422, 0.303101)) == ({x1, x4}, (0.693328, 0.00320438, 0.000366422, 0.303101))
({x1, x5}, (0.0310783, 0.269657, 0.616826, 0.0824383)) == ({x1, x5}, (0.0310783, 0.269657, 0.616826, 0.0824383))
({x1, x6}, (0.616826, 0.0824383, 0.0310783, 0.269657)) == ({x1, x6}, (0.616826, 0.0824383, 0.0310783, 0.269657))
({x1, x7}, (0.0310783, 0.269657, 0.616826, 0.0824383)) == ({x1, x7}, (0.0310783, 0.269657, 0.616826, 0.0824383))
({x1, x8}, (0.616826, 0.0824383, 0.0310783, 0.269657)) == ({x1, x8}, (0.616826, 0.0824383, 0.0310783, 0.269657))
({x1, x9}, (0.0310783, 0.269657, 0.616826, 0.0824383)) == ({x1, x9}, (0.0310783, 0.269657, 0.616826, 0.0824383))
({x2, x3}, (0.0514468, 0.266575, 0.609775, 0.0722034)) == ({x2, x3}, (0.0514468, 0.266575, 0.609775, 0.0722034))
({x2, x4}, (0.591986, 0.070097, 0.0791185, 0.258798)) == ({x2, x4}, (0.591986, 0.070097, 0.0791185, 0.258798))
({x2, x5}, (0.0514468, 0.266575, 0.609775, 0.0722034)) == ({x2, x5}, (0.0514468, 0.266575, 0.609775, 0.0722034))
({x2, x6}, (0.638814, 0.0756419, 0.00627411, 0.27927)) == ({x2, x6}, (0.638814, 0.0756419, 0.00627411, 0.27927))
({x2, x7}, (0.0514468, 0.266575, 0.609775, 0.0722034)) == ({x2, x7}, (0.0514468, 0.266575, 0.609775, 0.0722034))
({x2, x8}, (0.609775, 0.0722034, 0.0514468, 0.266575)) == ({x2, x8}, (0.609775, 0.0722034, 0.0514468, 0.266575))
({x2, x9}, (0.0514468, 0.266575, 0.609775, 0.0722034)) == ({x2, x9}, (0.0514468, 0.266575, 0.609775, 0.0722034))
({x3, x4}, (0.0310783, 0.616826, 0.269657, 0.0824383)) == ({x3, x4}, (0.0310783, 0.616826, 0.269657, 0.0824383))
({x3, x5}, (0.303097, 0.000915067, 0.00267039, 0.693318)) == ({x3, x5}, (0.303097, 0.000915067, 0.00267039, 0.693318))
({x3, x6}, (0.0546287, 0.647489, 0.283062, 0.0148196)) == ({x3, x6}, (0.0546287, 0.647489, 0.283062, 0.0148196))
({x3, x7}, (0.304187, 4.91926e-07, 2.85036e-06, 0.69581)) == ({x3, x7}, (0.304187, 4.91926e-07, 2.85036e-06, 0.69581))
({x3, x8}, (3.21931e-06, 0.69581, 0.304186, 9.90235e-07)) == ({x3, x8}, (3.21931e-06, 0.69581, 0.304186, 9.90235e-07))
({x3, x9}, (0.304187, 3.80039e-07, 3.47568e-07, 0.695812)) == ({x3, x9}, (0.304187, 3.80039e-07, 3.47568e-07, 0.695812))
({x4, x5}, (0.0310783, 0.269657, 0.616826, 0.0824383)) == ({x4, x5}, (0.0310783, 0.269657, 0.616826, 0.0824383))
({x4, x6}, (0.616826, 0.0824383, 0.0310783, 0.269657)) == ({x4, x6}, (0.616826, 0.0824383, 0.0310783, 0.269657))
({x4, x7}, (0.0310783, 0.269657, 0.616826, 0.0824383)) == ({x4, x7}, (0.0310783, 0.269657, 0.616826, 0.0824383))
({x4, x8}, (0.616826, 0.0824383, 0.0310783, 0.269657)) == ({x4, x8}, (0.616826, 0.0824383, 0.0310783, 0.269657))
({x4, x9}, (0.0310783, 0.269657, 0.616826, 0.0824383)) == ({x4, x9}, (0.0310783, 0.269657, 0.616826, 0.0824383))
({x5, x6}, (0.0546287, 0.647489, 0.283062, 0.0148196)) == ({x5, x6}, (0.0546287, 0.647489, 0.283062, 0.0148196))
({x5, x7}, (0.303097, 0.00267039, 0.000915067, 0.693318)) == ({x5, x7}, (0.303097, 0.00267039, 0.000915067, 0.693318))
({x5, x8}, (0.000915067, 0.693318, 0.303097, 0.00267039)) == ({x5, x8}, (0.000915067, 0.693318, 0.303097, 0.00267039))
({x5, x9}, (0.303097, 0.00267039, 0.000915067, 0.693318)) == ({x5, x9}, (0.303097, 0.00267039, 0.000915067, 0.693318))
({x6, x7}, (0.0546287, 0.283062, 0.647489, 0.0148196)) == ({x6, x7}, (0.0546287, 0.283062, 0.647489, 0.0148196))
({x6, x8}, (0.647489, 0.0148196, 0.0546287, 0.283062)) == ({x6, x8}, (0.647489, 0.0148196, 0.0546287, 0.283062))
({x6, x9}, (0.0546287, 0.283062, 0.647489, 0.0148196)) == ({x6, x9}, (0.0546287, 0.283062, 0.647489, 0.0148196))
({x7, x8}, (3.2193e-06, 0.695808, 0.304186, 2.85035e-06)) == ({x7, x8}, (3.2193e-06, 0.695808, 0.304186, 2.85035e-06))
({x7, x9}, (0.304187, 2.85036e-06, 4.91926e-07, 0.69581)) == ({x7, x9}, (0.304187, 2.85036e-06, 4.91926e-07, 0.69581))
({x8, x9}, (3.21931e-06, 0.304186, 0.69581, 9.90235e-07)) == ({x8, x9}, (3.21931e-06, 0.304186, 0.69581, 9.90235e-07))
Exact MAP state (log score = 63.7709):
x0: 1
x1: 0
x2: 0
x3: 1
x4: 0
x5: 1
x6: 0
x7: 1
x8: 0
x9: 1
