Builtin inference algorithms: {BP, EXACT, FBP, JTREE, TRWBP}

Exact variable marginals:
({x0}, (0.845682, 0.154318))
({x1}, (0.0364332, 0.963567))
({x2}, (0.974986, 0.0250138))
({x3}, (0.974986, 0.0250138))
({x4}, (0.974984, 0.0250157))
({x5}, (0.0250138, 0.974986))
({x6}, (0.719396, 0.280604))
({x7}, (0.0250168, 0.974983))
({x8}, (0.0248682, 0.975132))
({x9}, (0.974986, 0.0250138))
Exact factor marginals:
({x0}, (0.845682, 0.154318))
({x1}, (0.0364332, 0.963567))
({x2}, (0.974986, 0.0250138))
({x3}, (0.974986, 0.0250138))
({x4}, (0.974984, 0.0250157))
({x5}, (0.0250138, 0.974986))
({x6}, (0.719396, 0.280604))
({x7}, (0.0250168, 0.974983))
({x8}, (0.0248682, 0.975132))
({x9}, (0.974986, 0.0250138))
({x0, x1}, (0.0215133, 0.0149199, 0.824169, 0.139398))
({x0, x2}, (0.835566, 0.139421, 0.0101166, 0.0148972))
({x0, x3}, (0.835566, 0.139421, 0.0101165, 0.0148972))
({x0, x4}, (0.835564, 0.139421, 0.0101185, 0.0148972))
({x0, x5}, (0.0101165, 0.0148973, 0.835566, 0.139421))
({x0, x6}, (0.574886, 0.14451, 0.270796, 0.00980828))
({x0, x7}, (0.0101199, 0.0148969, 0.835562, 0.139421))
({x0, x8}, (0.00985982, 0.0150084, 0.835822, 0.13931))
({x0, x9}, (0.835566, 0.139421, 0.0101165, 0.0148972))
({x1, x2}, (0.0116073, 0.963379, 0.0248258, 0.00018793))
({x1, x3}, (0.0116073, 0.963379, 0.0248258, 0.000187923))
({x1, x4}, (0.0116064, 0.963378, 0.0248268, 0.000188949))
({x1, x5}, (0.0248258, 0.000187981, 0.0116074, 0.963379))
({x1, x6}, (0.0167975, 0.702599, 0.0196357, 0.260968))
({x1, x7}, (0.0248256, 0.000191245, 0.0116076, 0.963376))
({x1, x8}, (0.0245886, 0.000279591, 0.0118446, 0.963287))
({x1, x9}, (0.0116073, 0.963379, 0.0248258, 0.000187926))
({x2, x3}, (0.974986, 2.60069e-08, 1.33712e-08, 0.0250138))
({x2, x4}, (0.974984, 1.8762e-09, 1.95561e-06, 0.0250138))
({x2, x5}, (5.8057e-08, 0.0250137, 0.974986, 3.18085e-08))
({x2, x6}, (0.714206, 0.00519028, 0.26078, 0.0198235))
({x2, x7}, (3.41545e-06, 0.0250134, 0.974983, 3.52614e-07))
({x2, x8}, (0.000111573, 0.0247566, 0.974875, 0.000257134))
({x2, x9}, (0.974986, 1.43609e-08, 1.23432e-09, 0.0250138))
({x3, x4}, (0.974984, 1.32077e-08, 1.97958e-06, 0.0250138))
({x3, x5}, (6.27458e-08, 0.0250137, 0.974986, 2.38617e-08))
({x3, x6}, (0.714206, 0.0051903, 0.26078, 0.0198235))
({x3, x7}, (3.4139e-06, 0.0250134, 0.974983, 3.3843e-07))
({x3, x8}, (0.000111577, 0.0247566, 0.974875, 0.000257125))
({x3, x9}, (0.974986, 1.51743e-08, 1.46833e-08, 0.0250138))
({x4, x5}, (5.88657e-08, 0.0250137, 0.974984, 1.98636e-06))
({x4, x6}, (0.714205, 0.00519117, 0.260779, 0.0198246))
({x4, x7}, (3.4144e-06, 0.0250134, 0.974981, 2.3053e-06))
({x4, x8}, (0.000111574, 0.0247566, 0.974873, 0.000259089))
({x4, x9}, (0.974984, 1.96891e-06, 2.0454e-09, 0.0250138))
({x5, x6}, (0.00519034, 0.714206, 0.0198235, 0.26078))
({x5, x7}, (0.0250134, 3.42707e-06, 3.90481e-07, 0.974983))
({x5, x8}, (0.0247567, 0.000111516, 0.000257103, 0.974875))
({x5, x9}, (5.87738e-08, 0.974986, 0.0250137, 1.93987e-08))
({x6, x7}, (0.00519365, 0.0198232, 0.714202, 0.260781))
({x6, x8}, (0.0052975, 0.0195707, 0.714099, 0.261033))
({x6, x9}, (0.714206, 0.26078, 0.00519029, 0.0198235))
({x7, x8}, (0.0247563, 0.000111906, 0.00026053, 0.974871))
({x7, x9}, (3.4172e-06, 0.974983, 0.0250134, 3.41239e-07))
({x8, x9}, (0.000111573, 0.974875, 0.0247566, 0.000257121))
Exact log partition sum: 42.2488
Exact MAP variable marginals:
({x0}, (0.802077, 0.197923))
({x1}, (0.0198645, 0.980136))
({x2}, (0.982834, 0.0171663))
({x3}, (0.982834, 0.0171663))
({x4}, (0.982834, 0.0171663))
({x5}, (0.0171663, 0.982834))
({x6}, (0.683685, 0.316315))
({x7}, (0.0171663, 0.982834))
({x8}, (0.0171663, 0.982834))
({x9}, (0.982834, 0.0171663))
Exact MAP factor marginals:
({x0}, (0.802077, 0.197923)) == ({x0}, (0.802077, 0.197923))
({x1}, (0.0198645, 0.980136)) == ({x1}, (0.0198645, 0.980136))
({x2}, (0.982834, 0.0171663)) == ({x2}, (0.982834, 0.0171663))
({x3}, (0.982834, 0.0171663)) == ({x3}, (0.982834, 0.0171663))
({x4}, (0.982834, 0.0171663)) == ({x4}, (0.982834, 0.0171663))
({x5}, (0.0171663, 0.982834)) == ({x5}, (0.0171663, 0.982834))
({x6}, (0.683685, 0.316315)) == ({x6}, (0.683685, 0.316315))
({x7}, (0.0171663, 0.982834)) == ({x7}, (0.0171663, 0.982834))
({x8}, (0.0171663, 0.982834)) == ({x8}, (0.0171663, 0.982834))
({x9}, (0.982834, 0.0171663)) == ({x9}, (0.982834, 0.0171663))
({x0, x1}, (0.0157845, 0.0132046, 0.778825, 0.192186)) == ({x0, x1}, (0.0157845, 0.0132046, 0.778825, 0.192186))
({x0, x2}, (0.780528, 0.192606, 0.0136328, 0.0132335)) == ({x0, x2}, (0.780528, 0.192606, 0.0136328, 0.0132335))
({x0, x3}, (0.780528, 0.192606, 0.0136328, 0.0132335)) == ({x0, x3}, (0.780528, 0.192606, 0.0136328, 0.0132335))
({x0, x4}, (0.780528, 0.192606, 0.0136328, 0.0132335)) == ({x0, x4}, (0.780528, 0.192606, 0.0136328, 0.0132335))
({x0, x5}, (0.0136328, 0.0132335, 0.780528, 0.192606)) == ({x0, x5}, (0.0136328, 0.0132335, 0.780528, 0.192606))
({x0, x6}, (0.579247, 0.142937, 0.267996, 0.00982085)) == ({x0, x6}, (0.579247, 0.142937, 0.267996, 0.00982085))
({x0, x7}, (0.0136328, 0.0132335, 0.780528, 0.192606)) == ({x0, x7}, (0.0136328, 0.0132335, 0.780528, 0.192606))
({x0, x8}, (0.0136328, 0.0132335, 0.780528, 0.192606)) == ({x0, x8}, (0.0136328, 0.0132335, 0.780528, 0.192606))
({x0, x9}, (0.780528, 0.192606, 0.0136328, 0.0132335)) == ({x0, x9}, (0.780528, 0.192606, 0.0136328, 0.0132335))
({x1, x2}, (0.0195247, 0.963369, 0.0168263, 0.000280289)) == ({x1, x2}, (0.0195247, 0.963369, 0.0168263, 0.000280289))
({x1, x3}, (0.0195247, 0.963369, 0.0168263, 0.000280289)) == ({x1, x3}, (0.0195247, 0.963369, 0.0168263, 0.000280289))
({x1, x4}, (0.0195247, 0.963369, 0.0168263, 0.000280289)) == ({x1, x4}, (0.0195247, 0.963369, 0.0168263, 0.000280289))
({x1, x5}, (0.0168263, 0.000280289, 0.0195247, 0.963369)) == ({x1, x5}, (0.0168263, 0.000280289, 0.0195247, 0.963369))
({x1, x6}, (0.0135078, 0.666491, 0.011641, 0.30836)) == ({x1, x6}, (0.0135078, 0.666491, 0.011641, 0.30836))
({x1, x7}, (0.0168263, 0.000280289, 0.0195247, 0.963369)) == ({x1, x7}, (0.0168263, 0.000280289, 0.0195247, 0.963369))
({x1, x8}, (0.0168263, 0.000280289, 0.0195247, 0.963369)) == ({x1, x8}, (0.0168263, 0.000280289, 0.0195247, 0.963369))
({x1, x9}, (0.0195247, 0.963369, 0.0168263, 0.000280289)) == ({x1, x9}, (0.0195247, 0.963369, 0.0168263, 0.000280289))
({x2, x3}, (0.982834, 1.21446e-08, 5.80231e-09, 0.0171663)) == ({x2, x3}, (0.982834, 1.21446e-08, 5.80231e-09, 0.0171663))
({x2, x4}, (0.982832, 1.26425e-09, 1.77901e-06, 0.0171663)) == ({x2, x4}, (0.982832, 1.26425e-09, 1.77901e-06, 0.0171663))
({x2, x5}, (9.76133e-08, 0.0171663, 0.982834, 1.98776e-08)) == ({x2, x5}, (9.76133e-08, 0.0171663, 0.982834, 1.98776e-08))
({x2, x6}, (0.671447, 0.00617252, 0.310653, 0.0117276)) == ({x2, x6}, (0.671447, 0.00617252, 0.310653, 0.0117276))
({x2, x7}, (5.69092e-06, 0.0171662, 0.982828, 5.42769e-07)) == ({x2, x7}, (5.69092e-06, 0.0171662, 0.982828, 5.42769e-07))
({x2, x8}, (0.000180424, 0.017156, 0.982244, 0.000419804)) == ({x2, x8}, (0.000180424, 0.017156, 0.982244, 0.000419804))
({x2, x9}, (0.982834, 1.21446e-08, 5.70555e-10, 0.0171663)) == ({x2, x9}, (0.982834, 1.21446e-08, 5.70555e-10, 0.0171663))
({x3, x4}, (0.982832, 5.8023e-09, 1.77901e-06, 0.0171663)) == ({x3, x4}, (0.982832, 5.8023e-09, 1.77901e-06, 0.0171663))
({x3, x5}, (9.76133e-08, 0.0171663, 0.982834, 1.98776e-08)) == ({x3, x5}, (9.76133e-08, 0.0171663, 0.982834, 1.98776e-08))
({x3, x6}, (0.671447, 0.00617252, 0.310653, 0.0117276)) == ({x3, x6}, (0.671447, 0.00617252, 0.310653, 0.0117276))
({x3, x7}, (5.69092e-06, 0.0171662, 0.982828, 5.42769e-07)) == ({x3, x7}, (5.69092e-06, 0.0171662, 0.982828, 5.42769e-07))
({x3, x8}, (0.000180424, 0.017156, 0.982244, 0.000419804)) == ({x3, x8}, (0.000180424, 0.017156, 0.982244, 0.000419804))
({x3, x9}, (0.982834, 5.80231e-09, 1.00906e-08, 0.0171663)) == ({x3, x9}, (0.982834, 5.80231e-09, 1.00906e-08, 0.0171663))
({x4, x5}, (9.76131e-08, 0.0171663, 0.982832, 1.77901e-06)) == ({x4, x5}, (9.76131e-08, 0.0171663, 0.982832, 1.77901e-06))
({x4, x6}, (0.671447, 0.00617252, 0.310653, 0.0117276)) == ({x4, x6}, (0.671447, 0.00617252, 0.310653, 0.0117276))
({x4, x7}, (5.69092e-06, 0.0171662, 0.982826, 1.779e-06)) == ({x4, x7}, (5.69092e-06, 0.0171662, 0.982826, 1.779e-06))
({x4, x8}, (0.000180424, 0.017156, 0.982244, 0.000419804)) == ({x4, x8}, (0.000180424, 0.017156, 0.982244, 0.000419804))
({x4, x9}, (0.982832, 1.77901e-06, 1.26425e-09, 0.0171663)) == ({x4, x9}, (0.982832, 1.77901e-06, 1.26425e-09, 0.0171663))
({x5, x6}, (0.00617252, 0.671447, 0.0117276, 0.310653)) == ({x5, x6}, (0.00617252, 0.671447, 0.0117276, 0.310653))
({x5, x7}, (0.0171662, 5.69092e-06, 5.42769e-07, 0.982828)) == ({x5, x7}, (0.0171662, 5.69092e-06, 5.42769e-07, 0.982828))
({x5, x8}, (0.017156, 0.000180424, 0.000419804, 0.982244)) == ({x5, x8}, (0.017156, 0.000180424, 0.000419804, 0.982244))
({x5, x9}, (9.76133e-08, 0.982834, 0.0171663, 1.98776e-08)) == ({x5, x9}, (9.76133e-08, 0.982834, 0.0171663, 1.98776e-08))
({x6, x7}, (0.00617252, 0.0117276, 0.671447, 0.310653)) == ({x6, x7}, (0.00617252, 0.0117276, 0.671447, 0.310653))
({x6, x8}, (0.00617252, 0.0117276, 0.671447, 0.310653)) == ({x6, x8}, (0.00617252, 0.0117276, 0.671447, 0.310653))
({x6, x9}, (0.671447, 0.310653, 0.00617252, 0.0117276)) == ({x6, x9}, (0.671447, 0.310653, 0.00617252, 0.0117276))
({x7, x8}, (0.017156, 0.000180424, 0.000419804, 0.982244)) == ({x7, x8}, (0.017156, 0.000180424, 0.000419804, 0.982244))
({x7, x9}, (5.69092e-06, 0.982828, 0.0171662, 5.42769e-07)) == ({x7, x9}, (5.69092e-06, 0.982828, 0.0171662, 5.42769e-07))
({x8, x9}, (0.000180424, 0.982244, 0.017156, 0.000419804)) == ({x8, x9}, (0.000180424, 0.982244, 0.017156, 0.000419804))
Exact MAP state (log score = 41.6751):
x0: 0
x1: 1
x2: 0
x3: 0
x4: 0
x5: 1
x6: 0
x7: 1
x8: 1
x9: 0
