Builtin inference algorithms: {BP, EXACT, FBP, JTREE, TRWBP}

Exact variable marginals:
({x0}, (0.527759, 0.472241))
({x1}, (0.890924, 0.109076))
({x2}, (0.890925, 0.109075))
({x3}, (0.890925, 0.109075))
({x4}, (0.89092, 0.10908))
({x5}, (0.890924, 0.109076))
({x6}, (0.109075, 0.890925))
({x7}, (0.890925, 0.109075))
({x8}, (0.890215, 0.109785))
({x9}, (0.890924, 0.109076))
Exact factor marginals:
({x0}, (0.527759, 0.472241))
({x1}, (0.890924, 0.109076))
({x2}, (0.890925, 0.109075))
({x3}, (0.890925, 0.109075))
({x4}, (0.89092, 0.10908))
({x5}, (0.890924, 0.109076))
({x6}, (0.109075, 0.890925))
({x7}, (0.890925, 0.109075))
({x8}, (0.890215, 0.109785))
({x9}, (0.890924, 0.109076))
({x0, x1}, (0.509612, 0.381312, 0.0181477, 0.0909283))
({x0, x2}, (0.509612, 0.381312, 0.018147, 0.0909284))
({x0, x3}, (0.509612, 0.381312, 0.018147, 0.0909284))
({x0, x4}, (0.509608, 0.381312, 0.0181514, 0.0909283))
({x0, x5}, (0.509612, 0.381312, 0.0181472, 0.0909283))
({x0, x6}, (0.0181471, 0.0909283, 0.509612, 0.381312))
({x0, x7}, (0.509612, 0.381312, 0.0181471, 0.0909284))
({x0, x8}, (0.509611, 0.380604, 0.0181485, 0.0916363))
({x0, x9}, (0.509611, 0.381313, 0.018148, 0.0909279))
({x1, x2}, (0.890924, 7.34428e-07, 7.64473e-08, 0.109075))
({x1, x3}, (0.890924, 7.40563e-07, 1.27983e-07, 0.109075))
({x1, x4}, (0.89092, 4.95867e-07, 4.16765e-06, 0.109076))
({x1, x5}, (0.890924, 5.62495e-07, 2.3451e-08, 0.109075))
({x1, x6}, (2.00052e-08, 0.109075, 0.890924, 6.49354e-07))
({x1, x7}, (0.890924, 6.5208e-07, 7.92741e-08, 0.109075))
({x1, x8}, (0.890213, 2.6338e-06, 0.000711345, 0.109073))
({x1, x9}, (0.890923, 7.64911e-07, 5.80682e-07, 0.109075))
({x2, x3}, (0.890925, 8.00621e-09, 5.34059e-08, 0.109075))
({x2, x4}, (0.89092, 7.22515e-08, 4.40201e-06, 0.109075))
({x2, x5}, (0.890924, 5.74076e-08, 1.76343e-07, 0.109075))
({x2, x6}, (8.56356e-08, 0.109075, 0.890925, 5.70041e-08))
({x2, x7}, (0.890924, 5.9761e-08, 1.44935e-07, 0.109075))
({x2, x8}, (0.890213, 2.11957e-06, 0.000711488, 0.109073))
({x2, x9}, (0.890924, 5.24152e-07, 9.97904e-07, 0.109075))
({x3, x4}, (0.89092, 1.23785e-07, 4.40814e-06, 0.109075))
({x3, x5}, (0.890924, 1.08467e-07, 1.82004e-07, 0.109075))
({x3, x6}, (9.12158e-08, 0.109075, 0.890924, 1.07984e-07))
({x3, x7}, (0.890924, 1.10735e-07, 1.5051e-07, 0.109075))
({x3, x8}, (0.890213, 2.11619e-06, 0.00071144, 0.109073))
({x3, x9}, (0.890924, 5.75688e-07, 1.00404e-06, 0.109075))
({x4, x5}, (0.89092, 4.23006e-06, 1.92336e-08, 0.109075))
({x4, x6}, (1.5807e-08, 0.109075, 0.89092, 4.31693e-06))
({x4, x7}, (0.89092, 4.31964e-06, 7.50542e-08, 0.109075))
({x4, x8}, (0.890209, 6.50751e-06, 0.000711547, 0.109073))
({x4, x9}, (0.890919, 4.67609e-06, 8.20087e-07, 0.109075))
({x5, x6}, (4.88971e-10, 0.109075, 0.890924, 9.07933e-08))
({x5, x7}, (0.890924, 9.35099e-08, 5.97478e-08, 0.109075))
({x5, x8}, (0.890213, 2.2952e-06, 0.000711545, 0.109073))
({x5, x9}, (0.890924, 4.73229e-07, 8.28045e-07, 0.109075))
({x6, x7}, (2.88435e-09, 0.890925, 0.109075, 5.94267e-08))
({x6, x8}, (2.20441e-06, 0.890213, 0.109073, 0.000711545))
({x6, x9}, (4.68595e-07, 0.890924, 0.109075, 9.13715e-07))
({x7, x8}, (0.890213, 2.21231e-06, 0.000711496, 0.109073))
({x7, x9}, (0.890924, 5.27831e-07, 9.16409e-07, 0.109075))
({x8, x9}, (0.890212, 0.000712013, 3.11743e-06, 0.109073))
Exact log partition sum: 28.368
Exact MAP variable marginals:
({x0}, (0.572455, 0.427545))
({x1}, (0.848588, 0.151412))
({x2}, (0.848588, 0.151412))
({x3}, (0.848588, 0.151412))
({x4}, (0.848588, 0.151412))
({x5}, (0.848588, 0.151412))
({x6}, (0.151412, 0.848588))
({x7}, (0.848588, 0.151412))
({x8}, (0.848588, 0.151412))
({x9}, (0.848588, 0.151412))
Exact MAP factor marginals:
({x0}, (0.572455, 0.427545)) == ({x0}, (0.572455, 0.427545))
({x1}, (0.848588, 0.151412)) == ({x1}, (0.848588, 0.151412))
({x2}, (0.848588, 0.151412)) == ({x2}, (0.848588, 0.151412))
({x3}, (0.848588, 0.151412)) == ({x3}, (0.848588, 0.151412))
({x4}, (0.848588, 0.151412)) == ({x4}, (0.848588, 0.151412))
({x5}, (0.848588, 0.151412)) == ({x5}, (0.848588, 0.151412))
({x6}, (0.151412, 0.848588)) == ({x6}, (0.151412, 0.848588))
({x7}, (0.848588, 0.151412)) == ({x7}, (0.848588, 0.151412))
({x8}, (0.848588, 0.151412)) == ({x8}, (0.848588, 0.151412))
({x9}, (0.848588, 0.151412)) == ({x9}, (0.848588, 0.151412))
({x0, x1}, (0.50997, 0.380878, 0.018158, 0.0909933)) == ({x0, x1}, (0.50997, 0.380878, 0.018158, 0.0909933))
({x0, x2}, (0.50997, 0.380878, 0.018158, 0.0909933)) == ({x0, x2}, (0.50997, 0.380878, 0.018158, 0.0909933))
({x0, x3}, (0.50997, 0.380878, 0.018158, 0.0909933)) == ({x0, x3}, (0.50997, 0.380878, 0.018158, 0.0909933))
({x0, x4}, (0.50997, 0.380878, 0.018158, 0.0909933)) == ({x0, x4}, (0.50997, 0.380878, 0.018158, 0.0909933))
({x0, x5}, (0.50997, 0.380878, 0.018158, 0.0909933)) == ({x0, x5}, (0.50997, 0.380878, 0.018158, 0.0909933))
({x0, x6}, (0.018158, 0.0909933, 0.50997, 0.380878)) == ({x0, x6}, (0.018158, 0.0909933, 0.50997, 0.380878))
({x0, x7}, (0.50997, 0.380878, 0.018158, 0.0909933)) == ({x0, x7}, (0.50997, 0.380878, 0.018158, 0.0909933))
({x0, x8}, (0.50997, 0.380878, 0.018158, 0.0909933)) == ({x0, x8}, (0.50997, 0.380878, 0.018158, 0.0909933))
({x0, x9}, (0.50997, 0.380878, 0.018158, 0.0909933)) == ({x0, x9}, (0.50997, 0.380878, 0.018158, 0.0909933))
({x1, x2}, (0.848587, 3.74752e-07, 9.09494e-08, 0.151412)) == ({x1, x2}, (0.848587, 3.74752e-07, 9.09494e-08, 0.151412))
({x1, x3}, (0.848587, 3.74752e-07, 9.09494e-08, 0.151412)) == ({x1, x3}, (0.848587, 3.74752e-07, 9.09494e-08, 0.151412))
({x1, x4}, (0.848582, 3.74749e-07, 6.90624e-06, 0.151411)) == ({x1, x4}, (0.848582, 3.74749e-07, 6.90624e-06, 0.151411))
({x1, x5}, (0.848587, 3.74752e-07, 3.08585e-08, 0.151412)) == ({x1, x5}, (0.848587, 3.74752e-07, 3.08585e-08, 0.151412))
({x1, x6}, (3.08585e-08, 0.151412, 0.848587, 3.74752e-07)) == ({x1, x6}, (3.08585e-08, 0.151412, 0.848587, 3.74752e-07))
({x1, x7}, (0.848587, 3.74752e-07, 8.436e-08, 0.151412)) == ({x1, x7}, (0.848587, 3.74752e-07, 8.436e-08, 0.151412))
({x1, x8}, (0.847586, 3.45509e-06, 0.00117729, 0.151233)) == ({x1, x8}, (0.847586, 3.45509e-06, 0.00117729, 0.151233))
({x1, x9}, (0.848586, 7.47283e-07, 9.63179e-07, 0.151412)) == ({x1, x9}, (0.848586, 7.47283e-07, 9.63179e-07, 0.151412))
({x2, x3}, (0.848588, 6.95116e-09, 8.67452e-08, 0.151412)) == ({x2, x3}, (0.848588, 6.95116e-09, 8.67452e-08, 0.151412))
({x2, x4}, (0.848582, 9.09488e-08, 6.90624e-06, 0.151411)) == ({x2, x4}, (0.848582, 9.09488e-08, 6.90624e-06, 0.151411))
({x2, x5}, (0.848588, 9.09494e-08, 1.42694e-07, 0.151412)) == ({x2, x5}, (0.848588, 9.09494e-08, 1.42694e-07, 0.151412))
({x2, x6}, (1.40903e-07, 0.151412, 0.848588, 9.09494e-08)) == ({x2, x6}, (1.40903e-07, 0.151412, 0.848588, 9.09494e-08))
({x2, x7}, (0.848588, 9.09494e-08, 1.40903e-07, 0.151412)) == ({x2, x7}, (0.848588, 9.09494e-08, 1.40903e-07, 0.151412))
({x2, x8}, (0.847586, 3.45509e-06, 0.00117729, 0.151233)) == ({x2, x8}, (0.847586, 3.45509e-06, 0.00117729, 0.151233))
({x2, x9}, (0.848586, 7.47283e-07, 9.63179e-07, 0.151412)) == ({x2, x9}, (0.848586, 7.47283e-07, 9.63179e-07, 0.151412))
({x3, x4}, (0.848582, 9.09488e-08, 6.90624e-06, 0.151411)) == ({x3, x4}, (0.848582, 9.09488e-08, 6.90624e-06, 0.151411))
({x3, x5}, (0.848588, 9.09494e-08, 1.42694e-07, 0.151412)) == ({x3, x5}, (0.848588, 9.09494e-08, 1.42694e-07, 0.151412))
({x3, x6}, (1.40903e-07, 0.151412, 0.848588, 9.09494e-08)) == ({x3, x6}, (1.40903e-07, 0.151412, 0.848588, 9.09494e-08))
({x3, x7}, (0.848588, 9.09494e-08, 1.40903e-07, 0.151412)) == ({x3, x7}, (0.848588, 9.09494e-08, 1.40903e-07, 0.151412))
({x3, x8}, (0.847586, 3.45509e-06, 0.00117729, 0.151233)) == ({x3, x8}, (0.847586, 3.45509e-06, 0.00117729, 0.151233))
({x3, x9}, (0.848586, 7.47283e-07, 9.63179e-07, 0.151412)) == ({x3, x9}, (0.848586, 7.47283e-07, 9.63179e-07, 0.151412))
({x4, x5}, (0.848582, 6.90624e-06, 2.58272e-08, 0.151411)) == ({x4, x5}, (0.848582, 6.90624e-06, 2.58272e-08, 0.151411))
({x4, x6}, (2.58272e-08, 0.151411, 0.848582, 6.90624e-06)) == ({x4, x6}, (2.58272e-08, 0.151411, 0.848582, 6.90624e-06))
({x4, x7}, (0.848582, 6.90624e-06, 8.43595e-08, 0.151411)) == ({x4, x7}, (0.848582, 6.90624e-06, 8.43595e-08, 0.151411))
({x4, x8}, (0.847583, 6.89811e-06, 0.00117728, 0.151233)) == ({x4, x8}, (0.847583, 6.89811e-06, 0.00117728, 0.151233))
({x4, x9}, (0.848581, 6.90624e-06, 9.63173e-07, 0.151411)) == ({x4, x9}, (0.848581, 6.90624e-06, 9.63173e-07, 0.151411))
({x5, x6}, (4.24074e-10, 0.151412, 0.848588, 1.42694e-07)) == ({x5, x6}, (4.24074e-10, 0.151412, 0.848588, 1.42694e-07))
({x5, x7}, (0.848588, 1.42694e-07, 8.436e-08, 0.151412)) == ({x5, x7}, (0.848588, 1.42694e-07, 8.436e-08, 0.151412))
({x5, x8}, (0.847586, 3.45509e-06, 0.00117729, 0.151233)) == ({x5, x8}, (0.847586, 3.45509e-06, 0.00117729, 0.151233))
({x5, x9}, (0.848586, 7.47283e-07, 9.63179e-07, 0.151412)) == ({x5, x9}, (0.848586, 7.47283e-07, 9.63179e-07, 0.151412))
({x6, x7}, (3.37345e-09, 0.848588, 0.151412, 8.436e-08)) == ({x6, x7}, (3.37345e-09, 0.848588, 0.151412, 8.436e-08))
({x6, x8}, (3.45509e-06, 0.847586, 0.151233, 0.00117729)) == ({x6, x8}, (3.45509e-06, 0.847586, 0.151233, 0.00117729))
({x6, x9}, (7.47283e-07, 0.848586, 0.151412, 9.63179e-07)) == ({x6, x9}, (7.47283e-07, 0.848586, 0.151412, 9.63179e-07))
({x7, x8}, (0.847586, 3.45509e-06, 0.00117729, 0.151233)) == ({x7, x8}, (0.847586, 3.45509e-06, 0.00117729, 0.151233))
({x7, x9}, (0.848586, 7.47283e-07, 9.63179e-07, 0.151412)) == ({x7, x9}, (0.848586, 7.47283e-07, 9.63179e-07, 0.151412))
({x8, x9}, (0.847586, 0.00117729, 3.45509e-06, 0.151233)) == ({x8, x9}, (0.847586, 0.00117729, 3.45509e-06, 0.151233))
Exact MAP state (log score = 27.6939):
x0: 0
x1: 0
x2: 0
x3: 0
x4: 0
x5: 0
x6: 1
x7: 0
x8: 0
x9: 0
