Builtin inference algorithms: {BP, EXACT, FBP, JTREE, TRWBP}

Exact variable marginals:
({x0}, (0.484208, 0.515792))
({x1}, (0.534177, 0.465823))
({x2}, (0.288225, 0.711775))
({x3}, (0.666377, 0.333623))
({x4}, (0.224133, 0.775867))
({x5}, (0.834109, 0.165891))
({x6}, (0.50997, 0.49003))
({x7}, (0.605389, 0.394611))
({x8}, (0.219216, 0.780784))
({x9}, (0.89948, 0.10052))
Exact factor marginals:
({x0}, (0.484208, 0.515792))
({x1}, (0.534177, 0.465823))
({x2}, (0.288225, 0.711775))
({x3}, (0.666377, 0.333623))
({x4}, (0.224133, 0.775867))
({x5}, (0.834109, 0.165891))
({x6}, (0.50997, 0.49003))
({x7}, (0.605389, 0.394611))
({x8}, (0.219216, 0.780784))
({x9}, (0.89948, 0.10052))
({x0, x1}, (0.170649, 0.363529, 0.31356, 0.152263))
({x0, x2}, (0.151715, 0.13651, 0.332494, 0.379281))
({x0, x3}, (0.308361, 0.358016, 0.175847, 0.157775))
({x0, x4}, (0.166571, 0.0575616, 0.317637, 0.45823))
({x0, x5}, (0.371633, 0.462476, 0.112575, 0.0533159))
({x0, x6}, (0.195838, 0.314133, 0.28837, 0.201659))
({x0, x7}, (0.230661, 0.374729, 0.253548, 0.141063))
({x0, x8}, (0.0818623, 0.137354, 0.402346, 0.378438))
({x0, x9}, (0.407611, 0.491869, 0.076597, 0.0239232))
({x1, x2}, (0.193183, 0.0950419, 0.340994, 0.370781))
({x1, x3}, (0.426492, 0.239886, 0.107686, 0.225937))
({x1, x4}, (0.107606, 0.116527, 0.426571, 0.349296))
({x1, x5}, (0.487189, 0.34692, 0.0469884, 0.118903))
({x1, x6}, (0.385976, 0.123995, 0.148202, 0.341828))
({x1, x7}, (0.398354, 0.207036, 0.135824, 0.258787))
({x1, x8}, (0.149374, 0.0698419, 0.384803, 0.395981))
({x1, x9}, (0.502522, 0.396958, 0.031655, 0.0688652))
({x2, x3}, (0.182367, 0.48401, 0.105858, 0.227765))
({x2, x4}, (0.0243495, 0.199783, 0.263876, 0.511992))
({x2, x5}, (0.240713, 0.593396, 0.0475123, 0.118379))
({x2, x6}, (0.196808, 0.313163, 0.0914173, 0.398612))
({x2, x7}, (0.156913, 0.448477, 0.131312, 0.263298))
({x2, x8}, (0.0352927, 0.183923, 0.252932, 0.527851))
({x2, x9}, (0.260746, 0.638734, 0.0274791, 0.0730411))
({x3, x4}, (0.135156, 0.088977, 0.531222, 0.244646))
({x3, x5}, (0.547016, 0.287093, 0.119362, 0.0465295))
({x3, x6}, (0.438594, 0.0713762, 0.227783, 0.262246))
({x3, x7}, (0.424907, 0.180482, 0.24147, 0.153141))
({x3, x8}, (0.186567, 0.0326489, 0.47981, 0.300974))
({x3, x9}, (0.635587, 0.263893, 0.0307904, 0.0697298))
({x4, x5}, (0.159406, 0.674703, 0.0647266, 0.101165))
({x4, x6}, (0.053696, 0.456274, 0.170437, 0.319593))
({x4, x7}, (0.0981163, 0.507273, 0.126017, 0.268594))
({x4, x8}, (0.0575106, 0.161706, 0.166622, 0.614162))
({x4, x9}, (0.155945, 0.743535, 0.0681879, 0.0323323))
({x5, x6}, (0.450966, 0.0590043, 0.383143, 0.106887))
({x5, x7}, (0.538237, 0.0671526, 0.295872, 0.0987386))
({x5, x8}, (0.198855, 0.0203614, 0.635254, 0.14553))
({x5, x9}, (0.762994, 0.136485, 0.0711144, 0.0294058))
({x6, x7}, (0.382158, 0.223231, 0.127812, 0.266799))
({x6, x8}, (0.159649, 0.0595668, 0.350321, 0.430463))
({x6, x9}, (0.501594, 0.397885, 0.00837599, 0.0921442))
({x7, x8}, (0.192626, 0.0265905, 0.412764, 0.36802))
({x7, x9}, (0.583737, 0.315742, 0.0216518, 0.0788684))
({x8, x9}, (0.200113, 0.699367, 0.0191029, 0.0814173))
Exact log partition sum: 7.26566
Exact MAP variable marginals:
({x0}, (0.255513, 0.744487))
({x1}, (0.708916, 0.291084))
({x2}, (0.360049, 0.639951))
({x3}, (0.708916, 0.291084))
({x4}, (0.161185, 0.838815))
({x5}, (0.842931, 0.157069))
({x6}, (0.708916, 0.291084))
({x7}, (0.76029, 0.23971))
({x8}, (0.484446, 0.515554))
({x9}, (0.838815, 0.161185))
Exact MAP factor marginals:
({x0}, (0.255513, 0.744487)) == ({x0}, (0.255513, 0.744487))
({x1}, (0.708916, 0.291084)) == ({x1}, (0.708916, 0.291084))
({x2}, (0.360049, 0.639951)) == ({x2}, (0.360049, 0.639951))
({x3}, (0.708916, 0.291084)) == ({x3}, (0.708916, 0.291084))
({x4}, (0.161185, 0.838815)) == ({x4}, (0.161185, 0.838815))
({x5}, (0.842931, 0.157069)) == ({x5}, (0.842931, 0.157069))
({x6}, (0.708916, 0.291084)) == ({x6}, (0.708916, 0.291084))
({x7}, (0.76029, 0.23971)) == ({x7}, (0.76029, 0.23971))
({x8}, (0.484446, 0.515554)) == ({x8}, (0.484446, 0.515554))
({x9}, (0.838815, 0.161185)) == ({x9}, (0.838815, 0.161185))
({x0, x1}, (0.165734, 0.482899, 0.153086, 0.198281)) == ({x0, x1}, (0.165734, 0.482899, 0.153086, 0.198281))
({x0, x2}, (0.1544, 0.253109, 0.142617, 0.449874)) == ({x0, x2}, (0.1544, 0.253109, 0.142617, 0.449874))
({x0, x3}, (0.165734, 0.482899, 0.153086, 0.198281)) == ({x0, x3}, (0.165734, 0.482899, 0.153086, 0.198281))
({x0, x4}, (0.11495, 0.0815392, 0.205308, 0.598203)) == ({x0, x4}, (0.11495, 0.0815392, 0.205308, 0.598203))
({x0, x5}, (0.214603, 0.625286, 0.116514, 0.043597)) == ({x0, x5}, (0.214603, 0.625286, 0.116514, 0.043597))
({x0, x6}, (0.165734, 0.482899, 0.153086, 0.198281)) == ({x0, x6}, (0.165734, 0.482899, 0.153086, 0.198281))
({x0, x7}, (0.176995, 0.515708, 0.162596, 0.144701)) == ({x0, x7}, (0.176995, 0.515708, 0.162596, 0.144701))
({x0, x8}, (0.0646418, 0.385006, 0.140622, 0.409729)) == ({x0, x8}, (0.0646418, 0.385006, 0.140622, 0.409729))
({x0, x9}, (0.218569, 0.636841, 0.122374, 0.0222162)) == ({x0, x9}, (0.218569, 0.636841, 0.122374, 0.0222162))
({x1, x2}, (0.262379, 0.0797851, 0.466351, 0.191486)) == ({x1, x2}, (0.262379, 0.0797851, 0.466351, 0.191486))
({x1, x3}, (0.51114, 0.161156, 0.117827, 0.209877)) == ({x1, x3}, (0.51114, 0.161156, 0.117827, 0.209877))
({x1, x4}, (0.0783791, 0.110495, 0.57502, 0.236106)) == ({x1, x4}, (0.0783791, 0.110495, 0.57502, 0.236106))
({x1, x5}, (0.600374, 0.246517, 0.0412377, 0.111871)) == ({x1, x5}, (0.600374, 0.246517, 0.0412377, 0.111871))
({x1, x6}, (0.547036, 0.0919001, 0.136449, 0.224616)) == ({x1, x6}, (0.547036, 0.0919001, 0.136449, 0.224616))
({x1, x7}, (0.498385, 0.204639, 0.139841, 0.157135)) == ({x1, x7}, (0.498385, 0.204639, 0.139841, 0.157135))
({x1, x8}, (0.376088, 0.0593328, 0.400239, 0.16434)) == ({x1, x8}, (0.376088, 0.0593328, 0.400239, 0.16434))
({x1, x9}, (0.609459, 0.250247, 0.0231815, 0.117113)) == ({x1, x9}, (0.609459, 0.250247, 0.0231815, 0.117113))
({x2, x3}, (0.255302, 0.453773, 0.104603, 0.186322)) == ({x2, x3}, (0.255302, 0.453773, 0.104603, 0.186322))
({x2, x4}, (0.0196987, 0.107349, 0.314306, 0.558647)) == ({x2, x4}, (0.0196987, 0.107349, 0.314306, 0.558647))
({x2, x5}, (0.308158, 0.547718, 0.0420641, 0.10206)) == ({x2, x5}, (0.308158, 0.547718, 0.0420641, 0.10206))
({x2, x6}, (0.262379, 0.466351, 0.0797851, 0.191486)) == ({x2, x6}, (0.262379, 0.466351, 0.0797851, 0.191486))
({x2, x7}, (0.260654, 0.463285, 0.129992, 0.146068)) == ({x2, x7}, (0.260654, 0.463285, 0.129992, 0.146068))
({x2, x8}, (0.0818049, 0.344802, 0.20645, 0.366943)) == ({x2, x8}, (0.0818049, 0.344802, 0.20645, 0.366943))
({x2, x9}, (0.30777, 0.547029, 0.0400846, 0.105116)) == ({x2, x9}, (0.30777, 0.547029, 0.0400846, 0.105116))
({x3, x4}, (0.104151, 0.107405, 0.55894, 0.229504)) == ({x3, x4}, (0.104151, 0.107405, 0.55894, 0.229504))
({x3, x5}, (0.585256, 0.240309, 0.109054, 0.0653804)) == ({x3, x5}, (0.585256, 0.240309, 0.109054, 0.0653804))
({x3, x6}, (0.51114, 0.117827, 0.161156, 0.209877)) == ({x3, x6}, (0.51114, 0.117827, 0.161156, 0.209877))
({x3, x7}, (0.502129, 0.206177, 0.158315, 0.13338)) == ({x3, x7}, (0.502129, 0.206177, 0.158315, 0.13338))
({x3, x8}, (0.390297, 0.023794, 0.41536, 0.170549)) == ({x3, x8}, (0.390297, 0.023794, 0.41536, 0.170549))
({x3, x9}, (0.596314, 0.244849, 0.0442502, 0.114587)) == ({x3, x9}, (0.596314, 0.244849, 0.0442502, 0.114587))
({x4, x5}, (0.126014, 0.655783, 0.122196, 0.096007)) == ({x4, x5}, (0.126014, 0.655783, 0.122196, 0.096007))
({x4, x6}, (0.0783791, 0.57502, 0.110495, 0.236106)) == ({x4, x6}, (0.0783791, 0.57502, 0.110495, 0.236106))
({x4, x7}, (0.0829241, 0.608364, 0.116902, 0.19181)) == ({x4, x7}, (0.0829241, 0.608364, 0.116902, 0.19181))
({x4, x8}, (0.0600967, 0.414289, 0.0847212, 0.440893)) == ({x4, x8}, (0.0600967, 0.414289, 0.0847212, 0.440893))
({x4, x9}, (0.128351, 0.688814, 0.132361, 0.0504742)) == ({x4, x9}, (0.128351, 0.688814, 0.132361, 0.0504742))
({x5, x6}, (0.597464, 0.0458845, 0.245322, 0.111329)) == ({x5, x6}, (0.597464, 0.0458845, 0.245322, 0.111329))
({x5, x7}, (0.636817, 0.0437408, 0.20078, 0.118662)) == ({x5, x7}, (0.636817, 0.0437408, 0.20078, 0.118662))
({x5, x8}, (0.435283, 0.0151661, 0.463234, 0.0863173)) == ({x5, x8}, (0.435283, 0.0151661, 0.463234, 0.0863173))
({x5, x9}, (0.671048, 0.125041, 0.128947, 0.0749644)) == ({x5, x9}, (0.671048, 0.125041, 0.128947, 0.0749644))
({x6, x7}, (0.498385, 0.204639, 0.139841, 0.157135)) == ({x6, x7}, (0.498385, 0.204639, 0.139841, 0.157135))
({x6, x8}, (0.386509, 0.0332699, 0.411328, 0.168893)) == ({x6, x8}, (0.386509, 0.0332699, 0.411328, 0.168893))
({x6, x9}, (0.621264, 0.255094, 0.00426079, 0.119381)) == ({x6, x9}, (0.621264, 0.255094, 0.00426079, 0.119381))
({x7, x8}, (0.411095, 0.0134761, 0.437493, 0.137936)) == ({x7, x8}, (0.411095, 0.0134761, 0.437493, 0.137936))
({x7, x9}, (0.652979, 0.205876, 0.0156703, 0.125475)) == ({x7, x9}, (0.652979, 0.205876, 0.0156703, 0.125475))
({x8, x9}, (0.435224, 0.463172, 0.0126014, 0.0890023)) == ({x8, x9}, (0.435224, 0.463172, 0.0126014, 0.0890023))
Exact MAP state (log score = 4.48546):
x0: 1
x1: 0
x2: 1
x3: 0
x4: 1
x5: 0
x6: 0
x7: 0
x8: 1
x9: 0
