Builtin inference algorithms: {BP, EXACT, FBP, JTREE, TRWBP}

Exact variable marginals:
({x0}, (0.949292, 0.0507082))
({x1}, (0.953306, 0.0466944))
({x2}, (0.94491, 0.0550898))
({x3}, (0.953304, 0.0466956))
({x4}, (0.0499217, 0.950078))
({x5}, (0.953306, 0.0466944))
({x6}, (0.953306, 0.0466944))
({x7}, (0.0466944, 0.953306))
({x8}, (0.0466944, 0.953306))
({x9}, (0.953303, 0.0466974))
Exact factor marginals:
({x0}, (0.949292, 0.0507082))
({x1}, (0.953306, 0.0466944))
({x2}, (0.94491, 0.0550898))
({x3}, (0.953304, 0.0466956))
({x4}, (0.0499217, 0.950078))
({x5}, (0.953306, 0.0466944))
({x6}, (0.953306, 0.0466944))
({x7}, (0.0466944, 0.953306))
({x8}, (0.0466944, 0.953306))
({x9}, (0.953303, 0.0466974))
({x0, x1}, (0.940462, 0.0128431, 0.00882927, 0.0378651))
({x0, x2}, (0.944879, 3.12948e-05, 0.00441288, 0.0506769))
({x0, x3}, (0.940461, 0.0128431, 0.00883045, 0.0378651))
({x0, x4}, (0.0120495, 0.0378722, 0.937242, 0.012836))
({x0, x5}, (0.940463, 0.0128431, 0.00882924, 0.0378651))
({x0, x6}, (0.940463, 0.0128431, 0.00882926, 0.0378651))
({x0, x7}, (0.00882925, 0.0378651, 0.940463, 0.0128431))
({x0, x8}, (0.00882926, 0.0378651, 0.940463, 0.0128431))
({x0, x9}, (0.940463, 0.01284, 0.0088292, 0.0378682))
({x1, x2}, (0.936068, 0.0088422, 0.0172376, 0.0378522))
({x1, x3}, (0.953304, 5.51574e-09, 1.19475e-06, 0.0466944))
({x1, x4}, (0.00323168, 0.04669, 0.950074, 4.3831e-06))
({x1, x5}, (0.953306, 2.94336e-08, 6.9242e-09, 0.0466944))
({x1, x6}, (0.953306, 1.09619e-08, 5.99981e-09, 0.0466944))
({x1, x7}, (1.00401e-08, 0.0466944, 0.953306, 3.05918e-08))
({x1, x8}, (5.4188e-09, 0.0466944, 0.953306, 1.09642e-08))
({x1, x9}, (0.953303, 6.30469e-08, 3.07247e-06, 0.0466943))
({x2, x3}, (0.936068, 0.0172366, 0.00884235, 0.0378532))
({x2, x4}, (0.00883861, 0.0410831, 0.936072, 0.0140068))
({x2, x5}, (0.936068, 0.0172376, 0.00884219, 0.0378522))
({x2, x6}, (0.936068, 0.0172376, 0.00884219, 0.0378522))
({x2, x7}, (0.0088422, 0.0378522, 0.936068, 0.0172377))
({x2, x8}, (0.00884219, 0.0378522, 0.936068, 0.0172376))
({x2, x9}, (0.936068, 0.0172346, 0.00884214, 0.0378553))
({x3, x4}, (0.00323052, 0.0466912, 0.950074, 4.4136e-06))
({x3, x5}, (0.953304, 1.21711e-06, 5.37287e-09, 0.0466944))
({x3, x6}, (0.953304, 1.19866e-06, 4.46253e-09, 0.0466944))
({x3, x7}, (8.17383e-09, 0.0466944, 0.953304, 1.21796e-06))
({x3, x8}, (3.88142e-09, 0.0466944, 0.953304, 1.19866e-06))
({x3, x9}, (0.953301, 1.25066e-06, 3.07085e-06, 0.0466943))
({x4, x5}, (0.00323169, 0.950074, 0.04669, 4.37817e-06))
({x4, x6}, (0.00323168, 0.950074, 0.04669, 4.37663e-06))
({x4, x7}, (0.04669, 4.38602e-06, 0.0032317, 0.950074))
({x4, x8}, (0.04669, 4.37665e-06, 0.00323168, 0.950074))
({x4, x9}, (0.00323173, 0.950071, 0.04669, 7.443e-06))
({x5, x6}, (0.953306, 1.58294e-09, 1.91303e-08, 0.0466944))
({x5, x7}, (9.15958e-09, 0.0466944, 0.953306, 7.20179e-09))
({x5, x8}, (1.85019e-08, 0.0466944, 0.953306, 1.53781e-09))
({x5, x9}, (0.953303, 5.35044e-08, 3.08543e-06, 0.0466943))
({x6, x7}, (9.41272e-09, 0.0466944, 0.953306, 2.50023e-08))
({x6, x8}, (7.22861e-11, 0.0466944, 0.953306, 6.55605e-10))
({x6, x9}, (0.953303, 5.27395e-08, 3.06712e-06, 0.0466943))
({x7, x8}, (0.0466944, 2.44077e-08, 9.40141e-09, 0.953306))
({x7, x9}, (6.14852e-08, 0.953303, 0.0466943, 3.09145e-06))
({x8, x9}, (5.20926e-08, 0.953303, 0.0466943, 3.06706e-06))
Exact log partition sum: 60.1654
Exact MAP variable marginals:
({x0}, (0.961145, 0.0388549))
({x1}, (0.961145, 0.0388549))
({x2}, (0.961145, 0.0388549))
({x3}, (0.961145, 0.0388549))
({x4}, (0.0388549, 0.961145))
({x5}, (0.961145, 0.0388549))
({x6}, (0.961145, 0.0388549))
({x7}, (0.0388549, 0.961145))
({x8}, (0.0388549, 0.961145))
({x9}, (0.961145, 0.0388549))
Exact MAP factor marginals:
({x0}, (0.961145, 0.0388549)) == ({x0}, (0.961145, 0.0388549))
({x1}, (0.961145, 0.0388549)) == ({x1}, (0.961145, 0.0388549))
({x2}, (0.961145, 0.0388549)) == ({x2}, (0.961145, 0.0388549))
({x3}, (0.961145, 0.0388549)) == ({x3}, (0.961145, 0.0388549))
({x4}, (0.0388549, 0.961145)) == ({x4}, (0.0388549, 0.961145))
({x5}, (0.961145, 0.0388549)) == ({x5}, (0.961145, 0.0388549))
({x6}, (0.961145, 0.0388549)) == ({x6}, (0.961145, 0.0388549))
({x7}, (0.0388549, 0.961145)) == ({x7}, (0.0388549, 0.961145))
({x8}, (0.0388549, 0.961145)) == ({x8}, (0.0388549, 0.961145))
({x9}, (0.961145, 0.0388549)) == ({x9}, (0.961145, 0.0388549))
({x0, x1}, (0.940253, 0.0128795, 0.00885685, 0.0380104)) == ({x0, x1}, (0.940253, 0.0128795, 0.00885685, 0.0380104))
({x0, x2}, (0.957959, 2.08899e-05, 0.0032942, 0.0387261)) == ({x0, x2}, (0.957959, 2.08899e-05, 0.0032942, 0.0387261))
({x0, x3}, (0.940253, 0.0128795, 0.00885685, 0.0380104)) == ({x0, x3}, (0.940253, 0.0128795, 0.00885685, 0.0380104))
({x0, x4}, (0.00885685, 0.0380104, 0.940253, 0.0128795)) == ({x0, x4}, (0.00885685, 0.0380104, 0.940253, 0.0128795))
({x0, x5}, (0.940253, 0.0128795, 0.00885685, 0.0380104)) == ({x0, x5}, (0.940253, 0.0128795, 0.00885685, 0.0380104))
({x0, x6}, (0.940253, 0.0128795, 0.00885685, 0.0380104)) == ({x0, x6}, (0.940253, 0.0128795, 0.00885685, 0.0380104))
({x0, x7}, (0.00885685, 0.0380104, 0.940253, 0.0128795)) == ({x0, x7}, (0.00885685, 0.0380104, 0.940253, 0.0128795))
({x0, x8}, (0.00885685, 0.0380104, 0.940253, 0.0128795)) == ({x0, x8}, (0.00885685, 0.0380104, 0.940253, 0.0128795))
({x0, x9}, (0.940253, 0.0128795, 0.00885685, 0.0380104)) == ({x0, x9}, (0.940253, 0.0128795, 0.00885685, 0.0380104))
({x1, x2}, (0.940253, 0.00885685, 0.0128795, 0.0380104)) == ({x1, x2}, (0.940253, 0.00885685, 0.0128795, 0.0380104))
({x1, x3}, (0.961144, 4.35959e-09, 1.05925e-06, 0.0388549)) == ({x1, x3}, (0.961144, 4.35959e-09, 1.05925e-06, 0.0388549))
({x1, x4}, (0.00329425, 0.0387268, 0.957975, 3.94296e-06)) == ({x1, x4}, (0.00329425, 0.0387268, 0.957975, 3.94296e-06))
({x1, x5}, (0.961145, 1.87097e-08, 2.78397e-09, 0.0388549)) == ({x1, x5}, (0.961145, 1.87097e-08, 2.78397e-09, 0.0388549))
({x1, x6}, (0.961145, 4.52397e-09, 2.78397e-09, 0.0388549)) == ({x1, x6}, (0.961145, 4.52397e-09, 2.78397e-09, 0.0388549))
({x1, x7}, (6.7166e-09, 0.0388549, 0.961145, 1.87097e-08)) == ({x1, x7}, (6.7166e-09, 0.0388549, 0.961145, 1.87097e-08))
({x1, x8}, (2.78397e-09, 0.0388549, 0.961145, 4.52397e-09)) == ({x1, x8}, (2.78397e-09, 0.0388549, 0.961145, 4.52397e-09))
({x1, x9}, (0.961142, 5.34785e-08, 3.14798e-06, 0.0388548)) == ({x1, x9}, (0.961142, 5.34785e-08, 3.14798e-06, 0.0388548))
({x2, x3}, (0.940253, 0.0128795, 0.00885685, 0.0380104)) == ({x2, x3}, (0.940253, 0.0128795, 0.00885685, 0.0380104))
({x2, x4}, (0.00885685, 0.0380104, 0.940253, 0.0128795)) == ({x2, x4}, (0.00885685, 0.0380104, 0.940253, 0.0128795))
({x2, x5}, (0.940253, 0.0128795, 0.00885685, 0.0380104)) == ({x2, x5}, (0.940253, 0.0128795, 0.00885685, 0.0380104))
({x2, x6}, (0.940253, 0.0128795, 0.00885685, 0.0380104)) == ({x2, x6}, (0.940253, 0.0128795, 0.00885685, 0.0380104))
({x2, x7}, (0.00885685, 0.0380104, 0.940253, 0.0128795)) == ({x2, x7}, (0.00885685, 0.0380104, 0.940253, 0.0128795))
({x2, x8}, (0.00885685, 0.0380104, 0.940253, 0.0128795)) == ({x2, x8}, (0.00885685, 0.0380104, 0.940253, 0.0128795))
({x2, x9}, (0.940253, 0.0128795, 0.00885685, 0.0380104)) == ({x2, x9}, (0.940253, 0.0128795, 0.00885685, 0.0380104))
({x3, x4}, (0.00329425, 0.0387268, 0.957975, 3.94296e-06)) == ({x3, x4}, (0.00329425, 0.0387268, 0.957975, 3.94296e-06))
({x3, x5}, (0.961144, 1.05925e-06, 2.78397e-09, 0.0388549)) == ({x3, x5}, (0.961144, 1.05925e-06, 2.78397e-09, 0.0388549))
({x3, x6}, (0.961144, 1.05925e-06, 2.78397e-09, 0.0388549)) == ({x3, x6}, (0.961144, 1.05925e-06, 2.78397e-09, 0.0388549))
({x3, x7}, (6.71659e-09, 0.0388549, 0.961144, 1.05925e-06)) == ({x3, x7}, (6.71659e-09, 0.0388549, 0.961144, 1.05925e-06))
({x3, x8}, (2.78397e-09, 0.0388549, 0.961144, 1.05925e-06)) == ({x3, x8}, (2.78397e-09, 0.0388549, 0.961144, 1.05925e-06))
({x3, x9}, (0.961141, 1.05924e-06, 3.14798e-06, 0.0388548)) == ({x3, x9}, (0.961141, 1.05924e-06, 3.14798e-06, 0.0388548))
({x4, x5}, (0.00329425, 0.957975, 0.0387268, 3.94296e-06)) == ({x4, x5}, (0.00329425, 0.957975, 0.0387268, 3.94296e-06))
({x4, x6}, (0.00329425, 0.957975, 0.0387268, 3.94296e-06)) == ({x4, x6}, (0.00329425, 0.957975, 0.0387268, 3.94296e-06))
({x4, x7}, (0.0387268, 3.94296e-06, 0.00329425, 0.957975)) == ({x4, x7}, (0.0387268, 3.94296e-06, 0.00329425, 0.957975))
({x4, x8}, (0.0387268, 3.94296e-06, 0.00329425, 0.957975)) == ({x4, x8}, (0.0387268, 3.94296e-06, 0.00329425, 0.957975))
({x4, x9}, (0.00329425, 0.957975, 0.0387268, 3.94296e-06)) == ({x4, x9}, (0.00329425, 0.957975, 0.0387268, 3.94296e-06))
({x5, x6}, (0.961145, 9.60647e-10, 1.87097e-08, 0.0388549)) == ({x5, x6}, (0.961145, 9.60647e-10, 1.87097e-08, 0.0388549))
({x5, x7}, (6.7166e-09, 0.0388549, 0.961145, 2.78397e-09)) == ({x5, x7}, (6.7166e-09, 0.0388549, 0.961145, 2.78397e-09))
({x5, x8}, (1.87097e-08, 0.0388549, 0.961145, 9.60647e-10)) == ({x5, x8}, (1.87097e-08, 0.0388549, 0.961145, 9.60647e-10))
({x5, x9}, (0.961142, 5.34785e-08, 3.14798e-06, 0.0388548)) == ({x5, x9}, (0.961142, 5.34785e-08, 3.14798e-06, 0.0388548))
({x6, x7}, (6.7166e-09, 0.0388549, 0.961145, 1.87097e-08)) == ({x6, x7}, (6.7166e-09, 0.0388549, 0.961145, 1.87097e-08))
({x6, x8}, (2.97389e-11, 0.0388549, 0.961145, 6.47032e-10)) == ({x6, x8}, (2.97389e-11, 0.0388549, 0.961145, 6.47032e-10))
({x6, x9}, (0.961142, 5.34785e-08, 3.14798e-06, 0.0388548)) == ({x6, x9}, (0.961142, 5.34785e-08, 3.14798e-06, 0.0388548))
({x7, x8}, (0.0388549, 1.87097e-08, 6.7166e-09, 0.961145)) == ({x7, x8}, (0.0388549, 1.87097e-08, 6.7166e-09, 0.961145))
({x7, x9}, (5.34785e-08, 0.961142, 0.0388548, 3.14798e-06)) == ({x7, x9}, (5.34785e-08, 0.961142, 0.0388548, 3.14798e-06))
({x8, x9}, (5.34785e-08, 0.961142, 0.0388548, 3.14798e-06)) == ({x8, x9}, (5.34785e-08, 0.961142, 0.0388548, 3.14798e-06))
Exact MAP state (log score = 60.0993):
x0: 0
x1: 0
x2: 0
x3: 0
x4: 1
x5: 0
x6: 0
x7: 1
x8: 1
x9: 0
