Builtin inference algorithms: {BP, EXACT, FBP, JTREE, TRWBP}

Exact variable marginals:
({x0}, (0.664493, 0.335507))
({x1}, (0.664497, 0.335503))
({x2}, (0.335502, 0.664498))
({x3}, (0.335504, 0.664496))
({x4}, (0.664495, 0.335505))
({x5}, (0.335503, 0.664497))
({x6}, (0.335503, 0.664497))
({x7}, (0.489935, 0.510065))
({x8}, (0.664497, 0.335503))
({x9}, (0.664497, 0.335503))
Exact factor marginals:
({x0}, (0.664493, 0.335507))
({x1}, (0.664497, 0.335503))
({x2}, (0.335502, 0.664498))
({x3}, (0.335504, 0.664496))
({x4}, (0.664495, 0.335505))
({x5}, (0.335503, 0.664497))
({x6}, (0.335503, 0.664497))
({x7}, (0.489935, 0.510065))
({x8}, (0.664497, 0.335503))
({x9}, (0.664497, 0.335503))
({x0, x1}, (0.664492, 4.86152e-06, 1.08934e-06, 0.335502))
({x0, x2}, (1.29824e-06, 0.335501, 0.664492, 6.1257e-06))
({x0, x3}, (1.07668e-06, 0.335503, 0.664492, 4.13559e-06))
({x0, x4}, (0.66449, 4.96448e-06, 2.95348e-06, 0.335502))
({x0, x5}, (1.04191e-06, 0.335502, 0.664492, 4.78678e-06))
({x0, x6}, (1.06505e-06, 0.335502, 0.664492, 4.79028e-06))
({x0, x7}, (0.162606, 0.327329, 0.501887, 0.00817811))
({x0, x8}, (0.664492, 4.78821e-06, 1.04217e-06, 0.335502))
({x0, x9}, (0.664492, 4.84512e-06, 1.08968e-06, 0.335502))
({x1, x2}, (3.58282e-07, 0.335502, 0.664497, 1.41356e-06))
({x1, x3}, (7.77173e-07, 0.335503, 0.664496, 6.39012e-08))
({x1, x4}, (0.664495, 1.2668e-07, 1.88786e-06, 0.335503))
({x1, x5}, (7.47437e-08, 0.335503, 0.664497, 4.74215e-08))
({x1, x6}, (9.93074e-08, 0.335503, 0.664497, 5.23529e-08))
({x1, x7}, (0.162607, 0.327327, 0.50189, 0.00817559))
({x1, x8}, (0.664497, 4.71616e-08, 7.33146e-08, 0.335503))
({x1, x9}, (0.664497, 1.21813e-08, 2.89344e-08, 0.335503))
({x2, x3}, (0.335502, 2.08097e-06, 3.12427e-07, 0.664496))
({x2, x4}, (4.68912e-07, 0.664495, 0.335501, 3.28537e-06))
({x2, x5}, (0.335502, 1.37853e-06, 2.9593e-07, 0.664497))
({x2, x6}, (0.335502, 1.4031e-06, 3.00875e-07, 0.664497))
({x2, x7}, (0.327327, 0.162608, 0.00817505, 0.50189))
({x2, x8}, (2.95795e-07, 0.664497, 0.335502, 1.37722e-06))
({x2, x9}, (3.56177e-07, 0.664497, 0.335502, 1.42821e-06))
({x3, x4}, (8.79989e-07, 0.664494, 0.335503, 1.9279e-06))
({x3, x5}, (0.335503, 1.64976e-08, 7.02447e-07, 0.664496))
({x3, x6}, (0.335503, 3.96122e-08, 7.05929e-07, 0.664496))
({x3, x7}, (0.327327, 0.162607, 0.00817637, 0.501889))
({x3, x8}, (7.03862e-07, 0.664496, 0.335503, 1.67438e-08))
({x3, x9}, (7.63002e-07, 0.664496, 0.335503, 6.64832e-08))
({x4, x5}, (1.77736e-07, 0.335503, 0.664495, 1.91159e-06))
({x4, x6}, (2.02299e-07, 0.335503, 0.664495, 1.91652e-06))
({x4, x7}, (0.162605, 0.327329, 0.50189, 0.00817549))
({x4, x8}, (0.664495, 1.91133e-06, 1.76307e-07, 0.335503))
({x4, x9}, (0.664495, 1.87014e-06, 1.25715e-07, 0.335503))
({x5, x6}, (0.335503, 2.45845e-08, 4.95226e-09, 0.664497))
({x5, x7}, (0.327327, 0.162607, 0.00817567, 0.50189))
({x5, x8}, (1.44342e-09, 0.664497, 0.335503, 2.74253e-10))
({x5, x9}, (6.18463e-08, 0.664497, 0.335503, 5.12772e-08))
({x6, x7}, (0.327327, 0.162607, 0.00817569, 0.50189))
({x6, x8}, (2.59928e-08, 0.664497, 0.335503, 5.19138e-09))
({x6, x9}, (8.59378e-08, 0.664497, 0.335503, 5.57365e-08))
({x7, x8}, (0.162607, 0.50189, 0.327327, 0.00817567))
({x7, x9}, (0.162607, 0.50189, 0.327327, 0.00817561))
({x8, x9}, (0.664497, 6.04031e-08, 5.10032e-08, 0.335503))
Exact log partition sum: 65.3549
Exact MAP variable marginals:
({x0}, (0.605257, 0.394743))
({x1}, (0.605257, 0.394743))
({x2}, (0.394743, 0.605257))
({x3}, (0.394743, 0.605257))
({x4}, (0.605257, 0.394743))
({x5}, (0.394743, 0.605257))
({x6}, (0.394743, 0.605257))
({x7}, (0.394743, 0.605257))
({x8}, (0.605257, 0.394743))
({x9}, (0.605257, 0.394743))
Exact MAP factor marginals:
({x0}, (0.605257, 0.394743)) == ({x0}, (0.605257, 0.394743))
({x1}, (0.605257, 0.394743)) == ({x1}, (0.605257, 0.394743))
({x2}, (0.394743, 0.605257)) == ({x2}, (0.394743, 0.605257))
({x3}, (0.394743, 0.605257)) == ({x3}, (0.394743, 0.605257))
({x4}, (0.605257, 0.394743)) == ({x4}, (0.605257, 0.394743))
({x5}, (0.394743, 0.605257)) == ({x5}, (0.394743, 0.605257))
({x6}, (0.394743, 0.605257)) == ({x6}, (0.394743, 0.605257))
({x7}, (0.394743, 0.605257)) == ({x7}, (0.394743, 0.605257))
({x8}, (0.605257, 0.394743)) == ({x8}, (0.605257, 0.394743))
({x9}, (0.605257, 0.394743)) == ({x9}, (0.605257, 0.394743))
({x0, x1}, (0.605255, 2.67966e-06, 1.10535e-06, 0.394741)) == ({x0, x1}, (0.605255, 2.67966e-06, 1.10535e-06, 0.394741))
({x0, x2}, (1.10535e-06, 0.394741, 0.605255, 2.67966e-06)) == ({x0, x2}, (1.10535e-06, 0.394741, 0.605255, 2.67966e-06))
({x0, x3}, (1.10535e-06, 0.394741, 0.605255, 2.67966e-06)) == ({x0, x3}, (1.10535e-06, 0.394741, 0.605255, 2.67966e-06))
({x0, x4}, (0.605254, 2.67966e-06, 2.25314e-06, 0.394741)) == ({x0, x4}, (0.605254, 2.67966e-06, 2.25314e-06, 0.394741))
({x0, x5}, (1.10535e-06, 0.394741, 0.605255, 2.67966e-06)) == ({x0, x5}, (1.10535e-06, 0.394741, 0.605255, 2.67966e-06))
({x0, x6}, (1.10535e-06, 0.394741, 0.605255, 2.67966e-06)) == ({x0, x6}, (1.10535e-06, 0.394741, 0.605255, 2.67966e-06))
({x0, x7}, (0.162605, 0.327329, 0.501892, 0.00817484)) == ({x0, x7}, (0.162605, 0.327329, 0.501892, 0.00817484))
({x0, x8}, (0.605255, 2.67966e-06, 1.10535e-06, 0.394741)) == ({x0, x8}, (0.605255, 2.67966e-06, 1.10535e-06, 0.394741))
({x0, x9}, (0.605255, 2.67966e-06, 1.10535e-06, 0.394741)) == ({x0, x9}, (0.605255, 2.67966e-06, 1.10535e-06, 0.394741))
({x1, x2}, (3.11961e-07, 0.394742, 0.605257, 8.8387e-07)) == ({x1, x2}, (3.11961e-07, 0.394742, 0.605257, 8.8387e-07))
({x1, x3}, (7.83425e-07, 0.394742, 0.605257, 4.42443e-08)) == ({x1, x3}, (7.83425e-07, 0.394742, 0.605257, 4.42443e-08))
({x1, x4}, (0.605256, 1.37883e-07, 2.25314e-06, 0.394742)) == ({x1, x4}, (0.605256, 1.37883e-07, 2.25314e-06, 0.394742))
({x1, x5}, (7.01057e-08, 0.394743, 0.605257, 4.42443e-08)) == ({x1, x5}, (7.01057e-08, 0.394743, 0.605257, 4.42443e-08))
({x1, x6}, (7.01057e-08, 0.394743, 0.605257, 4.42443e-08)) == ({x1, x6}, (7.01057e-08, 0.394743, 0.605257, 4.42443e-08))
({x1, x7}, (0.162605, 0.327329, 0.501892, 0.00817484)) == ({x1, x7}, (0.162605, 0.327329, 0.501892, 0.00817484))
({x1, x8}, (0.605257, 4.42443e-08, 7.01057e-08, 0.394743)) == ({x1, x8}, (0.605257, 4.42443e-08, 7.01057e-08, 0.394743))
({x1, x9}, (0.605257, 1.17557e-08, 1.02396e-08, 0.394743)) == ({x1, x9}, (0.605257, 1.17557e-08, 1.02396e-08, 0.394743))
({x2, x3}, (0.394742, 8.8387e-07, 3.11961e-07, 0.605257)) == ({x2, x3}, (0.394742, 8.8387e-07, 3.11961e-07, 0.605257))
({x2, x4}, (3.11961e-07, 0.605256, 0.394742, 2.25314e-06)) == ({x2, x4}, (3.11961e-07, 0.605256, 0.394742, 2.25314e-06))
({x2, x5}, (0.394742, 8.8387e-07, 3.11961e-07, 0.605257)) == ({x2, x5}, (0.394742, 8.8387e-07, 3.11961e-07, 0.605257))
({x2, x6}, (0.394742, 8.8387e-07, 3.11961e-07, 0.605257)) == ({x2, x6}, (0.394742, 8.8387e-07, 3.11961e-07, 0.605257))
({x2, x7}, (0.327329, 0.162605, 0.00817484, 0.501892)) == ({x2, x7}, (0.327329, 0.162605, 0.00817484, 0.501892))
({x2, x8}, (3.11961e-07, 0.605257, 0.394742, 8.8387e-07)) == ({x2, x8}, (3.11961e-07, 0.605257, 0.394742, 8.8387e-07))
({x2, x9}, (3.11961e-07, 0.605257, 0.394742, 8.8387e-07)) == ({x2, x9}, (3.11961e-07, 0.605257, 0.394742, 8.8387e-07))
({x3, x4}, (7.83424e-07, 0.605255, 0.394742, 2.25314e-06)) == ({x3, x4}, (7.83424e-07, 0.605255, 0.394742, 2.25314e-06))
({x3, x5}, (0.394742, 1.8008e-08, 7.83425e-07, 0.605257)) == ({x3, x5}, (0.394742, 1.8008e-08, 7.83425e-07, 0.605257))
({x3, x6}, (0.394742, 2.78923e-08, 7.83425e-07, 0.605257)) == ({x3, x6}, (0.394742, 2.78923e-08, 7.83425e-07, 0.605257))
({x3, x7}, (0.327329, 0.162605, 0.00817484, 0.501892)) == ({x3, x7}, (0.327329, 0.162605, 0.00817484, 0.501892))
({x3, x8}, (7.83425e-07, 0.605257, 0.394742, 1.8008e-08)) == ({x3, x8}, (7.83425e-07, 0.605257, 0.394742, 1.8008e-08))
({x3, x9}, (7.83425e-07, 0.605257, 0.394742, 4.42443e-08)) == ({x3, x9}, (7.83425e-07, 0.605257, 0.394742, 4.42443e-08))
({x4, x5}, (1.37883e-07, 0.394742, 0.605256, 2.25314e-06)) == ({x4, x5}, (1.37883e-07, 0.394742, 0.605256, 2.25314e-06))
({x4, x6}, (1.37883e-07, 0.394742, 0.605256, 2.25314e-06)) == ({x4, x6}, (1.37883e-07, 0.394742, 0.605256, 2.25314e-06))
({x4, x7}, (0.162605, 0.327329, 0.501892, 0.00817484)) == ({x4, x7}, (0.162605, 0.327329, 0.501892, 0.00817484))
({x4, x8}, (0.605256, 2.25314e-06, 1.37883e-07, 0.394742)) == ({x4, x8}, (0.605256, 2.25314e-06, 1.37883e-07, 0.394742))
({x4, x9}, (0.605256, 2.25314e-06, 1.37883e-07, 0.394742)) == ({x4, x9}, (0.605256, 2.25314e-06, 1.37883e-07, 0.394742))
({x5, x6}, (0.394743, 2.78924e-08, 5.944e-09, 0.605257)) == ({x5, x6}, (0.394743, 2.78924e-08, 5.944e-09, 0.605257))
({x5, x7}, (0.327329, 0.162605, 0.00817484, 0.501892)) == ({x5, x7}, (0.327329, 0.162605, 0.00817484, 0.501892))
({x5, x8}, (1.71083e-09, 0.605257, 0.394743, 1.83488e-10)) == ({x5, x8}, (1.71083e-09, 0.605257, 0.394743, 1.83488e-10))
({x5, x9}, (7.01057e-08, 0.605257, 0.394743, 4.42443e-08)) == ({x5, x9}, (7.01057e-08, 0.605257, 0.394743, 4.42443e-08))
({x6, x7}, (0.327329, 0.162605, 0.00817484, 0.501892)) == ({x6, x7}, (0.327329, 0.162605, 0.00817484, 0.501892))
({x6, x8}, (2.78924e-08, 0.605257, 0.394743, 5.944e-09)) == ({x6, x8}, (2.78924e-08, 0.605257, 0.394743, 5.944e-09))
({x6, x9}, (7.01057e-08, 0.605257, 0.394743, 4.42443e-08)) == ({x6, x9}, (7.01057e-08, 0.605257, 0.394743, 4.42443e-08))
({x7, x8}, (0.162605, 0.501892, 0.327329, 0.00817484)) == ({x7, x8}, (0.162605, 0.501892, 0.327329, 0.00817484))
({x7, x9}, (0.162605, 0.501892, 0.327329, 0.00817484)) == ({x7, x9}, (0.162605, 0.501892, 0.327329, 0.00817484))
({x8, x9}, (0.605257, 7.01057e-08, 4.42443e-08, 0.394743)) == ({x8, x9}, (0.605257, 7.01057e-08, 4.42443e-08, 0.394743))
Exact MAP state (log score = 64.6655):
x0: 0
x1: 0
x2: 1
x3: 1
x4: 0
x5: 1
x6: 1
x7: 1
x8: 0
x9: 0
