Builtin inference algorithms: {BP, EXACT, FBP, JTREE, TRWBP}

Exact variable marginals:
({x0}, (0.00329681, 0.996703))
({x1}, (0.00269252, 0.997307))
({x2}, (0.00443851, 0.995561))
({x3}, (0.00265005, 0.99735))
({x4}, (0.996716, 0.003284))
({x5}, (0.0032832, 0.996717))
({x6}, (0.00328386, 0.996716))
({x7}, (0.00328318, 0.996717))
({x8}, (0.997131, 0.00286877))
({x9}, (0.003284, 0.996716))
Exact factor marginals:
({x0}, (0.00329681, 0.996703))
({x1}, (0.00269252, 0.997307))
({x2}, (0.00443851, 0.995561))
({x3}, (0.00265005, 0.99735))
({x4}, (0.996716, 0.003284))
({x5}, (0.0032832, 0.996717))
({x6}, (0.00328386, 0.996716))
({x7}, (0.00328318, 0.996717))
({x8}, (0.997131, 0.00286877))
({x9}, (0.003284, 0.996716))
({x0, x1}, (0.00252058, 0.000171944, 0.000776235, 0.996531))
({x0, x2}, (0.00328355, 0.00115495, 1.32616e-05, 0.995548))
({x0, x3}, (0.00253739, 0.000112658, 0.000759423, 0.996591))
({x0, x4}, (1.31304e-05, 0.996703, 0.00328368, 3.11355e-07))
({x0, x5}, (0.00328303, 1.66022e-07, 1.37856e-05, 0.996703))
({x0, x6}, (0.00328289, 9.68669e-07, 1.3921e-05, 0.996702))
({x0, x7}, (0.00328303, 1.54074e-07, 1.37894e-05, 0.996703))
({x0, x8}, (0.000783879, 0.996347, 0.00251294, 0.000355833))
({x0, x9}, (0.00328368, 3.23933e-07, 1.31372e-05, 0.996703))
({x1, x2}, (0.00252061, 0.0019179, 0.000171915, 0.99539))
({x1, x3}, (0.00263324, 1.68117e-05, 5.92864e-05, 0.997291))
({x1, x4}, (0.00017179, 0.996544, 0.00252073, 0.000763262))
({x1, x5}, (0.00252073, 0.000762461, 0.00017179, 0.996545))
({x1, x6}, (0.00252089, 0.000762971, 0.000171632, 0.996545))
({x1, x7}, (0.00252073, 0.000762445, 0.00017179, 0.996545))
({x1, x8}, (8.35479e-06, 0.997123, 0.00268417, 0.000184599))
({x1, x9}, (0.00252074, 0.000763265, 0.000171788, 0.996544))
({x2, x3}, (0.00253742, 0.000112629, 0.00190109, 0.995449))
({x2, x4}, (0.00115464, 0.995561, 0.00328386, 1.31284e-07))
({x2, x5}, (0.00328307, 1.25065e-07, 0.00115544, 0.995561))
({x2, x6}, (0.00328292, 9.46066e-07, 0.00115559, 0.995561))
({x2, x7}, (0.00328305, 1.25056e-07, 0.00115545, 0.995561))
({x2, x8}, (0.00192554, 0.995206, 0.00251296, 0.000355804))
({x2, x9}, (0.00328387, 1.27205e-07, 0.00115463, 0.995561))
({x3, x4}, (0.000112505, 0.996603, 0.00253755, 0.000746451))
({x3, x5}, (0.00253755, 0.00074565, 0.000112504, 0.996604))
({x3, x6}, (0.00253749, 0.000746372, 0.000112559, 0.996604))
({x3, x7}, (0.00253755, 0.000745634, 0.000112504, 0.996604))
({x3, x8}, (2.44562e-05, 0.997107, 0.00262559, 0.000243175))
({x3, x9}, (0.00253754, 0.000746457, 0.000112505, 0.996603))
({x4, x5}, (5.01282e-10, 0.00328319, 0.996716, 8.01028e-07))
({x4, x6}, (8.16106e-07, 0.00328305, 0.996715, 9.49336e-07))
({x4, x7}, (4.97945e-10, 0.00328318, 0.996716, 8.16772e-07))
({x4, x8}, (0.99636, 0.000770907, 0.000355679, 0.00251309))
({x4, x9}, (1.45777e-08, 0.00328399, 0.996716, 8.83617e-09))
({x5, x6}, (0.00328304, 8.21097e-07, 1.53801e-07, 0.996716))
({x5, x7}, (0.00328318, 1.04667e-10, 1.58528e-08, 0.996717))
({x5, x8}, (0.000770106, 0.996361, 0.00251309, 0.000355679))
({x5, x9}, (0.00328319, 8.06902e-07, 6.33843e-10, 0.996716))
({x6, x7}, (0.00328304, 1.37972e-07, 8.21016e-07, 0.996716))
({x6, x8}, (0.00077061, 0.996361, 0.00251325, 0.000355516))
({x6, x9}, (0.00328304, 9.60608e-07, 8.21637e-07, 0.996715))
({x7, x8}, (0.00077009, 0.996361, 0.00251309, 0.000355679))
({x7, x9}, (0.00328318, 8.22642e-07, 6.25877e-10, 0.996716))
({x8, x9}, (0.00077091, 0.00251309, 0.99636, 0.000355677))
Exact log partition sum: 48.1724
Exact MAP variable marginals:
({x0}, (0.00251858, 0.997481))
({x1}, (0.00251858, 0.997481))
({x2}, (0.00251858, 0.997481))
({x3}, (0.00251858, 0.997481))
({x4}, (0.997481, 0.00251858))
({x5}, (0.00251858, 0.997481))
({x6}, (0.00251858, 0.997481))
({x7}, (0.00251858, 0.997481))
({x8}, (0.997481, 0.00251858))
({x9}, (0.00251858, 0.997481))
Exact MAP factor marginals:
({x0}, (0.00251858, 0.997481)) == ({x0}, (0.00251858, 0.997481))
({x1}, (0.00251858, 0.997481)) == ({x1}, (0.00251858, 0.997481))
({x2}, (0.00251858, 0.997481)) == ({x2}, (0.00251858, 0.997481))
({x3}, (0.00251858, 0.997481)) == ({x3}, (0.00251858, 0.997481))
({x4}, (0.997481, 0.00251858)) == ({x4}, (0.997481, 0.00251858))
({x5}, (0.00251858, 0.997481)) == ({x5}, (0.00251858, 0.997481))
({x6}, (0.00251858, 0.997481)) == ({x6}, (0.00251858, 0.997481))
({x7}, (0.00251858, 0.997481)) == ({x7}, (0.00251858, 0.997481))
({x8}, (0.997481, 0.00251858)) == ({x8}, (0.997481, 0.00251858))
({x9}, (0.00251858, 0.997481)) == ({x9}, (0.00251858, 0.997481))
({x0, x1}, (0.00251641, 0.000112657, 0.000746632, 0.996624)) == ({x0, x1}, (0.00251641, 0.000112657, 0.000746632, 0.996624))
({x0, x2}, (0.00251563, 0.00115593, 1.31442e-05, 0.996315)) == ({x0, x2}, (0.00251563, 0.00115593, 1.31442e-05, 0.996315))
({x0, x3}, (0.00251641, 0.000112657, 0.000746632, 0.996624)) == ({x0, x3}, (0.00251641, 0.000112657, 0.000746632, 0.996624))
({x0, x4}, (1.31594e-05, 0.997468, 0.00251855, 1.53937e-07)) == ({x0, x4}, (1.31594e-05, 0.997468, 0.00251855, 1.53937e-07))
({x0, x5}, (0.00251855, 1.53937e-07, 1.31594e-05, 0.997468)) == ({x0, x5}, (0.00251855, 1.53937e-07, 1.31594e-05, 0.997468))
({x0, x6}, (0.00251854, 6.50901e-07, 1.31594e-05, 0.997468)) == ({x0, x6}, (0.00251854, 6.50901e-07, 1.31594e-05, 0.997468))
({x0, x7}, (0.00251855, 1.53937e-07, 1.31594e-05, 0.997468)) == ({x0, x7}, (0.00251855, 1.53937e-07, 1.31594e-05, 0.997468))
({x0, x8}, (0.000746578, 0.996552, 0.00251623, 0.000184834)) == ({x0, x8}, (0.000746578, 0.996552, 0.00251623, 0.000184834))
({x0, x9}, (0.00251855, 1.53937e-07, 1.31594e-05, 0.997468)) == ({x0, x9}, (0.00251855, 1.53937e-07, 1.31594e-05, 0.997468))
({x1, x2}, (0.00251538, 0.00115582, 0.000112611, 0.996216)) == ({x1, x2}, (0.00251538, 0.00115582, 0.000112611, 0.996216))
({x1, x3}, (0.00251839, 1.6776e-05, 5.8564e-05, 0.997406)) == ({x1, x3}, (0.00251839, 1.6776e-05, 5.8564e-05, 0.997406))
({x1, x4}, (0.000112657, 0.996624, 0.00251641, 0.000746632)) == ({x1, x4}, (0.000112657, 0.996624, 0.00251641, 0.000746632))
({x1, x5}, (0.00251641, 0.000746632, 0.000112657, 0.996624)) == ({x1, x5}, (0.00251641, 0.000746632, 0.000112657, 0.996624))
({x1, x6}, (0.00251641, 0.000746632, 0.000112657, 0.996624)) == ({x1, x6}, (0.00251641, 0.000746632, 0.000112657, 0.996624))
({x1, x7}, (0.00251641, 0.000746632, 0.000112657, 0.996624)) == ({x1, x7}, (0.00251641, 0.000746632, 0.000112657, 0.996624))
({x1, x8}, (7.67261e-06, 0.997289, 0.00251809, 0.000184971)) == ({x1, x8}, (7.67261e-06, 0.997289, 0.00251809, 0.000184971))
({x1, x9}, (0.00251641, 0.000746632, 0.000112657, 0.996624)) == ({x1, x9}, (0.00251641, 0.000746632, 0.000112657, 0.996624))
({x2, x3}, (0.00251538, 0.000112611, 0.00115582, 0.996216)) == ({x2, x3}, (0.00251538, 0.000112611, 0.00115582, 0.996216))
({x2, x4}, (0.00115595, 0.996328, 0.00251567, 1.24817e-07)) == ({x2, x4}, (0.00115595, 0.996328, 0.00251567, 1.24817e-07))
({x2, x5}, (0.00251567, 1.24817e-07, 0.00115595, 0.996328)) == ({x2, x5}, (0.00251567, 1.24817e-07, 0.00115595, 0.996328))
({x2, x6}, (0.00251567, 6.50157e-07, 0.00115595, 0.996328)) == ({x2, x6}, (0.00251567, 6.50157e-07, 0.00115595, 0.996328))
({x2, x7}, (0.00251567, 1.24817e-07, 0.00115595, 0.996328)) == ({x2, x7}, (0.00251567, 1.24817e-07, 0.00115595, 0.996328))
({x2, x8}, (0.00115574, 0.996144, 0.0025152, 0.000184758)) == ({x2, x8}, (0.00115574, 0.996144, 0.0025152, 0.000184758))
({x2, x9}, (0.00251567, 1.24817e-07, 0.00115595, 0.996328)) == ({x2, x9}, (0.00251567, 1.24817e-07, 0.00115595, 0.996328))
({x3, x4}, (0.000112657, 0.996624, 0.00251641, 0.000746632)) == ({x3, x4}, (0.000112657, 0.996624, 0.00251641, 0.000746632))
({x3, x5}, (0.00251641, 0.000746632, 0.000112657, 0.996624)) == ({x3, x5}, (0.00251641, 0.000746632, 0.000112657, 0.996624))
({x3, x6}, (0.00251641, 0.000746632, 0.000112657, 0.996624)) == ({x3, x6}, (0.00251641, 0.000746632, 0.000112657, 0.996624))
({x3, x7}, (0.00251641, 0.000746632, 0.000112657, 0.996624)) == ({x3, x7}, (0.00251641, 0.000746632, 0.000112657, 0.996624))
({x3, x8}, (1.67739e-05, 0.99728, 0.00251807, 0.000184969)) == ({x3, x8}, (1.67739e-05, 0.99728, 0.00251807, 0.000184969))
({x3, x9}, (0.00251641, 0.000746632, 0.000112657, 0.996624)) == ({x3, x9}, (0.00251641, 0.000746632, 0.000112657, 0.996624))
({x4, x5}, (2.36012e-10, 0.00251858, 0.997481, 6.50125e-07)) == ({x4, x5}, (2.36012e-10, 0.00251858, 0.997481, 6.50125e-07))
({x4, x6}, (6.50909e-07, 0.00251858, 0.99748, 6.50125e-07)) == ({x4, x6}, (6.50909e-07, 0.00251858, 0.99748, 6.50125e-07))
({x4, x7}, (2.36012e-10, 0.00251858, 0.997481, 6.50125e-07)) == ({x4, x7}, (2.36012e-10, 0.00251858, 0.997481, 6.50125e-07))
({x4, x8}, (0.996552, 0.000746578, 0.000184834, 0.00251623)) == ({x4, x8}, (0.996552, 0.000746578, 0.000184834, 0.00251623))
({x4, x9}, (1.19008e-08, 0.00251858, 0.997481, 5.26544e-09)) == ({x4, x9}, (1.19008e-08, 0.00251858, 0.997481, 5.26544e-09))
({x5, x6}, (0.00251858, 6.5091e-07, 7.52326e-08, 0.997481)) == ({x5, x6}, (0.00251858, 6.5091e-07, 7.52326e-08, 0.997481))
({x5, x7}, (0.00251858, 4.87684e-11, 1.19398e-08, 0.997481)) == ({x5, x7}, (0.00251858, 4.87684e-11, 1.19398e-08, 0.997481))
({x5, x8}, (0.000746578, 0.996552, 0.00251623, 0.000184834)) == ({x5, x8}, (0.000746578, 0.996552, 0.00251623, 0.000184834))
({x5, x9}, (0.00251858, 6.50125e-07, 2.95939e-10, 0.997481)) == ({x5, x9}, (0.00251858, 6.50125e-07, 2.95939e-10, 0.997481))
({x6, x7}, (0.00251858, 7.52326e-08, 6.5091e-07, 0.997481)) == ({x6, x7}, (0.00251858, 7.52326e-08, 6.5091e-07, 0.997481))
({x6, x8}, (0.000746578, 0.996552, 0.00251623, 0.000184834)) == ({x6, x8}, (0.000746578, 0.996552, 0.00251623, 0.000184834))
({x6, x9}, (0.00251858, 6.50125e-07, 6.50909e-07, 0.99748)) == ({x6, x9}, (0.00251858, 6.50125e-07, 6.50909e-07, 0.99748))
({x7, x8}, (0.000746578, 0.996552, 0.00251623, 0.000184834)) == ({x7, x8}, (0.000746578, 0.996552, 0.00251623, 0.000184834))
({x7, x9}, (0.00251858, 6.50125e-07, 2.95939e-10, 0.997481)) == ({x7, x9}, (0.00251858, 6.50125e-07, 2.95939e-10, 0.997481))
({x8, x9}, (0.000746578, 0.00251623, 0.996552, 0.000184834)) == ({x8, x9}, (0.000746578, 0.00251623, 0.996552, 0.000184834))
Exact MAP state (log score = 48.1676):
x0: 1
x1: 1
x2: 1
x3: 1
x4: 0
x5: 1
x6: 1
x7: 1
x8: 0
x9: 1
