Builtin inference algorithms: {BP, EXACT, FBP, JTREE, TRWBP}

Exact variable marginals:
({x0}, (0.248644, 0.751356))
({x1}, (0.581423, 0.418577))
({x2}, (0.290226, 0.709774))
({x3}, (0.829199, 0.170801))
({x4}, (0.169332, 0.830668))
({x5}, (0.707857, 0.292143))
({x6}, (0.169539, 0.830461))
({x7}, (0.226022, 0.773978))
({x8}, (0.169368, 0.830632))
({x9}, (0.417943, 0.582057))
Exact factor marginals:
({x0}, (0.248644, 0.751356))
({x1}, (0.581423, 0.418577))
({x2}, (0.290226, 0.709774))
({x3}, (0.829199, 0.170801))
({x4}, (0.169332, 0.830668))
({x5}, (0.707857, 0.292143))
({x6}, (0.169539, 0.830461))
({x7}, (0.226022, 0.773978))
({x8}, (0.169368, 0.830632))
({x9}, (0.417943, 0.582057))
({x0, x1}, (0.163059, 0.418364, 0.0855853, 0.332992))
({x0, x2}, (0.165111, 0.125115, 0.0835331, 0.626241))
({x0, x3}, (0.0932127, 0.735987, 0.155432, 0.0153692))
({x0, x4}, (0.163255, 0.00607638, 0.0853891, 0.745279))
({x0, x5}, (0.153613, 0.554244, 0.0950308, 0.197112))
({x0, x6}, (0.163239, 0.00630021, 0.0854051, 0.745056))
({x0, x7}, (0.147934, 0.0780884, 0.10071, 0.673267))
({x0, x8}, (0.163297, 0.00607094, 0.0853472, 0.745285))
({x0, x9}, (0.0887064, 0.329237, 0.159938, 0.422119))
({x1, x2}, (0.287066, 0.0031603, 0.294357, 0.415417))
({x1, x3}, (0.420206, 0.408993, 0.161216, 0.00958433))
({x1, x4}, (0.163106, 0.00622511, 0.418316, 0.412352))
({x1, x5}, (0.430588, 0.277269, 0.150834, 0.141309))
({x1, x6}, (0.163293, 0.00624637, 0.41813, 0.412331))
({x1, x7}, (0.218804, 0.00721804, 0.362618, 0.411359))
({x1, x8}, (0.163123, 0.0062451, 0.4183, 0.412332))
({x1, x9}, (0.00470582, 0.413238, 0.576717, 0.00533957))
({x2, x3}, (0.131928, 0.697271, 0.158297, 0.0125034))
({x2, x4}, (0.166266, 0.00306524, 0.12396, 0.706709))
({x2, x5}, (0.147752, 0.560105, 0.142474, 0.149669))
({x2, x6}, (0.166453, 0.00308647, 0.123773, 0.706688))
({x2, x7}, (0.21032, 0.0157028, 0.0799063, 0.694071))
({x2, x8}, (0.166283, 0.00308539, 0.123943, 0.706689))
({x2, x9}, (0.00647887, 0.411465, 0.283747, 0.29831))
({x3, x4}, (0.00797024, 0.161361, 0.821229, 0.00943955))
({x3, x5}, (0.647456, 0.0604012, 0.181743, 0.1104))
({x3, x6}, (0.00820292, 0.161336, 0.820996, 0.00946433))
({x3, x7}, (0.0630011, 0.163021, 0.766198, 0.00777949))
({x3, x8}, (0.00801179, 0.161356, 0.821187, 0.00944455))
({x3, x9}, (0.412779, 0.00516492, 0.416421, 0.165636))
({x4, x5}, (0.0683575, 0.6395, 0.100974, 0.191169))
({x4, x6}, (0.169306, 0.000232941, 2.50363e-05, 0.830436))
({x4, x7}, (0.153599, 0.0724239, 0.015733, 0.758245))
({x4, x8}, (0.169325, 4.31316e-05, 6.58629e-06, 0.830625))
({x4, x9}, (0.00954391, 0.4084, 0.159788, 0.422269))
({x5, x6}, (0.068556, 0.100983, 0.639301, 0.19116))
({x5, x7}, (0.0679753, 0.158047, 0.639882, 0.134096))
({x5, x8}, (0.068399, 0.100969, 0.639458, 0.191174))
({x5, x9}, (0.280431, 0.137513, 0.427426, 0.15463))
({x6, x7}, (0.153575, 0.0724469, 0.0159639, 0.758014))
({x6, x8}, (0.16931, 5.82298e-05, 0.000229589, 0.830402))
({x6, x9}, (0.00956531, 0.408378, 0.159974, 0.422082))
({x7, x8}, (0.153605, 0.015763, 0.0724173, 0.758215))
({x7, x9}, (0.00344489, 0.414499, 0.222578, 0.359479))
({x8, x9}, (0.00956423, 0.408379, 0.159804, 0.422253))
Exact log partition sum: 15.514
Exact MAP variable marginals:
({x0}, (0.246044, 0.753956))
({x1}, (0.593121, 0.406879))
({x2}, (0.246044, 0.753956))
({x3}, (0.753956, 0.246044))
({x4}, (0.246044, 0.753956))
({x5}, (0.679418, 0.320582))
({x6}, (0.246044, 0.753956))
({x7}, (0.246044, 0.753956))
({x8}, (0.246044, 0.753956))
({x9}, (0.406879, 0.593121))
Exact MAP factor marginals:
({x0}, (0.246044, 0.753956)) == ({x0}, (0.246044, 0.753956))
({x1}, (0.593121, 0.406879)) == ({x1}, (0.593121, 0.406879))
({x2}, (0.246044, 0.753956)) == ({x2}, (0.246044, 0.753956))
({x3}, (0.753956, 0.246044)) == ({x3}, (0.753956, 0.246044))
({x4}, (0.246044, 0.753956)) == ({x4}, (0.246044, 0.753956))
({x5}, (0.679418, 0.320582)) == ({x5}, (0.679418, 0.320582))
({x6}, (0.246044, 0.753956)) == ({x6}, (0.246044, 0.753956))
({x7}, (0.246044, 0.753956)) == ({x7}, (0.246044, 0.753956))
({x8}, (0.246044, 0.753956)) == ({x8}, (0.246044, 0.753956))
({x9}, (0.406879, 0.593121)) == ({x9}, (0.406879, 0.593121))
({x0, x1}, (0.142346, 0.436195, 0.122231, 0.299229)) == ({x0, x1}, (0.142346, 0.436195, 0.122231, 0.299229))
({x0, x2}, (0.178675, 0.120382, 0.153426, 0.547518)) == ({x0, x2}, (0.178675, 0.120382, 0.153426, 0.547518))
({x0, x3}, (0.172139, 0.614297, 0.200468, 0.0130965)) == ({x0, x3}, (0.172139, 0.614297, 0.200468, 0.0130965))
({x0, x4}, (0.200468, 0.0130965, 0.172139, 0.614297)) == ({x0, x4}, (0.200468, 0.0130965, 0.172139, 0.614297))
({x0, x5}, (0.134825, 0.481138, 0.157013, 0.227024)) == ({x0, x5}, (0.134825, 0.481138, 0.157013, 0.227024))
({x0, x6}, (0.200468, 0.0130965, 0.172139, 0.614297)) == ({x0, x6}, (0.200468, 0.0130965, 0.172139, 0.614297))
({x0, x7}, (0.185699, 0.0858028, 0.159457, 0.569041)) == ({x0, x7}, (0.185699, 0.0858028, 0.159457, 0.569041))
({x0, x8}, (0.200468, 0.0130965, 0.172139, 0.614297)) == ({x0, x8}, (0.200468, 0.0130965, 0.172139, 0.614297))
({x0, x9}, (0.122231, 0.299229, 0.142346, 0.436195)) == ({x0, x9}, (0.122231, 0.299229, 0.142346, 0.436195))
({x1, x2}, (0.161715, 0.00279462, 0.495547, 0.339944)) == ({x1, x2}, (0.161715, 0.00279462, 0.495547, 0.339944))
({x1, x3}, (0.493476, 0.338524, 0.161039, 0.00696104)) == ({x1, x3}, (0.493476, 0.338524, 0.161039, 0.00696104))
({x1, x4}, (0.161606, 0.00346681, 0.495212, 0.339715)) == ({x1, x4}, (0.161606, 0.00346681, 0.495212, 0.339715))
({x1, x5}, (0.402547, 0.276146, 0.131366, 0.189941)) == ({x1, x5}, (0.402547, 0.276146, 0.131366, 0.189941))
({x1, x6}, (0.161606, 0.00346681, 0.495212, 0.339715)) == ({x1, x6}, (0.161606, 0.00346681, 0.495212, 0.339715))
({x1, x7}, (0.161039, 0.00696104, 0.493476, 0.338524)) == ({x1, x7}, (0.161039, 0.00696104, 0.493476, 0.338524))
({x1, x8}, (0.161606, 0.00346681, 0.495212, 0.339715)) == ({x1, x8}, (0.161606, 0.00346681, 0.495212, 0.339715))
({x1, x9}, (0.00754853, 0.400458, 0.583759, 0.00823459)) == ({x1, x9}, (0.00754853, 0.400458, 0.583759, 0.00823459))
({x2, x3}, (0.140547, 0.639231, 0.208604, 0.011618)) == ({x2, x3}, (0.140547, 0.639231, 0.208604, 0.011618))
({x2, x4}, (0.210105, 0.00450723, 0.141558, 0.64383)) == ({x2, x4}, (0.210105, 0.00450723, 0.141558, 0.64383))
({x2, x5}, (0.108951, 0.495527, 0.161709, 0.233813)) == ({x2, x5}, (0.108951, 0.495527, 0.161709, 0.233813))
({x2, x6}, (0.210105, 0.00450723, 0.141558, 0.64383)) == ({x2, x6}, (0.210105, 0.00450723, 0.141558, 0.64383))
({x2, x7}, (0.208604, 0.011618, 0.140547, 0.639231)) == ({x2, x7}, (0.208604, 0.011618, 0.140547, 0.639231))
({x2, x8}, (0.210105, 0.00450723, 0.141558, 0.64383)) == ({x2, x8}, (0.210105, 0.00450723, 0.141558, 0.64383))
({x2, x9}, (0.00638479, 0.33872, 0.161133, 0.493762)) == ({x2, x9}, (0.00638479, 0.33872, 0.161133, 0.493762))
({x3, x4}, (0.00952592, 0.240405, 0.736679, 0.0133892)) == ({x3, x4}, (0.00952592, 0.240405, 0.736679, 0.0133892))
({x3, x5}, (0.503205, 0.0951445, 0.237436, 0.164214)) == ({x3, x5}, (0.503205, 0.0951445, 0.237436, 0.164214))
({x3, x6}, (0.00952592, 0.240405, 0.736679, 0.0133892)) == ({x3, x6}, (0.00952592, 0.240405, 0.736679, 0.0133892))
({x3, x7}, (0.101004, 0.218598, 0.669855, 0.0105425)) == ({x3, x7}, (0.101004, 0.218598, 0.669855, 0.0105425))
({x3, x8}, (0.00952592, 0.240405, 0.736679, 0.0133892)) == ({x3, x8}, (0.00952592, 0.240405, 0.736679, 0.0133892))
({x3, x9}, (0.339715, 0.00346681, 0.495212, 0.161606)) == ({x3, x9}, (0.339715, 0.00346681, 0.495212, 0.161606))
({x4, x5}, (0.0951445, 0.503205, 0.164214, 0.237436)) == ({x4, x5}, (0.0951445, 0.503205, 0.164214, 0.237436))
({x4, x6}, (0.245903, 0.000530389, 4.15814e-05, 0.753525)) == ({x4, x6}, (0.245903, 0.000530389, 4.15814e-05, 0.753525))
({x4, x7}, (0.218598, 0.101004, 0.0105425, 0.669855)) == ({x4, x7}, (0.218598, 0.101004, 0.0105425, 0.669855))
({x4, x8}, (0.246028, 5.24084e-05, 1.18486e-05, 0.753908)) == ({x4, x8}, (0.246028, 5.24084e-05, 1.18486e-05, 0.753908))
({x4, x9}, (0.00638479, 0.33872, 0.161133, 0.493762)) == ({x4, x9}, (0.00638479, 0.33872, 0.161133, 0.493762))
({x5, x6}, (0.0951445, 0.164214, 0.503205, 0.237436)) == ({x5, x6}, (0.0951445, 0.164214, 0.503205, 0.237436))
({x5, x7}, (0.0951445, 0.164214, 0.503205, 0.237436)) == ({x5, x7}, (0.0951445, 0.164214, 0.503205, 0.237436))
({x5, x8}, (0.0951445, 0.164214, 0.503205, 0.237436)) == ({x5, x8}, (0.0951445, 0.164214, 0.503205, 0.237436))
({x5, x9}, (0.276146, 0.189941, 0.402547, 0.131366)) == ({x5, x9}, (0.276146, 0.189941, 0.402547, 0.131366))
({x6, x7}, (0.218598, 0.101004, 0.0105425, 0.669855)) == ({x6, x7}, (0.218598, 0.101004, 0.0105425, 0.669855))
({x6, x8}, (0.2459, 5.23812e-05, 0.000530384, 0.753517)) == ({x6, x8}, (0.2459, 5.23812e-05, 0.000530384, 0.753517))
({x6, x9}, (0.00638479, 0.33872, 0.161133, 0.493762)) == ({x6, x9}, (0.00638479, 0.33872, 0.161133, 0.493762))
({x7, x8}, (0.218598, 0.0105425, 0.101004, 0.669855)) == ({x7, x8}, (0.218598, 0.0105425, 0.101004, 0.669855))
({x7, x9}, (0.00279462, 0.339944, 0.161715, 0.495547)) == ({x7, x9}, (0.00279462, 0.339944, 0.161715, 0.495547))
({x8, x9}, (0.00638479, 0.33872, 0.161133, 0.493762)) == ({x8, x9}, (0.00638479, 0.33872, 0.161133, 0.493762))
Exact MAP state (log score = 14.2497):
x0: 1
x1: 0
x2: 1
x3: 0
x4: 1
x5: 0
x6: 1
x7: 1
x8: 1
x9: 1
