Builtin inference algorithms: {BP, EXACT, FBP, JTREE, TRWBP}

Exact variable marginals:
({x0}, (0.334292, 0.665708))
({x1}, (0.667946, 0.332054))
({x2}, (0.668053, 0.331947))
({x3}, (0.667946, 0.332054))
({x4}, (0.332053, 0.667947))
({x5}, (0.332129, 0.667871))
({x6}, (0.332054, 0.667946))
({x7}, (0.66755, 0.33245))
({x8}, (0.329189, 0.670811))
({x9}, (0.332124, 0.667876))
Exact factor marginals:
({x0}, (0.334292, 0.665708))
({x1}, (0.667946, 0.332054))
({x2}, (0.668053, 0.331947))
({x3}, (0.667946, 0.332054))
({x4}, (0.332053, 0.667947))
({x5}, (0.332129, 0.667871))
({x6}, (0.332054, 0.667946))
({x7}, (0.66755, 0.33245))
({x8}, (0.329189, 0.670811))
({x9}, (0.332124, 0.667876))
({x0, x1}, (0.00235293, 0.665594, 0.331939, 0.000114077))
({x0, x2}, (0.00248484, 0.665568, 0.331808, 0.000139708))
({x0, x3}, (0.00235289, 0.665594, 0.331939, 0.000114051))
({x0, x4}, (0.331939, 0.000114449, 0.00235357, 0.665593))
({x0, x5}, (0.332022, 0.000107167, 0.00227056, 0.6656))
({x0, x6}, (0.331946, 0.00010751, 0.00234604, 0.6656))
({x0, x7}, (0.00238323, 0.665167, 0.331909, 0.000541108))
({x0, x8}, (0.307462, 0.0217271, 0.0268301, 0.643981))
({x0, x9}, (0.332017, 0.00010738, 0.0022756, 0.6656))
({x1, x2}, (0.66792, 0.000132351, 2.607e-05, 0.331921))
({x1, x3}, (0.667946, 4.2814e-08, 5.90076e-08, 0.332053))
({x1, x4}, (4.45911e-07, 0.332053, 0.667946, 7.16689e-07))
({x1, x5}, (8.26848e-05, 0.332046, 0.667864, 7.23056e-06))
({x1, x6}, (6.90485e-06, 0.332047, 0.66794, 6.57997e-06))
({x1, x7}, (0.667451, 9.89826e-05, 0.000495708, 0.331955))
({x1, x8}, (0.0216131, 0.307576, 0.646333, 0.0244772))
({x1, x9}, (7.75329e-05, 0.332047, 0.667869, 6.90091e-06))
({x2, x3}, (0.66792, 2.60632e-05, 0.00013236, 0.331921))
({x2, x4}, (0.000132758, 0.33192, 0.66792, 2.67479e-05))
({x2, x5}, (0.000214583, 0.331914, 0.667838, 3.28485e-05))
({x2, x6}, (0.000138803, 0.331915, 0.667914, 3.21979e-05))
({x2, x7}, (0.667425, 0.000125013, 0.000628019, 0.331822))
({x2, x8}, (0.0215874, 0.307602, 0.646465, 0.0243453))
({x2, x9}, (0.000209431, 0.331915, 0.667843, 3.25188e-05))
({x3, x4}, (3.97745e-07, 0.332053, 0.667946, 6.84717e-07))
({x3, x5}, (8.26259e-05, 0.332046, 0.667864, 7.18787e-06))
({x3, x6}, (6.8496e-06, 0.332047, 0.66794, 6.54091e-06))
({x3, x7}, (0.667451, 9.89506e-05, 0.00049566, 0.331955))
({x3, x8}, (0.0216131, 0.307576, 0.646333, 0.0244772))
({x3, x9}, (7.74739e-05, 0.332047, 0.667869, 6.85812e-06))
({x4, x5}, (0.332046, 8.33105e-05, 7.5855e-06, 0.667863))
({x4, x6}, (0.332046, 7.53422e-06, 6.93856e-06, 0.667939))
({x4, x7}, (9.82667e-05, 0.667451, 0.331955, 0.000495263))
({x4, x8}, (0.307577, 0.0216127, 0.0244765, 0.646334))
({x4, x9}, (0.332046, 7.81584e-05, 7.25573e-06, 0.667869))
({x5, x6}, (0.332053, 6.50695e-07, 7.57801e-05, 0.66787))
({x5, x7}, (0.000113397, 0.667436, 0.332016, 0.000434668))
({x5, x8}, (0.307569, 0.0216203, 0.0245598, 0.646251))
({x5, x9}, (0.332124, 4.38745e-07, 5.26108e-06, 0.667871))
({x6, x7}, (0.000105798, 0.667444, 0.331948, 0.000502198))
({x6, x8}, (0.30757, 0.0216196, 0.0244841, 0.646327))
({x6, x9}, (0.332054, 7.06282e-05, 3.21135e-07, 0.667876))
({x7, x8}, (0.021186, 0.308003, 0.646364, 0.0244469))
({x7, x9}, (0.000108279, 0.332016, 0.667441, 0.000434373))
({x8, x9}, (0.307569, 0.0245547, 0.0216199, 0.646256))
Exact log partition sum: 60.8367
Exact MAP variable marginals:
({x0}, (0.323154, 0.676846))
({x1}, (0.676846, 0.323154))
({x2}, (0.676846, 0.323154))
({x3}, (0.676846, 0.323154))
({x4}, (0.323154, 0.676846))
({x5}, (0.323154, 0.676846))
({x6}, (0.323154, 0.676846))
({x7}, (0.676846, 0.323154))
({x8}, (0.323154, 0.676846))
({x9}, (0.323154, 0.676846))
Exact MAP factor marginals:
({x0}, (0.323154, 0.676846)) == ({x0}, (0.323154, 0.676846))
({x1}, (0.676846, 0.323154)) == ({x1}, (0.676846, 0.323154))
({x2}, (0.676846, 0.323154)) == ({x2}, (0.676846, 0.323154))
({x3}, (0.676846, 0.323154)) == ({x3}, (0.676846, 0.323154))
({x4}, (0.323154, 0.676846)) == ({x4}, (0.323154, 0.676846))
({x5}, (0.323154, 0.676846)) == ({x5}, (0.323154, 0.676846))
({x6}, (0.323154, 0.676846)) == ({x6}, (0.323154, 0.676846))
({x7}, (0.676846, 0.323154)) == ({x7}, (0.676846, 0.323154))
({x8}, (0.323154, 0.676846)) == ({x8}, (0.323154, 0.676846))
({x9}, (0.323154, 0.676846)) == ({x9}, (0.323154, 0.676846))
({x0, x1}, (0.00237994, 0.67516, 0.322348, 0.000112124)) == ({x0, x1}, (0.00237994, 0.67516, 0.322348, 0.000112124))
({x0, x2}, (0.00237994, 0.67516, 0.322348, 0.000112124)) == ({x0, x2}, (0.00237994, 0.67516, 0.322348, 0.000112124))
({x0, x3}, (0.00237994, 0.67516, 0.322348, 0.000112124)) == ({x0, x3}, (0.00237994, 0.67516, 0.322348, 0.000112124))
({x0, x4}, (0.322348, 0.000112124, 0.00237994, 0.67516)) == ({x0, x4}, (0.322348, 0.000112124, 0.00237994, 0.67516))
({x0, x5}, (0.322348, 0.000112124, 0.00237994, 0.67516)) == ({x0, x5}, (0.322348, 0.000112124, 0.00237994, 0.67516))
({x0, x6}, (0.322348, 0.000112124, 0.00237994, 0.67516)) == ({x0, x6}, (0.322348, 0.000112124, 0.00237994, 0.67516))
({x0, x7}, (0.00237914, 0.674933, 0.32224, 0.000447422)) == ({x0, x7}, (0.00237914, 0.674933, 0.32224, 0.000447422))
({x0, x8}, (0.308434, 0.0212267, 0.0243232, 0.646016)) == ({x0, x8}, (0.308434, 0.0212267, 0.0243232, 0.646016))
({x0, x9}, (0.322348, 0.000112124, 0.00237994, 0.67516)) == ({x0, x9}, (0.322348, 0.000112124, 0.00237994, 0.67516))
({x1, x2}, (0.676734, 0.000138705, 2.72952e-05, 0.3231)) == ({x1, x2}, (0.676734, 0.000138705, 2.72952e-05, 0.3231))
({x1, x3}, (0.676846, 1.69977e-08, 4.22219e-08, 0.323154)) == ({x1, x3}, (0.676846, 1.69977e-08, 4.22219e-08, 0.323154))
({x1, x4}, (4.13603e-07, 0.323153, 0.676846, 7.11802e-07)) == ({x1, x4}, (4.13603e-07, 0.323153, 0.676846, 7.11802e-07))
({x1, x5}, (7.1352e-05, 0.323129, 0.676794, 6.53038e-06)) == ({x1, x5}, (7.1352e-05, 0.323129, 0.676794, 6.53038e-06))
({x1, x6}, (7.11295e-06, 0.323149, 0.676837, 6.5308e-06)) == ({x1, x6}, (7.11295e-06, 0.323149, 0.676837, 6.5308e-06))
({x1, x7}, (0.676473, 0.000102959, 0.000448443, 0.322976)) == ({x1, x7}, (0.676473, 0.000102959, 0.000448443, 0.322976))
({x1, x8}, (0.0212267, 0.308434, 0.646016, 0.0243232)) == ({x1, x8}, (0.0212267, 0.308434, 0.646016, 0.0243232))
({x1, x9}, (7.1352e-05, 0.323129, 0.676794, 6.53038e-06)) == ({x1, x9}, (7.1352e-05, 0.323129, 0.676794, 6.53038e-06))
({x2, x3}, (0.676734, 2.72952e-05, 0.000138705, 0.3231)) == ({x2, x3}, (0.676734, 2.72952e-05, 0.000138705, 0.3231))
({x2, x4}, (0.000138705, 0.3231, 0.676734, 2.72952e-05)) == ({x2, x4}, (0.000138705, 0.3231, 0.676734, 2.72952e-05))
({x2, x5}, (0.000138705, 0.3231, 0.676734, 2.72952e-05)) == ({x2, x5}, (0.000138705, 0.3231, 0.676734, 2.72952e-05))
({x2, x6}, (0.000138705, 0.3231, 0.676734, 2.72952e-05)) == ({x2, x6}, (0.000138705, 0.3231, 0.676734, 2.72952e-05))
({x2, x7}, (0.676473, 0.000102959, 0.000448443, 0.322976)) == ({x2, x7}, (0.676473, 0.000102959, 0.000448443, 0.322976))
({x2, x8}, (0.0212267, 0.308434, 0.646016, 0.0243232)) == ({x2, x8}, (0.0212267, 0.308434, 0.646016, 0.0243232))
({x2, x9}, (0.000138705, 0.3231, 0.676734, 2.72952e-05)) == ({x2, x9}, (0.000138705, 0.3231, 0.676734, 2.72952e-05))
({x3, x4}, (4.13603e-07, 0.323153, 0.676846, 7.11802e-07)) == ({x3, x4}, (4.13603e-07, 0.323153, 0.676846, 7.11802e-07))
({x3, x5}, (7.1352e-05, 0.323129, 0.676794, 6.53038e-06)) == ({x3, x5}, (7.1352e-05, 0.323129, 0.676794, 6.53038e-06))
({x3, x6}, (7.11295e-06, 0.323149, 0.676837, 6.5308e-06)) == ({x3, x6}, (7.11295e-06, 0.323149, 0.676837, 6.5308e-06))
({x3, x7}, (0.676473, 0.000102959, 0.000448443, 0.322976)) == ({x3, x7}, (0.676473, 0.000102959, 0.000448443, 0.322976))
({x3, x8}, (0.0212267, 0.308434, 0.646016, 0.0243232)) == ({x3, x8}, (0.0212267, 0.308434, 0.646016, 0.0243232))
({x3, x9}, (7.1352e-05, 0.323129, 0.676794, 6.53038e-06)) == ({x3, x9}, (7.1352e-05, 0.323129, 0.676794, 6.53038e-06))
({x4, x5}, (0.323129, 7.1352e-05, 6.53038e-06, 0.676794)) == ({x4, x5}, (0.323129, 7.1352e-05, 6.53038e-06, 0.676794))
({x4, x6}, (0.323149, 7.11295e-06, 6.5308e-06, 0.676837)) == ({x4, x6}, (0.323149, 7.11295e-06, 6.5308e-06, 0.676837))
({x4, x7}, (0.000102959, 0.676473, 0.322976, 0.000448443)) == ({x4, x7}, (0.000102959, 0.676473, 0.322976, 0.000448443))
({x4, x8}, (0.308434, 0.0212267, 0.0243232, 0.646016)) == ({x4, x8}, (0.308434, 0.0212267, 0.0243232, 0.646016))
({x4, x9}, (0.323129, 7.1352e-05, 6.53038e-06, 0.676794)) == ({x4, x9}, (0.323129, 7.1352e-05, 6.53038e-06, 0.676794))
({x5, x6}, (0.323131, 2.79411e-07, 7.13524e-05, 0.676798)) == ({x5, x6}, (0.323131, 2.79411e-07, 7.13524e-05, 0.676798))
({x5, x7}, (0.000102959, 0.676473, 0.322976, 0.000448443)) == ({x5, x7}, (0.000102959, 0.676473, 0.322976, 0.000448443))
({x5, x8}, (0.308434, 0.0212267, 0.0243232, 0.646016)) == ({x5, x8}, (0.308434, 0.0212267, 0.0243232, 0.646016))
({x5, x9}, (0.323152, 2.79429e-07, 5.32567e-06, 0.676842)) == ({x5, x9}, (0.323152, 2.79429e-07, 5.32567e-06, 0.676842))
({x6, x7}, (0.000102959, 0.676473, 0.322976, 0.000448443)) == ({x6, x7}, (0.000102959, 0.676473, 0.322976, 0.000448443))
({x6, x8}, (0.308434, 0.0212267, 0.0243232, 0.646016)) == ({x6, x8}, (0.308434, 0.0212267, 0.0243232, 0.646016))
({x6, x9}, (0.323131, 7.13524e-05, 2.59265e-07, 0.676798)) == ({x6, x9}, (0.323131, 7.13524e-05, 2.59265e-07, 0.676798))
({x7, x8}, (0.0212267, 0.308434, 0.646016, 0.0243232)) == ({x7, x8}, (0.0212267, 0.308434, 0.646016, 0.0243232))
({x7, x9}, (0.000102959, 0.322976, 0.676473, 0.000448443)) == ({x7, x9}, (0.000102959, 0.322976, 0.676473, 0.000448443))
({x8, x9}, (0.308434, 0.0243232, 0.0212267, 0.646016)) == ({x8, x9}, (0.308434, 0.0243232, 0.0212267, 0.646016))
Exact MAP state (log score = 60.3966):
x0: 1
x1: 0
x2: 0
x3: 0
x4: 1
x5: 1
x6: 1
x7: 0
x8: 1
x9: 1
