Builtin inference algorithms: {BP, EXACT, FBP, JTREE, TRWBP}

Exact variable marginals:
({x0}, (0.676034, 0.323966))
({x1}, (0.381117, 0.618883))
({x2}, (0.633457, 0.366543))
({x3}, (0.278966, 0.721034))
({x4}, (0.56114, 0.43886))
({x5}, (0.597428, 0.402572))
({x6}, (0.746871, 0.253129))
({x7}, (0.770487, 0.229513))
({x8}, (0.727232, 0.272768))
({x9}, (0.561038, 0.438962))
Exact factor marginals:
({x0}, (0.676034, 0.323966))
({x1}, (0.381117, 0.618883))
({x2}, (0.633457, 0.366543))
({x3}, (0.278966, 0.721034))
({x4}, (0.56114, 0.43886))
({x5}, (0.597428, 0.402572))
({x6}, (0.746871, 0.253129))
({x7}, (0.770487, 0.229513))
({x8}, (0.727232, 0.272768))
({x9}, (0.561038, 0.438962))
({x0, x1}, (0.180967, 0.20015, 0.495067, 0.123817))
({x0, x2}, (0.3587, 0.274757, 0.317334, 0.0492095))
({x0, x3}, (0.197721, 0.081245, 0.478313, 0.242722))
({x0, x4}, (0.294476, 0.266664, 0.381557, 0.0573026))
({x0, x5}, (0.338928, 0.2585, 0.337106, 0.0654663))
({x0, x6}, (0.522098, 0.224774, 0.153936, 0.0991928))
({x0, x7}, (0.469579, 0.300908, 0.206455, 0.0230582))
({x0, x8}, (0.441051, 0.286181, 0.234982, 0.0377855))
({x0, x9}, (0.45364, 0.107398, 0.222393, 0.216569))
({x1, x2}, (0.260316, 0.373141, 0.120801, 0.245742))
({x1, x3}, (0.0636107, 0.215355, 0.317506, 0.403528))
({x1, x4}, (0.327665, 0.233475, 0.0534517, 0.385408))
({x1, x5}, (0.236221, 0.361207, 0.144895, 0.257676))
({x1, x6}, (0.214402, 0.532469, 0.166714, 0.0864144))
({x1, x7}, (0.362009, 0.408478, 0.0191079, 0.210405))
({x1, x8}, (0.324352, 0.40288, 0.0567648, 0.216003))
({x1, x9}, (0.225328, 0.33571, 0.155788, 0.283173))
({x2, x3}, (0.201262, 0.0777039, 0.432195, 0.288839))
({x2, x4}, (0.417541, 0.143599, 0.215916, 0.222944))
({x2, x5}, (0.335134, 0.262294, 0.298323, 0.104249))
({x2, x6}, (0.469168, 0.277703, 0.164289, 0.0888399))
({x2, x7}, (0.456255, 0.314231, 0.177201, 0.0523117))
({x2, x8}, (0.426242, 0.30099, 0.207215, 0.0655528))
({x2, x9}, (0.269258, 0.29178, 0.364198, 0.0747635))
({x3, x4}, (0.113367, 0.447773, 0.165598, 0.273261))
({x3, x5}, (0.13717, 0.460258, 0.141796, 0.260776))
({x3, x6}, (0.173496, 0.573376, 0.10547, 0.147659))
({x3, x7}, (0.148375, 0.622111, 0.13059, 0.0989227))
({x3, x8}, (0.147977, 0.579255, 0.130989, 0.141779))
({x3, x9}, (0.088541, 0.472497, 0.190425, 0.248537))
({x4, x5}, (0.361657, 0.235771, 0.199483, 0.203089))
({x4, x6}, (0.360542, 0.386329, 0.200598, 0.0525307))
({x4, x7}, (0.515635, 0.254852, 0.0455052, 0.184008))
({x4, x8}, (0.475955, 0.251277, 0.0851849, 0.187583))
({x4, x9}, (0.316447, 0.244591, 0.244693, 0.194269))
({x5, x6}, (0.465382, 0.281489, 0.132046, 0.121083))
({x5, x7}, (0.543732, 0.226755, 0.0536964, 0.175817))
({x5, x8}, (0.538403, 0.188829, 0.0590252, 0.213742))
({x5, x9}, (0.33854, 0.222498, 0.258888, 0.180073))
({x6, x7}, (0.578831, 0.191656, 0.16804, 0.0614731))
({x6, x8}, (0.534846, 0.192386, 0.212025, 0.0607423))
({x6, x9}, (0.41378, 0.147258, 0.333091, 0.10587))
({x7, x8}, (0.660532, 0.0667001, 0.109955, 0.162813))
({x7, x9}, (0.453344, 0.107695, 0.317143, 0.121819))
({x8, x9}, (0.453411, 0.107627, 0.273822, 0.16514))
Exact log partition sum: 8.06215
Exact MAP variable marginals:
({x0}, (0.629349, 0.370651))
({x1}, (0.370651, 0.629349))
({x2}, (0.370651, 0.629349))
({x3}, (0.342889, 0.657111))
({x4}, (0.370651, 0.629349))
({x5}, (0.657111, 0.342889))
({x6}, (0.810027, 0.189973))
({x7}, (0.657111, 0.342889))
({x8}, (0.657111, 0.342889))
({x9}, (0.629349, 0.370651))
Exact MAP factor marginals:
({x0}, (0.629349, 0.370651)) == ({x0}, (0.629349, 0.370651))
({x1}, (0.370651, 0.629349)) == ({x1}, (0.370651, 0.629349))
({x2}, (0.370651, 0.629349)) == ({x2}, (0.370651, 0.629349))
({x3}, (0.342889, 0.657111)) == ({x3}, (0.342889, 0.657111))
({x4}, (0.370651, 0.629349)) == ({x4}, (0.370651, 0.629349))
({x5}, (0.657111, 0.342889)) == ({x5}, (0.657111, 0.342889))
({x6}, (0.810027, 0.189973)) == ({x6}, (0.810027, 0.189973))
({x7}, (0.657111, 0.342889)) == ({x7}, (0.657111, 0.342889))
({x8}, (0.657111, 0.342889)) == ({x8}, (0.657111, 0.342889))
({x9}, (0.629349, 0.370651)) == ({x9}, (0.629349, 0.370651))
({x0, x1}, (0.102595, 0.262826, 0.446267, 0.188312)) == ({x0, x1}, (0.102595, 0.262826, 0.446267, 0.188312))
({x0, x2}, (0.235177, 0.265432, 0.450693, 0.048698)) == ({x0, x2}, (0.235177, 0.265432, 0.450693, 0.048698))
({x0, x3}, (0.227016, 0.0817089, 0.435053, 0.256221)) == ({x0, x3}, (0.227016, 0.0817089, 0.435053, 0.256221))
({x0, x4}, (0.174843, 0.28496, 0.48385, 0.0563474)) == ({x0, x4}, (0.174843, 0.28496, 0.48385, 0.0563474))
({x0, x5}, (0.448458, 0.264116, 0.234011, 0.0534156)) == ({x0, x5}, (0.448458, 0.264116, 0.234011, 0.0534156))
({x0, x6}, (0.487006, 0.286818, 0.11196, 0.114216)) == ({x0, x6}, (0.487006, 0.286818, 0.11196, 0.114216))
({x0, x7}, (0.465819, 0.274341, 0.24307, 0.0167698)) == ({x0, x7}, (0.465819, 0.274341, 0.24307, 0.0167698))
({x0, x8}, (0.462042, 0.272116, 0.241099, 0.0247432)) == ({x0, x8}, (0.462042, 0.272116, 0.241099, 0.0247432))
({x0, x9}, (0.405897, 0.143252, 0.211802, 0.23905)) == ({x0, x9}, (0.405897, 0.143252, 0.211802, 0.23905))
({x1, x2}, (0.251615, 0.222935, 0.0982183, 0.427232)) == ({x1, x2}, (0.251615, 0.222935, 0.0982183, 0.427232))
({x1, x3}, (0.0817089, 0.227016, 0.256221, 0.435053)) == ({x1, x3}, (0.0817089, 0.227016, 0.256221, 0.435053))
({x1, x4}, (0.271524, 0.194544, 0.0728971, 0.461036)) == ({x1, x4}, (0.271524, 0.194544, 0.0728971, 0.461036))
({x1, x5}, (0.254668, 0.432416, 0.0872766, 0.22564)) == ({x1, x5}, (0.254668, 0.432416, 0.0872766, 0.22564))
({x1, x6}, (0.299833, 0.509103, 0.119398, 0.0716659)) == ({x1, x6}, (0.299833, 0.509103, 0.119398, 0.0716659))
({x1, x7}, (0.276693, 0.469813, 0.0083403, 0.245154)) == ({x1, x7}, (0.276693, 0.469813, 0.0083403, 0.245154))
({x1, x8}, (0.270539, 0.459364, 0.0303944, 0.239702)) == ({x1, x8}, (0.270539, 0.459364, 0.0303944, 0.239702))
({x1, x9}, (0.143252, 0.405897, 0.23905, 0.211802)) == ({x1, x9}, (0.143252, 0.405897, 0.23905, 0.211802))
({x2, x3}, (0.232049, 0.0613538, 0.261901, 0.444697)) == ({x2, x3}, (0.232049, 0.0613538, 0.261901, 0.444697))
({x2, x4}, (0.238234, 0.146174, 0.21108, 0.404512)) == ({x2, x4}, (0.238234, 0.146174, 0.21108, 0.404512))
({x2, x5}, (0.258917, 0.439631, 0.229405, 0.0720471)) == ({x2, x5}, (0.258917, 0.439631, 0.229405, 0.0720471))
({x2, x6}, (0.286818, 0.487006, 0.114216, 0.11196)) == ({x2, x6}, (0.286818, 0.487006, 0.114216, 0.11196))
({x2, x7}, (0.265792, 0.451303, 0.235496, 0.047409)) == ({x2, x7}, (0.265792, 0.451303, 0.235496, 0.047409))
({x2, x8}, (0.265792, 0.451303, 0.235496, 0.047409)) == ({x2, x8}, (0.265792, 0.451303, 0.235496, 0.047409))
({x2, x9}, (0.168409, 0.47718, 0.281032, 0.0733791)) == ({x2, x9}, (0.168409, 0.47718, 0.281032, 0.0733791))
({x3, x4}, (0.0817089, 0.256221, 0.227016, 0.435053)) == ({x3, x4}, (0.0817089, 0.256221, 0.227016, 0.435053))
({x3, x5}, (0.0966578, 0.514648, 0.26855, 0.120145)) == ({x3, x5}, (0.0966578, 0.514648, 0.26855, 0.120145))
({x3, x6}, (0.268401, 0.514363, 0.0966043, 0.120632)) == ({x3, x6}, (0.268401, 0.514363, 0.0966043, 0.120632))
({x3, x7}, (0.0966578, 0.514648, 0.26855, 0.120145)) == ({x3, x7}, (0.0966578, 0.514648, 0.26855, 0.120145))
({x3, x8}, (0.0966578, 0.514648, 0.26855, 0.120145)) == ({x3, x8}, (0.0966578, 0.514648, 0.26855, 0.120145))
({x3, x9}, (0.0613538, 0.444697, 0.232049, 0.261901)) == ({x3, x9}, (0.0613538, 0.444697, 0.232049, 0.261901))
({x4, x5}, (0.254668, 0.432416, 0.0872766, 0.22564)) == ({x4, x5}, (0.254668, 0.432416, 0.0872766, 0.22564))
({x4, x6}, (0.299833, 0.509103, 0.119398, 0.0716659)) == ({x4, x6}, (0.299833, 0.509103, 0.119398, 0.0716659))
({x4, x7}, (0.271883, 0.461645, 0.0255797, 0.240892)) == ({x4, x7}, (0.271883, 0.461645, 0.0255797, 0.240892))
({x4, x8}, (0.270539, 0.459364, 0.0303944, 0.239702)) == ({x4, x8}, (0.270539, 0.459364, 0.0303944, 0.239702))
({x4, x9}, (0.146174, 0.404512, 0.238234, 0.21108)) == ({x4, x9}, (0.146174, 0.404512, 0.238234, 0.21108))
({x5, x6}, (0.517358, 0.269964, 0.121335, 0.0913428)) == ({x5, x6}, (0.517358, 0.269964, 0.121335, 0.0913428))
({x5, x7}, (0.554246, 0.111866, 0.0446759, 0.289212)) == ({x5, x7}, (0.554246, 0.111866, 0.0446759, 0.289212))
({x5, x8}, (0.556741, 0.11237, 0.0403754, 0.290514)) == ({x5, x8}, (0.556741, 0.11237, 0.0403754, 0.290514))
({x5, x9}, (0.426584, 0.0995864, 0.251233, 0.222597)) == ({x5, x9}, (0.426584, 0.0995864, 0.251233, 0.222597))
({x6, x7}, (0.527118, 0.123623, 0.275057, 0.0742019)) == ({x6, x7}, (0.527118, 0.123623, 0.275057, 0.0742019))
({x6, x8}, (0.527118, 0.123623, 0.275057, 0.0742019)) == ({x6, x8}, (0.527118, 0.123623, 0.275057, 0.0742019))
({x6, x9}, (0.487006, 0.11196, 0.286818, 0.114216)) == ({x6, x9}, (0.487006, 0.11196, 0.286818, 0.114216))
({x7, x8}, (0.596989, 0.0481213, 0.0433729, 0.311517)) == ({x7, x8}, (0.596989, 0.0481213, 0.0433729, 0.311517))
({x7, x9}, (0.426584, 0.0995864, 0.251233, 0.222597)) == ({x7, x9}, (0.426584, 0.0995864, 0.251233, 0.222597))
({x8, x9}, (0.426584, 0.0995864, 0.251233, 0.222597)) == ({x8, x9}, (0.426584, 0.0995864, 0.251233, 0.222597))
Exact MAP state (log score = 5.36309):
x0: 0
x1: 1
x2: 1
x3: 1
x4: 1
x5: 0
x6: 0
x7: 0
x8: 0
x9: 0
