Builtin inference algorithms: {BP, EXACT, FBP, JTREE, TRWBP}

Exact variable marginals:
({x0}, (0.953179, 0.0468207))
({x1}, (0.0486982, 0.951302))
({x2}, (0.953179, 0.0468206))
({x3}, (0.0508098, 0.94919))
({x4}, (0.95318, 0.0468203))
({x5}, (0.95242, 0.0475801))
({x6}, (0.95108, 0.0489197))
({x7}, (0.752416, 0.247584))
({x8}, (0.0468198, 0.95318))
({x9}, (0.95318, 0.0468198))
Exact factor marginals:
({x0}, (0.953179, 0.0468207))
({x1}, (0.0486982, 0.951302))
({x2}, (0.953179, 0.0468206))
({x3}, (0.0508098, 0.94919))
({x4}, (0.95318, 0.0468203))
({x5}, (0.95242, 0.0475801))
({x6}, (0.95108, 0.0489197))
({x7}, (0.752416, 0.247584))
({x8}, (0.0468198, 0.95318))
({x9}, (0.95318, 0.0468198))
({x0, x1}, (0.0019156, 0.0467826, 0.951264, 3.8088e-05))
({x0, x2}, (0.953179, 3.51723e-07, 2.46974e-07, 0.0468203))
({x0, x3}, (0.00412597, 0.0466839, 0.949053, 0.00013683))
({x0, x4}, (0.953179, 3.43222e-07, 5.27613e-09, 0.0468203))
({x0, x5}, (0.952385, 3.52192e-05, 0.000794683, 0.0467855))
({x0, x6}, (0.951039, 4.1646e-05, 0.00214062, 0.046779))
({x0, x7}, (0.745932, 0.00648478, 0.207248, 0.0403359))
({x0, x8}, (4.76111e-07, 0.0468193, 0.953179, 1.40012e-06))
({x0, x9}, (0.953179, 9.59014e-07, 7.07861e-08, 0.0468197))
({x1, x2}, (0.00191595, 0.951263, 0.0467822, 3.8334e-05))
({x1, x3}, (0.0485994, 0.00221038, 9.87522e-05, 0.949091))
({x1, x4}, (0.00191593, 0.951264, 0.0467823, 3.80849e-05))
({x1, x5}, (0.00112126, 0.951299, 0.0475769, 3.20837e-06))
({x1, x6}, (3.56924e-06, 0.951077, 0.0486946, 0.000225031))
({x1, x7}, (0.00646573, 0.745951, 0.0422325, 0.205351))
({x1, x8}, (0.0467812, 3.8564e-05, 0.001917, 0.951263))
({x1, x9}, (0.00191656, 0.951264, 0.0467816, 3.81587e-05))
({x2, x3}, (0.00412632, 0.0466835, 0.949053, 0.000137076))
({x2, x4}, (0.953179, 2.50174e-07, 1.69767e-08, 0.0468203))
({x2, x5}, (0.952385, 3.51259e-05, 0.000794695, 0.0467855))
({x2, x6}, (0.951038, 4.1892e-05, 0.00214097, 0.0467787))
({x2, x7}, (0.745932, 0.00648469, 0.207248, 0.0403359))
({x2, x8}, (4.88462e-07, 0.0468193, 0.953179, 1.30772e-06))
({x2, x9}, (0.953179, 8.66593e-07, 8.31131e-08, 0.0468197))
({x3, x4}, (0.00412631, 0.949053, 0.0466835, 0.000136827))
({x3, x5}, (0.00333163, 0.949088, 0.0474782, 0.000101951))
({x3, x6}, (0.0019857, 0.949095, 0.0488241, 9.55303e-05))
({x3, x7}, (0.00867601, 0.74374, 0.0421338, 0.20545))
({x3, x8}, (0.0466825, 0.000137306, 0.00412737, 0.949053))
({x3, x9}, (0.00412693, 0.949053, 0.0466829, 0.000136901))
({x4, x5}, (0.952385, 3.48765e-05, 0.000794678, 0.0467855))
({x4, x6}, (0.951039, 4.1644e-05, 0.00214095, 0.0467787))
({x4, x7}, (0.745932, 0.00648444, 0.207248, 0.0403359))
({x4, x8}, (4.79185e-07, 0.0468193, 0.953179, 1.06525e-06))
({x4, x9}, (0.95318, 6.24115e-07, 7.38329e-08, 0.0468197))
({x5, x6}, (0.951074, 6.76823e-06, 0.00134628, 0.0475734))
({x5, x7}, (0.745967, 0.00644962, 0.206453, 0.0411305))
({x5, x8}, (3.53557e-05, 0.0467844, 0.952384, 0.000795744))
({x5, x9}, (0.952385, 0.000795302, 3.49504e-05, 0.0467848))
({x6, x7}, (0.745726, 0.0066905, 0.205354, 0.0422292))
({x6, x8}, (4.19229e-05, 0.0467778, 0.951038, 0.00214182))
({x6, x9}, (0.951039, 0.00214158, 4.17157e-05, 0.0467781))
({x7, x8}, (0.0064846, 0.0403352, 0.745932, 0.207248))
({x7, x9}, (0.745932, 0.207248, 0.0064843, 0.0403355))
({x8, x9}, (5.1166e-07, 0.95318, 0.0468192, 5.4744e-07))
Exact log partition sum: 63.5144
Exact MAP variable marginals:
({x0}, (0.948674, 0.0513257))
({x1}, (0.0513257, 0.948674))
({x2}, (0.948674, 0.0513257))
({x3}, (0.0513257, 0.948674))
({x4}, (0.948674, 0.0513257))
({x5}, (0.948674, 0.0513257))
({x6}, (0.948674, 0.0513257))
({x7}, (0.783626, 0.216374))
({x8}, (0.0513257, 0.948674))
({x9}, (0.948674, 0.0513257))
Exact MAP factor marginals:
({x0}, (0.948674, 0.0513257)) == ({x0}, (0.948674, 0.0513257))
({x1}, (0.0513257, 0.948674)) == ({x1}, (0.0513257, 0.948674))
({x2}, (0.948674, 0.0513257)) == ({x2}, (0.948674, 0.0513257))
({x3}, (0.0513257, 0.948674)) == ({x3}, (0.0513257, 0.948674))
({x4}, (0.948674, 0.0513257)) == ({x4}, (0.948674, 0.0513257))
({x5}, (0.948674, 0.0513257)) == ({x5}, (0.948674, 0.0513257))
({x6}, (0.948674, 0.0513257)) == ({x6}, (0.948674, 0.0513257))
({x7}, (0.783626, 0.216374)) == ({x7}, (0.783626, 0.216374))
({x8}, (0.0513257, 0.948674)) == ({x8}, (0.0513257, 0.948674))
({x9}, (0.948674, 0.0513257)) == ({x9}, (0.948674, 0.0513257))
({x0, x1}, (0.00140371, 0.0512514, 0.9473, 4.44193e-05)) == ({x0, x1}, (0.00140371, 0.0512514, 0.9473, 4.44193e-05))
({x0, x2}, (0.948674, 4.32667e-07, 3.07153e-07, 0.0513257)) == ({x0, x2}, (0.948674, 4.32667e-07, 3.07153e-07, 0.0513257))
({x0, x3}, (0.00252614, 0.0511898, 0.946163, 0.000121165)) == ({x0, x3}, (0.00252614, 0.0511898, 0.946163, 0.000121165))
({x0, x4}, (0.948674, 4.32667e-07, 5.46024e-09, 0.0513257)) == ({x0, x4}, (0.948674, 4.32667e-07, 5.46024e-09, 0.0513257))
({x0, x5}, (0.947672, 4.44367e-05, 0.00101256, 0.0512715)) == ({x0, x5}, (0.947672, 4.44367e-05, 0.00101256, 0.0512715))
({x0, x6}, (0.9473, 4.44193e-05, 0.00140371, 0.0512514)) == ({x0, x6}, (0.9473, 4.44193e-05, 0.00140371, 0.0512514))
({x0, x7}, (0.746887, 0.00647384, 0.20623, 0.0404085)) == ({x0, x7}, (0.746887, 0.00647384, 0.20623, 0.0404085))
({x0, x8}, (3.58444e-07, 0.0513257, 0.948673, 5.27697e-07)) == ({x0, x8}, (3.58444e-07, 0.0513257, 0.948673, 5.27697e-07))
({x0, x9}, (0.948674, 5.26921e-07, 4.03422e-08, 0.0513257)) == ({x0, x9}, (0.948674, 5.26921e-07, 4.03422e-08, 0.0513257))
({x1, x2}, (0.00140371, 0.9473, 0.0512514, 4.44193e-05)) == ({x1, x2}, (0.00140371, 0.9473, 0.0512514, 4.44193e-05))
({x1, x3}, (0.0511898, 0.00252614, 0.000121165, 0.946163)) == ({x1, x3}, (0.0511898, 0.00252614, 0.000121165, 0.946163))
({x1, x4}, (0.00140371, 0.9473, 0.0512514, 4.44193e-05)) == ({x1, x4}, (0.00140371, 0.9473, 0.0512514, 4.44193e-05))
({x1, x5}, (0.00140377, 0.947339, 0.0512535, 3.96935e-06)) == ({x1, x5}, (0.00140377, 0.947339, 0.0512535, 3.96935e-06))
({x1, x6}, (4.46615e-06, 0.948398, 0.0513108, 0.00028653)) == ({x1, x6}, (4.46615e-06, 0.948398, 0.0513108, 0.00028653))
({x1, x7}, (0.00647384, 0.746887, 0.0404085, 0.20623)) == ({x1, x7}, (0.00647384, 0.746887, 0.0404085, 0.20623))
({x1, x8}, (0.0512514, 4.44193e-05, 0.00140371, 0.9473)) == ({x1, x8}, (0.0512514, 4.44193e-05, 0.00140371, 0.9473))
({x1, x9}, (0.00140371, 0.9473, 0.0512514, 4.44193e-05)) == ({x1, x9}, (0.00140371, 0.9473, 0.0512514, 4.44193e-05))
({x2, x3}, (0.00252614, 0.0511898, 0.946163, 0.000121165)) == ({x2, x3}, (0.00252614, 0.0511898, 0.946163, 0.000121165))
({x2, x4}, (0.948674, 3.07153e-07, 1.53737e-08, 0.0513257)) == ({x2, x4}, (0.948674, 3.07153e-07, 1.53737e-08, 0.0513257))
({x2, x5}, (0.947672, 4.44367e-05, 0.00101256, 0.0512715)) == ({x2, x5}, (0.947672, 4.44367e-05, 0.00101256, 0.0512715))
({x2, x6}, (0.9473, 4.44193e-05, 0.00140371, 0.0512514)) == ({x2, x6}, (0.9473, 4.44193e-05, 0.00140371, 0.0512514))
({x2, x7}, (0.746887, 0.00647384, 0.20623, 0.0404085)) == ({x2, x7}, (0.746887, 0.00647384, 0.20623, 0.0404085))
({x2, x8}, (3.58444e-07, 0.0513257, 0.948673, 5.27697e-07)) == ({x2, x8}, (3.58444e-07, 0.0513257, 0.948673, 5.27697e-07))
({x2, x9}, (0.948674, 5.26921e-07, 4.03422e-08, 0.0513257)) == ({x2, x9}, (0.948674, 5.26921e-07, 4.03422e-08, 0.0513257))
({x3, x4}, (0.00252614, 0.946163, 0.0511898, 0.000121165)) == ({x3, x4}, (0.00252614, 0.946163, 0.0511898, 0.000121165))
({x3, x5}, (0.00252614, 0.946163, 0.0511898, 0.000121165)) == ({x3, x5}, (0.00252614, 0.946163, 0.0511898, 0.000121165))
({x3, x6}, (0.00252614, 0.946163, 0.0511898, 0.000121165)) == ({x3, x6}, (0.00252614, 0.946163, 0.0511898, 0.000121165))
({x3, x7}, (0.00647384, 0.746887, 0.0404085, 0.20623)) == ({x3, x7}, (0.00647384, 0.746887, 0.0404085, 0.20623))
({x3, x8}, (0.0511898, 0.000121165, 0.00252614, 0.946163)) == ({x3, x8}, (0.0511898, 0.000121165, 0.00252614, 0.946163))
({x3, x9}, (0.00252614, 0.946163, 0.0511898, 0.000121165)) == ({x3, x9}, (0.00252614, 0.946163, 0.0511898, 0.000121165))
({x4, x5}, (0.947672, 4.44367e-05, 0.00101256, 0.0512715)) == ({x4, x5}, (0.947672, 4.44367e-05, 0.00101256, 0.0512715))
({x4, x6}, (0.9473, 4.44193e-05, 0.00140371, 0.0512514)) == ({x4, x6}, (0.9473, 4.44193e-05, 0.00140371, 0.0512514))
({x4, x7}, (0.746887, 0.00647384, 0.20623, 0.0404085)) == ({x4, x7}, (0.746887, 0.00647384, 0.20623, 0.0404085))
({x4, x8}, (3.58444e-07, 0.0513257, 0.948673, 5.27697e-07)) == ({x4, x8}, (3.58444e-07, 0.0513257, 0.948673, 5.27697e-07))
({x4, x9}, (0.948674, 5.26921e-07, 4.03422e-08, 0.0513257)) == ({x4, x9}, (0.948674, 5.26921e-07, 4.03422e-08, 0.0513257))
({x5, x6}, (0.947338, 4.46116e-06, 0.00140377, 0.0512534)) == ({x5, x6}, (0.947338, 4.46116e-06, 0.00140377, 0.0512534))
({x5, x7}, (0.746887, 0.00647384, 0.20623, 0.0404085)) == ({x5, x7}, (0.746887, 0.00647384, 0.20623, 0.0404085))
({x5, x8}, (4.44367e-05, 0.0512715, 0.947672, 0.00101256)) == ({x5, x8}, (4.44367e-05, 0.0512715, 0.947672, 0.00101256))
({x5, x9}, (0.947672, 0.00101256, 4.44367e-05, 0.0512715)) == ({x5, x9}, (0.947672, 0.00101256, 4.44367e-05, 0.0512715))
({x6, x7}, (0.746887, 0.00647384, 0.20623, 0.0404085)) == ({x6, x7}, (0.746887, 0.00647384, 0.20623, 0.0404085))
({x6, x8}, (4.44193e-05, 0.0512514, 0.9473, 0.00140371)) == ({x6, x8}, (4.44193e-05, 0.0512514, 0.9473, 0.00140371))
({x6, x9}, (0.9473, 0.00140371, 4.44193e-05, 0.0512514)) == ({x6, x9}, (0.9473, 0.00140371, 4.44193e-05, 0.0512514))
({x7, x8}, (0.00647384, 0.0404085, 0.746887, 0.20623)) == ({x7, x8}, (0.00647384, 0.0404085, 0.746887, 0.20623))
({x7, x9}, (0.746887, 0.20623, 0.00647384, 0.0404085)) == ({x7, x9}, (0.746887, 0.20623, 0.00647384, 0.0404085))
({x8, x9}, (3.58444e-07, 0.948673, 0.0513257, 5.27697e-07)) == ({x8, x9}, (3.58444e-07, 0.948673, 0.0513257, 5.27697e-07))
Exact MAP state (log score = 63.2183):
x0: 0
x1: 1
x2: 0
x3: 1
x4: 0
x5: 0
x6: 0
x7: 0
x8: 1
x9: 0
