Builtin inference algorithms: {BP, EXACT, FBP, JTREE, TRWBP}

Exact variable marginals:
({x0}, (0.0291373, 0.970863))
({x1}, (0.970895, 0.0291048))
({x2}, (0.968563, 0.0314366))
({x3}, (0.0299584, 0.970042))
({x4}, (0.971008, 0.0289916))
({x5}, (0.971383, 0.0286167))
({x6}, (0.0291098, 0.97089))
({x7}, (0.188012, 0.811988))
({x8}, (0.0357727, 0.964227))
({x9}, (0.864389, 0.135611))
Exact factor marginals:
({x0}, (0.0291373, 0.970863))
({x1}, (0.970895, 0.0291048))
({x2}, (0.968563, 0.0314366))
({x3}, (0.0299584, 0.970042))
({x4}, (0.971008, 0.0289916))
({x5}, (0.971383, 0.0286167))
({x6}, (0.0291098, 0.97089))
({x7}, (0.188012, 0.811988))
({x8}, (0.0357727, 0.964227))
({x9}, (0.864389, 0.135611))
({x0, x1}, (3.32007e-05, 0.970862, 0.0291041, 7.48283e-07))
({x0, x2}, (3.33453e-05, 0.96853, 0.0291039, 0.00233266))
({x0, x3}, (0.028466, 0.0014924, 0.000671242, 0.96937))
({x0, x4}, (0.00019877, 0.97081, 0.0289385, 5.30963e-05))
({x0, x5}, (0.00103701, 0.970346, 0.0281003, 0.000516463))
({x0, x6}, (0.0291045, 5.30396e-06, 3.27463e-05, 0.970857))
({x0, x7}, (0.0150542, 0.172958, 0.014083, 0.797905))
({x0, x8}, (0.0291284, 0.00664428, 8.87447e-06, 0.964218))
({x0, x9}, (0.0162032, 0.848186, 0.0129341, 0.122677))
({x1, x2}, (0.96856, 2.99899e-06, 0.00233477, 0.0291018))
({x1, x3}, (0.00149455, 0.0284639, 0.969401, 0.00064094))
({x1, x4}, (0.97084, 0.000168436, 5.52149e-05, 0.0289364))
({x1, x5}, (0.970379, 0.00100383, 0.000515739, 0.028101))
({x1, x6}, (7.41402e-06, 0.0291024, 0.970888, 2.40402e-06))
({x1, x7}, (0.172988, 0.0150244, 0.797907, 0.0140805))
({x1, x8}, (0.00667736, 0.0290953, 0.964218, 9.50253e-06))
({x1, x9}, (0.848216, 0.0161729, 0.122679, 0.0129319))
({x2, x3}, (0.0014672, 0.0284912, 0.967096, 0.00294537))
({x2, x4}, (0.968515, 0.00249376, 4.8764e-05, 0.0289428))
({x2, x5}, (0.968049, 0.00333377, 0.000513904, 0.0281028))
({x2, x6}, (6.77655e-07, 0.0291092, 0.968563, 0.00232744))
({x2, x7}, (0.17299, 0.0150218, 0.795573, 0.0164148))
({x2, x8}, (0.00449533, 0.0312774, 0.964068, 0.000159242))
({x2, x9}, (0.848216, 0.0161728, 0.120347, 0.0152638))
({x3, x4}, (0.00145268, 0.969556, 0.0285058, 0.000485853))
({x3, x5}, (0.00218705, 0.969196, 0.0277714, 0.000845341))
({x3, x6}, (0.0284713, 0.000638551, 0.00148715, 0.969403))
({x3, x7}, (0.0143861, 0.173626, 0.0155723, 0.796415))
({x3, x8}, (0.0292122, 0.00656047, 0.000746218, 0.963481))
({x3, x9}, (0.0155323, 0.848856, 0.0144262, 0.121185))
({x4, x5}, (0.970543, 0.000840125, 0.000465252, 0.0281515))
({x4, x6}, (0.000168141, 0.0289417, 0.97084, 4.99092e-05))
({x4, x7}, (0.173142, 0.0148706, 0.797867, 0.014121))
({x4, x8}, (0.00684279, 0.0289299, 0.964166, 6.17078e-05))
({x4, x9}, (0.848372, 0.0160166, 0.122636, 0.012975))
({x5, x6}, (0.00100635, 0.0281035, 0.970377, 0.000513241))
({x5, x7}, (0.172815, 0.0151971, 0.798568, 0.0134196))
({x5, x8}, (0.00768119, 0.0280915, 0.963702, 0.000525238))
({x5, x9}, (0.848017, 0.0163717, 0.123366, 0.0122451))
({x6, x7}, (0.0150219, 0.17299, 0.0140879, 0.7979))
({x6, x8}, (0.0290978, 0.00667486, 1.20094e-05, 0.964215))
({x6, x9}, (0.0161705, 0.848218, 0.0129393, 0.122672))
({x7, x8}, (0.0151431, 0.0206296, 0.172869, 0.791358))
({x7, x9}, (0.148052, 0.716337, 0.0399603, 0.095651))
({x8, x9}, (0.0198931, 0.844496, 0.0158796, 0.119732))
Exact log partition sum: 39.4092
Exact MAP variable marginals:
({x0}, (0.0120086, 0.987991))
({x1}, (0.987991, 0.0120086))
({x2}, (0.987991, 0.0120086))
({x3}, (0.0120086, 0.987991))
({x4}, (0.987991, 0.0120086))
({x5}, (0.987991, 0.0120086))
({x6}, (0.0120086, 0.987991))
({x7}, (0.165723, 0.834277))
({x8}, (0.0120086, 0.987991))
({x9}, (0.890822, 0.109178))
Exact MAP factor marginals:
({x0}, (0.0120086, 0.987991)) == ({x0}, (0.0120086, 0.987991))
({x1}, (0.987991, 0.0120086)) == ({x1}, (0.987991, 0.0120086))
({x2}, (0.987991, 0.0120086)) == ({x2}, (0.987991, 0.0120086))
({x3}, (0.0120086, 0.987991)) == ({x3}, (0.0120086, 0.987991))
({x4}, (0.987991, 0.0120086)) == ({x4}, (0.987991, 0.0120086))
({x5}, (0.987991, 0.0120086)) == ({x5}, (0.987991, 0.0120086))
({x6}, (0.0120086, 0.987991)) == ({x6}, (0.0120086, 0.987991))
({x7}, (0.165723, 0.834277)) == ({x7}, (0.165723, 0.834277))
({x8}, (0.0120086, 0.987991)) == ({x8}, (0.0120086, 0.987991))
({x9}, (0.890822, 0.109178)) == ({x9}, (0.890822, 0.109178))
({x0, x1}, (4.19059e-05, 0.987949, 0.0120081, 8.81835e-07)) == ({x0, x1}, (4.19059e-05, 0.987949, 0.0120081, 8.81835e-07))
({x0, x2}, (4.17795e-05, 0.98497, 0.0119718, 0.00301649)) == ({x0, x2}, (4.17795e-05, 0.98497, 0.0119718, 0.00301649))
({x0, x3}, (0.0119902, 0.00101525, 0.000514146, 0.98648)) == ({x0, x3}, (0.0119902, 0.00101525, 0.000514146, 0.98648))
({x0, x4}, (0.000225754, 0.987715, 0.0120052, 5.38303e-05)) == ({x0, x4}, (0.000225754, 0.987715, 0.0120052, 5.38303e-05))
({x0, x5}, (0.00100613, 0.986391, 0.0119891, 0.000613532)) == ({x0, x5}, (0.00100613, 0.986391, 0.0119891, 0.000613532))
({x0, x6}, (0.012008, 3.55162e-06, 4.19058e-05, 0.987947)) == ({x0, x6}, (0.012008, 3.55162e-06, 4.19058e-05, 0.987947))
({x0, x7}, (0.00861129, 0.162647, 0.00995201, 0.81879)) == ({x0, x7}, (0.00861129, 0.162647, 0.00995201, 0.81879))
({x0, x8}, (0.0119481, 0.00502529, 1.0811e-05, 0.983016)) == ({x0, x8}, (0.0119481, 0.00502529, 1.0811e-05, 0.983016))
({x0, x9}, (0.0106132, 0.873187, 0.00918339, 0.107017)) == ({x0, x9}, (0.0106132, 0.873187, 0.00918339, 0.107017))
({x1, x2}, (0.985008, 3.19803e-06, 0.00301661, 0.0119723)) == ({x1, x2}, (0.985008, 3.19803e-06, 0.00301661, 0.0119723))
({x1, x3}, (0.00101525, 0.0119902, 0.98648, 0.000514146)) == ({x1, x3}, (0.00101525, 0.0119902, 0.98648, 0.000514146))
({x1, x4}, (0.987715, 0.000225754, 5.38303e-05, 0.0120052)) == ({x1, x4}, (0.987715, 0.000225754, 5.38303e-05, 0.0120052))
({x1, x5}, (0.986391, 0.00100613, 0.000613532, 0.0119891)) == ({x1, x5}, (0.986391, 0.00100613, 0.000613532, 0.0119891))
({x1, x6}, (3.93919e-06, 0.0120085, 0.987984, 3.20769e-06)) == ({x1, x6}, (3.93919e-06, 0.0120085, 0.987984, 3.20769e-06))
({x1, x7}, (0.162647, 0.00861129, 0.81879, 0.00995201)) == ({x1, x7}, (0.162647, 0.00861129, 0.81879, 0.00995201))
({x1, x8}, (0.00502529, 0.0119481, 0.983016, 1.0811e-05)) == ({x1, x8}, (0.00502529, 0.0119481, 0.983016, 1.0811e-05))
({x1, x9}, (0.873187, 0.0106132, 0.107017, 0.00918339)) == ({x1, x9}, (0.873187, 0.0106132, 0.107017, 0.00918339))
({x2, x3}, (0.00101271, 0.0119602, 0.984014, 0.00301356)) == ({x2, x3}, (0.00101271, 0.0119602, 0.984014, 0.00301356))
({x2, x4}, (0.984958, 0.00301645, 5.368e-05, 0.0119717)) == ({x2, x4}, (0.984958, 0.00301645, 5.368e-05, 0.0119717))
({x2, x5}, (0.984408, 0.00301477, 0.000612298, 0.011965)) == ({x2, x5}, (0.984408, 0.00301477, 0.000612298, 0.011965))
({x2, x6}, (7.08416e-07, 0.0119723, 0.98501, 0.00301661)) == ({x2, x6}, (7.08416e-07, 0.0119723, 0.98501, 0.00301661))
({x2, x7}, (0.162647, 0.00861129, 0.81879, 0.00995201)) == ({x2, x7}, (0.162647, 0.00861129, 0.81879, 0.00995201))
({x2, x8}, (0.00502433, 0.0119458, 0.982827, 0.000203269)) == ({x2, x8}, (0.00502433, 0.0119458, 0.982827, 0.000203269))
({x2, x9}, (0.873187, 0.0106132, 0.107017, 0.00918339)) == ({x2, x9}, (0.873187, 0.0106132, 0.107017, 0.00918339))
({x3, x4}, (0.00101525, 0.98648, 0.0119902, 0.000514146)) == ({x3, x4}, (0.00101525, 0.98648, 0.0119902, 0.000514146))
({x3, x5}, (0.00101515, 0.986382, 0.011989, 0.000613526)) == ({x3, x5}, (0.00101515, 0.986382, 0.011989, 0.000613526))
({x3, x6}, (0.0119902, 0.000514146, 0.00101525, 0.98648)) == ({x3, x6}, (0.0119902, 0.000514146, 0.00101525, 0.98648))
({x3, x7}, (0.00861129, 0.162647, 0.00995201, 0.81879)) == ({x3, x7}, (0.00861129, 0.162647, 0.00995201, 0.81879))
({x3, x8}, (0.0119366, 0.00502045, 0.000974955, 0.982068)) == ({x3, x8}, (0.0119366, 0.00502045, 0.000974955, 0.982068))
({x3, x9}, (0.0106132, 0.873187, 0.00918339, 0.107017)) == ({x3, x9}, (0.0106132, 0.873187, 0.00918339, 0.107017))
({x4, x5}, (0.986391, 0.00100613, 0.000613532, 0.0119891)) == ({x4, x5}, (0.986391, 0.00100613, 0.000613532, 0.0119891))
({x4, x6}, (0.000225754, 0.0120052, 0.987715, 5.38303e-05)) == ({x4, x6}, (0.000225754, 0.0120052, 0.987715, 5.38303e-05))
({x4, x7}, (0.162647, 0.00861129, 0.81879, 0.00995201)) == ({x4, x7}, (0.162647, 0.00861129, 0.81879, 0.00995201))
({x4, x8}, (0.00502508, 0.0119476, 0.982974, 5.35719e-05)) == ({x4, x8}, (0.00502508, 0.0119476, 0.982974, 5.35719e-05))
({x4, x9}, (0.873187, 0.0106132, 0.107017, 0.00918339)) == ({x4, x9}, (0.873187, 0.0106132, 0.107017, 0.00918339))
({x5, x6}, (0.00100613, 0.0119891, 0.986391, 0.000613532)) == ({x5, x6}, (0.00100613, 0.0119891, 0.986391, 0.000613532))
({x5, x7}, (0.162647, 0.00861129, 0.81879, 0.00995201)) == ({x5, x7}, (0.162647, 0.00861129, 0.81879, 0.00995201))
({x5, x8}, (0.00502228, 0.0119409, 0.982426, 0.000611065)) == ({x5, x8}, (0.00502228, 0.0119409, 0.982426, 0.000611065))
({x5, x9}, (0.873187, 0.0106132, 0.107017, 0.00918339)) == ({x5, x9}, (0.873187, 0.0106132, 0.107017, 0.00918339))
({x6, x7}, (0.00861129, 0.162647, 0.00995201, 0.81879)) == ({x6, x7}, (0.00861129, 0.162647, 0.00995201, 0.81879))
({x6, x8}, (0.0119481, 0.00502529, 1.0811e-05, 0.983016)) == ({x6, x8}, (0.0119481, 0.00502529, 1.0811e-05, 0.983016))
({x6, x9}, (0.0106132, 0.873187, 0.00918339, 0.107017)) == ({x6, x9}, (0.0106132, 0.873187, 0.00918339, 0.107017))
({x7, x8}, (0.00861129, 0.00995201, 0.162647, 0.81879)) == ({x7, x8}, (0.00861129, 0.00995201, 0.162647, 0.81879))
({x7, x9}, (0.145269, 0.731308, 0.0337945, 0.0896281)) == ({x7, x9}, (0.145269, 0.731308, 0.0337945, 0.0896281))
({x8, x9}, (0.0106132, 0.873187, 0.00918339, 0.107017)) == ({x8, x9}, (0.0106132, 0.873187, 0.00918339, 0.107017))
Exact MAP state (log score = 39.0585):
x0: 1
x1: 0
x2: 0
x3: 1
x4: 0
x5: 0
x6: 1
x7: 1
x8: 1
x9: 0
