Builtin inference algorithms: {BP, EXACT, FBP, JTREE, TRWBP}

Exact variable marginals:
({x0}, (0.0499717, 0.950028))
({x1}, (0.948794, 0.0512061))
({x2}, (0.0506276, 0.949372))
({x3}, (0.950029, 0.0499705))
({x4}, (0.052867, 0.947133))
({x5}, (0.950001, 0.049999))
({x6}, (0.0503577, 0.949642))
({x7}, (0.949884, 0.0501158))
({x8}, (0.0499718, 0.950028))
({x9}, (0.950028, 0.0499717))
Exact factor marginals:
({x0}, (0.0499717, 0.950028))
({x1}, (0.948794, 0.0512061))
({x2}, (0.0506276, 0.949372))
({x3}, (0.950029, 0.0499705))
({x4}, (0.052867, 0.947133))
({x5}, (0.950001, 0.049999))
({x6}, (0.0503577, 0.949642))
({x7}, (0.949884, 0.0501158))
({x8}, (0.0499718, 0.950028))
({x9}, (0.950028, 0.0499717))
({x0, x1}, (1.853e-06, 0.948792, 0.0499699, 0.00123618))
({x0, x2}, (0.0476477, 0.0029799, 0.00232399, 0.947048))
({x0, x3}, (1.37971e-06, 0.950028, 0.0499704, 1.71688e-07))
({x0, x4}, (0.0489188, 0.00394824, 0.00105294, 0.94608))
({x0, x5}, (4.59226e-07, 0.950001, 0.0499713, 2.76982e-05))
({x0, x6}, (0.0499016, 0.000456069, 7.01205e-05, 0.949572))
({x0, x7}, (8.63779e-05, 0.949798, 0.0498854, 0.000230449))
({x0, x8}, (0.0499717, 2.60609e-08, 6.3035e-09, 0.950028))
({x0, x9}, (1.64543e-10, 0.950028, 0.0499717, 2.41893e-09))
({x1, x2}, (0.00298162, 0.047646, 0.945812, 0.00356005))
({x1, x3}, (0.948792, 0.00123756, 2.02468e-06, 0.0499685))
({x1, x4}, (0.00395009, 0.0489169, 0.944844, 0.00228913))
({x1, x5}, (0.948791, 0.00121008, 2.99136e-06, 0.049996))
({x1, x6}, (0.000224675, 0.050133, 0.948569, 0.00107306))
({x1, x7}, (0.948562, 0.00132234, 0.000232077, 0.0498837))
({x1, x8}, (1.86395e-06, 0.0499699, 0.948792, 0.00123618))
({x1, x9}, (0.948792, 0.00123618, 1.853e-06, 0.0499699))
({x2, x3}, (0.00297973, 0.94705, 0.0476479, 0.00232261))
({x2, x4}, (0.0497443, 0.00312272, 0.000883327, 0.94625))
({x2, x5}, (0.00298036, 0.947021, 0.0476473, 0.00235169))
({x2, x6}, (0.0478666, 0.00249109, 0.00276104, 0.946881))
({x2, x7}, (0.00275248, 0.947132, 0.0478752, 0.00224065))
({x2, x8}, (0.0476477, 0.00232402, 0.0029799, 0.947048))
({x2, x9}, (0.0029799, 0.947048, 0.0476477, 0.002324))
({x3, x4}, (0.00394806, 0.048919, 0.946081, 0.00105156))
({x3, x5}, (0.95, 6.30905e-07, 2.90779e-05, 0.0499699))
({x3, x6}, (0.00045601, 0.0499017, 0.949573, 6.88536e-05))
({x3, x7}, (0.949799, 8.51081e-05, 0.000230388, 0.0498854))
({x3, x8}, (1.40524e-06, 0.0499704, 0.950028, 1.77459e-07))
({x3, x9}, (0.950028, 1.7173e-07, 1.38201e-06, 0.0499704))
({x4, x5}, (0.0039487, 0.946052, 0.0489183, 0.00108064))
({x4, x6}, (0.04914, 0.00121765, 0.00372699, 0.945915))
({x4, x7}, (0.00371806, 0.946166, 0.049149, 0.000966836))
({x4, x8}, (0.0489188, 0.00105297, 0.00394824, 0.94608))
({x4, x9}, (0.00394824, 0.94608, 0.0489188, 0.00105295))
({x5, x6}, (0.000447715, 0.04991, 0.949553, 8.90056e-05))
({x5, x7}, (0.94977, 0.00011386, 0.000230693, 0.0498851))
({x5, x8}, (4.71602e-07, 0.0499713, 0.950001, 2.76908e-05))
({x5, x9}, (0.950001, 2.7696e-05, 4.59219e-07, 0.0499713))
({x6, x7}, (0.000250959, 0.949633, 0.0501067, 9.08179e-06))
({x6, x8}, (0.0499016, 7.01337e-05, 0.000456062, 0.949572))
({x6, x9}, (0.000456069, 0.949572, 0.0499016, 7.01229e-05))
({x7, x8}, (8.64039e-05, 0.0498854, 0.949798, 0.000230456))
({x7, x9}, (0.949798, 0.000230449, 8.63801e-05, 0.0498854))
({x8, x9}, (2.40367e-08, 0.950028, 0.0499717, 6.53368e-09))
Exact log partition sum: 43.9806
Exact MAP variable marginals:
({x0}, (0.048019, 0.951981))
({x1}, (0.951981, 0.048019))
({x2}, (0.048019, 0.951981))
({x3}, (0.951981, 0.048019))
({x4}, (0.048019, 0.951981))
({x5}, (0.951981, 0.048019))
({x6}, (0.048019, 0.951981))
({x7}, (0.951981, 0.048019))
({x8}, (0.048019, 0.951981))
({x9}, (0.951981, 0.048019))
Exact MAP factor marginals:
({x0}, (0.048019, 0.951981)) == ({x0}, (0.048019, 0.951981))
({x1}, (0.951981, 0.048019)) == ({x1}, (0.951981, 0.048019))
({x2}, (0.048019, 0.951981)) == ({x2}, (0.048019, 0.951981))
({x3}, (0.951981, 0.048019)) == ({x3}, (0.951981, 0.048019))
({x4}, (0.048019, 0.951981)) == ({x4}, (0.048019, 0.951981))
({x5}, (0.951981, 0.048019)) == ({x5}, (0.951981, 0.048019))
({x6}, (0.048019, 0.951981)) == ({x6}, (0.048019, 0.951981))
({x7}, (0.951981, 0.048019)) == ({x7}, (0.951981, 0.048019))
({x8}, (0.048019, 0.951981)) == ({x8}, (0.048019, 0.951981))
({x9}, (0.951981, 0.048019)) == ({x9}, (0.951981, 0.048019))
({x0, x1}, (1.64808e-06, 0.951034, 0.0479713, 0.000992688)) == ({x0, x1}, (1.64808e-06, 0.951034, 0.0479713, 0.000992688))
({x0, x2}, (0.0478646, 0.00190867, 0.00130758, 0.948919)) == ({x0, x2}, (0.0478646, 0.00190867, 0.00130758, 0.948919))
({x0, x3}, (1.28584e-06, 0.95198, 0.0480189, 1.64703e-07)) == ({x0, x3}, (1.28584e-06, 0.95198, 0.0480189, 1.64703e-07))
({x0, x4}, (0.0478821, 0.00190937, 0.000942003, 0.949267)) == ({x0, x4}, (0.0478821, 0.00190937, 0.000942003, 0.949267))
({x0, x5}, (3.10791e-07, 0.951964, 0.0480181, 1.77545e-05)) == ({x0, x5}, (3.10791e-07, 0.951964, 0.0480181, 1.77545e-05))
({x0, x6}, (0.0480048, 0.000226137, 6.92835e-05, 0.9517)) == ({x0, x6}, (0.0480048, 0.000226137, 6.92835e-05, 0.9517))
({x0, x7}, (6.92839e-05, 0.951705, 0.0480051, 0.000220441)) == ({x0, x7}, (6.92839e-05, 0.951705, 0.0480051, 0.000220441))
({x0, x8}, (0.048019, 1.13192e-08, 5.02473e-09, 0.951981)) == ({x0, x8}, (0.048019, 1.13192e-08, 5.02473e-09, 0.951981))
({x0, x9}, (9.45679e-11, 0.951981, 0.048019, 2.14489e-09)) == ({x0, x9}, (9.45679e-11, 0.951981, 0.048019, 2.14489e-09))
({x1, x2}, (0.00190867, 0.0478646, 0.948919, 0.00130758)) == ({x1, x2}, (0.00190867, 0.0478646, 0.948919, 0.00130758))
({x1, x3}, (0.951034, 0.000992688, 1.64808e-06, 0.0479713)) == ({x1, x3}, (0.951034, 0.000992688, 1.64808e-06, 0.0479713))
({x1, x4}, (0.00190928, 0.0478798, 0.94922, 0.000990794)) == ({x1, x4}, (0.00190928, 0.0478798, 0.94922, 0.000990794))
({x1, x5}, (0.951034, 0.000992688, 1.64808e-06, 0.0479713)) == ({x1, x5}, (0.951034, 0.000992688, 1.64808e-06, 0.0479713))
({x1, x6}, (0.000220237, 0.0479608, 0.950827, 0.000992471)) == ({x1, x6}, (0.000220237, 0.0479608, 0.950827, 0.000992471))
({x1, x7}, (0.950827, 0.000992471, 0.000220237, 0.0479608)) == ({x1, x7}, (0.950827, 0.000992471, 0.000220237, 0.0479608))
({x1, x8}, (1.64808e-06, 0.0479713, 0.951034, 0.000992688)) == ({x1, x8}, (1.64808e-06, 0.0479713, 0.951034, 0.000992688))
({x1, x9}, (0.951034, 0.000992688, 1.64808e-06, 0.0479713)) == ({x1, x9}, (0.951034, 0.000992688, 1.64808e-06, 0.0479713))
({x2, x3}, (0.00190867, 0.948919, 0.0478646, 0.00130758)) == ({x2, x3}, (0.00190867, 0.948919, 0.0478646, 0.00130758))
({x2, x4}, (0.0478899, 0.00182964, 0.00085836, 0.949422)) == ({x2, x4}, (0.0478899, 0.00182964, 0.00085836, 0.949422))
({x2, x5}, (0.00190867, 0.948919, 0.0478646, 0.00130758)) == ({x2, x5}, (0.00190867, 0.948919, 0.0478646, 0.00130758))
({x2, x6}, (0.0478646, 0.00130758, 0.00190867, 0.948919)) == ({x2, x6}, (0.0478646, 0.00130758, 0.00190867, 0.948919))
({x2, x7}, (0.00190867, 0.948919, 0.0478646, 0.00130758)) == ({x2, x7}, (0.00190867, 0.948919, 0.0478646, 0.00130758))
({x2, x8}, (0.0478646, 0.00130758, 0.00190867, 0.948919)) == ({x2, x8}, (0.0478646, 0.00130758, 0.00190867, 0.948919))
({x2, x9}, (0.00190867, 0.948919, 0.0478646, 0.00130758)) == ({x2, x9}, (0.00190867, 0.948919, 0.0478646, 0.00130758))
({x3, x4}, (0.00190937, 0.0478821, 0.949267, 0.000942003)) == ({x3, x4}, (0.00190937, 0.0478821, 0.949267, 0.000942003))
({x3, x5}, (0.951964, 3.10791e-07, 1.77545e-05, 0.0480181)) == ({x3, x5}, (0.951964, 3.10791e-07, 1.77545e-05, 0.0480181))
({x3, x6}, (0.000226137, 0.0480048, 0.9517, 6.92835e-05)) == ({x3, x6}, (0.000226137, 0.0480048, 0.9517, 6.92835e-05))
({x3, x7}, (0.951705, 6.92839e-05, 0.000220441, 0.0480051)) == ({x3, x7}, (0.951705, 6.92839e-05, 0.000220441, 0.0480051))
({x3, x8}, (1.28584e-06, 0.0480189, 0.95198, 1.64703e-07)) == ({x3, x8}, (1.28584e-06, 0.0480189, 0.95198, 1.64703e-07))
({x3, x9}, (0.95198, 1.64703e-07, 1.28584e-06, 0.0480189)) == ({x3, x9}, (0.95198, 1.64703e-07, 1.28584e-06, 0.0480189))
({x4, x5}, (0.00190937, 0.949267, 0.0478821, 0.000942003)) == ({x4, x5}, (0.00190937, 0.949267, 0.0478821, 0.000942003))
({x4, x6}, (0.0478821, 0.000942003, 0.00190937, 0.949267)) == ({x4, x6}, (0.0478821, 0.000942003, 0.00190937, 0.949267))
({x4, x7}, (0.00190937, 0.949267, 0.0478821, 0.000942003)) == ({x4, x7}, (0.00190937, 0.949267, 0.0478821, 0.000942003))
({x4, x8}, (0.0478821, 0.000942003, 0.00190937, 0.949267)) == ({x4, x8}, (0.0478821, 0.000942003, 0.00190937, 0.949267))
({x4, x9}, (0.00190937, 0.949267, 0.0478821, 0.000942003)) == ({x4, x9}, (0.00190937, 0.949267, 0.0478821, 0.000942003))
({x5, x6}, (0.000226137, 0.0480048, 0.9517, 6.92835e-05)) == ({x5, x6}, (0.000226137, 0.0480048, 0.9517, 6.92835e-05))
({x5, x7}, (0.951705, 6.92839e-05, 0.000220441, 0.0480051)) == ({x5, x7}, (0.951705, 6.92839e-05, 0.000220441, 0.0480051))
({x5, x8}, (3.10791e-07, 0.0480181, 0.951964, 1.77545e-05)) == ({x5, x8}, (3.10791e-07, 0.0480181, 0.951964, 1.77545e-05))
({x5, x9}, (0.951964, 1.77545e-05, 3.10791e-07, 0.0480181)) == ({x5, x9}, (0.951964, 1.77545e-05, 3.10791e-07, 0.0480181))
({x6, x7}, (0.000226151, 0.951757, 0.0480077, 8.72164e-06)) == ({x6, x7}, (0.000226151, 0.951757, 0.0480077, 8.72164e-06))
({x6, x8}, (0.0480048, 6.92835e-05, 0.000226137, 0.9517)) == ({x6, x8}, (0.0480048, 6.92835e-05, 0.000226137, 0.9517))
({x6, x9}, (0.000226137, 0.9517, 0.0480048, 6.92835e-05)) == ({x6, x9}, (0.000226137, 0.9517, 0.0480048, 6.92835e-05))
({x7, x8}, (6.92839e-05, 0.0480051, 0.951705, 0.000220441)) == ({x7, x8}, (6.92839e-05, 0.0480051, 0.951705, 0.000220441))
({x7, x9}, (0.951705, 0.000220441, 6.92839e-05, 0.0480051)) == ({x7, x9}, (0.951705, 0.000220441, 6.92839e-05, 0.0480051))
({x8, x9}, (1.13192e-08, 0.951981, 0.048019, 5.02473e-09)) == ({x8, x9}, (1.13192e-08, 0.951981, 0.048019, 5.02473e-09))
Exact MAP state (log score = 43.9229):
x0: 1
x1: 0
x2: 1
x3: 0
x4: 1
x5: 0
x6: 1
x7: 0
x8: 1
x9: 0
