Builtin inference algorithms: {BP, EXACT, FBP, JTREE, TRWBP}

Exact variable marginals:
({x0}, (0.0377035, 0.962297))
({x1}, (0.0377046, 0.962295))
({x2}, (0.0375762, 0.962424))
({x3}, (0.0282098, 0.97179))
({x4}, (0.0282105, 0.971789))
({x5}, (0.037711, 0.962289))
({x6}, (0.0282116, 0.971788))
({x7}, (0.97179, 0.0282103))
({x8}, (0.0380947, 0.961905))
({x9}, (0.962463, 0.0375371))
Exact factor marginals:
({x0}, (0.0377035, 0.962297))
({x1}, (0.0377046, 0.962295))
({x2}, (0.0375762, 0.962424))
({x3}, (0.0282098, 0.97179))
({x4}, (0.0282105, 0.971789))
({x5}, (0.037711, 0.962289))
({x6}, (0.0282116, 0.971788))
({x7}, (0.97179, 0.0282103))
({x8}, (0.0380947, 0.961905))
({x9}, (0.962463, 0.0375371))
({x0, x1}, (0.0377032, 1.42601e-06, 3.00581e-07, 0.962295))
({x0, x2}, (0.0375594, 1.67988e-05, 0.000144109, 0.96228))
({x0, x3}, (0.0281437, 6.6163e-05, 0.00955982, 0.96223))
({x0, x4}, (0.0281442, 6.63053e-05, 0.00955924, 0.96223))
({x0, x5}, (0.0377012, 9.85252e-06, 2.29356e-06, 0.962287))
({x0, x6}, (0.0281446, 6.69677e-05, 0.00955885, 0.96223))
({x0, x7}, (0.00955937, 0.96223, 0.0281441, 6.62181e-05))
({x0, x8}, (0.0376955, 0.000399149, 7.97537e-06, 0.961897))
({x0, x9}, (0.0159729, 0.94649, 0.0217305, 0.0158065))
({x1, x2}, (0.0375597, 1.64874e-05, 0.000144923, 0.962279))
({x1, x3}, (0.028144, 6.58338e-05, 0.00956061, 0.96223))
({x1, x4}, (0.0281446, 6.59758e-05, 0.00956004, 0.962229))
({x1, x5}, (0.0377025, 8.53631e-06, 2.10278e-06, 0.962287))
({x1, x6}, (0.028145, 6.66382e-05, 0.00955965, 0.962229))
({x1, x7}, (0.00956016, 0.962229, 0.0281444, 6.58894e-05))
({x1, x8}, (0.0376962, 0.000398413, 8.36502e-06, 0.961897))
({x1, x9}, (0.0159741, 0.946489, 0.0217305, 0.0158066))
({x2, x3}, (0.0281605, 4.93654e-05, 0.00941571, 0.962374))
({x2, x4}, (0.028161, 4.95068e-05, 0.00941513, 0.962374))
({x2, x5}, (0.0375585, 0.000152532, 1.7663e-05, 0.962271))
({x2, x6}, (0.0281614, 5.01692e-05, 0.00941474, 0.962374))
({x2, x7}, (0.00941526, 0.962374, 0.0281609, 4.94199e-05))
({x2, x8}, (0.0375514, 0.000543236, 2.47528e-05, 0.961881))
({x2, x9}, (0.0158292, 0.946634, 0.0217469, 0.0157901))
({x3, x4}, (0.0282094, 1.12727e-06, 4.10186e-07, 0.971789))
({x3, x5}, (0.0281428, 0.00956821, 6.69999e-05, 0.962222))
({x3, x6}, (0.0282093, 2.2592e-06, 4.86156e-07, 0.971788))
({x3, x7}, (5.08787e-07, 0.971789, 0.0282093, 1.01418e-06))
({x3, x8}, (0.0281357, 0.00995893, 7.41039e-05, 0.961831))
({x3, x9}, (0.00641369, 0.956049, 0.0217961, 0.0157409))
({x4, x5}, (0.0281434, 0.00956767, 6.71692e-05, 0.962222))
({x4, x6}, (0.0282103, 1.27642e-06, 2.20459e-07, 0.971788))
({x4, x7}, (2.77945e-07, 0.971789, 0.0282103, 6.62573e-08))
({x4, x8}, (0.0281363, 0.00995837, 7.42595e-05, 0.961831))
({x4, x9}, (0.0064144, 0.956049, 0.0217961, 0.0157409))
({x5, x6}, (0.0281438, 6.78321e-05, 0.00956727, 0.962221))
({x5, x7}, (0.0095676, 0.962222, 0.0281434, 6.68925e-05))
({x5, x8}, (0.0377039, 0.000390762, 7.14746e-06, 0.961898))
({x5, x9}, (0.0159816, 0.946481, 0.0217294, 0.0158077))
({x6, x7}, (1.40925e-06, 0.971788, 0.0282102, 1.4161e-07))
({x6, x8}, (0.0281367, 0.00995798, 7.4922e-05, 0.96183))
({x6, x9}, (0.00641512, 0.956048, 0.0217965, 0.0157406))
({x7, x8}, (0.00995832, 0.0281363, 0.961831, 7.39965e-05))
({x7, x9}, (0.956049, 0.0064142, 0.0157409, 0.0217961))
({x8, x9}, (0.0163222, 0.946141, 0.0217724, 0.0157646))
Exact log partition sum: 22.2872
Exact MAP variable marginals:
({x0}, (0.0224486, 0.977551))
({x1}, (0.0224486, 0.977551))
({x2}, (0.0224486, 0.977551))
({x3}, (0.0224486, 0.977551))
({x4}, (0.0224486, 0.977551))
({x5}, (0.0224486, 0.977551))
({x6}, (0.0224486, 0.977551))
({x7}, (0.977551, 0.0224486))
({x8}, (0.0224486, 0.977551))
({x9}, (0.977551, 0.0224486))
Exact MAP factor marginals:
({x0}, (0.0224486, 0.977551)) == ({x0}, (0.0224486, 0.977551))
({x1}, (0.0224486, 0.977551)) == ({x1}, (0.0224486, 0.977551))
({x2}, (0.0224486, 0.977551)) == ({x2}, (0.0224486, 0.977551))
({x3}, (0.0224486, 0.977551)) == ({x3}, (0.0224486, 0.977551))
({x4}, (0.0224486, 0.977551)) == ({x4}, (0.0224486, 0.977551))
({x5}, (0.0224486, 0.977551)) == ({x5}, (0.0224486, 0.977551))
({x6}, (0.0224486, 0.977551)) == ({x6}, (0.0224486, 0.977551))
({x7}, (0.977551, 0.0224486)) == ({x7}, (0.977551, 0.0224486))
({x8}, (0.0224486, 0.977551)) == ({x8}, (0.0224486, 0.977551))
({x9}, (0.977551, 0.0224486)) == ({x9}, (0.977551, 0.0224486))
({x0, x1}, (0.0224486, 1.04172e-06, 1.65262e-07, 0.97755)) == ({x0, x1}, (0.0224486, 1.04172e-06, 1.65262e-07, 0.97755))
({x0, x2}, (0.0224449, 1.7004e-05, 0.000147731, 0.97739)) == ({x0, x2}, (0.0224449, 1.7004e-05, 0.000147731, 0.97739))
({x0, x3}, (0.0222313, 5.04256e-05, 0.0096326, 0.968086)) == ({x0, x3}, (0.0222313, 5.04256e-05, 0.0096326, 0.968086))
({x0, x4}, (0.0222313, 5.04256e-05, 0.0096326, 0.968086)) == ({x0, x4}, (0.0222313, 5.04256e-05, 0.0096326, 0.968086))
({x0, x5}, (0.0224484, 8.70231e-06, 1.04731e-06, 0.977542)) == ({x0, x5}, (0.0224484, 8.70231e-06, 1.04731e-06, 0.977542))
({x0, x6}, (0.0222313, 5.04256e-05, 0.0096326, 0.968086)) == ({x0, x6}, (0.0222313, 5.04256e-05, 0.0096326, 0.968086))
({x0, x7}, (0.0096326, 0.968086, 0.0222313, 5.04256e-05)) == ({x0, x7}, (0.0096326, 0.968086, 0.0222313, 5.04256e-05))
({x0, x8}, (0.0224405, 0.000355993, 4.90747e-06, 0.977199)) == ({x0, x8}, (0.0224405, 0.000355993, 4.90747e-06, 0.977199))
({x0, x9}, (0.00948082, 0.952832, 0.021881, 0.0158064)) == ({x0, x9}, (0.00948082, 0.952832, 0.021881, 0.0158064))
({x1, x2}, (0.0224449, 1.7004e-05, 0.000147731, 0.97739)) == ({x1, x2}, (0.0224449, 1.7004e-05, 0.000147731, 0.97739))
({x1, x3}, (0.0222313, 5.04256e-05, 0.0096326, 0.968086)) == ({x1, x3}, (0.0222313, 5.04256e-05, 0.0096326, 0.968086))
({x1, x4}, (0.0222313, 5.04256e-05, 0.0096326, 0.968086)) == ({x1, x4}, (0.0222313, 5.04256e-05, 0.0096326, 0.968086))
({x1, x5}, (0.0224484, 8.70231e-06, 1.04731e-06, 0.977542)) == ({x1, x5}, (0.0224484, 8.70231e-06, 1.04731e-06, 0.977542))
({x1, x6}, (0.0222313, 5.04256e-05, 0.0096326, 0.968086)) == ({x1, x6}, (0.0222313, 5.04256e-05, 0.0096326, 0.968086))
({x1, x7}, (0.0096326, 0.968086, 0.0222313, 5.04256e-05)) == ({x1, x7}, (0.0096326, 0.968086, 0.0222313, 5.04256e-05))
({x1, x8}, (0.0224405, 0.000355993, 4.90747e-06, 0.977199)) == ({x1, x8}, (0.0224405, 0.000355993, 4.90747e-06, 0.977199))
({x1, x9}, (0.00948082, 0.952832, 0.021881, 0.0158064)) == ({x1, x9}, (0.00948082, 0.952832, 0.021881, 0.0158064))
({x2, x3}, (0.0222313, 5.04256e-05, 0.0096326, 0.968086)) == ({x2, x3}, (0.0222313, 5.04256e-05, 0.0096326, 0.968086))
({x2, x4}, (0.0222313, 5.04256e-05, 0.0096326, 0.968086)) == ({x2, x4}, (0.0222313, 5.04256e-05, 0.0096326, 0.968086))
({x2, x5}, (0.0224449, 0.000147731, 1.7004e-05, 0.97739)) == ({x2, x5}, (0.0224449, 0.000147731, 1.7004e-05, 0.97739))
({x2, x6}, (0.0222313, 5.04256e-05, 0.0096326, 0.968086)) == ({x2, x6}, (0.0222313, 5.04256e-05, 0.0096326, 0.968086))
({x2, x7}, (0.0096326, 0.968086, 0.0222313, 5.04256e-05)) == ({x2, x7}, (0.0096326, 0.968086, 0.0222313, 5.04256e-05))
({x2, x8}, (0.0224403, 0.000355988, 1.70005e-05, 0.977187)) == ({x2, x8}, (0.0224403, 0.000355988, 1.70005e-05, 0.977187))
({x2, x9}, (0.00948082, 0.952832, 0.021881, 0.0158064)) == ({x2, x9}, (0.00948082, 0.952832, 0.021881, 0.0158064))
({x3, x4}, (0.0224486, 9.09442e-07, 3.38929e-07, 0.97755)) == ({x3, x4}, (0.0224486, 9.09442e-07, 3.38929e-07, 0.97755))
({x3, x5}, (0.0222313, 0.0096326, 5.04256e-05, 0.968086)) == ({x3, x5}, (0.0222313, 0.0096326, 5.04256e-05, 0.968086))
({x3, x6}, (0.0224486, 9.09442e-07, 3.38929e-07, 0.97755)) == ({x3, x6}, (0.0224486, 9.09442e-07, 3.38929e-07, 0.97755))
({x3, x7}, (3.38929e-07, 0.97755, 0.0224486, 9.09442e-07)) == ({x3, x7}, (3.38929e-07, 0.97755, 0.0224486, 9.09442e-07))
({x3, x8}, (0.0222313, 0.0096326, 5.04256e-05, 0.968086)) == ({x3, x8}, (0.0222313, 0.0096326, 5.04256e-05, 0.968086))
({x3, x9}, (0.00647306, 0.955725, 0.0219474, 0.0158544)) == ({x3, x9}, (0.00647306, 0.955725, 0.0219474, 0.0158544))
({x4, x5}, (0.0222313, 0.0096326, 5.04256e-05, 0.968086)) == ({x4, x5}, (0.0222313, 0.0096326, 5.04256e-05, 0.968086))
({x4, x6}, (0.0224486, 4.82414e-07, 1.35811e-07, 0.977551)) == ({x4, x6}, (0.0224486, 4.82414e-07, 1.35811e-07, 0.977551))
({x4, x7}, (1.35811e-07, 0.977551, 0.0224486, 4.52175e-08)) == ({x4, x7}, (1.35811e-07, 0.977551, 0.0224486, 4.52175e-08))
({x4, x8}, (0.0222313, 0.0096326, 5.04256e-05, 0.968086)) == ({x4, x8}, (0.0222313, 0.0096326, 5.04256e-05, 0.968086))
({x4, x9}, (0.00647306, 0.955725, 0.0219474, 0.0158544)) == ({x4, x9}, (0.00647306, 0.955725, 0.0219474, 0.0158544))
({x5, x6}, (0.0222313, 5.04256e-05, 0.0096326, 0.968086)) == ({x5, x6}, (0.0222313, 5.04256e-05, 0.0096326, 0.968086))
({x5, x7}, (0.0096326, 0.968086, 0.0222313, 5.04256e-05)) == ({x5, x7}, (0.0096326, 0.968086, 0.0222313, 5.04256e-05))
({x5, x8}, (0.0224405, 0.000355993, 4.90747e-06, 0.977199)) == ({x5, x8}, (0.0224405, 0.000355993, 4.90747e-06, 0.977199))
({x5, x9}, (0.00948082, 0.952832, 0.021881, 0.0158064)) == ({x5, x9}, (0.00948082, 0.952832, 0.021881, 0.0158064))
({x6, x7}, (4.82414e-07, 0.977551, 0.0224486, 8.35603e-08)) == ({x6, x7}, (4.82414e-07, 0.977551, 0.0224486, 8.35603e-08))
({x6, x8}, (0.0222313, 0.0096326, 5.04256e-05, 0.968086)) == ({x6, x8}, (0.0222313, 0.0096326, 5.04256e-05, 0.968086))
({x6, x9}, (0.00647306, 0.955725, 0.0219474, 0.0158544)) == ({x6, x9}, (0.00647306, 0.955725, 0.0219474, 0.0158544))
({x7, x8}, (0.0096326, 0.0222313, 0.968086, 5.04256e-05)) == ({x7, x8}, (0.0096326, 0.0222313, 0.968086, 5.04256e-05))
({x7, x9}, (0.955725, 0.00647306, 0.0158544, 0.0219474)) == ({x7, x9}, (0.955725, 0.00647306, 0.0158544, 0.0219474))
({x8, x9}, (0.00948082, 0.952832, 0.021881, 0.0158064)) == ({x8, x9}, (0.00948082, 0.952832, 0.021881, 0.0158064))
Exact MAP state (log score = 22.2318):
x0: 1
x1: 1
x2: 1
x3: 1
x4: 1
x5: 1
x6: 1
x7: 0
x8: 1
x9: 0
