Builtin inference algorithms: {BP, EXACT, FBP, JTREE, TRWBP}

Exact variable marginals:
({x0}, (0.037518, 0.962482))
({x1}, (0.0337028, 0.966297))
({x2}, (0.452918, 0.547082))
({x3}, (0.0337009, 0.966299))
({x4}, (0.0869839, 0.913016))
({x5}, (0.033696, 0.966304))
({x6}, (0.0339959, 0.966004))
({x7}, (0.0336962, 0.966304))
({x8}, (0.513384, 0.486616))
({x9}, (0.604855, 0.395145))
Exact factor marginals:
({x0}, (0.037518, 0.962482))
({x1}, (0.0337028, 0.966297))
({x2}, (0.452918, 0.547082))
({x3}, (0.0337009, 0.966299))
({x4}, (0.0869839, 0.913016))
({x5}, (0.033696, 0.966304))
({x6}, (0.0339959, 0.966004))
({x7}, (0.0336962, 0.966304))
({x8}, (0.513384, 0.486616))
({x9}, (0.604855, 0.395145))
({x0, x1}, (0.033679, 2.37515e-05, 0.00383891, 0.962458))
({x0, x2}, (0.0369102, 0.416008, 0.00060774, 0.546475))
({x0, x3}, (0.0336784, 2.24385e-05, 0.00383951, 0.96246))
({x0, x4}, (0.0194475, 0.0675364, 0.0180705, 0.894946))
({x0, x5}, (0.0336736, 2.2452e-05, 0.00384437, 0.96246))
({x0, x6}, (0.0333133, 0.000682596, 0.0042047, 0.961799))
({x0, x7}, (0.0336737, 2.24754e-05, 0.00384427, 0.96246))
({x0, x8}, (0.0337304, 0.479653, 0.00378756, 0.482829))
({x0, x9}, (0.00509429, 0.59976, 0.0324237, 0.362722))
({x1, x2}, (0.0330731, 0.419845, 0.000629664, 0.546453))
({x1, x3}, (0.0336959, 4.97605e-06, 6.88638e-06, 0.966292))
({x1, x4}, (0.0194709, 0.067513, 0.0142319, 0.898784))
({x1, x5}, (0.0336959, 1.81278e-07, 6.93336e-06, 0.966297))
({x1, x6}, (0.0333358, 0.00066009, 0.000367028, 0.965637))
({x1, x7}, (0.033696, 2.12899e-07, 6.84801e-06, 0.966297))
({x1, x8}, (0.0314146, 0.481969, 0.00228822, 0.484328))
({x1, x9}, (0.00125687, 0.603598, 0.0324459, 0.362699))
({x2, x3}, (0.0330722, 0.000628657, 0.419845, 0.546454))
({x2, x4}, (0.0188431, 0.0681408, 0.434075, 0.478941))
({x2, x5}, (0.0330673, 0.0006287, 0.41985, 0.546454))
({x2, x6}, (0.032707, 0.00128888, 0.420211, 0.545793))
({x2, x7}, (0.0330675, 0.000628668, 0.41985, 0.546454))
({x2, x8}, (0.449385, 0.0639982, 0.00353223, 0.483084))
({x2, x9}, (0.0590453, 0.545809, 0.393872, 0.00127285))
({x3, x4}, (0.0194699, 0.067514, 0.014231, 0.898785))
({x3, x5}, (0.033696, 7.04714e-08, 4.91221e-06, 0.966299))
({x3, x6}, (0.0333356, 0.000660223, 0.00036525, 0.965639))
({x3, x7}, (0.0336961, 9.35404e-08, 4.81832e-06, 0.966299))
({x3, x8}, (0.0314128, 0.481971, 0.00228809, 0.484328))
({x3, x9}, (0.00125478, 0.6036, 0.0324461, 0.362699))
({x4, x5}, (0.0194699, 0.0142261, 0.067514, 0.89879))
({x4, x6}, (0.0201301, 0.0138658, 0.0668538, 0.89915))
({x4, x7}, (0.0194699, 0.0142263, 0.067514, 0.89879))
({x4, x8}, (0.0713079, 0.442076, 0.0156759, 0.47094))
({x4, x9}, (0.066929, 0.537926, 0.0200549, 0.37509))
({x5, x6}, (0.0333356, 0.000660293, 0.000360479, 0.965644))
({x5, x7}, (0.033696, 1.49002e-07, 3.20352e-08, 0.966304))
({x5, x8}, (0.0314079, 0.481976, 0.00228813, 0.484328))
({x5, x9}, (0.00124995, 0.603605, 0.0324461, 0.362699))
({x6, x7}, (0.0333357, 0.000360511, 0.000660208, 0.965644))
({x6, x8}, (0.0310475, 0.482336, 0.00294831, 0.483668))
({x6, x9}, (0.00191023, 0.602944, 0.0320856, 0.36306))
({x7, x8}, (0.0314081, 0.481976, 0.0022881, 0.484328))
({x7, x9}, (0.00125002, 0.603605, 0.0324461, 0.362699))
({x8, x9}, (0.119277, 0.485578, 0.394107, 0.00103859))
Exact log partition sum: 16.4872
Exact MAP variable marginals:
({x0}, (0.0387221, 0.961278))
({x1}, (0.0387221, 0.961278))
({x2}, (0.436077, 0.563923))
({x3}, (0.0387221, 0.961278))
({x4}, (0.0988402, 0.90116))
({x5}, (0.0387221, 0.961278))
({x6}, (0.0387221, 0.961278))
({x7}, (0.0387221, 0.961278))
({x8}, (0.436077, 0.563923))
({x9}, (0.563923, 0.436077))
Exact MAP factor marginals:
({x0}, (0.0387221, 0.961278)) == ({x0}, (0.0387221, 0.961278))
({x1}, (0.0387221, 0.961278)) == ({x1}, (0.0387221, 0.961278))
({x2}, (0.436077, 0.563923)) == ({x2}, (0.436077, 0.563923))
({x3}, (0.0387221, 0.961278)) == ({x3}, (0.0387221, 0.961278))
({x4}, (0.0988402, 0.90116)) == ({x4}, (0.0988402, 0.90116))
({x5}, (0.0387221, 0.961278)) == ({x5}, (0.0387221, 0.961278))
({x6}, (0.0387221, 0.961278)) == ({x6}, (0.0387221, 0.961278))
({x7}, (0.0387221, 0.961278)) == ({x7}, (0.0387221, 0.961278))
({x8}, (0.436077, 0.563923)) == ({x8}, (0.436077, 0.563923))
({x9}, (0.563923, 0.436077)) == ({x9}, (0.563923, 0.436077))
({x0, x1}, (0.0385355, 4.36491e-05, 0.00477635, 0.956645)) == ({x0, x1}, (0.0385355, 4.36491e-05, 0.00477635, 0.956645))
({x0, x2}, (0.0221956, 0.426088, 0.000709945, 0.551006)) == ({x0, x2}, (0.0221956, 0.426088, 0.000709945, 0.551006))
({x0, x3}, (0.0385355, 4.36491e-05, 0.00477635, 0.956645)) == ({x0, x3}, (0.0385355, 4.36491e-05, 0.00477635, 0.956645))
({x0, x4}, (0.0342517, 0.0932618, 0.0221865, 0.8503)) == ({x0, x4}, (0.0342517, 0.0932618, 0.0221865, 0.8503))
({x0, x5}, (0.0385355, 4.36491e-05, 0.00477635, 0.956645)) == ({x0, x5}, (0.0385355, 4.36491e-05, 0.00477635, 0.956645))
({x0, x6}, (0.0384852, 0.0013491, 0.00477011, 0.955396)) == ({x0, x6}, (0.0384852, 0.0013491, 0.00477011, 0.955396))
({x0, x7}, (0.0385355, 4.36491e-05, 0.00477635, 0.956645)) == ({x0, x7}, (0.0385355, 4.36491e-05, 0.00477635, 0.956645))
({x0, x8}, (0.0221721, 0.425638, 0.00176527, 0.550425)) == ({x0, x8}, (0.0221721, 0.425638, 0.00176527, 0.550425))
({x0, x9}, (0.00274547, 0.549884, 0.0221504, 0.42522)) == ({x0, x9}, (0.00274547, 0.549884, 0.0221504, 0.42522))
({x1, x2}, (0.0221956, 0.426088, 0.000709945, 0.551006)) == ({x1, x2}, (0.0221956, 0.426088, 0.000709945, 0.551006))
({x1, x3}, (0.0387213, 9.78468e-06, 1.13308e-05, 0.961258)) == ({x1, x3}, (0.0387213, 9.78468e-06, 1.13308e-05, 0.961258))
({x1, x4}, (0.0342517, 0.0932618, 0.0221865, 0.8503)) == ({x1, x4}, (0.0342517, 0.0932618, 0.0221865, 0.8503))
({x1, x5}, (0.0387217, 2.59946e-07, 1.13309e-05, 0.961267)) == ({x1, x5}, (0.0387217, 2.59946e-07, 1.13309e-05, 0.961267))
({x1, x6}, (0.038641, 0.00135456, 0.000739426, 0.959265)) == ({x1, x6}, (0.038641, 0.00135456, 0.000739426, 0.959265))
({x1, x7}, (0.0387217, 2.59946e-07, 1.13309e-05, 0.961267)) == ({x1, x7}, (0.0387217, 2.59946e-07, 1.13309e-05, 0.961267))
({x1, x8}, (0.0221846, 0.425877, 0.00120584, 0.550733)) == ({x1, x8}, (0.0221846, 0.425877, 0.00120584, 0.550733))
({x1, x9}, (0.000761261, 0.550978, 0.0221944, 0.426066)) == ({x1, x9}, (0.000761261, 0.550978, 0.0221944, 0.426066))
({x2, x3}, (0.0221956, 0.000709945, 0.426088, 0.551006)) == ({x2, x3}, (0.0221956, 0.000709945, 0.426088, 0.551006))
({x2, x4}, (0.0209447, 0.0570289, 0.402074, 0.519952)) == ({x2, x4}, (0.0209447, 0.0570289, 0.402074, 0.519952))
({x2, x5}, (0.0221956, 0.000709945, 0.426088, 0.551006)) == ({x2, x5}, (0.0221956, 0.000709945, 0.426088, 0.551006))
({x2, x6}, (0.0221941, 0.000778015, 0.426059, 0.550969)) == ({x2, x6}, (0.0221941, 0.000778015, 0.426059, 0.550969))
({x2, x7}, (0.0221956, 0.000709945, 0.426088, 0.551006)) == ({x2, x7}, (0.0221956, 0.000709945, 0.426088, 0.551006))
({x2, x8}, (0.409977, 0.0581499, 0.00170031, 0.530172)) == ({x2, x8}, (0.409977, 0.0581499, 0.00170031, 0.530172))
({x2, x9}, (0.0612972, 0.528599, 0.408761, 0.00134253)) == ({x2, x9}, (0.0612972, 0.528599, 0.408761, 0.00134253))
({x3, x4}, (0.0342517, 0.0932618, 0.0221865, 0.8503)) == ({x3, x4}, (0.0342517, 0.0932618, 0.0221865, 0.8503))
({x3, x5}, (0.0387217, 4.16806e-08, 9.78479e-06, 0.961268)) == ({x3, x5}, (0.0387217, 4.16806e-08, 9.78479e-06, 0.961268))
({x3, x6}, (0.038641, 0.00135456, 0.000739426, 0.959265)) == ({x3, x6}, (0.038641, 0.00135456, 0.000739426, 0.959265))
({x3, x7}, (0.0387217, 1.07098e-07, 9.78479e-06, 0.961268)) == ({x3, x7}, (0.0387217, 1.07098e-07, 9.78479e-06, 0.961268))
({x3, x8}, (0.0221846, 0.425877, 0.00120584, 0.550733)) == ({x3, x8}, (0.0221846, 0.425877, 0.00120584, 0.550733))
({x3, x9}, (0.000761261, 0.550978, 0.0221944, 0.426066)) == ({x3, x9}, (0.000761261, 0.550978, 0.0221944, 0.426066))
({x4, x5}, (0.0342517, 0.0221865, 0.0932618, 0.8503)) == ({x4, x5}, (0.0342517, 0.0221865, 0.0932618, 0.8503))
({x4, x6}, (0.0342517, 0.0221865, 0.0932618, 0.8503)) == ({x4, x6}, (0.0342517, 0.0221865, 0.0932618, 0.8503))
({x4, x7}, (0.0342517, 0.0221865, 0.0932618, 0.8503)) == ({x4, x7}, (0.0342517, 0.0221865, 0.0932618, 0.8503))
({x4, x8}, (0.0573114, 0.404066, 0.0160944, 0.522528)) == ({x4, x8}, (0.0573114, 0.404066, 0.0160944, 0.522528))
({x4, x9}, (0.0570289, 0.519952, 0.0209447, 0.402074)) == ({x4, x9}, (0.0570289, 0.519952, 0.0209447, 0.402074))
({x5, x6}, (0.038641, 0.00135456, 0.000739426, 0.959265)) == ({x5, x6}, (0.038641, 0.00135456, 0.000739426, 0.959265))
({x5, x7}, (0.0387221, 1.88344e-07, 2.38815e-08, 0.961278)) == ({x5, x7}, (0.0387221, 1.88344e-07, 2.38815e-08, 0.961278))
({x5, x8}, (0.0221846, 0.425877, 0.00120584, 0.550733)) == ({x5, x8}, (0.0221846, 0.425877, 0.00120584, 0.550733))
({x5, x9}, (0.000761261, 0.550978, 0.0221944, 0.426066)) == ({x5, x9}, (0.000761261, 0.550978, 0.0221944, 0.426066))
({x6, x7}, (0.038641, 0.000739426, 0.00135456, 0.959265)) == ({x6, x7}, (0.038641, 0.000739426, 0.00135456, 0.959265))
({x6, x8}, (0.0221846, 0.425877, 0.00120584, 0.550733)) == ({x6, x8}, (0.0221846, 0.425877, 0.00120584, 0.550733))
({x6, x9}, (0.000778015, 0.550969, 0.0221941, 0.426059)) == ({x6, x9}, (0.000778015, 0.550969, 0.0221941, 0.426059))
({x7, x8}, (0.0221846, 0.425877, 0.00120584, 0.550733)) == ({x7, x8}, (0.0221846, 0.425877, 0.00120584, 0.550733))
({x7, x9}, (0.000761261, 0.550978, 0.0221944, 0.426066)) == ({x7, x9}, (0.000761261, 0.550978, 0.0221944, 0.426066))
({x8, x9}, (0.0613086, 0.528697, 0.408837, 0.0011576)) == ({x8, x9}, (0.0613086, 0.528697, 0.408837, 0.0011576))
Exact MAP state (log score = 15.7266):
x0: 1
x1: 1
x2: 1
x3: 1
x4: 1
x5: 1
x6: 1
x7: 1
x8: 1
x9: 0
