Builtin inference algorithms: {BP, EXACT, FBP, JTREE, TRWBP}

Exact variable marginals:
({x0}, (0.999576, 0.000424336))
({x1}, (0.970927, 0.0290727))
({x2}, (0.999425, 0.000575122))
({x3}, (0.000427541, 0.999572))
({x4}, (0.999594, 0.000406244))
({x5}, (0.00282281, 0.997177))
({x6}, (0.997943, 0.00205689))
({x7}, (0.00043464, 0.999565))
({x8}, (0.995054, 0.00494605))
({x9}, (0.995578, 0.00442156))
Exact factor marginals:
({x0}, (0.999576, 0.000424336))
({x1}, (0.970927, 0.0290727))
({x2}, (0.999425, 0.000575122))
({x3}, (0.000427541, 0.999572))
({x4}, (0.999594, 0.000406244))
({x5}, (0.00282281, 0.997177))
({x6}, (0.997943, 0.00205689))
({x7}, (0.00043464, 0.999565))
({x8}, (0.995054, 0.00494605))
({x9}, (0.995578, 0.00442156))
({x0, x1}, (0.970915, 1.21056e-05, 0.0286605, 0.00041223))
({x0, x2}, (0.999407, 1.77091e-05, 0.000168496, 0.000406627))
({x0, x3}, (3.31729e-06, 0.000424224, 0.999572, 1.11719e-07))
({x0, x4}, (0.99957, 2.40948e-05, 6.00275e-06, 0.000400241))
({x0, x5}, (0.00240862, 0.000414188, 0.997167, 1.01481e-05))
({x0, x6}, (0.997927, 1.65502e-05, 0.00164911, 0.000407786))
({x0, x7}, (3.44261e-05, 0.000400214, 0.999541, 2.41219e-05))
({x0, x8}, (0.995028, 2.64252e-05, 0.00454814, 0.000397911))
({x0, x9}, (0.995553, 2.50409e-05, 0.00402227, 0.000399295))
({x1, x2}, (0.970749, 0.0286763, 0.000178633, 0.000396489))
({x1, x3}, (1.4843e-05, 0.000412698, 0.970912, 0.02866))
({x1, x4}, (0.970918, 0.0286754, 8.85216e-06, 0.000397392))
({x1, x5}, (2.16465e-06, 0.00282064, 0.970925, 0.0262521))
({x1, x6}, (0.970752, 0.0271915, 0.000175657, 0.00188124))
({x1, x7}, (1.09506e-05, 0.000423689, 0.970916, 0.0286491))
({x1, x8}, (0.970921, 0.0241333, 6.57738e-06, 0.00493947))
({x1, x9}, (0.970771, 0.0248072, 0.000156011, 0.00426555))
({x2, x3}, (1.87991e-05, 0.000408742, 0.999406, 0.00016638))
({x2, x4}, (0.999424, 0.000170175, 1.29631e-06, 0.000404948))
({x2, x5}, (0.00242513, 0.000397679, 0.997, 0.000177443))
({x2, x6}, (0.997933, 1.01626e-05, 0.00149193, 0.00056496))
({x2, x7}, (2.71999e-05, 0.00040744, 0.999398, 0.000167682))
({x2, x8}, (0.994882, 0.000172121, 0.00454305, 0.000403001))
({x2, x9}, (0.995556, 2.27538e-05, 0.00386919, 0.000552369))
({x3, x4}, (2.73258e-05, 0.999566, 0.000400216, 6.02825e-06))
({x3, x5}, (0.000414284, 0.00240852, 1.32571e-05, 0.997164))
({x3, x6}, (1.72263e-05, 0.997926, 0.000410315, 0.00164658))
({x3, x7}, (0.000400189, 3.44509e-05, 2.73523e-05, 0.999538))
({x3, x8}, (2.92824e-05, 0.995025, 0.000398259, 0.00454779))
({x3, x9}, (2.58044e-05, 0.995553, 0.000401737, 0.00401982))
({x4, x5}, (0.00242434, 0.000398469, 0.997169, 7.77465e-06))
({x4, x6}, (0.997942, 1.35377e-06, 0.001652, 0.00040489))
({x4, x7}, (2.85244e-05, 0.000406116, 0.999565, 1.28152e-07))
({x4, x8}, (0.995052, 2.3685e-06, 0.00454218, 0.000403875))
({x4, x9}, (0.995577, 1.04523e-06, 0.00401636, 0.000405199))
({x5, x6}, (0.00242517, 0.995518, 0.000397639, 0.00165925))
({x5, x7}, (0.000398343, 3.6297e-05, 0.00242446, 0.997141))
({x5, x8}, (0.00221846, 0.992835, 0.000604348, 0.0043417))
({x5, x9}, (0.00242536, 0.993153, 0.000397445, 0.00402412))
({x6, x7}, (1.65594e-06, 0.000432984, 0.997941, 0.00162391))
({x6, x8}, (0.994885, 0.000169085, 0.00305824, 0.00188781))
({x6, x9}, (0.995559, 1.96515e-05, 0.00238432, 0.00203724))
({x7, x8}, (4.43904e-06, 0.99505, 0.000430201, 0.00451585))
({x7, x9}, (9.50285e-07, 0.995577, 0.00043369, 0.00398787))
({x8, x9}, (0.994897, 0.000681544, 0.000157055, 0.00426451))
Exact log partition sum: 59.0007
Exact MAP variable marginals:
({x0}, (0.999592, 0.00040755))
({x1}, (0.977929, 0.0220709))
({x2}, (0.999592, 0.00040755))
({x3}, (0.00040755, 0.999592))
({x4}, (0.999592, 0.00040755))
({x5}, (0.00226164, 0.997738))
({x6}, (0.998499, 0.0015005))
({x7}, (0.00040755, 0.999592))
({x8}, (0.997559, 0.00244072))
({x9}, (0.997559, 0.00244072))
Exact MAP factor marginals:
({x0}, (0.999592, 0.00040755)) == ({x0}, (0.999592, 0.00040755))
({x1}, (0.977929, 0.0220709)) == ({x1}, (0.977929, 0.0220709))
({x2}, (0.999592, 0.00040755)) == ({x2}, (0.999592, 0.00040755))
({x3}, (0.00040755, 0.999592)) == ({x3}, (0.00040755, 0.999592))
({x4}, (0.999592, 0.00040755)) == ({x4}, (0.999592, 0.00040755))
({x5}, (0.00226164, 0.997738)) == ({x5}, (0.00226164, 0.997738))
({x6}, (0.998499, 0.0015005)) == ({x6}, (0.998499, 0.0015005))
({x7}, (0.00040755, 0.999592)) == ({x7}, (0.00040755, 0.999592))
({x8}, (0.997559, 0.00244072)) == ({x8}, (0.997559, 0.00244072))
({x9}, (0.997559, 0.00244072)) == ({x9}, (0.997559, 0.00244072))
({x0, x1}, (0.977533, 6.34399e-06, 0.022062, 0.000398556)) == ({x0, x1}, (0.977533, 6.34399e-06, 0.022062, 0.000398556))
({x0, x2}, (0.999428, 1.67111e-05, 0.000147956, 0.000407483)) == ({x0, x2}, (0.999428, 1.67111e-05, 0.000147956, 0.000407483))
({x0, x3}, (2.14172e-06, 0.000407549, 0.99959, 8.62737e-08)) == ({x0, x3}, (2.14172e-06, 0.000407549, 0.99959, 8.62737e-08))
({x0, x4}, (0.999571, 1.67135e-05, 4.62048e-06, 0.000407541)) == ({x0, x4}, (0.999571, 1.67135e-05, 4.62048e-06, 0.000407541))
({x0, x5}, (0.0022607, 0.000406626, 0.997326, 6.47244e-06)) == ({x0, x5}, (0.0022607, 0.000406626, 0.997326, 6.47244e-06))
({x0, x6}, (0.998077, 1.66885e-05, 0.00149987, 0.000406932)) == ({x0, x6}, (0.998077, 1.66885e-05, 0.00149987, 0.000406932))
({x0, x7}, (2.63387e-05, 0.000407532, 0.999549, 1.67132e-05)) == ({x0, x7}, (2.63387e-05, 0.000407532, 0.999549, 1.67132e-05))
({x0, x8}, (0.997137, 1.66728e-05, 0.00243969, 0.000406549)) == ({x0, x8}, (0.997137, 1.66728e-05, 0.00243969, 0.000406549))
({x0, x9}, (0.997137, 1.66728e-05, 0.00243969, 0.000406549)) == ({x0, x9}, (0.997137, 1.66728e-05, 0.00243969, 0.000406549))
({x1, x2}, (0.977398, 0.0220589, 0.000144695, 0.000398501)) == ({x1, x2}, (0.977398, 0.0220589, 0.000144695, 0.000398501))
({x1, x3}, (6.34399e-06, 0.000398556, 0.977533, 0.022062)) == ({x1, x3}, (6.34399e-06, 0.000398556, 0.977533, 0.022062))
({x1, x4}, (0.977535, 0.022062, 4.51862e-06, 0.000398556)) == ({x1, x4}, (0.977535, 0.022062, 4.51862e-06, 0.000398556))
({x1, x5}, (8.41196e-07, 0.00221183, 0.975765, 0.0220221)) == ({x1, x5}, (8.41196e-07, 0.00221183, 0.975765, 0.0220221))
({x1, x6}, (0.976353, 0.0220354, 0.00014454, 0.00146722)) == ({x1, x6}, (0.976353, 0.0220354, 0.00014454, 0.00146722))
({x1, x7}, (4.51862e-06, 0.000398556, 0.977535, 0.022062)) == ({x1, x7}, (4.51862e-06, 0.000398556, 0.977535, 0.022062))
({x1, x8}, (0.97559, 0.0220181, 4.50963e-06, 0.00238697)) == ({x1, x8}, (0.97559, 0.0220181, 4.50963e-06, 0.00238697))
({x1, x9}, (0.975454, 0.0220151, 0.000144407, 0.00238663)) == ({x1, x9}, (0.975454, 0.0220151, 0.000144407, 0.00238663))
({x2, x3}, (1.67111e-05, 0.000407483, 0.999428, 0.000147956)) == ({x2, x3}, (1.67111e-05, 0.000407483, 0.999428, 0.000147956))
({x2, x4}, (0.999444, 0.000147959, 7.67521e-07, 0.000407489)) == ({x2, x4}, (0.999444, 0.000147959, 7.67521e-07, 0.000407489))
({x2, x5}, (0.00226038, 0.000406568, 0.997185, 0.000147624)) == ({x2, x5}, (0.00226038, 0.000406568, 0.997185, 0.000147624))
({x2, x6}, (0.998083, 1.03576e-05, 0.00149988, 0.000406934)) == ({x2, x6}, (0.998083, 1.03576e-05, 0.00149988, 0.000406934))
({x2, x7}, (2.63353e-05, 0.000407479, 0.999418, 0.000147955)) == ({x2, x7}, (2.63353e-05, 0.000407479, 0.999418, 0.000147955))
({x2, x8}, (0.997007, 0.000147598, 0.00243937, 0.000406495)) == ({x2, x8}, (0.997007, 0.000147598, 0.00243937, 0.000406495))
({x2, x9}, (0.997143, 1.03479e-05, 0.0024397, 0.000406551)) == ({x2, x9}, (0.997143, 1.03479e-05, 0.0024397, 0.000406551))
({x3, x4}, (1.67135e-05, 0.999571, 0.000407541, 4.62048e-06)) == ({x3, x4}, (1.67135e-05, 0.999571, 0.000407541, 4.62048e-06))
({x3, x5}, (0.000406626, 0.0022607, 6.47244e-06, 0.997326)) == ({x3, x5}, (0.000406626, 0.0022607, 6.47244e-06, 0.997326))
({x3, x6}, (1.66885e-05, 0.998077, 0.000406932, 0.00149987)) == ({x3, x6}, (1.66885e-05, 0.998077, 0.000406932, 0.00149987))
({x3, x7}, (0.000407532, 2.63387e-05, 1.67132e-05, 0.999549)) == ({x3, x7}, (0.000407532, 2.63387e-05, 1.67132e-05, 0.999549))
({x3, x8}, (1.66728e-05, 0.997137, 0.000406549, 0.00243969)) == ({x3, x8}, (1.66728e-05, 0.997137, 0.000406549, 0.00243969))
({x3, x9}, (1.66728e-05, 0.997137, 0.000406549, 0.00243969)) == ({x3, x9}, (1.66728e-05, 0.997137, 0.000406549, 0.00243969))
({x4, x5}, (0.00226071, 0.000406626, 0.997328, 4.61012e-06)) == ({x4, x5}, (0.00226071, 0.000406626, 0.997328, 4.61012e-06))
({x4, x6}, (0.998092, 7.66483e-07, 0.00149989, 0.000406938)) == ({x4, x6}, (0.998092, 7.66483e-07, 0.00149989, 0.000406938))
({x4, x7}, (2.63392e-05, 0.000407539, 0.999566, 5.56215e-08)) == ({x4, x7}, (2.63392e-05, 0.000407539, 0.999566, 5.56215e-08))
({x4, x8}, (0.997152, 1.31624e-06, 0.00243972, 0.000406555)) == ({x4, x8}, (0.997152, 1.31624e-06, 0.00243972, 0.000406555))
({x4, x9}, (0.997153, 8.59634e-07, 0.00243972, 0.000406555)) == ({x4, x9}, (0.997153, 8.59634e-07, 0.00243972, 0.000406555))
({x5, x6}, (0.00225734, 0.99584, 0.00040602, 0.00149651)) == ({x5, x6}, (0.00225734, 0.99584, 0.00040602, 0.00149651))
({x5, x7}, (0.000406618, 2.62796e-05, 0.00226066, 0.997306)) == ({x5, x7}, (0.000406618, 2.62796e-05, 0.00226066, 0.997306))
({x5, x8}, (0.00225522, 0.994905, 0.000405638, 0.00243422)) == ({x5, x8}, (0.00225522, 0.994905, 0.000405638, 0.00243422))
({x5, x9}, (0.00225522, 0.994905, 0.000405638, 0.00243422)) == ({x5, x9}, (0.00225522, 0.994905, 0.000405638, 0.00243422))
({x6, x7}, (7.66483e-07, 0.000406938, 0.998092, 0.00149989)) == ({x6, x7}, (7.66483e-07, 0.000406938, 0.998092, 0.00149989))
({x6, x8}, (0.995919, 0.000147437, 0.00243671, 0.00149663)) == ({x6, x8}, (0.995919, 0.000147437, 0.00243671, 0.00149663))
({x6, x9}, (0.99606, 6.46422e-06, 0.00243705, 0.00149684)) == ({x6, x9}, (0.99606, 6.46422e-06, 0.00243705, 0.00149684))
({x7, x8}, (2.13604e-06, 0.997152, 0.000406554, 0.00243972)) == ({x7, x8}, (2.13604e-06, 0.997152, 0.000406554, 0.00243972))
({x7, x9}, (8.59634e-07, 0.997153, 0.000406555, 0.00243972)) == ({x7, x9}, (8.59634e-07, 0.997153, 0.000406555, 0.00243972))
({x8, x9}, (0.996926, 0.000487287, 0.000147586, 0.00243917)) == ({x8, x9}, (0.996926, 0.000487287, 0.000147586, 0.00243917))
Exact MAP state (log score = 58.971):
x0: 0
x1: 0
x2: 0
x3: 1
x4: 0
x5: 1
x6: 0
x7: 1
x8: 0
x9: 0
