Builtin inference algorithms: {BP, EXACT, FBP, JTREE, TRWBP}

Exact variable marginals:
({x0}, (0.508937, 0.491063))
({x1}, (0.491055, 0.508945))
({x2}, (0.509042, 0.490958))
({x3}, (0.509057, 0.490943))
({x4}, (0.508935, 0.491065))
({x5}, (0.508945, 0.491055))
({x6}, (0.491055, 0.508945))
({x7}, (0.508939, 0.491061))
({x8}, (0.508945, 0.491055))
({x9}, (0.491055, 0.508945))
Exact factor marginals:
({x0}, (0.508937, 0.491063))
({x1}, (0.491055, 0.508945))
({x2}, (0.509042, 0.490958))
({x3}, (0.509057, 0.490943))
({x4}, (0.508935, 0.491065))
({x5}, (0.508945, 0.491055))
({x6}, (0.491055, 0.508945))
({x7}, (0.508939, 0.491061))
({x8}, (0.508945, 0.491055))
({x9}, (0.491055, 0.508945))
({x0, x1}, (4.60894e-07, 0.491055, 0.508937, 7.90426e-06))
({x0, x2}, (0.50889, 0.00015203, 4.73193e-05, 0.49091))
({x0, x3}, (0.508796, 0.000260994, 0.0001415, 0.490802))
({x0, x4}, (0.508932, 3.12571e-06, 5.33162e-06, 0.491059))
({x0, x5}, (0.508937, 7.41721e-06, 1.93325e-07, 0.491055))
({x0, x6}, (1.93338e-07, 0.491055, 0.508937, 7.4176e-06))
({x0, x7}, (0.508937, 2.16871e-06, 2.45896e-07, 0.49106))
({x0, x8}, (0.508937, 8.28178e-06, 3.54011e-07, 0.491054))
({x0, x9}, (1.93346e-07, 0.491055, 0.508937, 7.41758e-06))
({x1, x2}, (0.000152491, 0.50889, 0.490903, 5.52236e-05))
({x1, x3}, (0.000261455, 0.508796, 0.490794, 0.000149404))
({x1, x4}, (3.57495e-06, 0.508932, 0.491052, 1.32242e-05))
({x1, x5}, (2.67578e-07, 0.508944, 0.491055, 4.87055e-07))
({x1, x6}, (0.491055, 4.86675e-07, 2.67571e-07, 0.508944))
({x1, x7}, (6.43191e-07, 0.508939, 0.491054, 6.16374e-06))
({x1, x8}, (1.14771e-06, 0.508944, 0.491054, 6.63305e-07))
({x1, x9}, (0.491055, 4.86696e-07, 2.67569e-07, 0.508944))
({x2, x3}, (0.508943, 0.000114204, 9.9421e-05, 0.490844))
({x2, x4}, (0.508893, 4.20001e-05, 0.000148917, 0.490916))
({x2, x5}, (0.50889, 5.47365e-05, 0.000152224, 0.490903))
({x2, x6}, (0.000152224, 0.490903, 0.50889, 5.47369e-05))
({x2, x7}, (0.50889, 4.9488e-05, 0.000152276, 0.490908))
({x2, x8}, (0.508891, 5.45641e-05, 0.000151347, 0.490903))
({x2, x9}, (0.000152224, 0.490903, 0.50889, 5.47369e-05))
({x3, x4}, (0.508799, 0.000136181, 0.00025788, 0.490807))
({x3, x5}, (0.508796, 0.000148917, 0.000261187, 0.490794))
({x3, x6}, (0.000261187, 0.490794, 0.508796, 0.000148918))
({x3, x7}, (0.508796, 0.000143669, 0.00026124, 0.490799))
({x3, x8}, (0.508797, 0.000148749, 0.000260315, 0.490794))
({x3, x9}, (0.000261187, 0.490794, 0.508796, 0.000148918))
({x4, x5}, (0.508932, 1.27372e-05, 3.30738e-06, 0.491052))
({x4, x6}, (3.30739e-06, 0.491052, 0.508932, 1.27376e-05))
({x4, x7}, (0.508932, 7.48862e-06, 3.35991e-06, 0.491057))
({x4, x8}, (0.508932, 1.36134e-05, 3.47968e-06, 0.491051))
({x4, x9}, (3.3074e-06, 0.491052, 0.508932, 1.27375e-05))
({x5, x6}, (1.34713e-11, 0.491055, 0.508945, 3.85797e-10))
({x5, x7}, (0.508939, 3.76003e-07, 5.67708e-06, 0.491055))
({x5, x8}, (0.508945, 8.80132e-07, 1.7625e-07, 0.491054))
({x5, x9}, (2.48513e-11, 0.491055, 0.508945, 3.75029e-10))
({x6, x7}, (3.75632e-07, 0.508939, 0.491055, 5.67708e-06))
({x6, x8}, (8.80144e-07, 0.508945, 0.491054, 1.76635e-07))
({x6, x9}, (0.491055, 2.72179e-11, 5.06992e-12, 0.508945))
({x7, x8}, (0.508939, 6.5572e-06, 5.5224e-07, 0.491054))
({x7, x9}, (3.75637e-07, 0.491055, 0.508939, 5.67706e-06))
({x8, x9}, (8.80157e-07, 0.491054, 0.508945, 1.76625e-07))
Exact log partition sum: 33.947
Exact MAP variable marginals:
({x0}, (0.509006, 0.490994))
({x1}, (0.490994, 0.509006))
({x2}, (0.509006, 0.490994))
({x3}, (0.509006, 0.490994))
({x4}, (0.509006, 0.490994))
({x5}, (0.509006, 0.490994))
({x6}, (0.490994, 0.509006))
({x7}, (0.509006, 0.490994))
({x8}, (0.509006, 0.490994))
({x9}, (0.490994, 0.509006))
Exact MAP factor marginals:
({x0}, (0.509006, 0.490994)) == ({x0}, (0.509006, 0.490994))
({x1}, (0.490994, 0.509006)) == ({x1}, (0.490994, 0.509006))
({x2}, (0.509006, 0.490994)) == ({x2}, (0.509006, 0.490994))
({x3}, (0.509006, 0.490994)) == ({x3}, (0.509006, 0.490994))
({x4}, (0.509006, 0.490994)) == ({x4}, (0.509006, 0.490994))
({x5}, (0.509006, 0.490994)) == ({x5}, (0.509006, 0.490994))
({x6}, (0.490994, 0.509006)) == ({x6}, (0.490994, 0.509006))
({x7}, (0.509006, 0.490994)) == ({x7}, (0.509006, 0.490994))
({x8}, (0.509006, 0.490994)) == ({x8}, (0.509006, 0.490994))
({x9}, (0.490994, 0.509006)) == ({x9}, (0.490994, 0.509006))
({x0, x1}, (2.67662e-07, 0.490991, 0.509003, 5.47937e-06)) == ({x0, x1}, (2.67662e-07, 0.490991, 0.509003, 5.47937e-06))
({x0, x2}, (0.508912, 0.000144176, 4.04982e-05, 0.490903)) == ({x0, x2}, (0.508912, 0.000144176, 4.04982e-05, 0.490903))
({x0, x3}, (0.508884, 0.000144168, 9.55386e-05, 0.490876)) == ({x0, x3}, (0.508884, 0.000144168, 9.55386e-05, 0.490876))
({x0, x4}, (0.509002, 3.11718e-06, 5.33097e-06, 0.49099)) == ({x0, x4}, (0.509002, 3.11718e-06, 5.33097e-06, 0.49099))
({x0, x5}, (0.509003, 5.47937e-06, 1.47428e-07, 0.490991)) == ({x0, x5}, (0.509003, 5.47937e-06, 1.47428e-07, 0.490991))
({x0, x6}, (1.47428e-07, 0.490991, 0.509003, 5.47937e-06)) == ({x0, x6}, (1.47428e-07, 0.490991, 0.509003, 5.47937e-06))
({x0, x7}, (0.509005, 1.92743e-06, 1.99977e-07, 0.490993)) == ({x0, x7}, (0.509005, 1.92743e-06, 1.99977e-07, 0.490993))
({x0, x8}, (0.509003, 5.47937e-06, 1.60585e-07, 0.490991)) == ({x0, x8}, (0.509003, 5.47937e-06, 1.60585e-07, 0.490991))
({x0, x9}, (1.47428e-07, 0.490991, 0.509003, 5.47937e-06)) == ({x0, x9}, (1.47428e-07, 0.490991, 0.509003, 5.47937e-06))
({x1, x2}, (0.000144176, 0.508912, 0.490903, 4.04982e-05)) == ({x1, x2}, (0.000144176, 0.508912, 0.490903, 4.04982e-05))
({x1, x3}, (0.000144168, 0.508884, 0.490876, 9.55386e-05)) == ({x1, x3}, (0.000144168, 0.508884, 0.490876, 9.55386e-05))
({x1, x4}, (3.11718e-06, 0.509002, 0.49099, 5.47935e-06)) == ({x1, x4}, (3.11718e-06, 0.509002, 0.49099, 5.47935e-06))
({x1, x5}, (2.67663e-07, 0.509006, 0.490994, 4.86852e-07)) == ({x1, x5}, (2.67663e-07, 0.509006, 0.490994, 4.86852e-07))
({x1, x6}, (0.490994, 4.86852e-07, 2.67663e-07, 0.509006)) == ({x1, x6}, (0.490994, 4.86852e-07, 2.67663e-07, 0.509006))
({x1, x7}, (2.67662e-07, 0.509003, 0.490991, 5.47937e-06)) == ({x1, x7}, (2.67662e-07, 0.509003, 0.490991, 5.47937e-06))
({x1, x8}, (8.72623e-07, 0.509005, 0.490993, 4.86851e-07)) == ({x1, x8}, (8.72623e-07, 0.509005, 0.490993, 4.86851e-07))
({x1, x9}, (0.490994, 4.86852e-07, 2.67663e-07, 0.509006)) == ({x1, x9}, (0.490994, 4.86852e-07, 2.67663e-07, 0.509006))
({x2, x3}, (0.5089, 0.000112886, 9.55416e-05, 0.490892)) == ({x2, x3}, (0.5089, 0.000112886, 9.55416e-05, 0.490892))
({x2, x4}, (0.508912, 4.04982e-05, 0.000144176, 0.490903)) == ({x2, x4}, (0.508912, 4.04982e-05, 0.000144176, 0.490903))
({x2, x5}, (0.508912, 4.04982e-05, 0.000144176, 0.490903)) == ({x2, x5}, (0.508912, 4.04982e-05, 0.000144176, 0.490903))
({x2, x6}, (0.000144176, 0.490903, 0.508912, 4.04982e-05)) == ({x2, x6}, (0.000144176, 0.490903, 0.508912, 4.04982e-05))
({x2, x7}, (0.508912, 4.04982e-05, 0.000144176, 0.490903)) == ({x2, x7}, (0.508912, 4.04982e-05, 0.000144176, 0.490903))
({x2, x8}, (0.508912, 4.04982e-05, 0.000144176, 0.490903)) == ({x2, x8}, (0.508912, 4.04982e-05, 0.000144176, 0.490903))
({x2, x9}, (0.000144176, 0.490903, 0.508912, 4.04982e-05)) == ({x2, x9}, (0.000144176, 0.490903, 0.508912, 4.04982e-05))
({x3, x4}, (0.508884, 9.55386e-05, 0.000144168, 0.490876)) == ({x3, x4}, (0.508884, 9.55386e-05, 0.000144168, 0.490876))
({x3, x5}, (0.508884, 9.55386e-05, 0.000144168, 0.490876)) == ({x3, x5}, (0.508884, 9.55386e-05, 0.000144168, 0.490876))
({x3, x6}, (0.000144168, 0.490876, 0.508884, 9.55386e-05)) == ({x3, x6}, (0.000144168, 0.490876, 0.508884, 9.55386e-05))
({x3, x7}, (0.508884, 9.55386e-05, 0.000144168, 0.490876)) == ({x3, x7}, (0.508884, 9.55386e-05, 0.000144168, 0.490876))
({x3, x8}, (0.508884, 9.55386e-05, 0.000144168, 0.490876)) == ({x3, x8}, (0.508884, 9.55386e-05, 0.000144168, 0.490876))
({x3, x9}, (0.000144168, 0.490876, 0.508884, 9.55386e-05)) == ({x3, x9}, (0.000144168, 0.490876, 0.508884, 9.55386e-05))
({x4, x5}, (0.509002, 5.47935e-06, 3.11718e-06, 0.49099)) == ({x4, x5}, (0.509002, 5.47935e-06, 3.11718e-06, 0.49099))
({x4, x6}, (3.11718e-06, 0.49099, 0.509002, 5.47935e-06)) == ({x4, x6}, (3.11718e-06, 0.49099, 0.509002, 5.47935e-06))
({x4, x7}, (0.509002, 5.33097e-06, 3.11718e-06, 0.49099)) == ({x4, x7}, (0.509002, 5.33097e-06, 3.11718e-06, 0.49099))
({x4, x8}, (0.509002, 5.47935e-06, 3.11718e-06, 0.49099)) == ({x4, x8}, (0.509002, 5.47935e-06, 3.11718e-06, 0.49099))
({x4, x9}, (3.11718e-06, 0.49099, 0.509002, 5.47935e-06)) == ({x4, x9}, (3.11718e-06, 0.49099, 0.509002, 5.47935e-06))
({x5, x6}, (1.2826e-11, 0.490994, 0.509006, 3.70212e-10)) == ({x5, x6}, (1.2826e-11, 0.490994, 0.509006, 3.70212e-10))
({x5, x7}, (0.509003, 2.28329e-07, 5.47937e-06, 0.490991)) == ({x5, x7}, (0.509003, 2.28329e-07, 5.47937e-06, 0.490991))
({x5, x8}, (0.509005, 8.72623e-07, 1.60586e-07, 0.490993)) == ({x5, x8}, (0.509005, 8.72623e-07, 1.60586e-07, 0.490993))
({x5, x9}, (1.2826e-11, 0.490994, 0.509006, 3.70212e-10)) == ({x5, x9}, (1.2826e-11, 0.490994, 0.509006, 3.70212e-10))
({x6, x7}, (2.28329e-07, 0.509003, 0.490991, 5.47937e-06)) == ({x6, x7}, (2.28329e-07, 0.509003, 0.490991, 5.47937e-06))
({x6, x8}, (8.72623e-07, 0.509005, 0.490993, 1.60586e-07)) == ({x6, x8}, (8.72623e-07, 0.509005, 0.490993, 1.60586e-07))
({x6, x9}, (0.490994, 8.828e-12, 3.7285e-12, 0.509006)) == ({x6, x9}, (0.490994, 8.828e-12, 3.7285e-12, 0.509006))
({x7, x8}, (0.509003, 5.47937e-06, 2.28329e-07, 0.490991)) == ({x7, x8}, (0.509003, 5.47937e-06, 2.28329e-07, 0.490991))
({x7, x9}, (2.28329e-07, 0.490991, 0.509003, 5.47937e-06)) == ({x7, x9}, (2.28329e-07, 0.490991, 0.509003, 5.47937e-06))
({x8, x9}, (8.72623e-07, 0.490993, 0.509005, 1.60586e-07)) == ({x8, x9}, (8.72623e-07, 0.490993, 0.509005, 1.60586e-07))
Exact MAP state (log score = 33.2713):
x0: 0
x1: 1
x2: 0
x3: 0
x4: 0
x5: 0
x6: 1
x7: 0
x8: 0
x9: 1
