Builtin inference algorithms: {BP, EXACT, FBP, JTREE, TRWBP}

Exact variable marginals:
({x0}, (0.0235155, 0.976485))
({x1}, (0.959154, 0.0408457))
({x2}, (0.0250731, 0.974927))
({x3}, (0.974927, 0.0250732))
({x4}, (0.154183, 0.845817))
({x5}, (0.0238194, 0.976181))
({x6}, (0.0250727, 0.974927))
({x7}, (0.018927, 0.981073))
({x8}, (0.0248336, 0.975166))
({x9}, (0.0250733, 0.974927))
Exact factor marginals:
({x0}, (0.0235155, 0.976485))
({x1}, (0.959154, 0.0408457))
({x2}, (0.0250731, 0.974927))
({x3}, (0.974927, 0.0250732))
({x4}, (0.154183, 0.845817))
({x5}, (0.0238194, 0.976181))
({x6}, (0.0250727, 0.974927))
({x7}, (0.018927, 0.981073))
({x8}, (0.0248336, 0.975166))
({x9}, (0.0250733, 0.974927))
({x0, x1}, (0.00127921, 0.957875, 0.0222363, 0.0186095))
({x0, x2}, (0.0232304, 0.00184276, 0.000285107, 0.974642))
({x0, x3}, (0.00028504, 0.974642, 0.0232305, 0.00184272))
({x0, x4}, (0.0221831, 0.132, 0.00133244, 0.844485))
({x0, x5}, (0.0122935, 0.0115259, 0.011222, 0.964959))
({x0, x6}, (0.0232305, 0.00184222, 0.000285004, 0.974642))
({x0, x7}, (0.0153998, 0.00352714, 0.00811566, 0.972957))
({x0, x8}, (0.0232802, 0.00155342, 0.00023528, 0.974931))
({x0, x9}, (0.0232304, 0.00184281, 0.000285043, 0.974642))
({x1, x2}, (0.000994118, 0.024079, 0.95816, 0.0167667))
({x1, x3}, (0.95816, 0.0167668, 0.000994224, 0.0240789))
({x1, x4}, (0.113589, 0.0405935, 0.845565, 0.000252247))
({x1, x5}, (0.012622, 0.0111974, 0.946532, 0.0296483))
({x1, x6}, (0.000994229, 0.0240785, 0.95816, 0.0167673))
({x1, x7}, (0.00451942, 0.0144075, 0.954635, 0.0264382))
({x1, x8}, (0.00104394, 0.0237897, 0.95811, 0.0170561))
({x1, x9}, (0.000994331, 0.0240789, 0.95816, 0.0167668))
({x2, x3}, (8.9526e-08, 0.974927, 0.0250731, 1.12765e-07))
({x2, x4}, (0.0238425, 0.13034, 0.00123069, 0.844587))
({x2, x5}, (0.0121916, 0.0116279, 0.0128816, 0.963299))
({x2, x6}, (0.0250726, 1.11889e-07, 5.52208e-07, 0.974927))
({x2, x7}, (0.0154003, 0.00352669, 0.00967287, 0.9714))
({x2, x8}, (0.0247838, 4.98272e-05, 0.000289341, 0.974877))
({x2, x9}, (0.025073, 2.35481e-07, 1.28256e-07, 0.974927))
({x3, x4}, (0.13034, 0.0238424, 0.844587, 0.0012308))
({x3, x5}, (0.0116277, 0.0121917, 0.963299, 0.0128815))
({x3, x6}, (4.54175e-08, 0.0250727, 0.974927, 5.08975e-07))
({x3, x7}, (0.00352662, 0.0154003, 0.9714, 0.00967283))
({x3, x8}, (4.97607e-05, 0.0247839, 0.974877, 0.000289298))
({x3, x9}, (1.68799e-07, 0.0250731, 0.974927, 8.48143e-08))
({x4, x5}, (0.0109613, 0.0128581, 0.143221, 0.832959))
({x4, x6}, (0.0238419, 0.0012308, 0.130341, 0.844587))
({x4, x7}, (0.0141696, 0.00475738, 0.140013, 0.84106))
({x4, x8}, (0.0235531, 0.00128051, 0.130629, 0.844537))
({x4, x9}, (0.0238424, 0.0012309, 0.13034, 0.844586))
({x5, x6}, (0.0121917, 0.012881, 0.0116278, 0.9633))
({x5, x7}, (0.0145022, 0.00442481, 0.00931727, 0.971756))
({x5, x8}, (0.0122414, 0.0125922, 0.011578, 0.963588))
({x5, x9}, (0.0121918, 0.0128815, 0.0116276, 0.963299))
({x6, x7}, (0.0154004, 0.00352659, 0.00967233, 0.971401))
({x6, x8}, (0.0247839, 4.97245e-05, 0.000288798, 0.974878))
({x6, x9}, (0.0250726, 6.11575e-07, 6.40324e-08, 0.974927))
({x7, x8}, (0.0154501, 0.00938354, 0.00347687, 0.971689))
({x7, x9}, (0.0154005, 0.00967277, 0.00352648, 0.9714))
({x8, x9}, (0.0247839, 0.000289391, 4.97698e-05, 0.974877))
Exact log partition sum: 24.5704
Exact MAP variable marginals:
({x0}, (0.0128458, 0.987154))
({x1}, (0.980255, 0.0197449))
({x2}, (0.0128458, 0.987154))
({x3}, (0.987154, 0.0128458))
({x4}, (0.119972, 0.880028))
({x5}, (0.0128458, 0.987154))
({x6}, (0.0128458, 0.987154))
({x7}, (0.0128458, 0.987154))
({x8}, (0.0128458, 0.987154))
({x9}, (0.0128458, 0.987154))
Exact MAP factor marginals:
({x0}, (0.0128458, 0.987154)) == ({x0}, (0.0128458, 0.987154))
({x1}, (0.980255, 0.0197449)) == ({x1}, (0.980255, 0.0197449))
({x2}, (0.0128458, 0.987154)) == ({x2}, (0.0128458, 0.987154))
({x3}, (0.987154, 0.0128458)) == ({x3}, (0.987154, 0.0128458))
({x4}, (0.119972, 0.880028)) == ({x4}, (0.119972, 0.880028))
({x5}, (0.0128458, 0.987154)) == ({x5}, (0.0128458, 0.987154))
({x6}, (0.0128458, 0.987154)) == ({x6}, (0.0128458, 0.987154))
({x7}, (0.0128458, 0.987154)) == ({x7}, (0.0128458, 0.987154))
({x8}, (0.0128458, 0.987154)) == ({x8}, (0.0128458, 0.987154))
({x9}, (0.0128458, 0.987154)) == ({x9}, (0.0128458, 0.987154))
({x0, x1}, (0.00114965, 0.966796, 0.0125809, 0.0194738)) == ({x0, x1}, (0.00114965, 0.966796, 0.0125809, 0.0194738))
({x0, x2}, (0.0128208, 0.00173646, 0.000211382, 0.985231)) == ({x0, x2}, (0.0128208, 0.00173646, 0.000211382, 0.985231))
({x0, x3}, (0.000211382, 0.985231, 0.0128208, 0.00173646)) == ({x0, x3}, (0.000211382, 0.985231, 0.0128208, 0.00173646))
({x0, x4}, (0.0113104, 0.118491, 0.00103355, 0.869165)) == ({x0, x4}, (0.0113104, 0.118491, 0.00103355, 0.869165))
({x0, x5}, (0.0125925, 0.0106619, 0.00905632, 0.967689)) == ({x0, x5}, (0.0125925, 0.0106619, 0.00905632, 0.967689))
({x0, x6}, (0.0128208, 0.00173646, 0.000211382, 0.985231)) == ({x0, x6}, (0.0128208, 0.00173646, 0.000211382, 0.985231))
({x0, x7}, (0.012693, 0.00276235, 0.00912863, 0.975416)) == ({x0, x7}, (0.012693, 0.00276235, 0.00912863, 0.975416))
({x0, x8}, (0.0128208, 0.00173646, 0.000211382, 0.985231)) == ({x0, x8}, (0.0128208, 0.00173646, 0.000211382, 0.985231))
({x0, x9}, (0.0128208, 0.00173646, 0.000211382, 0.985231)) == ({x0, x9}, (0.0128208, 0.00173646, 0.000211382, 0.985231))
({x1, x2}, (0.00114965, 0.0125809, 0.966796, 0.0194738)) == ({x1, x2}, (0.00114965, 0.0125809, 0.966796, 0.0194738))
({x1, x3}, (0.966796, 0.0194738, 0.00114965, 0.0125809)) == ({x1, x3}, (0.966796, 0.0194738, 0.00114965, 0.0125809))
({x1, x4}, (0.117853, 0.017413, 0.864488, 0.000246145)) == ({x1, x4}, (0.117853, 0.017413, 0.864488, 0.000246145))
({x1, x5}, (0.0105518, 0.0124624, 0.957695, 0.0192905)) == ({x1, x5}, (0.0105518, 0.0124624, 0.957695, 0.0192905))
({x1, x6}, (0.00114965, 0.0125809, 0.966796, 0.0194738)) == ({x1, x6}, (0.00114965, 0.0125809, 0.966796, 0.0194738))
({x1, x7}, (0.0027336, 0.0125609, 0.965263, 0.0194429)) == ({x1, x7}, (0.0027336, 0.0125609, 0.965263, 0.0194429))
({x1, x8}, (0.00114965, 0.0125809, 0.966796, 0.0194738)) == ({x1, x8}, (0.00114965, 0.0125809, 0.966796, 0.0194738))
({x1, x9}, (0.00114965, 0.0125809, 0.966796, 0.0194738)) == ({x1, x9}, (0.00114965, 0.0125809, 0.966796, 0.0194738))
({x2, x3}, (9.62134e-08, 0.987154, 0.0128458, 8.86927e-08)) == ({x2, x3}, (9.62134e-08, 0.987154, 0.0128458, 8.86927e-08))
({x2, x4}, (0.0113104, 0.118491, 0.00103355, 0.869165)) == ({x2, x4}, (0.0113104, 0.118491, 0.00103355, 0.869165))
({x2, x5}, (0.0125925, 0.0106619, 0.00905632, 0.967689)) == ({x2, x5}, (0.0125925, 0.0106619, 0.00905632, 0.967689))
({x2, x6}, (0.0128458, 8.86927e-08, 5.43596e-07, 0.987154)) == ({x2, x6}, (0.0128458, 8.86927e-08, 5.43596e-07, 0.987154))
({x2, x7}, (0.012693, 0.00276235, 0.00912863, 0.975416)) == ({x2, x7}, (0.012693, 0.00276235, 0.00912863, 0.975416))
({x2, x8}, (0.0128406, 5.89656e-05, 0.000342557, 0.986758)) == ({x2, x8}, (0.0128406, 5.89656e-05, 0.000342557, 0.986758))
({x2, x9}, (0.0128458, 1.44371e-07, 9.62134e-08, 0.987154)) == ({x2, x9}, (0.0128458, 1.44371e-07, 9.62134e-08, 0.987154))
({x3, x4}, (0.118491, 0.0113104, 0.869165, 0.00103355)) == ({x3, x4}, (0.118491, 0.0113104, 0.869165, 0.00103355))
({x3, x5}, (0.0106619, 0.0125925, 0.967689, 0.00905632)) == ({x3, x5}, (0.0106619, 0.0125925, 0.967689, 0.00905632))
({x3, x6}, (2.43991e-08, 0.0128458, 0.987154, 5.43596e-07)) == ({x3, x6}, (2.43991e-08, 0.0128458, 0.987154, 5.43596e-07))
({x3, x7}, (0.00276235, 0.012693, 0.975416, 0.00912863)) == ({x3, x7}, (0.00276235, 0.012693, 0.975416, 0.00912863))
({x3, x8}, (5.89656e-05, 0.0128406, 0.986758, 0.000342557)) == ({x3, x8}, (5.89656e-05, 0.0128406, 0.986758, 0.000342557))
({x3, x9}, (1.44371e-07, 0.0128458, 0.987154, 3.77427e-08)) == ({x3, x9}, (1.44371e-07, 0.0128458, 0.987154, 3.77427e-08))
({x4, x5}, (0.0112146, 0.0094953, 0.117487, 0.861803)) == ({x4, x5}, (0.0112146, 0.0094953, 0.117487, 0.861803))
({x4, x6}, (0.0113104, 0.00103355, 0.118491, 0.869165)) == ({x4, x6}, (0.0113104, 0.00103355, 0.118491, 0.869165))
({x4, x7}, (0.0112943, 0.00245794, 0.118322, 0.867926)) == ({x4, x7}, (0.0112943, 0.00245794, 0.118322, 0.867926))
({x4, x8}, (0.0113104, 0.00103355, 0.118491, 0.869165)) == ({x4, x8}, (0.0113104, 0.00103355, 0.118491, 0.869165))
({x4, x9}, (0.0113104, 0.00103355, 0.118491, 0.869165)) == ({x4, x9}, (0.0113104, 0.00103355, 0.118491, 0.869165))
({x5, x6}, (0.0125925, 0.00905632, 0.0106619, 0.967689)) == ({x5, x6}, (0.0125925, 0.00905632, 0.0106619, 0.967689))
({x5, x7}, (0.0126591, 0.00381015, 0.0107184, 0.972812)) == ({x5, x7}, (0.0126591, 0.00381015, 0.0107184, 0.972812))
({x5, x8}, (0.0125925, 0.00905632, 0.0106619, 0.967689)) == ({x5, x8}, (0.0125925, 0.00905632, 0.0106619, 0.967689))
({x5, x9}, (0.0125925, 0.00905632, 0.0106619, 0.967689)) == ({x5, x9}, (0.0125925, 0.00905632, 0.0106619, 0.967689))
({x6, x7}, (0.012693, 0.00276235, 0.00912863, 0.975416)) == ({x6, x7}, (0.012693, 0.00276235, 0.00912863, 0.975416))
({x6, x8}, (0.0128406, 5.89656e-05, 0.000342557, 0.986758)) == ({x6, x8}, (0.0128406, 5.89656e-05, 0.000342557, 0.986758))
({x6, x9}, (0.0128458, 5.43596e-07, 3.28778e-08, 0.987154)) == ({x6, x9}, (0.0128458, 5.43596e-07, 3.28778e-08, 0.987154))
({x7, x8}, (0.012693, 0.00912863, 0.00276235, 0.975416)) == ({x7, x8}, (0.012693, 0.00912863, 0.00276235, 0.975416))
({x7, x9}, (0.012693, 0.00912863, 0.00276235, 0.975416)) == ({x7, x9}, (0.012693, 0.00912863, 0.00276235, 0.975416))
({x8, x9}, (0.0128406, 0.000342557, 5.89656e-05, 0.986758)) == ({x8, x9}, (0.0128406, 0.000342557, 5.89656e-05, 0.986758))
Exact MAP state (log score = 24.3863):
x0: 1
x1: 0
x2: 1
x3: 0
x4: 1
x5: 1
x6: 1
x7: 1
x8: 1
x9: 1
