Builtin inference algorithms: {BP, EXACT, FBP, JTREE, TRWBP}

Exact variable marginals:
({x0}, (0.863317, 0.136683))
({x1}, (0.0713848, 0.928615))
({x2}, (0.923377, 0.0766228))
({x3}, (0.928696, 0.071304))
({x4}, (0.952111, 0.0478892))
({x5}, (0.951272, 0.0487281))
({x6}, (0.92879, 0.0712105))
({x7}, (0.736382, 0.263618))
({x8}, (0.0405715, 0.959429))
({x9}, (0.836447, 0.163553))
Exact factor marginals:
({x0}, (0.863317, 0.136683))
({x1}, (0.0713848, 0.928615))
({x2}, (0.923377, 0.0766228))
({x3}, (0.928696, 0.071304))
({x4}, (0.952111, 0.0478892))
({x5}, (0.951272, 0.0487281))
({x6}, (0.92879, 0.0712105))
({x7}, (0.736382, 0.263618))
({x8}, (0.0405715, 0.959429))
({x9}, (0.836447, 0.163553))
({x0, x1}, (0.0549236, 0.0164612, 0.808393, 0.120222))
({x0, x2}, (0.823187, 0.10019, 0.0401292, 0.0364935))
({x0, x3}, (0.808477, 0.120219, 0.0548393, 0.0164647))
({x0, x4}, (0.855325, 0.0967853, 0.00799115, 0.0398981))
({x0, x5}, (0.856061, 0.0952105, 0.00725524, 0.0414729))
({x0, x6}, (0.808933, 0.119856, 0.0543834, 0.016827))
({x0, x7}, (0.724951, 0.011431, 0.138366, 0.125252))
({x0, x8}, (0.0160244, 0.0245471, 0.847292, 0.112136))
({x0, x9}, (0.721275, 0.115173, 0.142042, 0.0215107))
({x1, x2}, (0.0153652, 0.908012, 0.0560195, 0.0206033))
({x1, x3}, (8.70375e-05, 0.928609, 0.0712977, 6.23686e-06))
({x1, x4}, (0.0469352, 0.905176, 0.0244496, 0.0234396))
({x1, x5}, (0.0476701, 0.903602, 0.0237146, 0.0250135))
({x1, x6}, (0.00054287, 0.928247, 0.0708419, 0.000368568))
({x1, x7}, (0.0663149, 0.670067, 0.00506987, 0.258548))
({x1, x8}, (0.032157, 0.0084145, 0.0392278, 0.920201))
({x1, x9}, (0.0182615, 0.818186, 0.0531232, 0.110429))
({x2, x3}, (0.908062, 0.0206344, 0.0153155, 0.0559884))
({x2, x4}, (0.919869, 0.0322418, 0.00350818, 0.044381))
({x2, x5}, (0.918341, 0.032931, 0.0050363, 0.0436918))
({x2, x6}, (0.908513, 0.0202769, 0.0148646, 0.0563459))
({x2, x7}, (0.684825, 0.0515575, 0.238553, 0.0250653))
({x2, x8}, (0.00975425, 0.0308172, 0.913623, 0.0458056))
({x2, x9}, (0.797591, 0.0388558, 0.125786, 0.037767))
({x3, x4}, (0.905263, 0.0468482, 0.0234334, 0.0244558))
({x3, x5}, (0.903687, 0.0475844, 0.0250086, 0.0237195))
({x3, x6}, (0.928334, 0.00045587, 0.000362368, 0.0708481))
({x3, x7}, (0.670154, 0.0662279, 0.258542, 0.00507607))
({x3, x8}, (0.00840862, 0.0321628, 0.920287, 0.0391411))
({x3, x9}, (0.818226, 0.0182214, 0.11047, 0.0530825))
({x4, x5}, (0.950422, 0.00084943, 0.00168835, 0.0470398))
({x4, x6}, (0.905718, 0.023071, 0.0463923, 0.0248182))
({x4, x7}, (0.717002, 0.0193803, 0.235109, 0.0285089))
({x4, x8}, (0.00814482, 0.0324266, 0.943966, 0.0154626))
({x4, x9}, (0.795258, 0.0411891, 0.156853, 0.00670006))
({x5, x6}, (0.904143, 0.0246462, 0.0471286, 0.0240819))
({x5, x7}, (0.717719, 0.0186628, 0.233553, 0.0300653))
({x5, x8}, (0.00897714, 0.0315943, 0.942295, 0.0171338))
({x5, x9}, (0.795182, 0.0412652, 0.15609, 0.00746295))
({x6, x7}, (0.67061, 0.0657721, 0.25818, 0.00543839))
({x6, x8}, (0.00804629, 0.0325252, 0.920743, 0.0386853))
({x6, x9}, (0.817864, 0.0185829, 0.110925, 0.0526276))
({x7, x8}, (0.0274159, 0.0131556, 0.708966, 0.250462))
({x7, x9}, (0.687787, 0.14866, 0.048595, 0.114958))
({x8, x9}, (0.0266285, 0.809819, 0.0139429, 0.14961))
Exact log partition sum: 17.911
Exact MAP variable marginals:
({x0}, (0.893749, 0.106251))
({x1}, (0.042956, 0.957044))
({x2}, (0.957044, 0.042956))
({x3}, (0.957044, 0.042956))
({x4}, (0.978083, 0.0219175))
({x5}, (0.978083, 0.0219175))
({x6}, (0.957044, 0.042956))
({x7}, (0.877099, 0.122901))
({x8}, (0.0163853, 0.983615))
({x9}, (0.877099, 0.122901))
Exact MAP factor marginals:
({x0}, (0.893749, 0.106251)) == ({x0}, (0.893749, 0.106251))
({x1}, (0.042956, 0.957044)) == ({x1}, (0.042956, 0.957044))
({x2}, (0.957044, 0.042956)) == ({x2}, (0.957044, 0.042956))
({x3}, (0.957044, 0.042956)) == ({x3}, (0.957044, 0.042956))
({x4}, (0.978083, 0.0219175)) == ({x4}, (0.978083, 0.0219175))
({x5}, (0.978083, 0.0219175)) == ({x5}, (0.978083, 0.0219175))
({x6}, (0.957044, 0.042956)) == ({x6}, (0.957044, 0.042956))
({x7}, (0.877099, 0.122901)) == ({x7}, (0.877099, 0.122901))
({x8}, (0.0163853, 0.983615)) == ({x8}, (0.0163853, 0.983615))
({x9}, (0.877099, 0.122901)) == ({x9}, (0.877099, 0.122901))
({x0, x1}, (0.0380237, 0.014112, 0.847153, 0.100711)) == ({x0, x1}, (0.0380237, 0.014112, 0.847153, 0.100711))
({x0, x2}, (0.843046, 0.100223, 0.0378393, 0.0188915)) == ({x0, x2}, (0.843046, 0.100223, 0.0378393, 0.0188915))
({x0, x3}, (0.847153, 0.100711, 0.0380237, 0.014112)) == ({x0, x3}, (0.847153, 0.100711, 0.0380237, 0.014112))
({x0, x4}, (0.869625, 0.103383, 0.00750529, 0.0194871)) == ({x0, x4}, (0.869625, 0.103383, 0.00750529, 0.0194871))
({x0, x5}, (0.869625, 0.103383, 0.00750529, 0.0194871)) == ({x0, x5}, (0.869625, 0.103383, 0.00750529, 0.0194871))
({x0, x6}, (0.847153, 0.100711, 0.0380237, 0.014112)) == ({x0, x6}, (0.847153, 0.100711, 0.0380237, 0.014112))
({x0, x7}, (0.783906, 0.0130585, 0.109843, 0.0931924)) == ({x0, x7}, (0.783906, 0.0130585, 0.109843, 0.0931924))
({x0, x8}, (0.00821014, 0.0145494, 0.873408, 0.103833)) == ({x0, x8}, (0.00821014, 0.0145494, 0.873408, 0.103833))
({x0, x9}, (0.77989, 0.0927149, 0.10928, 0.0181144)) == ({x0, x9}, (0.77989, 0.0927149, 0.10928, 0.0181144))
({x1, x2}, (0.0118738, 0.925825, 0.0415548, 0.0207465)) == ({x1, x2}, (0.0118738, 0.925825, 0.0415548, 0.0207465))
({x1, x3}, (5.84581e-05, 0.95698, 0.0429531, 8.69207e-06)) == ({x1, x3}, (5.84581e-05, 0.95698, 0.0429531, 8.69207e-06))
({x1, x4}, (0.0414078, 0.922551, 0.015368, 0.0206731)) == ({x1, x4}, (0.0414078, 0.922551, 0.015368, 0.0206731))
({x1, x5}, (0.0414078, 0.922551, 0.015368, 0.0206731)) == ({x1, x5}, (0.0414078, 0.922551, 0.015368, 0.0206731))
({x1, x6}, (0.000645379, 0.955931, 0.0429061, 0.000517218)) == ({x1, x6}, (0.000645379, 0.955931, 0.0429061, 0.000517218))
({x1, x7}, (0.0376399, 0.838603, 0.00625026, 0.117507)) == ({x1, x7}, (0.0376399, 0.838603, 0.00625026, 0.117507))
({x1, x8}, (0.0155919, 0.00640836, 0.042011, 0.935989)) == ({x1, x8}, (0.0155919, 0.00640836, 0.042011, 0.935989))
({x1, x9}, (0.0138626, 0.832179, 0.0373515, 0.116607)) == ({x1, x9}, (0.0138626, 0.832179, 0.0373515, 0.116607))
({x2, x3}, (0.925825, 0.0207465, 0.0118738, 0.0415548)) == ({x2, x3}, (0.925825, 0.0207465, 0.0118738, 0.0415548))
({x2, x4}, (0.932994, 0.0418765, 0.00422273, 0.0209071)) == ({x2, x4}, (0.932994, 0.0418765, 0.00422273, 0.0209071))
({x2, x5}, (0.932994, 0.0418765, 0.00422273, 0.0209071)) == ({x2, x5}, (0.932994, 0.0418765, 0.00422273, 0.0209071))
({x2, x6}, (0.925825, 0.0207465, 0.0118738, 0.0415548)) == ({x2, x6}, (0.925825, 0.0207465, 0.0118738, 0.0415548))
({x2, x7}, (0.828215, 0.0371737, 0.116052, 0.0185592)) == ({x2, x7}, (0.828215, 0.0371737, 0.116052, 0.0185592))
({x2, x8}, (0.00877743, 0.0155547, 0.933757, 0.0419108)) == ({x2, x8}, (0.00877743, 0.0155547, 0.933757, 0.0419108))
({x2, x9}, (0.828215, 0.0185592, 0.116052, 0.0371737)) == ({x2, x9}, (0.828215, 0.0185592, 0.116052, 0.0371737))
({x3, x4}, (0.922551, 0.0414078, 0.0206731, 0.015368)) == ({x3, x4}, (0.922551, 0.0414078, 0.0206731, 0.015368))
({x3, x5}, (0.922551, 0.0414078, 0.0206731, 0.015368)) == ({x3, x5}, (0.922551, 0.0414078, 0.0206731, 0.015368))
({x3, x6}, (0.955931, 0.000645379, 0.000517218, 0.0429061)) == ({x3, x6}, (0.955931, 0.000645379, 0.000517218, 0.0429061))
({x3, x7}, (0.838603, 0.0376399, 0.117507, 0.00625026)) == ({x3, x7}, (0.838603, 0.0376399, 0.117507, 0.00625026))
({x3, x8}, (0.00640836, 0.0155919, 0.935989, 0.042011)) == ({x3, x8}, (0.00640836, 0.0155919, 0.935989, 0.042011))
({x3, x9}, (0.832179, 0.0138626, 0.116607, 0.0373515)) == ({x3, x9}, (0.832179, 0.0138626, 0.116607, 0.0373515))
({x4, x5}, (0.975791, 0.00113165, 0.00121145, 0.0218661)) == ({x4, x5}, (0.975791, 0.00113165, 0.00121145, 0.0218661))
({x4, x6}, (0.922551, 0.0206731, 0.0414078, 0.015368)) == ({x4, x6}, (0.922551, 0.0206731, 0.0414078, 0.015368))
({x4, x7}, (0.84804, 0.0141268, 0.11883, 0.0190034)) == ({x4, x7}, (0.84804, 0.0141268, 0.11883, 0.0190034))
({x4, x8}, (0.00896558, 0.0158882, 0.953773, 0.0213728)) == ({x4, x8}, (0.00896558, 0.0158882, 0.953773, 0.0213728))
({x4, x9}, (0.854712, 0.0191529, 0.119765, 0.00637032)) == ({x4, x9}, (0.854712, 0.0191529, 0.119765, 0.00637032))
({x5, x6}, (0.922551, 0.0206731, 0.0414078, 0.015368)) == ({x5, x6}, (0.922551, 0.0206731, 0.0414078, 0.015368))
({x5, x7}, (0.84804, 0.0141268, 0.11883, 0.0190034)) == ({x5, x7}, (0.84804, 0.0141268, 0.11883, 0.0190034))
({x5, x8}, (0.00896558, 0.0158882, 0.953773, 0.0213728)) == ({x5, x8}, (0.00896558, 0.0158882, 0.953773, 0.0213728))
({x5, x9}, (0.854712, 0.0191529, 0.119765, 0.00637032)) == ({x5, x9}, (0.854712, 0.0191529, 0.119765, 0.00637032))
({x6, x7}, (0.838603, 0.0376399, 0.117507, 0.00625026)) == ({x6, x7}, (0.838603, 0.0376399, 0.117507, 0.00625026))
({x6, x8}, (0.00640836, 0.0155919, 0.935989, 0.042011)) == ({x6, x8}, (0.00640836, 0.0155919, 0.935989, 0.042011))
({x6, x9}, (0.832179, 0.0138626, 0.116607, 0.0373515)) == ({x6, x9}, (0.832179, 0.0138626, 0.116607, 0.0373515))
({x7, x8}, (0.0143083, 0.00640179, 0.858934, 0.120356)) == ({x7, x8}, (0.0143083, 0.00640179, 0.858934, 0.120356))
({x7, x9}, (0.766937, 0.091175, 0.0344232, 0.107465)) == ({x7, x9}, (0.766937, 0.091175, 0.0344232, 0.107465))
({x8, x9}, (0.0142844, 0.8575, 0.0080606, 0.120155)) == ({x8, x9}, (0.0142844, 0.8575, 0.0080606, 0.120155))
Exact MAP state (log score = 17.5086):
x0: 0
x1: 1
x2: 0
x3: 0
x4: 0
x5: 0
x6: 0
x7: 0
x8: 1
x9: 0
