Builtin inference algorithms: {BP, EXACT, FBP, JTREE, TRWBP}

Exact variable marginals:
({x0}, (0.0246078, 0.975392))
({x1}, (0.0242178, 0.975782))
({x2}, (0.024608, 0.975392))
({x3}, (0.975392, 0.0246078))
({x4}, (0.0245972, 0.975403))
({x5}, (0.0246076, 0.975392))
({x6}, (0.975829, 0.0241706))
({x7}, (0.0274865, 0.972514))
({x8}, (0.975823, 0.0241766))
({x9}, (0.024176, 0.975824))
Exact factor marginals:
({x0}, (0.0246078, 0.975392))
({x1}, (0.0242178, 0.975782))
({x2}, (0.024608, 0.975392))
({x3}, (0.975392, 0.0246078))
({x4}, (0.0245972, 0.975403))
({x5}, (0.0246076, 0.975392))
({x6}, (0.975829, 0.0241706))
({x7}, (0.0274865, 0.972514))
({x8}, (0.975823, 0.0241766))
({x9}, (0.024176, 0.975824))
({x0, x1}, (0.0241759, 4.18745e-05, 0.000431875, 0.97535))
({x0, x2}, (0.0246078, 1.61218e-07, 2.19348e-09, 0.975392))
({x0, x3}, (2.43537e-10, 0.975392, 0.0246078, 6.2021e-11))
({x0, x4}, (0.0245972, 1.03174e-08, 1.06574e-05, 0.975392))
({x0, x5}, (0.0246066, 9.60253e-07, 1.16087e-06, 0.975391))
({x0, x6}, (0.000492274, 0.975337, 0.0241155, 5.50408e-05))
({x0, x7}, (0.0239145, 0.00357192, 0.00069326, 0.97182))
({x0, x8}, (0.000436242, 0.975387, 0.0241716, 5.04581e-06))
({x0, x9}, (0.024171, 5.04501e-06, 0.000436805, 0.975387))
({x1, x2}, (0.0241759, 0.000432036, 4.18766e-05, 0.97535))
({x1, x3}, (4.18745e-05, 0.97535, 0.0241759, 0.000431875))
({x1, x4}, (0.0241759, 0.000421236, 4.18828e-05, 0.975361))
({x1, x5}, (0.0241748, 0.000432835, 4.30353e-05, 0.975349))
({x1, x6}, (9.99049e-05, 0.97573, 0.0241179, 5.2672e-05))
({x1, x7}, (0.0239557, 0.00353073, 0.000262067, 0.972251))
({x1, x8}, (4.39458e-05, 0.975779, 0.0241739, 2.74956e-06))
({x1, x9}, (0.0241733, 2.76688e-06, 4.4527e-05, 0.975779))
({x2, x3}, (1.61441e-07, 0.975392, 0.0246078, 2.23521e-09))
({x2, x4}, (0.0245971, 1.25099e-08, 1.08186e-05, 0.975392))
({x2, x5}, (0.0246066, 9.58868e-07, 1.31851e-06, 0.975391))
({x2, x6}, (0.000492435, 0.975337, 0.0241155, 5.50429e-05))
({x2, x7}, (0.0239146, 0.00357191, 0.000693407, 0.97182))
({x2, x8}, (0.000436404, 0.975387, 0.0241716, 5.04801e-06))
({x2, x9}, (0.024171, 5.0472e-06, 0.000436967, 0.975387))
({x3, x4}, (1.03098e-08, 0.0245972, 0.975392, 1.06572e-05))
({x3, x5}, (9.60476e-07, 0.0246066, 0.975391, 1.16091e-06))
({x3, x6}, (0.975337, 0.000492274, 5.50407e-05, 0.0241155))
({x3, x7}, (0.00357192, 0.0239145, 0.97182, 0.00069326))
({x3, x8}, (0.975387, 0.000436242, 5.04581e-06, 0.0241716))
({x3, x9}, (5.04501e-06, 0.024171, 0.975387, 0.000436805))
({x4, x5}, (0.024596, 1.15994e-05, 1.15291e-06, 0.975391))
({x4, x6}, (0.000481617, 0.975348, 0.0241155, 5.50304e-05))
({x4, x7}, (0.0239145, 0.00357193, 0.000682621, 0.971831))
({x4, x8}, (0.000425603, 0.975398, 0.0241716, 5.05389e-06))
({x4, x9}, (0.024171, 5.05308e-06, 0.000426166, 0.975398))
({x5, x6}, (0.000491877, 0.975338, 0.0241157, 5.48441e-05))
({x5, x7}, (0.0239138, 0.0035727, 0.000693832, 0.97182))
({x5, x8}, (0.000437203, 0.975386, 0.0241704, 6.20668e-06))
({x5, x9}, (0.0241698, 6.20584e-06, 0.000437766, 0.975386))
({x6, x7}, (0.00360717, 0.0238793, 0.972222, 0.000291271))
({x6, x8}, (0.975773, 4.99951e-05, 5.60318e-05, 0.0241206))
({x6, x9}, (5.54721e-05, 0.0241206, 0.975774, 4.99993e-05))
({x7, x8}, (0.00356688, 0.972257, 0.0239196, 0.000257018))
({x7, x9}, (0.0239196, 0.000256455, 0.00356688, 0.972257))
({x8, x9}, (1.81925e-08, 0.024176, 0.975823, 5.82138e-07))
Exact log partition sum: 52.482
Exact MAP variable marginals:
({x0}, (0.0239746, 0.976025))
({x1}, (0.0239746, 0.976025))
({x2}, (0.0239746, 0.976025))
({x3}, (0.976025, 0.0239746))
({x4}, (0.0239746, 0.976025))
({x5}, (0.0239746, 0.976025))
({x6}, (0.976025, 0.0239746))
({x7}, (0.0239746, 0.976025))
({x8}, (0.976025, 0.0239746))
({x9}, (0.0239746, 0.976025))
Exact MAP factor marginals:
({x0}, (0.0239746, 0.976025)) == ({x0}, (0.0239746, 0.976025))
({x1}, (0.0239746, 0.976025)) == ({x1}, (0.0239746, 0.976025))
({x2}, (0.0239746, 0.976025)) == ({x2}, (0.0239746, 0.976025))
({x3}, (0.976025, 0.0239746)) == ({x3}, (0.976025, 0.0239746))
({x4}, (0.0239746, 0.976025)) == ({x4}, (0.0239746, 0.976025))
({x5}, (0.0239746, 0.976025)) == ({x5}, (0.0239746, 0.976025))
({x6}, (0.976025, 0.0239746)) == ({x6}, (0.976025, 0.0239746))
({x7}, (0.0239746, 0.976025)) == ({x7}, (0.0239746, 0.976025))
({x8}, (0.976025, 0.0239746)) == ({x8}, (0.976025, 0.0239746))
({x9}, (0.0239746, 0.976025)) == ({x9}, (0.0239746, 0.976025))
({x0, x1}, (0.0239636, 3.63728e-05, 0.0004202, 0.97558)) == ({x0, x1}, (0.0239636, 3.63728e-05, 0.0004202, 0.97558))
({x0, x2}, (0.0239746, 1.45112e-07, 1.61441e-09, 0.976025)) == ({x0, x2}, (0.0239746, 1.45112e-07, 1.61441e-09, 0.976025))
({x0, x3}, (2.42946e-10, 0.976025, 0.0239746, 3.47562e-11)) == ({x0, x3}, (2.42946e-10, 0.976025, 0.0239746, 3.47562e-11))
({x0, x4}, (0.0239743, 9.92277e-09, 1.06853e-05, 0.976015)) == ({x0, x4}, (0.0239743, 9.92277e-09, 1.06853e-05, 0.976015))
({x0, x5}, (0.0239745, 6.97346e-07, 7.40381e-07, 0.976024)) == ({x0, x5}, (0.0239745, 6.97346e-07, 7.40381e-07, 0.976024))
({x0, x6}, (0.000420196, 0.975571, 0.0239634, 4.5887e-05)) == ({x0, x6}, (0.000420196, 0.975571, 0.0239634, 4.5887e-05))
({x0, x7}, (0.02388, 0.00352801, 0.000418733, 0.972173)) == ({x0, x7}, (0.02388, 0.00352801, 0.000418733, 0.972173))
({x0, x8}, (0.000420213, 0.97561, 0.0239644, 4.96256e-06)) == ({x0, x8}, (0.000420213, 0.97561, 0.0239644, 4.96256e-06))
({x0, x9}, (0.0239644, 4.96256e-06, 0.000420213, 0.97561)) == ({x0, x9}, (0.0239644, 4.96256e-06, 0.000420213, 0.97561))
({x1, x2}, (0.0239636, 0.0004202, 3.63728e-05, 0.97558)) == ({x1, x2}, (0.0239636, 0.0004202, 3.63728e-05, 0.97558))
({x1, x3}, (3.63728e-05, 0.97558, 0.0239636, 0.0004202)) == ({x1, x3}, (3.63728e-05, 0.97558, 0.0239636, 0.0004202))
({x1, x4}, (0.0239636, 0.0004202, 3.63728e-05, 0.97558)) == ({x1, x4}, (0.0239636, 0.0004202, 3.63728e-05, 0.97558))
({x1, x5}, (0.0239636, 0.0004202, 3.63728e-05, 0.97558)) == ({x1, x5}, (0.0239636, 0.0004202, 3.63728e-05, 0.97558))
({x1, x6}, (4.37875e-05, 0.975938, 0.0239724, 4.59043e-05)) == ({x1, x6}, (4.37875e-05, 0.975938, 0.0239724, 4.59043e-05))
({x1, x7}, (0.0238842, 0.00352863, 0.000242888, 0.972344)) == ({x1, x7}, (0.0238842, 0.00352863, 0.000242888, 0.972344))
({x1, x8}, (3.6388e-05, 0.975987, 0.0239736, 2.60382e-06)) == ({x1, x8}, (3.6388e-05, 0.975987, 0.0239736, 2.60382e-06))
({x1, x9}, (0.0239736, 2.60382e-06, 3.6388e-05, 0.975987)) == ({x1, x9}, (0.0239736, 2.60382e-06, 3.6388e-05, 0.975987))
({x2, x3}, (1.45112e-07, 0.976025, 0.0239746, 1.61441e-09)) == ({x2, x3}, (1.45112e-07, 0.976025, 0.0239746, 1.61441e-09))
({x2, x4}, (0.0239743, 9.92277e-09, 1.06853e-05, 0.976015)) == ({x2, x4}, (0.0239743, 9.92277e-09, 1.06853e-05, 0.976015))
({x2, x5}, (0.0239745, 6.97346e-07, 7.40381e-07, 0.976024)) == ({x2, x5}, (0.0239745, 6.97346e-07, 7.40381e-07, 0.976024))
({x2, x6}, (0.000420196, 0.975571, 0.0239634, 4.5887e-05)) == ({x2, x6}, (0.000420196, 0.975571, 0.0239634, 4.5887e-05))
({x2, x7}, (0.02388, 0.00352801, 0.000418733, 0.972173)) == ({x2, x7}, (0.02388, 0.00352801, 0.000418733, 0.972173))
({x2, x8}, (0.000420213, 0.97561, 0.0239644, 4.96256e-06)) == ({x2, x8}, (0.000420213, 0.97561, 0.0239644, 4.96256e-06))
({x2, x9}, (0.0239644, 4.96256e-06, 0.000420213, 0.97561)) == ({x2, x9}, (0.0239644, 4.96256e-06, 0.000420213, 0.97561))
({x3, x4}, (9.92277e-09, 0.0239743, 0.976015, 1.06853e-05)) == ({x3, x4}, (9.92277e-09, 0.0239743, 0.976015, 1.06853e-05))
({x3, x5}, (6.97346e-07, 0.0239745, 0.976024, 7.40381e-07)) == ({x3, x5}, (6.97346e-07, 0.0239745, 0.976024, 7.40381e-07))
({x3, x6}, (0.975571, 0.000420196, 4.5887e-05, 0.0239634)) == ({x3, x6}, (0.975571, 0.000420196, 4.5887e-05, 0.0239634))
({x3, x7}, (0.00352801, 0.02388, 0.972173, 0.000418733)) == ({x3, x7}, (0.00352801, 0.02388, 0.972173, 0.000418733))
({x3, x8}, (0.97561, 0.000420213, 4.96256e-06, 0.0239644)) == ({x3, x8}, (0.97561, 0.000420213, 4.96256e-06, 0.0239644))
({x3, x9}, (4.96256e-06, 0.0239644, 0.97561, 0.000420213)) == ({x3, x9}, (4.96256e-06, 0.0239644, 0.97561, 0.000420213))
({x4, x5}, (0.0239743, 1.06853e-05, 7.40373e-07, 0.976014)) == ({x4, x5}, (0.0239743, 1.06853e-05, 7.40373e-07, 0.976014))
({x4, x6}, (0.000420196, 0.975571, 0.0239634, 4.5887e-05)) == ({x4, x6}, (0.000420196, 0.975571, 0.0239634, 4.5887e-05))
({x4, x7}, (0.02388, 0.00352801, 0.000418733, 0.972173)) == ({x4, x7}, (0.02388, 0.00352801, 0.000418733, 0.972173))
({x4, x8}, (0.000420213, 0.97561, 0.0239644, 4.96256e-06)) == ({x4, x8}, (0.000420213, 0.97561, 0.0239644, 4.96256e-06))
({x4, x9}, (0.0239644, 4.96256e-06, 0.000420213, 0.97561)) == ({x4, x9}, (0.0239644, 4.96256e-06, 0.000420213, 0.97561))
({x5, x6}, (0.000420196, 0.975571, 0.0239634, 4.5887e-05)) == ({x5, x6}, (0.000420196, 0.975571, 0.0239634, 4.5887e-05))
({x5, x7}, (0.02388, 0.00352801, 0.000418733, 0.972173)) == ({x5, x7}, (0.02388, 0.00352801, 0.000418733, 0.972173))
({x5, x8}, (0.000420213, 0.97561, 0.0239644, 4.96256e-06)) == ({x5, x8}, (0.000420213, 0.97561, 0.0239644, 4.96256e-06))
({x5, x9}, (0.0239644, 4.96256e-06, 0.000420213, 0.97561)) == ({x5, x9}, (0.0239644, 4.96256e-06, 0.000420213, 0.97561))
({x6, x7}, (0.00352863, 0.0238842, 0.972344, 0.000242888)) == ({x6, x7}, (0.00352863, 0.0238842, 0.972344, 0.000242888))
({x6, x8}, (0.975938, 4.59043e-05, 4.37875e-05, 0.0239724)) == ({x6, x8}, (0.975938, 4.59043e-05, 4.37875e-05, 0.0239724))
({x6, x9}, (4.37875e-05, 0.0239724, 0.975938, 4.59043e-05)) == ({x6, x9}, (4.37875e-05, 0.0239724, 0.975938, 4.59043e-05))
({x7, x8}, (0.00352863, 0.972344, 0.0238842, 0.000242888)) == ({x7, x8}, (0.00352863, 0.972344, 0.0238842, 0.000242888))
({x7, x9}, (0.0238842, 0.000242888, 0.00352863, 0.972344)) == ({x7, x9}, (0.0238842, 0.000242888, 0.00352863, 0.972344))
({x8, x9}, (1.24029e-08, 0.0239746, 0.976025, 5.74661e-07)) == ({x8, x9}, (1.24029e-08, 0.0239746, 0.976025, 5.74661e-07))
Exact MAP state (log score = 52.4533):
x0: 1
x1: 1
x2: 1
x3: 0
x4: 1
x5: 1
x6: 0
x7: 1
x8: 0
x9: 1
