Builtin inference algorithms: {BP, EXACT, FBP, JTREE, TRWBP}

Exact variable marginals:
({x0}, (0.696577, 0.303423))
({x1}, (0.303279, 0.696721))
({x2}, (0.696721, 0.303279))
({x3}, (0.303279, 0.696721))
({x4}, (0.30265, 0.69735))
({x5}, (0.696298, 0.303702))
({x6}, (0.303636, 0.696364))
({x7}, (0.30328, 0.69672))
({x8}, (0.696721, 0.303279))
({x9}, (0.303279, 0.696721))
Exact factor marginals:
({x0}, (0.696577, 0.303423))
({x1}, (0.303279, 0.696721))
({x2}, (0.696721, 0.303279))
({x3}, (0.303279, 0.696721))
({x4}, (0.30265, 0.69735))
({x5}, (0.696298, 0.303702))
({x6}, (0.303636, 0.696364))
({x7}, (0.30328, 0.69672))
({x8}, (0.696721, 0.303279))
({x9}, (0.303279, 0.696721))
({x0, x1}, (3.80022e-06, 0.303275, 0.696574, 0.000147314))
({x0, x2}, (0.696574, 0.000147156, 3.85988e-06, 0.303275))
({x0, x3}, (3.77811e-06, 0.303275, 0.696574, 0.00014726))
({x0, x4}, (0.000596933, 0.302053, 0.695981, 0.00136942))
({x0, x5}, (0.696135, 0.000163583, 0.000442667, 0.303259))
({x0, x6}, (0.000367233, 0.303269, 0.69621, 0.000153403))
({x0, x7}, (3.83901e-06, 0.303276, 0.696574, 0.00014616))
({x0, x8}, (0.696574, 0.000147357, 3.80316e-06, 0.303275))
({x0, x9}, (3.77822e-06, 0.303275, 0.696574, 0.000147288))
({x1, x2}, (6.70338e-08, 0.696721, 0.303279, 2.84744e-07))
({x1, x3}, (0.303279, 5.44977e-08, 2.2136e-08, 0.696721))
({x1, x4}, (0.302057, 0.000593207, 0.00122218, 0.696128))
({x1, x5}, (1.6269e-05, 0.696282, 0.303263, 0.000438867))
({x1, x6}, (0.303273, 0.000363558, 6.21373e-06, 0.696357))
({x1, x7}, (0.303279, 1.27466e-06, 8.16194e-08, 0.69672))
({x1, x8}, (4.29119e-08, 0.696721, 0.303279, 3.25994e-09))
({x1, x9}, (0.303279, 5.13041e-08, 4.68271e-08, 0.696721))
({x2, x3}, (4.49231e-08, 0.303279, 0.696721, 2.30272e-07))
({x2, x4}, (0.000593157, 0.302057, 0.696128, 0.00122235))
({x2, x5}, (0.696282, 1.64951e-05, 0.000438875, 0.303263))
({x2, x6}, (0.000363419, 0.303273, 0.696357, 6.29203e-06))
({x2, x7}, (1.1347e-06, 0.303279, 0.69672, 1.59369e-07))
({x2, x8}, (0.696721, 3.2733e-07, 6.99678e-08, 0.303279))
({x2, x9}, (4.48539e-08, 0.303279, 0.696721, 2.58088e-07))
({x3, x4}, (0.302057, 0.000593156, 0.00122217, 0.696128))
({x3, x5}, (1.63234e-05, 0.696282, 0.303263, 0.000438889))
({x3, x6}, (0.303273, 0.000363577, 6.26468e-06, 0.696357))
({x3, x7}, (0.303279, 1.29236e-06, 1.31681e-07, 0.69672))
({x3, x8}, (9.70583e-08, 0.696721, 0.303279, 2.50447e-08))
({x3, x9}, (0.303279, 3.50095e-10, 2.82348e-08, 0.696721))
({x4, x5}, (0.000609422, 0.695689, 0.302041, 0.001661))
({x4, x6}, (0.302051, 0.00158574, 0.00059942, 0.695764))
({x4, x7}, (0.302057, 0.00122346, 0.000593287, 0.696126))
({x4, x8}, (0.000593204, 0.696128, 0.302057, 0.00122214))
({x4, x9}, (0.302057, 0.00122214, 0.000593155, 0.696128))
({x5, x6}, (1.07413e-05, 0.303626, 0.696288, 7.59945e-05))
({x5, x7}, (1.74537e-05, 0.303263, 0.696281, 0.000438859))
({x5, x8}, (0.696282, 0.000438868, 1.62299e-05, 0.303263))
({x5, x9}, (1.62998e-05, 0.303263, 0.696282, 0.000438893))
({x6, x7}, (0.303273, 7.24961e-06, 0.000363401, 0.696356))
({x6, x8}, (0.000363601, 0.696357, 0.303273, 6.21658e-06))
({x6, x9}, (0.303273, 6.26502e-06, 0.000363605, 0.696357))
({x7, x8}, (1.31725e-06, 0.69672, 0.303279, 8.45591e-08))
({x7, x9}, (0.303279, 1.3203e-07, 1.3206e-06, 0.69672))
({x8, x9}, (7.33311e-08, 0.303279, 0.696721, 2.92022e-08))
Exact log partition sum: 78.7706
Exact MAP variable marginals:
({x0}, (0.69723, 0.30277))
({x1}, (0.30277, 0.69723))
({x2}, (0.69723, 0.30277))
({x3}, (0.30277, 0.69723))
({x4}, (0.30277, 0.69723))
({x5}, (0.69723, 0.30277))
({x6}, (0.30277, 0.69723))
({x7}, (0.30277, 0.69723))
({x8}, (0.69723, 0.30277))
({x9}, (0.30277, 0.69723))
Exact MAP factor marginals:
({x0}, (0.69723, 0.30277)) == ({x0}, (0.69723, 0.30277))
({x1}, (0.30277, 0.69723)) == ({x1}, (0.30277, 0.69723))
({x2}, (0.69723, 0.30277)) == ({x2}, (0.69723, 0.30277))
({x3}, (0.30277, 0.69723)) == ({x3}, (0.30277, 0.69723))
({x4}, (0.30277, 0.69723)) == ({x4}, (0.30277, 0.69723))
({x5}, (0.69723, 0.30277)) == ({x5}, (0.69723, 0.30277))
({x6}, (0.30277, 0.69723)) == ({x6}, (0.30277, 0.69723))
({x7}, (0.30277, 0.69723)) == ({x7}, (0.30277, 0.69723))
({x8}, (0.69723, 0.30277)) == ({x8}, (0.69723, 0.30277))
({x9}, (0.30277, 0.69723)) == ({x9}, (0.30277, 0.69723))
({x0, x1}, (3.71749e-06, 0.302725, 0.697125, 0.000146429)) == ({x0, x1}, (3.71749e-06, 0.302725, 0.697125, 0.000146429))
({x0, x2}, (0.697125, 0.000146429, 3.71749e-06, 0.302725)) == ({x0, x2}, (0.697125, 0.000146429, 3.71749e-06, 0.302725))
({x0, x3}, (3.71749e-06, 0.302725, 0.697125, 0.000146429)) == ({x0, x3}, (3.71749e-06, 0.302725, 0.697125, 0.000146429))
({x0, x4}, (0.000593495, 0.30222, 0.695963, 0.00122282)) == ({x0, x4}, (0.000593495, 0.30222, 0.695963, 0.00122282))
({x0, x5}, (0.696874, 0.000146376, 0.000363491, 0.302616)) == ({x0, x5}, (0.696874, 0.000146376, 0.000363491, 0.302616))
({x0, x6}, (0.000363491, 0.302616, 0.696874, 0.000146376)) == ({x0, x6}, (0.000363491, 0.302616, 0.696874, 0.000146376))
({x0, x7}, (3.71749e-06, 0.302725, 0.697125, 0.000146429)) == ({x0, x7}, (3.71749e-06, 0.302725, 0.697125, 0.000146429))
({x0, x8}, (0.697125, 0.000146429, 3.71749e-06, 0.302725)) == ({x0, x8}, (0.697125, 0.000146429, 3.71749e-06, 0.302725))
({x0, x9}, (3.71749e-06, 0.302725, 0.697125, 0.000146429)) == ({x0, x9}, (3.71749e-06, 0.302725, 0.697125, 0.000146429))
({x1, x2}, (3.30115e-08, 0.69723, 0.30277, 1.20547e-07)) == ({x1, x2}, (3.30115e-08, 0.69723, 0.30277, 1.20547e-07))
({x1, x3}, (0.30277, 5.07569e-08, 2.15472e-08, 0.69723)) == ({x1, x3}, (0.30277, 5.07569e-08, 2.15472e-08, 0.69723))
({x1, x4}, (0.30222, 0.000593495, 0.00122282, 0.695963)) == ({x1, x4}, (0.30222, 0.000593495, 0.00122282, 0.695963))
({x1, x5}, (1.00664e-05, 0.696969, 0.302657, 0.000363541)) == ({x1, x5}, (1.00664e-05, 0.696969, 0.302657, 0.000363541))
({x1, x6}, (0.302658, 0.000363542, 6.18711e-06, 0.696972)) == ({x1, x6}, (0.302658, 0.000363542, 6.18711e-06, 0.696972))
({x1, x7}, (0.30277, 1.02119e-06, 6.50561e-08, 0.697229)) == ({x1, x7}, (0.30277, 1.02119e-06, 6.50561e-08, 0.697229))
({x1, x8}, (2.03628e-08, 0.69723, 0.30277, 2.47769e-09)) == ({x1, x8}, (2.03628e-08, 0.69723, 0.30277, 2.47769e-09))
({x1, x9}, (0.30277, 5.07569e-08, 2.15472e-08, 0.69723)) == ({x1, x9}, (0.30277, 5.07569e-08, 2.15472e-08, 0.69723))
({x2, x3}, (3.30115e-08, 0.30277, 0.69723, 1.20547e-07)) == ({x2, x3}, (3.30115e-08, 0.30277, 0.69723, 1.20547e-07))
({x2, x4}, (0.000593495, 0.30222, 0.695963, 0.00122282)) == ({x2, x4}, (0.000593495, 0.30222, 0.695963, 0.00122282))
({x2, x5}, (0.696969, 1.00664e-05, 0.000363541, 0.302657)) == ({x2, x5}, (0.696969, 1.00664e-05, 0.000363541, 0.302657))
({x2, x6}, (0.000363542, 0.302658, 0.696972, 6.18711e-06)) == ({x2, x6}, (0.000363542, 0.302658, 0.696972, 6.18711e-06))
({x2, x7}, (1.02119e-06, 0.30277, 0.697229, 6.50561e-08)) == ({x2, x7}, (1.02119e-06, 0.30277, 0.697229, 6.50561e-08))
({x2, x8}, (0.69723, 1.20547e-07, 3.30115e-08, 0.30277)) == ({x2, x8}, (0.69723, 1.20547e-07, 3.30115e-08, 0.30277))
({x2, x9}, (3.30115e-08, 0.30277, 0.69723, 1.20547e-07)) == ({x2, x9}, (3.30115e-08, 0.30277, 0.69723, 1.20547e-07))
({x3, x4}, (0.30222, 0.000593495, 0.00122282, 0.695963)) == ({x3, x4}, (0.30222, 0.000593495, 0.00122282, 0.695963))
({x3, x5}, (1.00664e-05, 0.696969, 0.302657, 0.000363541)) == ({x3, x5}, (1.00664e-05, 0.696969, 0.302657, 0.000363541))
({x3, x6}, (0.302658, 0.000363542, 6.18711e-06, 0.696972)) == ({x3, x6}, (0.302658, 0.000363542, 6.18711e-06, 0.696972))
({x3, x7}, (0.30277, 1.02119e-06, 6.50561e-08, 0.697229)) == ({x3, x7}, (0.30277, 1.02119e-06, 6.50561e-08, 0.697229))
({x3, x8}, (5.07569e-08, 0.69723, 0.30277, 2.15472e-08)) == ({x3, x8}, (5.07569e-08, 0.69723, 0.30277, 2.15472e-08))
({x3, x9}, (0.30277, 1.61646e-10, 2.03628e-08, 0.69723)) == ({x3, x9}, (0.30277, 1.61646e-10, 2.03628e-08, 0.69723))
({x4, x5}, (0.000593495, 0.695963, 0.30222, 0.00122282)) == ({x4, x5}, (0.000593495, 0.695963, 0.30222, 0.00122282))
({x4, x6}, (0.30222, 0.00122282, 0.000593495, 0.695963)) == ({x4, x6}, (0.30222, 0.00122282, 0.000593495, 0.695963))
({x4, x7}, (0.30222, 0.00122282, 0.000593495, 0.695963)) == ({x4, x7}, (0.30222, 0.00122282, 0.000593495, 0.695963))
({x4, x8}, (0.000593495, 0.695963, 0.30222, 0.00122282)) == ({x4, x8}, (0.000593495, 0.695963, 0.30222, 0.00122282))
({x4, x9}, (0.30222, 0.00122282, 0.000593495, 0.695963)) == ({x4, x9}, (0.30222, 0.00122282, 0.000593495, 0.695963))
({x5, x6}, (1.00693e-05, 0.302744, 0.69717, 7.61283e-05)) == ({x5, x6}, (1.00693e-05, 0.302744, 0.69717, 7.61283e-05))
({x5, x7}, (1.00664e-05, 0.302657, 0.696969, 0.000363541)) == ({x5, x7}, (1.00664e-05, 0.302657, 0.696969, 0.000363541))
({x5, x8}, (0.696969, 0.000363541, 1.00664e-05, 0.302657)) == ({x5, x8}, (0.696969, 0.000363541, 1.00664e-05, 0.302657))
({x5, x9}, (1.00664e-05, 0.302657, 0.696969, 0.000363541)) == ({x5, x9}, (1.00664e-05, 0.302657, 0.696969, 0.000363541))
({x6, x7}, (0.302658, 6.18711e-06, 0.000363542, 0.696972)) == ({x6, x7}, (0.302658, 6.18711e-06, 0.000363542, 0.696972))
({x6, x8}, (0.000363542, 0.696972, 0.302658, 6.18711e-06)) == ({x6, x8}, (0.000363542, 0.696972, 0.302658, 6.18711e-06))
({x6, x9}, (0.302658, 6.18711e-06, 0.000363542, 0.696972)) == ({x6, x9}, (0.302658, 6.18711e-06, 0.000363542, 0.696972))
({x7, x8}, (1.02119e-06, 0.697229, 0.30277, 6.50561e-08)) == ({x7, x8}, (1.02119e-06, 0.697229, 0.30277, 6.50561e-08))
({x7, x9}, (0.30277, 6.50561e-08, 1.02119e-06, 0.697229)) == ({x7, x9}, (0.30277, 6.50561e-08, 1.02119e-06, 0.697229))
({x8, x9}, (5.07569e-08, 0.30277, 0.69723, 2.15472e-08)) == ({x8, x9}, (5.07569e-08, 0.30277, 0.69723, 2.15472e-08))
Exact MAP state (log score = 78.4075):
x0: 0
x1: 1
x2: 0
x3: 1
x4: 1
x5: 0
x6: 1
x7: 1
x8: 0
x9: 1
