Builtin inference algorithms: {BP, EXACT, FBP, JTREE, TRWBP}

Exact variable marginals:
({x0}, (0.117645, 0.882355))
({x1}, (0.217211, 0.782789))
({x2}, (0.17069, 0.82931))
({x3}, (0.117593, 0.882407))
({x4}, (0.973584, 0.0264162))
({x5}, (0.11765, 0.88235))
({x6}, (0.882099, 0.117901))
({x7}, (0.0264213, 0.973579))
({x8}, (0.117658, 0.882342))
({x9}, (0.0266367, 0.973363))
Exact factor marginals:
({x0}, (0.117645, 0.882355))
({x1}, (0.217211, 0.782789))
({x2}, (0.17069, 0.82931))
({x3}, (0.117593, 0.882407))
({x4}, (0.973584, 0.0264162))
({x5}, (0.11765, 0.88235))
({x6}, (0.882099, 0.117901))
({x7}, (0.0264213, 0.973579))
({x8}, (0.117658, 0.882342))
({x9}, (0.0266367, 0.973363))
({x0, x1}, (0.116683, 0.100528, 0.000962008, 0.781827))
({x0, x2}, (0.117606, 0.0530833, 3.88249e-05, 0.829271))
({x0, x3}, (0.117591, 1.56821e-06, 5.43052e-05, 0.882353))
({x0, x4}, (0.0916086, 0.881975, 0.0260367, 0.000379551))
({x0, x5}, (0.117645, 5.06233e-06, 4.05992e-07, 0.88235))
({x0, x6}, (3.67256e-05, 0.882062, 0.117609, 0.000292724))
({x0, x7}, (0.0222258, 0.00419553, 0.0954195, 0.878159))
({x0, x8}, (0.117645, 1.30938e-05, 1.90371e-07, 0.882342))
({x0, x9}, (0.025948, 0.000688734, 0.0916973, 0.881666))
({x1, x2}, (0.11665, 0.0540393, 0.10056, 0.72875))
({x1, x3}, (0.116631, 0.00096194, 0.10058, 0.781827))
({x1, x4}, (0.191314, 0.78227, 0.0258969, 0.000519258))
({x1, x5}, (0.116683, 0.000966854, 0.100528, 0.781822))
({x1, x6}, (0.100238, 0.781861, 0.116973, 0.000928188))
({x1, x7}, (0.0220731, 0.00434823, 0.195138, 0.778441))
({x1, x8}, (0.116683, 0.000974991, 0.100528, 0.781814))
({x1, x9}, (0.0261507, 0.000486016, 0.19106, 0.782303))
({x2, x3}, (0.117552, 4.03826e-05, 0.0531376, 0.82927))
({x2, x4}, (0.144692, 0.828892, 0.0259978, 0.000418376))
({x2, x5}, (0.117611, 3.87981e-05, 0.0530786, 0.829271))
({x2, x6}, (0.0531171, 0.828982, 0.117573, 0.000328673))
({x2, x7}, (0.022187, 0.00423435, 0.148503, 0.825076))
({x2, x8}, (0.11762, 3.86361e-05, 0.0530702, 0.829272))
({x2, x9}, (0.0259093, 0.000727464, 0.14478, 0.828583))
({x3, x4}, (0.0915557, 0.882028, 0.0260368, 0.000379358))
({x3, x5}, (0.117591, 5.93579e-05, 1.96458e-06, 0.882348))
({x3, x6}, (3.82839e-05, 0.88206, 0.117554, 0.000347019))
({x3, x7}, (0.0222274, 0.00419397, 0.0953652, 0.878214))
({x3, x8}, (0.117591, 6.73889e-05, 1.74849e-06, 0.88234))
({x3, x9}, (0.0258972, 0.000739502, 0.0916953, 0.881668))
({x4, x5}, (0.0916136, 0.0260363, 0.88197, 0.000379894))
({x4, x6}, (0.881683, 0.00041623, 0.0919013, 0.026))
({x4, x7}, (0.00382898, 0.0225924, 0.969755, 0.00382385))
({x4, x8}, (0.0916217, 0.0260365, 0.881962, 0.000379742))
({x4, x9}, (0.000361303, 0.0262754, 0.973222, 0.000140767))
({x5, x6}, (3.97942e-05, 0.882059, 0.11761, 0.000291136))
({x5, x7}, (0.0222257, 0.00419566, 0.0954242, 0.878154))
({x5, x8}, (0.11765, 8.44451e-06, 1.97409e-07, 0.882342))
({x5, x9}, (0.0259481, 0.000688666, 0.0917018, 0.881661))
({x6, x7}, (0.00423225, 0.0221891, 0.877866, 0.0957122))
({x6, x8}, (4.70208e-05, 0.117611, 0.882052, 0.000290116))
({x6, x9}, (0.000400001, 0.0262367, 0.881699, 0.0916645))
({x7, x8}, (0.0222256, 0.0954325, 0.00419572, 0.878146))
({x7, x9}, (0.0225591, 0.00407763, 0.00386223, 0.969501))
({x8, x9}, (0.0259479, 0.00068883, 0.0917103, 0.881653))
Exact log partition sum: 45.468
Exact MAP variable marginals:
({x0}, (0.111348, 0.888652))
({x1}, (0.121437, 0.878563))
({x2}, (0.111348, 0.888652))
({x3}, (0.111348, 0.888652))
({x4}, (0.970554, 0.0294461))
({x5}, (0.111348, 0.888652))
({x6}, (0.888652, 0.111348))
({x7}, (0.0294461, 0.970554))
({x8}, (0.111348, 0.888652))
({x9}, (0.0294461, 0.970554))
Exact MAP factor marginals:
({x0}, (0.111348, 0.888652)) == ({x0}, (0.111348, 0.888652))
({x1}, (0.121437, 0.878563)) == ({x1}, (0.121437, 0.878563))
({x2}, (0.111348, 0.888652)) == ({x2}, (0.111348, 0.888652))
({x3}, (0.111348, 0.888652)) == ({x3}, (0.111348, 0.888652))
({x4}, (0.970554, 0.0294461)) == ({x4}, (0.970554, 0.0294461))
({x5}, (0.111348, 0.888652)) == ({x5}, (0.111348, 0.888652))
({x6}, (0.888652, 0.111348)) == ({x6}, (0.888652, 0.111348))
({x7}, (0.0294461, 0.970554)) == ({x7}, (0.0294461, 0.970554))
({x8}, (0.111348, 0.888652)) == ({x8}, (0.111348, 0.888652))
({x9}, (0.0294461, 0.970554)) == ({x9}, (0.0294461, 0.970554))
({x0, x1}, (0.0990848, 0.109304, 0.000826734, 0.790785)) == ({x0, x1}, (0.0990848, 0.109304, 0.000826734, 0.790785))
({x0, x2}, (0.104539, 0.0610987, 4.44843e-05, 0.834317)) == ({x0, x2}, (0.104539, 0.0610987, 4.44843e-05, 0.834317))
({x0, x3}, (0.111341, 1.44353e-06, 6.10486e-05, 0.888597)) == ({x0, x3}, (0.111341, 1.44353e-06, 6.10486e-05, 0.888597))
({x0, x4}, (0.108383, 0.864992, 0.0262434, 0.000381188)) == ({x0, x4}, (0.108383, 0.864992, 0.0262434, 0.000381188))
({x0, x5}, (0.111347, 3.83024e-06, 2.57717e-07, 0.888649)) == ({x0, x5}, (0.111347, 3.83024e-06, 2.57717e-07, 0.888649))
({x0, x6}, (4.48002e-05, 0.888298, 0.111303, 0.000353875)) == ({x0, x6}, (4.48002e-05, 0.888298, 0.111303, 0.000353875))
({x0, x7}, (0.0261342, 0.00454034, 0.107932, 0.861393)) == ({x0, x7}, (0.0261342, 0.00454034, 0.107932, 0.861393))
({x0, x8}, (0.111347, 8.92077e-06, 9.12413e-08, 0.888644)) == ({x0, x8}, (0.111347, 8.92077e-06, 9.12413e-08, 0.888644))
({x0, x9}, (0.0262434, 0.000381188, 0.108383, 0.864992)) == ({x0, x9}, (0.0262434, 0.000381188, 0.108383, 0.864992))
({x1, x2}, (0.0937341, 0.0547834, 0.103401, 0.748081)) == ({x1, x2}, (0.0937341, 0.0547834, 0.103401, 0.748081))
({x1, x3}, (0.0990848, 0.000826734, 0.109304, 0.790785)) == ({x1, x3}, (0.0990848, 0.000826734, 0.109304, 0.790785))
({x1, x4}, (0.118239, 0.85543, 0.0259533, 0.000376974)) == ({x1, x4}, (0.118239, 0.85543, 0.0259533, 0.000376974))
({x1, x5}, (0.0990848, 0.000826734, 0.109304, 0.790785)) == ({x1, x5}, (0.0990848, 0.000826734, 0.109304, 0.790785))
({x1, x6}, (0.109304, 0.790785, 0.0990848, 0.000826734)) == ({x1, x6}, (0.109304, 0.790785, 0.0990848, 0.000826734))
({x1, x7}, (0.0258465, 0.00449035, 0.117753, 0.85191)) == ({x1, x7}, (0.0258465, 0.00449035, 0.117753, 0.85191))
({x1, x8}, (0.0990848, 0.000826734, 0.109304, 0.790785)) == ({x1, x8}, (0.0990848, 0.000826734, 0.109304, 0.790785))
({x1, x9}, (0.0259533, 0.000376974, 0.118239, 0.85543)) == ({x1, x9}, (0.0259533, 0.000376974, 0.118239, 0.85543))
({x2, x3}, (0.104539, 4.44843e-05, 0.0610987, 0.834317)) == ({x2, x3}, (0.104539, 4.44843e-05, 0.0610987, 0.834317))
({x2, x4}, (0.108383, 0.864992, 0.0262434, 0.000381188)) == ({x2, x4}, (0.108383, 0.864992, 0.0262434, 0.000381188))
({x2, x5}, (0.104539, 4.44843e-05, 0.0610987, 0.834317)) == ({x2, x5}, (0.104539, 4.44843e-05, 0.0610987, 0.834317))
({x2, x6}, (0.0610811, 0.834077, 0.104509, 0.000332274)) == ({x2, x6}, (0.0610811, 0.834077, 0.104509, 0.000332274))
({x2, x7}, (0.0261342, 0.00454034, 0.107932, 0.861393)) == ({x2, x7}, (0.0261342, 0.00454034, 0.107932, 0.861393))
({x2, x8}, (0.104539, 4.44843e-05, 0.0610987, 0.834317)) == ({x2, x8}, (0.104539, 4.44843e-05, 0.0610987, 0.834317))
({x2, x9}, (0.0262434, 0.000381188, 0.108383, 0.864992)) == ({x2, x9}, (0.0262434, 0.000381188, 0.108383, 0.864992))
({x3, x4}, (0.108383, 0.864992, 0.0262434, 0.000381188)) == ({x3, x4}, (0.108383, 0.864992, 0.0262434, 0.000381188))
({x3, x5}, (0.111341, 6.10486e-05, 1.44353e-06, 0.888597)) == ({x3, x5}, (0.111341, 6.10486e-05, 1.44353e-06, 0.888597))
({x3, x6}, (4.48002e-05, 0.888298, 0.111303, 0.000353875)) == ({x3, x6}, (4.48002e-05, 0.888298, 0.111303, 0.000353875))
({x3, x7}, (0.0261342, 0.00454034, 0.107932, 0.861393)) == ({x3, x7}, (0.0261342, 0.00454034, 0.107932, 0.861393))
({x3, x8}, (0.111341, 6.10486e-05, 1.44353e-06, 0.888597)) == ({x3, x8}, (0.111341, 6.10486e-05, 1.44353e-06, 0.888597))
({x3, x9}, (0.0262434, 0.000381188, 0.108383, 0.864992)) == ({x3, x9}, (0.0262434, 0.000381188, 0.108383, 0.864992))
({x4, x5}, (0.108383, 0.0262434, 0.864992, 0.000381188)) == ({x4, x5}, (0.108383, 0.0262434, 0.864992, 0.000381188))
({x4, x6}, (0.864992, 0.000381188, 0.108383, 0.0262434)) == ({x4, x6}, (0.864992, 0.000381188, 0.108383, 0.0262434))
({x4, x7}, (0.00506463, 0.029152, 0.960862, 0.0049218)) == ({x4, x7}, (0.00506463, 0.029152, 0.960862, 0.0049218))
({x4, x8}, (0.108383, 0.0262434, 0.864992, 0.000381188)) == ({x4, x8}, (0.108383, 0.0262434, 0.864992, 0.000381188))
({x4, x9}, (0.000386441, 0.0294307, 0.970046, 0.000136757)) == ({x4, x9}, (0.000386441, 0.0294307, 0.970046, 0.000136757))
({x5, x6}, (4.48002e-05, 0.888298, 0.111303, 0.000353875)) == ({x5, x6}, (4.48002e-05, 0.888298, 0.111303, 0.000353875))
({x5, x7}, (0.0261342, 0.00454034, 0.107932, 0.861393)) == ({x5, x7}, (0.0261342, 0.00454034, 0.107932, 0.861393))
({x5, x8}, (0.111347, 8.92077e-06, 9.88622e-08, 0.888644)) == ({x5, x8}, (0.111347, 8.92077e-06, 9.88622e-08, 0.888644))
({x5, x9}, (0.0262434, 0.000381188, 0.108383, 0.864992)) == ({x5, x9}, (0.0262434, 0.000381188, 0.108383, 0.864992))
({x6, x7}, (0.00454034, 0.0261342, 0.861393, 0.107932)) == ({x6, x7}, (0.00454034, 0.0261342, 0.861393, 0.107932))
({x6, x8}, (4.48002e-05, 0.111303, 0.888298, 0.000353875)) == ({x6, x8}, (4.48002e-05, 0.111303, 0.888298, 0.000353875))
({x6, x9}, (0.000381188, 0.0262434, 0.864992, 0.108383)) == ({x6, x9}, (0.000381188, 0.0262434, 0.864992, 0.108383))
({x7, x8}, (0.0261342, 0.107932, 0.00454034, 0.861393)) == ({x7, x8}, (0.0261342, 0.107932, 0.00454034, 0.861393))
({x7, x9}, (0.029152, 0.0049218, 0.00506463, 0.960862)) == ({x7, x9}, (0.029152, 0.0049218, 0.00506463, 0.960862))
({x8, x9}, (0.0262434, 0.000381188, 0.108383, 0.864992)) == ({x8, x9}, (0.0262434, 0.000381188, 0.108383, 0.864992))
Exact MAP state (log score = 45.1458):
x0: 1
x1: 1
x2: 1
x3: 1
x4: 0
x5: 1
x6: 0
x7: 1
x8: 1
x9: 1
