Builtin inference algorithms: {BP, EXACT, FBP, JTREE, TRWBP}

Exact variable marginals:
({x0}, (0.808034, 0.191966))
({x1}, (0.216083, 0.783917))
({x2}, (0.153561, 0.846439))
({x3}, (0.153891, 0.846109))
({x4}, (0.151278, 0.848722))
({x5}, (0.148779, 0.851221))
({x6}, (0.82662, 0.17338))
({x7}, (0.475569, 0.524431))
({x8}, (0.137447, 0.862553))
({x9}, (0.522899, 0.477101))
Exact factor marginals:
({x0}, (0.808034, 0.191966))
({x1}, (0.216083, 0.783917))
({x2}, (0.153561, 0.846439))
({x3}, (0.153891, 0.846109))
({x4}, (0.151278, 0.848722))
({x5}, (0.148779, 0.851221))
({x6}, (0.82662, 0.17338))
({x7}, (0.475569, 0.524431))
({x8}, (0.137447, 0.862553))
({x9}, (0.522899, 0.477101))
({x0, x1}, (0.0262187, 0.189864, 0.781815, 0.00210192))
({x0, x2}, (0.000322547, 0.153238, 0.807712, 0.0387278))
({x0, x3}, (7.51124e-05, 0.153816, 0.807959, 0.03815))
({x0, x4}, (0.00172539, 0.149553, 0.806309, 0.0424133))
({x0, x5}, (0.00117855, 0.1476, 0.806856, 0.0443659))
({x0, x6}, (0.76369, 0.06293, 0.0443437, 0.129036))
({x0, x7}, (0.347027, 0.128542, 0.461007, 0.0634239))
({x0, x8}, (0.00370221, 0.133744, 0.804332, 0.0582216))
({x0, x9}, (0.410517, 0.112382, 0.397517, 0.079584))
({x1, x2}, (0.151165, 0.00239565, 0.0649176, 0.781522))
({x1, x3}, (0.15175, 0.00214153, 0.0643331, 0.781776))
({x1, x4}, (0.14746, 0.00381846, 0.0686232, 0.780099))
({x1, x5}, (0.145861, 0.00291788, 0.070222, 0.780999))
({x1, x6}, (0.0614274, 0.765193, 0.154655, 0.0187244))
({x1, x7}, (0.12676, 0.348809, 0.0893222, 0.435109))
({x1, x8}, (0.13202, 0.00542682, 0.084063, 0.778491))
({x1, x9}, (0.110334, 0.412565, 0.105749, 0.371352))
({x2, x3}, (0.153277, 0.000614029, 0.000283651, 0.845825))
({x2, x4}, (0.14964, 0.0016383, 0.00392103, 0.844801))
({x2, x5}, (0.147052, 0.00172638, 0.00650854, 0.844713))
({x2, x6}, (0.0303452, 0.796275, 0.123215, 0.0501642))
({x2, x7}, (0.128858, 0.346711, 0.0247024, 0.499728))
({x2, x8}, (0.133166, 0.00428097, 0.0203952, 0.842158))
({x2, x9}, (0.112699, 0.4102, 0.0408617, 0.43624))
({x3, x4}, (0.149584, 0.00169423, 0.00430733, 0.844415))
({x3, x5}, (0.147661, 0.00111719, 0.00622974, 0.844992))
({x3, x6}, (0.030529, 0.796091, 0.123362, 0.0500176))
({x3, x7}, (0.128603, 0.346966, 0.0252878, 0.499143))
({x3, x8}, (0.133779, 0.00366781, 0.0201124, 0.842441))
({x3, x9}, (0.112443, 0.410455, 0.0414478, 0.435653))
({x4, x5}, (0.145968, 0.00281025, 0.00530969, 0.845912))
({x4, x6}, (0.0312427, 0.795378, 0.120035, 0.0533443))
({x4, x7}, (0.129756, 0.345813, 0.0215223, 0.502909))
({x4, x8}, (0.132932, 0.00451499, 0.0183464, 0.844207))
({x4, x9}, (0.113596, 0.409302, 0.0376817, 0.43942))
({x5, x6}, (0.0316435, 0.794977, 0.117135, 0.0562446))
({x5, x7}, (0.125526, 0.350043, 0.0232523, 0.501178))
({x5, x8}, (0.134868, 0.00257849, 0.0139105, 0.848643))
({x5, x9}, (0.109078, 0.41382, 0.0397001, 0.437401))
({x6, x7}, (0.377056, 0.0985131, 0.449564, 0.0748665))
({x6, x8}, (0.0216074, 0.115839, 0.805013, 0.0575405))
({x6, x9}, (0.440544, 0.0823544, 0.386076, 0.0910253))
({x7, x8}, (0.1128, 0.0246469, 0.36277, 0.499784))
({x7, x9}, (0.45912, 0.0637787, 0.0164492, 0.460652))
({x8, x9}, (0.0982952, 0.424603, 0.0391513, 0.43795))
Exact log partition sum: 24.0105
Exact MAP variable marginals:
({x0}, (0.818401, 0.181599))
({x1}, (0.181599, 0.818401))
({x2}, (0.181599, 0.818401))
({x3}, (0.181599, 0.818401))
({x4}, (0.181599, 0.818401))
({x5}, (0.181599, 0.818401))
({x6}, (0.818401, 0.181599))
({x7}, (0.494477, 0.505523))
({x8}, (0.181599, 0.818401))
({x9}, (0.494477, 0.505523))
Exact MAP factor marginals:
({x0}, (0.818401, 0.181599)) == ({x0}, (0.818401, 0.181599))
({x1}, (0.181599, 0.818401)) == ({x1}, (0.181599, 0.818401))
({x2}, (0.181599, 0.818401)) == ({x2}, (0.181599, 0.818401))
({x3}, (0.181599, 0.818401)) == ({x3}, (0.181599, 0.818401))
({x4}, (0.181599, 0.818401)) == ({x4}, (0.181599, 0.818401))
({x5}, (0.181599, 0.818401)) == ({x5}, (0.181599, 0.818401))
({x6}, (0.818401, 0.181599)) == ({x6}, (0.818401, 0.181599))
({x7}, (0.494477, 0.505523)) == ({x7}, (0.494477, 0.505523))
({x8}, (0.181599, 0.818401)) == ({x8}, (0.181599, 0.818401))
({x9}, (0.494477, 0.505523)) == ({x9}, (0.494477, 0.505523))
({x0, x1}, (0.0560284, 0.170632, 0.768973, 0.00436668)) == ({x0, x1}, (0.0560284, 0.170632, 0.768973, 0.00436668))
({x0, x2}, (0.000322393, 0.16882, 0.760809, 0.0700479)) == ({x0, x2}, (0.000322393, 0.16882, 0.760809, 0.0700479))
({x0, x3}, (7.44263e-05, 0.168862, 0.760998, 0.0700653)) == ({x0, x3}, (7.44263e-05, 0.168862, 0.760998, 0.0700653))
({x0, x4}, (0.00279042, 0.168403, 0.758931, 0.069875)) == ({x0, x4}, (0.00279042, 0.168403, 0.758931, 0.069875))
({x0, x5}, (0.00116309, 0.168678, 0.76017, 0.069989)) == ({x0, x5}, (0.00116309, 0.168678, 0.76017, 0.069989))
({x0, x6}, (0.72107, 0.0663891, 0.0525381, 0.160002)) == ({x0, x6}, (0.72107, 0.0663891, 0.0525381, 0.160002))
({x0, x7}, (0.426746, 0.0968081, 0.436278, 0.0401682)) == ({x0, x7}, (0.426746, 0.0968081, 0.436278, 0.0401682))
({x0, x8}, (0.00243927, 0.168463, 0.759198, 0.0698996)) == ({x0, x8}, (0.00243927, 0.168463, 0.759198, 0.0698996))
({x0, x9}, (0.426746, 0.0968081, 0.436278, 0.0401682)) == ({x0, x9}, (0.426746, 0.0968081, 0.436278, 0.0401682))
({x1, x2}, (0.168148, 0.00430312, 0.069769, 0.75778)) == ({x1, x2}, (0.168148, 0.00430312, 0.069769, 0.75778))
({x1, x3}, (0.168148, 0.00430312, 0.069769, 0.75778)) == ({x1, x3}, (0.168148, 0.00430312, 0.069769, 0.75778))
({x1, x4}, (0.168148, 0.00430312, 0.069769, 0.75778)) == ({x1, x4}, (0.168148, 0.00430312, 0.069769, 0.75778))
({x1, x5}, (0.168148, 0.00430312, 0.069769, 0.75778)) == ({x1, x5}, (0.168148, 0.00430312, 0.069769, 0.75778))
({x1, x6}, (0.0675223, 0.733378, 0.162733, 0.0363669)) == ({x1, x6}, (0.0675223, 0.733378, 0.162733, 0.0363669))
({x1, x7}, (0.0968081, 0.426746, 0.0401682, 0.436278)) == ({x1, x7}, (0.0968081, 0.426746, 0.0401682, 0.436278))
({x1, x8}, (0.168148, 0.00430312, 0.069769, 0.75778)) == ({x1, x8}, (0.168148, 0.00430312, 0.069769, 0.75778))
({x1, x9}, (0.0968081, 0.426746, 0.0401682, 0.436278)) == ({x1, x9}, (0.0968081, 0.426746, 0.0401682, 0.436278))
({x2, x3}, (0.181367, 0.000931125, 0.000346354, 0.817355)) == ({x2, x3}, (0.181367, 0.000931125, 0.000346354, 0.817355))
({x2, x4}, (0.180046, 0.00298334, 0.00557, 0.811401)) == ({x2, x4}, (0.180046, 0.00298334, 0.00557, 0.811401))
({x2, x5}, (0.179876, 0.0012403, 0.00825107, 0.810633)) == ({x2, x5}, (0.179876, 0.0012403, 0.00825107, 0.810633))
({x2, x6}, (0.035295, 0.745086, 0.165331, 0.0542879)) == ({x2, x6}, (0.035295, 0.745086, 0.165331, 0.0542879))
({x2, x7}, (0.0982066, 0.43291, 0.0263029, 0.44258)) == ({x2, x7}, (0.0982066, 0.43291, 0.0263029, 0.44258))
({x2, x8}, (0.176661, 0.00255797, 0.0246369, 0.796144)) == ({x2, x8}, (0.176661, 0.00255797, 0.0246369, 0.796144))
({x2, x9}, (0.0982066, 0.43291, 0.0263029, 0.44258)) == ({x2, x9}, (0.0982066, 0.43291, 0.0263029, 0.44258))
({x3, x4}, (0.180046, 0.00298334, 0.00557, 0.811401)) == ({x3, x4}, (0.180046, 0.00298334, 0.00557, 0.811401))
({x3, x5}, (0.179876, 0.0012403, 0.00825107, 0.810633)) == ({x3, x5}, (0.179876, 0.0012403, 0.00825107, 0.810633))
({x3, x6}, (0.035295, 0.745086, 0.165331, 0.0542879)) == ({x3, x6}, (0.035295, 0.745086, 0.165331, 0.0542879))
({x3, x7}, (0.0982066, 0.43291, 0.0263029, 0.44258)) == ({x3, x7}, (0.0982066, 0.43291, 0.0263029, 0.44258))
({x3, x8}, (0.176661, 0.00255797, 0.0246369, 0.796144)) == ({x3, x8}, (0.176661, 0.00255797, 0.0246369, 0.796144))
({x3, x9}, (0.0982066, 0.43291, 0.0263029, 0.44258)) == ({x3, x9}, (0.0982066, 0.43291, 0.0263029, 0.44258))
({x4, x5}, (0.179875, 0.00124199, 0.00825106, 0.810631)) == ({x4, x5}, (0.179875, 0.00124199, 0.00825106, 0.810631))
({x4, x6}, (0.035295, 0.745086, 0.165331, 0.0542879)) == ({x4, x6}, (0.035295, 0.745086, 0.165331, 0.0542879))
({x4, x7}, (0.0982066, 0.43291, 0.0263029, 0.44258)) == ({x4, x7}, (0.0982066, 0.43291, 0.0263029, 0.44258))
({x4, x8}, (0.176661, 0.00255797, 0.0246369, 0.796144)) == ({x4, x8}, (0.176661, 0.00255797, 0.0246369, 0.796144))
({x4, x9}, (0.0982066, 0.43291, 0.0263029, 0.44258)) == ({x4, x9}, (0.0982066, 0.43291, 0.0263029, 0.44258))
({x5, x6}, (0.035295, 0.745086, 0.165331, 0.0542879)) == ({x5, x6}, (0.035295, 0.745086, 0.165331, 0.0542879))
({x5, x7}, (0.0982066, 0.43291, 0.0263029, 0.44258)) == ({x5, x7}, (0.0982066, 0.43291, 0.0263029, 0.44258))
({x5, x8}, (0.176661, 0.00255797, 0.0246369, 0.796144)) == ({x5, x8}, (0.176661, 0.00255797, 0.0246369, 0.796144))
({x5, x9}, (0.0982066, 0.43291, 0.0263029, 0.44258)) == ({x5, x9}, (0.0982066, 0.43291, 0.0263029, 0.44258))
({x6, x7}, (0.430352, 0.0976263, 0.439965, 0.0320564)) == ({x6, x7}, (0.430352, 0.0976263, 0.439965, 0.0320564))
({x6, x8}, (0.035295, 0.165331, 0.745086, 0.0542879)) == ({x6, x8}, (0.035295, 0.165331, 0.745086, 0.0542879))
({x6, x9}, (0.430352, 0.0976263, 0.439965, 0.0320564)) == ({x6, x9}, (0.430352, 0.0976263, 0.439965, 0.0320564))
({x7, x8}, (0.0982066, 0.0263029, 0.43291, 0.44258)) == ({x7, x8}, (0.0982066, 0.0263029, 0.43291, 0.44258))
({x7, x9}, (0.444651, 0.0815824, 0.019183, 0.454584)) == ({x7, x9}, (0.444651, 0.0815824, 0.019183, 0.454584))
({x8, x9}, (0.0982066, 0.43291, 0.0263029, 0.44258)) == ({x8, x9}, (0.0982066, 0.43291, 0.0263029, 0.44258))
Exact MAP state (log score = 22.9663):
x0: 0
x1: 1
x2: 1
x3: 1
x4: 1
x5: 1
x6: 0
x7: 1
x8: 1
x9: 1
