Builtin inference algorithms: {BP, EXACT, FBP, JTREE, TRWBP}

Exact variable marginals:
({x0}, (0.712518, 0.287482))
({x1}, (0.289211, 0.710789))
({x2}, (0.715362, 0.284638))
({x3}, (0.740346, 0.259654))
({x4}, (0.710803, 0.289197))
({x5}, (0.711035, 0.288965))
({x6}, (0.288955, 0.711045))
({x7}, (0.710949, 0.289051))
({x8}, (0.710757, 0.289243))
({x9}, (0.710748, 0.289252))
Exact factor marginals:
({x0}, (0.712518, 0.287482))
({x1}, (0.289211, 0.710789))
({x2}, (0.715362, 0.284638))
({x3}, (0.740346, 0.259654))
({x4}, (0.710803, 0.289197))
({x5}, (0.711035, 0.288965))
({x6}, (0.288955, 0.711045))
({x7}, (0.710949, 0.289051))
({x8}, (0.710757, 0.289243))
({x9}, (0.710748, 0.289252))
({x0, x1}, (0.0687228, 0.220488, 0.643795, 0.0669933))
({x0, x2}, (0.712161, 0.00320132, 0.000357296, 0.28428))
({x0, x3}, (0.688667, 0.0516791, 0.023851, 0.235803))
({x0, x4}, (0.643795, 0.0670077, 0.0687231, 0.220474))
({x0, x5}, (0.643794, 0.0672406, 0.068724, 0.220241))
({x0, x6}, (0.0687282, 0.220227, 0.64379, 0.0672551))
({x0, x7}, (0.643541, 0.0674081, 0.0689773, 0.220074))
({x0, x8}, (0.643796, 0.0669609, 0.0687226, 0.220521))
({x0, x9}, (0.6438, 0.0669479, 0.0687181, 0.220534))
({x1, x2}, (0.0719182, 0.643444, 0.217293, 0.0673447))
({x1, x3}, (0.120371, 0.619975, 0.16884, 0.0908133))
({x1, x4}, (1.45414e-05, 0.710788, 0.289197, 4.24302e-07))
({x1, x5}, (0.00024726, 0.710788, 0.288964, 1.20519e-06))
({x1, x6}, (0.288949, 5.34541e-06, 0.000261752, 0.710783))
({x1, x7}, (0.000414832, 0.710534, 0.288796, 0.00025445))
({x1, x8}, (2.28497e-07, 0.710756, 0.289211, 3.24218e-05))
({x1, x9}, (6.09111e-06, 0.710742, 0.289205, 4.67326e-05))
({x2, x3}, (0.691864, 0.0484824, 0.0234984, 0.236155))
({x2, x4}, (0.643444, 0.0673591, 0.0719185, 0.217279))
({x2, x5}, (0.643443, 0.067592, 0.0719195, 0.217046))
({x2, x6}, (0.0719236, 0.217031, 0.643439, 0.0676064))
({x2, x7}, (0.64319, 0.0677595, 0.0721727, 0.216878))
({x2, x8}, (0.643444, 0.0673123, 0.071918, 0.217325))
({x2, x9}, (0.643448, 0.0673002, 0.0719144, 0.217337))
({x3, x4}, (0.61999, 0.0908129, 0.120356, 0.168841))
({x3, x5}, (0.620016, 0.0910187, 0.12033, 0.168635))
({x3, x6}, (0.120356, 0.168598, 0.61999, 0.0910552))
({x3, x7}, (0.619779, 0.0911704, 0.120568, 0.168483))
({x3, x8}, (0.619946, 0.0908103, 0.1204, 0.168843))
({x3, x9}, (0.61995, 0.0907985, 0.120397, 0.168855))
({x4, x5}, (0.710802, 0.000232868, 9.30345e-07, 0.288964))
({x4, x6}, (5.07058e-06, 0.28895, 0.710798, 0.00024736))
({x4, x7}, (0.710549, 0.00040044, 0.000254175, 0.288797))
({x4, x8}, (0.710756, 5.19022e-07, 4.68294e-05, 0.289197))
({x4, x9}, (0.710742, 6.38228e-06, 6.11408e-05, 0.289191))
({x5, x6}, (2.61604e-05, 0.288929, 0.711009, 3.65124e-05))
({x5, x7}, (0.710774, 0.000174834, 0.000260507, 0.28879))
({x5, x8}, (0.710755, 1.43332e-06, 0.000279681, 0.288964))
({x5, x9}, (0.710741, 7.18587e-06, 0.000293882, 0.288958))
({x6, x7}, (0.000157975, 0.710791, 0.288797, 0.000253999))
({x6, x8}, (5.57354e-06, 0.710751, 0.288949, 0.000294173))
({x6, x9}, (1.13375e-05, 0.710737, 0.288943, 0.000308386))
({x7, x8}, (0.710502, 0.000254678, 0.000447254, 0.288796))
({x7, x9}, (0.710488, 0.00026043, 0.000461454, 0.28879))
({x8, x9}, (0.71074, 7.83064e-06, 1.62788e-05, 0.289236))
Exact log partition sum: 34.2988
Exact MAP variable marginals:
({x0}, (0.786246, 0.213754))
({x1}, (0.213754, 0.786246))
({x2}, (0.786246, 0.213754))
({x3}, (0.786246, 0.213754))
({x4}, (0.786246, 0.213754))
({x5}, (0.786246, 0.213754))
({x6}, (0.213754, 0.786246))
({x7}, (0.786246, 0.213754))
({x8}, (0.786246, 0.213754))
({x9}, (0.786246, 0.213754))
Exact MAP factor marginals:
({x0}, (0.786246, 0.213754)) == ({x0}, (0.786246, 0.213754))
({x1}, (0.213754, 0.786246)) == ({x1}, (0.213754, 0.786246))
({x2}, (0.786246, 0.213754)) == ({x2}, (0.786246, 0.213754))
({x3}, (0.786246, 0.213754)) == ({x3}, (0.786246, 0.213754))
({x4}, (0.786246, 0.213754)) == ({x4}, (0.786246, 0.213754))
({x5}, (0.786246, 0.213754)) == ({x5}, (0.786246, 0.213754))
({x6}, (0.213754, 0.786246)) == ({x6}, (0.213754, 0.786246))
({x7}, (0.786246, 0.213754)) == ({x7}, (0.786246, 0.213754))
({x8}, (0.786246, 0.213754)) == ({x8}, (0.786246, 0.213754))
({x9}, (0.786246, 0.213754)) == ({x9}, (0.786246, 0.213754))
({x0, x1}, (0.074382, 0.182365, 0.670791, 0.0724614)) == ({x0, x1}, (0.074382, 0.182365, 0.670791, 0.0724614))
({x0, x2}, (0.782718, 0.00403714, 0.000450122, 0.212795)) == ({x0, x2}, (0.782718, 0.00403714, 0.000450122, 0.212795))
({x0, x3}, (0.720533, 0.0562669, 0.0273115, 0.195889)) == ({x0, x3}, (0.720533, 0.0562669, 0.0273115, 0.195889))
({x0, x4}, (0.670791, 0.0724614, 0.074382, 0.182365)) == ({x0, x4}, (0.670791, 0.0724614, 0.074382, 0.182365))
({x0, x5}, (0.670791, 0.0724614, 0.074382, 0.182365)) == ({x0, x5}, (0.670791, 0.0724614, 0.074382, 0.182365))
({x0, x6}, (0.074382, 0.182365, 0.670791, 0.0724614)) == ({x0, x6}, (0.074382, 0.182365, 0.670791, 0.0724614))
({x0, x7}, (0.670791, 0.0724614, 0.074382, 0.182365)) == ({x0, x7}, (0.670791, 0.0724614, 0.074382, 0.182365))
({x0, x8}, (0.670791, 0.0724614, 0.074382, 0.182365)) == ({x0, x8}, (0.670791, 0.0724614, 0.074382, 0.182365))
({x0, x9}, (0.670791, 0.0724614, 0.074382, 0.182365)) == ({x0, x9}, (0.670791, 0.0724614, 0.074382, 0.182365))
({x1, x2}, (0.074382, 0.670791, 0.182365, 0.0724614)) == ({x1, x2}, (0.074382, 0.670791, 0.182365, 0.0724614))
({x1, x3}, (0.074382, 0.670791, 0.182365, 0.0724614)) == ({x1, x3}, (0.074382, 0.670791, 0.182365, 0.0724614))
({x1, x4}, (1.84172e-05, 0.786231, 0.21375, 3.44146e-07)) == ({x1, x4}, (1.84172e-05, 0.786231, 0.21375, 3.44146e-07))
({x1, x5}, (0.000261004, 0.78604, 0.213698, 8.87614e-07)) == ({x1, x5}, (0.000261004, 0.78604, 0.213698, 8.87614e-07))
({x1, x6}, (0.213697, 4.48653e-06, 0.000261004, 0.786037)) == ({x1, x6}, (0.213697, 4.48653e-06, 0.000261004, 0.786037))
({x1, x7}, (0.000260924, 0.785797, 0.213632, 0.000310709)) == ({x1, x7}, (0.000260924, 0.785797, 0.213632, 0.000310709))
({x1, x8}, (1.39631e-07, 0.786217, 0.213746, 3.71645e-05)) == ({x1, x8}, (1.39631e-07, 0.786217, 0.213746, 3.71645e-05))
({x1, x9}, (7.25841e-06, 0.786211, 0.213744, 3.71643e-05)) == ({x1, x9}, (7.25841e-06, 0.786211, 0.213744, 3.71643e-05))
({x2, x3}, (0.720533, 0.0562669, 0.0273115, 0.195889)) == ({x2, x3}, (0.720533, 0.0562669, 0.0273115, 0.195889))
({x2, x4}, (0.670791, 0.0724614, 0.074382, 0.182365)) == ({x2, x4}, (0.670791, 0.0724614, 0.074382, 0.182365))
({x2, x5}, (0.670791, 0.0724614, 0.074382, 0.182365)) == ({x2, x5}, (0.670791, 0.0724614, 0.074382, 0.182365))
({x2, x6}, (0.074382, 0.182365, 0.670791, 0.0724614)) == ({x2, x6}, (0.074382, 0.182365, 0.670791, 0.0724614))
({x2, x7}, (0.670791, 0.0724614, 0.074382, 0.182365)) == ({x2, x7}, (0.670791, 0.0724614, 0.074382, 0.182365))
({x2, x8}, (0.670791, 0.0724614, 0.074382, 0.182365)) == ({x2, x8}, (0.670791, 0.0724614, 0.074382, 0.182365))
({x2, x9}, (0.670791, 0.0724614, 0.074382, 0.182365)) == ({x2, x9}, (0.670791, 0.0724614, 0.074382, 0.182365))
({x3, x4}, (0.670791, 0.0724614, 0.074382, 0.182365)) == ({x3, x4}, (0.670791, 0.0724614, 0.074382, 0.182365))
({x3, x5}, (0.670791, 0.0724614, 0.074382, 0.182365)) == ({x3, x5}, (0.670791, 0.0724614, 0.074382, 0.182365))
({x3, x6}, (0.074382, 0.182365, 0.670791, 0.0724614)) == ({x3, x6}, (0.074382, 0.182365, 0.670791, 0.0724614))
({x3, x7}, (0.670791, 0.0724614, 0.074382, 0.182365)) == ({x3, x7}, (0.670791, 0.0724614, 0.074382, 0.182365))
({x3, x8}, (0.670791, 0.0724614, 0.074382, 0.182365)) == ({x3, x8}, (0.670791, 0.0724614, 0.074382, 0.182365))
({x3, x9}, (0.670791, 0.0724614, 0.074382, 0.182365)) == ({x3, x9}, (0.670791, 0.0724614, 0.074382, 0.182365))
({x4, x5}, (0.78604, 0.000261004, 8.87614e-07, 0.213698)) == ({x4, x5}, (0.78604, 0.000261004, 8.87614e-07, 0.213698))
({x4, x6}, (4.48653e-06, 0.213697, 0.786037, 0.000261004)) == ({x4, x6}, (4.48653e-06, 0.213697, 0.786037, 0.000261004))
({x4, x7}, (0.785797, 0.000260924, 0.000310709, 0.213632)) == ({x4, x7}, (0.785797, 0.000260924, 0.000310709, 0.213632))
({x4, x8}, (0.786217, 3.4414e-07, 3.71645e-05, 0.213746)) == ({x4, x8}, (0.786217, 3.4414e-07, 3.71645e-05, 0.213746))
({x4, x9}, (0.786211, 7.25841e-06, 3.71643e-05, 0.213744)) == ({x4, x9}, (0.786211, 7.25841e-06, 3.71643e-05, 0.213744))
({x5, x6}, (1.85663e-05, 0.213741, 0.786199, 4.08853e-05)) == ({x5, x6}, (1.85663e-05, 0.213741, 0.786199, 4.08853e-05))
({x5, x7}, (0.785878, 0.000157427, 0.000310741, 0.213654)) == ({x5, x7}, (0.785878, 0.000157427, 0.000310741, 0.213654))
({x5, x8}, (0.78604, 8.87614e-07, 0.000261004, 0.213698)) == ({x5, x8}, (0.78604, 8.87614e-07, 0.000261004, 0.213698))
({x5, x9}, (0.786035, 7.25679e-06, 0.000261003, 0.213696)) == ({x5, x9}, (0.786035, 7.25679e-06, 0.000261003, 0.213696))
({x6, x7}, (0.000157427, 0.785878, 0.213654, 0.000310741)) == ({x6, x7}, (0.000157427, 0.785878, 0.213654, 0.000310741))
({x6, x8}, (4.48653e-06, 0.786037, 0.213697, 0.000261004)) == ({x6, x8}, (4.48653e-06, 0.786037, 0.213697, 0.000261004))
({x6, x9}, (7.25679e-06, 0.786035, 0.213696, 0.000261003)) == ({x6, x9}, (7.25679e-06, 0.786035, 0.213696, 0.000261003))
({x7, x8}, (0.785797, 0.000310709, 0.000260924, 0.213632)) == ({x7, x8}, (0.785797, 0.000310709, 0.000260924, 0.213632))
({x7, x9}, (0.785797, 0.000310709, 0.000260924, 0.213632)) == ({x7, x9}, (0.785797, 0.000310709, 0.000260924, 0.213632))
({x8, x9}, (0.786227, 7.25855e-06, 1.77171e-05, 0.213748)) == ({x8, x9}, (0.786227, 7.25855e-06, 1.77171e-05, 0.213748))
Exact MAP state (log score = 33.8203):
x0: 0
x1: 1
x2: 0
x3: 0
x4: 0
x5: 0
x6: 1
x7: 0
x8: 0
x9: 0
