Builtin inference algorithms: {BP, EXACT, FBP, JTREE, TRWBP}

Exact variable marginals:
({x0}, (0.814093, 0.185907))
({x1}, (0.0660197, 0.93398))
({x2}, (0.928141, 0.0718591))
({x3}, (0.177513, 0.822487))
({x4}, (0.437884, 0.562116))
({x5}, (0.0907419, 0.909258))
({x6}, (0.635646, 0.364354))
({x7}, (0.564116, 0.435884))
({x8}, (0.525324, 0.474676))
({x9}, (0.903348, 0.0966516))
Exact factor marginals:
({x0}, (0.814093, 0.185907))
({x1}, (0.0660197, 0.93398))
({x2}, (0.928141, 0.0718591))
({x3}, (0.177513, 0.822487))
({x4}, (0.437884, 0.562116))
({x5}, (0.0907419, 0.909258))
({x6}, (0.635646, 0.364354))
({x7}, (0.564116, 0.435884))
({x8}, (0.525324, 0.474676))
({x9}, (0.903348, 0.0966516))
({x0, x1}, (0.0550049, 0.0110148, 0.759088, 0.174892))
({x0, x2}, (0.7797, 0.148441, 0.0343931, 0.037466))
({x0, x3}, (0.167562, 0.00995045, 0.646531, 0.175956))
({x0, x4}, (0.388276, 0.0496089, 0.425818, 0.136298))
({x0, x5}, (0.0589725, 0.0317694, 0.755121, 0.154137))
({x0, x6}, (0.522761, 0.112885, 0.291332, 0.0730216))
({x0, x7}, (0.437389, 0.126727, 0.376705, 0.0591794))
({x0, x8}, (0.385706, 0.139617, 0.428387, 0.0462894))
({x0, x9}, (0.732459, 0.17089, 0.0816346, 0.015017))
({x1, x2}, (0.0460067, 0.882134, 0.0200131, 0.051846))
({x1, x3}, (0.016825, 0.160688, 0.0491947, 0.773293))
({x1, x4}, (0.0231704, 0.414714, 0.0428493, 0.519266))
({x1, x5}, (0.0248846, 0.0658574, 0.0411352, 0.868123))
({x1, x6}, (0.0472367, 0.588409, 0.018783, 0.345571))
({x1, x7}, (0.0158246, 0.548291, 0.0501952, 0.385689))
({x1, x8}, (0.0544483, 0.470876, 0.0115714, 0.463105))
({x1, x9}, (0.0532667, 0.850082, 0.012753, 0.0838986))
({x2, x3}, (0.168887, 0.00862521, 0.759253, 0.0632339))
({x2, x4}, (0.4288, 0.00908405, 0.499341, 0.062775))
({x2, x5}, (0.0553304, 0.0354116, 0.872811, 0.0364475))
({x2, x6}, (0.610446, 0.0252001, 0.317695, 0.046659))
({x2, x7}, (0.52402, 0.0400957, 0.404121, 0.0317634))
({x2, x8}, (0.460724, 0.0645997, 0.467417, 0.00725939))
({x2, x9}, (0.839269, 0.064079, 0.0888715, 0.00778009))
({x3, x4}, (0.101332, 0.336552, 0.0761806, 0.485935))
({x3, x5}, (0.0279656, 0.0627764, 0.149547, 0.759711))
({x3, x6}, (0.0622735, 0.573373, 0.115239, 0.249115))
({x3, x7}, (0.0775839, 0.486532, 0.0999287, 0.335955))
({x3, x8}, (0.0636775, 0.461646, 0.113835, 0.360841))
({x3, x9}, (0.157213, 0.746135, 0.0202993, 0.0763523))
({x4, x5}, (0.01134, 0.0794019, 0.426544, 0.482714))
({x4, x6}, (0.283295, 0.352351, 0.154589, 0.209765))
({x4, x7}, (0.193153, 0.370963, 0.244731, 0.191153))
({x4, x8}, (0.12977, 0.395554, 0.308114, 0.166562))
({x4, x9}, (0.356728, 0.546621, 0.0811567, 0.015495))
({x5, x6}, (0.0288626, 0.606784, 0.0618794, 0.302474))
({x5, x7}, (0.0468801, 0.517236, 0.0438618, 0.392022))
({x5, x8}, (0.0748701, 0.450454, 0.0158718, 0.458804))
({x5, x9}, (0.0840021, 0.819346, 0.00673985, 0.0899118))
({x6, x7}, (0.385694, 0.178422, 0.249952, 0.185932))
({x6, x8}, (0.30902, 0.216304, 0.326627, 0.14805))
({x6, x9}, (0.584193, 0.319156, 0.0514535, 0.0451981))
({x7, x8}, (0.256565, 0.268759, 0.307551, 0.167125))
({x7, x9}, (0.516083, 0.387265, 0.0480328, 0.0486188))
({x8, x9}, (0.508842, 0.394506, 0.0164816, 0.08017))
Exact log partition sum: 11.5198
Exact MAP variable marginals:
({x0}, (0.684725, 0.315275))
({x1}, (0.0894753, 0.910525))
({x2}, (0.919028, 0.0809724))
({x3}, (0.209414, 0.790586))
({x4}, (0.482032, 0.517968))
({x5}, (0.0809724, 0.919028))
({x6}, (0.716914, 0.283086))
({x7}, (0.612544, 0.387456))
({x8}, (0.511286, 0.488714))
({x9}, (0.833218, 0.166782))
Exact MAP factor marginals:
({x0}, (0.684725, 0.315275)) == ({x0}, (0.684725, 0.315275))
({x1}, (0.0894753, 0.910525)) == ({x1}, (0.0894753, 0.910525))
({x2}, (0.919028, 0.0809724)) == ({x2}, (0.919028, 0.0809724))
({x3}, (0.209414, 0.790586)) == ({x3}, (0.209414, 0.790586))
({x4}, (0.482032, 0.517968)) == ({x4}, (0.482032, 0.517968))
({x5}, (0.0809724, 0.919028)) == ({x5}, (0.0809724, 0.919028))
({x6}, (0.716914, 0.283086)) == ({x6}, (0.716914, 0.283086))
({x7}, (0.612544, 0.387456)) == ({x7}, (0.612544, 0.387456))
({x8}, (0.511286, 0.488714)) == ({x8}, (0.511286, 0.488714))
({x9}, (0.833218, 0.166782)) == ({x9}, (0.833218, 0.166782))
({x0, x1}, (0.0625018, 0.00860578, 0.636036, 0.292857)) == ({x0, x1}, (0.0625018, 0.00860578, 0.636036, 0.292857))
({x0, x2}, (0.63054, 0.290326, 0.0235796, 0.0555547)) == ({x0, x2}, (0.63054, 0.290326, 0.0235796, 0.0555547))
({x0, x3}, (0.152656, 0.00567657, 0.576311, 0.265357)) == ({x0, x3}, (0.152656, 0.00567657, 0.576311, 0.265357))
({x0, x4}, (0.370238, 0.0487403, 0.39784, 0.183182)) == ({x0, x4}, (0.370238, 0.0487403, 0.39784, 0.183182))
({x0, x5}, (0.0331162, 0.0550121, 0.624381, 0.287491)) == ({x0, x5}, (0.0331162, 0.0550121, 0.624381, 0.287491))
({x0, x6}, (0.490725, 0.22595, 0.193771, 0.0895544)) == ({x0, x6}, (0.490725, 0.22595, 0.193771, 0.0895544))
({x0, x7}, (0.446277, 0.205484, 0.282286, 0.0659529)) == ({x0, x7}, (0.446277, 0.205484, 0.282286, 0.0659529))
({x0, x8}, (0.3897, 0.179434, 0.372495, 0.0583722)) == ({x0, x8}, (0.3897, 0.179434, 0.372495, 0.0583722))
({x0, x9}, (0.587993, 0.270736, 0.117697, 0.0235748)) == ({x0, x9}, (0.587993, 0.270736, 0.117697, 0.0235748))
({x1, x2}, (0.0813253, 0.827588, 0.0181703, 0.072916)) == ({x1, x2}, (0.0813253, 0.827588, 0.0181703, 0.072916))
({x1, x3}, (0.0158512, 0.191238, 0.0709459, 0.721965)) == ({x1, x3}, (0.0158512, 0.191238, 0.0709459, 0.721965))
({x1, x4}, (0.0320085, 0.444004, 0.046884, 0.477104)) == ({x1, x4}, (0.0320085, 0.444004, 0.046884, 0.477104))
({x1, x5}, (0.0205696, 0.0727378, 0.0811266, 0.825566)) == ({x1, x5}, (0.0205696, 0.0727378, 0.0811266, 0.825566))
({x1, x6}, (0.0648594, 0.660027, 0.0144913, 0.260623)) == ({x1, x6}, (0.0648594, 0.660027, 0.0144913, 0.260623))
({x1, x7}, (0.0210124, 0.565626, 0.0555829, 0.357778)) == ({x1, x7}, (0.0210124, 0.565626, 0.0555829, 0.357778))
({x1, x8}, (0.0472282, 0.480607, 0.0127755, 0.459389)) == ({x1, x8}, (0.0472282, 0.480607, 0.0127755, 0.459389))
({x1, x9}, (0.0741635, 0.754708, 0.0200617, 0.151067)) == ({x1, x9}, (0.0741635, 0.754708, 0.0200617, 0.151067))
({x2, x3}, (0.192651, 0.0159684, 0.727301, 0.06408)) == ({x2, x3}, (0.192651, 0.0159684, 0.727301, 0.06408))
({x2, x4}, (0.459181, 0.00393279, 0.493413, 0.0434729)) == ({x2, x4}, (0.459181, 0.00393279, 0.493413, 0.0434729))
({x2, x5}, (0.0438743, 0.0728833, 0.827217, 0.056025)) == ({x2, x5}, (0.0438743, 0.0728833, 0.827217, 0.056025))
({x2, x6}, (0.651482, 0.0338694, 0.257249, 0.0573999)) == ({x2, x6}, (0.651482, 0.0338694, 0.257249, 0.0573999))
({x2, x7}, (0.570059, 0.050226, 0.360582, 0.0191326)) == ({x2, x7}, (0.570059, 0.050226, 0.360582, 0.0191326))
({x2, x8}, (0.487183, 0.042924, 0.465674, 0.00421827)) == ({x2, x8}, (0.487183, 0.042924, 0.465674, 0.00421827))
({x2, x9}, (0.773457, 0.0681466, 0.15482, 0.00357669)) == ({x2, x9}, (0.773457, 0.0681466, 0.15482, 0.00357669))
({x3, x4}, (0.114071, 0.400768, 0.0545162, 0.430645)) == ({x3, x4}, (0.114071, 0.400768, 0.0545162, 0.430645))
({x3, x5}, (0.0349408, 0.0628445, 0.188937, 0.713278)) == ({x3, x5}, (0.0349408, 0.0628445, 0.188937, 0.713278))
({x3, x6}, (0.0921839, 0.546959, 0.144881, 0.215976)) == ({x3, x6}, (0.0921839, 0.546959, 0.144881, 0.215976))
({x3, x7}, (0.0791063, 0.48534, 0.128559, 0.306994)) == ({x3, x7}, (0.0791063, 0.48534, 0.128559, 0.306994))
({x3, x8}, (0.0508975, 0.427382, 0.113207, 0.408513)) == ({x3, x8}, (0.0508975, 0.427382, 0.113207, 0.408513))
({x3, x9}, (0.170978, 0.645479, 0.0543398, 0.129203)) == ({x3, x9}, (0.170978, 0.645479, 0.0543398, 0.129203))
({x4, x5}, (0.00659894, 0.0433566, 0.457952, 0.492092)) == ({x4, x5}, (0.00659894, 0.0433566, 0.457952, 0.492092))
({x4, x6}, (0.359262, 0.386045, 0.102257, 0.152436)) == ({x4, x6}, (0.359262, 0.386045, 0.102257, 0.152436))
({x4, x7}, (0.292466, 0.314269, 0.194478, 0.198786)) == ({x4, x7}, (0.292466, 0.314269, 0.194478, 0.198786))
({x4, x8}, (0.135795, 0.299398, 0.278627, 0.28618)) == ({x4, x8}, (0.135795, 0.299398, 0.278627, 0.28618))
({x4, x9}, (0.429875, 0.461923, 0.0924615, 0.0157406)) == ({x4, x9}, (0.429875, 0.461923, 0.0924615, 0.0157406))
({x5, x6}, (0.0248267, 0.65758, 0.0579371, 0.259656)) == ({x5, x6}, (0.0248267, 0.65758, 0.0579371, 0.259656))
({x5, x7}, (0.0497882, 0.565091, 0.0276817, 0.357439)) == ({x5, x7}, (0.0497882, 0.565091, 0.0276817, 0.357439))
({x5, x8}, (0.0424826, 0.482173, 0.0144598, 0.460885)) == ({x5, x8}, (0.0424826, 0.482173, 0.0144598, 0.460885))
({x5, x9}, (0.0681466, 0.773457, 0.00357669, 0.15482)) == ({x5, x9}, (0.0681466, 0.773457, 0.00357669, 0.15482))
({x6, x7}, (0.416876, 0.16461, 0.263688, 0.154826)) == ({x6, x7}, (0.416876, 0.16461, 0.263688, 0.154826))
({x6, x8}, (0.382321, 0.150966, 0.365442, 0.101271)) == ({x6, x8}, (0.382321, 0.150966, 0.365442, 0.101271))
({x6, x9}, (0.588455, 0.232361, 0.117789, 0.0613949)) == ({x6, x9}, (0.588455, 0.232361, 0.117789, 0.0613949))
({x7, x8}, (0.311797, 0.197223, 0.298032, 0.192948)) == ({x7, x8}, (0.311797, 0.197223, 0.298032, 0.192948))
({x7, x9}, (0.505869, 0.31998, 0.101258, 0.0728935)) == ({x7, x9}, (0.505869, 0.31998, 0.101258, 0.0728935))
({x8, x9}, (0.459492, 0.439206, 0.009327, 0.091975)) == ({x8, x9}, (0.459492, 0.439206, 0.009327, 0.091975))
Exact MAP state (log score = 8.97994):
x0: 0
x1: 1
x2: 0
x3: 1
x4: 1
x5: 1
x6: 0
x7: 0
x8: 0
x9: 0
