Builtin inference algorithms: {BP, EXACT, FBP, JTREE, TRWBP}

Exact variable marginals:
({x0}, (0.00380787, 0.996192))
({x1}, (0.996192, 0.00380787))
({x2}, (0.00420306, 0.995797))
({x3}, (0.996189, 0.00381104))
({x4}, (0.99619, 0.00381042))
({x5}, (0.99619, 0.00380959))
({x6}, (0.0038096, 0.99619))
({x7}, (0.992807, 0.00719321))
({x8}, (0.996192, 0.00380787))
({x9}, (0.996185, 0.00381498))
Exact factor marginals:
({x0}, (0.00380787, 0.996192))
({x1}, (0.996192, 0.00380787))
({x2}, (0.00420306, 0.995797))
({x3}, (0.996189, 0.00381104))
({x4}, (0.99619, 0.00381042))
({x5}, (0.99619, 0.00380959))
({x6}, (0.0038096, 0.99619))
({x7}, (0.992807, 0.00719321))
({x8}, (0.996192, 0.00380787))
({x9}, (0.996185, 0.00381498))
({x0, x1}, (1.02225e-10, 0.996192, 0.00380787, 2.26994e-10))
({x0, x2}, (0.00378208, 0.000420972, 2.57811e-05, 0.995771))
({x0, x3}, (8.26853e-09, 0.996189, 0.00380786, 3.18478e-06))
({x0, x4}, (1.28199e-09, 0.99619, 0.00380786, 2.55941e-06))
({x0, x5}, (9.02489e-09, 0.99619, 0.00380786, 1.73327e-06))
({x0, x6}, (0.00380786, 1.73239e-06, 9.5335e-10, 0.99619))
({x0, x7}, (3.89397e-07, 0.992806, 0.00380748, 0.00338573))
({x0, x8}, (7.63951e-10, 0.996192, 0.00380786, 2.55146e-09))
({x0, x9}, (6.47414e-09, 0.996185, 0.00380786, 7.12316e-06))
({x1, x2}, (0.000420972, 0.00378208, 0.995771, 2.5781e-05))
({x1, x3}, (0.996189, 8.17719e-09, 3.18456e-06, 0.00380786))
({x1, x4}, (0.99619, 1.18958e-09, 2.5592e-06, 0.00380786))
({x1, x5}, (0.99619, 9.17011e-09, 1.73329e-06, 0.00380786))
({x1, x6}, (1.73217e-06, 0.00380786, 0.99619, 8.57127e-10))
({x1, x7}, (0.992806, 3.89306e-07, 0.00338573, 0.00380748))
({x1, x8}, (0.996192, 9.812e-10, 2.64394e-09, 0.00380786))
({x1, x9}, (0.996185, 6.69573e-09, 7.12326e-06, 0.00380786))
({x2, x3}, (0.00042097, 0.995768, 0.00378209, 2.89555e-05))
({x2, x4}, (0.000420962, 0.995769, 0.00378209, 2.83291e-05))
({x2, x5}, (0.000420981, 0.995769, 0.00378208, 2.75142e-05))
({x2, x6}, (0.00378209, 2.75028e-05, 0.000420962, 0.995769))
({x2, x7}, (0.000419971, 0.992387, 0.00378309, 0.00341012))
({x2, x8}, (0.000420972, 0.995771, 0.00378208, 2.57826e-05))
({x2, x9}, (0.000420978, 0.995764, 0.00378208, 3.29037e-05))
({x3, x4}, (0.996188, 1.44491e-06, 8.26529e-07, 0.0038096))
({x3, x5}, (0.996188, 2.10987e-06, 6.57612e-07, 0.00380893))
({x3, x6}, (7.65183e-09, 0.00380959, 0.996189, 1.45272e-06))
({x3, x7}, (0.992806, 3.81158e-07, 0.00338255, 0.00381066))
({x3, x8}, (0.996189, 3.18554e-06, 1.08186e-08, 0.00380786))
({x3, x9}, (0.996182, 3.19123e-06, 7.13141e-06, 0.00380785))
({x4, x5}, (0.996188, 2.56831e-06, 1.73443e-06, 0.00380786))
({x4, x6}, (4.2136e-10, 0.0038096, 0.99619, 8.27113e-07))
({x4, x7}, (0.992806, 1.19832e-06, 0.00338398, 0.00380923))
({x4, x8}, (0.99619, 2.56018e-06, 3.83242e-09, 0.00380786))
({x4, x9}, (0.996182, 2.56586e-06, 7.12442e-06, 0.00380786))
({x5, x6}, (1.74128e-06, 0.00380786, 0.996189, 1.73409e-06))
({x5, x7}, (0.992806, 6.77734e-07, 0.0033843, 0.00380891))
({x5, x8}, (0.99619, 1.73373e-06, 1.12705e-08, 0.00380786))
({x5, x9}, (0.996183, 1.73957e-06, 7.13201e-06, 0.00380785))
({x6, x7}, (3.88449e-07, 0.992806, 0.00380921, 0.003384))
({x6, x8}, (1.73315e-06, 0.99619, 0.00380786, 3.49997e-09))
({x6, x9}, (1.73884e-06, 0.996183, 0.00380786, 7.12409e-06))
({x7, x8}, (0.992806, 0.00338573, 3.91946e-07, 0.00380748))
({x7, x9}, (0.992799, 0.00338574, 7.51233e-06, 0.00380747))
({x8, x9}, (0.996185, 7.92649e-09, 7.12283e-06, 0.00380786))
Exact log partition sum: 68.1571
Exact MAP variable marginals:
({x0}, (0.00379627, 0.996204))
({x1}, (0.996204, 0.00379627))
({x2}, (0.00379627, 0.996204))
({x3}, (0.996204, 0.00379627))
({x4}, (0.996204, 0.00379627))
({x5}, (0.996204, 0.00379627))
({x6}, (0.00379627, 0.996204))
({x7}, (0.996204, 0.00379627))
({x8}, (0.996204, 0.00379627))
({x9}, (0.996204, 0.00379627))
Exact MAP factor marginals:
({x0}, (0.00379627, 0.996204)) == ({x0}, (0.00379627, 0.996204))
({x1}, (0.996204, 0.00379627)) == ({x1}, (0.996204, 0.00379627))
({x2}, (0.00379627, 0.996204)) == ({x2}, (0.00379627, 0.996204))
({x3}, (0.996204, 0.00379627)) == ({x3}, (0.996204, 0.00379627))
({x4}, (0.996204, 0.00379627)) == ({x4}, (0.996204, 0.00379627))
({x5}, (0.996204, 0.00379627)) == ({x5}, (0.996204, 0.00379627))
({x6}, (0.00379627, 0.996204)) == ({x6}, (0.00379627, 0.996204))
({x7}, (0.996204, 0.00379627)) == ({x7}, (0.996204, 0.00379627))
({x8}, (0.996204, 0.00379627)) == ({x8}, (0.996204, 0.00379627))
({x9}, (0.996204, 0.00379627)) == ({x9}, (0.996204, 0.00379627))
({x0, x1}, (6.35249e-11, 0.996204, 0.00379627, 1.80526e-10)) == ({x0, x1}, (6.35249e-11, 0.996204, 0.00379627, 1.80526e-10))
({x0, x2}, (0.00379457, 0.000421011, 2.58656e-05, 0.995759)) == ({x0, x2}, (0.00379457, 0.000421011, 2.58656e-05, 0.995759))
({x0, x3}, (6.3724e-09, 0.996202, 0.00379626, 1.72836e-06)) == ({x0, x3}, (6.3724e-09, 0.996202, 0.00379626, 1.72836e-06))
({x0, x4}, (7.86052e-10, 0.996202, 0.00379626, 1.72836e-06)) == ({x0, x4}, (7.86052e-10, 0.996202, 0.00379626, 1.72836e-06))
({x0, x5}, (6.37241e-09, 0.996203, 0.00379626, 1.08159e-06)) == ({x0, x5}, (6.37241e-09, 0.996203, 0.00379626, 1.08159e-06))
({x0, x6}, (0.00379626, 1.72836e-06, 7.86052e-10, 0.996202)) == ({x0, x6}, (0.00379626, 1.72836e-06, 7.86052e-10, 0.996202))
({x0, x7}, (3.78727e-07, 0.992834, 0.00378342, 0.00338235)) == ({x0, x7}, (3.78727e-07, 0.992834, 0.00378342, 0.00338235))
({x0, x8}, (5.67452e-10, 0.996204, 0.00379627, 1.08017e-09)) == ({x0, x8}, (5.67452e-10, 0.996204, 0.00379627, 1.08017e-09))
({x0, x9}, (6.43963e-09, 0.996197, 0.00379624, 7.14881e-06)) == ({x0, x9}, (6.43963e-09, 0.996197, 0.00379624, 7.14881e-06))
({x1, x2}, (0.000421011, 0.00379457, 0.995759, 2.58656e-05)) == ({x1, x2}, (0.000421011, 0.00379457, 0.995759, 2.58656e-05))
({x1, x3}, (0.996202, 6.3724e-09, 1.72836e-06, 0.00379626)) == ({x1, x3}, (0.996202, 6.3724e-09, 1.72836e-06, 0.00379626))
({x1, x4}, (0.996202, 7.86052e-10, 1.72836e-06, 0.00379626)) == ({x1, x4}, (0.996202, 7.86052e-10, 1.72836e-06, 0.00379626))
({x1, x5}, (0.996203, 6.37241e-09, 1.08159e-06, 0.00379626)) == ({x1, x5}, (0.996203, 6.37241e-09, 1.08159e-06, 0.00379626))
({x1, x6}, (1.72836e-06, 0.00379626, 0.996202, 7.86052e-10)) == ({x1, x6}, (1.72836e-06, 0.00379626, 0.996202, 7.86052e-10))
({x1, x7}, (0.992834, 3.78727e-07, 0.00338235, 0.00378342)) == ({x1, x7}, (0.992834, 3.78727e-07, 0.00338235, 0.00378342))
({x1, x8}, (0.996204, 5.67452e-10, 1.08017e-09, 0.00379627)) == ({x1, x8}, (0.996204, 5.67452e-10, 1.08017e-09, 0.00379627))
({x1, x9}, (0.996197, 6.43963e-09, 7.14881e-06, 0.00379624)) == ({x1, x9}, (0.996197, 6.43963e-09, 7.14881e-06, 0.00379624))
({x2, x3}, (0.000421011, 0.995759, 0.00379457, 2.58656e-05)) == ({x2, x3}, (0.000421011, 0.995759, 0.00379457, 2.58656e-05))
({x2, x4}, (0.000421011, 0.995759, 0.00379457, 2.58656e-05)) == ({x2, x4}, (0.000421011, 0.995759, 0.00379457, 2.58656e-05))
({x2, x5}, (0.000421011, 0.995759, 0.00379457, 2.58656e-05)) == ({x2, x5}, (0.000421011, 0.995759, 0.00379457, 2.58656e-05))
({x2, x6}, (0.00379457, 2.58656e-05, 0.000421011, 0.995759)) == ({x2, x6}, (0.00379457, 2.58656e-05, 0.000421011, 0.995759))
({x2, x7}, (0.000419599, 0.992418, 0.00378184, 0.00338093)) == ({x2, x7}, (0.000419599, 0.992418, 0.00378184, 0.00338093))
({x2, x8}, (0.000421011, 0.995759, 0.00379457, 2.58656e-05)) == ({x2, x8}, (0.000421011, 0.995759, 0.00379457, 2.58656e-05))
({x2, x9}, (0.000421011, 0.995759, 0.00379457, 2.58656e-05)) == ({x2, x9}, (0.000421011, 0.995759, 0.00379457, 2.58656e-05))
({x3, x4}, (0.996202, 1.08159e-06, 8.12279e-07, 0.00379626)) == ({x3, x4}, (0.996202, 1.08159e-06, 8.12279e-07, 0.00379626))
({x3, x5}, (0.996202, 1.72836e-06, 3.623e-07, 0.00379626)) == ({x3, x5}, (0.996202, 1.72836e-06, 3.623e-07, 0.00379626))
({x3, x6}, (6.37241e-09, 0.00379626, 0.996203, 1.08159e-06)) == ({x3, x6}, (6.37241e-09, 0.00379626, 0.996203, 1.08159e-06))
({x3, x7}, (0.992834, 3.78727e-07, 0.00338235, 0.00378342)) == ({x3, x7}, (0.992834, 3.78727e-07, 0.00338235, 0.00378342))
({x3, x8}, (0.996202, 1.72836e-06, 6.3724e-09, 0.00379626)) == ({x3, x8}, (0.996202, 1.72836e-06, 6.3724e-09, 0.00379626))
({x3, x9}, (0.996195, 1.72835e-06, 7.1488e-06, 0.00379623)) == ({x3, x9}, (0.996195, 1.72835e-06, 7.1488e-06, 0.00379623))
({x4, x5}, (0.996201, 1.72836e-06, 1.08159e-06, 0.00379625)) == ({x4, x5}, (0.996201, 1.72836e-06, 1.08159e-06, 0.00379625))
({x4, x6}, (3.27078e-10, 0.00379626, 0.996203, 8.1228e-07)) == ({x4, x6}, (3.27078e-10, 0.00379626, 0.996203, 8.1228e-07))
({x4, x7}, (0.992833, 8.09533e-07, 0.00338235, 0.00378342)) == ({x4, x7}, (0.992833, 8.09533e-07, 0.00338235, 0.00378342))
({x4, x8}, (0.996202, 1.72836e-06, 1.08017e-09, 0.00379626)) == ({x4, x8}, (0.996202, 1.72836e-06, 1.08017e-09, 0.00379626))
({x4, x9}, (0.996195, 1.72835e-06, 7.1488e-06, 0.00379623)) == ({x4, x9}, (0.996195, 1.72835e-06, 7.1488e-06, 0.00379623))
({x5, x6}, (1.72836e-06, 0.00379625, 0.996201, 1.08159e-06)) == ({x5, x6}, (1.72836e-06, 0.00379625, 0.996201, 1.08159e-06))
({x5, x7}, (0.992834, 3.78727e-07, 0.00338235, 0.00378342)) == ({x5, x7}, (0.992834, 3.78727e-07, 0.00338235, 0.00378342))
({x5, x8}, (0.996203, 1.08159e-06, 6.37241e-09, 0.00379626)) == ({x5, x8}, (0.996203, 1.08159e-06, 6.37241e-09, 0.00379626))
({x5, x9}, (0.996196, 1.08158e-06, 7.1488e-06, 0.00379623)) == ({x5, x9}, (0.996196, 1.08158e-06, 7.1488e-06, 0.00379623))
({x6, x7}, (3.78727e-07, 0.992834, 0.00378342, 0.00338235)) == ({x6, x7}, (3.78727e-07, 0.992834, 0.00378342, 0.00338235))
({x6, x8}, (1.72836e-06, 0.996202, 0.00379626, 1.08017e-09)) == ({x6, x8}, (1.72836e-06, 0.996202, 0.00379626, 1.08017e-09))
({x6, x9}, (1.72835e-06, 0.996195, 0.00379623, 7.1488e-06)) == ({x6, x9}, (1.72835e-06, 0.996195, 0.00379623, 7.1488e-06))
({x7, x8}, (0.992834, 0.00338235, 3.78727e-07, 0.00378342)) == ({x7, x8}, (0.992834, 0.00338235, 3.78727e-07, 0.00378342))
({x7, x9}, (0.992827, 0.00338233, 7.12463e-06, 0.0037834)) == ({x7, x9}, (0.992827, 0.00338233, 7.12463e-06, 0.0037834))
({x8, x9}, (0.996197, 6.43963e-09, 7.14881e-06, 0.00379624)) == ({x8, x9}, (0.996197, 6.43963e-09, 7.14881e-06, 0.00379624))
Exact MAP state (log score = 68.1494):
x0: 1
x1: 0
x2: 1
x3: 0
x4: 0
x5: 0
x6: 1
x7: 0
x8: 0
x9: 0
