Builtin inference algorithms: {BP, EXACT, FBP, JTREE, TRWBP}

Exact variable marginals:
({x0}, (0.0213246, 0.978675))
({x1}, (0.956442, 0.0435583))
({x2}, (0.960616, 0.0393838))
({x3}, (0.0436846, 0.956315))
({x4}, (0.956442, 0.0435584))
({x5}, (0.953772, 0.0462282))
({x6}, (0.0213247, 0.978675))
({x7}, (0.978677, 0.0213228))
({x8}, (0.0483425, 0.951658))
({x9}, (0.043685, 0.956315))
Exact factor marginals:
({x0}, (0.0213246, 0.978675))
({x1}, (0.956442, 0.0435583))
({x2}, (0.960616, 0.0393838))
({x3}, (0.0436846, 0.956315))
({x4}, (0.956442, 0.0435584))
({x5}, (0.953772, 0.0462282))
({x6}, (0.0213247, 0.978675))
({x7}, (0.978677, 0.0213228))
({x8}, (0.0483425, 0.951658))
({x9}, (0.043685, 0.956315))
({x0, x1}, (0.00472893, 0.951713, 0.0165957, 0.0269626))
({x0, x2}, (0.000277972, 0.960338, 0.0210467, 0.0183371))
({x0, x3}, (0.0165844, 0.0271002, 0.00474026, 0.951575))
({x0, x4}, (0.00472857, 0.951713, 0.0165961, 0.0269623))
({x0, x5}, (0.00474142, 0.94903, 0.0165832, 0.0296449))
({x0, x6}, (0.0213245, 1.30137e-07, 1.1315e-07, 0.978675))
({x0, x7}, (4.43799e-06, 0.978673, 0.0213202, 2.59597e-06))
({x0, x8}, (0.0164501, 0.0318924, 0.00487452, 0.946783))
({x0, x9}, (0.0165844, 0.0271006, 0.00474026, 0.951575))
({x1, x2}, (0.933387, 0.0272287, 0.0230542, 0.0163295))
({x1, x3}, (0.000137637, 0.043547, 0.956304, 1.13344e-05))
({x1, x4}, (0.956441, 2.62371e-07, 3.76148e-07, 0.043558))
({x1, x5}, (0.953759, 1.25039e-05, 0.00268238, 0.0435458))
({x1, x6}, (0.00472905, 0.0165956, 0.951713, 0.0269627))
({x1, x7}, (0.951717, 0.02696, 0.00472451, 0.0165983))
({x1, x8}, (0.0049394, 0.0434031, 0.951502, 0.000155188))
({x1, x9}, (0.00013806, 0.0435469, 0.956304, 1.13409e-05))
({x2, x3}, (0.0272174, 0.0164672, 0.933399, 0.0229166))
({x2, x4}, (0.933387, 0.0230545, 0.0272291, 0.0163293))
({x2, x5}, (0.933358, 0.0204141, 0.0272584, 0.0189697))
({x2, x6}, (0.000277906, 0.0210468, 0.960338, 0.018337))
({x2, x7}, (0.960336, 0.0183415, 0.000280546, 0.0210423))
({x2, x8}, (0.0320191, 0.0163234, 0.928597, 0.0230604))
({x2, x9}, (0.0272175, 0.0164675, 0.933399, 0.0229163))
({x3, x4}, (0.000137879, 0.956304, 0.0435467, 1.16899e-05))
({x3, x5}, (1.16957e-06, 0.953771, 0.0436834, 0.00254474))
({x3, x6}, (0.0165843, 0.00474038, 0.0271003, 0.951575))
({x3, x7}, (0.0270976, 0.95158, 0.016587, 0.00473584))
({x3, x8}, (0.0435407, 0.00480178, 0.000143874, 0.951514))
({x3, x9}, (0.0436845, 4.70435e-07, 5.42047e-08, 0.956315))
({x4, x5}, (0.953759, 1.28594e-05, 0.00268262, 0.0435455))
({x4, x6}, (0.00472869, 0.016596, 0.951713, 0.0269624))
({x4, x7}, (0.951717, 0.0269598, 0.00472415, 0.0165987))
({x4, x8}, (0.00493964, 0.0434029, 0.951502, 0.000155544))
({x4, x9}, (0.000138302, 0.0435467, 0.956303, 1.16964e-05))
({x5, x6}, (0.00474153, 0.0165831, 0.94903, 0.029645))
({x5, x7}, (0.949035, 0.0296424, 0.00473701, 0.0165858))
({x5, x8}, (0.00476948, 0.043573, 0.949002, 0.00265514))
({x5, x9}, (1.16313e-06, 0.0436838, 0.953771, 0.00254432))
({x6, x7}, (4.54638e-06, 0.978673, 0.0213201, 2.68737e-06))
({x6, x8}, (0.01645, 0.0318925, 0.00487464, 0.946783))
({x6, x9}, (0.0165843, 0.0271007, 0.00474039, 0.951575))
({x7, x8}, (0.0318898, 0.0164527, 0.946787, 0.0048701))
({x7, x9}, (0.0270981, 0.016587, 0.951579, 0.00473585))
({x8, x9}, (0.0435409, 0.000144152, 0.00480164, 0.951513))
Exact log partition sum: 68.4546
Exact MAP variable marginals:
({x0}, (0.0171303, 0.98287))
({x1}, (0.971796, 0.028204))
({x2}, (0.98287, 0.0171303))
({x3}, (0.028204, 0.971796))
({x4}, (0.971796, 0.028204))
({x5}, (0.971796, 0.028204))
({x6}, (0.0171303, 0.98287))
({x7}, (0.98287, 0.0171303))
({x8}, (0.028204, 0.971796))
({x9}, (0.028204, 0.971796))
Exact MAP factor marginals:
({x0}, (0.0171303, 0.98287)) == ({x0}, (0.0171303, 0.98287))
({x1}, (0.971796, 0.028204)) == ({x1}, (0.971796, 0.028204))
({x2}, (0.98287, 0.0171303)) == ({x2}, (0.98287, 0.0171303))
({x3}, (0.028204, 0.971796)) == ({x3}, (0.028204, 0.971796))
({x4}, (0.971796, 0.028204)) == ({x4}, (0.971796, 0.028204))
({x5}, (0.971796, 0.028204)) == ({x5}, (0.971796, 0.028204))
({x6}, (0.0171303, 0.98287)) == ({x6}, (0.0171303, 0.98287))
({x7}, (0.98287, 0.0171303)) == ({x7}, (0.98287, 0.0171303))
({x8}, (0.028204, 0.971796)) == ({x8}, (0.028204, 0.971796))
({x9}, (0.028204, 0.971796)) == ({x9}, (0.028204, 0.971796))
({x0, x1}, (0.004837, 0.950988, 0.0165747, 0.0276001)) == ({x0, x1}, (0.004837, 0.950988, 0.0165747, 0.0276001))
({x0, x2}, (0.000274714, 0.966551, 0.0168459, 0.016328)) == ({x0, x2}, (0.000274714, 0.966551, 0.0168459, 0.016328))
({x0, x3}, (0.0165747, 0.0276001, 0.004837, 0.950988)) == ({x0, x3}, (0.0165747, 0.0276001, 0.004837, 0.950988))
({x0, x4}, (0.004837, 0.950988, 0.0165747, 0.0276001)) == ({x0, x4}, (0.004837, 0.950988, 0.0165747, 0.0276001))
({x0, x5}, (0.004837, 0.950988, 0.0165747, 0.0276001)) == ({x0, x5}, (0.004837, 0.950988, 0.0165747, 0.0276001))
({x0, x6}, (0.0171303, 9.46349e-08, 7.71563e-08, 0.98287)) == ({x0, x6}, (0.0171303, 9.46349e-08, 7.71563e-08, 0.98287))
({x0, x7}, (4.67212e-06, 0.982862, 0.0171302, 2.73734e-06)) == ({x0, x7}, (4.67212e-06, 0.982862, 0.0171302, 2.73734e-06))
({x0, x8}, (0.0165747, 0.0276001, 0.004837, 0.950988)) == ({x0, x8}, (0.0165747, 0.0276001, 0.004837, 0.950988))
({x0, x9}, (0.0165747, 0.0276001, 0.004837, 0.950988)) == ({x0, x9}, (0.0165747, 0.0276001, 0.004837, 0.950988))
({x1, x2}, (0.940429, 0.0272937, 0.0158867, 0.0163906)) == ({x1, x2}, (0.940429, 0.0272937, 0.0158867, 0.0163906))
({x1, x3}, (0.000143952, 0.0281996, 0.971645, 1.18568e-05)) == ({x1, x3}, (0.000143952, 0.0281996, 0.971645, 1.18568e-05))
({x1, x4}, (0.971795, 2.71412e-07, 3.7511e-07, 0.028204)) == ({x1, x4}, (0.971795, 2.71412e-07, 3.7511e-07, 0.028204))
({x1, x5}, (0.969246, 1.18275e-05, 0.0026118, 0.02813)) == ({x1, x5}, (0.969246, 1.18275e-05, 0.0026118, 0.02813))
({x1, x6}, (0.004837, 0.0165747, 0.950988, 0.0276001)) == ({x1, x6}, (0.004837, 0.0165747, 0.950988, 0.0276001))
({x1, x7}, (0.950988, 0.0276001, 0.004837, 0.0165747)) == ({x1, x7}, (0.950988, 0.0276001, 0.004837, 0.0165747))
({x1, x8}, (0.00496385, 0.0280601, 0.966835, 0.000140703)) == ({x1, x8}, (0.00496385, 0.0280601, 0.966835, 0.000140703))
({x1, x9}, (0.000143952, 0.0281996, 0.971645, 1.18568e-05)) == ({x1, x9}, (0.000143952, 0.0281996, 0.971645, 1.18568e-05))
({x2, x3}, (0.0272937, 0.0163906, 0.940429, 0.0158867)) == ({x2, x3}, (0.0272937, 0.0163906, 0.940429, 0.0158867))
({x2, x4}, (0.940429, 0.0158867, 0.0272937, 0.0163906)) == ({x2, x4}, (0.940429, 0.0158867, 0.0272937, 0.0163906))
({x2, x5}, (0.940429, 0.0158867, 0.0272937, 0.0163906)) == ({x2, x5}, (0.940429, 0.0158867, 0.0272937, 0.0163906))
({x2, x6}, (0.000274714, 0.0168459, 0.966551, 0.016328)) == ({x2, x6}, (0.000274714, 0.0168459, 0.966551, 0.016328))
({x2, x7}, (0.966551, 0.016328, 0.000274714, 0.0168459)) == ({x2, x7}, (0.966551, 0.016328, 0.000274714, 0.0168459))
({x2, x8}, (0.0272937, 0.0163906, 0.940429, 0.0158867)) == ({x2, x8}, (0.0272937, 0.0163906, 0.940429, 0.0158867))
({x2, x9}, (0.0272937, 0.0163906, 0.940429, 0.0158867)) == ({x2, x9}, (0.0272937, 0.0163906, 0.940429, 0.0158867))
({x3, x4}, (0.000143952, 0.971645, 0.0281996, 1.18568e-05)) == ({x3, x4}, (0.000143952, 0.971645, 0.0281996, 1.18568e-05))
({x3, x5}, (1.18237e-06, 0.969257, 0.0281303, 0.00261183)) == ({x3, x5}, (1.18237e-06, 0.969257, 0.0281303, 0.00261183))
({x3, x6}, (0.0165747, 0.004837, 0.0276001, 0.950988)) == ({x3, x6}, (0.0165747, 0.004837, 0.0276001, 0.950988))
({x3, x7}, (0.0276001, 0.950988, 0.0165747, 0.004837)) == ({x3, x7}, (0.0276001, 0.950988, 0.0165747, 0.004837))
({x3, x8}, (0.0280601, 0.00496385, 0.000140703, 0.966835)) == ({x3, x8}, (0.0280601, 0.00496385, 0.000140703, 0.966835))
({x3, x9}, (0.028204, 3.14569e-07, 2.79191e-08, 0.971796)) == ({x3, x9}, (0.028204, 3.14569e-07, 2.79191e-08, 0.971796))
({x4, x5}, (0.969246, 1.18275e-05, 0.0026118, 0.02813)) == ({x4, x5}, (0.969246, 1.18275e-05, 0.0026118, 0.02813))
({x4, x6}, (0.004837, 0.0165747, 0.950988, 0.0276001)) == ({x4, x6}, (0.004837, 0.0165747, 0.950988, 0.0276001))
({x4, x7}, (0.950988, 0.0276001, 0.004837, 0.0165747)) == ({x4, x7}, (0.950988, 0.0276001, 0.004837, 0.0165747))
({x4, x8}, (0.00496385, 0.0280601, 0.966835, 0.000140703)) == ({x4, x8}, (0.00496385, 0.0280601, 0.966835, 0.000140703))
({x4, x9}, (0.000143952, 0.0281996, 0.971645, 1.18568e-05)) == ({x4, x9}, (0.000143952, 0.0281996, 0.971645, 1.18568e-05))
({x5, x6}, (0.004837, 0.0165747, 0.950988, 0.0276001)) == ({x5, x6}, (0.004837, 0.0165747, 0.950988, 0.0276001))
({x5, x7}, (0.950988, 0.0276001, 0.004837, 0.0165747)) == ({x5, x7}, (0.950988, 0.0276001, 0.004837, 0.0165747))
({x5, x8}, (0.00495165, 0.0279911, 0.964458, 0.0025989)) == ({x5, x8}, (0.00495165, 0.0279911, 0.964458, 0.0025989))
({x5, x9}, (1.18237e-06, 0.0281303, 0.969257, 0.00261183)) == ({x5, x9}, (1.18237e-06, 0.0281303, 0.969257, 0.00261183))
({x6, x7}, (4.67212e-06, 0.982862, 0.0171302, 2.73734e-06)) == ({x6, x7}, (4.67212e-06, 0.982862, 0.0171302, 2.73734e-06))
({x6, x8}, (0.0165747, 0.0276001, 0.004837, 0.950988)) == ({x6, x8}, (0.0165747, 0.0276001, 0.004837, 0.950988))
({x6, x9}, (0.0165747, 0.0276001, 0.004837, 0.950988)) == ({x6, x9}, (0.0165747, 0.0276001, 0.004837, 0.950988))
({x7, x8}, (0.0276001, 0.0165747, 0.950988, 0.004837)) == ({x7, x8}, (0.0276001, 0.0165747, 0.950988, 0.004837))
({x7, x9}, (0.0276001, 0.0165747, 0.950988, 0.004837)) == ({x7, x9}, (0.0276001, 0.0165747, 0.950988, 0.004837))
({x8, x9}, (0.0280601, 0.000140703, 0.00496385, 0.966835)) == ({x8, x9}, (0.0280601, 0.000140703, 0.00496385, 0.966835))
Exact MAP state (log score = 68.3805):
x0: 1
x1: 0
x2: 0
x3: 1
x4: 0
x5: 0
x6: 1
x7: 0
x8: 1
x9: 1
