Builtin inference algorithms: {BP, EXACT, FBP, JTREE, TRWBP}

Exact variable marginals:
({x0}, (0.000270477, 0.99973))
({x1}, (0.99973, 0.000270365))
({x2}, (0.000270365, 0.99973))
({x3}, (0.000270367, 0.99973))
({x4}, (0.999729, 0.000270849))
({x5}, (0.000270439, 0.99973))
({x6}, (0.000270364, 0.99973))
({x7}, (0.000270365, 0.99973))
({x8}, (0.000550137, 0.99945))
({x9}, (0.99973, 0.000270365))
Exact factor marginals:
({x0}, (0.000270477, 0.99973))
({x1}, (0.99973, 0.000270365))
({x2}, (0.000270365, 0.99973))
({x3}, (0.000270367, 0.99973))
({x4}, (0.999729, 0.000270849))
({x5}, (0.000270439, 0.99973))
({x6}, (0.000270364, 0.99973))
({x7}, (0.000270365, 0.99973))
({x8}, (0.000550137, 0.99945))
({x9}, (0.99973, 0.000270365))
({x0, x1}, (1.1741e-07, 0.99973, 0.00027036, 5.10095e-09))
({x0, x2}, (0.00027036, 5.24249e-09, 1.17481e-07, 0.99973))
({x0, x3}, (0.000270367, 4.15639e-10, 1.10575e-07, 0.99973))
({x0, x4}, (1.18012e-07, 0.999729, 0.000270359, 4.89636e-07))
({x0, x5}, (0.000270435, 4.46612e-09, 4.2637e-08, 0.99973))
({x0, x6}, (0.000270361, 2.3703e-09, 1.16017e-07, 0.99973))
({x0, x7}, (0.00027036, 5.29294e-09, 1.17482e-07, 0.99973))
({x0, x8}, (0.000269915, 0.000280222, 5.62943e-07, 0.999449))
({x0, x9}, (1.13059e-07, 0.99973, 0.000270364, 4.71131e-10))
({x1, x2}, (1.41567e-10, 0.000270365, 0.99973, 7.07758e-11))
({x1, x3}, (6.83538e-09, 0.00027036, 0.99973, 4.68588e-09))
({x1, x4}, (0.999729, 6.01635e-10, 4.84535e-07, 0.000270365))
({x1, x5}, (7.89412e-08, 0.00027036, 0.99973, 4.80281e-09))
({x1, x6}, (1.62749e-09, 0.000270362, 0.99973, 2.96496e-09))
({x1, x7}, (1.92012e-10, 0.000270365, 0.99973, 7.18849e-11))
({x1, x8}, (0.000280316, 0.000269821, 0.999449, 5.4413e-07))
({x1, x9}, (0.99973, 4.63498e-09, 4.35658e-09, 0.000270361))
({x2, x3}, (0.00027036, 6.90612e-09, 4.82742e-09, 0.99973))
({x2, x4}, (5.30875e-10, 0.999729, 0.000270365, 4.84393e-07))
({x2, x5}, (0.00027036, 7.9012e-08, 4.94435e-09, 0.99973))
({x2, x6}, (0.000270362, 1.48593e-09, 2.89419e-09, 0.99973))
({x2, x7}, (0.000270365, 5.04542e-11, 1.11812e-12, 0.99973))
({x2, x8}, (0.000269821, 0.000280316, 5.44059e-07, 0.999449))
({x2, x9}, (4.77138e-09, 0.99973, 0.00027036, 4.4222e-09))
({x3, x4}, (7.437e-09, 0.999729, 0.00027036, 4.89221e-07))
({x3, x5}, (0.000270367, 7.21106e-08, 1.21658e-10, 0.99973))
({x3, x6}, (0.000270362, 1.95523e-09, 5.44219e-09, 0.99973))
({x3, x7}, (0.00027036, 4.87787e-09, 6.90724e-09, 0.99973))
({x3, x8}, (0.000269827, 0.00028031, 5.40309e-07, 0.999449))
({x3, x9}, (2.48395e-09, 0.99973, 0.000270365, 5.60633e-11))
({x4, x5}, (7.92902e-08, 0.00027036, 0.999729, 4.89085e-07))
({x4, x6}, (1.99483e-09, 0.000270362, 0.999729, 4.87266e-07))
({x4, x7}, (5.48963e-10, 0.000270365, 0.999729, 4.84362e-07))
({x4, x8}, (0.000280138, 0.000269999, 0.999449, 8.50117e-07))
({x4, x9}, (0.999729, 4.89165e-07, 4.95305e-09, 0.00027036))
({x5, x6}, (0.000270362, 2.06712e-09, 7.7543e-08, 0.99973))
({x5, x7}, (0.00027036, 4.98949e-09, 7.90078e-08, 0.99973))
({x5, x8}, (0.000269898, 0.000280239, 5.41131e-07, 0.999449))
({x5, x9}, (7.45898e-08, 0.99973, 0.000270365, 1.7297e-10))
({x6, x7}, (0.000270362, 2.92347e-09, 1.46587e-09, 0.99973))
({x6, x8}, (0.000269823, 0.000280314, 5.41165e-07, 0.999449))
({x6, x9}, (1.89917e-09, 0.99973, 0.000270362, 2.95824e-09))
({x7, x8}, (0.000269821, 0.000280316, 5.4406e-07, 0.999449))
({x7, x9}, (4.82181e-09, 0.99973, 0.00027036, 4.42329e-09))
({x8, x9}, (0.000280312, 0.999449, 0.000269825, 5.40261e-07))
Exact log partition sum: 70.9256
Exact MAP variable marginals:
({x0}, (0.000269897, 0.99973))
({x1}, (0.99973, 0.000269897))
({x2}, (0.000269897, 0.99973))
({x3}, (0.000269897, 0.99973))
({x4}, (0.99973, 0.000269897))
({x5}, (0.000269897, 0.99973))
({x6}, (0.000269897, 0.99973))
({x7}, (0.000269897, 0.99973))
({x8}, (0.000280117, 0.99972))
({x9}, (0.99973, 0.000269897))
Exact MAP factor marginals:
({x0}, (0.000269897, 0.99973)) == ({x0}, (0.000269897, 0.99973))
({x1}, (0.99973, 0.000269897)) == ({x1}, (0.99973, 0.000269897))
({x2}, (0.000269897, 0.99973)) == ({x2}, (0.000269897, 0.99973))
({x3}, (0.000269897, 0.99973)) == ({x3}, (0.000269897, 0.99973))
({x4}, (0.99973, 0.000269897)) == ({x4}, (0.99973, 0.000269897))
({x5}, (0.000269897, 0.99973)) == ({x5}, (0.000269897, 0.99973))
({x6}, (0.000269897, 0.99973)) == ({x6}, (0.000269897, 0.99973))
({x7}, (0.000269897, 0.99973)) == ({x7}, (0.000269897, 0.99973))
({x8}, (0.000280117, 0.99972)) == ({x8}, (0.000280117, 0.99972))
({x9}, (0.99973, 0.000269897)) == ({x9}, (0.99973, 0.000269897))
({x0, x1}, (6.79555e-08, 0.99973, 0.000269897, 2.89429e-09)) == ({x0, x1}, (6.79555e-08, 0.99973, 0.000269897, 2.89429e-09))
({x0, x2}, (0.000269897, 2.89429e-09, 6.79555e-08, 0.99973)) == ({x0, x2}, (0.000269897, 2.89429e-09, 6.79555e-08, 0.99973))
({x0, x3}, (0.000269897, 2.56786e-10, 6.79555e-08, 0.99973)) == ({x0, x3}, (0.000269897, 2.56786e-10, 6.79555e-08, 0.99973))
({x0, x4}, (6.79554e-08, 0.99973, 0.000269897, 3.06571e-07)) == ({x0, x4}, (6.79554e-08, 0.99973, 0.000269897, 3.06571e-07))
({x0, x5}, (0.000269897, 2.97894e-09, 2.30073e-08, 0.99973)) == ({x0, x5}, (0.000269897, 2.97894e-09, 2.30073e-08, 0.99973))
({x0, x6}, (0.000269897, 1.66356e-09, 6.79555e-08, 0.99973)) == ({x0, x6}, (0.000269897, 1.66356e-09, 6.79555e-08, 0.99973))
({x0, x7}, (0.000269897, 2.89429e-09, 6.79555e-08, 0.99973)) == ({x0, x7}, (0.000269897, 2.89429e-09, 6.79555e-08, 0.99973))
({x0, x8}, (0.000269821, 0.000280041, 5.38646e-07, 0.99945)) == ({x0, x8}, (0.000269821, 0.000280041, 5.38646e-07, 0.99945))
({x0, x9}, (6.79555e-08, 0.99973, 0.000269897, 2.56786e-10)) == ({x0, x9}, (6.79555e-08, 0.99973, 0.000269897, 2.56786e-10))
({x1, x2}, (1.41284e-10, 0.000269897, 0.99973, 6.59484e-11)) == ({x1, x2}, (1.41284e-10, 0.000269897, 0.99973, 6.59484e-11))
({x1, x3}, (2.38177e-09, 0.000269897, 0.99973, 2.89429e-09)) == ({x1, x3}, (2.38177e-09, 0.000269897, 0.99973, 2.89429e-09))
({x1, x4}, (0.99973, 4.26713e-10, 3.06571e-07, 0.000269897)) == ({x1, x4}, (0.99973, 4.26713e-10, 3.06571e-07, 0.000269897))
({x1, x5}, (6.79555e-08, 0.000269897, 0.99973, 2.89429e-09)) == ({x1, x5}, (6.79555e-08, 0.000269897, 0.99973, 2.89429e-09))
({x1, x6}, (1.46505e-09, 0.000269897, 0.99973, 2.89429e-09)) == ({x1, x6}, (1.46505e-09, 0.000269897, 0.99973, 2.89429e-09))
({x1, x7}, (1.41284e-10, 0.000269897, 0.99973, 6.59484e-11)) == ({x1, x7}, (1.41284e-10, 0.000269897, 0.99973, 6.59484e-11))
({x1, x8}, (0.000280041, 0.000269821, 0.99945, 5.38646e-07)) == ({x1, x8}, (0.000280041, 0.000269821, 0.99945, 5.38646e-07))
({x1, x9}, (0.99973, 2.89429e-09, 2.19936e-09, 0.000269897)) == ({x1, x9}, (0.99973, 2.89429e-09, 2.19936e-09, 0.000269897))
({x2, x3}, (0.000269897, 2.38177e-09, 2.89429e-09, 0.99973)) == ({x2, x3}, (0.000269897, 2.38177e-09, 2.89429e-09, 0.99973))
({x2, x4}, (4.26713e-10, 0.99973, 0.000269897, 3.06571e-07)) == ({x2, x4}, (4.26713e-10, 0.99973, 0.000269897, 3.06571e-07))
({x2, x5}, (0.000269897, 6.79555e-08, 2.89429e-09, 0.99973)) == ({x2, x5}, (0.000269897, 6.79555e-08, 2.89429e-09, 0.99973))
({x2, x6}, (0.000269897, 1.46505e-09, 2.89429e-09, 0.99973)) == ({x2, x6}, (0.000269897, 1.46505e-09, 2.89429e-09, 0.99973))
({x2, x7}, (0.000269897, 1.67805e-11, 6.74893e-13, 0.99973)) == ({x2, x7}, (0.000269897, 1.67805e-11, 6.74893e-13, 0.99973))
({x2, x8}, (0.000269821, 0.000280041, 5.38646e-07, 0.99945)) == ({x2, x8}, (0.000269821, 0.000280041, 5.38646e-07, 0.99945))
({x2, x9}, (2.89429e-09, 0.99973, 0.000269897, 2.19936e-09)) == ({x2, x9}, (2.89429e-09, 0.99973, 0.000269897, 2.19936e-09))
({x3, x4}, (2.38177e-09, 0.99973, 0.000269897, 3.06571e-07)) == ({x3, x4}, (2.38177e-09, 0.99973, 0.000269897, 3.06571e-07))
({x3, x5}, (0.000269897, 6.79555e-08, 1.16172e-10, 0.99973)) == ({x3, x5}, (0.000269897, 6.79555e-08, 1.16172e-10, 0.99973))
({x3, x6}, (0.000269897, 1.66356e-09, 2.38177e-09, 0.99973)) == ({x3, x6}, (0.000269897, 1.66356e-09, 2.38177e-09, 0.99973))
({x3, x7}, (0.000269897, 2.89429e-09, 2.38177e-09, 0.99973)) == ({x3, x7}, (0.000269897, 2.89429e-09, 2.38177e-09, 0.99973))
({x3, x8}, (0.000269821, 0.000280041, 5.38646e-07, 0.99945)) == ({x3, x8}, (0.000269821, 0.000280041, 5.38646e-07, 0.99945))
({x3, x9}, (2.38177e-09, 0.99973, 0.000269897, 5.53322e-11)) == ({x3, x9}, (2.38177e-09, 0.99973, 0.000269897, 5.53322e-11))
({x4, x5}, (6.79554e-08, 0.000269897, 0.99973, 3.06571e-07)) == ({x4, x5}, (6.79554e-08, 0.000269897, 0.99973, 3.06571e-07))
({x4, x6}, (1.46505e-09, 0.000269897, 0.99973, 3.06571e-07)) == ({x4, x6}, (1.46505e-09, 0.000269897, 0.99973, 3.06571e-07))
({x4, x7}, (4.26713e-10, 0.000269897, 0.99973, 3.06571e-07)) == ({x4, x7}, (4.26713e-10, 0.000269897, 0.99973, 3.06571e-07))
({x4, x8}, (0.000280041, 0.000269821, 0.99945, 5.38646e-07)) == ({x4, x8}, (0.000280041, 0.000269821, 0.99945, 5.38646e-07))
({x4, x9}, (0.99973, 3.06571e-07, 2.19936e-09, 0.000269897)) == ({x4, x9}, (0.99973, 3.06571e-07, 2.19936e-09, 0.000269897))
({x5, x6}, (0.000269897, 1.66356e-09, 6.79555e-08, 0.99973)) == ({x5, x6}, (0.000269897, 1.66356e-09, 6.79555e-08, 0.99973))
({x5, x7}, (0.000269897, 2.89429e-09, 6.79555e-08, 0.99973)) == ({x5, x7}, (0.000269897, 2.89429e-09, 6.79555e-08, 0.99973))
({x5, x8}, (0.000269821, 0.000280041, 5.38646e-07, 0.99945)) == ({x5, x8}, (0.000269821, 0.000280041, 5.38646e-07, 0.99945))
({x5, x9}, (6.79555e-08, 0.99973, 0.000269897, 1.16172e-10)) == ({x5, x9}, (6.79555e-08, 0.99973, 0.000269897, 1.16172e-10))
({x6, x7}, (0.000269897, 2.89429e-09, 1.46505e-09, 0.99973)) == ({x6, x7}, (0.000269897, 2.89429e-09, 1.46505e-09, 0.99973))
({x6, x8}, (0.000269821, 0.000280041, 5.38646e-07, 0.99945)) == ({x6, x8}, (0.000269821, 0.000280041, 5.38646e-07, 0.99945))
({x6, x9}, (1.66356e-09, 0.99973, 0.000269897, 2.19936e-09)) == ({x6, x9}, (1.66356e-09, 0.99973, 0.000269897, 2.19936e-09))
({x7, x8}, (0.000269821, 0.000280041, 5.38646e-07, 0.99945)) == ({x7, x8}, (0.000269821, 0.000280041, 5.38646e-07, 0.99945))
({x7, x9}, (2.89429e-09, 0.99973, 0.000269897, 2.19936e-09)) == ({x7, x9}, (2.89429e-09, 0.99973, 0.000269897, 2.19936e-09))
({x8, x9}, (0.000280041, 0.99945, 0.000269821, 5.38646e-07)) == ({x8, x9}, (0.000280041, 0.99945, 0.000269821, 5.38646e-07))
Exact MAP state (log score = 70.9251):
x0: 1
x1: 0
x2: 1
x3: 1
x4: 0
x5: 1
x6: 1
x7: 1
x8: 1
x9: 0
