Builtin inference algorithms: {BP, EXACT, FBP, JTREE, TRWBP}

Exact variable marginals:
({x0}, (0.295434, 0.704566))
({x1}, (0.704566, 0.295434))
({x2}, (0.295446, 0.704554))
({x3}, (0.295228, 0.704772))
({x4}, (0.704566, 0.295434))
({x5}, (0.295434, 0.704566))
({x6}, (0.295434, 0.704566))
({x7}, (0.295434, 0.704566))
({x8}, (0.704566, 0.295434))
({x9}, (0.704566, 0.295434))
Exact factor marginals:
({x0}, (0.295434, 0.704566))
({x1}, (0.704566, 0.295434))
({x2}, (0.295446, 0.704554))
({x3}, (0.295228, 0.704772))
({x4}, (0.704566, 0.295434))
({x5}, (0.295434, 0.704566))
({x6}, (0.295434, 0.704566))
({x7}, (0.295434, 0.704566))
({x8}, (0.704566, 0.295434))
({x9}, (0.704566, 0.295434))
({x0, x1}, (6.35348e-09, 0.704566, 0.295434, 3.48434e-08))
({x0, x2}, (0.295434, 1.20039e-05, 1.34883e-07, 0.704554))
({x0, x3}, (0.295216, 1.23033e-05, 0.000218181, 0.704554))
({x0, x4}, (4.57339e-07, 0.704566, 0.295433, 1.7015e-07))
({x0, x5}, (0.295433, 1.6308e-07, 4.46603e-07, 0.704566))
({x0, x6}, (0.295434, 1.46308e-07, 2.96572e-07, 0.704566))
({x0, x7}, (0.295433, 1.4425e-07, 4.42459e-07, 0.704566))
({x0, x8}, (4.50249e-07, 0.704566, 0.295433, 1.56856e-07))
({x0, x9}, (4.48631e-07, 0.704566, 0.295433, 1.56678e-07))
({x1, x2}, (1.19698e-05, 0.295434, 0.704554, 1.29316e-07))
({x1, x3}, (1.23097e-05, 0.295216, 0.704554, 0.000218216))
({x1, x4}, (0.704566, 4.6014e-07, 1.44462e-07, 0.295433))
({x1, x5}, (1.37392e-07, 0.295433, 0.704566, 4.49404e-07))
({x1, x6}, (1.2063e-07, 0.295434, 0.704566, 2.99384e-07))
({x1, x7}, (1.18561e-07, 0.295433, 0.704566, 4.4526e-07))
({x1, x8}, (0.704566, 4.5305e-07, 1.31167e-07, 0.295433))
({x1, x9}, (0.704566, 4.51432e-07, 1.3099e-07, 0.295433))
({x2, x3}, (0.295216, 1.24382e-05, 0.000230185, 0.704542))
({x2, x4}, (1.24293e-05, 0.704554, 0.295433, 2.73075e-07))
({x2, x5}, (0.295433, 2.66005e-07, 1.24185e-05, 0.704554))
({x2, x6}, (0.295433, 2.49233e-07, 1.22685e-05, 0.704554))
({x2, x7}, (0.295433, 2.47184e-07, 1.24144e-05, 0.704554))
({x2, x8}, (1.24222e-05, 0.704554, 0.295433, 2.59782e-07))
({x2, x9}, (1.24206e-05, 0.704554, 0.295433, 2.59603e-07))
({x3, x4}, (1.27092e-05, 0.704554, 0.295215, 0.0002183))
({x3, x5}, (0.295215, 0.000218293, 1.26985e-05, 0.704554))
({x3, x6}, (0.295215, 0.000218276, 1.25484e-05, 0.704554))
({x3, x7}, (0.295215, 0.000218274, 1.26943e-05, 0.704554))
({x3, x8}, (1.27021e-05, 0.704554, 0.295215, 0.000218287))
({x3, x9}, (1.27005e-05, 0.704554, 0.295215, 0.000218286))
({x4, x5}, (1.72237e-08, 0.295434, 0.704566, 1.35579e-08))
({x4, x6}, (1.60768e-07, 0.295434, 0.704566, 2.38428e-08))
({x4, x7}, (1.48862e-08, 0.295434, 0.704566, 2.59069e-08))
({x4, x8}, (0.704566, 1.50918e-08, 8.88764e-09, 0.295434))
({x4, x9}, (0.704566, 1.34864e-08, 8.72248e-09, 0.295434))
({x5, x6}, (0.295434, 1.50031e-07, 1.67725e-08, 0.704566))
({x5, x7}, (0.295434, 4.78269e-09, 1.94691e-08, 0.704566))
({x5, x8}, (1.01393e-08, 0.704566, 0.295434, 2.69431e-10))
({x5, x9}, (8.52057e-09, 0.704566, 0.295434, 9.08781e-11))
({x6, x7}, (0.295434, 1.36362e-08, 1.61582e-07, 0.704566))
({x6, x8}, (1.53678e-07, 0.704566, 0.295434, 1.0549e-08))
({x6, x9}, (1.52059e-07, 0.704566, 0.295434, 1.03706e-08))
({x7, x8}, (7.79613e-09, 0.704566, 0.295434, 1.26126e-08))
({x7, x9}, (6.18099e-09, 0.704566, 0.295434, 1.24377e-08))
({x8, x9}, (0.704566, 1.92507e-10, 1.63271e-09, 0.295434))
Exact log partition sum: 47.1155
Exact MAP variable marginals:
({x0}, (0.295287, 0.704713))
({x1}, (0.704713, 0.295287))
({x2}, (0.295287, 0.704713))
({x3}, (0.295287, 0.704713))
({x4}, (0.704713, 0.295287))
({x5}, (0.295287, 0.704713))
({x6}, (0.295287, 0.704713))
({x7}, (0.295287, 0.704713))
({x8}, (0.704713, 0.295287))
({x9}, (0.704713, 0.295287))
Exact MAP factor marginals:
({x0}, (0.295287, 0.704713)) == ({x0}, (0.295287, 0.704713))
({x1}, (0.704713, 0.295287)) == ({x1}, (0.704713, 0.295287))
({x2}, (0.295287, 0.704713)) == ({x2}, (0.295287, 0.704713))
({x3}, (0.295287, 0.704713)) == ({x3}, (0.295287, 0.704713))
({x4}, (0.704713, 0.295287)) == ({x4}, (0.704713, 0.295287))
({x5}, (0.295287, 0.704713)) == ({x5}, (0.295287, 0.704713))
({x6}, (0.295287, 0.704713)) == ({x6}, (0.295287, 0.704713))
({x7}, (0.295287, 0.704713)) == ({x7}, (0.295287, 0.704713))
({x8}, (0.704713, 0.295287)) == ({x8}, (0.704713, 0.295287))
({x9}, (0.704713, 0.295287)) == ({x9}, (0.704713, 0.295287))
({x0, x1}, (5.49204e-09, 0.704713, 0.295287, 2.63717e-08)) == ({x0, x1}, (5.49204e-09, 0.704713, 0.295287, 2.63717e-08))
({x0, x2}, (0.295283, 1.1972e-05, 1.2908e-07, 0.704704)) == ({x0, x2}, (0.295283, 1.1972e-05, 1.2908e-07, 0.704704))
({x0, x3}, (0.295219, 1.23029e-05, 0.000218133, 0.704551)) == ({x0, x3}, (0.295219, 1.23029e-05, 0.000218133, 0.704551))
({x0, x4}, (2.36312e-07, 0.704713, 0.295287, 1.07369e-07)) == ({x0, x4}, (2.36312e-07, 0.704713, 0.295287, 1.07369e-07))
({x0, x5}, (0.295287, 1.07369e-07, 2.36312e-07, 0.704713)) == ({x0, x5}, (0.295287, 1.07369e-07, 2.36312e-07, 0.704713))
({x0, x6}, (0.295287, 1.07369e-07, 2.36312e-07, 0.704713)) == ({x0, x6}, (0.295287, 1.07369e-07, 2.36312e-07, 0.704713))
({x0, x7}, (0.295287, 1.07369e-07, 2.36312e-07, 0.704713)) == ({x0, x7}, (0.295287, 1.07369e-07, 2.36312e-07, 0.704713))
({x0, x8}, (2.36312e-07, 0.704713, 0.295287, 1.07369e-07)) == ({x0, x8}, (2.36312e-07, 0.704713, 0.295287, 1.07369e-07))
({x0, x9}, (2.36312e-07, 0.704713, 0.295287, 1.07369e-07)) == ({x0, x9}, (2.36312e-07, 0.704713, 0.295287, 1.07369e-07))
({x1, x2}, (1.1972e-05, 0.295283, 0.704704, 1.2908e-07)) == ({x1, x2}, (1.1972e-05, 0.295283, 0.704704, 1.2908e-07))
({x1, x3}, (1.23029e-05, 0.295219, 0.704551, 0.000218133)) == ({x1, x3}, (1.23029e-05, 0.295219, 0.704551, 0.000218133))
({x1, x4}, (0.704713, 2.36312e-07, 1.07369e-07, 0.295287)) == ({x1, x4}, (0.704713, 2.36312e-07, 1.07369e-07, 0.295287))
({x1, x5}, (1.07369e-07, 0.295287, 0.704713, 2.36312e-07)) == ({x1, x5}, (1.07369e-07, 0.295287, 0.704713, 2.36312e-07))
({x1, x6}, (1.07369e-07, 0.295287, 0.704713, 2.36312e-07)) == ({x1, x6}, (1.07369e-07, 0.295287, 0.704713, 2.36312e-07))
({x1, x7}, (1.07369e-07, 0.295287, 0.704713, 2.36312e-07)) == ({x1, x7}, (1.07369e-07, 0.295287, 0.704713, 2.36312e-07))
({x1, x8}, (0.704713, 2.36312e-07, 1.07369e-07, 0.295287)) == ({x1, x8}, (0.704713, 2.36312e-07, 1.07369e-07, 0.295287))
({x1, x9}, (0.704713, 2.36312e-07, 1.07369e-07, 0.295287)) == ({x1, x9}, (0.704713, 2.36312e-07, 1.07369e-07, 0.295287))
({x2, x3}, (0.295219, 1.23029e-05, 0.000218133, 0.704551)) == ({x2, x3}, (0.295219, 1.23029e-05, 0.000218133, 0.704551))
({x2, x4}, (1.1972e-05, 0.704704, 0.295283, 1.2908e-07)) == ({x2, x4}, (1.1972e-05, 0.704704, 0.295283, 1.2908e-07))
({x2, x5}, (0.295283, 1.2908e-07, 1.1972e-05, 0.704704)) == ({x2, x5}, (0.295283, 1.2908e-07, 1.1972e-05, 0.704704))
({x2, x6}, (0.295283, 1.2908e-07, 1.1972e-05, 0.704704)) == ({x2, x6}, (0.295283, 1.2908e-07, 1.1972e-05, 0.704704))
({x2, x7}, (0.295283, 1.2908e-07, 1.1972e-05, 0.704704)) == ({x2, x7}, (0.295283, 1.2908e-07, 1.1972e-05, 0.704704))
({x2, x8}, (1.1972e-05, 0.704704, 0.295283, 1.2908e-07)) == ({x2, x8}, (1.1972e-05, 0.704704, 0.295283, 1.2908e-07))
({x2, x9}, (1.1972e-05, 0.704704, 0.295283, 1.2908e-07)) == ({x2, x9}, (1.1972e-05, 0.704704, 0.295283, 1.2908e-07))
({x3, x4}, (1.23029e-05, 0.704551, 0.295219, 0.000218133)) == ({x3, x4}, (1.23029e-05, 0.704551, 0.295219, 0.000218133))
({x3, x5}, (0.295219, 0.000218133, 1.23029e-05, 0.704551)) == ({x3, x5}, (0.295219, 0.000218133, 1.23029e-05, 0.704551))
({x3, x6}, (0.295219, 0.000218133, 1.23029e-05, 0.704551)) == ({x3, x6}, (0.295219, 0.000218133, 1.23029e-05, 0.704551))
({x3, x7}, (0.295219, 0.000218133, 1.23029e-05, 0.704551)) == ({x3, x7}, (0.295219, 0.000218133, 1.23029e-05, 0.704551))
({x3, x8}, (1.23029e-05, 0.704551, 0.295219, 0.000218133)) == ({x3, x8}, (1.23029e-05, 0.704551, 0.295219, 0.000218133))
({x3, x9}, (1.23029e-05, 0.704551, 0.295219, 0.000218133)) == ({x3, x9}, (1.23029e-05, 0.704551, 0.295219, 0.000218133))
({x4, x5}, (8.70961e-09, 0.295287, 0.704713, 1.34711e-08)) == ({x4, x5}, (8.70961e-09, 0.295287, 0.704713, 1.34711e-08))
({x4, x6}, (1.49014e-07, 0.295287, 0.704713, 1.34711e-08)) == ({x4, x6}, (1.49014e-07, 0.295287, 0.704713, 1.34711e-08))
({x4, x7}, (8.70961e-09, 0.295287, 0.704713, 1.34711e-08)) == ({x4, x7}, (8.70961e-09, 0.295287, 0.704713, 1.34711e-08))
({x4, x8}, (0.704713, 1.34711e-08, 8.70961e-09, 0.295287)) == ({x4, x8}, (0.704713, 1.34711e-08, 8.70961e-09, 0.295287))
({x4, x9}, (0.704713, 1.34711e-08, 8.70961e-09, 0.295287)) == ({x4, x9}, (0.704713, 1.34711e-08, 8.70961e-09, 0.295287))
({x5, x6}, (0.295287, 1.49014e-07, 9.89777e-09, 0.704713)) == ({x5, x6}, (0.295287, 1.49014e-07, 9.89777e-09, 0.704713))
({x5, x7}, (0.295287, 3.74031e-09, 1.19485e-08, 0.704713)) == ({x5, x7}, (0.295287, 3.74031e-09, 1.19485e-08, 0.704713))
({x5, x8}, (6.41926e-09, 0.704713, 0.295287, 1.8001e-10)) == ({x5, x8}, (6.41926e-09, 0.704713, 0.295287, 1.8001e-10))
({x5, x9}, (6.41926e-09, 0.704713, 0.295287, 6.9864e-11)) == ({x5, x9}, (6.41926e-09, 0.704713, 0.295287, 6.9864e-11))
({x6, x7}, (0.295287, 9.89777e-09, 1.49014e-07, 0.704713)) == ({x6, x7}, (0.295287, 9.89777e-09, 1.49014e-07, 0.704713))
({x6, x8}, (1.49014e-07, 0.704713, 0.295287, 9.89777e-09)) == ({x6, x8}, (1.49014e-07, 0.704713, 0.295287, 9.89777e-09))
({x6, x9}, (1.49014e-07, 0.704713, 0.295287, 9.89777e-09)) == ({x6, x9}, (1.49014e-07, 0.704713, 0.295287, 9.89777e-09))
({x7, x8}, (3.74031e-09, 0.704713, 0.295287, 1.19485e-08)) == ({x7, x8}, (3.74031e-09, 0.704713, 0.295287, 1.19485e-08))
({x7, x9}, (3.74031e-09, 0.704713, 0.295287, 1.19485e-08)) == ({x7, x9}, (3.74031e-09, 0.704713, 0.295287, 1.19485e-08))
({x8, x9}, (0.704713, 1.8001e-10, 1.61748e-09, 0.295287)) == ({x8, x9}, (0.704713, 1.8001e-10, 1.61748e-09, 0.295287))
Exact MAP state (log score = 46.7653):
x0: 1
x1: 0
x2: 1
x3: 1
x4: 0
x5: 1
x6: 1
x7: 1
x8: 0
x9: 0
