Builtin inference algorithms: {BP, EXACT, FBP, JTREE, TRWBP}

Exact variable marginals:
({x0}, (0.99695, 0.00304956))
({x1}, (0.996965, 0.00303462))
({x2}, (0.99681, 0.00318975))
({x3}, (0.996793, 0.0032074))
({x4}, (0.0742655, 0.925734))
({x5}, (0.00303461, 0.996965))
({x6}, (0.00303365, 0.996966))
({x7}, (0.996965, 0.00303462))
({x8}, (0.00303462, 0.996965))
({x9}, (0.996965, 0.00303462))
Exact factor marginals:
({x0}, (0.99695, 0.00304956))
({x1}, (0.996965, 0.00303462))
({x2}, (0.99681, 0.00318975))
({x3}, (0.996793, 0.0032074))
({x4}, (0.0742655, 0.925734))
({x5}, (0.00303461, 0.996965))
({x6}, (0.00303365, 0.996966))
({x7}, (0.996965, 0.00303462))
({x8}, (0.00303462, 0.996965))
({x9}, (0.996965, 0.00303462))
({x0, x1}, (0.99695, 1.54465e-05, 5.04721e-07, 0.00303411))
({x0, x2}, (0.996784, 2.61872e-05, 0.00016638, 0.00302337))
({x0, x3}, (0.996759, 3.31963e-05, 0.000191043, 0.00301636))
({x0, x4}, (0.0718538, 0.00241174, 0.925097, 0.000637817))
({x0, x5}, (5.05289e-07, 0.00303411, 0.99695, 1.54502e-05))
({x0, x6}, (2.85028e-06, 0.0030308, 0.996948, 1.87602e-05))
({x0, x7}, (0.99695, 1.54466e-05, 5.12509e-07, 0.00303411))
({x0, x8}, (5.04731e-07, 0.00303411, 0.99695, 1.54465e-05))
({x0, x9}, (0.99695, 1.54466e-05, 5.04723e-07, 0.00303411))
({x1, x2}, (0.996784, 2.62832e-05, 0.000181418, 0.00300833))
({x1, x3}, (0.996775, 1.77563e-05, 0.000190545, 0.00301686))
({x1, x4}, (0.0718692, 0.00239629, 0.925096, 0.000638321))
({x1, x5}, (5.68425e-10, 0.00303461, 0.996965, 3.66073e-09))
({x1, x6}, (2.34556e-06, 0.0030313, 0.996963, 3.31375e-06))
({x1, x7}, (0.996965, 1.2178e-10, 7.78793e-09, 0.00303462))
({x1, x8}, (1.04806e-11, 0.00303462, 0.996965, 2.28465e-11))
({x1, x9}, (0.996965, 7.42789e-11, 3.06189e-12, 0.00303462))
({x2, x3}, (0.996594, 0.00019898, 0.000216634, 0.00299077))
({x2, x4}, (0.0716879, 0.00257767, 0.925122, 0.000612084))
({x2, x5}, (2.62796e-05, 0.00300833, 0.996784, 0.000181417))
({x2, x6}, (2.86288e-05, 0.00300502, 0.996782, 0.000184732))
({x2, x7}, (0.996784, 0.000181418, 2.6291e-05, 0.00300833))
({x2, x8}, (2.62832e-05, 0.00300833, 0.996784, 0.000181418))
({x2, x9}, (0.996784, 0.000181418, 2.62831e-05, 0.00300833))
({x3, x4}, (0.0718868, 0.00237869, 0.924906, 0.00082871))
({x3, x5}, (1.77527e-05, 0.00301686, 0.996775, 0.000190545))
({x3, x6}, (1.49217e-05, 0.00301873, 0.996778, 0.000188679))
({x3, x7}, (0.996775, 0.000190545, 1.77641e-05, 0.00301686))
({x3, x8}, (1.77563e-05, 0.00301686, 0.996775, 0.000190545))
({x3, x9}, (0.996775, 0.000190545, 1.77562e-05, 0.00301686))
({x4, x5}, (0.00239629, 0.000638322, 0.0718692, 0.925096))
({x4, x6}, (0.00239298, 0.000640667, 0.0718726, 0.925094))
({x4, x7}, (0.0718692, 0.925096, 0.00239629, 0.000638329))
({x4, x8}, (0.00239629, 0.000638321, 0.0718692, 0.925096))
({x4, x9}, (0.0718692, 0.925096, 0.00239629, 0.000638321))
({x5, x6}, (0.0030313, 2.34922e-06, 3.31432e-06, 0.996963))
({x5, x7}, (6.65994e-10, 0.996965, 0.00303461, 1.14244e-08))
({x5, x8}, (0.00303461, 3.64722e-09, 5.67283e-10, 0.996965))
({x5, x9}, (5.66775e-10, 0.996965, 0.00303461, 3.58786e-09))
({x6, x7}, (2.33807e-06, 0.996963, 0.00303131, 3.31393e-06))
({x6, x8}, (0.0030313, 3.31376e-06, 2.34558e-06, 0.996963))
({x6, x9}, (2.34563e-06, 0.996963, 0.0030313, 3.31376e-06))
({x7, x8}, (1.08192e-10, 0.00303462, 0.996965, 7.7867e-09))
({x7, x9}, (0.996965, 7.83813e-09, 1.00761e-10, 0.00303461))
({x8, x9}, (6.07803e-11, 0.996965, 0.00303462, 1.92923e-12))
Exact log partition sum: 98.1123
Exact MAP variable marginals:
({x0}, (0.997435, 0.00256517))
({x1}, (0.997435, 0.00256517))
({x2}, (0.997435, 0.00256517))
({x3}, (0.997435, 0.00256517))
({x4}, (0.0719325, 0.928067))
({x5}, (0.00256517, 0.997435))
({x6}, (0.00256517, 0.997435))
({x7}, (0.997435, 0.00256517))
({x8}, (0.00256517, 0.997435))
({x9}, (0.997435, 0.00256517))
Exact MAP factor marginals:
({x0}, (0.997435, 0.00256517)) == ({x0}, (0.997435, 0.00256517))
({x1}, (0.997435, 0.00256517)) == ({x1}, (0.997435, 0.00256517))
({x2}, (0.997435, 0.00256517)) == ({x2}, (0.997435, 0.00256517))
({x3}, (0.997435, 0.00256517)) == ({x3}, (0.997435, 0.00256517))
({x4}, (0.0719325, 0.928067)) == ({x4}, (0.0719325, 0.928067))
({x5}, (0.00256517, 0.997435)) == ({x5}, (0.00256517, 0.997435))
({x6}, (0.00256517, 0.997435)) == ({x6}, (0.00256517, 0.997435))
({x7}, (0.997435, 0.00256517)) == ({x7}, (0.997435, 0.00256517))
({x8}, (0.00256517, 0.997435)) == ({x8}, (0.00256517, 0.997435))
({x9}, (0.997435, 0.00256517)) == ({x9}, (0.997435, 0.00256517))
({x0, x1}, (0.997418, 1.6214e-05, 5.3998e-07, 0.00256512)) == ({x0, x1}, (0.997418, 1.6214e-05, 5.3998e-07, 0.00256512))
({x0, x2}, (0.997228, 2.76377e-05, 0.000179337, 0.00256463)) == ({x0, x2}, (0.997228, 2.76377e-05, 0.000179337, 0.00256463))
({x0, x3}, (0.997216, 1.62107e-05, 0.000203352, 0.0025646)) == ({x0, x3}, (0.997216, 1.62107e-05, 0.000203352, 0.0025646))
({x0, x4}, (0.0717173, 0.00237963, 0.925291, 0.000612316)) == ({x0, x4}, (0.0717173, 0.00237963, 0.925291, 0.000612316))
({x0, x5}, (5.3998e-07, 0.00256512, 0.997418, 1.6214e-05)) == ({x0, x5}, (5.3998e-07, 0.00256512, 0.997418, 1.6214e-05))
({x0, x6}, (2.04115e-06, 0.00256512, 0.997417, 1.6214e-05)) == ({x0, x6}, (2.04115e-06, 0.00256512, 0.997417, 1.6214e-05))
({x0, x7}, (0.997418, 1.6214e-05, 5.3998e-07, 0.00256512)) == ({x0, x7}, (0.997418, 1.6214e-05, 5.3998e-07, 0.00256512))
({x0, x8}, (5.3998e-07, 0.00256512, 0.997418, 1.6214e-05)) == ({x0, x8}, (5.3998e-07, 0.00256512, 0.997418, 1.6214e-05))
({x0, x9}, (0.997418, 1.6214e-05, 5.3998e-07, 0.00256512)) == ({x0, x9}, (0.997418, 1.6214e-05, 5.3998e-07, 0.00256512))
({x1, x2}, (0.997228, 2.76377e-05, 0.000179337, 0.00256463)) == ({x1, x2}, (0.997228, 2.76377e-05, 0.000179337, 0.00256463))
({x1, x3}, (0.997217, 1.54392e-05, 0.000203352, 0.0025646)) == ({x1, x3}, (0.997217, 1.54392e-05, 0.000203352, 0.0025646))
({x1, x4}, (0.0717173, 0.00237963, 0.925291, 0.000612316)) == ({x1, x4}, (0.0717173, 0.00237963, 0.925291, 0.000612316))
({x1, x5}, (6.05577e-10, 0.00256517, 0.997435, 3.86429e-09)) == ({x1, x5}, (6.05577e-10, 0.00256517, 0.997435, 3.86429e-09))
({x1, x6}, (2.04118e-06, 0.00256515, 0.997429, 3.54523e-06)) == ({x1, x6}, (2.04118e-06, 0.00256515, 0.997429, 3.54523e-06))
({x1, x7}, (0.997435, 1.06348e-10, 8.10516e-09, 0.00256517)) == ({x1, x7}, (0.997435, 1.06348e-10, 8.10516e-09, 0.00256517))
({x1, x8}, (9.848e-12, 0.00256517, 0.997435, 2.44931e-11)) == ({x1, x8}, (9.848e-12, 0.00256517, 0.997435, 2.44931e-11))
({x1, x9}, (0.997435, 5.49816e-11, 1.27534e-12, 0.00256517)) == ({x1, x9}, (0.997435, 5.49816e-11, 1.27534e-12, 0.00256517))
({x2, x3}, (0.997053, 0.000179305, 0.000203318, 0.00256418)) == ({x2, x3}, (0.997053, 0.000179305, 0.000203318, 0.00256418))
({x2, x4}, (0.0717173, 0.00237963, 0.925291, 0.000612316)) == ({x2, x4}, (0.0717173, 0.00237963, 0.925291, 0.000612316))
({x2, x5}, (2.76377e-05, 0.00256463, 0.997228, 0.000179337)) == ({x2, x5}, (2.76377e-05, 0.00256463, 0.997228, 0.000179337))
({x2, x6}, (2.76377e-05, 0.00256463, 0.997228, 0.000179337)) == ({x2, x6}, (2.76377e-05, 0.00256463, 0.997228, 0.000179337))
({x2, x7}, (0.997228, 0.000179337, 2.76377e-05, 0.00256463)) == ({x2, x7}, (0.997228, 0.000179337, 2.76377e-05, 0.00256463))
({x2, x8}, (2.76377e-05, 0.00256463, 0.997228, 0.000179337)) == ({x2, x8}, (2.76377e-05, 0.00256463, 0.997228, 0.000179337))
({x2, x9}, (0.997228, 0.000179337, 2.76377e-05, 0.00256463)) == ({x2, x9}, (0.997228, 0.000179337, 2.76377e-05, 0.00256463))
({x3, x4}, (0.0717173, 0.00237963, 0.925291, 0.000612316)) == ({x3, x4}, (0.0717173, 0.00237963, 0.925291, 0.000612316))
({x3, x5}, (1.54392e-05, 0.0025646, 0.997217, 0.000203352)) == ({x3, x5}, (1.54392e-05, 0.0025646, 0.997217, 0.000203352))
({x3, x6}, (1.54392e-05, 0.0025646, 0.997217, 0.000203352)) == ({x3, x6}, (1.54392e-05, 0.0025646, 0.997217, 0.000203352))
({x3, x7}, (0.997217, 0.000203352, 1.54392e-05, 0.0025646)) == ({x3, x7}, (0.997217, 0.000203352, 1.54392e-05, 0.0025646))
({x3, x8}, (1.54392e-05, 0.0025646, 0.997217, 0.000203352)) == ({x3, x8}, (1.54392e-05, 0.0025646, 0.997217, 0.000203352))
({x3, x9}, (0.997217, 0.000203352, 1.54392e-05, 0.0025646)) == ({x3, x9}, (0.997217, 0.000203352, 1.54392e-05, 0.0025646))
({x4, x5}, (0.00237963, 0.000612316, 0.0717173, 0.925291)) == ({x4, x5}, (0.00237963, 0.000612316, 0.0717173, 0.925291))
({x4, x6}, (0.00237963, 0.000612316, 0.0717173, 0.925291)) == ({x4, x6}, (0.00237963, 0.000612316, 0.0717173, 0.925291))
({x4, x7}, (0.0717173, 0.925291, 0.00237963, 0.000612316)) == ({x4, x7}, (0.0717173, 0.925291, 0.00237963, 0.000612316))
({x4, x8}, (0.00237963, 0.000612316, 0.0717173, 0.925291)) == ({x4, x8}, (0.00237963, 0.000612316, 0.0717173, 0.925291))
({x4, x9}, (0.0717173, 0.925291, 0.00237963, 0.000612316)) == ({x4, x9}, (0.0717173, 0.925291, 0.00237963, 0.000612316))
({x5, x6}, (0.00256515, 2.04118e-06, 3.54523e-06, 0.997429)) == ({x5, x6}, (0.00256515, 2.04118e-06, 3.54523e-06, 0.997429))
({x5, x7}, (6.05577e-10, 0.997435, 0.00256517, 8.10516e-09)) == ({x5, x7}, (6.05577e-10, 0.997435, 0.00256517, 8.10516e-09))
({x5, x8}, (0.00256517, 3.86429e-09, 6.05577e-10, 0.997435)) == ({x5, x8}, (0.00256517, 3.86429e-09, 6.05577e-10, 0.997435))
({x5, x9}, (6.05577e-10, 0.997435, 0.00256517, 3.86429e-09)) == ({x5, x9}, (6.05577e-10, 0.997435, 0.00256517, 3.86429e-09))
({x6, x7}, (2.04118e-06, 0.997429, 0.00256515, 3.54523e-06)) == ({x6, x7}, (2.04118e-06, 0.997429, 0.00256515, 3.54523e-06))
({x6, x8}, (0.00256515, 3.54523e-06, 2.04118e-06, 0.997429)) == ({x6, x8}, (0.00256515, 3.54523e-06, 2.04118e-06, 0.997429))
({x6, x9}, (2.04118e-06, 0.997429, 0.00256515, 3.54523e-06)) == ({x6, x9}, (2.04118e-06, 0.997429, 0.00256515, 3.54523e-06))
({x7, x8}, (1.06348e-10, 0.00256517, 0.997435, 8.10516e-09)) == ({x7, x8}, (1.06348e-10, 0.00256517, 0.997435, 8.10516e-09))
({x7, x9}, (0.997435, 8.10516e-09, 1.06348e-10, 0.00256517)) == ({x7, x9}, (0.997435, 8.10516e-09, 1.06348e-10, 0.00256517))
({x8, x9}, (5.49816e-11, 0.997435, 0.00256517, 1.02262e-12)) == ({x8, x9}, (5.49816e-11, 0.997435, 0.00256517, 1.02262e-12))
Exact MAP state (log score = 98.0342):
x0: 0
x1: 0
x2: 0
x3: 0
x4: 1
x5: 1
x6: 1
x7: 0
x8: 1
x9: 0
