Builtin inference algorithms: {BP, EXACT, FBP, JTREE, TRWBP}

Exact variable marginals:
({x0}, (0.865273, 0.134727))
({x1}, (0.134727, 0.865273))
({x2}, (0.135825, 0.864175))
({x3}, (0.865265, 0.134735))
({x4}, (0.134727, 0.865273))
({x5}, (0.135753, 0.864247))
({x6}, (0.135751, 0.864249))
({x7}, (0.865273, 0.134727))
({x8}, (0.134874, 0.865126))
({x9}, (0.134727, 0.865273))
Exact factor marginals:
({x0}, (0.865273, 0.134727))
({x1}, (0.134727, 0.865273))
({x2}, (0.135825, 0.864175))
({x3}, (0.865265, 0.134735))
({x4}, (0.134727, 0.865273))
({x5}, (0.135753, 0.864247))
({x6}, (0.135751, 0.864249))
({x7}, (0.865273, 0.134727))
({x8}, (0.134874, 0.865126))
({x9}, (0.134727, 0.865273))
({x0, x1}, (1.88785e-09, 0.134727, 0.865273, 2.23239e-07))
({x0, x2}, (0.00114111, 0.134684, 0.864132, 4.28855e-05))
({x0, x3}, (0.865265, 6.47999e-07, 8.28716e-06, 0.134726))
({x0, x4}, (1.69242e-09, 0.134727, 0.865273, 4.88412e-08))
({x0, x5}, (0.00106282, 0.13469, 0.86421, 3.71374e-05))
({x0, x6}, (0.00106119, 0.13469, 0.864212, 3.68579e-05))
({x0, x7}, (0.865273, 2.27421e-07, 2.08213e-09, 0.134727))
({x0, x8}, (0.000196969, 0.134677, 0.865076, 5.01428e-05))
({x0, x9}, (2.5169e-09, 0.134727, 0.865273, 2.27736e-07))
({x1, x2}, (0.134684, 0.00114134, 4.28873e-05, 0.864132))
({x1, x3}, (5.84649e-07, 0.865265, 0.134726, 8.44516e-06))
({x1, x4}, (0.134727, 1.74398e-07, 1.96344e-10, 0.865273))
({x1, x5}, (0.13469, 0.00106304, 3.71392e-05, 0.86421))
({x1, x6}, (0.13469, 0.00106142, 3.68598e-05, 0.864212))
({x1, x7}, (4.19051e-09, 0.865273, 0.134727, 2.02356e-10))
({x1, x8}, (0.134677, 0.000196967, 4.99196e-05, 0.865076))
({x1, x9}, (0.134727, 6.36489e-10, 4.50467e-09, 0.865273))
({x2, x3}, (0.00114176, 0.864124, 0.134684, 5.11726e-05))
({x2, x4}, (0.134684, 4.28871e-05, 0.00114116, 0.864132))
({x2, x5}, (0.135747, 5.7491e-06, 7.82989e-05, 0.864169))
({x2, x6}, (0.135745, 6.03526e-06, 7.9929e-05, 0.864169))
({x2, x7}, (0.00114134, 0.864132, 0.134684, 4.28875e-05))
({x2, x8}, (0.134635, 0.000238925, 0.00119033, 0.863936))
({x2, x9}, (0.134684, 4.2887e-05, 0.00114134, 0.864132))
({x3, x4}, (5.99169e-07, 0.134726, 0.865265, 8.28547e-06))
({x3, x5}, (0.00106346, 0.134689, 0.864202, 4.54245e-05))
({x3, x6}, (0.00106184, 0.13469, 0.864203, 4.51451e-05))
({x3, x7}, (0.865265, 8.44902e-06, 5.8453e-07, 0.134726))
({x3, x8}, (0.000197424, 0.134676, 0.865068, 5.82367e-05))
({x3, x9}, (5.85276e-07, 0.134726, 0.865265, 8.44965e-06))
({x4, x5}, (0.13469, 0.00106286, 3.7139e-05, 0.86421))
({x4, x6}, (0.13469, 0.00106124, 3.68596e-05, 0.864212))
({x4, x7}, (1.78581e-07, 0.865273, 0.134727, 3.91177e-10))
({x4, x8}, (0.134677, 0.000196967, 5.0094e-05, 0.865076))
({x4, x9}, (0.134727, 8.25354e-10, 1.78896e-07, 0.865273))
({x5, x6}, (0.135751, 2.91438e-07, 1.63534e-06, 0.864247))
({x5, x7}, (0.00106304, 0.86421, 0.13469, 3.71393e-05))
({x5, x8}, (0.13464, 0.000234106, 0.00111296, 0.864013))
({x5, x9}, (0.13469, 3.71388e-05, 0.00106304, 0.86421))
({x6, x7}, (0.00106142, 0.864212, 0.13469, 3.686e-05))
({x6, x8}, (0.13464, 0.000233827, 0.00111134, 0.864015))
({x6, x9}, (0.13469, 3.68595e-05, 0.00106142, 0.864212))
({x7, x8}, (0.000196967, 0.134677, 0.865076, 4.99154e-05))
({x7, x9}, (7.58685e-10, 0.134727, 0.865273, 6.3871e-10))
({x8, x9}, (0.134677, 4.9916e-05, 0.000196967, 0.865076))
Exact log partition sum: 38.505
Exact MAP variable marginals:
({x0}, (0.865172, 0.134828))
({x1}, (0.134828, 0.865172))
({x2}, (0.134828, 0.865172))
({x3}, (0.865172, 0.134828))
({x4}, (0.134828, 0.865172))
({x5}, (0.134828, 0.865172))
({x6}, (0.134828, 0.865172))
({x7}, (0.865172, 0.134828))
({x8}, (0.134828, 0.865172))
({x9}, (0.134828, 0.865172))
Exact MAP factor marginals:
({x0}, (0.865172, 0.134828)) == ({x0}, (0.865172, 0.134828))
({x1}, (0.134828, 0.865172)) == ({x1}, (0.134828, 0.865172))
({x2}, (0.134828, 0.865172)) == ({x2}, (0.134828, 0.865172))
({x3}, (0.865172, 0.134828)) == ({x3}, (0.865172, 0.134828))
({x4}, (0.134828, 0.865172)) == ({x4}, (0.134828, 0.865172))
({x5}, (0.134828, 0.865172)) == ({x5}, (0.134828, 0.865172))
({x6}, (0.134828, 0.865172)) == ({x6}, (0.134828, 0.865172))
({x7}, (0.865172, 0.134828)) == ({x7}, (0.865172, 0.134828))
({x8}, (0.134828, 0.865172)) == ({x8}, (0.134828, 0.865172))
({x9}, (0.134828, 0.865172)) == ({x9}, (0.134828, 0.865172))
({x0, x1}, (1.69286e-09, 0.134828, 0.865172, 1.5994e-07)) == ({x0, x1}, (1.69286e-09, 0.134828, 0.865172, 1.5994e-07))
({x0, x2}, (0.00106154, 0.134679, 0.864222, 3.68698e-05)) == ({x0, x2}, (0.00106154, 0.134679, 0.864222, 3.68698e-05))
({x0, x3}, (0.865165, 5.72053e-07, 8.18236e-06, 0.134826)) == ({x0, x3}, (0.865165, 5.72053e-07, 8.18236e-06, 0.134826))
({x0, x4}, (1.69286e-09, 0.134828, 0.865172, 4.88685e-08)) == ({x0, x4}, (1.69286e-09, 0.134828, 0.865172, 4.88685e-08))
({x0, x5}, (0.00106154, 0.134679, 0.864222, 3.68698e-05)) == ({x0, x5}, (0.00106154, 0.134679, 0.864222, 3.68698e-05))
({x0, x6}, (0.00106154, 0.134679, 0.864222, 3.68698e-05)) == ({x0, x6}, (0.00106154, 0.134679, 0.864222, 3.68698e-05))
({x0, x7}, (0.865172, 1.5994e-07, 1.69286e-09, 0.134828)) == ({x0, x7}, (0.865172, 1.5994e-07, 1.69286e-09, 0.134828))
({x0, x8}, (0.000196256, 0.134794, 0.86496, 4.98629e-05)) == ({x0, x8}, (0.000196256, 0.134794, 0.86496, 4.98629e-05))
({x0, x9}, (1.69286e-09, 0.134828, 0.865172, 1.5994e-07)) == ({x0, x9}, (1.69286e-09, 0.134828, 0.865172, 1.5994e-07))
({x1, x2}, (0.134679, 0.00106154, 3.68698e-05, 0.864222)) == ({x1, x2}, (0.134679, 0.00106154, 3.68698e-05, 0.864222))
({x1, x3}, (5.72053e-07, 0.865165, 0.134826, 8.18236e-06)) == ({x1, x3}, (5.72053e-07, 0.865165, 0.134826, 8.18236e-06))
({x1, x4}, (0.134828, 1.5994e-07, 1.6059e-10, 0.865172)) == ({x1, x4}, (0.134828, 1.5994e-07, 1.6059e-10, 0.865172))
({x1, x5}, (0.134679, 0.00106154, 3.68698e-05, 0.864222)) == ({x1, x5}, (0.134679, 0.00106154, 3.68698e-05, 0.864222))
({x1, x6}, (0.134679, 0.00106154, 3.68698e-05, 0.864222)) == ({x1, x6}, (0.134679, 0.00106154, 3.68698e-05, 0.864222))
({x1, x7}, (3.91042e-09, 0.865172, 0.134828, 1.30422e-10)) == ({x1, x7}, (3.91042e-09, 0.865172, 0.134828, 1.30422e-10))
({x1, x8}, (0.134794, 0.000196256, 4.98629e-05, 0.86496)) == ({x1, x8}, (0.134794, 0.000196256, 4.98629e-05, 0.86496))
({x1, x9}, (0.134828, 5.42278e-10, 3.91042e-09, 0.865172)) == ({x1, x9}, (0.134828, 5.42278e-10, 3.91042e-09, 0.865172))
({x2, x3}, (0.00106154, 0.864222, 0.134679, 3.68698e-05)) == ({x2, x3}, (0.00106154, 0.864222, 0.134679, 3.68698e-05))
({x2, x4}, (0.134679, 3.68698e-05, 0.00106154, 0.864222)) == ({x2, x4}, (0.134679, 3.68698e-05, 0.00106154, 0.864222))
({x2, x5}, (0.134816, 5.65726e-06, 7.75686e-05, 0.8651)) == ({x2, x5}, (0.134816, 5.65726e-06, 7.75686e-05, 0.8651))
({x2, x6}, (0.134816, 5.65726e-06, 7.75686e-05, 0.8651)) == ({x2, x6}, (0.134816, 5.65726e-06, 7.75686e-05, 0.8651))
({x2, x7}, (0.00106154, 0.864222, 0.134679, 3.68698e-05)) == ({x2, x7}, (0.00106154, 0.864222, 0.134679, 3.68698e-05))
({x2, x8}, (0.134658, 0.000196057, 0.00106137, 0.864085)) == ({x2, x8}, (0.134658, 0.000196057, 0.00106137, 0.864085))
({x2, x9}, (0.134679, 3.68698e-05, 0.00106154, 0.864222)) == ({x2, x9}, (0.134679, 3.68698e-05, 0.00106154, 0.864222))
({x3, x4}, (5.72053e-07, 0.134826, 0.865165, 8.18236e-06)) == ({x3, x4}, (5.72053e-07, 0.134826, 0.865165, 8.18236e-06))
({x3, x5}, (0.00106154, 0.134679, 0.864222, 3.68698e-05)) == ({x3, x5}, (0.00106154, 0.134679, 0.864222, 3.68698e-05))
({x3, x6}, (0.00106154, 0.134679, 0.864222, 3.68698e-05)) == ({x3, x6}, (0.00106154, 0.134679, 0.864222, 3.68698e-05))
({x3, x7}, (0.865165, 8.18236e-06, 5.72053e-07, 0.134826)) == ({x3, x7}, (0.865165, 8.18236e-06, 5.72053e-07, 0.134826))
({x3, x8}, (0.000196256, 0.134794, 0.86496, 4.98629e-05)) == ({x3, x8}, (0.000196256, 0.134794, 0.86496, 4.98629e-05))
({x3, x9}, (5.72053e-07, 0.134826, 0.865165, 8.18236e-06)) == ({x3, x9}, (5.72053e-07, 0.134826, 0.865165, 8.18236e-06))
({x4, x5}, (0.134679, 0.00106154, 3.68698e-05, 0.864222)) == ({x4, x5}, (0.134679, 0.00106154, 3.68698e-05, 0.864222))
({x4, x6}, (0.134679, 0.00106154, 3.68698e-05, 0.864222)) == ({x4, x6}, (0.134679, 0.00106154, 3.68698e-05, 0.864222))
({x4, x7}, (1.5994e-07, 0.865172, 0.134828, 1.6059e-10)) == ({x4, x7}, (1.5994e-07, 0.865172, 0.134828, 1.6059e-10))
({x4, x8}, (0.134794, 0.000196256, 4.98629e-05, 0.86496)) == ({x4, x8}, (0.134794, 0.000196256, 4.98629e-05, 0.86496))
({x4, x9}, (0.134828, 5.42278e-10, 1.5994e-07, 0.865172)) == ({x4, x9}, (0.134828, 5.42278e-10, 1.5994e-07, 0.865172))
({x5, x6}, (0.134827, 2.79794e-07, 1.63679e-06, 0.865171)) == ({x5, x6}, (0.134827, 2.79794e-07, 1.63679e-06, 0.865171))
({x5, x7}, (0.00106154, 0.864222, 0.134679, 3.68698e-05)) == ({x5, x7}, (0.00106154, 0.864222, 0.134679, 3.68698e-05))
({x5, x8}, (0.134658, 0.000196057, 0.00106137, 0.864085)) == ({x5, x8}, (0.134658, 0.000196057, 0.00106137, 0.864085))
({x5, x9}, (0.134679, 3.68698e-05, 0.00106154, 0.864222)) == ({x5, x9}, (0.134679, 3.68698e-05, 0.00106154, 0.864222))
({x6, x7}, (0.00106154, 0.864222, 0.134679, 3.68698e-05)) == ({x6, x7}, (0.00106154, 0.864222, 0.134679, 3.68698e-05))
({x6, x8}, (0.134658, 0.000196057, 0.00106137, 0.864085)) == ({x6, x8}, (0.134658, 0.000196057, 0.00106137, 0.864085))
({x6, x9}, (0.134679, 3.68698e-05, 0.00106154, 0.864222)) == ({x6, x9}, (0.134679, 3.68698e-05, 0.00106154, 0.864222))
({x7, x8}, (0.000196256, 0.134794, 0.86496, 4.98629e-05)) == ({x7, x8}, (0.000196256, 0.134794, 0.86496, 4.98629e-05))
({x7, x9}, (5.42278e-10, 0.134828, 0.865172, 3.73175e-10)) == ({x7, x9}, (5.42278e-10, 0.134828, 0.865172, 3.73175e-10))
({x8, x9}, (0.134794, 4.98629e-05, 0.000196256, 0.86496)) == ({x8, x9}, (0.134794, 4.98629e-05, 0.000196256, 0.86496))
Exact MAP state (log score = 38.3588):
x0: 0
x1: 1
x2: 1
x3: 0
x4: 1
x5: 1
x6: 1
x7: 0
x8: 1
x9: 1
