Builtin inference algorithms: {BP, EXACT, FBP, JTREE, TRWBP}

Exact variable marginals:
({x0}, (0.636147, 0.363853))
({x1}, (0.183677, 0.816323))
({x2}, (0.272039, 0.727961))
({x3}, (0.204336, 0.795664))
({x4}, (0.333613, 0.666387))
({x5}, (0.768685, 0.231315))
({x6}, (0.344381, 0.655619))
({x7}, (0.167098, 0.832902))
({x8}, (0.547354, 0.452646))
({x9}, (0.923874, 0.0761262))
Exact factor marginals:
({x0}, (0.636147, 0.363853))
({x1}, (0.183677, 0.816323))
({x2}, (0.272039, 0.727961))
({x3}, (0.204336, 0.795664))
({x4}, (0.333613, 0.666387))
({x5}, (0.768685, 0.231315))
({x6}, (0.344381, 0.655619))
({x7}, (0.167098, 0.832902))
({x8}, (0.547354, 0.452646))
({x9}, (0.923874, 0.0761262))
({x0, x1}, (0.15801, 0.025667, 0.478137, 0.338186))
({x0, x2}, (0.130106, 0.141933, 0.506041, 0.22192))
({x0, x3}, (0.110066, 0.0942696, 0.526081, 0.269583))
({x0, x4}, (0.158623, 0.174989, 0.477524, 0.188863))
({x0, x5}, (0.49914, 0.269545, 0.137007, 0.0943075))
({x0, x6}, (0.231323, 0.113059, 0.404824, 0.250794))
({x0, x7}, (0.147623, 0.0194745, 0.488524, 0.344378))
({x0, x8}, (0.334626, 0.212728, 0.301521, 0.151124))
({x0, x9}, (0.576889, 0.346985, 0.0592587, 0.0168675))
({x1, x2}, (0.0756704, 0.196369, 0.108007, 0.619954))
({x1, x3}, (0.0799645, 0.124371, 0.103713, 0.691951))
({x1, x4}, (0.0750281, 0.258585, 0.108649, 0.557738))
({x1, x5}, (0.155092, 0.613593, 0.0285854, 0.202729))
({x1, x6}, (0.109558, 0.234823, 0.0741192, 0.581499))
({x1, x7}, (0.0958327, 0.0712648, 0.0878445, 0.745058))
({x1, x8}, (0.0995054, 0.447849, 0.0841718, 0.368474))
({x1, x9}, (0.152859, 0.771015, 0.030818, 0.0453082))
({x2, x3}, (0.125168, 0.0791678, 0.146871, 0.648793))
({x2, x4}, (0.180896, 0.152717, 0.0911428, 0.575245))
({x2, x5}, (0.190719, 0.577966, 0.0813196, 0.149995))
({x2, x6}, (0.177068, 0.167313, 0.0949705, 0.560648))
({x2, x7}, (0.0597476, 0.10735, 0.212291, 0.620611))
({x2, x8}, (0.103065, 0.444289, 0.168974, 0.283672))
({x2, x9}, (0.238062, 0.685812, 0.0339771, 0.0421491))
({x3, x4}, (0.144142, 0.189471, 0.0601939, 0.606193))
({x3, x5}, (0.150817, 0.617868, 0.0535185, 0.177796))
({x3, x6}, (0.139904, 0.204477, 0.0644315, 0.591187))
({x3, x7}, (0.0495544, 0.117543, 0.154782, 0.678121))
({x3, x8}, (0.0428636, 0.504491, 0.161472, 0.291173))
({x3, x9}, (0.167977, 0.755897, 0.0363594, 0.0397668))
({x4, x5}, (0.276962, 0.491723, 0.0566509, 0.174664))
({x4, x6}, (0.139459, 0.204922, 0.194153, 0.461465))
({x4, x7}, (0.0546099, 0.112488, 0.279003, 0.5539))
({x4, x8}, (0.110563, 0.436791, 0.22305, 0.229596))
({x4, x9}, (0.297921, 0.625953, 0.0356916, 0.0404346))
({x5, x6}, (0.206394, 0.137987, 0.562291, 0.0933275))
({x5, x7}, (0.144493, 0.0226041, 0.624192, 0.208711))
({x5, x8}, (0.446372, 0.100982, 0.322313, 0.130332))
({x5, x9}, (0.71712, 0.206754, 0.051565, 0.0245611))
({x6, x7}, (0.100975, 0.0661227, 0.243407, 0.589496))
({x6, x8}, (0.111893, 0.435461, 0.232488, 0.220158))
({x6, x9}, (0.308932, 0.614942, 0.0354492, 0.040677))
({x7, x8}, (0.118731, 0.428624, 0.0483668, 0.404279))
({x7, x9}, (0.132215, 0.791659, 0.0348826, 0.0412436))
({x8, x9}, (0.508291, 0.415583, 0.0390632, 0.0370629))
Exact log partition sum: 6.1868
Exact MAP variable marginals:
({x0}, (0.613615, 0.386385))
({x1}, (0.108555, 0.891445))
({x2}, (0.114524, 0.885476))
({x3}, (0.114524, 0.885476))
({x4}, (0.173253, 0.826747))
({x5}, (0.841726, 0.158274))
({x6}, (0.158274, 0.841726))
({x7}, (0.127099, 0.872901))
({x8}, (0.674104, 0.325896))
({x9}, (0.96508, 0.0349196))
Exact MAP factor marginals:
({x0}, (0.613615, 0.386385)) == ({x0}, (0.613615, 0.386385))
({x1}, (0.108555, 0.891445)) == ({x1}, (0.108555, 0.891445))
({x2}, (0.114524, 0.885476)) == ({x2}, (0.114524, 0.885476))
({x3}, (0.114524, 0.885476)) == ({x3}, (0.114524, 0.885476))
({x4}, (0.173253, 0.826747)) == ({x4}, (0.173253, 0.826747))
({x5}, (0.841726, 0.158274)) == ({x5}, (0.841726, 0.158274))
({x6}, (0.158274, 0.841726)) == ({x6}, (0.158274, 0.841726))
({x7}, (0.127099, 0.872901)) == ({x7}, (0.127099, 0.872901))
({x8}, (0.674104, 0.325896)) == ({x8}, (0.674104, 0.325896))
({x9}, (0.96508, 0.0349196)) == ({x9}, (0.96508, 0.0349196))
({x0, x1}, (0.0682665, 0.0181345, 0.560598, 0.353001)) == ({x0, x1}, (0.0682665, 0.0181345, 0.560598, 0.353001))
({x0, x2}, (0.0316365, 0.0712013, 0.550512, 0.34665)) == ({x0, x2}, (0.0316365, 0.0712013, 0.550512, 0.34665))
({x0, x3}, (0.0316365, 0.0712013, 0.550512, 0.34665)) == ({x0, x3}, (0.0316365, 0.0712013, 0.550512, 0.34665))
({x0, x4}, (0.103179, 0.094424, 0.492362, 0.310034)) == ({x0, x4}, (0.103179, 0.094424, 0.492362, 0.310034))
({x0, x5}, (0.505515, 0.318317, 0.0950544, 0.0811137)) == ({x0, x5}, (0.505515, 0.318317, 0.0950544, 0.0811137))
({x0, x6}, (0.0965737, 0.0664266, 0.513595, 0.323404)) == ({x0, x6}, (0.0965737, 0.0664266, 0.513595, 0.323404))
({x0, x7}, (0.0810489, 0.0118075, 0.556637, 0.350507)) == ({x0, x7}, (0.0810489, 0.0118075, 0.556637, 0.350507))
({x0, x8}, (0.445861, 0.280753, 0.215552, 0.0578328)) == ({x0, x8}, (0.445861, 0.280753, 0.215552, 0.0578328))
({x0, x9}, (0.595533, 0.375, 0.0215482, 0.00791923)) == ({x0, x9}, (0.595533, 0.375, 0.0215482, 0.00791923))
({x1, x2}, (0.0439159, 0.0988374, 0.0930587, 0.764188)) == ({x1, x2}, (0.0439159, 0.0988374, 0.0930587, 0.764188))
({x1, x3}, (0.0439159, 0.0988374, 0.0930587, 0.764188)) == ({x1, x3}, (0.0439159, 0.0988374, 0.0930587, 0.764188))
({x1, x4}, (0.0413792, 0.150892, 0.0876832, 0.720045)) == ({x1, x4}, (0.0413792, 0.150892, 0.0876832, 0.720045))
({x1, x5}, (0.091939, 0.754994, 0.0111023, 0.141965)) == ({x1, x5}, (0.091939, 0.754994, 0.0111023, 0.141965))
({x1, x6}, (0.0650974, 0.134214, 0.086919, 0.71377)) == ({x1, x6}, (0.0650974, 0.134214, 0.086919, 0.71377))
({x1, x7}, (0.0788771, 0.105825, 0.0885049, 0.726793)) == ({x1, x7}, (0.0788771, 0.105825, 0.0885049, 0.726793))
({x1, x8}, (0.0732393, 0.601434, 0.0345629, 0.290764)) == ({x1, x8}, (0.0732393, 0.601434, 0.0345629, 0.290764))
({x1, x9}, (0.102077, 0.838243, 0.0303302, 0.0293503)) == ({x1, x9}, (0.102077, 0.838243, 0.0303302, 0.0293503))
({x2, x3}, (0.0982281, 0.0451851, 0.0971099, 0.759477)) == ({x2, x3}, (0.0982281, 0.0451851, 0.0971099, 0.759477))
({x2, x4}, (0.0923353, 0.149608, 0.0441414, 0.713915)) == ({x2, x4}, (0.0923353, 0.149608, 0.0441414, 0.713915))
({x2, x5}, (0.0919224, 0.710723, 0.063714, 0.133641)) == ({x2, x5}, (0.0919224, 0.710723, 0.063714, 0.133641))
({x2, x6}, (0.0894917, 0.130107, 0.0884729, 0.691929)) == ({x2, x6}, (0.0894917, 0.130107, 0.0884729, 0.691929))
({x2, x7}, (0.0431305, 0.109279, 0.0970697, 0.750521)) == ({x2, x7}, (0.0431305, 0.109279, 0.0970697, 0.750521))
({x2, x8}, (0.0734576, 0.574497, 0.0743035, 0.277741)) == ({x2, x8}, (0.0734576, 0.574497, 0.0743035, 0.277741))
({x2, x9}, (0.107733, 0.832963, 0.0301392, 0.0291655)) == ({x2, x9}, (0.107733, 0.832963, 0.0301392, 0.0291655))
({x3, x4}, (0.0947026, 0.153443, 0.0196355, 0.732219)) == ({x3, x4}, (0.0947026, 0.153443, 0.0196355, 0.732219))
({x3, x5}, (0.0919224, 0.710723, 0.063714, 0.133641)) == ({x3, x5}, (0.0919224, 0.710723, 0.063714, 0.133641))
({x3, x6}, (0.0938778, 0.136483, 0.0437975, 0.725841)) == ({x3, x6}, (0.0938778, 0.136483, 0.0437975, 0.725841))
({x3, x7}, (0.0431305, 0.109279, 0.0970697, 0.750521)) == ({x3, x7}, (0.0431305, 0.109279, 0.0970697, 0.750521))
({x3, x8}, (0.0139486, 0.611396, 0.0790758, 0.29558)) == ({x3, x8}, (0.0139486, 0.611396, 0.0790758, 0.29558))
({x3, x9}, (0.107733, 0.832963, 0.0301392, 0.0291655)) == ({x3, x9}, (0.107733, 0.832963, 0.0301392, 0.0291655))
({x4, x5}, (0.140905, 0.672386, 0.0602772, 0.126432)) == ({x4, x5}, (0.140905, 0.672386, 0.0602772, 0.126432))
({x4, x6}, (0.0847036, 0.123146, 0.137242, 0.654909)) == ({x4, x6}, (0.0847036, 0.123146, 0.137242, 0.654909))
({x4, x7}, (0.0406811, 0.103073, 0.148347, 0.707899)) == ({x4, x7}, (0.0406811, 0.103073, 0.148347, 0.707899))
({x4, x8}, (0.10175, 0.530564, 0.111185, 0.256502)) == ({x4, x8}, (0.10175, 0.530564, 0.111185, 0.256502))
({x4, x9}, (0.163622, 0.780788, 0.0282513, 0.0273386)) == ({x4, x9}, (0.163622, 0.780788, 0.0282513, 0.0273386))
({x5, x6}, (0.0946896, 0.124715, 0.663255, 0.11734)) == ({x5, x6}, (0.0946896, 0.124715, 0.663255, 0.11734))
({x5, x7}, (0.107637, 0.0141178, 0.739242, 0.139003)) == ({x5, x7}, (0.107637, 0.0141178, 0.739242, 0.139003))
({x5, x8}, (0.541008, 0.0957126, 0.261551, 0.101728)) == ({x5, x8}, (0.541008, 0.0957126, 0.261551, 0.101728))
({x5, x9}, (0.804791, 0.151329, 0.0291198, 0.0147602)) == ({x5, x9}, (0.804791, 0.151329, 0.0291198, 0.0147602))
({x6, x7}, (0.0640087, 0.10219, 0.131969, 0.701832)) == ({x6, x7}, (0.0640087, 0.10219, 0.131969, 0.701832))
({x6, x8}, (0.0517404, 0.567315, 0.106675, 0.274269)) == ({x6, x8}, (0.0517404, 0.567315, 0.106675, 0.274269))
({x6, x9}, (0.149325, 0.794135, 0.0287342, 0.0278059)) == ({x6, x9}, (0.149325, 0.794135, 0.0287342, 0.0278059))
({x7, x8}, (0.0863342, 0.592936, 0.0340745, 0.286656)) == ({x7, x8}, (0.0863342, 0.592936, 0.0340745, 0.286656))
({x7, x9}, (0.119662, 0.821826, 0.0297362, 0.0287755)) == ({x7, x9}, (0.119662, 0.821826, 0.0297362, 0.0287755))
({x8, x9}, (0.643232, 0.310971, 0.0225222, 0.0232741)) == ({x8, x9}, (0.643232, 0.310971, 0.0225222, 0.0232741))
Exact MAP state (log score = 4.10726):
x0: 0
x1: 1
x2: 1
x3: 1
x4: 1
x5: 0
x6: 1
x7: 1
x8: 0
x9: 0
