Builtin inference algorithms: {BP, EXACT, FBP, JTREE, TRWBP}

Exact variable marginals:
({x0}, (0.829007, 0.170993))
({x1}, (0.829007, 0.170993))
({x2}, (0.170993, 0.829007))
({x3}, (0.829007, 0.170993))
({x4}, (0.170993, 0.829007))
({x5}, (0.829007, 0.170993))
({x6}, (0.829007, 0.170993))
({x7}, (0.829007, 0.170993))
({x8}, (0.170993, 0.829007))
({x9}, (0.170993, 0.829007))
Exact factor marginals:
({x0}, (0.829007, 0.170993))
({x1}, (0.829007, 0.170993))
({x2}, (0.170993, 0.829007))
({x3}, (0.829007, 0.170993))
({x4}, (0.170993, 0.829007))
({x5}, (0.829007, 0.170993))
({x6}, (0.829007, 0.170993))
({x7}, (0.829007, 0.170993))
({x8}, (0.170993, 0.829007))
({x9}, (0.170993, 0.829007))
({x0, x1}, (0.829007, 2.61311e-15, 1.35621e-18, 0.170993))
({x0, x2}, (2.0993e-11, 0.170993, 0.829007, 2.46407e-11))
({x0, x3}, (0.829007, 3.9981e-12, 1.47905e-09, 0.170993))
({x0, x4}, (8.05119e-15, 0.170993, 0.829007, 2.01945e-14))
({x0, x5}, (0.829007, 1.11035e-08, 1.01655e-08, 0.170993))
({x0, x6}, (0.829007, 8.52182e-15, 5.79753e-15, 0.170993))
({x0, x7}, (0.829007, 4.02846e-10, 7.99182e-09, 0.170993))
({x0, x8}, (4.87407e-09, 0.170993, 0.829007, 3.11763e-11))
({x0, x9}, (2.00044e-17, 0.170993, 0.829007, 2.6152e-15))
({x1, x2}, (2.0993e-11, 0.170993, 0.829007, 2.4638e-11))
({x1, x3}, (0.829007, 3.99809e-12, 1.47905e-09, 0.170993))
({x1, x4}, (8.04984e-15, 0.170993, 0.829007, 1.75814e-14))
({x1, x5}, (0.829007, 1.11035e-08, 1.01655e-08, 0.170993))
({x1, x6}, (0.829007, 5.90871e-15, 5.79617e-15, 0.170993))
({x1, x7}, (0.829007, 4.02846e-10, 7.99182e-09, 0.170993))
({x1, x8}, (4.87407e-09, 0.170993, 0.829007, 3.11763e-11))
({x1, x9}, (1.86485e-17, 0.170993, 0.829007, 2.09074e-18))
({x2, x3}, (2.49911e-11, 0.829007, 0.170993, 1.50369e-09))
({x2, x4}, (0.170993, 2.46461e-11, 2.10106e-11, 0.829007))
({x2, x5}, (1.11245e-08, 0.829007, 0.170993, 1.01902e-08))
({x2, x6}, (2.09989e-11, 0.829007, 0.170993, 2.46438e-11))
({x2, x7}, (4.23839e-10, 0.829007, 0.170993, 8.01646e-09))
({x2, x8}, (0.170993, 4.89871e-09, 5.21694e-11, 0.829007))
({x2, x9}, (0.170993, 2.46381e-11, 2.0993e-11, 0.829007))
({x3, x4}, (4.00614e-12, 0.170993, 0.829007, 1.47907e-09))
({x3, x5}, (0.829007, 1.25825e-08, 1.01695e-08, 0.170993))
({x3, x6}, (0.829007, 1.47906e-09, 4.00389e-12, 0.170993))
({x3, x7}, (0.829007, 3.9885e-10, 6.51277e-09, 0.170993))
({x3, x8}, (3.39502e-09, 0.170993, 0.829007, 2.71807e-11))
({x3, x9}, (3.99811e-12, 0.170993, 0.829007, 1.47905e-09))
({x4, x5}, (1.11035e-08, 0.829007, 0.170993, 1.01656e-08))
({x4, x6}, (1.39584e-14, 0.829007, 0.170993, 2.33775e-14))
({x4, x7}, (4.02847e-10, 0.829007, 0.170993, 7.99183e-09))
({x4, x8}, (0.170993, 4.87408e-09, 3.11776e-11, 0.829007))
({x4, x9}, (0.170993, 1.76e-14, 8.05187e-15, 0.829007))
({x5, x6}, (0.829007, 1.01655e-08, 1.11035e-08, 0.170993))
({x5, x7}, (0.829007, 1.04984e-08, 1.90253e-08, 0.170993))
({x5, x8}, (1.59775e-08, 0.170993, 0.829007, 1.01967e-08))
({x5, x9}, (1.11035e-08, 0.170993, 0.829007, 1.01655e-08))
({x6, x7}, (0.829007, 4.02852e-10, 7.99183e-09, 0.170993))
({x6, x8}, (4.87407e-09, 0.170993, 0.829007, 3.11821e-11))
({x6, x9}, (5.92729e-15, 0.170993, 0.829007, 5.7982e-15))
({x7, x8}, (1.72019e-09, 0.170993, 0.829007, 4.46627e-09))
({x7, x9}, (4.02846e-10, 0.170993, 0.829007, 7.99182e-09))
({x8, x9}, (0.170993, 3.11763e-11, 4.87407e-09, 0.829007))
Exact log partition sum: 90.5232
Exact MAP variable marginals:
({x0}, (0.829007, 0.170993))
({x1}, (0.829007, 0.170993))
({x2}, (0.170993, 0.829007))
({x3}, (0.829007, 0.170993))
({x4}, (0.170993, 0.829007))
({x5}, (0.829007, 0.170993))
({x6}, (0.829007, 0.170993))
({x7}, (0.829007, 0.170993))
({x8}, (0.170993, 0.829007))
({x9}, (0.170993, 0.829007))
Exact MAP factor marginals:
({x0}, (0.829007, 0.170993)) == ({x0}, (0.829007, 0.170993))
({x1}, (0.829007, 0.170993)) == ({x1}, (0.829007, 0.170993))
({x2}, (0.170993, 0.829007)) == ({x2}, (0.170993, 0.829007))
({x3}, (0.829007, 0.170993)) == ({x3}, (0.829007, 0.170993))
({x4}, (0.170993, 0.829007)) == ({x4}, (0.170993, 0.829007))
({x5}, (0.829007, 0.170993)) == ({x5}, (0.829007, 0.170993))
({x6}, (0.829007, 0.170993)) == ({x6}, (0.829007, 0.170993))
({x7}, (0.829007, 0.170993)) == ({x7}, (0.829007, 0.170993))
({x8}, (0.170993, 0.829007)) == ({x8}, (0.170993, 0.829007))
({x9}, (0.170993, 0.829007)) == ({x9}, (0.170993, 0.829007))
({x0, x1}, (0.829007, 2.61091e-15, 1.27715e-18, 0.170993)) == ({x0, x1}, (0.829007, 2.61091e-15, 1.27715e-18, 0.170993))
({x0, x2}, (2.09927e-11, 0.170993, 0.829007, 2.46358e-11)) == ({x0, x2}, (2.09927e-11, 0.170993, 0.829007, 2.46358e-11))
({x0, x3}, (0.829007, 3.99784e-12, 1.47905e-09, 0.170993)) == ({x0, x3}, (0.829007, 3.99784e-12, 1.47905e-09, 0.170993))
({x0, x4}, (5.69994e-15, 0.170993, 0.829007, 1.65515e-14)) == ({x0, x4}, (5.69994e-15, 0.170993, 0.829007, 1.65515e-14))
({x0, x5}, (0.829007, 1.1082e-08, 1.01171e-08, 0.170993)) == ({x0, x5}, (0.829007, 1.1082e-08, 1.01171e-08, 0.170993))
({x0, x6}, (0.829007, 5.69877e-15, 4.86954e-15, 0.170993)) == ({x0, x6}, (0.829007, 5.69877e-15, 4.86954e-15, 0.170993))
({x0, x7}, (0.829007, 3.66919e-10, 4.40108e-09, 0.170993)) == ({x0, x7}, (0.829007, 3.66919e-10, 4.40108e-09, 0.170993))
({x0, x8}, (2.0632e-09, 0.170993, 0.829007, 1.67124e-11)) == ({x0, x8}, (2.0632e-09, 0.170993, 0.829007, 1.67124e-11))
({x0, x9}, (1.86473e-17, 0.170993, 0.829007, 2.61091e-15)) == ({x0, x9}, (1.86473e-17, 0.170993, 0.829007, 2.61091e-15))
({x1, x2}, (2.09927e-11, 0.170993, 0.829007, 2.46358e-11)) == ({x1, x2}, (2.09927e-11, 0.170993, 0.829007, 2.46358e-11))
({x1, x3}, (0.829007, 3.99784e-12, 1.47905e-09, 0.170993)) == ({x1, x3}, (0.829007, 3.99784e-12, 1.47905e-09, 0.170993))
({x1, x4}, (5.69994e-15, 0.170993, 0.829007, 1.65515e-14)) == ({x1, x4}, (5.69994e-15, 0.170993, 0.829007, 1.65515e-14))
({x1, x5}, (0.829007, 1.1082e-08, 1.01171e-08, 0.170993)) == ({x1, x5}, (0.829007, 1.1082e-08, 1.01171e-08, 0.170993))
({x1, x6}, (0.829007, 5.69877e-15, 4.86954e-15, 0.170993)) == ({x1, x6}, (0.829007, 5.69877e-15, 4.86954e-15, 0.170993))
({x1, x7}, (0.829007, 3.66919e-10, 4.40108e-09, 0.170993)) == ({x1, x7}, (0.829007, 3.66919e-10, 4.40108e-09, 0.170993))
({x1, x8}, (2.0632e-09, 0.170993, 0.829007, 1.67124e-11)) == ({x1, x8}, (2.0632e-09, 0.170993, 0.829007, 1.67124e-11))
({x1, x9}, (1.86473e-17, 0.170993, 0.829007, 2.0287e-18)) == ({x1, x9}, (1.86473e-17, 0.170993, 0.829007, 2.0287e-18))
({x2, x3}, (2.09927e-11, 0.829007, 0.170993, 1.47905e-09)) == ({x2, x3}, (2.09927e-11, 0.829007, 0.170993, 1.47905e-09))
({x2, x4}, (0.170993, 2.46358e-11, 2.09927e-11, 0.829007)) == ({x2, x4}, (0.170993, 2.46358e-11, 2.09927e-11, 0.829007))
({x2, x5}, (1.1082e-08, 0.829007, 0.170993, 1.01171e-08)) == ({x2, x5}, (1.1082e-08, 0.829007, 0.170993, 1.01171e-08))
({x2, x6}, (2.09927e-11, 0.829007, 0.170993, 2.46358e-11)) == ({x2, x6}, (2.09927e-11, 0.829007, 0.170993, 2.46358e-11))
({x2, x7}, (3.66919e-10, 0.829007, 0.170993, 4.40108e-09)) == ({x2, x7}, (3.66919e-10, 0.829007, 0.170993, 4.40108e-09))
({x2, x8}, (0.170993, 2.0632e-09, 2.09927e-11, 0.829007)) == ({x2, x8}, (0.170993, 2.0632e-09, 2.09927e-11, 0.829007))
({x2, x9}, (0.170993, 2.46358e-11, 2.09927e-11, 0.829007)) == ({x2, x9}, (0.170993, 2.46358e-11, 2.09927e-11, 0.829007))
({x3, x4}, (3.99784e-12, 0.170993, 0.829007, 1.47905e-09)) == ({x3, x4}, (3.99784e-12, 0.170993, 0.829007, 1.47905e-09))
({x3, x5}, (0.829007, 1.1082e-08, 1.01171e-08, 0.170993)) == ({x3, x5}, (0.829007, 1.1082e-08, 1.01171e-08, 0.170993))
({x3, x6}, (0.829007, 1.47905e-09, 3.99784e-12, 0.170993)) == ({x3, x6}, (0.829007, 1.47905e-09, 3.99784e-12, 0.170993))
({x3, x7}, (0.829007, 3.66919e-10, 4.40108e-09, 0.170993)) == ({x3, x7}, (0.829007, 3.66919e-10, 4.40108e-09, 0.170993))
({x3, x8}, (2.0632e-09, 0.170993, 0.829007, 1.67124e-11)) == ({x3, x8}, (2.0632e-09, 0.170993, 0.829007, 1.67124e-11))
({x3, x9}, (3.99784e-12, 0.170993, 0.829007, 1.47905e-09)) == ({x3, x9}, (3.99784e-12, 0.170993, 0.829007, 1.47905e-09))
({x4, x5}, (1.1082e-08, 0.829007, 0.170993, 1.01171e-08)) == ({x4, x5}, (1.1082e-08, 0.829007, 0.170993, 1.01171e-08))
({x4, x6}, (5.69994e-15, 0.829007, 0.170993, 1.65515e-14)) == ({x4, x6}, (5.69994e-15, 0.829007, 0.170993, 1.65515e-14))
({x4, x7}, (3.66919e-10, 0.829007, 0.170993, 4.40108e-09)) == ({x4, x7}, (3.66919e-10, 0.829007, 0.170993, 4.40108e-09))
({x4, x8}, (0.170993, 2.0632e-09, 1.67124e-11, 0.829007)) == ({x4, x8}, (0.170993, 2.0632e-09, 1.67124e-11, 0.829007))
({x4, x9}, (0.170993, 1.65515e-14, 5.69994e-15, 0.829007)) == ({x4, x9}, (0.170993, 1.65515e-14, 5.69994e-15, 0.829007))
({x5, x6}, (0.829007, 1.01171e-08, 1.1082e-08, 0.170993)) == ({x5, x6}, (0.829007, 1.01171e-08, 1.1082e-08, 0.170993))
({x5, x7}, (0.829007, 1.01171e-08, 1.1082e-08, 0.170993)) == ({x5, x7}, (0.829007, 1.01171e-08, 1.1082e-08, 0.170993))
({x5, x8}, (1.1082e-08, 0.170993, 0.829007, 1.01171e-08)) == ({x5, x8}, (1.1082e-08, 0.170993, 0.829007, 1.01171e-08))
({x5, x9}, (1.1082e-08, 0.170993, 0.829007, 1.01171e-08)) == ({x5, x9}, (1.1082e-08, 0.170993, 0.829007, 1.01171e-08))
({x6, x7}, (0.829007, 3.66919e-10, 4.40108e-09, 0.170993)) == ({x6, x7}, (0.829007, 3.66919e-10, 4.40108e-09, 0.170993))
({x6, x8}, (2.0632e-09, 0.170993, 0.829007, 1.67124e-11)) == ({x6, x8}, (2.0632e-09, 0.170993, 0.829007, 1.67124e-11))
({x6, x9}, (5.69877e-15, 0.170993, 0.829007, 4.86954e-15)) == ({x6, x9}, (5.69877e-15, 0.170993, 0.829007, 4.86954e-15))
({x7, x8}, (1.3318e-09, 0.170993, 0.829007, 4.40108e-09)) == ({x7, x8}, (1.3318e-09, 0.170993, 0.829007, 4.40108e-09))
({x7, x9}, (3.66919e-10, 0.170993, 0.829007, 4.40108e-09)) == ({x7, x9}, (3.66919e-10, 0.170993, 0.829007, 4.40108e-09))
({x8, x9}, (0.170993, 1.67124e-11, 2.0632e-09, 0.829007)) == ({x8, x9}, (0.170993, 1.67124e-11, 2.0632e-09, 0.829007))
Exact MAP state (log score = 90.3357):
x0: 0
x1: 0
x2: 1
x3: 0
x4: 1
x5: 0
x6: 0
x7: 0
x8: 1
x9: 1
