Builtin inference algorithms: {BP, EXACT, FBP, JTREE, TRWBP}

Exact variable marginals:
({x0}, (0.913406, 0.0865936))
({x1}, (0.917377, 0.0826234))
({x2}, (0.914665, 0.0853355))
({x3}, (0.0807053, 0.919295))
({x4}, (0.916149, 0.0838515))
({x5}, (0.0795254, 0.920475))
({x6}, (0.0856847, 0.914315))
({x7}, (0.386817, 0.613183))
({x8}, (0.914666, 0.0853344))
({x9}, (0.921723, 0.0782774))
Exact factor marginals:
({x0}, (0.913406, 0.0865936))
({x1}, (0.917377, 0.0826234))
({x2}, (0.914665, 0.0853355))
({x3}, (0.0807053, 0.919295))
({x4}, (0.916149, 0.0838515))
({x5}, (0.0795254, 0.920475))
({x6}, (0.0856847, 0.914315))
({x7}, (0.386817, 0.613183))
({x8}, (0.914666, 0.0853344))
({x9}, (0.921723, 0.0782774))
({x0, x1}, (0.860674, 0.0567023, 0.052732, 0.0298913))
({x0, x2}, (0.913296, 0.0013687, 0.000110548, 0.0852249))
({x0, x3}, (0.000911607, 0.0797937, 0.912495, 0.00679988))
({x0, x4}, (0.858132, 0.0580166, 0.0552745, 0.028577))
({x0, x5}, (0.000907136, 0.0786182, 0.912499, 0.00797537))
({x0, x6}, (0.000489081, 0.0851956, 0.912917, 0.00139797))
({x0, x7}, (0.32992, 0.0568971, 0.583487, 0.0296965))
({x0, x8}, (0.913297, 0.00136841, 0.000109181, 0.0852252))
({x0, x9}, (0.912366, 0.00935627, 0.00104004, 0.0772373))
({x1, x2}, (0.860564, 0.0541007, 0.0568128, 0.0285227))
({x1, x3}, (0.0499077, 0.0307976, 0.867469, 0.0518257))
({x1, x4}, (0.914431, 0.00171746, 0.00294559, 0.0809059))
({x1, x5}, (0.0487592, 0.0307661, 0.868617, 0.0518572))
({x1, x6}, (0.0571912, 0.0284935, 0.860185, 0.0541299))
({x1, x7}, (0.377728, 0.00908898, 0.539649, 0.0735344))
({x1, x8}, (0.860565, 0.0541004, 0.0568114, 0.0285229))
({x1, x9}, (0.868515, 0.0532073, 0.0488613, 0.0294161))
({x2, x3}, (0.00227963, 0.0784257, 0.912385, 0.00690975))
({x2, x4}, (0.859501, 0.0566479, 0.055164, 0.0286875))
({x2, x5}, (0.00224347, 0.0772819, 0.912421, 0.00805355))
({x2, x6}, (0.000378532, 0.0853062, 0.914286, 2.92703e-05))
({x2, x7}, (0.331288, 0.0555285, 0.583376, 0.0298069))
({x2, x8}, (0.914664, 1.66698e-06, 5.85206e-07, 0.0853338))
({x2, x9}, (0.913735, 0.00798799, 0.000929905, 0.0773475))
({x3, x4}, (0.0512262, 0.864922, 0.0294791, 0.0543724))
({x3, x5}, (0.0795176, 7.80918e-06, 0.00118777, 0.919287))
({x3, x6}, (0.0783965, 0.0072882, 0.00230882, 0.912006))
({x3, x7}, (0.0577977, 0.329019, 0.0229076, 0.590276))
({x3, x8}, (0.00228002, 0.912386, 0.0784253, 0.00690906))
({x3, x9}, (0.002568, 0.919155, 0.0781373, 0.000140035))
({x4, x5}, (0.0500421, 0.0294833, 0.866106, 0.0543682))
({x4, x6}, (0.0566187, 0.0290661, 0.85953, 0.0547854))
({x4, x7}, (0.379087, 0.00772976, 0.537062, 0.0761217))
({x4, x8}, (0.8595, 0.0551656, 0.0566484, 0.0286859))
({x4, x9}, (0.867486, 0.0542363, 0.0486622, 0.0296152))
({x5, x6}, (0.0772527, 0.00843201, 0.00227266, 0.912043))
({x5, x7}, (0.0577718, 0.329045, 0.0217536, 0.59143))
({x5, x8}, (0.0022432, 0.912422, 0.0772822, 0.0080522))
({x5, x9}, (0.00138091, 0.920342, 0.0781445, 0.000132901))
({x6, x7}, (0.0554993, 0.331317, 0.0301854, 0.582998))
({x6, x8}, (0.000380142, 0.914285, 0.0853046, 2.97984e-05))
({x6, x9}, (0.00833097, 0.913392, 0.0773537, 0.000923622))
({x7, x8}, (0.331288, 0.583378, 0.0555289, 0.0298055))
({x7, x9}, (0.330425, 0.591298, 0.0563919, 0.0218854))
({x8, x9}, (0.913734, 0.00798857, 0.000931568, 0.0773458))
Exact log partition sum: 56.374
Exact MAP variable marginals:
({x0}, (0.915862, 0.0841385))
({x1}, (0.911166, 0.0888338))
({x2}, (0.915862, 0.0841385))
({x3}, (0.0841385, 0.915862))
({x4}, (0.911166, 0.0888338))
({x5}, (0.0841385, 0.915862))
({x6}, (0.0841385, 0.915862))
({x7}, (0.383508, 0.616492))
({x8}, (0.915862, 0.0841385))
({x9}, (0.915862, 0.0841385))
Exact MAP factor marginals:
({x0}, (0.915862, 0.0841385)) == ({x0}, (0.915862, 0.0841385))
({x1}, (0.911166, 0.0888338)) == ({x1}, (0.911166, 0.0888338))
({x2}, (0.915862, 0.0841385)) == ({x2}, (0.915862, 0.0841385))
({x3}, (0.0841385, 0.915862)) == ({x3}, (0.0841385, 0.915862))
({x4}, (0.911166, 0.0888338)) == ({x4}, (0.911166, 0.0888338))
({x5}, (0.0841385, 0.915862)) == ({x5}, (0.0841385, 0.915862))
({x6}, (0.0841385, 0.915862)) == ({x6}, (0.0841385, 0.915862))
({x7}, (0.383508, 0.616492)) == ({x7}, (0.383508, 0.616492))
({x8}, (0.915862, 0.0841385)) == ({x8}, (0.915862, 0.0841385))
({x9}, (0.915862, 0.0841385)) == ({x9}, (0.915862, 0.0841385))
({x0, x1}, (0.812722, 0.0746633, 0.079236, 0.0333786)) == ({x0, x1}, (0.812722, 0.0746633, 0.079236, 0.0333786))
({x0, x2}, (0.913576, 0.0023093, 0.000186002, 0.0839285)) == ({x0, x2}, (0.913576, 0.0023093, 0.000186002, 0.0839285))
({x0, x3}, (0.00153682, 0.0830316, 0.903813, 0.0116188)) == ({x0, x3}, (0.00153682, 0.0830316, 0.903813, 0.0116188))
({x0, x4}, (0.812722, 0.0746633, 0.079236, 0.0333786)) == ({x0, x4}, (0.812722, 0.0746633, 0.079236, 0.0333786))
({x0, x5}, (0.00153682, 0.0830316, 0.903813, 0.0116188)) == ({x0, x5}, (0.00153682, 0.0830316, 0.903813, 0.0116188))
({x0, x6}, (0.00061678, 0.0838924, 0.913183, 0.00230831)) == ({x0, x6}, (0.00061678, 0.0838924, 0.913183, 0.00230831))
({x0, x7}, (0.354458, 0.052346, 0.569795, 0.0234015)) == ({x0, x7}, (0.354458, 0.052346, 0.569795, 0.0234015))
({x0, x8}, (0.913576, 0.0023093, 0.000186002, 0.0839285)) == ({x0, x8}, (0.913576, 0.0023093, 0.000186002, 0.0839285))
({x0, x9}, (0.903813, 0.0116188, 0.00153682, 0.0830316)) == ({x0, x9}, (0.903813, 0.0116188, 0.00153682, 0.0830316))
({x1, x2}, (0.812722, 0.079236, 0.0746633, 0.0333786)) == ({x1, x2}, (0.812722, 0.079236, 0.0746633, 0.0333786))
({x1, x3}, (0.0746633, 0.0333786, 0.812722, 0.079236)) == ({x1, x3}, (0.0746633, 0.0333786, 0.812722, 0.079236))
({x1, x4}, (0.905473, 0.00228882, 0.00396, 0.0882787)) == ({x1, x4}, (0.905473, 0.00228882, 0.00396, 0.0882787))
({x1, x5}, (0.0746633, 0.0333786, 0.812722, 0.079236)) == ({x1, x5}, (0.0746633, 0.0333786, 0.812722, 0.079236))
({x1, x6}, (0.0746633, 0.0333786, 0.812722, 0.079236)) == ({x1, x6}, (0.0746633, 0.0333786, 0.812722, 0.079236))
({x1, x7}, (0.359114, 0.00732653, 0.577278, 0.0562815)) == ({x1, x7}, (0.359114, 0.00732653, 0.577278, 0.0562815))
({x1, x8}, (0.812722, 0.079236, 0.0746633, 0.0333786)) == ({x1, x8}, (0.812722, 0.079236, 0.0746633, 0.0333786))
({x1, x9}, (0.812722, 0.079236, 0.0746633, 0.0333786)) == ({x1, x9}, (0.812722, 0.079236, 0.0746633, 0.0333786))
({x2, x3}, (0.00228292, 0.0829696, 0.903137, 0.0116102)) == ({x2, x3}, (0.00228292, 0.0829696, 0.903137, 0.0116102))
({x2, x4}, (0.812722, 0.0746633, 0.079236, 0.0333786)) == ({x2, x4}, (0.812722, 0.0746633, 0.079236, 0.0333786))
({x2, x5}, (0.00228292, 0.0829696, 0.903137, 0.0116102)) == ({x2, x5}, (0.00228292, 0.0829696, 0.903137, 0.0116102))
({x2, x6}, (0.000618191, 0.0840843, 0.915272, 2.59257e-05)) == ({x2, x6}, (0.000618191, 0.0840843, 0.915272, 2.59257e-05))
({x2, x7}, (0.354458, 0.052346, 0.569795, 0.0234015)) == ({x2, x7}, (0.354458, 0.052346, 0.569795, 0.0234015))
({x2, x8}, (0.915859, 1.51285e-06, 6.99768e-07, 0.0841383)) == ({x2, x8}, (0.915859, 1.51285e-06, 6.99768e-07, 0.0841383))
({x2, x9}, (0.903813, 0.0116188, 0.00153682, 0.0830316)) == ({x2, x9}, (0.903813, 0.0116188, 0.00153682, 0.0830316))
({x3, x4}, (0.0746633, 0.812722, 0.0333786, 0.079236)) == ({x3, x4}, (0.0746633, 0.812722, 0.0333786, 0.079236))
({x3, x5}, (0.0839711, 1.11924e-05, 0.00197797, 0.91404)) == ({x3, x5}, (0.0839711, 1.11924e-05, 0.00197797, 0.91404))
({x3, x6}, (0.0829696, 0.0116102, 0.00228292, 0.903137)) == ({x3, x6}, (0.0829696, 0.0116102, 0.00228292, 0.903137))
({x3, x7}, (0.052346, 0.354458, 0.0234015, 0.569795)) == ({x3, x7}, (0.052346, 0.354458, 0.0234015, 0.569795))
({x3, x8}, (0.00228292, 0.903137, 0.0829696, 0.0116102)) == ({x3, x8}, (0.00228292, 0.903137, 0.0829696, 0.0116102))
({x3, x9}, (0.0023093, 0.913576, 0.0839285, 0.000186002)) == ({x3, x9}, (0.0023093, 0.913576, 0.0839285, 0.000186002))
({x4, x5}, (0.0746633, 0.0333786, 0.812722, 0.079236)) == ({x4, x5}, (0.0746633, 0.0333786, 0.812722, 0.079236))
({x4, x6}, (0.0746633, 0.0333786, 0.812722, 0.079236)) == ({x4, x6}, (0.0746633, 0.0333786, 0.812722, 0.079236))
({x4, x7}, (0.359114, 0.00732653, 0.577278, 0.0562815)) == ({x4, x7}, (0.359114, 0.00732653, 0.577278, 0.0562815))
({x4, x8}, (0.812722, 0.079236, 0.0746633, 0.0333786)) == ({x4, x8}, (0.812722, 0.079236, 0.0746633, 0.0333786))
({x4, x9}, (0.812722, 0.079236, 0.0746633, 0.0333786)) == ({x4, x9}, (0.812722, 0.079236, 0.0746633, 0.0333786))
({x5, x6}, (0.0829696, 0.0116102, 0.00228292, 0.903137)) == ({x5, x6}, (0.0829696, 0.0116102, 0.00228292, 0.903137))
({x5, x7}, (0.052346, 0.354458, 0.0234015, 0.569795)) == ({x5, x7}, (0.052346, 0.354458, 0.0234015, 0.569795))
({x5, x8}, (0.00228292, 0.903137, 0.0829696, 0.0116102)) == ({x5, x8}, (0.00228292, 0.903137, 0.0829696, 0.0116102))
({x5, x9}, (0.0023093, 0.913576, 0.0839285, 0.000186002)) == ({x5, x9}, (0.0023093, 0.913576, 0.0839285, 0.000186002))
({x6, x7}, (0.052346, 0.354458, 0.0234015, 0.569795)) == ({x6, x7}, (0.052346, 0.354458, 0.0234015, 0.569795))
({x6, x8}, (0.000618191, 0.915272, 0.0840843, 2.59257e-05)) == ({x6, x8}, (0.000618191, 0.915272, 0.0840843, 2.59257e-05))
({x6, x9}, (0.0116188, 0.903813, 0.0830316, 0.00153682)) == ({x6, x9}, (0.0116188, 0.903813, 0.0830316, 0.00153682))
({x7, x8}, (0.354458, 0.569795, 0.052346, 0.0234015)) == ({x7, x8}, (0.354458, 0.569795, 0.052346, 0.0234015))
({x7, x9}, (0.354458, 0.569795, 0.052346, 0.0234015)) == ({x7, x9}, (0.354458, 0.569795, 0.052346, 0.0234015))
({x8, x9}, (0.903813, 0.0116188, 0.00153682, 0.0830316)) == ({x8, x9}, (0.903813, 0.0116188, 0.00153682, 0.0830316))
Exact MAP state (log score = 55.7369):
x0: 0
x1: 0
x2: 0
x3: 1
x4: 0
x5: 1
x6: 1
x7: 1
x8: 0
x9: 0
