Builtin inference algorithms: {BP, EXACT, FBP, JTREE, TRWBP}

Exact variable marginals:
({x0}, (0.743465, 0.256535))
({x1}, (0.413918, 0.586082))
({x2}, (0.413189, 0.586811))
({x3}, (0.768667, 0.231333))
({x4}, (0.572092, 0.427908))
({x5}, (0.560665, 0.439335))
({x6}, (0.42946, 0.57054))
({x7}, (0.622766, 0.377234))
({x8}, (0.718977, 0.281023))
({x9}, (0.237644, 0.762356))
Exact factor marginals:
({x0}, (0.743465, 0.256535))
({x1}, (0.413918, 0.586082))
({x2}, (0.413189, 0.586811))
({x3}, (0.768667, 0.231333))
({x4}, (0.572092, 0.427908))
({x5}, (0.560665, 0.439335))
({x6}, (0.42946, 0.57054))
({x7}, (0.622766, 0.377234))
({x8}, (0.718977, 0.281023))
({x9}, (0.237644, 0.762356))
({x0, x1}, (0.3448, 0.0691173, 0.398665, 0.187417))
({x0, x2}, (0.264221, 0.148968, 0.479244, 0.107567))
({x0, x3}, (0.569196, 0.199471, 0.174269, 0.0570638))
({x0, x4}, (0.384141, 0.187952, 0.359325, 0.0685831))
({x0, x5}, (0.450623, 0.110042, 0.292842, 0.146493))
({x0, x6}, (0.356247, 0.0732124, 0.387218, 0.183322))
({x0, x7}, (0.502017, 0.120749, 0.241448, 0.135786))
({x0, x8}, (0.515246, 0.203731, 0.22822, 0.0528034))
({x0, x9}, (0.116405, 0.121239, 0.627061, 0.135296))
({x1, x2}, (0.241195, 0.171993, 0.172722, 0.414089))
({x1, x3}, (0.309153, 0.459515, 0.104765, 0.126567))
({x1, x4}, (0.292247, 0.279846, 0.121671, 0.306237))
({x1, x5}, (0.319476, 0.241189, 0.0944415, 0.344894))
({x1, x6}, (0.178926, 0.250534, 0.234992, 0.335549))
({x1, x7}, (0.222142, 0.400624, 0.191776, 0.185458))
({x1, x8}, (0.219352, 0.499625, 0.194566, 0.0864571))
({x1, x9}, (0.104787, 0.132857, 0.309131, 0.453225))
({x2, x3}, (0.337087, 0.43158, 0.0761017, 0.155231))
({x2, x4}, (0.255258, 0.316835, 0.157931, 0.269977))
({x2, x5}, (0.299339, 0.261326, 0.11385, 0.325485))
({x2, x6}, (0.247815, 0.181645, 0.165374, 0.405167))
({x2, x7}, (0.209497, 0.413269, 0.203692, 0.173542))
({x2, x8}, (0.215374, 0.503603, 0.197814, 0.0832087))
({x2, x9}, (0.183842, 0.0538018, 0.229347, 0.53301))
({x3, x4}, (0.408076, 0.164017, 0.360591, 0.0673161))
({x3, x5}, (0.426991, 0.133674, 0.341677, 0.0976584))
({x3, x6}, (0.355039, 0.0744207, 0.413628, 0.156912))
({x3, x7}, (0.455314, 0.167452, 0.313354, 0.0638804))
({x3, x8}, (0.522659, 0.196318, 0.246009, 0.0350144))
({x3, x9}, (0.16622, 0.071424, 0.602448, 0.159909))
({x4, x5}, (0.266803, 0.293862, 0.305289, 0.134046))
({x4, x6}, (0.15067, 0.27879, 0.421423, 0.149117))
({x4, x7}, (0.262079, 0.360687, 0.310014, 0.0672202))
({x4, x8}, (0.40089, 0.318087, 0.171203, 0.10982))
({x4, x9}, (0.16051, 0.077134, 0.411583, 0.350774))
({x5, x6}, (0.315518, 0.113942, 0.245147, 0.325393))
({x5, x7}, (0.40281, 0.219956, 0.157855, 0.219379))
({x5, x8}, (0.324871, 0.394106, 0.235794, 0.0452285))
({x5, x9}, (0.15723, 0.0804136, 0.403435, 0.358921))
({x6, x7}, (0.309549, 0.313217, 0.119911, 0.257323))
({x6, x8}, (0.293464, 0.425513, 0.135996, 0.145027))
({x6, x9}, (0.134499, 0.103145, 0.294961, 0.467396))
({x7, x8}, (0.49198, 0.226997, 0.130786, 0.150237))
({x7, x9}, (0.129872, 0.107772, 0.492894, 0.269462))
({x8, x9}, (0.143059, 0.0945843, 0.575918, 0.186439))
Exact log partition sum: 6.07619
Exact MAP variable marginals:
({x0}, (0.668364, 0.331636))
({x1}, (0.272016, 0.727984))
({x2}, (0.272016, 0.727984))
({x3}, (0.719608, 0.280392))
({x4}, (0.392147, 0.607853))
({x5}, (0.595825, 0.404175))
({x6}, (0.600067, 0.399933))
({x7}, (0.607853, 0.392147))
({x8}, (0.727984, 0.272016))
({x9}, (0.186068, 0.813932))
Exact MAP factor marginals:
({x0}, (0.668364, 0.331636)) == ({x0}, (0.668364, 0.331636))
({x1}, (0.272016, 0.727984)) == ({x1}, (0.272016, 0.727984))
({x2}, (0.272016, 0.727984)) == ({x2}, (0.272016, 0.727984))
({x3}, (0.719608, 0.280392)) == ({x3}, (0.719608, 0.280392))
({x4}, (0.392147, 0.607853)) == ({x4}, (0.392147, 0.607853))
({x5}, (0.595825, 0.404175)) == ({x5}, (0.595825, 0.404175))
({x6}, (0.600067, 0.399933)) == ({x6}, (0.600067, 0.399933))
({x7}, (0.607853, 0.392147)) == ({x7}, (0.607853, 0.392147))
({x8}, (0.727984, 0.272016)) == ({x8}, (0.727984, 0.272016))
({x9}, (0.186068, 0.813932)) == ({x9}, (0.186068, 0.813932))
({x0, x1}, (0.184351, 0.0774726, 0.49337, 0.244806)) == ({x0, x1}, (0.184351, 0.0774726, 0.49337, 0.244806))
({x0, x2}, (0.180861, 0.0949377, 0.48403, 0.240171)) == ({x0, x2}, (0.180861, 0.0949377, 0.48403, 0.240171))
({x0, x3}, (0.500977, 0.24858, 0.195203, 0.0552409)) == ({x0, x3}, (0.500977, 0.24858, 0.195203, 0.0552409))
({x0, x4}, (0.278278, 0.214031, 0.43135, 0.0763405)) == ({x0, x4}, (0.278278, 0.214031, 0.43135, 0.0763405))
({x0, x5}, (0.42737, 0.070669, 0.289904, 0.212057)) == ({x0, x5}, (0.42737, 0.070669, 0.289904, 0.212057))
({x0, x6}, (0.429548, 0.0710292, 0.286285, 0.213137)) == ({x0, x6}, (0.429548, 0.0710292, 0.286285, 0.213137))
({x0, x7}, (0.413859, 0.113794, 0.266994, 0.205353)) == ({x0, x7}, (0.413859, 0.113794, 0.266994, 0.205353))
({x0, x8}, (0.49337, 0.244806, 0.184351, 0.0774726)) == ({x0, x8}, (0.49337, 0.244806, 0.184351, 0.0774726))
({x0, x9}, (0.119007, 0.102107, 0.52058, 0.258307)) == ({x0, x9}, (0.119007, 0.102107, 0.52058, 0.258307))
({x1, x2}, (0.184934, 0.147331, 0.172806, 0.494929)) == ({x1, x2}, (0.184934, 0.147331, 0.172806, 0.494929))
({x1, x3}, (0.176883, 0.473383, 0.165283, 0.184451)) == ({x1, x3}, (0.176883, 0.473383, 0.165283, 0.184451))
({x1, x4}, (0.157943, 0.272694, 0.146669, 0.422694)) == ({x1, x4}, (0.157943, 0.272694, 0.146669, 0.422694))
({x1, x5}, (0.15608, 0.417709, 0.14286, 0.283351)) == ({x1, x5}, (0.15608, 0.417709, 0.14286, 0.283351))
({x1, x6}, (0.145357, 0.418914, 0.15653, 0.279198)) == ({x1, x6}, (0.145357, 0.418914, 0.15653, 0.279198))
({x1, x7}, (0.14745, 0.422307, 0.157798, 0.272445)) == ({x1, x7}, (0.14745, 0.422307, 0.157798, 0.272445))
({x1, x8}, (0.183619, 0.5259, 0.196506, 0.0939745)) == ({x1, x8}, (0.183619, 0.5259, 0.196506, 0.0939745))
({x1, x9}, (0.127115, 0.109064, 0.207772, 0.556049)) == ({x1, x9}, (0.127115, 0.109064, 0.207772, 0.556049))
({x2, x3}, (0.203135, 0.543641, 0.0413968, 0.211827)) == ({x2, x3}, (0.203135, 0.543641, 0.0413968, 0.211827))
({x2, x4}, (0.157943, 0.272694, 0.146669, 0.422694)) == ({x2, x4}, (0.157943, 0.272694, 0.146669, 0.422694))
({x2, x5}, (0.166207, 0.444812, 0.0872454, 0.301736)) == ({x2, x5}, (0.166207, 0.444812, 0.0872454, 0.301736))
({x2, x6}, (0.145357, 0.418914, 0.15653, 0.279198)) == ({x2, x6}, (0.145357, 0.418914, 0.15653, 0.279198))
({x2, x7}, (0.146669, 0.422694, 0.157943, 0.272694)) == ({x2, x7}, (0.146669, 0.422694, 0.157943, 0.272694))
({x2, x8}, (0.159763, 0.536691, 0.200538, 0.103009)) == ({x2, x8}, (0.159763, 0.536691, 0.200538, 0.103009))
({x2, x9}, (0.134651, 0.0562466, 0.220089, 0.589013)) == ({x2, x9}, (0.134651, 0.0562466, 0.220089, 0.589013))
({x3, x4}, (0.286265, 0.172897, 0.44373, 0.0971071)) == ({x3, x4}, (0.286265, 0.172897, 0.44373, 0.0971071))
({x3, x5}, (0.413712, 0.144449, 0.280639, 0.161201)) == ({x3, x5}, (0.413712, 0.144449, 0.280639, 0.161201))
({x3, x6}, (0.439567, 0.0961959, 0.292963, 0.171275)) == ({x3, x6}, (0.439567, 0.0961959, 0.292963, 0.171275))
({x3, x7}, (0.449208, 0.175031, 0.289799, 0.0859613)) == ({x3, x7}, (0.449208, 0.175031, 0.289799, 0.0859613))
({x3, x8}, (0.547407, 0.213294, 0.204543, 0.0347555)) == ({x3, x8}, (0.547407, 0.213294, 0.204543, 0.0347555))
({x3, x9}, (0.134918, 0.0449407, 0.590181, 0.229961)) == ({x3, x9}, (0.134918, 0.0449407, 0.590181, 0.229961))
({x4, x5}, (0.138539, 0.370764, 0.239192, 0.251505)) == ({x4, x5}, (0.138539, 0.370764, 0.239192, 0.251505))
({x4, x6}, (0.110014, 0.385006, 0.248381, 0.256599)) == ({x4, x6}, (0.110014, 0.385006, 0.248381, 0.256599))
({x4, x7}, (0.256595, 0.407017, 0.262581, 0.0738065)) == ({x4, x7}, (0.256595, 0.407017, 0.262581, 0.0738065))
({x4, x8}, (0.272694, 0.422694, 0.157943, 0.146669)) == ({x4, x8}, (0.272694, 0.422694, 0.157943, 0.146669))
({x4, x9}, (0.112111, 0.0810937, 0.316382, 0.490413)) == ({x4, x9}, (0.112111, 0.0810937, 0.316382, 0.490413))
({x5, x6}, (0.363351, 0.246477, 0.148005, 0.242166)) == ({x5, x6}, (0.363351, 0.246477, 0.148005, 0.242166))
({x5, x7}, (0.370764, 0.251505, 0.138539, 0.239192)) == ({x5, x7}, (0.370764, 0.251505, 0.138539, 0.239192))
({x5, x8}, (0.462765, 0.313914, 0.172916, 0.0504048)) == ({x5, x8}, (0.462765, 0.313914, 0.172916, 0.0504048))
({x5, x9}, (0.108699, 0.0932629, 0.475491, 0.322547)) == ({x5, x9}, (0.108699, 0.0932629, 0.475491, 0.322547))
({x6, x7}, (0.385006, 0.256599, 0.110014, 0.248381)) == ({x6, x7}, (0.385006, 0.256599, 0.110014, 0.248381))
({x6, x8}, (0.418914, 0.279198, 0.145357, 0.15653)) == ({x6, x8}, (0.418914, 0.279198, 0.145357, 0.15653))
({x6, x9}, (0.109316, 0.093792, 0.478189, 0.318703)) == ({x6, x9}, (0.109316, 0.093792, 0.478189, 0.318703))
({x7, x8}, (0.422694, 0.272694, 0.146669, 0.157943)) == ({x7, x8}, (0.422694, 0.272694, 0.146669, 0.157943))
({x7, x9}, (0.0810937, 0.112111, 0.490413, 0.316382)) == ({x7, x9}, (0.0810937, 0.112111, 0.490413, 0.316382))
({x8, x9}, (0.109064, 0.127115, 0.556049, 0.207772)) == ({x8, x9}, (0.109064, 0.127115, 0.556049, 0.207772))
Exact MAP state (log score = 2.92685):
x0: 0
x1: 1
x2: 1
x3: 0
x4: 1
x5: 0
x6: 0
x7: 0
x8: 0
x9: 1
