Builtin inference algorithms: {BP, EXACT, FBP, JTREE, TRWBP}

Exact variable marginals:
({x0}, (0.527484, 0.472516))
({x1}, (0.472516, 0.527484))
({x2}, (0.527478, 0.472522))
({x3}, (0.527484, 0.472516))
({x4}, (0.527478, 0.472522))
({x5}, (0.527478, 0.472522))
({x6}, (0.472522, 0.527478))
({x7}, (0.472771, 0.527229))
({x8}, (0.527484, 0.472516))
({x9}, (0.472522, 0.527478))
Exact factor marginals:
({x0}, (0.527484, 0.472516))
({x1}, (0.472516, 0.527484))
({x2}, (0.527478, 0.472522))
({x3}, (0.527484, 0.472516))
({x4}, (0.527478, 0.472522))
({x5}, (0.527478, 0.472522))
({x6}, (0.472522, 0.527478))
({x7}, (0.472771, 0.527229))
({x8}, (0.527484, 0.472516))
({x9}, (0.472522, 0.527478))
({x0, x1}, (7.71306e-09, 0.472516, 0.527484, 3.99852e-09))
({x0, x2}, (0.527478, 6.10534e-08, 5.81313e-06, 0.472516))
({x0, x3}, (0.527484, 1.05402e-11, 1.17154e-12, 0.472516))
({x0, x4}, (0.527478, 6.10535e-08, 5.81313e-06, 0.472516))
({x0, x5}, (0.527478, 6.10534e-08, 5.81313e-06, 0.472516))
({x0, x6}, (5.81313e-06, 0.472516, 0.527478, 6.10534e-08))
({x0, x7}, (0.000356908, 0.472414, 0.527127, 0.000101765))
({x0, x8}, (0.527484, 2.22065e-12, 4.81733e-12, 0.472516))
({x0, x9}, (5.81313e-06, 0.472516, 0.527478, 6.10533e-08))
({x1, x2}, (6.87656e-08, 0.527478, 0.472516, 5.81713e-06))
({x1, x3}, (7.72161e-09, 0.527484, 0.472516, 3.99769e-09))
({x1, x4}, (6.87657e-08, 0.527478, 0.472516, 5.81713e-06))
({x1, x5}, (6.87656e-08, 0.527478, 0.472516, 5.81713e-06))
({x1, x6}, (0.472516, 5.81713e-06, 6.87656e-08, 0.527478))
({x1, x7}, (0.472414, 0.000356911, 0.000101772, 0.527127))
({x1, x8}, (7.71303e-09, 0.527484, 0.472516, 4.00108e-09))
({x1, x9}, (0.472516, 5.81713e-06, 6.87655e-08, 0.527478))
({x2, x3}, (0.527478, 5.81314e-06, 6.10541e-08, 0.472516))
({x2, x4}, (0.527478, 5.88667e-14, 4.19316e-15, 0.472522))
({x2, x5}, (0.527478, 4.54353e-14, 4.19858e-15, 0.472522))
({x2, x6}, (2.87252e-13, 0.472522, 0.527478, 1.99632e-15))
({x2, x7}, (0.000351094, 0.47242, 0.527127, 0.000101704))
({x2, x8}, (0.527478, 5.81314e-06, 6.10577e-08, 0.472516))
({x2, x9}, (1.19774e-12, 0.472522, 0.527478, 5.23373e-13))
({x3, x4}, (0.527478, 6.10541e-08, 5.81314e-06, 0.472516))
({x3, x5}, (0.527478, 6.10541e-08, 5.81314e-06, 0.472516))
({x3, x6}, (5.81314e-06, 0.472516, 0.527478, 6.10541e-08))
({x3, x7}, (0.000356908, 0.472414, 0.527127, 0.000101765))
({x3, x8}, (0.527484, 1.40706e-12, 1.33724e-11, 0.472516))
({x3, x9}, (5.81314e-06, 0.472516, 0.527478, 6.1054e-08))
({x4, x5}, (0.527478, 4.94771e-14, 6.29139e-14, 0.472522))
({x4, x6}, (3.45054e-13, 0.472522, 0.527478, 5.12407e-15))
({x4, x7}, (0.000351094, 0.47242, 0.527127, 0.000101704))
({x4, x8}, (0.527478, 5.81314e-06, 6.10578e-08, 0.472516))
({x4, x9}, (1.25645e-12, 0.472522, 0.527478, 5.27414e-13))
({x5, x6}, (3.32498e-13, 0.472522, 0.527478, 6.0052e-15))
({x5, x7}, (0.000351094, 0.47242, 0.527127, 0.000101704))
({x5, x8}, (0.527478, 5.81314e-06, 6.10577e-08, 0.472516))
({x5, x9}, (1.24302e-12, 0.472522, 0.527478, 5.27416e-13))
({x6, x7}, (0.47242, 0.000351094, 0.000101704, 0.527127))
({x6, x8}, (5.81314e-06, 0.527478, 0.472516, 6.10577e-08))
({x6, x9}, (0.472522, 1.19959e-12, 8.10478e-13, 0.527478))
({x7, x8}, (0.000356908, 0.527127, 0.472414, 0.000101765))
({x7, x9}, (0.47242, 0.000101704, 0.000351094, 0.527127))
({x8, x9}, (5.81314e-06, 0.472516, 0.527478, 6.10576e-08))
Exact log partition sum: 59.5626
Exact MAP variable marginals:
({x0}, (0.527369, 0.472631))
({x1}, (0.472631, 0.527369))
({x2}, (0.527369, 0.472631))
({x3}, (0.527369, 0.472631))
({x4}, (0.527369, 0.472631))
({x5}, (0.527369, 0.472631))
({x6}, (0.472631, 0.527369))
({x7}, (0.472631, 0.527369))
({x8}, (0.527369, 0.472631))
({x9}, (0.472631, 0.527369))
Exact MAP factor marginals:
({x0}, (0.527369, 0.472631)) == ({x0}, (0.527369, 0.472631))
({x1}, (0.472631, 0.527369)) == ({x1}, (0.472631, 0.527369))
({x2}, (0.527369, 0.472631)) == ({x2}, (0.527369, 0.472631))
({x3}, (0.527369, 0.472631)) == ({x3}, (0.527369, 0.472631))
({x4}, (0.527369, 0.472631)) == ({x4}, (0.527369, 0.472631))
({x5}, (0.527369, 0.472631)) == ({x5}, (0.527369, 0.472631))
({x6}, (0.472631, 0.527369)) == ({x6}, (0.472631, 0.527369))
({x7}, (0.472631, 0.527369)) == ({x7}, (0.472631, 0.527369))
({x8}, (0.527369, 0.472631)) == ({x8}, (0.527369, 0.472631))
({x9}, (0.472631, 0.527369)) == ({x9}, (0.472631, 0.527369))
({x0, x1}, (7.55066e-09, 0.472631, 0.527369, 3.97111e-09)) == ({x0, x1}, (7.55066e-09, 0.472631, 0.527369, 3.97111e-09))
({x0, x2}, (0.527366, 6.10809e-08, 5.81577e-06, 0.472628)) == ({x0, x2}, (0.527366, 6.10809e-08, 5.81577e-06, 0.472628))
({x0, x3}, (0.527369, 9.31446e-12, 4.6508e-13, 0.472631)) == ({x0, x3}, (0.527369, 9.31446e-12, 4.6508e-13, 0.472631))
({x0, x4}, (0.527366, 6.10809e-08, 5.81577e-06, 0.472628)) == ({x0, x4}, (0.527366, 6.10809e-08, 5.81577e-06, 0.472628))
({x0, x5}, (0.527366, 6.10809e-08, 5.81577e-06, 0.472628)) == ({x0, x5}, (0.527366, 6.10809e-08, 5.81577e-06, 0.472628))
({x0, x6}, (5.81577e-06, 0.472628, 0.527366, 6.10809e-08)) == ({x0, x6}, (5.81577e-06, 0.472628, 0.527366, 6.10809e-08))
({x0, x7}, (0.000351096, 0.472417, 0.52713, 0.000101704)) == ({x0, x7}, (0.000351096, 0.472417, 0.52713, 0.000101704))
({x0, x8}, (0.527369, 1.1954e-12, 3.7301e-12, 0.472631)) == ({x0, x8}, (0.527369, 1.1954e-12, 3.7301e-12, 0.472631))
({x0, x9}, (5.81577e-06, 0.472628, 0.527366, 6.10809e-08)) == ({x0, x9}, (5.81577e-06, 0.472628, 0.527366, 6.10809e-08))
({x1, x2}, (6.10809e-08, 0.527366, 0.472628, 5.81577e-06)) == ({x1, x2}, (6.10809e-08, 0.527366, 0.472628, 5.81577e-06))
({x1, x3}, (7.55066e-09, 0.527369, 0.472631, 3.97111e-09)) == ({x1, x3}, (7.55066e-09, 0.527369, 0.472631, 3.97111e-09))
({x1, x4}, (6.10809e-08, 0.527366, 0.472628, 5.81577e-06)) == ({x1, x4}, (6.10809e-08, 0.527366, 0.472628, 5.81577e-06))
({x1, x5}, (6.10809e-08, 0.527366, 0.472628, 5.81577e-06)) == ({x1, x5}, (6.10809e-08, 0.527366, 0.472628, 5.81577e-06))
({x1, x6}, (0.472628, 5.81577e-06, 6.10809e-08, 0.527366)) == ({x1, x6}, (0.472628, 5.81577e-06, 6.10809e-08, 0.527366))
({x1, x7}, (0.472417, 0.000351096, 0.000101704, 0.52713)) == ({x1, x7}, (0.472417, 0.000351096, 0.000101704, 0.52713))
({x1, x8}, (7.55066e-09, 0.527369, 0.472631, 3.97111e-09)) == ({x1, x8}, (7.55066e-09, 0.527369, 0.472631, 3.97111e-09))
({x1, x9}, (0.472628, 5.81577e-06, 6.10809e-08, 0.527366)) == ({x1, x9}, (0.472628, 5.81577e-06, 6.10809e-08, 0.527366))
({x2, x3}, (0.527366, 5.81577e-06, 6.10809e-08, 0.472628)) == ({x2, x3}, (0.527366, 5.81577e-06, 6.10809e-08, 0.472628))
({x2, x4}, (0.527369, 4.51211e-14, 3.05943e-15, 0.472631)) == ({x2, x4}, (0.527369, 4.51211e-14, 3.05943e-15, 0.472631))
({x2, x5}, (0.527369, 3.80579e-14, 2.37044e-15, 0.472631)) == ({x2, x5}, (0.527369, 3.80579e-14, 2.37044e-15, 0.472631))
({x2, x6}, (2.84755e-13, 0.472631, 0.527369, 1.73898e-15)) == ({x2, x6}, (2.84755e-13, 0.472631, 0.527369, 1.73898e-15))
({x2, x7}, (0.000351096, 0.472417, 0.52713, 0.000101704)) == ({x2, x7}, (0.000351096, 0.472417, 0.52713, 0.000101704))
({x2, x8}, (0.527366, 5.81577e-06, 6.10809e-08, 0.472628)) == ({x2, x8}, (0.527366, 5.81577e-06, 6.10809e-08, 0.472628))
({x2, x9}, (1.05778e-12, 0.472631, 0.527369, 4.88909e-13)) == ({x2, x9}, (1.05778e-12, 0.472631, 0.527369, 4.88909e-13))
({x3, x4}, (0.527366, 6.10809e-08, 5.81577e-06, 0.472628)) == ({x3, x4}, (0.527366, 6.10809e-08, 5.81577e-06, 0.472628))
({x3, x5}, (0.527366, 6.10809e-08, 5.81577e-06, 0.472628)) == ({x3, x5}, (0.527366, 6.10809e-08, 5.81577e-06, 0.472628))
({x3, x6}, (5.81577e-06, 0.472628, 0.527366, 6.10809e-08)) == ({x3, x6}, (5.81577e-06, 0.472628, 0.527366, 6.10809e-08))
({x3, x7}, (0.000351096, 0.472417, 0.52713, 0.000101704)) == ({x3, x7}, (0.000351096, 0.472417, 0.52713, 0.000101704))
({x3, x8}, (0.527369, 9.71009e-13, 9.31446e-12, 0.472631)) == ({x3, x8}, (0.527369, 9.71009e-13, 9.31446e-12, 0.472631))
({x3, x9}, (5.81577e-06, 0.472628, 0.527366, 6.10809e-08)) == ({x3, x9}, (5.81577e-06, 0.472628, 0.527366, 6.10809e-08))
({x4, x5}, (0.527369, 3.80579e-14, 4.51211e-14, 0.472631)) == ({x4, x5}, (0.527369, 3.80579e-14, 4.51211e-14, 0.472631))
({x4, x6}, (2.84755e-13, 0.472631, 0.527369, 3.05943e-15)) == ({x4, x6}, (2.84755e-13, 0.472631, 0.527369, 3.05943e-15))
({x4, x7}, (0.000351096, 0.472417, 0.52713, 0.000101704)) == ({x4, x7}, (0.000351096, 0.472417, 0.52713, 0.000101704))
({x4, x8}, (0.527366, 5.81577e-06, 6.10809e-08, 0.472628)) == ({x4, x8}, (0.527366, 5.81577e-06, 6.10809e-08, 0.472628))
({x4, x9}, (1.05778e-12, 0.472631, 0.527369, 4.88909e-13)) == ({x4, x9}, (1.05778e-12, 0.472631, 0.527369, 4.88909e-13))
({x5, x6}, (2.84755e-13, 0.472631, 0.527369, 2.37044e-15)) == ({x5, x6}, (2.84755e-13, 0.472631, 0.527369, 2.37044e-15))
({x5, x7}, (0.000351096, 0.472417, 0.52713, 0.000101704)) == ({x5, x7}, (0.000351096, 0.472417, 0.52713, 0.000101704))
({x5, x8}, (0.527366, 5.81577e-06, 6.10809e-08, 0.472628)) == ({x5, x8}, (0.527366, 5.81577e-06, 6.10809e-08, 0.472628))
({x5, x9}, (1.05778e-12, 0.472631, 0.527369, 4.88909e-13)) == ({x5, x9}, (1.05778e-12, 0.472631, 0.527369, 4.88909e-13))
({x6, x7}, (0.472417, 0.000351096, 0.000101704, 0.52713)) == ({x6, x7}, (0.472417, 0.000351096, 0.000101704, 0.52713))
({x6, x8}, (5.81577e-06, 0.527366, 0.472628, 6.10809e-08)) == ({x6, x8}, (5.81577e-06, 0.527366, 0.472628, 6.10809e-08))
({x6, x9}, (0.472631, 1.05778e-12, 4.88909e-13, 0.527369)) == ({x6, x9}, (0.472631, 1.05778e-12, 4.88909e-13, 0.527369))
({x7, x8}, (0.000351096, 0.52713, 0.472417, 0.000101704)) == ({x7, x8}, (0.000351096, 0.52713, 0.472417, 0.000101704))
({x7, x9}, (0.472417, 0.000101704, 0.000351096, 0.52713)) == ({x7, x9}, (0.472417, 0.000101704, 0.000351096, 0.52713))
({x8, x9}, (5.81577e-06, 0.472628, 0.527366, 6.10809e-08)) == ({x8, x9}, (5.81577e-06, 0.472628, 0.527366, 6.10809e-08))
Exact MAP state (log score = 58.9223):
x0: 0
x1: 1
x2: 0
x3: 0
x4: 0
x5: 0
x6: 1
x7: 1
x8: 0
x9: 1
