Builtin inference algorithms: {BP, EXACT, FBP, JTREE, TRWBP}

Exact variable marginals:
({x0}, (0.112719, 0.887281))
({x1}, (0.0929751, 0.907025))
({x2}, (0.0929751, 0.907025))
({x3}, (0.0929751, 0.907025))
({x4}, (0.0929377, 0.907062))
({x5}, (0.907042, 0.0929575))
({x6}, (0.907025, 0.0929751))
({x7}, (0.907006, 0.0929941))
({x8}, (0.0929752, 0.907025))
({x9}, (0.907056, 0.0929444))
Exact factor marginals:
({x0}, (0.112719, 0.887281))
({x1}, (0.0929751, 0.907025))
({x2}, (0.0929751, 0.907025))
({x3}, (0.0929751, 0.907025))
({x4}, (0.0929377, 0.907062))
({x5}, (0.907042, 0.0929575))
({x6}, (0.907025, 0.0929751))
({x7}, (0.907006, 0.0929941))
({x8}, (0.0929752, 0.907025))
({x9}, (0.907056, 0.0929444))
({x0, x1}, (0.0902157, 0.00275938, 0.0225036, 0.884521))
({x0, x2}, (0.0902157, 0.00275938, 0.0225036, 0.884521))
({x0, x3}, (0.0902157, 0.00275938, 0.0225036, 0.884521))
({x0, x4}, (0.0901684, 0.00276933, 0.022551, 0.884511))
({x0, x5}, (0.0225261, 0.884516, 0.0901933, 0.00276425))
({x0, x6}, (0.0225036, 0.884521, 0.0902157, 0.00275938))
({x0, x7}, (0.0225047, 0.884501, 0.0902147, 0.00277943))
({x0, x8}, (0.0902157, 0.00275947, 0.0225036, 0.884521))
({x0, x9}, (0.0225371, 0.884518, 0.0901822, 0.00276222))
({x1, x2}, (0.0929751, 9.46675e-12, 8.53452e-11, 0.907025))
({x1, x3}, (0.0929751, 8.61361e-10, 3.71002e-11, 0.907025))
({x1, x4}, (0.0929277, 9.98073e-06, 4.73737e-05, 0.907015))
({x1, x5}, (2.25035e-05, 0.90702, 0.0929526, 4.91907e-06))
({x1, x6}, (2.07928e-11, 0.907025, 0.0929751, 6.56877e-09))
({x1, x7}, (2.34402e-06, 0.907004, 0.0929728, 2.13567e-05))
({x1, x8}, (0.0929751, 1.1391e-07, 1.57768e-08, 0.907025))
({x1, x9}, (3.35201e-05, 0.907022, 0.0929416, 2.84729e-06))
({x2, x3}, (0.0929751, 9.46697e-10, 4.65576e-11, 0.907025))
({x2, x4}, (0.0929277, 9.98072e-06, 4.73736e-05, 0.907015))
({x2, x5}, (2.25034e-05, 0.90702, 0.0929526, 4.91906e-06))
({x2, x6}, (2.86632e-11, 0.907025, 0.0929751, 6.65252e-09))
({x2, x7}, (2.34403e-06, 0.907004, 0.0929728, 2.13568e-05))
({x2, x8}, (0.0929751, 1.13907e-07, 1.56976e-08, 0.907025))
({x2, x9}, (3.352e-05, 0.907022, 0.0929416, 2.84728e-06))
({x3, x4}, (0.0929277, 9.98077e-06, 4.73746e-05, 0.907015))
({x3, x5}, (2.25043e-05, 0.90702, 0.0929526, 4.91911e-06))
({x3, x6}, (1.4501e-10, 0.907025, 0.0929751, 5.86873e-09))
({x3, x7}, (2.34412e-06, 0.907004, 0.0929728, 2.1356e-05))
({x3, x8}, (0.0929751, 1.13947e-07, 1.6638e-08, 0.907025))
({x3, x9}, (3.35209e-05, 0.907022, 0.0929416, 2.84733e-06))
({x4, x5}, (5.08971e-06, 0.907037, 0.0929326, 2.48983e-05))
({x4, x6}, (9.98075e-06, 0.907015, 0.0929277, 4.73803e-05))
({x4, x7}, (1.23248e-05, 0.906994, 0.0929254, 6.87304e-05))
({x4, x8}, (0.0929279, 4.7358e-05, 9.86685e-06, 0.907015))
({x4, x9}, (7.91035e-06, 0.907048, 0.0929298, 1.46305e-05))
({x5, x6}, (0.90702, 4.91909e-06, 2.251e-05, 0.0929526))
({x5, x7}, (0.906999, 7.2631e-06, 4.38602e-05, 0.0929503))
({x5, x8}, (2.24877e-05, 0.0929527, 0.90702, 4.80518e-06))
({x5, x9}, (0.907041, 1.44567e-05, 1.36833e-06, 0.0929431))
({x6, x7}, (0.907004, 2.34514e-06, 2.13513e-05, 0.0929728))
({x6, x8}, (1.13931e-07, 0.0929751, 0.907025, 2.23456e-08))
({x6, x9}, (0.907022, 3.35266e-05, 2.84731e-06, 0.0929416))
({x7, x8}, (2.45793e-06, 0.0929728, 0.907003, 2.13725e-05))
({x7, x9}, (0.907001, 5.48768e-05, 5.1913e-06, 0.0929393))
({x8, x9}, (3.36106e-05, 0.907022, 0.0929416, 2.83966e-06))
Exact log partition sum: 47.708
Exact MAP variable marginals:
({x0}, (0.0925102, 0.90749))
({x1}, (0.0925102, 0.90749))
({x2}, (0.0925102, 0.90749))
({x3}, (0.0925102, 0.90749))
({x4}, (0.0925102, 0.90749))
({x5}, (0.90749, 0.0925102))
({x6}, (0.90749, 0.0925102))
({x7}, (0.90749, 0.0925102))
({x8}, (0.0925102, 0.90749))
({x9}, (0.90749, 0.0925102))
Exact MAP factor marginals:
({x0}, (0.0925102, 0.90749)) == ({x0}, (0.0925102, 0.90749))
({x1}, (0.0925102, 0.90749)) == ({x1}, (0.0925102, 0.90749))
({x2}, (0.0925102, 0.90749)) == ({x2}, (0.0925102, 0.90749))
({x3}, (0.0925102, 0.90749)) == ({x3}, (0.0925102, 0.90749))
({x4}, (0.0925102, 0.90749)) == ({x4}, (0.0925102, 0.90749))
({x5}, (0.90749, 0.0925102)) == ({x5}, (0.90749, 0.0925102))
({x6}, (0.90749, 0.0925102)) == ({x6}, (0.90749, 0.0925102))
({x7}, (0.90749, 0.0925102)) == ({x7}, (0.90749, 0.0925102))
({x8}, (0.0925102, 0.90749)) == ({x8}, (0.0925102, 0.90749))
({x9}, (0.90749, 0.0925102)) == ({x9}, (0.90749, 0.0925102))
({x0, x1}, (0.090173, 0.00275945, 0.0225043, 0.884563)) == ({x0, x1}, (0.090173, 0.00275945, 0.0225043, 0.884563))
({x0, x2}, (0.090173, 0.00275945, 0.0225043, 0.884563)) == ({x0, x2}, (0.090173, 0.00275945, 0.0225043, 0.884563))
({x0, x3}, (0.090173, 0.00275945, 0.0225043, 0.884563)) == ({x0, x3}, (0.090173, 0.00275945, 0.0225043, 0.884563))
({x0, x4}, (0.090173, 0.00275945, 0.0225043, 0.884563)) == ({x0, x4}, (0.090173, 0.00275945, 0.0225043, 0.884563))
({x0, x5}, (0.0225043, 0.884563, 0.090173, 0.00275945)) == ({x0, x5}, (0.0225043, 0.884563, 0.090173, 0.00275945))
({x0, x6}, (0.0225043, 0.884563, 0.090173, 0.00275945)) == ({x0, x6}, (0.0225043, 0.884563, 0.090173, 0.00275945))
({x0, x7}, (0.0225043, 0.884563, 0.090173, 0.00275945)) == ({x0, x7}, (0.0225043, 0.884563, 0.090173, 0.00275945))
({x0, x8}, (0.090173, 0.00275945, 0.0225043, 0.884563)) == ({x0, x8}, (0.090173, 0.00275945, 0.0225043, 0.884563))
({x0, x9}, (0.0225043, 0.884563, 0.090173, 0.00275945)) == ({x0, x9}, (0.0225043, 0.884563, 0.090173, 0.00275945))
({x1, x2}, (0.0925102, 8.12349e-12, 8.13671e-11, 0.90749)) == ({x1, x2}, (0.0925102, 8.12349e-12, 8.13671e-11, 0.90749))
({x1, x3}, (0.0925102, 7.51602e-10, 2.71799e-11, 0.90749)) == ({x1, x3}, (0.0925102, 7.51602e-10, 2.71799e-11, 0.90749))
({x1, x4}, (0.0925077, 5.0309e-06, 2.21055e-05, 0.907465)) == ({x1, x4}, (0.0925077, 5.0309e-06, 2.21055e-05, 0.907465))
({x1, x5}, (2.21056e-05, 0.907468, 0.0925079, 2.47582e-06)) == ({x1, x5}, (2.21056e-05, 0.907468, 0.0925079, 2.47582e-06))
({x1, x6}, (1.06393e-11, 0.90749, 0.0925102, 4.1937e-09)) == ({x1, x6}, (1.06393e-11, 0.90749, 0.0925102, 4.1937e-09))
({x1, x7}, (2.25112e-06, 0.907469, 0.092508, 2.07288e-05)) == ({x1, x7}, (2.25112e-06, 0.907469, 0.092508, 2.07288e-05))
({x1, x8}, (0.0925102, 8.2302e-08, 1.15613e-08, 0.90749)) == ({x1, x8}, (0.0925102, 8.2302e-08, 1.15613e-08, 0.90749))
({x1, x9}, (2.21056e-05, 0.907468, 0.0925079, 2.47582e-06)) == ({x1, x9}, (2.21056e-05, 0.907468, 0.0925079, 2.47582e-06))
({x2, x3}, (0.0925102, 7.51602e-10, 2.71799e-11, 0.90749)) == ({x2, x3}, (0.0925102, 7.51602e-10, 2.71799e-11, 0.90749))
({x2, x4}, (0.0925077, 5.0309e-06, 2.21055e-05, 0.907465)) == ({x2, x4}, (0.0925077, 5.0309e-06, 2.21055e-05, 0.907465))
({x2, x5}, (2.21056e-05, 0.907468, 0.0925079, 2.47582e-06)) == ({x2, x5}, (2.21056e-05, 0.907468, 0.0925079, 2.47582e-06))
({x2, x6}, (1.06393e-11, 0.90749, 0.0925102, 4.1937e-09)) == ({x2, x6}, (1.06393e-11, 0.90749, 0.0925102, 4.1937e-09))
({x2, x7}, (2.25112e-06, 0.907469, 0.092508, 2.07288e-05)) == ({x2, x7}, (2.25112e-06, 0.907469, 0.092508, 2.07288e-05))
({x2, x8}, (0.0925102, 8.2302e-08, 1.15613e-08, 0.90749)) == ({x2, x8}, (0.0925102, 8.2302e-08, 1.15613e-08, 0.90749))
({x2, x9}, (2.21056e-05, 0.907468, 0.0925079, 2.47582e-06)) == ({x2, x9}, (2.21056e-05, 0.907468, 0.0925079, 2.47582e-06))
({x3, x4}, (0.0925077, 5.0309e-06, 2.21055e-05, 0.907465)) == ({x3, x4}, (0.0925077, 5.0309e-06, 2.21055e-05, 0.907465))
({x3, x5}, (2.21056e-05, 0.907468, 0.0925079, 2.47582e-06)) == ({x3, x5}, (2.21056e-05, 0.907468, 0.0925079, 2.47582e-06))
({x3, x6}, (1.08669e-10, 0.90749, 0.0925102, 4.1937e-09)) == ({x3, x6}, (1.08669e-10, 0.90749, 0.0925102, 4.1937e-09))
({x3, x7}, (2.25112e-06, 0.907469, 0.092508, 2.07288e-05)) == ({x3, x7}, (2.25112e-06, 0.907469, 0.092508, 2.07288e-05))
({x3, x8}, (0.0925102, 8.2302e-08, 1.15613e-08, 0.90749)) == ({x3, x8}, (0.0925102, 8.2302e-08, 1.15613e-08, 0.90749))
({x3, x9}, (2.21056e-05, 0.907468, 0.0925079, 2.47582e-06)) == ({x3, x9}, (2.21056e-05, 0.907468, 0.0925079, 2.47582e-06))
({x4, x5}, (5.03095e-06, 0.907473, 0.0925084, 1.37978e-05)) == ({x4, x5}, (5.03095e-06, 0.907473, 0.0925084, 1.37978e-05))
({x4, x6}, (5.0309e-06, 0.907465, 0.0925077, 2.21055e-05)) == ({x4, x6}, (5.0309e-06, 0.907465, 0.0925077, 2.21055e-05))
({x4, x7}, (5.0309e-06, 0.907465, 0.0925077, 2.21055e-05)) == ({x4, x7}, (5.0309e-06, 0.907465, 0.0925077, 2.21055e-05))
({x4, x8}, (0.0925077, 2.21055e-05, 5.0309e-06, 0.907465)) == ({x4, x8}, (0.0925077, 2.21055e-05, 5.0309e-06, 0.907465))
({x4, x9}, (5.03095e-06, 0.907473, 0.0925084, 1.37978e-05)) == ({x4, x9}, (5.03095e-06, 0.907473, 0.0925084, 1.37978e-05))
({x5, x6}, (0.907468, 2.47582e-06, 2.21056e-05, 0.0925079)) == ({x5, x6}, (0.907468, 2.47582e-06, 2.21056e-05, 0.0925079))
({x5, x7}, (0.907468, 2.47582e-06, 2.21056e-05, 0.0925079)) == ({x5, x7}, (0.907468, 2.47582e-06, 2.21056e-05, 0.0925079))
({x5, x8}, (2.21056e-05, 0.0925079, 0.907468, 2.47582e-06)) == ({x5, x8}, (2.21056e-05, 0.0925079, 0.907468, 2.47582e-06))
({x5, x9}, (0.907478, 1.17192e-05, 9.65554e-07, 0.092509)) == ({x5, x9}, (0.907478, 1.17192e-05, 9.65554e-07, 0.092509))
({x6, x7}, (0.907469, 2.25112e-06, 2.07288e-05, 0.092508)) == ({x6, x7}, (0.907469, 2.25112e-06, 2.07288e-05, 0.092508))
({x6, x8}, (8.2302e-08, 0.0925102, 0.90749, 1.15613e-08)) == ({x6, x8}, (8.2302e-08, 0.0925102, 0.90749, 1.15613e-08))
({x6, x9}, (0.907468, 2.21056e-05, 2.47582e-06, 0.0925079)) == ({x6, x9}, (0.907468, 2.21056e-05, 2.47582e-06, 0.0925079))
({x7, x8}, (2.25112e-06, 0.092508, 0.907469, 2.07288e-05)) == ({x7, x8}, (2.25112e-06, 0.092508, 0.907469, 2.07288e-05))
({x7, x9}, (0.907468, 2.21056e-05, 2.47582e-06, 0.0925079)) == ({x7, x9}, (0.907468, 2.21056e-05, 2.47582e-06, 0.0925079))
({x8, x9}, (2.21056e-05, 0.907468, 0.0925079, 2.47582e-06)) == ({x8, x9}, (2.21056e-05, 0.907468, 0.0925079, 2.47582e-06))
Exact MAP state (log score = 47.5852):
x0: 1
x1: 1
x2: 1
x3: 1
x4: 1
x5: 0
x6: 0
x7: 0
x8: 1
x9: 0
