Builtin inference algorithms: {BP, EXACT, FBP, JTREE, TRWBP}

Exact variable marginals:
({x0}, (0.820852, 0.179148))
({x1}, (0.20255, 0.79745))
({x2}, (0.936178, 0.063822))
({x3}, (0.580615, 0.419385))
({x4}, (0.555224, 0.444776))
({x5}, (0.927981, 0.0720189))
({x6}, (0.0895348, 0.910465))
({x7}, (0.799733, 0.200267))
({x8}, (0.721962, 0.278038))
({x9}, (0.797803, 0.202197))
Exact factor marginals:
({x0}, (0.820852, 0.179148))
({x1}, (0.20255, 0.79745))
({x2}, (0.936178, 0.063822))
({x3}, (0.580615, 0.419385))
({x4}, (0.555224, 0.444776))
({x5}, (0.927981, 0.0720189))
({x6}, (0.0895348, 0.910465))
({x7}, (0.799733, 0.200267))
({x8}, (0.721962, 0.278038))
({x9}, (0.797803, 0.202197))
({x0, x1}, (0.0296118, 0.172938, 0.79124, 0.00620987))
({x0, x2}, (0.760002, 0.176176, 0.0608504, 0.00297163))
({x0, x3}, (0.574026, 0.00658934, 0.246826, 0.172559))
({x0, x4}, (0.376633, 0.178591, 0.444219, 0.000557211))
({x0, x5}, (0.754761, 0.17322, 0.0660906, 0.00592826))
({x0, x6}, (0.0104711, 0.0790637, 0.810381, 0.100084))
({x0, x7}, (0.793643, 0.00609019, 0.0272091, 0.173058))
({x0, x8}, (0.71574, 0.00622207, 0.105112, 0.172926))
({x0, x9}, (0.791718, 0.00608558, 0.0291342, 0.173062))
({x1, x2}, (0.19621, 0.739968, 0.00633995, 0.0574821))
({x1, x3}, (0.000387638, 0.580227, 0.202162, 0.217223))
({x1, x4}, (0.198626, 0.356598, 0.00392373, 0.440852))
({x1, x5}, (0.199295, 0.728687, 0.00325544, 0.0687635))
({x1, x6}, (0.0768396, 0.0126951, 0.12571, 0.784755))
({x1, x7}, (0.00256339, 0.79717, 0.199987, 0.00028039))
({x1, x8}, (2.24876e-05, 0.72194, 0.202527, 0.0755104))
({x1, x9}, (0.000477566, 0.797326, 0.202072, 0.000124307))
({x2, x3}, (0.522865, 0.0577503, 0.413313, 0.00607168))
({x2, x4}, (0.551295, 0.00392968, 0.384883, 0.0598923))
({x2, x5}, (0.922097, 0.00588441, 0.0140813, 0.0579376))
({x2, x6}, (0.076097, 0.0134377, 0.860081, 0.0503843))
({x2, x7}, (0.74002, 0.0597135, 0.196158, 0.00410855))
({x2, x8}, (0.664578, 0.0573839, 0.2716, 0.00643814))
({x2, x9}, (0.73988, 0.057923, 0.196298, 0.00589904))
({x3, x4}, (0.356952, 0.198272, 0.223663, 0.221113))
({x3, x5}, (0.511464, 0.416517, 0.069151, 0.00286793))
({x3, x6}, (0.0130762, 0.0764585, 0.567539, 0.342926))
({x3, x7}, (0.579954, 0.21978, 0.000661526, 0.199605))
({x3, x8}, (0.580246, 0.141716, 0.000368659, 0.277669))
({x3, x9}, (0.580109, 0.217694, 0.00050556, 0.201691))
({x4, x5}, (0.549848, 0.378133, 0.00537591, 0.066643))
({x4, x6}, (0.0785172, 0.0110175, 0.476707, 0.433758))
({x4, x7}, (0.358131, 0.441602, 0.197093, 0.00317409))
({x4, x8}, (0.356611, 0.365351, 0.198613, 0.0794245))
({x4, x9}, (0.356477, 0.441327, 0.198747, 0.00344919))
({x5, x6}, (0.0735906, 0.0159441, 0.85439, 0.0560748))
({x5, x7}, (0.731243, 0.0684896, 0.196738, 0.00352934))
({x5, x8}, (0.653176, 0.0687859, 0.274805, 0.00323296))
({x5, x9}, (0.729158, 0.0686455, 0.198823, 0.00337336))
({x6, x7}, (0.0124221, 0.787311, 0.0771126, 0.123154))
({x6, x8}, (0.0127112, 0.709251, 0.0768235, 0.201214))
({x6, x9}, (0.0125708, 0.785232, 0.0769639, 0.125233))
({x7, x8}, (0.721666, 0.000296384, 0.0780673, 0.199971))
({x7, x9}, (0.797647, 0.000156159, 0.0020859, 0.200111))
({x8, x9}, (0.721822, 0.0759815, 0.000140409, 0.202056))
Exact log partition sum: 57.6822
Exact MAP variable marginals:
({x0}, (0.784846, 0.215154))
({x1}, (0.215154, 0.784846))
({x2}, (0.886282, 0.113718))
({x3}, (0.712136, 0.287864))
({x4}, (0.692543, 0.307457))
({x5}, (0.886282, 0.113718))
({x6}, (0.172576, 0.827424))
({x7}, (0.784846, 0.215154))
({x8}, (0.784846, 0.215154))
({x9}, (0.784846, 0.215154))
Exact MAP factor marginals:
({x0}, (0.784846, 0.215154)) == ({x0}, (0.784846, 0.215154))
({x1}, (0.215154, 0.784846)) == ({x1}, (0.215154, 0.784846))
({x2}, (0.886282, 0.113718)) == ({x2}, (0.886282, 0.113718))
({x3}, (0.712136, 0.287864)) == ({x3}, (0.712136, 0.287864))
({x4}, (0.692543, 0.307457)) == ({x4}, (0.692543, 0.307457))
({x5}, (0.886282, 0.113718)) == ({x5}, (0.886282, 0.113718))
({x6}, (0.172576, 0.827424)) == ({x6}, (0.172576, 0.827424))
({x7}, (0.784846, 0.215154)) == ({x7}, (0.784846, 0.215154))
({x8}, (0.784846, 0.215154)) == ({x8}, (0.784846, 0.215154))
({x9}, (0.784846, 0.215154)) == ({x9}, (0.784846, 0.215154))
({x0, x1}, (0.05157, 0.202502, 0.738691, 0.00723673)) == ({x0, x1}, (0.05157, 0.202502, 0.738691, 0.00723673))
({x0, x2}, (0.710738, 0.194839, 0.0911937, 0.00322956)) == ({x0, x2}, (0.710738, 0.194839, 0.0911937, 0.00322956))
({x0, x3}, (0.592361, 0.00580318, 0.239448, 0.162388)) == ({x0, x3}, (0.592361, 0.00580318, 0.239448, 0.162388))
({x0, x4}, (0.581661, 0.159454, 0.25823, 0.000654935)) == ({x0, x4}, (0.581661, 0.159454, 0.25823, 0.000654935))
({x0, x5}, (0.710256, 0.194707, 0.0911318, 0.00390519)) == ({x0, x5}, (0.710256, 0.194707, 0.0911318, 0.00390519))
({x0, x6}, (0.019481, 0.137929, 0.661303, 0.181287)) == ({x0, x6}, (0.019481, 0.137929, 0.661303, 0.181287))
({x0, x7}, (0.738691, 0.00723673, 0.05157, 0.202502)) == ({x0, x7}, (0.738691, 0.00723673, 0.05157, 0.202502))
({x0, x8}, (0.667118, 0.00653555, 0.143466, 0.182881)) == ({x0, x8}, (0.667118, 0.00653555, 0.143466, 0.182881))
({x0, x9}, (0.738691, 0.00723673, 0.05157, 0.202502)) == ({x0, x9}, (0.738691, 0.00723673, 0.05157, 0.202502))
({x1, x2}, (0.194839, 0.710738, 0.00322956, 0.0911937)) == ({x1, x2}, (0.194839, 0.710738, 0.00322956, 0.0911937))
({x1, x3}, (0.00062031, 0.595449, 0.163234, 0.240696)) == ({x1, x3}, (0.00062031, 0.595449, 0.163234, 0.240696))
({x1, x4}, (0.159183, 0.580671, 0.00235517, 0.257791)) == ({x1, x4}, (0.159183, 0.580671, 0.00235517, 0.257791))
({x1, x5}, (0.194839, 0.710738, 0.00322956, 0.0911937)) == ({x1, x5}, (0.194839, 0.710738, 0.00322956, 0.0911937))
({x1, x6}, (0.137929, 0.019481, 0.181287, 0.661303)) == ({x1, x6}, (0.137929, 0.019481, 0.181287, 0.661303))
({x1, x7}, (0.00325049, 0.782088, 0.214399, 0.000262972)) == ({x1, x7}, (0.00325049, 0.782088, 0.214399, 0.000262972))
({x1, x8}, (4.00603e-05, 0.671479, 0.184077, 0.144404)) == ({x1, x8}, (4.00603e-05, 0.671479, 0.184077, 0.144404))
({x1, x9}, (0.000986145, 0.783865, 0.214886, 0.000263569)) == ({x1, x9}, (0.000986145, 0.783865, 0.214886, 0.000263569))
({x2, x3}, (0.650585, 0.0834755, 0.262984, 0.00295623)) == ({x2, x3}, (0.650585, 0.0834755, 0.262984, 0.00295623))
({x2, x4}, (0.634194, 0.00288175, 0.281552, 0.0813724)) == ({x2, x4}, (0.634194, 0.00288175, 0.281552, 0.0813724))
({x2, x5}, (0.858973, 0.00463512, 0.0261789, 0.110213)) == ({x2, x5}, (0.858973, 0.00463512, 0.0261789, 0.110213))
({x2, x6}, (0.15265, 0.0215601, 0.731884, 0.0939068)) == ({x2, x6}, (0.15265, 0.0215601, 0.731884, 0.0939068))
({x2, x7}, (0.710738, 0.0911937, 0.194839, 0.00322956)) == ({x2, x7}, (0.710738, 0.0911937, 0.194839, 0.00322956))
({x2, x8}, (0.710738, 0.0911937, 0.194839, 0.00322956)) == ({x2, x8}, (0.710738, 0.0911937, 0.194839, 0.00322956))
({x2, x9}, (0.710738, 0.0911937, 0.194839, 0.00322956)) == ({x2, x9}, (0.710738, 0.0911937, 0.194839, 0.00322956))
({x3, x4}, (0.471183, 0.129168, 0.209183, 0.190465)) == ({x3, x4}, (0.471183, 0.129168, 0.209183, 0.190465))
({x3, x5}, (0.650585, 0.262984, 0.0834755, 0.00295623)) == ({x3, x5}, (0.650585, 0.262984, 0.0834755, 0.00295623))
({x3, x6}, (0.0179378, 0.127003, 0.608918, 0.246141)) == ({x3, x6}, (0.0179378, 0.127003, 0.608918, 0.246141))
({x3, x7}, (0.595449, 0.240696, 0.00062031, 0.163234)) == ({x3, x7}, (0.595449, 0.240696, 0.00062031, 0.163234))
({x3, x8}, (0.595449, 0.240696, 0.00062031, 0.163234)) == ({x3, x8}, (0.595449, 0.240696, 0.00062031, 0.163234))
({x3, x9}, (0.595449, 0.240696, 0.00062031, 0.163234)) == ({x3, x9}, (0.595449, 0.240696, 0.00062031, 0.163234))
({x4, x5}, (0.63381, 0.281382, 0.00348487, 0.0813232)) == ({x4, x5}, (0.63381, 0.281382, 0.00348487, 0.0813232))
({x4, x6}, (0.124003, 0.0175141, 0.594537, 0.263946)) == ({x4, x6}, (0.124003, 0.0175141, 0.594537, 0.263946))
({x4, x7}, (0.580671, 0.257791, 0.159183, 0.00235517)) == ({x4, x7}, (0.580671, 0.257791, 0.159183, 0.00235517))
({x4, x8}, (0.517292, 0.229654, 0.141809, 0.111246)) == ({x4, x8}, (0.517292, 0.229654, 0.141809, 0.111246))
({x4, x9}, (0.580671, 0.257791, 0.159183, 0.00235517)) == ({x4, x9}, (0.580671, 0.257791, 0.159183, 0.00235517))
({x5, x6}, (0.15265, 0.0215601, 0.731884, 0.0939068)) == ({x5, x6}, (0.15265, 0.0215601, 0.731884, 0.0939068))
({x5, x7}, (0.710738, 0.0911937, 0.194839, 0.00322956)) == ({x5, x7}, (0.710738, 0.0911937, 0.194839, 0.00322956))
({x5, x8}, (0.710738, 0.0911937, 0.194839, 0.00322956)) == ({x5, x8}, (0.710738, 0.0911937, 0.194839, 0.00322956))
({x5, x9}, (0.710738, 0.0911937, 0.194839, 0.00322956)) == ({x5, x9}, (0.710738, 0.0911937, 0.194839, 0.00322956))
({x6, x7}, (0.019481, 0.661303, 0.137929, 0.181287)) == ({x6, x7}, (0.019481, 0.661303, 0.137929, 0.181287))
({x6, x8}, (0.019481, 0.661303, 0.137929, 0.181287)) == ({x6, x8}, (0.019481, 0.661303, 0.137929, 0.181287))
({x6, x9}, (0.019481, 0.661303, 0.137929, 0.181287)) == ({x6, x9}, (0.019481, 0.661303, 0.137929, 0.181287))
({x7, x8}, (0.671355, 0.000225739, 0.144377, 0.184043)) == ({x7, x8}, (0.671355, 0.000225739, 0.144377, 0.184043))
({x7, x9}, (0.782122, 0.000219119, 0.00325063, 0.214408)) == ({x7, x9}, (0.782122, 0.000219119, 0.00325063, 0.214408))
({x8, x9}, (0.671355, 0.144377, 0.000225739, 0.184043)) == ({x8, x9}, (0.671355, 0.144377, 0.000225739, 0.184043))
Exact MAP state (log score = 56.6338):
x0: 0
x1: 1
x2: 0
x3: 0
x4: 0
x5: 0
x6: 1
x7: 0
x8: 0
x9: 0
