Builtin inference algorithms: {BP, EXACT, FBP, JTREE, TRWBP}

Exact variable marginals:
({x0}, (0.000209247, 0.999791))
({x1}, (0.000209247, 0.999791))
({x2}, (0.999632, 0.000367872))
({x3}, (0.999791, 0.000209301))
({x4}, (0.999771, 0.00022887))
({x5}, (0.973061, 0.0269389))
({x6}, (0.000209247, 0.999791))
({x7}, (0.000209248, 0.999791))
({x8}, (0.99979, 0.000210186))
({x9}, (0.99979, 0.000209613))
Exact factor marginals:
({x0}, (0.000209247, 0.999791))
({x1}, (0.000209247, 0.999791))
({x2}, (0.999632, 0.000367872))
({x3}, (0.999791, 0.000209301))
({x4}, (0.999771, 0.00022887))
({x5}, (0.973061, 0.0269389))
({x6}, (0.000209247, 0.999791))
({x7}, (0.000209248, 0.999791))
({x8}, (0.99979, 0.000210186))
({x9}, (0.99979, 0.000209613))
({x0, x1}, (0.000209247, 2.54866e-11, 7.38879e-12, 0.999791))
({x0, x2}, (1.06518e-07, 0.999632, 0.00020914, 0.000158732))
({x0, x3}, (2.28521e-10, 0.999791, 0.000209246, 5.47402e-08))
({x0, x4}, (9.32722e-07, 0.99977, 0.000208314, 2.05563e-05))
({x0, x5}, (7.15924e-05, 0.972989, 0.000137654, 0.0268013))
({x0, x6}, (0.000209247, 2.12807e-10, 1.11696e-11, 0.999791))
({x0, x7}, (0.000209247, 1.37362e-09, 1.04082e-10, 0.999791))
({x0, x8}, (7.73556e-09, 0.99979, 0.000209239, 9.47315e-07))
({x0, x9}, (3.76977e-10, 0.99979, 0.000209246, 3.6654e-07))
({x1, x2}, (1.06516e-07, 0.999632, 0.00020914, 0.000158732))
({x1, x3}, (2.39758e-10, 0.999791, 0.000209246, 5.47333e-08))
({x1, x4}, (9.32745e-07, 0.99977, 0.000208314, 2.05563e-05))
({x1, x5}, (7.15925e-05, 0.972989, 0.000137654, 0.0268013))
({x1, x6}, (0.000209247, 2.15143e-10, 3.16034e-11, 0.999791))
({x1, x7}, (0.000209247, 1.37355e-09, 1.22104e-10, 0.999791))
({x1, x8}, (7.7501e-09, 0.99979, 0.000209239, 9.47312e-07))
({x1, x9}, (3.88213e-10, 0.99979, 0.000209246, 3.66533e-07))
({x2, x3}, (0.999632, 0.000158733, 1.61248e-07, 0.00020914))
({x2, x4}, (0.999611, 0.000159665, 2.06628e-05, 0.000208207))
({x2, x5}, (0.972833, 0.000228226, 0.0267993, 0.000139647))
({x2, x6}, (1.06529e-07, 0.00020914, 0.999632, 0.000158732))
({x2, x7}, (1.07886e-07, 0.00020914, 0.999632, 0.000158732))
({x2, x8}, (0.999631, 0.000158692, 1.00618e-06, 0.00020918))
({x2, x9}, (0.999632, 0.000158733, 4.73048e-07, 0.00020914))
({x3, x4}, (0.99977, 9.8746e-07, 2.05565e-05, 0.000208314))
({x3, x5}, (0.972989, 7.16472e-05, 0.0268013, 0.000137654))
({x3, x6}, (4.28015e-10, 0.000209246, 0.999791, 5.4738e-08))
({x3, x7}, (1.25185e-10, 0.000209248, 0.999791, 5.33673e-08))
({x3, x8}, (0.99979, 4.76894e-08, 9.32757e-07, 0.000209253))
({x3, x9}, (0.99979, 3.06833e-08, 3.42335e-07, 0.00020927))
({x4, x5}, (0.97299, 7.072e-05, 0.0267808, 0.00015815))
({x4, x6}, (9.32932e-07, 0.000208314, 0.99977, 2.05563e-05))
({x4, x7}, (9.34093e-07, 0.000208314, 0.99977, 2.05564e-05))
({x4, x8}, (0.999769, 2.05074e-05, 1.82336e-06, 0.000208363))
({x4, x9}, (0.99977, 2.05567e-05, 1.29926e-06, 0.000208314))
({x5, x6}, (7.15924e-05, 0.000137654, 0.972989, 0.0268013))
({x5, x7}, (7.15938e-05, 0.000137654, 0.972989, 0.0268013))
({x5, x8}, (0.972989, 0.0268013, 7.25374e-05, 0.000137649))
({x5, x9}, (0.972989, 0.0268013, 7.1959e-05, 0.000137654))
({x6, x7}, (0.000209247, 1.37146e-09, 3.03557e-10, 0.999791))
({x6, x8}, (7.93491e-09, 0.99979, 0.000209239, 9.47313e-07))
({x6, x9}, (5.76471e-10, 0.99979, 0.000209246, 3.66538e-07))
({x7, x8}, (8.08068e-09, 0.99979, 0.00020924, 9.46391e-07))
({x7, x9}, (2.73637e-10, 0.99979, 0.000209248, 3.65167e-07))
({x8, x9}, (0.999789, 9.33693e-07, 3.60277e-07, 0.000209252))
Exact log partition sum: 107.406
Exact MAP variable marginals:
({x0}, (0.000141384, 0.999859))
({x1}, (0.000141384, 0.999859))
({x2}, (0.999839, 0.000160955))
({x3}, (0.999859, 0.000141384))
({x4}, (0.999859, 0.000141384))
({x5}, (0.973211, 0.0267892))
({x6}, (0.000141384, 0.999859))
({x7}, (0.000141384, 0.999859))
({x8}, (0.999859, 0.000141384))
({x9}, (0.999859, 0.000141384))
Exact MAP factor marginals:
({x0}, (0.000141384, 0.999859)) == ({x0}, (0.000141384, 0.999859))
({x1}, (0.000141384, 0.999859)) == ({x1}, (0.000141384, 0.999859))
({x2}, (0.999839, 0.000160955)) == ({x2}, (0.999839, 0.000160955))
({x3}, (0.999859, 0.000141384)) == ({x3}, (0.999859, 0.000141384))
({x4}, (0.999859, 0.000141384)) == ({x4}, (0.999859, 0.000141384))
({x5}, (0.973211, 0.0267892)) == ({x5}, (0.973211, 0.0267892))
({x6}, (0.000141384, 0.999859)) == ({x6}, (0.000141384, 0.999859))
({x7}, (0.000141384, 0.999859)) == ({x7}, (0.000141384, 0.999859))
({x8}, (0.999859, 0.000141384)) == ({x8}, (0.999859, 0.000141384))
({x9}, (0.999859, 0.000141384)) == ({x9}, (0.999859, 0.000141384))
({x0, x1}, (0.000141384, 1.72069e-11, 4.29052e-12, 0.999859)) == ({x0, x1}, (0.000141384, 1.72069e-11, 4.29052e-12, 0.999859))
({x0, x2}, (8.7239e-08, 0.999698, 0.000141362, 0.000160932)) == ({x0, x2}, (8.7239e-08, 0.999698, 0.000141362, 0.000160932))
({x0, x3}, (1.17592e-10, 0.999859, 0.000141384, 3.05555e-08)) == ({x0, x3}, (1.17592e-10, 0.999859, 0.000141384, 3.05555e-08))
({x0, x4}, (9.5434e-07, 0.999837, 0.000141381, 2.10668e-05)) == ({x0, x4}, (9.5434e-07, 0.999837, 0.000141381, 2.10668e-05))
({x0, x5}, (7.06545e-05, 0.973008, 0.000137588, 0.0267836)) == ({x0, x5}, (7.06545e-05, 0.973008, 0.000137588, 0.0267836))
({x0, x6}, (0.000141384, 1.97204e-10, 4.88816e-12, 0.999859)) == ({x0, x6}, (0.000141384, 1.97204e-10, 4.88816e-12, 0.999859))
({x0, x7}, (0.000141384, 9.4464e-10, 9.72924e-11, 0.999859)) == ({x0, x7}, (0.000141384, 9.4464e-10, 9.72924e-11, 0.999859))
({x0, x8}, (3.02045e-09, 0.999858, 0.000141384, 8.56309e-07)) == ({x0, x8}, (3.02045e-09, 0.999858, 0.000141384, 8.56309e-07))
({x0, x9}, (1.58365e-10, 0.999858, 0.000141384, 3.51825e-07)) == ({x0, x9}, (1.58365e-10, 0.999858, 0.000141384, 3.51825e-07))
({x1, x2}, (8.7239e-08, 0.999698, 0.000141362, 0.000160932)) == ({x1, x2}, (8.7239e-08, 0.999698, 0.000141362, 0.000160932))
({x1, x3}, (1.17592e-10, 0.999859, 0.000141384, 3.05555e-08)) == ({x1, x3}, (1.17592e-10, 0.999859, 0.000141384, 3.05555e-08))
({x1, x4}, (9.5434e-07, 0.999837, 0.000141381, 2.10668e-05)) == ({x1, x4}, (9.5434e-07, 0.999837, 0.000141381, 2.10668e-05))
({x1, x5}, (7.06545e-05, 0.973008, 0.000137588, 0.0267836)) == ({x1, x5}, (7.06545e-05, 0.973008, 0.000137588, 0.0267836))
({x1, x6}, (0.000141384, 1.97204e-10, 1.72069e-11, 0.999859)) == ({x1, x6}, (0.000141384, 1.97204e-10, 1.72069e-11, 0.999859))
({x1, x7}, (0.000141384, 9.4464e-10, 9.72924e-11, 0.999859)) == ({x1, x7}, (0.000141384, 9.4464e-10, 9.72924e-11, 0.999859))
({x1, x8}, (3.02045e-09, 0.999858, 0.000141384, 8.56309e-07)) == ({x1, x8}, (3.02045e-09, 0.999858, 0.000141384, 8.56309e-07))
({x1, x9}, (1.58365e-10, 0.999858, 0.000141384, 3.51825e-07)) == ({x1, x9}, (1.58365e-10, 0.999858, 0.000141384, 3.51825e-07))
({x2, x3}, (0.999698, 0.000160932, 8.7239e-08, 0.000141362)) == ({x2, x3}, (0.999698, 0.000160932, 8.7239e-08, 0.000141362))
({x2, x4}, (0.999677, 0.000160929, 2.10635e-05, 0.000141359)) == ({x2, x4}, (0.999677, 0.000160929, 2.10635e-05, 0.000141359))
({x2, x5}, (0.972925, 0.000156622, 0.0267813, 0.000137576)) == ({x2, x5}, (0.972925, 0.000156622, 0.0267813, 0.000137576))
({x2, x6}, (8.7239e-08, 0.000141362, 0.999698, 0.000160932)) == ({x2, x6}, (8.7239e-08, 0.000141362, 0.999698, 0.000160932))
({x2, x7}, (8.7239e-08, 0.000141362, 0.999698, 0.000160932)) == ({x2, x7}, (8.7239e-08, 0.000141362, 0.999698, 0.000160932))
({x2, x8}, (0.999697, 0.000160932, 8.56171e-07, 0.000141361)) == ({x2, x8}, (0.999697, 0.000160932, 8.56171e-07, 0.000141361))
({x2, x9}, (0.999697, 0.000160932, 3.51768e-07, 0.000141362)) == ({x2, x9}, (0.999697, 0.000160932, 3.51768e-07, 0.000141362))
({x3, x4}, (0.999837, 9.5434e-07, 2.10668e-05, 0.000141381)) == ({x3, x4}, (0.999837, 9.5434e-07, 2.10668e-05, 0.000141381))
({x3, x5}, (0.973008, 7.06545e-05, 0.0267836, 0.000137588)) == ({x3, x5}, (0.973008, 7.06545e-05, 0.0267836, 0.000137588))
({x3, x6}, (1.97204e-10, 0.000141384, 0.999859, 3.05555e-08)) == ({x3, x6}, (1.97204e-10, 0.000141384, 0.999859, 3.05555e-08))
({x3, x7}, (1.17592e-10, 0.000141384, 0.999859, 3.05555e-08)) == ({x3, x7}, (1.17592e-10, 0.000141384, 0.999859, 3.05555e-08))
({x3, x8}, (0.999858, 3.05554e-08, 8.56309e-07, 0.000141384)) == ({x3, x8}, (0.999858, 3.05554e-08, 8.56309e-07, 0.000141384))
({x3, x9}, (0.999858, 3.05554e-08, 3.51825e-07, 0.000141384)) == ({x3, x9}, (0.999858, 3.05554e-08, 3.51825e-07, 0.000141384))
({x4, x5}, (0.973008, 7.06545e-05, 0.0267836, 0.000137588)) == ({x4, x5}, (0.973008, 7.06545e-05, 0.0267836, 0.000137588))
({x4, x6}, (9.5434e-07, 0.000141381, 0.999837, 2.10668e-05)) == ({x4, x6}, (9.5434e-07, 0.000141381, 0.999837, 2.10668e-05))
({x4, x7}, (9.5434e-07, 0.000141381, 0.999837, 2.10668e-05)) == ({x4, x7}, (9.5434e-07, 0.000141381, 0.999837, 2.10668e-05))
({x4, x8}, (0.999837, 2.10668e-05, 9.5434e-07, 0.000141381)) == ({x4, x8}, (0.999837, 2.10668e-05, 9.5434e-07, 0.000141381))
({x4, x9}, (0.999837, 2.10668e-05, 9.5434e-07, 0.000141381)) == ({x4, x9}, (0.999837, 2.10668e-05, 9.5434e-07, 0.000141381))
({x5, x6}, (7.06545e-05, 0.000137588, 0.973008, 0.0267836)) == ({x5, x6}, (7.06545e-05, 0.000137588, 0.973008, 0.0267836))
({x5, x7}, (7.06545e-05, 0.000137588, 0.973008, 0.0267836)) == ({x5, x7}, (7.06545e-05, 0.000137588, 0.973008, 0.0267836))
({x5, x8}, (0.973008, 0.0267836, 7.06545e-05, 0.000137588)) == ({x5, x8}, (0.973008, 0.0267836, 7.06545e-05, 0.000137588))
({x5, x9}, (0.973008, 0.0267836, 7.06545e-05, 0.000137588)) == ({x5, x9}, (0.973008, 0.0267836, 7.06545e-05, 0.000137588))
({x6, x7}, (0.000141384, 9.4464e-10, 1.97204e-10, 0.999859)) == ({x6, x7}, (0.000141384, 9.4464e-10, 1.97204e-10, 0.999859))
({x6, x8}, (3.02045e-09, 0.999858, 0.000141384, 8.56309e-07)) == ({x6, x8}, (3.02045e-09, 0.999858, 0.000141384, 8.56309e-07))
({x6, x9}, (1.97204e-10, 0.999858, 0.000141384, 3.51825e-07)) == ({x6, x9}, (1.97204e-10, 0.999858, 0.000141384, 3.51825e-07))
({x7, x8}, (3.02045e-09, 0.999858, 0.000141384, 8.56309e-07)) == ({x7, x8}, (3.02045e-09, 0.999858, 0.000141384, 8.56309e-07))
({x7, x9}, (1.58365e-10, 0.999858, 0.000141384, 3.51825e-07)) == ({x7, x9}, (1.58365e-10, 0.999858, 0.000141384, 3.51825e-07))
({x8, x9}, (0.999857, 8.56308e-07, 3.51824e-07, 0.000141384)) == ({x8, x9}, (0.999857, 8.56308e-07, 3.51824e-07, 0.000141384))
Exact MAP state (log score = 107.379):
x0: 1
x1: 1
x2: 0
x3: 0
x4: 0
x5: 0
x6: 1
x7: 1
x8: 0
x9: 0
