Builtin inference algorithms: {BP, EXACT, FBP, JTREE, TRWBP}

Exact variable marginals:
({x0}, (0.372265, 0.627735))
({x1}, (0.372265, 0.627735))
({x2}, (0.627735, 0.372265))
({x3}, (0.372265, 0.627735))
({x4}, (0.372264, 0.627736))
({x5}, (0.627737, 0.372263))
({x6}, (0.535156, 0.464844))
({x7}, (0.374566, 0.625434))
({x8}, (0.627735, 0.372265))
({x9}, (0.627735, 0.372265))
Exact factor marginals:
({x0}, (0.372265, 0.627735))
({x1}, (0.372265, 0.627735))
({x2}, (0.627735, 0.372265))
({x3}, (0.372265, 0.627735))
({x4}, (0.372264, 0.627736))
({x5}, (0.627737, 0.372263))
({x6}, (0.535156, 0.464844))
({x7}, (0.374566, 0.625434))
({x8}, (0.627735, 0.372265))
({x9}, (0.627735, 0.372265))
({x0, x1}, (0.372265, 7.44027e-10, 2.6856e-10, 0.627735))
({x0, x2}, (1.44087e-12, 0.627735, 0.372265, 2.1545e-10))
({x0, x3}, (0.372265, 2.0064e-13, 6.54079e-14, 0.627735))
({x0, x4}, (0.372261, 2.23937e-06, 4.11842e-06, 0.627732))
({x0, x5}, (2.83967e-06, 0.627734, 0.372263, 1.49663e-07))
({x0, x6}, (0.0764448, 0.458712, 0.295821, 0.169023))
({x0, x7}, (0.371986, 0.00258029, 0.000279957, 0.625154))
({x0, x8}, (2.11351e-12, 0.627735, 0.372265, 4.63875e-12))
({x0, x9}, (4.31536e-12, 0.627735, 0.372265, 2.85975e-12))
({x1, x2}, (7.32565e-10, 0.627735, 0.372265, 4.71108e-10))
({x1, x3}, (0.372265, 2.68533e-10, 7.43864e-10, 0.627735))
({x1, x4}, (0.372261, 2.23952e-06, 4.11904e-06, 0.627732))
({x1, x5}, (2.84041e-06, 0.627734, 0.372263, 1.49932e-07))
({x1, x6}, (0.0764448, 0.458712, 0.295821, 0.169023))
({x1, x7}, (0.371986, 0.00258029, 0.000279958, 0.625154))
({x1, x8}, (7.41455e-10, 0.627735, 0.372265, 2.68514e-10))
({x1, x9}, (7.48086e-10, 0.627735, 0.372265, 2.71164e-10))
({x2, x3}, (1.42033e-12, 0.372265, 0.627735, 2.15294e-10))
({x2, x4}, (2.23937e-06, 0.372261, 0.627732, 4.11863e-06))
({x2, x5}, (0.627734, 2.83988e-06, 1.49665e-07, 0.372263))
({x2, x6}, (0.458712, 0.0764448, 0.169023, 0.295821))
({x2, x7}, (0.00258029, 0.371986, 0.625154, 0.000279957))
({x2, x8}, (0.627735, 2.12878e-10, 1.39443e-12, 0.372265))
({x2, x9}, (0.627735, 2.19518e-10, 4.05349e-12, 0.372265))
({x3, x4}, (0.372261, 2.23937e-06, 4.11842e-06, 0.627732))
({x3, x5}, (2.83967e-06, 0.627734, 0.372263, 1.49663e-07))
({x3, x6}, (0.0764448, 0.458712, 0.295821, 0.169023))
({x3, x7}, (0.371986, 0.00258029, 0.000279957, 0.625154))
({x3, x8}, (2.09473e-12, 0.627735, 0.372265, 4.48474e-12))
({x3, x9}, (4.28794e-12, 0.627735, 0.372265, 2.69709e-12))
({x4, x5}, (2.37235e-06, 0.627735, 0.372261, 1.56138e-06))
({x4, x6}, (0.0764407, 0.458716, 0.295823, 0.169021))
({x4, x7}, (0.371981, 0.00258441, 0.000282197, 0.625152))
({x4, x8}, (2.23937e-06, 0.627732, 0.372261, 4.11842e-06))
({x4, x9}, (2.23938e-06, 0.627732, 0.372261, 4.11842e-06))
({x5, x6}, (0.458714, 0.076442, 0.169023, 0.295821))
({x5, x7}, (0.00258313, 0.371983, 0.625154, 0.000280107))
({x5, x8}, (0.627734, 1.49663e-07, 2.83967e-06, 0.372263))
({x5, x9}, (0.627734, 1.49667e-07, 2.83967e-06, 0.372263))
({x6, x7}, (0.0790251, 0.295541, 0.456131, 0.169303))
({x6, x8}, (0.458712, 0.169023, 0.0764448, 0.295821))
({x6, x9}, (0.458712, 0.169023, 0.0764448, 0.295821))
({x7, x8}, (0.00258029, 0.625154, 0.371986, 0.000279957))
({x7, x9}, (0.00258029, 0.625154, 0.371986, 0.000279957))
({x8, x9}, (0.627735, 8.73475e-12, 4.75391e-12, 0.372265))
Exact log partition sum: 75.8746
Exact MAP variable marginals:
({x0}, (0.393178, 0.606822))
({x1}, (0.393178, 0.606822))
({x2}, (0.606822, 0.393178))
({x3}, (0.393178, 0.606822))
({x4}, (0.393178, 0.606822))
({x5}, (0.606822, 0.393178))
({x6}, (0.606822, 0.393178))
({x7}, (0.393178, 0.606822))
({x8}, (0.606822, 0.393178))
({x9}, (0.606822, 0.393178))
Exact MAP factor marginals:
({x0}, (0.393178, 0.606822)) == ({x0}, (0.393178, 0.606822))
({x1}, (0.393178, 0.606822)) == ({x1}, (0.393178, 0.606822))
({x2}, (0.606822, 0.393178)) == ({x2}, (0.606822, 0.393178))
({x3}, (0.393178, 0.606822)) == ({x3}, (0.393178, 0.606822))
({x4}, (0.393178, 0.606822)) == ({x4}, (0.393178, 0.606822))
({x5}, (0.606822, 0.393178)) == ({x5}, (0.606822, 0.393178))
({x6}, (0.606822, 0.393178)) == ({x6}, (0.606822, 0.393178))
({x7}, (0.393178, 0.606822)) == ({x7}, (0.393178, 0.606822))
({x8}, (0.606822, 0.393178)) == ({x8}, (0.606822, 0.393178))
({x9}, (0.606822, 0.393178)) == ({x9}, (0.606822, 0.393178))
({x0, x1}, (0.393178, 8.51624e-10, 2.99099e-10, 0.606822)) == ({x0, x1}, (0.393178, 8.51624e-10, 2.99099e-10, 0.606822))
({x0, x2}, (1.70394e-12, 0.606822, 0.393178, 2.69124e-10)) == ({x0, x2}, (1.70394e-12, 0.606822, 0.393178, 2.69124e-10))
({x0, x3}, (0.393178, 2.58801e-13, 4.82813e-14, 0.606822)) == ({x0, x3}, (0.393178, 2.58801e-13, 4.82813e-14, 0.606822))
({x0, x4}, (0.393175, 2.80706e-06, 3.42976e-06, 0.606818)) == ({x0, x4}, (0.393175, 2.80706e-06, 3.42976e-06, 0.606818))
({x0, x5}, (3.42977e-06, 0.60682, 0.393176, 1.71112e-07)) == ({x0, x5}, (3.42977e-06, 0.60682, 0.393176, 1.71112e-07))
({x0, x6}, (0.0766602, 0.457443, 0.29639, 0.169507)) == ({x0, x6}, (0.0766602, 0.457443, 0.29639, 0.169507))
({x0, x7}, (0.391687, 0.00341972, 0.000371034, 0.604522)) == ({x0, x7}, (0.391687, 0.00341972, 0.000371034, 0.604522))
({x0, x8}, (2.46644e-12, 0.606822, 0.393178, 5.82047e-12)) == ({x0, x8}, (2.46644e-12, 0.606822, 0.393178, 5.82047e-12))
({x0, x9}, (5.69215e-12, 0.606822, 0.393178, 3.50321e-12)) == ({x0, x9}, (5.69215e-12, 0.606822, 0.393178, 3.50321e-12))
({x1, x2}, (8.51624e-10, 0.606822, 0.393178, 2.99099e-10)) == ({x1, x2}, (8.51624e-10, 0.606822, 0.393178, 2.99099e-10))
({x1, x3}, (0.393178, 2.99099e-10, 8.51624e-10, 0.606822)) == ({x1, x3}, (0.393178, 2.99099e-10, 8.51624e-10, 0.606822))
({x1, x4}, (0.393175, 2.80706e-06, 3.42976e-06, 0.606818)) == ({x1, x4}, (0.393175, 2.80706e-06, 3.42976e-06, 0.606818))
({x1, x5}, (3.42977e-06, 0.60682, 0.393176, 1.71112e-07)) == ({x1, x5}, (3.42977e-06, 0.60682, 0.393176, 1.71112e-07))
({x1, x6}, (0.0766602, 0.457443, 0.29639, 0.169507)) == ({x1, x6}, (0.0766602, 0.457443, 0.29639, 0.169507))
({x1, x7}, (0.391687, 0.00341972, 0.000371034, 0.604522)) == ({x1, x7}, (0.391687, 0.00341972, 0.000371034, 0.604522))
({x1, x8}, (8.51624e-10, 0.606822, 0.393178, 2.99099e-10)) == ({x1, x8}, (8.51624e-10, 0.606822, 0.393178, 2.99099e-10))
({x1, x9}, (8.51624e-10, 0.606822, 0.393178, 2.99099e-10)) == ({x1, x9}, (8.51624e-10, 0.606822, 0.393178, 2.99099e-10))
({x2, x3}, (1.70394e-12, 0.393178, 0.606822, 2.69124e-10)) == ({x2, x3}, (1.70394e-12, 0.393178, 0.606822, 2.69124e-10))
({x2, x4}, (2.80706e-06, 0.393175, 0.606818, 3.42976e-06)) == ({x2, x4}, (2.80706e-06, 0.393175, 0.606818, 3.42976e-06))
({x2, x5}, (0.60682, 3.42977e-06, 1.71112e-07, 0.393176)) == ({x2, x5}, (0.60682, 3.42977e-06, 1.71112e-07, 0.393176))
({x2, x6}, (0.457443, 0.0766602, 0.169507, 0.29639)) == ({x2, x6}, (0.457443, 0.0766602, 0.169507, 0.29639))
({x2, x7}, (0.00341972, 0.391687, 0.604522, 0.000371034)) == ({x2, x7}, (0.00341972, 0.391687, 0.604522, 0.000371034))
({x2, x8}, (0.606822, 2.69124e-10, 1.70394e-12, 0.393178)) == ({x2, x8}, (0.606822, 2.69124e-10, 1.70394e-12, 0.393178))
({x2, x9}, (0.606822, 2.69124e-10, 3.50321e-12, 0.393178)) == ({x2, x9}, (0.606822, 2.69124e-10, 3.50321e-12, 0.393178))
({x3, x4}, (0.393175, 2.80706e-06, 3.42976e-06, 0.606818)) == ({x3, x4}, (0.393175, 2.80706e-06, 3.42976e-06, 0.606818))
({x3, x5}, (3.42977e-06, 0.60682, 0.393176, 1.71112e-07)) == ({x3, x5}, (3.42977e-06, 0.60682, 0.393176, 1.71112e-07))
({x3, x6}, (0.0766602, 0.457443, 0.29639, 0.169507)) == ({x3, x6}, (0.0766602, 0.457443, 0.29639, 0.169507))
({x3, x7}, (0.391687, 0.00341972, 0.000371034, 0.604522)) == ({x3, x7}, (0.391687, 0.00341972, 0.000371034, 0.604522))
({x3, x8}, (2.46644e-12, 0.606822, 0.393178, 5.82047e-12)) == ({x3, x8}, (2.46644e-12, 0.606822, 0.393178, 5.82047e-12))
({x3, x9}, (5.69215e-12, 0.606822, 0.393178, 3.50321e-12)) == ({x3, x9}, (5.69215e-12, 0.606822, 0.393178, 3.50321e-12))
({x4, x5}, (2.80706e-06, 0.606819, 0.393176, 2.04821e-06)) == ({x4, x5}, (2.80706e-06, 0.606819, 0.393176, 2.04821e-06))
({x4, x6}, (0.0766602, 0.457443, 0.29639, 0.169507)) == ({x4, x6}, (0.0766602, 0.457443, 0.29639, 0.169507))
({x4, x7}, (0.391687, 0.00341972, 0.000371034, 0.604522)) == ({x4, x7}, (0.391687, 0.00341972, 0.000371034, 0.604522))
({x4, x8}, (2.80706e-06, 0.606818, 0.393175, 3.42976e-06)) == ({x4, x8}, (2.80706e-06, 0.606818, 0.393175, 3.42976e-06))
({x4, x9}, (2.80706e-06, 0.606818, 0.393175, 3.42976e-06)) == ({x4, x9}, (2.80706e-06, 0.606818, 0.393175, 3.42976e-06))
({x5, x6}, (0.457443, 0.0766602, 0.169507, 0.29639)) == ({x5, x6}, (0.457443, 0.0766602, 0.169507, 0.29639))
({x5, x7}, (0.00341972, 0.391687, 0.604522, 0.000371034)) == ({x5, x7}, (0.00341972, 0.391687, 0.604522, 0.000371034))
({x5, x8}, (0.60682, 1.71112e-07, 3.42977e-06, 0.393176)) == ({x5, x8}, (0.60682, 1.71112e-07, 3.42977e-06, 0.393176))
({x5, x9}, (0.60682, 1.71112e-07, 3.42977e-06, 0.393176)) == ({x5, x9}, (0.60682, 1.71112e-07, 3.42977e-06, 0.393176))
({x6, x7}, (0.0766602, 0.29639, 0.457443, 0.169507)) == ({x6, x7}, (0.0766602, 0.29639, 0.457443, 0.169507))
({x6, x8}, (0.457443, 0.169507, 0.0766602, 0.29639)) == ({x6, x8}, (0.457443, 0.169507, 0.0766602, 0.29639))
({x6, x9}, (0.457443, 0.169507, 0.0766602, 0.29639)) == ({x6, x9}, (0.457443, 0.169507, 0.0766602, 0.29639))
({x7, x8}, (0.00341972, 0.604522, 0.391687, 0.000371034)) == ({x7, x8}, (0.00341972, 0.604522, 0.391687, 0.000371034))
({x7, x9}, (0.00341972, 0.604522, 0.391687, 0.000371034)) == ({x7, x9}, (0.00341972, 0.604522, 0.391687, 0.000371034))
({x8, x9}, (0.606822, 5.82047e-12, 3.50321e-12, 0.393178)) == ({x8, x9}, (0.606822, 5.82047e-12, 3.50321e-12, 0.393178))
Exact MAP state (log score = 75.0896):
x0: 1
x1: 1
x2: 0
x3: 1
x4: 1
x5: 0
x6: 0
x7: 1
x8: 0
x9: 0
