Builtin inference algorithms: {BP, EXACT, FBP, JTREE, TRWBP}

Exact variable marginals:
({x0}, (0.0675681, 0.932432))
({x1}, (0.932361, 0.0676386))
({x2}, (0.243763, 0.756237))
({x3}, (0.90123, 0.0987699))
({x4}, (0.0664365, 0.933563))
({x5}, (0.756039, 0.243961))
({x6}, (0.933299, 0.0667014))
({x7}, (0.06701, 0.93299))
({x8}, (0.933582, 0.0664183))
({x9}, (0.0676606, 0.932339))
Exact factor marginals:
({x0}, (0.0675681, 0.932432))
({x1}, (0.932361, 0.0676386))
({x2}, (0.243763, 0.756237))
({x3}, (0.90123, 0.0987699))
({x4}, (0.0664365, 0.933563))
({x5}, (0.756039, 0.243961))
({x6}, (0.933299, 0.0667014))
({x7}, (0.06701, 0.93299))
({x8}, (0.933582, 0.0664183))
({x9}, (0.0676606, 0.932339))
({x0, x1}, (6.95973e-05, 0.932292, 0.0674985, 0.000140111))
({x0, x2}, (0.0673882, 0.176375, 0.00017994, 0.756057))
({x0, x3}, (0.00125552, 0.899975, 0.0663126, 0.0324573))
({x0, x4}, (0.0663792, 5.73655e-05, 0.00118897, 0.932375))
({x0, x5}, (0.000219274, 0.755819, 0.0673489, 0.176612))
({x0, x6}, (0.00120186, 0.932097, 0.0663663, 0.000335107))
({x0, x7}, (0.0668096, 0.000200346, 0.000758518, 0.932232))
({x0, x8}, (0.00115531, 0.932426, 0.0664128, 5.52151e-06))
({x0, x9}, (0.0675444, 0.000116147, 2.36994e-05, 0.932316))
({x1, x2}, (0.176258, 0.0675045, 0.756103, 0.00013415))
({x1, x3}, (0.90003, 0.00120012, 0.0323314, 0.0664385))
({x1, x4}, (1.37992e-05, 0.0664227, 0.932348, 0.00121591))
({x1, x5}, (0.755889, 0.000149685, 0.176472, 0.067489))
({x1, x6}, (0.932153, 0.00114609, 0.000208821, 0.0664926))
({x1, x7}, (6.10789e-05, 0.0669489, 0.9323, 0.000689765))
({x1, x8}, (0.932312, 0.00126991, 4.96095e-05, 0.0663687))
({x1, x9}, (0.000161905, 0.0674987, 0.932199, 0.00013997))
({x2, x3}, (0.145072, 0.756158, 0.0986911, 7.87526e-05))
({x2, x4}, (0.066302, 0.000134553, 0.177461, 0.756103))
({x2, x5}, (4.53999e-05, 0.755993, 0.243717, 0.000243841))
({x2, x6}, (0.177184, 0.756114, 0.0665785, 0.000122829))
({x2, x7}, (0.0668153, 0.000194642, 0.176948, 0.756043))
({x2, x8}, (0.177514, 0.756068, 0.0662491, 0.000169202))
({x2, x9}, (0.0673645, 0.000296044, 0.176398, 0.755941))
({x3, x4}, (6.66663e-05, 0.0663699, 0.901163, 0.0324))
({x3, x5}, (0.755961, 7.78394e-05, 0.145269, 0.098692))
({x3, x6}, (0.901176, 0.0321231, 5.45725e-05, 0.0666468))
({x3, x7}, (0.000567711, 0.0664422, 0.900662, 0.0323276))
({x3, x8}, (0.90113, 0.032452, 0.00010042, 0.0663179))
({x3, x9}, (0.00134789, 0.0663127, 0.899882, 0.0324572))
({x4, x5}, (0.000131789, 0.755907, 0.0663047, 0.177657))
({x4, x6}, (1.2972e-05, 0.933286, 0.0664236, 0.000277821))
({x4, x7}, (0.0664266, 0.000583382, 9.95377e-06, 0.93298))
({x4, x8}, (5.39948e-05, 0.933528, 0.0663825, 3.58104e-05))
({x4, x9}, (0.0663794, 0.00128122, 5.71739e-05, 0.932282))
({x5, x6}, (0.755917, 0.177381, 0.000121272, 0.0665801))
({x5, x7}, (0.000121835, 0.0668881, 0.755917, 0.177073))
({x5, x8}, (0.755871, 0.177711, 0.000167576, 0.0662508))
({x5, x9}, (0.000232966, 0.0674276, 0.755806, 0.176534))
({x6, x7}, (0.000513641, 0.0664963, 0.932785, 0.000205062))
({x6, x8}, (0.933252, 0.00032959, 4.65566e-05, 0.0663718))
({x6, x9}, (0.00129419, 0.0663664, 0.932004, 0.000334995))
({x7, x8}, (0.000637377, 0.932944, 0.0663726, 4.57641e-05))
({x7, x9}, (0.0668797, 0.000780882, 0.000130261, 0.932209))
({x8, x9}, (0.00124764, 0.0664129, 0.932334, 5.40692e-06))
Exact log partition sum: 70.8451
Exact MAP variable marginals:
({x0}, (0.0805875, 0.919412))
({x1}, (0.919412, 0.0805875))
({x2}, (0.15997, 0.84003))
({x3}, (0.919412, 0.0805875))
({x4}, (0.0805875, 0.919412))
({x5}, (0.84003, 0.15997))
({x6}, (0.919412, 0.0805875))
({x7}, (0.0805875, 0.919412))
({x8}, (0.919412, 0.0805875))
({x9}, (0.0805875, 0.919412))
Exact MAP factor marginals:
({x0}, (0.0805875, 0.919412)) == ({x0}, (0.0805875, 0.919412))
({x1}, (0.919412, 0.0805875)) == ({x1}, (0.919412, 0.0805875))
({x2}, (0.15997, 0.84003)) == ({x2}, (0.15997, 0.84003))
({x3}, (0.919412, 0.0805875)) == ({x3}, (0.919412, 0.0805875))
({x4}, (0.0805875, 0.919412)) == ({x4}, (0.0805875, 0.919412))
({x5}, (0.84003, 0.15997)) == ({x5}, (0.84003, 0.15997))
({x6}, (0.919412, 0.0805875)) == ({x6}, (0.919412, 0.0805875))
({x7}, (0.0805875, 0.919412)) == ({x7}, (0.0805875, 0.919412))
({x8}, (0.919412, 0.0805875)) == ({x8}, (0.919412, 0.0805875))
({x9}, (0.0805875, 0.919412)) == ({x9}, (0.0805875, 0.919412))
({x0, x1}, (4.33934e-05, 0.91929, 0.0805768, 8.94299e-05)) == ({x0, x1}, (4.33934e-05, 0.91929, 0.0805768, 8.94299e-05))
({x0, x2}, (0.0685753, 0.148989, 6.85985e-05, 0.782367)) == ({x0, x2}, (0.0685753, 0.148989, 6.85985e-05, 0.782367))
({x0, x3}, (0.000771363, 0.884161, 0.0774977, 0.0375703)) == ({x0, x3}, (0.000771363, 0.884161, 0.0774977, 0.0375703))
({x0, x4}, (0.0805179, 6.30754e-05, 0.000801425, 0.918618)) == ({x0, x4}, (0.0805179, 6.30754e-05, 0.000801425, 0.918618))
({x0, x5}, (6.85985e-05, 0.782367, 0.0685753, 0.148989)) == ({x0, x5}, (6.85985e-05, 0.782367, 0.0685753, 0.148989))
({x0, x6}, (0.000801277, 0.918449, 0.080503, 0.000247031)) == ({x0, x6}, (0.000801277, 0.918449, 0.080503, 0.000247031))
({x0, x7}, (0.0805157, 8.93621e-05, 0.000801403, 0.918593)) == ({x0, x7}, (0.0805157, 8.93621e-05, 0.000801403, 0.918593))
({x0, x8}, (0.000801474, 0.918674, 0.0805228, 1.80881e-06)) == ({x0, x8}, (0.000801474, 0.918674, 0.0805228, 1.80881e-06))
({x0, x9}, (0.0805809, 6.92117e-05, 1.35264e-05, 0.919336)) == ({x0, x9}, (0.0805809, 6.92117e-05, 1.35264e-05, 0.919336))
({x1, x2}, (0.148989, 0.0685753, 0.782367, 6.85985e-05)) == ({x1, x2}, (0.148989, 0.0685753, 0.782367, 6.85985e-05))
({x1, x3}, (0.884161, 0.000771363, 0.0375703, 0.0774977)) == ({x1, x3}, (0.884161, 0.000771363, 0.0375703, 0.0774977))
({x1, x4}, (1.06333e-05, 0.0805221, 0.918666, 0.000801467)) == ({x1, x4}, (1.06333e-05, 0.0805221, 0.918666, 0.000801467))
({x1, x5}, (0.782367, 6.85985e-05, 0.148989, 0.0685753)) == ({x1, x5}, (0.782367, 6.85985e-05, 0.148989, 0.0685753))
({x1, x6}, (0.918449, 0.000801277, 0.000247031, 0.080503)) == ({x1, x6}, (0.918449, 0.000801277, 0.000247031, 0.080503))
({x1, x7}, (6.91572e-05, 0.0805174, 0.918612, 0.00080142)) == ({x1, x7}, (6.91572e-05, 0.0805174, 0.918612, 0.00080142))
({x1, x8}, (0.918636, 0.00080144, 4.33625e-05, 0.0805194)) == ({x1, x8}, (0.918636, 0.00080144, 4.33625e-05, 0.0805194))
({x1, x9}, (6.92065e-05, 0.0805747, 0.919267, 8.94276e-05)) == ({x1, x9}, (6.92065e-05, 0.0805747, 0.919267, 8.94276e-05))
({x2, x3}, (0.148989, 0.782367, 0.0685753, 6.85985e-05)) == ({x2, x3}, (0.148989, 0.782367, 0.0685753, 6.85985e-05))
({x2, x4}, (0.0685753, 6.85985e-05, 0.148989, 0.782367)) == ({x2, x4}, (0.0685753, 6.85985e-05, 0.148989, 0.782367))
({x2, x5}, (1.96339e-05, 0.839862, 0.159939, 0.000179387)) == ({x2, x5}, (1.96339e-05, 0.839862, 0.159939, 0.000179387))
({x2, x6}, (0.148989, 0.782367, 0.0685753, 6.85985e-05)) == ({x2, x6}, (0.148989, 0.782367, 0.0685753, 6.85985e-05))
({x2, x7}, (0.0685753, 6.85985e-05, 0.148989, 0.782367)) == ({x2, x7}, (0.0685753, 6.85985e-05, 0.148989, 0.782367))
({x2, x8}, (0.148989, 0.782367, 0.0685753, 6.85985e-05)) == ({x2, x8}, (0.148989, 0.782367, 0.0685753, 6.85985e-05))
({x2, x9}, (0.0685753, 6.85985e-05, 0.148989, 0.782367)) == ({x2, x9}, (0.0685753, 6.85985e-05, 0.148989, 0.782367))
({x3, x4}, (6.03744e-05, 0.0775528, 0.88479, 0.037597)) == ({x3, x4}, (6.03744e-05, 0.0775528, 0.88479, 0.037597))
({x3, x5}, (0.782367, 6.85985e-05, 0.148989, 0.0685753)) == ({x3, x5}, (0.782367, 6.85985e-05, 0.148989, 0.0685753))
({x3, x6}, (0.88479, 0.037597, 6.03744e-05, 0.0775528)) == ({x3, x6}, (0.88479, 0.037597, 6.03744e-05, 0.0775528))
({x3, x7}, (0.000514288, 0.0775176, 0.884388, 0.0375799)) == ({x3, x7}, (0.000514288, 0.0775176, 0.884388, 0.0375799))
({x3, x8}, (0.88479, 0.037597, 6.03744e-05, 0.0775528)) == ({x3, x8}, (0.88479, 0.037597, 6.03744e-05, 0.0775528))
({x3, x9}, (0.000771363, 0.0774977, 0.884161, 0.0375703)) == ({x3, x9}, (0.000771363, 0.0774977, 0.884161, 0.0375703))
({x4, x5}, (6.85985e-05, 0.782367, 0.0685753, 0.148989)) == ({x4, x5}, (6.85985e-05, 0.782367, 0.0685753, 0.148989))
({x4, x6}, (1.06392e-05, 0.919175, 0.0805667, 0.000247226)) == ({x4, x6}, (1.06392e-05, 0.919175, 0.0805667, 0.000247226))
({x4, x7}, (0.0805436, 0.000534363, 1.06361e-05, 0.918911)) == ({x4, x7}, (0.0805436, 0.000534363, 1.06361e-05, 0.918911))
({x4, x8}, (6.31232e-05, 0.919315, 0.0805789, 4.33945e-05)) == ({x4, x8}, (6.31232e-05, 0.919315, 0.0805789, 4.33945e-05))
({x4, x9}, (0.0805179, 0.000801425, 6.30754e-05, 0.918618)) == ({x4, x9}, (0.0805179, 0.000801425, 6.30754e-05, 0.918618))
({x5, x6}, (0.782367, 0.148989, 6.85985e-05, 0.0685753)) == ({x5, x6}, (0.782367, 0.148989, 6.85985e-05, 0.0685753))
({x5, x7}, (6.85985e-05, 0.0685753, 0.782367, 0.148989)) == ({x5, x7}, (6.85985e-05, 0.0685753, 0.782367, 0.148989))
({x5, x8}, (0.782367, 0.148989, 6.85985e-05, 0.0685753)) == ({x5, x8}, (0.782367, 0.148989, 6.85985e-05, 0.0685753))
({x5, x9}, (6.85985e-05, 0.0685753, 0.782367, 0.148989)) == ({x5, x9}, (6.85985e-05, 0.0685753, 0.782367, 0.148989))
({x6, x7}, (0.000534237, 0.0805246, 0.918694, 0.000247097)) == ({x6, x7}, (0.000534237, 0.0805246, 0.918694, 0.000247097))
({x6, x8}, (0.919145, 0.000247218, 4.33865e-05, 0.0805641)) == ({x6, x8}, (0.919145, 0.000247218, 4.33865e-05, 0.0805641))
({x6, x9}, (0.000801277, 0.080503, 0.918449, 0.000247031)) == ({x6, x9}, (0.000801277, 0.080503, 0.918449, 0.000247031))
({x7, x8}, (0.000534346, 0.918881, 0.080541, 4.33741e-05)) == ({x7, x8}, (0.000534346, 0.918881, 0.080541, 4.33741e-05))
({x7, x9}, (0.0805157, 0.000801403, 8.93621e-05, 0.918593)) == ({x7, x9}, (0.0805157, 0.000801403, 8.93621e-05, 0.918593))
({x8, x9}, (0.000801474, 0.0805228, 0.918674, 1.66044e-06)) == ({x8, x9}, (0.000801474, 0.0805228, 0.918674, 1.66044e-06))
Exact MAP state (log score = 70.5651):
x0: 1
x1: 0
x2: 1
x3: 0
x4: 1
x5: 0
x6: 0
x7: 1
x8: 0
x9: 1
