Builtin inference algorithms: {BP, EXACT, FBP, JTREE, TRWBP}

Exact variable marginals:
({x0}, (0.949275, 0.0507255))
({x1}, (0.949275, 0.0507254))
({x2}, (0.691391, 0.308609))
({x3}, (0.949273, 0.050727))
({x4}, (0.127822, 0.872178))
({x5}, (0.0513265, 0.948673))
({x6}, (0.949275, 0.0507253))
({x7}, (0.530694, 0.469306))
({x8}, (0.94928, 0.0507198))
({x9}, (0.949248, 0.0507515))
Exact factor marginals:
({x0}, (0.949275, 0.0507255))
({x1}, (0.949275, 0.0507254))
({x2}, (0.691391, 0.308609))
({x3}, (0.949273, 0.050727))
({x4}, (0.127822, 0.872178))
({x5}, (0.0513265, 0.948673))
({x6}, (0.949275, 0.0507253))
({x7}, (0.530694, 0.469306))
({x8}, (0.94928, 0.0507198))
({x9}, (0.949248, 0.0507515))
({x0, x1}, (0.949274, 7.73204e-07, 7.42916e-07, 0.0507247))
({x0, x2}, (0.686321, 0.00507052, 0.262954, 0.045655))
({x0, x3}, (0.949273, 1.05942e-07, 1.63811e-06, 0.0507254))
({x0, x4}, (0.0861709, 0.0416512, 0.863104, 0.00907427))
({x0, x5}, (0.000679303, 0.0506472, 0.948595, 7.82548e-05))
({x0, x6}, (0.949275, 1.52745e-07, 2.1839e-09, 0.0507253))
({x0, x7}, (0.488326, 0.0423683, 0.460948, 0.0083572))
({x0, x8}, (0.949272, 8.06557e-06, 2.34746e-06, 0.0507174))
({x0, x9}, (0.949242, 6.47455e-06, 3.25316e-05, 0.050719))
({x1, x2}, (0.68632, 0.00507125, 0.262955, 0.0456542))
({x1, x3}, (0.949272, 8.38553e-07, 2.40101e-06, 0.0507246))
({x1, x4}, (0.0861701, 0.0416519, 0.863104, 0.00907352))
({x1, x5}, (0.000679803, 0.0506467, 0.948595, 7.87242e-05))
({x1, x6}, (0.949274, 7.40736e-07, 6.20463e-07, 0.0507247))
({x1, x7}, (0.488325, 0.042369, 0.460949, 0.00835643))
({x1, x8}, (0.949272, 8.5317e-06, 2.84387e-06, 0.0507169))
({x1, x9}, (0.949242, 6.43527e-06, 3.25226e-05, 0.050719))
({x2, x3}, (0.686321, 0.262952, 0.00507041, 0.0456566))
({x2, x4}, (0.0912414, 0.0365807, 0.60015, 0.272028))
({x2, x5}, (0.00573957, 0.045587, 0.685652, 0.263022))
({x2, x6}, (0.686321, 0.262954, 0.00507051, 0.0456548))
({x2, x7}, (0.493395, 0.037299, 0.197996, 0.27131))
({x2, x8}, (0.686328, 0.262953, 0.00506358, 0.0456562))
({x2, x9}, (0.686294, 0.262955, 0.00509739, 0.0456541))
({x3, x4}, (0.086171, 0.0416511, 0.863102, 0.0090759))
({x3, x5}, (0.0006794, 0.0506471, 0.948594, 7.98835e-05))
({x3, x6}, (0.949273, 1.78055e-06, 9.78166e-08, 0.0507252))
({x3, x7}, (0.488326, 0.0423682, 0.460947, 0.00835883))
({x3, x8}, (0.949271, 9.25474e-06, 2.00446e-06, 0.0507178))
({x3, x9}, (0.949242, 6.84712e-06, 3.1372e-05, 0.0507202))
({x4, x5}, (0.0415736, 0.0097529, 0.0862484, 0.862425))
({x4, x6}, (0.0861709, 0.863104, 0.0416512, 0.00907412))
({x4, x7}, (0.125638, 0.405056, 0.00218381, 0.467122))
({x4, x8}, (0.0861786, 0.863102, 0.0416434, 0.00907633))
({x4, x9}, (0.0861448, 0.863104, 0.0416772, 0.0090743))
({x5, x6}, (0.000679304, 0.948595, 0.0506472, 7.81052e-05))
({x5, x7}, (0.043038, 0.487656, 0.00828849, 0.461017))
({x5, x8}, (0.000679439, 0.948601, 0.0506471, 7.26719e-05))
({x5, x9}, (0.000685771, 0.948563, 0.0506408, 0.000110779))
({x6, x7}, (0.488326, 0.0423683, 0.460948, 0.00835705))
({x6, x8}, (0.949272, 7.91283e-06, 2.34528e-06, 0.0507174))
({x6, x9}, (0.949242, 6.46652e-06, 3.26741e-05, 0.0507189))
({x7, x8}, (0.488334, 0.460946, 0.0423607, 0.00835911))
({x7, x9}, (0.488299, 0.460949, 0.0423952, 0.00835637))
({x8, x9}, (0.94924, 8.81179e-06, 4.05869e-05, 0.0507109))
Exact log partition sum: 15.8384
Exact MAP variable marginals:
({x0}, (0.919911, 0.0800887))
({x1}, (0.919911, 0.0800887))
({x2}, (0.604614, 0.395386))
({x3}, (0.919911, 0.0800887))
({x4}, (0.175411, 0.824589))
({x5}, (0.0800887, 0.919911))
({x6}, (0.919911, 0.0800887))
({x7}, (0.604614, 0.395386))
({x8}, (0.919911, 0.0800887))
({x9}, (0.919911, 0.0800887))
Exact MAP factor marginals:
({x0}, (0.919911, 0.0800887)) == ({x0}, (0.919911, 0.0800887))
({x1}, (0.919911, 0.0800887)) == ({x1}, (0.919911, 0.0800887))
({x2}, (0.604614, 0.395386)) == ({x2}, (0.604614, 0.395386))
({x3}, (0.919911, 0.0800887)) == ({x3}, (0.919911, 0.0800887))
({x4}, (0.175411, 0.824589)) == ({x4}, (0.175411, 0.824589))
({x5}, (0.0800887, 0.919911)) == ({x5}, (0.0800887, 0.919911))
({x6}, (0.919911, 0.0800887)) == ({x6}, (0.919911, 0.0800887))
({x7}, (0.604614, 0.395386)) == ({x7}, (0.604614, 0.395386))
({x8}, (0.919911, 0.0800887)) == ({x8}, (0.919911, 0.0800887))
({x9}, (0.919911, 0.0800887)) == ({x9}, (0.919911, 0.0800887))
({x0, x1}, (0.91991, 8.71903e-07, 8.94249e-07, 0.0800886)) == ({x0, x1}, (0.91991, 8.71903e-07, 8.94249e-07, 0.0800886))
({x0, x2}, (0.570256, 0.00717967, 0.372918, 0.0496472)) == ({x0, x2}, (0.570256, 0.00717967, 0.372918, 0.0496472))
({x0, x3}, (0.919909, 1.41182e-07, 2.79609e-06, 0.0800885)) == ({x0, x3}, (0.919909, 1.41182e-07, 2.79609e-06, 0.0800885))
({x0, x4}, (0.161567, 0.0661239, 0.759509, 0.0128)) == ({x0, x4}, (0.161567, 0.0661239, 0.759509, 0.0128))
({x0, x5}, (0.00154471, 0.0799522, 0.918343, 0.000160113)) == ({x0, x5}, (0.00154471, 0.0799522, 0.918343, 0.000160113))
({x0, x6}, (0.919911, 3.27999e-07, 2.37656e-09, 0.0800887)) == ({x0, x6}, (0.919911, 3.27999e-07, 2.37656e-09, 0.0800887))
({x0, x7}, (0.568873, 0.0495268, 0.372013, 0.00958719)) == ({x0, x7}, (0.568873, 0.0495268, 0.372013, 0.00958719))
({x0, x8}, (0.919895, 1.54394e-05, 2.32126e-06, 0.0800873)) == ({x0, x8}, (0.919895, 1.54394e-05, 2.32126e-06, 0.0800873))
({x0, x9}, (0.919845, 1.32999e-05, 5.92662e-05, 0.0800829)) == ({x0, x9}, (0.919845, 1.32999e-05, 5.92662e-05, 0.0800829))
({x1, x2}, (0.570256, 0.00717967, 0.372918, 0.0496472)) == ({x1, x2}, (0.570256, 0.00717967, 0.372918, 0.0496472))
({x1, x3}, (0.919908, 8.94248e-07, 2.79609e-06, 0.0800884)) == ({x1, x3}, (0.919908, 8.94248e-07, 2.79609e-06, 0.0800884))
({x1, x4}, (0.161567, 0.0661239, 0.759509, 0.0128)) == ({x1, x4}, (0.161567, 0.0661239, 0.759509, 0.0128))
({x1, x5}, (0.00154471, 0.0799522, 0.918343, 0.000160113)) == ({x1, x5}, (0.00154471, 0.0799522, 0.918343, 0.000160113))
({x1, x6}, (0.91991, 8.94249e-07, 8.71903e-07, 0.0800886)) == ({x1, x6}, (0.91991, 8.94249e-07, 8.71903e-07, 0.0800886))
({x1, x7}, (0.568873, 0.0495268, 0.372013, 0.00958719)) == ({x1, x7}, (0.568873, 0.0495268, 0.372013, 0.00958719))
({x1, x8}, (0.919895, 1.54394e-05, 2.32126e-06, 0.0800873)) == ({x1, x8}, (0.919895, 1.54394e-05, 2.32126e-06, 0.0800873))
({x1, x9}, (0.919845, 1.32999e-05, 5.92662e-05, 0.0800829)) == ({x1, x9}, (0.919845, 1.32999e-05, 5.92662e-05, 0.0800829))
({x2, x3}, (0.570256, 0.372918, 0.00717967, 0.0496472)) == ({x2, x3}, (0.570256, 0.372918, 0.00717967, 0.0496472))
({x2, x4}, (0.108882, 0.0445615, 0.51184, 0.334717)) == ({x2, x4}, (0.108882, 0.0445615, 0.51184, 0.334717))
({x2, x5}, (0.00717967, 0.0496472, 0.570256, 0.372918)) == ({x2, x5}, (0.00717967, 0.0496472, 0.570256, 0.372918))
({x2, x6}, (0.570256, 0.372918, 0.00717967, 0.0496472)) == ({x2, x6}, (0.570256, 0.372918, 0.00717967, 0.0496472))
({x2, x7}, (0.448046, 0.0390075, 0.219947, 0.292999)) == ({x2, x7}, (0.448046, 0.0390075, 0.219947, 0.292999))
({x2, x8}, (0.570256, 0.372918, 0.00717967, 0.0496472)) == ({x2, x8}, (0.570256, 0.372918, 0.00717967, 0.0496472))
({x2, x9}, (0.570256, 0.372918, 0.00717967, 0.0496472)) == ({x2, x9}, (0.570256, 0.372918, 0.00717967, 0.0496472))
({x3, x4}, (0.161567, 0.0661239, 0.759509, 0.0128)) == ({x3, x4}, (0.161567, 0.0661239, 0.759509, 0.0128))
({x3, x5}, (0.00154471, 0.0799522, 0.918343, 0.000160113)) == ({x3, x5}, (0.00154471, 0.0799522, 0.918343, 0.000160113))
({x3, x6}, (0.919909, 2.79609e-06, 1.41182e-07, 0.0800885)) == ({x3, x6}, (0.919909, 2.79609e-06, 1.41182e-07, 0.0800885))
({x3, x7}, (0.568873, 0.0495268, 0.372013, 0.00958719)) == ({x3, x7}, (0.568873, 0.0495268, 0.372013, 0.00958719))
({x3, x8}, (0.919895, 1.54394e-05, 2.32126e-06, 0.0800873)) == ({x3, x8}, (0.919895, 1.54394e-05, 2.32126e-06, 0.0800873))
({x3, x9}, (0.919845, 1.32999e-05, 5.92662e-05, 0.0800829)) == ({x3, x9}, (0.919845, 1.32999e-05, 5.92662e-05, 0.0800829))
({x4, x5}, (0.0661239, 0.0128, 0.161567, 0.759509)) == ({x4, x5}, (0.0661239, 0.0128, 0.161567, 0.759509))
({x4, x6}, (0.161567, 0.759509, 0.0661239, 0.0128)) == ({x4, x6}, (0.161567, 0.759509, 0.0661239, 0.0128))
({x4, x7}, (0.113732, 0.534641, 0.00199948, 0.349627)) == ({x4, x7}, (0.113732, 0.534641, 0.00199948, 0.349627))
({x4, x8}, (0.161567, 0.759509, 0.0661239, 0.0128)) == ({x4, x8}, (0.161567, 0.759509, 0.0661239, 0.0128))
({x4, x9}, (0.161567, 0.759509, 0.0661239, 0.0128)) == ({x4, x9}, (0.161567, 0.759509, 0.0661239, 0.0128))
({x5, x6}, (0.00154471, 0.918343, 0.0799522, 0.000160113)) == ({x5, x6}, (0.00154471, 0.918343, 0.0799522, 0.000160113))
({x5, x7}, (0.0495268, 0.568873, 0.00958719, 0.372013)) == ({x5, x7}, (0.0495268, 0.568873, 0.00958719, 0.372013))
({x5, x8}, (0.00154471, 0.918343, 0.0799522, 0.000160113)) == ({x5, x8}, (0.00154471, 0.918343, 0.0799522, 0.000160113))
({x5, x9}, (0.00154471, 0.918343, 0.0799522, 0.000160113)) == ({x5, x9}, (0.00154471, 0.918343, 0.0799522, 0.000160113))
({x6, x7}, (0.568873, 0.0495268, 0.372013, 0.00958719)) == ({x6, x7}, (0.568873, 0.0495268, 0.372013, 0.00958719))
({x6, x8}, (0.919895, 1.54394e-05, 2.32126e-06, 0.0800873)) == ({x6, x8}, (0.919895, 1.54394e-05, 2.32126e-06, 0.0800873))
({x6, x9}, (0.919845, 1.32999e-05, 5.92662e-05, 0.0800829)) == ({x6, x9}, (0.919845, 1.32999e-05, 5.92662e-05, 0.0800829))
({x7, x8}, (0.568873, 0.372013, 0.0495268, 0.00958719)) == ({x7, x8}, (0.568873, 0.372013, 0.0495268, 0.00958719))
({x7, x9}, (0.568873, 0.372013, 0.0495268, 0.00958719)) == ({x7, x9}, (0.568873, 0.372013, 0.0495268, 0.00958719))
({x8, x9}, (0.919845, 1.32999e-05, 5.92662e-05, 0.0800829)) == ({x8, x9}, (0.919845, 1.32999e-05, 5.92662e-05, 0.0800829))
Exact MAP state (log score = 14.9273):
x0: 0
x1: 0
x2: 0
x3: 0
x4: 1
x5: 1
x6: 0
x7: 0
x8: 0
x9: 0
