Builtin inference algorithms: {BP, EXACT, FBP, JTREE, TRWBP}

Exact variable marginals:
({x0}, (0.374406, 0.625594))
({x1}, (0.910591, 0.0894085))
({x2}, (0.471962, 0.528038))
({x3}, (0.450634, 0.549366))
({x4}, (0.227451, 0.772549))
({x5}, (0.4723, 0.5277))
({x6}, (0.315544, 0.684456))
({x7}, (0.345155, 0.654845))
({x8}, (0.415484, 0.584516))
({x9}, (0.513769, 0.486231))
Exact factor marginals:
({x0}, (0.374406, 0.625594))
({x1}, (0.910591, 0.0894085))
({x2}, (0.471962, 0.528038))
({x3}, (0.450634, 0.549366))
({x4}, (0.227451, 0.772549))
({x5}, (0.4723, 0.5277))
({x6}, (0.315544, 0.684456))
({x7}, (0.345155, 0.654845))
({x8}, (0.415484, 0.584516))
({x9}, (0.513769, 0.486231))
({x0, x1}, (0.320385, 0.590206, 0.0540205, 0.035388))
({x0, x2}, (0.373626, 0.0983356, 0.000779932, 0.527258))
({x0, x3}, (0.371825, 0.0788087, 0.00258081, 0.546785))
({x0, x4}, (0.0201253, 0.207325, 0.354281, 0.418269))
({x0, x5}, (0.37352, 0.09878, 0.000886046, 0.526814))
({x0, x6}, (0.00407012, 0.311474, 0.370336, 0.31412))
({x0, x7}, (0.00451665, 0.340638, 0.369889, 0.284956))
({x0, x8}, (0.367985, 0.0474986, 0.00642105, 0.578095))
({x0, x9}, (0.00201295, 0.511756, 0.372393, 0.113838))
({x1, x2}, (0.41872, 0.0532413, 0.491871, 0.0361672))
({x1, x3}, (0.399054, 0.0515795, 0.511537, 0.037829))
({x1, x4}, (0.181865, 0.0455858, 0.728727, 0.0438227))
({x1, x5}, (0.419156, 0.053144, 0.491435, 0.0362646))
({x1, x6}, (0.276087, 0.0394568, 0.634504, 0.0499517))
({x1, x7}, (0.310063, 0.0350916, 0.600528, 0.0543169))
({x1, x8}, (0.357981, 0.0575024, 0.55261, 0.0319061))
({x1, x9}, (0.476368, 0.0374003, 0.434223, 0.0520082))
({x2, x3}, (0.448459, 0.00217499, 0.0235028, 0.525863))
({x2, x4}, (0.0749529, 0.152498, 0.397009, 0.375541))
({x2, x5}, (0.470839, 0.00146079, 0.00112253, 0.526578))
({x2, x6}, (0.00329222, 0.312252, 0.468669, 0.215786))
({x2, x7}, (0.00672422, 0.338431, 0.465237, 0.189608))
({x2, x8}, (0.409037, 0.00644645, 0.0629246, 0.521592))
({x2, x9}, (0.0012413, 0.512527, 0.47072, 0.015511))
({x3, x4}, (0.0515431, 0.175908, 0.399091, 0.373459))
({x3, x5}, (0.44975, 0.0225495, 0.000883411, 0.526817))
({x3, x6}, (0.00405186, 0.311492, 0.446582, 0.237874))
({x3, x7}, (0.00750821, 0.337647, 0.443126, 0.211719))
({x3, x8}, (0.40723, 0.00825323, 0.0434036, 0.541113))
({x3, x9}, (0.00201847, 0.51175, 0.448615, 0.037616))
({x4, x5}, (0.073985, 0.398315, 0.153466, 0.374234))
({x4, x6}, (0.14008, 0.175465, 0.087371, 0.597085))
({x4, x7}, (0.142579, 0.202576, 0.0848714, 0.569974))
({x4, x8}, (0.0137406, 0.401743, 0.21371, 0.370806))
({x4, x9}, (0.138429, 0.375339, 0.0890211, 0.39721))
({x5, x6}, (0.00319277, 0.312351, 0.469107, 0.215349))
({x5, x7}, (0.00662481, 0.33853, 0.465675, 0.18917))
({x5, x8}, (0.408896, 0.00658705, 0.0634035, 0.521113))
({x5, x9}, (0.00115727, 0.512611, 0.471143, 0.0150887))
({x6, x7}, (0.309127, 0.0360281, 0.0064174, 0.648428))
({x6, x8}, (0.00958326, 0.4059, 0.305961, 0.278556))
({x6, x9}, (0.313487, 0.200282, 0.00205717, 0.484174))
({x7, x8}, (0.00320332, 0.41228, 0.341952, 0.242565))
({x7, x9}, (0.339664, 0.174105, 0.00549115, 0.48074))
({x8, x9}, (0.00766892, 0.5061, 0.407815, 0.0784168))
Exact log partition sum: 47.5862
Exact MAP variable marginals:
({x0}, (0.651067, 0.348933))
({x1}, (0.891151, 0.108849))
({x2}, (0.651067, 0.348933))
({x3}, (0.651067, 0.348933))
({x4}, (0.252316, 0.747684))
({x5}, (0.651067, 0.348933))
({x6}, (0.347284, 0.652716))
({x7}, (0.347284, 0.652716))
({x8}, (0.651067, 0.348933))
({x9}, (0.348933, 0.651067))
Exact MAP factor marginals:
({x0}, (0.651067, 0.348933)) == ({x0}, (0.651067, 0.348933))
({x1}, (0.891151, 0.108849)) == ({x1}, (0.891151, 0.108849))
({x2}, (0.651067, 0.348933)) == ({x2}, (0.651067, 0.348933))
({x3}, (0.651067, 0.348933)) == ({x3}, (0.651067, 0.348933))
({x4}, (0.252316, 0.747684)) == ({x4}, (0.252316, 0.747684))
({x5}, (0.651067, 0.348933)) == ({x5}, (0.651067, 0.348933))
({x6}, (0.347284, 0.652716)) == ({x6}, (0.347284, 0.652716))
({x7}, (0.347284, 0.652716)) == ({x7}, (0.347284, 0.652716))
({x8}, (0.651067, 0.348933)) == ({x8}, (0.651067, 0.348933))
({x9}, (0.348933, 0.651067)) == ({x9}, (0.348933, 0.651067))
({x0, x1}, (0.5686, 0.304736, 0.0694516, 0.0572118)) == ({x0, x1}, (0.5686, 0.304736, 0.0694516, 0.0572118))
({x0, x2}, (0.599123, 0.0791295, 0.000652968, 0.321095)) == ({x0, x2}, (0.599123, 0.0791295, 0.000652968, 0.321095))
({x0, x3}, (0.597733, 0.0789459, 0.00297114, 0.32035)) == ({x0, x3}, (0.597733, 0.0789459, 0.00297114, 0.32035))
({x0, x4}, (0.0166436, 0.177136, 0.524903, 0.281317)) == ({x0, x4}, (0.0166436, 0.177136, 0.524903, 0.281317))
({x0, x5}, (0.599123, 0.0791295, 0.000652968, 0.321095)) == ({x0, x5}, (0.599123, 0.0791295, 0.000652968, 0.321095))
({x0, x6}, (0.00190591, 0.256791, 0.482637, 0.258665)) == ({x0, x6}, (0.00190591, 0.256791, 0.482637, 0.258665))
({x0, x7}, (0.00281407, 0.256558, 0.482198, 0.25843)) == ({x0, x7}, (0.00281407, 0.256558, 0.482198, 0.25843))
({x0, x8}, (0.594753, 0.0785522, 0.00794289, 0.318752)) == ({x0, x8}, (0.594753, 0.0785522, 0.00794289, 0.318752))
({x0, x9}, (0.00215395, 0.320612, 0.598223, 0.0790106)) == ({x0, x9}, (0.00215395, 0.320612, 0.598223, 0.0790106))
({x1, x2}, (0.5686, 0.0694516, 0.304736, 0.0572118)) == ({x1, x2}, (0.5686, 0.0694516, 0.304736, 0.0572118))
({x1, x3}, (0.5686, 0.0694516, 0.304736, 0.0572118)) == ({x1, x3}, (0.5686, 0.0694516, 0.304736, 0.0572118))
({x1, x4}, (0.216291, 0.0644898, 0.640932, 0.0782865)) == ({x1, x4}, (0.216291, 0.0644898, 0.640932, 0.0782865))
({x1, x5}, (0.5686, 0.0694516, 0.304736, 0.0572118)) == ({x1, x5}, (0.5686, 0.0694516, 0.304736, 0.0572118))
({x1, x6}, (0.303198, 0.0573384, 0.569858, 0.0696052)) == ({x1, x6}, (0.303198, 0.0573384, 0.569858, 0.0696052))
({x1, x7}, (0.303198, 0.0573384, 0.569858, 0.0696052)) == ({x1, x7}, (0.303198, 0.0573384, 0.569858, 0.0696052))
({x1, x8}, (0.5686, 0.0694516, 0.304736, 0.0572118)) == ({x1, x8}, (0.5686, 0.0694516, 0.304736, 0.0572118))
({x1, x9}, (0.304736, 0.0572118, 0.5686, 0.0694516)) == ({x1, x9}, (0.304736, 0.0572118, 0.5686, 0.0694516))
({x2, x3}, (0.622796, 0.0025537, 0.0408681, 0.333782)) == ({x2, x3}, (0.622796, 0.0025537, 0.0408681, 0.333782))
({x2, x4}, (0.050867, 0.170971, 0.506635, 0.271527)) == ({x2, x4}, (0.050867, 0.170971, 0.506635, 0.271527))
({x2, x5}, (0.648031, 0.00265717, 0.00200565, 0.347306)) == ({x2, x5}, (0.648031, 0.00265717, 0.00200565, 0.347306))
({x2, x6}, (0.00190591, 0.256791, 0.482637, 0.258665)) == ({x2, x6}, (0.00190591, 0.256791, 0.482637, 0.258665))
({x2, x7}, (0.00294282, 0.256525, 0.482136, 0.258396)) == ({x2, x7}, (0.00294282, 0.256525, 0.482136, 0.258396))
({x2, x8}, (0.607619, 0.00572732, 0.0610059, 0.325648)) == ({x2, x8}, (0.607619, 0.00572732, 0.0610059, 0.325648))
({x2, x9}, (0.00227278, 0.3383, 0.631226, 0.0282018)) == ({x2, x9}, (0.00227278, 0.3383, 0.631226, 0.0282018))
({x3, x4}, (0.050867, 0.170971, 0.506635, 0.271527)) == ({x3, x4}, (0.050867, 0.170971, 0.506635, 0.271527))
({x3, x5}, (0.623323, 0.0409027, 0.00170944, 0.334065)) == ({x3, x5}, (0.623323, 0.0409027, 0.00170944, 0.334065))
({x3, x6}, (0.00190591, 0.256791, 0.482637, 0.258665)) == ({x3, x6}, (0.00190591, 0.256791, 0.482637, 0.258665))
({x3, x7}, (0.00294282, 0.256525, 0.482136, 0.258396)) == ({x3, x7}, (0.00294282, 0.256525, 0.482136, 0.258396))
({x3, x8}, (0.607619, 0.00572732, 0.0610059, 0.325648)) == ({x3, x8}, (0.607619, 0.00572732, 0.0610059, 0.325648))
({x3, x9}, (0.00224313, 0.333886, 0.62299, 0.0408808)) == ({x3, x9}, (0.00224313, 0.333886, 0.62299, 0.0408808))
({x4, x5}, (0.050867, 0.506635, 0.170971, 0.271527)) == ({x4, x5}, (0.050867, 0.506635, 0.170971, 0.271527))
({x4, x6}, (0.171308, 0.270091, 0.0509672, 0.507634)) == ({x4, x6}, (0.171308, 0.270091, 0.0509672, 0.507634))
({x4, x7}, (0.171308, 0.270091, 0.0509672, 0.507634)) == ({x4, x7}, (0.171308, 0.270091, 0.0509672, 0.507634))
({x4, x8}, (0.0166436, 0.524903, 0.177136, 0.281317)) == ({x4, x8}, (0.0166436, 0.524903, 0.177136, 0.281317))
({x4, x9}, (0.170971, 0.271527, 0.050867, 0.506635)) == ({x4, x9}, (0.170971, 0.271527, 0.050867, 0.506635))
({x5, x6}, (0.00190591, 0.256791, 0.482637, 0.258665)) == ({x5, x6}, (0.00190591, 0.256791, 0.482637, 0.258665))
({x5, x7}, (0.00294282, 0.256525, 0.482136, 0.258396)) == ({x5, x7}, (0.00294282, 0.256525, 0.482136, 0.258396))
({x5, x8}, (0.607619, 0.00572732, 0.0610059, 0.325648)) == ({x5, x8}, (0.607619, 0.00572732, 0.0610059, 0.325648))
({x5, x9}, (0.00227278, 0.3383, 0.631226, 0.0282018)) == ({x5, x9}, (0.00227278, 0.3383, 0.631226, 0.0282018))
({x6, x7}, (0.324194, 0.0607426, 0.00574335, 0.60932)) == ({x6, x7}, (0.324194, 0.0607426, 0.00574335, 0.60932))
({x6, x8}, (0.00453727, 0.481365, 0.256114, 0.257983)) == ({x6, x8}, (0.00453727, 0.481365, 0.256114, 0.257983))
({x6, x9}, (0.256791, 0.258665, 0.00190591, 0.482637)) == ({x6, x9}, (0.256791, 0.258665, 0.00190591, 0.482637))
({x7, x8}, (0.00173807, 0.482719, 0.256835, 0.258709)) == ({x7, x8}, (0.00173807, 0.482719, 0.256835, 0.258709))
({x7, x9}, (0.256525, 0.258396, 0.00294282, 0.482136)) == ({x7, x9}, (0.256525, 0.258396, 0.00294282, 0.482136))
({x8, x9}, (0.00572732, 0.325648, 0.607619, 0.0610059)) == ({x8, x9}, (0.00572732, 0.325648, 0.607619, 0.0610059))
Exact MAP state (log score = 46.4285):
x0: 0
x1: 0
x2: 0
x3: 0
x4: 1
x5: 0
x6: 1
x7: 1
x8: 0
x9: 1
