Builtin inference algorithms: {BP, EXACT, FBP, JTREE, TRWBP}

Exact variable marginals:
({x0}, (0.174483, 0.825517))
({x1}, (0.174483, 0.825517))
({x2}, (0.339297, 0.660703))
({x3}, (0.21886, 0.78114))
({x4}, (0.825517, 0.174483))
({x5}, (0.82545, 0.17455))
({x6}, (0.174483, 0.825517))
({x7}, (0.825517, 0.174483))
({x8}, (0.825517, 0.174483))
({x9}, (0.174503, 0.825497))
Exact factor marginals:
({x0}, (0.174483, 0.825517))
({x1}, (0.174483, 0.825517))
({x2}, (0.339297, 0.660703))
({x3}, (0.21886, 0.78114))
({x4}, (0.825517, 0.174483))
({x5}, (0.82545, 0.17455))
({x6}, (0.174483, 0.825517))
({x7}, (0.825517, 0.174483))
({x8}, (0.825517, 0.174483))
({x9}, (0.174503, 0.825497))
({x0, x1}, (0.174483, 1.00888e-08, 4.38676e-10, 0.825517))
({x0, x2}, (0.0829449, 0.256352, 0.0915384, 0.569165))
({x0, x3}, (0.171849, 0.0470108, 0.00263439, 0.778506))
({x0, x4}, (4.15419e-10, 0.825517, 0.174483, 2.31045e-10))
({x0, x5}, (1.35932e-05, 0.825436, 0.17447, 8.01686e-05))
({x0, x6}, (0.174483, 2.31042e-10, 4.15329e-10, 0.825517))
({x0, x7}, (4.15329e-10, 0.825517, 0.174483, 2.31112e-10))
({x0, x8}, (4.15407e-10, 0.825517, 0.174483, 2.31053e-10))
({x0, x9}, (0.174483, 1.92293e-05, 7.31933e-08, 0.825497))
({x1, x2}, (0.0829449, 0.256352, 0.0915384, 0.569165))
({x1, x3}, (0.171849, 0.0470108, 0.00263439, 0.778506))
({x1, x4}, (9.85787e-09, 0.825517, 0.174483, 2.33731e-11))
({x1, x5}, (1.36026e-05, 0.825436, 0.17447, 8.01684e-05))
({x1, x6}, (0.174483, 2.33696e-11, 9.85778e-09, 0.825517))
({x1, x7}, (9.85778e-09, 0.825517, 0.174483, 2.34394e-11))
({x1, x8}, (9.85786e-09, 0.825517, 0.174483, 2.33808e-11))
({x1, x9}, (0.174483, 1.92291e-05, 8.26356e-08, 0.825497))
({x2, x3}, (0.129956, 0.0889041, 0.209341, 0.571799))
({x2, x4}, (0.256352, 0.569165, 0.0829449, 0.0915384))
({x2, x5}, (0.256272, 0.569178, 0.0830251, 0.0915248))
({x2, x6}, (0.0829449, 0.0915384, 0.256352, 0.569165))
({x2, x7}, (0.256352, 0.569165, 0.0829449, 0.0915384))
({x2, x8}, (0.256352, 0.569165, 0.0829449, 0.0915384))
({x2, x9}, (0.0829631, 0.0915394, 0.256334, 0.569164))
({x3, x4}, (0.0470108, 0.778506, 0.171849, 0.00263439))
({x3, x5}, (0.046932, 0.778518, 0.171928, 0.00262212))
({x3, x6}, (0.171849, 0.00263439, 0.0470108, 0.778506))
({x3, x7}, (0.0470108, 0.778506, 0.171849, 0.00263439))
({x3, x8}, (0.0470108, 0.778506, 0.171849, 0.00263439))
({x3, x9}, (0.171867, 0.00263536, 0.0469926, 0.778505))
({x4, x5}, (0.825436, 1.35928e-05, 8.01684e-05, 0.17447))
({x4, x6}, (8.98206e-14, 0.174483, 0.825517, 3.74165e-15))
({x4, x7}, (0.825517, 3.76441e-15, 1.59656e-13, 0.174483))
({x4, x8}, (0.825517, 7.97828e-14, 9.87204e-14, 0.174483))
({x4, x9}, (1.92291e-05, 0.174483, 0.825497, 7.2778e-08))
({x5, x6}, (1.35928e-05, 0.17447, 0.825436, 8.01684e-05))
({x5, x7}, (0.825436, 8.01684e-05, 1.35928e-05, 0.17447))
({x5, x8}, (0.825436, 8.01684e-05, 1.35928e-05, 0.17447))
({x5, x9}, (3.28218e-05, 0.17447, 0.825417, 8.02411e-05))
({x6, x7}, (2.50101e-16, 0.825517, 0.174483, 7.0063e-14))
({x6, x8}, (7.83264e-14, 0.825517, 0.174483, 1.1185e-14))
({x6, x9}, (0.174483, 1.92291e-05, 7.2778e-08, 0.825497))
({x7, x8}, (0.825517, 1.45395e-13, 8.44064e-15, 0.174483))
({x7, x9}, (1.92291e-05, 0.174483, 0.825497, 7.2778e-08))
({x8, x9}, (1.92291e-05, 0.174483, 0.825497, 7.2778e-08))
Exact log partition sum: 73.1457
Exact MAP variable marginals:
({x0}, (0.135098, 0.864902))
({x1}, (0.135098, 0.864902))
({x2}, (0.268901, 0.731099))
({x3}, (0.135098, 0.864902))
({x4}, (0.864902, 0.135098))
({x5}, (0.864902, 0.135098))
({x6}, (0.135098, 0.864902))
({x7}, (0.864902, 0.135098))
({x8}, (0.864902, 0.135098))
({x9}, (0.135098, 0.864902))
Exact MAP factor marginals:
({x0}, (0.135098, 0.864902)) == ({x0}, (0.135098, 0.864902))
({x1}, (0.135098, 0.864902)) == ({x1}, (0.135098, 0.864902))
({x2}, (0.268901, 0.731099)) == ({x2}, (0.268901, 0.731099))
({x3}, (0.135098, 0.864902)) == ({x3}, (0.135098, 0.864902))
({x4}, (0.864902, 0.135098)) == ({x4}, (0.864902, 0.135098))
({x5}, (0.864902, 0.135098)) == ({x5}, (0.864902, 0.135098))
({x6}, (0.135098, 0.864902)) == ({x6}, (0.135098, 0.864902))
({x7}, (0.864902, 0.135098)) == ({x7}, (0.864902, 0.135098))
({x8}, (0.864902, 0.135098)) == ({x8}, (0.864902, 0.135098))
({x9}, (0.135098, 0.864902)) == ({x9}, (0.135098, 0.864902))
({x0, x1}, (0.135098, 1.20757e-08, 6.15287e-10, 0.864902)) == ({x0, x1}, (0.135098, 1.20757e-08, 6.15287e-10, 0.864902))
({x0, x2}, (0.0872781, 0.220277, 0.0935477, 0.598897)) == ({x0, x2}, (0.0872781, 0.220277, 0.0935477, 0.598897))
({x0, x3}, (0.12564, 0.0662987, 0.00370472, 0.804356)) == ({x0, x3}, (0.12564, 0.0662987, 0.00370472, 0.804356))
({x0, x4}, (6.15287e-10, 0.864902, 0.135098, 3.2919e-10)) == ({x0, x4}, (6.15287e-10, 0.864902, 0.135098, 3.2919e-10))
({x0, x5}, (1.95404e-05, 0.864781, 0.135079, 0.000120901)) == ({x0, x5}, (1.95404e-05, 0.864781, 0.135079, 0.000120901))
({x0, x6}, (0.135098, 3.2919e-10, 6.15287e-10, 0.864902)) == ({x0, x6}, (0.135098, 3.2919e-10, 6.15287e-10, 0.864902))
({x0, x7}, (6.15287e-10, 0.864902, 0.135098, 3.2919e-10)) == ({x0, x7}, (6.15287e-10, 0.864902, 0.135098, 3.2919e-10))
({x0, x8}, (6.15287e-10, 0.864902, 0.135098, 3.2919e-10)) == ({x0, x8}, (6.15287e-10, 0.864902, 0.135098, 3.2919e-10))
({x0, x9}, (0.135094, 2.75408e-05, 9.61037e-08, 0.864878)) == ({x0, x9}, (0.135094, 2.75408e-05, 9.61037e-08, 0.864878))
({x1, x2}, (0.0872781, 0.220277, 0.0935477, 0.598897)) == ({x1, x2}, (0.0872781, 0.220277, 0.0935477, 0.598897))
({x1, x3}, (0.12564, 0.0662987, 0.00370472, 0.804356)) == ({x1, x3}, (0.12564, 0.0662987, 0.00370472, 0.804356))
({x1, x4}, (1.20757e-08, 0.864902, 0.135098, 2.17585e-11)) == ({x1, x4}, (1.20757e-08, 0.864902, 0.135098, 2.17585e-11))
({x1, x5}, (1.95404e-05, 0.864781, 0.135079, 0.000120901)) == ({x1, x5}, (1.95404e-05, 0.864781, 0.135079, 0.000120901))
({x1, x6}, (0.135098, 2.17585e-11, 1.20757e-08, 0.864902)) == ({x1, x6}, (0.135098, 2.17585e-11, 1.20757e-08, 0.864902))
({x1, x7}, (1.20757e-08, 0.864902, 0.135098, 2.17585e-11)) == ({x1, x7}, (1.20757e-08, 0.864902, 0.135098, 2.17585e-11))
({x1, x8}, (1.20757e-08, 0.864902, 0.135098, 2.17585e-11)) == ({x1, x8}, (1.20757e-08, 0.864902, 0.135098, 2.17585e-11))
({x1, x9}, (0.135094, 2.75408e-05, 9.61037e-08, 0.864878)) == ({x1, x9}, (0.135094, 2.75408e-05, 9.61037e-08, 0.864878))
({x2, x3}, (0.0872781, 0.0935477, 0.220277, 0.598897)) == ({x2, x3}, (0.0872781, 0.0935477, 0.220277, 0.598897))
({x2, x4}, (0.220277, 0.598897, 0.0872781, 0.0935477)) == ({x2, x4}, (0.220277, 0.598897, 0.0872781, 0.0935477))
({x2, x5}, (0.220277, 0.598897, 0.0872781, 0.0935477)) == ({x2, x5}, (0.220277, 0.598897, 0.0872781, 0.0935477))
({x2, x6}, (0.0872781, 0.0935477, 0.220277, 0.598897)) == ({x2, x6}, (0.0872781, 0.0935477, 0.220277, 0.598897))
({x2, x7}, (0.220277, 0.598897, 0.0872781, 0.0935477)) == ({x2, x7}, (0.220277, 0.598897, 0.0872781, 0.0935477))
({x2, x8}, (0.220277, 0.598897, 0.0872781, 0.0935477)) == ({x2, x8}, (0.220277, 0.598897, 0.0872781, 0.0935477))
({x2, x9}, (0.0872781, 0.0935477, 0.220277, 0.598897)) == ({x2, x9}, (0.0872781, 0.0935477, 0.220277, 0.598897))
({x3, x4}, (0.0662987, 0.804356, 0.12564, 0.00370472)) == ({x3, x4}, (0.0662987, 0.804356, 0.12564, 0.00370472))
({x3, x5}, (0.0662987, 0.804356, 0.12564, 0.00370472)) == ({x3, x5}, (0.0662987, 0.804356, 0.12564, 0.00370472))
({x3, x6}, (0.12564, 0.00370472, 0.0662987, 0.804356)) == ({x3, x6}, (0.12564, 0.00370472, 0.0662987, 0.804356))
({x3, x7}, (0.0662987, 0.804356, 0.12564, 0.00370472)) == ({x3, x7}, (0.0662987, 0.804356, 0.12564, 0.00370472))
({x3, x8}, (0.0662987, 0.804356, 0.12564, 0.00370472)) == ({x3, x8}, (0.0662987, 0.804356, 0.12564, 0.00370472))
({x3, x9}, (0.12564, 0.00370472, 0.0662987, 0.804356)) == ({x3, x9}, (0.12564, 0.00370472, 0.0662987, 0.804356))
({x4, x5}, (0.864781, 1.95404e-05, 0.000120901, 0.135079)) == ({x4, x5}, (0.864781, 1.95404e-05, 0.000120901, 0.135079))
({x4, x6}, (1.32403e-13, 0.135098, 0.864902, 5.13083e-15)) == ({x4, x6}, (1.32403e-13, 0.135098, 0.864902, 5.13083e-15))
({x4, x7}, (0.864902, 5.13083e-15, 1.32403e-13, 0.135098)) == ({x4, x7}, (0.864902, 5.13083e-15, 1.32403e-13, 0.135098))
({x4, x8}, (0.864902, 6.72974e-14, 1.32403e-13, 0.135098)) == ({x4, x8}, (0.864902, 6.72974e-14, 1.32403e-13, 0.135098))
({x4, x9}, (2.75408e-05, 0.135094, 0.864878, 9.61037e-08)) == ({x4, x9}, (2.75408e-05, 0.135094, 0.864878, 9.61037e-08))
({x5, x6}, (1.95404e-05, 0.135079, 0.864781, 0.000120901)) == ({x5, x6}, (1.95404e-05, 0.135079, 0.864781, 0.000120901))
({x5, x7}, (0.864781, 0.000120901, 1.95404e-05, 0.135079)) == ({x5, x7}, (0.864781, 0.000120901, 1.95404e-05, 0.135079))
({x5, x8}, (0.864781, 0.000120901, 1.95404e-05, 0.135079)) == ({x5, x8}, (0.864781, 0.000120901, 1.95404e-05, 0.135079))
({x5, x9}, (2.75375e-05, 0.135078, 0.864774, 0.0001209)) == ({x5, x9}, (2.75375e-05, 0.135078, 0.864774, 0.0001209))
({x6, x7}, (1.08112e-16, 0.864902, 0.135098, 1.01377e-13)) == ({x6, x7}, (1.08112e-16, 0.864902, 0.135098, 1.01377e-13))
({x6, x8}, (6.72974e-14, 0.864902, 0.135098, 9.22113e-15)) == ({x6, x8}, (6.72974e-14, 0.864902, 0.135098, 9.22113e-15))
({x6, x9}, (0.135094, 2.75408e-05, 9.61037e-08, 0.864878)) == ({x6, x9}, (0.135094, 2.75408e-05, 9.61037e-08, 0.864878))
({x7, x8}, (0.864902, 1.01377e-13, 9.22113e-15, 0.135098)) == ({x7, x8}, (0.864902, 1.01377e-13, 9.22113e-15, 0.135098))
({x7, x9}, (2.75408e-05, 0.135094, 0.864878, 9.61037e-08)) == ({x7, x9}, (2.75408e-05, 0.135094, 0.864878, 9.61037e-08))
({x8, x9}, (2.75408e-05, 0.135094, 0.864878, 9.61037e-08)) == ({x8, x9}, (2.75408e-05, 0.135094, 0.864878, 9.61037e-08))
Exact MAP state (log score = 72.5821):
x0: 1
x1: 1
x2: 1
x3: 1
x4: 0
x5: 0
x6: 1
x7: 0
x8: 0
x9: 1
