Builtin inference algorithms: {BP, EXACT, FBP, JTREE, TRWBP}

Exact variable marginals:
({x0}, (0.00930874, 0.990691))
({x1}, (0.94651, 0.0534898))
({x2}, (0.00931058, 0.990689))
({x3}, (0.990691, 0.00930889))
({x4}, (0.00930877, 0.990691))
({x5}, (0.990691, 0.00930873))
({x6}, (0.829531, 0.170469))
({x7}, (0.990691, 0.00930873))
({x8}, (0.990681, 0.00931949))
({x9}, (0.835224, 0.164776))
Exact factor marginals:
({x0}, (0.00930874, 0.990691))
({x1}, (0.94651, 0.0534898))
({x2}, (0.00931058, 0.990689))
({x3}, (0.990691, 0.00930889))
({x4}, (0.00930877, 0.990691))
({x5}, (0.990691, 0.00930873))
({x6}, (0.829531, 0.170469))
({x7}, (0.990691, 0.00930873))
({x8}, (0.990681, 0.00931949))
({x9}, (0.835224, 0.164776))
({x0, x1}, (0.00123487, 0.945275, 0.00807386, 0.0454159))
({x0, x2}, (0.00930873, 1.84869e-06, 1.01277e-08, 0.990689))
({x0, x3}, (1.07033e-08, 0.990691, 0.00930873, 1.66132e-07))
({x0, x4}, (0.00930871, 6.09422e-08, 2.59545e-08, 0.990691))
({x0, x5}, (9.303e-09, 0.990691, 0.00930873, 3.78014e-10))
({x0, x6}, (0.00170766, 0.827823, 0.00760108, 0.162868))
({x0, x7}, (9.30008e-09, 0.990691, 0.00930873, 3.49757e-10))
({x0, x8}, (2.6072e-07, 0.99068, 0.00930848, 1.10169e-05))
({x0, x9}, (0.00169759, 0.833526, 0.00761115, 0.157165))
({x1, x2}, (0.00123486, 0.00807571, 0.945275, 0.0454141))
({x1, x3}, (0.945275, 0.045416, 0.00123504, 0.00807386))
({x1, x4}, (0.00123491, 0.00807386, 0.945275, 0.045416))
({x1, x5}, (0.945275, 0.0454159, 0.00123487, 0.00807386))
({x1, x6}, (0.82904, 0.000491156, 0.117471, 0.0529987))
({x1, x7}, (0.945275, 0.0454159, 0.00123487, 0.00807386))
({x1, x8}, (0.945264, 0.0454162, 0.00124587, 0.00807362))
({x1, x9}, (0.829096, 0.00612735, 0.117414, 0.0473625))
({x2, x3}, (1.85636e-06, 0.990689, 0.00930872, 1.73228e-07))
({x2, x4}, (0.00930871, 6.15976e-08, 1.86517e-06, 0.990689))
({x2, x5}, (1.84831e-06, 0.990689, 0.00930873, 8.24749e-10))
({x2, x6}, (0.00170765, 0.827823, 0.00760293, 0.162866))
({x2, x7}, (1.84834e-06, 0.990689, 0.00930873, 8.27806e-10))
({x2, x8}, (2.09972e-06, 0.990678, 0.00930848, 1.10173e-05))
({x2, x9}, (0.00169817, 0.833526, 0.00761241, 0.157164))
({x3, x4}, (6.86139e-08, 0.0093087, 0.990691, 1.89055e-07))
({x3, x5}, (0.990691, 1.72403e-07, 8.04983e-09, 0.00930872))
({x3, x6}, (0.827823, 0.00170782, 0.162868, 0.00760107))
({x3, x7}, (0.990691, 1.724e-07, 8.02157e-09, 0.00930872))
({x3, x8}, (0.99068, 4.2382e-07, 1.10246e-05, 0.00930847))
({x3, x9}, (0.833526, 0.00169775, 0.157165, 0.00761114))
({x4, x5}, (6.07729e-08, 0.990691, 0.00930871, 1.68603e-08))
({x4, x6}, (0.00170763, 0.827823, 0.00760114, 0.162868))
({x4, x7}, (6.077e-08, 0.990691, 0.00930871, 1.6832e-08))
({x4, x8}, (3.12189e-07, 0.99068, 0.00930846, 1.10334e-05))
({x4, x9}, (0.00169756, 0.833526, 0.00761121, 0.157165))
({x5, x6}, (0.827823, 0.00170765, 0.162868, 0.00760108))
({x5, x7}, (0.990691, 2.84352e-11, 3.10115e-12, 0.00930873))
({x5, x8}, (0.99068, 2.51417e-07, 1.10165e-05, 0.00930848))
({x5, x9}, (0.833526, 0.00169758, 0.157165, 0.00761115))
({x6, x7}, (0.827823, 0.162868, 0.00170765, 0.00760108))
({x6, x8}, (0.827823, 0.162857, 0.0017074, 0.0076121))
({x6, x9}, (0.829513, 0.00571109, 1.81802e-05, 0.164758))
({x7, x8}, (0.99068, 2.5142e-07, 1.10165e-05, 0.00930848))
({x7, x9}, (0.833526, 0.00169758, 0.157165, 0.00761115))
({x8, x9}, (0.833526, 0.00169732, 0.157154, 0.00762217))
Exact log partition sum: 68.5005
Exact MAP variable marginals:
({x0}, (0.00909609, 0.990904))
({x1}, (0.954168, 0.0458323))
({x2}, (0.00909609, 0.990904))
({x3}, (0.990904, 0.00909609))
({x4}, (0.00909609, 0.990904))
({x5}, (0.990904, 0.00909609))
({x6}, (0.875809, 0.124191))
({x7}, (0.990904, 0.00909609))
({x8}, (0.990904, 0.00909609))
({x9}, (0.875809, 0.124191))
Exact MAP factor marginals:
({x0}, (0.00909609, 0.990904)) == ({x0}, (0.00909609, 0.990904))
({x1}, (0.954168, 0.0458323)) == ({x1}, (0.954168, 0.0458323))
({x2}, (0.00909609, 0.990904)) == ({x2}, (0.00909609, 0.990904))
({x3}, (0.990904, 0.00909609)) == ({x3}, (0.990904, 0.00909609))
({x4}, (0.00909609, 0.990904)) == ({x4}, (0.00909609, 0.990904))
({x5}, (0.990904, 0.00909609)) == ({x5}, (0.990904, 0.00909609))
({x6}, (0.875809, 0.124191)) == ({x6}, (0.875809, 0.124191))
({x7}, (0.990904, 0.00909609)) == ({x7}, (0.990904, 0.00909609))
({x8}, (0.990904, 0.00909609)) == ({x8}, (0.990904, 0.00909609))
({x9}, (0.875809, 0.124191)) == ({x9}, (0.875809, 0.124191))
({x0, x1}, (0.00139503, 0.944563, 0.0086707, 0.045371)) == ({x0, x1}, (0.00139503, 0.944563, 0.0086707, 0.045371))
({x0, x2}, (0.00909608, 1.50254e-06, 7.44231e-09, 0.990902)) == ({x0, x2}, (0.00909608, 1.50254e-06, 7.44231e-09, 0.990902))
({x0, x3}, (9.18863e-09, 0.990904, 0.00909609, 1.98782e-07)) == ({x0, x3}, (9.18863e-09, 0.990904, 0.00909609, 1.98782e-07))
({x0, x4}, (0.00909609, 6.4901e-08, 1.06762e-08, 0.990904)) == ({x0, x4}, (0.00909609, 6.4901e-08, 1.06762e-08, 0.990904))
({x0, x5}, (7.44232e-09, 0.990904, 0.00909609, 2.66585e-10)) == ({x0, x5}, (7.44232e-09, 0.990904, 0.00909609, 2.66585e-10))
({x0, x6}, (0.00128153, 0.86771, 0.00796522, 0.123043)) == ({x0, x6}, (0.00128153, 0.86771, 0.00796522, 0.123043))
({x0, x7}, (7.44232e-09, 0.990904, 0.00909609, 2.66585e-10)) == ({x0, x7}, (7.44232e-09, 0.990904, 0.00909609, 2.66585e-10))
({x0, x8}, (2.99726e-07, 0.990891, 0.00909597, 1.31799e-05)) == ({x0, x8}, (2.99726e-07, 0.990891, 0.00909597, 1.31799e-05))
({x0, x9}, (0.00128153, 0.86771, 0.00796522, 0.123043)) == ({x0, x9}, (0.00128153, 0.86771, 0.00796522, 0.123043))
({x1, x2}, (0.00139503, 0.0086707, 0.944563, 0.045371)) == ({x1, x2}, (0.00139503, 0.0086707, 0.944563, 0.045371))
({x1, x3}, (0.944563, 0.045371, 0.00139503, 0.0086707)) == ({x1, x3}, (0.944563, 0.045371, 0.00139503, 0.0086707))
({x1, x4}, (0.00139503, 0.0086707, 0.944563, 0.045371)) == ({x1, x4}, (0.00139503, 0.0086707, 0.944563, 0.045371))
({x1, x5}, (0.944563, 0.045371, 0.00139503, 0.0086707)) == ({x1, x5}, (0.944563, 0.045371, 0.00139503, 0.0086707))
({x1, x6}, (0.840048, 0.000480716, 0.11912, 0.0403507)) == ({x1, x6}, (0.840048, 0.000480716, 0.11912, 0.0403507))
({x1, x7}, (0.944563, 0.045371, 0.00139503, 0.0086707)) == ({x1, x7}, (0.944563, 0.045371, 0.00139503, 0.0086707))
({x1, x8}, (0.944563, 0.045371, 0.00139503, 0.0086707)) == ({x1, x8}, (0.944563, 0.045371, 0.00139503, 0.0086707))
({x1, x9}, (0.835672, 0.00568819, 0.1185, 0.0401405)) == ({x1, x9}, (0.835672, 0.00568819, 0.1185, 0.0401405))
({x2, x3}, (1.50254e-06, 0.990902, 0.00909608, 1.98782e-07)) == ({x2, x3}, (1.50254e-06, 0.990902, 0.00909608, 1.98782e-07))
({x2, x4}, (0.00909608, 6.49009e-08, 1.50254e-06, 0.990902)) == ({x2, x4}, (0.00909608, 6.49009e-08, 1.50254e-06, 0.990902))
({x2, x5}, (1.50254e-06, 0.990902, 0.00909608, 9.5828e-10)) == ({x2, x5}, (1.50254e-06, 0.990902, 0.00909608, 9.5828e-10))
({x2, x6}, (0.00128153, 0.86771, 0.00796522, 0.123043)) == ({x2, x6}, (0.00128153, 0.86771, 0.00796522, 0.123043))
({x2, x7}, (1.50254e-06, 0.990902, 0.00909608, 9.5828e-10)) == ({x2, x7}, (1.50254e-06, 0.990902, 0.00909608, 9.5828e-10))
({x2, x8}, (1.50252e-06, 0.990889, 0.00909596, 1.31799e-05)) == ({x2, x8}, (1.50252e-06, 0.990889, 0.00909596, 1.31799e-05))
({x2, x9}, (0.00128153, 0.86771, 0.00796522, 0.123043)) == ({x2, x9}, (0.00128153, 0.86771, 0.00796522, 0.123043))
({x3, x4}, (6.4901e-08, 0.00909609, 0.990904, 1.98782e-07)) == ({x3, x4}, (6.4901e-08, 0.00909609, 0.990904, 1.98782e-07))
({x3, x5}, (0.990904, 1.98782e-07, 9.18863e-09, 0.00909609)) == ({x3, x5}, (0.990904, 1.98782e-07, 9.18863e-09, 0.00909609))
({x3, x6}, (0.86771, 0.00128153, 0.123043, 0.00796522)) == ({x3, x6}, (0.86771, 0.00128153, 0.123043, 0.00796522))
({x3, x7}, (0.990904, 1.98782e-07, 9.18863e-09, 0.00909609)) == ({x3, x7}, (0.990904, 1.98782e-07, 9.18863e-09, 0.00909609))
({x3, x8}, (0.990891, 2.99726e-07, 1.31799e-05, 0.00909597)) == ({x3, x8}, (0.990891, 2.99726e-07, 1.31799e-05, 0.00909597))
({x3, x9}, (0.86771, 0.00128153, 0.123043, 0.00796522)) == ({x3, x9}, (0.86771, 0.00128153, 0.123043, 0.00796522))
({x4, x5}, (6.4901e-08, 0.990904, 0.00909609, 1.06762e-08)) == ({x4, x5}, (6.4901e-08, 0.990904, 0.00909609, 1.06762e-08))
({x4, x6}, (0.00128153, 0.86771, 0.00796522, 0.123043)) == ({x4, x6}, (0.00128153, 0.86771, 0.00796522, 0.123043))
({x4, x7}, (6.4901e-08, 0.990904, 0.00909609, 1.06762e-08)) == ({x4, x7}, (6.4901e-08, 0.990904, 0.00909609, 1.06762e-08))
({x4, x8}, (2.99726e-07, 0.990891, 0.00909597, 1.31799e-05)) == ({x4, x8}, (2.99726e-07, 0.990891, 0.00909597, 1.31799e-05))
({x4, x9}, (0.00128153, 0.86771, 0.00796522, 0.123043)) == ({x4, x9}, (0.00128153, 0.86771, 0.00796522, 0.123043))
({x5, x6}, (0.86771, 0.00128153, 0.123043, 0.00796522)) == ({x5, x6}, (0.86771, 0.00128153, 0.123043, 0.00796522))
({x5, x7}, (0.990904, 3.39803e-11, 3.46812e-12, 0.00909609)) == ({x5, x7}, (0.990904, 3.39803e-11, 3.46812e-12, 0.00909609))
({x5, x8}, (0.990891, 2.99726e-07, 1.31799e-05, 0.00909597)) == ({x5, x8}, (0.990891, 2.99726e-07, 1.31799e-05, 0.00909597))
({x5, x9}, (0.86771, 0.00128153, 0.123043, 0.00796522)) == ({x5, x9}, (0.86771, 0.00128153, 0.123043, 0.00796522))
({x6, x7}, (0.86771, 0.123043, 0.00128153, 0.00796522)) == ({x6, x7}, (0.86771, 0.123043, 0.00128153, 0.00796522))
({x6, x8}, (0.86771, 0.123043, 0.00128153, 0.00796522)) == ({x6, x8}, (0.86771, 0.123043, 0.00128153, 0.00796522))
({x6, x9}, (0.870608, 0.005926, 1.16449e-05, 0.123454)) == ({x6, x9}, (0.870608, 0.005926, 1.16449e-05, 0.123454))
({x7, x8}, (0.990891, 2.99726e-07, 1.31799e-05, 0.00909597)) == ({x7, x8}, (0.990891, 2.99726e-07, 1.31799e-05, 0.00909597))
({x7, x9}, (0.86771, 0.00128153, 0.123043, 0.00796522)) == ({x7, x9}, (0.86771, 0.00128153, 0.123043, 0.00796522))
({x8, x9}, (0.86771, 0.00128153, 0.123043, 0.00796522)) == ({x8, x9}, (0.86771, 0.00128153, 0.123043, 0.00796522))
Exact MAP state (log score = 68.3115):
x0: 1
x1: 0
x2: 1
x3: 0
x4: 1
x5: 0
x6: 0
x7: 0
x8: 0
x9: 0
