Builtin inference algorithms: {BP, EXACT, FBP, JTREE, TRWBP}

Exact variable marginals:
({x0}, (0.425314, 0.574686))
({x1}, (0.016159, 0.983841))
({x2}, (0.123266, 0.876734))
({x3}, (0.106762, 0.893238))
({x4}, (0.0432233, 0.956777))
({x5}, (0.973871, 0.026129))
({x6}, (0.981661, 0.0183389))
({x7}, (0.884864, 0.115136))
({x8}, (0.884864, 0.115136))
({x9}, (0.979457, 0.0205427))
Exact factor marginals:
({x0}, (0.425314, 0.574686))
({x1}, (0.016159, 0.983841))
({x2}, (0.123266, 0.876734))
({x3}, (0.106762, 0.893238))
({x4}, (0.0432233, 0.956777))
({x5}, (0.973871, 0.026129))
({x6}, (0.981661, 0.0183389))
({x7}, (0.884864, 0.115136))
({x8}, (0.884864, 0.115136))
({x9}, (0.979457, 0.0205427))
({x0, x1}, (0.0151941, 0.000964971, 0.41012, 0.573721))
({x0, x2}, (0.0181221, 0.105144, 0.407192, 0.469542))
({x0, x3}, (0.00663339, 0.100129, 0.418681, 0.474557))
({x0, x4}, (0.0397342, 0.00348915, 0.38558, 0.571197))
({x0, x5}, (0.402857, 0.571014, 0.0224571, 0.00367193))
({x0, x6}, (0.410768, 0.570893, 0.0145456, 0.00379327))
({x0, x7}, (0.415531, 0.469333, 0.00978317, 0.105353))
({x0, x8}, (0.415531, 0.469333, 0.0097832, 0.105353))
({x0, x9}, (0.405176, 0.574281, 0.0201381, 0.000404647))
({x1, x2}, (0.00117618, 0.12209, 0.0149828, 0.861751))
({x1, x3}, (0.0013832, 0.105379, 0.0147758, 0.878462))
({x1, x4}, (0.0149219, 0.0283015, 0.00123717, 0.95554))
({x1, x5}, (0.00103444, 0.972837, 0.0151246, 0.0110045))
({x1, x6}, (0.00093202, 0.980729, 0.015227, 0.00311186))
({x1, x7}, (0.0147911, 0.870073, 0.00136791, 0.113768))
({x1, x8}, (0.0147911, 0.870073, 0.00136791, 0.113768))
({x1, x9}, (0.000561668, 0.978896, 0.0155974, 0.00494537))
({x2, x3}, (0.106271, 0.000491379, 0.0169957, 0.876242))
({x2, x4}, (0.00872523, 0.0344981, 0.114541, 0.842236))
({x2, x5}, (0.123115, 0.850756, 0.000151498, 0.0259775))
({x2, x6}, (0.122994, 0.858668, 0.000272809, 0.0180661))
({x2, x7}, (0.00859658, 0.876268, 0.11467, 0.000465939))
({x2, x8}, (0.00859659, 0.876268, 0.11467, 0.000466031))
({x2, x9}, (0.117672, 0.861785, 0.0055946, 0.0149481))
({x3, x4}, (0.00015637, 0.0430669, 0.106606, 0.850171))
({x3, x5}, (0.106403, 0.867468, 0.000359099, 0.0257699))
({x3, x6}, (0.1063, 0.875362, 0.000462546, 0.0178763))
({x3, x7}, (2.56267e-05, 0.884839, 0.106736, 0.00839932))
({x3, x8}, (2.56267e-05, 0.884839, 0.106736, 0.0083994))
({x3, x9}, (0.100734, 0.878723, 0.00602761, 0.0145151))
({x4, x5}, (0.017297, 0.956574, 0.0259263, 0.000202741))
({x4, x6}, (0.0251908, 0.95647, 0.0180325, 0.000306364))
({x4, x7}, (0.0430926, 0.841772, 0.000130745, 0.115005))
({x4, x8}, (0.0430926, 0.841772, 0.000130743, 0.115005))
({x4, x9}, (0.0285813, 0.950876, 0.014642, 0.00590072))
({x5, x6}, (0.97375, 0.00791157, 0.000121386, 0.0182175))
({x5, x7}, (0.859069, 0.0257956, 0.114802, 0.000333475))
({x5, x8}, (0.859069, 0.0257956, 0.114802, 0.000333473))
({x5, x9}, (0.968173, 0.0112843, 0.00569798, 0.0148447))
({x6, x7}, (0.866962, 0.0179018, 0.114699, 0.000437067))
({x6, x8}, (0.866962, 0.0179018, 0.114699, 0.000437065))
({x6, x9}, (0.976067, 0.00339069, 0.00559455, 0.0149482))
({x7, x8}, (0.884864, 4.01321e-08, 1.18821e-07, 0.115136))
({x7, x9}, (0.870324, 0.109134, 0.0145407, 0.006002))
({x8, x9}, (0.870323, 0.109134, 0.0145407, 0.00600199))
Exact log partition sum: 55.2912
Exact MAP variable marginals:
({x0}, (0.446532, 0.553468))
({x1}, (0.0295907, 0.970409))
({x2}, (0.176257, 0.823743))
({x3}, (0.176257, 0.823743))
({x4}, (0.0295907, 0.970409))
({x5}, (0.970409, 0.0295907))
({x6}, (0.970409, 0.0295907))
({x7}, (0.823743, 0.176257))
({x8}, (0.823743, 0.176257))
({x9}, (0.970409, 0.0295907))
Exact MAP factor marginals:
({x0}, (0.446532, 0.553468)) == ({x0}, (0.446532, 0.553468))
({x1}, (0.0295907, 0.970409)) == ({x1}, (0.0295907, 0.970409))
({x2}, (0.176257, 0.823743)) == ({x2}, (0.176257, 0.823743))
({x3}, (0.176257, 0.823743)) == ({x3}, (0.176257, 0.823743))
({x4}, (0.0295907, 0.970409)) == ({x4}, (0.0295907, 0.970409))
({x5}, (0.970409, 0.0295907)) == ({x5}, (0.970409, 0.0295907))
({x6}, (0.970409, 0.0295907)) == ({x6}, (0.970409, 0.0295907))
({x7}, (0.823743, 0.176257)) == ({x7}, (0.823743, 0.176257))
({x8}, (0.823743, 0.176257)) == ({x8}, (0.823743, 0.176257))
({x9}, (0.970409, 0.0295907)) == ({x9}, (0.970409, 0.0295907))
({x0, x1}, (0.0165871, 0.00058182, 0.438865, 0.543966)) == ({x0, x1}, (0.0165871, 0.00058182, 0.438865, 0.543966))
({x0, x2}, (0.00902677, 0.104931, 0.395646, 0.490396)) == ({x0, x2}, (0.00902677, 0.104931, 0.395646, 0.490396))
({x0, x3}, (0.00473693, 0.105385, 0.397359, 0.492519)) == ({x0, x3}, (0.00473693, 0.105385, 0.397359, 0.492519))
({x0, x4}, (0.0165412, 0.00334647, 0.437651, 0.542461)) == ({x0, x4}, (0.0165412, 0.00334647, 0.437651, 0.542461))
({x0, x5}, (0.437651, 0.542461, 0.0165412, 0.00334647)) == ({x0, x5}, (0.437651, 0.542461, 0.0165412, 0.00334647))
({x0, x6}, (0.437651, 0.542461, 0.0165412, 0.00334647)) == ({x0, x6}, (0.437651, 0.542461, 0.0165412, 0.00334647))
({x0, x7}, (0.397359, 0.492519, 0.00473693, 0.105385)) == ({x0, x7}, (0.397359, 0.492519, 0.00473693, 0.105385))
({x0, x8}, (0.397359, 0.492519, 0.00473693, 0.105385)) == ({x0, x8}, (0.397359, 0.492519, 0.00473693, 0.105385))
({x0, x9}, (0.439028, 0.544167, 0.0165933, 0.000211636)) == ({x0, x9}, (0.439028, 0.544167, 0.0165933, 0.000211636))
({x1, x2}, (0.00147661, 0.171685, 0.0244667, 0.802372)) == ({x1, x2}, (0.00147661, 0.171685, 0.0244667, 0.802372))
({x1, x3}, (0.00147661, 0.171685, 0.0244667, 0.802372)) == ({x1, x3}, (0.00147661, 0.171685, 0.0244667, 0.802372))
({x1, x4}, (0.0290126, 0.0177828, 0.00175097, 0.951454)) == ({x1, x4}, (0.0290126, 0.0177828, 0.00175097, 0.951454))
({x1, x5}, (0.00175384, 0.953015, 0.0290602, 0.0161711)) == ({x1, x5}, (0.00175384, 0.953015, 0.0290602, 0.0161711))
({x1, x6}, (0.00177208, 0.962925, 0.0293624, 0.00594034)) == ({x1, x6}, (0.00177208, 0.962925, 0.0293624, 0.00594034))
({x1, x7}, (0.0244667, 0.802372, 0.00147661, 0.171685)) == ({x1, x7}, (0.0244667, 0.802372, 0.00147661, 0.171685))
({x1, x8}, (0.0244667, 0.802372, 0.00147661, 0.171685)) == ({x1, x8}, (0.0244667, 0.802372, 0.00147661, 0.171685))
({x1, x9}, (0.00102729, 0.960448, 0.0292869, 0.00923735)) == ({x1, x9}, (0.00102729, 0.960448, 0.0292869, 0.00923735))
({x2, x3}, (0.17356, 0.000371935, 0.0149307, 0.811137)) == ({x2, x3}, (0.17356, 0.000371935, 0.0149307, 0.811137))
({x2, x4}, (0.0145756, 0.0241457, 0.169432, 0.791846)) == ({x2, x4}, (0.0145756, 0.0241457, 0.169432, 0.791846))
({x2, x5}, (0.17191, 0.803425, 0.000166526, 0.0244988)) == ({x2, x5}, (0.17191, 0.803425, 0.000166526, 0.0244988))
({x2, x6}, (0.171906, 0.803408, 0.000187498, 0.0244983)) == ({x2, x6}, (0.171906, 0.803408, 0.000187498, 0.0244983))
({x2, x7}, (0.0149307, 0.811137, 0.17356, 0.000371935)) == ({x2, x7}, (0.0149307, 0.811137, 0.17356, 0.000371935))
({x2, x8}, (0.0149307, 0.811137, 0.17356, 0.000371935)) == ({x2, x8}, (0.0149307, 0.811137, 0.17356, 0.000371935))
({x2, x9}, (0.17062, 0.797396, 0.00766915, 0.024315)) == ({x2, x9}, (0.17062, 0.797396, 0.00766915, 0.024315))
({x3, x4}, (0.000166526, 0.0244988, 0.17191, 0.803425)) == ({x3, x4}, (0.000166526, 0.0244988, 0.17191, 0.803425))
({x3, x5}, (0.171885, 0.803308, 0.00031242, 0.0244952)) == ({x3, x5}, (0.171885, 0.803308, 0.00031242, 0.0244952))
({x3, x6}, (0.171885, 0.803308, 0.00031242, 0.0244952)) == ({x3, x6}, (0.171885, 0.803308, 0.00031242, 0.0244952))
({x3, x7}, (3.39998e-05, 0.816182, 0.174639, 0.0091448)) == ({x3, x7}, (3.39998e-05, 0.816182, 0.174639, 0.0091448))
({x3, x8}, (3.39998e-05, 0.816182, 0.174639, 0.0091448)) == ({x3, x8}, (3.39998e-05, 0.816182, 0.174639, 0.0091448))
({x3, x9}, (0.17062, 0.797396, 0.00766915, 0.024315)) == ({x3, x9}, (0.17062, 0.797396, 0.00766915, 0.024315))
({x4, x5}, (0.0178074, 0.952769, 0.0290528, 0.000370549)) == ({x4, x5}, (0.0178074, 0.952769, 0.0290528, 0.000370549))
({x4, x6}, (0.0178074, 0.952769, 0.0290528, 0.000370549)) == ({x4, x6}, (0.0178074, 0.952769, 0.0290528, 0.000370549))
({x4, x7}, (0.0244988, 0.803425, 0.000166526, 0.17191)) == ({x4, x7}, (0.0244988, 0.803425, 0.000166526, 0.17191))
({x4, x8}, (0.0244988, 0.803425, 0.000166526, 0.17191)) == ({x4, x8}, (0.0244988, 0.803425, 0.000166526, 0.17191))
({x4, x9}, (0.0176522, 0.944465, 0.0287995, 0.00908362)) == ({x4, x9}, (0.0176522, 0.944465, 0.0287995, 0.00908362))
({x5, x6}, (0.954477, 0.0161959, 0.000222754, 0.0291048)) == ({x5, x6}, (0.954477, 0.0161959, 0.000222754, 0.0291048))
({x5, x7}, (0.803308, 0.0244952, 0.171885, 0.00031242)) == ({x5, x7}, (0.803308, 0.0244952, 0.171885, 0.00031242))
({x5, x8}, (0.803308, 0.0244952, 0.171885, 0.00031242)) == ({x5, x8}, (0.803308, 0.0244952, 0.171885, 0.00031242))
({x5, x9}, (0.946003, 0.0160521, 0.00909842, 0.0288464)) == ({x5, x9}, (0.946003, 0.0160521, 0.00909842, 0.0288464))
({x6, x7}, (0.803308, 0.0244952, 0.171885, 0.00031242)) == ({x6, x7}, (0.803308, 0.0244952, 0.171885, 0.00031242))
({x6, x8}, (0.803308, 0.0244952, 0.171885, 0.00031242)) == ({x6, x8}, (0.803308, 0.0244952, 0.171885, 0.00031242))
({x6, x9}, (0.955767, 0.00589618, 0.00919233, 0.0291442)) == ({x6, x9}, (0.955767, 0.00589618, 0.00919233, 0.0291442))
({x7, x8}, (0.823743, 2.60594e-08, 1.03623e-07, 0.176257)) == ({x7, x8}, (0.823743, 2.60594e-08, 1.03623e-07, 0.176257))
({x7, x9}, (0.797396, 0.17062, 0.024315, 0.00766915)) == ({x7, x9}, (0.797396, 0.17062, 0.024315, 0.00766915))
({x8, x9}, (0.797396, 0.17062, 0.024315, 0.00766915)) == ({x8, x9}, (0.797396, 0.17062, 0.024315, 0.00766915))
Exact MAP state (log score = 54.5274):
x0: 1
x1: 1
x2: 1
x3: 1
x4: 1
x5: 0
x6: 0
x7: 0
x8: 0
x9: 0
