Builtin inference algorithms: {BP, EXACT, FBP, JTREE, TRWBP}

Exact variable marginals:
({x0}, (0.998399, 0.00160068))
({x1}, (0.998399, 0.00160065))
({x2}, (0.0016136, 0.998386))
({x3}, (0.998399, 0.00160065))
({x4}, (0.059122, 0.940878))
({x5}, (0.998394, 0.00160636))
({x6}, (0.0016048, 0.998395))
({x7}, (0.998399, 0.00160065))
({x8}, (0.918899, 0.0811008))
({x9}, (0.998399, 0.00160065))
Exact factor marginals:
({x0}, (0.998399, 0.00160068))
({x1}, (0.998399, 0.00160065))
({x2}, (0.0016136, 0.998386))
({x3}, (0.998399, 0.00160065))
({x4}, (0.059122, 0.940878))
({x5}, (0.998394, 0.00160636))
({x6}, (0.0016048, 0.998395))
({x7}, (0.998399, 0.00160065))
({x8}, (0.918899, 0.0811008))
({x9}, (0.998399, 0.00160065))
({x0, x1}, (0.998399, 3.34174e-08, 3.38339e-09, 0.00160065))
({x0, x2}, (1.30276e-05, 0.00160057, 0.998386, 1.12381e-07))
({x0, x3}, (0.998399, 3.34842e-08, 3.44993e-09, 0.00160065))
({x0, x4}, (0.0578504, 0.00127158, 0.940549, 0.0003291))
({x0, x5}, (0.998393, 6.48498e-07, 6.3291e-06, 0.00160003))
({x0, x6}, (4.30009e-06, 0.0016005, 0.998395, 1.82596e-07))
({x0, x7}, (0.998399, 3.34172e-08, 3.12294e-09, 0.00160065))
({x0, x8}, (0.918162, 0.000737344, 0.0802375, 0.000863339))
({x0, x9}, (0.998399, 3.34172e-08, 3.12295e-09, 0.00160065))
({x1, x2}, (1.30588e-05, 0.00160054, 0.998386, 1.13526e-07))
({x1, x3}, (0.998399, 3.38206e-10, 3.37962e-10, 0.00160065))
({x1, x4}, (0.0578504, 0.00127159, 0.940549, 0.000329066))
({x1, x5}, (0.998393, 6.15346e-07, 6.32598e-06, 0.00160004))
({x1, x6}, (4.29698e-06, 0.0016005, 0.998395, 1.4945e-07))
({x1, x7}, (0.998399, 2.7121e-10, 1.09817e-11, 0.00160065))
({x1, x8}, (0.918162, 0.000737311, 0.0802375, 0.000863342))
({x1, x9}, (0.998399, 2.71193e-10, 1.09702e-11, 0.00160065))
({x2, x3}, (1.30589e-05, 0.998386, 0.00160054, 1.13592e-07))
({x2, x4}, (0.00127147, 0.0578505, 0.000342125, 0.940536))
({x2, x5}, (1.36739e-05, 0.99838, 0.00159992, 6.43924e-06))
({x2, x6}, (0.00160243, 2.37492e-06, 1.11727e-05, 0.998384))
({x2, x7}, (1.30588e-05, 0.998386, 0.00160054, 1.13265e-07))
({x2, x8}, (0.00075037, 0.918149, 0.000863229, 0.0802376))
({x2, x9}, (1.30588e-05, 0.998386, 0.00160054, 1.13265e-07))
({x3, x4}, (0.0578504, 0.00127159, 0.940549, 0.000329066))
({x3, x5}, (0.998393, 6.15407e-07, 6.32604e-06, 0.00160004))
({x3, x6}, (4.29703e-06, 0.0016005, 0.998395, 1.49506e-07))
({x3, x7}, (0.998399, 3.27e-10, 6.70159e-11, 0.00160065))
({x3, x8}, (0.918162, 0.000737311, 0.0802375, 0.000863342))
({x3, x9}, (0.998399, 3.26993e-10, 6.70135e-11, 0.00160065))
({x4, x5}, (0.057851, 0.940543, 0.00127098, 0.000335384))
({x4, x6}, (0.00127144, 0.000333363, 0.0578505, 0.940545))
({x4, x7}, (0.0578504, 0.940549, 0.00127159, 0.000329066))
({x4, x8}, (0.000409656, 0.918489, 0.0587123, 0.0223886))
({x4, x9}, (0.0578504, 0.940549, 0.00127159, 0.000329066))
({x5, x6}, (4.91185e-06, 0.00159989, 0.998389, 6.47496e-06))
({x5, x7}, (0.998393, 6.32598e-06, 6.1508e-07, 0.00160004))
({x5, x8}, (0.918162, 0.000736764, 0.0802312, 0.000869599))
({x5, x9}, (0.998393, 6.32598e-06, 6.1508e-07, 0.00160004))
({x6, x7}, (4.29697e-06, 0.998395, 0.0016005, 1.49179e-07))
({x6, x8}, (0.000741608, 0.918158, 0.000863193, 0.0802377))
({x6, x9}, (4.29697e-06, 0.998395, 0.0016005, 1.49179e-07))
({x7, x8}, (0.918162, 0.000737311, 0.0802375, 0.000863342))
({x7, x9}, (0.998399, 1.16102e-14, 1.68871e-14, 0.00160065))
({x8, x9}, (0.918162, 0.0802375, 0.000737311, 0.000863342))
Exact log partition sum: 37.9743
Exact MAP variable marginals:
({x0}, (0.999061, 0.00093924))
({x1}, (0.999061, 0.00093924))
({x2}, (0.00093924, 0.999061))
({x3}, (0.999061, 0.00093924))
({x4}, (0.0592718, 0.940728))
({x5}, (0.999061, 0.00093924))
({x6}, (0.00093924, 0.999061))
({x7}, (0.999061, 0.00093924))
({x8}, (0.940728, 0.0592718))
({x9}, (0.999061, 0.00093924))
Exact MAP factor marginals:
({x0}, (0.999061, 0.00093924)) == ({x0}, (0.999061, 0.00093924))
({x1}, (0.999061, 0.00093924)) == ({x1}, (0.999061, 0.00093924))
({x2}, (0.00093924, 0.999061)) == ({x2}, (0.00093924, 0.999061))
({x3}, (0.999061, 0.00093924)) == ({x3}, (0.999061, 0.00093924))
({x4}, (0.0592718, 0.940728)) == ({x4}, (0.0592718, 0.940728))
({x5}, (0.999061, 0.00093924)) == ({x5}, (0.999061, 0.00093924))
({x6}, (0.00093924, 0.999061)) == ({x6}, (0.00093924, 0.999061))
({x7}, (0.999061, 0.00093924)) == ({x7}, (0.999061, 0.00093924))
({x8}, (0.940728, 0.0592718)) == ({x8}, (0.940728, 0.0592718))
({x9}, (0.999061, 0.00093924)) == ({x9}, (0.999061, 0.00093924))
({x0, x1}, (0.999061, 3.41269e-08, 3.18541e-09, 0.00093924)) == ({x0, x1}, (0.999061, 3.41269e-08, 3.18541e-09, 0.00093924))
({x0, x2}, (1.20595e-05, 0.000939229, 0.999049, 9.87458e-08)) == ({x0, x2}, (1.20595e-05, 0.000939229, 0.999049, 9.87458e-08))
({x0, x3}, (0.999061, 3.41269e-08, 3.18541e-09, 0.00093924)) == ({x0, x3}, (0.999061, 3.41269e-08, 3.18541e-09, 0.00093924))
({x0, x4}, (0.0591995, 0.000883321, 0.93958, 0.000336748)) == ({x0, x4}, (0.0591995, 0.000883321, 0.93958, 0.000336748))
({x0, x5}, (0.999053, 6.6862e-07, 6.80085e-06, 0.000939233)) == ({x0, x5}, (0.999053, 6.6862e-07, 6.80085e-06, 0.000939233))
({x0, x6}, (2.55953e-06, 0.000939238, 0.999058, 9.87467e-08)) == ({x0, x6}, (2.55953e-06, 0.000939238, 0.999058, 9.87467e-08))
({x0, x7}, (0.999061, 3.41269e-08, 3.18541e-09, 0.00093924)) == ({x0, x7}, (0.999061, 3.41269e-08, 3.18541e-09, 0.00093924))
({x0, x8}, (0.939505, 0.000417113, 0.0591948, 0.00088325)) == ({x0, x8}, (0.939505, 0.000417113, 0.0591948, 0.00088325))
({x0, x9}, (0.999061, 3.41269e-08, 3.18541e-09, 0.00093924)) == ({x0, x9}, (0.999061, 3.41269e-08, 3.18541e-09, 0.00093924))
({x1, x2}, (1.20595e-05, 0.000939229, 0.999049, 9.87458e-08)) == ({x1, x2}, (1.20595e-05, 0.000939229, 0.999049, 9.87458e-08))
({x1, x3}, (0.999061, 2.81269e-10, 3.55794e-10, 0.00093924)) == ({x1, x3}, (0.999061, 2.81269e-10, 3.55794e-10, 0.00093924))
({x1, x4}, (0.0591995, 0.000883321, 0.93958, 0.000336748)) == ({x1, x4}, (0.0591995, 0.000883321, 0.93958, 0.000336748))
({x1, x5}, (0.999053, 6.6862e-07, 6.80085e-06, 0.000939233)) == ({x1, x5}, (0.999053, 6.6862e-07, 6.80085e-06, 0.000939233))
({x1, x6}, (2.55953e-06, 0.000939238, 0.999058, 9.87467e-08)) == ({x1, x6}, (2.55953e-06, 0.000939238, 0.999058, 9.87467e-08))
({x1, x7}, (0.999061, 2.81269e-10, 7.54814e-12, 0.00093924)) == ({x1, x7}, (0.999061, 2.81269e-10, 7.54814e-12, 0.00093924))
({x1, x8}, (0.939505, 0.000417113, 0.0591948, 0.00088325)) == ({x1, x8}, (0.939505, 0.000417113, 0.0591948, 0.00088325))
({x1, x9}, (0.999061, 2.81269e-10, 7.54814e-12, 0.00093924)) == ({x1, x9}, (0.999061, 2.81269e-10, 7.54814e-12, 0.00093924))
({x2, x3}, (1.20595e-05, 0.999049, 0.000939229, 9.87458e-08)) == ({x2, x3}, (1.20595e-05, 0.999049, 0.000939229, 9.87458e-08))
({x2, x4}, (0.000883321, 0.0591995, 0.000336748, 0.93958)) == ({x2, x4}, (0.000883321, 0.0591995, 0.000336748, 0.93958))
({x2, x5}, (1.20594e-05, 0.999042, 0.000939223, 6.80077e-06)) == ({x2, x5}, (1.20594e-05, 0.999042, 0.000939223, 6.80077e-06))
({x2, x6}, (0.000939227, 2.5595e-06, 1.20594e-05, 0.999046)) == ({x2, x6}, (0.000939227, 2.5595e-06, 1.20594e-05, 0.999046))
({x2, x7}, (1.20595e-05, 0.999049, 0.000939229, 9.87458e-08)) == ({x2, x7}, (1.20595e-05, 0.999049, 0.000939229, 9.87458e-08))
({x2, x8}, (0.000417113, 0.939505, 0.00088325, 0.0591948)) == ({x2, x8}, (0.000417113, 0.939505, 0.00088325, 0.0591948))
({x2, x9}, (1.20595e-05, 0.999049, 0.000939229, 9.87458e-08)) == ({x2, x9}, (1.20595e-05, 0.999049, 0.000939229, 9.87458e-08))
({x3, x4}, (0.0591995, 0.000883321, 0.93958, 0.000336748)) == ({x3, x4}, (0.0591995, 0.000883321, 0.93958, 0.000336748))
({x3, x5}, (0.999053, 6.6862e-07, 6.80085e-06, 0.000939233)) == ({x3, x5}, (0.999053, 6.6862e-07, 6.80085e-06, 0.000939233))
({x3, x6}, (2.55953e-06, 0.000939238, 0.999058, 9.87467e-08)) == ({x3, x6}, (2.55953e-06, 0.000939238, 0.999058, 9.87467e-08))
({x3, x7}, (0.999061, 3.55794e-10, 7.28297e-11, 0.00093924)) == ({x3, x7}, (0.999061, 3.55794e-10, 7.28297e-11, 0.00093924))
({x3, x8}, (0.939505, 0.000417113, 0.0591948, 0.00088325)) == ({x3, x8}, (0.939505, 0.000417113, 0.0591948, 0.00088325))
({x3, x9}, (0.999061, 3.55794e-10, 7.28297e-11, 0.00093924)) == ({x3, x9}, (0.999061, 3.55794e-10, 7.28297e-11, 0.00093924))
({x4, x5}, (0.0591995, 0.93958, 0.000883321, 0.000336748)) == ({x4, x5}, (0.0591995, 0.93958, 0.000883321, 0.000336748))
({x4, x6}, (0.000883321, 0.000336748, 0.0591995, 0.93958)) == ({x4, x6}, (0.000883321, 0.000336748, 0.0591995, 0.93958))
({x4, x7}, (0.0591995, 0.93958, 0.000883321, 0.000336748)) == ({x4, x7}, (0.0591995, 0.93958, 0.000883321, 0.000336748))
({x4, x8}, (0.000408127, 0.919263, 0.0579194, 0.0224096)) == ({x4, x8}, (0.000408127, 0.919263, 0.0579194, 0.0224096))
({x4, x9}, (0.0591995, 0.93958, 0.000883321, 0.000336748)) == ({x4, x9}, (0.0591995, 0.93958, 0.000883321, 0.000336748))
({x5, x6}, (2.55952e-06, 0.000939231, 0.999051, 6.80084e-06)) == ({x5, x6}, (2.55952e-06, 0.000939231, 0.999051, 6.80084e-06))
({x5, x7}, (0.999053, 6.80085e-06, 6.6862e-07, 0.000939233)) == ({x5, x7}, (0.999053, 6.80085e-06, 6.6862e-07, 0.000939233))
({x5, x8}, (0.939505, 0.000417113, 0.0591948, 0.00088325)) == ({x5, x8}, (0.939505, 0.000417113, 0.0591948, 0.00088325))
({x5, x9}, (0.999053, 6.80085e-06, 6.6862e-07, 0.000939233)) == ({x5, x9}, (0.999053, 6.80085e-06, 6.6862e-07, 0.000939233))
({x6, x7}, (2.55953e-06, 0.999058, 0.000939238, 9.87467e-08)) == ({x6, x7}, (2.55953e-06, 0.999058, 0.000939238, 9.87467e-08))
({x6, x8}, (0.000417113, 0.939505, 0.00088325, 0.0591948)) == ({x6, x8}, (0.000417113, 0.939505, 0.00088325, 0.0591948))
({x6, x9}, (2.55953e-06, 0.999058, 0.000939238, 9.87467e-08)) == ({x6, x9}, (2.55953e-06, 0.999058, 0.000939238, 9.87467e-08))
({x7, x8}, (0.939505, 0.000417113, 0.0591948, 0.00088325)) == ({x7, x8}, (0.939505, 0.000417113, 0.0591948, 0.00088325))
({x7, x9}, (0.999061, 6.98599e-15, 9.66241e-15, 0.00093924)) == ({x7, x9}, (0.999061, 6.98599e-15, 9.66241e-15, 0.00093924))
({x8, x9}, (0.939505, 0.0591948, 0.000417113, 0.00088325)) == ({x8, x9}, (0.939505, 0.0591948, 0.000417113, 0.00088325))
Exact MAP state (log score = 37.8889):
x0: 0
x1: 0
x2: 1
x3: 0
x4: 1
x5: 0
x6: 1
x7: 0
x8: 0
x9: 0
