Builtin inference algorithms: {BP, EXACT, FBP, JTREE, TRWBP}

Exact variable marginals:
({x0}, (0.0401961, 0.959804))
({x1}, (0.959745, 0.0402546))
({x2}, (0.959792, 0.040208))
({x3}, (0.959551, 0.0404491))
({x4}, (0.959849, 0.0401508))
({x5}, (0.959816, 0.0401839))
({x6}, (0.0402658, 0.959734))
({x7}, (0.959532, 0.0404683))
({x8}, (0.959856, 0.0401438))
({x9}, (0.959792, 0.0402085))
Exact factor marginals:
({x0}, (0.0401961, 0.959804))
({x1}, (0.959745, 0.0402546))
({x2}, (0.959792, 0.040208))
({x3}, (0.959551, 0.0404491))
({x4}, (0.959849, 0.0401508))
({x5}, (0.959816, 0.0401839))
({x6}, (0.0402658, 0.959734))
({x7}, (0.959532, 0.0404683))
({x8}, (0.959856, 0.0401438))
({x9}, (0.959792, 0.0402085))
({x0, x1}, (2.31867e-05, 0.959722, 0.0401729, 8.16816e-05))
({x0, x2}, (2.25875e-06, 0.95979, 0.0401938, 1.42091e-05))
({x0, x3}, (2.67368e-05, 0.959524, 0.0401693, 0.000279721))
({x0, x4}, (0.000123225, 0.959726, 0.0400728, 7.79314e-05))
({x0, x5}, (4.23589e-05, 0.959774, 0.0401537, 3.01876e-05))
({x0, x6}, (0.0401718, 9.40879e-05, 2.4321e-05, 0.95971))
({x0, x7}, (2.59047e-05, 0.959506, 0.0401702, 0.000298139))
({x0, x8}, (8.97899e-05, 0.959766, 0.0401063, 3.75132e-05))
({x0, x9}, (1.63085e-06, 0.95979, 0.0401944, 1.40556e-05))
({x1, x2}, (0.959708, 8.38934e-05, 3.73488e-05, 0.0401707))
({x1, x3}, (0.959547, 3.72269e-06, 0.000198212, 0.0402508))
({x1, x4}, (0.959644, 0.000204859, 0.000101071, 0.0400497))
({x1, x5}, (0.959692, 0.000123993, 5.33271e-05, 0.0401306))
({x1, x6}, (1.25989e-05, 0.0402532, 0.959733, 1.32693e-06))
({x1, x7}, (0.959529, 2.80201e-06, 0.000216541, 0.0402518))
({x1, x8}, (0.959685, 0.00017145, 6.06778e-05, 0.0400831))
({x1, x9}, (0.959708, 8.32858e-05, 3.72156e-05, 0.0401713))
({x2, x3}, (0.959526, 2.52473e-05, 0.000266282, 0.0401828))
({x2, x4}, (0.959728, 0.000120966, 6.37224e-05, 0.0400871))
({x2, x5}, (0.959776, 4.0101e-05, 1.59794e-05, 0.0401679))
({x2, x6}, (9.63462e-05, 0.0401695, 0.959696, 3.85297e-05))
({x2, x7}, (0.959492, 4.01137e-05, 0.000300398, 0.0401679))
({x2, x8}, (0.959769, 8.75578e-05, 2.33306e-05, 0.0401205))
({x2, x9}, (0.959791, 1.55001e-07, 6.29341e-07, 0.0402079))
({x3, x4}, (0.959462, 0.000387248, 8.89696e-05, 0.0400618))
({x3, x5}, (0.95951, 0.000306382, 4.12259e-05, 0.0401427))
({x3, x6}, (2.41633e-06, 0.0402634, 0.959549, 0.000185634))
({x3, x7}, (0.959517, 1.48687e-05, 3.41183e-05, 0.0404342))
({x3, x8}, (0.959502, 0.000353835, 4.85737e-05, 0.0400952))
({x3, x9}, (0.959526, 0.000265675, 2.51148e-05, 0.0401834))
({x4, x5}, (0.959768, 4.77438e-05, 8.0866e-05, 0.040103))
({x4, x6}, (0.000217312, 0.0400485, 0.959632, 0.000102252))
({x4, x7}, (0.959428, 0.000103836, 0.000421364, 0.0400469))
({x4, x8}, (0.959813, 4.36664e-05, 3.66832e-05, 0.0401071))
({x4, x9}, (0.959728, 6.38774e-05, 0.000121596, 0.0400869))
({x5, x6}, (0.000136446, 0.0401294, 0.95968, 5.45083e-05))
({x5, x7}, (0.959476, 5.60923e-05, 0.000340498, 0.0401278))
({x5, x8}, (0.959809, 4.74711e-05, 7.36554e-06, 0.0401364))
({x5, x9}, (0.959775, 1.61336e-05, 4.07296e-05, 0.0401678))
({x6, x7}, (1.58401e-06, 0.95953, 0.0402643, 0.000204051))
({x6, x8}, (0.000183878, 0.959672, 0.040082, 6.18341e-05))
({x6, x9}, (9.57169e-05, 0.959696, 0.0401701, 3.83747e-05))
({x7, x8}, (0.959468, 0.000387929, 6.34178e-05, 0.0400804))
({x7, x9}, (0.959492, 0.000299768, 3.99587e-05, 0.0401685))
({x8, x9}, (0.959768, 2.34856e-05, 8.81871e-05, 0.0401203))
Exact log partition sum: 50.1178
Exact MAP variable marginals:
({x0}, (0.0400671, 0.959933))
({x1}, (0.959933, 0.0400671))
({x2}, (0.959933, 0.0400671))
({x3}, (0.959933, 0.0400671))
({x4}, (0.959933, 0.0400671))
({x5}, (0.959933, 0.0400671))
({x6}, (0.0400671, 0.959933))
({x7}, (0.959933, 0.0400671))
({x8}, (0.959933, 0.0400671))
({x9}, (0.959933, 0.0400671))
Exact MAP factor marginals:
({x0}, (0.0400671, 0.959933)) == ({x0}, (0.0400671, 0.959933))
({x1}, (0.959933, 0.0400671)) == ({x1}, (0.959933, 0.0400671))
({x2}, (0.959933, 0.0400671)) == ({x2}, (0.959933, 0.0400671))
({x3}, (0.959933, 0.0400671)) == ({x3}, (0.959933, 0.0400671))
({x4}, (0.959933, 0.0400671)) == ({x4}, (0.959933, 0.0400671))
({x5}, (0.959933, 0.0400671)) == ({x5}, (0.959933, 0.0400671))
({x6}, (0.0400671, 0.959933)) == ({x6}, (0.0400671, 0.959933))
({x7}, (0.959933, 0.0400671)) == ({x7}, (0.959933, 0.0400671))
({x8}, (0.959933, 0.0400671)) == ({x8}, (0.959933, 0.0400671))
({x9}, (0.959933, 0.0400671)) == ({x9}, (0.959933, 0.0400671))
({x0, x1}, (2.31625e-05, 0.959832, 0.0400629, 8.15553e-05)) == ({x0, x1}, (2.31625e-05, 0.959832, 0.0400629, 8.15553e-05))
({x0, x2}, (1.62836e-06, 0.959918, 0.0400665, 1.40333e-05)) == ({x0, x2}, (1.62836e-06, 0.959918, 0.0400665, 1.40333e-05))
({x0, x3}, (2.31605e-05, 0.959746, 0.0400593, 0.000171629)) == ({x0, x3}, (2.31605e-05, 0.959746, 0.0400593, 0.000171629))
({x0, x4}, (4.6423e-05, 0.959847, 0.0400635, 4.26175e-05)) == ({x0, x4}, (4.6423e-05, 0.959847, 0.0400635, 4.26175e-05))
({x0, x5}, (4.01174e-05, 0.959879, 0.0400648, 1.59752e-05)) == ({x0, x5}, (4.01174e-05, 0.959879, 0.0400648, 1.59752e-05))
({x0, x6}, (0.0400629, 8.15553e-05, 2.31625e-05, 0.959832)) == ({x0, x6}, (0.0400629, 8.15553e-05, 2.31625e-05, 0.959832))
({x0, x7}, (2.31605e-05, 0.959746, 0.0400593, 0.000171629)) == ({x0, x7}, (2.31605e-05, 0.959746, 0.0400593, 0.000171629))
({x0, x8}, (4.64243e-05, 0.959873, 0.0400646, 1.59751e-05)) == ({x0, x8}, (4.64243e-05, 0.959873, 0.0400646, 1.59751e-05))
({x0, x9}, (1.62836e-06, 0.959918, 0.0400665, 1.40333e-05)) == ({x0, x9}, (1.62836e-06, 0.959918, 0.0400665, 1.40333e-05))
({x1, x2}, (0.959832, 8.15553e-05, 2.31625e-05, 0.0400629)) == ({x1, x2}, (0.959832, 8.15553e-05, 2.31625e-05, 0.0400629))
({x1, x3}, (0.959767, 1.62811e-06, 0.000171632, 0.0400601)) == ({x1, x3}, (0.959767, 1.62811e-06, 0.000171632, 0.0400601))
({x1, x4}, (0.959814, 8.15537e-05, 4.26161e-05, 0.0400621)) == ({x1, x4}, (0.959814, 8.15537e-05, 4.26161e-05, 0.0400621))
({x1, x5}, (0.959832, 8.15553e-05, 2.31625e-05, 0.0400629)) == ({x1, x5}, (0.959832, 8.15553e-05, 2.31625e-05, 0.0400629))
({x1, x6}, (1.25718e-05, 0.0400665, 0.95992, 1.16834e-06)) == ({x1, x6}, (1.25718e-05, 0.0400665, 0.95992, 1.16834e-06))
({x1, x7}, (0.959767, 1.16815e-06, 0.000171632, 0.0400602)) == ({x1, x7}, (0.959767, 1.16815e-06, 0.000171632, 0.0400602))
({x1, x8}, (0.959832, 8.15553e-05, 2.31625e-05, 0.0400629)) == ({x1, x8}, (0.959832, 8.15553e-05, 2.31625e-05, 0.0400629))
({x1, x9}, (0.959832, 8.15553e-05, 2.31625e-05, 0.0400629)) == ({x1, x9}, (0.959832, 8.15553e-05, 2.31625e-05, 0.0400629))
({x2, x3}, (0.959746, 2.31605e-05, 0.000171629, 0.0400593)) == ({x2, x3}, (0.959746, 2.31605e-05, 0.000171629, 0.0400593))
({x2, x4}, (0.959847, 4.6423e-05, 4.26175e-05, 0.0400635)) == ({x2, x4}, (0.959847, 4.6423e-05, 4.26175e-05, 0.0400635))
({x2, x5}, (0.959879, 4.01174e-05, 1.59752e-05, 0.0400648)) == ({x2, x5}, (0.959879, 4.01174e-05, 1.59752e-05, 0.0400648))
({x2, x6}, (8.15553e-05, 0.0400629, 0.959832, 2.31625e-05)) == ({x2, x6}, (8.15553e-05, 0.0400629, 0.959832, 2.31625e-05))
({x2, x7}, (0.959746, 2.31605e-05, 0.000171629, 0.0400593)) == ({x2, x7}, (0.959746, 2.31605e-05, 0.000171629, 0.0400593))
({x2, x8}, (0.959873, 4.64243e-05, 1.59751e-05, 0.0400646)) == ({x2, x8}, (0.959873, 4.64243e-05, 1.59751e-05, 0.0400646))
({x2, x9}, (0.959932, 1.40786e-07, 5.97479e-07, 0.0400671)) == ({x2, x9}, (0.959932, 1.40786e-07, 5.97479e-07, 0.0400671))
({x3, x4}, (0.959727, 0.000171625, 4.26122e-05, 0.0400585)) == ({x3, x4}, (0.959727, 0.000171625, 4.26122e-05, 0.0400585))
({x3, x5}, (0.959746, 0.000171629, 2.31605e-05, 0.0400593)) == ({x3, x5}, (0.959746, 0.000171629, 2.31605e-05, 0.0400593))
({x3, x6}, (1.62811e-06, 0.0400601, 0.959767, 0.000171632)) == ({x3, x6}, (1.62811e-06, 0.0400601, 0.959767, 0.000171632))
({x3, x7}, (0.959888, 1.40329e-05, 3.23943e-05, 0.0400652)) == ({x3, x7}, (0.959888, 1.40329e-05, 3.23943e-05, 0.0400652))
({x3, x8}, (0.959746, 0.000171629, 2.31605e-05, 0.0400593)) == ({x3, x8}, (0.959746, 0.000171629, 2.31605e-05, 0.0400593))
({x3, x9}, (0.959746, 0.000171629, 2.31605e-05, 0.0400593)) == ({x3, x9}, (0.959746, 0.000171629, 2.31605e-05, 0.0400593))
({x4, x5}, (0.959847, 4.26175e-05, 4.6423e-05, 0.0400635)) == ({x4, x5}, (0.959847, 4.26175e-05, 4.6423e-05, 0.0400635))
({x4, x6}, (8.15537e-05, 0.0400621, 0.959814, 4.26161e-05)) == ({x4, x6}, (8.15537e-05, 0.0400621, 0.959814, 4.26161e-05))
({x4, x7}, (0.959727, 4.26122e-05, 0.000171625, 0.0400585)) == ({x4, x7}, (0.959727, 4.26122e-05, 0.000171625, 0.0400585))
({x4, x8}, (0.959859, 4.26181e-05, 3.44782e-05, 0.040064)) == ({x4, x8}, (0.959859, 4.26181e-05, 3.44782e-05, 0.040064))
({x4, x9}, (0.959847, 4.26175e-05, 4.6423e-05, 0.0400635)) == ({x4, x9}, (0.959847, 4.26175e-05, 4.6423e-05, 0.0400635))
({x5, x6}, (8.15553e-05, 0.0400629, 0.959832, 2.31625e-05)) == ({x5, x6}, (8.15553e-05, 0.0400629, 0.959832, 2.31625e-05))
({x5, x7}, (0.959746, 2.31605e-05, 0.000171629, 0.0400593)) == ({x5, x7}, (0.959746, 2.31605e-05, 0.000171629, 0.0400593))
({x5, x8}, (0.959883, 4.64248e-05, 5.14735e-06, 0.040065)) == ({x5, x8}, (0.959883, 4.64248e-05, 5.14735e-06, 0.040065))
({x5, x9}, (0.959879, 1.59752e-05, 4.01174e-05, 0.0400648)) == ({x5, x9}, (0.959879, 1.59752e-05, 4.01174e-05, 0.0400648))
({x6, x7}, (7.98431e-07, 0.959767, 0.0400602, 0.000171632)) == ({x6, x7}, (7.98431e-07, 0.959767, 0.0400602, 0.000171632))
({x6, x8}, (8.15553e-05, 0.959832, 0.0400629, 2.31625e-05)) == ({x6, x8}, (8.15553e-05, 0.959832, 0.0400629, 2.31625e-05))
({x6, x9}, (8.15553e-05, 0.959832, 0.0400629, 2.31625e-05)) == ({x6, x9}, (8.15553e-05, 0.959832, 0.0400629, 2.31625e-05))
({x7, x8}, (0.959746, 0.000171629, 2.31605e-05, 0.0400593)) == ({x7, x8}, (0.959746, 0.000171629, 2.31605e-05, 0.0400593))
({x7, x9}, (0.959746, 0.000171629, 2.31605e-05, 0.0400593)) == ({x7, x9}, (0.959746, 0.000171629, 2.31605e-05, 0.0400593))
({x8, x9}, (0.959873, 1.59751e-05, 4.64243e-05, 0.0400646)) == ({x8, x9}, (0.959873, 1.59751e-05, 4.64243e-05, 0.0400646))
Exact MAP state (log score = 50.0764):
x0: 1
x1: 0
x2: 0
x3: 0
x4: 0
x5: 0
x6: 1
x7: 0
x8: 0
x9: 0
