Builtin inference algorithms: {BP, EXACT, FBP, JTREE, TRWBP}

Exact variable marginals:
({x0}, (0.827646, 0.172354))
({x1}, (0.172354, 0.827646))
({x2}, (0.646215, 0.353785))
({x3}, (0.175185, 0.824815))
({x4}, (0.827646, 0.172354))
({x5}, (0.827646, 0.172354))
({x6}, (0.827556, 0.172444))
({x7}, (0.17244, 0.82756))
({x8}, (0.827646, 0.172354))
({x9}, (0.172444, 0.827556))
Exact factor marginals:
({x0}, (0.827646, 0.172354))
({x1}, (0.172354, 0.827646))
({x2}, (0.646215, 0.353785))
({x3}, (0.175185, 0.824815))
({x4}, (0.827646, 0.172354))
({x5}, (0.827646, 0.172354))
({x6}, (0.827556, 0.172444))
({x7}, (0.17244, 0.82756))
({x8}, (0.827646, 0.172354))
({x9}, (0.172444, 0.827556))
({x0, x1}, (1.01565e-07, 0.172354, 0.827646, 5.76825e-08))
({x0, x2}, (0.62863, 0.0175847, 0.199016, 0.154769))
({x0, x3}, (0.0030493, 0.172136, 0.824597, 0.000218636))
({x0, x4}, (0.827646, 6.30984e-08, 2.37827e-07, 0.172354))
({x0, x5}, (0.827646, 3.25356e-08, 2.25754e-07, 0.172354))
({x0, x6}, (0.827458, 9.78655e-05, 0.000187496, 0.172256))
({x0, x7}, (0.000116597, 0.172324, 0.827529, 3.05372e-05))
({x0, x8}, (0.827645, 5.87466e-07, 7.25664e-07, 0.172354))
({x0, x9}, (0.00018517, 0.172258, 0.827461, 9.57785e-05))
({x1, x2}, (0.0175848, 0.62863, 0.154769, 0.199016))
({x1, x3}, (0.172136, 0.00304921, 0.000218595, 0.824597))
({x1, x4}, (1.41858e-08, 0.827646, 0.172354, 1.45031e-07))
({x1, x5}, (1.34075e-07, 0.827645, 0.172354, 2.8341e-07))
({x1, x6}, (9.79671e-05, 0.827458, 0.172256, 0.000187554))
({x1, x7}, (0.172324, 0.000116655, 3.06387e-05, 0.827529))
({x1, x8}, (5.32592e-07, 0.827645, 0.172354, 6.26908e-07))
({x1, x9}, (0.172258, 0.000185227, 9.588e-05, 0.827461))
({x2, x3}, (0.0206334, 0.154551, 0.625581, 0.199234))
({x2, x4}, (0.62863, 0.199016, 0.0175848, 0.15477))
({x2, x5}, (0.62863, 0.199016, 0.0175846, 0.15477))
({x2, x6}, (0.628728, 0.198828, 0.0174869, 0.154957))
({x2, x7}, (0.0175541, 0.154886, 0.628661, 0.198899))
({x2, x8}, (0.62863, 0.199015, 0.0175842, 0.15477))
({x2, x9}, (0.0174889, 0.154955, 0.628726, 0.198831))
({x3, x4}, (0.0030492, 0.824596, 0.172136, 0.000218715))
({x3, x5}, (0.00304932, 0.824596, 0.172136, 0.000218851))
({x3, x6}, (0.00314649, 0.82441, 0.172038, 0.000405457))
({x3, x7}, (0.172105, 0.000335233, 0.00307984, 0.82448))
({x3, x8}, (0.00304919, 0.824596, 0.172136, 0.000218661))
({x3, x9}, (0.17204, 0.000403806, 0.00314508, 0.824411))
({x4, x5}, (0.827645, 2.59207e-07, 2.77697e-07, 0.172354))
({x4, x6}, (0.827458, 9.81027e-05, 0.000187558, 0.172256))
({x4, x7}, (0.00011666, 0.172324, 0.827529, 3.0775e-05))
({x4, x8}, (0.827645, 5.24624e-07, 4.88094e-07, 0.172354))
({x4, x9}, (0.000185233, 0.172258, 0.82746, 9.60163e-05))
({x5, x6}, (0.827458, 9.78435e-05, 0.000187281, 0.172257))
({x5, x7}, (0.000116622, 0.172324, 0.827529, 3.07554e-05))
({x5, x8}, (0.827645, 8.02011e-07, 7.46991e-07, 0.172354))
({x5, x9}, (0.000184955, 0.172259, 0.827461, 9.57571e-05))
({x6, x7}, (6.73284e-05, 0.172373, 0.827489, 7.08988e-05))
({x6, x8}, (0.827459, 0.000187139, 9.76466e-05, 0.172257))
({x6, x9}, (2.21099e-06, 0.172441, 0.827554, 2.45015e-06))
({x7, x8}, (0.000117185, 0.827528, 0.172323, 3.12628e-05))
({x7, x9}, (0.172375, 6.85726e-05, 6.52413e-05, 0.827491))
({x8, x9}, (0.000185757, 0.172258, 0.82746, 9.65041e-05))
Exact log partition sum: 51.5646
Exact MAP variable marginals:
({x0}, (0.801891, 0.198109))
({x1}, (0.198109, 0.801891))
({x2}, (0.758824, 0.241176))
({x3}, (0.198109, 0.801891))
({x4}, (0.801891, 0.198109))
({x5}, (0.801891, 0.198109))
({x6}, (0.801891, 0.198109))
({x7}, (0.198109, 0.801891))
({x8}, (0.801891, 0.198109))
({x9}, (0.198109, 0.801891))
Exact MAP factor marginals:
({x0}, (0.801891, 0.198109)) == ({x0}, (0.801891, 0.198109))
({x1}, (0.198109, 0.801891)) == ({x1}, (0.198109, 0.801891))
({x2}, (0.758824, 0.241176)) == ({x2}, (0.758824, 0.241176))
({x3}, (0.198109, 0.801891)) == ({x3}, (0.198109, 0.801891))
({x4}, (0.801891, 0.198109)) == ({x4}, (0.801891, 0.198109))
({x5}, (0.801891, 0.198109)) == ({x5}, (0.801891, 0.198109))
({x6}, (0.801891, 0.198109)) == ({x6}, (0.801891, 0.198109))
({x7}, (0.198109, 0.801891)) == ({x7}, (0.198109, 0.801891))
({x8}, (0.801891, 0.198109)) == ({x8}, (0.801891, 0.198109))
({x9}, (0.198109, 0.801891)) == ({x9}, (0.198109, 0.801891))
({x0, x1}, (1.19497e-07, 0.198109, 0.801891, 6.12678e-08)) == ({x0, x1}, (1.19497e-07, 0.198109, 0.801891, 6.12678e-08))
({x0, x2}, (0.627812, 0.0175492, 0.199537, 0.155102)) == ({x0, x2}, (0.627812, 0.0175492, 0.199537, 0.155102))
({x0, x3}, (0.0038917, 0.197283, 0.798547, 0.000278674)) == ({x0, x3}, (0.0038917, 0.197283, 0.798547, 0.000278674))
({x0, x4}, (0.801891, 6.12678e-08, 1.56436e-07, 0.198109)) == ({x0, x4}, (0.801891, 6.12678e-08, 1.56436e-07, 0.198109))
({x0, x5}, (0.801891, 4.1211e-08, 2.65816e-07, 0.198109)) == ({x0, x5}, (0.801891, 4.1211e-08, 2.65816e-07, 0.198109))
({x0, x6}, (0.801704, 8.35528e-05, 0.000149414, 0.198063)) == ({x0, x6}, (0.801704, 8.35528e-05, 0.000149414, 0.198063))
({x0, x7}, (0.000149421, 0.198071, 0.80174, 3.91358e-05)) == ({x0, x7}, (0.000149421, 0.198071, 0.80174, 3.91358e-05))
({x0, x8}, (0.801891, 3.64835e-07, 4.07729e-07, 0.198109)) == ({x0, x8}, (0.801891, 3.64835e-07, 4.07729e-07, 0.198109))
({x0, x9}, (0.000149414, 0.198063, 0.801704, 8.35528e-05)) == ({x0, x9}, (0.000149414, 0.198063, 0.801704, 8.35528e-05))
({x1, x2}, (0.0175492, 0.627812, 0.155102, 0.199537)) == ({x1, x2}, (0.0175492, 0.627812, 0.155102, 0.199537))
({x1, x3}, (0.197283, 0.0038917, 0.000278674, 0.798547)) == ({x1, x3}, (0.197283, 0.0038917, 0.000278674, 0.798547))
({x1, x4}, (1.36836e-08, 0.801891, 0.198109, 1.56436e-07)) == ({x1, x4}, (1.36836e-08, 0.801891, 0.198109, 1.56436e-07))
({x1, x5}, (1.19497e-07, 0.801891, 0.198109, 2.65816e-07)) == ({x1, x5}, (1.19497e-07, 0.801891, 0.198109, 2.65816e-07))
({x1, x6}, (8.35528e-05, 0.801704, 0.198063, 0.000149414)) == ({x1, x6}, (8.35528e-05, 0.801704, 0.198063, 0.000149414))
({x1, x7}, (0.198071, 0.000149421, 3.91358e-05, 0.80174)) == ({x1, x7}, (0.198071, 0.000149421, 3.91358e-05, 0.80174))
({x1, x8}, (3.64835e-07, 0.801891, 0.198109, 4.07729e-07)) == ({x1, x8}, (3.64835e-07, 0.801891, 0.198109, 4.07729e-07))
({x1, x9}, (0.198063, 0.000149414, 8.35528e-05, 0.801704)) == ({x1, x9}, (0.198063, 0.000149414, 8.35528e-05, 0.801704))
({x2, x3}, (0.0175492, 0.155102, 0.627812, 0.199537)) == ({x2, x3}, (0.0175492, 0.155102, 0.627812, 0.199537))
({x2, x4}, (0.627812, 0.199537, 0.0175492, 0.155102)) == ({x2, x4}, (0.627812, 0.199537, 0.0175492, 0.155102))
({x2, x5}, (0.627812, 0.199537, 0.0175492, 0.155102)) == ({x2, x5}, (0.627812, 0.199537, 0.0175492, 0.155102))
({x2, x6}, (0.627812, 0.199537, 0.0175492, 0.155102)) == ({x2, x6}, (0.627812, 0.199537, 0.0175492, 0.155102))
({x2, x7}, (0.0175492, 0.155102, 0.627812, 0.199537)) == ({x2, x7}, (0.0175492, 0.155102, 0.627812, 0.199537))
({x2, x8}, (0.627812, 0.199537, 0.0175492, 0.155102)) == ({x2, x8}, (0.627812, 0.199537, 0.0175492, 0.155102))
({x2, x9}, (0.0175492, 0.155102, 0.627812, 0.199537)) == ({x2, x9}, (0.0175492, 0.155102, 0.627812, 0.199537))
({x3, x4}, (0.0038917, 0.798547, 0.197283, 0.000278674)) == ({x3, x4}, (0.0038917, 0.798547, 0.197283, 0.000278674))
({x3, x5}, (0.0038917, 0.798547, 0.197283, 0.000278674)) == ({x3, x5}, (0.0038917, 0.798547, 0.197283, 0.000278674))
({x3, x6}, (0.0038917, 0.798547, 0.197283, 0.000278674)) == ({x3, x6}, (0.0038917, 0.798547, 0.197283, 0.000278674))
({x3, x7}, (0.197283, 0.000278674, 0.0038917, 0.798547)) == ({x3, x7}, (0.197283, 0.000278674, 0.0038917, 0.798547))
({x3, x8}, (0.0038917, 0.798547, 0.197283, 0.000278674)) == ({x3, x8}, (0.0038917, 0.798547, 0.197283, 0.000278674))
({x3, x9}, (0.197283, 0.000278674, 0.0038917, 0.798547)) == ({x3, x9}, (0.197283, 0.000278674, 0.0038917, 0.798547))
({x4, x5}, (0.801891, 1.56436e-07, 2.65816e-07, 0.198109)) == ({x4, x5}, (0.801891, 1.56436e-07, 2.65816e-07, 0.198109))
({x4, x6}, (0.801704, 8.35528e-05, 0.000149414, 0.198063)) == ({x4, x6}, (0.801704, 8.35528e-05, 0.000149414, 0.198063))
({x4, x7}, (0.000149421, 0.198071, 0.80174, 3.91358e-05)) == ({x4, x7}, (0.000149421, 0.198071, 0.80174, 3.91358e-05))
({x4, x8}, (0.801891, 3.64835e-07, 4.07729e-07, 0.198109)) == ({x4, x8}, (0.801891, 3.64835e-07, 4.07729e-07, 0.198109))
({x4, x9}, (0.000149414, 0.198063, 0.801704, 8.35528e-05)) == ({x4, x9}, (0.000149414, 0.198063, 0.801704, 8.35528e-05))
({x5, x6}, (0.801704, 8.35528e-05, 0.000149414, 0.198063)) == ({x5, x6}, (0.801704, 8.35528e-05, 0.000149414, 0.198063))
({x5, x7}, (0.000149421, 0.198071, 0.80174, 3.91358e-05)) == ({x5, x7}, (0.000149421, 0.198071, 0.80174, 3.91358e-05))
({x5, x8}, (0.801891, 3.64835e-07, 4.07729e-07, 0.198109)) == ({x5, x8}, (0.801891, 3.64835e-07, 4.07729e-07, 0.198109))
({x5, x9}, (0.000149414, 0.198063, 0.801704, 8.35528e-05)) == ({x5, x9}, (0.000149414, 0.198063, 0.801704, 8.35528e-05))
({x6, x7}, (8.35579e-05, 0.198075, 0.801754, 8.74741e-05)) == ({x6, x7}, (8.35579e-05, 0.198075, 0.801754, 8.74741e-05))
({x6, x8}, (0.801704, 0.000149414, 8.35528e-05, 0.198063)) == ({x6, x8}, (0.801704, 0.000149414, 8.35528e-05, 0.198063))
({x6, x9}, (1.97438e-06, 0.198108, 0.801888, 2.45781e-06)) == ({x6, x9}, (1.97438e-06, 0.198108, 0.801888, 2.45781e-06))
({x7, x8}, (0.000149421, 0.80174, 0.198071, 3.91358e-05)) == ({x7, x8}, (0.000149421, 0.80174, 0.198071, 3.91358e-05))
({x7, x9}, (0.198075, 8.74741e-05, 8.35579e-05, 0.801754)) == ({x7, x9}, (0.198075, 8.74741e-05, 8.35579e-05, 0.801754))
({x8, x9}, (0.000149414, 0.198063, 0.801704, 8.35528e-05)) == ({x8, x9}, (0.000149414, 0.198063, 0.801704, 8.35528e-05))
Exact MAP state (log score = 51.0955):
x0: 0
x1: 1
x2: 0
x3: 1
x4: 0
x5: 0
x6: 0
x7: 1
x8: 0
x9: 1
