Builtin inference algorithms: {BP, EXACT, FBP, JTREE, TRWBP}

Exact variable marginals:
({x0}, (0.0265836, 0.973416))
({x1}, (0.982996, 0.0170043))
({x2}, (0.0266943, 0.973306))
({x3}, (0.982996, 0.0170042))
({x4}, (0.0169803, 0.98302))
({x5}, (0.973282, 0.0267179))
({x6}, (0.0267178, 0.973282))
({x7}, (0.982996, 0.0170043))
({x8}, (0.982995, 0.0170045))
({x9}, (0.982996, 0.0170043))
Exact factor marginals:
({x0}, (0.0265836, 0.973416))
({x1}, (0.982996, 0.0170043))
({x2}, (0.0266943, 0.973306))
({x3}, (0.982996, 0.0170042))
({x4}, (0.0169803, 0.98302))
({x5}, (0.973282, 0.0267179))
({x6}, (0.0267178, 0.973282))
({x7}, (0.982996, 0.0170043))
({x8}, (0.982995, 0.0170045))
({x9}, (0.982996, 0.0170043))
({x0, x1}, (0.0097828, 0.973213, 0.0168008, 0.000203444))
({x0, x2}, (0.0265162, 0.000178152, 6.74298e-05, 0.973238))
({x0, x3}, (0.00978286, 0.973213, 0.0168008, 0.000203459))
({x0, x4}, (0.0167412, 0.000239122, 0.00984246, 0.973177))
({x0, x5}, (8.32613e-06, 0.973274, 0.0265753, 0.000142603))
({x0, x6}, (0.0265753, 0.000142542, 8.34365e-06, 0.973274))
({x0, x7}, (0.0097828, 0.973213, 0.0168008, 0.000203444))
({x0, x8}, (0.00978253, 0.973213, 0.0168011, 0.000203443))
({x0, x9}, (0.0097828, 0.973213, 0.0168008, 0.000203444))
({x1, x2}, (0.00996054, 0.0167338, 0.973035, 0.000270467))
({x1, x3}, (0.982996, 6.08602e-08, 1.54537e-08, 0.0170042))
({x1, x4}, (3.61122e-05, 0.0169442, 0.98296, 6.00936e-05))
({x1, x5}, (0.973071, 0.000210904, 0.00992454, 0.0167934))
({x1, x6}, (0.00992455, 0.0167933, 0.973071, 0.000210994))
({x1, x7}, (0.982996, 1.00992e-10, 3.84354e-12, 0.0170043))
({x1, x8}, (0.982995, 1.08518e-09, 2.72438e-07, 0.0170043))
({x1, x9}, (0.982996, 7.34628e-11, 3.98848e-10, 0.0170043))
({x2, x3}, (0.00996053, 0.973035, 0.0167338, 0.000270406))
({x2, x4}, (0.0167681, 0.00021217, 0.00992623, 0.973093))
({x2, x5}, (3.60069e-05, 0.973246, 0.0266583, 5.95621e-05))
({x2, x6}, (0.0266583, 5.94725e-05, 3.59958e-05, 0.973246))
({x2, x7}, (0.00996054, 0.973035, 0.0167338, 0.000270466))
({x2, x8}, (0.00996054, 0.973035, 0.0167338, 0.000270736))
({x2, x9}, (0.00996054, 0.973035, 0.0167338, 0.000270467))
({x3, x4}, (3.61353e-05, 0.0169441, 0.98296, 6.00713e-05))
({x3, x5}, (0.973071, 0.000210881, 0.00992456, 0.0167933))
({x3, x6}, (0.00992453, 0.0167933, 0.973071, 0.000210934))
({x3, x7}, (0.982996, 1.54533e-08, 6.07626e-08, 0.0170042))
({x3, x8}, (0.982995, 1.65006e-08, 3.3326e-07, 0.0170042))
({x3, x9}, (0.982996, 1.54134e-08, 6.11453e-08, 0.0170042))
({x4, x5}, (0.000247008, 0.973035, 0.0167333, 0.00998462))
({x4, x6}, (0.0167333, 0.00998454, 0.000247005, 0.973035))
({x4, x7}, (3.61122e-05, 0.98296, 0.0169442, 6.00935e-05))
({x4, x8}, (3.61128e-05, 0.982959, 0.0169442, 6.03655e-05))
({x4, x9}, (3.61122e-05, 0.98296, 0.0169442, 6.00939e-05))
({x5, x6}, (2.07305e-08, 0.0267178, 0.973282, 9.92938e-08))
({x5, x7}, (0.973071, 0.00992454, 0.000210904, 0.0167934))
({x5, x8}, (0.973071, 0.00992453, 0.000211174, 0.0167934))
({x5, x9}, (0.973071, 0.00992454, 0.000210905, 0.0167934))
({x6, x7}, (0.00992455, 0.973071, 0.0167933, 0.000210994))
({x6, x8}, (0.00992455, 0.973071, 0.0167933, 0.000211264))
({x6, x9}, (0.00992455, 0.973071, 0.0167933, 0.000210994))
({x7, x8}, (0.982995, 1.04735e-09, 2.72497e-07, 0.0170043))
({x7, x9}, (0.982996, 9.13393e-12, 4.31667e-10, 0.0170043))
({x8, x9}, (0.982995, 2.72473e-07, 1.44545e-09, 0.0170043))
Exact log partition sum: 18.8959
Exact MAP variable marginals:
({x0}, (0.0169062, 0.983094))
({x1}, (0.983094, 0.0169062))
({x2}, (0.0169062, 0.983094))
({x3}, (0.983094, 0.0169062))
({x4}, (0.0169062, 0.983094))
({x5}, (0.983094, 0.0169062))
({x6}, (0.0169062, 0.983094))
({x7}, (0.983094, 0.0169062))
({x8}, (0.983094, 0.0169062))
({x9}, (0.983094, 0.0169062))
Exact MAP factor marginals:
({x0}, (0.0169062, 0.983094)) == ({x0}, (0.0169062, 0.983094))
({x1}, (0.983094, 0.0169062)) == ({x1}, (0.983094, 0.0169062))
({x2}, (0.0169062, 0.983094)) == ({x2}, (0.0169062, 0.983094))
({x3}, (0.983094, 0.0169062)) == ({x3}, (0.983094, 0.0169062))
({x4}, (0.0169062, 0.983094)) == ({x4}, (0.0169062, 0.983094))
({x5}, (0.983094, 0.0169062)) == ({x5}, (0.983094, 0.0169062))
({x6}, (0.0169062, 0.983094)) == ({x6}, (0.0169062, 0.983094))
({x7}, (0.983094, 0.0169062)) == ({x7}, (0.983094, 0.0169062))
({x8}, (0.983094, 0.0169062)) == ({x8}, (0.983094, 0.0169062))
({x9}, (0.983094, 0.0169062)) == ({x9}, (0.983094, 0.0169062))
({x0, x1}, (0.00978455, 0.973275, 0.0167373, 0.000203289)) == ({x0, x1}, (0.00978455, 0.973275, 0.0167373, 0.000203289))
({x0, x2}, (0.0169028, 0.000143819, 5.98606e-05, 0.982894)) == ({x0, x2}, (0.0169028, 0.000143819, 5.98606e-05, 0.982894))
({x0, x3}, (0.00978455, 0.973275, 0.0167373, 0.000203289)) == ({x0, x3}, (0.00978455, 0.973275, 0.0167373, 0.000203289))
({x0, x4}, (0.0167373, 0.000203289, 0.00978455, 0.973275)) == ({x0, x4}, (0.0167373, 0.000203289, 0.00978455, 0.973275))
({x0, x5}, (7.7166e-06, 0.982945, 0.0169036, 0.000143827)) == ({x0, x5}, (7.7166e-06, 0.982945, 0.0169036, 0.000143827))
({x0, x6}, (0.0169036, 0.000143827, 7.7166e-06, 0.982945)) == ({x0, x6}, (0.0169036, 0.000143827, 7.7166e-06, 0.982945))
({x0, x7}, (0.00978455, 0.973275, 0.0167373, 0.000203289)) == ({x0, x7}, (0.00978455, 0.973275, 0.0167373, 0.000203289))
({x0, x8}, (0.00978455, 0.973275, 0.0167373, 0.000203289)) == ({x0, x8}, (0.00978455, 0.973275, 0.0167373, 0.000203289))
({x0, x9}, (0.00978455, 0.973275, 0.0167373, 0.000203289)) == ({x0, x9}, (0.00978455, 0.973275, 0.0167373, 0.000203289))
({x1, x2}, (0.00978455, 0.0167373, 0.973275, 0.000203289)) == ({x1, x2}, (0.00978455, 0.0167373, 0.973275, 0.000203289))
({x1, x3}, (0.983094, 3.74149e-08, 1.54315e-08, 0.0169062)) == ({x1, x3}, (0.983094, 3.74149e-08, 1.54315e-08, 0.0169062))
({x1, x4}, (3.50307e-05, 0.0169046, 0.983001, 5.98671e-05)) == ({x1, x4}, (3.50307e-05, 0.0169046, 0.983001, 5.98671e-05))
({x1, x5}, (0.973275, 0.000203289, 0.00978455, 0.0167373)) == ({x1, x5}, (0.973275, 0.000203289, 0.00978455, 0.0167373))
({x1, x6}, (0.00978455, 0.0167373, 0.973275, 0.000203289)) == ({x1, x6}, (0.00978455, 0.0167373, 0.973275, 0.000203289))
({x1, x7}, (0.983094, 3.6743e-11, 1.92763e-12, 0.0169062)) == ({x1, x7}, (0.983094, 3.6743e-11, 1.92763e-12, 0.0169062))
({x1, x8}, (0.983094, 9.1858e-10, 2.71849e-07, 0.0169062)) == ({x1, x8}, (0.983094, 9.1858e-10, 2.71849e-07, 0.0169062))
({x1, x9}, (0.983094, 3.6743e-11, 3.60624e-10, 0.0169062)) == ({x1, x9}, (0.983094, 3.6743e-11, 3.60624e-10, 0.0169062))
({x2, x3}, (0.00978455, 0.973275, 0.0167373, 0.000203289)) == ({x2, x3}, (0.00978455, 0.973275, 0.0167373, 0.000203289))
({x2, x4}, (0.0167373, 0.000203289, 0.00978455, 0.973275)) == ({x2, x4}, (0.0167373, 0.000203289, 0.00978455, 0.973275))
({x2, x5}, (3.50307e-05, 0.983001, 0.0169046, 5.98671e-05)) == ({x2, x5}, (3.50307e-05, 0.983001, 0.0169046, 5.98671e-05))
({x2, x6}, (0.0169046, 5.98671e-05, 3.50307e-05, 0.983001)) == ({x2, x6}, (0.0169046, 5.98671e-05, 3.50307e-05, 0.983001))
({x2, x7}, (0.00978455, 0.973275, 0.0167373, 0.000203289)) == ({x2, x7}, (0.00978455, 0.973275, 0.0167373, 0.000203289))
({x2, x8}, (0.00978455, 0.973275, 0.0167373, 0.000203289)) == ({x2, x8}, (0.00978455, 0.973275, 0.0167373, 0.000203289))
({x2, x9}, (0.00978455, 0.973275, 0.0167373, 0.000203289)) == ({x2, x9}, (0.00978455, 0.973275, 0.0167373, 0.000203289))
({x3, x4}, (3.50307e-05, 0.0169046, 0.983001, 5.98671e-05)) == ({x3, x4}, (3.50307e-05, 0.0169046, 0.983001, 5.98671e-05))
({x3, x5}, (0.973275, 0.000203289, 0.00978455, 0.0167373)) == ({x3, x5}, (0.973275, 0.000203289, 0.00978455, 0.0167373))
({x3, x6}, (0.00978455, 0.0167373, 0.973275, 0.000203289)) == ({x3, x6}, (0.00978455, 0.0167373, 0.973275, 0.000203289))
({x3, x7}, (0.983094, 1.54315e-08, 3.74149e-08, 0.0169062)) == ({x3, x7}, (0.983094, 1.54315e-08, 3.74149e-08, 0.0169062))
({x3, x8}, (0.983094, 1.54315e-08, 2.71849e-07, 0.0169062)) == ({x3, x8}, (0.983094, 1.54315e-08, 2.71849e-07, 0.0169062))
({x3, x9}, (0.983094, 1.54315e-08, 3.74149e-08, 0.0169062)) == ({x3, x9}, (0.983094, 1.54315e-08, 3.74149e-08, 0.0169062))
({x4, x5}, (0.000203289, 0.973275, 0.0167373, 0.00978455)) == ({x4, x5}, (0.000203289, 0.973275, 0.0167373, 0.00978455))
({x4, x6}, (0.0167373, 0.00978455, 0.000203289, 0.973275)) == ({x4, x6}, (0.0167373, 0.00978455, 0.000203289, 0.973275))
({x4, x7}, (3.50307e-05, 0.983001, 0.0169046, 5.98671e-05)) == ({x4, x7}, (3.50307e-05, 0.983001, 0.0169046, 5.98671e-05))
({x4, x8}, (3.50307e-05, 0.983001, 0.0169046, 5.98671e-05)) == ({x4, x8}, (3.50307e-05, 0.983001, 0.0169046, 5.98671e-05))
({x4, x9}, (3.50307e-05, 0.983001, 0.0169046, 5.98671e-05)) == ({x4, x9}, (3.50307e-05, 0.983001, 0.0169046, 5.98671e-05))
({x5, x6}, (1.445e-08, 0.0169062, 0.983094, 4.8276e-08)) == ({x5, x6}, (1.445e-08, 0.0169062, 0.983094, 4.8276e-08))
({x5, x7}, (0.973275, 0.00978455, 0.000203289, 0.0167373)) == ({x5, x7}, (0.973275, 0.00978455, 0.000203289, 0.0167373))
({x5, x8}, (0.973275, 0.00978455, 0.000203289, 0.0167373)) == ({x5, x8}, (0.973275, 0.00978455, 0.000203289, 0.0167373))
({x5, x9}, (0.973275, 0.00978455, 0.000203289, 0.0167373)) == ({x5, x9}, (0.973275, 0.00978455, 0.000203289, 0.0167373))
({x6, x7}, (0.00978455, 0.973275, 0.0167373, 0.000203289)) == ({x6, x7}, (0.00978455, 0.973275, 0.0167373, 0.000203289))
({x6, x8}, (0.00978455, 0.973275, 0.0167373, 0.000203289)) == ({x6, x8}, (0.00978455, 0.973275, 0.0167373, 0.000203289))
({x6, x9}, (0.00978455, 0.973275, 0.0167373, 0.000203289)) == ({x6, x9}, (0.00978455, 0.973275, 0.0167373, 0.000203289))
({x7, x8}, (0.983094, 9.1858e-10, 2.71849e-07, 0.0169062)) == ({x7, x8}, (0.983094, 9.1858e-10, 2.71849e-07, 0.0169062))
({x7, x9}, (0.983094, 3.48176e-12, 3.60624e-10, 0.0169062)) == ({x7, x9}, (0.983094, 3.48176e-12, 3.60624e-10, 0.0169062))
({x8, x9}, (0.983094, 2.71849e-07, 9.1858e-10, 0.0169062)) == ({x8, x9}, (0.983094, 2.71849e-07, 9.1858e-10, 0.0169062))
Exact MAP state (log score = 18.8686):
x0: 1
x1: 0
x2: 1
x3: 0
x4: 1
x5: 0
x6: 1
x7: 0
x8: 0
x9: 0
