Builtin inference algorithms: {BP, EXACT, FBP, JTREE, TRWBP}

Exact variable marginals:
({x0}, (0.600543, 0.399457))
({x1}, (0.574853, 0.425147))
({x2}, (0.425141, 0.574859))
({x3}, (0.428702, 0.571298))
({x4}, (0.424937, 0.575063))
({x5}, (0.425141, 0.574859))
({x6}, (0.600169, 0.399831))
({x7}, (0.474434, 0.525566))
({x8}, (0.425147, 0.574853))
({x9}, (0.574893, 0.425107))
Exact factor marginals:
({x0}, (0.600543, 0.399457))
({x1}, (0.574853, 0.425147))
({x2}, (0.425141, 0.574859))
({x3}, (0.428702, 0.571298))
({x4}, (0.424937, 0.575063))
({x5}, (0.425141, 0.574859))
({x6}, (0.600169, 0.399831))
({x7}, (0.474434, 0.525566))
({x8}, (0.425147, 0.574853))
({x9}, (0.574893, 0.425107))
({x0, x1}, (0.540533, 0.0343198, 0.0600096, 0.365137))
({x0, x2}, (0.0599827, 0.365158, 0.54056, 0.0342987))
({x0, x3}, (0.0636455, 0.365057, 0.536897, 0.0344004))
({x0, x4}, (0.0600038, 0.364933, 0.540539, 0.0345241))
({x0, x5}, (0.0599826, 0.365158, 0.54056, 0.0342987))
({x0, x6}, (0.600161, 8.37469e-06, 0.000382303, 0.399449))
({x0, x7}, (0.135214, 0.33922, 0.465329, 0.0602374))
({x0, x8}, (0.0599887, 0.365158, 0.540554, 0.0342988))
({x0, x9}, (0.540558, 0.0343355, 0.0599849, 0.365122))
({x1, x2}, (2.17691e-05, 0.425119, 0.574831, 2.76377e-05))
({x1, x3}, (0.00368315, 0.425019, 0.57117, 0.000127896))
({x1, x4}, (4.0219e-05, 0.424897, 0.574813, 0.000250405))
({x1, x5}, (2.17914e-05, 0.425119, 0.574831, 2.77157e-05))
({x1, x6}, (0.540177, 0.0599922, 0.0346763, 0.365155))
({x1, x7}, (0.0752088, 0.399225, 0.499644, 0.0259219))
({x1, x8}, (2.09118e-05, 0.425126, 0.574832, 2.09343e-05))
({x1, x9}, (0.574828, 6.49945e-05, 2.45702e-05, 0.425082))
({x2, x3}, (0.425039, 0.00366278, 0.000101653, 0.571196))
({x2, x4}, (0.424911, 2.60045e-05, 0.000230322, 0.574833))
({x2, x5}, (0.425141, 2.26195e-08, 7.83906e-08, 0.574859))
({x2, x6}, (0.0599667, 0.540202, 0.365174, 0.0346566))
({x2, x7}, (0.399202, 0.0752315, 0.0259387, 0.499627))
({x2, x8}, (0.42514, 6.73804e-06, 8.91953e-07, 0.574852))
({x2, x9}, (3.73793e-05, 0.574856, 0.425104, 2.82359e-06))
({x3, x4}, (0.424809, 0.000127647, 0.00389309, 0.57117))
({x3, x5}, (0.425039, 0.000101651, 0.00366283, 0.571196))
({x3, x6}, (0.0633037, 0.536865, 0.365399, 0.0344325))
({x3, x7}, (0.402865, 0.0715689, 0.0258372, 0.499729))
({x3, x8}, (0.42504, 0.000107, 0.00366228, 0.571191))
({x3, x9}, (0.00370016, 0.571193, 0.425002, 0.000104477))
({x4, x5}, (0.424911, 0.000230273, 2.60112e-05, 0.574833))
({x4, x6}, (0.0599894, 0.54018, 0.364947, 0.0348836))
({x4, x7}, (0.398975, 0.0754592, 0.0259621, 0.499604))
({x4, x8}, (0.424913, 0.000233682, 2.35186e-05, 0.57483))
({x4, x9}, (6.3314e-05, 0.57483, 0.424873, 0.000233075))
({x5, x6}, (0.0599666, 0.540202, 0.365174, 0.0346566))
({x5, x7}, (0.399202, 0.0752316, 0.0259387, 0.499627))
({x5, x8}, (0.42514, 6.81576e-06, 9.13905e-07, 0.574852))
({x5, x9}, (3.73269e-05, 0.574856, 0.425104, 2.82698e-06))
({x6, x7}, (0.134873, 0.339561, 0.465296, 0.0602696))
({x6, x8}, (0.0599713, 0.365176, 0.540198, 0.0346554))
({x6, x9}, (0.5402, 0.0346937, 0.0599692, 0.365137))
({x7, x8}, (0.399208, 0.0259386, 0.0752256, 0.499627))
({x7, x9}, (0.0752293, 0.499664, 0.399205, 0.0259019))
({x8, x9}, (4.4117e-05, 0.574849, 0.425103, 3.71526e-06))
Exact log partition sum: 51.4114
Exact MAP variable marginals:
({x0}, (0.578507, 0.421493))
({x1}, (0.578507, 0.421493))
({x2}, (0.421493, 0.578507))
({x3}, (0.421493, 0.578507))
({x4}, (0.421493, 0.578507))
({x5}, (0.421493, 0.578507))
({x6}, (0.578507, 0.421493))
({x7}, (0.421493, 0.578507))
({x8}, (0.421493, 0.578507))
({x9}, (0.578507, 0.421493))
Exact MAP factor marginals:
({x0}, (0.578507, 0.421493)) == ({x0}, (0.578507, 0.421493))
({x1}, (0.578507, 0.421493)) == ({x1}, (0.578507, 0.421493))
({x2}, (0.421493, 0.578507)) == ({x2}, (0.421493, 0.578507))
({x3}, (0.421493, 0.578507)) == ({x3}, (0.421493, 0.578507))
({x4}, (0.421493, 0.578507)) == ({x4}, (0.421493, 0.578507))
({x5}, (0.421493, 0.578507)) == ({x5}, (0.421493, 0.578507))
({x6}, (0.578507, 0.421493)) == ({x6}, (0.578507, 0.421493))
({x7}, (0.421493, 0.578507)) == ({x7}, (0.421493, 0.578507))
({x8}, (0.421493, 0.578507)) == ({x8}, (0.421493, 0.578507))
({x9}, (0.578507, 0.421493)) == ({x9}, (0.578507, 0.421493))
({x0, x1}, (0.517822, 0.0381699, 0.0667295, 0.377279)) == ({x0, x1}, (0.517822, 0.0381699, 0.0667295, 0.377279))
({x0, x2}, (0.0667295, 0.377279, 0.517822, 0.0381699)) == ({x0, x2}, (0.0667295, 0.377279, 0.517822, 0.0381699))
({x0, x3}, (0.0667295, 0.377279, 0.517822, 0.0381699)) == ({x0, x3}, (0.0667295, 0.377279, 0.517822, 0.0381699))
({x0, x4}, (0.0667295, 0.377279, 0.517822, 0.0381699)) == ({x0, x4}, (0.0667295, 0.377279, 0.517822, 0.0381699))
({x0, x5}, (0.0667295, 0.377279, 0.517822, 0.0381699)) == ({x0, x5}, (0.0667295, 0.377279, 0.517822, 0.0381699))
({x0, x6}, (0.578272, 5.71705e-06, 0.000400917, 0.421322)) == ({x0, x6}, (0.578272, 5.71705e-06, 0.000400917, 0.421322))
({x0, x7}, (0.0786075, 0.372477, 0.511231, 0.0376841)) == ({x0, x7}, (0.0786075, 0.372477, 0.511231, 0.0376841))
({x0, x8}, (0.0667295, 0.377279, 0.517822, 0.0381699)) == ({x0, x8}, (0.0667295, 0.377279, 0.517822, 0.0381699))
({x0, x9}, (0.517822, 0.0381699, 0.0667295, 0.377279)) == ({x0, x9}, (0.517822, 0.0381699, 0.0667295, 0.377279))
({x1, x2}, (2.09466e-05, 0.421473, 0.57848, 2.57799e-05)) == ({x1, x2}, (2.09466e-05, 0.421473, 0.57848, 2.57799e-05))
({x1, x3}, (0.00413358, 0.419699, 0.576044, 0.000123749)) == ({x1, x3}, (0.00413358, 0.419699, 0.576044, 0.000123749))
({x1, x4}, (2.87996e-05, 0.421365, 0.578331, 0.000275257)) == ({x1, x4}, (2.87996e-05, 0.421365, 0.578331, 0.000275257))
({x1, x5}, (2.09466e-05, 0.421473, 0.57848, 2.57799e-05)) == ({x1, x5}, (2.09466e-05, 0.421473, 0.57848, 2.57799e-05))
({x1, x6}, (0.517822, 0.0667295, 0.0381699, 0.377279)) == ({x1, x6}, (0.517822, 0.0667295, 0.0381699, 0.377279))
({x1, x7}, (0.0793498, 0.375994, 0.516059, 0.0285974)) == ({x1, x7}, (0.0793498, 0.375994, 0.516059, 0.0285974))
({x1, x8}, (2.09466e-05, 0.421473, 0.57848, 2.57799e-05)) == ({x1, x8}, (2.09466e-05, 0.421473, 0.57848, 2.57799e-05))
({x1, x9}, (0.578468, 4.57436e-05, 2.09461e-05, 0.421465)) == ({x1, x9}, (0.578468, 4.57436e-05, 2.09461e-05, 0.421465))
({x2, x3}, (0.419699, 0.00413358, 0.000123749, 0.576044)) == ({x2, x3}, (0.419699, 0.00413358, 0.000123749, 0.576044))
({x2, x4}, (0.421365, 2.87996e-05, 0.000275257, 0.578331)) == ({x2, x4}, (0.421365, 2.87996e-05, 0.000275257, 0.578331))
({x2, x5}, (0.421493, 2.75923e-08, 8.63702e-08, 0.578507)) == ({x2, x5}, (0.421493, 2.75923e-08, 8.63702e-08, 0.578507))
({x2, x6}, (0.0667295, 0.517822, 0.377279, 0.0381699)) == ({x2, x6}, (0.0667295, 0.517822, 0.377279, 0.0381699))
({x2, x7}, (0.375994, 0.0793498, 0.0285974, 0.516059)) == ({x2, x7}, (0.375994, 0.0793498, 0.0285974, 0.516059))
({x2, x8}, (0.421491, 3.50275e-06, 5.79523e-07, 0.578504)) == ({x2, x8}, (0.421491, 3.50275e-06, 5.79523e-07, 0.578504))
({x2, x9}, (4.57444e-05, 0.578478, 0.421472, 3.50368e-06)) == ({x2, x9}, (4.57444e-05, 0.578478, 0.421472, 3.50368e-06))
({x3, x4}, (0.419699, 0.000123749, 0.00413358, 0.576044)) == ({x3, x4}, (0.419699, 0.000123749, 0.00413358, 0.576044))
({x3, x5}, (0.419699, 0.000123749, 0.00413358, 0.576044)) == ({x3, x5}, (0.419699, 0.000123749, 0.00413358, 0.576044))
({x3, x6}, (0.0667295, 0.517822, 0.377279, 0.0381699)) == ({x3, x6}, (0.0667295, 0.517822, 0.377279, 0.0381699))
({x3, x7}, (0.375994, 0.0793498, 0.0285974, 0.516059)) == ({x3, x7}, (0.375994, 0.0793498, 0.0285974, 0.516059))
({x3, x8}, (0.419699, 0.000123749, 0.00413358, 0.576044)) == ({x3, x8}, (0.419699, 0.000123749, 0.00413358, 0.576044))
({x3, x9}, (0.00413358, 0.576044, 0.419699, 0.000123749)) == ({x3, x9}, (0.00413358, 0.576044, 0.419699, 0.000123749))
({x4, x5}, (0.421365, 0.000275257, 2.87996e-05, 0.578331)) == ({x4, x5}, (0.421365, 0.000275257, 2.87996e-05, 0.578331))
({x4, x6}, (0.0667295, 0.517822, 0.377279, 0.0381699)) == ({x4, x6}, (0.0667295, 0.517822, 0.377279, 0.0381699))
({x4, x7}, (0.375994, 0.0793498, 0.0285974, 0.516059)) == ({x4, x7}, (0.375994, 0.0793498, 0.0285974, 0.516059))
({x4, x8}, (0.421365, 0.000275257, 2.87996e-05, 0.578331)) == ({x4, x8}, (0.421365, 0.000275257, 2.87996e-05, 0.578331))
({x4, x9}, (4.5732e-05, 0.578321, 0.421358, 0.000275252)) == ({x4, x9}, (4.5732e-05, 0.578321, 0.421358, 0.000275252))
({x5, x6}, (0.0667295, 0.517822, 0.377279, 0.0381699)) == ({x5, x6}, (0.0667295, 0.517822, 0.377279, 0.0381699))
({x5, x7}, (0.375994, 0.0793498, 0.0285974, 0.516059)) == ({x5, x7}, (0.375994, 0.0793498, 0.0285974, 0.516059))
({x5, x8}, (0.421491, 3.50275e-06, 5.79523e-07, 0.578504)) == ({x5, x8}, (0.421491, 3.50275e-06, 5.79523e-07, 0.578504))
({x5, x9}, (4.57444e-05, 0.578478, 0.421472, 3.50368e-06)) == ({x5, x9}, (4.57444e-05, 0.578478, 0.421472, 3.50368e-06))
({x6, x7}, (0.0786075, 0.372477, 0.511231, 0.0376841)) == ({x6, x7}, (0.0786075, 0.372477, 0.511231, 0.0376841))
({x6, x8}, (0.0667295, 0.377279, 0.517822, 0.0381699)) == ({x6, x8}, (0.0667295, 0.377279, 0.517822, 0.0381699))
({x6, x9}, (0.517822, 0.0381699, 0.0667295, 0.377279)) == ({x6, x9}, (0.517822, 0.0381699, 0.0667295, 0.377279))
({x7, x8}, (0.375994, 0.0285974, 0.0793498, 0.516059)) == ({x7, x8}, (0.375994, 0.0285974, 0.0793498, 0.516059))
({x7, x9}, (0.0793498, 0.516059, 0.375994, 0.0285974)) == ({x7, x9}, (0.0793498, 0.516059, 0.375994, 0.0285974))
({x8, x9}, (4.57444e-05, 0.578478, 0.421472, 3.50368e-06)) == ({x8, x9}, (4.57444e-05, 0.578478, 0.421472, 3.50368e-06))
Exact MAP state (log score = 50.6462):
x0: 0
x1: 0
x2: 1
x3: 1
x4: 1
x5: 1
x6: 0
x7: 1
x8: 1
x9: 0
