Builtin inference algorithms: {BP, EXACT, FBP, JTREE, TRWBP}

Exact variable marginals:
({x0}, (0.933214, 0.0667863))
({x1}, (0.192796, 0.807204))
({x2}, (0.413946, 0.586054))
({x3}, (0.782772, 0.217228))
({x4}, (0.620357, 0.379643))
({x5}, (0.602489, 0.397511))
({x6}, (0.733209, 0.266791))
({x7}, (0.191889, 0.808111))
({x8}, (0.430143, 0.569857))
({x9}, (0.781048, 0.218952))
Exact factor marginals:
({x0}, (0.933214, 0.0667863))
({x1}, (0.192796, 0.807204))
({x2}, (0.413946, 0.586054))
({x3}, (0.782772, 0.217228))
({x4}, (0.620357, 0.379643))
({x5}, (0.602489, 0.397511))
({x6}, (0.733209, 0.266791))
({x7}, (0.191889, 0.808111))
({x8}, (0.430143, 0.569857))
({x9}, (0.781048, 0.218952))
({x0, x1}, (0.159645, 0.0331506, 0.773568, 0.0336357))
({x0, x2}, (0.369496, 0.0444507, 0.563718, 0.0223357))
({x0, x3}, (0.743704, 0.039068, 0.18951, 0.0277183))
({x0, x4}, (0.581656, 0.0387005, 0.351558, 0.0280858))
({x0, x5}, (0.570949, 0.0315395, 0.362265, 0.0352469))
({x0, x6}, (0.710012, 0.0231968, 0.223201, 0.0435896))
({x0, x7}, (0.159283, 0.0326066, 0.773931, 0.0341798))
({x0, x8}, (0.401042, 0.0291005, 0.532171, 0.0376859))
({x0, x9}, (0.762649, 0.0183987, 0.170564, 0.0483877))
({x1, x2}, (0.109298, 0.304648, 0.0834978, 0.502556))
({x1, x3}, (0.0921185, 0.690653, 0.100678, 0.11655))
({x1, x4}, (0.0973396, 0.523017, 0.0954565, 0.284187))
({x1, x5}, (0.0663775, 0.536111, 0.126419, 0.271093))
({x1, x6}, (0.126807, 0.606402, 0.0659891, 0.200802))
({x1, x7}, (0.041221, 0.150668, 0.151575, 0.656535))
({x1, x8}, (0.144299, 0.285844, 0.0484972, 0.52136))
({x1, x9}, (0.0988226, 0.682225, 0.0939735, 0.124978))
({x2, x3}, (0.296854, 0.485918, 0.117092, 0.100136))
({x2, x4}, (0.209463, 0.410893, 0.204483, 0.17516))
({x2, x5}, (0.172821, 0.429668, 0.241126, 0.156386))
({x2, x6}, (0.207601, 0.525608, 0.206345, 0.0604458))
({x2, x7}, (0.0729241, 0.118965, 0.341022, 0.467088))
({x2, x8}, (0.177717, 0.252425, 0.236229, 0.333628))
({x2, x9}, (0.2577, 0.523348, 0.156247, 0.0627051))
({x3, x4}, (0.504863, 0.115494, 0.277909, 0.101735))
({x3, x5}, (0.519967, 0.0825221, 0.262805, 0.134706))
({x3, x6}, (0.621165, 0.112044, 0.161607, 0.105184))
({x3, x7}, (0.151951, 0.0399387, 0.630821, 0.177289))
({x3, x8}, (0.273781, 0.156362, 0.508991, 0.0608664))
({x3, x9}, (0.64155, 0.139498, 0.141222, 0.0777304))
({x4, x5}, (0.492547, 0.109941, 0.127809, 0.269702))
({x4, x6}, (0.491098, 0.242111, 0.129258, 0.137533))
({x4, x7}, (0.176382, 0.0155074, 0.443975, 0.364136))
({x4, x8}, (0.183595, 0.246547, 0.436761, 0.133096))
({x4, x9}, (0.501198, 0.27985, 0.119158, 0.0997937))
({x5, x6}, (0.516581, 0.216628, 0.0859079, 0.180883))
({x5, x7}, (0.168633, 0.0232564, 0.433856, 0.374255))
({x5, x8}, (0.189973, 0.24017, 0.412516, 0.157341))
({x5, x9}, (0.499078, 0.28197, 0.103411, 0.115541))
({x6, x7}, (0.129808, 0.062081, 0.603401, 0.20471))
({x6, x8}, (0.27552, 0.154623, 0.457689, 0.112168))
({x6, x9}, (0.648208, 0.13284, 0.0850007, 0.133951))
({x7, x8}, (0.0359443, 0.394198, 0.155945, 0.413912))
({x7, x9}, (0.128858, 0.65219, 0.0630318, 0.15592))
({x8, x9}, (0.279257, 0.501791, 0.150885, 0.0680665))
Exact log partition sum: 9.37835
Exact MAP variable marginals:
({x0}, (0.961663, 0.0383371))
({x1}, (0.0713899, 0.92861))
({x2}, (0.240177, 0.759823))
({x3}, (0.92861, 0.0713899))
({x4}, (0.826284, 0.173716))
({x5}, (0.833068, 0.166932))
({x6}, (0.9014, 0.0985998))
({x7}, (0.305065, 0.694935))
({x8}, (0.250822, 0.749178))
({x9}, (0.908033, 0.0919665))
Exact MAP factor marginals:
({x0}, (0.961663, 0.0383371)) == ({x0}, (0.961663, 0.0383371))
({x1}, (0.0713899, 0.92861)) == ({x1}, (0.0713899, 0.92861))
({x2}, (0.240177, 0.759823)) == ({x2}, (0.240177, 0.759823))
({x3}, (0.92861, 0.0713899)) == ({x3}, (0.92861, 0.0713899))
({x4}, (0.826284, 0.173716)) == ({x4}, (0.826284, 0.173716))
({x5}, (0.833068, 0.166932)) == ({x5}, (0.833068, 0.166932))
({x6}, (0.9014, 0.0985998)) == ({x6}, (0.9014, 0.0985998))
({x7}, (0.305065, 0.694935)) == ({x7}, (0.305065, 0.694935))
({x8}, (0.250822, 0.749178)) == ({x8}, (0.250822, 0.749178))
({x9}, (0.908033, 0.0919665)) == ({x9}, (0.908033, 0.0919665))
({x0, x1}, (0.0671383, 0.0348148, 0.873308, 0.0247392)) == ({x0, x1}, (0.0671383, 0.0348148, 0.873308, 0.0247392))
({x0, x2}, (0.230082, 0.0290174, 0.727885, 0.0130158)) == ({x0, x2}, (0.230082, 0.0290174, 0.727885, 0.0130158))
({x0, x3}, (0.873308, 0.0247392, 0.0671383, 0.0348148)) == ({x0, x3}, (0.873308, 0.0247392, 0.0671383, 0.0348148))
({x0, x4}, (0.782208, 0.0221585, 0.16445, 0.0311831)) == ({x0, x4}, (0.782208, 0.0221585, 0.16445, 0.0311831))
({x0, x5}, (0.788286, 0.0223307, 0.157958, 0.0314253)) == ({x0, x5}, (0.788286, 0.0223307, 0.157958, 0.0314253))
({x0, x6}, (0.856801, 0.015321, 0.0937213, 0.0341567)) == ({x0, x6}, (0.856801, 0.015321, 0.0937213, 0.0341567))
({x0, x7}, (0.291262, 0.0187955, 0.663492, 0.0264504)) == ({x0, x7}, (0.291262, 0.0187955, 0.663492, 0.0264504))
({x0, x8}, (0.23863, 0.0284146, 0.712764, 0.0201913)) == ({x0, x8}, (0.23863, 0.0284146, 0.712764, 0.0201913))
({x0, x9}, (0.862792, 0.0154281, 0.0873844, 0.0343956)) == ({x0, x9}, (0.862792, 0.0154281, 0.0873844, 0.0343956))
({x1, x2}, (0.0527901, 0.217054, 0.0434836, 0.686672)) == ({x1, x2}, (0.0527901, 0.217054, 0.0434836, 0.686672))
({x1, x3}, (0.0488603, 0.826641, 0.0635507, 0.060948)) == ({x1, x3}, (0.0488603, 0.826641, 0.0635507, 0.060948))
({x1, x4}, (0.0257303, 0.75694, 0.0581922, 0.159138)) == ({x1, x4}, (0.0257303, 0.75694, 0.0581922, 0.159138))
({x1, x5}, (0.0259237, 0.76263, 0.0586296, 0.152817)) == ({x1, x5}, (0.0259237, 0.76263, 0.0586296, 0.152817))
({x1, x6}, (0.0506768, 0.800263, 0.0615228, 0.087537)) == ({x1, x6}, (0.0506768, 0.800263, 0.0615228, 0.087537))
({x1, x7}, (0.0171381, 0.28463, 0.0498467, 0.648385)) == ({x1, x7}, (0.0171381, 0.28463, 0.0498467, 0.648385))
({x1, x8}, (0.0534579, 0.232803, 0.0183797, 0.695359)) == ({x1, x8}, (0.0534579, 0.232803, 0.0183797, 0.695359))
({x1, x9}, (0.0510077, 0.805487, 0.0619244, 0.0815806)) == ({x1, x9}, (0.0510077, 0.805487, 0.0619244, 0.0815806))
({x2, x3}, (0.215515, 0.681801, 0.0524156, 0.0502689)) == ({x2, x3}, (0.215515, 0.681801, 0.0524156, 0.0502689))
({x2, x4}, (0.186518, 0.590066, 0.0993616, 0.124055)) == ({x2, x4}, (0.186518, 0.590066, 0.0993616, 0.124055))
({x2, x5}, (0.187609, 0.593518, 0.0999428, 0.11893)) == ({x2, x5}, (0.187609, 0.593518, 0.0999428, 0.11893))
({x2, x6}, (0.215232, 0.680907, 0.0744811, 0.0293802)) == ({x2, x6}, (0.215232, 0.680907, 0.0744811, 0.0293802))
({x2, x7}, (0.0469263, 0.238384, 0.171652, 0.543037)) == ({x2, x7}, (0.0469263, 0.238384, 0.171652, 0.543037))
({x2, x8}, (0.0578031, 0.191075, 0.180402, 0.57072)) == ({x2, x8}, (0.0578031, 0.191075, 0.180402, 0.57072))
({x2, x9}, (0.215766, 0.682595, 0.0691339, 0.0325052)) == ({x2, x9}, (0.215766, 0.682595, 0.0691339, 0.0325052))
({x3, x4}, (0.734837, 0.0541793, 0.154491, 0.0564929)) == ({x3, x4}, (0.734837, 0.0541793, 0.154491, 0.0564929))
({x3, x5}, (0.740198, 0.0545746, 0.148322, 0.0569051)) == ({x3, x5}, (0.740198, 0.0545746, 0.148322, 0.0569051))
({x3, x6}, (0.793655, 0.0585159, 0.0868141, 0.0610148)) == ({x3, x6}, (0.793655, 0.0585159, 0.0868141, 0.0610148))
({x3, x7}, (0.283124, 0.022338, 0.644955, 0.0495829)) == ({x3, x7}, (0.283124, 0.022338, 0.644955, 0.0495829))
({x3, x8}, (0.227629, 0.0522697, 0.679903, 0.0401983)) == ({x3, x8}, (0.227629, 0.0522697, 0.679903, 0.0401983))
({x3, x9}, (0.798793, 0.0588947, 0.0809025, 0.0614097)) == ({x3, x9}, (0.798793, 0.0588947, 0.0809025, 0.0614097))
({x4, x5}, (0.652549, 0.137191, 0.0795018, 0.130759)) == ({x4, x5}, (0.652549, 0.137191, 0.0795018, 0.130759))
({x4, x6}, (0.72169, 0.151727, 0.0476412, 0.0789422)) == ({x4, x6}, (0.72169, 0.151727, 0.0476412, 0.0789422))
({x4, x7}, (0.263722, 0.00922046, 0.600756, 0.126302)) == ({x4, x7}, (0.263722, 0.00922046, 0.600756, 0.126302))
({x4, x8}, (0.195396, 0.122701, 0.583627, 0.0982772)) == ({x4, x8}, (0.195396, 0.122701, 0.583627, 0.0982772))
({x4, x9}, (0.73576, 0.154685, 0.0350369, 0.0745185)) == ({x4, x9}, (0.73576, 0.154685, 0.0350369, 0.0745185))
({x5, x6}, (0.737644, 0.14781, 0.0338577, 0.0806874)) == ({x5, x6}, (0.737644, 0.14781, 0.0338577, 0.0806874))
({x5, x7}, (0.266404, 0.00512522, 0.606866, 0.121605)) == ({x5, x7}, (0.266404, 0.00512522, 0.606866, 0.121605))
({x5, x8}, (0.196526, 0.117625, 0.587003, 0.0988458)) == ({x5, x8}, (0.196526, 0.117625, 0.587003, 0.0988458))
({x5, x9}, (0.741134, 0.14851, 0.0352929, 0.0750628)) == ({x5, x9}, (0.741134, 0.14851, 0.0352929, 0.0750628))
({x6, x7}, (0.275351, 0.0287905, 0.627247, 0.0686115)) == ({x6, x7}, (0.275351, 0.0287905, 0.627247, 0.0686115))
({x6, x8}, (0.216632, 0.0655344, 0.647056, 0.0707783)) == ({x6, x8}, (0.216632, 0.0655344, 0.647056, 0.0707783))
({x6, x9}, (0.794732, 0.0869319, 0.0378452, 0.0804912)) == ({x6, x9}, (0.794732, 0.0869319, 0.0378452, 0.0804912))
({x7, x8}, (0.0146569, 0.185981, 0.243857, 0.555505)) == ({x7, x8}, (0.0146569, 0.185981, 0.243857, 0.555505))
({x7, x9}, (0.276758, 0.630452, 0.0289376, 0.0638528)) == ({x7, x9}, (0.276758, 0.630452, 0.0289376, 0.0638528))
({x8, x9}, (0.225912, 0.674775, 0.0683418, 0.030972)) == ({x8, x9}, (0.225912, 0.674775, 0.0683418, 0.030972))
Exact MAP state (log score = 7.41145):
x0: 0
x1: 1
x2: 1
x3: 0
x4: 0
x5: 0
x6: 0
x7: 1
x8: 1
x9: 0
