Builtin inference algorithms: {BP, EXACT, FBP, JTREE, TRWBP}

Exact variable marginals:
({x0}, (0.26924, 0.73076))
({x1}, (0.730755, 0.269245))
({x2}, (0.73076, 0.26924))
({x3}, (0.730766, 0.269234))
({x4}, (0.730756, 0.269244))
({x5}, (0.730709, 0.269291))
({x6}, (0.730747, 0.269253))
({x7}, (0.730702, 0.269298))
({x8}, (0.73076, 0.26924))
({x9}, (0.730754, 0.269246))
Exact factor marginals:
({x0}, (0.26924, 0.73076))
({x1}, (0.730755, 0.269245))
({x2}, (0.73076, 0.26924))
({x3}, (0.730766, 0.269234))
({x4}, (0.730756, 0.269244))
({x5}, (0.730709, 0.269291))
({x6}, (0.730747, 0.269253))
({x7}, (0.730702, 0.269298))
({x8}, (0.73076, 0.26924))
({x9}, (0.730754, 0.269246))
({x0, x1}, (2.05432e-07, 0.730755, 0.26924, 4.88122e-06))
({x0, x2}, (9.65879e-11, 0.73076, 0.26924, 2.03696e-08))
({x0, x3}, (1.19001e-05, 0.730754, 0.269228, 5.97568e-06))
({x0, x4}, (1.27451e-07, 0.730756, 0.26924, 4.17351e-06))
({x0, x5}, (1.79753e-07, 0.730709, 0.26924, 5.12631e-05))
({x0, x6}, (1.29252e-07, 0.730747, 0.26924, 1.29304e-05))
({x0, x7}, (4.10274e-07, 0.730702, 0.26924, 5.83931e-05))
({x0, x8}, (1.25562e-09, 0.73076, 0.26924, 3.9085e-09))
({x0, x9}, (3.06566e-07, 0.730753, 0.26924, 6.45895e-06))
({x1, x2}, (0.730755, 4.87735e-06, 2.21834e-07, 0.26924))
({x1, x3}, (0.730749, 1.67799e-05, 6.17969e-06, 0.269228))
({x1, x4}, (0.730751, 5.00838e-06, 4.37866e-06, 0.26924))
({x1, x5}, (0.730706, 3.22172e-06, 4.96293e-05, 0.269242))
({x1, x6}, (0.730742, 5.00643e-06, 1.31318e-05, 0.26924))
({x1, x7}, (0.730702, 3.10738e-07, 5.36178e-05, 0.269244))
({x1, x8}, (0.730755, 4.87748e-06, 2.04347e-07, 0.26924))
({x1, x9}, (0.730751, 2.98832e-06, 4.46491e-06, 0.269242))
({x2, x3}, (0.730754, 1.19202e-05, 5.97557e-06, 0.269228))
({x2, x4}, (0.730756, 1.31228e-07, 4.15702e-06, 0.26924))
({x2, x5}, (0.730709, 1.83526e-07, 5.12466e-05, 0.26924))
({x2, x6}, (0.730747, 1.29157e-07, 1.291e-05, 0.26924))
({x2, x7}, (0.730702, 4.10198e-07, 5.83728e-05, 0.26924))
({x2, x8}, (0.73076, 1.77586e-08, 1.38461e-10, 0.26924))
({x2, x9}, (0.730753, 3.06469e-07, 6.43858e-06, 0.26924))
({x3, x4}, (0.73075, 6.10301e-06, 1.60735e-05, 0.269228))
({x3, x5}, (0.730703, 6.15543e-06, 6.31632e-05, 0.269228))
({x3, x6}, (0.730741, 6.10473e-06, 2.48303e-05, 0.269228))
({x3, x7}, (0.730696, 6.38577e-06, 7.0293e-05, 0.269228))
({x3, x8}, (0.730754, 5.97544e-06, 1.19025e-05, 0.269228))
({x3, x9}, (0.730747, 6.28135e-06, 1.83581e-05, 0.269228))
({x4, x5}, (0.730709, 5.24801e-08, 4.70898e-05, 0.269244))
({x4, x6}, (0.730747, 2.11684e-09, 8.75719e-06, 0.269244))
({x4, x7}, (0.730702, 2.82992e-07, 5.42198e-05, 0.269244))
({x4, x8}, (0.730756, 4.17464e-06, 1.31231e-07, 0.26924))
({x4, x9}, (0.730754, 1.79285e-07, 2.28561e-06, 0.269244))
({x5, x6}, (0.730709, 3.83371e-05, 5.48757e-08, 0.269253))
({x5, x7}, (0.730702, 2.3321e-07, 7.13267e-06, 0.269291))
({x5, x8}, (0.730709, 5.12644e-05, 1.83661e-07, 0.26924))
({x5, x9}, (0.730707, 4.7004e-05, 2.07295e-06, 0.269244))
({x6, x7}, (0.730702, 2.8105e-07, 4.54628e-05, 0.269253))
({x6, x8}, (0.730747, 1.29278e-05, 1.29295e-07, 0.26924))
({x6, x9}, (0.730745, 8.66689e-06, 2.01814e-06, 0.269244))
({x7, x8}, (0.730702, 5.83905e-05, 4.10336e-07, 0.26924))
({x7, x9}, (0.730702, 5.19349e-05, 1.04424e-07, 0.269246))
({x8, x9}, (0.730753, 3.05911e-07, 6.45564e-06, 0.26924))
Exact log partition sum: 31.3207
Exact MAP variable marginals:
({x0}, (0.269248, 0.730752))
({x1}, (0.730752, 0.269248))
({x2}, (0.730752, 0.269248))
({x3}, (0.730752, 0.269248))
({x4}, (0.730752, 0.269248))
({x5}, (0.730752, 0.269248))
({x6}, (0.730752, 0.269248))
({x7}, (0.730752, 0.269248))
({x8}, (0.730752, 0.269248))
({x9}, (0.730752, 0.269248))
Exact MAP factor marginals:
({x0}, (0.269248, 0.730752)) == ({x0}, (0.269248, 0.730752))
({x1}, (0.730752, 0.269248)) == ({x1}, (0.730752, 0.269248))
({x2}, (0.730752, 0.269248)) == ({x2}, (0.730752, 0.269248))
({x3}, (0.730752, 0.269248)) == ({x3}, (0.730752, 0.269248))
({x4}, (0.730752, 0.269248)) == ({x4}, (0.730752, 0.269248))
({x5}, (0.730752, 0.269248)) == ({x5}, (0.730752, 0.269248))
({x6}, (0.730752, 0.269248)) == ({x6}, (0.730752, 0.269248))
({x7}, (0.730752, 0.269248)) == ({x7}, (0.730752, 0.269248))
({x8}, (0.730752, 0.269248)) == ({x8}, (0.730752, 0.269248))
({x9}, (0.730752, 0.269248)) == ({x9}, (0.730752, 0.269248))
({x0, x1}, (1.7798e-07, 0.73075, 0.269248, 2.01685e-06)) == ({x0, x1}, (1.7798e-07, 0.73075, 0.269248, 2.01685e-06))
({x0, x2}, (5.27896e-11, 0.730752, 0.269248, 1.64129e-08)) == ({x0, x2}, (5.27896e-11, 0.730752, 0.269248, 1.64129e-08))
({x0, x3}, (1.18995e-05, 0.730739, 0.269244, 5.97573e-06)) == ({x0, x3}, (1.18995e-05, 0.730739, 0.269244, 5.97573e-06))
({x0, x4}, (1.27237e-07, 0.730748, 0.269247, 4.1571e-06)) == ({x0, x4}, (1.27237e-07, 0.730748, 0.269247, 4.1571e-06))
({x0, x5}, (1.27233e-07, 0.730725, 0.269239, 3.64983e-05)) == ({x0, x5}, (1.27233e-07, 0.730725, 0.269239, 3.64983e-05))
({x0, x6}, (1.27237e-07, 0.730745, 0.269246, 8.48879e-06)) == ({x0, x6}, (1.27237e-07, 0.730745, 0.269246, 8.48879e-06))
({x0, x7}, (1.77974e-07, 0.730725, 0.269239, 3.64983e-05)) == ({x0, x7}, (1.77974e-07, 0.730725, 0.269239, 3.64983e-05))
({x0, x8}, (5.84423e-10, 0.730752, 0.269248, 3.63601e-09)) == ({x0, x8}, (5.84423e-10, 0.730752, 0.269248, 3.63601e-09))
({x0, x9}, (1.77979e-07, 0.730748, 0.269247, 4.1571e-06)) == ({x0, x9}, (1.77979e-07, 0.730748, 0.269247, 4.1571e-06))
({x1, x2}, (0.73075, 2.01685e-06, 1.7798e-07, 0.269248)) == ({x1, x2}, (0.73075, 2.01685e-06, 1.7798e-07, 0.269248))
({x1, x3}, (0.730739, 1.18995e-05, 5.97573e-06, 0.269244)) == ({x1, x3}, (0.730739, 1.18995e-05, 5.97573e-06, 0.269244))
({x1, x4}, (0.730747, 2.01684e-06, 4.1571e-06, 0.269247)) == ({x1, x4}, (0.730747, 2.01684e-06, 4.1571e-06, 0.269247))
({x1, x5}, (0.730723, 2.01678e-06, 3.64982e-05, 0.269238)) == ({x1, x5}, (0.730723, 2.01678e-06, 3.64982e-05, 0.269238))
({x1, x6}, (0.730744, 2.01683e-06, 8.48878e-06, 0.269246)) == ({x1, x6}, (0.730744, 2.01683e-06, 8.48878e-06, 0.269246))
({x1, x7}, (0.730725, 1.27233e-07, 3.64983e-05, 0.269239)) == ({x1, x7}, (0.730725, 1.27233e-07, 3.64983e-05, 0.269239))
({x1, x8}, (0.73075, 2.01685e-06, 1.7798e-07, 0.269248)) == ({x1, x8}, (0.73075, 2.01685e-06, 1.7798e-07, 0.269248))
({x1, x9}, (0.730747, 1.83768e-06, 4.1571e-06, 0.269247)) == ({x1, x9}, (0.730747, 1.83768e-06, 4.1571e-06, 0.269247))
({x2, x3}, (0.730739, 1.18995e-05, 5.97573e-06, 0.269244)) == ({x2, x3}, (0.730739, 1.18995e-05, 5.97573e-06, 0.269244))
({x2, x4}, (0.730748, 1.27237e-07, 4.1571e-06, 0.269247)) == ({x2, x4}, (0.730748, 1.27237e-07, 4.1571e-06, 0.269247))
({x2, x5}, (0.730725, 1.27233e-07, 3.64983e-05, 0.269239)) == ({x2, x5}, (0.730725, 1.27233e-07, 3.64983e-05, 0.269239))
({x2, x6}, (0.730745, 1.27237e-07, 8.48879e-06, 0.269246)) == ({x2, x6}, (0.730745, 1.27237e-07, 8.48879e-06, 0.269246))
({x2, x7}, (0.730725, 1.77974e-07, 3.64983e-05, 0.269239)) == ({x2, x7}, (0.730725, 1.77974e-07, 3.64983e-05, 0.269239))
({x2, x8}, (0.730752, 1.64129e-08, 6.33335e-11, 0.269248)) == ({x2, x8}, (0.730752, 1.64129e-08, 6.33335e-11, 0.269248))
({x2, x9}, (0.730748, 1.77979e-07, 4.1571e-06, 0.269247)) == ({x2, x9}, (0.730748, 1.77979e-07, 4.1571e-06, 0.269247))
({x3, x4}, (0.730739, 5.97573e-06, 1.18995e-05, 0.269244)) == ({x3, x4}, (0.730739, 5.97573e-06, 1.18995e-05, 0.269244))
({x3, x5}, (0.730721, 5.97558e-06, 3.6498e-05, 0.269237)) == ({x3, x5}, (0.730721, 5.97558e-06, 3.6498e-05, 0.269237))
({x3, x6}, (0.730739, 5.97573e-06, 1.18995e-05, 0.269244)) == ({x3, x6}, (0.730739, 5.97573e-06, 1.18995e-05, 0.269244))
({x3, x7}, (0.730721, 5.97558e-06, 3.6498e-05, 0.269237)) == ({x3, x7}, (0.730721, 5.97558e-06, 3.6498e-05, 0.269237))
({x3, x8}, (0.730739, 5.97573e-06, 1.18995e-05, 0.269244)) == ({x3, x8}, (0.730739, 5.97573e-06, 1.18995e-05, 0.269244))
({x3, x9}, (0.730739, 5.97573e-06, 1.18995e-05, 0.269244)) == ({x3, x9}, (0.730739, 5.97573e-06, 1.18995e-05, 0.269244))
({x4, x5}, (0.730725, 4.89764e-08, 3.64983e-05, 0.269239)) == ({x4, x5}, (0.730725, 4.89764e-08, 3.64983e-05, 0.269239))
({x4, x6}, (0.730745, 1.35312e-09, 8.48879e-06, 0.269246)) == ({x4, x6}, (0.730745, 1.35312e-09, 8.48879e-06, 0.269246))
({x4, x7}, (0.730725, 1.77974e-07, 3.64983e-05, 0.269239)) == ({x4, x7}, (0.730725, 1.77974e-07, 3.64983e-05, 0.269239))
({x4, x8}, (0.730748, 4.1571e-06, 1.27237e-07, 0.269247)) == ({x4, x8}, (0.730748, 4.1571e-06, 1.27237e-07, 0.269247))
({x4, x9}, (0.73075, 1.7798e-07, 2.01685e-06, 0.269248)) == ({x4, x9}, (0.73075, 1.7798e-07, 2.01685e-06, 0.269248))
({x5, x6}, (0.730725, 3.64983e-05, 4.89764e-08, 0.269239)) == ({x5, x6}, (0.730725, 3.64983e-05, 4.89764e-08, 0.269239))
({x5, x7}, (0.730748, 1.77979e-07, 4.17498e-06, 0.269247)) == ({x5, x7}, (0.730748, 1.77979e-07, 4.17498e-06, 0.269247))
({x5, x8}, (0.730725, 3.64983e-05, 1.27233e-07, 0.269239)) == ({x5, x8}, (0.730725, 3.64983e-05, 1.27233e-07, 0.269239))
({x5, x9}, (0.730723, 3.64982e-05, 2.01678e-06, 0.269238)) == ({x5, x9}, (0.730723, 3.64982e-05, 2.01678e-06, 0.269238))
({x6, x7}, (0.730725, 1.77974e-07, 3.64983e-05, 0.269239)) == ({x6, x7}, (0.730725, 1.77974e-07, 3.64983e-05, 0.269239))
({x6, x8}, (0.730745, 8.48879e-06, 1.27237e-07, 0.269246)) == ({x6, x8}, (0.730745, 8.48879e-06, 1.27237e-07, 0.269246))
({x6, x9}, (0.730744, 8.48878e-06, 2.01683e-06, 0.269246)) == ({x6, x9}, (0.730744, 8.48878e-06, 2.01683e-06, 0.269246))
({x7, x8}, (0.730725, 3.64983e-05, 1.77974e-07, 0.269239)) == ({x7, x8}, (0.730725, 3.64983e-05, 1.77974e-07, 0.269239))
({x7, x9}, (0.730725, 3.64983e-05, 4.89764e-08, 0.269239)) == ({x7, x9}, (0.730725, 3.64983e-05, 4.89764e-08, 0.269239))
({x8, x9}, (0.730748, 1.77979e-07, 4.1571e-06, 0.269247)) == ({x8, x9}, (0.730748, 1.77979e-07, 4.1571e-06, 0.269247))
Exact MAP state (log score = 31.007):
x0: 1
x1: 0
x2: 0
x3: 0
x4: 0
x5: 0
x6: 0
x7: 0
x8: 0
x9: 0
