Builtin inference algorithms: {BP, EXACT, FBP, JTREE, TRWBP}

Exact variable marginals:
({x0}, (0.0485031, 0.951497))
({x1}, (0.951497, 0.0485031))
({x2}, (0.951497, 0.0485031))
({x3}, (0.0485031, 0.951497))
({x4}, (0.0524608, 0.947539))
({x5}, (0.951436, 0.0485642))
({x6}, (0.951497, 0.0485031))
({x7}, (0.0485031, 0.951497))
({x8}, (0.951497, 0.0485031))
({x9}, (0.0485031, 0.951497))
Exact factor marginals:
({x0}, (0.0485031, 0.951497))
({x1}, (0.951497, 0.0485031))
({x2}, (0.951497, 0.0485031))
({x3}, (0.0485031, 0.951497))
({x4}, (0.0524608, 0.947539))
({x5}, (0.951436, 0.0485642))
({x6}, (0.951497, 0.0485031))
({x7}, (0.0485031, 0.951497))
({x8}, (0.951497, 0.0485031))
({x9}, (0.0485031, 0.951497))
({x0, x1}, (2.2684e-09, 0.951497, 0.0485031, 6.36927e-13))
({x0, x2}, (2.27116e-09, 0.951497, 0.0485031, 1.2741e-12))
({x0, x3}, (0.0485031, 8.30864e-13, 2.27113e-09, 0.951497))
({x0, x4}, (0.0484689, 0.00399188, 3.41381e-05, 0.947505))
({x0, x5}, (2.63107e-06, 0.951433, 0.0485004, 6.37663e-05))
({x0, x6}, (2.27083e-09, 0.951497, 0.0485031, 6.51809e-13))
({x0, x7}, (0.0485031, 8.31209e-13, 2.27113e-09, 0.951497))
({x0, x8}, (2.28128e-09, 0.951497, 0.0485031, 2.13753e-11))
({x0, x9}, (0.0485031, 8.30861e-13, 2.27113e-09, 0.951497))
({x1, x2}, (0.951497, 2.76294e-12, 6.38642e-13, 0.0485031))
({x1, x3}, (1.95405e-13, 0.0485031, 0.951497, 2.73602e-12))
({x1, x4}, (0.00399189, 0.0484689, 0.947505, 3.41381e-05))
({x1, x5}, (0.951433, 2.6288e-06, 6.37663e-05, 0.0485004))
({x1, x6}, (0.951497, 2.43043e-12, 1.64776e-14, 0.0485031))
({x1, x7}, (1.9575e-13, 0.0485031, 0.951497, 2.73627e-12))
({x1, x8}, (0.951497, 1.28814e-11, 2.07398e-11, 0.0485031))
({x1, x9}, (1.95402e-13, 0.0485031, 0.951497, 2.73619e-12))
({x2, x3}, (2.69334e-14, 0.0485031, 0.951497, 4.43244e-13))
({x2, x4}, (0.00399189, 0.0484689, 0.947505, 3.41381e-05))
({x2, x5}, (0.951433, 2.6288e-06, 6.37663e-05, 0.0485004))
({x2, x6}, (0.951497, 6.23265e-13, 3.3361e-13, 0.0485031))
({x2, x7}, (2.70962e-14, 0.0485031, 0.951497, 4.43314e-13))
({x2, x8}, (0.951497, 1.05884e-11, 2.05712e-11, 0.0485031))
({x2, x9}, (2.67464e-14, 0.0485031, 0.951497, 4.4324e-13))
({x3, x4}, (0.0484689, 0.00399189, 3.41381e-05, 0.947505))
({x3, x5}, (2.6288e-06, 0.951433, 0.0485004, 6.37663e-05))
({x3, x6}, (1.80029e-13, 0.951497, 0.0485031, 3.06684e-13))
({x3, x7}, (0.0485031, 3.5439e-16, 2.61538e-16, 0.951497))
({x3, x8}, (1.01454e-11, 0.951497, 0.0485031, 2.05444e-11))
({x3, x9}, (0.0485031, 4.64222e-18, 1.87191e-16, 0.951497))
({x4, x5}, (0.00392812, 0.947508, 0.0485327, 3.15093e-05))
({x4, x6}, (0.00399189, 0.947505, 0.0484689, 3.41381e-05))
({x4, x7}, (0.0484689, 3.41381e-05, 0.00399189, 0.947505))
({x4, x8}, (0.00399189, 0.947505, 0.0484689, 3.41381e-05))
({x4, x9}, (0.0484689, 3.41381e-05, 0.00399189, 0.947505))
({x5, x6}, (0.951433, 6.37663e-05, 2.6288e-06, 0.0485004))
({x5, x7}, (2.6288e-06, 0.0485004, 0.951433, 6.37663e-05))
({x5, x8}, (0.951433, 6.37663e-05, 2.62882e-06, 0.0485004))
({x5, x9}, (2.6288e-06, 0.0485004, 0.951433, 6.37663e-05))
({x6, x7}, (1.80373e-13, 0.0485031, 0.951497, 3.06936e-13))
({x6, x8}, (0.951497, 1.0452e-11, 2.07244e-11, 0.0485031))
({x6, x9}, (1.80026e-13, 0.0485031, 0.951497, 3.06863e-13))
({x7, x8}, (1.01455e-11, 0.951497, 0.0485031, 2.05444e-11))
({x7, x9}, (0.0485031, 7.455e-17, 3.49951e-16, 0.951497))
({x8, x9}, (1.01452e-11, 0.0485031, 0.951497, 2.05444e-11))
Exact log partition sum: 136.643
Exact MAP variable marginals:
({x0}, (0.0486648, 0.951335))
({x1}, (0.951335, 0.0486648))
({x2}, (0.951335, 0.0486648))
({x3}, (0.0486648, 0.951335))
({x4}, (0.0486648, 0.951335))
({x5}, (0.951335, 0.0486648))
({x6}, (0.951335, 0.0486648))
({x7}, (0.0486648, 0.951335))
({x8}, (0.951335, 0.0486648))
({x9}, (0.0486648, 0.951335))
Exact MAP factor marginals:
({x0}, (0.0486648, 0.951335)) == ({x0}, (0.0486648, 0.951335))
({x1}, (0.951335, 0.0486648)) == ({x1}, (0.951335, 0.0486648))
({x2}, (0.951335, 0.0486648)) == ({x2}, (0.951335, 0.0486648))
({x3}, (0.0486648, 0.951335)) == ({x3}, (0.0486648, 0.951335))
({x4}, (0.0486648, 0.951335)) == ({x4}, (0.0486648, 0.951335))
({x5}, (0.951335, 0.0486648)) == ({x5}, (0.951335, 0.0486648))
({x6}, (0.951335, 0.0486648)) == ({x6}, (0.951335, 0.0486648))
({x7}, (0.0486648, 0.951335)) == ({x7}, (0.0486648, 0.951335))
({x8}, (0.951335, 0.0486648)) == ({x8}, (0.951335, 0.0486648))
({x9}, (0.0486648, 0.951335)) == ({x9}, (0.0486648, 0.951335))
({x0, x1}, (2.27588e-09, 0.951335, 0.0486648, 6.35795e-13)) == ({x0, x1}, (2.27588e-09, 0.951335, 0.0486648, 6.35795e-13))
({x0, x2}, (2.27588e-09, 0.951335, 0.0486648, 6.35795e-13)) == ({x0, x2}, (2.27588e-09, 0.951335, 0.0486648, 6.35795e-13))
({x0, x3}, (0.0486648, 6.35795e-13, 2.27588e-09, 0.951335)) == ({x0, x3}, (0.0486648, 6.35795e-13, 2.27588e-09, 0.951335))
({x0, x4}, (0.0484721, 0.00392838, 3.15114e-05, 0.947568)) == ({x0, x4}, (0.0484721, 0.00392838, 3.15114e-05, 0.947568))
({x0, x5}, (2.63925e-06, 0.951272, 0.0486616, 6.40198e-05)) == ({x0, x5}, (2.63925e-06, 0.951272, 0.0486616, 6.40198e-05))
({x0, x6}, (2.27588e-09, 0.951335, 0.0486648, 6.35795e-13)) == ({x0, x6}, (2.27588e-09, 0.951335, 0.0486648, 6.35795e-13))
({x0, x7}, (0.0486648, 6.35795e-13, 2.27588e-09, 0.951335)) == ({x0, x7}, (0.0486648, 6.35795e-13, 2.27588e-09, 0.951335))
({x0, x8}, (2.27588e-09, 0.951335, 0.0486648, 1.26234e-11)) == ({x0, x8}, (2.27588e-09, 0.951335, 0.0486648, 1.26234e-11))
({x0, x9}, (0.0486648, 6.35795e-13, 2.27588e-09, 0.951335)) == ({x0, x9}, (0.0486648, 6.35795e-13, 2.27588e-09, 0.951335))
({x1, x2}, (0.951335, 2.41148e-12, 4.45031e-13, 0.0486648)) == ({x1, x2}, (0.951335, 2.41148e-12, 4.45031e-13, 0.0486648))
({x1, x3}, (1.80289e-13, 0.0486648, 0.951335, 2.41148e-12)) == ({x1, x3}, (1.80289e-13, 0.0486648, 0.951335, 2.41148e-12))
({x1, x4}, (0.00392838, 0.0484721, 0.947568, 3.15114e-05)) == ({x1, x4}, (0.00392838, 0.0484721, 0.947568, 3.15114e-05))
({x1, x5}, (0.951272, 2.63925e-06, 6.40198e-05, 0.0486616)) == ({x1, x5}, (0.951272, 2.63925e-06, 6.40198e-05, 0.0486616))
({x1, x6}, (0.951335, 2.41148e-12, 1.46199e-14, 0.0486648)) == ({x1, x6}, (0.951335, 2.41148e-12, 1.46199e-14, 0.0486648))
({x1, x7}, (1.80289e-13, 0.0486648, 0.951335, 2.41148e-12)) == ({x1, x7}, (1.80289e-13, 0.0486648, 0.951335, 2.41148e-12))
({x1, x8}, (0.951335, 8.16648e-12, 1.26234e-11, 0.0486648)) == ({x1, x8}, (0.951335, 8.16648e-12, 1.26234e-11, 0.0486648))
({x1, x9}, (1.80289e-13, 0.0486648, 0.951335, 2.41148e-12)) == ({x1, x9}, (1.80289e-13, 0.0486648, 0.951335, 2.41148e-12))
({x2, x3}, (2.68544e-14, 0.0486648, 0.951335, 4.45031e-13)) == ({x2, x3}, (2.68544e-14, 0.0486648, 0.951335, 4.45031e-13))
({x2, x4}, (0.00392838, 0.0484721, 0.947568, 3.15114e-05)) == ({x2, x4}, (0.00392838, 0.0484721, 0.947568, 3.15114e-05))
({x2, x5}, (0.951272, 2.63925e-06, 6.40198e-05, 0.0486616)) == ({x2, x5}, (0.951272, 2.63925e-06, 6.40198e-05, 0.0486616))
({x2, x6}, (0.951335, 4.45031e-13, 3.07012e-13, 0.0486648)) == ({x2, x6}, (0.951335, 4.45031e-13, 3.07012e-13, 0.0486648))
({x2, x7}, (2.68544e-14, 0.0486648, 0.951335, 4.45031e-13)) == ({x2, x7}, (2.68544e-14, 0.0486648, 0.951335, 4.45031e-13))
({x2, x8}, (0.951335, 8.16648e-12, 1.26234e-11, 0.0486648)) == ({x2, x8}, (0.951335, 8.16648e-12, 1.26234e-11, 0.0486648))
({x2, x9}, (2.68544e-14, 0.0486648, 0.951335, 4.45031e-13)) == ({x2, x9}, (2.68544e-14, 0.0486648, 0.951335, 4.45031e-13))
({x3, x4}, (0.0484721, 0.00392838, 3.15114e-05, 0.947568)) == ({x3, x4}, (0.0484721, 0.00392838, 3.15114e-05, 0.947568))
({x3, x5}, (2.63925e-06, 0.951272, 0.0486616, 6.40198e-05)) == ({x3, x5}, (2.63925e-06, 0.951272, 0.0486616, 6.40198e-05))
({x3, x6}, (1.80289e-13, 0.951335, 0.0486648, 3.07012e-13)) == ({x3, x6}, (1.80289e-13, 0.951335, 0.0486648, 3.07012e-13))
({x3, x7}, (0.0486648, 3.36536e-16, 1.79695e-16, 0.951335)) == ({x3, x7}, (0.0486648, 3.36536e-16, 1.79695e-16, 0.951335))
({x3, x8}, (8.16648e-12, 0.951335, 0.0486648, 1.26234e-11)) == ({x3, x8}, (8.16648e-12, 0.951335, 0.0486648, 1.26234e-11))
({x3, x9}, (0.0486648, 4.53697e-18, 1.79695e-16, 0.951335)) == ({x3, x9}, (0.0486648, 4.53697e-18, 1.79695e-16, 0.951335))
({x4, x5}, (0.00392838, 0.947568, 0.0484721, 3.15114e-05)) == ({x4, x5}, (0.00392838, 0.947568, 0.0484721, 3.15114e-05))
({x4, x6}, (0.00392838, 0.947568, 0.0484721, 3.15114e-05)) == ({x4, x6}, (0.00392838, 0.947568, 0.0484721, 3.15114e-05))
({x4, x7}, (0.0484721, 3.15114e-05, 0.00392838, 0.947568)) == ({x4, x7}, (0.0484721, 3.15114e-05, 0.00392838, 0.947568))
({x4, x8}, (0.00392838, 0.947568, 0.0484721, 3.15114e-05)) == ({x4, x8}, (0.00392838, 0.947568, 0.0484721, 3.15114e-05))
({x4, x9}, (0.0484721, 3.15114e-05, 0.00392838, 0.947568)) == ({x4, x9}, (0.0484721, 3.15114e-05, 0.00392838, 0.947568))
({x5, x6}, (0.951272, 6.40198e-05, 2.63925e-06, 0.0486616)) == ({x5, x6}, (0.951272, 6.40198e-05, 2.63925e-06, 0.0486616))
({x5, x7}, (2.63925e-06, 0.0486616, 0.951272, 6.40198e-05)) == ({x5, x7}, (2.63925e-06, 0.0486616, 0.951272, 6.40198e-05))
({x5, x8}, (0.951272, 6.40198e-05, 2.63925e-06, 0.0486616)) == ({x5, x8}, (0.951272, 6.40198e-05, 2.63925e-06, 0.0486616))
({x5, x9}, (2.63925e-06, 0.0486616, 0.951272, 6.40198e-05)) == ({x5, x9}, (2.63925e-06, 0.0486616, 0.951272, 6.40198e-05))
({x6, x7}, (1.80289e-13, 0.0486648, 0.951335, 3.07012e-13)) == ({x6, x7}, (1.80289e-13, 0.0486648, 0.951335, 3.07012e-13))
({x6, x8}, (0.951335, 8.16648e-12, 1.26234e-11, 0.0486648)) == ({x6, x8}, (0.951335, 8.16648e-12, 1.26234e-11, 0.0486648))
({x6, x9}, (1.80289e-13, 0.0486648, 0.951335, 3.07012e-13)) == ({x6, x9}, (1.80289e-13, 0.0486648, 0.951335, 3.07012e-13))
({x7, x8}, (8.16648e-12, 0.951335, 0.0486648, 1.26234e-11)) == ({x7, x8}, (8.16648e-12, 0.951335, 0.0486648, 1.26234e-11))
({x7, x9}, (0.0486648, 4.09473e-17, 3.36536e-16, 0.951335)) == ({x7, x9}, (0.0486648, 4.09473e-17, 3.36536e-16, 0.951335))
({x8, x9}, (8.16648e-12, 0.0486648, 0.951335, 1.26234e-11)) == ({x8, x9}, (8.16648e-12, 0.0486648, 0.951335, 1.26234e-11))
Exact MAP state (log score = 136.589):
x0: 1
x1: 0
x2: 0
x3: 1
x4: 1
x5: 0
x6: 0
x7: 1
x8: 0
x9: 1
