Builtin inference algorithms: {BP, EXACT, FBP, JTREE, TRWBP}

Exact variable marginals:
({x0}, (0.856394, 0.143606))
({x1}, (0.992702, 0.00729804))
({x2}, (0.992702, 0.00729795))
({x3}, (0.992702, 0.0072977))
({x4}, (0.0072977, 0.992702))
({x5}, (0.00737252, 0.992627))
({x6}, (0.992597, 0.00740299))
({x7}, (0.0072977, 0.992702))
({x8}, (0.992702, 0.0072977))
({x9}, (0.992702, 0.0072977))
Exact factor marginals:
({x0}, (0.856394, 0.143606))
({x1}, (0.992702, 0.00729804))
({x2}, (0.992702, 0.00729795))
({x3}, (0.992702, 0.0072977))
({x4}, (0.0072977, 0.992702))
({x5}, (0.00737252, 0.992627))
({x6}, (0.992597, 0.00740299))
({x7}, (0.0072977, 0.992702))
({x8}, (0.992702, 0.0072977))
({x9}, (0.992702, 0.0072977))
({x0, x1}, (0.855093, 0.137609, 0.00130068, 0.00599736))
({x0, x2}, (0.855094, 0.137608, 0.00129997, 0.00599797))
({x0, x3}, (0.855094, 0.137609, 0.00130023, 0.00599747))
({x0, x4}, (0.00130023, 0.00599747, 0.855094, 0.137609))
({x0, x5}, (0.00130258, 0.00606995, 0.855091, 0.137536))
({x0, x6}, (0.855094, 0.137503, 0.0013001, 0.0061029))
({x0, x7}, (0.00130023, 0.00599747, 0.855094, 0.137609))
({x0, x8}, (0.855094, 0.137609, 0.00130023, 0.00599747))
({x0, x9}, (0.855094, 0.137609, 0.00130023, 0.00599747))
({x1, x2}, (0.992701, 7.03685e-07, 6.13934e-07, 0.00729733))
({x1, x3}, (0.992702, 4.49426e-07, 1.08721e-07, 0.00729759))
({x1, x4}, (1.08721e-07, 0.00729759, 0.992702, 4.49427e-07))
({x1, x5}, (7.51556e-05, 0.00729737, 0.992627, 6.70669e-07))
({x1, x6}, (0.992596, 5.7915e-07, 0.000105535, 0.00729746))
({x1, x7}, (1.08721e-07, 0.00729759, 0.992702, 4.49427e-07))
({x1, x8}, (0.992702, 4.4958e-07, 1.08746e-07, 0.00729759))
({x1, x9}, (0.992702, 4.49429e-07, 1.08725e-07, 0.00729759))
({x2, x3}, (0.992702, 5.05214e-07, 2.54259e-07, 0.00729744))
({x2, x4}, (2.54258e-07, 0.00729744, 0.992702, 5.05214e-07))
({x2, x5}, (7.53011e-05, 0.00729722, 0.992627, 7.26449e-07))
({x2, x6}, (0.992596, 6.36689e-07, 0.000105682, 0.00729731))
({x2, x7}, (2.54258e-07, 0.00729744, 0.992702, 5.05214e-07))
({x2, x8}, (0.992702, 5.05206e-07, 2.54123e-07, 0.00729744))
({x2, x9}, (0.992702, 5.0521e-07, 2.54255e-07, 0.00729744))
({x3, x4}, (1.46322e-13, 0.0072977, 0.992702, 8.19607e-13))
({x3, x5}, (7.50468e-05, 0.00729748, 0.992627, 2.21243e-07))
({x3, x6}, (0.992597, 1.31476e-07, 0.000105428, 0.00729757))
({x3, x7}, (1.70559e-13, 0.0072977, 0.992702, 8.20133e-13))
({x3, x8}, (0.992702, 1.53334e-10, 2.44456e-11, 0.0072977))
({x3, x9}, (0.992702, 3.49248e-12, 4.16745e-12, 0.0072977))
({x4, x5}, (0.00729748, 7.50468e-05, 2.21242e-07, 0.992627))
({x4, x6}, (1.31476e-07, 0.992597, 0.00729757, 0.000105428))
({x4, x7}, (0.0072977, 2.48586e-14, 1.14768e-15, 0.992702))
({x4, x8}, (1.52515e-10, 0.992702, 0.0072977, 2.42999e-11))
({x4, x9}, (2.67349e-12, 0.992702, 0.0072977, 4.02174e-12))
({x5, x6}, (2.491e-06, 0.992595, 0.00737003, 3.29616e-05))
({x5, x7}, (0.00729748, 2.21242e-07, 7.50468e-05, 0.992627))
({x5, x8}, (7.5047e-05, 0.992627, 0.00729748, 2.21266e-07))
({x5, x9}, (7.50468e-05, 0.992627, 0.00729748, 2.2124e-07))
({x6, x7}, (1.31476e-07, 0.00729757, 0.992597, 0.000105428))
({x6, x8}, (0.992597, 0.000105428, 1.315e-07, 0.00729757))
({x6, x9}, (0.992597, 0.000105428, 1.3148e-07, 0.00729757))
({x7, x8}, (1.52538e-10, 0.992702, 0.0072977, 2.43e-11))
({x7, x9}, (2.69773e-12, 0.992702, 0.0072977, 4.02227e-12))
({x8, x9}, (0.992702, 2.69728e-11, 1.56536e-10, 0.0072977))
Exact log partition sum: 58.1199
Exact MAP variable marginals:
({x0}, (0.861471, 0.138529))
({x1}, (0.993035, 0.00696475))
({x2}, (0.993035, 0.00696475))
({x3}, (0.993035, 0.00696475))
({x4}, (0.00696475, 0.993035))
({x5}, (0.00696475, 0.993035))
({x6}, (0.993035, 0.00696475))
({x7}, (0.00696475, 0.993035))
({x8}, (0.993035, 0.00696475))
({x9}, (0.993035, 0.00696475))
Exact MAP factor marginals:
({x0}, (0.861471, 0.138529)) == ({x0}, (0.861471, 0.138529))
({x1}, (0.993035, 0.00696475)) == ({x1}, (0.993035, 0.00696475))
({x2}, (0.993035, 0.00696475)) == ({x2}, (0.993035, 0.00696475))
({x3}, (0.993035, 0.00696475)) == ({x3}, (0.993035, 0.00696475))
({x4}, (0.00696475, 0.993035)) == ({x4}, (0.00696475, 0.993035))
({x5}, (0.00696475, 0.993035)) == ({x5}, (0.00696475, 0.993035))
({x6}, (0.993035, 0.00696475)) == ({x6}, (0.993035, 0.00696475))
({x7}, (0.00696475, 0.993035)) == ({x7}, (0.00696475, 0.993035))
({x8}, (0.993035, 0.00696475)) == ({x8}, (0.993035, 0.00696475))
({x9}, (0.993035, 0.00696475)) == ({x9}, (0.993035, 0.00696475))
({x0, x1}, (0.855184, 0.137518, 0.00129998, 0.00599792)) == ({x0, x1}, (0.855184, 0.137518, 0.00129998, 0.00599792))
({x0, x2}, (0.855184, 0.137518, 0.00129998, 0.00599792)) == ({x0, x2}, (0.855184, 0.137518, 0.00129998, 0.00599792))
({x0, x3}, (0.855184, 0.137518, 0.00129998, 0.00599792)) == ({x0, x3}, (0.855184, 0.137518, 0.00129998, 0.00599792))
({x0, x4}, (0.00129998, 0.00599792, 0.855184, 0.137518)) == ({x0, x4}, (0.00129998, 0.00599792, 0.855184, 0.137518))
({x0, x5}, (0.00129998, 0.00599792, 0.855184, 0.137518)) == ({x0, x5}, (0.00129998, 0.00599792, 0.855184, 0.137518))
({x0, x6}, (0.855184, 0.137518, 0.00129998, 0.00599792)) == ({x0, x6}, (0.855184, 0.137518, 0.00129998, 0.00599792))
({x0, x7}, (0.00129998, 0.00599792, 0.855184, 0.137518)) == ({x0, x7}, (0.00129998, 0.00599792, 0.855184, 0.137518))
({x0, x8}, (0.855184, 0.137518, 0.00129998, 0.00599792)) == ({x0, x8}, (0.855184, 0.137518, 0.00129998, 0.00599792))
({x0, x9}, (0.855184, 0.137518, 0.00129998, 0.00599792)) == ({x0, x9}, (0.855184, 0.137518, 0.00129998, 0.00599792))
({x1, x2}, (0.993034, 5.19909e-07, 5.86693e-07, 0.00696474)) == ({x1, x2}, (0.993034, 5.19909e-07, 5.86693e-07, 0.00696474))
({x1, x3}, (0.993035, 5.1991e-07, 1.26243e-07, 0.00696474)) == ({x1, x3}, (0.993035, 5.1991e-07, 1.26243e-07, 0.00696474))
({x1, x4}, (1.26243e-07, 0.00696474, 0.993035, 5.1991e-07)) == ({x1, x4}, (1.26243e-07, 0.00696474, 0.993035, 5.1991e-07))
({x1, x5}, (8.42644e-05, 0.00696416, 0.992951, 5.19866e-07)) == ({x1, x5}, (8.42644e-05, 0.00696416, 0.992951, 5.19866e-07))
({x1, x6}, (0.992951, 5.19866e-07, 8.42644e-05, 0.00696416)) == ({x1, x6}, (0.992951, 5.19866e-07, 8.42644e-05, 0.00696416))
({x1, x7}, (1.26243e-07, 0.00696474, 0.993035, 5.1991e-07)) == ({x1, x7}, (1.26243e-07, 0.00696474, 0.993035, 5.1991e-07))
({x1, x8}, (0.993035, 5.1991e-07, 1.26243e-07, 0.00696474)) == ({x1, x8}, (0.993035, 5.1991e-07, 1.26243e-07, 0.00696474))
({x1, x9}, (0.993035, 5.1991e-07, 1.26243e-07, 0.00696474)) == ({x1, x9}, (0.993035, 5.1991e-07, 1.26243e-07, 0.00696474))
({x2, x3}, (0.993034, 5.86694e-07, 2.95097e-07, 0.00696474)) == ({x2, x3}, (0.993034, 5.86694e-07, 2.95097e-07, 0.00696474))
({x2, x4}, (2.95097e-07, 0.00696474, 0.993034, 5.86694e-07)) == ({x2, x4}, (2.95097e-07, 0.00696474, 0.993034, 5.86694e-07))
({x2, x5}, (8.42644e-05, 0.00696416, 0.992951, 5.86644e-07)) == ({x2, x5}, (8.42644e-05, 0.00696416, 0.992951, 5.86644e-07))
({x2, x6}, (0.992951, 5.86644e-07, 8.42644e-05, 0.00696416)) == ({x2, x6}, (0.992951, 5.86644e-07, 8.42644e-05, 0.00696416))
({x2, x7}, (2.95097e-07, 0.00696474, 0.993034, 5.86694e-07)) == ({x2, x7}, (2.95097e-07, 0.00696474, 0.993034, 5.86694e-07))
({x2, x8}, (0.993034, 5.86694e-07, 2.95097e-07, 0.00696474)) == ({x2, x8}, (0.993034, 5.86694e-07, 2.95097e-07, 0.00696474))
({x2, x9}, (0.993034, 5.86694e-07, 2.95097e-07, 0.00696474)) == ({x2, x9}, (0.993034, 5.86694e-07, 2.95097e-07, 0.00696474))
({x3, x4}, (1.58446e-13, 0.00696475, 0.993035, 7.92829e-13)) == ({x3, x4}, (1.58446e-13, 0.00696475, 0.993035, 7.92829e-13))
({x3, x5}, (8.42645e-05, 0.00696416, 0.992951, 1.41432e-07)) == ({x3, x5}, (8.42645e-05, 0.00696416, 0.992951, 1.41432e-07))
({x3, x6}, (0.992951, 1.41432e-07, 8.42645e-05, 0.00696416)) == ({x3, x6}, (0.992951, 1.41432e-07, 8.42645e-05, 0.00696416))
({x3, x7}, (1.58446e-13, 0.00696475, 0.993035, 7.92829e-13)) == ({x3, x7}, (1.58446e-13, 0.00696475, 0.993035, 7.92829e-13))
({x3, x8}, (0.993035, 1.73149e-10, 1.21101e-11, 0.00696475)) == ({x3, x8}, (0.993035, 1.73149e-10, 1.21101e-11, 0.00696475))
({x3, x9}, (0.993035, 2.86734e-12, 4.33063e-12, 0.00696475)) == ({x3, x9}, (0.993035, 2.86734e-12, 4.33063e-12, 0.00696475))
({x4, x5}, (0.00696416, 8.42645e-05, 1.41432e-07, 0.992951)) == ({x4, x5}, (0.00696416, 8.42645e-05, 1.41432e-07, 0.992951))
({x4, x6}, (1.41432e-07, 0.992951, 0.00696416, 8.42645e-05)) == ({x4, x6}, (1.41432e-07, 0.992951, 0.00696416, 8.42645e-05))
({x4, x7}, (0.00696475, 2.65477e-14, 7.08462e-16, 0.993035)) == ({x4, x7}, (0.00696475, 2.65477e-14, 7.08462e-16, 0.993035))
({x4, x8}, (1.73149e-10, 0.993035, 0.00696475, 1.21101e-11)) == ({x4, x8}, (1.73149e-10, 0.993035, 0.00696475, 1.21101e-11))
({x4, x9}, (2.86734e-12, 0.993035, 0.00696475, 4.33063e-12)) == ({x4, x9}, (2.86734e-12, 0.993035, 0.00696475, 4.33063e-12))
({x5, x6}, (2.86987e-06, 0.992995, 0.00696446, 3.816e-05)) == ({x5, x6}, (2.86987e-06, 0.992995, 0.00696446, 3.816e-05))
({x5, x7}, (0.00696416, 1.41432e-07, 8.42645e-05, 0.992951)) == ({x5, x7}, (0.00696416, 1.41432e-07, 8.42645e-05, 0.992951))
({x5, x8}, (8.42645e-05, 0.992951, 0.00696416, 1.41432e-07)) == ({x5, x8}, (8.42645e-05, 0.992951, 0.00696416, 1.41432e-07))
({x5, x9}, (8.42645e-05, 0.992951, 0.00696416, 1.41432e-07)) == ({x5, x9}, (8.42645e-05, 0.992951, 0.00696416, 1.41432e-07))
({x6, x7}, (1.41432e-07, 0.00696416, 0.992951, 8.42645e-05)) == ({x6, x7}, (1.41432e-07, 0.00696416, 0.992951, 8.42645e-05))
({x6, x8}, (0.992951, 8.42645e-05, 1.41432e-07, 0.00696416)) == ({x6, x8}, (0.992951, 8.42645e-05, 1.41432e-07, 0.00696416))
({x6, x9}, (0.992951, 8.42645e-05, 1.41432e-07, 0.00696416)) == ({x6, x9}, (0.992951, 8.42645e-05, 1.41432e-07, 0.00696416))
({x7, x8}, (1.73149e-10, 0.993035, 0.00696475, 1.21101e-11)) == ({x7, x8}, (1.73149e-10, 0.993035, 0.00696475, 1.21101e-11))
({x7, x9}, (2.86734e-12, 0.993035, 0.00696475, 4.33063e-12)) == ({x7, x9}, (2.86734e-12, 0.993035, 0.00696475, 4.33063e-12))
({x8, x9}, (0.993035, 1.21101e-11, 1.73149e-10, 0.00696475)) == ({x8, x9}, (0.993035, 1.21101e-11, 1.73149e-10, 0.00696475))
Exact MAP state (log score = 57.9634):
x0: 0
x1: 0
x2: 0
x3: 0
x4: 1
x5: 1
x6: 0
x7: 1
x8: 0
x9: 0
