Builtin inference algorithms: {BP, EXACT, FBP, JTREE, TRWBP}

Exact variable marginals:
({x0}, (0.0292031, 0.970797))
({x1}, (0.970704, 0.0292961))
({x2}, (0.0292037, 0.970796))
({x3}, (0.0292031, 0.970797))
({x4}, (0.0292961, 0.970704))
({x5}, (0.0292031, 0.970797))
({x6}, (0.970704, 0.0292961))
({x7}, (0.970797, 0.0292031))
({x8}, (0.0292031, 0.970797))
({x9}, (0.970704, 0.0292961))
Exact factor marginals:
({x0}, (0.0292031, 0.970797))
({x1}, (0.970704, 0.0292961))
({x2}, (0.0292037, 0.970796))
({x3}, (0.0292031, 0.970797))
({x4}, (0.0292961, 0.970704))
({x5}, (0.0292031, 0.970797))
({x6}, (0.970704, 0.0292961))
({x7}, (0.970797, 0.0292031))
({x8}, (0.0292031, 0.970797))
({x9}, (0.970704, 0.0292961))
({x0, x1}, (6.09693e-05, 0.970643, 0.0291421, 0.000154002))
({x0, x2}, (0.0292005, 3.21381e-06, 2.61005e-06, 0.970794))
({x0, x3}, (0.0292031, 1.08163e-09, 6.25737e-10, 0.970797))
({x0, x4}, (0.0291422, 0.000153905, 6.09101e-05, 0.970643))
({x0, x5}, (0.0292031, 2.25559e-10, 5.99991e-10, 0.970797))
({x0, x6}, (6.09127e-05, 0.970643, 0.0291421, 0.000153914))
({x0, x7}, (2.13448e-09, 0.970797, 0.0292031, 1.51976e-09))
({x0, x8}, (0.0292031, 8.51455e-11, 6.04953e-10, 0.970797))
({x0, x9}, (6.09109e-05, 0.970643, 0.0291422, 0.000153959))
({x1, x2}, (6.41831e-05, 0.0291395, 0.97064, 0.000156612))
({x1, x3}, (6.09704e-05, 0.0291421, 0.970643, 0.000154003))
({x1, x4}, (5.93579e-08, 0.029296, 0.970704, 9.76329e-08))
({x1, x5}, (6.09695e-05, 0.0291421, 0.970643, 0.000154003))
({x1, x6}, (0.970704, 9.72319e-08, 6.56981e-08, 0.029296))
({x1, x7}, (0.970643, 0.000154005, 6.09708e-05, 0.0291421))
({x1, x8}, (6.09692e-05, 0.0291421, 0.970643, 0.000154003))
({x1, x9}, (0.970704, 9.84505e-08, 1.12906e-07, 0.029296))
({x2, x3}, (0.0292005, 2.61033e-06, 3.21363e-06, 0.970794))
({x2, x4}, (0.0291395, 0.000156515, 6.41239e-05, 0.97064))
({x2, x5}, (0.0292005, 2.60945e-06, 3.21359e-06, 0.970794))
({x2, x6}, (6.41265e-05, 0.97064, 0.0291395, 0.000156524))
({x2, x7}, (3.21238e-06, 0.970794, 0.0292005, 2.608e-06))
({x2, x8}, (0.0292005, 2.60967e-06, 3.21395e-06, 0.970794))
({x2, x9}, (6.41248e-05, 0.97064, 0.0291395, 0.000156569))
({x3, x4}, (0.0291422, 0.000153906, 6.09111e-05, 0.970643))
({x3, x5}, (0.0292031, 4.73875e-11, 8.77715e-10, 0.970797))
({x3, x6}, (6.09138e-05, 0.970643, 0.0291421, 0.000153915))
({x3, x7}, (2.41221e-09, 0.970797, 0.0292031, 1.34159e-09))
({x3, x8}, (0.0292031, 2.35119e-10, 1.21082e-09, 0.970797))
({x3, x9}, (6.09111e-05, 0.970643, 0.0291422, 0.000153958))
({x4, x5}, (0.0291422, 6.09103e-05, 0.000153906, 0.970643))
({x4, x6}, (2.66253e-09, 0.970704, 0.0292961, 9.40362e-09))
({x4, x7}, (0.000153907, 0.970643, 0.0291421, 6.09116e-05))
({x4, x8}, (0.0291422, 6.09099e-05, 0.000153905, 0.970643))
({x4, x9}, (8.84895e-10, 0.970704, 0.0292961, 5.36153e-08))
({x5, x6}, (6.0913e-05, 0.970643, 0.0291421, 0.000153915))
({x5, x7}, (1.53496e-09, 0.970797, 0.0292031, 1.29468e-09))
({x5, x8}, (0.0292031, 2.18114e-10, 3.6349e-10, 0.970797))
({x5, x9}, (6.09112e-05, 0.970643, 0.0291422, 0.000153959))
({x6, x7}, (0.970643, 0.000153916, 6.09142e-05, 0.0291421))
({x6, x8}, (6.09126e-05, 0.0291421, 0.970643, 0.000153915))
({x6, x9}, (0.970704, 2.11498e-09, 4.81043e-08, 0.0292961))
({x7, x8}, (1.7526e-09, 0.0292031, 0.970797, 1.65769e-09))
({x7, x9}, (0.970643, 6.09125e-05, 0.000153961, 0.0291421))
({x8, x9}, (6.09108e-05, 0.970643, 0.0291422, 0.000153959))
Exact log partition sum: 53.1965
Exact MAP variable marginals:
({x0}, (0.0291459, 0.970854))
({x1}, (0.970854, 0.0291459))
({x2}, (0.0291459, 0.970854))
({x3}, (0.0291459, 0.970854))
({x4}, (0.0291459, 0.970854))
({x5}, (0.0291459, 0.970854))
({x6}, (0.970854, 0.0291459))
({x7}, (0.970854, 0.0291459))
({x8}, (0.0291459, 0.970854))
({x9}, (0.970854, 0.0291459))
Exact MAP factor marginals:
({x0}, (0.0291459, 0.970854)) == ({x0}, (0.0291459, 0.970854))
({x1}, (0.970854, 0.0291459)) == ({x1}, (0.970854, 0.0291459))
({x2}, (0.0291459, 0.970854)) == ({x2}, (0.0291459, 0.970854))
({x3}, (0.0291459, 0.970854)) == ({x3}, (0.0291459, 0.970854))
({x4}, (0.0291459, 0.970854)) == ({x4}, (0.0291459, 0.970854))
({x5}, (0.0291459, 0.970854)) == ({x5}, (0.0291459, 0.970854))
({x6}, (0.970854, 0.0291459)) == ({x6}, (0.970854, 0.0291459))
({x7}, (0.970854, 0.0291459)) == ({x7}, (0.970854, 0.0291459))
({x8}, (0.0291459, 0.970854)) == ({x8}, (0.0291459, 0.970854))
({x9}, (0.970854, 0.0291459)) == ({x9}, (0.970854, 0.0291459))
({x0, x1}, (6.09103e-05, 0.970646, 0.0291397, 0.000153906)) == ({x0, x1}, (6.09103e-05, 0.970646, 0.0291397, 0.000153906))
({x0, x2}, (0.0291457, 3.21307e-06, 2.60848e-06, 0.970848)) == ({x0, x2}, (0.0291457, 3.21307e-06, 2.60848e-06, 0.970848))
({x0, x3}, (0.0291459, 8.67255e-10, 4.41732e-10, 0.970854)) == ({x0, x3}, (0.0291459, 8.67255e-10, 4.41732e-10, 0.970854))
({x0, x4}, (0.0291397, 0.000153906, 6.09103e-05, 0.970646)) == ({x0, x4}, (0.0291397, 0.000153906, 6.09103e-05, 0.970646))
({x0, x5}, (0.0291459, 1.837e-10, 4.41732e-10, 0.970854)) == ({x0, x5}, (0.0291459, 1.837e-10, 4.41732e-10, 0.970854))
({x0, x6}, (6.09103e-05, 0.970646, 0.0291397, 0.000153906)) == ({x0, x6}, (6.09103e-05, 0.970646, 0.0291397, 0.000153906))
({x0, x7}, (1.53117e-09, 0.970854, 0.0291459, 1.21335e-09)) == ({x0, x7}, (1.53117e-09, 0.970854, 0.0291459, 1.21335e-09))
({x0, x8}, (0.0291459, 3.84591e-11, 4.41732e-10, 0.970854)) == ({x0, x8}, (0.0291459, 3.84591e-11, 4.41732e-10, 0.970854))
({x0, x9}, (6.09103e-05, 0.970646, 0.0291397, 0.000153906)) == ({x0, x9}, (6.09103e-05, 0.970646, 0.0291397, 0.000153906))
({x1, x2}, (6.09103e-05, 0.0291397, 0.970646, 0.000153906)) == ({x1, x2}, (6.09103e-05, 0.0291397, 0.970646, 0.000153906))
({x1, x3}, (6.09103e-05, 0.0291397, 0.970646, 0.000153906)) == ({x1, x3}, (6.09103e-05, 0.0291397, 0.970646, 0.000153906))
({x1, x4}, (5.70462e-08, 0.0291459, 0.970854, 9.67671e-08)) == ({x1, x4}, (5.70462e-08, 0.0291459, 0.970854, 9.67671e-08))
({x1, x5}, (6.09103e-05, 0.0291397, 0.970646, 0.000153906)) == ({x1, x5}, (6.09103e-05, 0.0291397, 0.970646, 0.000153906))
({x1, x6}, (0.970854, 9.67671e-08, 5.70462e-08, 0.0291459)) == ({x1, x6}, (0.970854, 9.67671e-08, 5.70462e-08, 0.0291459))
({x1, x7}, (0.970646, 0.000153906, 6.09103e-05, 0.0291397)) == ({x1, x7}, (0.970646, 0.000153906, 6.09103e-05, 0.0291397))
({x1, x8}, (6.09103e-05, 0.0291397, 0.970646, 0.000153906)) == ({x1, x8}, (6.09103e-05, 0.0291397, 0.970646, 0.000153906))
({x1, x9}, (0.970854, 9.67671e-08, 5.70462e-08, 0.0291459)) == ({x1, x9}, (0.970854, 9.67671e-08, 5.70462e-08, 0.0291459))
({x2, x3}, (0.0291457, 2.60848e-06, 3.21307e-06, 0.970848)) == ({x2, x3}, (0.0291457, 2.60848e-06, 3.21307e-06, 0.970848))
({x2, x4}, (0.0291397, 0.000153906, 6.09103e-05, 0.970646)) == ({x2, x4}, (0.0291397, 0.000153906, 6.09103e-05, 0.970646))
({x2, x5}, (0.0291457, 2.60848e-06, 3.21307e-06, 0.970848)) == ({x2, x5}, (0.0291457, 2.60848e-06, 3.21307e-06, 0.970848))
({x2, x6}, (6.09103e-05, 0.970646, 0.0291397, 0.000153906)) == ({x2, x6}, (6.09103e-05, 0.970646, 0.0291397, 0.000153906))
({x2, x7}, (3.21307e-06, 0.970848, 0.0291457, 2.60848e-06)) == ({x2, x7}, (3.21307e-06, 0.970848, 0.0291457, 2.60848e-06))
({x2, x8}, (0.0291457, 2.60848e-06, 3.21307e-06, 0.970848)) == ({x2, x8}, (0.0291457, 2.60848e-06, 3.21307e-06, 0.970848))
({x2, x9}, (6.09103e-05, 0.970646, 0.0291397, 0.000153906)) == ({x2, x9}, (6.09103e-05, 0.970646, 0.0291397, 0.000153906))
({x3, x4}, (0.0291397, 0.000153906, 6.09103e-05, 0.970646)) == ({x3, x4}, (0.0291397, 0.000153906, 6.09103e-05, 0.970646))
({x3, x5}, (0.0291459, 2.4946e-11, 8.67255e-10, 0.970854)) == ({x3, x5}, (0.0291459, 2.4946e-11, 8.67255e-10, 0.970854))
({x3, x6}, (6.09103e-05, 0.970646, 0.0291397, 0.000153906)) == ({x3, x6}, (6.09103e-05, 0.970646, 0.0291397, 0.000153906))
({x3, x7}, (1.53117e-09, 0.970854, 0.0291459, 1.21335e-09)) == ({x3, x7}, (1.53117e-09, 0.970854, 0.0291459, 1.21335e-09))
({x3, x8}, (0.0291459, 1.53258e-10, 8.67255e-10, 0.970854)) == ({x3, x8}, (0.0291459, 1.53258e-10, 8.67255e-10, 0.970854))
({x3, x9}, (6.09103e-05, 0.970646, 0.0291397, 0.000153906)) == ({x3, x9}, (6.09103e-05, 0.970646, 0.0291397, 0.000153906))
({x4, x5}, (0.0291397, 6.09103e-05, 0.000153906, 0.970646)) == ({x4, x5}, (0.0291397, 6.09103e-05, 0.000153906, 0.970646))
({x4, x6}, (2.16719e-09, 0.970854, 0.0291459, 7.74972e-09)) == ({x4, x6}, (2.16719e-09, 0.970854, 0.0291459, 7.74972e-09))
({x4, x7}, (0.000153906, 0.970646, 0.0291397, 6.09103e-05)) == ({x4, x7}, (0.000153906, 0.970646, 0.0291397, 6.09103e-05))
({x4, x8}, (0.0291397, 6.09103e-05, 0.000153906, 0.970646)) == ({x4, x8}, (0.0291397, 6.09103e-05, 0.000153906, 0.970646))
({x4, x9}, (4.69249e-10, 0.970854, 0.0291459, 4.49745e-08)) == ({x4, x9}, (4.69249e-10, 0.970854, 0.0291459, 4.49745e-08))
({x5, x6}, (6.09103e-05, 0.970646, 0.0291397, 0.000153906)) == ({x5, x6}, (6.09103e-05, 0.970646, 0.0291397, 0.000153906))
({x5, x7}, (1.53117e-09, 0.970854, 0.0291459, 1.21335e-09)) == ({x5, x7}, (1.53117e-09, 0.970854, 0.0291459, 1.21335e-09))
({x5, x8}, (0.0291459, 1.53258e-10, 1.837e-10, 0.970854)) == ({x5, x8}, (0.0291459, 1.53258e-10, 1.837e-10, 0.970854))
({x5, x9}, (6.09103e-05, 0.970646, 0.0291397, 0.000153906)) == ({x5, x9}, (6.09103e-05, 0.970646, 0.0291397, 0.000153906))
({x6, x7}, (0.970646, 0.000153906, 6.09103e-05, 0.0291397)) == ({x6, x7}, (0.970646, 0.000153906, 6.09103e-05, 0.0291397))
({x6, x8}, (6.09103e-05, 0.0291397, 0.970646, 0.000153906)) == ({x6, x8}, (6.09103e-05, 0.0291397, 0.970646, 0.000153906))
({x6, x9}, (0.970854, 8.29473e-10, 4.49745e-08, 0.0291459)) == ({x6, x9}, (0.970854, 8.29473e-10, 4.49745e-08, 0.0291459))
({x7, x8}, (1.53117e-09, 0.0291459, 0.970854, 1.21335e-09)) == ({x7, x8}, (1.53117e-09, 0.0291459, 0.970854, 1.21335e-09))
({x7, x9}, (0.970646, 6.09103e-05, 0.000153906, 0.0291397)) == ({x7, x9}, (0.970646, 6.09103e-05, 0.000153906, 0.0291397))
({x8, x9}, (6.09103e-05, 0.970646, 0.0291397, 0.000153906)) == ({x8, x9}, (6.09103e-05, 0.970646, 0.0291397, 0.000153906))
Exact MAP state (log score = 53.1667):
x0: 1
x1: 0
x2: 1
x3: 1
x4: 1
x5: 1
x6: 0
x7: 0
x8: 1
x9: 0
