Builtin inference algorithms: {BP, EXACT, FBP, JTREE, TRWBP}

Exact variable marginals:
({x0}, (0.88712, 0.11288))
({x1}, (0.112874, 0.887126))
({x2}, (0.887126, 0.112874))
({x3}, (0.887126, 0.112874))
({x4}, (0.88712, 0.11288))
({x5}, (0.887126, 0.112874))
({x6}, (0.887126, 0.112874))
({x7}, (0.887126, 0.112874))
({x8}, (0.112949, 0.887051))
({x9}, (0.11288, 0.88712))
Exact factor marginals:
({x0}, (0.88712, 0.11288))
({x1}, (0.112874, 0.887126))
({x2}, (0.887126, 0.112874))
({x3}, (0.887126, 0.112874))
({x4}, (0.88712, 0.11288))
({x5}, (0.887126, 0.112874))
({x6}, (0.887126, 0.112874))
({x7}, (0.887126, 0.112874))
({x8}, (0.112949, 0.887051))
({x9}, (0.11288, 0.88712))
({x0, x1}, (4.95887e-07, 0.112873, 0.88712, 6.52285e-06))
({x0, x2}, (0.88712, 6.52285e-06, 4.95886e-07, 0.112873))
({x0, x3}, (0.88712, 6.52285e-06, 4.95886e-07, 0.112873))
({x0, x4}, (0.88712, 2.98919e-09, 3.80018e-09, 0.11288))
({x0, x5}, (0.88712, 6.52285e-06, 4.95886e-07, 0.112873))
({x0, x6}, (0.88712, 6.52285e-06, 4.95886e-07, 0.112873))
({x0, x7}, (0.88712, 6.52285e-06, 4.95886e-07, 0.112873))
({x0, x8}, (0.000202645, 0.112747, 0.886918, 0.000132772))
({x0, x9}, (1.47215e-09, 0.11288, 0.88712, 3.37742e-09))
({x1, x2}, (1.06549e-12, 0.887126, 0.112874, 6.87263e-14))
({x1, x3}, (1.01917e-12, 0.887126, 0.112874, 4.9772e-15))
({x1, x4}, (4.98617e-07, 0.88712, 0.112873, 6.52639e-06))
({x1, x5}, (5.54519e-12, 0.887126, 0.112874, 4.71338e-14))
({x1, x6}, (5.87061e-12, 0.887126, 0.112874, 1.46571e-13))
({x1, x7}, (1.01926e-12, 0.887126, 0.112874, 4.94943e-15))
({x1, x8}, (0.112747, 0.000202149, 0.000126249, 0.886924))
({x1, x9}, (0.112873, 6.52324e-06, 4.98185e-07, 0.88712))
({x2, x3}, (0.887126, 6.37878e-14, 4.63608e-14, 0.112874))
({x2, x4}, (0.88712, 4.98616e-07, 6.52639e-06, 0.112873))
({x2, x5}, (0.887126, 4.60192e-12, 1.00625e-13, 0.112874))
({x2, x6}, (0.887126, 4.92734e-12, 2.00062e-13, 0.112874))
({x2, x7}, (0.887126, 6.378e-14, 4.62318e-14, 0.112874))
({x2, x8}, (0.000202149, 0.112747, 0.886924, 0.000126249))
({x2, x9}, (6.52324e-06, 0.112873, 0.88712, 4.98183e-07))
({x3, x4}, (0.88712, 4.98616e-07, 6.52639e-06, 0.112873))
({x3, x5}, (0.887126, 4.53816e-12, 5.43009e-14, 0.112874))
({x3, x6}, (0.887126, 4.86359e-12, 1.53738e-13, 0.112874))
({x3, x7}, (0.887126, 1.29616e-16, 8.36745e-18, 0.112874))
({x3, x8}, (0.000202149, 0.112747, 0.886924, 0.000126249))
({x3, x9}, (6.52324e-06, 0.112873, 0.88712, 4.98184e-07))
({x4, x5}, (0.88712, 6.52639e-06, 4.98616e-07, 0.112873))
({x4, x6}, (0.88712, 6.52639e-06, 4.98617e-07, 0.112873))
({x4, x7}, (0.88712, 6.52639e-06, 4.98616e-07, 0.112873))
({x4, x8}, (0.000202646, 0.112747, 0.886918, 0.000132773))
({x4, x9}, (4.72242e-10, 0.11288, 0.88712, 3.1885e-09))
({x5, x6}, (0.887126, 4.09599e-13, 1.83613e-13, 0.112874))
({x5, x7}, (0.887126, 5.43944e-14, 4.53814e-12, 0.112874))
({x5, x8}, (0.000202149, 0.112747, 0.886924, 0.000126249))
({x5, x9}, (6.52325e-06, 0.112873, 0.88712, 4.98184e-07))
({x6, x7}, (0.887126, 1.53831e-13, 4.86356e-12, 0.112874))
({x6, x8}, (0.000202149, 0.112747, 0.886924, 0.000126249))
({x6, x9}, (6.52325e-06, 0.112873, 0.88712, 4.98184e-07))
({x7, x8}, (0.000202149, 0.112747, 0.886924, 0.000126249))
({x7, x9}, (6.52324e-06, 0.112873, 0.88712, 4.98184e-07))
({x8, x9}, (0.112747, 0.00013277, 0.000202645, 0.886918))
Exact log partition sum: 70.9152
Exact MAP variable marginals:
({x0}, (0.887215, 0.112785))
({x1}, (0.112785, 0.887215))
({x2}, (0.887215, 0.112785))
({x3}, (0.887215, 0.112785))
({x4}, (0.887215, 0.112785))
({x5}, (0.887215, 0.112785))
({x6}, (0.887215, 0.112785))
({x7}, (0.887215, 0.112785))
({x8}, (0.112785, 0.887215))
({x9}, (0.112785, 0.887215))
Exact MAP factor marginals:
({x0}, (0.887215, 0.112785)) == ({x0}, (0.887215, 0.112785))
({x1}, (0.112785, 0.887215)) == ({x1}, (0.112785, 0.887215))
({x2}, (0.887215, 0.112785)) == ({x2}, (0.887215, 0.112785))
({x3}, (0.887215, 0.112785)) == ({x3}, (0.887215, 0.112785))
({x4}, (0.887215, 0.112785)) == ({x4}, (0.887215, 0.112785))
({x5}, (0.887215, 0.112785)) == ({x5}, (0.887215, 0.112785))
({x6}, (0.887215, 0.112785)) == ({x6}, (0.887215, 0.112785))
({x7}, (0.887215, 0.112785)) == ({x7}, (0.887215, 0.112785))
({x8}, (0.112785, 0.887215)) == ({x8}, (0.112785, 0.887215))
({x9}, (0.112785, 0.887215)) == ({x9}, (0.112785, 0.887215))
({x0, x1}, (4.96031e-07, 0.112784, 0.887209, 6.52393e-06)) == ({x0, x1}, (4.96031e-07, 0.112784, 0.887209, 6.52393e-06))
({x0, x2}, (0.887209, 6.52393e-06, 4.96031e-07, 0.112784)) == ({x0, x2}, (0.887209, 6.52393e-06, 4.96031e-07, 0.112784))
({x0, x3}, (0.887209, 6.52393e-06, 4.96031e-07, 0.112784)) == ({x0, x3}, (0.887209, 6.52393e-06, 4.96031e-07, 0.112784))
({x0, x4}, (0.887215, 1.47432e-09, 2.36383e-09, 0.112785)) == ({x0, x4}, (0.887215, 1.47432e-09, 2.36383e-09, 0.112785))
({x0, x5}, (0.887209, 6.52393e-06, 4.96031e-07, 0.112784)) == ({x0, x5}, (0.887209, 6.52393e-06, 4.96031e-07, 0.112784))
({x0, x6}, (0.887209, 6.52393e-06, 4.96031e-07, 0.112784)) == ({x0, x6}, (0.887209, 6.52393e-06, 4.96031e-07, 0.112784))
({x0, x7}, (0.887209, 6.52393e-06, 4.96031e-07, 0.112784)) == ({x0, x7}, (0.887209, 6.52393e-06, 4.96031e-07, 0.112784))
({x0, x8}, (0.00020215, 0.112748, 0.886924, 0.000126248)) == ({x0, x8}, (0.00020215, 0.112748, 0.886924, 0.000126248))
({x0, x9}, (1.05026e-09, 0.112785, 0.887215, 1.47432e-09)) == ({x0, x9}, (1.05026e-09, 0.112785, 0.887215, 1.47432e-09))
({x1, x2}, (1.00693e-12, 0.887215, 0.112785, 6.37913e-14)) == ({x1, x2}, (1.00693e-12, 0.887215, 0.112785, 6.37913e-14))
({x1, x3}, (1.00693e-12, 0.887215, 0.112785, 4.09304e-15)) == ({x1, x3}, (1.00693e-12, 0.887215, 0.112785, 4.09304e-15))
({x1, x4}, (4.96031e-07, 0.887209, 0.112784, 6.52393e-06)) == ({x1, x4}, (4.96031e-07, 0.887209, 0.112784, 6.52393e-06))
({x1, x5}, (4.45894e-12, 0.887215, 0.112785, 3.87112e-14)) == ({x1, x5}, (4.45894e-12, 0.887215, 0.112785, 3.87112e-14))
({x1, x6}, (4.45894e-12, 0.887215, 0.112785, 1.03809e-13)) == ({x1, x6}, (4.45894e-12, 0.887215, 0.112785, 1.03809e-13))
({x1, x7}, (1.00693e-12, 0.887215, 0.112785, 4.09304e-15)) == ({x1, x7}, (1.00693e-12, 0.887215, 0.112785, 4.09304e-15))
({x1, x8}, (0.112748, 0.00020215, 0.000126248, 0.886924)) == ({x1, x8}, (0.112748, 0.00020215, 0.000126248, 0.886924))
({x1, x9}, (0.112784, 6.52393e-06, 4.96031e-07, 0.887209)) == ({x1, x9}, (0.112784, 6.52393e-06, 4.96031e-07, 0.887209))
({x2, x3}, (0.887215, 6.37913e-14, 4.62379e-14, 0.112785)) == ({x2, x3}, (0.887215, 6.37913e-14, 4.62379e-14, 0.112785))
({x2, x4}, (0.887209, 4.96031e-07, 6.52393e-06, 0.112784)) == ({x2, x4}, (0.887209, 4.96031e-07, 6.52393e-06, 0.112784))
({x2, x5}, (0.887215, 4.45894e-12, 4.62379e-14, 0.112785)) == ({x2, x5}, (0.887215, 4.45894e-12, 4.62379e-14, 0.112785))
({x2, x6}, (0.887215, 4.45894e-12, 1.03809e-13, 0.112785)) == ({x2, x6}, (0.887215, 4.45894e-12, 1.03809e-13, 0.112785))
({x2, x7}, (0.887215, 6.37913e-14, 4.62379e-14, 0.112785)) == ({x2, x7}, (0.887215, 6.37913e-14, 4.62379e-14, 0.112785))
({x2, x8}, (0.00020215, 0.112748, 0.886924, 0.000126248)) == ({x2, x8}, (0.00020215, 0.112748, 0.886924, 0.000126248))
({x2, x9}, (6.52393e-06, 0.112784, 0.887209, 4.96031e-07)) == ({x2, x9}, (6.52393e-06, 0.112784, 0.887209, 4.96031e-07))
({x3, x4}, (0.887209, 4.96031e-07, 6.52393e-06, 0.112784)) == ({x3, x4}, (0.887209, 4.96031e-07, 6.52393e-06, 0.112784))
({x3, x5}, (0.887215, 4.45894e-12, 3.87112e-14, 0.112785)) == ({x3, x5}, (0.887215, 4.45894e-12, 3.87112e-14, 0.112785))
({x3, x6}, (0.887215, 4.45894e-12, 1.03809e-13, 0.112785)) == ({x3, x6}, (0.887215, 4.45894e-12, 1.03809e-13, 0.112785))
({x3, x7}, (0.887215, 9.34767e-17, 7.77577e-18, 0.112785)) == ({x3, x7}, (0.887215, 9.34767e-17, 7.77577e-18, 0.112785))
({x3, x8}, (0.00020215, 0.112748, 0.886924, 0.000126248)) == ({x3, x8}, (0.00020215, 0.112748, 0.886924, 0.000126248))
({x3, x9}, (6.52393e-06, 0.112784, 0.887209, 4.96031e-07)) == ({x3, x9}, (6.52393e-06, 0.112784, 0.887209, 4.96031e-07))
({x4, x5}, (0.887209, 6.52393e-06, 4.96031e-07, 0.112784)) == ({x4, x5}, (0.887209, 6.52393e-06, 4.96031e-07, 0.112784))
({x4, x6}, (0.887209, 6.52393e-06, 4.96031e-07, 0.112784)) == ({x4, x6}, (0.887209, 6.52393e-06, 4.96031e-07, 0.112784))
({x4, x7}, (0.887209, 6.52393e-06, 4.96031e-07, 0.112784)) == ({x4, x7}, (0.887209, 6.52393e-06, 4.96031e-07, 0.112784))
({x4, x8}, (0.00020215, 0.112748, 0.886924, 0.000126248)) == ({x4, x8}, (0.00020215, 0.112748, 0.886924, 0.000126248))
({x4, x9}, (4.33306e-10, 0.112785, 0.887215, 2.36383e-09)) == ({x4, x9}, (4.33306e-10, 0.112785, 0.887215, 2.36383e-09))
({x5, x6}, (0.887215, 4.05367e-13, 1.03809e-13, 0.112785)) == ({x5, x6}, (0.887215, 4.05367e-13, 1.03809e-13, 0.112785))
({x5, x7}, (0.887215, 3.87112e-14, 4.45894e-12, 0.112785)) == ({x5, x7}, (0.887215, 3.87112e-14, 4.45894e-12, 0.112785))
({x5, x8}, (0.00020215, 0.112748, 0.886924, 0.000126248)) == ({x5, x8}, (0.00020215, 0.112748, 0.886924, 0.000126248))
({x5, x9}, (6.52393e-06, 0.112784, 0.887209, 4.96031e-07)) == ({x5, x9}, (6.52393e-06, 0.112784, 0.887209, 4.96031e-07))
({x6, x7}, (0.887215, 1.03809e-13, 4.45894e-12, 0.112785)) == ({x6, x7}, (0.887215, 1.03809e-13, 4.45894e-12, 0.112785))
({x6, x8}, (0.00020215, 0.112748, 0.886924, 0.000126248)) == ({x6, x8}, (0.00020215, 0.112748, 0.886924, 0.000126248))
({x6, x9}, (6.52393e-06, 0.112784, 0.887209, 4.96031e-07)) == ({x6, x9}, (6.52393e-06, 0.112784, 0.887209, 4.96031e-07))
({x7, x8}, (0.00020215, 0.112748, 0.886924, 0.000126248)) == ({x7, x8}, (0.00020215, 0.112748, 0.886924, 0.000126248))
({x7, x9}, (6.52393e-06, 0.112784, 0.887209, 4.96031e-07)) == ({x7, x9}, (6.52393e-06, 0.112784, 0.887209, 4.96031e-07))
({x8, x9}, (0.112748, 0.000126248, 0.00020215, 0.886924)) == ({x8, x9}, (0.112748, 0.000126248, 0.00020215, 0.886924))
Exact MAP state (log score = 70.7952):
x0: 0
x1: 1
x2: 0
x3: 0
x4: 0
x5: 0
x6: 0
x7: 0
x8: 1
x9: 1
