Builtin inference algorithms: {BP, EXACT, FBP, JTREE, TRWBP}

Exact variable marginals:
({x0}, (0.00471933, 0.995281))
({x1}, (0.99528, 0.00471968))
({x2}, (0.00495717, 0.995043))
({x3}, (0.995281, 0.00471932))
({x4}, (0.995281, 0.00471933))
({x5}, (0.995038, 0.00496163))
({x6}, (0.0047194, 0.995281))
({x7}, (0.0063146, 0.993685))
({x8}, (0.995281, 0.00471933))
({x9}, (0.00471932, 0.995281))
Exact factor marginals:
({x0}, (0.00471933, 0.995281))
({x1}, (0.99528, 0.00471968))
({x2}, (0.00495717, 0.995043))
({x3}, (0.995281, 0.00471932))
({x4}, (0.995281, 0.00471933))
({x5}, (0.995038, 0.00496163))
({x6}, (0.0047194, 0.995281))
({x7}, (0.0063146, 0.993685))
({x8}, (0.995281, 0.00471933))
({x9}, (0.00471932, 0.995281))
({x0, x1}, (5.29532e-10, 0.99528, 0.00471933, 3.51345e-07))
({x0, x2}, (0.00459061, 0.000366561, 0.000128721, 0.994914))
({x0, x3}, (1.24263e-08, 0.995281, 0.00471932, 3.4155e-09))
({x0, x4}, (5.41319e-11, 0.995281, 0.00471933, 1.4486e-11))
({x0, x5}, (0.00012874, 0.99491, 0.00459059, 0.000371045))
({x0, x6}, (0.00471933, 7.36844e-08, 2.2871e-11, 0.995281))
({x0, x7}, (0.00458301, 0.00173158, 0.000136314, 0.993549))
({x0, x8}, (2.09649e-13, 0.995281, 0.00471933, 1.53158e-14))
({x0, x9}, (0.00471932, 3.33709e-09, 1.24186e-08, 0.995281))
({x1, x2}, (0.000366562, 0.00459061, 0.994914, 0.000129073))
({x1, x3}, (0.99528, 3.6107e-07, 1.24333e-09, 0.00471932))
({x1, x4}, (0.99528, 3.51399e-07, 5.43804e-10, 0.00471933))
({x1, x5}, (0.994909, 0.000129092, 0.000371046, 0.00459059))
({x1, x6}, (7.41789e-08, 0.00471933, 0.99528, 3.51333e-07))
({x1, x7}, (0.00173123, 0.00458336, 0.993549, 0.000136316))
({x1, x8}, (0.99528, 3.51345e-07, 5.29334e-10, 0.00471933))
({x1, x9}, (1.16492e-09, 0.00471932, 0.99528, 3.61062e-07))
({x2, x3}, (0.000366561, 0.994914, 0.00459061, 0.000128712))
({x2, x4}, (0.000366561, 0.994914, 0.00459061, 0.000128721))
({x2, x5}, (4.59308e-08, 0.995038, 0.00495712, 4.51053e-06))
({x2, x6}, (0.00459061, 0.000128795, 0.000366561, 0.994914))
({x2, x7}, (0.00494956, 0.00136503, 7.60585e-06, 0.993678))
({x2, x8}, (0.000366561, 0.994914, 0.00459061, 0.000128721))
({x2, x9}, (0.00459061, 0.000128712, 0.000366561, 0.994914))
({x3, x4}, (0.995281, 3.46941e-09, 1.24406e-08, 0.00471932))
({x3, x5}, (0.99491, 0.000128744, 0.000371057, 0.00459058))
({x3, x6}, (8.60756e-08, 0.00471932, 0.995281, 3.40323e-09))
({x3, x7}, (0.00173159, 0.004583, 0.993549, 0.000136318))
({x3, x8}, (0.995281, 3.41548e-09, 1.24261e-08, 0.00471932))
({x3, x9}, (7.9056e-12, 0.00471932, 0.995281, 7.86064e-11))
({x4, x5}, (0.99491, 0.00012874, 0.000371045, 0.00459059))
({x4, x6}, (7.37384e-08, 0.00471933, 0.995281, 3.71432e-11))
({x4, x7}, (0.00173158, 0.00458301, 0.993549, 0.000136314))
({x4, x8}, (0.995281, 1.44799e-11, 5.39315e-11, 0.00471933))
({x4, x9}, (3.391e-09, 0.00471932, 0.995281, 1.24329e-08))
({x5, x6}, (0.000128814, 0.00459059, 0.99491, 0.000371045))
({x5, x7}, (0.00136054, 0.00495406, 0.993678, 7.57746e-06))
({x5, x8}, (0.99491, 0.000371045, 0.00012874, 0.00459059))
({x5, x9}, (0.000128744, 0.00459058, 0.99491, 0.000371057))
({x6, x7}, (0.00458301, 0.00173158, 0.000136388, 0.993549))
({x6, x8}, (7.36844e-08, 0.995281, 0.00471933, 2.26723e-11))
({x6, x9}, (0.00471932, 3.32483e-09, 8.60679e-08, 0.995281))
({x7, x8}, (0.00173158, 0.993549, 0.00458301, 0.000136314))
({x7, x9}, (0.004583, 0.000136318, 0.00173159, 0.993549))
({x8, x9}, (3.33707e-09, 0.00471932, 0.995281, 1.24184e-08))
Exact log partition sum: 113.34
Exact MAP variable marginals:
({x0}, (0.00459158, 0.995408))
({x1}, (0.995408, 0.00459158))
({x2}, (0.00459158, 0.995408))
({x3}, (0.995408, 0.00459158))
({x4}, (0.995408, 0.00459158))
({x5}, (0.995408, 0.00459158))
({x6}, (0.00459158, 0.995408))
({x7}, (0.00459158, 0.995408))
({x8}, (0.995408, 0.00459158))
({x9}, (0.00459158, 0.995408))
Exact MAP factor marginals:
({x0}, (0.00459158, 0.995408)) == ({x0}, (0.00459158, 0.995408))
({x1}, (0.995408, 0.00459158)) == ({x1}, (0.995408, 0.00459158))
({x2}, (0.00459158, 0.995408)) == ({x2}, (0.00459158, 0.995408))
({x3}, (0.995408, 0.00459158)) == ({x3}, (0.995408, 0.00459158))
({x4}, (0.995408, 0.00459158)) == ({x4}, (0.995408, 0.00459158))
({x5}, (0.995408, 0.00459158)) == ({x5}, (0.995408, 0.00459158))
({x6}, (0.00459158, 0.995408)) == ({x6}, (0.00459158, 0.995408))
({x7}, (0.00459158, 0.995408)) == ({x7}, (0.00459158, 0.995408))
({x8}, (0.995408, 0.00459158)) == ({x8}, (0.995408, 0.00459158))
({x9}, (0.00459158, 0.995408)) == ({x9}, (0.00459158, 0.995408))
({x0, x1}, (3.70382e-10, 0.995408, 0.00459158, 3.49455e-07)) == ({x0, x1}, (3.70382e-10, 0.995408, 0.00459158, 3.49455e-07))
({x0, x2}, (0.0045893, 0.000367053, 0.000128883, 0.994915)) == ({x0, x2}, (0.0045893, 0.000367053, 0.000128883, 0.994915))
({x0, x3}, (1.22816e-08, 0.995408, 0.00459158, 2.51161e-09)) == ({x0, x3}, (1.22816e-08, 0.995408, 0.00459158, 2.51161e-09))
({x0, x4}, (5.40321e-11, 0.995408, 0.00459158, 1.44976e-11)) == ({x0, x4}, (5.40321e-11, 0.995408, 0.00459158, 1.44976e-11))
({x0, x5}, (0.000128883, 0.994915, 0.0045893, 0.000367053)) == ({x0, x5}, (0.000128883, 0.994915, 0.0045893, 0.000367053))
({x0, x6}, (0.00459158, 7.3682e-08, 2.25285e-11, 0.995408)) == ({x0, x6}, (0.00459158, 7.3682e-08, 2.25285e-11, 0.995408))
({x0, x7}, (0.00458474, 0.0013607, 0.000128755, 0.993926)) == ({x0, x7}, (0.00458474, 0.0013607, 0.000128755, 0.993926))
({x0, x8}, (1.97161e-13, 0.995408, 0.00459158, 1.01524e-14)) == ({x0, x8}, (1.97161e-13, 0.995408, 0.00459158, 1.01524e-14))
({x0, x9}, (0.00459158, 2.51161e-09, 1.22816e-08, 0.995408)) == ({x0, x9}, (0.00459158, 2.51161e-09, 1.22816e-08, 0.995408))
({x1, x2}, (0.000367053, 0.0045893, 0.994915, 0.000128883)) == ({x1, x2}, (0.000367053, 0.0045893, 0.994915, 0.000128883))
({x1, x3}, (0.995408, 3.49455e-07, 7.96141e-10, 0.00459158)) == ({x1, x3}, (0.995408, 3.49455e-07, 7.96141e-10, 0.00459158))
({x1, x4}, (0.995408, 3.49455e-07, 3.70382e-10, 0.00459158)) == ({x1, x4}, (0.995408, 3.49455e-07, 3.70382e-10, 0.00459158))
({x1, x5}, (0.994915, 0.000128883, 0.000367053, 0.0045893)) == ({x1, x5}, (0.994915, 0.000128883, 0.000367053, 0.0045893))
({x1, x6}, (7.3682e-08, 0.00459158, 0.995408, 3.49455e-07)) == ({x1, x6}, (7.3682e-08, 0.00459158, 0.995408, 3.49455e-07))
({x1, x7}, (0.0013607, 0.00458474, 0.993926, 0.000128755)) == ({x1, x7}, (0.0013607, 0.00458474, 0.993926, 0.000128755))
({x1, x8}, (0.995408, 3.49455e-07, 3.70382e-10, 0.00459158)) == ({x1, x8}, (0.995408, 3.49455e-07, 3.70382e-10, 0.00459158))
({x1, x9}, (7.96141e-10, 0.00459158, 0.995408, 3.49455e-07)) == ({x1, x9}, (7.96141e-10, 0.00459158, 0.995408, 3.49455e-07))
({x2, x3}, (0.000367053, 0.994915, 0.0045893, 0.000128883)) == ({x2, x3}, (0.000367053, 0.994915, 0.0045893, 0.000128883))
({x2, x4}, (0.000367053, 0.994915, 0.0045893, 0.000128883)) == ({x2, x4}, (0.000367053, 0.994915, 0.0045893, 0.000128883))
({x2, x5}, (3.41091e-08, 0.995404, 0.00459156, 4.5002e-06)) == ({x2, x5}, (3.41091e-08, 0.995404, 0.00459156, 4.5002e-06))
({x2, x6}, (0.0045893, 0.000128883, 0.000367053, 0.994915)) == ({x2, x6}, (0.0045893, 0.000128883, 0.000367053, 0.994915))
({x2, x7}, (0.0045853, 0.00136086, 7.57443e-06, 0.994046)) == ({x2, x7}, (0.0045853, 0.00136086, 7.57443e-06, 0.994046))
({x2, x8}, (0.000367053, 0.994915, 0.0045893, 0.000128883)) == ({x2, x8}, (0.000367053, 0.994915, 0.0045893, 0.000128883))
({x2, x9}, (0.0045893, 0.000128883, 0.000367053, 0.994915)) == ({x2, x9}, (0.0045893, 0.000128883, 0.000367053, 0.994915))
({x3, x4}, (0.995408, 2.51161e-09, 1.22816e-08, 0.00459158)) == ({x3, x4}, (0.995408, 2.51161e-09, 1.22816e-08, 0.00459158))
({x3, x5}, (0.994915, 0.000128883, 0.000367053, 0.0045893)) == ({x3, x5}, (0.994915, 0.000128883, 0.000367053, 0.0045893))
({x3, x6}, (7.3682e-08, 0.00459158, 0.995408, 2.51161e-09)) == ({x3, x6}, (7.3682e-08, 0.00459158, 0.995408, 2.51161e-09))
({x3, x7}, (0.0013607, 0.00458474, 0.993926, 0.000128755)) == ({x3, x7}, (0.0013607, 0.00458474, 0.993926, 0.000128755))
({x3, x8}, (0.995408, 2.51161e-09, 1.22816e-08, 0.00459158)) == ({x3, x8}, (0.995408, 2.51161e-09, 1.22816e-08, 0.00459158))
({x3, x9}, (7.72433e-12, 0.00459158, 0.995408, 7.87365e-11)) == ({x3, x9}, (7.72433e-12, 0.00459158, 0.995408, 7.87365e-11))
({x4, x5}, (0.994915, 0.000128883, 0.000367053, 0.0045893)) == ({x4, x5}, (0.994915, 0.000128883, 0.000367053, 0.0045893))
({x4, x6}, (7.3682e-08, 0.00459158, 0.995408, 2.25285e-11)) == ({x4, x6}, (7.3682e-08, 0.00459158, 0.995408, 2.25285e-11))
({x4, x7}, (0.0013607, 0.00458474, 0.993926, 0.000128755)) == ({x4, x7}, (0.0013607, 0.00458474, 0.993926, 0.000128755))
({x4, x8}, (0.995408, 1.44976e-11, 5.40321e-11, 0.00459158)) == ({x4, x8}, (0.995408, 1.44976e-11, 5.40321e-11, 0.00459158))
({x4, x9}, (2.51161e-09, 0.00459158, 0.995408, 1.22816e-08)) == ({x4, x9}, (2.51161e-09, 0.00459158, 0.995408, 1.22816e-08))
({x5, x6}, (0.000128883, 0.0045893, 0.994915, 0.000367053)) == ({x5, x6}, (0.000128883, 0.0045893, 0.994915, 0.000367053))
({x5, x7}, (0.00136086, 0.0045853, 0.994046, 7.57443e-06)) == ({x5, x7}, (0.00136086, 0.0045853, 0.994046, 7.57443e-06))
({x5, x8}, (0.994915, 0.000367053, 0.000128883, 0.0045893)) == ({x5, x8}, (0.994915, 0.000367053, 0.000128883, 0.0045893))
({x5, x9}, (0.000128883, 0.0045893, 0.994915, 0.000367053)) == ({x5, x9}, (0.000128883, 0.0045893, 0.994915, 0.000367053))
({x6, x7}, (0.00458474, 0.0013607, 0.000128755, 0.993926)) == ({x6, x7}, (0.00458474, 0.0013607, 0.000128755, 0.993926))
({x6, x8}, (7.3682e-08, 0.995408, 0.00459158, 2.25285e-11)) == ({x6, x8}, (7.3682e-08, 0.995408, 0.00459158, 2.25285e-11))
({x6, x9}, (0.00459158, 2.51161e-09, 7.3682e-08, 0.995408)) == ({x6, x9}, (0.00459158, 2.51161e-09, 7.3682e-08, 0.995408))
({x7, x8}, (0.0013607, 0.993926, 0.00458474, 0.000128755)) == ({x7, x8}, (0.0013607, 0.993926, 0.00458474, 0.000128755))
({x7, x9}, (0.00458474, 0.000128755, 0.0013607, 0.993926)) == ({x7, x9}, (0.00458474, 0.000128755, 0.0013607, 0.993926))
({x8, x9}, (2.51161e-09, 0.00459158, 0.995408, 1.22816e-08)) == ({x8, x9}, (2.51161e-09, 0.00459158, 0.995408, 1.22816e-08))
Exact MAP state (log score = 113.333):
x0: 1
x1: 0
x2: 1
x3: 0
x4: 0
x5: 0
x6: 1
x7: 1
x8: 0
x9: 1
