Builtin inference algorithms: {BP, EXACT, FBP, JTREE, TRWBP}

Exact variable marginals:
({x0}, (0.839241, 0.160759))
({x1}, (0.160759, 0.839241))
({x2}, (0.160759, 0.839241))
({x3}, (0.839241, 0.160759))
({x4}, (0.160762, 0.839238))
({x5}, (0.160759, 0.839241))
({x6}, (0.160759, 0.839241))
({x7}, (0.160779, 0.839221))
({x8}, (0.160759, 0.839241))
({x9}, (0.160759, 0.839241))
Exact factor marginals:
({x0}, (0.839241, 0.160759))
({x1}, (0.160759, 0.839241))
({x2}, (0.160759, 0.839241))
({x3}, (0.839241, 0.160759))
({x4}, (0.160762, 0.839238))
({x5}, (0.160759, 0.839241))
({x6}, (0.160759, 0.839241))
({x7}, (0.160779, 0.839221))
({x8}, (0.160759, 0.839241))
({x9}, (0.160759, 0.839241))
({x0, x1}, (2.42955e-11, 0.160759, 0.839241, 2.70701e-11))
({x0, x2}, (2.55333e-11, 0.160759, 0.839241, 2.75249e-11))
({x0, x3}, (0.839241, 2.68115e-11, 2.43602e-11, 0.160759))
({x0, x4}, (9.7678e-06, 0.160752, 0.839231, 6.45118e-06))
({x0, x5}, (2.42343e-10, 0.160759, 0.839241, 3.78857e-11))
({x0, x6}, (2.43423e-11, 0.160759, 0.839241, 2.71145e-11))
({x0, x7}, (2.83041e-05, 0.160751, 0.839213, 7.79936e-06))
({x0, x8}, (2.44489e-11, 0.160759, 0.839241, 2.71239e-11))
({x0, x9}, (9.25671e-09, 0.160759, 0.839241, 8.40304e-10))
({x1, x2}, (0.160759, 1.23784e-12, 4.54817e-13, 0.839241))
({x1, x3}, (4.41558e-14, 0.839241, 0.160759, 3.67427e-13))
({x1, x4}, (0.160752, 9.76777e-06, 6.45115e-06, 0.839231))
({x1, x5}, (0.160759, 2.18351e-10, 1.11183e-11, 0.839241))
({x1, x6}, (0.160759, 4.68432e-14, 4.43861e-14, 0.839241))
({x1, x7}, (0.160751, 2.83041e-05, 7.79938e-06, 0.839213))
({x1, x8}, (0.160759, 1.5346e-13, 5.38363e-14, 0.839241))
({x1, x9}, (0.160759, 9.23241e-09, 8.13234e-10, 0.839241))
({x2, x3}, (1.28199e-12, 0.839241, 0.160759, 8.22243e-13))
({x2, x4}, (0.160752, 9.76778e-06, 6.45115e-06, 0.839231))
({x2, x5}, (0.160759, 2.18806e-10, 1.23562e-11, 0.839241))
({x2, x6}, (0.160759, 4.10431e-13, 1.19099e-12, 0.839241))
({x2, x7}, (0.160751, 2.83041e-05, 7.79938e-06, 0.839213))
({x2, x8}, (0.160759, 5.17478e-13, 1.20087e-12, 0.839241))
({x2, x9}, (0.160759, 9.23274e-09, 8.14344e-10, 0.839241))
({x3, x4}, (9.76777e-06, 0.160752, 0.839231, 6.45115e-06))
({x3, x5}, (2.18088e-10, 0.160759, 0.839241, 1.1179e-11))
({x3, x6}, (9.0999e-14, 0.160759, 0.839241, 4.11813e-13))
({x3, x7}, (2.83041e-05, 0.160751, 0.839213, 7.79938e-06))
({x3, x8}, (1.97616e-13, 0.160759, 0.839241, 4.21263e-13))
({x3, x9}, (9.23246e-09, 0.160759, 0.839241, 8.13601e-10))
({x4, x5}, (0.160752, 6.45114e-06, 9.76756e-06, 0.839231))
({x4, x6}, (0.160752, 6.45115e-06, 9.76777e-06, 0.839231))
({x4, x7}, (0.160745, 3.47553e-05, 1.75672e-05, 0.839203))
({x4, x8}, (0.160752, 6.45115e-06, 9.76777e-06, 0.839231))
({x4, x9}, (0.160752, 6.46038e-06, 9.76859e-06, 0.839231))
({x5, x6}, (0.160759, 1.11652e-11, 2.18395e-10, 0.839241))
({x5, x7}, (0.160751, 2.83041e-05, 7.7996e-06, 0.839213))
({x5, x8}, (0.160759, 1.12718e-11, 2.18405e-10, 0.839241))
({x5, x9}, (0.160759, 9.24353e-09, 1.03158e-09, 0.839241))
({x6, x7}, (0.160751, 2.83041e-05, 7.79938e-06, 0.839213))
({x6, x8}, (0.160759, 1.07047e-13, 9.88018e-15, 0.839241))
({x6, x9}, (0.160759, 9.23237e-09, 8.13189e-10, 0.839241))
({x7, x8}, (0.160751, 7.79938e-06, 2.83041e-05, 0.839213))
({x7, x9}, (0.160751, 7.80861e-06, 2.83049e-05, 0.839213))
({x8, x9}, (0.160759, 9.23238e-09, 8.13296e-10, 0.839241))
Exact log partition sum: 48.4669
Exact MAP variable marginals:
({x0}, (0.839247, 0.160753))
({x1}, (0.160753, 0.839247))
({x2}, (0.160753, 0.839247))
({x3}, (0.839247, 0.160753))
({x4}, (0.160753, 0.839247))
({x5}, (0.160753, 0.839247))
({x6}, (0.160753, 0.839247))
({x7}, (0.160753, 0.839247))
({x8}, (0.160753, 0.839247))
({x9}, (0.160753, 0.839247))
Exact MAP factor marginals:
({x0}, (0.839247, 0.160753)) == ({x0}, (0.839247, 0.160753))
({x1}, (0.160753, 0.839247)) == ({x1}, (0.160753, 0.839247))
({x2}, (0.160753, 0.839247)) == ({x2}, (0.160753, 0.839247))
({x3}, (0.839247, 0.160753)) == ({x3}, (0.839247, 0.160753))
({x4}, (0.160753, 0.839247)) == ({x4}, (0.160753, 0.839247))
({x5}, (0.160753, 0.839247)) == ({x5}, (0.160753, 0.839247))
({x6}, (0.160753, 0.839247)) == ({x6}, (0.160753, 0.839247))
({x7}, (0.160753, 0.839247)) == ({x7}, (0.160753, 0.839247))
({x8}, (0.160753, 0.839247)) == ({x8}, (0.160753, 0.839247))
({x9}, (0.160753, 0.839247)) == ({x9}, (0.160753, 0.839247))
({x0, x1}, (2.36469e-11, 0.160753, 0.839247, 2.58018e-11)) == ({x0, x1}, (2.36469e-11, 0.160753, 0.839247, 2.58018e-11))
({x0, x2}, (2.36469e-11, 0.160753, 0.839247, 2.58018e-11)) == ({x0, x2}, (2.36469e-11, 0.160753, 0.839247, 2.58018e-11))
({x0, x3}, (0.839247, 2.58018e-11, 2.36469e-11, 0.160753)) == ({x0, x3}, (0.839247, 2.58018e-11, 2.36469e-11, 0.160753))
({x0, x4}, (9.76791e-06, 0.16075, 0.839233, 6.45137e-06)) == ({x0, x4}, (9.76791e-06, 0.16075, 0.839233, 6.45137e-06))
({x0, x5}, (2.18074e-10, 0.160753, 0.839247, 2.58018e-11)) == ({x0, x5}, (2.18074e-10, 0.160753, 0.839247, 2.58018e-11))
({x0, x6}, (2.36469e-11, 0.160753, 0.839247, 2.58018e-11)) == ({x0, x6}, (2.36469e-11, 0.160753, 0.839247, 2.58018e-11))
({x0, x7}, (2.83046e-05, 0.160747, 0.839217, 7.79948e-06)) == ({x0, x7}, (2.83046e-05, 0.160747, 0.839217, 7.79948e-06))
({x0, x8}, (2.36469e-11, 0.160753, 0.839247, 2.58018e-11)) == ({x0, x8}, (2.36469e-11, 0.160753, 0.839247, 2.58018e-11))
({x0, x9}, (9.23282e-09, 0.160753, 0.839247, 8.13227e-10)) == ({x0, x9}, (9.23282e-09, 0.160753, 0.839247, 8.13227e-10))
({x1, x2}, (0.160753, 1.15889e-12, 4.05017e-13, 0.839247)) == ({x1, x2}, (0.160753, 1.15889e-12, 4.05017e-13, 0.839247))
({x1, x3}, (2.33492e-14, 0.839247, 0.160753, 2.81999e-13)) == ({x1, x3}, (2.33492e-14, 0.839247, 0.160753, 2.81999e-13))
({x1, x4}, (0.16075, 9.76791e-06, 6.45137e-06, 0.839233)) == ({x1, x4}, (0.16075, 9.76791e-06, 6.45137e-06, 0.839233))
({x1, x5}, (0.160753, 2.18074e-10, 1.10981e-11, 0.839247)) == ({x1, x5}, (0.160753, 2.18074e-10, 1.10981e-11, 0.839247))
({x1, x6}, (0.160753, 2.65576e-14, 2.88214e-14, 0.839247)) == ({x1, x6}, (0.160753, 2.65576e-14, 2.88214e-14, 0.839247))
({x1, x7}, (0.160747, 2.83046e-05, 7.79948e-06, 0.839217)) == ({x1, x7}, (0.160747, 2.83046e-05, 7.79948e-06, 0.839217))
({x1, x8}, (0.160753, 6.28234e-14, 2.88214e-14, 0.839247)) == ({x1, x8}, (0.160753, 6.28234e-14, 2.88214e-14, 0.839247))
({x1, x9}, (0.160753, 9.23282e-09, 8.13227e-10, 0.839247)) == ({x1, x9}, (0.160753, 9.23282e-09, 8.13227e-10, 0.839247))
({x2, x3}, (1.15889e-12, 0.839247, 0.160753, 4.05017e-13)) == ({x2, x3}, (1.15889e-12, 0.839247, 0.160753, 4.05017e-13))
({x2, x4}, (0.16075, 9.76791e-06, 6.45137e-06, 0.839233)) == ({x2, x4}, (0.16075, 9.76791e-06, 6.45137e-06, 0.839233))
({x2, x5}, (0.160753, 2.18074e-10, 1.10981e-11, 0.839247)) == ({x2, x5}, (0.160753, 2.18074e-10, 1.10981e-11, 0.839247))
({x2, x6}, (0.160753, 4.05017e-13, 1.15889e-12, 0.839247)) == ({x2, x6}, (0.160753, 4.05017e-13, 1.15889e-12, 0.839247))
({x2, x7}, (0.160747, 2.83046e-05, 7.79948e-06, 0.839217)) == ({x2, x7}, (0.160747, 2.83046e-05, 7.79948e-06, 0.839217))
({x2, x8}, (0.160753, 4.05017e-13, 1.15889e-12, 0.839247)) == ({x2, x8}, (0.160753, 4.05017e-13, 1.15889e-12, 0.839247))
({x2, x9}, (0.160753, 9.23282e-09, 8.13227e-10, 0.839247)) == ({x2, x9}, (0.160753, 9.23282e-09, 8.13227e-10, 0.839247))
({x3, x4}, (9.76791e-06, 0.16075, 0.839233, 6.45137e-06)) == ({x3, x4}, (9.76791e-06, 0.16075, 0.839233, 6.45137e-06))
({x3, x5}, (2.18074e-10, 0.160753, 0.839247, 1.10981e-11)) == ({x3, x5}, (2.18074e-10, 0.160753, 0.839247, 1.10981e-11))
({x3, x6}, (2.65576e-14, 0.160753, 0.839247, 2.81999e-13)) == ({x3, x6}, (2.65576e-14, 0.160753, 0.839247, 2.81999e-13))
({x3, x7}, (2.83046e-05, 0.160747, 0.839217, 7.79948e-06)) == ({x3, x7}, (2.83046e-05, 0.160747, 0.839217, 7.79948e-06))
({x3, x8}, (6.28234e-14, 0.160753, 0.839247, 2.81999e-13)) == ({x3, x8}, (6.28234e-14, 0.160753, 0.839247, 2.81999e-13))
({x3, x9}, (9.23282e-09, 0.160753, 0.839247, 8.13227e-10)) == ({x3, x9}, (9.23282e-09, 0.160753, 0.839247, 8.13227e-10))
({x4, x5}, (0.16075, 6.45137e-06, 9.76791e-06, 0.839233)) == ({x4, x5}, (0.16075, 6.45137e-06, 9.76791e-06, 0.839233))
({x4, x6}, (0.16075, 6.45137e-06, 9.76791e-06, 0.839233)) == ({x4, x6}, (0.16075, 6.45137e-06, 9.76791e-06, 0.839233))
({x4, x7}, (0.160747, 2.83045e-05, 9.7677e-06, 0.839215)) == ({x4, x7}, (0.160747, 2.83045e-05, 9.7677e-06, 0.839215))
({x4, x8}, (0.16075, 6.45137e-06, 9.76791e-06, 0.839233)) == ({x4, x8}, (0.16075, 6.45137e-06, 9.76791e-06, 0.839233))
({x4, x9}, (0.16075, 6.45137e-06, 9.76791e-06, 0.839233)) == ({x4, x9}, (0.16075, 6.45137e-06, 9.76791e-06, 0.839233))
({x5, x6}, (0.160753, 1.10981e-11, 2.18074e-10, 0.839247)) == ({x5, x6}, (0.160753, 1.10981e-11, 2.18074e-10, 0.839247))
({x5, x7}, (0.160747, 2.83046e-05, 7.79948e-06, 0.839217)) == ({x5, x7}, (0.160747, 2.83046e-05, 7.79948e-06, 0.839217))
({x5, x8}, (0.160753, 1.10981e-11, 2.18074e-10, 0.839247)) == ({x5, x8}, (0.160753, 1.10981e-11, 2.18074e-10, 0.839247))
({x5, x9}, (0.160753, 9.23282e-09, 8.13227e-10, 0.839247)) == ({x5, x9}, (0.160753, 9.23282e-09, 8.13227e-10, 0.839247))
({x6, x7}, (0.160747, 2.83046e-05, 7.79948e-06, 0.839217)) == ({x6, x7}, (0.160747, 2.83046e-05, 7.79948e-06, 0.839217))
({x6, x8}, (0.160753, 6.28234e-14, 5.958e-15, 0.839247)) == ({x6, x8}, (0.160753, 6.28234e-14, 5.958e-15, 0.839247))
({x6, x9}, (0.160753, 9.23282e-09, 8.13227e-10, 0.839247)) == ({x6, x9}, (0.160753, 9.23282e-09, 8.13227e-10, 0.839247))
({x7, x8}, (0.160747, 7.79948e-06, 2.83046e-05, 0.839217)) == ({x7, x8}, (0.160747, 7.79948e-06, 2.83046e-05, 0.839217))
({x7, x9}, (0.160747, 7.79948e-06, 2.83046e-05, 0.839217)) == ({x7, x9}, (0.160747, 7.79948e-06, 2.83046e-05, 0.839217))
({x8, x9}, (0.160753, 9.23282e-09, 8.13227e-10, 0.839247)) == ({x8, x9}, (0.160753, 9.23282e-09, 8.13227e-10, 0.839247))
Exact MAP state (log score = 48.2916):
x0: 0
x1: 1
x2: 1
x3: 0
x4: 1
x5: 1
x6: 1
x7: 1
x8: 1
x9: 1
