Builtin inference algorithms: {BP, EXACT, FBP, JTREE, TRWBP}

Exact variable marginals:
({x0}, (0.502081, 0.497919))
({x1}, (0.502078, 0.497922))
({x2}, (0.516235, 0.483765))
({x3}, (0.497572, 0.502428))
({x4}, (0.497922, 0.502078))
({x5}, (0.495318, 0.504682))
({x6}, (0.50296, 0.49704))
({x7}, (0.511666, 0.488334))
({x8}, (0.50297, 0.49703))
({x9}, (0.497036, 0.502964))
Exact factor marginals:
({x0}, (0.502081, 0.497919))
({x1}, (0.502078, 0.497922))
({x2}, (0.516235, 0.483765))
({x3}, (0.497572, 0.502428))
({x4}, (0.497922, 0.502078))
({x5}, (0.495318, 0.504682))
({x6}, (0.50296, 0.49704))
({x7}, (0.511666, 0.488334))
({x8}, (0.50297, 0.49703))
({x9}, (0.497036, 0.502964))
({x0, x1}, (0.502077, 6.80468e-07, 3.83287e-06, 0.497918))
({x0, x2}, (0.50136, 0.0148753, 0.000721252, 0.483044))
({x0, x3}, (2.29942e-07, 0.497571, 0.502081, 0.00034751))
({x0, x4}, (3.25658e-06, 0.497919, 0.502078, 4.25169e-08))
({x0, x5}, (1.36729e-05, 0.495304, 0.502067, 0.002615))
({x0, x6}, (0.502068, 0.000892021, 1.30599e-05, 0.497027))
({x0, x7}, (0.50204, 0.00962659, 4.15308e-05, 0.488292))
({x0, x8}, (0.502071, 0.000898949, 9.73853e-06, 0.49702))
({x0, x9}, (9.73436e-06, 0.497026, 0.502071, 0.000892692))
({x1, x2}, (0.501357, 0.0148783, 0.000721089, 0.483044))
({x1, x3}, (8.44587e-07, 0.497571, 0.502077, 0.000351277))
({x1, x4}, (6.48752e-07, 0.497921, 0.502077, 5.87091e-07))
({x1, x5}, (1.35422e-05, 0.495304, 0.502064, 0.00261802))
({x1, x6}, (0.502069, 0.00089143, 9.31657e-06, 0.497031))
({x1, x7}, (0.502037, 0.00962958, 4.13679e-05, 0.488292))
({x1, x8}, (0.502069, 0.000901734, 9.37121e-06, 0.49702))
({x1, x9}, (9.35752e-06, 0.497027, 0.502069, 0.000895467))
({x2, x3}, (0.0145279, 0.483044, 0.501707, 0.000721095))
({x2, x4}, (0.0148785, 0.483044, 0.501357, 0.000721295))
({x2, x5}, (0.0123623, 0.482955, 0.503873, 0.000809587))
({x2, x6}, (0.502248, 0.000711773, 0.0139869, 0.483053))
({x2, x7}, (0.510986, 0.000679724, 0.0052487, 0.483085))
({x2, x8}, (0.502259, 0.000711718, 0.0139765, 0.483053))
({x2, x9}, (0.0139828, 0.483053, 0.502252, 0.000711732))
({x3, x4}, (0.497571, 0.000350697, 2.02968e-07, 0.502078))
({x3, x5}, (0.494956, 0.000361105, 0.00261515, 0.502067))
({x3, x6}, (0.000892185, 0.502068, 0.496679, 0.000360504))
({x3, x7}, (0.00927915, 0.502387, 0.488292, 4.13715e-05))
({x3, x8}, (0.000899179, 0.502071, 0.496672, 0.000357248))
({x3, x9}, (0.496679, 0.000357175, 0.000892853, 0.502071))
({x4, x5}, (0.495304, 1.37152e-05, 0.00261825, 0.502064))
({x4, x6}, (0.000891991, 0.502068, 0.49703, 9.81506e-06))
({x4, x7}, (0.00962985, 0.502036, 0.488292, 4.15733e-05))
({x4, x8}, (0.000902198, 0.502068, 0.49702, 9.77396e-06))
({x4, x9}, (0.497026, 9.56644e-06, 0.000895738, 0.502068))
({x5, x6}, (4.226e-06, 0.502956, 0.495313, 0.00172659))
({x5, x7}, (0.00711405, 0.504552, 0.488204, 0.000130308))
({x5, x8}, (4.23237e-06, 0.502966, 0.495313, 0.00171635))
({x5, x9}, (0.495313, 0.00172255, 4.18484e-06, 0.50296))
({x6, x7}, (0.502928, 0.00873815, 3.20519e-05, 0.488302))
({x6, x8}, (0.50296, 1.03039e-05, 5.4972e-08, 0.49703))
({x6, x9}, (4.15523e-08, 0.497036, 0.50296, 4.03764e-06))
({x7, x8}, (0.502938, 3.19969e-05, 0.00872785, 0.488302))
({x7, x9}, (0.00873411, 0.488302, 0.502932, 3.20104e-05))
({x8, x9}, (6.46837e-06, 0.497029, 0.502964, 2.15542e-07))
Exact log partition sum: 60.6624
Exact MAP variable marginals:
({x0}, (0.50935, 0.49065))
({x1}, (0.50935, 0.49065))
({x2}, (0.50935, 0.49065))
({x3}, (0.49065, 0.50935))
({x4}, (0.49065, 0.50935))
({x5}, (0.49065, 0.50935))
({x6}, (0.50935, 0.49065))
({x7}, (0.50935, 0.49065))
({x8}, (0.50935, 0.49065))
({x9}, (0.49065, 0.50935))
Exact MAP factor marginals:
({x0}, (0.50935, 0.49065)) == ({x0}, (0.50935, 0.49065))
({x1}, (0.50935, 0.49065)) == ({x1}, (0.50935, 0.49065))
({x2}, (0.50935, 0.49065)) == ({x2}, (0.50935, 0.49065))
({x3}, (0.49065, 0.50935)) == ({x3}, (0.49065, 0.50935))
({x4}, (0.49065, 0.50935)) == ({x4}, (0.49065, 0.50935))
({x5}, (0.49065, 0.50935)) == ({x5}, (0.49065, 0.50935))
({x6}, (0.50935, 0.49065)) == ({x6}, (0.50935, 0.49065))
({x7}, (0.50935, 0.49065)) == ({x7}, (0.50935, 0.49065))
({x8}, (0.50935, 0.49065)) == ({x8}, (0.50935, 0.49065))
({x9}, (0.49065, 0.50935)) == ({x9}, (0.49065, 0.50935))
({x0, x1}, (0.509348, 6.44168e-07, 3.09064e-06, 0.490648)) == ({x0, x1}, (0.509348, 6.44168e-07, 3.09064e-06, 0.490648))
({x0, x2}, (0.505528, 0.006819, 0.00068538, 0.486968)) == ({x0, x2}, (0.505528, 0.006819, 0.00068538, 0.486968))
({x0, x3}, (1.67829e-07, 0.490477, 0.50917, 0.000352842)) == ({x0, x3}, (1.67829e-07, 0.490477, 0.50917, 0.000352842))
({x0, x4}, (3.09064e-06, 0.490648, 0.509349, 3.52314e-08)) == ({x0, x4}, (3.09064e-06, 0.490648, 0.509349, 3.52314e-08))
({x0, x5}, (9.44612e-06, 0.48984, 0.50851, 0.00164055)) == ({x0, x5}, (9.44612e-06, 0.48984, 0.50851, 0.00164055))
({x0, x6}, (0.508885, 0.000904735, 9.45308e-06, 0.490201)) == ({x0, x6}, (0.508885, 0.000904735, 9.45308e-06, 0.490201))
({x0, x7}, (0.505859, 0.00682346, 3.18273e-05, 0.487286)) == ({x0, x7}, (0.505859, 0.00682346, 3.18273e-05, 0.487286))
({x0, x8}, (0.508885, 0.000904735, 9.45308e-06, 0.490201)) == ({x0, x8}, (0.508885, 0.000904735, 9.45308e-06, 0.490201))
({x0, x9}, (9.45308e-06, 0.490201, 0.508885, 0.000904735)) == ({x0, x9}, (9.45308e-06, 0.490201, 0.508885, 0.000904735))
({x1, x2}, (0.505528, 0.006819, 0.00068538, 0.486968)) == ({x1, x2}, (0.505528, 0.006819, 0.00068538, 0.486968))
({x1, x3}, (6.43943e-07, 0.490476, 0.50917, 0.000352841)) == ({x1, x3}, (6.43943e-07, 0.490476, 0.50917, 0.000352841))
({x1, x4}, (6.4417e-07, 0.490649, 0.50935, 1.96447e-07)) == ({x1, x4}, (6.4417e-07, 0.490649, 0.50935, 1.96447e-07))
({x1, x5}, (9.44612e-06, 0.48984, 0.50851, 0.00164055)) == ({x1, x5}, (9.44612e-06, 0.48984, 0.50851, 0.00164055))
({x1, x6}, (0.508885, 0.000904735, 9.45308e-06, 0.490201)) == ({x1, x6}, (0.508885, 0.000904735, 9.45308e-06, 0.490201))
({x1, x7}, (0.505859, 0.00682346, 3.18273e-05, 0.487286)) == ({x1, x7}, (0.505859, 0.00682346, 3.18273e-05, 0.487286))
({x1, x8}, (0.508885, 0.000904735, 9.45308e-06, 0.490201)) == ({x1, x8}, (0.508885, 0.000904735, 9.45308e-06, 0.490201))
({x1, x9}, (9.45308e-06, 0.490201, 0.508885, 0.000904735)) == ({x1, x9}, (9.45308e-06, 0.490201, 0.508885, 0.000904735))
({x2, x3}, (0.006819, 0.486968, 0.505528, 0.00068538)) == ({x2, x3}, (0.006819, 0.486968, 0.505528, 0.00068538))
({x2, x4}, (0.006819, 0.486968, 0.505528, 0.00068538)) == ({x2, x4}, (0.006819, 0.486968, 0.505528, 0.00068538))
({x2, x5}, (0.006819, 0.486968, 0.505528, 0.00068538)) == ({x2, x5}, (0.006819, 0.486968, 0.505528, 0.00068538))
({x2, x6}, (0.505528, 0.00068538, 0.006819, 0.486968)) == ({x2, x6}, (0.505528, 0.00068538, 0.006819, 0.486968))
({x2, x7}, (0.506301, 0.000686429, 0.00530006, 0.487712)) == ({x2, x7}, (0.506301, 0.000686429, 0.00530006, 0.487712))
({x2, x8}, (0.505528, 0.00068538, 0.006819, 0.486968)) == ({x2, x8}, (0.505528, 0.00068538, 0.006819, 0.486968))
({x2, x9}, (0.006819, 0.486968, 0.505528, 0.00068538)) == ({x2, x9}, (0.006819, 0.486968, 0.505528, 0.00068538))
({x3, x4}, (0.490477, 0.000352842, 1.67829e-07, 0.50917)) == ({x3, x4}, (0.490477, 0.000352842, 1.67829e-07, 0.50917))
({x3, x5}, (0.489672, 0.000352263, 0.00163999, 0.508336)) == ({x3, x5}, (0.489672, 0.000352263, 0.00163999, 0.508336))
({x3, x6}, (0.000904425, 0.50871, 0.490033, 0.000352523)) == ({x3, x6}, (0.000904425, 0.50871, 0.490033, 0.000352523))
({x3, x7}, (0.00682346, 0.505859, 0.487286, 3.18273e-05)) == ({x3, x7}, (0.00682346, 0.505859, 0.487286, 3.18273e-05))
({x3, x8}, (0.000904425, 0.50871, 0.490033, 0.000352523)) == ({x3, x8}, (0.000904425, 0.50871, 0.490033, 0.000352523))
({x3, x9}, (0.490033, 0.000352523, 0.000904425, 0.50871)) == ({x3, x9}, (0.490033, 0.000352523, 0.000904425, 0.50871))
({x4, x5}, (0.48984, 9.44612e-06, 0.00164055, 0.50851)) == ({x4, x5}, (0.48984, 9.44612e-06, 0.00164055, 0.50851))
({x4, x6}, (0.000904735, 0.508885, 0.490201, 9.45308e-06)) == ({x4, x6}, (0.000904735, 0.508885, 0.490201, 9.45308e-06))
({x4, x7}, (0.00682346, 0.505859, 0.487286, 3.18273e-05)) == ({x4, x7}, (0.00682346, 0.505859, 0.487286, 3.18273e-05))
({x4, x8}, (0.000904735, 0.508885, 0.490201, 9.45308e-06)) == ({x4, x8}, (0.000904735, 0.508885, 0.490201, 9.45308e-06))
({x4, x9}, (0.490201, 9.45308e-06, 0.000904735, 0.508885)) == ({x4, x9}, (0.490201, 9.45308e-06, 0.000904735, 0.508885))
({x5, x6}, (3.93495e-06, 0.508513, 0.489843, 0.00164056)) == ({x5, x6}, (3.93495e-06, 0.508513, 0.489843, 0.00164056))
({x5, x7}, (0.006823, 0.505825, 0.487253, 9.90025e-05)) == ({x5, x7}, (0.006823, 0.505825, 0.487253, 9.90025e-05))
({x5, x8}, (3.93495e-06, 0.508513, 0.489843, 0.00164056)) == ({x5, x8}, (3.93495e-06, 0.508513, 0.489843, 0.00164056))
({x5, x9}, (0.489843, 0.00164056, 3.93495e-06, 0.508513)) == ({x5, x9}, (0.489843, 0.00164056, 3.93495e-06, 0.508513))
({x6, x7}, (0.505859, 0.00682346, 3.18273e-05, 0.487286)) == ({x6, x7}, (0.505859, 0.00682346, 3.18273e-05, 0.487286))
({x6, x8}, (0.509347, 6.30666e-06, 3.52313e-08, 0.490647)) == ({x6, x8}, (0.509347, 6.30666e-06, 3.52313e-08, 0.490647))
({x6, x9}, (3.52314e-08, 0.490648, 0.509349, 3.09064e-06)) == ({x6, x9}, (3.52314e-08, 0.490648, 0.509349, 3.09064e-06))
({x7, x8}, (0.505859, 3.18273e-05, 0.00682346, 0.487286)) == ({x7, x8}, (0.505859, 3.18273e-05, 0.00682346, 0.487286))
({x7, x9}, (0.00682346, 0.487286, 0.505859, 3.18273e-05)) == ({x7, x9}, (0.00682346, 0.487286, 0.505859, 3.18273e-05))
({x8, x9}, (6.30666e-06, 0.490647, 0.509347, 1.96446e-07)) == ({x8, x9}, (6.30666e-06, 0.490647, 0.509347, 1.96446e-07))
Exact MAP state (log score = 59.972):
x0: 0
x1: 0
x2: 0
x3: 1
x4: 1
x5: 1
x6: 0
x7: 0
x8: 0
x9: 1
