Builtin inference algorithms: {BP, EXACT, FBP, JTREE, TRWBP}

Exact variable marginals:
({x0}, (0.969406, 0.0305942))
({x1}, (0.702713, 0.297287))
({x2}, (0.934663, 0.0653366))
({x3}, (0.0729769, 0.927023))
({x4}, (0.866464, 0.133536))
({x5}, (0.0438757, 0.956124))
({x6}, (0.312687, 0.687313))
({x7}, (0.159544, 0.840456))
({x8}, (0.977345, 0.0226549))
({x9}, (0.217404, 0.782596))
Exact factor marginals:
({x0}, (0.969406, 0.0305942))
({x1}, (0.702713, 0.297287))
({x2}, (0.934663, 0.0653366))
({x3}, (0.0729769, 0.927023))
({x4}, (0.866464, 0.133536))
({x5}, (0.0438757, 0.956124))
({x6}, (0.312687, 0.687313))
({x7}, (0.159544, 0.840456))
({x8}, (0.977345, 0.0226549))
({x9}, (0.217404, 0.782596))
({x0, x1}, (0.686, 0.0167128, 0.283406, 0.0138814))
({x0, x2}, (0.910829, 0.0238346, 0.0585771, 0.00675951))
({x0, x3}, (0.0660278, 0.00694906, 0.903378, 0.0236451))
({x0, x4}, (0.847962, 0.0185029, 0.121444, 0.0120913))
({x0, x5}, (0.0378923, 0.00598346, 0.931514, 0.0246107))
({x0, x6}, (0.295503, 0.0171844, 0.673903, 0.0134098))
({x0, x7}, (0.150609, 0.00893472, 0.818797, 0.0216594))
({x0, x8}, (0.953946, 0.0233989, 0.0154597, 0.00719522))
({x0, x9}, (0.201172, 0.0162318, 0.768234, 0.0143623))
({x1, x2}, (0.659967, 0.274696, 0.0427459, 0.0225907))
({x1, x3}, (0.0314799, 0.041497, 0.671233, 0.25579))
({x1, x4}, (0.633002, 0.233463, 0.0697112, 0.0638244))
({x1, x5}, (0.0285307, 0.0153451, 0.674182, 0.281942))
({x1, x6}, (0.249682, 0.0630046, 0.45303, 0.234283))
({x1, x7}, (0.088873, 0.0706707, 0.61384, 0.226617))
({x1, x8}, (0.695997, 0.281348, 0.0067157, 0.0159392))
({x1, x9}, (0.0856933, 0.131711, 0.61702, 0.165576))
({x2, x3}, (0.0704464, 0.00253046, 0.864217, 0.0628062))
({x2, x4}, (0.830568, 0.0358964, 0.104095, 0.0294403))
({x2, x5}, (0.0374844, 0.00639138, 0.897179, 0.0589453))
({x2, x6}, (0.280286, 0.032401, 0.654377, 0.0329356))
({x2, x7}, (0.143579, 0.0159642, 0.791084, 0.0493724))
({x2, x8}, (0.917782, 0.0595629, 0.0168812, 0.00577373))
({x2, x9}, (0.198212, 0.0191915, 0.736451, 0.0461451))
({x3, x4}, (0.0678589, 0.798605, 0.00511797, 0.128418))
({x3, x5}, (0.00812117, 0.0357546, 0.0648557, 0.891269))
({x3, x6}, (0.0181168, 0.29457, 0.0548601, 0.632453))
({x3, x7}, (0.0100487, 0.149495, 0.0629282, 0.777528))
({x3, x8}, (0.0663698, 0.910975, 0.00660706, 0.0160479))
({x3, x9}, (0.0289097, 0.188494, 0.0440672, 0.738529))
({x4, x5}, (0.0299692, 0.0139065, 0.836495, 0.119629))
({x4, x6}, (0.252582, 0.0601047, 0.613882, 0.0734309))
({x4, x7}, (0.107438, 0.0521055, 0.759026, 0.0814301))
({x4, x8}, (0.852957, 0.124388, 0.0135075, 0.00914745))
({x4, x9}, (0.198645, 0.0187595, 0.66782, 0.114776))
({x5, x6}, (0.00906634, 0.303621, 0.0348094, 0.652504))
({x5, x7}, (0.00552796, 0.154016, 0.0383478, 0.802109))
({x5, x8}, (0.0418973, 0.935448, 0.00197847, 0.0206765))
({x5, x9}, (0.007812, 0.209592, 0.0360637, 0.746532))
({x6, x7}, (0.0966722, 0.0628715, 0.216015, 0.624441))
({x6, x8}, (0.29925, 0.678095, 0.0134371, 0.00921788))
({x6, x9}, (0.0470434, 0.170361, 0.265644, 0.516952))
({x7, x8}, (0.149626, 0.827719, 0.00991739, 0.0127375))
({x7, x9}, (0.0293712, 0.188033, 0.130172, 0.652424))
({x8, x9}, (0.205326, 0.0120781, 0.772019, 0.0105768))
Exact log partition sum: 13.0577
Exact MAP variable marginals:
({x0}, (0.993335, 0.00666484))
({x1}, (0.822563, 0.177437))
({x2}, (0.971492, 0.0285084))
({x3}, (0.0434339, 0.956566))
({x4}, (0.941293, 0.0587066))
({x5}, (0.0381739, 0.961826))
({x6}, (0.299399, 0.700601))
({x7}, (0.110443, 0.889557))
({x8}, (0.995961, 0.00403876))
({x9}, (0.177437, 0.822563))
Exact MAP factor marginals:
({x0}, (0.993335, 0.00666484)) == ({x0}, (0.993335, 0.00666484))
({x1}, (0.822563, 0.177437)) == ({x1}, (0.822563, 0.177437))
({x2}, (0.971492, 0.0285084)) == ({x2}, (0.971492, 0.0285084))
({x3}, (0.0434339, 0.956566)) == ({x3}, (0.0434339, 0.956566))
({x4}, (0.941293, 0.0587066)) == ({x4}, (0.941293, 0.0587066))
({x5}, (0.0381739, 0.961826)) == ({x5}, (0.0381739, 0.961826))
({x6}, (0.299399, 0.700601)) == ({x6}, (0.299399, 0.700601))
({x7}, (0.110443, 0.889557)) == ({x7}, (0.110443, 0.889557))
({x8}, (0.995961, 0.00403876)) == ({x8}, (0.995961, 0.00403876))
({x9}, (0.177437, 0.822563)) == ({x9}, (0.177437, 0.822563))
({x0, x1}, (0.815089, 0.00546889, 0.175825, 0.00361719)) == ({x0, x1}, (0.815089, 0.00546889, 0.175825, 0.00361719))
({x0, x2}, (0.963377, 0.00646384, 0.0282703, 0.00188844)) == ({x0, x2}, (0.963377, 0.00646384, 0.0282703, 0.00188844))
({x0, x3}, (0.0430521, 0.00242718, 0.948159, 0.00636173)) == ({x0, x3}, (0.0430521, 0.00242718, 0.948159, 0.00636173))
({x0, x4}, (0.933484, 0.00626326, 0.0582195, 0.00203359)) == ({x0, x4}, (0.933484, 0.00626326, 0.0582195, 0.00203359))
({x0, x5}, (0.0378858, 0.00114254, 0.954567, 0.00640472)) == ({x0, x5}, (0.0378858, 0.00114254, 0.954567, 0.00640472))
({x0, x6}, (0.296883, 0.00466122, 0.694714, 0.00374148)) == ({x0, x6}, (0.296883, 0.00466122, 0.694714, 0.00374148))
({x0, x7}, (0.109577, 0.0019227, 0.882579, 0.00592171)) == ({x0, x7}, (0.109577, 0.0019227, 0.882579, 0.00592171))
({x0, x8}, (0.987435, 0.00662525, 0.00400418, 0.0019356)) == ({x0, x8}, (0.987435, 0.00662525, 0.00400418, 0.0019356))
({x0, x9}, (0.175774, 0.0039062, 0.814853, 0.0054673)) == ({x0, x9}, (0.175774, 0.0039062, 0.814853, 0.0054673))
({x1, x2}, (0.796106, 0.17173, 0.0233617, 0.00880307)) == ({x1, x2}, (0.796106, 0.17173, 0.0233617, 0.00880307))
({x1, x3}, (0.0348308, 0.0326014, 0.767096, 0.165472)) == ({x1, x3}, (0.0348308, 0.0326014, 0.767096, 0.165472))
({x1, x4}, (0.755247, 0.162916, 0.0471032, 0.0347335)) == ({x1, x4}, (0.755247, 0.162916, 0.0471032, 0.0347335))
({x1, x5}, (0.0314047, 0.00663923, 0.79127, 0.170687)) == ({x1, x5}, (0.0314047, 0.00663923, 0.79127, 0.170687))
({x1, x6}, (0.255209, 0.0187715, 0.597197, 0.128823)) == ({x1, x6}, (0.255209, 0.0187715, 0.597197, 0.128823))
({x1, x7}, (0.0901156, 0.0274821, 0.725832, 0.156571)) == ({x1, x7}, (0.0901156, 0.0274821, 0.725832, 0.156571))
({x1, x8}, (0.817877, 0.176426, 0.00238033, 0.0033166)) == ({x1, x8}, (0.817877, 0.176426, 0.00238033, 0.0033166))
({x1, x9}, (0.0994807, 0.135751, 0.629315, 0.135453)) == ({x1, x9}, (0.0994807, 0.135751, 0.629315, 0.135453))
({x2, x3}, (0.0422141, 0.000800998, 0.929703, 0.0272821)) == ({x2, x3}, (0.0422141, 0.000800998, 0.929703, 0.0272821))
({x2, x4}, (0.904901, 0.0265543, 0.0564368, 0.012108)) == ({x2, x4}, (0.904901, 0.0265543, 0.0564368, 0.012108))
({x2, x5}, (0.0370267, 0.00267479, 0.932922, 0.0273766)) == ({x2, x5}, (0.0370267, 0.00267479, 0.932922, 0.0273766))
({x2, x6}, (0.288416, 0.0168762, 0.674902, 0.019805)) == ({x2, x6}, (0.288416, 0.0168762, 0.674902, 0.019805))
({x2, x7}, (0.106706, 0.0086156, 0.859458, 0.0252208)) == ({x2, x7}, (0.106706, 0.0086156, 0.859458, 0.0252208))
({x2, x8}, (0.965847, 0.0283428, 0.00391664, 0.00189328)) == ({x2, x8}, (0.965847, 0.0283428, 0.00391664, 0.00189328))
({x2, x9}, (0.17173, 0.00880307, 0.796106, 0.0233617)) == ({x2, x9}, (0.17173, 0.00880307, 0.796106, 0.0233617))
({x3, x4}, (0.0409191, 0.901182, 0.0016941, 0.0562049)) == ({x3, x4}, (0.0409191, 0.901182, 0.0016941, 0.0562049))
({x3, x5}, (0.00573825, 0.0363666, 0.0416051, 0.91629)) == ({x3, x5}, (0.00573825, 0.0363666, 0.0416051, 0.91629))
({x3, x6}, (0.0123245, 0.286592, 0.0304508, 0.670633)) == ({x3, x6}, (0.0123245, 0.286592, 0.0304508, 0.670633))
({x3, x7}, (0.00358257, 0.105775, 0.038684, 0.851958)) == ({x3, x7}, (0.00358257, 0.105775, 0.038684, 0.851958))
({x3, x8}, (0.0431277, 0.949824, 0.003197, 0.00385166)) == ({x3, x8}, (0.0431277, 0.949824, 0.003197, 0.00385166))
({x3, x9}, (0.0326014, 0.165472, 0.0348308, 0.767096)) == ({x3, x9}, (0.0326014, 0.165472, 0.0348308, 0.767096))
({x4, x5}, (0.0357502, 0.0073126, 0.900759, 0.0561785)) == ({x4, x5}, (0.0357502, 0.0073126, 0.900759, 0.0561785))
({x4, x6}, (0.279902, 0.0242696, 0.654979, 0.0408497)) == ({x4, x6}, (0.279902, 0.0242696, 0.654979, 0.0408497))
({x4, x7}, (0.101625, 0.0287949, 0.81853, 0.0510501)) == ({x4, x7}, (0.101625, 0.0287949, 0.81853, 0.0510501))
({x4, x8}, (0.935468, 0.0583433, 0.00379345, 0.00239499)) == ({x4, x8}, (0.935468, 0.0583433, 0.00379345, 0.00239499))
({x4, x9}, (0.167175, 0.00950187, 0.774989, 0.0483345)) == ({x4, x9}, (0.167175, 0.00950187, 0.774989, 0.0483345))
({x5, x6}, (0.00485639, 0.289884, 0.0269225, 0.678337)) == ({x5, x6}, (0.00485639, 0.289884, 0.0269225, 0.678337))
({x5, x7}, (0.00173774, 0.106491, 0.0340423, 0.857729)) == ({x5, x7}, (0.00173774, 0.106491, 0.0340423, 0.857729))
({x5, x8}, (0.0380115, 0.957734, 0.000370687, 0.00388374)) == ({x5, x8}, (0.0380115, 0.957734, 0.000370687, 0.00388374))
({x5, x9}, (0.00349044, 0.171228, 0.0315042, 0.793778)) == ({x5, x9}, (0.00349044, 0.171228, 0.0315042, 0.793778))
({x6, x7}, (0.0771414, 0.0360044, 0.265523, 0.621331)) == ({x6, x7}, (0.0771414, 0.0360044, 0.265523, 0.621331))
({x6, x8}, (0.297945, 0.697199, 0.00202911, 0.00282723)) == ({x6, x8}, (0.297945, 0.697199, 0.00202911, 0.00282723))
({x6, x9}, (0.0272226, 0.127713, 0.253011, 0.592053)) == ({x6, x9}, (0.0272226, 0.127713, 0.253011, 0.592053))
({x7, x8}, (0.109797, 0.884353, 0.00226412, 0.00358617)) == ({x7, x8}, (0.109797, 0.884353, 0.00226412, 0.00358617))
({x7, x9}, (0.0182809, 0.158052, 0.0909682, 0.732699)) == ({x7, x9}, (0.0182809, 0.158052, 0.0909682, 0.732699))
({x8, x9}, (0.176426, 0.0033166, 0.817877, 0.00238033)) == ({x8, x9}, (0.176426, 0.0033166, 0.817877, 0.00238033))
Exact MAP state (log score = 11.8549):
x0: 0
x1: 0
x2: 0
x3: 1
x4: 0
x5: 1
x6: 1
x7: 1
x8: 0
x9: 1
