Builtin inference algorithms: {BP, EXACT, FBP, JTREE, TRWBP}

Exact variable marginals:
({x0}, (0.269557, 0.730443))
({x1}, (0.210951, 0.789049))
({x2}, (0.789049, 0.210951))
({x3}, (0.789049, 0.210951))
({x4}, (0.789049, 0.210951))
({x5}, (0.585849, 0.414151))
({x6}, (0.210951, 0.789049))
({x7}, (0.210951, 0.789049))
({x8}, (0.4129, 0.5871))
({x9}, (0.788828, 0.211172))
Exact factor marginals:
({x0}, (0.269557, 0.730443))
({x1}, (0.210951, 0.789049))
({x2}, (0.789049, 0.210951))
({x3}, (0.789049, 0.210951))
({x4}, (0.789049, 0.210951))
({x5}, (0.585849, 0.414151))
({x6}, (0.210951, 0.789049))
({x7}, (0.210951, 0.789049))
({x8}, (0.4129, 0.5871))
({x9}, (0.788828, 0.211172))
({x0, x1}, (0.203716, 0.00723522, 0.0658419, 0.723207))
({x0, x2}, (0.0658564, 0.723193, 0.203701, 0.0072496))
({x0, x3}, (0.0658564, 0.723193, 0.203701, 0.0072496))
({x0, x4}, (0.0658564, 0.723193, 0.203701, 0.0072496))
({x0, x5}, (0.135549, 0.4503, 0.134009, 0.280142))
({x0, x6}, (0.203701, 0.0072496, 0.0658564, 0.723193))
({x0, x7}, (0.203701, 0.0072496, 0.0658564, 0.723193))
({x0, x8}, (0.134108, 0.278792, 0.13545, 0.45165))
({x0, x9}, (0.0658879, 0.72294, 0.20367, 0.00750247))
({x1, x2}, (1.45267e-05, 0.789035, 0.210936, 1.44121e-05))
({x1, x3}, (1.45274e-05, 0.789035, 0.210936, 1.44131e-05))
({x1, x4}, (1.45323e-05, 0.789035, 0.210936, 1.44147e-05))
({x1, x5}, (0.0724429, 0.513406, 0.138508, 0.275643))
({x1, x6}, (0.210936, 1.44129e-05, 1.45269e-05, 0.789035))
({x1, x7}, (0.210936, 1.44132e-05, 1.45272e-05, 0.789035))
({x1, x8}, (0.138595, 0.274306, 0.0723562, 0.514744))
({x1, x9}, (9.04638e-05, 0.788737, 0.21086, 0.000311697))
({x2, x3}, (0.789049, 1.02386e-09, 1.36866e-09, 0.210951))
({x2, x4}, (0.789049, 5.57413e-09, 2.5681e-09, 0.210951))
({x2, x5}, (0.51342, 0.0724284, 0.275629, 0.138522))
({x2, x6}, (9.72642e-10, 0.210951, 0.789049, 3.02771e-10))
({x2, x7}, (1.09284e-09, 0.210951, 0.789049, 4.87858e-10))
({x2, x8}, (0.274291, 0.138609, 0.514758, 0.0723417))
({x2, x9}, (0.788752, 7.59373e-05, 0.000297285, 0.210875))
({x3, x4}, (0.789049, 6.14774e-09, 2.79692e-09, 0.210951))
({x3, x5}, (0.51342, 0.0724284, 0.275629, 0.138522))
({x3, x6}, (1.01192e-09, 0.210951, 0.789049, 6.86846e-10))
({x3, x7}, (1.32158e-09, 0.210951, 0.789049, 1.06139e-09))
({x3, x8}, (0.274291, 0.138609, 0.514758, 0.0723417))
({x3, x9}, (0.788752, 7.59365e-05, 0.000297284, 0.210875))
({x4, x5}, (0.51342, 0.0724284, 0.275629, 0.138522))
({x4, x6}, (5.73216e-09, 0.210951, 0.789049, 2.05626e-09))
({x4, x7}, (5.24843e-09, 0.210951, 0.789049, 1.63741e-09))
({x4, x8}, (0.274291, 0.138609, 0.514758, 0.0723417))
({x4, x9}, (0.788752, 7.59385e-05, 0.00029729, 0.210875))
({x5, x6}, (0.0724284, 0.138522, 0.51342, 0.275629))
({x5, x7}, (0.0724284, 0.138522, 0.51342, 0.275629))
({x5, x8}, (0.000103716, 0.412796, 0.585745, 0.00135466))
({x5, x9}, (0.513496, 0.275332, 0.0723524, 0.13882))
({x6, x7}, (0.210951, 6.00398e-10, 6.65292e-10, 0.789049))
({x6, x8}, (0.138609, 0.274291, 0.0723417, 0.514758))
({x6, x9}, (7.59374e-05, 0.788752, 0.210875, 0.000297285))
({x7, x8}, (0.138609, 0.274291, 0.0723417, 0.514758))
({x7, x9}, (7.59368e-05, 0.788752, 0.210875, 0.000297284))
({x8, x9}, (0.273994, 0.514834, 0.138906, 0.0722657))
Exact log partition sum: 120.79
Exact MAP variable marginals:
({x0}, (0.226146, 0.773854))
({x1}, (0.226146, 0.773854))
({x2}, (0.773854, 0.226146))
({x3}, (0.773854, 0.226146))
({x4}, (0.773854, 0.226146))
({x5}, (0.623695, 0.376305))
({x6}, (0.226146, 0.773854))
({x7}, (0.226146, 0.773854))
({x8}, (0.376305, 0.623695))
({x9}, (0.773854, 0.226146))
Exact MAP factor marginals:
({x0}, (0.226146, 0.773854)) == ({x0}, (0.226146, 0.773854))
({x1}, (0.226146, 0.773854)) == ({x1}, (0.226146, 0.773854))
({x2}, (0.773854, 0.226146)) == ({x2}, (0.773854, 0.226146))
({x3}, (0.773854, 0.226146)) == ({x3}, (0.773854, 0.226146))
({x4}, (0.773854, 0.226146)) == ({x4}, (0.773854, 0.226146))
({x5}, (0.623695, 0.376305)) == ({x5}, (0.623695, 0.376305))
({x6}, (0.226146, 0.773854)) == ({x6}, (0.226146, 0.773854))
({x7}, (0.226146, 0.773854)) == ({x7}, (0.226146, 0.773854))
({x8}, (0.376305, 0.623695)) == ({x8}, (0.376305, 0.623695))
({x9}, (0.773854, 0.226146)) == ({x9}, (0.773854, 0.226146))
({x0, x1}, (0.201749, 0.010711, 0.0971715, 0.690369)) == ({x0, x1}, (0.201749, 0.010711, 0.0971715, 0.690369))
({x0, x2}, (0.0971715, 0.690369, 0.201749, 0.010711)) == ({x0, x2}, (0.0971715, 0.690369, 0.201749, 0.010711))
({x0, x3}, (0.0971715, 0.690369, 0.201749, 0.010711)) == ({x0, x3}, (0.0971715, 0.690369, 0.201749, 0.010711))
({x0, x4}, (0.0971715, 0.690369, 0.201749, 0.010711)) == ({x0, x4}, (0.0971715, 0.690369, 0.201749, 0.010711))
({x0, x5}, (0.0778439, 0.486477, 0.142165, 0.293515)) == ({x0, x5}, (0.0778439, 0.486477, 0.142165, 0.293515))
({x0, x6}, (0.201749, 0.010711, 0.0971715, 0.690369)) == ({x0, x6}, (0.201749, 0.010711, 0.0971715, 0.690369))
({x0, x7}, (0.201749, 0.010711, 0.0971715, 0.690369)) == ({x0, x7}, (0.201749, 0.010711, 0.0971715, 0.690369))
({x0, x8}, (0.142165, 0.293515, 0.0778439, 0.486477)) == ({x0, x8}, (0.142165, 0.293515, 0.0778439, 0.486477))
({x0, x9}, (0.0971715, 0.690369, 0.201749, 0.010711)) == ({x0, x9}, (0.0971715, 0.690369, 0.201749, 0.010711))
({x1, x2}, (2.49593e-05, 0.773816, 0.226135, 2.47333e-05)) == ({x1, x2}, (2.49593e-05, 0.773816, 0.226135, 2.47333e-05))
({x1, x3}, (2.49593e-05, 0.773816, 0.226135, 2.47333e-05)) == ({x1, x3}, (2.49593e-05, 0.773816, 0.226135, 2.47333e-05))
({x1, x4}, (2.49593e-05, 0.773816, 0.226135, 2.47333e-05)) == ({x1, x4}, (2.49593e-05, 0.773816, 0.226135, 2.47333e-05))
({x1, x5}, (0.0778439, 0.486477, 0.142165, 0.293515)) == ({x1, x5}, (0.0778439, 0.486477, 0.142165, 0.293515))
({x1, x6}, (0.226135, 2.47333e-05, 2.49593e-05, 0.773816)) == ({x1, x6}, (0.226135, 2.47333e-05, 2.49593e-05, 0.773816))
({x1, x7}, (0.226135, 2.47333e-05, 2.49593e-05, 0.773816)) == ({x1, x7}, (0.226135, 2.47333e-05, 2.49593e-05, 0.773816))
({x1, x8}, (0.142165, 0.293515, 0.0778439, 0.486477)) == ({x1, x8}, (0.142165, 0.293515, 0.0778439, 0.486477))
({x1, x9}, (0.000123233, 0.773417, 0.226018, 0.000441832)) == ({x1, x9}, (0.000123233, 0.773417, 0.226018, 0.000441832))
({x2, x3}, (0.773854, 9.42074e-10, 1.04409e-09, 0.226146)) == ({x2, x3}, (0.773854, 9.42074e-10, 1.04409e-09, 0.226146))
({x2, x4}, (0.773854, 6.43359e-09, 1.54015e-09, 0.226146)) == ({x2, x4}, (0.773854, 6.43359e-09, 1.54015e-09, 0.226146))
({x2, x5}, (0.486477, 0.0778439, 0.293515, 0.142165)) == ({x2, x5}, (0.486477, 0.0778439, 0.293515, 0.142165))
({x2, x6}, (9.71242e-10, 0.226146, 0.773854, 3.94173e-10)) == ({x2, x6}, (9.71242e-10, 0.226146, 0.773854, 3.94173e-10))
({x2, x7}, (9.71242e-10, 0.226146, 0.773854, 4.21311e-10)) == ({x2, x7}, (9.71242e-10, 0.226146, 0.773854, 4.21311e-10))
({x2, x8}, (0.293515, 0.142165, 0.486477, 0.0778439)) == ({x2, x8}, (0.293515, 0.142165, 0.486477, 0.0778439))
({x2, x9}, (0.773417, 0.000123233, 0.000441832, 0.226018)) == ({x2, x9}, (0.773417, 0.000123233, 0.000441832, 0.226018))
({x3, x4}, (0.773854, 6.43359e-09, 1.54015e-09, 0.226146)) == ({x3, x4}, (0.773854, 6.43359e-09, 1.54015e-09, 0.226146))
({x3, x5}, (0.486477, 0.0778439, 0.293515, 0.142165)) == ({x3, x5}, (0.486477, 0.0778439, 0.293515, 0.142165))
({x3, x6}, (9.42074e-10, 0.226146, 0.773854, 1.04409e-09)) == ({x3, x6}, (9.42074e-10, 0.226146, 0.773854, 1.04409e-09))
({x3, x7}, (9.42074e-10, 0.226146, 0.773854, 1.04409e-09)) == ({x3, x7}, (9.42074e-10, 0.226146, 0.773854, 1.04409e-09))
({x3, x8}, (0.293515, 0.142165, 0.486477, 0.0778439)) == ({x3, x8}, (0.293515, 0.142165, 0.486477, 0.0778439))
({x3, x9}, (0.773417, 0.000123233, 0.000441832, 0.226018)) == ({x3, x9}, (0.773417, 0.000123233, 0.000441832, 0.226018))
({x4, x5}, (0.486477, 0.0778439, 0.293515, 0.142165)) == ({x4, x5}, (0.486477, 0.0778439, 0.293515, 0.142165))
({x4, x6}, (6.43359e-09, 0.226146, 0.773854, 1.54015e-09)) == ({x4, x6}, (6.43359e-09, 0.226146, 0.773854, 1.54015e-09))
({x4, x7}, (6.43359e-09, 0.226146, 0.773854, 1.54015e-09)) == ({x4, x7}, (6.43359e-09, 0.226146, 0.773854, 1.54015e-09))
({x4, x8}, (0.293515, 0.142165, 0.486477, 0.0778439)) == ({x4, x8}, (0.293515, 0.142165, 0.486477, 0.0778439))
({x4, x9}, (0.773417, 0.000123233, 0.000441832, 0.226018)) == ({x4, x9}, (0.773417, 0.000123233, 0.000441832, 0.226018))
({x5, x6}, (0.0778439, 0.142165, 0.486477, 0.293515)) == ({x5, x6}, (0.0778439, 0.142165, 0.486477, 0.293515))
({x5, x7}, (0.0778439, 0.142165, 0.486477, 0.293515)) == ({x5, x7}, (0.0778439, 0.142165, 0.486477, 0.293515))
({x5, x8}, (0.000128326, 0.375555, 0.622452, 0.00186459)) == ({x5, x8}, (0.000128326, 0.375555, 0.622452, 0.00186459))
({x5, x9}, (0.486477, 0.293515, 0.0778439, 0.142165)) == ({x5, x9}, (0.486477, 0.293515, 0.0778439, 0.142165))
({x6, x7}, (0.226146, 6.48033e-10, 4.5662e-10, 0.773854)) == ({x6, x7}, (0.226146, 6.48033e-10, 4.5662e-10, 0.773854))
({x6, x8}, (0.142165, 0.293515, 0.0778439, 0.486477)) == ({x6, x8}, (0.142165, 0.293515, 0.0778439, 0.486477))
({x6, x9}, (0.000123233, 0.773417, 0.226018, 0.000441832)) == ({x6, x9}, (0.000123233, 0.773417, 0.226018, 0.000441832))
({x7, x8}, (0.142165, 0.293515, 0.0778439, 0.486477)) == ({x7, x8}, (0.142165, 0.293515, 0.0778439, 0.486477))
({x7, x9}, (0.000123233, 0.773417, 0.226018, 0.000441832)) == ({x7, x9}, (0.000123233, 0.773417, 0.226018, 0.000441832))
({x8, x9}, (0.293515, 0.486477, 0.142165, 0.0778439)) == ({x8, x9}, (0.293515, 0.486477, 0.142165, 0.0778439))
Exact MAP state (log score = 119.992):
x0: 1
x1: 1
x2: 0
x3: 0
x4: 0
x5: 0
x6: 1
x7: 1
x8: 1
x9: 0
