Builtin inference algorithms: {BP, EXACT, FBP, JTREE, TRWBP}

Exact variable marginals:
({x0}, (0.505073, 0.494927))
({x1}, (0.571976, 0.428024))
({x2}, (0.427963, 0.572037))
({x3}, (0.572038, 0.427962))
({x4}, (0.429107, 0.570893))
({x5}, (0.421847, 0.578153))
({x6}, (0.40236, 0.59764))
({x7}, (0.429096, 0.570904))
({x8}, (0.578118, 0.421882))
({x9}, (0.599309, 0.400691))
Exact factor marginals:
({x0}, (0.505073, 0.494927))
({x1}, (0.571976, 0.428024))
({x2}, (0.427963, 0.572037))
({x3}, (0.572038, 0.427962))
({x4}, (0.429107, 0.570893))
({x5}, (0.421847, 0.578153))
({x6}, (0.40236, 0.59764))
({x7}, (0.429096, 0.570904))
({x8}, (0.578118, 0.421882))
({x9}, (0.599309, 0.400691))
({x0, x1}, (0.100236, 0.47174, 0.404838, 0.0231869))
({x0, x2}, (0.404777, 0.0231864, 0.100297, 0.47174))
({x0, x3}, (0.100301, 0.471737, 0.404773, 0.0231895))
({x0, x4}, (0.406757, 0.0223494, 0.098316, 0.472577))
({x0, x5}, (0.404995, 0.0168526, 0.100079, 0.478074))
({x0, x6}, (0.363295, 0.0390641, 0.141778, 0.455863))
({x0, x7}, (0.40676, 0.0223362, 0.0983134, 0.472591))
({x0, x8}, (0.0999641, 0.478154, 0.405109, 0.0167725))
({x0, x9}, (0.145749, 0.45356, 0.359324, 0.041367))
({x1, x2}, (6.54037e-06, 0.427957, 0.571969, 6.78702e-05))
({x1, x3}, (0.571973, 6.48589e-05, 2.54543e-06, 0.42796))
({x1, x4}, (0.00194534, 0.427161, 0.57003, 0.000863224))
({x1, x5}, (0.000234338, 0.421613, 0.571741, 0.00641158))
({x1, x6}, (0.022631, 0.379729, 0.549345, 0.0482959))
({x1, x7}, (0.0019262, 0.42717, 0.570049, 0.000854652))
({x1, x8}, (0.571636, 0.0064821, 0.000339304, 0.421542))
({x1, x9}, (0.547042, 0.0522674, 0.0249339, 0.375757))
({x2, x3}, (4.0074e-06, 0.572034, 0.427959, 3.02378e-06))
({x2, x4}, (0.427094, 0.00201307, 0.000869619, 0.570024))
({x2, x5}, (0.421619, 0.000227797, 0.00634371, 0.571809))
({x2, x6}, (0.379735, 0.0226244, 0.048228, 0.549412))
({x2, x7}, (0.427102, 0.00199392, 0.000861048, 0.570043))
({x2, x8}, (0.00641423, 0.571704, 0.421549, 0.000332764))
({x2, x9}, (0.0521995, 0.547109, 0.375764, 0.0249274))
({x3, x4}, (0.00201005, 0.427097, 0.570028, 0.000865617))
({x3, x5}, (0.000231799, 0.421615, 0.571806, 0.00634673))
({x3, x6}, (0.0226284, 0.379731, 0.549409, 0.0482311))
({x3, x7}, (0.0019909, 0.427105, 0.570047, 0.000857045))
({x3, x8}, (0.571701, 0.00641725, 0.000336766, 0.421545))
({x3, x9}, (0.547106, 0.0522025, 0.0249314, 0.37576))
({x4, x5}, (0.42075, 0.00109742, 0.00835678, 0.569796))
({x4, x6}, (0.378866, 0.023494, 0.0502411, 0.547399))
({x4, x7}, (0.429087, 8.57622e-06, 1.91537e-05, 0.570885))
({x4, x8}, (0.0084273, 0.569691, 0.420679, 0.00120238))
({x4, x9}, (0.054212, 0.545097, 0.374895, 0.0257964))
({x5, x6}, (0.379963, 0.0223966, 0.0418843, 0.555756))
({x5, x7}, (0.420758, 0.00833763, 0.00108884, 0.569815))
({x5, x8}, (8.0094e-05, 0.578038, 0.421767, 0.000114542))
({x5, x9}, (0.045856, 0.553453, 0.375991, 0.0246997))
({x6, x7}, (0.378874, 0.050222, 0.0234855, 0.547419))
({x6, x8}, (0.0222916, 0.555827, 0.380068, 0.0418138))
({x6, x9}, (0.00397165, 0.595337, 0.398388, 0.00230314))
({x7, x8}, (0.00840815, 0.56971, 0.420688, 0.00119381))
({x7, x9}, (0.0541934, 0.545116, 0.374903, 0.0257884))
({x8, x9}, (0.553524, 0.0457854, 0.0245948, 0.376096))
Exact log partition sum: 87.9263
Exact MAP variable marginals:
({x0}, (0.445323, 0.554677))
({x1}, (0.554677, 0.445323))
({x2}, (0.445323, 0.554677))
({x3}, (0.554677, 0.445323))
({x4}, (0.445323, 0.554677))
({x5}, (0.445323, 0.554677))
({x6}, (0.445323, 0.554677))
({x7}, (0.445323, 0.554677))
({x8}, (0.554677, 0.445323))
({x9}, (0.554677, 0.445323))
Exact MAP factor marginals:
({x0}, (0.445323, 0.554677)) == ({x0}, (0.445323, 0.554677))
({x1}, (0.554677, 0.445323)) == ({x1}, (0.554677, 0.445323))
({x2}, (0.445323, 0.554677)) == ({x2}, (0.445323, 0.554677))
({x3}, (0.554677, 0.445323)) == ({x3}, (0.554677, 0.445323))
({x4}, (0.445323, 0.554677)) == ({x4}, (0.445323, 0.554677))
({x5}, (0.445323, 0.554677)) == ({x5}, (0.445323, 0.554677))
({x6}, (0.445323, 0.554677)) == ({x6}, (0.445323, 0.554677))
({x7}, (0.445323, 0.554677)) == ({x7}, (0.445323, 0.554677))
({x8}, (0.554677, 0.445323)) == ({x8}, (0.554677, 0.445323))
({x9}, (0.554677, 0.445323)) == ({x9}, (0.554677, 0.445323))
({x0, x1}, (0.106488, 0.486014, 0.390196, 0.0173017)) == ({x0, x1}, (0.106488, 0.486014, 0.390196, 0.0173017))
({x0, x2}, (0.390196, 0.0173017, 0.106488, 0.486014)) == ({x0, x2}, (0.390196, 0.0173017, 0.106488, 0.486014))
({x0, x3}, (0.106488, 0.486014, 0.390196, 0.0173017)) == ({x0, x3}, (0.106488, 0.486014, 0.390196, 0.0173017))
({x0, x4}, (0.390196, 0.0173017, 0.106488, 0.486014)) == ({x0, x4}, (0.390196, 0.0173017, 0.106488, 0.486014))
({x0, x5}, (0.390196, 0.0173017, 0.106488, 0.486014)) == ({x0, x5}, (0.390196, 0.0173017, 0.106488, 0.486014))
({x0, x6}, (0.387511, 0.0240634, 0.105756, 0.48267)) == ({x0, x6}, (0.387511, 0.0240634, 0.105756, 0.48267))
({x0, x7}, (0.390196, 0.0173017, 0.106488, 0.486014)) == ({x0, x7}, (0.390196, 0.0173017, 0.106488, 0.486014))
({x0, x8}, (0.106488, 0.486014, 0.390196, 0.0173017)) == ({x0, x8}, (0.106488, 0.486014, 0.390196, 0.0173017))
({x0, x9}, (0.105756, 0.48267, 0.387511, 0.0240634)) == ({x0, x9}, (0.105756, 0.48267, 0.387511, 0.0240634))
({x1, x2}, (4.95311e-06, 0.445285, 0.55463, 8.02604e-05)) == ({x1, x2}, (4.95311e-06, 0.445285, 0.55463, 8.02604e-05))
({x1, x3}, (0.554631, 8.02606e-05, 3.15414e-06, 0.445286)) == ({x1, x3}, (0.554631, 8.02606e-05, 3.15414e-06, 0.445286))
({x1, x4}, (0.00237982, 0.443794, 0.552773, 0.00105317)) == ({x1, x4}, (0.00237982, 0.443794, 0.552773, 0.00105317))
({x1, x5}, (0.000280123, 0.441727, 0.550199, 0.00779391)) == ({x1, x5}, (0.000280123, 0.441727, 0.550199, 0.00779391))
({x1, x6}, (0.0256164, 0.412522, 0.513822, 0.0480399)) == ({x1, x6}, (0.0256164, 0.412522, 0.513822, 0.0480399))
({x1, x7}, (0.00237982, 0.443794, 0.552773, 0.00105317)) == ({x1, x7}, (0.00237982, 0.443794, 0.552773, 0.00105317))
({x1, x8}, (0.550199, 0.00779391, 0.000280123, 0.441727)) == ({x1, x8}, (0.550199, 0.00779391, 0.000280123, 0.441727))
({x1, x9}, (0.513822, 0.0480399, 0.0256164, 0.412522)) == ({x1, x9}, (0.513822, 0.0480399, 0.0256164, 0.412522))
({x2, x3}, (4.95349e-06, 0.554673, 0.445319, 3.73975e-06)) == ({x2, x3}, (4.95349e-06, 0.554673, 0.445319, 3.73975e-06))
({x2, x4}, (0.443794, 0.00237982, 0.00105317, 0.552773)) == ({x2, x4}, (0.443794, 0.00237982, 0.00105317, 0.552773))
({x2, x5}, (0.441727, 0.000280123, 0.00779391, 0.550199)) == ({x2, x5}, (0.441727, 0.000280123, 0.00779391, 0.550199))
({x2, x6}, (0.412522, 0.0256164, 0.0480399, 0.513822)) == ({x2, x6}, (0.412522, 0.0256164, 0.0480399, 0.513822))
({x2, x7}, (0.443794, 0.00237982, 0.00105317, 0.552773)) == ({x2, x7}, (0.443794, 0.00237982, 0.00105317, 0.552773))
({x2, x8}, (0.00779391, 0.550199, 0.441727, 0.000280123)) == ({x2, x8}, (0.00779391, 0.550199, 0.441727, 0.000280123))
({x2, x9}, (0.0480399, 0.513822, 0.412522, 0.0256164)) == ({x2, x9}, (0.0480399, 0.513822, 0.412522, 0.0256164))
({x3, x4}, (0.00237982, 0.443794, 0.552773, 0.00105317)) == ({x3, x4}, (0.00237982, 0.443794, 0.552773, 0.00105317))
({x3, x5}, (0.000280123, 0.441727, 0.550199, 0.00779391)) == ({x3, x5}, (0.000280123, 0.441727, 0.550199, 0.00779391))
({x3, x6}, (0.0256164, 0.412522, 0.513822, 0.0480399)) == ({x3, x6}, (0.0256164, 0.412522, 0.513822, 0.0480399))
({x3, x7}, (0.00237982, 0.443794, 0.552773, 0.00105317)) == ({x3, x7}, (0.00237982, 0.443794, 0.552773, 0.00105317))
({x3, x8}, (0.550199, 0.00779391, 0.000280123, 0.441727)) == ({x3, x8}, (0.550199, 0.00779391, 0.000280123, 0.441727))
({x3, x9}, (0.513822, 0.0480399, 0.0256164, 0.412522)) == ({x3, x9}, (0.513822, 0.0480399, 0.0256164, 0.412522))
({x4, x5}, (0.441388, 0.00104746, 0.00778793, 0.549777)) == ({x4, x5}, (0.441388, 0.00104746, 0.00778793, 0.549777))
({x4, x6}, (0.412522, 0.0256164, 0.0480399, 0.513822)) == ({x4, x6}, (0.412522, 0.0256164, 0.0480399, 0.513822))
({x4, x7}, (0.445311, 9.48761e-06, 1.68046e-05, 0.554663)) == ({x4, x7}, (0.445311, 9.48761e-06, 1.68046e-05, 0.554663))
({x4, x8}, (0.00778793, 0.549777, 0.441388, 0.00104746)) == ({x4, x8}, (0.00778793, 0.549777, 0.441388, 0.00104746))
({x4, x9}, (0.0480399, 0.513822, 0.412522, 0.0256164)) == ({x4, x9}, (0.0480399, 0.513822, 0.412522, 0.0256164))
({x5, x6}, (0.412522, 0.0256164, 0.0480399, 0.513822)) == ({x5, x6}, (0.412522, 0.0256164, 0.0480399, 0.513822))
({x5, x7}, (0.441388, 0.00778793, 0.00104746, 0.549777)) == ({x5, x7}, (0.441388, 0.00778793, 0.00104746, 0.549777))
({x5, x8}, (9.91344e-05, 0.55455, 0.44522, 0.000130345)) == ({x5, x8}, (9.91344e-05, 0.55455, 0.44522, 0.000130345))
({x5, x9}, (0.0480399, 0.513822, 0.412522, 0.0256164)) == ({x5, x9}, (0.0480399, 0.513822, 0.412522, 0.0256164))
({x6, x7}, (0.412522, 0.0480399, 0.0256164, 0.513822)) == ({x6, x7}, (0.412522, 0.0480399, 0.0256164, 0.513822))
({x6, x8}, (0.0256164, 0.513822, 0.412522, 0.0480399)) == ({x6, x8}, (0.0256164, 0.513822, 0.412522, 0.0480399))
({x6, x9}, (0.00488841, 0.550394, 0.441884, 0.00283432)) == ({x6, x9}, (0.00488841, 0.550394, 0.441884, 0.00283432))
({x7, x8}, (0.00778793, 0.549777, 0.441388, 0.00104746)) == ({x7, x8}, (0.00778793, 0.549777, 0.441388, 0.00104746))
({x7, x9}, (0.0480399, 0.513822, 0.412522, 0.0256164)) == ({x7, x9}, (0.0480399, 0.513822, 0.412522, 0.0256164))
({x8, x9}, (0.513822, 0.0480399, 0.0256164, 0.412522)) == ({x8, x9}, (0.513822, 0.0480399, 0.0256164, 0.412522))
Exact MAP state (log score = 87.1214):
x0: 1
x1: 0
x2: 1
x3: 0
x4: 1
x5: 1
x6: 1
x7: 1
x8: 0
x9: 0
