Builtin inference algorithms: {BP, EXACT, FBP, JTREE, TRWBP}

Exact variable marginals:
({x0}, (0.00369869, 0.996301))
({x1}, (0.00370576, 0.996294))
({x2}, (0.00370158, 0.996298))
({x3}, (0.00373605, 0.996264))
({x4}, (0.996304, 0.0036958))
({x5}, (0.996298, 0.00370161))
({x6}, (0.00369917, 0.996301))
({x7}, (0.00369878, 0.996301))
({x8}, (0.996302, 0.00369843))
({x9}, (0.996301, 0.00369869))
Exact factor marginals:
({x0}, (0.00369869, 0.996301))
({x1}, (0.00370576, 0.996294))
({x2}, (0.00370158, 0.996298))
({x3}, (0.00373605, 0.996264))
({x4}, (0.996304, 0.0036958))
({x5}, (0.996298, 0.00370161))
({x6}, (0.00369917, 0.996301))
({x7}, (0.00369878, 0.996301))
({x8}, (0.996302, 0.00369843))
({x9}, (0.996301, 0.00369869))
({x0, x1}, (0.00369868, 7.07995e-06, 1.15277e-08, 0.996294))
({x0, x2}, (0.00369821, 3.3728e-06, 4.85461e-07, 0.996298))
({x0, x3}, (0.00369819, 3.78544e-05, 5.00958e-07, 0.996263))
({x0, x4}, (3.69469e-06, 0.996301, 0.003695, 7.9841e-07))
({x0, x5}, (4.88611e-07, 0.996298, 0.0036982, 3.40691e-06))
({x0, x6}, (0.00369868, 4.88342e-07, 9.31568e-09, 0.996301))
({x0, x7}, (0.00369869, 9.29589e-08, 5.13455e-09, 0.996301))
({x0, x8}, (4.148e-06, 0.996297, 0.00369454, 3.88461e-06))
({x0, x9}, (4.90885e-09, 0.996301, 0.00369869, 4.2787e-10))
({x1, x2}, (0.0036982, 3.3839e-06, 7.56498e-06, 0.996291))
({x1, x3}, (0.00369818, 3.78655e-05, 7.58049e-06, 0.996256))
({x1, x4}, (1.07746e-05, 0.996293, 0.00369499, 8.09906e-07))
({x1, x5}, (7.56815e-06, 0.996291, 0.00369819, 3.41803e-06))
({x1, x6}, (0.00369867, 4.99441e-07, 7.08883e-06, 0.996294))
({x1, x7}, (0.00369868, 1.04082e-07, 7.08468e-06, 0.996294))
({x1, x8}, (1.12279e-05, 0.99629, 0.00369453, 3.89611e-06))
({x1, x9}, (7.08445e-06, 0.996294, 0.00369868, 1.15514e-08))
({x2, x3}, (0.00370156, 3.44895e-05, 2.34178e-08, 0.996264))
({x2, x4}, (7.06253e-06, 0.996297, 0.00369452, 1.27891e-06))
({x2, x5}, (3.56518e-09, 0.996298, 0.00370158, 3.45223e-08))
({x2, x6}, (0.00369869, 4.76146e-07, 2.88446e-06, 0.996298))
({x2, x7}, (0.0036983, 4.80327e-07, 3.27985e-06, 0.996298))
({x2, x8}, (3.75709e-06, 0.996298, 0.00369782, 6.06367e-07))
({x2, x9}, (3.37238e-06, 0.996298, 0.00369821, 4.80552e-07))
({x3, x4}, (4.15465e-05, 0.996263, 0.0036945, 1.29678e-06))
({x3, x5}, (3.44931e-05, 0.996264, 0.00370155, 5.794e-08))
({x3, x6}, (0.00369868, 4.94018e-07, 3.73684e-05, 0.996263))
({x3, x7}, (0.00369828, 4.98197e-07, 3.77638e-05, 0.996263))
({x3, x8}, (3.82466e-05, 0.996263, 0.0036978, 6.29784e-07))
({x3, x9}, (3.78563e-05, 0.996263, 0.00369819, 4.98424e-07))
({x4, x5}, (0.996297, 1.28206e-06, 7.09664e-06, 0.00369451))
({x4, x6}, (4.17807e-06, 0.00369499, 0.9963, 8.02763e-07))
({x4, x7}, (3.78269e-06, 0.003695, 0.9963, 7.98584e-07))
({x4, x8}, (0.996301, 6.79681e-07, 3.31258e-06, 0.00369512))
({x4, x9}, (0.996301, 7.98356e-07, 3.69015e-06, 0.003695))
({x5, x6}, (4.79329e-07, 0.00369869, 0.996298, 2.9186e-06))
({x5, x7}, (4.83477e-07, 0.0036983, 0.996298, 3.31395e-06))
({x5, x8}, (0.996298, 3.78934e-06, 6.07654e-07, 0.00369782))
({x5, x9}, (0.996298, 3.40648e-06, 4.83702e-07, 0.0036982))
({x6, x7}, (0.00369878, 4.18114e-09, 3.95383e-07, 0.996301))
({x6, x8}, (4.23203e-06, 0.996297, 0.00369494, 3.48962e-06))
({x6, x9}, (4.87914e-07, 0.996301, 0.00369868, 4.40684e-09))
({x7, x8}, (4.23556e-06, 0.996297, 0.00369454, 3.88436e-06))
({x7, x9}, (9.25338e-08, 0.996301, 0.00369869, 2.28513e-10))
({x8, x9}, (0.996297, 3.88456e-06, 4.14346e-06, 0.00369454))
Exact log partition sum: 32.9292
Exact MAP variable marginals:
({x0}, (0.00369467, 0.996305))
({x1}, (0.00369467, 0.996305))
({x2}, (0.00369467, 0.996305))
({x3}, (0.00369467, 0.996305))
({x4}, (0.996305, 0.00369467))
({x5}, (0.996305, 0.00369467))
({x6}, (0.00369467, 0.996305))
({x7}, (0.00369467, 0.996305))
({x8}, (0.996305, 0.00369467))
({x9}, (0.996305, 0.00369467))
Exact MAP factor marginals:
({x0}, (0.00369467, 0.996305)) == ({x0}, (0.00369467, 0.996305))
({x1}, (0.00369467, 0.996305)) == ({x1}, (0.00369467, 0.996305))
({x2}, (0.00369467, 0.996305)) == ({x2}, (0.00369467, 0.996305))
({x3}, (0.00369467, 0.996305)) == ({x3}, (0.00369467, 0.996305))
({x4}, (0.996305, 0.00369467)) == ({x4}, (0.996305, 0.00369467))
({x5}, (0.996305, 0.00369467)) == ({x5}, (0.996305, 0.00369467))
({x6}, (0.00369467, 0.996305)) == ({x6}, (0.00369467, 0.996305))
({x7}, (0.00369467, 0.996305)) == ({x7}, (0.00369467, 0.996305))
({x8}, (0.996305, 0.00369467)) == ({x8}, (0.996305, 0.00369467))
({x9}, (0.996305, 0.00369467)) == ({x9}, (0.996305, 0.00369467))
({x0, x1}, (0.00369464, 7.07984e-06, 1.14923e-08, 0.996298)) == ({x0, x1}, (0.00369464, 7.07984e-06, 1.14923e-08, 0.996298))
({x0, x2}, (0.00369465, 2.88064e-06, 4.73368e-07, 0.996302)) == ({x0, x2}, (0.00369465, 2.88064e-06, 4.73368e-07, 0.996302))
({x0, x3}, (0.00369454, 3.44849e-05, 4.73353e-07, 0.996271)) == ({x0, x3}, (0.00369454, 3.44849e-05, 4.73353e-07, 0.996271))
({x0, x4}, (3.66091e-06, 0.996301, 0.00369465, 6.01048e-07)) == ({x0, x4}, (3.66091e-06, 0.996301, 0.00369465, 6.01048e-07))
({x0, x5}, (4.73368e-07, 0.996302, 0.00369465, 2.88064e-06)) == ({x0, x5}, (4.73368e-07, 0.996302, 0.00369465, 2.88064e-06))
({x0, x6}, (0.00369466, 3.94752e-07, 4.17903e-09, 0.996305)) == ({x0, x6}, (0.00369466, 3.94752e-07, 4.17903e-09, 0.996305))
({x0, x7}, (0.00369467, 9.21395e-08, 2.53511e-09, 0.996305)) == ({x0, x7}, (0.00369467, 9.21395e-08, 2.53511e-09, 0.996305))
({x0, x8}, (3.6609e-06, 0.996299, 0.00369464, 2.88064e-06)) == ({x0, x8}, (3.6609e-06, 0.996299, 0.00369464, 2.88064e-06))
({x0, x9}, (2.53511e-09, 0.996305, 0.00369467, 3.68089e-10)) == ({x0, x9}, (2.53511e-09, 0.996305, 0.00369467, 3.68089e-10))
({x1, x2}, (0.00369463, 2.88063e-06, 7.07982e-06, 0.996295)) == ({x1, x2}, (0.00369463, 2.88063e-06, 7.07982e-06, 0.996295))
({x1, x3}, (0.00369451, 3.44846e-05, 7.0796e-06, 0.996264)) == ({x1, x3}, (0.00369451, 3.44846e-05, 7.0796e-06, 0.996264))
({x1, x4}, (7.07984e-06, 0.996298, 0.00369464, 6.01046e-07)) == ({x1, x4}, (7.07984e-06, 0.996298, 0.00369464, 6.01046e-07))
({x1, x5}, (7.07982e-06, 0.996295, 0.00369463, 2.88063e-06)) == ({x1, x5}, (7.07982e-06, 0.996295, 0.00369463, 2.88063e-06))
({x1, x6}, (0.00369464, 3.9475e-07, 7.07984e-06, 0.996298)) == ({x1, x6}, (0.00369464, 3.9475e-07, 7.07984e-06, 0.996298))
({x1, x7}, (0.00369464, 9.21389e-08, 7.07984e-06, 0.996298)) == ({x1, x7}, (0.00369464, 9.21389e-08, 7.07984e-06, 0.996298))
({x1, x8}, (7.07982e-06, 0.996295, 0.00369463, 2.88063e-06)) == ({x1, x8}, (7.07982e-06, 0.996295, 0.00369463, 2.88063e-06))
({x1, x9}, (7.07984e-06, 0.996298, 0.00369464, 1.14923e-08)) == ({x1, x9}, (7.07984e-06, 0.996298, 0.00369464, 1.14923e-08))
({x2, x3}, (0.00369454, 3.44849e-05, 2.06608e-08, 0.996271)) == ({x2, x3}, (0.00369454, 3.44849e-05, 2.06608e-08, 0.996271))
({x2, x4}, (3.66091e-06, 0.996301, 0.00369465, 6.01048e-07)) == ({x2, x4}, (3.66091e-06, 0.996301, 0.00369465, 6.01048e-07))
({x2, x5}, (1.85731e-09, 0.996305, 0.00369467, 3.39529e-08)) == ({x2, x5}, (1.85731e-09, 0.996305, 0.00369467, 3.39529e-08))
({x2, x6}, (0.00369465, 4.73368e-07, 2.88064e-06, 0.996302)) == ({x2, x6}, (0.00369465, 4.73368e-07, 2.88064e-06, 0.996302))
({x2, x7}, (0.00369465, 4.73368e-07, 2.88064e-06, 0.996302)) == ({x2, x7}, (0.00369465, 4.73368e-07, 2.88064e-06, 0.996302))
({x2, x8}, (3.66091e-06, 0.996301, 0.00369465, 6.01048e-07)) == ({x2, x8}, (3.66091e-06, 0.996301, 0.00369465, 6.01048e-07))
({x2, x9}, (2.88064e-06, 0.996302, 0.00369465, 4.73368e-07)) == ({x2, x9}, (2.88064e-06, 0.996302, 0.00369465, 4.73368e-07))
({x3, x4}, (3.44848e-05, 0.99627, 0.00369454, 6.01029e-07)) == ({x3, x4}, (3.44848e-05, 0.99627, 0.00369454, 6.01029e-07))
({x3, x5}, (3.44849e-05, 0.996271, 0.00369454, 3.39517e-08)) == ({x3, x5}, (3.44849e-05, 0.996271, 0.00369454, 3.39517e-08))
({x3, x6}, (0.00369454, 4.73353e-07, 3.44849e-05, 0.996271)) == ({x3, x6}, (0.00369454, 4.73353e-07, 3.44849e-05, 0.996271))
({x3, x7}, (0.00369454, 4.73353e-07, 3.44849e-05, 0.996271)) == ({x3, x7}, (0.00369454, 4.73353e-07, 3.44849e-05, 0.996271))
({x3, x8}, (3.44848e-05, 0.99627, 0.00369454, 6.01029e-07)) == ({x3, x8}, (3.44848e-05, 0.99627, 0.00369454, 6.01029e-07))
({x3, x9}, (3.44849e-05, 0.996271, 0.00369454, 4.73353e-07)) == ({x3, x9}, (3.44849e-05, 0.996271, 0.00369454, 4.73353e-07))
({x4, x5}, (0.996301, 6.01048e-07, 3.66091e-06, 0.00369465)) == ({x4, x5}, (0.996301, 6.01048e-07, 3.66091e-06, 0.00369465))
({x4, x6}, (3.66091e-06, 0.00369465, 0.996301, 6.01048e-07)) == ({x4, x6}, (3.66091e-06, 0.00369465, 0.996301, 6.01048e-07))
({x4, x7}, (3.66091e-06, 0.00369465, 0.996301, 6.01048e-07)) == ({x4, x7}, (3.66091e-06, 0.00369465, 0.996301, 6.01048e-07))
({x4, x8}, (0.996302, 4.73368e-07, 2.88064e-06, 0.00369465)) == ({x4, x8}, (0.996302, 4.73368e-07, 2.88064e-06, 0.00369465))
({x4, x9}, (0.996301, 6.01048e-07, 3.66091e-06, 0.00369465)) == ({x4, x9}, (0.996301, 6.01048e-07, 3.66091e-06, 0.00369465))
({x5, x6}, (4.73368e-07, 0.00369465, 0.996302, 2.88064e-06)) == ({x5, x6}, (4.73368e-07, 0.00369465, 0.996302, 2.88064e-06))
({x5, x7}, (4.73368e-07, 0.00369465, 0.996302, 2.88064e-06)) == ({x5, x7}, (4.73368e-07, 0.00369465, 0.996302, 2.88064e-06))
({x5, x8}, (0.996301, 3.66091e-06, 6.01048e-07, 0.00369465)) == ({x5, x8}, (0.996301, 3.66091e-06, 6.01048e-07, 0.00369465))
({x5, x9}, (0.996302, 2.88064e-06, 4.73368e-07, 0.00369465)) == ({x5, x9}, (0.996302, 2.88064e-06, 4.73368e-07, 0.00369465))
({x6, x7}, (0.00369466, 4.17903e-09, 3.94752e-07, 0.996305)) == ({x6, x7}, (0.00369466, 4.17903e-09, 3.94752e-07, 0.996305))
({x6, x8}, (3.6609e-06, 0.996299, 0.00369464, 2.88064e-06)) == ({x6, x8}, (3.6609e-06, 0.996299, 0.00369464, 2.88064e-06))
({x6, x9}, (3.94752e-07, 0.996305, 0.00369466, 4.17903e-09)) == ({x6, x9}, (3.94752e-07, 0.996305, 0.00369466, 4.17903e-09))
({x7, x8}, (3.6609e-06, 0.996299, 0.00369464, 2.88064e-06)) == ({x7, x8}, (3.6609e-06, 0.996299, 0.00369464, 2.88064e-06))
({x7, x9}, (9.21395e-08, 0.996305, 0.00369467, 1.93362e-10)) == ({x7, x9}, (9.21395e-08, 0.996305, 0.00369467, 1.93362e-10))
({x8, x9}, (0.996299, 2.88064e-06, 3.6609e-06, 0.00369464)) == ({x8, x9}, (0.996299, 2.88064e-06, 3.6609e-06, 0.00369464))
Exact MAP state (log score = 32.9255):
x0: 1
x1: 1
x2: 1
x3: 1
x4: 0
x5: 0
x6: 1
x7: 1
x8: 0
x9: 0
