Builtin inference algorithms: {BP, EXACT, FBP, JTREE, TRWBP}

Exact variable marginals:
({x0}, (0.206083, 0.793917))
({x1}, (0.791769, 0.208231))
({x2}, (0.199382, 0.800618))
({x3}, (0.190556, 0.809444))
({x4}, (0.204449, 0.795551))
({x5}, (0.794404, 0.205596))
({x6}, (0.804121, 0.195879))
({x7}, (0.804123, 0.195877))
({x8}, (0.20384, 0.79616))
({x9}, (0.804123, 0.195877))
Exact factor marginals:
({x0}, (0.206083, 0.793917))
({x1}, (0.791769, 0.208231))
({x2}, (0.199382, 0.800618))
({x3}, (0.190556, 0.809444))
({x4}, (0.204449, 0.795551))
({x5}, (0.794404, 0.205596))
({x6}, (0.804121, 0.195879))
({x7}, (0.804123, 0.195877))
({x8}, (0.20384, 0.79616))
({x9}, (0.804123, 0.195877))
({x0, x1}, (0.175336, 0.616433, 0.0307467, 0.177484))
({x0, x2}, (0.0274663, 0.171916, 0.178617, 0.622001))
({x0, x3}, (0.0329223, 0.157633, 0.173161, 0.636284))
({x0, x4}, (0.0268967, 0.177552, 0.179186, 0.616365))
({x0, x5}, (0.000504866, 0.793899, 0.205578, 1.75631e-05))
({x0, x6}, (0.18855, 0.615572, 0.0175333, 0.178345))
({x0, x7}, (0.188526, 0.615597, 0.017557, 0.17832))
({x0, x8}, (0.203815, 2.55923e-05, 0.00226849, 0.793891))
({x0, x9}, (0.188527, 0.615597, 0.0175562, 0.17832))
({x1, x2}, (0.00058888, 0.198793, 0.79118, 0.00943771))
({x1, x3}, (0.00608179, 0.184474, 0.785688, 0.0237567))
({x1, x4}, (6.83049e-05, 0.204381, 0.791701, 0.00385016))
({x1, x5}, (0.616937, 0.177467, 0.174832, 0.0307638))
({x1, x6}, (0.790908, 0.0132134, 0.000861417, 0.195017))
({x1, x7}, (0.790933, 0.0131897, 0.000836495, 0.195041))
({x1, x8}, (0.175219, 0.0286206, 0.61655, 0.17961))
({x1, x9}, (0.790933, 0.0131905, 0.000836511, 0.19504))
({x2, x3}, (0.18445, 0.0061054, 0.0149314, 0.794513))
({x2, x4}, (0.198812, 0.00563655, 0.000569575, 0.794982))
({x2, x5}, (0.171898, 0.622506, 0.0274834, 0.178112))
({x2, x6}, (0.009933, 0.794188, 0.189449, 0.00642986))
({x2, x7}, (0.00990932, 0.794213, 0.189473, 0.00640493))
({x2, x8}, (0.0274829, 0.176357, 0.171899, 0.624261))
({x2, x9}, (0.00991006, 0.794213, 0.189472, 0.00640495))
({x3, x4}, (0.18453, 0.0199191, 0.00602604, 0.789525))
({x3, x5}, (0.157616, 0.636788, 0.0329399, 0.172656))
({x3, x6}, (0.0153895, 0.788732, 0.175166, 0.0207124))
({x3, x7}, (0.0153658, 0.788757, 0.17519, 0.0206875))
({x3, x8}, (0.0329394, 0.170901, 0.157616, 0.638544))
({x3, x9}, (0.0153665, 0.788757, 0.175189, 0.0206875))
({x4, x5}, (0.177535, 0.616869, 0.0269139, 0.178682))
({x4, x6}, (0.00936344, 0.794758, 0.195085, 0.000793319))
({x4, x7}, (0.00933976, 0.794783, 0.195109, 0.000768396))
({x4, x8}, (0.0269134, 0.176927, 0.177535, 0.618624))
({x4, x9}, (0.0093405, 0.794783, 0.195108, 0.000768413))
({x5, x6}, (0.616076, 0.188045, 0.178328, 0.0175504))
({x5, x7}, (0.616101, 0.188022, 0.178303, 0.0175741))
({x5, x8}, (0.000387569, 0.203453, 0.794017, 0.00214317))
({x5, x9}, (0.616101, 0.188022, 0.178303, 0.0175733))
({x6, x7}, (0.804098, 2.49226e-05, 2.36847e-05, 0.195854))
({x6, x8}, (0.18629, 0.0175499, 0.617831, 0.178329))
({x6, x9}, (0.804098, 2.49065e-05, 2.29365e-05, 0.195854))
({x7, x8}, (0.186266, 0.0175736, 0.617856, 0.178304))
({x7, x9}, (0.804123, 7.49493e-07, 1.73585e-08, 0.195877))
({x8, x9}, (0.186267, 0.617856, 0.0175729, 0.178304))
Exact log partition sum: 59.2936
Exact MAP variable marginals:
({x0}, (0.215108, 0.784892))
({x1}, (0.796724, 0.203276))
({x2}, (0.203276, 0.796724))
({x3}, (0.203276, 0.796724))
({x4}, (0.203276, 0.796724))
({x5}, (0.784892, 0.215108))
({x6}, (0.796724, 0.203276))
({x7}, (0.796724, 0.203276))
({x8}, (0.215108, 0.784892))
({x9}, (0.796724, 0.203276))
Exact MAP factor marginals:
({x0}, (0.215108, 0.784892)) == ({x0}, (0.215108, 0.784892))
({x1}, (0.796724, 0.203276)) == ({x1}, (0.796724, 0.203276))
({x2}, (0.203276, 0.796724)) == ({x2}, (0.203276, 0.796724))
({x3}, (0.203276, 0.796724)) == ({x3}, (0.203276, 0.796724))
({x4}, (0.203276, 0.796724)) == ({x4}, (0.203276, 0.796724))
({x5}, (0.784892, 0.215108)) == ({x5}, (0.784892, 0.215108))
({x6}, (0.796724, 0.203276)) == ({x6}, (0.796724, 0.203276))
({x7}, (0.796724, 0.203276)) == ({x7}, (0.796724, 0.203276))
({x8}, (0.215108, 0.784892)) == ({x8}, (0.215108, 0.784892))
({x9}, (0.796724, 0.203276)) == ({x9}, (0.796724, 0.203276))
({x0, x1}, (0.175942, 0.64198, 0.0182845, 0.163794)) == ({x0, x1}, (0.175942, 0.64198, 0.0182845, 0.163794))
({x0, x2}, (0.0182845, 0.163794, 0.175942, 0.64198)) == ({x0, x2}, (0.0182845, 0.163794, 0.175942, 0.64198))
({x0, x3}, (0.0182845, 0.163794, 0.175942, 0.64198)) == ({x0, x3}, (0.0182845, 0.163794, 0.175942, 0.64198))
({x0, x4}, (0.0182845, 0.163794, 0.175942, 0.64198)) == ({x0, x4}, (0.0182845, 0.163794, 0.175942, 0.64198))
({x0, x5}, (0.000463601, 0.784512, 0.215004, 2.0108e-05)) == ({x0, x5}, (0.000463601, 0.784512, 0.215004, 2.0108e-05))
({x0, x6}, (0.175942, 0.64198, 0.0182845, 0.163794)) == ({x0, x6}, (0.175942, 0.64198, 0.0182845, 0.163794))
({x0, x7}, (0.175942, 0.64198, 0.0182845, 0.163794)) == ({x0, x7}, (0.175942, 0.64198, 0.0182845, 0.163794))
({x0, x8}, (0.214522, 2.0462e-05, 0.0027042, 0.782753)) == ({x0, x8}, (0.214522, 2.0462e-05, 0.0027042, 0.782753))
({x0, x9}, (0.175942, 0.64198, 0.0182845, 0.163794)) == ({x0, x9}, (0.175942, 0.64198, 0.0182845, 0.163794))
({x1, x2}, (0.000532147, 0.201826, 0.791044, 0.00659724)) == ({x1, x2}, (0.000532147, 0.201826, 0.791044, 0.00659724))
({x1, x3}, (0.0070643, 0.19805, 0.776244, 0.0186408)) == ({x1, x3}, (0.0070643, 0.19805, 0.776244, 0.0186408))
({x1, x4}, (5.81222e-05, 0.202706, 0.794491, 0.00274475)) == ({x1, x4}, (5.81222e-05, 0.202706, 0.794491, 0.00274475))
({x1, x5}, (0.64198, 0.163794, 0.175942, 0.0182845)) == ({x1, x5}, (0.64198, 0.163794, 0.175942, 0.0182845))
({x1, x6}, (0.786436, 0.0119323, 0.000981495, 0.200651)) == ({x1, x6}, (0.786436, 0.0119323, 0.000981495, 0.200651))
({x1, x7}, (0.786436, 0.0119323, 0.000981495, 0.200651)) == ({x1, x7}, (0.786436, 0.0119323, 0.000981495, 0.200651))
({x1, x8}, (0.175942, 0.0182845, 0.64198, 0.163794)) == ({x1, x8}, (0.175942, 0.0182845, 0.64198, 0.163794))
({x1, x9}, (0.786436, 0.0119323, 0.000981495, 0.200651)) == ({x1, x9}, (0.786436, 0.0119323, 0.000981495, 0.200651))
({x2, x3}, (0.19805, 0.0070643, 0.0186408, 0.776244)) == ({x2, x3}, (0.19805, 0.0070643, 0.0186408, 0.776244))
({x2, x4}, (0.201826, 0.00659724, 0.000532147, 0.791044)) == ({x2, x4}, (0.201826, 0.00659724, 0.000532147, 0.791044))
({x2, x5}, (0.163794, 0.64198, 0.0182845, 0.175942)) == ({x2, x5}, (0.163794, 0.64198, 0.0182845, 0.175942))
({x2, x6}, (0.0118661, 0.782074, 0.199538, 0.00652243)) == ({x2, x6}, (0.0118661, 0.782074, 0.199538, 0.00652243))
({x2, x7}, (0.0118661, 0.782074, 0.199538, 0.00652243)) == ({x2, x7}, (0.0118661, 0.782074, 0.199538, 0.00652243))
({x2, x8}, (0.0182845, 0.175942, 0.163794, 0.64198)) == ({x2, x8}, (0.0182845, 0.175942, 0.163794, 0.64198))
({x2, x9}, (0.0118661, 0.782074, 0.199538, 0.00652243)) == ({x2, x9}, (0.0118661, 0.782074, 0.199538, 0.00652243))
({x3, x4}, (0.19805, 0.0186408, 0.0070643, 0.776244)) == ({x3, x4}, (0.19805, 0.0186408, 0.0070643, 0.776244))
({x3, x5}, (0.163794, 0.64198, 0.0182845, 0.175942)) == ({x3, x5}, (0.163794, 0.64198, 0.0182845, 0.175942))
({x3, x6}, (0.0117224, 0.772603, 0.197121, 0.0185534)) == ({x3, x6}, (0.0117224, 0.772603, 0.197121, 0.0185534))
({x3, x7}, (0.0117224, 0.772603, 0.197121, 0.0185534)) == ({x3, x7}, (0.0117224, 0.772603, 0.197121, 0.0185534))
({x3, x8}, (0.0182845, 0.175942, 0.163794, 0.64198)) == ({x3, x8}, (0.0182845, 0.175942, 0.163794, 0.64198))
({x3, x9}, (0.0117224, 0.772603, 0.197121, 0.0185534)) == ({x3, x9}, (0.0117224, 0.772603, 0.197121, 0.0185534))
({x4, x5}, (0.163794, 0.64198, 0.0182845, 0.175942)) == ({x4, x5}, (0.163794, 0.64198, 0.0182845, 0.175942))
({x4, x6}, (0.0119323, 0.786436, 0.200651, 0.000981495)) == ({x4, x6}, (0.0119323, 0.786436, 0.200651, 0.000981495))
({x4, x7}, (0.0119323, 0.786436, 0.200651, 0.000981495)) == ({x4, x7}, (0.0119323, 0.786436, 0.200651, 0.000981495))
({x4, x8}, (0.0182845, 0.175942, 0.163794, 0.64198)) == ({x4, x8}, (0.0182845, 0.175942, 0.163794, 0.64198))
({x4, x9}, (0.0119323, 0.786436, 0.200651, 0.000981495)) == ({x4, x9}, (0.0119323, 0.786436, 0.200651, 0.000981495))
({x5, x6}, (0.64198, 0.175942, 0.163794, 0.0182845)) == ({x5, x6}, (0.64198, 0.175942, 0.163794, 0.0182845))
({x5, x7}, (0.64198, 0.175942, 0.163794, 0.0182845)) == ({x5, x7}, (0.64198, 0.175942, 0.163794, 0.0182845))
({x5, x8}, (0.000462357, 0.214428, 0.782407, 0.00270301)) == ({x5, x8}, (0.000462357, 0.214428, 0.782407, 0.00270301))
({x5, x9}, (0.64198, 0.175942, 0.163794, 0.0182845)) == ({x5, x9}, (0.64198, 0.175942, 0.163794, 0.0182845))
({x6, x7}, (0.796675, 3.22331e-05, 2.96845e-05, 0.203263)) == ({x6, x7}, (0.796675, 3.22331e-05, 2.96845e-05, 0.203263))
({x6, x8}, (0.175942, 0.0182845, 0.64198, 0.163794)) == ({x6, x8}, (0.175942, 0.0182845, 0.64198, 0.163794))
({x6, x9}, (0.796675, 3.22331e-05, 2.96845e-05, 0.203263)) == ({x6, x9}, (0.796675, 3.22331e-05, 2.96845e-05, 0.203263))
({x7, x8}, (0.175942, 0.0182845, 0.64198, 0.163794)) == ({x7, x8}, (0.175942, 0.0182845, 0.64198, 0.163794))
({x7, x9}, (0.796724, 9.68733e-07, 2.21284e-08, 0.203275)) == ({x7, x9}, (0.796724, 9.68733e-07, 2.21284e-08, 0.203275))
({x8, x9}, (0.175942, 0.64198, 0.0182845, 0.163794)) == ({x8, x9}, (0.175942, 0.64198, 0.0182845, 0.163794))
Exact MAP state (log score = 58.8084):
x0: 1
x1: 0
x2: 1
x3: 1
x4: 1
x5: 0
x6: 0
x7: 0
x8: 1
x9: 0
