Builtin inference algorithms: {BP, EXACT, FBP, JTREE, TRWBP}

Exact variable marginals:
({x0}, (0.679361, 0.320639))
({x1}, (0.3201, 0.6799))
({x2}, (0.320632, 0.679368))
({x3}, (0.320637, 0.679363))
({x4}, (0.320646, 0.679354))
({x5}, (0.679361, 0.320639))
({x6}, (0.751276, 0.248724))
({x7}, (0.679361, 0.320639))
({x8}, (0.679361, 0.320639))
({x9}, (0.679361, 0.320639))
Exact factor marginals:
({x0}, (0.679361, 0.320639))
({x1}, (0.3201, 0.6799))
({x2}, (0.320632, 0.679368))
({x3}, (0.320637, 0.679363))
({x4}, (0.320646, 0.679354))
({x5}, (0.679361, 0.320639))
({x6}, (0.751276, 0.248724))
({x7}, (0.679361, 0.320639))
({x8}, (0.679361, 0.320639))
({x9}, (0.679361, 0.320639))
({x0, x1}, (3.53439e-05, 0.320064, 0.679326, 0.000574257))
({x0, x2}, (5.2825e-06, 0.320627, 0.679356, 1.14192e-05))
({x0, x3}, (1.95745e-08, 0.320637, 0.679361, 1.42201e-06))
({x0, x4}, (2.26241e-05, 0.320624, 0.679339, 1.47751e-05))
({x0, x5}, (0.679361, 3.35357e-08, 2.4102e-09, 0.320639))
({x0, x6}, (0.621012, 0.130264, 0.0583494, 0.190375))
({x0, x7}, (0.679361, 5.18824e-08, 6.95126e-09, 0.320639))
({x0, x8}, (0.679361, 3.96825e-08, 5.21029e-09, 0.320639))
({x0, x9}, (0.679361, 3.35358e-08, 2.44918e-09, 0.320639))
({x1, x2}, (0.32007, 0.000562838, 3.00618e-05, 0.679337))
({x1, x3}, (0.320063, 0.000574276, 3.67659e-05, 0.679326))
({x1, x4}, (0.32005, 0.000596834, 5.0072e-05, 0.679304))
({x1, x5}, (3.53771e-05, 0.679326, 0.320064, 0.000574259))
({x1, x6}, (0.12969, 0.621586, 0.19041, 0.0583141))
({x1, x7}, (3.53726e-05, 0.679326, 0.320064, 0.00057424))
({x1, x8}, (3.53833e-05, 0.679326, 0.320064, 0.000574262))
({x1, x9}, (3.53771e-05, 0.679326, 0.320064, 0.000574259))
({x2, x3}, (0.320626, 1.14384e-05, 6.70414e-06, 0.679356))
({x2, x4}, (0.320612, 3.39958e-05, 2.00102e-05, 0.679334))
({x2, x5}, (5.31537e-06, 0.679356, 0.320627, 1.14209e-05))
({x2, x6}, (0.130253, 0.621023, 0.19038, 0.0583442))
({x2, x7}, (5.31523e-06, 0.679356, 0.320627, 1.1407e-05))
({x2, x8}, (5.32151e-06, 0.679356, 0.320627, 1.14237e-05))
({x2, x9}, (5.31537e-06, 0.679356, 0.320627, 1.1421e-05))
({x3, x4}, (0.320622, 2.40104e-05, 1.4759e-05, 0.679339))
({x3, x5}, (1.74535e-08, 0.679361, 0.320637, 1.38877e-06))
({x3, x6}, (0.130263, 0.621013, 0.190375, 0.0583495))
({x3, x7}, (3.57996e-08, 0.679361, 0.320637, 1.39331e-06))
({x3, x8}, (2.36002e-08, 0.679361, 0.320637, 1.39157e-06))
({x3, x9}, (1.74535e-08, 0.679361, 0.320637, 1.38881e-06))
({x4, x5}, (2.26217e-05, 0.679339, 0.320624, 1.47416e-05))
({x4, x6}, (0.130249, 0.621027, 0.190397, 0.0583269))
({x4, x7}, (2.264e-05, 0.679339, 0.320624, 1.47461e-05))
({x4, x8}, (2.26189e-05, 0.679339, 0.320624, 1.47355e-05))
({x4, x9}, (2.26217e-05, 0.679339, 0.320624, 1.47416e-05))
({x5, x6}, (0.621012, 0.130264, 0.0583495, 0.190375))
({x5, x7}, (0.679361, 1.83468e-08, 4.5412e-09, 0.320639))
({x5, x8}, (0.679361, 6.14676e-09, 2.80009e-09, 0.320639))
({x5, x9}, (0.679361, 3.61129e-13, 3.93066e-11, 0.320639))
({x6, x7}, (0.621012, 0.0583495, 0.130264, 0.190375))
({x6, x8}, (0.621012, 0.0583495, 0.130264, 0.190375))
({x6, x9}, (0.621012, 0.0583495, 0.130264, 0.190375))
({x7, x8}, (0.679361, 1.06672e-08, 2.11261e-08, 0.320639))
({x7, x9}, (0.679361, 4.54147e-09, 1.8386e-08, 0.320639))
({x8, x9}, (0.679361, 2.80045e-09, 6.18607e-09, 0.320639))
Exact log partition sum: 118.27
Exact MAP variable marginals:
({x0}, (0.765371, 0.234629))
({x1}, (0.234629, 0.765371))
({x2}, (0.234629, 0.765371))
({x3}, (0.234629, 0.765371))
({x4}, (0.234629, 0.765371))
({x5}, (0.765371, 0.234629))
({x6}, (0.765371, 0.234629))
({x7}, (0.765371, 0.234629))
({x8}, (0.765371, 0.234629))
({x9}, (0.765371, 0.234629))
Exact MAP factor marginals:
({x0}, (0.765371, 0.234629)) == ({x0}, (0.765371, 0.234629))
({x1}, (0.234629, 0.765371)) == ({x1}, (0.234629, 0.765371))
({x2}, (0.234629, 0.765371)) == ({x2}, (0.234629, 0.765371))
({x3}, (0.234629, 0.765371)) == ({x3}, (0.234629, 0.765371))
({x4}, (0.234629, 0.765371)) == ({x4}, (0.234629, 0.765371))
({x5}, (0.765371, 0.234629)) == ({x5}, (0.765371, 0.234629))
({x6}, (0.765371, 0.234629)) == ({x6}, (0.765371, 0.234629))
({x7}, (0.765371, 0.234629)) == ({x7}, (0.765371, 0.234629))
({x8}, (0.765371, 0.234629)) == ({x8}, (0.765371, 0.234629))
({x9}, (0.765371, 0.234629)) == ({x9}, (0.765371, 0.234629))
({x0, x1}, (3.70223e-05, 0.234457, 0.764812, 0.000693162)) == ({x0, x1}, (3.70223e-05, 0.234457, 0.764812, 0.000693162))
({x0, x2}, (6.4693e-06, 0.234624, 0.765356, 1.40332e-05)) == ({x0, x2}, (6.4693e-06, 0.234624, 0.765356, 1.40332e-05))
({x0, x3}, (2.14027e-08, 0.234628, 0.76537, 1.71135e-06)) == ({x0, x3}, (2.14027e-08, 0.234628, 0.76537, 1.71135e-06))
({x0, x4}, (2.77986e-05, 0.234618, 0.765336, 1.81339e-05)) == ({x0, x4}, (2.77986e-05, 0.234618, 0.765336, 1.81339e-05))
({x0, x5}, (0.765371, 4.09177e-08, 2.55934e-09, 0.234629)) == ({x0, x5}, (0.765371, 4.09177e-08, 2.55934e-09, 0.234629))
({x0, x6}, (0.621415, 0.129758, 0.0583294, 0.190498)) == ({x0, x6}, (0.621415, 0.129758, 0.0583294, 0.190498))
({x0, x7}, (0.765371, 4.09177e-08, 5.40823e-09, 0.234629)) == ({x0, x7}, (0.765371, 4.09177e-08, 5.40823e-09, 0.234629))
({x0, x8}, (0.765371, 4.09177e-08, 3.43383e-09, 0.234629)) == ({x0, x8}, (0.765371, 4.09177e-08, 3.43383e-09, 0.234629))
({x0, x9}, (0.765371, 4.09177e-08, 2.55934e-09, 0.234629)) == ({x0, x9}, (0.765371, 4.09177e-08, 2.55934e-09, 0.234629))
({x1, x2}, (0.234457, 0.000693162, 3.70223e-05, 0.764812)) == ({x1, x2}, (0.234457, 0.000693162, 3.70223e-05, 0.764812))
({x1, x3}, (0.234457, 0.000693162, 3.70223e-05, 0.764812)) == ({x1, x3}, (0.234457, 0.000693162, 3.70223e-05, 0.764812))
({x1, x4}, (0.234457, 0.000693162, 3.70223e-05, 0.764812)) == ({x1, x4}, (0.234457, 0.000693162, 3.70223e-05, 0.764812))
({x1, x5}, (3.70223e-05, 0.764812, 0.234457, 0.000693162)) == ({x1, x5}, (3.70223e-05, 0.764812, 0.234457, 0.000693162))
({x1, x6}, (0.129758, 0.621415, 0.190498, 0.0583294)) == ({x1, x6}, (0.129758, 0.621415, 0.190498, 0.0583294))
({x1, x7}, (3.70223e-05, 0.764812, 0.234457, 0.000693162)) == ({x1, x7}, (3.70223e-05, 0.764812, 0.234457, 0.000693162))
({x1, x8}, (3.70223e-05, 0.764812, 0.234457, 0.000693162)) == ({x1, x8}, (3.70223e-05, 0.764812, 0.234457, 0.000693162))
({x1, x9}, (3.70223e-05, 0.764812, 0.234457, 0.000693162)) == ({x1, x9}, (3.70223e-05, 0.764812, 0.234457, 0.000693162))
({x2, x3}, (0.234624, 1.40332e-05, 6.4693e-06, 0.765356)) == ({x2, x3}, (0.234624, 1.40332e-05, 6.4693e-06, 0.765356))
({x2, x4}, (0.234618, 2.77986e-05, 1.81339e-05, 0.765336)) == ({x2, x4}, (0.234618, 2.77986e-05, 1.81339e-05, 0.765336))
({x2, x5}, (6.4693e-06, 0.765356, 0.234624, 1.40332e-05)) == ({x2, x5}, (6.4693e-06, 0.765356, 0.234624, 1.40332e-05))
({x2, x6}, (0.129758, 0.621415, 0.190498, 0.0583294)) == ({x2, x6}, (0.129758, 0.621415, 0.190498, 0.0583294))
({x2, x7}, (6.4693e-06, 0.765356, 0.234624, 1.40332e-05)) == ({x2, x7}, (6.4693e-06, 0.765356, 0.234624, 1.40332e-05))
({x2, x8}, (6.4693e-06, 0.765356, 0.234624, 1.40332e-05)) == ({x2, x8}, (6.4693e-06, 0.765356, 0.234624, 1.40332e-05))
({x2, x9}, (6.4693e-06, 0.765356, 0.234624, 1.40332e-05)) == ({x2, x9}, (6.4693e-06, 0.765356, 0.234624, 1.40332e-05))
({x3, x4}, (0.234618, 2.77986e-05, 1.81339e-05, 0.765336)) == ({x3, x4}, (0.234618, 2.77986e-05, 1.81339e-05, 0.765336))
({x3, x5}, (2.14027e-08, 0.76537, 0.234628, 1.71135e-06)) == ({x3, x5}, (2.14027e-08, 0.76537, 0.234628, 1.71135e-06))
({x3, x6}, (0.129758, 0.621415, 0.190498, 0.0583294)) == ({x3, x6}, (0.129758, 0.621415, 0.190498, 0.0583294))
({x3, x7}, (2.14027e-08, 0.76537, 0.234628, 1.71135e-06)) == ({x3, x7}, (2.14027e-08, 0.76537, 0.234628, 1.71135e-06))
({x3, x8}, (2.14027e-08, 0.76537, 0.234628, 1.71135e-06)) == ({x3, x8}, (2.14027e-08, 0.76537, 0.234628, 1.71135e-06))
({x3, x9}, (2.14027e-08, 0.76537, 0.234628, 1.71135e-06)) == ({x3, x9}, (2.14027e-08, 0.76537, 0.234628, 1.71135e-06))
({x4, x5}, (2.77986e-05, 0.765336, 0.234618, 1.81339e-05)) == ({x4, x5}, (2.77986e-05, 0.765336, 0.234618, 1.81339e-05))
({x4, x6}, (0.129758, 0.621415, 0.190498, 0.0583294)) == ({x4, x6}, (0.129758, 0.621415, 0.190498, 0.0583294))
({x4, x7}, (2.77986e-05, 0.765336, 0.234618, 1.81339e-05)) == ({x4, x7}, (2.77986e-05, 0.765336, 0.234618, 1.81339e-05))
({x4, x8}, (2.77986e-05, 0.765336, 0.234618, 1.81339e-05)) == ({x4, x8}, (2.77986e-05, 0.765336, 0.234618, 1.81339e-05))
({x4, x9}, (2.77986e-05, 0.765336, 0.234618, 1.81339e-05)) == ({x4, x9}, (2.77986e-05, 0.765336, 0.234618, 1.81339e-05))
({x5, x6}, (0.621415, 0.129758, 0.0583294, 0.190498)) == ({x5, x6}, (0.621415, 0.129758, 0.0583294, 0.190498))
({x5, x7}, (0.765371, 1.73711e-08, 5.40823e-09, 0.234629)) == ({x5, x7}, (0.765371, 1.73711e-08, 5.40823e-09, 0.234629))
({x5, x8}, (0.765371, 7.3353e-09, 3.43383e-09, 0.234629)) == ({x5, x8}, (0.765371, 7.3353e-09, 3.43383e-09, 0.234629))
({x5, x9}, (0.765371, 4.32092e-13, 4.80445e-11, 0.234629)) == ({x5, x9}, (0.765371, 4.32092e-13, 4.80445e-11, 0.234629))
({x6, x7}, (0.621415, 0.0583294, 0.129758, 0.190498)) == ({x6, x7}, (0.621415, 0.0583294, 0.129758, 0.190498))
({x6, x8}, (0.621415, 0.0583294, 0.129758, 0.190498)) == ({x6, x8}, (0.621415, 0.0583294, 0.129758, 0.190498))
({x6, x9}, (0.621415, 0.0583294, 0.129758, 0.190498)) == ({x6, x9}, (0.621415, 0.0583294, 0.129758, 0.190498))
({x7, x8}, (0.765371, 7.3353e-09, 1.73711e-08, 0.234629)) == ({x7, x8}, (0.765371, 7.3353e-09, 1.73711e-08, 0.234629))
({x7, x9}, (0.765371, 5.40823e-09, 1.73711e-08, 0.234629)) == ({x7, x9}, (0.765371, 5.40823e-09, 1.73711e-08, 0.234629))
({x8, x9}, (0.765371, 3.43383e-09, 7.3353e-09, 0.234629)) == ({x8, x9}, (0.765371, 3.43383e-09, 7.3353e-09, 0.234629))
Exact MAP state (log score = 117.794):
x0: 0
x1: 1
x2: 1
x3: 1
x4: 1
x5: 0
x6: 0
x7: 0
x8: 0
x9: 0
