Builtin inference algorithms: {BP, EXACT, FBP, JTREE, TRWBP}

Exact variable marginals:
({x0}, (0.507184, 0.492816))
({x1}, (0.679945, 0.320055))
({x2}, (0.454314, 0.545686))
({x3}, (0.775948, 0.224052))
({x4}, (0.726892, 0.273108))
({x5}, (0.622766, 0.377234))
({x6}, (0.255991, 0.744009))
({x7}, (0.585857, 0.414143))
({x8}, (0.854138, 0.145862))
({x9}, (0.816147, 0.183853))
Exact factor marginals:
({x0}, (0.507184, 0.492816))
({x1}, (0.679945, 0.320055))
({x2}, (0.454314, 0.545686))
({x3}, (0.775948, 0.224052))
({x4}, (0.726892, 0.273108))
({x5}, (0.622766, 0.377234))
({x6}, (0.255991, 0.744009))
({x7}, (0.585857, 0.414143))
({x8}, (0.854138, 0.145862))
({x9}, (0.816147, 0.183853))
({x0, x1}, (0.317505, 0.362441, 0.18968, 0.130375))
({x0, x2}, (0.270138, 0.184176, 0.237046, 0.30864))
({x0, x3}, (0.43297, 0.342978, 0.0742141, 0.149838))
({x0, x4}, (0.33551, 0.391382, 0.171675, 0.101433))
({x0, x5}, (0.345597, 0.277169, 0.161587, 0.215646))
({x0, x6}, (0.138616, 0.117375, 0.368568, 0.37544))
({x0, x7}, (0.268682, 0.317176, 0.238503, 0.17564))
({x0, x8}, (0.46485, 0.389288, 0.0423348, 0.103527))
({x0, x9}, (0.465982, 0.350165, 0.041202, 0.142651))
({x1, x2}, (0.368766, 0.0855474, 0.311179, 0.234507))
({x1, x3}, (0.586586, 0.189362, 0.0933588, 0.130693))
({x1, x4}, (0.515185, 0.211707, 0.164761, 0.108347))
({x1, x5}, (0.349553, 0.273213, 0.330392, 0.0468416))
({x1, x6}, (0.125553, 0.130439, 0.554392, 0.189616))
({x1, x7}, (0.392225, 0.193632, 0.28772, 0.126422))
({x1, x8}, (0.627316, 0.226822, 0.0526292, 0.093233))
({x1, x9}, (0.553857, 0.26229, 0.126088, 0.057765))
({x2, x3}, (0.39662, 0.379329, 0.0576939, 0.166358))
({x2, x4}, (0.416327, 0.310565, 0.0379863, 0.235122))
({x2, x5}, (0.31769, 0.305077, 0.136624, 0.24061))
({x2, x6}, (0.0273004, 0.228691, 0.427013, 0.316995))
({x2, x7}, (0.194228, 0.391629, 0.260085, 0.154057))
({x2, x8}, (0.433135, 0.421003, 0.021179, 0.124683))
({x2, x9}, (0.346118, 0.470029, 0.108196, 0.075657))
({x3, x4}, (0.587099, 0.139793, 0.188849, 0.0842591))
({x3, x5}, (0.431967, 0.190799, 0.343981, 0.0332524))
({x3, x6}, (0.164419, 0.0915722, 0.611529, 0.13248))
({x3, x7}, (0.498659, 0.0871987, 0.27729, 0.136853))
({x3, x8}, (0.72841, 0.125728, 0.047538, 0.0983242))
({x3, x9}, (0.67734, 0.138807, 0.0986084, 0.0852444))
({x4, x5}, (0.470806, 0.15196, 0.256086, 0.121148))
({x4, x6}, (0.0960381, 0.159953, 0.630854, 0.113155))
({x4, x7}, (0.377554, 0.208303, 0.349337, 0.0648052))
({x4, x8}, (0.624532, 0.229605, 0.102359, 0.0435027))
({x4, x9}, (0.573048, 0.2431, 0.153844, 0.0300084))
({x5, x6}, (0.166695, 0.0892964, 0.456071, 0.287937))
({x5, x7}, (0.289807, 0.296051, 0.33296, 0.0811827))
({x5, x8}, (0.518124, 0.336014, 0.104642, 0.04122))
({x5, x9}, (0.461467, 0.35468, 0.161299, 0.0225534))
({x6, x7}, (0.205813, 0.380045, 0.0501788, 0.363964))
({x6, x8}, (0.181135, 0.673003, 0.0748568, 0.0710054))
({x6, x9}, (0.22709, 0.589058, 0.0289018, 0.154951))
({x7, x8}, (0.509643, 0.344495, 0.0762141, 0.0696481))
({x7, x9}, (0.531155, 0.284992, 0.0547023, 0.12915))
({x8, x9}, (0.712364, 0.103784, 0.141774, 0.0420787))
Exact log partition sum: 5.90085
Exact MAP variable marginals:
({x0}, (0.567184, 0.432816))
({x1}, (0.761587, 0.238413))
({x2}, (0.567184, 0.432816))
({x3}, (0.830627, 0.169373))
({x4}, (0.770277, 0.229723))
({x5}, (0.567184, 0.432816))
({x6}, (0.229723, 0.770277))
({x7}, (0.432816, 0.567184))
({x8}, (0.89733, 0.10267))
({x9}, (0.738805, 0.261195))
Exact MAP factor marginals:
({x0}, (0.567184, 0.432816)) == ({x0}, (0.567184, 0.432816))
({x1}, (0.761587, 0.238413)) == ({x1}, (0.761587, 0.238413))
({x2}, (0.567184, 0.432816)) == ({x2}, (0.567184, 0.432816))
({x3}, (0.830627, 0.169373)) == ({x3}, (0.830627, 0.169373))
({x4}, (0.770277, 0.229723)) == ({x4}, (0.770277, 0.229723))
({x5}, (0.567184, 0.432816)) == ({x5}, (0.567184, 0.432816))
({x6}, (0.229723, 0.770277)) == ({x6}, (0.229723, 0.770277))
({x7}, (0.432816, 0.567184)) == ({x7}, (0.432816, 0.567184))
({x8}, (0.89733, 0.10267)) == ({x8}, (0.89733, 0.10267))
({x9}, (0.738805, 0.261195)) == ({x9}, (0.738805, 0.261195))
({x0, x1}, (0.453492, 0.346057, 0.141965, 0.0584863)) == ({x0, x1}, (0.453492, 0.346057, 0.141965, 0.0584863))
({x0, x2}, (0.385446, 0.205469, 0.114953, 0.294132)) == ({x0, x2}, (0.385446, 0.205469, 0.114953, 0.294132))
({x0, x3}, (0.481934, 0.367762, 0.052033, 0.0982711)) == ({x0, x3}, (0.481934, 0.367762, 0.052033, 0.0982711))
({x0, x4}, (0.436959, 0.333441, 0.130316, 0.0992845)) == ({x0, x4}, (0.436959, 0.333441, 0.130316, 0.0992845))
({x0, x5}, (0.395131, 0.139693, 0.163654, 0.301522)) == ({x0, x5}, (0.395131, 0.139693, 0.163654, 0.301522))
({x0, x6}, (0.131131, 0.0936537, 0.43969, 0.335525)) == ({x0, x6}, (0.131131, 0.0936537, 0.43969, 0.335525))
({x0, x7}, (0.163654, 0.301522, 0.395131, 0.139693)) == ({x0, x7}, (0.163654, 0.301522, 0.395131, 0.139693))
({x0, x8}, (0.514019, 0.392246, 0.0349224, 0.0588127)) == ({x0, x8}, (0.514019, 0.392246, 0.0349224, 0.0588127))
({x0, x9}, (0.429825, 0.327997, 0.090219, 0.151959)) == ({x0, x9}, (0.429825, 0.327997, 0.090219, 0.151959))
({x1, x2}, (0.422099, 0.132137, 0.322101, 0.123663)) == ({x1, x2}, (0.422099, 0.132137, 0.322101, 0.123663))
({x1, x3}, (0.61298, 0.191892, 0.124993, 0.0701355)) == ({x1, x3}, (0.61298, 0.191892, 0.124993, 0.0701355))
({x1, x4}, (0.52514, 0.164394, 0.156615, 0.153851)) == ({x1, x4}, (0.52514, 0.164394, 0.156615, 0.153851))
({x1, x5}, (0.46386, 0.145211, 0.35397, 0.0369594)) == ({x1, x5}, (0.46386, 0.145211, 0.35397, 0.0369594))
({x1, x6}, (0.156615, 0.153851, 0.52514, 0.164394)) == ({x1, x6}, (0.156615, 0.153851, 0.52514, 0.164394))
({x1, x7}, (0.322101, 0.123663, 0.422099, 0.132137)) == ({x1, x7}, (0.322101, 0.123663, 0.422099, 0.132137))
({x1, x8}, (0.666629, 0.208687, 0.0484104, 0.0762739)) == ({x1, x8}, (0.666629, 0.208687, 0.0484104, 0.0762739))
({x1, x9}, (0.561482, 0.175771, 0.198504, 0.0642432)) == ({x1, x9}, (0.561482, 0.175771, 0.198504, 0.0642432))
({x2, x3}, (0.480441, 0.366622, 0.0979666, 0.0549707)) == ({x2, x3}, (0.480441, 0.366622, 0.0979666, 0.0549707))
({x2, x4}, (0.466355, 0.355873, 0.0386887, 0.139083)) == ({x2, x4}, (0.466355, 0.355873, 0.0386887, 0.139083))
({x2, x5}, (0.386229, 0.113154, 0.205887, 0.29473)) == ({x2, x5}, (0.386229, 0.113154, 0.205887, 0.29473))
({x2, x6}, (0.0191822, 0.141905, 0.475818, 0.363095)) == ({x2, x6}, (0.0191822, 0.141905, 0.475818, 0.363095))
({x2, x7}, (0.221137, 0.316561, 0.414838, 0.0474646)) == ({x2, x7}, (0.221137, 0.316561, 0.414838, 0.0474646))
({x2, x8}, (0.519961, 0.396779, 0.0237674, 0.0594925)) == ({x2, x8}, (0.519961, 0.396779, 0.0237674, 0.0594925))
({x2, x9}, (0.44822, 0.342034, 0.158462, 0.0512841)) == ({x2, x9}, (0.44822, 0.342034, 0.158462, 0.0512841))
({x3, x4}, (0.621075, 0.126643, 0.185226, 0.0670557)) == ({x3, x4}, (0.621075, 0.126643, 0.185226, 0.0670557))
({x3, x5}, (0.500564, 0.10207, 0.381978, 0.0153879)) == ({x3, x5}, (0.500564, 0.10207, 0.381978, 0.0153879))
({x3, x6}, (0.185226, 0.0670557, 0.621075, 0.126643)) == ({x3, x6}, (0.185226, 0.0670557, 0.621075, 0.126643))
({x3, x7}, (0.367762, 0.052033, 0.481934, 0.0982711)) == ({x3, x7}, (0.367762, 0.052033, 0.481934, 0.0982711))
({x3, x8}, (0.718935, 0.146598, 0.0522088, 0.0822586)) == ({x3, x8}, (0.718935, 0.146598, 0.0522088, 0.0822586))
({x3, x9}, (0.600451, 0.064829, 0.212282, 0.122438)) == ({x3, x9}, (0.600451, 0.064829, 0.212282, 0.122438))
({x4, x5}, (0.424755, 0.124441, 0.324128, 0.126676)) == ({x4, x5}, (0.424755, 0.124441, 0.324128, 0.126676))
({x4, x6}, (0.0734233, 0.181064, 0.607121, 0.138392)) == ({x4, x6}, (0.0734233, 0.181064, 0.607121, 0.138392))
({x4, x7}, (0.35887, 0.140254, 0.470283, 0.0305926)) == ({x4, x7}, (0.35887, 0.140254, 0.470283, 0.0305926))
({x4, x8}, (0.673122, 0.200748, 0.0770168, 0.0491136)) == ({x4, x8}, (0.673122, 0.200748, 0.0770168, 0.0491136))
({x4, x9}, (0.594617, 0.177335, 0.210219, 0.0178293)) == ({x4, x9}, (0.594617, 0.177335, 0.210219, 0.0178293))
({x5, x6}, (0.124441, 0.126676, 0.424755, 0.324128)) == ({x5, x6}, (0.124441, 0.126676, 0.424755, 0.324128))
({x5, x7}, (0.152828, 0.305386, 0.400194, 0.141592)) == ({x5, x7}, (0.152828, 0.305386, 0.400194, 0.141592))
({x5, x8}, (0.512786, 0.391304, 0.0586716, 0.0372383)) == ({x5, x8}, (0.512786, 0.391304, 0.0586716, 0.0372383))
({x5, x9}, (0.459261, 0.35046, 0.162366, 0.0279143)) == ({x5, x9}, (0.459261, 0.35046, 0.162366, 0.0279143))
({x6, x7}, (0.140932, 0.360604, 0.0259091, 0.472555)) == ({x6, x7}, (0.140932, 0.360604, 0.0259091, 0.472555))
({x6, x8}, (0.198529, 0.665682, 0.0596229, 0.0761656)) == ({x6, x8}, (0.198529, 0.665682, 0.0596229, 0.0761656))
({x6, x9}, (0.175788, 0.58943, 0.0263971, 0.208385)) == ({x6, x9}, (0.175788, 0.58943, 0.0263971, 0.208385))
({x7, x8}, (0.387933, 0.508368, 0.0455328, 0.0581661)) == ({x7, x8}, (0.387933, 0.508368, 0.0455328, 0.0581661))
({x7, x9}, (0.336821, 0.441388, 0.065743, 0.156047)) == ({x7, x9}, (0.336821, 0.441388, 0.065743, 0.156047))
({x8, x9}, (0.642046, 0.0575059, 0.226987, 0.0734612)) == ({x8, x9}, (0.642046, 0.0575059, 0.226987, 0.0734612))
Exact MAP state (log score = 3.21105):
x0: 0
x1: 0
x2: 0
x3: 0
x4: 0
x5: 0
x6: 1
x7: 1
x8: 0
x9: 0
