Builtin inference algorithms: {BP, EXACT, FBP, JTREE, TRWBP}

Exact variable marginals:
({x0}, (0.99071, 0.00929023))
({x1}, (0.00929023, 0.99071))
({x2}, (0.00929023, 0.99071))
({x3}, (0.99071, 0.00929023))
({x4}, (0.00929023, 0.99071))
({x5}, (0.99071, 0.00929023))
({x6}, (0.99071, 0.00929024))
({x7}, (0.99071, 0.00929023))
({x8}, (0.00929081, 0.990709))
({x9}, (0.00929023, 0.99071))
Exact factor marginals:
({x0}, (0.99071, 0.00929023))
({x1}, (0.00929023, 0.99071))
({x2}, (0.00929023, 0.99071))
({x3}, (0.99071, 0.00929023))
({x4}, (0.00929023, 0.99071))
({x5}, (0.99071, 0.00929023))
({x6}, (0.99071, 0.00929024))
({x7}, (0.99071, 0.00929023))
({x8}, (0.00929081, 0.990709))
({x9}, (0.00929023, 0.99071))
({x0, x1}, (7.47461e-14, 0.00929023, 0.99071, 1.09004e-12))
({x0, x2}, (2.01511e-15, 0.00929023, 0.99071, 1.73036e-13))
({x0, x3}, (0.99071, 1.73106e-13, 1.98468e-15, 0.00929023))
({x0, x4}, (5.69294e-12, 0.00929023, 0.99071, 2.84694e-12))
({x0, x5}, (0.99071, 6.72581e-14, 5.3304e-11, 0.00929023))
({x0, x6}, (0.99071, 9.37847e-13, 3.43135e-09, 0.00929023))
({x0, x7}, (0.99071, 1.28661e-14, 4.51175e-14, 0.00929023))
({x0, x8}, (7.82117e-07, 0.00929003, 0.990709, 2.07315e-07))
({x0, x9}, (2.36387e-15, 0.00929023, 0.99071, 1.73052e-13))
({x1, x2}, (0.00929023, 9.17037e-13, 7.27615e-14, 0.99071))
({x1, x3}, (7.27615e-14, 0.99071, 0.00929023, 9.16937e-13))
({x1, x4}, (0.00929023, 6.56261e-12, 2.70132e-12, 0.99071))
({x1, x5}, (1.29712e-13, 0.99071, 0.00929023, 5.43818e-11))
({x1, x6}, (8.39503e-13, 0.99071, 0.00929023, 3.43226e-09))
({x1, x7}, (7.53163e-14, 0.99071, 0.00929023, 1.12286e-12))
({x1, x8}, (0.00929003, 7.82117e-07, 2.07314e-07, 0.990709))
({x1, x9}, (0.00929023, 9.17388e-13, 7.27795e-14, 0.99071))
({x2, x3}, (1.00054e-16, 0.99071, 0.00929023, 8.24571e-20))
({x2, x4}, (0.00929023, 5.69095e-12, 2.67393e-12, 0.99071))
({x2, x5}, (5.70348e-14, 0.99071, 0.00929023, 5.34648e-11))
({x2, x6}, (7.66771e-13, 0.99071, 0.00929023, 3.43135e-09))
({x2, x7}, (2.72367e-15, 0.99071, 0.00929023, 2.05996e-13))
({x2, x8}, (0.00929003, 7.82117e-07, 2.07314e-07, 0.990709))
({x2, x9}, (0.00929023, 3.81666e-16, 4.85792e-17, 0.99071))
({x3, x4}, (5.69095e-12, 0.00929023, 0.99071, 2.67383e-12))
({x3, x5}, (0.99071, 5.70043e-14, 5.34649e-11, 0.00929023))
({x3, x6}, (0.99071, 7.66742e-13, 3.43135e-09, 0.00929023))
({x3, x7}, (0.99071, 2.69323e-15, 2.06066e-13, 0.00929023))
({x3, x8}, (7.82117e-07, 0.00929003, 0.990709, 2.07314e-07))
({x3, x9}, (4.51106e-16, 0.00929023, 0.99071, 1.80482e-17))
({x4, x5}, (5.74796e-12, 0.99071, 0.00929023, 5.61387e-11))
({x4, x6}, (6.4577e-12, 0.99071, 0.00929023, 3.43402e-09))
({x4, x7}, (5.69365e-12, 0.99071, 0.00929023, 2.8799e-12))
({x4, x8}, (0.00929003, 7.8212e-07, 2.0732e-07, 0.990709))
({x4, x9}, (0.00929023, 2.67429e-12, 5.69097e-12, 0.99071))
({x5, x6}, (0.99071, 5.4231e-11, 3.4314e-09, 0.00929023))
({x5, x7}, (0.99071, 5.33035e-11, 9.89831e-14, 0.00929023))
({x5, x8}, (7.82117e-07, 0.00929003, 0.990709, 2.07368e-07))
({x5, x9}, (5.73831e-14, 0.00929023, 0.99071, 5.34648e-11))
({x6, x7}, (0.99071, 3.43135e-09, 9.72074e-13, 0.00929023))
({x6, x8}, (7.82117e-07, 0.00929003, 0.990709, 2.10745e-07))
({x6, x9}, (7.67123e-13, 0.00929023, 0.99071, 3.43135e-09))
({x7, x8}, (7.82117e-07, 0.00929003, 0.990709, 2.07315e-07))
({x7, x9}, (3.07243e-15, 0.00929023, 0.99071, 2.06012e-13))
({x8, x9}, (0.00929003, 2.07314e-07, 7.82117e-07, 0.990709))
Exact log partition sum: 69.7944
Exact MAP variable marginals:
({x0}, (0.99071, 0.00929003))
({x1}, (0.00929003, 0.99071))
({x2}, (0.00929003, 0.99071))
({x3}, (0.99071, 0.00929003))
({x4}, (0.00929003, 0.99071))
({x5}, (0.99071, 0.00929003))
({x6}, (0.99071, 0.00929003))
({x7}, (0.99071, 0.00929003))
({x8}, (0.00929003, 0.99071))
({x9}, (0.00929003, 0.99071))
Exact MAP factor marginals:
({x0}, (0.99071, 0.00929003)) == ({x0}, (0.99071, 0.00929003))
({x1}, (0.00929003, 0.99071)) == ({x1}, (0.00929003, 0.99071))
({x2}, (0.00929003, 0.99071)) == ({x2}, (0.00929003, 0.99071))
({x3}, (0.99071, 0.00929003)) == ({x3}, (0.99071, 0.00929003))
({x4}, (0.00929003, 0.99071)) == ({x4}, (0.00929003, 0.99071))
({x5}, (0.99071, 0.00929003)) == ({x5}, (0.99071, 0.00929003))
({x6}, (0.99071, 0.00929003)) == ({x6}, (0.99071, 0.00929003))
({x7}, (0.99071, 0.00929003)) == ({x7}, (0.99071, 0.00929003))
({x8}, (0.00929003, 0.99071)) == ({x8}, (0.00929003, 0.99071))
({x9}, (0.00929003, 0.99071)) == ({x9}, (0.00929003, 0.99071))
({x0, x1}, (7.2505e-14, 0.00929003, 0.99071, 8.71606e-13)) == ({x0, x1}, (7.2505e-14, 0.00929003, 0.99071, 8.71606e-13))
({x0, x2}, (1.3361e-15, 0.00929003, 0.99071, 1.61559e-13)) == ({x0, x2}, (1.3361e-15, 0.00929003, 0.99071, 1.61559e-13))
({x0, x3}, (0.99071, 1.61559e-13, 1.3361e-15, 0.00929003)) == ({x0, x3}, (0.99071, 1.61559e-13, 1.3361e-15, 0.00929003))
({x0, x4}, (5.69082e-12, 0.00929003, 0.99071, 2.62782e-12)) == ({x0, x4}, (5.69082e-12, 0.00929003, 0.99071, 2.62782e-12))
({x0, x5}, (0.99071, 5.635e-14, 5.33015e-11, 0.00929003)) == ({x0, x5}, (0.99071, 5.635e-14, 5.33015e-11, 0.00929003))
({x0, x6}, (0.99071, 7.60569e-13, 3.43036e-09, 0.00929003)) == ({x0, x6}, (0.99071, 7.60569e-13, 3.43036e-09, 0.00929003))
({x0, x7}, (0.99071, 9.53289e-15, 2.92283e-14, 0.00929003)) == ({x0, x7}, (0.99071, 9.53289e-15, 2.92283e-14, 0.00929003))
({x0, x8}, (7.82116e-07, 0.00929003, 0.990709, 2.07314e-07)) == ({x0, x8}, (7.82116e-07, 0.00929003, 0.990709, 2.07314e-07))
({x0, x9}, (1.3361e-15, 0.00929003, 0.99071, 1.61559e-13)) == ({x0, x9}, (1.3361e-15, 0.00929003, 0.99071, 1.61559e-13))
({x1, x2}, (0.00929003, 8.71606e-13, 7.2505e-14, 0.99071)) == ({x1, x2}, (0.00929003, 8.71606e-13, 7.2505e-14, 0.99071))
({x1, x3}, (7.2505e-14, 0.99071, 0.00929003, 8.71606e-13)) == ({x1, x3}, (7.2505e-14, 0.99071, 0.00929003, 8.71606e-13))
({x1, x4}, (0.00929003, 5.69082e-12, 2.62782e-12, 0.99071)) == ({x1, x4}, (0.00929003, 5.69082e-12, 2.62782e-12, 0.99071))
({x1, x5}, (7.2505e-14, 0.99071, 0.00929003, 5.33015e-11)) == ({x1, x5}, (7.2505e-14, 0.99071, 0.00929003, 5.33015e-11))
({x1, x6}, (7.60569e-13, 0.99071, 0.00929003, 3.43036e-09)) == ({x1, x6}, (7.60569e-13, 0.99071, 0.00929003, 3.43036e-09))
({x1, x7}, (7.2505e-14, 0.99071, 0.00929003, 8.71606e-13)) == ({x1, x7}, (7.2505e-14, 0.99071, 0.00929003, 8.71606e-13))
({x1, x8}, (0.00929003, 7.82116e-07, 2.07314e-07, 0.990709)) == ({x1, x8}, (0.00929003, 7.82116e-07, 2.07314e-07, 0.990709))
({x1, x9}, (0.00929003, 8.71606e-13, 7.2505e-14, 0.99071)) == ({x1, x9}, (0.00929003, 8.71606e-13, 7.2505e-14, 0.99071))
({x2, x3}, (6.9415e-17, 0.99071, 0.00929003, 5.31059e-20)) == ({x2, x3}, (6.9415e-17, 0.99071, 0.00929003, 5.31059e-20))
({x2, x4}, (0.00929003, 5.69082e-12, 2.62782e-12, 0.99071)) == ({x2, x4}, (0.00929003, 5.69082e-12, 2.62782e-12, 0.99071))
({x2, x5}, (5.635e-14, 0.99071, 0.00929003, 5.33015e-11)) == ({x2, x5}, (5.635e-14, 0.99071, 0.00929003, 5.33015e-11))
({x2, x6}, (7.60569e-13, 0.99071, 0.00929003, 3.43036e-09)) == ({x2, x6}, (7.60569e-13, 0.99071, 0.00929003, 3.43036e-09))
({x2, x7}, (1.94204e-15, 0.99071, 0.00929003, 1.61559e-13)) == ({x2, x7}, (1.94204e-15, 0.99071, 0.00929003, 1.61559e-13))
({x2, x8}, (0.00929003, 7.82116e-07, 2.07314e-07, 0.990709)) == ({x2, x8}, (0.00929003, 7.82116e-07, 2.07314e-07, 0.990709))
({x2, x9}, (0.00929003, 3.78821e-16, 2.94272e-17, 0.99071)) == ({x2, x9}, (0.00929003, 3.78821e-16, 2.94272e-17, 0.99071))
({x3, x4}, (5.69082e-12, 0.00929003, 0.99071, 2.62782e-12)) == ({x3, x4}, (5.69082e-12, 0.00929003, 0.99071, 2.62782e-12))
({x3, x5}, (0.99071, 5.635e-14, 5.33015e-11, 0.00929003)) == ({x3, x5}, (0.99071, 5.635e-14, 5.33015e-11, 0.00929003))
({x3, x6}, (0.99071, 7.60569e-13, 3.43036e-09, 0.00929003)) == ({x3, x6}, (0.99071, 7.60569e-13, 3.43036e-09, 0.00929003))
({x3, x7}, (0.99071, 1.94204e-15, 1.61559e-13, 0.00929003)) == ({x3, x7}, (0.99071, 1.94204e-15, 1.61559e-13, 0.00929003))
({x3, x8}, (7.82116e-07, 0.00929003, 0.990709, 2.07314e-07)) == ({x3, x8}, (7.82116e-07, 0.00929003, 0.990709, 2.07314e-07))
({x3, x9}, (3.78821e-16, 0.00929003, 0.99071, 1.79696e-17)) == ({x3, x9}, (3.78821e-16, 0.00929003, 0.99071, 1.79696e-17))
({x4, x5}, (5.69082e-12, 0.99071, 0.00929003, 5.33015e-11)) == ({x4, x5}, (5.69082e-12, 0.99071, 0.00929003, 5.33015e-11))
({x4, x6}, (5.69082e-12, 0.99071, 0.00929003, 3.43036e-09)) == ({x4, x6}, (5.69082e-12, 0.99071, 0.00929003, 3.43036e-09))
({x4, x7}, (5.69082e-12, 0.99071, 0.00929003, 2.62782e-12)) == ({x4, x7}, (5.69082e-12, 0.99071, 0.00929003, 2.62782e-12))
({x4, x8}, (0.00929003, 7.82116e-07, 2.07314e-07, 0.990709)) == ({x4, x8}, (0.00929003, 7.82116e-07, 2.07314e-07, 0.990709))
({x4, x9}, (0.00929003, 2.62782e-12, 5.69082e-12, 0.99071)) == ({x4, x9}, (0.00929003, 2.62782e-12, 5.69082e-12, 0.99071))
({x5, x6}, (0.99071, 5.33015e-11, 3.43036e-09, 0.00929003)) == ({x5, x6}, (0.99071, 5.33015e-11, 3.43036e-09, 0.00929003))
({x5, x7}, (0.99071, 5.33015e-11, 5.635e-14, 0.00929003)) == ({x5, x7}, (0.99071, 5.33015e-11, 5.635e-14, 0.00929003))
({x5, x8}, (7.82116e-07, 0.00929003, 0.990709, 2.07314e-07)) == ({x5, x8}, (7.82116e-07, 0.00929003, 0.990709, 2.07314e-07))
({x5, x9}, (5.635e-14, 0.00929003, 0.99071, 5.33015e-11)) == ({x5, x9}, (5.635e-14, 0.00929003, 0.99071, 5.33015e-11))
({x6, x7}, (0.99071, 3.43036e-09, 7.60569e-13, 0.00929003)) == ({x6, x7}, (0.99071, 3.43036e-09, 7.60569e-13, 0.00929003))
({x6, x8}, (7.82116e-07, 0.00929003, 0.990709, 2.07314e-07)) == ({x6, x8}, (7.82116e-07, 0.00929003, 0.990709, 2.07314e-07))
({x6, x9}, (7.60569e-13, 0.00929003, 0.99071, 3.43036e-09)) == ({x6, x9}, (7.60569e-13, 0.00929003, 0.99071, 3.43036e-09))
({x7, x8}, (7.82116e-07, 0.00929003, 0.990709, 2.07314e-07)) == ({x7, x8}, (7.82116e-07, 0.00929003, 0.990709, 2.07314e-07))
({x7, x9}, (1.94204e-15, 0.00929003, 0.99071, 1.61559e-13)) == ({x7, x9}, (1.94204e-15, 0.00929003, 0.99071, 1.61559e-13))
({x8, x9}, (0.00929003, 2.07314e-07, 7.82116e-07, 0.990709)) == ({x8, x9}, (0.00929003, 2.07314e-07, 7.82116e-07, 0.990709))
Exact MAP state (log score = 69.785):
x0: 0
x1: 1
x2: 1
x3: 0
x4: 1
x5: 0
x6: 0
x7: 0
x8: 1
x9: 1
