Builtin inference algorithms: {BP, EXACT, FBP, JTREE, TRWBP}

Exact variable marginals:
({x0}, (0.535433, 0.464567))
({x1}, (0.450776, 0.549224))
({x2}, (0.450776, 0.549224))
({x3}, (0.553156, 0.446844))
({x4}, (0.446842, 0.553158))
({x5}, (0.535423, 0.464577))
({x6}, (0.53542, 0.46458))
({x7}, (0.549224, 0.450776))
({x8}, (0.450776, 0.549224))
({x9}, (0.53542, 0.46458))
Exact factor marginals:
({x0}, (0.535433, 0.464567))
({x1}, (0.450776, 0.549224))
({x2}, (0.450776, 0.549224))
({x3}, (0.553156, 0.446844))
({x4}, (0.446842, 0.553158))
({x5}, (0.535423, 0.464577))
({x6}, (0.53542, 0.46458))
({x7}, (0.549224, 0.450776))
({x8}, (0.450776, 0.549224))
({x9}, (0.53542, 0.46458))
({x0, x1}, (0.00105561, 0.44972, 0.534378, 0.0148464))
({x0, x2}, (0.00105559, 0.44972, 0.534378, 0.0148464))
({x0, x3}, (0.532889, 0.0202668, 0.00254414, 0.4443))
({x0, x4}, (0.00253399, 0.444308, 0.532899, 0.0202588))
({x0, x5}, (0.535423, 1.25616e-07, 1.05692e-05, 0.464567))
({x0, x6}, (0.535418, 1.32373e-06, 1.48852e-05, 0.464565))
({x0, x7}, (0.534378, 0.0148463, 0.00105558, 0.44972))
({x0, x8}, (0.00105559, 0.44972, 0.534378, 0.0148464))
({x0, x9}, (0.53542, 2.02347e-07, 1.30814e-05, 0.464567))
({x1, x2}, (0.450776, 6.69049e-08, 9.49196e-08, 0.549224))
({x1, x3}, (0.00542036, 0.547736, 0.445356, 0.00148853))
({x1, x4}, (0.445364, 0.00147838, 0.00541233, 0.547746))
({x1, x5}, (0.00105569, 0.534367, 0.44972, 0.014857))
({x1, x6}, (0.00105689, 0.534363, 0.449719, 0.0148613))
({x1, x7}, (2.81482e-08, 0.549224, 0.450776, 1.61484e-07))
({x1, x8}, (0.450776, 9.19062e-08, 3.30073e-08, 0.549224))
({x1, x9}, (0.00105577, 0.534365, 0.44972, 0.0148595))
({x2, x3}, (0.00542035, 0.547736, 0.445356, 0.00148855))
({x2, x4}, (0.445364, 0.0014784, 0.00541232, 0.547746))
({x2, x5}, (0.00105567, 0.534367, 0.44972, 0.014857))
({x2, x6}, (0.00105687, 0.534363, 0.449719, 0.0148613))
({x2, x7}, (7.28367e-09, 0.549224, 0.450776, 1.68635e-07))
({x2, x8}, (0.450776, 1.84684e-07, 9.77704e-08, 0.549224))
({x2, x9}, (0.00105575, 0.534365, 0.44972, 0.0148595))
({x3, x4}, (8.09848e-06, 0.446834, 0.553148, 1.02129e-05))
({x3, x5}, (0.532879, 0.00254421, 0.0202773, 0.4443))
({x3, x6}, (0.532874, 0.00254541, 0.0202816, 0.444299))
({x3, x7}, (0.547735, 0.00148856, 0.00542052, 0.445356))
({x3, x8}, (0.00542044, 0.445356, 0.547735, 0.00148855))
({x3, x9}, (0.532876, 0.00254429, 0.0202798, 0.4443))
({x4, x5}, (0.00253407, 0.532889, 0.444308, 0.0202693))
({x4, x6}, (0.00253527, 0.532884, 0.444307, 0.0202736))
({x4, x7}, (0.00147841, 0.547746, 0.445364, 0.00541249))
({x4, x8}, (0.445364, 0.00541241, 0.0014784, 0.547746))
({x4, x9}, (0.00253415, 0.532886, 0.444308, 0.0202718))
({x5, x6}, (0.535419, 1.19819e-06, 4.31609e-06, 0.464576))
({x5, x7}, (0.534367, 0.0148568, 0.00105566, 0.44972))
({x5, x8}, (0.00105567, 0.44972, 0.534367, 0.0148569))
({x5, x9}, (0.53542, 7.70639e-08, 2.51251e-06, 0.464577))
({x6, x7}, (0.534363, 0.0148611, 0.00105686, 0.449719))
({x6, x8}, (0.00105686, 0.449719, 0.534363, 0.0148612))
({x6, x9}, (0.535416, 4.27817e-06, 3.59572e-06, 0.464576))
({x7, x8}, (5.37718e-08, 0.450776, 0.549224, 1.28209e-07))
({x7, x9}, (0.534365, 0.00105574, 0.0148593, 0.44972))
({x8, x9}, (0.00105574, 0.534365, 0.44972, 0.0148594))
Exact log partition sum: 51.1209
Exact MAP variable marginals:
({x0}, (0.545321, 0.454679))
({x1}, (0.454679, 0.545321))
({x2}, (0.454679, 0.545321))
({x3}, (0.545321, 0.454679))
({x4}, (0.454679, 0.545321))
({x5}, (0.545321, 0.454679))
({x6}, (0.545321, 0.454679))
({x7}, (0.545321, 0.454679))
({x8}, (0.454679, 0.545321))
({x9}, (0.545321, 0.454679))
Exact MAP factor marginals:
({x0}, (0.545321, 0.454679)) == ({x0}, (0.545321, 0.454679))
({x1}, (0.454679, 0.545321)) == ({x1}, (0.454679, 0.545321))
({x2}, (0.454679, 0.545321)) == ({x2}, (0.454679, 0.545321))
({x3}, (0.545321, 0.454679)) == ({x3}, (0.545321, 0.454679))
({x4}, (0.454679, 0.545321)) == ({x4}, (0.454679, 0.545321))
({x5}, (0.545321, 0.454679)) == ({x5}, (0.545321, 0.454679))
({x6}, (0.545321, 0.454679)) == ({x6}, (0.545321, 0.454679))
({x7}, (0.545321, 0.454679)) == ({x7}, (0.545321, 0.454679))
({x8}, (0.454679, 0.545321)) == ({x8}, (0.454679, 0.545321))
({x9}, (0.545321, 0.454679)) == ({x9}, (0.545321, 0.454679))
({x0, x1}, (0.00106289, 0.447398, 0.536589, 0.0149498)) == ({x0, x1}, (0.00106289, 0.447398, 0.536589, 0.0149498))
({x0, x2}, (0.00106289, 0.447398, 0.536589, 0.0149498)) == ({x0, x2}, (0.00106289, 0.447398, 0.536589, 0.0149498))
({x0, x3}, (0.536361, 0.0149434, 0.00148805, 0.447208)) == ({x0, x3}, (0.536361, 0.0149434, 0.00148805, 0.447208))
({x0, x4}, (0.00148805, 0.447208, 0.536361, 0.0149434)) == ({x0, x4}, (0.00148805, 0.447208, 0.536361, 0.0149434))
({x0, x5}, (0.545315, 1.20363e-07, 1.07699e-05, 0.454674)) == ({x0, x5}, (0.545315, 1.20363e-07, 1.07699e-05, 0.454674))
({x0, x6}, (0.545315, 1.22479e-06, 1.07699e-05, 0.454673)) == ({x0, x6}, (0.545315, 1.22479e-06, 1.07699e-05, 0.454673))
({x0, x7}, (0.536589, 0.0149498, 0.00106289, 0.447398)) == ({x0, x7}, (0.536589, 0.0149498, 0.00106289, 0.447398))
({x0, x8}, (0.00106289, 0.447398, 0.536589, 0.0149498)) == ({x0, x8}, (0.00106289, 0.447398, 0.536589, 0.0149498))
({x0, x9}, (0.545315, 1.20363e-07, 1.07699e-05, 0.454674)) == ({x0, x9}, (0.545315, 1.20363e-07, 1.07699e-05, 0.454674))
({x1, x2}, (0.454679, 6.74267e-08, 7.46008e-08, 0.545321)) == ({x1, x2}, (0.454679, 6.74267e-08, 7.46008e-08, 0.545321))
({x1, x3}, (0.00549986, 0.541503, 0.451495, 0.00150231)) == ({x1, x3}, (0.00549986, 0.541503, 0.451495, 0.00150231))
({x1, x4}, (0.451495, 0.00150231, 0.00549986, 0.541503)) == ({x1, x4}, (0.451495, 0.00150231, 0.00549986, 0.541503))
({x1, x5}, (0.00106289, 0.536589, 0.447398, 0.0149498)) == ({x1, x5}, (0.00106289, 0.536589, 0.447398, 0.0149498))
({x1, x6}, (0.00106289, 0.536589, 0.447398, 0.0149498)) == ({x1, x6}, (0.00106289, 0.536589, 0.447398, 0.0149498))
({x1, x7}, (2.01752e-08, 0.545321, 0.454679, 6.74267e-08)) == ({x1, x7}, (2.01752e-08, 0.545321, 0.454679, 6.74267e-08))
({x1, x8}, (0.454679, 5.94686e-08, 1.80114e-08, 0.545321)) == ({x1, x8}, (0.454679, 5.94686e-08, 1.80114e-08, 0.545321))
({x1, x9}, (0.00106289, 0.536589, 0.447398, 0.0149498)) == ({x1, x9}, (0.00106289, 0.536589, 0.447398, 0.0149498))
({x2, x3}, (0.00549986, 0.541503, 0.451495, 0.00150231)) == ({x2, x3}, (0.00549986, 0.541503, 0.451495, 0.00150231))
({x2, x4}, (0.451495, 0.00150231, 0.00549986, 0.541503)) == ({x2, x4}, (0.451495, 0.00150231, 0.00549986, 0.541503))
({x2, x5}, (0.00106289, 0.536589, 0.447398, 0.0149498)) == ({x2, x5}, (0.00106289, 0.536589, 0.447398, 0.0149498))
({x2, x6}, (0.00106289, 0.536589, 0.447398, 0.0149498)) == ({x2, x6}, (0.00106289, 0.536589, 0.447398, 0.0149498))
({x2, x7}, (6.17057e-09, 0.545321, 0.454679, 7.46008e-08)) == ({x2, x7}, (6.17057e-09, 0.545321, 0.454679, 7.46008e-08))
({x2, x8}, (0.454679, 7.46008e-08, 6.74267e-08, 0.545321)) == ({x2, x8}, (0.454679, 7.46008e-08, 6.74267e-08, 0.545321))
({x2, x9}, (0.00106289, 0.536589, 0.447398, 0.0149498)) == ({x2, x9}, (0.00106289, 0.536589, 0.447398, 0.0149498))
({x3, x4}, (8.27355e-06, 0.45467, 0.545311, 1.03933e-05)) == ({x3, x4}, (8.27355e-06, 0.45467, 0.545311, 1.03933e-05))
({x3, x5}, (0.536361, 0.00148805, 0.0149434, 0.447208)) == ({x3, x5}, (0.536361, 0.00148805, 0.0149434, 0.447208))
({x3, x6}, (0.536361, 0.00148805, 0.0149434, 0.447208)) == ({x3, x6}, (0.536361, 0.00148805, 0.0149434, 0.447208))
({x3, x7}, (0.541503, 0.00150231, 0.00549986, 0.451495)) == ({x3, x7}, (0.541503, 0.00150231, 0.00549986, 0.451495))
({x3, x8}, (0.00549986, 0.451495, 0.541503, 0.00150231)) == ({x3, x8}, (0.00549986, 0.451495, 0.541503, 0.00150231))
({x3, x9}, (0.536361, 0.00148805, 0.0149434, 0.447208)) == ({x3, x9}, (0.536361, 0.00148805, 0.0149434, 0.447208))
({x4, x5}, (0.00148805, 0.536361, 0.447208, 0.0149434)) == ({x4, x5}, (0.00148805, 0.536361, 0.447208, 0.0149434))
({x4, x6}, (0.00148805, 0.536361, 0.447208, 0.0149434)) == ({x4, x6}, (0.00148805, 0.536361, 0.447208, 0.0149434))
({x4, x7}, (0.00150231, 0.541503, 0.451495, 0.00549986)) == ({x4, x7}, (0.00150231, 0.541503, 0.451495, 0.00549986))
({x4, x8}, (0.451495, 0.00549986, 0.00150231, 0.541503)) == ({x4, x8}, (0.451495, 0.00549986, 0.00150231, 0.541503))
({x4, x9}, (0.00148805, 0.536361, 0.447208, 0.0149434)) == ({x4, x9}, (0.00148805, 0.536361, 0.447208, 0.0149434))
({x5, x6}, (0.545318, 1.2248e-06, 4.30044e-06, 0.454676)) == ({x5, x6}, (0.545318, 1.2248e-06, 4.30044e-06, 0.454676))
({x5, x7}, (0.536589, 0.0149498, 0.00106289, 0.447398)) == ({x5, x7}, (0.536589, 0.0149498, 0.00106289, 0.447398))
({x5, x8}, (0.00106289, 0.447398, 0.536589, 0.0149498)) == ({x5, x8}, (0.00106289, 0.447398, 0.536589, 0.0149498))
({x5, x9}, (0.54532, 7.7451e-08, 2.45461e-06, 0.454677)) == ({x5, x9}, (0.54532, 7.7451e-08, 2.45461e-06, 0.454677))
({x6, x7}, (0.536589, 0.0149498, 0.00106289, 0.447398)) == ({x6, x7}, (0.536589, 0.0149498, 0.00106289, 0.447398))
({x6, x8}, (0.00106289, 0.447398, 0.536589, 0.0149498)) == ({x6, x8}, (0.00106289, 0.447398, 0.536589, 0.0149498))
({x6, x9}, (0.545318, 4.30043e-06, 2.4546e-06, 0.454676)) == ({x6, x9}, (0.545318, 4.30043e-06, 2.4546e-06, 0.454676))
({x7, x8}, (2.61452e-08, 0.454679, 0.545321, 6.74267e-08)) == ({x7, x8}, (2.61452e-08, 0.454679, 0.545321, 6.74267e-08))
({x7, x9}, (0.536589, 0.00106289, 0.0149498, 0.447398)) == ({x7, x9}, (0.536589, 0.00106289, 0.0149498, 0.447398))
({x8, x9}, (0.00106289, 0.536589, 0.447398, 0.0149498)) == ({x8, x9}, (0.00106289, 0.536589, 0.447398, 0.0149498))
Exact MAP state (log score = 50.4914):
x0: 0
x1: 1
x2: 1
x3: 0
x4: 1
x5: 0
x6: 0
x7: 0
x8: 1
x9: 0
