Builtin inference algorithms: {BP, EXACT, FBP, JTREE, TRWBP}

Exact variable marginals:
({x0}, (0.0653808, 0.934619))
({x1}, (0.934625, 0.0653751))
({x2}, (0.0653801, 0.93462))
({x3}, (0.0653775, 0.934623))
({x4}, (0.0654176, 0.934582))
({x5}, (0.06557, 0.93443))
({x6}, (0.934463, 0.0655373))
({x7}, (0.93462, 0.0653801))
({x8}, (0.0653808, 0.934619))
({x9}, (0.934582, 0.0654176))
Exact factor marginals:
({x0}, (0.0653808, 0.934619))
({x1}, (0.934625, 0.0653751))
({x2}, (0.0653801, 0.93462))
({x3}, (0.0653775, 0.934623))
({x4}, (0.0654176, 0.934582))
({x5}, (0.06557, 0.93443))
({x6}, (0.934463, 0.0655373))
({x7}, (0.93462, 0.0653801))
({x8}, (0.0653808, 0.934619))
({x9}, (0.934582, 0.0654176))
({x0, x1}, (7.75769e-06, 0.934617, 0.065373, 2.11181e-06))
({x0, x2}, (0.0653798, 3.27267e-07, 9.68381e-07, 0.934619))
({x0, x3}, (0.0653772, 2.40136e-07, 3.56519e-06, 0.934619))
({x0, x4}, (0.0653804, 3.71383e-05, 3.51721e-07, 0.934582))
({x0, x5}, (0.0653754, 0.000194607, 5.36672e-06, 0.934425))
({x0, x6}, (5.05692e-06, 0.934458, 0.0653757, 0.000161586))
({x0, x7}, (6.9829e-07, 0.934619, 0.0653801, 3.32316e-08))
({x0, x8}, (0.0653808, 2.35386e-11, 1.12977e-11, 0.934619))
({x0, x9}, (3.51859e-07, 0.934582, 0.0653804, 3.71387e-05))
({x1, x2}, (7.2469e-06, 0.0653729, 0.934618, 2.24213e-06))
({x1, x3}, (4.22849e-06, 0.0653732, 0.934621, 1.90765e-06))
({x1, x4}, (4.48928e-05, 0.0653727, 0.93458, 2.46031e-06))
({x1, x5}, (0.000198298, 0.0653717, 0.934427, 3.41249e-06))
({x1, x6}, (0.93446, 3.11051e-06, 0.000165286, 0.065372))
({x1, x7}, (0.934618, 2.10375e-06, 7.08458e-06, 0.065373))
({x1, x8}, (7.75768e-06, 0.065373, 0.934617, 2.11178e-06))
({x1, x9}, (0.93458, 2.46044e-06, 4.48932e-05, 0.0653727))
({x2, x3}, (0.0653769, 5.47057e-07, 3.23099e-06, 0.934619))
({x2, x4}, (0.0653798, 3.77471e-05, 3.19397e-07, 0.934582))
({x2, x5}, (0.0653755, 0.000194528, 4.64665e-06, 0.934425))
({x2, x6}, (4.70113e-06, 0.934458, 0.0653754, 0.000161871))
({x2, x7}, (3.26767e-07, 0.93462, 0.0653798, 3.02823e-07))
({x2, x8}, (0.0653798, 9.68372e-07, 3.27246e-07, 0.934619))
({x2, x9}, (3.1945e-07, 0.934582, 0.0653798, 3.77474e-05))
({x3, x4}, (0.0653769, 4.07035e-05, 5.91853e-07, 0.934582))
({x3, x5}, (0.0653757, 0.000194367, 1.80155e-06, 0.934428))
({x3, x6}, (1.49174e-06, 0.934461, 0.065376, 0.000161346))
({x3, x7}, (2.44535e-07, 0.93462, 0.0653772, 2.90453e-06))
({x3, x8}, (0.0653772, 3.56521e-06, 2.40145e-07, 0.934619))
({x3, x9}, (5.91993e-07, 0.934582, 0.0653769, 4.07039e-05))
({x4, x5}, (0.0654126, 0.000157468, 5.015e-06, 0.934425))
({x4, x6}, (4.21953e-05, 0.93442, 0.0653754, 0.000161938))
({x4, x7}, (3.78082e-05, 0.934582, 0.0653798, 3.56565e-07))
({x4, x8}, (0.0653804, 3.51713e-07, 3.71383e-05, 0.934582))
({x4, x9}, (1.42447e-10, 0.934582, 0.0654176, 3.77997e-10))
({x5, x6}, (3.72132e-05, 0.934425, 0.0655328, 4.50239e-06))
({x5, x7}, (0.000194574, 0.934425, 0.0653754, 4.66845e-06))
({x5, x8}, (0.0653754, 5.36672e-06, 0.000194607, 0.934425))
({x5, x9}, (0.000157468, 0.934425, 0.0654126, 5.01517e-06))
({x6, x7}, (0.934458, 0.000161581, 4.38705e-06, 0.0653757))
({x6, x8}, (5.05695e-06, 0.0653757, 0.934458, 0.000161586))
({x6, x9}, (0.93442, 0.000161938, 4.21956e-05, 0.0653754))
({x7, x8}, (6.98281e-07, 0.0653801, 0.934619, 3.32104e-08))
({x7, x9}, (0.934582, 3.56691e-07, 3.78086e-05, 0.0653798))
({x8, x9}, (3.5185e-07, 0.934582, 0.0653804, 3.71387e-05))
Exact log partition sum: 72.075
Exact MAP variable marginals:
({x0}, (0.0653849, 0.934615))
({x1}, (0.934615, 0.0653849))
({x2}, (0.0653849, 0.934615))
({x3}, (0.0653849, 0.934615))
({x4}, (0.0653849, 0.934615))
({x5}, (0.0653849, 0.934615))
({x6}, (0.934615, 0.0653849))
({x7}, (0.934615, 0.0653849))
({x8}, (0.0653849, 0.934615))
({x9}, (0.934615, 0.0653849))
Exact MAP factor marginals:
({x0}, (0.0653849, 0.934615)) == ({x0}, (0.0653849, 0.934615))
({x1}, (0.934615, 0.0653849)) == ({x1}, (0.934615, 0.0653849))
({x2}, (0.0653849, 0.934615)) == ({x2}, (0.0653849, 0.934615))
({x3}, (0.0653849, 0.934615)) == ({x3}, (0.0653849, 0.934615))
({x4}, (0.0653849, 0.934615)) == ({x4}, (0.0653849, 0.934615))
({x5}, (0.0653849, 0.934615)) == ({x5}, (0.0653849, 0.934615))
({x6}, (0.934615, 0.0653849)) == ({x6}, (0.934615, 0.0653849))
({x7}, (0.934615, 0.0653849)) == ({x7}, (0.934615, 0.0653849))
({x8}, (0.0653849, 0.934615)) == ({x8}, (0.0653849, 0.934615))
({x9}, (0.934615, 0.0653849)) == ({x9}, (0.934615, 0.0653849))
({x0, x1}, (3.97225e-06, 0.93461, 0.0653845, 1.68512e-06)) == ({x0, x1}, (3.97225e-06, 0.93461, 0.0653845, 1.68512e-06))
({x0, x2}, (0.0653849, 2.64987e-07, 6.57972e-07, 0.934614)) == ({x0, x2}, (0.0653849, 2.64987e-07, 6.57972e-07, 0.934614))
({x0, x3}, (0.0653847, 2.0668e-07, 2.86912e-06, 0.934612)) == ({x0, x3}, (0.0653847, 2.0668e-07, 2.86912e-06, 0.934612))
({x0, x4}, (0.0653825, 3.68564e-05, 2.80523e-07, 0.93458)) == ({x0, x4}, (0.0653825, 3.68564e-05, 2.80523e-07, 0.93458))
({x0, x5}, (0.0653745, 0.000157, 2.86867e-06, 0.934466)) == ({x0, x5}, (0.0653745, 0.000157, 2.86867e-06, 0.934466))
({x0, x6}, (2.86867e-06, 0.934466, 0.0653745, 0.000157)) == ({x0, x6}, (2.86867e-06, 0.934466, 0.0653745, 0.000157))
({x0, x7}, (6.57972e-07, 0.934614, 0.0653849, 2.27108e-08)) == ({x0, x7}, (6.57972e-07, 0.934614, 0.0653849, 2.27108e-08))
({x0, x8}, (0.0653849, 2.13806e-11, 8.49338e-12, 0.934615)) == ({x0, x8}, (0.0653849, 2.13806e-11, 8.49338e-12, 0.934615))
({x0, x9}, (2.80523e-07, 0.93458, 0.0653825, 3.68564e-05)) == ({x0, x9}, (2.80523e-07, 0.93458, 0.0653825, 3.68564e-05))
({x1, x2}, (3.97225e-06, 0.0653845, 0.93461, 1.68512e-06)) == ({x1, x2}, (3.97225e-06, 0.0653845, 0.93461, 1.68512e-06))
({x1, x3}, (3.97225e-06, 0.0653845, 0.93461, 1.68512e-06)) == ({x1, x3}, (3.97225e-06, 0.0653845, 0.93461, 1.68512e-06))
({x1, x4}, (3.68563e-05, 0.0653824, 0.934579, 1.68506e-06)) == ({x1, x4}, (3.68563e-05, 0.0653824, 0.934579, 1.68506e-06))
({x1, x5}, (0.000157, 0.0653745, 0.934467, 1.68486e-06)) == ({x1, x5}, (0.000157, 0.0653745, 0.934467, 1.68486e-06))
({x1, x6}, (0.934467, 1.68486e-06, 0.000157, 0.0653745)) == ({x1, x6}, (0.934467, 1.68486e-06, 0.000157, 0.0653745))
({x1, x7}, (0.93461, 1.68512e-06, 3.97225e-06, 0.0653845)) == ({x1, x7}, (0.93461, 1.68512e-06, 3.97225e-06, 0.0653845))
({x1, x8}, (3.97225e-06, 0.0653845, 0.93461, 1.68512e-06)) == ({x1, x8}, (3.97225e-06, 0.0653845, 0.93461, 1.68512e-06))
({x1, x9}, (0.934579, 1.68506e-06, 3.68563e-05, 0.0653824)) == ({x1, x9}, (0.934579, 1.68506e-06, 3.68563e-05, 0.0653824))
({x2, x3}, (0.0653847, 2.0668e-07, 2.86912e-06, 0.934612)) == ({x2, x3}, (0.0653847, 2.0668e-07, 2.86912e-06, 0.934612))
({x2, x4}, (0.0653825, 3.68564e-05, 2.80523e-07, 0.93458)) == ({x2, x4}, (0.0653825, 3.68564e-05, 2.80523e-07, 0.93458))
({x2, x5}, (0.0653745, 0.000157, 2.86867e-06, 0.934466)) == ({x2, x5}, (0.0653745, 0.000157, 2.86867e-06, 0.934466))
({x2, x6}, (2.86867e-06, 0.934466, 0.0653745, 0.000157)) == ({x2, x6}, (2.86867e-06, 0.934466, 0.0653745, 0.000157))
({x2, x7}, (2.64987e-07, 0.934615, 0.0653849, 1.45347e-07)) == ({x2, x7}, (2.64987e-07, 0.934615, 0.0653849, 1.45347e-07))
({x2, x8}, (0.0653849, 6.57972e-07, 2.64987e-07, 0.934614)) == ({x2, x8}, (0.0653849, 6.57972e-07, 2.64987e-07, 0.934614))
({x2, x9}, (2.80523e-07, 0.93458, 0.0653825, 3.68564e-05)) == ({x2, x9}, (2.80523e-07, 0.93458, 0.0653825, 3.68564e-05))
({x3, x4}, (0.0653825, 3.68564e-05, 2.80523e-07, 0.93458)) == ({x3, x4}, (0.0653825, 3.68564e-05, 2.80523e-07, 0.93458))
({x3, x5}, (0.0653746, 0.000157, 1.36468e-06, 0.934467)) == ({x3, x5}, (0.0653746, 0.000157, 1.36468e-06, 0.934467))
({x3, x6}, (1.36468e-06, 0.934467, 0.0653746, 0.000157)) == ({x3, x6}, (1.36468e-06, 0.934467, 0.0653746, 0.000157))
({x3, x7}, (2.0668e-07, 0.934612, 0.0653847, 2.86912e-06)) == ({x3, x7}, (2.0668e-07, 0.934612, 0.0653847, 2.86912e-06))
({x3, x8}, (0.0653847, 2.86912e-06, 2.0668e-07, 0.934612)) == ({x3, x8}, (0.0653847, 2.86912e-06, 2.0668e-07, 0.934612))
({x3, x9}, (2.80523e-07, 0.93458, 0.0653825, 3.68564e-05)) == ({x3, x9}, (2.80523e-07, 0.93458, 0.0653825, 3.68564e-05))
({x4, x5}, (0.0653745, 0.000157, 2.86867e-06, 0.934466)) == ({x4, x5}, (0.0653745, 0.000157, 2.86867e-06, 0.934466))
({x4, x6}, (3.68506e-05, 0.934434, 0.0653722, 0.000156994)) == ({x4, x6}, (3.68506e-05, 0.934434, 0.0653722, 0.000156994))
({x4, x7}, (3.68564e-05, 0.93458, 0.0653825, 2.80523e-07)) == ({x4, x7}, (3.68564e-05, 0.93458, 0.0653825, 2.80523e-07))
({x4, x8}, (0.0653825, 2.80523e-07, 3.68564e-05, 0.93458)) == ({x4, x8}, (0.0653825, 2.80523e-07, 3.68564e-05, 0.93458))
({x4, x9}, (5.94545e-11, 0.934615, 0.0653849, 2.5668e-10)) == ({x4, x9}, (5.94545e-11, 0.934615, 0.0653849, 2.5668e-10))
({x5, x6}, (3.68562e-05, 0.934577, 0.0653822, 4.14531e-06)) == ({x5, x6}, (3.68562e-05, 0.934577, 0.0653822, 4.14531e-06))
({x5, x7}, (0.000157, 0.934466, 0.0653745, 2.86867e-06)) == ({x5, x7}, (0.000157, 0.934466, 0.0653745, 2.86867e-06))
({x5, x8}, (0.0653745, 2.86867e-06, 0.000157, 0.934466)) == ({x5, x8}, (0.0653745, 2.86867e-06, 0.000157, 0.934466))
({x5, x9}, (0.000157, 0.934466, 0.0653745, 2.86867e-06)) == ({x5, x9}, (0.000157, 0.934466, 0.0653745, 2.86867e-06))
({x6, x7}, (0.934466, 0.000157, 2.86867e-06, 0.0653745)) == ({x6, x7}, (0.934466, 0.000157, 2.86867e-06, 0.0653745))
({x6, x8}, (2.86867e-06, 0.0653745, 0.934466, 0.000157)) == ({x6, x8}, (2.86867e-06, 0.0653745, 0.934466, 0.000157))
({x6, x9}, (0.934434, 0.000156994, 3.68506e-05, 0.0653722)) == ({x6, x9}, (0.934434, 0.000156994, 3.68506e-05, 0.0653722))
({x7, x8}, (6.57972e-07, 0.0653849, 0.934614, 2.27108e-08)) == ({x7, x8}, (6.57972e-07, 0.0653849, 0.934614, 2.27108e-08))
({x7, x9}, (0.93458, 2.80523e-07, 3.68564e-05, 0.0653825)) == ({x7, x9}, (0.93458, 2.80523e-07, 3.68564e-05, 0.0653825))
({x8, x9}, (2.80523e-07, 0.93458, 0.0653825, 3.68564e-05)) == ({x8, x9}, (2.80523e-07, 0.93458, 0.0653825, 3.68564e-05))
Exact MAP state (log score = 72.0072):
x0: 1
x1: 0
x2: 1
x3: 1
x4: 1
x5: 1
x6: 0
x7: 0
x8: 1
x9: 0
