Builtin inference algorithms: {BP, EXACT, FBP, JTREE, TRWBP}

Exact variable marginals:
({x0}, (0.297781, 0.702219))
({x1}, (0.297843, 0.702157))
({x2}, (0.702219, 0.297781))
({x3}, (0.297781, 0.702219))
({x4}, (0.297781, 0.702219))
({x5}, (0.297781, 0.702219))
({x6}, (0.297781, 0.702219))
({x7}, (0.297781, 0.702219))
({x8}, (0.702219, 0.297781))
({x9}, (0.297781, 0.702219))
Exact factor marginals:
({x0}, (0.297781, 0.702219))
({x1}, (0.297843, 0.702157))
({x2}, (0.702219, 0.297781))
({x3}, (0.297781, 0.702219))
({x4}, (0.297781, 0.702219))
({x5}, (0.297781, 0.702219))
({x6}, (0.297781, 0.702219))
({x7}, (0.297781, 0.702219))
({x8}, (0.702219, 0.297781))
({x9}, (0.297781, 0.702219))
({x0, x1}, (0.297773, 6.96363e-05, 7.24568e-06, 0.70215))
({x0, x2}, (2.75798e-10, 0.702219, 0.297781, 8.10976e-10))
({x0, x3}, (0.297781, 9.62867e-15, 1.34934e-15, 0.702219))
({x0, x4}, (0.297781, 4.75002e-12, 2.54909e-11, 0.702219))
({x0, x5}, (0.297781, 9.60813e-15, 1.33467e-15, 0.702219))
({x0, x6}, (0.297781, 1.03373e-14, 3.96984e-15, 0.702219))
({x0, x7}, (0.297781, 9.60811e-15, 1.33467e-15, 0.702219))
({x0, x8}, (1.33475e-15, 0.702219, 0.297781, 9.60914e-15))
({x0, x9}, (0.297781, 4.56887e-13, 1.3043e-12, 0.702219))
({x1, x2}, (6.96366e-05, 0.70215, 0.297773, 7.24649e-06))
({x1, x3}, (0.297773, 7.24568e-06, 6.96363e-05, 0.70215))
({x1, x4}, (0.297773, 7.24568e-06, 6.96363e-05, 0.70215))
({x1, x5}, (0.297773, 7.24568e-06, 6.96363e-05, 0.70215))
({x1, x6}, (0.297773, 7.24568e-06, 6.96363e-05, 0.70215))
({x1, x7}, (0.297773, 7.24568e-06, 6.96363e-05, 0.70215))
({x1, x8}, (6.96363e-05, 0.70215, 0.297773, 7.24568e-06))
({x1, x9}, (0.297773, 7.24568e-06, 6.96363e-05, 0.70215))
({x2, x3}, (2.75796e-10, 0.297781, 0.702219, 8.10966e-10))
({x2, x4}, (2.80547e-10, 0.297781, 0.702219, 8.36466e-10))
({x2, x5}, (2.75796e-10, 0.297781, 0.702219, 8.10966e-10))
({x2, x6}, (2.75797e-10, 0.297781, 0.702219, 8.10968e-10))
({x2, x7}, (2.75796e-10, 0.297781, 0.702219, 8.10966e-10))
({x2, x8}, (0.702219, 8.10966e-10, 2.75796e-10, 0.297781))
({x2, x9}, (2.76255e-10, 0.297781, 0.702219, 8.1228e-10))
({x3, x4}, (0.297781, 4.75126e-12, 2.55004e-11, 0.702219))
({x3, x5}, (0.297781, 1.46726e-17, 2.05403e-17, 0.702219))
({x3, x6}, (0.297781, 7.08718e-16, 2.62062e-15, 0.702219))
({x3, x7}, (0.297781, 1.46728e-17, 2.05637e-17, 0.702219))
({x3, x8}, (2.05706e-17, 0.702219, 0.297781, 1.56358e-17))
({x3, x9}, (0.297781, 4.58092e-13, 1.31378e-12, 0.702219))
({x4, x5}, (0.297781, 2.55004e-11, 4.75125e-12, 0.702219))
({x4, x6}, (0.297781, 2.55011e-11, 4.75388e-12, 0.702219))
({x4, x7}, (0.297781, 2.55004e-11, 4.75125e-12, 0.702219))
({x4, x8}, (4.75125e-12, 0.702219, 0.297781, 2.55004e-11))
({x4, x9}, (0.297781, 2.5946e-11, 6.05254e-12, 0.702219))
({x5, x6}, (0.297781, 7.29134e-16, 2.63517e-15, 0.702219))
({x5, x7}, (0.297781, 2.33976e-22, 2.36012e-20, 0.702219))
({x5, x8}, (8.10468e-20, 0.702219, 0.297781, 1.01384e-18))
({x5, x9}, (0.297781, 4.58077e-13, 1.31376e-12, 0.702219))
({x6, x7}, (0.297781, 2.63517e-15, 7.29158e-16, 0.702219))
({x6, x8}, (7.29164e-16, 0.702219, 0.297781, 2.63613e-15))
({x6, x9}, (0.297781, 4.60712e-13, 1.31449e-12, 0.702219))
({x7, x8}, (8.11724e-20, 0.702219, 0.297781, 1.03733e-18))
({x7, x9}, (0.297781, 4.58077e-13, 1.31376e-12, 0.702219))
({x8, x9}, (4.58077e-13, 0.297781, 0.702219, 1.31376e-12))
Exact log partition sum: 48.1139
Exact MAP variable marginals:
({x0}, (0.297796, 0.702204))
({x1}, (0.297796, 0.702204))
({x2}, (0.702204, 0.297796))
({x3}, (0.297796, 0.702204))
({x4}, (0.297796, 0.702204))
({x5}, (0.297796, 0.702204))
({x6}, (0.297796, 0.702204))
({x7}, (0.297796, 0.702204))
({x8}, (0.702204, 0.297796))
({x9}, (0.297796, 0.702204))
Exact MAP factor marginals:
({x0}, (0.297796, 0.702204)) == ({x0}, (0.297796, 0.702204))
({x1}, (0.297796, 0.702204)) == ({x1}, (0.297796, 0.702204))
({x2}, (0.702204, 0.297796)) == ({x2}, (0.702204, 0.297796))
({x3}, (0.297796, 0.702204)) == ({x3}, (0.297796, 0.702204))
({x4}, (0.297796, 0.702204)) == ({x4}, (0.297796, 0.702204))
({x5}, (0.297796, 0.702204)) == ({x5}, (0.297796, 0.702204))
({x6}, (0.297796, 0.702204)) == ({x6}, (0.297796, 0.702204))
({x7}, (0.297796, 0.702204)) == ({x7}, (0.297796, 0.702204))
({x8}, (0.702204, 0.297796)) == ({x8}, (0.702204, 0.297796))
({x9}, (0.297796, 0.702204)) == ({x9}, (0.297796, 0.702204))
({x0, x1}, (0.297773, 6.96363e-05, 7.24568e-06, 0.70215)) == ({x0, x1}, (0.297773, 6.96363e-05, 7.24568e-06, 0.70215))
({x0, x2}, (2.75798e-10, 0.702204, 0.297796, 8.108e-10)) == ({x0, x2}, (2.75798e-10, 0.702204, 0.297796, 8.108e-10))
({x0, x3}, (0.297796, 9.58004e-15, 1.21879e-15, 0.702204)) == ({x0, x3}, (0.297796, 9.58004e-15, 1.21879e-15, 0.702204))
({x0, x4}, (0.297796, 4.74994e-12, 2.54905e-11, 0.702204)) == ({x0, x4}, (0.297796, 4.74994e-12, 2.54905e-11, 0.702204))
({x0, x5}, (0.297796, 9.58004e-15, 1.21879e-15, 0.702204)) == ({x0, x5}, (0.297796, 9.58004e-15, 1.21879e-15, 0.702204))
({x0, x6}, (0.297796, 9.58004e-15, 2.59396e-15, 0.702204)) == ({x0, x6}, (0.297796, 9.58004e-15, 2.59396e-15, 0.702204))
({x0, x7}, (0.297796, 9.58004e-15, 1.21879e-15, 0.702204)) == ({x0, x7}, (0.297796, 9.58004e-15, 1.21879e-15, 0.702204))
({x0, x8}, (1.21879e-15, 0.702204, 0.297796, 9.58004e-15)) == ({x0, x8}, (1.21879e-15, 0.702204, 0.297796, 9.58004e-15))
({x0, x9}, (0.297796, 4.56849e-13, 1.30266e-12, 0.702204)) == ({x0, x9}, (0.297796, 4.56849e-13, 1.30266e-12, 0.702204))
({x1, x2}, (6.96363e-05, 0.70215, 0.297773, 7.24568e-06)) == ({x1, x2}, (6.96363e-05, 0.70215, 0.297773, 7.24568e-06))
({x1, x3}, (0.297773, 7.24568e-06, 6.96363e-05, 0.70215)) == ({x1, x3}, (0.297773, 7.24568e-06, 6.96363e-05, 0.70215))
({x1, x4}, (0.297773, 7.24568e-06, 6.96363e-05, 0.70215)) == ({x1, x4}, (0.297773, 7.24568e-06, 6.96363e-05, 0.70215))
({x1, x5}, (0.297773, 7.24568e-06, 6.96363e-05, 0.70215)) == ({x1, x5}, (0.297773, 7.24568e-06, 6.96363e-05, 0.70215))
({x1, x6}, (0.297773, 7.24568e-06, 6.96363e-05, 0.70215)) == ({x1, x6}, (0.297773, 7.24568e-06, 6.96363e-05, 0.70215))
({x1, x7}, (0.297773, 7.24568e-06, 6.96363e-05, 0.70215)) == ({x1, x7}, (0.297773, 7.24568e-06, 6.96363e-05, 0.70215))
({x1, x8}, (6.96363e-05, 0.70215, 0.297773, 7.24568e-06)) == ({x1, x8}, (6.96363e-05, 0.70215, 0.297773, 7.24568e-06))
({x1, x9}, (0.297773, 7.24568e-06, 6.96363e-05, 0.70215)) == ({x1, x9}, (0.297773, 7.24568e-06, 6.96363e-05, 0.70215))
({x2, x3}, (2.75798e-10, 0.297796, 0.702204, 8.108e-10)) == ({x2, x3}, (2.75798e-10, 0.297796, 0.702204, 8.108e-10))
({x2, x4}, (2.75798e-10, 0.297796, 0.702204, 8.108e-10)) == ({x2, x4}, (2.75798e-10, 0.297796, 0.702204, 8.108e-10))
({x2, x5}, (2.75798e-10, 0.297796, 0.702204, 8.108e-10)) == ({x2, x5}, (2.75798e-10, 0.297796, 0.702204, 8.108e-10))
({x2, x6}, (2.75798e-10, 0.297796, 0.702204, 8.108e-10)) == ({x2, x6}, (2.75798e-10, 0.297796, 0.702204, 8.108e-10))
({x2, x7}, (2.75798e-10, 0.297796, 0.702204, 8.108e-10)) == ({x2, x7}, (2.75798e-10, 0.297796, 0.702204, 8.108e-10))
({x2, x8}, (0.702204, 8.108e-10, 2.75798e-10, 0.297796)) == ({x2, x8}, (0.702204, 8.108e-10, 2.75798e-10, 0.297796))
({x2, x9}, (2.75798e-10, 0.297796, 0.702204, 8.108e-10)) == ({x2, x9}, (2.75798e-10, 0.297796, 0.702204, 8.108e-10))
({x3, x4}, (0.297796, 4.74994e-12, 2.54905e-11, 0.702204)) == ({x3, x4}, (0.297796, 4.74994e-12, 2.54905e-11, 0.702204))
({x3, x5}, (0.297796, 1.46643e-17, 2.03757e-17, 0.702204)) == ({x3, x5}, (0.297796, 1.46643e-17, 2.03757e-17, 0.702204))
({x3, x6}, (0.297796, 6.99789e-16, 2.59396e-15, 0.702204)) == ({x3, x6}, (0.297796, 6.99789e-16, 2.59396e-15, 0.702204))
({x3, x7}, (0.297796, 1.46643e-17, 2.03757e-17, 0.702204)) == ({x3, x7}, (0.297796, 1.46643e-17, 2.03757e-17, 0.702204))
({x3, x8}, (2.03757e-17, 0.702204, 0.297796, 1.46643e-17)) == ({x3, x8}, (2.03757e-17, 0.702204, 0.297796, 1.46643e-17))
({x3, x9}, (0.297796, 4.56849e-13, 1.30266e-12, 0.702204)) == ({x3, x9}, (0.297796, 4.56849e-13, 1.30266e-12, 0.702204))
({x4, x5}, (0.297796, 2.54905e-11, 4.74994e-12, 0.702204)) == ({x4, x5}, (0.297796, 2.54905e-11, 4.74994e-12, 0.702204))
({x4, x6}, (0.297796, 2.54905e-11, 4.74994e-12, 0.702204)) == ({x4, x6}, (0.297796, 2.54905e-11, 4.74994e-12, 0.702204))
({x4, x7}, (0.297796, 2.54905e-11, 4.74994e-12, 0.702204)) == ({x4, x7}, (0.297796, 2.54905e-11, 4.74994e-12, 0.702204))
({x4, x8}, (4.74994e-12, 0.702204, 0.297796, 2.54905e-11)) == ({x4, x8}, (4.74994e-12, 0.702204, 0.297796, 2.54905e-11))
({x4, x9}, (0.297796, 2.54905e-11, 4.74994e-12, 0.702204)) == ({x4, x9}, (0.297796, 2.54905e-11, 4.74994e-12, 0.702204))
({x5, x6}, (0.297796, 6.99789e-16, 2.59396e-15, 0.702204)) == ({x5, x6}, (0.297796, 6.99789e-16, 2.59396e-15, 0.702204))
({x5, x7}, (0.297796, 1.53131e-22, 2.31677e-20, 0.702204)) == ({x5, x7}, (0.297796, 1.53131e-22, 2.31677e-20, 0.702204))
({x5, x8}, (7.36783e-20, 0.702204, 0.297796, 9.43307e-19)) == ({x5, x8}, (7.36783e-20, 0.702204, 0.297796, 9.43307e-19))
({x5, x9}, (0.297796, 4.56849e-13, 1.30266e-12, 0.702204)) == ({x5, x9}, (0.297796, 4.56849e-13, 1.30266e-12, 0.702204))
({x6, x7}, (0.297796, 2.59396e-15, 6.99789e-16, 0.702204)) == ({x6, x7}, (0.297796, 2.59396e-15, 6.99789e-16, 0.702204))
({x6, x8}, (6.99789e-16, 0.702204, 0.297796, 2.59396e-15)) == ({x6, x8}, (6.99789e-16, 0.702204, 0.297796, 2.59396e-15))
({x6, x9}, (0.297796, 4.56849e-13, 1.30266e-12, 0.702204)) == ({x6, x9}, (0.297796, 4.56849e-13, 1.30266e-12, 0.702204))
({x7, x8}, (7.36783e-20, 0.702204, 0.297796, 9.43307e-19)) == ({x7, x8}, (7.36783e-20, 0.702204, 0.297796, 9.43307e-19))
({x7, x9}, (0.297796, 4.56849e-13, 1.30266e-12, 0.702204)) == ({x7, x9}, (0.297796, 4.56849e-13, 1.30266e-12, 0.702204))
({x8, x9}, (4.56849e-13, 0.297796, 0.702204, 1.30266e-12)) == ({x8, x9}, (4.56849e-13, 0.297796, 0.702204, 1.30266e-12))
Exact MAP state (log score = 47.7602):
x0: 1
x1: 1
x2: 0
x3: 1
x4: 1
x5: 1
x6: 1
x7: 1
x8: 0
x9: 1
