Builtin inference algorithms: {BP, EXACT, FBP, JTREE, TRWBP}

Exact variable marginals:
({x0}, (0.113656, 0.886344))
({x1}, (0.886342, 0.113658))
({x2}, (0.886344, 0.113656))
({x3}, (0.886344, 0.113656))
({x4}, (0.886344, 0.113656))
({x5}, (0.886344, 0.113656))
({x6}, (0.206714, 0.793286))
({x7}, (0.886344, 0.113656))
({x8}, (0.886344, 0.113656))
({x9}, (0.113656, 0.886344))
Exact factor marginals:
({x0}, (0.113656, 0.886344))
({x1}, (0.886342, 0.113658))
({x2}, (0.886344, 0.113656))
({x3}, (0.886344, 0.113656))
({x4}, (0.886344, 0.113656))
({x5}, (0.886344, 0.113656))
({x6}, (0.206714, 0.793286))
({x7}, (0.886344, 0.113656))
({x8}, (0.886344, 0.113656))
({x9}, (0.113656, 0.886344))
({x0, x1}, (2.40248e-07, 0.886342, 0.113655, 2.56938e-06))
({x0, x2}, (7.39497e-12, 0.886344, 0.113656, 8.48351e-12))
({x0, x3}, (2.07532e-08, 0.886344, 0.113656, 1.60713e-07))
({x0, x4}, (2.66088e-11, 0.886344, 0.113656, 4.98336e-09))
({x0, x5}, (7.39497e-12, 0.886344, 0.113656, 8.48351e-12))
({x0, x6}, (0.0938828, 0.112831, 0.0197729, 0.773513))
({x0, x7}, (7.48467e-12, 0.886344, 0.113656, 9.7613e-12))
({x0, x8}, (7.39497e-12, 0.886344, 0.113656, 8.48363e-12))
({x0, x9}, (0.113656, 8.48351e-12, 7.39497e-12, 0.886344))
({x1, x2}, (0.886342, 2.56937e-06, 2.4024e-07, 0.113655))
({x1, x3}, (0.886342, 2.59012e-06, 4.00945e-07, 0.113655))
({x1, x4}, (0.886342, 2.56439e-06, 2.40221e-07, 0.113655))
({x1, x5}, (0.886342, 2.56937e-06, 2.4024e-07, 0.113655))
({x1, x6}, (0.112829, 0.0938853, 0.773513, 0.0197727))
({x1, x7}, (0.886342, 2.56937e-06, 2.40241e-07, 0.113655))
({x1, x8}, (0.886342, 2.56937e-06, 2.4024e-07, 0.113655))
({x1, x9}, (2.4024e-07, 0.113655, 0.886342, 2.56937e-06))
({x2, x3}, (0.886344, 2.07458e-08, 1.60704e-07, 0.113656))
({x2, x4}, (0.886344, 1.92138e-11, 4.97488e-09, 0.113656))
({x2, x5}, (0.886344, 5.25382e-18, 5.65401e-18, 0.113656))
({x2, x6}, (0.112831, 0.0938828, 0.773513, 0.0197729))
({x2, x7}, (0.886344, 8.97045e-14, 1.27779e-12, 0.113656))
({x2, x8}, (0.886344, 4.82952e-18, 1.25081e-16, 0.113656))
({x2, x9}, (5.69834e-18, 0.113656, 0.886344, 6.57209e-18))
({x3, x4}, (0.886344, 1.60724e-07, 2.57207e-08, 0.113656))
({x3, x5}, (0.886344, 1.60704e-07, 2.07458e-08, 0.113656))
({x3, x6}, (0.112831, 0.0938828, 0.773513, 0.0197731))
({x3, x7}, (0.886344, 1.60705e-07, 2.07471e-08, 0.113656))
({x3, x8}, (0.886344, 1.60704e-07, 2.07458e-08, 0.113656))
({x3, x9}, (2.07458e-08, 0.113656, 0.886344, 1.60704e-07))
({x4, x5}, (0.886344, 4.97488e-09, 1.92138e-11, 0.113656))
({x4, x6}, (0.112831, 0.0938828, 0.773513, 0.0197729))
({x4, x7}, (0.886344, 4.97497e-09, 2.04916e-11, 0.113656))
({x4, x8}, (0.886344, 4.97488e-09, 1.92138e-11, 0.113656))
({x4, x9}, (1.92138e-11, 0.113656, 0.886344, 4.97488e-09))
({x5, x6}, (0.112831, 0.0938828, 0.773513, 0.0197729))
({x5, x7}, (0.886344, 8.97101e-14, 1.27779e-12, 0.113656))
({x5, x8}, (0.886344, 9.49303e-18, 1.29344e-16, 0.113656))
({x5, x9}, (7.13419e-18, 0.113656, 0.886344, 8.40812e-18))
({x6, x7}, (0.112831, 0.773513, 0.0938828, 0.0197729))
({x6, x8}, (0.112831, 0.773513, 0.0938828, 0.0197729))
({x6, x9}, (0.0938828, 0.0197729, 0.112831, 0.773513))
({x7, x8}, (0.886344, 1.27779e-12, 8.98295e-14, 0.113656))
({x7, x9}, (8.97102e-14, 0.113656, 0.886344, 1.27779e-12))
({x8, x9}, (9.53825e-18, 0.113656, 0.886344, 1.30663e-16))
Exact log partition sum: 87.1571
Exact MAP variable marginals:
({x0}, (0.108235, 0.891765))
({x1}, (0.891765, 0.108235))
({x2}, (0.891765, 0.108235))
({x3}, (0.891765, 0.108235))
({x4}, (0.891765, 0.108235))
({x5}, (0.891765, 0.108235))
({x6}, (0.127297, 0.872703))
({x7}, (0.891765, 0.108235))
({x8}, (0.891765, 0.108235))
({x9}, (0.108235, 0.891765))
Exact MAP factor marginals:
({x0}, (0.108235, 0.891765)) == ({x0}, (0.108235, 0.891765))
({x1}, (0.891765, 0.108235)) == ({x1}, (0.891765, 0.108235))
({x2}, (0.891765, 0.108235)) == ({x2}, (0.891765, 0.108235))
({x3}, (0.891765, 0.108235)) == ({x3}, (0.891765, 0.108235))
({x4}, (0.891765, 0.108235)) == ({x4}, (0.891765, 0.108235))
({x5}, (0.891765, 0.108235)) == ({x5}, (0.891765, 0.108235))
({x6}, (0.127297, 0.872703)) == ({x6}, (0.127297, 0.872703))
({x7}, (0.891765, 0.108235)) == ({x7}, (0.891765, 0.108235))
({x8}, (0.891765, 0.108235)) == ({x8}, (0.891765, 0.108235))
({x9}, (0.108235, 0.891765)) == ({x9}, (0.108235, 0.891765))
({x0, x1}, (2.76944e-07, 0.891762, 0.108235, 2.95642e-06)) == ({x0, x1}, (2.76944e-07, 0.891762, 0.108235, 2.95642e-06))
({x0, x2}, (8.52531e-12, 0.891765, 0.108235, 9.78016e-12)) == ({x0, x2}, (8.52531e-12, 0.891765, 0.108235, 9.78016e-12))
({x0, x3}, (2.39173e-08, 0.891765, 0.108235, 1.85272e-07)) == ({x0, x3}, (2.39173e-08, 0.891765, 0.108235, 1.85272e-07))
({x0, x4}, (2.21507e-11, 0.891765, 0.108235, 5.73537e-09)) == ({x0, x4}, (2.21507e-11, 0.891765, 0.108235, 5.73537e-09))
({x0, x5}, (8.52531e-12, 0.891765, 0.108235, 9.78016e-12)) == ({x0, x5}, (8.52531e-12, 0.891765, 0.108235, 9.78016e-12))
({x0, x6}, (0.093883, 0.112829, 0.0197728, 0.773515)) == ({x0, x6}, (0.093883, 0.112829, 0.0197728, 0.773515))
({x0, x7}, (8.52531e-12, 0.891765, 0.108235, 9.78016e-12)) == ({x0, x7}, (8.52531e-12, 0.891765, 0.108235, 9.78016e-12))
({x0, x8}, (8.52531e-12, 0.891765, 0.108235, 9.78016e-12)) == ({x0, x8}, (8.52531e-12, 0.891765, 0.108235, 9.78016e-12))
({x0, x9}, (0.108235, 9.78016e-12, 8.52531e-12, 0.891765)) == ({x0, x9}, (0.108235, 9.78016e-12, 8.52531e-12, 0.891765))
({x1, x2}, (0.891762, 2.95642e-06, 2.76944e-07, 0.108235)) == ({x1, x2}, (0.891762, 2.95642e-06, 2.76944e-07, 0.108235))
({x1, x3}, (0.891762, 2.95642e-06, 2.76944e-07, 0.108235)) == ({x1, x3}, (0.891762, 2.95642e-06, 2.76944e-07, 0.108235))
({x1, x4}, (0.891762, 2.95642e-06, 2.76944e-07, 0.108235)) == ({x1, x4}, (0.891762, 2.95642e-06, 2.76944e-07, 0.108235))
({x1, x5}, (0.891762, 2.95642e-06, 2.76944e-07, 0.108235)) == ({x1, x5}, (0.891762, 2.95642e-06, 2.76944e-07, 0.108235))
({x1, x6}, (0.112829, 0.093883, 0.773515, 0.0197728)) == ({x1, x6}, (0.112829, 0.093883, 0.773515, 0.0197728))
({x1, x7}, (0.891762, 2.95642e-06, 2.76944e-07, 0.108235)) == ({x1, x7}, (0.891762, 2.95642e-06, 2.76944e-07, 0.108235))
({x1, x8}, (0.891762, 2.95642e-06, 2.76944e-07, 0.108235)) == ({x1, x8}, (0.891762, 2.95642e-06, 2.76944e-07, 0.108235))
({x1, x9}, (2.76944e-07, 0.108235, 0.891762, 2.95642e-06)) == ({x1, x9}, (2.76944e-07, 0.108235, 0.891762, 2.95642e-06))
({x2, x3}, (0.891765, 2.39173e-08, 1.85272e-07, 0.108235)) == ({x2, x3}, (0.891765, 2.39173e-08, 1.85272e-07, 0.108235))
({x2, x4}, (0.891765, 2.21507e-11, 5.73537e-09, 0.108235)) == ({x2, x4}, (0.891765, 2.21507e-11, 5.73537e-09, 0.108235))
({x2, x5}, (0.891765, 3.14486e-18, 4.96712e-18, 0.108235)) == ({x2, x5}, (0.891765, 3.14486e-18, 4.96712e-18, 0.108235))
({x2, x6}, (0.112829, 0.093883, 0.773515, 0.0197728)) == ({x2, x6}, (0.112829, 0.093883, 0.773515, 0.0197728))
({x2, x7}, (0.891765, 9.41896e-14, 1.27219e-12, 0.108235)) == ({x2, x7}, (0.891765, 9.41896e-14, 1.27219e-12, 0.108235))
({x2, x8}, (0.891765, 4.52675e-18, 1.44102e-16, 0.108235)) == ({x2, x8}, (0.891765, 4.52675e-18, 1.44102e-16, 0.108235))
({x2, x9}, (5.05698e-18, 0.108235, 0.891765, 4.67941e-18)) == ({x2, x9}, (5.05698e-18, 0.108235, 0.891765, 4.67941e-18))
({x3, x4}, (0.891765, 1.85272e-07, 2.39173e-08, 0.108235)) == ({x3, x4}, (0.891765, 1.85272e-07, 2.39173e-08, 0.108235))
({x3, x5}, (0.891765, 1.85272e-07, 2.39173e-08, 0.108235)) == ({x3, x5}, (0.891765, 1.85272e-07, 2.39173e-08, 0.108235))
({x3, x6}, (0.112829, 0.093883, 0.773515, 0.0197728)) == ({x3, x6}, (0.112829, 0.093883, 0.773515, 0.0197728))
({x3, x7}, (0.891765, 1.85272e-07, 2.39173e-08, 0.108235)) == ({x3, x7}, (0.891765, 1.85272e-07, 2.39173e-08, 0.108235))
({x3, x8}, (0.891765, 1.85272e-07, 2.39173e-08, 0.108235)) == ({x3, x8}, (0.891765, 1.85272e-07, 2.39173e-08, 0.108235))
({x3, x9}, (2.39173e-08, 0.108235, 0.891765, 1.85272e-07)) == ({x3, x9}, (2.39173e-08, 0.108235, 0.891765, 1.85272e-07))
({x4, x5}, (0.891765, 5.73537e-09, 2.21507e-11, 0.108235)) == ({x4, x5}, (0.891765, 5.73537e-09, 2.21507e-11, 0.108235))
({x4, x6}, (0.112829, 0.093883, 0.773515, 0.0197728)) == ({x4, x6}, (0.112829, 0.093883, 0.773515, 0.0197728))
({x4, x7}, (0.891765, 5.73537e-09, 2.21507e-11, 0.108235)) == ({x4, x7}, (0.891765, 5.73537e-09, 2.21507e-11, 0.108235))
({x4, x8}, (0.891765, 5.73537e-09, 2.21507e-11, 0.108235)) == ({x4, x8}, (0.891765, 5.73537e-09, 2.21507e-11, 0.108235))
({x4, x9}, (2.21507e-11, 0.108235, 0.891765, 5.73537e-09)) == ({x4, x9}, (2.21507e-11, 0.108235, 0.891765, 5.73537e-09))
({x5, x6}, (0.112829, 0.093883, 0.773515, 0.0197728)) == ({x5, x6}, (0.112829, 0.093883, 0.773515, 0.0197728))
({x5, x7}, (0.891765, 9.41896e-14, 1.27219e-12, 0.108235)) == ({x5, x7}, (0.891765, 9.41896e-14, 1.27219e-12, 0.108235))
({x5, x8}, (0.891765, 4.96712e-18, 1.44102e-16, 0.108235)) == ({x5, x8}, (0.891765, 4.96712e-18, 1.44102e-16, 0.108235))
({x5, x9}, (5.05698e-18, 0.108235, 0.891765, 4.96712e-18)) == ({x5, x9}, (5.05698e-18, 0.108235, 0.891765, 4.96712e-18))
({x6, x7}, (0.112829, 0.773515, 0.093883, 0.0197728)) == ({x6, x7}, (0.112829, 0.773515, 0.093883, 0.0197728))
({x6, x8}, (0.112829, 0.773515, 0.093883, 0.0197728)) == ({x6, x8}, (0.112829, 0.773515, 0.093883, 0.0197728))
({x6, x9}, (0.093883, 0.0197728, 0.112829, 0.773515)) == ({x6, x9}, (0.093883, 0.0197728, 0.112829, 0.773515))
({x7, x8}, (0.891765, 1.27219e-12, 9.41896e-14, 0.108235)) == ({x7, x8}, (0.891765, 1.27219e-12, 9.41896e-14, 0.108235))
({x7, x9}, (9.41896e-14, 0.108235, 0.891765, 1.27219e-12)) == ({x7, x9}, (9.41896e-14, 0.108235, 0.891765, 1.27219e-12))
({x8, x9}, (5.05698e-18, 0.108235, 0.891765, 1.44102e-16)) == ({x8, x9}, (5.05698e-18, 0.108235, 0.891765, 1.44102e-16))
Exact MAP state (log score = 86.9003):
x0: 1
x1: 0
x2: 0
x3: 0
x4: 0
x5: 0
x6: 1
x7: 0
x8: 0
x9: 1
