Builtin inference algorithms: {BP, EXACT, FBP, JTREE, TRWBP}

Exact variable marginals:
({x0}, (0.999884, 0.000116117))
({x1}, (0.99985, 0.00014973))
({x2}, (9.98299e-05, 0.9999))
({x3}, (0.9999, 9.98299e-05))
({x4}, (0.9999, 9.98299e-05))
({x5}, (0.000100119, 0.9999))
({x6}, (0.99985, 0.00014952))
({x7}, (9.98299e-05, 0.9999))
({x8}, (9.98299e-05, 0.9999))
({x9}, (0.00014952, 0.99985))
Exact factor marginals:
({x0}, (0.999884, 0.000116117))
({x1}, (0.99985, 0.00014973))
({x2}, (9.98299e-05, 0.9999))
({x3}, (0.9999, 9.98299e-05))
({x4}, (0.9999, 9.98299e-05))
({x5}, (0.000100119, 0.9999))
({x6}, (0.99985, 0.00014952))
({x7}, (9.98299e-05, 0.9999))
({x8}, (9.98299e-05, 0.9999))
({x9}, (0.00014952, 0.99985))
({x0, x1}, (0.999834, 1.65405e-05, 5.01533e-05, 9.95766e-05))
({x0, x2}, (2.52852e-08, 9.98046e-05, 0.999884, 1.63124e-05))
({x0, x3}, (0.999884, 1.63124e-05, 2.52852e-08, 9.98046e-05))
({x0, x4}, (0.999884, 1.63124e-05, 2.52852e-08, 9.98046e-05))
({x0, x5}, (3.14096e-07, 9.98045e-05, 0.999884, 1.63125e-05))
({x0, x6}, (0.999834, 1.65396e-05, 4.9943e-05, 9.95774e-05))
({x0, x7}, (2.52852e-08, 9.98046e-05, 0.999884, 1.63124e-05))
({x0, x8}, (2.52852e-08, 9.98046e-05, 0.999884, 1.63124e-05))
({x0, x9}, (4.99429e-05, 9.95774e-05, 0.999834, 1.65396e-05))
({x1, x2}, (2.28007e-07, 9.96019e-05, 0.99985, 5.01281e-05))
({x1, x3}, (0.99985, 5.01281e-05, 2.28007e-07, 9.96019e-05))
({x1, x4}, (0.99985, 5.01281e-05, 2.28007e-07, 9.96019e-05))
({x1, x5}, (5.16584e-07, 9.9602e-05, 0.99985, 5.01279e-05))
({x1, x6}, (0.99985, 2.1093e-07, 1.45326e-09, 0.000149519))
({x1, x7}, (2.28007e-07, 9.96019e-05, 0.99985, 5.01281e-05))
({x1, x8}, (2.28008e-07, 9.96019e-05, 0.99985, 5.01281e-05))
({x1, x9}, (2.66311e-09, 0.000149518, 0.99985, 2.12235e-07))
({x2, x3}, (1.96971e-17, 0.9999, 9.98299e-05, 1.5005e-18))
({x2, x4}, (1.0804e-17, 0.9999, 9.98299e-05, 3.00857e-15))
({x2, x5}, (9.98298e-05, 2.88811e-07, 7.03617e-11, 0.9999))
({x2, x6}, (2.27158e-07, 0.99985, 9.96027e-05, 4.99177e-05))
({x2, x7}, (9.98299e-05, 3.52833e-16, 1.20271e-17, 0.9999))
({x2, x8}, (9.98299e-05, 5.38636e-15, 9.27997e-17, 0.9999))
({x2, x9}, (9.96027e-05, 4.99176e-05, 2.27157e-07, 0.99985))
({x3, x4}, (0.9999, 3.65932e-18, 3.01962e-15, 9.98299e-05))
({x3, x5}, (2.88811e-07, 9.98298e-05, 0.9999, 7.03616e-11))
({x3, x6}, (0.99985, 2.27158e-07, 4.99177e-05, 9.96027e-05))
({x3, x7}, (3.64467e-16, 9.98299e-05, 0.9999, 5.46431e-18))
({x3, x8}, (5.38486e-15, 9.98299e-05, 0.9999, 7.31077e-17))
({x3, x9}, (4.99176e-05, 9.96027e-05, 0.99985, 2.27157e-07))
({x4, x5}, (2.88811e-07, 9.98298e-05, 0.9999, 7.03646e-11))
({x4, x6}, (0.99985, 2.27158e-07, 4.99177e-05, 9.96027e-05))
({x4, x7}, (3.5466e-16, 9.98299e-05, 0.9999, 3.01162e-15))
({x4, x8}, (5.38812e-15, 9.98299e-05, 0.9999, 3.09233e-15))
({x4, x9}, (4.99176e-05, 9.96027e-05, 0.99985, 2.27157e-07))
({x5, x6}, (5.15735e-07, 0.99985, 9.96029e-05, 4.99176e-05))
({x5, x7}, (9.98298e-05, 7.0362e-11, 2.88811e-07, 0.9999))
({x5, x8}, (9.98298e-05, 7.0367e-11, 2.88811e-07, 0.9999))
({x5, x9}, (9.96027e-05, 4.99177e-05, 5.15959e-07, 0.99985))
({x6, x7}, (2.27158e-07, 9.96027e-05, 0.99985, 4.99177e-05))
({x6, x8}, (2.27158e-07, 9.96027e-05, 0.99985, 4.99177e-05))
({x6, x9}, (1.26593e-09, 0.000149519, 0.99985, 1.36075e-09))
({x7, x8}, (9.98299e-05, 5.39032e-15, 4.37569e-16, 0.9999))
({x7, x9}, (9.96027e-05, 4.99176e-05, 2.27157e-07, 0.99985))
({x8, x9}, (9.96027e-05, 4.99176e-05, 2.27157e-07, 0.99985))
Exact log partition sum: 87.4597
Exact MAP variable marginals:
({x0}, (0.9999, 9.95832e-05))
({x1}, (0.9999, 9.95832e-05))
({x2}, (9.95832e-05, 0.9999))
({x3}, (0.9999, 9.95832e-05))
({x4}, (0.9999, 9.95832e-05))
({x5}, (9.95832e-05, 0.9999))
({x6}, (0.9999, 9.95832e-05))
({x7}, (9.95832e-05, 0.9999))
({x8}, (9.95832e-05, 0.9999))
({x9}, (9.95832e-05, 0.9999))
Exact MAP factor marginals:
({x0}, (0.9999, 9.95832e-05)) == ({x0}, (0.9999, 9.95832e-05))
({x1}, (0.9999, 9.95832e-05)) == ({x1}, (0.9999, 9.95832e-05))
({x2}, (9.95832e-05, 0.9999)) == ({x2}, (9.95832e-05, 0.9999))
({x3}, (0.9999, 9.95832e-05)) == ({x3}, (0.9999, 9.95832e-05))
({x4}, (0.9999, 9.95832e-05)) == ({x4}, (0.9999, 9.95832e-05))
({x5}, (9.95832e-05, 0.9999)) == ({x5}, (9.95832e-05, 0.9999))
({x6}, (0.9999, 9.95832e-05)) == ({x6}, (0.9999, 9.95832e-05))
({x7}, (9.95832e-05, 0.9999)) == ({x7}, (9.95832e-05, 0.9999))
({x8}, (9.95832e-05, 0.9999)) == ({x8}, (9.95832e-05, 0.9999))
({x9}, (9.95832e-05, 0.9999)) == ({x9}, (9.95832e-05, 0.9999))
({x0, x1}, (0.999834, 1.63125e-05, 4.99159e-05, 9.95766e-05)) == ({x0, x1}, (0.999834, 1.63125e-05, 4.99159e-05, 9.95766e-05))
({x0, x2}, (2.52864e-08, 9.95816e-05, 0.999884, 1.63133e-05)) == ({x0, x2}, (2.52864e-08, 9.95816e-05, 0.999884, 1.63133e-05))
({x0, x3}, (0.999884, 1.63133e-05, 2.52864e-08, 9.95816e-05)) == ({x0, x3}, (0.999884, 1.63133e-05, 2.52864e-08, 9.95816e-05))
({x0, x4}, (0.999884, 1.63133e-05, 2.52864e-08, 9.95816e-05)) == ({x0, x4}, (0.999884, 1.63133e-05, 2.52864e-08, 9.95816e-05))
({x0, x5}, (2.88591e-07, 9.95815e-05, 0.999884, 1.63133e-05)) == ({x0, x5}, (2.88591e-07, 9.95815e-05, 0.999884, 1.63133e-05))
({x0, x6}, (0.999834, 1.63125e-05, 4.99159e-05, 9.95766e-05)) == ({x0, x6}, (0.999834, 1.63125e-05, 4.99159e-05, 9.95766e-05))
({x0, x7}, (2.52864e-08, 9.95816e-05, 0.999884, 1.63133e-05)) == ({x0, x7}, (2.52864e-08, 9.95816e-05, 0.999884, 1.63133e-05))
({x0, x8}, (2.52864e-08, 9.95816e-05, 0.999884, 1.63133e-05)) == ({x0, x8}, (2.52864e-08, 9.95816e-05, 0.999884, 1.63133e-05))
({x0, x9}, (4.99159e-05, 9.95766e-05, 0.999834, 1.63125e-05)) == ({x0, x9}, (4.99159e-05, 9.95766e-05, 0.999834, 1.63125e-05))
({x1, x2}, (2.2716e-07, 9.95782e-05, 0.99985, 4.99167e-05)) == ({x1, x2}, (2.2716e-07, 9.95782e-05, 0.99985, 4.99167e-05))
({x1, x3}, (0.99985, 4.99167e-05, 2.2716e-07, 9.95782e-05)) == ({x1, x3}, (0.99985, 4.99167e-05, 2.2716e-07, 9.95782e-05))
({x1, x4}, (0.99985, 4.99167e-05, 2.2716e-07, 9.95782e-05)) == ({x1, x4}, (0.99985, 4.99167e-05, 2.2716e-07, 9.95782e-05))
({x1, x5}, (2.88581e-07, 9.95782e-05, 0.99985, 4.99167e-05)) == ({x1, x5}, (2.88581e-07, 9.95782e-05, 0.99985, 4.99167e-05))
({x1, x6}, (0.9999, 2.10941e-07, 8.49735e-10, 9.95832e-05)) == ({x1, x6}, (0.9999, 2.10941e-07, 8.49735e-10, 9.95832e-05))
({x1, x7}, (2.2716e-07, 9.95782e-05, 0.99985, 4.99167e-05)) == ({x1, x7}, (2.2716e-07, 9.95782e-05, 0.99985, 4.99167e-05))
({x1, x8}, (2.2716e-07, 9.95782e-05, 0.99985, 4.99167e-05)) == ({x1, x8}, (2.2716e-07, 9.95782e-05, 0.99985, 4.99167e-05))
({x1, x9}, (1.26315e-09, 9.95832e-05, 0.9999, 2.10941e-07)) == ({x1, x9}, (1.26315e-09, 9.95832e-05, 0.9999, 2.10941e-07))
({x2, x3}, (1.12743e-17, 0.9999, 9.95832e-05, 1.24907e-18)) == ({x2, x3}, (1.12743e-17, 0.9999, 9.95832e-05, 1.24907e-18))
({x2, x4}, (7.49859e-18, 0.9999, 9.95832e-05, 2.78396e-15)) == ({x2, x4}, (7.49859e-18, 0.9999, 9.95832e-05, 2.78396e-15))
({x2, x5}, (9.95831e-05, 2.88595e-07, 6.97075e-11, 0.9999)) == ({x2, x5}, (9.95831e-05, 2.88595e-07, 6.97075e-11, 0.9999))
({x2, x6}, (2.2716e-07, 0.99985, 9.95782e-05, 4.99167e-05)) == ({x2, x6}, (2.2716e-07, 0.99985, 9.95782e-05, 4.99167e-05))
({x2, x7}, (9.95832e-05, 3.08216e-16, 7.49859e-18, 0.9999)) == ({x2, x7}, (9.95832e-05, 3.08216e-16, 7.49859e-18, 0.9999))
({x2, x8}, (9.95832e-05, 4.8007e-15, 5.81487e-17, 0.9999)) == ({x2, x8}, (9.95832e-05, 4.8007e-15, 5.81487e-17, 0.9999))
({x2, x9}, (9.95782e-05, 4.99167e-05, 2.2716e-07, 0.99985)) == ({x2, x9}, (9.95782e-05, 4.99167e-05, 2.2716e-07, 0.99985))
({x3, x4}, (0.9999, 2.21197e-18, 2.78396e-15, 9.95832e-05)) == ({x3, x4}, (0.9999, 2.21197e-18, 2.78396e-15, 9.95832e-05))
({x3, x5}, (2.88595e-07, 9.95831e-05, 0.9999, 6.97075e-11)) == ({x3, x5}, (2.88595e-07, 9.95831e-05, 0.9999, 6.97075e-11))
({x3, x6}, (0.99985, 2.2716e-07, 4.99167e-05, 9.95782e-05)) == ({x3, x6}, (0.99985, 2.2716e-07, 4.99167e-05, 9.95782e-05))
({x3, x7}, (3.08216e-16, 9.95832e-05, 0.9999, 2.73246e-18)) == ({x3, x7}, (3.08216e-16, 9.95832e-05, 0.9999, 2.73246e-18))
({x3, x8}, (4.8007e-15, 9.95832e-05, 0.9999, 5.81487e-17)) == ({x3, x8}, (4.8007e-15, 9.95832e-05, 0.9999, 5.81487e-17))
({x3, x9}, (4.99167e-05, 9.95782e-05, 0.99985, 2.2716e-07)) == ({x3, x9}, (4.99167e-05, 9.95782e-05, 0.99985, 2.2716e-07))
({x4, x5}, (2.88595e-07, 9.95831e-05, 0.9999, 6.97075e-11)) == ({x4, x5}, (2.88595e-07, 9.95831e-05, 0.9999, 6.97075e-11))
({x4, x6}, (0.99985, 2.2716e-07, 4.99167e-05, 9.95782e-05)) == ({x4, x6}, (0.99985, 2.2716e-07, 4.99167e-05, 9.95782e-05))
({x4, x7}, (3.08216e-16, 9.95832e-05, 0.9999, 2.78396e-15)) == ({x4, x7}, (3.08216e-16, 9.95832e-05, 0.9999, 2.78396e-15))
({x4, x8}, (4.8007e-15, 9.95832e-05, 0.9999, 2.78396e-15)) == ({x4, x8}, (4.8007e-15, 9.95832e-05, 0.9999, 2.78396e-15))
({x4, x9}, (4.99167e-05, 9.95782e-05, 0.99985, 2.2716e-07)) == ({x4, x9}, (4.99167e-05, 9.95782e-05, 0.99985, 2.2716e-07))
({x5, x6}, (2.88581e-07, 0.99985, 9.95782e-05, 4.99167e-05)) == ({x5, x6}, (2.88581e-07, 0.99985, 9.95782e-05, 4.99167e-05))
({x5, x7}, (9.95831e-05, 6.97075e-11, 2.88595e-07, 0.9999)) == ({x5, x7}, (9.95831e-05, 6.97075e-11, 2.88595e-07, 0.9999))
({x5, x8}, (9.95831e-05, 6.97075e-11, 2.88595e-07, 0.9999)) == ({x5, x8}, (9.95831e-05, 6.97075e-11, 2.88595e-07, 0.9999))
({x5, x9}, (9.95782e-05, 4.99167e-05, 2.88581e-07, 0.99985)) == ({x5, x9}, (9.95782e-05, 4.99167e-05, 2.88581e-07, 0.99985))
({x6, x7}, (2.2716e-07, 9.95782e-05, 0.99985, 4.99167e-05)) == ({x6, x7}, (2.2716e-07, 9.95782e-05, 0.99985, 4.99167e-05))
({x6, x8}, (2.2716e-07, 9.95782e-05, 0.99985, 4.99167e-05)) == ({x6, x8}, (2.2716e-07, 9.95782e-05, 0.99985, 4.99167e-05))
({x6, x9}, (1.26315e-09, 9.95832e-05, 0.9999, 1.08086e-09)) == ({x6, x9}, (1.26315e-09, 9.95832e-05, 0.9999, 1.08086e-09))
({x7, x8}, (9.95832e-05, 4.8007e-15, 3.08216e-16, 0.9999)) == ({x7, x8}, (9.95832e-05, 4.8007e-15, 3.08216e-16, 0.9999))
({x7, x9}, (9.95782e-05, 4.99167e-05, 2.2716e-07, 0.99985)) == ({x7, x9}, (9.95782e-05, 4.99167e-05, 2.2716e-07, 0.99985))
({x8, x9}, (9.95782e-05, 4.99167e-05, 2.2716e-07, 0.99985)) == ({x8, x9}, (9.95782e-05, 4.99167e-05, 2.2716e-07, 0.99985))
Exact MAP state (log score = 87.4595):
x0: 0
x1: 0
x2: 1
x3: 0
x4: 0
x5: 1
x6: 0
x7: 1
x8: 1
x9: 1
