Builtin inference algorithms: {BP, EXACT, FBP, JTREE, TRWBP}

Exact variable marginals:
({x0}, (0.988378, 0.0116216))
({x1}, (0.0116213, 0.988379))
({x2}, (0.988379, 0.0116213))
({x3}, (0.0124768, 0.987523))
({x4}, (0.0116214, 0.988379))
({x5}, (0.0116213, 0.988379))
({x6}, (0.0116214, 0.988379))
({x7}, (0.988378, 0.011622))
({x8}, (0.988379, 0.0116213))
({x9}, (0.0116213, 0.988379))
Exact factor marginals:
({x0}, (0.988378, 0.0116216))
({x1}, (0.0116213, 0.988379))
({x2}, (0.988379, 0.0116213))
({x3}, (0.0124768, 0.987523))
({x4}, (0.0116214, 0.988379))
({x5}, (0.0116213, 0.988379))
({x6}, (0.0116214, 0.988379))
({x7}, (0.988378, 0.011622))
({x8}, (0.988379, 0.0116213))
({x9}, (0.0116213, 0.988379))
({x0, x1}, (2.90508e-10, 0.0116213, 0.988378, 2.85587e-07))
({x0, x2}, (0.988378, 2.85588e-07, 3.6265e-10, 0.0116213))
({x0, x3}, (0.000873225, 0.0116036, 0.987505, 1.8071e-05))
({x0, x4}, (2.89168e-10, 0.0116214, 0.988378, 2.82442e-07))
({x0, x5}, (2.90509e-10, 0.0116213, 0.988378, 2.85587e-07))
({x0, x6}, (1.01767e-09, 0.0116214, 0.988378, 2.80214e-07))
({x0, x7}, (0.988378, 2.41597e-09, 3.6859e-07, 0.0116216))
({x0, x8}, (0.988378, 2.85588e-07, 5.47248e-10, 0.0116213))
({x0, x9}, (2.90508e-10, 0.0116213, 0.988378, 2.85587e-07))
({x1, x2}, (4.84332e-13, 0.988379, 0.0116213, 7.21425e-11))
({x1, x3}, (0.0116033, 0.0008735, 1.80609e-05, 0.987505))
({x1, x4}, (0.0116213, 3.14496e-09, 1.49712e-12, 0.988379))
({x1, x5}, (0.0116213, 8.11001e-16, 3.90113e-16, 0.988379))
({x1, x6}, (0.0116213, 6.62943e-09, 5.28668e-10, 0.988379))
({x1, x7}, (2.7005e-09, 0.988378, 0.0116213, 6.54171e-07))
({x1, x8}, (8.80172e-13, 0.988379, 0.0116213, 2.5674e-10))
({x1, x9}, (0.0116213, 1.06375e-17, 4.59294e-17, 0.988379))
({x2, x3}, (0.0008735, 0.0116033, 0.987505, 1.80609e-05))
({x2, x4}, (3.14545e-09, 0.0116213, 0.988379, 7.36396e-11))
({x2, x5}, (4.85143e-13, 0.0116213, 0.988379, 7.21429e-11))
({x2, x6}, (6.62991e-09, 0.0116213, 0.988379, 6.0081e-10))
({x2, x7}, (0.988378, 2.70551e-09, 6.54104e-07, 0.0116213))
({x2, x8}, (0.988379, 1.38078e-12, 1.85583e-10, 0.0116213))
({x2, x9}, (4.84341e-13, 0.0116213, 0.988379, 7.21425e-11))
({x3, x4}, (0.0116033, 1.8064e-05, 0.0008735, 0.987505))
({x3, x5}, (0.0116033, 1.80609e-05, 0.0008735, 0.987505))
({x3, x6}, (0.0116033, 1.80675e-05, 0.0008735, 0.987505))
({x3, x7}, (0.000872857, 0.987505, 0.0116039, 1.80691e-05))
({x3, x8}, (0.0008735, 0.987505, 0.0116033, 1.8061e-05))
({x3, x9}, (0.0116033, 1.80609e-05, 0.0008735, 0.987505))
({x4, x5}, (0.0116213, 1.49789e-12, 3.14496e-09, 0.988379))
({x4, x6}, (0.0116213, 6.63092e-09, 3.67363e-09, 0.988379))
({x4, x7}, (2.69983e-09, 0.988378, 0.0116213, 6.51027e-07))
({x4, x8}, (3.14584e-09, 0.988379, 0.0116213, 2.58237e-10))
({x4, x9}, (0.0116213, 1.49709e-12, 3.14496e-09, 0.988379))
({x5, x6}, (0.0116213, 6.62943e-09, 5.28669e-10, 0.988379))
({x5, x7}, (2.7005e-09, 0.988378, 0.0116213, 6.54171e-07))
({x5, x8}, (8.80974e-13, 0.988379, 0.0116213, 2.56741e-10))
({x5, x9}, (0.0116213, 3.46693e-16, 8.02873e-16, 0.988379))
({x6, x7}, (3.42835e-09, 0.988378, 0.0116214, 6.48798e-07))
({x6, x8}, (6.6303e-09, 0.988379, 0.0116213, 7.854e-10))
({x6, x9}, (0.0116213, 5.28668e-10, 6.62943e-09, 0.988379))
({x7, x8}, (0.988378, 6.54105e-07, 2.89014e-09, 0.0116213))
({x7, x9}, (2.7005e-09, 0.0116213, 0.988378, 6.54171e-07))
({x8, x9}, (8.80183e-13, 0.0116213, 0.988379, 2.5674e-10))
Exact log partition sum: 76.5719
Exact MAP variable marginals:
({x0}, (0.988386, 0.0116136))
({x1}, (0.0116136, 0.988386))
({x2}, (0.988386, 0.0116136))
({x3}, (0.0116136, 0.988386))
({x4}, (0.0116136, 0.988386))
({x5}, (0.0116136, 0.988386))
({x6}, (0.0116136, 0.988386))
({x7}, (0.988386, 0.0116136))
({x8}, (0.988386, 0.0116136))
({x9}, (0.0116136, 0.988386))
Exact MAP factor marginals:
({x0}, (0.988386, 0.0116136)) == ({x0}, (0.988386, 0.0116136))
({x1}, (0.0116136, 0.988386)) == ({x1}, (0.0116136, 0.988386))
({x2}, (0.988386, 0.0116136)) == ({x2}, (0.988386, 0.0116136))
({x3}, (0.0116136, 0.988386)) == ({x3}, (0.0116136, 0.988386))
({x4}, (0.0116136, 0.988386)) == ({x4}, (0.0116136, 0.988386))
({x5}, (0.0116136, 0.988386)) == ({x5}, (0.0116136, 0.988386))
({x6}, (0.0116136, 0.988386)) == ({x6}, (0.0116136, 0.988386))
({x7}, (0.988386, 0.0116136)) == ({x7}, (0.988386, 0.0116136))
({x8}, (0.988386, 0.0116136)) == ({x8}, (0.988386, 0.0116136))
({x9}, (0.0116136, 0.988386)) == ({x9}, (0.0116136, 0.988386))
({x0, x1}, (1.88778e-10, 0.0116136, 0.988386, 2.75537e-07)) == ({x0, x1}, (1.88778e-10, 0.0116136, 0.988386, 2.75537e-07))
({x0, x2}, (0.988386, 2.75537e-07, 1.88778e-10, 0.0116136)) == ({x0, x2}, (0.988386, 2.75537e-07, 1.88778e-10, 0.0116136))
({x0, x3}, (0.000872857, 0.0116033, 0.987506, 1.80583e-05)) == ({x0, x3}, (0.000872857, 0.0116033, 0.987506, 1.80583e-05))
({x0, x4}, (1.88778e-10, 0.0116136, 0.988386, 2.75537e-07)) == ({x0, x4}, (1.88778e-10, 0.0116136, 0.988386, 2.75537e-07))
({x0, x5}, (1.88778e-10, 0.0116136, 0.988386, 2.75537e-07)) == ({x0, x5}, (1.88778e-10, 0.0116136, 0.988386, 2.75537e-07))
({x0, x6}, (8.27768e-10, 0.0116136, 0.988386, 2.75537e-07)) == ({x0, x6}, (8.27768e-10, 0.0116136, 0.988386, 2.75537e-07))
({x0, x7}, (0.988386, 2.40976e-09, 3.68304e-07, 0.0116136)) == ({x0, x7}, (0.988386, 2.40976e-09, 3.68304e-07, 0.0116136))
({x0, x8}, (0.988386, 2.75537e-07, 1.88778e-10, 0.0116136)) == ({x0, x8}, (0.988386, 2.75537e-07, 1.88778e-10, 0.0116136))
({x0, x9}, (1.88778e-10, 0.0116136, 0.988386, 2.75537e-07)) == ({x0, x9}, (1.88778e-10, 0.0116136, 0.988386, 2.75537e-07))
({x1, x2}, (3.86086e-13, 0.988386, 0.0116136, 6.6761e-11)) == ({x1, x2}, (3.86086e-13, 0.988386, 0.0116136, 6.6761e-11))
({x1, x3}, (0.0116033, 0.000872857, 1.80583e-05, 0.987506)) == ({x1, x3}, (0.0116033, 0.000872857, 1.80583e-05, 0.987506))
({x1, x4}, (0.0116136, 3.14694e-09, 1.49519e-12, 0.988386)) == ({x1, x4}, (0.0116136, 3.14694e-09, 1.49519e-12, 0.988386))
({x1, x5}, (0.0116136, 7.84824e-16, 3.08743e-16, 0.988386)) == ({x1, x5}, (0.0116136, 7.84824e-16, 3.08743e-16, 0.988386))
({x1, x6}, (0.0116136, 5.7897e-09, 4.29175e-10, 0.988386)) == ({x1, x6}, (0.0116136, 5.7897e-09, 4.29175e-10, 0.988386))
({x1, x7}, (2.40976e-09, 0.988386, 0.0116136, 3.68304e-07)) == ({x1, x7}, (2.40976e-09, 0.988386, 0.0116136, 3.68304e-07))
({x1, x8}, (3.93745e-13, 0.988386, 0.0116136, 1.73017e-10)) == ({x1, x8}, (3.93745e-13, 0.988386, 0.0116136, 1.73017e-10))
({x1, x9}, (0.0116136, 3.93339e-18, 3.08278e-17, 0.988386)) == ({x1, x9}, (0.0116136, 3.93339e-18, 3.08278e-17, 0.988386))
({x2, x3}, (0.000872857, 0.0116033, 0.987506, 1.80583e-05)) == ({x2, x3}, (0.000872857, 0.0116033, 0.987506, 1.80583e-05))
({x2, x4}, (3.14694e-09, 0.0116136, 0.988386, 6.6761e-11)) == ({x2, x4}, (3.14694e-09, 0.0116136, 0.988386, 6.6761e-11))
({x2, x5}, (3.86086e-13, 0.0116136, 0.988386, 6.6761e-11)) == ({x2, x5}, (3.86086e-13, 0.0116136, 0.988386, 6.6761e-11))
({x2, x6}, (5.7897e-09, 0.0116136, 0.988386, 4.29175e-10)) == ({x2, x6}, (5.7897e-09, 0.0116136, 0.988386, 4.29175e-10))
({x2, x7}, (0.988386, 2.40976e-09, 3.68304e-07, 0.0116136)) == ({x2, x7}, (0.988386, 2.40976e-09, 3.68304e-07, 0.0116136))
({x2, x8}, (0.988386, 8.85696e-13, 1.73017e-10, 0.0116136)) == ({x2, x8}, (0.988386, 8.85696e-13, 1.73017e-10, 0.0116136))
({x2, x9}, (3.86086e-13, 0.0116136, 0.988386, 6.6761e-11)) == ({x2, x9}, (3.86086e-13, 0.0116136, 0.988386, 6.6761e-11))
({x3, x4}, (0.0116033, 1.80583e-05, 0.000872857, 0.987506)) == ({x3, x4}, (0.0116033, 1.80583e-05, 0.000872857, 0.987506))
({x3, x5}, (0.0116033, 1.80583e-05, 0.000872857, 0.987506)) == ({x3, x5}, (0.0116033, 1.80583e-05, 0.000872857, 0.987506))
({x3, x6}, (0.0116033, 1.80583e-05, 0.000872857, 0.987506)) == ({x3, x6}, (0.0116033, 1.80583e-05, 0.000872857, 0.987506))
({x3, x7}, (0.000872857, 0.987506, 0.0116033, 1.80583e-05)) == ({x3, x7}, (0.000872857, 0.987506, 0.0116033, 1.80583e-05))
({x3, x8}, (0.000872857, 0.987506, 0.0116033, 1.80583e-05)) == ({x3, x8}, (0.000872857, 0.987506, 0.0116033, 1.80583e-05))
({x3, x9}, (0.0116033, 1.80583e-05, 0.000872857, 0.987506)) == ({x3, x9}, (0.0116033, 1.80583e-05, 0.000872857, 0.987506))
({x4, x5}, (0.0116136, 1.49519e-12, 3.14694e-09, 0.988386)) == ({x4, x5}, (0.0116136, 1.49519e-12, 3.14694e-09, 0.988386))
({x4, x6}, (0.0116136, 5.7897e-09, 3.14694e-09, 0.988386)) == ({x4, x6}, (0.0116136, 5.7897e-09, 3.14694e-09, 0.988386))
({x4, x7}, (2.40976e-09, 0.988386, 0.0116136, 3.68304e-07)) == ({x4, x7}, (2.40976e-09, 0.988386, 0.0116136, 3.68304e-07))
({x4, x8}, (3.14694e-09, 0.988386, 0.0116136, 1.73017e-10)) == ({x4, x8}, (3.14694e-09, 0.988386, 0.0116136, 1.73017e-10))
({x4, x9}, (0.0116136, 1.49519e-12, 3.14694e-09, 0.988386)) == ({x4, x9}, (0.0116136, 1.49519e-12, 3.14694e-09, 0.988386))
({x5, x6}, (0.0116136, 5.7897e-09, 4.29175e-10, 0.988386)) == ({x5, x6}, (0.0116136, 5.7897e-09, 4.29175e-10, 0.988386))
({x5, x7}, (2.40976e-09, 0.988386, 0.0116136, 3.68304e-07)) == ({x5, x7}, (2.40976e-09, 0.988386, 0.0116136, 3.68304e-07))
({x5, x8}, (3.93745e-13, 0.988386, 0.0116136, 1.73017e-10)) == ({x5, x8}, (3.93745e-13, 0.988386, 0.0116136, 1.73017e-10))
({x5, x9}, (0.0116136, 3.08743e-16, 7.84824e-16, 0.988386)) == ({x5, x9}, (0.0116136, 3.08743e-16, 7.84824e-16, 0.988386))
({x6, x7}, (2.40976e-09, 0.988386, 0.0116136, 3.68304e-07)) == ({x6, x7}, (2.40976e-09, 0.988386, 0.0116136, 3.68304e-07))
({x6, x8}, (5.7897e-09, 0.988386, 0.0116136, 4.29175e-10)) == ({x6, x8}, (5.7897e-09, 0.988386, 0.0116136, 4.29175e-10))
({x6, x9}, (0.0116136, 4.29175e-10, 5.7897e-09, 0.988386)) == ({x6, x9}, (0.0116136, 4.29175e-10, 5.7897e-09, 0.988386))
({x7, x8}, (0.988386, 3.68304e-07, 2.40976e-09, 0.0116136)) == ({x7, x8}, (0.988386, 3.68304e-07, 2.40976e-09, 0.0116136))
({x7, x9}, (2.40976e-09, 0.0116136, 0.988386, 3.68304e-07)) == ({x7, x9}, (2.40976e-09, 0.0116136, 0.988386, 3.68304e-07))
({x8, x9}, (3.93745e-13, 0.0116136, 0.988386, 1.73017e-10)) == ({x8, x9}, (3.93745e-13, 0.0116136, 0.988386, 1.73017e-10))
Exact MAP state (log score = 76.5594):
x0: 0
x1: 1
x2: 0
x3: 1
x4: 1
x5: 1
x6: 1
x7: 0
x8: 0
x9: 1
