Builtin inference algorithms: {BP, EXACT, FBP, JTREE, TRWBP}

Exact variable marginals:
({x0}, (0.200081, 0.799919))
({x1}, (0.799919, 0.200081))
({x2}, (0.200081, 0.799919))
({x3}, (0.200081, 0.799919))
({x4}, (0.799916, 0.200084))
({x5}, (0.200081, 0.799919))
({x6}, (0.200081, 0.799919))
({x7}, (0.799919, 0.200081))
({x8}, (0.200081, 0.799919))
({x9}, (0.200081, 0.799919))
Exact factor marginals:
({x0}, (0.200081, 0.799919))
({x1}, (0.799919, 0.200081))
({x2}, (0.200081, 0.799919))
({x3}, (0.200081, 0.799919))
({x4}, (0.799916, 0.200084))
({x5}, (0.200081, 0.799919))
({x6}, (0.200081, 0.799919))
({x7}, (0.799919, 0.200081))
({x8}, (0.200081, 0.799919))
({x9}, (0.200081, 0.799919))
({x0, x1}, (7.80445e-17, 0.799919, 0.200081, 5.6722e-15))
({x0, x2}, (0.200081, 2.46491e-09, 5.3279e-09, 0.799919))
({x0, x3}, (0.200081, 4.4377e-10, 2.75186e-10, 0.799919))
({x0, x4}, (1.894e-06, 0.799914, 0.200079, 4.46784e-06))
({x0, x5}, (0.200081, 5.67223e-15, 7.80593e-17, 0.799919))
({x0, x6}, (0.200081, 2.50658e-13, 2.48569e-12, 0.799919))
({x0, x7}, (7.80445e-17, 0.799919, 0.200081, 5.6722e-15))
({x0, x8}, (0.200081, 2.36172e-14, 6.5855e-16, 0.799919))
({x0, x9}, (0.200081, 1.99374e-09, 5.0493e-09, 0.799919))
({x1, x2}, (2.4649e-09, 0.200081, 0.799919, 5.3279e-09))
({x1, x3}, (4.43764e-10, 0.200081, 0.799919, 2.75186e-10))
({x1, x4}, (0.799914, 1.894e-06, 4.46784e-06, 0.200079))
({x1, x5}, (2.8664e-20, 0.200081, 0.799919, 1.47885e-20))
({x1, x6}, (2.49833e-13, 0.200081, 0.799919, 2.49046e-12))
({x1, x7}, (0.799919, 5.84528e-23, 5.35637e-24, 0.200081))
({x1, x8}, (1.79451e-14, 0.200081, 0.799919, 5.80626e-16))
({x1, x9}, (1.99373e-09, 0.200081, 0.799919, 5.0493e-09))
({x2, x3}, (0.200081, 5.05286e-09, 2.02128e-09, 0.799919))
({x2, x4}, (1.88867e-06, 0.799914, 0.200079, 4.46537e-06))
({x2, x5}, (0.200081, 5.3279e-09, 2.4649e-09, 0.799919))
({x2, x6}, (0.200081, 5.32815e-09, 2.46739e-09, 0.799919))
({x2, x7}, (2.4649e-09, 0.799919, 0.200081, 5.3279e-09))
({x2, x8}, (0.200081, 5.32792e-09, 2.4649e-09, 0.799919))
({x2, x9}, (0.200081, 2.78636e-10, 4.71202e-10, 0.799919))
({x3, x4}, (1.89372e-06, 0.799914, 0.200079, 4.46739e-06))
({x3, x5}, (0.200081, 2.75186e-10, 4.43764e-10, 0.799919))
({x3, x6}, (0.200081, 2.75436e-10, 4.46255e-10, 0.799919))
({x3, x7}, (4.43764e-10, 0.799919, 0.200081, 2.75186e-10))
({x3, x8}, (0.200081, 2.75204e-10, 4.43765e-10, 0.799919))
({x3, x9}, (0.200081, 2.26826e-09, 5.4924e-09, 0.799919))
({x4, x5}, (1.894e-06, 0.200079, 0.799914, 4.46784e-06))
({x4, x6}, (1.894e-06, 0.200079, 0.799914, 4.46784e-06))
({x4, x7}, (0.799914, 4.46784e-06, 1.894e-06, 0.200079))
({x4, x8}, (1.894e-06, 0.200079, 0.799914, 4.46784e-06))
({x4, x9}, (1.88895e-06, 0.200079, 0.799914, 4.46584e-06))
({x5, x6}, (0.200081, 2.49833e-13, 2.49046e-12, 0.799919))
({x5, x7}, (2.8711e-20, 0.799919, 0.200081, 1.47825e-20))
({x5, x8}, (0.200081, 1.79451e-14, 5.80652e-16, 0.799919))
({x5, x9}, (0.200081, 1.99373e-09, 5.0493e-09, 0.799919))
({x6, x7}, (2.49833e-13, 0.799919, 0.200081, 2.49046e-12))
({x6, x8}, (0.200081, 2.5084e-12, 2.50413e-13, 0.799919))
({x6, x9}, (0.200081, 1.99622e-09, 5.04955e-09, 0.799919))
({x7, x8}, (1.79451e-14, 0.200081, 0.799919, 5.80626e-16))
({x7, x9}, (1.99373e-09, 0.200081, 0.799919, 5.0493e-09))
({x8, x9}, (0.200081, 1.99373e-09, 5.04932e-09, 0.799919))
Exact log partition sum: 126.115
Exact MAP variable marginals:
({x0}, (0.200081, 0.799919))
({x1}, (0.799919, 0.200081))
({x2}, (0.200081, 0.799919))
({x3}, (0.200081, 0.799919))
({x4}, (0.799919, 0.200081))
({x5}, (0.200081, 0.799919))
({x6}, (0.200081, 0.799919))
({x7}, (0.799919, 0.200081))
({x8}, (0.200081, 0.799919))
({x9}, (0.200081, 0.799919))
Exact MAP factor marginals:
({x0}, (0.200081, 0.799919)) == ({x0}, (0.200081, 0.799919))
({x1}, (0.799919, 0.200081)) == ({x1}, (0.799919, 0.200081))
({x2}, (0.200081, 0.799919)) == ({x2}, (0.200081, 0.799919))
({x3}, (0.200081, 0.799919)) == ({x3}, (0.200081, 0.799919))
({x4}, (0.799919, 0.200081)) == ({x4}, (0.799919, 0.200081))
({x5}, (0.200081, 0.799919)) == ({x5}, (0.200081, 0.799919))
({x6}, (0.200081, 0.799919)) == ({x6}, (0.200081, 0.799919))
({x7}, (0.799919, 0.200081)) == ({x7}, (0.799919, 0.200081))
({x8}, (0.200081, 0.799919)) == ({x8}, (0.200081, 0.799919))
({x9}, (0.200081, 0.799919)) == ({x9}, (0.200081, 0.799919))
({x0, x1}, (6.82701e-17, 0.799919, 0.200081, 4.71188e-15)) == ({x0, x1}, (6.82701e-17, 0.799919, 0.200081, 4.71188e-15))
({x0, x2}, (0.200081, 1.99368e-09, 5.0487e-09, 0.799919)) == ({x0, x2}, (0.200081, 1.99368e-09, 5.0487e-09, 0.799919))
({x0, x3}, (0.200081, 4.43653e-10, 2.74492e-10, 0.799919)) == ({x0, x3}, (0.200081, 4.43653e-10, 2.74492e-10, 0.799919))
({x0, x4}, (1.88867e-06, 0.799914, 0.200079, 4.46537e-06)) == ({x0, x4}, (1.88867e-06, 0.799914, 0.200079, 4.46537e-06))
({x0, x5}, (0.200081, 4.71188e-15, 6.82701e-17, 0.799919)) == ({x0, x5}, (0.200081, 4.71188e-15, 6.82701e-17, 0.799919))
({x0, x6}, (0.200081, 2.49825e-13, 2.48564e-12, 0.799919)) == ({x0, x6}, (0.200081, 2.49825e-13, 2.48564e-12, 0.799919))
({x0, x7}, (6.82701e-17, 0.799919, 0.200081, 4.71188e-15)) == ({x0, x7}, (6.82701e-17, 0.799919, 0.200081, 4.71188e-15))
({x0, x8}, (0.200081, 1.75908e-14, 5.76408e-16, 0.799919)) == ({x0, x8}, (0.200081, 1.75908e-14, 5.76408e-16, 0.799919))
({x0, x9}, (0.200081, 1.99368e-09, 5.0487e-09, 0.799919)) == ({x0, x9}, (0.200081, 1.99368e-09, 5.0487e-09, 0.799919))
({x1, x2}, (1.99368e-09, 0.200081, 0.799919, 5.0487e-09)) == ({x1, x2}, (1.99368e-09, 0.200081, 0.799919, 5.0487e-09))
({x1, x3}, (4.43653e-10, 0.200081, 0.799919, 2.74492e-10)) == ({x1, x3}, (4.43653e-10, 0.200081, 0.799919, 2.74492e-10))
({x1, x4}, (0.799914, 1.88867e-06, 4.46537e-06, 0.200079)) == ({x1, x4}, (0.799914, 1.88867e-06, 4.46537e-06, 0.200079))
({x1, x5}, (2.63231e-20, 0.200081, 0.799919, 1.47637e-20)) == ({x1, x5}, (2.63231e-20, 0.200081, 0.799919, 1.47637e-20))
({x1, x6}, (2.49825e-13, 0.200081, 0.799919, 2.48564e-12)) == ({x1, x6}, (2.49825e-13, 0.200081, 0.799919, 2.48564e-12))
({x1, x7}, (0.799919, 3.76377e-23, 2.25647e-24, 0.200081)) == ({x1, x7}, (0.799919, 3.76377e-23, 2.25647e-24, 0.200081))
({x1, x8}, (1.75908e-14, 0.200081, 0.799919, 5.76408e-16)) == ({x1, x8}, (1.75908e-14, 0.200081, 0.799919, 5.76408e-16))
({x1, x9}, (1.99368e-09, 0.200081, 0.799919, 5.0487e-09)) == ({x1, x9}, (1.99368e-09, 0.200081, 0.799919, 5.0487e-09))
({x2, x3}, (0.200081, 5.0487e-09, 1.99368e-09, 0.799919)) == ({x2, x3}, (0.200081, 5.0487e-09, 1.99368e-09, 0.799919))
({x2, x4}, (1.88867e-06, 0.799914, 0.200079, 4.46537e-06)) == ({x2, x4}, (1.88867e-06, 0.799914, 0.200079, 4.46537e-06))
({x2, x5}, (0.200081, 5.0487e-09, 1.99368e-09, 0.799919)) == ({x2, x5}, (0.200081, 5.0487e-09, 1.99368e-09, 0.799919))
({x2, x6}, (0.200081, 5.0487e-09, 1.99368e-09, 0.799919)) == ({x2, x6}, (0.200081, 5.0487e-09, 1.99368e-09, 0.799919))
({x2, x7}, (1.99368e-09, 0.799919, 0.200081, 5.0487e-09)) == ({x2, x7}, (1.99368e-09, 0.799919, 0.200081, 5.0487e-09))
({x2, x8}, (0.200081, 5.0487e-09, 1.99368e-09, 0.799919)) == ({x2, x8}, (0.200081, 5.0487e-09, 1.99368e-09, 0.799919))
({x2, x9}, (0.200081, 2.74492e-10, 4.43653e-10, 0.799919)) == ({x2, x9}, (0.200081, 2.74492e-10, 4.43653e-10, 0.799919))
({x3, x4}, (1.88867e-06, 0.799914, 0.200079, 4.46537e-06)) == ({x3, x4}, (1.88867e-06, 0.799914, 0.200079, 4.46537e-06))
({x3, x5}, (0.200081, 2.74492e-10, 4.43653e-10, 0.799919)) == ({x3, x5}, (0.200081, 2.74492e-10, 4.43653e-10, 0.799919))
({x3, x6}, (0.200081, 2.74492e-10, 4.43653e-10, 0.799919)) == ({x3, x6}, (0.200081, 2.74492e-10, 4.43653e-10, 0.799919))
({x3, x7}, (4.43653e-10, 0.799919, 0.200081, 2.74492e-10)) == ({x3, x7}, (4.43653e-10, 0.799919, 0.200081, 2.74492e-10))
({x3, x8}, (0.200081, 2.74492e-10, 4.43653e-10, 0.799919)) == ({x3, x8}, (0.200081, 2.74492e-10, 4.43653e-10, 0.799919))
({x3, x9}, (0.200081, 1.99368e-09, 5.0487e-09, 0.799919)) == ({x3, x9}, (0.200081, 1.99368e-09, 5.0487e-09, 0.799919))
({x4, x5}, (1.88867e-06, 0.200079, 0.799914, 4.46537e-06)) == ({x4, x5}, (1.88867e-06, 0.200079, 0.799914, 4.46537e-06))
({x4, x6}, (1.88867e-06, 0.200079, 0.799914, 4.46537e-06)) == ({x4, x6}, (1.88867e-06, 0.200079, 0.799914, 4.46537e-06))
({x4, x7}, (0.799914, 4.46537e-06, 1.88867e-06, 0.200079)) == ({x4, x7}, (0.799914, 4.46537e-06, 1.88867e-06, 0.200079))
({x4, x8}, (1.88867e-06, 0.200079, 0.799914, 4.46537e-06)) == ({x4, x8}, (1.88867e-06, 0.200079, 0.799914, 4.46537e-06))
({x4, x9}, (1.88867e-06, 0.200079, 0.799914, 4.46537e-06)) == ({x4, x9}, (1.88867e-06, 0.200079, 0.799914, 4.46537e-06))
({x5, x6}, (0.200081, 2.49825e-13, 2.48564e-12, 0.799919)) == ({x5, x6}, (0.200081, 2.49825e-13, 2.48564e-12, 0.799919))
({x5, x7}, (2.63231e-20, 0.799919, 0.200081, 1.47637e-20)) == ({x5, x7}, (2.63231e-20, 0.799919, 0.200081, 1.47637e-20))
({x5, x8}, (0.200081, 1.75908e-14, 5.76408e-16, 0.799919)) == ({x5, x8}, (0.200081, 1.75908e-14, 5.76408e-16, 0.799919))
({x5, x9}, (0.200081, 1.99368e-09, 5.0487e-09, 0.799919)) == ({x5, x9}, (0.200081, 1.99368e-09, 5.0487e-09, 0.799919))
({x6, x7}, (2.49825e-13, 0.799919, 0.200081, 2.48564e-12)) == ({x6, x7}, (2.49825e-13, 0.799919, 0.200081, 2.48564e-12))
({x6, x8}, (0.200081, 2.48564e-12, 2.49825e-13, 0.799919)) == ({x6, x8}, (0.200081, 2.48564e-12, 2.49825e-13, 0.799919))
({x6, x9}, (0.200081, 1.99368e-09, 5.0487e-09, 0.799919)) == ({x6, x9}, (0.200081, 1.99368e-09, 5.0487e-09, 0.799919))
({x7, x8}, (1.75908e-14, 0.200081, 0.799919, 5.76408e-16)) == ({x7, x8}, (1.75908e-14, 0.200081, 0.799919, 5.76408e-16))
({x7, x9}, (1.99368e-09, 0.200081, 0.799919, 5.0487e-09)) == ({x7, x9}, (1.99368e-09, 0.200081, 0.799919, 5.0487e-09))
({x8, x9}, (0.200081, 1.99368e-09, 5.0487e-09, 0.799919)) == ({x8, x9}, (0.200081, 1.99368e-09, 5.0487e-09, 0.799919))
Exact MAP state (log score = 125.892):
x0: 1
x1: 0
x2: 1
x3: 1
x4: 0
x5: 1
x6: 1
x7: 0
x8: 1
x9: 1
