Builtin inference algorithms: {BP, EXACT, FBP, JTREE, TRWBP}

Exact variable marginals:
({x0}, (0.342004, 0.657996))
({x1}, (0.244791, 0.755209))
({x2}, (0.606028, 0.393972))
({x3}, (0.755209, 0.244791))
({x4}, (0.244791, 0.755209))
({x5}, (0.342004, 0.657996))
({x6}, (0.342004, 0.657996))
({x7}, (0.244814, 0.755186))
({x8}, (0.244791, 0.755209))
({x9}, (0.755211, 0.244789))
Exact factor marginals:
({x0}, (0.342004, 0.657996))
({x1}, (0.244791, 0.755209))
({x2}, (0.606028, 0.393972))
({x3}, (0.755209, 0.244791))
({x4}, (0.244791, 0.755209))
({x5}, (0.342004, 0.657996))
({x6}, (0.342004, 0.657996))
({x7}, (0.244814, 0.755186))
({x8}, (0.244791, 0.755209))
({x9}, (0.755211, 0.244789))
({x0, x1}, (0.244404, 0.000386689, 0.0976006, 0.657609))
({x0, x2}, (0.00553494, 0.600493, 0.336469, 0.0575022))
({x0, x3}, (0.0976006, 0.657609, 0.244404, 0.000386689))
({x0, x4}, (0.244404, 0.000386689, 0.0976006, 0.657609))
({x0, x5}, (0.342004, 6.39596e-08, 4.02295e-07, 0.657996))
({x0, x6}, (0.342004, 2.47846e-09, 1.35408e-07, 0.657996))
({x0, x7}, (0.244427, 0.000386632, 0.097577, 0.657609))
({x0, x8}, (0.244404, 0.000386689, 0.0976006, 0.657609))
({x0, x9}, (0.0976018, 0.657609, 0.244403, 0.000386781))
({x1, x2}, (0.00592163, 0.600107, 0.238869, 0.155103))
({x1, x3}, (3.22168e-12, 0.755209, 0.244791, 1.53042e-09))
({x1, x4}, (0.244791, 1.45648e-11, 7.14337e-11, 0.755209))
({x1, x5}, (0.244404, 0.0976002, 0.000386666, 0.657609))
({x1, x6}, (0.244404, 0.0976004, 0.000386686, 0.657609))
({x1, x7}, (0.24479, 2.35911e-05, 5.69895e-08, 0.755186))
({x1, x8}, (0.244791, 6.90273e-10, 2.85429e-13, 0.755209))
({x1, x9}, (1.20795e-06, 0.755209, 0.244789, 9.25354e-08))
({x2, x3}, (0.600107, 0.155103, 0.00592163, 0.238869))
({x2, x4}, (0.00592163, 0.238869, 0.600107, 0.155103))
({x2, x5}, (0.00553497, 0.336469, 0.600493, 0.0575025))
({x2, x6}, (0.00553495, 0.336469, 0.600493, 0.0575023))
({x2, x7}, (0.00592157, 0.238892, 0.600107, 0.155079))
({x2, x8}, (0.00592163, 0.238869, 0.600107, 0.155103))
({x2, x9}, (0.600107, 0.155104, 0.00592172, 0.238868))
({x3, x4}, (1.62429e-11, 0.244791, 0.755209, 1.60031e-09))
({x3, x5}, (0.0976002, 0.244404, 0.657609, 0.000386666))
({x3, x6}, (0.0976004, 0.244404, 0.657609, 0.000386686))
({x3, x7}, (2.35896e-05, 0.24479, 0.755186, 5.70075e-08))
({x3, x8}, (2.9776e-12, 0.244791, 0.755209, 8.40191e-10))
({x3, x9}, (0.755209, 1.20948e-06, 9.25364e-08, 0.244789))
({x4, x5}, (0.244404, 0.0976002, 0.000386666, 0.657609))
({x4, x6}, (0.244404, 0.0976004, 0.000386686, 0.657609))
({x4, x7}, (0.24479, 2.35911e-05, 5.70025e-08, 0.755186))
({x4, x8}, (0.244791, 7.60163e-10, 1.33066e-11, 0.755209))
({x4, x9}, (1.20797e-06, 0.755209, 0.244789, 9.26062e-08))
({x5, x6}, (0.342004, 3.37642e-07, 1.32237e-07, 0.657996))
({x5, x7}, (0.244427, 0.000386967, 0.097577, 0.657609))
({x5, x8}, (0.244404, 0.000386666, 0.0976002, 0.657609))
({x5, x9}, (0.0976014, 0.657609, 0.244403, 0.000386758))
({x6, x7}, (0.244427, 0.000386629, 0.0975768, 0.657609))
({x6, x8}, (0.244404, 0.000386686, 0.0976004, 0.657609))
({x6, x9}, (0.0976016, 0.657609, 0.244403, 0.000386779))
({x7, x8}, (0.24479, 5.69892e-08, 2.35904e-05, 0.755186))
({x7, x9}, (2.4799e-05, 0.755186, 0.244789, 1.49521e-07))
({x8, x9}, (1.20864e-06, 0.755209, 0.244789, 9.25335e-08))
Exact log partition sum: 95.1894
Exact MAP variable marginals:
({x0}, (0.284714, 0.715286))
({x1}, (0.284714, 0.715286))
({x2}, (0.715286, 0.284714))
({x3}, (0.715286, 0.284714))
({x4}, (0.284714, 0.715286))
({x5}, (0.284714, 0.715286))
({x6}, (0.284714, 0.715286))
({x7}, (0.284714, 0.715286))
({x8}, (0.284714, 0.715286))
({x9}, (0.715286, 0.284714))
Exact MAP factor marginals:
({x0}, (0.284714, 0.715286)) == ({x0}, (0.284714, 0.715286))
({x1}, (0.284714, 0.715286)) == ({x1}, (0.284714, 0.715286))
({x2}, (0.715286, 0.284714)) == ({x2}, (0.715286, 0.284714))
({x3}, (0.715286, 0.284714)) == ({x3}, (0.715286, 0.284714))
({x4}, (0.284714, 0.715286)) == ({x4}, (0.284714, 0.715286))
({x5}, (0.284714, 0.715286)) == ({x5}, (0.284714, 0.715286))
({x6}, (0.284714, 0.715286)) == ({x6}, (0.284714, 0.715286))
({x7}, (0.284714, 0.715286)) == ({x7}, (0.284714, 0.715286))
({x8}, (0.284714, 0.715286)) == ({x8}, (0.284714, 0.715286))
({x9}, (0.715286, 0.284714)) == ({x9}, (0.715286, 0.284714))
({x0, x1}, (0.254945, 0.000412652, 0.104144, 0.640498)) == ({x0, x1}, (0.254945, 0.000412652, 0.104144, 0.640498))
({x0, x2}, (0.00613622, 0.665298, 0.264817, 0.0637488)) == ({x0, x2}, (0.00613622, 0.665298, 0.264817, 0.0637488))
({x0, x3}, (0.104144, 0.640498, 0.254945, 0.000412652)) == ({x0, x3}, (0.104144, 0.640498, 0.254945, 0.000412652))
({x0, x4}, (0.254945, 0.000412652, 0.104144, 0.640498)) == ({x0, x4}, (0.254945, 0.000412652, 0.104144, 0.640498))
({x0, x5}, (0.284714, 4.90482e-08, 4.02239e-07, 0.715286)) == ({x0, x5}, (0.284714, 4.90482e-08, 4.02239e-07, 0.715286))
({x0, x6}, (0.284714, 2.87235e-09, 8.42286e-08, 0.715286)) == ({x0, x6}, (0.284714, 2.87235e-09, 8.42286e-08, 0.715286))
({x0, x7}, (0.254945, 0.000412652, 0.104144, 0.640498)) == ({x0, x7}, (0.254945, 0.000412652, 0.104144, 0.640498))
({x0, x8}, (0.254945, 0.000412652, 0.104144, 0.640498)) == ({x0, x8}, (0.254945, 0.000412652, 0.104144, 0.640498))
({x0, x9}, (0.104144, 0.640498, 0.254945, 0.000412652)) == ({x0, x9}, (0.104144, 0.640498, 0.254945, 0.000412652))
({x1, x2}, (0.0058752, 0.636998, 0.253552, 0.103575)) == ({x1, x2}, (0.0058752, 0.636998, 0.253552, 0.103575))
({x1, x3}, (3.44463e-12, 0.715286, 0.284714, 9.76143e-10)) == ({x1, x3}, (3.44463e-12, 0.715286, 0.284714, 9.76143e-10))
({x1, x4}, (0.284714, 1.54943e-11, 8.48453e-11, 0.715286)) == ({x1, x4}, (0.284714, 1.54943e-11, 8.48453e-11, 0.715286))
({x1, x5}, (0.254945, 0.104144, 0.000412652, 0.640498)) == ({x1, x5}, (0.254945, 0.104144, 0.000412652, 0.640498))
({x1, x6}, (0.254945, 0.104144, 0.000412652, 0.640498)) == ({x1, x6}, (0.254945, 0.104144, 0.000412652, 0.640498))
({x1, x7}, (0.284706, 2.77141e-05, 4.36078e-08, 0.715266)) == ({x1, x7}, (0.284706, 2.77141e-05, 4.36078e-08, 0.715266))
({x1, x8}, (0.284714, 8.19005e-10, 2.42705e-13, 0.715286)) == ({x1, x8}, (0.284714, 8.19005e-10, 2.42705e-13, 0.715286))
({x1, x9}, (1.4398e-06, 0.715285, 0.284713, 1.10291e-07)) == ({x1, x9}, (1.4398e-06, 0.715285, 0.284713, 1.10291e-07))
({x2, x3}, (0.636998, 0.103575, 0.0058752, 0.253552)) == ({x2, x3}, (0.636998, 0.103575, 0.0058752, 0.253552))
({x2, x4}, (0.0058752, 0.253552, 0.636998, 0.103575)) == ({x2, x4}, (0.0058752, 0.253552, 0.636998, 0.103575))
({x2, x5}, (0.00613622, 0.264817, 0.665298, 0.0637488)) == ({x2, x5}, (0.00613622, 0.264817, 0.665298, 0.0637488))
({x2, x6}, (0.00613622, 0.264817, 0.665298, 0.0637488)) == ({x2, x6}, (0.00613622, 0.264817, 0.665298, 0.0637488))
({x2, x7}, (0.0058752, 0.253552, 0.636998, 0.103575)) == ({x2, x7}, (0.0058752, 0.253552, 0.636998, 0.103575))
({x2, x8}, (0.0058752, 0.253552, 0.636998, 0.103575)) == ({x2, x8}, (0.0058752, 0.253552, 0.636998, 0.103575))
({x2, x9}, (0.636998, 0.103575, 0.0058752, 0.253552)) == ({x2, x9}, (0.636998, 0.103575, 0.0058752, 0.253552))
({x3, x4}, (1.54943e-11, 0.284714, 0.715286, 9.76143e-10)) == ({x3, x4}, (1.54943e-11, 0.284714, 0.715286, 9.76143e-10))
({x3, x5}, (0.104144, 0.254945, 0.640498, 0.000412652)) == ({x3, x5}, (0.104144, 0.254945, 0.640498, 0.000412652))
({x3, x6}, (0.104144, 0.254945, 0.640498, 0.000412652)) == ({x3, x6}, (0.104144, 0.254945, 0.640498, 0.000412652))
({x3, x7}, (2.77141e-05, 0.284706, 0.715266, 4.36078e-08)) == ({x3, x7}, (2.77141e-05, 0.284706, 0.715266, 4.36078e-08))
({x3, x8}, (3.44463e-12, 0.284714, 0.715286, 9.76143e-10)) == ({x3, x8}, (3.44463e-12, 0.284714, 0.715286, 9.76143e-10))
({x3, x9}, (0.715285, 1.4398e-06, 1.10291e-07, 0.284713)) == ({x3, x9}, (0.715285, 1.4398e-06, 1.10291e-07, 0.284713))
({x4, x5}, (0.254945, 0.104144, 0.000412652, 0.640498)) == ({x4, x5}, (0.254945, 0.104144, 0.000412652, 0.640498))
({x4, x6}, (0.254945, 0.104144, 0.000412652, 0.640498)) == ({x4, x6}, (0.254945, 0.104144, 0.000412652, 0.640498))
({x4, x7}, (0.284706, 2.77141e-05, 4.36078e-08, 0.715266)) == ({x4, x7}, (0.284706, 2.77141e-05, 4.36078e-08, 0.715266))
({x4, x8}, (0.284714, 8.19005e-10, 1.54943e-11, 0.715286)) == ({x4, x8}, (0.284714, 8.19005e-10, 1.54943e-11, 0.715286))
({x4, x9}, (1.4398e-06, 0.715285, 0.284713, 1.10291e-07)) == ({x4, x9}, (1.4398e-06, 0.715285, 0.284713, 1.10291e-07))
({x5, x6}, (0.284714, 4.02239e-07, 8.42286e-08, 0.715286)) == ({x5, x6}, (0.284714, 4.02239e-07, 8.42286e-08, 0.715286))
({x5, x7}, (0.254945, 0.000412652, 0.104144, 0.640498)) == ({x5, x7}, (0.254945, 0.000412652, 0.104144, 0.640498))
({x5, x8}, (0.254945, 0.000412652, 0.104144, 0.640498)) == ({x5, x8}, (0.254945, 0.000412652, 0.104144, 0.640498))
({x5, x9}, (0.104144, 0.640498, 0.254945, 0.000412652)) == ({x5, x9}, (0.104144, 0.640498, 0.254945, 0.000412652))
({x6, x7}, (0.254945, 0.000412652, 0.104144, 0.640498)) == ({x6, x7}, (0.254945, 0.000412652, 0.104144, 0.640498))
({x6, x8}, (0.254945, 0.000412652, 0.104144, 0.640498)) == ({x6, x8}, (0.254945, 0.000412652, 0.104144, 0.640498))
({x6, x9}, (0.104144, 0.640498, 0.254945, 0.000412652)) == ({x6, x9}, (0.104144, 0.640498, 0.254945, 0.000412652))
({x7, x8}, (0.284706, 4.36078e-08, 2.77141e-05, 0.715266)) == ({x7, x8}, (0.284706, 4.36078e-08, 2.77141e-05, 0.715266))
({x7, x9}, (2.77141e-05, 0.715266, 0.284706, 1.10288e-07)) == ({x7, x9}, (2.77141e-05, 0.715266, 0.284706, 1.10288e-07))
({x8, x9}, (1.4398e-06, 0.715285, 0.284713, 1.10291e-07)) == ({x8, x9}, (1.4398e-06, 0.715285, 0.284713, 1.10291e-07))
Exact MAP state (log score = 94.6788):
x0: 1
x1: 1
x2: 0
x3: 0
x4: 1
x5: 1
x6: 1
x7: 1
x8: 1
x9: 0
