Builtin inference algorithms: {BP, EXACT, FBP, JTREE, TRWBP}

Exact variable marginals:
({x0}, (0.390277, 0.609723))
({x1}, (0.609762, 0.390238))
({x2}, (0.390317, 0.609683))
({x3}, (0.609658, 0.390342))
({x4}, (0.390317, 0.609683))
({x5}, (0.390216, 0.609784))
({x6}, (0.390317, 0.609683))
({x7}, (0.609723, 0.390277))
({x8}, (0.609618, 0.390382))
({x9}, (0.609658, 0.390342))
Exact factor marginals:
({x0}, (0.390277, 0.609723))
({x1}, (0.609762, 0.390238))
({x2}, (0.390317, 0.609683))
({x3}, (0.609658, 0.390342))
({x4}, (0.390317, 0.609683))
({x5}, (0.390216, 0.609784))
({x6}, (0.390317, 0.609683))
({x7}, (0.609723, 0.390277))
({x8}, (0.609618, 0.390382))
({x9}, (0.609658, 0.390342))
({x0, x1}, (4.02367e-05, 0.609722, 0.390237, 6.43251e-07))
({x0, x2}, (0.390234, 8.31232e-05, 4.33207e-05, 0.60964))
({x0, x3}, (4.45211e-05, 0.609613, 0.390233, 0.000109456))
({x0, x4}, (0.390234, 8.29876e-05, 4.33147e-05, 0.60964))
({x0, x5}, (0.3902, 1.59458e-05, 7.76488e-05, 0.609707))
({x0, x6}, (0.390234, 8.3182e-05, 4.33458e-05, 0.60964))
({x0, x7}, (1.18518e-09, 0.609723, 0.390277, 2.62489e-10))
({x0, x8}, (4.24796e-06, 0.609614, 0.390273, 0.000108811))
({x0, x9}, (4.44744e-05, 0.609613, 0.390233, 0.000109487))
({x1, x2}, (8.248e-05, 0.390235, 0.60968, 3.08397e-06))
({x1, x3}, (0.609654, 4.28439e-06, 0.000108812, 0.390233))
({x1, x4}, (8.23444e-05, 0.390235, 0.60968, 3.07799e-06))
({x1, x5}, (1.53036e-05, 0.3902, 0.609747, 3.74132e-05))
({x1, x6}, (8.25388e-05, 0.390235, 0.60968, 3.10913e-06))
({x1, x7}, (0.609722, 6.43003e-07, 4.02355e-05, 0.390237))
({x1, x8}, (0.609613, 4.88994e-06, 0.000149047, 0.390233))
({x1, x9}, (0.609653, 4.23774e-06, 0.000108844, 0.390233))
({x2, x3}, (1.20043e-06, 0.609657, 0.390316, 2.63323e-05))
({x2, x4}, (0.390317, 5.98655e-09, 1.35653e-07, 0.609683))
({x2, x5}, (0.390197, 1.83876e-05, 0.000119893, 0.609665))
({x2, x6}, (0.390317, 5.88476e-08, 2.51842e-08, 0.609683))
({x2, x7}, (8.3123e-05, 0.60964, 0.390234, 4.33195e-05))
({x2, x8}, (1.80598e-06, 0.609616, 0.390315, 6.65668e-05))
({x2, x9}, (1.15377e-06, 0.609657, 0.390316, 2.63635e-05))
({x3, x4}, (1.20641e-06, 0.390316, 0.609657, 2.64679e-05))
({x3, x5}, (1.9588e-05, 0.390196, 0.609638, 0.000146226))
({x3, x6}, (1.17551e-06, 0.390316, 0.609657, 2.62737e-05))
({x3, x7}, (0.609613, 0.000109455, 4.45199e-05, 0.390233))
({x3, x8}, (0.609618, 6.44267e-07, 4.02732e-05, 0.390342))
({x3, x9}, (0.609658, 5.25963e-09, 8.31469e-08, 0.390342))
({x4, x5}, (0.390197, 1.83816e-05, 0.000119758, 0.609665))
({x4, x6}, (0.390317, 1.94485e-07, 3.11551e-08, 0.609683))
({x4, x7}, (8.29874e-05, 0.60964, 0.390234, 4.33135e-05))
({x4, x8}, (1.81197e-06, 0.609616, 0.390315, 6.67024e-05))
({x4, x9}, (1.15976e-06, 0.609657, 0.390316, 2.64992e-05))
({x5, x6}, (0.390197, 0.000119952, 1.84127e-05, 0.609664))
({x5, x7}, (1.59455e-05, 0.609707, 0.3902, 7.76477e-05))
({x5, x8}, (2.01935e-05, 0.609598, 0.390195, 0.00018646))
({x5, x9}, (1.9505e-05, 0.609638, 0.390196, 0.00014622))
({x6, x7}, (8.31818e-05, 0.60964, 0.390234, 4.33446e-05))
({x6, x8}, (1.78106e-06, 0.609616, 0.390315, 6.65082e-05))
({x6, x9}, (1.1422e-06, 0.609657, 0.390316, 2.63183e-05))
({x7, x8}, (0.609614, 4.24804e-06, 0.000108812, 0.390273))
({x7, x9}, (0.609613, 4.44733e-05, 0.000109487, 0.390233))
({x8, x9}, (0.609617, 4.02399e-05, 6.88825e-07, 0.390342))
Exact log partition sum: 68.4714
Exact MAP variable marginals:
({x0}, (0.390276, 0.609724))
({x1}, (0.609724, 0.390276))
({x2}, (0.390276, 0.609724))
({x3}, (0.609724, 0.390276))
({x4}, (0.390276, 0.609724))
({x5}, (0.390276, 0.609724))
({x6}, (0.390276, 0.609724))
({x7}, (0.609724, 0.390276))
({x8}, (0.609724, 0.390276))
({x9}, (0.609724, 0.390276))
Exact MAP factor marginals:
({x0}, (0.390276, 0.609724)) == ({x0}, (0.390276, 0.609724))
({x1}, (0.609724, 0.390276)) == ({x1}, (0.609724, 0.390276))
({x2}, (0.390276, 0.609724)) == ({x2}, (0.390276, 0.609724))
({x3}, (0.609724, 0.390276)) == ({x3}, (0.609724, 0.390276))
({x4}, (0.390276, 0.609724)) == ({x4}, (0.390276, 0.609724))
({x5}, (0.390276, 0.609724)) == ({x5}, (0.390276, 0.609724))
({x6}, (0.390276, 0.609724)) == ({x6}, (0.390276, 0.609724))
({x7}, (0.609724, 0.390276)) == ({x7}, (0.609724, 0.390276))
({x8}, (0.609724, 0.390276)) == ({x8}, (0.609724, 0.390276))
({x9}, (0.609724, 0.390276)) == ({x9}, (0.609724, 0.390276))
({x0, x1}, (4.02416e-05, 0.609699, 0.39026, 6.42585e-07)) == ({x0, x1}, (4.02416e-05, 0.609699, 0.39026, 6.42585e-07))
({x0, x2}, (0.390228, 8.23513e-05, 4.02383e-05, 0.609649)) == ({x0, x2}, (0.390228, 8.23513e-05, 4.02383e-05, 0.609649))
({x0, x3}, (4.02383e-05, 0.609649, 0.390228, 8.23513e-05)) == ({x0, x3}, (4.02383e-05, 0.609649, 0.390228, 8.23513e-05))
({x0, x4}, (0.390228, 8.23513e-05, 4.02383e-05, 0.609649)) == ({x0, x4}, (0.390228, 8.23513e-05, 4.02383e-05, 0.609649))
({x0, x5}, (0.390254, 1.52713e-05, 4.0241e-05, 0.60969)) == ({x0, x5}, (0.390254, 1.52713e-05, 4.0241e-05, 0.60969))
({x0, x6}, (0.390228, 8.23513e-05, 4.02383e-05, 0.609649)) == ({x0, x6}, (0.390228, 8.23513e-05, 4.02383e-05, 0.609649))
({x0, x7}, (1.11945e-09, 0.609724, 0.390276, 1.3784e-10)) == ({x0, x7}, (1.11945e-09, 0.609724, 0.390276, 1.3784e-10))
({x0, x8}, (3.07836e-06, 0.609672, 0.390243, 8.23543e-05)) == ({x0, x8}, (3.07836e-06, 0.609672, 0.390243, 8.23543e-05))
({x0, x9}, (4.02383e-05, 0.609649, 0.390228, 8.23513e-05)) == ({x0, x9}, (4.02383e-05, 0.609649, 0.390228, 8.23513e-05))
({x1, x2}, (8.23543e-05, 0.390243, 0.609672, 3.07836e-06)) == ({x1, x2}, (8.23543e-05, 0.390243, 0.609672, 3.07836e-06))
({x1, x3}, (0.609672, 3.07836e-06, 8.23543e-05, 0.390243)) == ({x1, x3}, (0.609672, 3.07836e-06, 8.23543e-05, 0.390243))
({x1, x4}, (8.23543e-05, 0.390243, 0.609672, 3.07836e-06)) == ({x1, x4}, (8.23543e-05, 0.390243, 0.609672, 3.07836e-06))
({x1, x5}, (1.52713e-05, 0.390255, 0.609692, 3.74162e-05)) == ({x1, x5}, (1.52713e-05, 0.390255, 0.609692, 3.74162e-05))
({x1, x6}, (8.23543e-05, 0.390243, 0.609672, 3.07836e-06)) == ({x1, x6}, (8.23543e-05, 0.390243, 0.609672, 3.07836e-06))
({x1, x7}, (0.609699, 6.42585e-07, 4.02416e-05, 0.39026)) == ({x1, x7}, (0.609699, 6.42585e-07, 4.02416e-05, 0.39026))
({x1, x8}, (0.609672, 3.07836e-06, 8.23543e-05, 0.390243)) == ({x1, x8}, (0.609672, 3.07836e-06, 8.23543e-05, 0.390243))
({x1, x9}, (0.609672, 3.07836e-06, 8.23543e-05, 0.390243)) == ({x1, x9}, (0.609672, 3.07836e-06, 8.23543e-05, 0.390243))
({x2, x3}, (1.13858e-06, 0.609707, 0.390265, 2.62766e-05)) == ({x2, x3}, (1.13858e-06, 0.609707, 0.390265, 2.62766e-05))
({x2, x4}, (0.390276, 5.98225e-09, 1.35663e-07, 0.609724)) == ({x2, x4}, (0.390276, 5.98225e-09, 1.35663e-07, 0.609724))
({x2, x5}, (0.390238, 1.52706e-05, 8.23533e-05, 0.609664)) == ({x2, x5}, (0.390238, 1.52706e-05, 8.23533e-05, 0.609664))
({x2, x6}, (0.390276, 5.73488e-08, 1.30807e-08, 0.609724)) == ({x2, x6}, (0.390276, 5.73488e-08, 1.30807e-08, 0.609724))
({x2, x7}, (8.23513e-05, 0.609649, 0.390228, 4.02383e-05)) == ({x2, x7}, (8.23513e-05, 0.609649, 0.390228, 4.02383e-05))
({x2, x8}, (1.13856e-06, 0.609699, 0.39026, 4.02416e-05)) == ({x2, x8}, (1.13856e-06, 0.609699, 0.39026, 4.02416e-05))
({x2, x9}, (1.13858e-06, 0.609707, 0.390265, 2.62766e-05)) == ({x2, x9}, (1.13858e-06, 0.609707, 0.390265, 2.62766e-05))
({x3, x4}, (1.13858e-06, 0.390265, 0.609707, 2.62766e-05)) == ({x3, x4}, (1.13858e-06, 0.390265, 0.609707, 2.62766e-05))
({x3, x5}, (1.52706e-05, 0.390238, 0.609664, 8.23533e-05)) == ({x3, x5}, (1.52706e-05, 0.390238, 0.609664, 8.23533e-05))
({x3, x6}, (1.13858e-06, 0.390265, 0.609707, 2.62766e-05)) == ({x3, x6}, (1.13858e-06, 0.390265, 0.609707, 2.62766e-05))
({x3, x7}, (0.609649, 8.23513e-05, 4.02383e-05, 0.390228)) == ({x3, x7}, (0.609649, 8.23513e-05, 4.02383e-05, 0.390228))
({x3, x8}, (0.609699, 6.42585e-07, 4.02416e-05, 0.39026)) == ({x3, x8}, (0.609699, 6.42585e-07, 4.02416e-05, 0.39026))
({x3, x9}, (0.609724, 2.26669e-09, 3.69884e-08, 0.390276)) == ({x3, x9}, (0.609724, 2.26669e-09, 3.69884e-08, 0.390276))
({x4, x5}, (0.390238, 1.52706e-05, 8.23533e-05, 0.609664)) == ({x4, x5}, (0.390238, 1.52706e-05, 8.23533e-05, 0.609664))
({x4, x6}, (0.390276, 1.35663e-07, 1.30807e-08, 0.609724)) == ({x4, x6}, (0.390276, 1.35663e-07, 1.30807e-08, 0.609724))
({x4, x7}, (8.23513e-05, 0.609649, 0.390228, 4.02383e-05)) == ({x4, x7}, (8.23513e-05, 0.609649, 0.390228, 4.02383e-05))
({x4, x8}, (1.13856e-06, 0.609699, 0.39026, 4.02416e-05)) == ({x4, x8}, (1.13856e-06, 0.609699, 0.39026, 4.02416e-05))
({x4, x9}, (1.13858e-06, 0.609707, 0.390265, 2.62766e-05)) == ({x4, x9}, (1.13858e-06, 0.609707, 0.390265, 2.62766e-05))
({x5, x6}, (0.390238, 8.23533e-05, 1.52706e-05, 0.609664)) == ({x5, x6}, (0.390238, 8.23533e-05, 1.52706e-05, 0.609664))
({x5, x7}, (1.52713e-05, 0.60969, 0.390254, 4.0241e-05)) == ({x5, x7}, (1.52713e-05, 0.60969, 0.390254, 4.0241e-05))
({x5, x8}, (1.52706e-05, 0.609664, 0.390238, 8.23533e-05)) == ({x5, x8}, (1.52706e-05, 0.609664, 0.390238, 8.23533e-05))
({x5, x9}, (1.52706e-05, 0.609664, 0.390238, 8.23533e-05)) == ({x5, x9}, (1.52706e-05, 0.609664, 0.390238, 8.23533e-05))
({x6, x7}, (8.23513e-05, 0.609649, 0.390228, 4.02383e-05)) == ({x6, x7}, (8.23513e-05, 0.609649, 0.390228, 4.02383e-05))
({x6, x8}, (1.13856e-06, 0.609699, 0.39026, 4.02416e-05)) == ({x6, x8}, (1.13856e-06, 0.609699, 0.39026, 4.02416e-05))
({x6, x9}, (1.13858e-06, 0.609707, 0.390265, 2.62766e-05)) == ({x6, x9}, (1.13858e-06, 0.609707, 0.390265, 2.62766e-05))
({x7, x8}, (0.609672, 3.07836e-06, 8.23543e-05, 0.390243)) == ({x7, x8}, (0.609672, 3.07836e-06, 8.23543e-05, 0.390243))
({x7, x9}, (0.609649, 4.02383e-05, 8.23513e-05, 0.390228)) == ({x7, x9}, (0.609649, 4.02383e-05, 8.23513e-05, 0.390228))
({x8, x9}, (0.609699, 4.02416e-05, 6.42585e-07, 0.39026)) == ({x8, x9}, (0.609699, 4.02416e-05, 6.42585e-07, 0.39026))
Exact MAP state (log score = 67.9765):
x0: 1
x1: 0
x2: 1
x3: 0
x4: 1
x5: 1
x6: 1
x7: 0
x8: 0
x9: 0
