Builtin inference algorithms: {BP, EXACT, FBP, JTREE, TRWBP}

Exact variable marginals:
({x0}, (0.99385, 0.0061499))
({x1}, (0.0061499, 0.99385))
({x2}, (0.00619368, 0.993806))
({x3}, (0.00614991, 0.99385))
({x4}, (0.99385, 0.0061499))
({x5}, (0.993848, 0.00615216))
({x6}, (0.00615045, 0.99385))
({x7}, (0.0061499, 0.99385))
({x8}, (0.00615034, 0.99385))
({x9}, (0.993803, 0.00619704))
Exact factor marginals:
({x0}, (0.99385, 0.0061499))
({x1}, (0.0061499, 0.99385))
({x2}, (0.00619368, 0.993806))
({x3}, (0.00614991, 0.99385))
({x4}, (0.99385, 0.0061499))
({x5}, (0.993848, 0.00615216))
({x6}, (0.00615045, 0.99385))
({x7}, (0.0061499, 0.99385))
({x8}, (0.00615034, 0.99385))
({x9}, (0.993803, 0.00619704))
({x0, x1}, (1.64598e-14, 0.0061499, 0.99385, 2.08599e-13))
({x0, x2}, (4.38152e-05, 0.00614987, 0.993806, 3.01913e-08))
({x0, x3}, (1.22892e-08, 0.0061499, 0.99385, 2.88495e-11))
({x0, x4}, (0.99385, 4.15794e-11, 1.11698e-09, 0.0061499))
({x0, x5}, (0.993847, 8.76608e-07, 3.14095e-06, 0.00614902))
({x0, x6}, (5.62605e-07, 0.00614989, 0.99385, 7.58438e-09))
({x0, x7}, (2.01928e-15, 0.0061499, 0.99385, 2.08494e-13))
({x0, x8}, (6.10159e-07, 0.00614973, 0.993849, 1.65898e-07))
({x0, x9}, (0.993803, 1.24107e-07, 4.72596e-05, 0.00614978))
({x1, x2}, (0.00614987, 4.38152e-05, 3.01912e-08, 0.993806))
({x1, x3}, (0.0061499, 1.22892e-08, 2.86538e-11, 0.99385))
({x1, x4}, (4.13865e-11, 0.99385, 0.0061499, 1.11698e-09))
({x1, x5}, (8.76607e-07, 0.993847, 0.00614902, 3.14095e-06))
({x1, x6}, (0.00614989, 5.62605e-07, 7.58423e-09, 0.99385))
({x1, x7}, (0.0061499, 1.05993e-16, 1.44411e-14, 0.99385))
({x1, x8}, (0.00614973, 6.10159e-07, 1.65898e-07, 0.993849))
({x1, x9}, (1.24107e-07, 0.993803, 0.00614978, 4.72596e-05))
({x2, x3}, (0.00614988, 3.02522e-08, 4.3803e-05, 0.993806))
({x2, x4}, (4.38152e-05, 0.993806, 0.00614987, 3.13078e-08))
({x2, x5}, (4.46795e-05, 0.993803, 0.006149, 3.15889e-06))
({x2, x6}, (0.00615043, 2.26085e-08, 4.32526e-05, 0.993806))
({x2, x7}, (0.00614987, 3.01912e-08, 4.38152e-05, 0.993806))
({x2, x8}, (0.0061497, 6.40337e-07, 4.39811e-05, 0.993806))
({x2, x9}, (1.678e-06, 0.993801, 0.00619201, 5.02854e-06))
({x3, x4}, (1.23286e-08, 0.99385, 0.0061499, 1.14366e-09))
({x3, x5}, (8.76582e-07, 0.993847, 0.00614904, 3.12866e-06))
({x3, x6}, (0.00614989, 5.62633e-07, 1.98734e-08, 0.99385))
({x3, x7}, (0.0061499, 2.8641e-11, 1.22892e-08, 0.99385))
({x3, x8}, (0.00614973, 6.10186e-07, 1.78185e-07, 0.993849))
({x3, x9}, (1.36396e-07, 0.993803, 0.00614978, 4.72597e-05))
({x4, x5}, (0.993847, 8.77665e-07, 3.14093e-06, 0.00614902))
({x4, x6}, (5.62646e-07, 0.00614989, 0.99385, 8.7012e-09))
({x4, x7}, (4.13737e-11, 0.0061499, 0.99385, 1.11699e-09))
({x4, x8}, (6.10098e-07, 0.00614973, 0.993849, 1.66913e-07))
({x4, x9}, (0.993803, 1.25224e-07, 4.72597e-05, 0.00614978))
({x5, x6}, (1.43921e-06, 0.00614902, 0.993846, 3.14853e-06))
({x5, x7}, (8.76607e-07, 0.00614902, 0.993847, 3.14095e-06))
({x5, x8}, (1.48677e-06, 0.00614886, 0.993846, 3.30685e-06))
({x5, x9}, (0.9938, 3.26505e-06, 4.81362e-05, 0.0061489))
({x6, x7}, (0.00614989, 7.58422e-09, 5.62605e-07, 0.99385))
({x6, x8}, (0.00614973, 6.17743e-07, 7.28503e-07, 0.993849))
({x6, x9}, (1.16523e-07, 0.993803, 0.00615034, 4.6697e-05))
({x7, x8}, (0.00614973, 6.10159e-07, 1.65898e-07, 0.993849))
({x7, x9}, (1.24107e-07, 0.993803, 0.00614978, 4.72596e-05))
({x8, x9}, (7.34265e-07, 0.993802, 0.00614961, 4.74255e-05))
Exact log partition sum: 79.3797
Exact MAP variable marginals:
({x0}, (0.993851, 0.00614906))
({x1}, (0.00614906, 0.993851))
({x2}, (0.00614906, 0.993851))
({x3}, (0.00614906, 0.993851))
({x4}, (0.993851, 0.00614906))
({x5}, (0.993851, 0.00614906))
({x6}, (0.00614906, 0.993851))
({x7}, (0.00614906, 0.993851))
({x8}, (0.00614906, 0.993851))
({x9}, (0.993851, 0.00614906))
Exact MAP factor marginals:
({x0}, (0.993851, 0.00614906)) == ({x0}, (0.993851, 0.00614906))
({x1}, (0.00614906, 0.993851)) == ({x1}, (0.00614906, 0.993851))
({x2}, (0.00614906, 0.993851)) == ({x2}, (0.00614906, 0.993851))
({x3}, (0.00614906, 0.993851)) == ({x3}, (0.00614906, 0.993851))
({x4}, (0.993851, 0.00614906)) == ({x4}, (0.993851, 0.00614906))
({x5}, (0.993851, 0.00614906)) == ({x5}, (0.993851, 0.00614906))
({x6}, (0.00614906, 0.993851)) == ({x6}, (0.00614906, 0.993851))
({x7}, (0.00614906, 0.993851)) == ({x7}, (0.00614906, 0.993851))
({x8}, (0.00614906, 0.993851)) == ({x8}, (0.00614906, 0.993851))
({x9}, (0.993851, 0.00614906)) == ({x9}, (0.993851, 0.00614906))
({x0, x1}, (1.23306e-14, 0.00614906, 0.993851, 1.39468e-13)) == ({x0, x1}, (1.23306e-14, 0.00614906, 0.993851, 1.39468e-13))
({x0, x2}, (4.16693e-05, 0.00614881, 0.99381, 2.23066e-08)) == ({x0, x2}, (4.16693e-05, 0.00614881, 0.99381, 2.23066e-08))
({x0, x3}, (1.22018e-08, 0.00614906, 0.993851, 2.30705e-11)) == ({x0, x3}, (1.22018e-08, 0.00614906, 0.993851, 2.30705e-11))
({x0, x4}, (0.993851, 2.21585e-11, 9.90952e-10, 0.00614906)) == ({x0, x4}, (0.993851, 2.21585e-11, 9.90952e-10, 0.00614906))
({x0, x5}, (0.993847, 8.76608e-07, 3.12875e-06, 0.00614904)) == ({x0, x5}, (0.993847, 8.76608e-07, 3.12875e-06, 0.00614904))
({x0, x6}, (5.62632e-07, 0.00614906, 0.99385, 7.5832e-09)) == ({x0, x6}, (5.62632e-07, 0.00614906, 0.99385, 7.5832e-09))
({x0, x7}, (9.9206e-16, 0.00614906, 0.993851, 1.39468e-13)) == ({x0, x7}, (9.9206e-16, 0.00614906, 0.993851, 1.39468e-13))
({x0, x8}, (6.10099e-07, 0.00614906, 0.99385, 1.65884e-07)) == ({x0, x8}, (6.10099e-07, 0.00614906, 0.99385, 1.65884e-07))
({x0, x9}, (0.993809, 9.42176e-08, 4.16693e-05, 0.00614881)) == ({x0, x9}, (0.993809, 9.42176e-08, 4.16693e-05, 0.00614881))
({x1, x2}, (0.00614881, 4.16693e-05, 2.23066e-08, 0.99381)) == ({x1, x2}, (0.00614881, 4.16693e-05, 2.23066e-08, 0.99381))
({x1, x3}, (0.00614906, 1.22018e-08, 2.30705e-11, 0.993851)) == ({x1, x3}, (0.00614906, 1.22018e-08, 2.30705e-11, 0.993851))
({x1, x4}, (2.21585e-11, 0.993851, 0.00614906, 9.90952e-10)) == ({x1, x4}, (2.21585e-11, 0.993851, 0.00614906, 9.90952e-10))
({x1, x5}, (8.76608e-07, 0.993847, 0.00614904, 3.12875e-06)) == ({x1, x5}, (8.76608e-07, 0.993847, 0.00614904, 3.12875e-06))
({x1, x6}, (0.00614906, 5.62632e-07, 7.5832e-09, 0.99385)) == ({x1, x6}, (0.00614906, 5.62632e-07, 7.5832e-09, 0.99385))
({x1, x7}, (0.00614906, 3.98999e-17, 1.23306e-14, 0.993851)) == ({x1, x7}, (0.00614906, 3.98999e-17, 1.23306e-14, 0.993851))
({x1, x8}, (0.00614906, 6.10099e-07, 1.65884e-07, 0.99385)) == ({x1, x8}, (0.00614906, 6.10099e-07, 1.65884e-07, 0.99385))
({x1, x9}, (9.42176e-08, 0.993809, 0.00614881, 4.16693e-05)) == ({x1, x9}, (9.42176e-08, 0.993809, 0.00614881, 4.16693e-05))
({x2, x3}, (0.00614881, 2.23066e-08, 4.16693e-05, 0.99381)) == ({x2, x3}, (0.00614881, 2.23066e-08, 4.16693e-05, 0.99381))
({x2, x4}, (4.16693e-05, 0.99381, 0.00614881, 2.23066e-08)) == ({x2, x4}, (4.16693e-05, 0.99381, 0.00614881, 2.23066e-08))
({x2, x5}, (4.16692e-05, 0.993806, 0.00614879, 3.12862e-06)) == ({x2, x5}, (4.16692e-05, 0.993806, 0.00614879, 3.12862e-06))
({x2, x6}, (0.00614881, 2.23066e-08, 4.16693e-05, 0.99381)) == ({x2, x6}, (0.00614881, 2.23066e-08, 4.16693e-05, 0.99381))
({x2, x7}, (0.00614881, 2.23066e-08, 4.16693e-05, 0.99381)) == ({x2, x7}, (0.00614881, 2.23066e-08, 4.16693e-05, 0.99381))
({x2, x8}, (0.0061488, 6.10074e-07, 4.16693e-05, 0.993809)) == ({x2, x8}, (0.0061488, 6.10074e-07, 4.16693e-05, 0.993809))
({x2, x9}, (1.57161e-06, 0.993844, 0.00614902, 5.02847e-06)) == ({x2, x9}, (1.57161e-06, 0.993844, 0.00614902, 5.02847e-06))
({x3, x4}, (1.22018e-08, 0.993851, 0.00614906, 9.90952e-10)) == ({x3, x4}, (1.22018e-08, 0.993851, 0.00614906, 9.90952e-10))
({x3, x5}, (8.76608e-07, 0.993847, 0.00614904, 3.12875e-06)) == ({x3, x5}, (8.76608e-07, 0.993847, 0.00614904, 3.12875e-06))
({x3, x6}, (0.00614906, 5.62632e-07, 1.22018e-08, 0.99385)) == ({x3, x6}, (0.00614906, 5.62632e-07, 1.22018e-08, 0.99385))
({x3, x7}, (0.00614906, 2.30705e-11, 1.22018e-08, 0.993851)) == ({x3, x7}, (0.00614906, 2.30705e-11, 1.22018e-08, 0.993851))
({x3, x8}, (0.00614906, 6.10099e-07, 1.65884e-07, 0.99385)) == ({x3, x8}, (0.00614906, 6.10099e-07, 1.65884e-07, 0.99385))
({x3, x9}, (9.42176e-08, 0.993809, 0.00614881, 4.16693e-05)) == ({x3, x9}, (9.42176e-08, 0.993809, 0.00614881, 4.16693e-05))
({x4, x5}, (0.993847, 8.76608e-07, 3.12875e-06, 0.00614904)) == ({x4, x5}, (0.993847, 8.76608e-07, 3.12875e-06, 0.00614904))
({x4, x6}, (5.62632e-07, 0.00614906, 0.99385, 7.5832e-09)) == ({x4, x6}, (5.62632e-07, 0.00614906, 0.99385, 7.5832e-09))
({x4, x7}, (2.21585e-11, 0.00614906, 0.993851, 9.90952e-10)) == ({x4, x7}, (2.21585e-11, 0.00614906, 0.993851, 9.90952e-10))
({x4, x8}, (6.10099e-07, 0.00614906, 0.99385, 1.65884e-07)) == ({x4, x8}, (6.10099e-07, 0.00614906, 0.99385, 1.65884e-07))
({x4, x9}, (0.993809, 9.42176e-08, 4.16693e-05, 0.00614881)) == ({x4, x9}, (0.993809, 9.42176e-08, 4.16693e-05, 0.00614881))
({x5, x6}, (8.76608e-07, 0.00614904, 0.993847, 3.12875e-06)) == ({x5, x6}, (8.76608e-07, 0.00614904, 0.993847, 3.12875e-06))
({x5, x7}, (8.76608e-07, 0.00614904, 0.993847, 3.12875e-06)) == ({x5, x7}, (8.76608e-07, 0.00614904, 0.993847, 3.12875e-06))
({x5, x8}, (8.76608e-07, 0.00614904, 0.993847, 3.12875e-06)) == ({x5, x8}, (8.76608e-07, 0.00614904, 0.993847, 3.12875e-06))
({x5, x9}, (0.993806, 3.12862e-06, 4.16692e-05, 0.00614879)) == ({x5, x9}, (0.993806, 3.12862e-06, 4.16692e-05, 0.00614879))
({x6, x7}, (0.00614906, 7.5832e-09, 5.62632e-07, 0.99385)) == ({x6, x7}, (0.00614906, 7.5832e-09, 5.62632e-07, 0.99385))
({x6, x8}, (0.00614906, 6.10099e-07, 5.62632e-07, 0.99385)) == ({x6, x8}, (0.00614906, 6.10099e-07, 5.62632e-07, 0.99385))
({x6, x9}, (9.42176e-08, 0.993809, 0.00614881, 4.16693e-05)) == ({x6, x9}, (9.42176e-08, 0.993809, 0.00614881, 4.16693e-05))
({x7, x8}, (0.00614906, 6.10099e-07, 1.65884e-07, 0.99385)) == ({x7, x8}, (0.00614906, 6.10099e-07, 1.65884e-07, 0.99385))
({x7, x9}, (9.42176e-08, 0.993809, 0.00614881, 4.16693e-05)) == ({x7, x9}, (9.42176e-08, 0.993809, 0.00614881, 4.16693e-05))
({x8, x9}, (6.10074e-07, 0.993809, 0.0061488, 4.16693e-05)) == ({x8, x9}, (6.10074e-07, 0.993809, 0.0061488, 4.16693e-05))
Exact MAP state (log score = 79.3735):
x0: 0
x1: 1
x2: 1
x3: 1
x4: 0
x5: 0
x6: 1
x7: 1
x8: 1
x9: 0
