Builtin inference algorithms: {BP, EXACT, FBP, JTREE, TRWBP}

Exact variable marginals:
({x0}, (0.00831288, 0.991687))
({x1}, (0.00831288, 0.991687))
({x2}, (0.00831288, 0.991687))
({x3}, (0.00831288, 0.991687))
({x4}, (0.991687, 0.00831287))
({x5}, (0.00831287, 0.991687))
({x6}, (0.00831287, 0.991687))
({x7}, (0.976826, 0.0231741))
({x8}, (0.991687, 0.00831288))
({x9}, (0.991687, 0.00831326))
Exact factor marginals:
({x0}, (0.00831288, 0.991687))
({x1}, (0.00831288, 0.991687))
({x2}, (0.00831288, 0.991687))
({x3}, (0.00831288, 0.991687))
({x4}, (0.991687, 0.00831287))
({x5}, (0.00831287, 0.991687))
({x6}, (0.00831287, 0.991687))
({x7}, (0.976826, 0.0231741))
({x8}, (0.991687, 0.00831288))
({x9}, (0.991687, 0.00831326))
({x0, x1}, (0.00831288, 2.46423e-09, 3.83754e-10, 0.991687))
({x0, x2}, (0.00831287, 9.34012e-09, 1.31921e-08, 0.991687))
({x0, x3}, (0.00831288, 1.93192e-10, 6.08551e-12, 0.991687))
({x0, x4}, (1.25607e-08, 0.991687, 0.00831287, 6.87372e-09))
({x0, x5}, (0.00831287, 6.82715e-09, 1.25186e-08, 0.991687))
({x0, x6}, (0.00831287, 6.87891e-09, 1.25623e-08, 0.991687))
({x0, x7}, (0.000133843, 0.976692, 0.00817904, 0.0149951))
({x0, x8}, (1.2944e-08, 0.991687, 0.00831287, 9.36783e-09))
({x0, x9}, (1.66051e-09, 0.991687, 0.00831288, 3.86207e-07))
({x1, x2}, (0.00831287, 8.94632e-09, 1.48787e-08, 0.991687))
({x1, x3}, (0.00831288, 5.74907e-10, 2.46827e-09, 0.991687))
({x1, x4}, (1.50249e-08, 0.991687, 0.00831287, 7.25742e-09))
({x1, x5}, (0.00831287, 7.21075e-09, 1.49826e-08, 0.991687))
({x1, x6}, (0.00831287, 7.25715e-09, 1.5021e-08, 0.991687))
({x1, x7}, (0.000133843, 0.976692, 0.00817904, 0.0149951))
({x1, x8}, (1.25627e-08, 0.991687, 0.00831287, 6.906e-09))
({x1, x9}, (3.95699e-09, 0.991687, 0.00831288, 3.86423e-07))
({x2, x3}, (0.00831287, 1.33852e-08, 9.34615e-09, 0.991687))
({x2, x4}, (2.55522e-09, 0.991687, 0.00831287, 7.20158e-10))
({x2, x5}, (0.00831287, 6.73485e-10, 2.51297e-09, 0.991687))
({x2, x6}, (0.00831287, 7.25351e-10, 2.55681e-09, 0.991687))
({x2, x7}, (0.000133832, 0.976692, 0.00817904, 0.0149951))
({x2, x8}, (2.16108e-09, 0.991687, 0.00831287, 2.43682e-09))
({x2, x9}, (1.10006e-08, 0.991687, 0.00831286, 3.99399e-07))
({x3, x4}, (1.27539e-08, 0.991687, 0.00831287, 6.8798e-09))
({x3, x5}, (0.00831287, 6.83323e-09, 1.27118e-08, 0.991687))
({x3, x6}, (0.00831287, 6.88499e-09, 1.27555e-08, 0.991687))
({x3, x7}, (0.000133843, 0.976692, 0.00817904, 0.0149951))
({x3, x8}, (1.31357e-08, 0.991687, 0.00831287, 9.37245e-09))
({x3, x9}, (1.71698e-09, 0.991687, 0.00831288, 3.86076e-07))
({x4, x5}, (4.22528e-11, 0.00831287, 0.991687, 4.66735e-11))
({x4, x6}, (5.19236e-12, 0.00831287, 0.991687, 1.58976e-12))
({x4, x7}, (0.976692, 0.00013383, 0.0149951, 0.00817904))
({x4, x8}, (0.991687, 3.833e-10, 2.4941e-09, 0.00831287))
({x4, x9}, (0.991687, 8.44539e-09, 3.98679e-07, 0.00831287))
({x5, x6}, (0.00831287, 5.18658e-11, 4.38425e-11, 0.991687))
({x5, x7}, (0.00013383, 0.976692, 0.00817904, 0.0149951))
({x5, x8}, (4.25447e-10, 0.991687, 0.00831287, 2.54067e-09))
({x5, x9}, (8.48764e-09, 0.991687, 0.00831287, 3.98725e-07))
({x6, x7}, (0.00013383, 0.976692, 0.00817904, 0.0149951))
({x6, x8}, (3.82985e-10, 0.991687, 0.00831287, 2.49019e-09))
({x6, x9}, (8.44488e-09, 0.991687, 0.00831287, 3.98675e-07))
({x7, x8}, (0.976692, 0.0149951, 0.00013383, 0.00817905))
({x7, x9}, (0.976692, 0.0149951, 0.000134229, 0.00817903))
({x8, x9}, (0.991687, 1.07717e-08, 3.98894e-07, 0.00831286))
Exact log partition sum: 52.6997
Exact MAP variable marginals:
({x0}, (0.00830468, 0.991695))
({x1}, (0.00830468, 0.991695))
({x2}, (0.00830468, 0.991695))
({x3}, (0.00830468, 0.991695))
({x4}, (0.991695, 0.00830468))
({x5}, (0.00830468, 0.991695))
({x6}, (0.00830468, 0.991695))
({x7}, (0.984879, 0.0151208))
({x8}, (0.991695, 0.00830468))
({x9}, (0.991695, 0.00830468))
Exact MAP factor marginals:
({x0}, (0.00830468, 0.991695)) == ({x0}, (0.00830468, 0.991695))
({x1}, (0.00830468, 0.991695)) == ({x1}, (0.00830468, 0.991695))
({x2}, (0.00830468, 0.991695)) == ({x2}, (0.00830468, 0.991695))
({x3}, (0.00830468, 0.991695)) == ({x3}, (0.00830468, 0.991695))
({x4}, (0.991695, 0.00830468)) == ({x4}, (0.991695, 0.00830468))
({x5}, (0.00830468, 0.991695)) == ({x5}, (0.00830468, 0.991695))
({x6}, (0.00830468, 0.991695)) == ({x6}, (0.00830468, 0.991695))
({x7}, (0.984879, 0.0151208)) == ({x7}, (0.984879, 0.0151208))
({x8}, (0.991695, 0.00830468)) == ({x8}, (0.991695, 0.00830468))
({x9}, (0.991695, 0.00830468)) == ({x9}, (0.991695, 0.00830468))
({x0, x1}, (0.00830468, 1.86718e-09, 3.22524e-10, 0.991695)) == ({x0, x1}, (0.00830468, 1.86718e-09, 3.22524e-10, 0.991695))
({x0, x2}, (0.00830468, 6.93191e-09, 1.27108e-08, 0.991695)) == ({x0, x2}, (0.00830468, 6.93191e-09, 1.27108e-08, 0.991695))
({x0, x3}, (0.00830468, 1.34363e-10, 2.97579e-12, 0.991695)) == ({x0, x3}, (0.00830468, 1.34363e-10, 2.97579e-12, 0.991695))
({x0, x4}, (1.27108e-08, 0.991695, 0.00830468, 6.93191e-09)) == ({x0, x4}, (1.27108e-08, 0.991695, 0.00830468, 6.93191e-09))
({x0, x5}, (0.00830468, 6.93191e-09, 1.27108e-08, 0.991695)) == ({x0, x5}, (0.00830468, 6.93191e-09, 1.27108e-08, 0.991695))
({x0, x6}, (0.00830468, 6.93191e-09, 1.27108e-08, 0.991695)) == ({x0, x6}, (0.00830468, 6.93191e-09, 1.27108e-08, 0.991695))
({x0, x7}, (0.00013383, 0.976692, 0.00817904, 0.0149951)) == ({x0, x7}, (0.00013383, 0.976692, 0.00817904, 0.0149951))
({x0, x8}, (1.27108e-08, 0.991695, 0.00830468, 6.93191e-09)) == ({x0, x8}, (1.27108e-08, 0.991695, 0.00830468, 6.93191e-09))
({x0, x9}, (1.636e-09, 0.991695, 0.00830467, 3.91791e-07)) == ({x0, x9}, (1.636e-09, 0.991695, 0.00830467, 3.91791e-07))
({x1, x2}, (0.00830468, 6.93191e-09, 1.27108e-08, 0.991695)) == ({x1, x2}, (0.00830468, 6.93191e-09, 1.27108e-08, 0.991695))
({x1, x3}, (0.00830468, 3.22524e-10, 1.86718e-09, 0.991695)) == ({x1, x3}, (0.00830468, 3.22524e-10, 1.86718e-09, 0.991695))
({x1, x4}, (1.27108e-08, 0.991695, 0.00830468, 6.93191e-09)) == ({x1, x4}, (1.27108e-08, 0.991695, 0.00830468, 6.93191e-09))
({x1, x5}, (0.00830468, 6.93191e-09, 1.27108e-08, 0.991695)) == ({x1, x5}, (0.00830468, 6.93191e-09, 1.27108e-08, 0.991695))
({x1, x6}, (0.00830468, 6.93191e-09, 1.27108e-08, 0.991695)) == ({x1, x6}, (0.00830468, 6.93191e-09, 1.27108e-08, 0.991695))
({x1, x7}, (0.00013383, 0.976692, 0.00817904, 0.0149951)) == ({x1, x7}, (0.00013383, 0.976692, 0.00817904, 0.0149951))
({x1, x8}, (1.27108e-08, 0.991695, 0.00830468, 6.93191e-09)) == ({x1, x8}, (1.27108e-08, 0.991695, 0.00830468, 6.93191e-09))
({x1, x9}, (1.86718e-09, 0.991695, 0.00830467, 3.91791e-07)) == ({x1, x9}, (1.86718e-09, 0.991695, 0.00830467, 3.91791e-07))
({x2, x3}, (0.00830468, 1.27108e-08, 6.93191e-09, 0.991695)) == ({x2, x3}, (0.00830468, 1.27108e-08, 6.93191e-09, 0.991695))
({x2, x4}, (2.07817e-09, 0.991695, 0.00830468, 3.60025e-10)) == ({x2, x4}, (2.07817e-09, 0.991695, 0.00830468, 3.60025e-10))
({x2, x5}, (0.00830468, 3.60025e-10, 2.07817e-09, 0.991695)) == ({x2, x5}, (0.00830468, 3.60025e-10, 2.07817e-09, 0.991695))
({x2, x6}, (0.00830468, 3.60025e-10, 2.07817e-09, 0.991695)) == ({x2, x6}, (0.00830468, 3.60025e-10, 2.07817e-09, 0.991695))
({x2, x7}, (0.00013383, 0.976692, 0.00817904, 0.0149951)) == ({x2, x7}, (0.00013383, 0.976692, 0.00817904, 0.0149951))
({x2, x8}, (2.07817e-09, 0.991695, 0.00830468, 1.86718e-09)) == ({x2, x8}, (2.07817e-09, 0.991695, 0.00830468, 1.86718e-09))
({x2, x9}, (6.93191e-09, 0.991695, 0.00830467, 3.91791e-07)) == ({x2, x9}, (6.93191e-09, 0.991695, 0.00830467, 3.91791e-07))
({x3, x4}, (1.27108e-08, 0.991695, 0.00830468, 6.93191e-09)) == ({x3, x4}, (1.27108e-08, 0.991695, 0.00830468, 6.93191e-09))
({x3, x5}, (0.00830468, 6.93191e-09, 1.27108e-08, 0.991695)) == ({x3, x5}, (0.00830468, 6.93191e-09, 1.27108e-08, 0.991695))
({x3, x6}, (0.00830468, 6.93191e-09, 1.27108e-08, 0.991695)) == ({x3, x6}, (0.00830468, 6.93191e-09, 1.27108e-08, 0.991695))
({x3, x7}, (0.00013383, 0.976692, 0.00817904, 0.0149951)) == ({x3, x7}, (0.00013383, 0.976692, 0.00817904, 0.0149951))
({x3, x8}, (1.27108e-08, 0.991695, 0.00830468, 6.93191e-09)) == ({x3, x8}, (1.27108e-08, 0.991695, 0.00830468, 6.93191e-09))
({x3, x9}, (1.636e-09, 0.991695, 0.00830467, 3.91791e-07)) == ({x3, x9}, (1.636e-09, 0.991695, 0.00830467, 3.91791e-07))
({x4, x5}, (4.27976e-11, 0.00830468, 0.991695, 4.73869e-11)) == ({x4, x5}, (4.27976e-11, 0.00830468, 0.991695, 4.73869e-11))
({x4, x6}, (4.12256e-12, 0.00830468, 0.991695, 1.42567e-12)) == ({x4, x6}, (4.12256e-12, 0.00830468, 0.991695, 1.42567e-12))
({x4, x7}, (0.976692, 0.00013383, 0.0149951, 0.00817904)) == ({x4, x7}, (0.976692, 0.00013383, 0.0149951, 0.00817904))
({x4, x8}, (0.991695, 3.22524e-10, 1.86718e-09, 0.00830468)) == ({x4, x8}, (0.991695, 3.22524e-10, 1.86718e-09, 0.00830468))
({x4, x9}, (0.991695, 6.93191e-09, 3.91791e-07, 0.00830467)) == ({x4, x9}, (0.991695, 6.93191e-09, 3.91791e-07, 0.00830467))
({x5, x6}, (0.00830468, 4.73869e-11, 4.27976e-11, 0.991695)) == ({x5, x6}, (0.00830468, 4.73869e-11, 4.27976e-11, 0.991695))
({x5, x7}, (0.00013383, 0.976692, 0.00817904, 0.0149951)) == ({x5, x7}, (0.00013383, 0.976692, 0.00817904, 0.0149951))
({x5, x8}, (3.22524e-10, 0.991695, 0.00830468, 1.86718e-09)) == ({x5, x8}, (3.22524e-10, 0.991695, 0.00830468, 1.86718e-09))
({x5, x9}, (6.93191e-09, 0.991695, 0.00830467, 3.91791e-07)) == ({x5, x9}, (6.93191e-09, 0.991695, 0.00830467, 3.91791e-07))
({x6, x7}, (0.00013383, 0.976692, 0.00817904, 0.0149951)) == ({x6, x7}, (0.00013383, 0.976692, 0.00817904, 0.0149951))
({x6, x8}, (3.22524e-10, 0.991695, 0.00830468, 1.86718e-09)) == ({x6, x8}, (3.22524e-10, 0.991695, 0.00830468, 1.86718e-09))
({x6, x9}, (6.93191e-09, 0.991695, 0.00830467, 3.91791e-07)) == ({x6, x9}, (6.93191e-09, 0.991695, 0.00830467, 3.91791e-07))
({x7, x8}, (0.976692, 0.0149951, 0.00013383, 0.00817904)) == ({x7, x8}, (0.976692, 0.0149951, 0.00013383, 0.00817904))
({x7, x9}, (0.976692, 0.0149951, 0.00013383, 0.00817904)) == ({x7, x9}, (0.976692, 0.0149951, 0.00013383, 0.00817904))
({x8, x9}, (0.991695, 6.93191e-09, 3.91791e-07, 0.00830467)) == ({x8, x9}, (0.991695, 6.93191e-09, 3.91791e-07, 0.00830467))
Exact MAP state (log score = 52.6761):
x0: 1
x1: 1
x2: 1
x3: 1
x4: 0
x5: 1
x6: 1
x7: 0
x8: 0
x9: 0
