Builtin inference algorithms: {BP, EXACT, FBP, JTREE, TRWBP}

Exact variable marginals:
({x0}, (0.208327, 0.791673))
({x1}, (0.791642, 0.208358))
({x2}, (0.208327, 0.791673))
({x3}, (0.791672, 0.208328))
({x4}, (0.208327, 0.791673))
({x5}, (0.208327, 0.791673))
({x6}, (0.208327, 0.791673))
({x7}, (0.208327, 0.791673))
({x8}, (0.791673, 0.208327))
({x9}, (0.791672, 0.208328))
Exact factor marginals:
({x0}, (0.208327, 0.791673))
({x1}, (0.791642, 0.208358))
({x2}, (0.208327, 0.791673))
({x3}, (0.791672, 0.208328))
({x4}, (0.208327, 0.791673))
({x5}, (0.208327, 0.791673))
({x6}, (0.208327, 0.791673))
({x7}, (0.208327, 0.791673))
({x8}, (0.791673, 0.208327))
({x9}, (0.791672, 0.208328))
({x0, x1}, (4.27083e-06, 0.791638, 0.208323, 3.49041e-05))
({x0, x2}, (0.208327, 1.06387e-14, 1.98183e-15, 0.791673))
({x0, x3}, (6.14642e-09, 0.791672, 0.208327, 1.85438e-07))
({x0, x4}, (0.208327, 2.25431e-12, 1.57699e-12, 0.791673))
({x0, x5}, (0.208327, 8.25639e-13, 1.32944e-12, 0.791673))
({x0, x6}, (0.208327, 1.06387e-14, 1.98183e-15, 0.791673))
({x0, x7}, (0.208327, 1.06387e-14, 1.98183e-15, 0.791673))
({x0, x8}, (1.98209e-15, 0.791673, 0.208327, 1.064e-14))
({x0, x9}, (5.40499e-08, 0.791672, 0.208327, 3.02619e-07))
({x1, x2}, (4.27083e-06, 0.208323, 0.791638, 3.49041e-05))
({x1, x3}, (0.791638, 3.47187e-05, 4.26468e-06, 0.208323))
({x1, x4}, (4.27083e-06, 0.208323, 0.791638, 3.49041e-05))
({x1, x5}, (4.27083e-06, 0.208323, 0.791638, 3.49041e-05))
({x1, x6}, (4.27083e-06, 0.208323, 0.791638, 3.49041e-05))
({x1, x7}, (4.27083e-06, 0.208323, 0.791638, 3.49041e-05))
({x1, x8}, (0.791638, 3.49041e-05, 4.27083e-06, 0.208323))
({x1, x9}, (0.791637, 3.49582e-05, 4.57345e-06, 0.208323))
({x2, x3}, (6.14642e-09, 0.791672, 0.208327, 1.85438e-07))
({x2, x4}, (0.208327, 2.24367e-12, 1.57501e-12, 0.791673))
({x2, x5}, (0.208327, 8.15001e-13, 1.32746e-12, 0.791673))
({x2, x6}, (0.208327, 8.49713e-22, 3.37192e-20, 0.791673))
({x2, x7}, (0.208327, 4.01079e-22, 3.11974e-20, 0.791673))
({x2, x8}, (2.89271e-19, 0.791673, 0.208327, 1.33218e-18))
({x2, x9}, (5.40499e-08, 0.791672, 0.208327, 3.02619e-07))
({x3, x4}, (6.14824e-09, 0.208327, 0.791672, 1.85439e-07))
({x3, x5}, (6.14724e-09, 0.208327, 0.791672, 1.85439e-07))
({x3, x6}, (6.14642e-09, 0.208327, 0.791672, 1.85438e-07))
({x3, x7}, (6.14642e-09, 0.208327, 0.791672, 1.85438e-07))
({x3, x8}, (0.791672, 1.85438e-07, 6.14642e-09, 0.208327))
({x3, x9}, (0.791672, 2.39488e-07, 3.08765e-07, 0.208327))
({x4, x5}, (0.208327, 2.82717e-13, 1.46384e-12, 0.791673))
({x4, x6}, (0.208327, 1.57501e-12, 2.24367e-12, 0.791673))
({x4, x7}, (0.208327, 1.57501e-12, 2.24367e-12, 0.791673))
({x4, x8}, (2.24367e-12, 0.791673, 0.208327, 1.57501e-12))
({x4, x9}, (5.40521e-08, 0.791672, 0.208327, 3.02621e-07))
({x5, x6}, (0.208327, 1.32746e-12, 8.15001e-13, 0.791673))
({x5, x7}, (0.208327, 1.32746e-12, 8.15001e-13, 0.791673))
({x5, x8}, (8.15001e-13, 0.791673, 0.208327, 1.32746e-12))
({x5, x9}, (5.40507e-08, 0.791672, 0.208327, 3.0262e-07))
({x6, x7}, (0.208327, 2.52377e-21, 4.50582e-22, 0.791673))
({x6, x8}, (2.58678e-19, 0.791673, 0.208327, 1.33446e-18))
({x6, x9}, (5.40499e-08, 0.791672, 0.208327, 3.02619e-07))
({x7, x8}, (2.58239e-19, 0.791673, 0.208327, 1.33194e-18))
({x7, x9}, (5.40499e-08, 0.791672, 0.208327, 3.02619e-07))
({x8, x9}, (0.791672, 5.40499e-08, 3.02619e-07, 0.208327))
Exact log partition sum: 80.2755
Exact MAP variable marginals:
({x0}, (0.208331, 0.791669))
({x1}, (0.791669, 0.208331))
({x2}, (0.208331, 0.791669))
({x3}, (0.791669, 0.208331))
({x4}, (0.208331, 0.791669))
({x5}, (0.208331, 0.791669))
({x6}, (0.208331, 0.791669))
({x7}, (0.208331, 0.791669))
({x8}, (0.791669, 0.208331))
({x9}, (0.791669, 0.208331))
Exact MAP factor marginals:
({x0}, (0.208331, 0.791669)) == ({x0}, (0.208331, 0.791669))
({x1}, (0.791669, 0.208331)) == ({x1}, (0.791669, 0.208331))
({x2}, (0.208331, 0.791669)) == ({x2}, (0.208331, 0.791669))
({x3}, (0.791669, 0.208331)) == ({x3}, (0.791669, 0.208331))
({x4}, (0.208331, 0.791669)) == ({x4}, (0.208331, 0.791669))
({x5}, (0.208331, 0.791669)) == ({x5}, (0.208331, 0.791669))
({x6}, (0.208331, 0.791669)) == ({x6}, (0.208331, 0.791669))
({x7}, (0.208331, 0.791669)) == ({x7}, (0.208331, 0.791669))
({x8}, (0.791669, 0.208331)) == ({x8}, (0.791669, 0.208331))
({x9}, (0.791669, 0.208331)) == ({x9}, (0.791669, 0.208331))
({x0, x1}, (4.26468e-06, 0.791638, 0.208323, 3.47187e-05)) == ({x0, x1}, (4.26468e-06, 0.791638, 0.208323, 3.47187e-05))
({x0, x2}, (0.208331, 1.06358e-14, 1.98102e-15, 0.791669)) == ({x0, x2}, (0.208331, 1.06358e-14, 1.98102e-15, 0.791669))
({x0, x3}, (6.14664e-09, 0.791669, 0.208331, 1.85445e-07)) == ({x0, x3}, (6.14664e-09, 0.791669, 0.208331, 1.85445e-07))
({x0, x4}, (0.208331, 1.04173e-12, 1.31365e-12, 0.791669)) == ({x0, x4}, (0.208331, 1.04173e-12, 1.31365e-12, 0.791669))
({x0, x5}, (0.208331, 7.93721e-13, 1.31365e-12, 0.791669)) == ({x0, x5}, (0.208331, 7.93721e-13, 1.31365e-12, 0.791669))
({x0, x6}, (0.208331, 1.06358e-14, 1.98102e-15, 0.791669)) == ({x0, x6}, (0.208331, 1.06358e-14, 1.98102e-15, 0.791669))
({x0, x7}, (0.208331, 1.06358e-14, 1.98102e-15, 0.791669)) == ({x0, x7}, (0.208331, 1.06358e-14, 1.98102e-15, 0.791669))
({x0, x8}, (1.98102e-15, 0.791669, 0.208331, 1.06358e-14)) == ({x0, x8}, (1.98102e-15, 0.791669, 0.208331, 1.06358e-14))
({x0, x9}, (5.4052e-08, 0.791668, 0.208331, 3.02631e-07)) == ({x0, x9}, (5.4052e-08, 0.791668, 0.208331, 3.02631e-07))
({x1, x2}, (4.26468e-06, 0.208323, 0.791638, 3.47187e-05)) == ({x1, x2}, (4.26468e-06, 0.208323, 0.791638, 3.47187e-05))
({x1, x3}, (0.791638, 3.47187e-05, 4.26468e-06, 0.208323)) == ({x1, x3}, (0.791638, 3.47187e-05, 4.26468e-06, 0.208323))
({x1, x4}, (4.26468e-06, 0.208323, 0.791638, 3.47187e-05)) == ({x1, x4}, (4.26468e-06, 0.208323, 0.791638, 3.47187e-05))
({x1, x5}, (4.26468e-06, 0.208323, 0.791638, 3.47187e-05)) == ({x1, x5}, (4.26468e-06, 0.208323, 0.791638, 3.47187e-05))
({x1, x6}, (4.26468e-06, 0.208323, 0.791638, 3.47187e-05)) == ({x1, x6}, (4.26468e-06, 0.208323, 0.791638, 3.47187e-05))
({x1, x7}, (4.26468e-06, 0.208323, 0.791638, 3.47187e-05)) == ({x1, x7}, (4.26468e-06, 0.208323, 0.791638, 3.47187e-05))
({x1, x8}, (0.791638, 3.47187e-05, 4.26468e-06, 0.208323)) == ({x1, x8}, (0.791638, 3.47187e-05, 4.26468e-06, 0.208323))
({x1, x9}, (0.791638, 3.47187e-05, 4.26468e-06, 0.208323)) == ({x1, x9}, (0.791638, 3.47187e-05, 4.26468e-06, 0.208323))
({x2, x3}, (6.14664e-09, 0.791669, 0.208331, 1.85445e-07)) == ({x2, x3}, (6.14664e-09, 0.791669, 0.208331, 1.85445e-07))
({x2, x4}, (0.208331, 1.04173e-12, 1.31365e-12, 0.791669)) == ({x2, x4}, (0.208331, 1.04173e-12, 1.31365e-12, 0.791669))
({x2, x5}, (0.208331, 7.93721e-13, 1.31365e-12, 0.791669)) == ({x2, x5}, (0.208331, 7.93721e-13, 1.31365e-12, 0.791669))
({x2, x6}, (0.208331, 3.59417e-22, 2.40827e-20, 0.791669)) == ({x2, x6}, (0.208331, 3.59417e-22, 2.40827e-20, 0.791669))
({x2, x7}, (0.208331, 2.85124e-22, 2.40827e-20, 0.791669)) == ({x2, x7}, (0.208331, 2.85124e-22, 2.40827e-20, 0.791669))
({x2, x8}, (1.93442e-19, 0.791669, 0.208331, 8.92054e-19)) == ({x2, x8}, (1.93442e-19, 0.791669, 0.208331, 8.92054e-19))
({x2, x9}, (5.4052e-08, 0.791668, 0.208331, 3.02631e-07)) == ({x2, x9}, (5.4052e-08, 0.791668, 0.208331, 3.02631e-07))
({x3, x4}, (6.14664e-09, 0.208331, 0.791669, 1.85445e-07)) == ({x3, x4}, (6.14664e-09, 0.208331, 0.791669, 1.85445e-07))
({x3, x5}, (6.14664e-09, 0.208331, 0.791669, 1.85445e-07)) == ({x3, x5}, (6.14664e-09, 0.208331, 0.791669, 1.85445e-07))
({x3, x6}, (6.14664e-09, 0.208331, 0.791669, 1.85445e-07)) == ({x3, x6}, (6.14664e-09, 0.208331, 0.791669, 1.85445e-07))
({x3, x7}, (6.14664e-09, 0.208331, 0.791669, 1.85445e-07)) == ({x3, x7}, (6.14664e-09, 0.208331, 0.791669, 1.85445e-07))
({x3, x8}, (0.791669, 1.85445e-07, 6.14664e-09, 0.208331)) == ({x3, x8}, (0.791669, 1.85445e-07, 6.14664e-09, 0.208331))
({x3, x9}, (0.791668, 1.85444e-07, 3.02631e-07, 0.208331)) == ({x3, x9}, (0.791668, 1.85444e-07, 3.02631e-07, 0.208331))
({x4, x5}, (0.208331, 2.325e-13, 1.04173e-12, 0.791669)) == ({x4, x5}, (0.208331, 2.325e-13, 1.04173e-12, 0.791669))
({x4, x6}, (0.208331, 1.31365e-12, 1.04173e-12, 0.791669)) == ({x4, x6}, (0.208331, 1.31365e-12, 1.04173e-12, 0.791669))
({x4, x7}, (0.208331, 1.31365e-12, 1.04173e-12, 0.791669)) == ({x4, x7}, (0.208331, 1.31365e-12, 1.04173e-12, 0.791669))
({x4, x8}, (1.04173e-12, 0.791669, 0.208331, 1.31365e-12)) == ({x4, x8}, (1.04173e-12, 0.791669, 0.208331, 1.31365e-12))
({x4, x9}, (5.4052e-08, 0.791668, 0.208331, 3.02631e-07)) == ({x4, x9}, (5.4052e-08, 0.791668, 0.208331, 3.02631e-07))
({x5, x6}, (0.208331, 1.31365e-12, 7.93721e-13, 0.791669)) == ({x5, x6}, (0.208331, 1.31365e-12, 7.93721e-13, 0.791669))
({x5, x7}, (0.208331, 1.31365e-12, 7.93721e-13, 0.791669)) == ({x5, x7}, (0.208331, 1.31365e-12, 7.93721e-13, 0.791669))
({x5, x8}, (7.93721e-13, 0.791669, 0.208331, 1.31365e-12)) == ({x5, x8}, (7.93721e-13, 0.791669, 0.208331, 1.31365e-12))
({x5, x9}, (5.4052e-08, 0.791668, 0.208331, 3.02631e-07)) == ({x5, x9}, (5.4052e-08, 0.791668, 0.208331, 3.02631e-07))
({x6, x7}, (0.208331, 2.27427e-21, 3.59417e-22, 0.791669)) == ({x6, x7}, (0.208331, 2.27427e-21, 3.59417e-22, 0.791669))
({x6, x8}, (1.93442e-19, 0.791669, 0.208331, 8.92054e-19)) == ({x6, x8}, (1.93442e-19, 0.791669, 0.208331, 8.92054e-19))
({x6, x9}, (5.4052e-08, 0.791668, 0.208331, 3.02631e-07)) == ({x6, x9}, (5.4052e-08, 0.791668, 0.208331, 3.02631e-07))
({x7, x8}, (1.93442e-19, 0.791669, 0.208331, 8.92054e-19)) == ({x7, x8}, (1.93442e-19, 0.791669, 0.208331, 8.92054e-19))
({x7, x9}, (5.4052e-08, 0.791668, 0.208331, 3.02631e-07)) == ({x7, x9}, (5.4052e-08, 0.791668, 0.208331, 3.02631e-07))
({x8, x9}, (0.791668, 5.4052e-08, 3.02631e-07, 0.208331)) == ({x8, x9}, (0.791668, 5.4052e-08, 3.02631e-07, 0.208331))
Exact MAP state (log score = 80.0418):
x0: 1
x1: 0
x2: 1
x3: 0
x4: 1
x5: 1
x6: 1
x7: 1
x8: 0
x9: 0
