Builtin inference algorithms: {BP, EXACT, FBP, JTREE, TRWBP}

Exact variable marginals:
({x0}, (0.028226, 0.971774))
({x1}, (0.971791, 0.0282086))
({x2}, (0.971791, 0.0282086))
({x3}, (0.971791, 0.0282089))
({x4}, (0.0282086, 0.971791))
({x5}, (0.971791, 0.0282086))
({x6}, (0.971791, 0.0282086))
({x7}, (0.971791, 0.0282086))
({x8}, (0.0282086, 0.971791))
({x9}, (0.971791, 0.0282086))
Exact factor marginals:
({x0}, (0.028226, 0.971774))
({x1}, (0.971791, 0.0282086))
({x2}, (0.971791, 0.0282086))
({x3}, (0.971791, 0.0282089))
({x4}, (0.0282086, 0.971791))
({x5}, (0.971791, 0.0282086))
({x6}, (0.971791, 0.0282086))
({x7}, (0.971791, 0.0282086))
({x8}, (0.0282086, 0.971791))
({x9}, (0.971791, 0.0282086))
({x0, x1}, (1.84391e-05, 0.971773, 0.0282076, 1.05214e-06))
({x0, x2}, (1.84391e-05, 0.971773, 0.0282076, 1.05217e-06))
({x0, x3}, (1.8433e-05, 0.971773, 0.0282076, 1.36558e-06))
({x0, x4}, (0.0282076, 1.05214e-06, 1.84391e-05, 0.971773))
({x0, x5}, (1.84391e-05, 0.971773, 0.0282076, 1.05214e-06))
({x0, x6}, (1.84391e-05, 0.971773, 0.0282076, 1.05597e-06))
({x0, x7}, (1.84394e-05, 0.971773, 0.0282076, 1.05498e-06))
({x0, x8}, (0.0282076, 1.05214e-06, 1.84391e-05, 0.971773))
({x0, x9}, (1.84391e-05, 0.971773, 0.0282076, 1.05214e-06))
({x1, x2}, (0.971791, 4.23755e-12, 2.46494e-11, 0.0282086))
({x1, x3}, (0.971791, 5.73777e-09, 3.25303e-07, 0.0282086))
({x1, x4}, (4.28851e-13, 0.0282086, 0.971791, 1.52745e-13))
({x1, x5}, (0.971791, 1.39469e-13, 4.23604e-13, 0.0282086))
({x1, x6}, (0.971791, 1.18413e-11, 3.8316e-09, 0.0282086))
({x1, x7}, (0.971791, 2.92741e-10, 2.84416e-09, 0.0282086))
({x1, x8}, (4.2367e-13, 0.0282086, 0.971791, 1.39469e-13))
({x1, x9}, (0.971791, 1.39469e-13, 4.23604e-13, 0.0282086))
({x2, x3}, (0.971791, 5.73354e-09, 3.25278e-07, 0.0282086))
({x2, x4}, (4.10333e-12, 0.0282086, 0.971791, 2.42391e-11))
({x2, x5}, (0.971791, 2.42258e-11, 4.09809e-12, 0.0282086))
({x2, x6}, (0.971791, 3.59246e-11, 3.83527e-09, 0.0282086))
({x2, x7}, (0.971791, 3.16827e-10, 2.84783e-09, 0.0282086))
({x2, x8}, (4.09815e-12, 0.0282086, 0.971791, 2.42258e-11))
({x2, x9}, (0.971791, 2.42258e-11, 4.09809e-12, 0.0282086))
({x3, x4}, (5.73763e-09, 0.0282086, 0.971791, 3.25303e-07))
({x3, x5}, (0.971791, 3.25303e-07, 5.73763e-09, 0.0282086))
({x3, x6}, (0.971791, 3.25314e-07, 9.5688e-09, 0.0282086))
({x3, x7}, (0.971791, 3.25595e-07, 8.58136e-09, 0.0282086))
({x3, x8}, (5.73763e-09, 0.0282086, 0.971791, 3.25303e-07))
({x3, x9}, (0.971791, 3.25303e-07, 5.73763e-09, 0.0282086))
({x4, x5}, (5.24728e-15, 0.971791, 0.0282086, 1.32763e-14))
({x4, x6}, (1.17072e-11, 0.971791, 0.0282086, 3.83119e-09))
({x4, x7}, (2.92588e-10, 0.971791, 0.0282086, 2.84373e-09))
({x4, x8}, (0.0282086, 1.33426e-14, 5.2477e-15, 0.971791))
({x4, x9}, (5.24728e-15, 0.971791, 0.0282086, 1.32762e-14))
({x5, x6}, (0.971791, 1.17019e-11, 3.83118e-09, 0.0282086))
({x5, x7}, (0.971791, 2.92602e-10, 2.84374e-09, 0.0282086))
({x5, x8}, (6.6317e-17, 0.0282086, 0.971791, 4.40181e-19))
({x5, x9}, (0.971791, 2.07945e-20, 8.85225e-22, 0.0282086))
({x6, x7}, (0.971791, 4.12378e-09, 2.85544e-09, 0.0282086))
({x6, x8}, (1.1702e-11, 0.0282086, 0.971791, 3.83118e-09))
({x6, x9}, (0.971791, 3.83118e-09, 1.17019e-11, 0.0282086))
({x7, x8}, (2.92602e-10, 0.0282086, 0.971791, 2.84374e-09))
({x7, x9}, (0.971791, 2.84374e-09, 2.92602e-10, 0.0282086))
({x8, x9}, (6.63198e-17, 0.971791, 0.0282086, 4.2309e-19))
Exact log partition sum: 82.3706
Exact MAP variable marginals:
({x0}, (0.0282081, 0.971792))
({x1}, (0.971792, 0.0282081))
({x2}, (0.971792, 0.0282081))
({x3}, (0.971792, 0.0282081))
({x4}, (0.0282081, 0.971792))
({x5}, (0.971792, 0.0282081))
({x6}, (0.971792, 0.0282081))
({x7}, (0.971792, 0.0282081))
({x8}, (0.0282081, 0.971792))
({x9}, (0.971792, 0.0282081))
Exact MAP factor marginals:
({x0}, (0.0282081, 0.971792)) == ({x0}, (0.0282081, 0.971792))
({x1}, (0.971792, 0.0282081)) == ({x1}, (0.971792, 0.0282081))
({x2}, (0.971792, 0.0282081)) == ({x2}, (0.971792, 0.0282081))
({x3}, (0.971792, 0.0282081)) == ({x3}, (0.971792, 0.0282081))
({x4}, (0.0282081, 0.971792)) == ({x4}, (0.0282081, 0.971792))
({x5}, (0.971792, 0.0282081)) == ({x5}, (0.971792, 0.0282081))
({x6}, (0.971792, 0.0282081)) == ({x6}, (0.971792, 0.0282081))
({x7}, (0.971792, 0.0282081)) == ({x7}, (0.971792, 0.0282081))
({x8}, (0.0282081, 0.971792)) == ({x8}, (0.0282081, 0.971792))
({x9}, (0.971792, 0.0282081)) == ({x9}, (0.971792, 0.0282081))
({x0, x1}, (1.84276e-05, 0.971773, 0.0282076, 1.05176e-06)) == ({x0, x1}, (1.84276e-05, 0.971773, 0.0282076, 1.05176e-06))
({x0, x2}, (1.84276e-05, 0.971773, 0.0282076, 1.05176e-06)) == ({x0, x2}, (1.84276e-05, 0.971773, 0.0282076, 1.05176e-06))
({x0, x3}, (1.84276e-05, 0.971773, 0.0282076, 1.05176e-06)) == ({x0, x3}, (1.84276e-05, 0.971773, 0.0282076, 1.05176e-06))
({x0, x4}, (0.0282076, 1.05176e-06, 1.84276e-05, 0.971773)) == ({x0, x4}, (0.0282076, 1.05176e-06, 1.84276e-05, 0.971773))
({x0, x5}, (1.84276e-05, 0.971773, 0.0282076, 1.05176e-06)) == ({x0, x5}, (1.84276e-05, 0.971773, 0.0282076, 1.05176e-06))
({x0, x6}, (1.84276e-05, 0.971773, 0.0282076, 1.05176e-06)) == ({x0, x6}, (1.84276e-05, 0.971773, 0.0282076, 1.05176e-06))
({x0, x7}, (1.84276e-05, 0.971773, 0.0282076, 1.05176e-06)) == ({x0, x7}, (1.84276e-05, 0.971773, 0.0282076, 1.05176e-06))
({x0, x8}, (0.0282076, 1.05176e-06, 1.84276e-05, 0.971773)) == ({x0, x8}, (0.0282076, 1.05176e-06, 1.84276e-05, 0.971773))
({x0, x9}, (1.84276e-05, 0.971773, 0.0282076, 1.05176e-06)) == ({x0, x9}, (1.84276e-05, 0.971773, 0.0282076, 1.05176e-06))
({x1, x2}, (0.971792, 4.09597e-12, 2.4216e-11, 0.0282081)) == ({x1, x2}, (0.971792, 4.09597e-12, 2.4216e-11, 0.0282081))
({x1, x3}, (0.971792, 5.3489e-09, 3.13805e-07, 0.0282081)) == ({x1, x3}, (0.971792, 5.3489e-09, 3.13805e-07, 0.0282081))
({x1, x4}, (4.23591e-13, 0.0282081, 0.971792, 1.3943e-13)) == ({x1, x4}, (4.23591e-13, 0.0282081, 0.971792, 1.3943e-13))
({x1, x5}, (0.971792, 1.3943e-13, 4.23591e-13, 0.0282081)) == ({x1, x5}, (0.971792, 1.3943e-13, 4.23591e-13, 0.0282081))
({x1, x6}, (0.971792, 1.1702e-11, 3.83125e-09, 0.0282081)) == ({x1, x6}, (0.971792, 1.1702e-11, 3.83125e-09, 0.0282081))
({x1, x7}, (0.971792, 2.92594e-10, 2.84379e-09, 0.0282081)) == ({x1, x7}, (0.971792, 2.92594e-10, 2.84379e-09, 0.0282081))
({x1, x8}, (4.23591e-13, 0.0282081, 0.971792, 1.3943e-13)) == ({x1, x8}, (4.23591e-13, 0.0282081, 0.971792, 1.3943e-13))
({x1, x9}, (0.971792, 1.3943e-13, 4.23591e-13, 0.0282081)) == ({x1, x9}, (0.971792, 1.3943e-13, 4.23591e-13, 0.0282081))
({x2, x3}, (0.971792, 5.3489e-09, 3.13805e-07, 0.0282081)) == ({x2, x3}, (0.971792, 5.3489e-09, 3.13805e-07, 0.0282081))
({x2, x4}, (4.09597e-12, 0.0282081, 0.971792, 2.4216e-11)) == ({x2, x4}, (4.09597e-12, 0.0282081, 0.971792, 2.4216e-11))
({x2, x5}, (0.971792, 2.4216e-11, 4.09597e-12, 0.0282081)) == ({x2, x5}, (0.971792, 2.4216e-11, 4.09597e-12, 0.0282081))
({x2, x6}, (0.971792, 2.4216e-11, 3.83125e-09, 0.0282081)) == ({x2, x6}, (0.971792, 2.4216e-11, 3.83125e-09, 0.0282081))
({x2, x7}, (0.971792, 2.92594e-10, 2.84379e-09, 0.0282081)) == ({x2, x7}, (0.971792, 2.92594e-10, 2.84379e-09, 0.0282081))
({x2, x8}, (4.09597e-12, 0.0282081, 0.971792, 2.4216e-11)) == ({x2, x8}, (4.09597e-12, 0.0282081, 0.971792, 2.4216e-11))
({x2, x9}, (0.971792, 2.4216e-11, 4.09597e-12, 0.0282081)) == ({x2, x9}, (0.971792, 2.4216e-11, 4.09597e-12, 0.0282081))
({x3, x4}, (5.3489e-09, 0.0282081, 0.971792, 3.13805e-07)) == ({x3, x4}, (5.3489e-09, 0.0282081, 0.971792, 3.13805e-07))
({x3, x5}, (0.971792, 3.13805e-07, 5.3489e-09, 0.0282081)) == ({x3, x5}, (0.971792, 3.13805e-07, 5.3489e-09, 0.0282081))
({x3, x6}, (0.971792, 3.13805e-07, 5.3489e-09, 0.0282081)) == ({x3, x6}, (0.971792, 3.13805e-07, 5.3489e-09, 0.0282081))
({x3, x7}, (0.971792, 3.13805e-07, 5.3489e-09, 0.0282081)) == ({x3, x7}, (0.971792, 3.13805e-07, 5.3489e-09, 0.0282081))
({x3, x8}, (5.3489e-09, 0.0282081, 0.971792, 3.13805e-07)) == ({x3, x8}, (5.3489e-09, 0.0282081, 0.971792, 3.13805e-07))
({x3, x9}, (0.971792, 3.13805e-07, 5.3489e-09, 0.0282081)) == ({x3, x9}, (0.971792, 3.13805e-07, 5.3489e-09, 0.0282081))
({x4, x5}, (5.24428e-15, 0.971792, 0.0282081, 1.32743e-14)) == ({x4, x5}, (5.24428e-15, 0.971792, 0.0282081, 1.32743e-14))
({x4, x6}, (1.1702e-11, 0.971792, 0.0282081, 3.83125e-09)) == ({x4, x6}, (1.1702e-11, 0.971792, 0.0282081, 3.83125e-09))
({x4, x7}, (2.92594e-10, 0.971792, 0.0282081, 2.84379e-09)) == ({x4, x7}, (2.92594e-10, 0.971792, 0.0282081, 2.84379e-09))
({x4, x8}, (0.0282081, 1.32743e-14, 5.24428e-15, 0.971792)) == ({x4, x8}, (0.0282081, 1.32743e-14, 5.24428e-15, 0.971792))
({x4, x9}, (5.24428e-15, 0.971792, 0.0282081, 1.32743e-14)) == ({x4, x9}, (5.24428e-15, 0.971792, 0.0282081, 1.32743e-14))
({x5, x6}, (0.971792, 1.1702e-11, 3.83125e-09, 0.0282081)) == ({x5, x6}, (0.971792, 1.1702e-11, 3.83125e-09, 0.0282081))
({x5, x7}, (0.971792, 2.92594e-10, 2.84379e-09, 0.0282081)) == ({x5, x7}, (0.971792, 2.92594e-10, 2.84379e-09, 0.0282081))
({x5, x8}, (6.63175e-17, 0.0282081, 0.971792, 4.2239e-19)) == ({x5, x8}, (6.63175e-17, 0.0282081, 0.971792, 4.2239e-19))
({x5, x9}, (0.971792, 1.77585e-20, 4.00039e-22, 0.0282081)) == ({x5, x9}, (0.971792, 1.77585e-20, 4.00039e-22, 0.0282081))
({x6, x7}, (0.971792, 3.83125e-09, 2.84379e-09, 0.0282081)) == ({x6, x7}, (0.971792, 3.83125e-09, 2.84379e-09, 0.0282081))
({x6, x8}, (1.1702e-11, 0.0282081, 0.971792, 3.83125e-09)) == ({x6, x8}, (1.1702e-11, 0.0282081, 0.971792, 3.83125e-09))
({x6, x9}, (0.971792, 3.83125e-09, 1.1702e-11, 0.0282081)) == ({x6, x9}, (0.971792, 3.83125e-09, 1.1702e-11, 0.0282081))
({x7, x8}, (2.92594e-10, 0.0282081, 0.971792, 2.84379e-09)) == ({x7, x8}, (2.92594e-10, 0.0282081, 0.971792, 2.84379e-09))
({x7, x9}, (0.971792, 2.84379e-09, 2.92594e-10, 0.0282081)) == ({x7, x9}, (0.971792, 2.84379e-09, 2.92594e-10, 0.0282081))
({x8, x9}, (6.63175e-17, 0.971792, 0.0282081, 4.2239e-19)) == ({x8, x9}, (6.63175e-17, 0.971792, 0.0282081, 4.2239e-19))
Exact MAP state (log score = 82.342):
x0: 1
x1: 0
x2: 0
x3: 0
x4: 1
x5: 0
x6: 0
x7: 0
x8: 1
x9: 0
