Builtin inference algorithms: {BP, EXACT, FBP, JTREE, TRWBP}

Exact variable marginals:
({x0}, (0.992303, 0.00769711))
({x1}, (0.992303, 0.00769711))
({x2}, (0.992303, 0.00769711))
({x3}, (0.00769714, 0.992303))
({x4}, (0.992282, 0.00771758))
({x5}, (0.992303, 0.00769711))
({x6}, (0.992303, 0.00769711))
({x7}, (0.992303, 0.00769711))
({x8}, (0.00769711, 0.992303))
({x9}, (0.00769929, 0.992301))
Exact factor marginals:
({x0}, (0.992303, 0.00769711))
({x1}, (0.992303, 0.00769711))
({x2}, (0.992303, 0.00769711))
({x3}, (0.00769714, 0.992303))
({x4}, (0.992282, 0.00771758))
({x5}, (0.992303, 0.00769711))
({x6}, (0.992303, 0.00769711))
({x7}, (0.992303, 0.00769711))
({x8}, (0.00769711, 0.992303))
({x9}, (0.00769929, 0.992301))
({x0, x1}, (0.992303, 5.68608e-14, 8.10446e-17, 0.00769711))
({x0, x2}, (0.992303, 6.21435e-14, 7.63449e-15, 0.00769711))
({x0, x3}, (3.29445e-08, 0.00769711, 0.992303, 1.38839e-11))
({x0, x4}, (0.992281, 1.45569e-06, 2.19239e-05, 0.00769566))
({x0, x5}, (0.992303, 5.70178e-14, 3.4849e-17, 0.00769711))
({x0, x6}, (0.992303, 5.70318e-14, 8.34288e-17, 0.00769711))
({x0, x7}, (0.992303, 5.70392e-14, 8.57607e-17, 0.00769711))
({x0, x8}, (8.70756e-12, 0.00769711, 0.992303, 7.49055e-13))
({x0, x9}, (3.05617e-06, 0.00769624, 0.9923, 8.73543e-07))
({x1, x2}, (0.992303, 5.63674e-15, 7.90757e-15, 0.00769711))
({x1, x3}, (3.29445e-08, 0.00769711, 0.992303, 1.38274e-11))
({x1, x4}, (0.992281, 1.45569e-06, 2.19239e-05, 0.00769566))
({x1, x5}, (0.992303, 5.08053e-16, 3.04951e-16, 0.00769711))
({x1, x6}, (0.992303, 1.71375e-16, 2.81226e-18, 0.00769711))
({x1, x7}, (0.992303, 1.78755e-16, 5.14421e-18, 0.00769711))
({x1, x8}, (8.70748e-12, 0.00769711, 0.992303, 6.92194e-13))
({x1, x9}, (3.05617e-06, 0.00769624, 0.9923, 8.73543e-07))
({x2, x3}, (3.29445e-08, 0.00769711, 0.992303, 1.38224e-11))
({x2, x4}, (0.992281, 1.45569e-06, 2.19239e-05, 0.00769566))
({x2, x5}, (0.992303, 7.6048e-15, 5.13086e-15, 0.00769711))
({x2, x6}, (0.992303, 7.9076e-15, 5.4682e-15, 0.00769711))
({x2, x7}, (0.992303, 7.90791e-15, 5.46347e-15, 0.00769711))
({x2, x8}, (8.71249e-12, 0.00769711, 0.992303, 6.9947e-13))
({x2, x9}, (3.05617e-06, 0.00769624, 0.9923, 8.73543e-07))
({x3, x4}, (1.48863e-06, 0.992281, 0.00769566, 2.1924e-05))
({x3, x5}, (3.29445e-08, 0.992303, 0.00769711, 1.38273e-11))
({x3, x6}, (3.29445e-08, 0.992303, 0.00769711, 1.38274e-11))
({x3, x7}, (3.29445e-08, 0.992303, 0.00769711, 1.38274e-11))
({x3, x8}, (0.00769711, 2.25348e-11, 3.29452e-08, 0.992303))
({x3, x9}, (0.00769624, 3.05618e-06, 9.06487e-07, 0.9923))
({x4, x5}, (0.992281, 2.19239e-05, 1.45569e-06, 0.00769566))
({x4, x6}, (0.992281, 2.19239e-05, 1.45569e-06, 0.00769566))
({x4, x7}, (0.992281, 2.19239e-05, 1.45569e-06, 0.00769566))
({x4, x8}, (1.4557e-06, 0.00769566, 0.992281, 2.19239e-05))
({x4, x9}, (5.82194e-07, 0.00769871, 0.992282, 1.88678e-05))
({x5, x6}, (0.992303, 4.68866e-16, 5.03405e-16, 0.00769711))
({x5, x7}, (0.992303, 4.76202e-16, 5.05694e-16, 0.00769711))
({x5, x8}, (8.70753e-12, 0.00769711, 0.992303, 6.92037e-13))
({x5, x9}, (3.05617e-06, 0.00769624, 0.9923, 8.73543e-07))
({x6, x7}, (0.992303, 1.02153e-17, 5.16816e-18, 0.00769711))
({x6, x8}, (8.70748e-12, 0.00769711, 0.992303, 6.92026e-13))
({x6, x9}, (3.05617e-06, 0.00769624, 0.9923, 8.73543e-07))
({x7, x8}, (8.70748e-12, 0.00769711, 0.992303, 6.92021e-13))
({x7, x9}, (3.05617e-06, 0.00769624, 0.9923, 8.73543e-07))
({x8, x9}, (0.00769624, 3.05617e-06, 8.73551e-07, 0.9923))
Exact log partition sum: 94.8865
Exact MAP variable marginals:
({x0}, (0.992304, 0.00769584))
({x1}, (0.992304, 0.00769584))
({x2}, (0.992304, 0.00769584))
({x3}, (0.00769584, 0.992304))
({x4}, (0.992304, 0.00769584))
({x5}, (0.992304, 0.00769584))
({x6}, (0.992304, 0.00769584))
({x7}, (0.992304, 0.00769584))
({x8}, (0.00769584, 0.992304))
({x9}, (0.00769584, 0.992304))
Exact MAP factor marginals:
({x0}, (0.992304, 0.00769584)) == ({x0}, (0.992304, 0.00769584))
({x1}, (0.992304, 0.00769584)) == ({x1}, (0.992304, 0.00769584))
({x2}, (0.992304, 0.00769584)) == ({x2}, (0.992304, 0.00769584))
({x3}, (0.00769584, 0.992304)) == ({x3}, (0.00769584, 0.992304))
({x4}, (0.992304, 0.00769584)) == ({x4}, (0.992304, 0.00769584))
({x5}, (0.992304, 0.00769584)) == ({x5}, (0.992304, 0.00769584))
({x6}, (0.992304, 0.00769584)) == ({x6}, (0.992304, 0.00769584))
({x7}, (0.992304, 0.00769584)) == ({x7}, (0.992304, 0.00769584))
({x8}, (0.00769584, 0.992304)) == ({x8}, (0.00769584, 0.992304))
({x9}, (0.00769584, 0.992304)) == ({x9}, (0.00769584, 0.992304))
({x0, x1}, (0.992304, 5.65086e-14, 4.65893e-17, 0.00769584)) == ({x0, x1}, (0.992304, 5.65086e-14, 4.65893e-17, 0.00769584))
({x0, x2}, (0.992304, 5.65086e-14, 7.59235e-15, 0.00769584)) == ({x0, x2}, (0.992304, 5.65086e-14, 7.59235e-15, 0.00769584))
({x0, x3}, (3.29453e-08, 0.00769584, 0.992304, 1.38225e-11)) == ({x0, x3}, (3.29453e-08, 0.00769584, 0.992304, 1.38225e-11))
({x0, x4}, (0.992285, 8.73542e-07, 1.88679e-05, 0.00769568)) == ({x0, x4}, (0.992285, 8.73542e-07, 1.88679e-05, 0.00769568))
({x0, x5}, (0.992304, 5.65086e-14, 3.38157e-17, 0.00769584)) == ({x0, x5}, (0.992304, 5.65086e-14, 3.38157e-17, 0.00769584))
({x0, x6}, (0.992304, 5.65086e-14, 4.65893e-17, 0.00769584)) == ({x0, x6}, (0.992304, 5.65086e-14, 4.65893e-17, 0.00769584))
({x0, x7}, (0.992304, 5.65086e-14, 4.65893e-17, 0.00769584)) == ({x0, x7}, (0.992304, 5.65086e-14, 4.65893e-17, 0.00769584))
({x0, x8}, (8.47078e-12, 0.00769584, 0.992304, 6.22334e-13)) == ({x0, x8}, (8.47078e-12, 0.00769584, 0.992304, 6.22334e-13))
({x0, x9}, (3.05618e-06, 0.00769581, 0.9923, 8.73556e-07)) == ({x0, x9}, (3.05618e-06, 0.00769581, 0.9923, 8.73556e-07))
({x1, x2}, (0.992304, 4.88109e-15, 7.59235e-15, 0.00769584)) == ({x1, x2}, (0.992304, 4.88109e-15, 7.59235e-15, 0.00769584))
({x1, x3}, (3.29453e-08, 0.00769584, 0.992304, 1.38225e-11)) == ({x1, x3}, (3.29453e-08, 0.00769584, 0.992304, 1.38225e-11))
({x1, x4}, (0.992285, 8.73542e-07, 1.88679e-05, 0.00769568)) == ({x1, x4}, (0.992285, 8.73542e-07, 1.88679e-05, 0.00769568))
({x1, x5}, (0.992304, 4.51929e-16, 3.04135e-16, 0.00769584)) == ({x1, x5}, (0.992304, 4.51929e-16, 3.04135e-16, 0.00769584))
({x1, x6}, (0.992304, 1.63506e-16, 2.74054e-18, 0.00769584)) == ({x1, x6}, (0.992304, 1.63506e-16, 2.74054e-18, 0.00769584))
({x1, x7}, (0.992304, 1.63506e-16, 5.07026e-18, 0.00769584)) == ({x1, x7}, (0.992304, 1.63506e-16, 5.07026e-18, 0.00769584))
({x1, x8}, (8.47078e-12, 0.00769584, 0.992304, 6.22334e-13)) == ({x1, x8}, (8.47078e-12, 0.00769584, 0.992304, 6.22334e-13))
({x1, x9}, (3.05618e-06, 0.00769581, 0.9923, 8.73556e-07)) == ({x1, x9}, (3.05618e-06, 0.00769581, 0.9923, 8.73556e-07))
({x2, x3}, (3.29453e-08, 0.00769584, 0.992304, 1.38225e-11)) == ({x2, x3}, (3.29453e-08, 0.00769584, 0.992304, 1.38225e-11))
({x2, x4}, (0.992285, 8.73542e-07, 1.88679e-05, 0.00769568)) == ({x2, x4}, (0.992285, 8.73542e-07, 1.88679e-05, 0.00769568))
({x2, x5}, (0.992304, 7.59235e-15, 4.88109e-15, 0.00769584)) == ({x2, x5}, (0.992304, 7.59235e-15, 4.88109e-15, 0.00769584))
({x2, x6}, (0.992304, 7.59235e-15, 4.88109e-15, 0.00769584)) == ({x2, x6}, (0.992304, 7.59235e-15, 4.88109e-15, 0.00769584))
({x2, x7}, (0.992304, 7.59235e-15, 4.88109e-15, 0.00769584)) == ({x2, x7}, (0.992304, 7.59235e-15, 4.88109e-15, 0.00769584))
({x2, x8}, (8.47078e-12, 0.00769584, 0.992304, 6.22334e-13)) == ({x2, x8}, (8.47078e-12, 0.00769584, 0.992304, 6.22334e-13))
({x2, x9}, (3.05618e-06, 0.00769581, 0.9923, 8.73556e-07)) == ({x2, x9}, (3.05618e-06, 0.00769581, 0.9923, 8.73556e-07))
({x3, x4}, (8.73542e-07, 0.992285, 0.00769568, 1.88679e-05)) == ({x3, x4}, (8.73542e-07, 0.992285, 0.00769568, 1.88679e-05))
({x3, x5}, (3.29453e-08, 0.992304, 0.00769584, 1.38225e-11)) == ({x3, x5}, (3.29453e-08, 0.992304, 0.00769584, 1.38225e-11))
({x3, x6}, (3.29453e-08, 0.992304, 0.00769584, 1.38225e-11)) == ({x3, x6}, (3.29453e-08, 0.992304, 0.00769584, 1.38225e-11))
({x3, x7}, (3.29453e-08, 0.992304, 0.00769584, 1.38225e-11)) == ({x3, x7}, (3.29453e-08, 0.992304, 0.00769584, 1.38225e-11))
({x3, x8}, (0.00769584, 1.38225e-11, 3.29453e-08, 0.992304)) == ({x3, x8}, (0.00769584, 1.38225e-11, 3.29453e-08, 0.992304))
({x3, x9}, (0.00769581, 3.05618e-06, 8.73556e-07, 0.9923)) == ({x3, x9}, (0.00769581, 3.05618e-06, 8.73556e-07, 0.9923))
({x4, x5}, (0.992285, 1.88679e-05, 8.73542e-07, 0.00769568)) == ({x4, x5}, (0.992285, 1.88679e-05, 8.73542e-07, 0.00769568))
({x4, x6}, (0.992285, 1.88679e-05, 8.73542e-07, 0.00769568)) == ({x4, x6}, (0.992285, 1.88679e-05, 8.73542e-07, 0.00769568))
({x4, x7}, (0.992285, 1.88679e-05, 8.73542e-07, 0.00769568)) == ({x4, x7}, (0.992285, 1.88679e-05, 8.73542e-07, 0.00769568))
({x4, x8}, (8.73542e-07, 0.00769568, 0.992285, 1.88679e-05)) == ({x4, x8}, (8.73542e-07, 0.00769568, 0.992285, 1.88679e-05))
({x4, x9}, (5.82151e-07, 0.00769569, 0.992285, 1.88679e-05)) == ({x4, x9}, (5.82151e-07, 0.00769569, 0.992285, 1.88679e-05))
({x5, x6}, (0.992304, 3.04135e-16, 4.51929e-16, 0.00769584)) == ({x5, x6}, (0.992304, 3.04135e-16, 4.51929e-16, 0.00769584))
({x5, x7}, (0.992304, 3.04135e-16, 4.51929e-16, 0.00769584)) == ({x5, x7}, (0.992304, 3.04135e-16, 4.51929e-16, 0.00769584))
({x5, x8}, (8.47078e-12, 0.00769584, 0.992304, 6.22334e-13)) == ({x5, x8}, (8.47078e-12, 0.00769584, 0.992304, 6.22334e-13))
({x5, x9}, (3.05618e-06, 0.00769581, 0.9923, 8.73556e-07)) == ({x5, x9}, (3.05618e-06, 0.00769581, 0.9923, 8.73556e-07))
({x6, x7}, (0.992304, 7.01454e-18, 5.07026e-18, 0.00769584)) == ({x6, x7}, (0.992304, 7.01454e-18, 5.07026e-18, 0.00769584))
({x6, x8}, (8.47078e-12, 0.00769584, 0.992304, 6.22334e-13)) == ({x6, x8}, (8.47078e-12, 0.00769584, 0.992304, 6.22334e-13))
({x6, x9}, (3.05618e-06, 0.00769581, 0.9923, 8.73556e-07)) == ({x6, x9}, (3.05618e-06, 0.00769581, 0.9923, 8.73556e-07))
({x7, x8}, (8.47078e-12, 0.00769584, 0.992304, 6.22334e-13)) == ({x7, x8}, (8.47078e-12, 0.00769584, 0.992304, 6.22334e-13))
({x7, x9}, (3.05618e-06, 0.00769581, 0.9923, 8.73556e-07)) == ({x7, x9}, (3.05618e-06, 0.00769581, 0.9923, 8.73556e-07))
({x8, x9}, (0.00769581, 3.05618e-06, 8.73556e-07, 0.9923)) == ({x8, x9}, (0.00769581, 3.05618e-06, 8.73556e-07, 0.9923))
Exact MAP state (log score = 94.8788):
x0: 0
x1: 0
x2: 0
x3: 1
x4: 0
x5: 0
x6: 0
x7: 0
x8: 1
x9: 1
