Builtin inference algorithms: {BP, EXACT, FBP, JTREE, TRWBP}

Exact variable marginals:
({x0}, (0.0317021, 0.968298))
({x1}, (0.968298, 0.0317021))
({x2}, (0.968298, 0.0317021))
({x3}, (0.968298, 0.0317021))
({x4}, (0.968298, 0.0317021))
({x5}, (0.0317022, 0.968298))
({x6}, (0.968298, 0.0317021))
({x7}, (0.0317021, 0.968298))
({x8}, (0.968298, 0.0317021))
({x9}, (0.0317021, 0.968298))
Exact factor marginals:
({x0}, (0.0317021, 0.968298))
({x1}, (0.968298, 0.0317021))
({x2}, (0.968298, 0.0317021))
({x3}, (0.968298, 0.0317021))
({x4}, (0.968298, 0.0317021))
({x5}, (0.0317022, 0.968298))
({x6}, (0.968298, 0.0317021))
({x7}, (0.0317021, 0.968298))
({x8}, (0.968298, 0.0317021))
({x9}, (0.0317021, 0.968298))
({x0, x1}, (1.76052e-10, 0.968298, 0.0317021, 1.46506e-10))
({x0, x2}, (1.68006e-08, 0.968298, 0.0317021, 5.46944e-09))
({x0, x3}, (1.77025e-10, 0.968298, 0.0317021, 2.6993e-10))
({x0, x4}, (1.67906e-08, 0.968298, 0.0317021, 5.47214e-09))
({x0, x5}, (0.0317021, 3.65627e-08, 4.76718e-10, 0.968298))
({x0, x6}, (2.5158e-10, 0.968298, 0.0317021, 2.77859e-10))
({x0, x7}, (0.0317021, 5.48656e-09, 1.67955e-08, 0.968298))
({x0, x8}, (5.54763e-09, 0.968298, 0.0317021, 6.24157e-10))
({x0, x9}, (0.0317021, 2.71203e-10, 1.68498e-10, 0.968298))
({x1, x2}, (0.968298, 1.67986e-08, 5.49699e-09, 0.0317021))
({x1, x3}, (0.968298, 9.79096e-13, 1.2343e-10, 0.0317021))
({x1, x4}, (0.968298, 1.68008e-08, 5.51188e-09, 0.0317021))
({x1, x5}, (3.64162e-08, 0.0317021, 0.968298, 3.00667e-10))
({x1, x6}, (0.968298, 7.67529e-11, 1.32578e-10, 0.0317021))
({x1, x7}, (5.52412e-09, 0.0317021, 0.968298, 1.68035e-08))
({x1, x8}, (0.968298, 5.37257e-09, 4.78641e-10, 0.0317021))
({x1, x9}, (1.33604e-10, 0.0317021, 0.968298, 1.35335e-12))
({x2, x3}, (0.968298, 5.49796e-09, 1.6922e-08, 0.0317021))
({x2, x4}, (0.968298, 2.22823e-12, 1.49036e-11, 0.0317021))
({x2, x5}, (5.32148e-08, 0.0317021, 0.968298, 5.79765e-09))
({x2, x6}, (0.968298, 5.45817e-09, 1.68156e-08, 0.0317021))
({x2, x7}, (2.72297e-11, 0.0317021, 0.968298, 5.07267e-12))
({x2, x8}, (0.968298, 5.01838e-09, 1.1426e-08, 0.0317021))
({x2, x9}, (1.69322e-08, 0.0317021, 0.968298, 5.49834e-09))
({x3, x4}, (0.968298, 1.69242e-08, 5.51286e-09, 0.0317021))
({x3, x5}, (3.62928e-08, 0.0317021, 0.968298, 2.99695e-10))
({x3, x6}, (0.968298, 2.00183e-10, 1.33557e-10, 0.0317021))
({x3, x7}, (5.5251e-09, 0.0317021, 0.968298, 1.6927e-08))
({x3, x8}, (0.968298, 5.496e-09, 4.79618e-10, 0.0317021))
({x3, x9}, (1.01762e-11, 0.0317021, 0.968298, 3.76316e-13))
({x4, x5}, (5.3217e-08, 0.0317021, 0.968298, 5.81255e-09))
({x4, x6}, (0.968298, 5.47284e-09, 1.68176e-08, 0.0317021))
({x4, x7}, (1.62133e-11, 0.0317021, 0.968298, 6.73158e-12))
({x4, x8}, (0.968298, 5.03327e-09, 1.14282e-08, 0.0317021))
({x4, x9}, (1.69344e-08, 0.0317021, 0.968298, 5.51323e-09))
({x5, x6}, (3.64926e-08, 0.968298, 0.0317021, 4.32924e-10))
({x5, x7}, (0.0317021, 5.82476e-09, 5.32197e-08, 0.968298))
({x5, x8}, (4.17887e-08, 0.968298, 0.0317021, 7.79276e-10))
({x5, x9}, (0.0317021, 3.08818e-10, 3.62921e-08, 0.968298))
({x6, x7}, (5.4841e-09, 0.0317021, 0.968298, 1.68193e-08))
({x6, x8}, (0.968298, 5.38955e-09, 4.39791e-10, 0.0317021))
({x6, x9}, (2.1035e-10, 0.0317021, 0.968298, 1.33924e-10))
({x7, x8}, (5.0456e-09, 0.968298, 0.0317021, 1.14311e-08))
({x7, x9}, (0.0317021, 1.69371e-08, 5.52547e-09, 0.968298))
({x8, x9}, (5.50617e-09, 0.0317021, 0.968298, 4.79994e-10))
Exact log partition sum: 87.5822
Exact MAP variable marginals:
({x0}, (0.0317021, 0.968298))
({x1}, (0.968298, 0.0317021))
({x2}, (0.968298, 0.0317021))
({x3}, (0.968298, 0.0317021))
({x4}, (0.968298, 0.0317021))
({x5}, (0.0317021, 0.968298))
({x6}, (0.968298, 0.0317021))
({x7}, (0.0317021, 0.968298))
({x8}, (0.968298, 0.0317021))
({x9}, (0.0317021, 0.968298))
Exact MAP factor marginals:
({x0}, (0.0317021, 0.968298)) == ({x0}, (0.0317021, 0.968298))
({x1}, (0.968298, 0.0317021)) == ({x1}, (0.968298, 0.0317021))
({x2}, (0.968298, 0.0317021)) == ({x2}, (0.968298, 0.0317021))
({x3}, (0.968298, 0.0317021)) == ({x3}, (0.968298, 0.0317021))
({x4}, (0.968298, 0.0317021)) == ({x4}, (0.968298, 0.0317021))
({x5}, (0.0317021, 0.968298)) == ({x5}, (0.0317021, 0.968298))
({x6}, (0.968298, 0.0317021)) == ({x6}, (0.968298, 0.0317021))
({x7}, (0.0317021, 0.968298)) == ({x7}, (0.0317021, 0.968298))
({x8}, (0.968298, 0.0317021)) == ({x8}, (0.968298, 0.0317021))
({x9}, (0.0317021, 0.968298)) == ({x9}, (0.0317021, 0.968298))
({x0, x1}, (1.20777e-10, 0.968298, 0.0317021, 1.36954e-10)) == ({x0, x1}, (1.20777e-10, 0.968298, 0.0317021, 1.36954e-10))
({x0, x2}, (1.1289e-08, 0.968298, 0.0317021, 4.98226e-09)) == ({x0, x2}, (1.1289e-08, 0.968298, 0.0317021, 4.98226e-09))
({x0, x3}, (1.20777e-10, 0.968298, 0.0317021, 1.36954e-10)) == ({x0, x3}, (1.20777e-10, 0.968298, 0.0317021, 1.36954e-10))
({x0, x4}, (1.1289e-08, 0.968298, 0.0317021, 4.98226e-09)) == ({x0, x4}, (1.1289e-08, 0.968298, 0.0317021, 4.98226e-09))
({x0, x5}, (0.0317021, 3.62914e-08, 2.99684e-10, 0.968298)) == ({x0, x5}, (0.0317021, 3.62914e-08, 2.99684e-10, 0.968298))
({x0, x6}, (1.20777e-10, 0.968298, 0.0317021, 1.36954e-10)) == ({x0, x6}, (1.20777e-10, 0.968298, 0.0317021, 1.36954e-10))
({x0, x7}, (0.0317021, 4.98226e-09, 1.1289e-08, 0.968298)) == ({x0, x7}, (0.0317021, 4.98226e-09, 1.1289e-08, 0.968298))
({x0, x8}, (5.29628e-09, 0.968298, 0.0317021, 4.39244e-10)) == ({x0, x8}, (5.29628e-09, 0.968298, 0.0317021, 4.39244e-10))
({x0, x9}, (0.0317021, 1.36954e-10, 1.20777e-10, 0.968298)) == ({x0, x9}, (0.0317021, 1.36954e-10, 1.20777e-10, 0.968298))
({x1, x2}, (0.968298, 1.1289e-08, 4.98226e-09, 0.0317021)) == ({x1, x2}, (0.968298, 1.1289e-08, 4.98226e-09, 0.0317021))
({x1, x3}, (0.968298, 9.75218e-13, 1.23426e-10, 0.0317021)) == ({x1, x3}, (0.968298, 9.75218e-13, 1.23426e-10, 0.0317021))
({x1, x4}, (0.968298, 1.1289e-08, 4.98226e-09, 0.0317021)) == ({x1, x4}, (0.968298, 1.1289e-08, 4.98226e-09, 0.0317021))
({x1, x5}, (3.62914e-08, 0.0317021, 0.968298, 2.99684e-10)) == ({x1, x5}, (3.62914e-08, 0.0317021, 0.968298, 2.99684e-10))
({x1, x6}, (0.968298, 7.54792e-11, 9.17645e-11, 0.0317021)) == ({x1, x6}, (0.968298, 7.54792e-11, 9.17645e-11, 0.0317021))
({x1, x7}, (4.98226e-09, 0.0317021, 0.968298, 1.1289e-08)) == ({x1, x7}, (4.98226e-09, 0.0317021, 0.968298, 1.1289e-08))
({x1, x8}, (0.968298, 5.29628e-09, 4.39244e-10, 0.0317021)) == ({x1, x8}, (0.968298, 5.29628e-09, 4.39244e-10, 0.0317021))
({x1, x9}, (1.23426e-10, 0.0317021, 0.968298, 9.75218e-13)) == ({x1, x9}, (1.23426e-10, 0.0317021, 0.968298, 9.75218e-13))
({x2, x3}, (0.968298, 4.98226e-09, 1.1289e-08, 0.0317021)) == ({x2, x3}, (0.968298, 4.98226e-09, 1.1289e-08, 0.0317021))
({x2, x4}, (0.968298, 1.73581e-12, 8.05658e-12, 0.0317021)) == ({x2, x4}, (0.968298, 1.73581e-12, 8.05658e-12, 0.0317021))
({x2, x5}, (3.62914e-08, 0.0317021, 0.968298, 4.98226e-09)) == ({x2, x5}, (3.62914e-08, 0.0317021, 0.968298, 4.98226e-09))
({x2, x6}, (0.968298, 4.98226e-09, 1.1289e-08, 0.0317021)) == ({x2, x6}, (0.968298, 4.98226e-09, 1.1289e-08, 0.0317021))
({x2, x7}, (1.50838e-11, 0.0317021, 0.968298, 2.9009e-12)) == ({x2, x7}, (1.50838e-11, 0.0317021, 0.968298, 2.9009e-12))
({x2, x8}, (0.968298, 4.98226e-09, 1.1289e-08, 0.0317021)) == ({x2, x8}, (0.968298, 4.98226e-09, 1.1289e-08, 0.0317021))
({x2, x9}, (1.1289e-08, 0.0317021, 0.968298, 4.98226e-09)) == ({x2, x9}, (1.1289e-08, 0.0317021, 0.968298, 4.98226e-09))
({x3, x4}, (0.968298, 1.1289e-08, 4.98226e-09, 0.0317021)) == ({x3, x4}, (0.968298, 1.1289e-08, 4.98226e-09, 0.0317021))
({x3, x5}, (3.62914e-08, 0.0317021, 0.968298, 2.99684e-10)) == ({x3, x5}, (3.62914e-08, 0.0317021, 0.968298, 2.99684e-10))
({x3, x6}, (0.968298, 1.23426e-10, 9.17645e-11, 0.0317021)) == ({x3, x6}, (0.968298, 1.23426e-10, 9.17645e-11, 0.0317021))
({x3, x7}, (4.98226e-09, 0.0317021, 0.968298, 1.1289e-08)) == ({x3, x7}, (4.98226e-09, 0.0317021, 0.968298, 1.1289e-08))
({x3, x8}, (0.968298, 5.29628e-09, 4.39244e-10, 0.0317021)) == ({x3, x8}, (0.968298, 5.29628e-09, 4.39244e-10, 0.0317021))
({x3, x9}, (8.53954e-12, 0.0317021, 0.968298, 3.54896e-13)) == ({x3, x9}, (8.53954e-12, 0.0317021, 0.968298, 3.54896e-13))
({x4, x5}, (3.62914e-08, 0.0317021, 0.968298, 4.98226e-09)) == ({x4, x5}, (3.62914e-08, 0.0317021, 0.968298, 4.98226e-09))
({x4, x6}, (0.968298, 4.98226e-09, 1.1289e-08, 0.0317021)) == ({x4, x6}, (0.968298, 4.98226e-09, 1.1289e-08, 0.0317021))
({x4, x7}, (1.50838e-11, 0.0317021, 0.968298, 2.9009e-12)) == ({x4, x7}, (1.50838e-11, 0.0317021, 0.968298, 2.9009e-12))
({x4, x8}, (0.968298, 4.98226e-09, 1.1289e-08, 0.0317021)) == ({x4, x8}, (0.968298, 4.98226e-09, 1.1289e-08, 0.0317021))
({x4, x9}, (1.1289e-08, 0.0317021, 0.968298, 4.98226e-09)) == ({x4, x9}, (1.1289e-08, 0.0317021, 0.968298, 4.98226e-09))
({x5, x6}, (3.62914e-08, 0.968298, 0.0317021, 2.99684e-10)) == ({x5, x6}, (3.62914e-08, 0.968298, 0.0317021, 2.99684e-10))
({x5, x7}, (0.0317021, 4.98226e-09, 3.62914e-08, 0.968298)) == ({x5, x7}, (0.0317021, 4.98226e-09, 3.62914e-08, 0.968298))
({x5, x8}, (3.62914e-08, 0.968298, 0.0317021, 4.39244e-10)) == ({x5, x8}, (3.62914e-08, 0.968298, 0.0317021, 4.39244e-10))
({x5, x9}, (0.0317021, 2.99684e-10, 3.62914e-08, 0.968298)) == ({x5, x9}, (0.0317021, 2.99684e-10, 3.62914e-08, 0.968298))
({x6, x7}, (4.98226e-09, 0.0317021, 0.968298, 1.1289e-08)) == ({x6, x7}, (4.98226e-09, 0.0317021, 0.968298, 1.1289e-08))
({x6, x8}, (0.968298, 5.29628e-09, 4.39244e-10, 0.0317021)) == ({x6, x8}, (0.968298, 5.29628e-09, 4.39244e-10, 0.0317021))
({x6, x9}, (1.23426e-10, 0.0317021, 0.968298, 9.17645e-11)) == ({x6, x9}, (1.23426e-10, 0.0317021, 0.968298, 9.17645e-11))
({x7, x8}, (4.98226e-09, 0.968298, 0.0317021, 1.1289e-08)) == ({x7, x8}, (4.98226e-09, 0.968298, 0.0317021, 1.1289e-08))
({x7, x9}, (0.0317021, 1.1289e-08, 4.98226e-09, 0.968298)) == ({x7, x9}, (0.0317021, 1.1289e-08, 4.98226e-09, 0.968298))
({x8, x9}, (5.29628e-09, 0.0317021, 0.968298, 4.39244e-10)) == ({x8, x9}, (5.29628e-09, 0.0317021, 0.968298, 4.39244e-10))
Exact MAP state (log score = 87.55):
x0: 1
x1: 0
x2: 0
x3: 0
x4: 0
x5: 1
x6: 0
x7: 1
x8: 0
x9: 1
