Builtin inference algorithms: {BP, EXACT, FBP, JTREE, TRWBP}

Exact variable marginals:
({x0}, (0.334253, 0.665747))
({x1}, (0.533494, 0.466506))
({x2}, (0.334684, 0.665316))
({x3}, (0.334256, 0.665744))
({x4}, (0.334256, 0.665744))
({x5}, (0.334253, 0.665747))
({x6}, (0.665744, 0.334256))
({x7}, (0.334257, 0.665743))
({x8}, (0.665744, 0.334256))
({x9}, (0.334319, 0.665681))
Exact factor marginals:
({x0}, (0.334253, 0.665747))
({x1}, (0.533494, 0.466506))
({x2}, (0.334684, 0.665316))
({x3}, (0.334256, 0.665744))
({x4}, (0.334256, 0.665744))
({x5}, (0.334253, 0.665747))
({x6}, (0.665744, 0.334256))
({x7}, (0.334257, 0.665743))
({x8}, (0.665744, 0.334256))
({x9}, (0.334319, 0.665681))
({x0, x1}, (0.106099, 0.427394, 0.228154, 0.238353))
({x0, x2}, (0.333966, 0.000717136, 0.000286627, 0.66503))
({x0, x3}, (0.333984, 0.000272341, 0.000269093, 0.665475))
({x0, x4}, (0.333984, 0.000272341, 0.000269092, 0.665475))
({x0, x5}, (0.334253, 2.66242e-07, 6.11129e-08, 0.665747))
({x0, x6}, (0.000269092, 0.665475, 0.333984, 0.00027234))
({x0, x7}, (0.333985, 0.000271176, 0.000267616, 0.665476))
({x0, x8}, (0.000269092, 0.665475, 0.333984, 0.000272341))
({x0, x9}, (0.334252, 6.68472e-05, 6.08765e-07, 0.66568))
({x1, x2}, (0.105813, 0.228871, 0.427681, 0.237636))
({x1, x3}, (0.105833, 0.228424, 0.427661, 0.238083))
({x1, x4}, (0.105833, 0.228424, 0.427661, 0.238083))
({x1, x5}, (0.106099, 0.228154, 0.427394, 0.238352))
({x1, x6}, (0.427661, 0.238083, 0.105833, 0.228424))
({x1, x7}, (0.105832, 0.228425, 0.427662, 0.238081))
({x1, x8}, (0.427661, 0.238083, 0.105833, 0.228424))
({x1, x9}, (0.106099, 0.22822, 0.427395, 0.238286))
({x2, x3}, (0.334236, 1.9923e-05, 0.000447184, 0.665297))
({x2, x4}, (0.334236, 1.99225e-05, 0.000447183, 0.665297))
({x2, x5}, (0.333967, 0.000286566, 0.00071687, 0.66503))
({x2, x6}, (0.000447183, 0.665297, 0.334236, 1.99226e-05))
({x2, x7}, (0.334238, 1.90115e-05, 0.00044596, 0.665297))
({x2, x8}, (0.000447183, 0.665297, 0.334236, 1.99226e-05))
({x2, x9}, (0.333966, 0.000353147, 0.000717417, 0.664963))
({x3, x4}, (0.334256, 1.24163e-09, 4.13944e-10, 0.665744))
({x3, x5}, (0.333984, 0.000269032, 0.000272075, 0.665475))
({x3, x6}, (4.24374e-10, 0.665744, 0.334256, 9.73397e-10))
({x3, x7}, (0.334255, 1.47734e-06, 1.16454e-06, 0.665742))
({x3, x8}, (4.02388e-10, 0.665744, 0.334256, 1.19368e-09))
({x3, x9}, (0.333984, 0.000335613, 0.000272622, 0.665408))
({x4, x5}, (0.333984, 0.000269031, 0.000272075, 0.665475))
({x4, x6}, (2.91355e-10, 0.665744, 0.334256, 1.26953e-11))
({x4, x7}, (0.334255, 1.47637e-06, 1.1644e-06, 0.665742))
({x4, x8}, (2.21759e-10, 0.665744, 0.334256, 1.85366e-10))
({x4, x9}, (0.333984, 0.000335612, 0.000272622, 0.665408))
({x5, x6}, (0.000269031, 0.665475, 0.333984, 0.000272074))
({x5, x7}, (0.333986, 0.00027091, 0.000267554, 0.665476))
({x5, x8}, (0.000269031, 0.665475, 0.333984, 0.000272074))
({x5, x9}, (0.334253, 6.6581e-05, 5.47699e-07, 0.66568))
({x6, x7}, (1.47637e-06, 0.334255, 0.665742, 1.16412e-06))
({x6, x8}, (0.665744, 9.91538e-13, 2.43258e-10, 0.334256))
({x6, x9}, (0.000335612, 0.333984, 0.665408, 0.000272622))
({x7, x8}, (1.47637e-06, 0.665742, 0.334255, 1.16436e-06))
({x7, x9}, (0.333985, 0.000334135, 0.000271458, 0.665409))
({x8, x9}, (0.000335612, 0.333984, 0.665408, 0.000272622))
Exact log partition sum: 93.8372
Exact MAP variable marginals:
({x0}, (0.348035, 0.651965))
({x1}, (0.642732, 0.357268))
({x2}, (0.348035, 0.651965))
({x3}, (0.348035, 0.651965))
({x4}, (0.348035, 0.651965))
({x5}, (0.348035, 0.651965))
({x6}, (0.651965, 0.348035))
({x7}, (0.348035, 0.651965))
({x8}, (0.651965, 0.348035))
({x9}, (0.348035, 0.651965))
Exact MAP factor marginals:
({x0}, (0.348035, 0.651965)) == ({x0}, (0.348035, 0.651965))
({x1}, (0.642732, 0.357268)) == ({x1}, (0.642732, 0.357268))
({x2}, (0.348035, 0.651965)) == ({x2}, (0.348035, 0.651965))
({x3}, (0.348035, 0.651965)) == ({x3}, (0.348035, 0.651965))
({x4}, (0.348035, 0.651965)) == ({x4}, (0.348035, 0.651965))
({x5}, (0.348035, 0.651965)) == ({x5}, (0.348035, 0.651965))
({x6}, (0.651965, 0.348035)) == ({x6}, (0.651965, 0.348035))
({x7}, (0.348035, 0.651965)) == ({x7}, (0.348035, 0.651965))
({x8}, (0.651965, 0.348035)) == ({x8}, (0.651965, 0.348035))
({x9}, (0.348035, 0.651965)) == ({x9}, (0.348035, 0.651965))
({x0, x1}, (0.105926, 0.427852, 0.228397, 0.237825)) == ({x0, x1}, (0.105926, 0.427852, 0.228397, 0.237825))
({x0, x2}, (0.347656, 0.000679212, 0.000407696, 0.651257)) == ({x0, x2}, (0.347656, 0.000679212, 0.000407696, 0.651257))
({x0, x3}, (0.347749, 0.00041292, 0.000407805, 0.65143)) == ({x0, x3}, (0.347749, 0.00041292, 0.000407805, 0.65143))
({x0, x4}, (0.347749, 0.00041292, 0.000407805, 0.65143)) == ({x0, x4}, (0.347749, 0.00041292, 0.000407805, 0.65143))
({x0, x5}, (0.348034, 4.043e-07, 9.266e-08, 0.651965)) == ({x0, x5}, (0.348034, 4.043e-07, 9.266e-08, 0.651965))
({x0, x6}, (0.000407805, 0.65143, 0.347749, 0.00041292)) == ({x0, x6}, (0.000407805, 0.65143, 0.347749, 0.00041292))
({x0, x7}, (0.347749, 0.00041292, 0.000407805, 0.65143)) == ({x0, x7}, (0.347749, 0.00041292, 0.000407805, 0.65143))
({x0, x8}, (0.000407805, 0.65143, 0.347749, 0.00041292)) == ({x0, x8}, (0.000407805, 0.65143, 0.347749, 0.00041292))
({x0, x9}, (0.347999, 0.000101041, 8.30327e-07, 0.651899)) == ({x0, x9}, (0.347999, 0.000101041, 8.30327e-07, 0.651899))
({x1, x2}, (0.105926, 0.228397, 0.427852, 0.237825)) == ({x1, x2}, (0.105926, 0.228397, 0.427852, 0.237825))
({x1, x3}, (0.105926, 0.228397, 0.427852, 0.237825)) == ({x1, x3}, (0.105926, 0.228397, 0.427852, 0.237825))
({x1, x4}, (0.105926, 0.228397, 0.427852, 0.237825)) == ({x1, x4}, (0.105926, 0.228397, 0.427852, 0.237825))
({x1, x5}, (0.105926, 0.228397, 0.427852, 0.237825)) == ({x1, x5}, (0.105926, 0.228397, 0.427852, 0.237825))
({x1, x6}, (0.427852, 0.237825, 0.105926, 0.228397)) == ({x1, x6}, (0.427852, 0.237825, 0.105926, 0.228397))
({x1, x7}, (0.105926, 0.228397, 0.427852, 0.237825)) == ({x1, x7}, (0.105926, 0.228397, 0.427852, 0.237825))
({x1, x8}, (0.427852, 0.237825, 0.105926, 0.228397)) == ({x1, x8}, (0.427852, 0.237825, 0.105926, 0.228397))
({x1, x9}, (0.105926, 0.228397, 0.427852, 0.237825)) == ({x1, x9}, (0.105926, 0.228397, 0.427852, 0.237825))
({x2, x3}, (0.347788, 2.89313e-05, 0.000679469, 0.651504)) == ({x2, x3}, (0.347788, 2.89313e-05, 0.000679469, 0.651504))
({x2, x4}, (0.347788, 2.89313e-05, 0.000679469, 0.651504)) == ({x2, x4}, (0.347788, 2.89313e-05, 0.000679469, 0.651504))
({x2, x5}, (0.347656, 0.000407696, 0.000679212, 0.651257)) == ({x2, x5}, (0.347656, 0.000407696, 0.000679212, 0.651257))
({x2, x6}, (0.000679469, 0.651504, 0.347788, 2.89313e-05)) == ({x2, x6}, (0.000679469, 0.651504, 0.347788, 2.89313e-05))
({x2, x7}, (0.347788, 2.89313e-05, 0.000679469, 0.651504)) == ({x2, x7}, (0.347788, 2.89313e-05, 0.000679469, 0.651504))
({x2, x8}, (0.000679469, 0.651504, 0.347788, 2.89313e-05)) == ({x2, x8}, (0.000679469, 0.651504, 0.347788, 2.89313e-05))
({x2, x9}, (0.347656, 0.000407696, 0.000679212, 0.651257)) == ({x2, x9}, (0.347656, 0.000407696, 0.000679212, 0.651257))
({x3, x4}, (0.348035, 1.48424e-09, 6.12712e-10, 0.651965)) == ({x3, x4}, (0.348035, 1.48424e-09, 6.12712e-10, 0.651965))
({x3, x5}, (0.347749, 0.000407805, 0.00041292, 0.65143)) == ({x3, x5}, (0.347749, 0.000407805, 0.00041292, 0.65143))
({x3, x6}, (6.12712e-10, 0.651965, 0.348035, 1.48424e-09)) == ({x3, x6}, (6.12712e-10, 0.651965, 0.348035, 1.48424e-09))
({x3, x7}, (0.348033, 2.20282e-06, 1.43903e-06, 0.651963)) == ({x3, x7}, (0.348033, 2.20282e-06, 1.43903e-06, 0.651963))
({x3, x8}, (6.12712e-10, 0.651965, 0.348035, 1.48424e-09)) == ({x3, x8}, (6.12712e-10, 0.651965, 0.348035, 1.48424e-09))
({x3, x9}, (0.347749, 0.000407805, 0.00041292, 0.65143)) == ({x3, x9}, (0.347749, 0.000407805, 0.00041292, 0.65143))
({x4, x5}, (0.347749, 0.000407805, 0.00041292, 0.65143)) == ({x4, x5}, (0.347749, 0.000407805, 0.00041292, 0.65143))
({x4, x6}, (3.31639e-10, 0.651965, 0.348035, 9.67474e-12)) == ({x4, x6}, (3.31639e-10, 0.651965, 0.348035, 9.67474e-12))
({x4, x7}, (0.348033, 2.20282e-06, 1.43903e-06, 0.651963)) == ({x4, x7}, (0.348033, 2.20282e-06, 1.43903e-06, 0.651963))
({x4, x8}, (3.31639e-10, 0.651965, 0.348035, 1.34524e-10)) == ({x4, x8}, (3.31639e-10, 0.651965, 0.348035, 1.34524e-10))
({x4, x9}, (0.347749, 0.000407805, 0.00041292, 0.65143)) == ({x4, x9}, (0.347749, 0.000407805, 0.00041292, 0.65143))
({x5, x6}, (0.000407805, 0.65143, 0.347749, 0.00041292)) == ({x5, x6}, (0.000407805, 0.65143, 0.347749, 0.00041292))
({x5, x7}, (0.347749, 0.00041292, 0.000407805, 0.65143)) == ({x5, x7}, (0.347749, 0.00041292, 0.000407805, 0.65143))
({x5, x8}, (0.000407805, 0.65143, 0.347749, 0.00041292)) == ({x5, x8}, (0.000407805, 0.65143, 0.347749, 0.00041292))
({x5, x9}, (0.347999, 0.000101041, 8.30327e-07, 0.651899)) == ({x5, x9}, (0.347999, 0.000101041, 8.30327e-07, 0.651899))
({x6, x7}, (2.20282e-06, 0.348033, 0.651963, 1.43903e-06)) == ({x6, x7}, (2.20282e-06, 0.348033, 0.651963, 1.43903e-06))
({x6, x8}, (0.651965, 5.32387e-13, 1.34524e-10, 0.348035)) == ({x6, x8}, (0.651965, 5.32387e-13, 1.34524e-10, 0.348035))
({x6, x9}, (0.000407805, 0.347749, 0.65143, 0.00041292)) == ({x6, x9}, (0.000407805, 0.347749, 0.65143, 0.00041292))
({x7, x8}, (2.20282e-06, 0.651963, 0.348033, 1.43903e-06)) == ({x7, x8}, (2.20282e-06, 0.651963, 0.348033, 1.43903e-06))
({x7, x9}, (0.347749, 0.000407805, 0.00041292, 0.65143)) == ({x7, x9}, (0.347749, 0.000407805, 0.00041292, 0.65143))
({x8, x9}, (0.000407805, 0.347749, 0.65143, 0.00041292)) == ({x8, x9}, (0.000407805, 0.347749, 0.65143, 0.00041292))
Exact MAP state (log score = 92.9872):
x0: 1
x1: 0
x2: 1
x3: 1
x4: 1
x5: 1
x6: 0
x7: 1
x8: 0
x9: 1
