Builtin inference algorithms: {BP, EXACT, FBP, JTREE, TRWBP}

Exact variable marginals:
({x0}, (0.75637, 0.24363))
({x1}, (0.236108, 0.763892))
({x2}, (0.76391, 0.23609))
({x3}, (0.236108, 0.763892))
({x4}, (0.763892, 0.236108))
({x5}, (0.236107, 0.763893))
({x6}, (0.236108, 0.763892))
({x7}, (0.236108, 0.763892))
({x8}, (0.763892, 0.236108))
({x9}, (0.236212, 0.763788))
Exact factor marginals:
({x0}, (0.75637, 0.24363))
({x1}, (0.236108, 0.763892))
({x2}, (0.76391, 0.23609))
({x3}, (0.236108, 0.763892))
({x4}, (0.763892, 0.236108))
({x5}, (0.236107, 0.763893))
({x6}, (0.236108, 0.763892))
({x7}, (0.236108, 0.763892))
({x8}, (0.763892, 0.236108))
({x9}, (0.236212, 0.763788))
({x0, x1}, (0.00527513, 0.230833, 0.751095, 0.0127972))
({x0, x2}, (0.751126, 0.0127841, 0.00524452, 0.230846))
({x0, x3}, (0.00527513, 0.230833, 0.751095, 0.0127972))
({x0, x4}, (0.751095, 0.0127972, 0.00527513, 0.230833))
({x0, x5}, (0.00527486, 0.230833, 0.751095, 0.0127972))
({x0, x6}, (0.00527513, 0.230833, 0.751095, 0.0127972))
({x0, x7}, (0.00527513, 0.230833, 0.751095, 0.0127972))
({x0, x8}, (0.751095, 0.0127972, 0.00527513, 0.230833))
({x0, x9}, (0.00546525, 0.230746, 0.750905, 0.0128833))
({x1, x2}, (3.06067e-05, 0.763879, 0.236077, 1.30992e-05))
({x1, x3}, (0.236108, 4.14915e-14, 3.08035e-15, 0.763892))
({x1, x4}, (3.33791e-13, 0.763892, 0.236108, 1.10389e-13))
({x1, x5}, (0.236107, 3.79388e-09, 2.69635e-07, 0.763892))
({x1, x6}, (0.236108, 8.32468e-17, 1.09519e-16, 0.763892))
({x1, x7}, (0.236108, 1.24593e-18, 1.53291e-16, 0.763892))
({x1, x8}, (3.60048e-08, 0.763892, 0.236108, 8.75087e-09))
({x1, x9}, (0.236022, 0.000190126, 8.61504e-05, 0.763702))
({x2, x3}, (3.06067e-05, 0.236077, 0.763879, 1.30992e-05))
({x2, x4}, (0.763879, 1.30992e-05, 3.06067e-05, 0.236077))
({x2, x5}, (3.03383e-05, 0.236077, 0.763879, 1.30967e-05))
({x2, x6}, (3.06067e-05, 0.236077, 0.763879, 1.30992e-05))
({x2, x7}, (3.06067e-05, 0.236077, 0.763879, 1.30992e-05))
({x2, x8}, (0.763879, 1.31352e-05, 3.06155e-05, 0.236077))
({x2, x9}, (0.000220733, 0.235991, 0.763689, 9.92496e-05))
({x3, x4}, (3.75283e-13, 0.763892, 0.236108, 1.1347e-13))
({x3, x5}, (0.236107, 3.79388e-09, 2.69635e-07, 0.763892))
({x3, x6}, (0.236108, 3.16359e-15, 4.1601e-14, 0.763892))
({x3, x7}, (0.236108, 3.08159e-15, 4.16448e-14, 0.763892))
({x3, x8}, (3.60048e-08, 0.763892, 0.236108, 8.75087e-09))
({x3, x9}, (0.236022, 0.000190126, 8.61504e-05, 0.763702))
({x4, x5}, (3.79421e-09, 0.236107, 0.763892, 2.69635e-07))
({x4, x6}, (3.3376e-13, 0.236108, 0.763892, 1.10385e-13))
({x4, x7}, (3.33684e-13, 0.236108, 0.763892, 1.10434e-13))
({x4, x8}, (0.763892, 3.60049e-08, 8.75121e-09, 0.236108))
({x4, x9}, (0.000190126, 0.236022, 0.763702, 8.61504e-05))
({x5, x6}, (0.236107, 2.69635e-07, 3.79388e-09, 0.763892))
({x5, x7}, (0.236107, 2.69635e-07, 3.79388e-09, 0.763892))
({x5, x8}, (3.97987e-08, 0.763892, 0.236107, 2.78386e-07))
({x5, x9}, (0.236021, 0.000190396, 8.61542e-05, 0.763702))
({x6, x7}, (0.236108, 2.16604e-18, 1.27939e-16, 0.763892))
({x6, x8}, (3.60048e-08, 0.763892, 0.236108, 8.75087e-09))
({x6, x9}, (0.236022, 0.000190126, 8.61504e-05, 0.763702))
({x7, x8}, (3.60048e-08, 0.763892, 0.236108, 8.75087e-09))
({x7, x9}, (0.236022, 0.000190126, 8.61504e-05, 0.763702))
({x8, x9}, (0.000190118, 0.236022, 0.763702, 8.61144e-05))
Exact log partition sum: 47.5165
Exact MAP variable marginals:
({x0}, (0.764941, 0.235059))
({x1}, (0.235059, 0.764941))
({x2}, (0.764941, 0.235059))
({x3}, (0.235059, 0.764941))
({x4}, (0.764941, 0.235059))
({x5}, (0.235059, 0.764941))
({x6}, (0.235059, 0.764941))
({x7}, (0.235059, 0.764941))
({x8}, (0.764941, 0.235059))
({x9}, (0.235059, 0.764941))
Exact MAP factor marginals:
({x0}, (0.764941, 0.235059)) == ({x0}, (0.764941, 0.235059))
({x1}, (0.235059, 0.764941)) == ({x1}, (0.235059, 0.764941))
({x2}, (0.764941, 0.235059)) == ({x2}, (0.764941, 0.235059))
({x3}, (0.235059, 0.764941)) == ({x3}, (0.235059, 0.764941))
({x4}, (0.764941, 0.235059)) == ({x4}, (0.764941, 0.235059))
({x5}, (0.235059, 0.764941)) == ({x5}, (0.235059, 0.764941))
({x6}, (0.235059, 0.764941)) == ({x6}, (0.235059, 0.764941))
({x7}, (0.235059, 0.764941)) == ({x7}, (0.235059, 0.764941))
({x8}, (0.764941, 0.235059)) == ({x8}, (0.764941, 0.235059))
({x9}, (0.235059, 0.764941)) == ({x9}, (0.235059, 0.764941))
({x0, x1}, (0.0052462, 0.23082, 0.751145, 0.0127882)) == ({x0, x1}, (0.0052462, 0.23082, 0.751145, 0.0127882))
({x0, x2}, (0.751145, 0.0127882, 0.0052462, 0.23082)) == ({x0, x2}, (0.751145, 0.0127882, 0.0052462, 0.23082))
({x0, x3}, (0.0052462, 0.23082, 0.751145, 0.0127882)) == ({x0, x3}, (0.0052462, 0.23082, 0.751145, 0.0127882))
({x0, x4}, (0.751145, 0.0127882, 0.0052462, 0.23082)) == ({x0, x4}, (0.751145, 0.0127882, 0.0052462, 0.23082))
({x0, x5}, (0.0052462, 0.23082, 0.751145, 0.0127882)) == ({x0, x5}, (0.0052462, 0.23082, 0.751145, 0.0127882))
({x0, x6}, (0.0052462, 0.23082, 0.751145, 0.0127882)) == ({x0, x6}, (0.0052462, 0.23082, 0.751145, 0.0127882))
({x0, x7}, (0.0052462, 0.23082, 0.751145, 0.0127882)) == ({x0, x7}, (0.0052462, 0.23082, 0.751145, 0.0127882))
({x0, x8}, (0.751145, 0.0127882, 0.0052462, 0.23082)) == ({x0, x8}, (0.751145, 0.0127882, 0.0052462, 0.23082))
({x0, x9}, (0.0052462, 0.23082, 0.751145, 0.0127882)) == ({x0, x9}, (0.0052462, 0.23082, 0.751145, 0.0127882))
({x1, x2}, (3.0904e-05, 0.764907, 0.235049, 1.33397e-05)) == ({x1, x2}, (3.0904e-05, 0.764907, 0.235049, 1.33397e-05))
({x1, x3}, (0.235059, 1.97931e-14, 2.39245e-15, 0.764941)) == ({x1, x3}, (0.235059, 1.97931e-14, 2.39245e-15, 0.764941))
({x1, x4}, (3.38453e-13, 0.764941, 0.235059, 1.09786e-13)) == ({x1, x4}, (3.38453e-13, 0.764941, 0.235059, 1.09786e-13))
({x1, x5}, (0.235059, 3.76407e-09, 2.73483e-07, 0.76494)) == ({x1, x5}, (0.235059, 3.76407e-09, 2.73483e-07, 0.76494))
({x1, x6}, (0.235059, 6.33156e-17, 1.09374e-16, 0.764941)) == ({x1, x6}, (0.235059, 6.33156e-17, 1.09374e-16, 0.764941))
({x1, x7}, (0.235059, 1.24781e-18, 1.09374e-16, 0.764941)) == ({x1, x7}, (0.235059, 1.24781e-18, 1.09374e-16, 0.764941))
({x1, x8}, (3.66775e-08, 0.76494, 0.235059, 8.91442e-09)) == ({x1, x8}, (3.66775e-08, 0.76494, 0.235059, 8.91442e-09))
({x1, x9}, (0.234993, 0.000193617, 8.76993e-05, 0.764725)) == ({x1, x9}, (0.234993, 0.000193617, 8.76993e-05, 0.764725))
({x2, x3}, (3.0904e-05, 0.235049, 0.764907, 1.33397e-05)) == ({x2, x3}, (3.0904e-05, 0.235049, 0.764907, 1.33397e-05))
({x2, x4}, (0.764907, 1.33397e-05, 3.0904e-05, 0.235049)) == ({x2, x4}, (0.764907, 1.33397e-05, 3.0904e-05, 0.235049))
({x2, x5}, (3.0904e-05, 0.235049, 0.764907, 1.33397e-05)) == ({x2, x5}, (3.0904e-05, 0.235049, 0.764907, 1.33397e-05))
({x2, x6}, (3.0904e-05, 0.235049, 0.764907, 1.33397e-05)) == ({x2, x6}, (3.0904e-05, 0.235049, 0.764907, 1.33397e-05))
({x2, x7}, (3.0904e-05, 0.235049, 0.764907, 1.33397e-05)) == ({x2, x7}, (3.0904e-05, 0.235049, 0.764907, 1.33397e-05))
({x2, x8}, (0.764907, 1.33397e-05, 3.0904e-05, 0.235049)) == ({x2, x8}, (0.764907, 1.33397e-05, 3.0904e-05, 0.235049))
({x2, x9}, (0.000193617, 0.234993, 0.764725, 8.76993e-05)) == ({x2, x9}, (0.000193617, 0.234993, 0.764725, 8.76993e-05))
({x3, x4}, (3.38453e-13, 0.764941, 0.235059, 1.09786e-13)) == ({x3, x4}, (3.38453e-13, 0.764941, 0.235059, 1.09786e-13))
({x3, x5}, (0.235059, 3.76407e-09, 2.73483e-07, 0.76494)) == ({x3, x5}, (0.235059, 3.76407e-09, 2.73483e-07, 0.76494))
({x3, x6}, (0.235059, 2.39245e-15, 1.97931e-14, 0.764941)) == ({x3, x6}, (0.235059, 2.39245e-15, 1.97931e-14, 0.764941))
({x3, x7}, (0.235059, 2.39245e-15, 1.97931e-14, 0.764941)) == ({x3, x7}, (0.235059, 2.39245e-15, 1.97931e-14, 0.764941))
({x3, x8}, (3.66775e-08, 0.76494, 0.235059, 8.91442e-09)) == ({x3, x8}, (3.66775e-08, 0.76494, 0.235059, 8.91442e-09))
({x3, x9}, (0.234993, 0.000193617, 8.76993e-05, 0.764725)) == ({x3, x9}, (0.234993, 0.000193617, 8.76993e-05, 0.764725))
({x4, x5}, (3.76407e-09, 0.235059, 0.76494, 2.73483e-07)) == ({x4, x5}, (3.76407e-09, 0.235059, 0.76494, 2.73483e-07))
({x4, x6}, (3.38453e-13, 0.235059, 0.764941, 1.09786e-13)) == ({x4, x6}, (3.38453e-13, 0.235059, 0.764941, 1.09786e-13))
({x4, x7}, (3.38453e-13, 0.235059, 0.764941, 1.09786e-13)) == ({x4, x7}, (3.38453e-13, 0.235059, 0.764941, 1.09786e-13))
({x4, x8}, (0.76494, 3.66775e-08, 8.91442e-09, 0.235059)) == ({x4, x8}, (0.76494, 3.66775e-08, 8.91442e-09, 0.235059))
({x4, x9}, (0.000193617, 0.234993, 0.764725, 8.76993e-05)) == ({x4, x9}, (0.000193617, 0.234993, 0.764725, 8.76993e-05))
({x5, x6}, (0.235059, 2.73483e-07, 3.76407e-09, 0.76494)) == ({x5, x6}, (0.235059, 2.73483e-07, 3.76407e-09, 0.76494))
({x5, x7}, (0.235059, 2.73483e-07, 3.76407e-09, 0.76494)) == ({x5, x7}, (0.235059, 2.73483e-07, 3.76407e-09, 0.76494))
({x5, x8}, (3.66775e-08, 0.76494, 0.235059, 2.73483e-07)) == ({x5, x8}, (3.66775e-08, 0.76494, 0.235059, 2.73483e-07))
({x5, x9}, (0.234993, 0.000193617, 8.76993e-05, 0.764725)) == ({x5, x9}, (0.234993, 0.000193617, 8.76993e-05, 0.764725))
({x6, x7}, (0.235059, 1.26702e-18, 6.33156e-17, 0.764941)) == ({x6, x7}, (0.235059, 1.26702e-18, 6.33156e-17, 0.764941))
({x6, x8}, (3.66775e-08, 0.76494, 0.235059, 8.91442e-09)) == ({x6, x8}, (3.66775e-08, 0.76494, 0.235059, 8.91442e-09))
({x6, x9}, (0.234993, 0.000193617, 8.76993e-05, 0.764725)) == ({x6, x9}, (0.234993, 0.000193617, 8.76993e-05, 0.764725))
({x7, x8}, (3.66775e-08, 0.76494, 0.235059, 8.91442e-09)) == ({x7, x8}, (3.66775e-08, 0.76494, 0.235059, 8.91442e-09))
({x7, x9}, (0.234993, 0.000193617, 8.76993e-05, 0.764725)) == ({x7, x9}, (0.234993, 0.000193617, 8.76993e-05, 0.764725))
({x8, x9}, (0.000193617, 0.234993, 0.764725, 8.76993e-05)) == ({x8, x9}, (0.000193617, 0.234993, 0.764725, 8.76993e-05))
Exact MAP state (log score = 47.2301):
x0: 0
x1: 1
x2: 0
x3: 1
x4: 0
x5: 1
x6: 1
x7: 1
x8: 0
x9: 1
