Builtin inference algorithms: {BP, EXACT, FBP, JTREE, TRWBP}

Exact variable marginals:
({x0}, (0.972886, 0.0271145))
({x1}, (0.027165, 0.972835))
({x2}, (0.972886, 0.0271145))
({x3}, (0.972886, 0.0271145))
({x4}, (0.972886, 0.0271145))
({x5}, (0.972886, 0.0271145))
({x6}, (0.972607, 0.0273932))
({x7}, (0.972886, 0.0271145))
({x8}, (0.0271145, 0.972886))
({x9}, (0.972886, 0.0271145))
Exact factor marginals:
({x0}, (0.972886, 0.0271145))
({x1}, (0.027165, 0.972835))
({x2}, (0.972886, 0.0271145))
({x3}, (0.972886, 0.0271145))
({x4}, (0.972886, 0.0271145))
({x5}, (0.972886, 0.0271145))
({x6}, (0.972607, 0.0273932))
({x7}, (0.972886, 0.0271145))
({x8}, (0.0271145, 0.972886))
({x9}, (0.972886, 0.0271145))
({x0, x1}, (5.05996e-05, 0.0271144, 0.972835, 2.85262e-08))
({x0, x2}, (0.972886, 4.12384e-09, 6.12915e-13, 0.0271145))
({x0, x3}, (0.972886, 4.12393e-09, 6.40701e-12, 0.0271145))
({x0, x4}, (0.972886, 4.12384e-09, 6.11182e-13, 0.0271145))
({x0, x5}, (0.972886, 4.32269e-09, 1.45052e-10, 0.0271145))
({x0, x6}, (0.972602, 4.71979e-06, 0.000283493, 0.0271097))
({x0, x7}, (0.972886, 4.12384e-09, 6.11179e-13, 0.0271145))
({x0, x8}, (6.11179e-13, 0.0271145, 0.972886, 4.12384e-09))
({x0, x9}, (0.972886, 4.12384e-09, 6.11179e-13, 0.0271145))
({x1, x2}, (5.06037e-05, 0.972835, 0.0271144, 2.85268e-08))
({x1, x3}, (5.06037e-05, 0.972835, 0.0271144, 2.85326e-08))
({x1, x4}, (5.06037e-05, 0.972835, 0.0271144, 2.85268e-08))
({x1, x5}, (5.06039e-05, 0.972835, 0.0271144, 2.86713e-08))
({x1, x6}, (5.53194e-05, 0.972551, 0.0271097, 0.000283521))
({x1, x7}, (5.06037e-05, 0.972835, 0.0271144, 2.85268e-08))
({x1, x8}, (0.0271144, 2.85268e-08, 5.06037e-05, 0.972835))
({x1, x9}, (5.06037e-05, 0.972835, 0.0271144, 2.85268e-08))
({x2, x3}, (0.972886, 9.14595e-14, 5.79589e-12, 0.0271145))
({x2, x4}, (0.972886, 1.73786e-15, 6.43543e-17, 0.0271145))
({x2, x5}, (0.972886, 1.98859e-10, 1.44441e-10, 0.0271145))
({x2, x6}, (0.972602, 4.71567e-06, 0.000283493, 0.0271097))
({x2, x7}, (0.972886, 1.73611e-15, 6.14119e-17, 0.0271145))
({x2, x8}, (6.13988e-17, 0.0271145, 0.972886, 1.73611e-15))
({x2, x9}, (0.972886, 1.73611e-15, 6.14043e-17, 0.0271145))
({x3, x4}, (0.972886, 5.79583e-12, 8.97223e-14, 0.0271145))
({x3, x5}, (0.972886, 2.04653e-10, 1.44531e-10, 0.0271145))
({x3, x6}, (0.972602, 4.71567e-06, 0.000283493, 0.0271097))
({x3, x7}, (0.972886, 5.79583e-12, 8.97237e-14, 0.0271145))
({x3, x8}, (8.97237e-14, 0.0271145, 0.972886, 5.79583e-12))
({x3, x9}, (0.972886, 5.79583e-12, 8.97237e-14, 0.0271145))
({x4, x5}, (0.972886, 1.98857e-10, 1.44441e-10, 0.0271145))
({x4, x6}, (0.972602, 4.71567e-06, 0.000283493, 0.0271097))
({x4, x7}, (0.972886, 2.95756e-18, 1.76333e-18, 0.0271145))
({x4, x8}, (1.75019e-18, 0.0271145, 0.972886, 2.95761e-18))
({x4, x9}, (0.972886, 2.95769e-18, 1.75591e-18, 0.0271145))
({x5, x6}, (0.972602, 4.71581e-06, 0.000283493, 0.0271097))
({x5, x7}, (0.972886, 1.44441e-10, 1.98857e-10, 0.0271145))
({x5, x8}, (1.98857e-10, 0.0271145, 0.972886, 1.44441e-10))
({x5, x9}, (0.972886, 1.44441e-10, 1.98857e-10, 0.0271145))
({x6, x7}, (0.972602, 0.000283493, 4.71567e-06, 0.0271097))
({x6, x8}, (4.71567e-06, 0.0271097, 0.972602, 0.000283493))
({x6, x9}, (0.972602, 0.000283493, 4.71567e-06, 0.0271097))
({x7, x8}, (3.51135e-22, 0.0271145, 0.972886, 1.35399e-20))
({x7, x9}, (0.972886, 1.21319e-20, 4.57987e-21, 0.0271145))
({x8, x9}, (4.83673e-22, 0.972886, 0.0271145, 6.12044e-21))
Exact log partition sum: 72.4986
Exact MAP variable marginals:
({x0}, (0.972881, 0.0271189))
({x1}, (0.0271189, 0.972881))
({x2}, (0.972881, 0.0271189))
({x3}, (0.972881, 0.0271189))
({x4}, (0.972881, 0.0271189))
({x5}, (0.972881, 0.0271189))
({x6}, (0.972881, 0.0271189))
({x7}, (0.972881, 0.0271189))
({x8}, (0.0271189, 0.972881))
({x9}, (0.972881, 0.0271189))
Exact MAP factor marginals:
({x0}, (0.972881, 0.0271189)) == ({x0}, (0.972881, 0.0271189))
({x1}, (0.0271189, 0.972881)) == ({x1}, (0.0271189, 0.972881))
({x2}, (0.972881, 0.0271189)) == ({x2}, (0.972881, 0.0271189))
({x3}, (0.972881, 0.0271189)) == ({x3}, (0.972881, 0.0271189))
({x4}, (0.972881, 0.0271189)) == ({x4}, (0.972881, 0.0271189))
({x5}, (0.972881, 0.0271189)) == ({x5}, (0.972881, 0.0271189))
({x6}, (0.972881, 0.0271189)) == ({x6}, (0.972881, 0.0271189))
({x7}, (0.972881, 0.0271189)) == ({x7}, (0.972881, 0.0271189))
({x8}, (0.0271189, 0.972881)) == ({x8}, (0.0271189, 0.972881))
({x9}, (0.972881, 0.0271189)) == ({x9}, (0.972881, 0.0271189))
({x0, x1}, (5.06142e-05, 0.0271175, 0.972832, 2.85344e-08)) == ({x0, x1}, (5.06142e-05, 0.0271175, 0.972832, 2.85344e-08))
({x0, x2}, (0.972881, 4.12522e-09, 6.11244e-13, 0.0271189)) == ({x0, x2}, (0.972881, 4.12522e-09, 6.11244e-13, 0.0271189))
({x0, x3}, (0.972881, 4.12522e-09, 5.79779e-12, 0.0271189)) == ({x0, x3}, (0.972881, 4.12522e-09, 5.79779e-12, 0.0271189))
({x0, x4}, (0.972881, 4.12522e-09, 6.11244e-13, 0.0271189)) == ({x0, x4}, (0.972881, 4.12522e-09, 6.11244e-13, 0.0271189))
({x0, x5}, (0.972881, 4.12522e-09, 1.44489e-10, 0.0271189)) == ({x0, x5}, (0.972881, 4.12522e-09, 1.44489e-10, 0.0271189))
({x0, x6}, (0.972601, 4.71591e-06, 0.000283507, 0.0271111)) == ({x0, x6}, (0.972601, 4.71591e-06, 0.000283507, 0.0271111))
({x0, x7}, (0.972881, 4.12522e-09, 6.11244e-13, 0.0271189)) == ({x0, x7}, (0.972881, 4.12522e-09, 6.11244e-13, 0.0271189))
({x0, x8}, (6.11244e-13, 0.0271189, 0.972881, 4.12522e-09)) == ({x0, x8}, (6.11244e-13, 0.0271189, 0.972881, 4.12522e-09))
({x0, x9}, (0.972881, 4.12522e-09, 6.11244e-13, 0.0271189)) == ({x0, x9}, (0.972881, 4.12522e-09, 6.11244e-13, 0.0271189))
({x1, x2}, (5.06142e-05, 0.972832, 0.0271175, 2.85344e-08)) == ({x1, x2}, (5.06142e-05, 0.972832, 0.0271175, 2.85344e-08))
({x1, x3}, (5.06142e-05, 0.972832, 0.0271175, 2.85344e-08)) == ({x1, x3}, (5.06142e-05, 0.972832, 0.0271175, 2.85344e-08))
({x1, x4}, (5.06142e-05, 0.972832, 0.0271175, 2.85344e-08)) == ({x1, x4}, (5.06142e-05, 0.972832, 0.0271175, 2.85344e-08))
({x1, x5}, (5.06142e-05, 0.972832, 0.0271175, 2.85344e-08)) == ({x1, x5}, (5.06142e-05, 0.972832, 0.0271175, 2.85344e-08))
({x1, x6}, (5.05998e-05, 0.972556, 0.0271098, 0.000283494)) == ({x1, x6}, (5.05998e-05, 0.972556, 0.0271098, 0.000283494))
({x1, x7}, (5.06142e-05, 0.972832, 0.0271175, 2.85344e-08)) == ({x1, x7}, (5.06142e-05, 0.972832, 0.0271175, 2.85344e-08))
({x1, x8}, (0.0271175, 2.85344e-08, 5.06142e-05, 0.972832)) == ({x1, x8}, (0.0271175, 2.85344e-08, 5.06142e-05, 0.972832))
({x1, x9}, (5.06142e-05, 0.972832, 0.0271175, 2.85344e-08)) == ({x1, x9}, (5.06142e-05, 0.972832, 0.0271175, 2.85344e-08))
({x2, x3}, (0.972881, 8.97524e-14, 5.79779e-12, 0.0271189)) == ({x2, x3}, (0.972881, 8.97524e-14, 5.79779e-12, 0.0271189))
({x2, x4}, (0.972881, 1.73639e-15, 6.14079e-17, 0.0271189)) == ({x2, x4}, (0.972881, 1.73639e-15, 6.14079e-17, 0.0271189))
({x2, x5}, (0.972881, 1.98924e-10, 1.44489e-10, 0.0271189)) == ({x2, x5}, (0.972881, 1.98924e-10, 1.44489e-10, 0.0271189))
({x2, x6}, (0.972601, 4.71591e-06, 0.000283507, 0.0271111)) == ({x2, x6}, (0.972601, 4.71591e-06, 0.000283507, 0.0271111))
({x2, x7}, (0.972881, 1.73639e-15, 6.14079e-17, 0.0271189)) == ({x2, x7}, (0.972881, 1.73639e-15, 6.14079e-17, 0.0271189))
({x2, x8}, (6.14079e-17, 0.0271189, 0.972881, 1.73639e-15)) == ({x2, x8}, (6.14079e-17, 0.0271189, 0.972881, 1.73639e-15))
({x2, x9}, (0.972881, 1.73639e-15, 6.14079e-17, 0.0271189)) == ({x2, x9}, (0.972881, 1.73639e-15, 6.14079e-17, 0.0271189))
({x3, x4}, (0.972881, 5.79779e-12, 8.97524e-14, 0.0271189)) == ({x3, x4}, (0.972881, 5.79779e-12, 8.97524e-14, 0.0271189))
({x3, x5}, (0.972881, 1.98924e-10, 1.44489e-10, 0.0271189)) == ({x3, x5}, (0.972881, 1.98924e-10, 1.44489e-10, 0.0271189))
({x3, x6}, (0.972601, 4.71591e-06, 0.000283507, 0.0271111)) == ({x3, x6}, (0.972601, 4.71591e-06, 0.000283507, 0.0271111))
({x3, x7}, (0.972881, 5.79779e-12, 8.97524e-14, 0.0271189)) == ({x3, x7}, (0.972881, 5.79779e-12, 8.97524e-14, 0.0271189))
({x3, x8}, (8.97524e-14, 0.0271189, 0.972881, 5.79779e-12)) == ({x3, x8}, (8.97524e-14, 0.0271189, 0.972881, 5.79779e-12))
({x3, x9}, (0.972881, 5.79779e-12, 8.97524e-14, 0.0271189)) == ({x3, x9}, (0.972881, 5.79779e-12, 8.97524e-14, 0.0271189))
({x4, x5}, (0.972881, 1.98924e-10, 1.44489e-10, 0.0271189)) == ({x4, x5}, (0.972881, 1.98924e-10, 1.44489e-10, 0.0271189))
({x4, x6}, (0.972601, 4.71591e-06, 0.000283507, 0.0271111)) == ({x4, x6}, (0.972601, 4.71591e-06, 0.000283507, 0.0271111))
({x4, x7}, (0.972881, 2.65253e-18, 1.74605e-18, 0.0271189)) == ({x4, x7}, (0.972881, 2.65253e-18, 1.74605e-18, 0.0271189))
({x4, x8}, (1.74605e-18, 0.0271189, 0.972881, 2.65253e-18)) == ({x4, x8}, (1.74605e-18, 0.0271189, 0.972881, 2.65253e-18))
({x4, x9}, (0.972881, 2.65253e-18, 1.74605e-18, 0.0271189)) == ({x4, x9}, (0.972881, 2.65253e-18, 1.74605e-18, 0.0271189))
({x5, x6}, (0.972601, 4.71591e-06, 0.000283507, 0.0271111)) == ({x5, x6}, (0.972601, 4.71591e-06, 0.000283507, 0.0271111))
({x5, x7}, (0.972881, 1.44489e-10, 1.98924e-10, 0.0271189)) == ({x5, x7}, (0.972881, 1.44489e-10, 1.98924e-10, 0.0271189))
({x5, x8}, (1.98924e-10, 0.0271189, 0.972881, 1.44489e-10)) == ({x5, x8}, (1.98924e-10, 0.0271189, 0.972881, 1.44489e-10))
({x5, x9}, (0.972881, 1.44489e-10, 1.98924e-10, 0.0271189)) == ({x5, x9}, (0.972881, 1.44489e-10, 1.98924e-10, 0.0271189))
({x6, x7}, (0.972601, 0.000283507, 4.71591e-06, 0.0271111)) == ({x6, x7}, (0.972601, 0.000283507, 4.71591e-06, 0.0271111))
({x6, x8}, (4.71591e-06, 0.0271111, 0.972601, 0.000283507)) == ({x6, x8}, (4.71591e-06, 0.0271111, 0.972601, 0.000283507))
({x6, x9}, (0.972601, 0.000283507, 4.71591e-06, 0.0271111)) == ({x6, x9}, (0.972601, 0.000283507, 4.71591e-06, 0.0271111))
({x7, x8}, (3.42427e-22, 0.0271189, 0.972881, 7.30481e-21)) == ({x7, x8}, (3.42427e-22, 0.0271189, 0.972881, 7.30481e-21))
({x7, x9}, (0.972881, 7.30481e-21, 4.47744e-21, 0.0271189)) == ({x7, x9}, (0.972881, 7.30481e-21, 4.47744e-21, 0.0271189))
({x8, x9}, (3.42427e-22, 0.972881, 0.0271189, 4.47744e-21)) == ({x8, x9}, (3.42427e-22, 0.972881, 0.0271189, 4.47744e-21))
Exact MAP state (log score = 72.4708):
x0: 0
x1: 1
x2: 0
x3: 0
x4: 0
x5: 0
x6: 0
x7: 0
x8: 1
x9: 0
