Builtin inference algorithms: {BP, EXACT, FBP, JTREE, TRWBP}

Exact variable marginals:
({x0}, (0.00353392, 0.996466))
({x1}, (0.967875, 0.0321246))
({x2}, (0.00353843, 0.996462))
({x3}, (0.996462, 0.00353839))
({x4}, (0.996466, 0.00353394))
({x5}, (0.00353392, 0.996466))
({x6}, (0.956001, 0.0439992))
({x7}, (0.00353403, 0.996466))
({x8}, (0.996429, 0.00357146))
({x9}, (0.996466, 0.00353393))
Exact factor marginals:
({x0}, (0.00353392, 0.996466))
({x1}, (0.967875, 0.0321246))
({x2}, (0.00353843, 0.996462))
({x3}, (0.996462, 0.00353839))
({x4}, (0.996466, 0.00353394))
({x5}, (0.00353392, 0.996466))
({x6}, (0.956001, 0.0439992))
({x7}, (0.00353403, 0.996466))
({x8}, (0.996429, 0.00357146))
({x9}, (0.996466, 0.00353393))
({x0, x1}, (0.000462154, 0.967413, 0.00307177, 0.0290528))
({x0, x2}, (0.00353391, 4.51916e-06, 8.64677e-09, 0.996462))
({x0, x3}, (8.65897e-09, 0.996462, 0.00353391, 4.47948e-06))
({x0, x4}, (3.90127e-09, 0.996466, 0.00353392, 1.654e-08))
({x0, x5}, (0.00353392, 1.31406e-09, 1.56574e-09, 0.996466))
({x0, x6}, (0.000559085, 0.955442, 0.00297484, 0.0410244))
({x0, x7}, (0.00353374, 2.90536e-07, 1.81745e-07, 0.996466))
({x0, x8}, (6.73988e-07, 0.996428, 0.00353325, 3.82146e-05))
({x0, x9}, (2.49141e-09, 0.996466, 0.00353392, 5.99758e-09))
({x1, x2}, (0.000466673, 0.00307176, 0.967409, 0.0290528))
({x1, x3}, (0.967409, 0.0290528, 0.00046663, 0.00307176))
({x1, x4}, (0.967413, 0.0290528, 0.00046217, 0.00307177))
({x1, x5}, (0.000462155, 0.00307177, 0.967413, 0.0290528))
({x1, x6}, (0.955904, 9.69318e-05, 0.0119715, 0.0320277))
({x1, x7}, (0.000461972, 0.00307206, 0.967413, 0.0290525))
({x1, x8}, (0.967414, 0.0290147, 0.000461516, 0.00310995))
({x1, x9}, (0.967413, 0.0290528, 0.00046216, 0.00307177))
({x2, x3}, (4.29468e-08, 0.996462, 0.00353839, 3.25475e-09))
({x2, x4}, (4.52306e-06, 0.996462, 0.00353391, 2.51867e-08))
({x2, x5}, (0.00353391, 9.95378e-09, 4.52072e-06, 0.996462))
({x2, x6}, (0.000559077, 0.955442, 0.00297936, 0.0410199))
({x2, x7}, (0.00353373, 2.99183e-07, 4.7009e-06, 0.996461))
({x2, x8}, (5.19259e-06, 0.996423, 0.00353324, 3.82227e-05))
({x2, x9}, (4.52041e-06, 0.996462, 0.00353391, 1.3404e-08))
({x3, x4}, (0.996462, 4.48338e-06, 2.51989e-08, 0.00353391))
({x3, x5}, (9.96598e-09, 0.00353391, 0.996462, 4.48104e-06))
({x3, x6}, (0.955442, 0.000559077, 0.0410199, 0.00297932))
({x3, x7}, (2.99195e-07, 0.00353373, 0.996461, 4.66122e-06))
({x3, x8}, (0.996423, 5.15009e-06, 3.82199e-05, 0.00353324))
({x3, x9}, (0.996462, 4.48072e-06, 1.34082e-08, 0.00353391))
({x4, x5}, (2.35046e-09, 0.00353392, 0.996466, 1.52408e-08))
({x4, x6}, (0.955442, 0.000559102, 0.0410244, 0.00297483))
({x4, x7}, (2.94437e-07, 0.00353374, 0.996466, 1.98285e-07))
({x4, x8}, (0.996428, 6.90528e-07, 3.82185e-05, 0.00353325))
({x4, x9}, (0.996466, 1.26866e-08, 3.55413e-09, 0.00353392))
({x5, x6}, (0.000559087, 0.955442, 0.00297484, 0.0410244))
({x5, x7}, (0.00353374, 2.92102e-07, 1.83059e-07, 0.996466))
({x5, x8}, (6.75302e-07, 0.996428, 0.00353325, 3.82162e-05))
({x5, x9}, (9.33593e-10, 0.996466, 0.00353392, 4.69145e-09))
({x6, x7}, (0.000558904, 0.00297513, 0.955442, 0.0410241))
({x6, x8}, (0.955442, 0.0409862, 0.000558411, 0.00301305))
({x6, x9}, (0.955442, 0.0410244, 0.00055909, 0.00297484))
({x7, x8}, (5.16913e-07, 0.996428, 0.00353351, 3.79487e-05))
({x7, x9}, (2.93028e-07, 0.996466, 0.00353374, 1.87742e-07))
({x8, x9}, (0.996428, 3.82171e-05, 6.79985e-07, 0.00353325))
Exact log partition sum: 69.9694
Exact MAP variable marginals:
({x0}, (0.0031039, 0.996896))
({x1}, (0.970527, 0.0294728))
({x2}, (0.0031039, 0.996896))
({x3}, (0.996896, 0.0031039))
({x4}, (0.996896, 0.0031039))
({x5}, (0.0031039, 0.996896))
({x6}, (0.970527, 0.0294728))
({x7}, (0.0031039, 0.996896))
({x8}, (0.996896, 0.0031039))
({x9}, (0.996896, 0.0031039))
Exact MAP factor marginals:
({x0}, (0.0031039, 0.996896)) == ({x0}, (0.0031039, 0.996896))
({x1}, (0.970527, 0.0294728)) == ({x1}, (0.970527, 0.0294728))
({x2}, (0.0031039, 0.996896)) == ({x2}, (0.0031039, 0.996896))
({x3}, (0.996896, 0.0031039)) == ({x3}, (0.996896, 0.0031039))
({x4}, (0.996896, 0.0031039)) == ({x4}, (0.996896, 0.0031039))
({x5}, (0.0031039, 0.996896)) == ({x5}, (0.0031039, 0.996896))
({x6}, (0.970527, 0.0294728)) == ({x6}, (0.970527, 0.0294728))
({x7}, (0.0031039, 0.996896)) == ({x7}, (0.0031039, 0.996896))
({x8}, (0.996896, 0.0031039)) == ({x8}, (0.996896, 0.0031039))
({x9}, (0.996896, 0.0031039)) == ({x9}, (0.996896, 0.0031039))
({x0, x1}, (0.000467125, 0.967151, 0.00301129, 0.0293702)) == ({x0, x1}, (0.000467125, 0.967151, 0.00301129, 0.0293702))
({x0, x2}, (0.00310389, 4.6686e-06, 8.95859e-09, 0.996891)) == ({x0, x2}, (0.00310389, 4.6686e-06, 8.95859e-09, 0.996891))
({x0, x3}, (8.95859e-09, 0.996891, 0.00310389, 4.6686e-06)) == ({x0, x3}, (8.95859e-09, 0.996891, 0.00310389, 4.6686e-06))
({x0, x4}, (1.63328e-09, 0.996896, 0.0031039, 1.32161e-08)) == ({x0, x4}, (1.63328e-09, 0.996896, 0.0031039, 1.32161e-08))
({x0, x5}, (0.0031039, 1.35588e-09, 1.63328e-09, 0.996896)) == ({x0, x5}, (0.0031039, 1.35588e-09, 1.63328e-09, 0.996896))
({x0, x6}, (0.000467125, 0.967151, 0.00301129, 0.0293702)) == ({x0, x6}, (0.000467125, 0.967151, 0.00301129, 0.0293702))
({x0, x7}, (0.0031039, 2.88376e-07, 1.78656e-07, 0.996896)) == ({x0, x7}, (0.0031039, 2.88376e-07, 1.78656e-07, 0.996896))
({x0, x8}, (5.24245e-07, 0.996856, 0.00310378, 3.95425e-05)) == ({x0, x8}, (5.24245e-07, 0.996856, 0.00310378, 3.95425e-05))
({x0, x9}, (1.63328e-09, 0.996896, 0.0031039, 2.68558e-09)) == ({x0, x9}, (1.63328e-09, 0.996896, 0.0031039, 2.68558e-09))
({x1, x2}, (0.000467125, 0.00301129, 0.967151, 0.0293702)) == ({x1, x2}, (0.000467125, 0.00301129, 0.967151, 0.0293702))
({x1, x3}, (0.967151, 0.0293702, 0.000467125, 0.00301129)) == ({x1, x3}, (0.967151, 0.0293702, 0.000467125, 0.00301129))
({x1, x4}, (0.967151, 0.0293702, 0.000467125, 0.00301129)) == ({x1, x4}, (0.967151, 0.0293702, 0.000467125, 0.00301129))
({x1, x5}, (0.000467125, 0.00301129, 0.967151, 0.0293702)) == ({x1, x5}, (0.000467125, 0.00301129, 0.967151, 0.0293702))
({x1, x6}, (0.958778, 9.72613e-05, 0.0120088, 0.029116)) == ({x1, x6}, (0.958778, 9.72613e-05, 0.0120088, 0.029116))
({x1, x7}, (0.000467125, 0.00301129, 0.967151, 0.0293702)) == ({x1, x7}, (0.000467125, 0.00301129, 0.967151, 0.0293702))
({x1, x8}, (0.967151, 0.0293702, 0.000467125, 0.00301129)) == ({x1, x8}, (0.967151, 0.0293702, 0.000467125, 0.00301129))
({x1, x9}, (0.967151, 0.0293702, 0.000467125, 0.00301129)) == ({x1, x9}, (0.967151, 0.0293702, 0.000467125, 0.00301129))
({x2, x3}, (4.47429e-08, 0.996896, 0.0031039, 2.87566e-09)) == ({x2, x3}, (4.47429e-08, 0.996896, 0.0031039, 2.87566e-09))
({x2, x4}, (4.6686e-06, 0.996891, 0.00310389, 1.32161e-08)) == ({x2, x4}, (4.6686e-06, 0.996891, 0.00310389, 1.32161e-08))
({x2, x5}, (0.00310389, 8.95859e-09, 4.6686e-06, 0.996891)) == ({x2, x5}, (0.00310389, 8.95859e-09, 4.6686e-06, 0.996891))
({x2, x6}, (0.000467125, 0.967151, 0.00301129, 0.0293702)) == ({x2, x6}, (0.000467125, 0.967151, 0.00301129, 0.0293702))
({x2, x7}, (0.00310389, 2.88375e-07, 4.6686e-06, 0.996891)) == ({x2, x7}, (0.00310389, 2.88375e-07, 4.6686e-06, 0.996891))
({x2, x8}, (4.66842e-06, 0.996852, 0.00310377, 3.95423e-05)) == ({x2, x8}, (4.66842e-06, 0.996852, 0.00310377, 3.95423e-05))
({x2, x9}, (4.6686e-06, 0.996891, 0.00310389, 8.95859e-09)) == ({x2, x9}, (4.6686e-06, 0.996891, 0.00310389, 8.95859e-09))
({x3, x4}, (0.996891, 4.6686e-06, 1.32161e-08, 0.00310389)) == ({x3, x4}, (0.996891, 4.6686e-06, 1.32161e-08, 0.00310389))
({x3, x5}, (8.95859e-09, 0.00310389, 0.996891, 4.6686e-06)) == ({x3, x5}, (8.95859e-09, 0.00310389, 0.996891, 4.6686e-06))
({x3, x6}, (0.967151, 0.000467125, 0.0293702, 0.00301129)) == ({x3, x6}, (0.967151, 0.000467125, 0.0293702, 0.00301129))
({x3, x7}, (2.88375e-07, 0.00310389, 0.996891, 4.6686e-06)) == ({x3, x7}, (2.88375e-07, 0.00310389, 0.996891, 4.6686e-06))
({x3, x8}, (0.996852, 4.66842e-06, 3.95423e-05, 0.00310377)) == ({x3, x8}, (0.996852, 4.66842e-06, 3.95423e-05, 0.00310377))
({x3, x9}, (0.996891, 4.6686e-06, 8.95859e-09, 0.00310389)) == ({x3, x9}, (0.996891, 4.6686e-06, 8.95859e-09, 0.00310389))
({x4, x5}, (1.49199e-09, 0.0031039, 0.996896, 1.32161e-08)) == ({x4, x5}, (1.49199e-09, 0.0031039, 0.996896, 1.32161e-08))
({x4, x6}, (0.967151, 0.000467125, 0.0293702, 0.00301129)) == ({x4, x6}, (0.967151, 0.000467125, 0.0293702, 0.00301129))
({x4, x7}, (2.88376e-07, 0.0031039, 0.996896, 1.78656e-07)) == ({x4, x7}, (2.88376e-07, 0.0031039, 0.996896, 1.78656e-07))
({x4, x8}, (0.996856, 5.24245e-07, 3.95425e-05, 0.00310378)) == ({x4, x8}, (0.996856, 5.24245e-07, 3.95425e-05, 0.00310378))
({x4, x9}, (0.996896, 1.32161e-08, 1.49199e-09, 0.0031039)) == ({x4, x9}, (0.996896, 1.32161e-08, 1.49199e-09, 0.0031039))
({x5, x6}, (0.000467125, 0.967151, 0.00301129, 0.0293702)) == ({x5, x6}, (0.000467125, 0.967151, 0.00301129, 0.0293702))
({x5, x7}, (0.0031039, 2.88376e-07, 1.78656e-07, 0.996896)) == ({x5, x7}, (0.0031039, 2.88376e-07, 1.78656e-07, 0.996896))
({x5, x8}, (5.24245e-07, 0.996856, 0.00310378, 3.95425e-05)) == ({x5, x8}, (5.24245e-07, 0.996856, 0.00310378, 3.95425e-05))
({x5, x9}, (9.45263e-10, 0.996896, 0.0031039, 2.68558e-09)) == ({x5, x9}, (9.45263e-10, 0.996896, 0.0031039, 2.68558e-09))
({x6, x7}, (0.000467125, 0.00301129, 0.967151, 0.0293702)) == ({x6, x7}, (0.000467125, 0.00301129, 0.967151, 0.0293702))
({x6, x8}, (0.967151, 0.0293702, 0.000467125, 0.00301129)) == ({x6, x8}, (0.967151, 0.0293702, 0.000467125, 0.00301129))
({x6, x9}, (0.967151, 0.0293702, 0.000467125, 0.00301129)) == ({x6, x9}, (0.967151, 0.0293702, 0.000467125, 0.00301129))
({x7, x8}, (5.24245e-07, 0.996856, 0.00310378, 3.95425e-05)) == ({x7, x8}, (5.24245e-07, 0.996856, 0.00310378, 3.95425e-05))
({x7, x9}, (2.88376e-07, 0.996896, 0.0031039, 1.78656e-07)) == ({x7, x9}, (2.88376e-07, 0.996896, 0.0031039, 1.78656e-07))
({x8, x9}, (0.996856, 3.95425e-05, 5.24245e-07, 0.00310378)) == ({x8, x9}, (0.996856, 3.95425e-05, 5.24245e-07, 0.00310378))
Exact MAP state (log score = 69.9238):
x0: 1
x1: 0
x2: 1
x3: 0
x4: 0
x5: 1
x6: 0
x7: 1
x8: 0
x9: 0
