Builtin inference algorithms: {BP, EXACT, FBP, JTREE, TRWBP}

Exact variable marginals:
({x0}, (0.0360142, 0.963986))
({x1}, (0.964349, 0.0356514))
({x2}, (0.964349, 0.0356514))
({x3}, (0.0356514, 0.964349))
({x4}, (0.0356514, 0.964349))
({x5}, (0.963988, 0.0360122))
({x6}, (0.0356514, 0.964349))
({x7}, (0.964349, 0.0356514))
({x8}, (0.964349, 0.0356514))
({x9}, (0.964349, 0.0356514))
Exact factor marginals:
({x0}, (0.0360142, 0.963986))
({x1}, (0.964349, 0.0356514))
({x2}, (0.964349, 0.0356514))
({x3}, (0.0356514, 0.964349))
({x4}, (0.0356514, 0.964349))
({x5}, (0.963988, 0.0360122))
({x6}, (0.0356514, 0.964349))
({x7}, (0.964349, 0.0356514))
({x8}, (0.964349, 0.0356514))
({x9}, (0.964349, 0.0356514))
({x0, x1}, (0.00040478, 0.963944, 0.0356094, 4.20202e-05))
({x0, x2}, (0.00040478, 0.963944, 0.0356094, 4.20202e-05))
({x0, x3}, (0.0356094, 4.20202e-05, 0.00040478, 0.963944))
({x0, x4}, (0.0356094, 4.20202e-05, 0.00040478, 0.963944))
({x0, x5}, (2.10958e-06, 0.963986, 0.0360121, 7.26109e-08))
({x0, x6}, (0.0356094, 4.20202e-05, 0.00040478, 0.963944))
({x0, x7}, (0.00040478, 0.963944, 0.0356094, 4.20202e-05))
({x0, x8}, (0.00040478, 0.963944, 0.0356094, 4.20284e-05))
({x0, x9}, (0.00040478, 0.963944, 0.0356094, 4.20202e-05))
({x1, x2}, (0.964349, 4.13044e-15, 1.80147e-15, 0.0356514))
({x1, x3}, (9.5072e-16, 0.0356514, 0.964349, 3.90832e-15))
({x1, x4}, (9.52089e-16, 0.0356514, 0.964349, 3.92385e-15))
({x1, x5}, (0.963946, 4.19963e-05, 0.000402719, 0.0356094))
({x1, x6}, (4.29942e-16, 0.0356514, 0.964349, 6.17617e-16))
({x1, x7}, (0.964349, 3.57081e-15, 7.90481e-16, 0.0356514))
({x1, x8}, (0.964349, 3.8198e-11, 8.23169e-09, 0.0356514))
({x1, x9}, (0.964349, 2.23583e-14, 4.61908e-13, 0.0356514))
({x2, x3}, (2.22127e-16, 0.0356514, 0.964349, 8.50762e-16))
({x2, x4}, (2.23498e-16, 0.0356514, 0.964349, 8.66295e-16))
({x2, x5}, (0.963946, 4.19963e-05, 0.000402719, 0.0356094))
({x2, x6}, (3.53199e-15, 0.0356514, 0.964349, 1.39071e-15))
({x2, x7}, (0.964349, 1.011e-15, 5.59636e-16, 0.0356514))
({x2, x8}, (0.964349, 3.8195e-11, 8.23169e-09, 0.0356514))
({x2, x9}, (0.964349, 2.26608e-14, 4.64539e-13, 0.0356514))
({x3, x4}, (0.0356514, 1.37067e-18, 1.5534e-17, 0.964349))
({x3, x5}, (4.19963e-05, 0.963946, 0.0356094, 0.000402719))
({x3, x6}, (0.0356514, 3.30987e-15, 5.39953e-16, 0.964349))
({x3, x7}, (1.60245e-16, 0.964349, 0.0356514, 3.37517e-16))
({x3, x8}, (3.81941e-11, 0.964349, 0.0356514, 8.23169e-09))
({x3, x9}, (2.181e-14, 0.964349, 0.0356514, 4.64317e-13))
({x4, x5}, (4.19963e-05, 0.963946, 0.0356094, 0.000402719))
({x4, x6}, (0.0356514, 3.32541e-15, 5.41324e-16, 0.964349))
({x4, x7}, (1.61615e-16, 0.964349, 0.0356514, 3.53051e-16))
({x4, x8}, (3.81941e-11, 0.964349, 0.0356514, 8.23169e-09))
({x4, x9}, (2.18114e-14, 0.964349, 0.0356514, 4.64333e-13))
({x5, x6}, (4.19963e-05, 0.0356094, 0.963946, 0.000402719))
({x5, x7}, (0.963946, 0.000402719, 4.19963e-05, 0.0356094))
({x5, x8}, (0.963946, 0.000402719, 4.20045e-05, 0.0356094))
({x5, x9}, (0.963946, 0.000402719, 4.19963e-05, 0.0356094))
({x6, x7}, (2.97236e-15, 0.964349, 0.0356514, 3.79713e-16))
({x6, x8}, (3.81974e-11, 0.964349, 0.0356514, 8.23169e-09))
({x6, x9}, (2.17609e-14, 0.964349, 0.0356514, 4.61498e-13))
({x7, x8}, (0.964349, 3.81945e-11, 8.23169e-09, 0.0356514))
({x7, x9}, (0.964349, 2.16512e-14, 4.63981e-13, 0.0356514))
({x8, x9}, (0.964349, 8.23171e-09, 3.86584e-11, 0.0356514))
Exact log partition sum: 164.794
Exact MAP variable marginals:
({x0}, (0.0356253, 0.964375))
({x1}, (0.964375, 0.0356253))
({x2}, (0.964375, 0.0356253))
({x3}, (0.0356253, 0.964375))
({x4}, (0.0356253, 0.964375))
({x5}, (0.964375, 0.0356253))
({x6}, (0.0356253, 0.964375))
({x7}, (0.964375, 0.0356253))
({x8}, (0.964375, 0.0356253))
({x9}, (0.964375, 0.0356253))
Exact MAP factor marginals:
({x0}, (0.0356253, 0.964375)) == ({x0}, (0.0356253, 0.964375))
({x1}, (0.964375, 0.0356253)) == ({x1}, (0.964375, 0.0356253))
({x2}, (0.964375, 0.0356253)) == ({x2}, (0.964375, 0.0356253))
({x3}, (0.0356253, 0.964375)) == ({x3}, (0.0356253, 0.964375))
({x4}, (0.0356253, 0.964375)) == ({x4}, (0.0356253, 0.964375))
({x5}, (0.964375, 0.0356253)) == ({x5}, (0.964375, 0.0356253))
({x6}, (0.0356253, 0.964375)) == ({x6}, (0.0356253, 0.964375))
({x7}, (0.964375, 0.0356253)) == ({x7}, (0.964375, 0.0356253))
({x8}, (0.964375, 0.0356253)) == ({x8}, (0.964375, 0.0356253))
({x9}, (0.964375, 0.0356253)) == ({x9}, (0.964375, 0.0356253))
({x0, x1}, (0.000402681, 0.963946, 0.0356095, 4.19869e-05)) == ({x0, x1}, (0.000402681, 0.963946, 0.0356095, 4.19869e-05))
({x0, x2}, (0.000402681, 0.963946, 0.0356095, 4.19869e-05)) == ({x0, x2}, (0.000402681, 0.963946, 0.0356095, 4.19869e-05))
({x0, x3}, (0.0356095, 4.19869e-05, 0.000402681, 0.963946)) == ({x0, x3}, (0.0356095, 4.19869e-05, 0.000402681, 0.963946))
({x0, x4}, (0.0356095, 4.19869e-05, 0.000402681, 0.963946)) == ({x0, x4}, (0.0356095, 4.19869e-05, 0.000402681, 0.963946))
({x0, x5}, (2.10102e-06, 0.964373, 0.0356252, 3.92104e-08)) == ({x0, x5}, (2.10102e-06, 0.964373, 0.0356252, 3.92104e-08))
({x0, x6}, (0.0356095, 4.19869e-05, 0.000402681, 0.963946)) == ({x0, x6}, (0.0356095, 4.19869e-05, 0.000402681, 0.963946))
({x0, x7}, (0.000402681, 0.963946, 0.0356095, 4.19869e-05)) == ({x0, x7}, (0.000402681, 0.963946, 0.0356095, 4.19869e-05))
({x0, x8}, (0.000402681, 0.963946, 0.0356095, 4.19869e-05)) == ({x0, x8}, (0.000402681, 0.963946, 0.0356095, 4.19869e-05))
({x0, x9}, (0.000402681, 0.963946, 0.0356095, 4.19869e-05)) == ({x0, x9}, (0.000402681, 0.963946, 0.0356095, 4.19869e-05))
({x1, x2}, (0.964375, 2.57791e-15, 8.47477e-16, 0.0356253)) == ({x1, x2}, (0.964375, 2.57791e-15, 8.47477e-16, 0.0356253))
({x1, x3}, (4.09521e-16, 0.0356253, 0.964375, 2.57791e-15)) == ({x1, x3}, (4.09521e-16, 0.0356253, 0.964375, 2.57791e-15))
({x1, x4}, (4.09521e-16, 0.0356253, 0.964375, 2.57791e-15)) == ({x1, x4}, (4.09521e-16, 0.0356253, 0.964375, 2.57791e-15))
({x1, x5}, (0.963946, 4.19869e-05, 0.000402681, 0.0356095)) == ({x1, x5}, (0.963946, 4.19869e-05, 0.000402681, 0.0356095))
({x1, x6}, (4.09521e-16, 0.0356253, 0.964375, 6.16627e-16)) == ({x1, x6}, (4.09521e-16, 0.0356253, 0.964375, 6.16627e-16))
({x1, x7}, (0.964375, 2.57791e-15, 4.09521e-16, 0.0356253)) == ({x1, x7}, (0.964375, 2.57791e-15, 4.09521e-16, 0.0356253))
({x1, x8}, (0.964375, 3.82061e-11, 8.2352e-09, 0.0356253)) == ({x1, x8}, (0.964375, 3.82061e-11, 8.2352e-09, 0.0356253))
({x1, x9}, (0.964375, 2.13603e-14, 4.59696e-13, 0.0356253)) == ({x1, x9}, (0.964375, 2.13603e-14, 4.59696e-13, 0.0356253))
({x2, x3}, (2.22099e-16, 0.0356253, 0.964375, 8.47477e-16)) == ({x2, x3}, (2.22099e-16, 0.0356253, 0.964375, 8.47477e-16))
({x2, x4}, (2.22099e-16, 0.0356253, 0.964375, 8.47477e-16)) == ({x2, x4}, (2.22099e-16, 0.0356253, 0.964375, 8.47477e-16))
({x2, x5}, (0.963946, 4.19869e-05, 0.000402681, 0.0356095)) == ({x2, x5}, (0.963946, 4.19869e-05, 0.000402681, 0.0356095))
({x2, x6}, (2.57791e-15, 0.0356253, 0.964375, 8.47477e-16)) == ({x2, x6}, (2.57791e-15, 0.0356253, 0.964375, 8.47477e-16))
({x2, x7}, (0.964375, 8.47477e-16, 3.36973e-16, 0.0356253)) == ({x2, x7}, (0.964375, 8.47477e-16, 3.36973e-16, 0.0356253))
({x2, x8}, (0.964375, 3.82061e-11, 8.2352e-09, 0.0356253)) == ({x2, x8}, (0.964375, 3.82061e-11, 8.2352e-09, 0.0356253))
({x2, x9}, (0.964375, 2.13603e-14, 4.59696e-13, 0.0356253)) == ({x2, x9}, (0.964375, 2.13603e-14, 4.59696e-13, 0.0356253))
({x3, x4}, (0.0356253, 1.36819e-18, 1.55343e-17, 0.964375)) == ({x3, x4}, (0.0356253, 1.36819e-18, 1.55343e-17, 0.964375))
({x3, x5}, (4.19869e-05, 0.963946, 0.0356095, 0.000402681)) == ({x3, x5}, (4.19869e-05, 0.963946, 0.0356095, 0.000402681))
({x3, x6}, (0.0356253, 2.57791e-15, 2.85976e-16, 0.964375)) == ({x3, x6}, (0.0356253, 2.57791e-15, 2.85976e-16, 0.964375))
({x3, x7}, (1.59585e-16, 0.964375, 0.0356253, 3.36973e-16)) == ({x3, x7}, (1.59585e-16, 0.964375, 0.0356253, 3.36973e-16))
({x3, x8}, (3.82061e-11, 0.964375, 0.0356253, 8.2352e-09)) == ({x3, x8}, (3.82061e-11, 0.964375, 0.0356253, 8.2352e-09))
({x3, x9}, (2.13603e-14, 0.964375, 0.0356253, 4.59696e-13)) == ({x3, x9}, (2.13603e-14, 0.964375, 0.0356253, 4.59696e-13))
({x4, x5}, (4.19869e-05, 0.963946, 0.0356095, 0.000402681)) == ({x4, x5}, (4.19869e-05, 0.963946, 0.0356095, 0.000402681))
({x4, x6}, (0.0356253, 2.57791e-15, 2.85976e-16, 0.964375)) == ({x4, x6}, (0.0356253, 2.57791e-15, 2.85976e-16, 0.964375))
({x4, x7}, (1.59585e-16, 0.964375, 0.0356253, 3.36973e-16)) == ({x4, x7}, (1.59585e-16, 0.964375, 0.0356253, 3.36973e-16))
({x4, x8}, (3.82061e-11, 0.964375, 0.0356253, 8.2352e-09)) == ({x4, x8}, (3.82061e-11, 0.964375, 0.0356253, 8.2352e-09))
({x4, x9}, (2.13603e-14, 0.964375, 0.0356253, 4.59696e-13)) == ({x4, x9}, (2.13603e-14, 0.964375, 0.0356253, 4.59696e-13))
({x5, x6}, (4.19869e-05, 0.0356095, 0.963946, 0.000402681)) == ({x5, x6}, (4.19869e-05, 0.0356095, 0.963946, 0.000402681))
({x5, x7}, (0.963946, 0.000402681, 4.19869e-05, 0.0356095)) == ({x5, x7}, (0.963946, 0.000402681, 4.19869e-05, 0.0356095))
({x5, x8}, (0.963946, 0.000402681, 4.19869e-05, 0.0356095)) == ({x5, x8}, (0.963946, 0.000402681, 4.19869e-05, 0.0356095))
({x5, x9}, (0.963946, 0.000402681, 4.19869e-05, 0.0356095)) == ({x5, x9}, (0.963946, 0.000402681, 4.19869e-05, 0.0356095))
({x6, x7}, (2.57791e-15, 0.964375, 0.0356253, 2.85976e-16)) == ({x6, x7}, (2.57791e-15, 0.964375, 0.0356253, 2.85976e-16))
({x6, x8}, (3.82061e-11, 0.964375, 0.0356253, 8.2352e-09)) == ({x6, x8}, (3.82061e-11, 0.964375, 0.0356253, 8.2352e-09))
({x6, x9}, (2.13603e-14, 0.964375, 0.0356253, 4.59696e-13)) == ({x6, x9}, (2.13603e-14, 0.964375, 0.0356253, 4.59696e-13))
({x7, x8}, (0.964375, 3.82061e-11, 8.2352e-09, 0.0356253)) == ({x7, x8}, (0.964375, 3.82061e-11, 8.2352e-09, 0.0356253))
({x7, x9}, (0.964375, 2.13603e-14, 4.59696e-13, 0.0356253)) == ({x7, x9}, (0.964375, 2.13603e-14, 4.59696e-13, 0.0356253))
({x8, x9}, (0.964375, 8.2352e-09, 3.82061e-11, 0.0356253)) == ({x8, x9}, (0.964375, 8.2352e-09, 3.82061e-11, 0.0356253))
Exact MAP state (log score = 164.757):
x0: 1
x1: 0
x2: 0
x3: 1
x4: 1
x5: 0
x6: 1
x7: 0
x8: 0
x9: 0
