Builtin inference algorithms: {BP, EXACT, FBP, JTREE, TRWBP}

Exact variable marginals:
({x0}, (0.747718, 0.252282))
({x1}, (0.252433, 0.747567))
({x2}, (0.747724, 0.252276))
({x3}, (0.263721, 0.736279))
({x4}, (0.252282, 0.747718))
({x5}, (0.747722, 0.252278))
({x6}, (0.252262, 0.747738))
({x7}, (0.252433, 0.747567))
({x8}, (0.747568, 0.252432))
({x9}, (0.25226, 0.74774))
Exact factor marginals:
({x0}, (0.747718, 0.252282))
({x1}, (0.252433, 0.747567))
({x2}, (0.747724, 0.252276))
({x3}, (0.263721, 0.736279))
({x4}, (0.252282, 0.747718))
({x5}, (0.747722, 0.252278))
({x6}, (0.252262, 0.747738))
({x7}, (0.252433, 0.747567))
({x8}, (0.747568, 0.252432))
({x9}, (0.25226, 0.74774))
({x0, x1}, (0.000165214, 0.252268, 0.747553, 1.34044e-05))
({x0, x2}, (0.747718, 5.69705e-06, 2.57958e-07, 0.252276))
({x0, x3}, (0.0149129, 0.248808, 0.732806, 0.00347317))
({x0, x4}, (5.87005e-07, 0.252282, 0.747718, 8.02434e-08))
({x0, x5}, (0.747718, 3.80641e-06, 1.78421e-07, 0.252278))
({x0, x6}, (6.57515e-07, 0.252261, 0.747718, 2.07048e-05))
({x0, x7}, (0.000165144, 0.252268, 0.747553, 1.3365e-05))
({x0, x8}, (0.747555, 1.31705e-05, 0.000163531, 0.252268))
({x0, x9}, (8.72349e-07, 0.25226, 0.747718, 2.2028e-05))
({x1, x2}, (0.000170808, 0.747553, 0.252263, 1.35591e-05))
({x1, x3}, (0.248798, 0.014923, 0.00363508, 0.732644))
({x1, x4}, (0.252269, 1.3332e-05, 0.000164635, 0.747553))
({x1, x5}, (0.00016902, 0.747553, 0.252264, 1.35828e-05))
({x1, x6}, (0.252248, 1.40619e-05, 0.000185919, 0.747553))
({x1, x7}, (0.252433, 4.16411e-08, 7.19072e-08, 0.747567))
({x1, x8}, (1.69348e-06, 0.747566, 0.252432, 2.44685e-07))
({x1, x9}, (0.252246, 1.42592e-05, 0.000187225, 0.747552))
({x2, x3}, (0.0149127, 0.248809, 0.732811, 0.00346758))
({x2, x4}, (6.18086e-06, 0.252276, 0.747718, 2.35005e-07))
({x2, x5}, (0.747722, 1.8884e-07, 1.99995e-06, 0.252276))
({x2, x6}, (5.02742e-07, 0.252261, 0.747723, 1.5111e-05))
({x2, x7}, (0.000170841, 0.252263, 0.747553, 1.3623e-05))
({x2, x8}, (0.747555, 1.33252e-05, 0.000169125, 0.252263))
({x2, x9}, (7.00032e-07, 0.25226, 0.747723, 1.64166e-05))
({x3, x4}, (0.248808, 0.00347376, 0.0149129, 0.732805))
({x3, x5}, (0.0149127, 0.732809, 0.248809, 0.00346939))
({x3, x6}, (0.248809, 0.00345247, 0.0149122, 0.732826))
({x3, x7}, (0.248798, 0.00363501, 0.0149229, 0.732644))
({x3, x8}, (0.0149246, 0.732643, 0.248797, 0.00363532))
({x3, x9}, (0.248809, 0.00345116, 0.014912, 0.732828))
({x4, x5}, (4.39341e-06, 0.747718, 0.252278, 2.58663e-07))
({x4, x6}, (0.252261, 7.37747e-07, 2.12918e-05, 0.747717))
({x4, x7}, (0.252269, 0.000164676, 1.34038e-05, 0.747553))
({x4, x8}, (1.30981e-05, 0.747555, 0.252269, 0.000162952))
({x4, x9}, (0.25226, 9.35037e-07, 2.25975e-05, 0.747717))
({x5, x6}, (5.01509e-07, 0.252261, 0.747722, 1.69208e-05))
({x5, x7}, (0.00016895, 0.252264, 0.747553, 1.35423e-05))
({x5, x8}, (0.747555, 1.33489e-05, 0.000167338, 0.252265))
({x5, x9}, (7.1869e-07, 0.25226, 0.747721, 1.82464e-05))
({x6, x7}, (0.252248, 0.000185849, 1.4022e-05, 0.747553))
({x6, x8}, (1.3828e-05, 0.747554, 0.252248, 0.000184236))
({x6, x9}, (0.25226, 2.42225e-07, 1.35057e-06, 0.747738))
({x7, x8}, (1.73508e-06, 0.747566, 0.252432, 3.16551e-07))
({x7, x9}, (0.252246, 1.42368e-05, 0.000187172, 0.747552))
({x8, x9}, (1.40253e-05, 0.252246, 0.747554, 0.000185542))
Exact log partition sum: 87.4666
Exact MAP variable marginals:
({x0}, (0.746499, 0.253501))
({x1}, (0.253501, 0.746499))
({x2}, (0.746499, 0.253501))
({x3}, (0.253501, 0.746499))
({x4}, (0.253501, 0.746499))
({x5}, (0.746499, 0.253501))
({x6}, (0.253501, 0.746499))
({x7}, (0.253501, 0.746499))
({x8}, (0.746499, 0.253501))
({x9}, (0.253501, 0.746499))
Exact MAP factor marginals:
({x0}, (0.746499, 0.253501)) == ({x0}, (0.746499, 0.253501))
({x1}, (0.253501, 0.746499)) == ({x1}, (0.253501, 0.746499))
({x2}, (0.746499, 0.253501)) == ({x2}, (0.746499, 0.253501))
({x3}, (0.253501, 0.746499)) == ({x3}, (0.253501, 0.746499))
({x4}, (0.253501, 0.746499)) == ({x4}, (0.253501, 0.746499))
({x5}, (0.746499, 0.253501)) == ({x5}, (0.746499, 0.253501))
({x6}, (0.253501, 0.746499)) == ({x6}, (0.253501, 0.746499))
({x7}, (0.253501, 0.746499)) == ({x7}, (0.253501, 0.746499))
({x8}, (0.746499, 0.253501)) == ({x8}, (0.746499, 0.253501))
({x9}, (0.253501, 0.746499)) == ({x9}, (0.253501, 0.746499))
({x0, x1}, (0.000164661, 0.253456, 0.746367, 1.32629e-05)) == ({x0, x1}, (0.000164661, 0.253456, 0.746367, 1.32629e-05))
({x0, x2}, (0.746496, 3.79275e-06, 1.56052e-07, 0.2535)) == ({x0, x2}, (0.746496, 3.79275e-06, 1.56052e-07, 0.2535))
({x0, x3}, (0.014912, 0.248846, 0.732791, 0.00345153)) == ({x0, x3}, (0.014912, 0.248846, 0.732791, 0.00345153))
({x0, x4}, (5.19368e-07, 0.253501, 0.746499, 3.92015e-08)) == ({x0, x4}, (5.19368e-07, 0.253501, 0.746499, 3.92015e-08))
({x0, x5}, (0.746496, 3.79275e-06, 1.56052e-07, 0.2535)) == ({x0, x5}, (0.746496, 3.79275e-06, 1.56052e-07, 0.2535))
({x0, x6}, (4.56073e-07, 0.253497, 0.746488, 1.52335e-05)) == ({x0, x6}, (4.56073e-07, 0.253497, 0.746488, 1.52335e-05))
({x0, x7}, (0.000164661, 0.253456, 0.746367, 1.32629e-05)) == ({x0, x7}, (0.000164661, 0.253456, 0.746367, 1.32629e-05))
({x0, x8}, (0.746367, 1.32629e-05, 0.000164661, 0.253456)) == ({x0, x8}, (0.746367, 1.32629e-05, 0.000164661, 0.253456))
({x0, x9}, (4.56073e-07, 0.253497, 0.746488, 1.52335e-05)) == ({x0, x9}, (4.56073e-07, 0.253497, 0.746488, 1.52335e-05))
({x1, x2}, (0.000164661, 0.746367, 0.253456, 1.32629e-05)) == ({x1, x2}, (0.000164661, 0.746367, 0.253456, 1.32629e-05))
({x1, x3}, (0.248846, 0.014912, 0.00345153, 0.732791)) == ({x1, x3}, (0.248846, 0.014912, 0.00345153, 0.732791))
({x1, x4}, (0.253456, 1.32629e-05, 0.000164661, 0.746367)) == ({x1, x4}, (0.253456, 1.32629e-05, 0.000164661, 0.746367))
({x1, x5}, (0.000164661, 0.746367, 0.253456, 1.32629e-05)) == ({x1, x5}, (0.000164661, 0.746367, 0.253456, 1.32629e-05))
({x1, x6}, (0.253456, 1.32629e-05, 0.000164661, 0.746367)) == ({x1, x6}, (0.253456, 1.32629e-05, 0.000164661, 0.746367))
({x1, x7}, (0.253501, 2.29185e-08, 6.43418e-08, 0.746499)) == ({x1, x7}, (0.253501, 2.29185e-08, 6.43418e-08, 0.746499))
({x1, x8}, (1.72418e-06, 0.746498, 0.2535, 2.39626e-07)) == ({x1, x8}, (1.72418e-06, 0.746498, 0.2535, 2.39626e-07))
({x1, x9}, (0.253456, 1.32629e-05, 0.000164661, 0.746367)) == ({x1, x9}, (0.253456, 1.32629e-05, 0.000164661, 0.746367))
({x2, x3}, (0.014912, 0.248846, 0.732791, 0.00345153)) == ({x2, x3}, (0.014912, 0.248846, 0.732791, 0.00345153))
({x2, x4}, (3.79275e-06, 0.2535, 0.746496, 1.56052e-07)) == ({x2, x4}, (3.79275e-06, 0.2535, 0.746496, 1.56052e-07))
({x2, x5}, (0.746498, 8.07793e-08, 1.973e-06, 0.2535)) == ({x2, x5}, (0.746498, 8.07793e-08, 1.973e-06, 0.2535))
({x2, x6}, (4.56073e-07, 0.253497, 0.746488, 1.52335e-05)) == ({x2, x6}, (4.56073e-07, 0.253497, 0.746488, 1.52335e-05))
({x2, x7}, (0.000164661, 0.253456, 0.746367, 1.32629e-05)) == ({x2, x7}, (0.000164661, 0.253456, 0.746367, 1.32629e-05))
({x2, x8}, (0.746367, 1.32629e-05, 0.000164661, 0.253456)) == ({x2, x8}, (0.746367, 1.32629e-05, 0.000164661, 0.253456))
({x2, x9}, (4.56073e-07, 0.253497, 0.746488, 1.52335e-05)) == ({x2, x9}, (4.56073e-07, 0.253497, 0.746488, 1.52335e-05))
({x3, x4}, (0.248846, 0.00345153, 0.014912, 0.732791)) == ({x3, x4}, (0.248846, 0.00345153, 0.014912, 0.732791))
({x3, x5}, (0.014912, 0.732791, 0.248846, 0.00345153)) == ({x3, x5}, (0.014912, 0.732791, 0.248846, 0.00345153))
({x3, x6}, (0.248846, 0.00345153, 0.014912, 0.732791)) == ({x3, x6}, (0.248846, 0.00345153, 0.014912, 0.732791))
({x3, x7}, (0.248846, 0.00345153, 0.014912, 0.732791)) == ({x3, x7}, (0.248846, 0.00345153, 0.014912, 0.732791))
({x3, x8}, (0.014912, 0.732791, 0.248846, 0.00345153)) == ({x3, x8}, (0.014912, 0.732791, 0.248846, 0.00345153))
({x3, x9}, (0.248846, 0.00345153, 0.014912, 0.732791)) == ({x3, x9}, (0.248846, 0.00345153, 0.014912, 0.732791))
({x4, x5}, (3.79275e-06, 0.746496, 0.2535, 1.56052e-07)) == ({x4, x5}, (3.79275e-06, 0.746496, 0.2535, 1.56052e-07))
({x4, x6}, (0.253497, 4.56073e-07, 1.52335e-05, 0.746488)) == ({x4, x6}, (0.253497, 4.56073e-07, 1.52335e-05, 0.746488))
({x4, x7}, (0.253456, 0.000164661, 1.32629e-05, 0.746367)) == ({x4, x7}, (0.253456, 0.000164661, 1.32629e-05, 0.746367))
({x4, x8}, (1.32629e-05, 0.746367, 0.253456, 0.000164661)) == ({x4, x8}, (1.32629e-05, 0.746367, 0.253456, 0.000164661))
({x4, x9}, (0.253497, 4.56073e-07, 1.52335e-05, 0.746488)) == ({x4, x9}, (0.253497, 4.56073e-07, 1.52335e-05, 0.746488))
({x5, x6}, (4.56073e-07, 0.253497, 0.746488, 1.52335e-05)) == ({x5, x6}, (4.56073e-07, 0.253497, 0.746488, 1.52335e-05))
({x5, x7}, (0.000164661, 0.253456, 0.746367, 1.32629e-05)) == ({x5, x7}, (0.000164661, 0.253456, 0.746367, 1.32629e-05))
({x5, x8}, (0.746367, 1.32629e-05, 0.000164661, 0.253456)) == ({x5, x8}, (0.746367, 1.32629e-05, 0.000164661, 0.253456))
({x5, x9}, (4.56073e-07, 0.253497, 0.746488, 1.52335e-05)) == ({x5, x9}, (4.56073e-07, 0.253497, 0.746488, 1.52335e-05))
({x6, x7}, (0.253456, 0.000164661, 1.32629e-05, 0.746367)) == ({x6, x7}, (0.253456, 0.000164661, 1.32629e-05, 0.746367))
({x6, x8}, (1.32629e-05, 0.746367, 0.253456, 0.000164661)) == ({x6, x8}, (1.32629e-05, 0.746367, 0.253456, 0.000164661))
({x6, x9}, (0.2535, 2.29348e-07, 1.34776e-06, 0.746498)) == ({x6, x9}, (0.2535, 2.29348e-07, 1.34776e-06, 0.746498))
({x7, x8}, (1.72418e-06, 0.746498, 0.2535, 2.39626e-07)) == ({x7, x8}, (1.72418e-06, 0.746498, 0.2535, 2.39626e-07))
({x7, x9}, (0.253456, 1.32629e-05, 0.000164661, 0.746367)) == ({x7, x9}, (0.253456, 1.32629e-05, 0.000164661, 0.746367))
({x8, x9}, (1.32629e-05, 0.253456, 0.746367, 0.000164661)) == ({x8, x9}, (1.32629e-05, 0.253456, 0.746367, 0.000164661))
Exact MAP state (log score = 87.1555):
x0: 0
x1: 1
x2: 0
x3: 1
x4: 1
x5: 0
x6: 1
x7: 1
x8: 0
x9: 1
