Builtin inference algorithms: {BP, EXACT, FBP, JTREE, TRWBP}

Exact variable marginals:
({x0}, (0.771216, 0.228784))
({x1}, (0.228783, 0.771217))
({x2}, (0.771216, 0.228784))
({x3}, (0.228784, 0.771216))
({x4}, (0.771201, 0.228799))
({x5}, (0.771216, 0.228784))
({x6}, (0.771216, 0.228784))
({x7}, (0.228784, 0.771216))
({x8}, (0.228784, 0.771216))
({x9}, (0.228784, 0.771216))
Exact factor marginals:
({x0}, (0.771216, 0.228784))
({x1}, (0.228783, 0.771217))
({x2}, (0.771216, 0.228784))
({x3}, (0.228784, 0.771216))
({x4}, (0.771201, 0.228799))
({x5}, (0.771216, 0.228784))
({x6}, (0.771216, 0.228784))
({x7}, (0.228784, 0.771216))
({x8}, (0.228784, 0.771216))
({x9}, (0.228784, 0.771216))
({x0, x1}, (3.69768e-07, 0.228782, 0.771216, 1.32195e-06))
({x0, x2}, (0.771216, 3.78396e-14, 5.46567e-15, 0.228784))
({x0, x3}, (1.28229e-14, 0.228784, 0.771216, 7.15944e-16))
({x0, x4}, (0.771201, 2.20181e-07, 1.55053e-05, 0.228784))
({x0, x5}, (0.771216, 2.5959e-19, 4.44394e-17, 0.228784))
({x0, x6}, (0.771216, 6.75506e-19, 2.45503e-16, 0.228784))
({x0, x7}, (1.16444e-14, 0.228784, 0.771216, 1.53267e-17))
({x0, x8}, (1.33593e-16, 0.228784, 0.771216, 1.16653e-16))
({x0, x9}, (5.38756e-08, 0.228784, 0.771216, 8.11438e-09))
({x1, x2}, (3.69768e-07, 0.771216, 0.228782, 1.32195e-06))
({x1, x3}, (0.228782, 1.32195e-06, 3.69768e-07, 0.771216))
({x1, x4}, (5.89948e-07, 0.7712, 0.228782, 1.68273e-05))
({x1, x5}, (3.69768e-07, 0.771216, 0.228782, 1.32195e-06))
({x1, x6}, (3.69768e-07, 0.771216, 0.228782, 1.32195e-06))
({x1, x7}, (0.228782, 1.32195e-06, 3.69768e-07, 0.771216))
({x1, x8}, (0.228782, 1.32195e-06, 3.69768e-07, 0.771216))
({x1, x9}, (0.228783, 1.3467e-06, 3.48757e-07, 0.771216))
({x2, x3}, (5.06625e-14, 0.228784, 0.771216, 6.18161e-15))
({x2, x4}, (0.771201, 2.20181e-07, 1.55053e-05, 0.228784))
({x2, x5}, (0.771216, 5.46593e-15, 3.7884e-14, 0.228784))
({x2, x6}, (0.771216, 5.46634e-15, 3.80851e-14, 0.228784))
({x2, x7}, (4.9484e-14, 0.228784, 0.771216, 5.48099e-15))
({x2, x8}, (3.79718e-14, 0.228784, 0.771216, 5.58093e-15))
({x2, x9}, (5.38756e-08, 0.228784, 0.771216, 8.11439e-09))
({x3, x4}, (2.20181e-07, 0.771201, 0.228784, 1.55053e-05))
({x3, x5}, (1.27785e-14, 0.771216, 0.228784, 7.15685e-16))
({x3, x6}, (1.25774e-14, 0.771216, 0.228784, 7.15269e-16))
({x3, x7}, (0.228784, 1.17806e-14, 1.22585e-14, 0.771216))
({x3, x8}, (0.228784, 8.49537e-16, 1.29395e-14, 0.771216))
({x3, x9}, (0.228784, 5.38756e-08, 8.11438e-09, 0.771216))
({x4, x5}, (0.771201, 1.55053e-05, 2.20181e-07, 0.228784))
({x4, x6}, (0.771201, 1.55053e-05, 2.20181e-07, 0.228784))
({x4, x7}, (2.20181e-07, 0.228784, 0.771201, 1.55053e-05))
({x4, x8}, (2.20181e-07, 0.228784, 0.771201, 1.55053e-05))
({x4, x9}, (2.41458e-07, 0.228784, 0.771201, 1.54808e-05))
({x5, x6}, (0.771216, 4.15916e-19, 2.01064e-16, 0.228784))
({x5, x7}, (1.15999e-14, 0.228784, 0.771216, 1.50671e-17))
({x5, x8}, (1.33853e-16, 0.228784, 0.771216, 1.61092e-16))
({x5, x9}, (5.38756e-08, 0.228784, 0.771216, 8.11438e-09))
({x6, x7}, (1.13989e-14, 0.228784, 0.771216, 1.46918e-17))
({x6, x8}, (1.34268e-16, 0.228784, 0.771216, 3.62156e-16))
({x6, x9}, (5.38756e-08, 0.228784, 0.771216, 8.11438e-09))
({x7, x8}, (0.228784, 1.4892e-16, 1.1761e-14, 0.771216))
({x7, x9}, (0.228784, 5.38756e-08, 8.1144e-09, 0.771216))
({x8, x9}, (0.228784, 5.38756e-08, 8.11438e-09, 0.771216))
Exact log partition sum: 105.21
Exact MAP variable marginals:
({x0}, (0.771214, 0.228786))
({x1}, (0.228786, 0.771214))
({x2}, (0.771214, 0.228786))
({x3}, (0.228786, 0.771214))
({x4}, (0.771214, 0.228786))
({x5}, (0.771214, 0.228786))
({x6}, (0.771214, 0.228786))
({x7}, (0.228786, 0.771214))
({x8}, (0.228786, 0.771214))
({x9}, (0.228786, 0.771214))
Exact MAP factor marginals:
({x0}, (0.771214, 0.228786)) == ({x0}, (0.771214, 0.228786))
({x1}, (0.228786, 0.771214)) == ({x1}, (0.228786, 0.771214))
({x2}, (0.771214, 0.228786)) == ({x2}, (0.771214, 0.228786))
({x3}, (0.228786, 0.771214)) == ({x3}, (0.228786, 0.771214))
({x4}, (0.771214, 0.228786)) == ({x4}, (0.771214, 0.228786))
({x5}, (0.771214, 0.228786)) == ({x5}, (0.771214, 0.228786))
({x6}, (0.771214, 0.228786)) == ({x6}, (0.771214, 0.228786))
({x7}, (0.228786, 0.771214)) == ({x7}, (0.228786, 0.771214))
({x8}, (0.228786, 0.771214)) == ({x8}, (0.228786, 0.771214))
({x9}, (0.228786, 0.771214)) == ({x9}, (0.228786, 0.771214))
({x0, x1}, (3.48708e-07, 0.228786, 0.771212, 1.31391e-06)) == ({x0, x1}, (3.48708e-07, 0.228786, 0.771212, 1.31391e-06))
({x0, x2}, (0.771214, 3.6831e-14, 4.05595e-15, 0.228786)) == ({x0, x2}, (0.771214, 3.6831e-14, 4.05595e-15, 0.228786))
({x0, x3}, (1.13909e-14, 0.228786, 0.771214, 3.77971e-16)) == ({x0, x3}, (1.13909e-14, 0.228786, 0.771214, 3.77971e-16))
({x0, x4}, (0.771202, 2.20134e-07, 1.54728e-05, 0.228783)) == ({x0, x4}, (0.771202, 2.20134e-07, 1.54728e-05, 0.228783))
({x0, x5}, (0.771214, 2.57632e-19, 4.44121e-17, 0.228786)) == ({x0, x5}, (0.771214, 2.57632e-19, 4.44121e-17, 0.228786))
({x0, x6}, (0.771214, 4.15487e-19, 1.99695e-16, 0.228786)) == ({x0, x6}, (0.771214, 4.15487e-19, 1.99695e-16, 0.228786))
({x0, x7}, (1.10704e-14, 0.228786, 0.771214, 8.71177e-18)) == ({x0, x7}, (1.10704e-14, 0.228786, 0.771214, 8.71177e-18))
({x0, x8}, (1.33495e-16, 0.228786, 0.771214, 1.15028e-16)) == ({x0, x8}, (1.33495e-16, 0.228786, 0.771214, 1.15028e-16))
({x0, x9}, (3.25515e-08, 0.228786, 0.771214, 8.05969e-09)) == ({x0, x9}, (3.25515e-08, 0.228786, 0.771214, 8.05969e-09))
({x1, x2}, (3.48708e-07, 0.771212, 0.228786, 1.31391e-06)) == ({x1, x2}, (3.48708e-07, 0.771212, 0.228786, 1.31391e-06))
({x1, x3}, (0.228786, 1.31391e-06, 3.48708e-07, 0.771212)) == ({x1, x3}, (0.228786, 1.31391e-06, 3.48708e-07, 0.771212))
({x1, x4}, (3.48703e-07, 0.771202, 0.228783, 1.54728e-05)) == ({x1, x4}, (3.48703e-07, 0.771202, 0.228783, 1.54728e-05))
({x1, x5}, (3.48708e-07, 0.771212, 0.228786, 1.31391e-06)) == ({x1, x5}, (3.48708e-07, 0.771212, 0.228786, 1.31391e-06))
({x1, x6}, (3.48708e-07, 0.771212, 0.228786, 1.31391e-06)) == ({x1, x6}, (3.48708e-07, 0.771212, 0.228786, 1.31391e-06))
({x1, x7}, (0.228786, 1.31391e-06, 3.48708e-07, 0.771212)) == ({x1, x7}, (0.228786, 1.31391e-06, 3.48708e-07, 0.771212))
({x1, x8}, (0.228786, 1.31391e-06, 3.48708e-07, 0.771212)) == ({x1, x8}, (0.228786, 1.31391e-06, 3.48708e-07, 0.771212))
({x1, x9}, (0.228786, 1.31391e-06, 3.48708e-07, 0.771212)) == ({x1, x9}, (0.228786, 1.31391e-06, 3.48708e-07, 0.771212))
({x2, x3}, (3.6831e-14, 0.228786, 0.771214, 4.05595e-15)) == ({x2, x3}, (3.6831e-14, 0.228786, 0.771214, 4.05595e-15))
({x2, x4}, (0.771202, 2.20134e-07, 1.54728e-05, 0.228783)) == ({x2, x4}, (0.771202, 2.20134e-07, 1.54728e-05, 0.228783))
({x2, x5}, (0.771214, 4.05595e-15, 3.6831e-14, 0.228786)) == ({x2, x5}, (0.771214, 4.05595e-15, 3.6831e-14, 0.228786))
({x2, x6}, (0.771214, 4.05595e-15, 3.6831e-14, 0.228786)) == ({x2, x6}, (0.771214, 4.05595e-15, 3.6831e-14, 0.228786))
({x2, x7}, (3.6831e-14, 0.228786, 0.771214, 4.05595e-15)) == ({x2, x7}, (3.6831e-14, 0.228786, 0.771214, 4.05595e-15))
({x2, x8}, (3.6831e-14, 0.228786, 0.771214, 4.05595e-15)) == ({x2, x8}, (3.6831e-14, 0.228786, 0.771214, 4.05595e-15))
({x2, x9}, (3.25515e-08, 0.228786, 0.771214, 8.05969e-09)) == ({x2, x9}, (3.25515e-08, 0.228786, 0.771214, 8.05969e-09))
({x3, x4}, (2.20134e-07, 0.771202, 0.228783, 1.54728e-05)) == ({x3, x4}, (2.20134e-07, 0.771202, 0.228783, 1.54728e-05))
({x3, x5}, (1.13909e-14, 0.771214, 0.228786, 3.77971e-16)) == ({x3, x5}, (1.13909e-14, 0.771214, 0.228786, 3.77971e-16))
({x3, x6}, (1.13909e-14, 0.771214, 0.228786, 3.77971e-16)) == ({x3, x6}, (1.13909e-14, 0.771214, 0.228786, 3.77971e-16))
({x3, x7}, (0.228786, 1.10704e-14, 1.13909e-14, 0.771214)) == ({x3, x7}, (0.228786, 1.10704e-14, 1.13909e-14, 0.771214))
({x3, x8}, (0.228786, 3.77971e-16, 1.13909e-14, 0.771214)) == ({x3, x8}, (0.228786, 3.77971e-16, 1.13909e-14, 0.771214))
({x3, x9}, (0.228786, 3.25515e-08, 8.05969e-09, 0.771214)) == ({x3, x9}, (0.228786, 3.25515e-08, 8.05969e-09, 0.771214))
({x4, x5}, (0.771202, 1.54728e-05, 2.20134e-07, 0.228783)) == ({x4, x5}, (0.771202, 1.54728e-05, 2.20134e-07, 0.228783))
({x4, x6}, (0.771202, 1.54728e-05, 2.20134e-07, 0.228783)) == ({x4, x6}, (0.771202, 1.54728e-05, 2.20134e-07, 0.228783))
({x4, x7}, (2.20134e-07, 0.228783, 0.771202, 1.54728e-05)) == ({x4, x7}, (2.20134e-07, 0.228783, 0.771202, 1.54728e-05))
({x4, x8}, (2.20134e-07, 0.228783, 0.771202, 1.54728e-05)) == ({x4, x8}, (2.20134e-07, 0.228783, 0.771202, 1.54728e-05))
({x4, x9}, (2.20134e-07, 0.228783, 0.771202, 1.54728e-05)) == ({x4, x9}, (2.20134e-07, 0.228783, 0.771202, 1.54728e-05))
({x5, x6}, (0.771214, 4.15487e-19, 1.99695e-16, 0.228786)) == ({x5, x6}, (0.771214, 4.15487e-19, 1.99695e-16, 0.228786))
({x5, x7}, (1.10704e-14, 0.228786, 0.771214, 8.71177e-18)) == ({x5, x7}, (1.10704e-14, 0.228786, 0.771214, 8.71177e-18))
({x5, x8}, (1.33495e-16, 0.228786, 0.771214, 1.15028e-16)) == ({x5, x8}, (1.33495e-16, 0.228786, 0.771214, 1.15028e-16))
({x5, x9}, (3.25515e-08, 0.228786, 0.771214, 8.05969e-09)) == ({x5, x9}, (3.25515e-08, 0.228786, 0.771214, 8.05969e-09))
({x6, x7}, (1.10704e-14, 0.228786, 0.771214, 8.71177e-18)) == ({x6, x7}, (1.10704e-14, 0.228786, 0.771214, 8.71177e-18))
({x6, x8}, (1.33495e-16, 0.228786, 0.771214, 1.99695e-16)) == ({x6, x8}, (1.33495e-16, 0.228786, 0.771214, 1.99695e-16))
({x6, x9}, (3.25515e-08, 0.228786, 0.771214, 8.05969e-09)) == ({x6, x9}, (3.25515e-08, 0.228786, 0.771214, 8.05969e-09))
({x7, x8}, (0.228786, 1.33495e-16, 1.10704e-14, 0.771214)) == ({x7, x8}, (0.228786, 1.33495e-16, 1.10704e-14, 0.771214))
({x7, x9}, (0.228786, 3.25515e-08, 8.05969e-09, 0.771214)) == ({x7, x9}, (0.228786, 3.25515e-08, 8.05969e-09, 0.771214))
({x8, x9}, (0.228786, 3.25515e-08, 8.05969e-09, 0.771214)) == ({x8, x9}, (0.228786, 3.25515e-08, 8.05969e-09, 0.771214))
Exact MAP state (log score = 104.951):
x0: 0
x1: 1
x2: 0
x3: 1
x4: 0
x5: 0
x6: 0
x7: 1
x8: 1
x9: 1
