Builtin inference algorithms: {BP, EXACT, FBP, JTREE, TRWBP}

Exact variable marginals:
({x0}, (0.123066, 0.876934))
({x1}, (0.123066, 0.876934))
({x2}, (0.876934, 0.123066))
({x3}, (0.159403, 0.840597))
({x4}, (0.876934, 0.123066))
({x5}, (0.123066, 0.876934))
({x6}, (0.840721, 0.159279))
({x7}, (0.876934, 0.123066))
({x8}, (0.123049, 0.876951))
({x9}, (0.159107, 0.840893))
Exact factor marginals:
({x0}, (0.123066, 0.876934))
({x1}, (0.123066, 0.876934))
({x2}, (0.876934, 0.123066))
({x3}, (0.159403, 0.840597))
({x4}, (0.876934, 0.123066))
({x5}, (0.123066, 0.876934))
({x6}, (0.840721, 0.159279))
({x7}, (0.876934, 0.123066))
({x8}, (0.123049, 0.876951))
({x9}, (0.159107, 0.840893))
({x0, x1}, (0.123066, 4.82806e-09, 1.49441e-07, 0.876934))
({x0, x2}, (1.51169e-07, 0.876934, 0.123066, 1.2619e-08))
({x0, x3}, (0.0109925, 0.14841, 0.112074, 0.728524))
({x0, x4}, (2.12746e-07, 0.876934, 0.123066, 2.25451e-07))
({x0, x5}, (0.123066, 2.4379e-09, 1.46576e-07, 0.876934))
({x0, x6}, (0.112045, 0.728676, 0.0110212, 0.148258))
({x0, x7}, (1.48502e-07, 0.876934, 0.123066, 8.66908e-09))
({x0, x8}, (0.123043, 6.51187e-06, 2.30322e-05, 0.876927))
({x0, x9}, (0.0110281, 0.148079, 0.112038, 0.728855))
({x1, x2}, (7.01938e-09, 0.876934, 0.123066, 1.30821e-08))
({x1, x3}, (0.0109925, 0.14841, 0.112073, 0.728524))
({x1, x4}, (6.77162e-08, 0.876934, 0.123066, 2.25034e-07))
({x1, x5}, (0.123066, 2.87185e-09, 2.39694e-09, 0.876934))
({x1, x6}, (0.112045, 0.728676, 0.0110212, 0.148258))
({x1, x7}, (4.35158e-09, 0.876934, 0.123066, 9.13213e-09))
({x1, x8}, (0.123043, 6.50792e-06, 2.28836e-05, 0.876928))
({x1, x9}, (0.0110281, 0.148079, 0.112038, 0.728855))
({x2, x3}, (0.14841, 0.0109925, 0.728524, 0.112073))
({x2, x4}, (0.876934, 7.63799e-08, 2.27635e-07, 0.123066))
({x2, x5}, (4.62249e-09, 0.123066, 0.876934, 1.02103e-08))
({x2, x6}, (0.728676, 0.112045, 0.148258, 0.0110213))
({x2, x7}, (0.876934, 1.21359e-08, 1.08537e-08, 0.123066))
({x2, x8}, (6.49925e-06, 0.123043, 0.876928, 2.2881e-05))
({x2, x9}, (0.148079, 0.0110281, 0.728855, 0.112038))
({x3, x4}, (0.14841, 0.728524, 0.0109927, 0.112073))
({x3, x5}, (0.0109925, 0.112073, 0.14841, 0.728524))
({x3, x6}, (0.000157312, 0.840563, 0.159246, 3.3605e-05))
({x3, x7}, (0.14841, 0.728524, 0.0109925, 0.112073))
({x3, x8}, (0.010999, 0.11205, 0.148404, 0.728547))
({x3, x9}, (0.159071, 3.56107e-05, 0.000331479, 0.840561))
({x4, x5}, (6.61986e-08, 0.123066, 0.876934, 2.23042e-07))
({x4, x6}, (0.728676, 0.112045, 0.148258, 0.0110215))
({x4, x7}, (0.876934, 2.24957e-07, 7.24197e-08, 0.123066))
({x4, x8}, (6.57563e-06, 0.123043, 0.876927, 2.31086e-05))
({x4, x9}, (0.148079, 0.0110283, 0.728855, 0.112038))
({x5, x6}, (0.112045, 0.728676, 0.0110212, 0.148258))
({x5, x7}, (1.95463e-09, 0.876934, 0.123066, 6.26028e-09))
({x5, x8}, (0.123043, 6.50943e-06, 2.28856e-05, 0.876928))
({x5, x9}, (0.0110281, 0.148079, 0.112038, 0.728855))
({x6, x7}, (0.728676, 0.148258, 0.112045, 0.0110212))
({x6, x8}, (0.112022, 0.0110278, 0.728699, 0.148251))
({x6, x9}, (6.86009e-06, 0.1591, 0.840714, 0.000179022))
({x7, x8}, (6.51138e-06, 0.123043, 0.876928, 2.28919e-05))
({x7, x9}, (0.148079, 0.0110281, 0.728855, 0.112038))
({x8, x9}, (0.0110346, 0.148072, 0.112015, 0.728878))
Exact log partition sum: 46.7874
Exact MAP variable marginals:
({x0}, (0.133266, 0.866734))
({x1}, (0.133266, 0.866734))
({x2}, (0.866734, 0.133266))
({x3}, (0.168918, 0.831082))
({x4}, (0.866734, 0.133266))
({x5}, (0.133266, 0.866734))
({x6}, (0.831082, 0.168918))
({x7}, (0.866734, 0.133266))
({x8}, (0.133266, 0.866734))
({x9}, (0.168918, 0.831082))
Exact MAP factor marginals:
({x0}, (0.133266, 0.866734)) == ({x0}, (0.133266, 0.866734))
({x1}, (0.133266, 0.866734)) == ({x1}, (0.133266, 0.866734))
({x2}, (0.866734, 0.133266)) == ({x2}, (0.866734, 0.133266))
({x3}, (0.168918, 0.831082)) == ({x3}, (0.168918, 0.831082))
({x4}, (0.866734, 0.133266)) == ({x4}, (0.866734, 0.133266))
({x5}, (0.133266, 0.866734)) == ({x5}, (0.133266, 0.866734))
({x6}, (0.831082, 0.168918)) == ({x6}, (0.831082, 0.168918))
({x7}, (0.866734, 0.133266)) == ({x7}, (0.866734, 0.133266))
({x8}, (0.133266, 0.866734)) == ({x8}, (0.133266, 0.866734))
({x9}, (0.168918, 0.831082)) == ({x9}, (0.168918, 0.831082))
({x0, x1}, (0.133266, 2.89804e-09, 1.74342e-07, 0.866734)) == ({x0, x1}, (0.133266, 2.89804e-09, 1.74342e-07, 0.866734))
({x0, x2}, (1.74342e-07, 0.866734, 0.133266, 8.81745e-09)) == ({x0, x2}, (1.74342e-07, 0.866734, 0.133266, 8.81745e-09))
({x0, x3}, (0.0109969, 0.148132, 0.11206, 0.728812)) == ({x0, x3}, (0.0109969, 0.148132, 0.11206, 0.728812))
({x0, x4}, (1.74342e-07, 0.866733, 0.133266, 2.64015e-07)) == ({x0, x4}, (1.74342e-07, 0.866733, 0.133266, 2.64015e-07))
({x0, x5}, (0.133266, 2.89804e-09, 1.74342e-07, 0.866734)) == ({x0, x5}, (0.133266, 2.89804e-09, 1.74342e-07, 0.866734))
({x0, x6}, (0.11206, 0.728812, 0.0109969, 0.148132)) == ({x0, x6}, (0.11206, 0.728812, 0.0109969, 0.148132))
({x0, x7}, (1.74342e-07, 0.866734, 0.133266, 7.4045e-09)) == ({x0, x7}, (1.74342e-07, 0.866734, 0.133266, 7.4045e-09))
({x0, x8}, (0.133262, 7.72978e-06, 2.72175e-05, 0.866703)) == ({x0, x8}, (0.133262, 7.72978e-06, 2.72175e-05, 0.866703))
({x0, x9}, (0.0109969, 0.148132, 0.11206, 0.728812)) == ({x0, x9}, (0.0109969, 0.148132, 0.11206, 0.728812))
({x1, x2}, (4.82612e-09, 0.866734, 0.133266, 8.81745e-09)) == ({x1, x2}, (4.82612e-09, 0.866734, 0.133266, 8.81745e-09))
({x1, x3}, (0.0109969, 0.148132, 0.11206, 0.728812)) == ({x1, x3}, (0.0109969, 0.148132, 0.11206, 0.728812))
({x1, x4}, (7.8736e-08, 0.866733, 0.133266, 2.64015e-07)) == ({x1, x4}, (7.8736e-08, 0.866733, 0.133266, 2.64015e-07))
({x1, x5}, (0.133266, 3.40285e-09, 1.80497e-09, 0.866734)) == ({x1, x5}, (0.133266, 3.40285e-09, 1.80497e-09, 0.866734))
({x1, x6}, (0.11206, 0.728812, 0.0109969, 0.148132)) == ({x1, x6}, (0.11206, 0.728812, 0.0109969, 0.148132))
({x1, x7}, (2.32228e-09, 0.866734, 0.133266, 7.4045e-09)) == ({x1, x7}, (2.32228e-09, 0.866734, 0.133266, 7.4045e-09))
({x1, x8}, (0.133262, 7.72978e-06, 2.72175e-05, 0.866703)) == ({x1, x8}, (0.133262, 7.72978e-06, 2.72175e-05, 0.866703))
({x1, x9}, (0.0109969, 0.148132, 0.11206, 0.728812)) == ({x1, x9}, (0.0109969, 0.148132, 0.11206, 0.728812))
({x2, x3}, (0.148132, 0.0109969, 0.728812, 0.11206)) == ({x2, x3}, (0.148132, 0.0109969, 0.728812, 0.11206))
({x2, x4}, (0.866733, 7.8736e-08, 2.64015e-07, 0.133266)) == ({x2, x4}, (0.866733, 7.8736e-08, 2.64015e-07, 0.133266))
({x2, x5}, (4.82612e-09, 0.133266, 0.866734, 8.81745e-09)) == ({x2, x5}, (4.82612e-09, 0.133266, 0.866734, 8.81745e-09))
({x2, x6}, (0.728812, 0.11206, 0.148132, 0.0109969)) == ({x2, x6}, (0.728812, 0.11206, 0.148132, 0.0109969))
({x2, x7}, (0.866734, 8.81745e-09, 7.4045e-09, 0.133266)) == ({x2, x7}, (0.866734, 8.81745e-09, 7.4045e-09, 0.133266))
({x2, x8}, (7.72978e-06, 0.133262, 0.866703, 2.72175e-05)) == ({x2, x8}, (7.72978e-06, 0.133262, 0.866703, 2.72175e-05))
({x2, x9}, (0.148132, 0.0109969, 0.728812, 0.11206)) == ({x2, x9}, (0.148132, 0.0109969, 0.728812, 0.11206))
({x3, x4}, (0.148132, 0.728812, 0.0109969, 0.11206)) == ({x3, x4}, (0.148132, 0.728812, 0.0109969, 0.11206))
({x3, x5}, (0.0109969, 0.11206, 0.148132, 0.728812)) == ({x3, x5}, (0.0109969, 0.11206, 0.148132, 0.728812))
({x3, x6}, (0.000179403, 0.830905, 0.168882, 3.28062e-05)) == ({x3, x6}, (0.000179403, 0.830905, 0.168882, 3.28062e-05))
({x3, x7}, (0.148132, 0.728812, 0.0109969, 0.11206)) == ({x3, x7}, (0.148132, 0.728812, 0.0109969, 0.11206))
({x3, x8}, (0.0109969, 0.11206, 0.148132, 0.728812)) == ({x3, x8}, (0.0109969, 0.11206, 0.148132, 0.728812))
({x3, x9}, (0.168879, 3.28055e-05, 0.00019865, 0.830889)) == ({x3, x9}, (0.168879, 3.28055e-05, 0.00019865, 0.830889))
({x4, x5}, (7.8736e-08, 0.133266, 0.866733, 2.64015e-07)) == ({x4, x5}, (7.8736e-08, 0.133266, 0.866733, 2.64015e-07))
({x4, x6}, (0.728812, 0.11206, 0.148132, 0.0109969)) == ({x4, x6}, (0.728812, 0.11206, 0.148132, 0.0109969))
({x4, x7}, (0.866733, 2.64015e-07, 7.8736e-08, 0.133266)) == ({x4, x7}, (0.866733, 2.64015e-07, 7.8736e-08, 0.133266))
({x4, x8}, (7.72978e-06, 0.133262, 0.866703, 2.72175e-05)) == ({x4, x8}, (7.72978e-06, 0.133262, 0.866703, 2.72175e-05))
({x4, x9}, (0.148132, 0.0109969, 0.728812, 0.11206)) == ({x4, x9}, (0.148132, 0.0109969, 0.728812, 0.11206))
({x5, x6}, (0.11206, 0.728812, 0.0109969, 0.148132)) == ({x5, x6}, (0.11206, 0.728812, 0.0109969, 0.148132))
({x5, x7}, (2.32228e-09, 0.866734, 0.133266, 7.4045e-09)) == ({x5, x7}, (2.32228e-09, 0.866734, 0.133266, 7.4045e-09))
({x5, x8}, (0.133262, 7.72978e-06, 2.72175e-05, 0.866703)) == ({x5, x8}, (0.133262, 7.72978e-06, 2.72175e-05, 0.866703))
({x5, x9}, (0.0109969, 0.148132, 0.11206, 0.728812)) == ({x5, x9}, (0.0109969, 0.148132, 0.11206, 0.728812))
({x6, x7}, (0.728812, 0.148132, 0.11206, 0.0109969)) == ({x6, x7}, (0.728812, 0.148132, 0.11206, 0.0109969))
({x6, x8}, (0.11206, 0.0109969, 0.728812, 0.148132)) == ({x6, x8}, (0.11206, 0.0109969, 0.728812, 0.148132))
({x6, x9}, (7.80564e-06, 0.168883, 0.83091, 0.000198655)) == ({x6, x9}, (7.80564e-06, 0.168883, 0.83091, 0.000198655))
({x7, x8}, (7.72978e-06, 0.133262, 0.866703, 2.72175e-05)) == ({x7, x8}, (7.72978e-06, 0.133262, 0.866703, 2.72175e-05))
({x7, x9}, (0.148132, 0.0109969, 0.728812, 0.11206)) == ({x7, x9}, (0.148132, 0.0109969, 0.728812, 0.11206))
({x8, x9}, (0.0109969, 0.148132, 0.11206, 0.728812)) == ({x8, x9}, (0.0109969, 0.148132, 0.11206, 0.728812))
Exact MAP state (log score = 46.4707):
x0: 1
x1: 1
x2: 0
x3: 1
x4: 0
x5: 1
x6: 0
x7: 0
x8: 1
x9: 1
