Builtin inference algorithms: {BP, EXACT, FBP, JTREE, TRWBP}

Exact variable marginals:
({x0}, (0.00921768, 0.990782))
({x1}, (0.00920255, 0.990797))
({x2}, (0.00920282, 0.990797))
({x3}, (0.0092026, 0.990797))
({x4}, (0.00934915, 0.990651))
({x5}, (0.99097, 0.00902962))
({x6}, (0.990797, 0.00920279))
({x7}, (0.990797, 0.0092026))
({x8}, (0.990478, 0.00952203))
({x9}, (0.990478, 0.0095224))
Exact factor marginals:
({x0}, (0.00921768, 0.990782))
({x1}, (0.00920255, 0.990797))
({x2}, (0.00920282, 0.990797))
({x3}, (0.0092026, 0.990797))
({x4}, (0.00934915, 0.990651))
({x5}, (0.99097, 0.00902962))
({x6}, (0.990797, 0.00920279))
({x7}, (0.990797, 0.0092026))
({x8}, (0.990478, 0.00952203))
({x9}, (0.990478, 0.0095224))
({x0, x1}, (0.00920016, 2.3951e-06, 1.75202e-05, 0.99078))
({x0, x2}, (0.00920043, 2.38538e-06, 1.72469e-05, 0.99078))
({x0, x3}, (0.00920021, 2.39138e-06, 1.74642e-05, 0.99078))
({x0, x4}, (0.00802606, 0.0013231, 0.00119162, 0.989459))
({x0, x5}, (0.000211706, 0.990759, 0.00900597, 2.36476e-05))
({x0, x6}, (1.73135e-05, 0.99078, 0.00920036, 2.42397e-06))
({x0, x7}, (1.74642e-05, 0.99078, 0.00920021, 2.39138e-06))
({x0, x8}, (0.000997354, 0.989481, 0.00822032, 0.00130171))
({x0, x9}, (0.000997163, 0.98948, 0.00822051, 0.00130188))
({x1, x2}, (0.00920254, 2.73699e-07, 1.00846e-08, 0.990797))
({x1, x3}, (0.00920255, 5.60262e-08, 3.7344e-09, 0.990797))
({x1, x4}, (0.00800888, 0.00134028, 0.00119368, 0.989457))
({x1, x5}, (0.000194245, 0.990776, 0.00900831, 2.13122e-05))
({x1, x6}, (6.54077e-08, 0.990797, 0.00920249, 3.01006e-07))
({x1, x7}, (3.73483e-09, 0.990797, 0.00920255, 5.6037e-08))
({x1, x8}, (0.00099941, 0.989479, 0.00820314, 0.00131889))
({x1, x9}, (0.000999423, 0.989478, 0.00820313, 0.00131927))
({x2, x3}, (0.0092026, 6.3651e-09, 2.17688e-07, 0.990797))
({x2, x4}, (0.00800887, 0.00134029, 0.00119395, 0.989457))
({x2, x5}, (0.000194459, 0.990776, 0.00900836, 2.12626e-05))
({x2, x6}, (7.47719e-08, 0.990797, 0.00920274, 4.67555e-08))
({x2, x7}, (2.17687e-07, 0.990797, 0.0092026, 6.37414e-09))
({x2, x8}, (0.000999683, 0.989478, 0.00820313, 0.0013189))
({x2, x9}, (0.000999493, 0.989478, 0.00820332, 0.00131907))
({x3, x4}, (0.00800887, 0.00134028, 0.00119373, 0.989457))
({x3, x5}, (0.000194242, 0.990776, 0.00900836, 2.12562e-05))
({x3, x6}, (6.16882e-08, 0.990797, 0.00920254, 2.44995e-07))
({x3, x7}, (4.31472e-13, 0.990797, 0.0092026, 1.07629e-11))
({x3, x8}, (0.000999466, 0.989479, 0.00820314, 0.00131889))
({x3, x9}, (0.000999479, 0.989478, 0.00820313, 0.00131927))
({x4, x5}, (0.00131902, 0.989651, 0.00803013, 0.00099949))
({x4, x6}, (0.00134025, 0.989457, 0.0080089, 0.00119388))
({x4, x7}, (0.00134028, 0.989457, 0.00800887, 0.00119373))
({x4, x8}, (2.13856e-05, 0.990457, 0.00932777, 0.000194266))
({x4, x9}, (2.13986e-05, 0.990456, 0.00932775, 0.000194641))
({x5, x6}, (0.990776, 2.13179e-05, 0.000194487, 0.0090083))
({x5, x7}, (0.990776, 2.12562e-05, 0.000194242, 0.00900836))
({x5, x8}, (0.989457, 0.00102072, 0.00151314, 0.0080089))
({x5, x9}, (0.989457, 0.00102074, 0.00151351, 0.00800888))
({x6, x7}, (0.990797, 2.44987e-07, 6.16912e-08, 0.00920254))
({x6, x8}, (0.989478, 0.000999617, 0.00131886, 0.00820317))
({x6, x9}, (0.989478, 0.000999418, 0.00131903, 0.00820337))
({x7, x8}, (0.989479, 0.000999466, 0.00131889, 0.00820314))
({x7, x9}, (0.989478, 0.000999479, 0.00131927, 0.00820313))
({x8, x9}, (0.990478, 1.33622e-08, 3.75529e-07, 0.00952202))
Exact log partition sum: 78.088
Exact MAP variable marginals:
({x0}, (0.00802921, 0.991971))
({x1}, (0.00802921, 0.991971))
({x2}, (0.00802921, 0.991971))
({x3}, (0.00802921, 0.991971))
({x4}, (0.00802921, 0.991971))
({x5}, (0.991971, 0.00802921))
({x6}, (0.991971, 0.00802921))
({x7}, (0.991971, 0.00802921))
({x8}, (0.991971, 0.00802921))
({x9}, (0.991971, 0.00802921))
Exact MAP factor marginals:
({x0}, (0.00802921, 0.991971)) == ({x0}, (0.00802921, 0.991971))
({x1}, (0.00802921, 0.991971)) == ({x1}, (0.00802921, 0.991971))
({x2}, (0.00802921, 0.991971)) == ({x2}, (0.00802921, 0.991971))
({x3}, (0.00802921, 0.991971)) == ({x3}, (0.00802921, 0.991971))
({x4}, (0.00802921, 0.991971)) == ({x4}, (0.00802921, 0.991971))
({x5}, (0.991971, 0.00802921)) == ({x5}, (0.991971, 0.00802921))
({x6}, (0.991971, 0.00802921)) == ({x6}, (0.991971, 0.00802921))
({x7}, (0.991971, 0.00802921)) == ({x7}, (0.991971, 0.00802921))
({x8}, (0.991971, 0.00802921)) == ({x8}, (0.991971, 0.00802921))
({x9}, (0.991971, 0.00802921)) == ({x9}, (0.991971, 0.00802921))
({x0, x1}, (0.00802905, 2.38917e-06, 1.72285e-05, 0.991951)) == ({x0, x1}, (0.00802905, 2.38917e-06, 1.72285e-05, 0.991951))
({x0, x2}, (0.00802905, 2.38917e-06, 1.72285e-05, 0.991951)) == ({x0, x2}, (0.00802905, 2.38917e-06, 1.72285e-05, 0.991951))
({x0, x3}, (0.00802905, 2.38917e-06, 1.72285e-05, 0.991951)) == ({x0, x3}, (0.00802905, 2.38917e-06, 1.72285e-05, 0.991951))
({x0, x4}, (0.00801075, 0.00130197, 0.000997207, 0.98969)) == ({x0, x4}, (0.00801075, 0.00130197, 0.000997207, 0.98969))
({x0, x5}, (0.000194693, 0.991757, 0.00802748, 2.13053e-05)) == ({x0, x5}, (0.000194693, 0.991757, 0.00802748, 2.13053e-05))
({x0, x6}, (1.72285e-05, 0.991951, 0.00802905, 2.38917e-06)) == ({x0, x6}, (1.72285e-05, 0.991951, 0.00802905, 2.38917e-06))
({x0, x7}, (1.72285e-05, 0.991951, 0.00802905, 2.38917e-06)) == ({x0, x7}, (1.72285e-05, 0.991951, 0.00802905, 2.38917e-06))
({x0, x8}, (0.000997207, 0.98969, 0.00801075, 0.00130197)) == ({x0, x8}, (0.000997207, 0.98969, 0.00801075, 0.00130197))
({x0, x9}, (0.000997207, 0.98969, 0.00801075, 0.00130197)) == ({x0, x9}, (0.000997207, 0.98969, 0.00801075, 0.00130197))
({x1, x2}, (0.00802921, 1.98075e-07, 6.29449e-09, 0.991971)) == ({x1, x2}, (0.00802921, 1.98075e-07, 6.29449e-09, 0.991971))
({x1, x3}, (0.00802921, 5.61493e-08, 3.73741e-09, 0.991971)) == ({x1, x3}, (0.00802921, 5.61493e-08, 3.73741e-09, 0.991971))
({x1, x4}, (0.00801075, 0.00130197, 0.000997207, 0.98969)) == ({x1, x4}, (0.00801075, 0.00130197, 0.000997207, 0.98969))
({x1, x5}, (0.000194693, 0.991757, 0.00802748, 2.13053e-05)) == ({x1, x5}, (0.000194693, 0.991757, 0.00802748, 2.13053e-05))
({x1, x6}, (5.31271e-08, 0.991971, 0.00802921, 1.98075e-07)) == ({x1, x6}, (5.31271e-08, 0.991971, 0.00802921, 1.98075e-07))
({x1, x7}, (3.73741e-09, 0.991971, 0.00802921, 5.61493e-08)) == ({x1, x7}, (3.73741e-09, 0.991971, 0.00802921, 5.61493e-08))
({x1, x8}, (0.000997207, 0.98969, 0.00801075, 0.00130197)) == ({x1, x8}, (0.000997207, 0.98969, 0.00801075, 0.00130197))
({x1, x9}, (0.000997207, 0.98969, 0.00801075, 0.00130197)) == ({x1, x9}, (0.000997207, 0.98969, 0.00801075, 0.00130197))
({x2, x3}, (0.00802921, 6.29449e-09, 1.98075e-07, 0.991971)) == ({x2, x3}, (0.00802921, 6.29449e-09, 1.98075e-07, 0.991971))
({x2, x4}, (0.00801075, 0.00130197, 0.000997207, 0.98969)) == ({x2, x4}, (0.00801075, 0.00130197, 0.000997207, 0.98969))
({x2, x5}, (0.000194693, 0.991757, 0.00802748, 2.13053e-05)) == ({x2, x5}, (0.000194693, 0.991757, 0.00802748, 2.13053e-05))
({x2, x6}, (5.31271e-08, 0.991971, 0.00802921, 3.26261e-08)) == ({x2, x6}, (5.31271e-08, 0.991971, 0.00802921, 3.26261e-08))
({x2, x7}, (1.98075e-07, 0.991971, 0.00802921, 6.29449e-09)) == ({x2, x7}, (1.98075e-07, 0.991971, 0.00802921, 6.29449e-09))
({x2, x8}, (0.000997207, 0.98969, 0.00801075, 0.00130197)) == ({x2, x8}, (0.000997207, 0.98969, 0.00801075, 0.00130197))
({x2, x9}, (0.000997207, 0.98969, 0.00801075, 0.00130197)) == ({x2, x9}, (0.000997207, 0.98969, 0.00801075, 0.00130197))
({x3, x4}, (0.00801075, 0.00130197, 0.000997207, 0.98969)) == ({x3, x4}, (0.00801075, 0.00130197, 0.000997207, 0.98969))
({x3, x5}, (0.000194693, 0.991757, 0.00802748, 2.13053e-05)) == ({x3, x5}, (0.000194693, 0.991757, 0.00802748, 2.13053e-05))
({x3, x6}, (5.31271e-08, 0.991971, 0.00802921, 1.98075e-07)) == ({x3, x6}, (5.31271e-08, 0.991971, 0.00802921, 1.98075e-07))
({x3, x7}, (2.02189e-13, 0.991971, 0.00802921, 5.8337e-12)) == ({x3, x7}, (2.02189e-13, 0.991971, 0.00802921, 5.8337e-12))
({x3, x8}, (0.000997207, 0.98969, 0.00801075, 0.00130197)) == ({x3, x8}, (0.000997207, 0.98969, 0.00801075, 0.00130197))
({x3, x9}, (0.000997207, 0.98969, 0.00801075, 0.00130197)) == ({x3, x9}, (0.000997207, 0.98969, 0.00801075, 0.00130197))
({x4, x5}, (0.00130197, 0.98969, 0.00801075, 0.000997207)) == ({x4, x5}, (0.00130197, 0.98969, 0.00801075, 0.000997207))
({x4, x6}, (0.00130197, 0.98969, 0.00801075, 0.000997207)) == ({x4, x6}, (0.00130197, 0.98969, 0.00801075, 0.000997207))
({x4, x7}, (0.00130197, 0.98969, 0.00801075, 0.000997207)) == ({x4, x7}, (0.00130197, 0.98969, 0.00801075, 0.000997207))
({x4, x8}, (2.13053e-05, 0.991757, 0.00802748, 0.000194693)) == ({x4, x8}, (2.13053e-05, 0.991757, 0.00802748, 0.000194693))
({x4, x9}, (2.13053e-05, 0.991757, 0.00802748, 0.000194693)) == ({x4, x9}, (2.13053e-05, 0.991757, 0.00802748, 0.000194693))
({x5, x6}, (0.991757, 2.13053e-05, 0.000194693, 0.00802748)) == ({x5, x6}, (0.991757, 2.13053e-05, 0.000194693, 0.00802748))
({x5, x7}, (0.991757, 2.13053e-05, 0.000194693, 0.00802748)) == ({x5, x7}, (0.991757, 2.13053e-05, 0.000194693, 0.00802748))
({x5, x8}, (0.98969, 0.000997207, 0.00130197, 0.00801075)) == ({x5, x8}, (0.98969, 0.000997207, 0.00130197, 0.00801075))
({x5, x9}, (0.98969, 0.000997207, 0.00130197, 0.00801075)) == ({x5, x9}, (0.98969, 0.000997207, 0.00130197, 0.00801075))
({x6, x7}, (0.991971, 1.98075e-07, 5.31271e-08, 0.00802921)) == ({x6, x7}, (0.991971, 1.98075e-07, 5.31271e-08, 0.00802921))
({x6, x8}, (0.98969, 0.000997207, 0.00130197, 0.00801075)) == ({x6, x8}, (0.98969, 0.000997207, 0.00130197, 0.00801075))
({x6, x9}, (0.98969, 0.000997207, 0.00130197, 0.00801075)) == ({x6, x9}, (0.98969, 0.000997207, 0.00130197, 0.00801075))
({x7, x8}, (0.98969, 0.000997207, 0.00130197, 0.00801075)) == ({x7, x8}, (0.98969, 0.000997207, 0.00130197, 0.00801075))
({x7, x9}, (0.98969, 0.000997207, 0.00130197, 0.00801075)) == ({x7, x9}, (0.98969, 0.000997207, 0.00130197, 0.00801075))
({x8, x9}, (0.991971, 6.29449e-09, 1.98075e-07, 0.00802921)) == ({x8, x9}, (0.991971, 6.29449e-09, 1.98075e-07, 0.00802921))
Exact MAP state (log score = 78.0774):
x0: 1
x1: 1
x2: 1
x3: 1
x4: 1
x5: 0
x6: 0
x7: 0
x8: 0
x9: 0
