Builtin inference algorithms: {BP, EXACT, FBP, JTREE, TRWBP}

Exact variable marginals:
({x0}, (0.00477438, 0.995226))
({x1}, (0.995226, 0.00477438))
({x2}, (0.00477438, 0.995226))
({x3}, (0.00477578, 0.995224))
({x4}, (0.00477438, 0.995226))
({x5}, (0.0048229, 0.995177))
({x6}, (0.995226, 0.00477438))
({x7}, (0.00482274, 0.995177))
({x8}, (0.0047744, 0.995226))
({x9}, (0.00477438, 0.995226))
Exact factor marginals:
({x0}, (0.00477438, 0.995226))
({x1}, (0.995226, 0.00477438))
({x2}, (0.00477438, 0.995226))
({x3}, (0.00477578, 0.995224))
({x4}, (0.00477438, 0.995226))
({x5}, (0.0048229, 0.995177))
({x6}, (0.995226, 0.00477438))
({x7}, (0.00482274, 0.995177))
({x8}, (0.0047744, 0.995226))
({x9}, (0.00477438, 0.995226))
({x0, x1}, (2.42343e-13, 0.995226, 0.00477438, 1.34154e-14))
({x0, x2}, (0.00477438, 3.37866e-13, 2.61033e-13, 0.995226))
({x0, x3}, (0.00477438, 1.40584e-06, 4.06073e-10, 0.995224))
({x0, x4}, (0.00477438, 1.33783e-12, 2.48251e-13, 0.995226))
({x0, x5}, (0.00477432, 4.85867e-05, 6.0392e-08, 0.995177))
({x0, x6}, (2.49423e-13, 0.995226, 0.00477438, 7.91059e-12))
({x0, x7}, (0.00477432, 4.84182e-05, 5.8344e-08, 0.995177))
({x0, x8}, (0.00477438, 2.25419e-08, 1.07669e-10, 0.995226))
({x0, x9}, (0.00477438, 1.2296e-14, 2.42232e-13, 0.995226))
({x1, x2}, (3.25686e-13, 0.00477438, 0.995226, 1.99268e-14))
({x1, x3}, (1.40584e-06, 0.00477438, 0.995224, 4.05831e-10))
({x1, x4}, (1.32565e-12, 0.00477438, 0.995226, 7.14472e-15))
({x1, x5}, (4.85867e-05, 0.00477432, 0.995177, 6.03917e-08))
({x1, x6}, (0.995226, 1.15317e-14, 7.90163e-12, 0.00477438))
({x1, x7}, (4.84182e-05, 0.00477432, 0.995177, 5.83439e-08))
({x1, x8}, (2.25419e-08, 0.00477438, 0.995226, 1.07427e-10))
({x1, x9}, (1.16569e-16, 0.00477438, 0.995226, 1.12527e-15))
({x2, x3}, (0.00477438, 1.40584e-06, 4.06156e-10, 0.995224))
({x2, x4}, (0.00477438, 1.34434e-12, 3.31594e-13, 0.995226))
({x2, x5}, (0.00477432, 4.85867e-05, 6.03917e-08, 0.995177))
({x2, x6}, (3.37009e-13, 0.995226, 0.00477438, 7.92134e-12))
({x2, x7}, (0.00477432, 4.84182e-05, 5.83442e-08, 0.995177))
({x2, x8}, (0.00477438, 2.25419e-08, 1.07752e-10, 0.995226))
({x2, x9}, (0.00477438, 1.8806e-14, 3.25574e-13, 0.995226))
({x3, x4}, (0.00477438, 4.06685e-10, 1.40584e-06, 0.995224))
({x3, x5}, (0.00477558, 4.73233e-05, 2.02458e-07, 0.995177))
({x3, x6}, (1.40584e-06, 0.995224, 0.00477438, 4.11968e-10))
({x3, x7}, (0.00477556, 4.71735e-05, 2.19109e-07, 0.995177))
({x3, x8}, (0.0047744, 3.26614e-10, 1.38332e-06, 0.995224))
({x3, x9}, (0.00477438, 4.05831e-10, 1.40584e-06, 0.995224))
({x4, x5}, (0.00477432, 4.85867e-05, 6.0393e-08, 0.995177))
({x4, x6}, (1.33697e-12, 0.995226, 0.00477438, 7.90856e-12))
({x4, x7}, (0.00477432, 4.84182e-05, 5.83452e-08, 0.995177))
({x4, x8}, (0.00477438, 2.25419e-08, 1.08752e-10, 0.995226))
({x4, x9}, (0.00477438, 6.02356e-15, 1.32554e-12, 0.995226))
({x5, x6}, (4.85867e-05, 0.995177, 0.00477432, 6.03921e-08))
({x5, x7}, (0.00482272, 1.40843e-08, 1.80513e-07, 0.995177))
({x5, x8}, (0.00477434, 6.02843e-08, 4.85641e-05, 0.995177))
({x5, x9}, (0.00477432, 6.03917e-08, 4.85867e-05, 0.995177))
({x6, x7}, (4.84182e-05, 0.00477432, 0.995177, 5.83442e-08))
({x6, x8}, (2.25419e-08, 0.00477438, 0.995226, 1.15328e-10))
({x6, x9}, (1.14396e-14, 0.00477438, 0.995226, 7.90254e-12))
({x7, x8}, (0.00477434, 5.82364e-08, 4.83956e-05, 0.995177))
({x7, x9}, (0.00477432, 5.83439e-08, 4.84182e-05, 0.995177))
({x8, x9}, (0.00477438, 1.07427e-10, 2.25419e-08, 0.995226))
Exact log partition sum: 80.735
Exact MAP variable marginals:
({x0}, (0.00477455, 0.995225))
({x1}, (0.995225, 0.00477455))
({x2}, (0.00477455, 0.995225))
({x3}, (0.00477455, 0.995225))
({x4}, (0.00477455, 0.995225))
({x5}, (0.00477455, 0.995225))
({x6}, (0.995225, 0.00477455))
({x7}, (0.00477455, 0.995225))
({x8}, (0.00477455, 0.995225))
({x9}, (0.00477455, 0.995225))
Exact MAP factor marginals:
({x0}, (0.00477455, 0.995225)) == ({x0}, (0.00477455, 0.995225))
({x1}, (0.995225, 0.00477455)) == ({x1}, (0.995225, 0.00477455))
({x2}, (0.00477455, 0.995225)) == ({x2}, (0.00477455, 0.995225))
({x3}, (0.00477455, 0.995225)) == ({x3}, (0.00477455, 0.995225))
({x4}, (0.00477455, 0.995225)) == ({x4}, (0.00477455, 0.995225))
({x5}, (0.00477455, 0.995225)) == ({x5}, (0.00477455, 0.995225))
({x6}, (0.995225, 0.00477455)) == ({x6}, (0.995225, 0.00477455))
({x7}, (0.00477455, 0.995225)) == ({x7}, (0.00477455, 0.995225))
({x8}, (0.00477455, 0.995225)) == ({x8}, (0.00477455, 0.995225))
({x9}, (0.00477455, 0.995225)) == ({x9}, (0.00477455, 0.995225))
({x0, x1}, (1.63959e-13, 0.995225, 0.00477455, 1.17288e-14)) == ({x0, x1}, (1.63959e-13, 0.995225, 0.00477455, 1.17288e-14))
({x0, x2}, (0.00477455, 2.86126e-13, 1.63959e-13, 0.995225)) == ({x0, x2}, (0.00477455, 2.86126e-13, 1.63959e-13, 0.995225))
({x0, x3}, (0.00477454, 1.22232e-06, 1.86073e-10, 0.995224)) == ({x0, x3}, (0.00477454, 1.22232e-06, 1.86073e-10, 0.995224))
({x0, x4}, (0.00477455, 8.54817e-13, 1.63959e-13, 0.995225)) == ({x0, x4}, (0.00477455, 8.54817e-13, 1.63959e-13, 0.995225))
({x0, x5}, (0.00477432, 4.71614e-05, 5.80448e-08, 0.995178)) == ({x0, x5}, (0.00477432, 4.71614e-05, 5.80448e-08, 0.995178))
({x0, x6}, (1.63959e-13, 0.995225, 0.00477455, 5.75126e-12)) == ({x0, x6}, (1.63959e-13, 0.995225, 0.00477455, 5.75126e-12))
({x0, x7}, (0.00477432, 4.71614e-05, 5.80448e-08, 0.995178)) == ({x0, x7}, (0.00477432, 4.71614e-05, 5.80448e-08, 0.995178))
({x0, x8}, (0.00477455, 2.25158e-08, 1.06394e-10, 0.995225)) == ({x0, x8}, (0.00477455, 2.25158e-08, 1.06394e-10, 0.995225))
({x0, x9}, (0.00477455, 1.17288e-14, 1.63959e-13, 0.995225)) == ({x0, x9}, (0.00477455, 1.17288e-14, 1.63959e-13, 0.995225))
({x1, x2}, (2.86126e-13, 0.00477455, 0.995225, 1.82161e-14)) == ({x1, x2}, (2.86126e-13, 0.00477455, 0.995225, 1.82161e-14))
({x1, x3}, (1.22232e-06, 0.00477454, 0.995224, 1.86073e-10)) == ({x1, x3}, (1.22232e-06, 0.00477454, 0.995224, 1.86073e-10))
({x1, x4}, (8.54817e-13, 0.00477455, 0.995225, 5.636e-15)) == ({x1, x4}, (8.54817e-13, 0.00477455, 0.995225, 5.636e-15))
({x1, x5}, (4.71614e-05, 0.00477432, 0.995178, 5.80448e-08)) == ({x1, x5}, (4.71614e-05, 0.00477432, 0.995178, 5.80448e-08))
({x1, x6}, (0.995225, 8.71624e-15, 5.75126e-12, 0.00477455)) == ({x1, x6}, (0.995225, 8.71624e-15, 5.75126e-12, 0.00477455))
({x1, x7}, (4.71614e-05, 0.00477432, 0.995178, 5.80448e-08)) == ({x1, x7}, (4.71614e-05, 0.00477432, 0.995178, 5.80448e-08))
({x1, x8}, (2.25158e-08, 0.00477455, 0.995225, 1.06394e-10)) == ({x1, x8}, (2.25158e-08, 0.00477455, 0.995225, 1.06394e-10))
({x1, x9}, (8.58744e-17, 0.00477455, 0.995225, 5.46628e-16)) == ({x1, x9}, (8.58744e-17, 0.00477455, 0.995225, 5.46628e-16))
({x2, x3}, (0.00477454, 1.22232e-06, 1.86073e-10, 0.995224)) == ({x2, x3}, (0.00477454, 1.22232e-06, 1.86073e-10, 0.995224))
({x2, x4}, (0.00477455, 8.54817e-13, 2.86126e-13, 0.995225)) == ({x2, x4}, (0.00477455, 8.54817e-13, 2.86126e-13, 0.995225))
({x2, x5}, (0.00477432, 4.71614e-05, 5.80448e-08, 0.995178)) == ({x2, x5}, (0.00477432, 4.71614e-05, 5.80448e-08, 0.995178))
({x2, x6}, (2.86126e-13, 0.995225, 0.00477455, 5.75126e-12)) == ({x2, x6}, (2.86126e-13, 0.995225, 0.00477455, 5.75126e-12))
({x2, x7}, (0.00477432, 4.71614e-05, 5.80448e-08, 0.995178)) == ({x2, x7}, (0.00477432, 4.71614e-05, 5.80448e-08, 0.995178))
({x2, x8}, (0.00477455, 2.25158e-08, 1.06394e-10, 0.995225)) == ({x2, x8}, (0.00477455, 2.25158e-08, 1.06394e-10, 0.995225))
({x2, x9}, (0.00477455, 1.82161e-14, 2.86126e-13, 0.995225)) == ({x2, x9}, (0.00477455, 1.82161e-14, 2.86126e-13, 0.995225))
({x3, x4}, (0.00477454, 1.86073e-10, 1.22232e-06, 0.995224)) == ({x3, x4}, (0.00477454, 1.86073e-10, 1.22232e-06, 0.995224))
({x3, x5}, (0.00477432, 4.71614e-05, 1.42388e-07, 0.995178)) == ({x3, x5}, (0.00477432, 4.71614e-05, 1.42388e-07, 0.995178))
({x3, x6}, (1.22232e-06, 0.995224, 0.00477454, 1.86073e-10)) == ({x3, x6}, (1.22232e-06, 0.995224, 0.00477454, 1.86073e-10))
({x3, x7}, (0.00477432, 4.71614e-05, 1.42388e-07, 0.995178)) == ({x3, x7}, (0.00477432, 4.71614e-05, 1.42388e-07, 0.995178))
({x3, x8}, (0.00477454, 1.86073e-10, 1.22232e-06, 0.995224)) == ({x3, x8}, (0.00477454, 1.86073e-10, 1.22232e-06, 0.995224))
({x3, x9}, (0.00477454, 1.86073e-10, 1.22232e-06, 0.995224)) == ({x3, x9}, (0.00477454, 1.86073e-10, 1.22232e-06, 0.995224))
({x4, x5}, (0.00477432, 4.71614e-05, 5.80448e-08, 0.995178)) == ({x4, x5}, (0.00477432, 4.71614e-05, 5.80448e-08, 0.995178))
({x4, x6}, (8.54817e-13, 0.995225, 0.00477455, 5.75126e-12)) == ({x4, x6}, (8.54817e-13, 0.995225, 0.00477455, 5.75126e-12))
({x4, x7}, (0.00477432, 4.71614e-05, 5.80448e-08, 0.995178)) == ({x4, x7}, (0.00477432, 4.71614e-05, 5.80448e-08, 0.995178))
({x4, x8}, (0.00477455, 2.25158e-08, 1.06394e-10, 0.995225)) == ({x4, x8}, (0.00477455, 2.25158e-08, 1.06394e-10, 0.995225))
({x4, x9}, (0.00477455, 5.636e-15, 8.54817e-13, 0.995225)) == ({x4, x9}, (0.00477455, 5.636e-15, 8.54817e-13, 0.995225))
({x5, x6}, (4.71614e-05, 0.995178, 0.00477432, 5.80448e-08)) == ({x5, x6}, (4.71614e-05, 0.995178, 0.00477432, 5.80448e-08))
({x5, x7}, (0.00477455, 1.20313e-08, 1.61846e-07, 0.995225)) == ({x5, x7}, (0.00477455, 1.20313e-08, 1.61846e-07, 0.995225))
({x5, x8}, (0.00477432, 5.80448e-08, 4.71614e-05, 0.995178)) == ({x5, x8}, (0.00477432, 5.80448e-08, 4.71614e-05, 0.995178))
({x5, x9}, (0.00477432, 5.80448e-08, 4.71614e-05, 0.995178)) == ({x5, x9}, (0.00477432, 5.80448e-08, 4.71614e-05, 0.995178))
({x6, x7}, (4.71614e-05, 0.00477432, 0.995178, 5.80448e-08)) == ({x6, x7}, (4.71614e-05, 0.00477432, 0.995178, 5.80448e-08))
({x6, x8}, (2.25158e-08, 0.00477455, 0.995225, 1.06394e-10)) == ({x6, x8}, (2.25158e-08, 0.00477455, 0.995225, 1.06394e-10))
({x6, x9}, (8.71624e-15, 0.00477455, 0.995225, 5.75126e-12)) == ({x6, x9}, (8.71624e-15, 0.00477455, 0.995225, 5.75126e-12))
({x7, x8}, (0.00477432, 5.80448e-08, 4.71614e-05, 0.995178)) == ({x7, x8}, (0.00477432, 5.80448e-08, 4.71614e-05, 0.995178))
({x7, x9}, (0.00477432, 5.80448e-08, 4.71614e-05, 0.995178)) == ({x7, x9}, (0.00477432, 5.80448e-08, 4.71614e-05, 0.995178))
({x8, x9}, (0.00477455, 1.06394e-10, 2.25158e-08, 0.995225)) == ({x8, x9}, (0.00477455, 1.06394e-10, 2.25158e-08, 0.995225))
Exact MAP state (log score = 80.7302):
x0: 1
x1: 0
x2: 1
x3: 1
x4: 1
x5: 1
x6: 0
x7: 1
x8: 1
x9: 1
