Builtin inference algorithms: {BP, EXACT, FBP, JTREE, TRWBP}

Exact variable marginals:
({x0}, (0.995107, 0.00489316))
({x1}, (0.995107, 0.00489317))
({x2}, (0.00489316, 0.995107))
({x3}, (0.00489316, 0.995107))
({x4}, (0.0048933, 0.995107))
({x5}, (0.990957, 0.00904271))
({x6}, (0.995098, 0.00490213))
({x7}, (0.995107, 0.00489316))
({x8}, (0.00489316, 0.995107))
({x9}, (0.00489316, 0.995107))
Exact factor marginals:
({x0}, (0.995107, 0.00489316))
({x1}, (0.995107, 0.00489317))
({x2}, (0.00489316, 0.995107))
({x3}, (0.00489316, 0.995107))
({x4}, (0.0048933, 0.995107))
({x5}, (0.990957, 0.00904271))
({x6}, (0.995098, 0.00490213))
({x7}, (0.995107, 0.00489316))
({x8}, (0.00489316, 0.995107))
({x9}, (0.00489316, 0.995107))
({x0, x1}, (0.995107, 4.757e-11, 1.31302e-08, 0.00489316))
({x0, x2}, (1.43922e-17, 0.00489316, 0.995107, 8.54773e-19))
({x0, x3}, (2.7356e-16, 0.00489316, 0.995107, 7.94602e-16))
({x0, x4}, (1.49733e-07, 0.00489315, 0.995107, 1.25699e-08))
({x0, x5}, (0.99066, 0.000297162, 0.00444671, 0.004596))
({x0, x6}, (0.995098, 2.73152e-07, 9.24529e-06, 0.00489289))
({x0, x7}, (0.995107, 4.17017e-11, 4.79963e-10, 0.00489316))
({x0, x8}, (4.28528e-09, 0.00489316, 0.995107, 1.60393e-11))
({x0, x9}, (6.08411e-11, 0.00489316, 0.995107, 2.75519e-13))
({x1, x2}, (4.757e-11, 0.00489316, 0.995107, 1.31302e-08))
({x1, x3}, (4.75703e-11, 0.00489316, 0.995107, 1.31302e-08))
({x1, x4}, (1.49781e-07, 0.00489315, 0.995107, 2.57001e-08))
({x1, x5}, (0.99066, 0.000297175, 0.00444671, 0.004596))
({x1, x6}, (0.995098, 2.86283e-07, 9.24533e-06, 0.00489289))
({x1, x7}, (0.995107, 1.31719e-08, 5.27533e-10, 0.00489316))
({x1, x8}, (8.74513e-11, 0.00489316, 0.995107, 8.90086e-09))
({x1, x9}, (1.05496e-10, 0.00489316, 0.995107, 1.31276e-08))
({x2, x3}, (0.00489316, 2.73829e-16, 8.08409e-16, 0.995107))
({x2, x4}, (0.00489315, 1.49733e-07, 1.25699e-08, 0.995107))
({x2, x5}, (0.000297162, 0.99066, 0.004596, 0.00444671))
({x2, x6}, (2.73152e-07, 0.995098, 0.00489289, 9.24529e-06))
({x2, x7}, (4.17017e-11, 0.995107, 0.00489316, 4.79963e-10))
({x2, x8}, (0.00489316, 4.28528e-09, 1.60393e-11, 0.995107))
({x2, x9}, (0.00489316, 6.08411e-11, 2.75519e-13, 0.995107))
({x3, x4}, (0.00489315, 1.49733e-07, 1.25699e-08, 0.995107))
({x3, x5}, (0.000297162, 0.99066, 0.004596, 0.00444671))
({x3, x6}, (2.73152e-07, 0.995098, 0.00489289, 9.24529e-06))
({x3, x7}, (4.17019e-11, 0.995107, 0.00489316, 4.79964e-10))
({x3, x8}, (0.00489316, 4.28528e-09, 1.60396e-11, 0.995107))
({x3, x9}, (0.00489316, 6.08419e-11, 2.75791e-13, 0.995107))
({x4, x5}, (0.000297149, 0.99066, 0.00459615, 0.00444657))
({x4, x6}, (2.60583e-07, 0.995098, 0.00489304, 9.09555e-06))
({x4, x7}, (1.49775e-07, 0.995107, 0.00489315, 1.30499e-08))
({x4, x8}, (0.00489315, 1.68552e-08, 1.49749e-07, 0.995107))
({x4, x9}, (0.00489315, 1.26308e-08, 1.49733e-07, 0.995107))
({x5, x6}, (0.99066, 0.00443747, 0.000296889, 0.00460524))
({x5, x7}, (0.99066, 0.00444671, 0.000297162, 0.004596))
({x5, x8}, (0.000297166, 0.004596, 0.99066, 0.00444671))
({x5, x9}, (0.000297162, 0.004596, 0.99066, 0.00444671))
({x6, x7}, (0.995098, 9.24533e-06, 2.73632e-07, 0.00489289))
({x6, x8}, (2.77416e-07, 0.00489289, 0.995098, 9.24528e-06))
({x6, x9}, (2.73206e-07, 0.00489289, 0.995098, 9.24528e-06))
({x7, x8}, (4.32698e-09, 0.00489316, 0.995107, 4.96002e-10))
({x7, x9}, (1.02543e-10, 0.00489316, 0.995107, 4.80239e-10))
({x8, x9}, (0.00489316, 6.49311e-11, 4.2736e-09, 0.995107))
Exact log partition sum: 120.118
Exact MAP variable marginals:
({x0}, (0.995382, 0.0046179))
({x1}, (0.995382, 0.0046179))
({x2}, (0.0046179, 0.995382))
({x3}, (0.0046179, 0.995382))
({x4}, (0.0046179, 0.995382))
({x5}, (0.995382, 0.0046179))
({x6}, (0.995382, 0.0046179))
({x7}, (0.995382, 0.0046179))
({x8}, (0.0046179, 0.995382))
({x9}, (0.0046179, 0.995382))
Exact MAP factor marginals:
({x0}, (0.995382, 0.0046179)) == ({x0}, (0.995382, 0.0046179))
({x1}, (0.995382, 0.0046179)) == ({x1}, (0.995382, 0.0046179))
({x2}, (0.0046179, 0.995382)) == ({x2}, (0.0046179, 0.995382))
({x3}, (0.0046179, 0.995382)) == ({x3}, (0.0046179, 0.995382))
({x4}, (0.0046179, 0.995382)) == ({x4}, (0.0046179, 0.995382))
({x5}, (0.995382, 0.0046179)) == ({x5}, (0.995382, 0.0046179))
({x6}, (0.995382, 0.0046179)) == ({x6}, (0.995382, 0.0046179))
({x7}, (0.995382, 0.0046179)) == ({x7}, (0.995382, 0.0046179))
({x8}, (0.0046179, 0.995382)) == ({x8}, (0.0046179, 0.995382))
({x9}, (0.0046179, 0.995382)) == ({x9}, (0.0046179, 0.995382))
({x0, x1}, (0.995382, 3.23773e-11, 8.94259e-09, 0.0046179)) == ({x0, x1}, (0.995382, 3.23773e-11, 8.94259e-09, 0.0046179))
({x0, x2}, (9.34228e-18, 0.0046179, 0.995382, 5.14301e-19)) == ({x0, x2}, (9.34228e-18, 0.0046179, 0.995382, 5.14301e-19))
({x0, x3}, (2.74807e-16, 0.0046179, 0.995382, 7.97764e-16)) == ({x0, x3}, (2.74807e-16, 0.0046179, 0.995382, 7.97764e-16))
({x0, x4}, (1.50447e-07, 0.0046179, 0.995382, 1.26298e-08)) == ({x0, x4}, (1.50447e-07, 0.0046179, 0.995382, 1.26298e-08))
({x0, x5}, (0.99067, 0.000296891, 0.00443751, 0.00459604)) == ({x0, x5}, (0.99067, 0.000296891, 0.00443751, 0.00459604))
({x0, x6}, (0.995373, 2.61821e-07, 9.13861e-06, 0.00461786)) == ({x0, x6}, (0.995373, 2.61821e-07, 9.13861e-06, 0.00461786))
({x0, x7}, (0.995382, 4.19001e-11, 4.82196e-10, 0.0046179)) == ({x0, x7}, (0.995382, 4.19001e-11, 4.82196e-10, 0.0046179))
({x0, x8}, (4.24729e-09, 0.0046179, 0.995382, 1.54126e-11)) == ({x0, x8}, (4.24729e-09, 0.0046179, 0.995382, 1.54126e-11))
({x0, x9}, (4.92513e-11, 0.0046179, 0.995382, 1.47157e-13)) == ({x0, x9}, (4.92513e-11, 0.0046179, 0.995382, 1.47157e-13))
({x1, x2}, (3.23773e-11, 0.0046179, 0.995382, 8.94259e-09)) == ({x1, x2}, (3.23773e-11, 0.0046179, 0.995382, 8.94259e-09))
({x1, x3}, (3.23773e-11, 0.0046179, 0.995382, 8.94259e-09)) == ({x1, x3}, (3.23773e-11, 0.0046179, 0.995382, 8.94259e-09))
({x1, x4}, (1.50447e-07, 0.0046179, 0.995382, 1.26298e-08)) == ({x1, x4}, (1.50447e-07, 0.0046179, 0.995382, 1.26298e-08))
({x1, x5}, (0.99067, 0.000296891, 0.00443751, 0.00459604)) == ({x1, x5}, (0.99067, 0.000296891, 0.00443751, 0.00459604))
({x1, x6}, (0.995373, 2.61821e-07, 9.13861e-06, 0.00461786)) == ({x1, x6}, (0.995373, 2.61821e-07, 9.13861e-06, 0.00461786))
({x1, x7}, (0.995382, 8.94259e-09, 4.82196e-10, 0.0046179)) == ({x1, x7}, (0.995382, 8.94259e-09, 4.82196e-10, 0.0046179))
({x1, x8}, (3.23773e-11, 0.0046179, 0.995382, 8.94259e-09)) == ({x1, x8}, (3.23773e-11, 0.0046179, 0.995382, 8.94259e-09))
({x1, x9}, (4.92513e-11, 0.0046179, 0.995382, 8.94259e-09)) == ({x1, x9}, (4.92513e-11, 0.0046179, 0.995382, 8.94259e-09))
({x2, x3}, (0.0046179, 2.74807e-16, 7.97764e-16, 0.995382)) == ({x2, x3}, (0.0046179, 2.74807e-16, 7.97764e-16, 0.995382))
({x2, x4}, (0.0046179, 1.50447e-07, 1.26298e-08, 0.995382)) == ({x2, x4}, (0.0046179, 1.50447e-07, 1.26298e-08, 0.995382))
({x2, x5}, (0.000296891, 0.99067, 0.00459604, 0.00443751)) == ({x2, x5}, (0.000296891, 0.99067, 0.00459604, 0.00443751))
({x2, x6}, (2.61821e-07, 0.995373, 0.00461786, 9.13861e-06)) == ({x2, x6}, (2.61821e-07, 0.995373, 0.00461786, 9.13861e-06))
({x2, x7}, (4.19001e-11, 0.995382, 0.0046179, 4.82196e-10)) == ({x2, x7}, (4.19001e-11, 0.995382, 0.0046179, 4.82196e-10))
({x2, x8}, (0.0046179, 4.24729e-09, 1.54126e-11, 0.995382)) == ({x2, x8}, (0.0046179, 4.24729e-09, 1.54126e-11, 0.995382))
({x2, x9}, (0.0046179, 4.92513e-11, 1.47157e-13, 0.995382)) == ({x2, x9}, (0.0046179, 4.92513e-11, 1.47157e-13, 0.995382))
({x3, x4}, (0.0046179, 1.50447e-07, 1.26298e-08, 0.995382)) == ({x3, x4}, (0.0046179, 1.50447e-07, 1.26298e-08, 0.995382))
({x3, x5}, (0.000296891, 0.99067, 0.00459604, 0.00443751)) == ({x3, x5}, (0.000296891, 0.99067, 0.00459604, 0.00443751))
({x3, x6}, (2.61821e-07, 0.995373, 0.00461786, 9.13861e-06)) == ({x3, x6}, (2.61821e-07, 0.995373, 0.00461786, 9.13861e-06))
({x3, x7}, (4.19001e-11, 0.995382, 0.0046179, 4.82196e-10)) == ({x3, x7}, (4.19001e-11, 0.995382, 0.0046179, 4.82196e-10))
({x3, x8}, (0.0046179, 4.24729e-09, 1.54126e-11, 0.995382)) == ({x3, x8}, (0.0046179, 4.24729e-09, 1.54126e-11, 0.995382))
({x3, x9}, (0.0046179, 4.92513e-11, 1.47157e-13, 0.995382)) == ({x3, x9}, (0.0046179, 4.92513e-11, 1.47157e-13, 0.995382))
({x4, x5}, (0.000296891, 0.99067, 0.00459604, 0.00443751)) == ({x4, x5}, (0.000296891, 0.99067, 0.00459604, 0.00443751))
({x4, x6}, (2.61821e-07, 0.995373, 0.00461786, 9.13861e-06)) == ({x4, x6}, (2.61821e-07, 0.995373, 0.00461786, 9.13861e-06))
({x4, x7}, (1.50447e-07, 0.995382, 0.0046179, 1.26298e-08)) == ({x4, x7}, (1.50447e-07, 0.995382, 0.0046179, 1.26298e-08))
({x4, x8}, (0.0046179, 1.26298e-08, 1.50447e-07, 0.995382)) == ({x4, x8}, (0.0046179, 1.26298e-08, 1.50447e-07, 0.995382))
({x4, x9}, (0.0046179, 1.26298e-08, 1.50447e-07, 0.995382)) == ({x4, x9}, (0.0046179, 1.26298e-08, 1.50447e-07, 0.995382))
({x5, x6}, (0.99067, 0.00443751, 0.000296891, 0.00459604)) == ({x5, x6}, (0.99067, 0.00443751, 0.000296891, 0.00459604))
({x5, x7}, (0.99067, 0.00443751, 0.000296891, 0.00459604)) == ({x5, x7}, (0.99067, 0.00443751, 0.000296891, 0.00459604))
({x5, x8}, (0.000296891, 0.00459604, 0.99067, 0.00443751)) == ({x5, x8}, (0.000296891, 0.00459604, 0.99067, 0.00443751))
({x5, x9}, (0.000296891, 0.00459604, 0.99067, 0.00443751)) == ({x5, x9}, (0.000296891, 0.00459604, 0.99067, 0.00443751))
({x6, x7}, (0.995373, 9.13861e-06, 2.61821e-07, 0.00461786)) == ({x6, x7}, (0.995373, 9.13861e-06, 2.61821e-07, 0.00461786))
({x6, x8}, (2.61821e-07, 0.00461786, 0.995373, 9.13861e-06)) == ({x6, x8}, (2.61821e-07, 0.00461786, 0.995373, 9.13861e-06))
({x6, x9}, (2.61821e-07, 0.00461786, 0.995373, 9.13861e-06)) == ({x6, x9}, (2.61821e-07, 0.00461786, 0.995373, 9.13861e-06))
({x7, x8}, (4.24729e-09, 0.0046179, 0.995382, 4.82196e-10)) == ({x7, x8}, (4.24729e-09, 0.0046179, 0.995382, 4.82196e-10))
({x7, x9}, (4.92513e-11, 0.0046179, 0.995382, 4.82196e-10)) == ({x7, x9}, (4.92513e-11, 0.0046179, 0.995382, 4.82196e-10))
({x8, x9}, (0.0046179, 4.92513e-11, 4.24729e-09, 0.995382)) == ({x8, x9}, (0.0046179, 4.92513e-11, 4.24729e-09, 0.995382))
Exact MAP state (log score = 120.108):
x0: 0
x1: 0
x2: 1
x3: 1
x4: 1
x5: 0
x6: 0
x7: 0
x8: 1
x9: 1
