Builtin inference algorithms: {BP, EXACT, FBP, JTREE, TRWBP}

Exact variable marginals:
({x0}, (0.823773, 0.176227))
({x1}, (0.176228, 0.823772))
({x2}, (0.862881, 0.137119))
({x3}, (0.135074, 0.864926))
({x4}, (0.176137, 0.823863))
({x5}, (0.821729, 0.178271))
({x6}, (0.823771, 0.176229))
({x7}, (0.862884, 0.137116))
({x8}, (0.864926, 0.135074))
({x9}, (0.864924, 0.135076))
Exact factor marginals:
({x0}, (0.823773, 0.176227))
({x1}, (0.176228, 0.823772))
({x2}, (0.862881, 0.137119))
({x3}, (0.135074, 0.864926))
({x4}, (0.176137, 0.823863))
({x5}, (0.821729, 0.178271))
({x6}, (0.823771, 0.176229))
({x7}, (0.862884, 0.137116))
({x8}, (0.864926, 0.135074))
({x9}, (0.864924, 0.135076))
({x0, x1}, (1.97519e-07, 0.176227, 0.823772, 1.02092e-08))
({x0, x2}, (0.818172, 0.0447091, 0.00560035, 0.131518))
({x0, x3}, (0.00126807, 0.133806, 0.822504, 0.0424216))
({x0, x4}, (0.000124882, 0.176012, 0.823648, 0.000214946))
({x0, x5}, (0.819437, 0.00229266, 0.00433595, 0.173935))
({x0, x6}, (0.82377, 7.6222e-07, 2.0623e-06, 0.176227))
({x0, x7}, (0.818171, 0.0447131, 0.00560179, 0.131514))
({x0, x8}, (0.822505, 0.0424216, 0.00126805, 0.133806))
({x0, x9}, (0.822503, 0.0424212, 0.00126987, 0.133806))
({x1, x2}, (0.0447093, 0.818172, 0.131518, 0.00560036))
({x1, x3}, (0.133806, 0.00126808, 0.0424218, 0.822504))
({x1, x4}, (0.176012, 0.000124892, 0.000215144, 0.823647))
({x1, x5}, (0.00229286, 0.819436, 0.173935, 0.00433596))
({x1, x6}, (8.59931e-07, 0.82377, 0.176227, 1.9727e-06))
({x1, x7}, (0.0447133, 0.818171, 0.131514, 0.0056018))
({x1, x8}, (0.0424218, 0.822504, 0.133806, 0.00126806))
({x1, x9}, (0.0424213, 0.822503, 0.133806, 0.00126978))
({x2, x3}, (0.00229323, 0.132781, 0.860588, 0.00433804))
({x2, x4}, (0.0444942, 0.131643, 0.818387, 0.00547547))
({x2, x5}, (0.820465, 0.0012644, 0.0424165, 0.135854))
({x2, x6}, (0.818171, 0.00560064, 0.0447107, 0.131518))
({x2, x7}, (0.862879, 4.50913e-06, 1.9112e-06, 0.137114))
({x2, x8}, (0.860588, 0.00433803, 0.00229321, 0.132781))
({x2, x9}, (0.860586, 0.00433806, 0.0022955, 0.132781))
({x3, x4}, (0.133931, 0.0422067, 0.00114319, 0.822719))
({x3, x5}, (0.00355761, 0.818172, 0.131516, 0.0467545))
({x3, x6}, (0.00126836, 0.822503, 0.133806, 0.0424232))
({x3, x7}, (0.00229198, 0.860592, 0.132782, 0.00433419))
({x3, x8}, (1.95346e-08, 0.864926, 0.135074, 7.37342e-09))
({x3, x9}, (2.21586e-08, 0.864924, 0.135074, 2.26718e-06))
({x4, x5}, (0.00241442, 0.819315, 0.173723, 0.00454777))
({x4, x6}, (0.000125173, 0.823646, 0.176012, 0.000216537))
({x4, x7}, (0.0444987, 0.818385, 0.131639, 0.00547738))
({x4, x8}, (0.0422067, 0.822719, 0.133931, 0.00114317))
({x4, x9}, (0.0422067, 0.822717, 0.133931, 0.00114545))
({x5, x6}, (0.819435, 0.00433671, 0.00229472, 0.173934))
({x5, x7}, (0.820463, 0.0424205, 0.00126584, 0.13585))
({x5, x8}, (0.818172, 0.0467545, 0.00355759, 0.131516))
({x5, x9}, (0.81817, 0.046754, 0.00355941, 0.131517))
({x6, x7}, (0.818169, 0.0447152, 0.00560255, 0.131514))
({x6, x8}, (0.822503, 0.0424232, 0.00126834, 0.133806))
({x6, x9}, (0.822501, 0.0424233, 0.00127062, 0.133805))
({x7, x8}, (0.860592, 0.00433421, 0.00229199, 0.132782))
({x7, x9}, (0.86059, 0.00433374, 0.00229378, 0.132782))
({x8, x9}, (0.864924, 2.87357e-08, 2.28592e-06, 0.135074))
Exact log partition sum: 84.2701
Exact MAP variable marginals:
({x0}, (0.861518, 0.138482))
({x1}, (0.138482, 0.861518))
({x2}, (0.861518, 0.138482))
({x3}, (0.138482, 0.861518))
({x4}, (0.138482, 0.861518))
({x5}, (0.861518, 0.138482))
({x6}, (0.861518, 0.138482))
({x7}, (0.861518, 0.138482))
({x8}, (0.861518, 0.138482))
({x9}, (0.861518, 0.138482))
Exact MAP factor marginals:
({x0}, (0.861518, 0.138482)) == ({x0}, (0.861518, 0.138482))
({x1}, (0.138482, 0.861518)) == ({x1}, (0.138482, 0.861518))
({x2}, (0.861518, 0.138482)) == ({x2}, (0.861518, 0.138482))
({x3}, (0.138482, 0.861518)) == ({x3}, (0.138482, 0.861518))
({x4}, (0.138482, 0.861518)) == ({x4}, (0.138482, 0.861518))
({x5}, (0.861518, 0.138482)) == ({x5}, (0.861518, 0.138482))
({x6}, (0.861518, 0.138482)) == ({x6}, (0.861518, 0.138482))
({x7}, (0.861518, 0.138482)) == ({x7}, (0.861518, 0.138482))
({x8}, (0.861518, 0.138482)) == ({x8}, (0.861518, 0.138482))
({x9}, (0.861518, 0.138482)) == ({x9}, (0.861518, 0.138482))
({x0, x1}, (9.62028e-08, 0.138482, 0.861518, 8.54705e-09)) == ({x0, x1}, (9.62028e-08, 0.138482, 0.861518, 8.54705e-09))
({x0, x2}, (0.821274, 0.0423625, 0.00435004, 0.132013)) == ({x0, x2}, (0.821274, 0.0423625, 0.00435004, 0.132013))
({x0, x3}, (0.0011499, 0.132437, 0.823914, 0.0424987)) == ({x0, x3}, (0.0011499, 0.132437, 0.823914, 0.0424987))
({x0, x4}, (0.000128943, 0.138433, 0.861213, 0.000224983)) == ({x0, x4}, (0.000128943, 0.138433, 0.861213, 0.000224983))
({x0, x5}, (0.855549, 0.00239663, 0.00453158, 0.137522)) == ({x0, x5}, (0.855549, 0.00239663, 0.00453158, 0.137522))
({x0, x6}, (0.861516, 4.78587e-07, 2.0593e-06, 0.138482)) == ({x0, x6}, (0.861516, 4.78587e-07, 2.0593e-06, 0.138482))
({x0, x7}, (0.821274, 0.0423625, 0.00435004, 0.132013)) == ({x0, x7}, (0.821274, 0.0423625, 0.00435004, 0.132013))
({x0, x8}, (0.823914, 0.0424987, 0.0011499, 0.132437)) == ({x0, x8}, (0.823914, 0.0424987, 0.0011499, 0.132437))
({x0, x9}, (0.823914, 0.0424987, 0.0011499, 0.132437)) == ({x0, x9}, (0.823914, 0.0424987, 0.0011499, 0.132437))
({x1, x2}, (0.0423625, 0.821274, 0.132013, 0.00435004)) == ({x1, x2}, (0.0423625, 0.821274, 0.132013, 0.00435004))
({x1, x3}, (0.132437, 0.0011499, 0.0424987, 0.823914)) == ({x1, x3}, (0.132437, 0.0011499, 0.0424987, 0.823914))
({x1, x4}, (0.138433, 0.000128943, 0.000224983, 0.861213)) == ({x1, x4}, (0.138433, 0.000128943, 0.000224983, 0.861213))
({x1, x5}, (0.00239663, 0.855549, 0.137522, 0.00453158)) == ({x1, x5}, (0.00239663, 0.855549, 0.137522, 0.00453158))
({x1, x6}, (4.78587e-07, 0.861516, 0.138482, 2.0593e-06)) == ({x1, x6}, (4.78587e-07, 0.861516, 0.138482, 2.0593e-06))
({x1, x7}, (0.0423625, 0.821274, 0.132013, 0.00435004)) == ({x1, x7}, (0.0423625, 0.821274, 0.132013, 0.00435004))
({x1, x8}, (0.0424987, 0.823914, 0.132437, 0.0011499)) == ({x1, x8}, (0.0424987, 0.823914, 0.132437, 0.0011499))
({x1, x9}, (0.0424987, 0.823914, 0.132437, 0.0011499)) == ({x1, x9}, (0.0424987, 0.823914, 0.132437, 0.0011499))
({x2, x3}, (0.00239663, 0.137522, 0.855549, 0.00453158)) == ({x2, x3}, (0.00239663, 0.137522, 0.855549, 0.00453158))
({x2, x4}, (0.0423625, 0.132013, 0.821274, 0.00435004)) == ({x2, x4}, (0.0423625, 0.132013, 0.821274, 0.00435004))
({x2, x5}, (0.823914, 0.0011499, 0.0424987, 0.132437)) == ({x2, x5}, (0.823914, 0.0011499, 0.0424987, 0.132437))
({x2, x6}, (0.821274, 0.00435004, 0.0423625, 0.132013)) == ({x2, x6}, (0.821274, 0.00435004, 0.0423625, 0.132013))
({x2, x7}, (0.861513, 4.68125e-06, 1.35416e-06, 0.138481)) == ({x2, x7}, (0.861513, 4.68125e-06, 1.35416e-06, 0.138481))
({x2, x8}, (0.855549, 0.00453158, 0.00239663, 0.137522)) == ({x2, x8}, (0.855549, 0.00453158, 0.00239663, 0.137522))
({x2, x9}, (0.855549, 0.00453158, 0.00239663, 0.137522)) == ({x2, x9}, (0.855549, 0.00453158, 0.00239663, 0.137522))
({x3, x4}, (0.132437, 0.0424987, 0.0011499, 0.823914)) == ({x3, x4}, (0.132437, 0.0424987, 0.0011499, 0.823914))
({x3, x5}, (0.00230534, 0.822961, 0.132284, 0.0424495)) == ({x3, x5}, (0.00230534, 0.822961, 0.132284, 0.0424495))
({x3, x6}, (0.0011499, 0.823914, 0.132437, 0.0424987)) == ({x3, x6}, (0.0011499, 0.823914, 0.132437, 0.0424987))
({x3, x7}, (0.00239663, 0.855549, 0.137522, 0.00453158)) == ({x3, x7}, (0.00239663, 0.855549, 0.137522, 0.00453158))
({x3, x8}, (2.00828e-08, 0.861518, 0.138482, 7.33766e-09)) == ({x3, x8}, (2.00828e-08, 0.861518, 0.138482, 7.33766e-09))
({x3, x9}, (1.4127e-08, 0.861517, 0.138482, 1.81225e-06)) == ({x3, x9}, (1.4127e-08, 0.861517, 0.138482, 1.81225e-06))
({x4, x5}, (0.00239663, 0.855549, 0.137522, 0.00453158)) == ({x4, x5}, (0.00239663, 0.855549, 0.137522, 0.00453158))
({x4, x6}, (0.000128943, 0.861213, 0.138433, 0.000224983)) == ({x4, x6}, (0.000128943, 0.861213, 0.138433, 0.000224983))
({x4, x7}, (0.0423625, 0.821274, 0.132013, 0.00435004)) == ({x4, x7}, (0.0423625, 0.821274, 0.132013, 0.00435004))
({x4, x8}, (0.0424987, 0.823914, 0.132437, 0.0011499)) == ({x4, x8}, (0.0424987, 0.823914, 0.132437, 0.0011499))
({x4, x9}, (0.0424987, 0.823914, 0.132437, 0.0011499)) == ({x4, x9}, (0.0424987, 0.823914, 0.132437, 0.0011499))
({x5, x6}, (0.855549, 0.00453158, 0.00239663, 0.137522)) == ({x5, x6}, (0.855549, 0.00453158, 0.00239663, 0.137522))
({x5, x7}, (0.823914, 0.0424987, 0.0011499, 0.132437)) == ({x5, x7}, (0.823914, 0.0424987, 0.0011499, 0.132437))
({x5, x8}, (0.822961, 0.0424495, 0.00230534, 0.132284)) == ({x5, x8}, (0.822961, 0.0424495, 0.00230534, 0.132284))
({x5, x9}, (0.822961, 0.0424495, 0.00230534, 0.132284)) == ({x5, x9}, (0.822961, 0.0424495, 0.00230534, 0.132284))
({x6, x7}, (0.821274, 0.0423625, 0.00435004, 0.132013)) == ({x6, x7}, (0.821274, 0.0423625, 0.00435004, 0.132013))
({x6, x8}, (0.823914, 0.0424987, 0.0011499, 0.132437)) == ({x6, x8}, (0.823914, 0.0424987, 0.0011499, 0.132437))
({x6, x9}, (0.823914, 0.0424987, 0.0011499, 0.132437)) == ({x6, x9}, (0.823914, 0.0424987, 0.0011499, 0.132437))
({x7, x8}, (0.855549, 0.00453158, 0.00239663, 0.137522)) == ({x7, x8}, (0.855549, 0.00453158, 0.00239663, 0.137522))
({x7, x9}, (0.855549, 0.00453158, 0.00239663, 0.137522)) == ({x7, x9}, (0.855549, 0.00453158, 0.00239663, 0.137522))
({x8, x9}, (0.861517, 1.4127e-08, 1.81225e-06, 0.138482)) == ({x8, x9}, (0.861517, 1.4127e-08, 1.81225e-06, 0.138482))
Exact MAP state (log score = 84.0695):
x0: 0
x1: 1
x2: 0
x3: 1
x4: 1
x5: 0
x6: 0
x7: 0
x8: 0
x9: 0
