Builtin inference algorithms: {BP, EXACT, FBP, JTREE, TRWBP}

Exact variable marginals:
({x0}, (0.152764, 0.847236))
({x1}, (0.36712, 0.63288))
({x2}, (0.152766, 0.847234))
({x3}, (0.152764, 0.847236))
({x4}, (0.847236, 0.152764))
({x5}, (0.845698, 0.154302))
({x6}, (0.367517, 0.632483))
({x7}, (0.630177, 0.369823))
({x8}, (0.632484, 0.367516))
({x9}, (0.152765, 0.847235))
Exact factor marginals:
({x0}, (0.152764, 0.847236))
({x1}, (0.36712, 0.63288))
({x2}, (0.152766, 0.847234))
({x3}, (0.152764, 0.847236))
({x4}, (0.847236, 0.152764))
({x5}, (0.845698, 0.154302))
({x6}, (0.367517, 0.632483))
({x7}, (0.630177, 0.369823))
({x8}, (0.632484, 0.367516))
({x9}, (0.152765, 0.847235))
({x0, x1}, (0.10794, 0.259181, 0.0448242, 0.588055))
({x0, x2}, (0.152764, 1.51469e-06, 1.51502e-09, 0.847234))
({x0, x3}, (0.152764, 9.82805e-11, 2.97655e-09, 0.847236))
({x0, x4}, (3.12474e-09, 0.847236, 0.152764, 1.52853e-10))
({x0, x5}, (0.00149943, 0.844198, 0.151265, 0.00303747))
({x0, x6}, (0.107571, 0.259945, 0.0451926, 0.58729))
({x0, x7}, (0.0452329, 0.584945, 0.107531, 0.262291))
({x0, x8}, (0.0451923, 0.587292, 0.107572, 0.259944))
({x0, x9}, (0.152763, 1.64653e-06, 7.42421e-07, 0.847234))
({x1, x2}, (0.10794, 0.0448258, 0.259181, 0.588054))
({x1, x3}, (0.10794, 0.0448242, 0.259181, 0.588055))
({x1, x4}, (0.259181, 0.588055, 0.10794, 0.0448242))
({x1, x5}, (0.256143, 0.589555, 0.110977, 0.0433248))
({x1, x6}, (0.366752, 0.000764916, 0.00036842, 0.632115))
({x1, x7}, (0.000408666, 0.629769, 0.366712, 0.00311086))
({x1, x8}, (0.000368081, 0.632116, 0.366752, 0.000763508))
({x1, x9}, (0.107939, 0.0448259, 0.259181, 0.588054))
({x2, x3}, (0.152764, 1.51811e-09, 1.51757e-06, 0.847234))
({x2, x4}, (1.51772e-06, 0.847234, 0.152764, 1.57277e-09))
({x2, x5}, (0.00150094, 0.844197, 0.151265, 0.00303746))
({x2, x6}, (0.107571, 0.259945, 0.0451942, 0.587289))
({x2, x7}, (0.0452329, 0.584945, 0.107533, 0.26229))
({x2, x8}, (0.0451938, 0.58729, 0.107572, 0.259944))
({x2, x9}, (0.152763, 1.64795e-06, 2.25701e-06, 0.847233))
({x3, x4}, (1.49874e-10, 0.847236, 0.152764, 5.62551e-11))
({x3, x5}, (0.00149943, 0.844198, 0.151265, 0.00303747))
({x3, x6}, (0.107571, 0.259945, 0.0451926, 0.58729))
({x3, x7}, (0.0452329, 0.584945, 0.107531, 0.262291))
({x3, x8}, (0.0451923, 0.587292, 0.107572, 0.259944))
({x3, x9}, (0.152763, 1.64643e-06, 7.39445e-07, 0.847234))
({x4, x5}, (0.844198, 0.00149943, 0.00303747, 0.151265))
({x4, x6}, (0.259945, 0.107571, 0.58729, 0.0451926))
({x4, x7}, (0.584945, 0.0452329, 0.262291, 0.107531))
({x4, x8}, (0.587292, 0.0451923, 0.259944, 0.107572))
({x4, x9}, (1.64658e-06, 0.152763, 0.847234, 7.39501e-07))
({x5, x6}, (0.256908, 0.110609, 0.58879, 0.0436932))
({x5, x7}, (0.586444, 0.0437335, 0.259254, 0.110569))
({x5, x8}, (0.588791, 0.0436929, 0.256907, 0.110609))
({x5, x9}, (0.00150108, 0.151264, 0.844197, 0.00303821))
({x6, x7}, (4.03857e-05, 0.630137, 0.367476, 0.00234608))
({x6, x8}, (1.58566e-06, 0.632483, 0.367515, 5.1668e-07))
({x6, x9}, (0.107571, 0.0451943, 0.259946, 0.587289))
({x7, x8}, (0.630137, 0.00234762, 4.08575e-05, 0.367475))
({x7, x9}, (0.0452346, 0.10753, 0.584943, 0.262292))
({x8, x9}, (0.045194, 0.107571, 0.58729, 0.259945))
Exact log partition sum: 83.2889
Exact MAP variable marginals:
({x0}, (0.155284, 0.844716))
({x1}, (0.304539, 0.695461))
({x2}, (0.155284, 0.844716))
({x3}, (0.155284, 0.844716))
({x4}, (0.844716, 0.155284))
({x5}, (0.844716, 0.155284))
({x6}, (0.304539, 0.695461))
({x7}, (0.695461, 0.304539))
({x8}, (0.695461, 0.304539))
({x9}, (0.155284, 0.844716))
Exact MAP factor marginals:
({x0}, (0.155284, 0.844716)) == ({x0}, (0.155284, 0.844716))
({x1}, (0.304539, 0.695461)) == ({x1}, (0.304539, 0.695461))
({x2}, (0.155284, 0.844716)) == ({x2}, (0.155284, 0.844716))
({x3}, (0.155284, 0.844716)) == ({x3}, (0.155284, 0.844716))
({x4}, (0.844716, 0.155284)) == ({x4}, (0.844716, 0.155284))
({x5}, (0.844716, 0.155284)) == ({x5}, (0.844716, 0.155284))
({x6}, (0.304539, 0.695461)) == ({x6}, (0.304539, 0.695461))
({x7}, (0.695461, 0.304539)) == ({x7}, (0.695461, 0.304539))
({x8}, (0.695461, 0.304539)) == ({x8}, (0.695461, 0.304539))
({x9}, (0.155284, 0.844716)) == ({x9}, (0.155284, 0.844716))
({x0, x1}, (0.108404, 0.258224, 0.0436768, 0.589695)) == ({x0, x1}, (0.108404, 0.258224, 0.0436768, 0.589695))
({x0, x2}, (0.155284, 2.17798e-06, 2.07918e-09, 0.844714)) == ({x0, x2}, (0.155284, 2.17798e-06, 2.07918e-09, 0.844714))
({x0, x3}, (0.155284, 9.60188e-11, 4.12718e-09, 0.844716)) == ({x0, x3}, (0.155284, 9.60188e-11, 4.12718e-09, 0.844716))
({x0, x4}, (4.12718e-09, 0.844716, 0.155284, 9.60188e-11)) == ({x0, x4}, (4.12718e-09, 0.844716, 0.155284, 9.60188e-11))
({x0, x5}, (0.00215123, 0.839217, 0.154274, 0.00435783)) == ({x0, x5}, (0.00215123, 0.839217, 0.154274, 0.00435783))
({x0, x6}, (0.108404, 0.258224, 0.0436768, 0.589695)) == ({x0, x6}, (0.108404, 0.258224, 0.0436768, 0.589695))
({x0, x7}, (0.0436768, 0.589695, 0.108404, 0.258224)) == ({x0, x7}, (0.0436768, 0.589695, 0.108404, 0.258224))
({x0, x8}, (0.0436768, 0.589695, 0.108404, 0.258224)) == ({x0, x8}, (0.0436768, 0.589695, 0.108404, 0.258224))
({x0, x9}, (0.155284, 2.37757e-06, 1.0678e-06, 0.844713)) == ({x0, x9}, (0.155284, 2.37757e-06, 1.0678e-06, 0.844713))
({x1, x2}, (0.108404, 0.0436768, 0.258224, 0.589695)) == ({x1, x2}, (0.108404, 0.0436768, 0.258224, 0.589695))
({x1, x3}, (0.108404, 0.0436768, 0.258224, 0.589695)) == ({x1, x3}, (0.108404, 0.0436768, 0.258224, 0.589695))
({x1, x4}, (0.258224, 0.589695, 0.108404, 0.0436768)) == ({x1, x4}, (0.258224, 0.589695, 0.108404, 0.0436768))
({x1, x5}, (0.258224, 0.589695, 0.108404, 0.0436768)) == ({x1, x5}, (0.258224, 0.589695, 0.108404, 0.0436768))
({x1, x6}, (0.30413, 0.000906364, 0.00043687, 0.694527)) == ({x1, x6}, (0.30413, 0.000906364, 0.00043687, 0.694527))
({x1, x7}, (0.000436051, 0.693226, 0.30356, 0.00277843)) == ({x1, x7}, (0.000436051, 0.693226, 0.30356, 0.00277843))
({x1, x8}, (0.00043687, 0.694527, 0.30413, 0.000906364)) == ({x1, x8}, (0.00043687, 0.694527, 0.30413, 0.000906364))
({x1, x9}, (0.108404, 0.0436768, 0.258224, 0.589695)) == ({x1, x9}, (0.108404, 0.0436768, 0.258224, 0.589695))
({x2, x3}, (0.155284, 2.07918e-09, 2.17798e-06, 0.844714)) == ({x2, x3}, (0.155284, 2.07918e-09, 2.17798e-06, 0.844714))
({x2, x4}, (2.17798e-06, 0.844714, 0.155284, 2.07918e-09)) == ({x2, x4}, (2.17798e-06, 0.844714, 0.155284, 2.07918e-09))
({x2, x5}, (0.00215123, 0.839217, 0.154274, 0.00435783)) == ({x2, x5}, (0.00215123, 0.839217, 0.154274, 0.00435783))
({x2, x6}, (0.108404, 0.258224, 0.0436768, 0.589695)) == ({x2, x6}, (0.108404, 0.258224, 0.0436768, 0.589695))
({x2, x7}, (0.0436768, 0.589695, 0.108404, 0.258224)) == ({x2, x7}, (0.0436768, 0.589695, 0.108404, 0.258224))
({x2, x8}, (0.0436768, 0.589695, 0.108404, 0.258224)) == ({x2, x8}, (0.0436768, 0.589695, 0.108404, 0.258224))
({x2, x9}, (0.155284, 2.37757e-06, 2.17797e-06, 0.844712)) == ({x2, x9}, (0.155284, 2.37757e-06, 2.17797e-06, 0.844712))
({x3, x4}, (1.73796e-10, 0.844716, 0.155284, 6.34276e-11)) == ({x3, x4}, (1.73796e-10, 0.844716, 0.155284, 6.34276e-11))
({x3, x5}, (0.00215123, 0.839217, 0.154274, 0.00435783)) == ({x3, x5}, (0.00215123, 0.839217, 0.154274, 0.00435783))
({x3, x6}, (0.108404, 0.258224, 0.0436768, 0.589695)) == ({x3, x6}, (0.108404, 0.258224, 0.0436768, 0.589695))
({x3, x7}, (0.0436768, 0.589695, 0.108404, 0.258224)) == ({x3, x7}, (0.0436768, 0.589695, 0.108404, 0.258224))
({x3, x8}, (0.0436768, 0.589695, 0.108404, 0.258224)) == ({x3, x8}, (0.0436768, 0.589695, 0.108404, 0.258224))
({x3, x9}, (0.155284, 2.37757e-06, 1.0678e-06, 0.844713)) == ({x3, x9}, (0.155284, 2.37757e-06, 1.0678e-06, 0.844713))
({x4, x5}, (0.839217, 0.00215123, 0.00435783, 0.154274)) == ({x4, x5}, (0.839217, 0.00215123, 0.00435783, 0.154274))
({x4, x6}, (0.258224, 0.108404, 0.589695, 0.0436768)) == ({x4, x6}, (0.258224, 0.108404, 0.589695, 0.0436768))
({x4, x7}, (0.589695, 0.0436768, 0.258224, 0.108404)) == ({x4, x7}, (0.589695, 0.0436768, 0.258224, 0.108404))
({x4, x8}, (0.589695, 0.0436768, 0.258224, 0.108404)) == ({x4, x8}, (0.589695, 0.0436768, 0.258224, 0.108404))
({x4, x9}, (2.37757e-06, 0.155284, 0.844713, 1.0678e-06)) == ({x4, x9}, (2.37757e-06, 0.155284, 0.844713, 1.0678e-06))
({x5, x6}, (0.258224, 0.108404, 0.589695, 0.0436768)) == ({x5, x6}, (0.258224, 0.108404, 0.589695, 0.0436768))
({x5, x7}, (0.589695, 0.0436768, 0.258224, 0.108404)) == ({x5, x7}, (0.589695, 0.0436768, 0.258224, 0.108404))
({x5, x8}, (0.589695, 0.0436768, 0.258224, 0.108404)) == ({x5, x8}, (0.589695, 0.0436768, 0.258224, 0.108404))
({x5, x9}, (0.00215123, 0.154274, 0.839217, 0.00435783)) == ({x5, x9}, (0.00215123, 0.154274, 0.839217, 0.00435783))
({x6, x7}, (4.78515e-05, 0.693495, 0.303678, 0.00277951)) == ({x6, x7}, (4.78515e-05, 0.693495, 0.303678, 0.00277951))
({x6, x8}, (1.83118e-06, 0.69546, 0.304538, 4.30568e-07)) == ({x6, x8}, (1.83118e-06, 0.69546, 0.304538, 4.30568e-07))
({x6, x9}, (0.108404, 0.0436768, 0.258224, 0.589695)) == ({x6, x9}, (0.108404, 0.0436768, 0.258224, 0.589695))
({x7, x8}, (0.693495, 0.00277951, 4.78515e-05, 0.303678)) == ({x7, x8}, (0.693495, 0.00277951, 4.78515e-05, 0.303678))
({x7, x9}, (0.0436768, 0.108404, 0.589695, 0.258224)) == ({x7, x9}, (0.0436768, 0.108404, 0.589695, 0.258224))
({x8, x9}, (0.0436768, 0.108404, 0.589695, 0.258224)) == ({x8, x9}, (0.0436768, 0.108404, 0.589695, 0.258224))
Exact MAP state (log score = 82.7526):
x0: 1
x1: 1
x2: 1
x3: 1
x4: 0
x5: 0
x6: 1
x7: 0
x8: 0
x9: 1
