Builtin inference algorithms: {BP, EXACT, FBP, JTREE, TRWBP}

Exact variable marginals:
({x0}, (0.663741, 0.336259))
({x1}, (0.336259, 0.663741))
({x2}, (0.337972, 0.662028))
({x3}, (0.337972, 0.662028))
({x4}, (0.337996, 0.662004))
({x5}, (0.337938, 0.662062))
({x6}, (0.662028, 0.337972))
({x7}, (0.715695, 0.284305))
({x8}, (0.486926, 0.513074))
({x9}, (0.662028, 0.337972))
Exact factor marginals:
({x0}, (0.663741, 0.336259))
({x1}, (0.336259, 0.663741))
({x2}, (0.337972, 0.662028))
({x3}, (0.337972, 0.662028))
({x4}, (0.337996, 0.662004))
({x5}, (0.337938, 0.662062))
({x6}, (0.662028, 0.337972))
({x7}, (0.715695, 0.284305))
({x8}, (0.486926, 0.513074))
({x9}, (0.662028, 0.337972))
({x0, x1}, (7.48812e-07, 0.336258, 0.66374, 3.70569e-07))
({x0, x2}, (0.0019493, 0.336023, 0.661792, 0.000235959))
({x0, x3}, (0.0019493, 0.336023, 0.661792, 0.000235959))
({x0, x4}, (0.00197994, 0.336016, 0.661761, 0.000242774))
({x0, x5}, (0.00191264, 0.336025, 0.661829, 0.000233459))
({x0, x6}, (0.661792, 0.000235959, 0.0019493, 0.336023))
({x0, x7}, (0.654432, 0.0612625, 0.00930876, 0.274996))
({x0, x8}, (0.309299, 0.177628, 0.354443, 0.158631))
({x0, x9}, (0.661792, 0.000235959, 0.0019493, 0.336023))
({x1, x2}, (0.336022, 0.00194967, 0.000236707, 0.661791))
({x1, x3}, (0.336022, 0.00194967, 0.000236707, 0.661791))
({x1, x4}, (0.336016, 0.0019795, 0.000242714, 0.661761))
({x1, x5}, (0.336025, 0.00191301, 0.000234207, 0.661828))
({x1, x6}, (0.000236707, 0.661791, 0.336022, 0.00194967))
({x1, x7}, (0.0612622, 0.654433, 0.274997, 0.00930801))
({x1, x8}, (0.177627, 0.309299, 0.158632, 0.354442))
({x1, x9}, (0.000236707, 0.661791, 0.336022, 0.00194967))
({x2, x3}, (0.337972, 1.4123e-09, 6.01426e-11, 0.662028))
({x2, x4}, (0.337932, 6.36368e-05, 3.98121e-05, 0.661964))
({x2, x5}, (0.337935, 2.50014e-06, 3.66587e-05, 0.662025))
({x2, x6}, (2.05288e-11, 0.662028, 0.337972, 7.25141e-11))
({x2, x7}, (0.0632118, 0.652483, 0.27476, 0.00954472))
({x2, x8}, (0.179365, 0.307562, 0.158607, 0.354466))
({x2, x9}, (2.7591e-11, 0.662028, 0.337972, 7.12414e-11))
({x3, x4}, (0.337932, 6.36354e-05, 3.9812e-05, 0.661964))
({x3, x5}, (0.337935, 2.50011e-06, 3.666e-05, 0.662025))
({x3, x6}, (1.3398e-09, 0.662028, 0.337972, 3.96309e-11))
({x3, x7}, (0.0632118, 0.652483, 0.27476, 0.00954472))
({x3, x8}, (0.179365, 0.307562, 0.158607, 0.354466))
({x3, x9}, (1.34813e-09, 0.662028, 0.337972, 3.96287e-11))
({x4, x5}, (0.337928, 9.46429e-06, 6.74475e-05, 0.661995))
({x4, x6}, (6.36367e-05, 0.661964, 0.337932, 3.98121e-05))
({x4, x7}, (0.063172, 0.652523, 0.274824, 0.00948108))
({x4, x8}, (0.179358, 0.307569, 0.158638, 0.354435))
({x4, x9}, (6.36367e-05, 0.661964, 0.337932, 3.98121e-05))
({x5, x6}, (2.50007e-06, 0.662025, 0.337935, 3.66587e-05))
({x5, x7}, (0.0631752, 0.65252, 0.274763, 0.00954222))
({x5, x8}, (0.179367, 0.307559, 0.158571, 0.354503))
({x5, x9}, (2.50007e-06, 0.662025, 0.337935, 3.66586e-05))
({x6, x7}, (0.652483, 0.0632118, 0.00954472, 0.27476))
({x6, x8}, (0.307562, 0.179365, 0.354466, 0.158607))
({x6, x9}, (0.662028, 8.34967e-12, 1.47982e-14, 0.337972))
({x7, x8}, (0.370547, 0.11638, 0.345148, 0.167925))
({x7, x9}, (0.652483, 0.00954472, 0.0632118, 0.27476))
({x8, x9}, (0.307562, 0.354466, 0.179365, 0.158607))
Exact log partition sum: 86.6798
Exact MAP variable marginals:
({x0}, (0.685305, 0.314695))
({x1}, (0.314695, 0.685305))
({x2}, (0.314695, 0.685305))
({x3}, (0.314695, 0.685305))
({x4}, (0.314695, 0.685305))
({x5}, (0.314695, 0.685305))
({x6}, (0.685305, 0.314695))
({x7}, (0.685305, 0.314695))
({x8}, (0.471345, 0.528655))
({x9}, (0.685305, 0.314695))
Exact MAP factor marginals:
({x0}, (0.685305, 0.314695)) == ({x0}, (0.685305, 0.314695))
({x1}, (0.314695, 0.685305)) == ({x1}, (0.314695, 0.685305))
({x2}, (0.314695, 0.685305)) == ({x2}, (0.314695, 0.685305))
({x3}, (0.314695, 0.685305)) == ({x3}, (0.314695, 0.685305))
({x4}, (0.314695, 0.685305)) == ({x4}, (0.314695, 0.685305))
({x5}, (0.314695, 0.685305)) == ({x5}, (0.314695, 0.685305))
({x6}, (0.685305, 0.314695)) == ({x6}, (0.685305, 0.314695))
({x7}, (0.685305, 0.314695)) == ({x7}, (0.685305, 0.314695))
({x8}, (0.471345, 0.528655)) == ({x8}, (0.471345, 0.528655))
({x9}, (0.685305, 0.314695)) == ({x9}, (0.685305, 0.314695))
({x0, x1}, (1.39301e-06, 0.314695, 0.685303, 5.28972e-07)) == ({x0, x1}, (1.39301e-06, 0.314695, 0.685303, 5.28972e-07))
({x0, x2}, (0.00346784, 0.313467, 0.682629, 0.000435665)) == ({x0, x2}, (0.00346784, 0.313467, 0.682629, 0.000435665))
({x0, x3}, (0.00346784, 0.313467, 0.682629, 0.000435665)) == ({x0, x3}, (0.00346784, 0.313467, 0.682629, 0.000435665))
({x0, x4}, (0.00346784, 0.313467, 0.682629, 0.000435665)) == ({x0, x4}, (0.00346784, 0.313467, 0.682629, 0.000435665))
({x0, x5}, (0.00346784, 0.313467, 0.682629, 0.000435665)) == ({x0, x5}, (0.00346784, 0.313467, 0.682629, 0.000435665))
({x0, x6}, (0.682629, 0.000435665, 0.00346784, 0.313467)) == ({x0, x6}, (0.682629, 0.000435665, 0.00346784, 0.313467))
({x0, x7}, (0.601124, 0.106722, 0.0161137, 0.276039)) == ({x0, x7}, (0.601124, 0.106722, 0.0161137, 0.276039))
({x0, x8}, (0.331676, 0.125493, 0.372004, 0.170826)) == ({x0, x8}, (0.331676, 0.125493, 0.372004, 0.170826))
({x0, x9}, (0.682629, 0.000435665, 0.00346784, 0.313467)) == ({x0, x9}, (0.682629, 0.000435665, 0.00346784, 0.313467))
({x1, x2}, (0.313467, 0.00346784, 0.000435665, 0.682629)) == ({x1, x2}, (0.313467, 0.00346784, 0.000435665, 0.682629))
({x1, x3}, (0.313467, 0.00346784, 0.000435665, 0.682629)) == ({x1, x3}, (0.313467, 0.00346784, 0.000435665, 0.682629))
({x1, x4}, (0.313467, 0.00346784, 0.000435665, 0.682629)) == ({x1, x4}, (0.313467, 0.00346784, 0.000435665, 0.682629))
({x1, x5}, (0.313467, 0.00346784, 0.000435665, 0.682629)) == ({x1, x5}, (0.313467, 0.00346784, 0.000435665, 0.682629))
({x1, x6}, (0.000435665, 0.682629, 0.313467, 0.00346784)) == ({x1, x6}, (0.000435665, 0.682629, 0.313467, 0.00346784))
({x1, x7}, (0.106722, 0.601124, 0.276039, 0.0161137)) == ({x1, x7}, (0.106722, 0.601124, 0.276039, 0.0161137))
({x1, x8}, (0.125493, 0.331676, 0.170826, 0.372004)) == ({x1, x8}, (0.125493, 0.331676, 0.170826, 0.372004))
({x1, x9}, (0.000435665, 0.682629, 0.313467, 0.00346784)) == ({x1, x9}, (0.000435665, 0.682629, 0.313467, 0.00346784))
({x2, x3}, (0.314695, 2.66027e-09, 7.67577e-11, 0.685305)) == ({x2, x3}, (0.314695, 2.66027e-09, 7.67577e-11, 0.685305))
({x2, x4}, (0.314639, 0.000119758, 6.01322e-05, 0.685181)) == ({x2, x4}, (0.314639, 0.000119758, 6.01322e-05, 0.685181))
({x2, x5}, (0.314675, 4.9209e-06, 6.01391e-05, 0.68526)) == ({x2, x5}, (0.314675, 4.9209e-06, 6.01391e-05, 0.68526))
({x2, x6}, (3.10045e-11, 0.685305, 0.314695, 1.39279e-10)) == ({x2, x6}, (3.10045e-11, 0.685305, 0.314695, 1.39279e-10))
({x2, x7}, (0.106722, 0.601124, 0.276039, 0.0161137)) == ({x2, x7}, (0.106722, 0.601124, 0.276039, 0.0161137))
({x2, x8}, (0.125493, 0.331676, 0.170826, 0.372004)) == ({x2, x8}, (0.125493, 0.331676, 0.170826, 0.372004))
({x2, x9}, (3.10045e-11, 0.685305, 0.314695, 1.39279e-10)) == ({x2, x9}, (3.10045e-11, 0.685305, 0.314695, 1.39279e-10))
({x3, x4}, (0.314639, 0.000119758, 6.01322e-05, 0.685181)) == ({x3, x4}, (0.314639, 0.000119758, 6.01322e-05, 0.685181))
({x3, x5}, (0.314675, 4.9209e-06, 6.01391e-05, 0.68526)) == ({x3, x5}, (0.314675, 4.9209e-06, 6.01391e-05, 0.68526))
({x3, x6}, (2.66027e-09, 0.685305, 0.314695, 7.67577e-11)) == ({x3, x6}, (2.66027e-09, 0.685305, 0.314695, 7.67577e-11))
({x3, x7}, (0.106722, 0.601124, 0.276039, 0.0161137)) == ({x3, x7}, (0.106722, 0.601124, 0.276039, 0.0161137))
({x3, x8}, (0.125493, 0.331676, 0.170826, 0.372004)) == ({x3, x8}, (0.125493, 0.331676, 0.170826, 0.372004))
({x3, x9}, (2.66027e-09, 0.685305, 0.314695, 7.67577e-11)) == ({x3, x9}, (2.66027e-09, 0.685305, 0.314695, 7.67577e-11))
({x4, x5}, (0.314652, 1.85096e-05, 0.000119763, 0.68521)) == ({x4, x5}, (0.314652, 1.85096e-05, 0.000119763, 0.68521))
({x4, x6}, (0.000119758, 0.685181, 0.314639, 6.01322e-05)) == ({x4, x6}, (0.000119758, 0.685181, 0.314639, 6.01322e-05))
({x4, x7}, (0.106722, 0.601124, 0.276039, 0.0161137)) == ({x4, x7}, (0.106722, 0.601124, 0.276039, 0.0161137))
({x4, x8}, (0.125493, 0.331676, 0.170826, 0.372004)) == ({x4, x8}, (0.125493, 0.331676, 0.170826, 0.372004))
({x4, x9}, (0.000119758, 0.685181, 0.314639, 6.01322e-05)) == ({x4, x9}, (0.000119758, 0.685181, 0.314639, 6.01322e-05))
({x5, x6}, (4.9209e-06, 0.68526, 0.314675, 6.01391e-05)) == ({x5, x6}, (4.9209e-06, 0.68526, 0.314675, 6.01391e-05))
({x5, x7}, (0.106722, 0.601124, 0.276039, 0.0161137)) == ({x5, x7}, (0.106722, 0.601124, 0.276039, 0.0161137))
({x5, x8}, (0.125493, 0.331676, 0.170826, 0.372004)) == ({x5, x8}, (0.125493, 0.331676, 0.170826, 0.372004))
({x5, x9}, (4.9209e-06, 0.68526, 0.314675, 6.01391e-05)) == ({x5, x9}, (4.9209e-06, 0.68526, 0.314675, 6.01391e-05))
({x6, x7}, (0.601124, 0.106722, 0.0161137, 0.276039)) == ({x6, x7}, (0.601124, 0.106722, 0.0161137, 0.276039))
({x6, x8}, (0.331676, 0.125493, 0.372004, 0.170826)) == ({x6, x8}, (0.331676, 0.125493, 0.372004, 0.170826))
({x6, x9}, (0.685305, 1.32538e-11, 1.1246e-14, 0.314695)) == ({x6, x9}, (0.685305, 1.32538e-11, 1.1246e-14, 0.314695))
({x7, x8}, (0.331676, 0.125493, 0.372004, 0.170826)) == ({x7, x8}, (0.331676, 0.125493, 0.372004, 0.170826))
({x7, x9}, (0.601124, 0.0161137, 0.106722, 0.276039)) == ({x7, x9}, (0.601124, 0.0161137, 0.106722, 0.276039))
({x8, x9}, (0.331676, 0.372004, 0.125493, 0.170826)) == ({x8, x9}, (0.331676, 0.372004, 0.125493, 0.170826))
Exact MAP state (log score = 85.6154):
x0: 0
x1: 1
x2: 1
x3: 1
x4: 1
x5: 1
x6: 0
x7: 0
x8: 1
x9: 0
