Builtin inference algorithms: {BP, EXACT, FBP, JTREE, TRWBP}

Exact variable marginals:
({x0}, (0.43266, 0.56734))
({x1}, (0.567354, 0.432646))
({x2}, (0.385506, 0.614494))
({x3}, (0.743339, 0.256661))
({x4}, (0.567341, 0.432659))
({x5}, (0.567401, 0.432599))
({x6}, (0.432646, 0.567354))
({x7}, (0.25911, 0.74089))
({x8}, (0.567351, 0.432649))
({x9}, (0.567354, 0.432646))
Exact factor marginals:
({x0}, (0.43266, 0.56734))
({x1}, (0.567354, 0.432646))
({x2}, (0.385506, 0.614494))
({x3}, (0.743339, 0.256661))
({x4}, (0.567341, 0.432659))
({x5}, (0.567401, 0.432599))
({x6}, (0.432646, 0.567354))
({x7}, (0.25911, 0.74089))
({x8}, (0.567351, 0.432649))
({x9}, (0.567354, 0.432646))
({x0, x1}, (2.2691e-05, 0.567332, 0.432637, 8.11337e-06))
({x0, x2}, (0.384472, 0.00103329, 0.0481879, 0.566307))
({x0, x3}, (0.300929, 0.44241, 0.131731, 0.12493))
({x0, x4}, (0.000158109, 0.567183, 0.432502, 0.000156959))
({x0, x5}, (6.96986e-05, 0.567332, 0.43259, 8.15586e-06))
({x0, x6}, (0.432634, 1.21244e-05, 2.66305e-05, 0.567328))
({x0, x7}, (0.136902, 0.122209, 0.295758, 0.445131))
({x0, x8}, (2.3214e-05, 0.567328, 0.432637, 1.17543e-05))
({x0, x9}, (2.26042e-05, 0.567332, 0.432638, 8.09271e-06))
({x1, x2}, (0.0010253, 0.38448, 0.566329, 0.0481653))
({x1, x3}, (0.442402, 0.300937, 0.124953, 0.131709))
({x1, x4}, (0.567175, 0.000166221, 0.000179649, 0.432479))
({x1, x5}, (0.567354, 4.71366e-05, 1.71489e-07, 0.432598))
({x1, x6}, (4.14059e-06, 0.432641, 0.56735, 4.06914e-06))
({x1, x7}, (0.122231, 0.136879, 0.445123, 0.295767))
({x1, x8}, (0.567351, 5.23614e-07, 3.64152e-06, 0.432645))
({x1, x9}, (0.567354, 4.43401e-08, 1.10443e-07, 0.432646))
({x2, x3}, (0.252772, 0.490567, 0.132734, 0.123927))
({x2, x4}, (0.0011914, 0.56615, 0.384314, 0.0483448))
({x2, x5}, (0.00102513, 0.566376, 0.38448, 0.0481182))
({x2, x6}, (0.38448, 0.0481655, 0.00102541, 0.566329))
({x2, x7}, (0.137904, 0.121206, 0.247601, 0.493288))
({x2, x8}, (0.00102575, 0.566326, 0.38448, 0.0481689))
({x2, x9}, (0.0010252, 0.566329, 0.38448, 0.0481653))
({x3, x4}, (0.442568, 0.124773, 0.300771, 0.131888))
({x3, x5}, (0.442449, 0.124952, 0.30089, 0.131709))
({x3, x6}, (0.300937, 0.131709, 0.442402, 0.124953))
({x3, x7}, (0.00517036, 0.25394, 0.738168, 0.00272138))
({x3, x8}, (0.442398, 0.124953, 0.300941, 0.131708))
({x3, x9}, (0.442402, 0.124953, 0.300937, 0.131709))
({x4, x5}, (0.567175, 0.000226657, 0.000166264, 0.432432))
({x4, x6}, (0.000170233, 0.432475, 0.567171, 0.00018359))
({x4, x7}, (0.122052, 0.137059, 0.445289, 0.2956))
({x4, x8}, (0.567171, 0.000180172, 0.000169862, 0.432479))
({x4, x9}, (0.567175, 0.000179563, 0.000166201, 0.432479))
({x5, x6}, (4.74494e-05, 0.432598, 0.567354, 4.12782e-07))
({x5, x7}, (0.122231, 0.136879, 0.44517, 0.295719))
({x5, x8}, (0.567351, 6.95068e-07, 5.07781e-05, 0.432598))
({x5, x9}, (0.567354, 6.31496e-08, 4.70944e-05, 0.432599))
({x6, x7}, (0.136879, 0.122231, 0.295767, 0.445123))
({x6, x8}, (7.78419e-07, 0.567351, 0.432645, 3.82487e-06))
({x6, x9}, (4.03198e-06, 0.56735, 0.432642, 4.02664e-06))
({x7, x8}, (0.122232, 0.44512, 0.136879, 0.29577))
({x7, x9}, (0.122231, 0.445123, 0.136879, 0.295767))
({x8, x9}, (0.567351, 3.68555e-06, 6.33755e-07, 0.432645))
Exact log partition sum: 72.6177
Exact MAP variable marginals:
({x0}, (0.358688, 0.641312))
({x1}, (0.641312, 0.358688))
({x2}, (0.358688, 0.641312))
({x3}, (0.770586, 0.229414))
({x4}, (0.641312, 0.358688))
({x5}, (0.641312, 0.358688))
({x6}, (0.358688, 0.641312))
({x7}, (0.229414, 0.770586))
({x8}, (0.641312, 0.358688))
({x9}, (0.641312, 0.358688))
Exact MAP factor marginals:
({x0}, (0.358688, 0.641312)) == ({x0}, (0.358688, 0.641312))
({x1}, (0.641312, 0.358688)) == ({x1}, (0.641312, 0.358688))
({x2}, (0.358688, 0.641312)) == ({x2}, (0.358688, 0.641312))
({x3}, (0.770586, 0.229414)) == ({x3}, (0.770586, 0.229414))
({x4}, (0.641312, 0.358688)) == ({x4}, (0.641312, 0.358688))
({x5}, (0.641312, 0.358688)) == ({x5}, (0.641312, 0.358688))
({x6}, (0.358688, 0.641312)) == ({x6}, (0.358688, 0.641312))
({x7}, (0.229414, 0.770586)) == ({x7}, (0.229414, 0.770586))
({x8}, (0.641312, 0.358688)) == ({x8}, (0.641312, 0.358688))
({x9}, (0.641312, 0.358688)) == ({x9}, (0.641312, 0.358688))
({x0, x1}, (3.27447e-05, 0.641283, 0.358672, 1.17176e-05)) == ({x0, x1}, (3.27447e-05, 0.641283, 0.358672, 1.17176e-05))
({x0, x2}, (0.334835, 0.00138717, 0.0651145, 0.598663)) == ({x0, x2}, (0.334835, 0.00138717, 0.0651145, 0.598663))
({x0, x3}, (0.262512, 0.469354, 0.139733, 0.128401)) == ({x0, x3}, (0.262512, 0.469354, 0.139733, 0.128401))
({x0, x4}, (0.000229093, 0.641019, 0.358525, 0.000227428)) == ({x0, x4}, (0.000229093, 0.641019, 0.358525, 0.000227428))
({x0, x5}, (6.2994e-05, 0.641264, 0.358662, 1.17172e-05)) == ({x0, x5}, (6.2994e-05, 0.641264, 0.358662, 1.17172e-05))
({x0, x6}, (0.358672, 1.17176e-05, 3.27447e-05, 0.641283)) == ({x0, x6}, (0.358672, 1.17176e-05, 3.27447e-05, 0.641283))
({x0, x7}, (0.139733, 0.128401, 0.262512, 0.469354)) == ({x0, x7}, (0.139733, 0.128401, 0.262512, 0.469354))
({x0, x8}, (3.27447e-05, 0.641283, 0.358672, 1.17176e-05)) == ({x0, x8}, (3.27447e-05, 0.641283, 0.358672, 1.17176e-05))
({x0, x9}, (3.27447e-05, 0.641283, 0.358672, 1.17176e-05)) == ({x0, x9}, (3.27447e-05, 0.641283, 0.358672, 1.17176e-05))
({x1, x2}, (0.00138717, 0.334835, 0.598663, 0.0651145)) == ({x1, x2}, (0.00138717, 0.334835, 0.598663, 0.0651145))
({x1, x3}, (0.469354, 0.262512, 0.128401, 0.139733)) == ({x1, x3}, (0.469354, 0.262512, 0.128401, 0.139733))
({x1, x4}, (0.641019, 0.000229093, 0.000227428, 0.358525)) == ({x1, x4}, (0.641019, 0.000229093, 0.000227428, 0.358525))
({x1, x5}, (0.641271, 6.29947e-05, 1.42777e-07, 0.358666)) == ({x1, x5}, (0.641271, 6.29947e-05, 1.42777e-07, 0.358666))
({x1, x6}, (5.09577e-06, 0.358685, 0.641305, 5.26727e-06)) == ({x1, x6}, (5.09577e-06, 0.358685, 0.641305, 5.26727e-06))
({x1, x7}, (0.128401, 0.139733, 0.469354, 0.262512)) == ({x1, x7}, (0.128401, 0.139733, 0.469354, 0.262512))
({x1, x8}, (0.641308, 4.1599e-07, 5.0958e-06, 0.358686)) == ({x1, x8}, (0.641308, 4.1599e-07, 5.0958e-06, 0.358686))
({x1, x9}, (0.641311, 4.25726e-08, 1.42786e-07, 0.358688)) == ({x1, x9}, (0.641311, 4.25726e-08, 1.42786e-07, 0.358688))
({x2, x3}, (0.262512, 0.469354, 0.139733, 0.128401)) == ({x2, x3}, (0.262512, 0.469354, 0.139733, 0.128401))
({x2, x4}, (0.00138717, 0.598663, 0.334835, 0.0651145)) == ({x2, x4}, (0.00138717, 0.598663, 0.334835, 0.0651145))
({x2, x5}, (0.00138717, 0.598663, 0.334835, 0.0651145)) == ({x2, x5}, (0.00138717, 0.598663, 0.334835, 0.0651145))
({x2, x6}, (0.334835, 0.0651145, 0.00138717, 0.598663)) == ({x2, x6}, (0.334835, 0.0651145, 0.00138717, 0.598663))
({x2, x7}, (0.139733, 0.128401, 0.262512, 0.469354)) == ({x2, x7}, (0.139733, 0.128401, 0.262512, 0.469354))
({x2, x8}, (0.00138717, 0.598663, 0.334835, 0.0651145)) == ({x2, x8}, (0.00138717, 0.598663, 0.334835, 0.0651145))
({x2, x9}, (0.00138717, 0.598663, 0.334835, 0.0651145)) == ({x2, x9}, (0.00138717, 0.598663, 0.334835, 0.0651145))
({x3, x4}, (0.469354, 0.128401, 0.262512, 0.139733)) == ({x3, x4}, (0.469354, 0.128401, 0.262512, 0.139733))
({x3, x5}, (0.469354, 0.128401, 0.262512, 0.139733)) == ({x3, x5}, (0.469354, 0.128401, 0.262512, 0.139733))
({x3, x6}, (0.262512, 0.139733, 0.469354, 0.128401)) == ({x3, x6}, (0.262512, 0.139733, 0.469354, 0.128401))
({x3, x7}, (0.00888378, 0.226304, 0.760137, 0.00467569)) == ({x3, x7}, (0.00888378, 0.226304, 0.760137, 0.00467569))
({x3, x8}, (0.469354, 0.128401, 0.262512, 0.139733)) == ({x3, x8}, (0.469354, 0.128401, 0.262512, 0.139733))
({x3, x9}, (0.469354, 0.128401, 0.262512, 0.139733)) == ({x3, x9}, (0.469354, 0.128401, 0.262512, 0.139733))
({x4, x5}, (0.641019, 0.000227428, 0.000229093, 0.358525)) == ({x4, x5}, (0.641019, 0.000227428, 0.000229093, 0.358525))
({x4, x6}, (0.000229093, 0.358525, 0.641019, 0.000227428)) == ({x4, x6}, (0.000229093, 0.358525, 0.641019, 0.000227428))
({x4, x7}, (0.128401, 0.139733, 0.469354, 0.262512)) == ({x4, x7}, (0.128401, 0.139733, 0.469354, 0.262512))
({x4, x8}, (0.641019, 0.000227428, 0.000229093, 0.358525)) == ({x4, x8}, (0.641019, 0.000227428, 0.000229093, 0.358525))
({x4, x9}, (0.641019, 0.000227428, 0.000229093, 0.358525)) == ({x4, x9}, (0.641019, 0.000227428, 0.000229093, 0.358525))
({x5, x6}, (6.29947e-05, 0.358666, 0.641271, 4.15966e-07)) == ({x5, x6}, (6.29947e-05, 0.358666, 0.641271, 4.15966e-07))
({x5, x7}, (0.128401, 0.139733, 0.469354, 0.262512)) == ({x5, x7}, (0.128401, 0.139733, 0.469354, 0.262512))
({x5, x8}, (0.641271, 4.15966e-07, 6.29947e-05, 0.358666)) == ({x5, x8}, (0.641271, 4.15966e-07, 6.29947e-05, 0.358666))
({x5, x9}, (0.641271, 6.02935e-08, 6.29947e-05, 0.358666)) == ({x5, x9}, (0.641271, 6.02935e-08, 6.29947e-05, 0.358666))
({x6, x7}, (0.139733, 0.128401, 0.262512, 0.469354)) == ({x6, x7}, (0.139733, 0.128401, 0.262512, 0.469354))
({x6, x8}, (4.33092e-07, 0.641308, 0.358686, 5.26729e-06)) == ({x6, x8}, (4.33092e-07, 0.641308, 0.358686, 5.26729e-06))
({x6, x9}, (5.09577e-06, 0.641305, 0.358685, 5.26727e-06)) == ({x6, x9}, (5.09577e-06, 0.641305, 0.358685, 5.26727e-06))
({x7, x8}, (0.128401, 0.469354, 0.139733, 0.262512)) == ({x7, x8}, (0.128401, 0.469354, 0.139733, 0.262512))
({x7, x9}, (0.128401, 0.469354, 0.139733, 0.262512)) == ({x7, x9}, (0.128401, 0.469354, 0.139733, 0.262512))
({x8, x9}, (0.641308, 5.0958e-06, 4.1599e-07, 0.358686)) == ({x8, x9}, (0.641308, 5.0958e-06, 4.1599e-07, 0.358686))
Exact MAP state (log score = 71.8021):
x0: 1
x1: 0
x2: 1
x3: 0
x4: 0
x5: 0
x6: 1
x7: 1
x8: 0
x9: 0
