Builtin inference algorithms: {BP, EXACT, FBP, JTREE, TRWBP}

Exact variable marginals:
({x0}, (0.15197, 0.84803))
({x1}, (0.843897, 0.156103))
({x2}, (0.15561, 0.84439))
({x3}, (0.843881, 0.156119))
({x4}, (0.152498, 0.847502))
({x5}, (0.155719, 0.844281))
({x6}, (0.844282, 0.155718))
({x7}, (0.155719, 0.844281))
({x8}, (0.156104, 0.843896))
({x9}, (0.152461, 0.847539))
Exact factor marginals:
({x0}, (0.15197, 0.84803))
({x1}, (0.843897, 0.156103))
({x2}, (0.15561, 0.84439))
({x3}, (0.843881, 0.156119))
({x4}, (0.152498, 0.847502))
({x5}, (0.155719, 0.844281))
({x6}, (0.844282, 0.155718))
({x7}, (0.155719, 0.844281))
({x8}, (0.156104, 0.843896))
({x9}, (0.152461, 0.847539))
({x0, x1}, (0.00142961, 0.842467, 0.15054, 0.0055632))
({x0, x2}, (0.150541, 0.00506918, 0.00142853, 0.842961))
({x0, x3}, (0.0014299, 0.842452, 0.15054, 0.00557869))
({x0, x4}, (0.151966, 0.000531387, 3.29674e-06, 0.847499))
({x0, x5}, (0.150542, 0.00517683, 0.00142785, 0.842853))
({x0, x6}, (0.00142786, 0.842854, 0.150542, 0.0051762))
({x0, x7}, (0.150542, 0.00517681, 0.00142785, 0.842853))
({x0, x8}, (0.15054, 0.00556317, 0.00142938, 0.842467))
({x0, x9}, (0.151967, 0.000494208, 3.09689e-06, 0.847536))
({x1, x2}, (2.19462e-06, 0.155608, 0.843894, 0.000495127))
({x1, x3}, (0.843881, 5.11871e-07, 1.57172e-05, 0.156103))
({x1, x4}, (0.00143235, 0.151065, 0.842464, 0.00503785))
({x1, x5}, (1.76728e-06, 0.155717, 0.843895, 0.00038637))
({x1, x6}, (0.843895, 0.000387013, 1.76753e-06, 0.155716))
({x1, x7}, (1.76737e-06, 0.155717, 0.843895, 0.000386389))
({x1, x8}, (2.34206e-07, 0.156103, 0.843896, 2.79081e-08))
({x1, x9}, (0.00143255, 0.151028, 0.842464, 0.00507503))
({x2, x3}, (2.70518e-06, 0.843879, 0.155608, 0.000510843))
({x2, x4}, (0.15057, 0.00192748, 0.00504004, 0.842462))
({x2, x5}, (0.15561, 0.000108757, 4.27344e-07, 0.844281))
({x2, x6}, (4.27099e-07, 0.844281, 0.15561, 0.000108114))
({x2, x7}, (0.15561, 0.000108738, 4.27269e-07, 0.844281))
({x2, x8}, (0.155608, 0.000495337, 2.19813e-06, 0.843894))
({x2, x9}, (0.150548, 0.00191309, 0.00506263, 0.842477))
({x3, x4}, (0.00142753, 0.15107, 0.842454, 0.00504823))
({x3, x5}, (2.27784e-06, 0.155716, 0.843879, 0.000402085))
({x3, x6}, (0.843879, 0.000402729, 2.27809e-06, 0.155716))
({x3, x7}, (2.27792e-06, 0.155716, 0.843879, 0.000402105))
({x3, x8}, (5.86149e-07, 0.156103, 0.843881, 1.55852e-05))
({x3, x9}, (0.00142773, 0.151033, 0.842454, 0.00508541))
({x4, x5}, (0.150679, 0.00503962, 0.00181872, 0.842463))
({x4, x6}, (0.00181937, 0.842463, 0.150678, 0.00503962))
({x4, x7}, (0.150679, 0.00503962, 0.00181874, 0.842463))
({x4, x8}, (0.151066, 0.00503785, 0.00143214, 0.842464))
({x4, x9}, (0.152461, 2.04088e-07, 3.7183e-05, 0.847502))
({x5, x6}, (6.43573e-07, 0.844281, 0.155718, 2.5385e-10))
({x5, x7}, (0.155719, 2.12756e-10, 1.92935e-08, 0.844281))
({x5, x8}, (0.155717, 0.000386579, 1.77079e-06, 0.843895))
({x5, x9}, (0.150657, 0.00180433, 0.0050622, 0.842477))
({x6, x7}, (6.24409e-07, 0.155718, 0.844281, 1.69935e-10))
({x6, x8}, (0.000387223, 0.155716, 0.843895, 1.77104e-06))
({x6, x9}, (0.00180497, 0.150656, 0.842477, 0.0050622))
({x7, x8}, (0.155717, 0.000386598, 1.77087e-06, 0.843895))
({x7, x9}, (0.150657, 0.00180435, 0.0050622, 0.842477))
({x8, x9}, (0.151029, 0.00143234, 0.00507502, 0.842464))
Exact log partition sum: 74.2762
Exact MAP variable marginals:
({x0}, (0.151601, 0.848399))
({x1}, (0.848399, 0.151601))
({x2}, (0.151601, 0.848399))
({x3}, (0.848399, 0.151601))
({x4}, (0.151601, 0.848399))
({x5}, (0.151601, 0.848399))
({x6}, (0.848399, 0.151601))
({x7}, (0.151601, 0.848399))
({x8}, (0.151601, 0.848399))
({x9}, (0.151601, 0.848399))
Exact MAP factor marginals:
({x0}, (0.151601, 0.848399)) == ({x0}, (0.151601, 0.848399))
({x1}, (0.848399, 0.151601)) == ({x1}, (0.848399, 0.151601))
({x2}, (0.151601, 0.848399)) == ({x2}, (0.151601, 0.848399))
({x3}, (0.848399, 0.151601)) == ({x3}, (0.848399, 0.151601))
({x4}, (0.151601, 0.848399)) == ({x4}, (0.151601, 0.848399))
({x5}, (0.151601, 0.848399)) == ({x5}, (0.151601, 0.848399))
({x6}, (0.848399, 0.151601)) == ({x6}, (0.848399, 0.151601))
({x7}, (0.151601, 0.848399)) == ({x7}, (0.151601, 0.848399))
({x8}, (0.151601, 0.848399)) == ({x8}, (0.151601, 0.848399))
({x9}, (0.151601, 0.848399)) == ({x9}, (0.151601, 0.848399))
({x0, x1}, (0.00142696, 0.842912, 0.150621, 0.00504044)) == ({x0, x1}, (0.00142696, 0.842912, 0.150621, 0.00504044))
({x0, x2}, (0.150621, 0.00504044, 0.00142696, 0.842912)) == ({x0, x2}, (0.150621, 0.00504044, 0.00142696, 0.842912))
({x0, x3}, (0.00142696, 0.842912, 0.150621, 0.00504044)) == ({x0, x3}, (0.00142696, 0.842912, 0.150621, 0.00504044))
({x0, x4}, (0.151544, 0.000374245, 1.76817e-06, 0.84808)) == ({x0, x4}, (0.151544, 0.000374245, 1.76817e-06, 0.84808))
({x0, x5}, (0.150621, 0.00504044, 0.00142696, 0.842912)) == ({x0, x5}, (0.150621, 0.00504044, 0.00142696, 0.842912))
({x0, x6}, (0.00142696, 0.842912, 0.150621, 0.00504044)) == ({x0, x6}, (0.00142696, 0.842912, 0.150621, 0.00504044))
({x0, x7}, (0.150621, 0.00504044, 0.00142696, 0.842912)) == ({x0, x7}, (0.150621, 0.00504044, 0.00142696, 0.842912))
({x0, x8}, (0.150621, 0.00504044, 0.00142696, 0.842912)) == ({x0, x8}, (0.150621, 0.00504044, 0.00142696, 0.842912))
({x0, x9}, (0.151544, 0.000374245, 1.76817e-06, 0.84808)) == ({x0, x9}, (0.151544, 0.000374245, 1.76817e-06, 0.84808))
({x1, x2}, (1.76817e-06, 0.151544, 0.84808, 0.000374245)) == ({x1, x2}, (1.76817e-06, 0.151544, 0.84808, 0.000374245))
({x1, x3}, (0.848389, 4.102e-07, 1.05579e-05, 0.1516)) == ({x1, x3}, (0.848389, 4.102e-07, 1.05579e-05, 0.1516))
({x1, x4}, (0.00142696, 0.150621, 0.842912, 0.00504044)) == ({x1, x4}, (0.00142696, 0.150621, 0.842912, 0.00504044))
({x1, x5}, (1.76817e-06, 0.151544, 0.84808, 0.000374245)) == ({x1, x5}, (1.76817e-06, 0.151544, 0.84808, 0.000374245))
({x1, x6}, (0.84808, 0.000374245, 1.76817e-06, 0.151544)) == ({x1, x6}, (0.84808, 0.000374245, 1.76817e-06, 0.151544))
({x1, x7}, (1.76817e-06, 0.151544, 0.84808, 0.000374245)) == ({x1, x7}, (1.76817e-06, 0.151544, 0.84808, 0.000374245))
({x1, x8}, (1.56365e-07, 0.151601, 0.848398, 1.88188e-08)) == ({x1, x8}, (1.56365e-07, 0.151601, 0.848398, 1.88188e-08))
({x1, x9}, (0.00142696, 0.150621, 0.842912, 0.00504044)) == ({x1, x9}, (0.00142696, 0.150621, 0.842912, 0.00504044))
({x2, x3}, (1.76817e-06, 0.84808, 0.151544, 0.000374245)) == ({x2, x3}, (1.76817e-06, 0.84808, 0.151544, 0.000374245))
({x2, x4}, (0.150621, 0.00142696, 0.00504044, 0.842912)) == ({x2, x4}, (0.150621, 0.00142696, 0.00504044, 0.842912))
({x2, x5}, (0.151585, 0.000107898, 2.90773e-07, 0.848307)) == ({x2, x5}, (0.151585, 0.000107898, 2.90773e-07, 0.848307))
({x2, x6}, (2.90773e-07, 0.848307, 0.151585, 0.000107898)) == ({x2, x6}, (2.90773e-07, 0.848307, 0.151585, 0.000107898))
({x2, x7}, (0.151585, 0.000107898, 2.90773e-07, 0.848307)) == ({x2, x7}, (0.151585, 0.000107898, 2.90773e-07, 0.848307))
({x2, x8}, (0.151544, 0.000374245, 1.76817e-06, 0.84808)) == ({x2, x8}, (0.151544, 0.000374245, 1.76817e-06, 0.84808))
({x2, x9}, (0.150621, 0.00142696, 0.00504044, 0.842912)) == ({x2, x9}, (0.150621, 0.00142696, 0.00504044, 0.842912))
({x3, x4}, (0.00142696, 0.150621, 0.842912, 0.00504044)) == ({x3, x4}, (0.00142696, 0.150621, 0.842912, 0.00504044))
({x3, x5}, (1.76817e-06, 0.151544, 0.84808, 0.000374245)) == ({x3, x5}, (1.76817e-06, 0.151544, 0.84808, 0.000374245))
({x3, x6}, (0.84808, 0.000374245, 1.76817e-06, 0.151544)) == ({x3, x6}, (0.84808, 0.000374245, 1.76817e-06, 0.151544))
({x3, x7}, (1.76817e-06, 0.151544, 0.84808, 0.000374245)) == ({x3, x7}, (1.76817e-06, 0.151544, 0.84808, 0.000374245))
({x3, x8}, (4.102e-07, 0.1516, 0.848389, 1.05579e-05)) == ({x3, x8}, (4.102e-07, 0.1516, 0.848389, 1.05579e-05))
({x3, x9}, (0.00142696, 0.150621, 0.842912, 0.00504044)) == ({x3, x9}, (0.00142696, 0.150621, 0.842912, 0.00504044))
({x4, x5}, (0.150621, 0.00504044, 0.00142696, 0.842912)) == ({x4, x5}, (0.150621, 0.00504044, 0.00142696, 0.842912))
({x4, x6}, (0.00142696, 0.842912, 0.150621, 0.00504044)) == ({x4, x6}, (0.00142696, 0.842912, 0.150621, 0.00504044))
({x4, x7}, (0.150621, 0.00504044, 0.00142696, 0.842912)) == ({x4, x7}, (0.150621, 0.00504044, 0.00142696, 0.842912))
({x4, x8}, (0.150621, 0.00504044, 0.00142696, 0.842912)) == ({x4, x8}, (0.150621, 0.00504044, 0.00142696, 0.842912))
({x4, x9}, (0.151598, 1.98375e-07, 2.27461e-05, 0.848379)) == ({x4, x9}, (0.151598, 1.98375e-07, 2.27461e-05, 0.848379))
({x5, x6}, (6.20316e-07, 0.848398, 0.151601, 9.87967e-11)) == ({x5, x6}, (6.20316e-07, 0.848398, 0.151601, 9.87967e-11))
({x5, x7}, (0.151601, 1.18314e-10, 1.9414e-08, 0.848399)) == ({x5, x7}, (0.151601, 1.18314e-10, 1.9414e-08, 0.848399))
({x5, x8}, (0.151544, 0.000374245, 1.76817e-06, 0.84808)) == ({x5, x8}, (0.151544, 0.000374245, 1.76817e-06, 0.84808))
({x5, x9}, (0.150621, 0.00142696, 0.00504044, 0.842912)) == ({x5, x9}, (0.150621, 0.00142696, 0.00504044, 0.842912))
({x6, x7}, (6.20316e-07, 0.151601, 0.848398, 9.87967e-11)) == ({x6, x7}, (6.20316e-07, 0.151601, 0.848398, 9.87967e-11))
({x6, x8}, (0.000374245, 0.151544, 0.84808, 1.76817e-06)) == ({x6, x8}, (0.000374245, 0.151544, 0.84808, 1.76817e-06))
({x6, x9}, (0.00142696, 0.150621, 0.842912, 0.00504044)) == ({x6, x9}, (0.00142696, 0.150621, 0.842912, 0.00504044))
({x7, x8}, (0.151544, 0.000374245, 1.76817e-06, 0.84808)) == ({x7, x8}, (0.151544, 0.000374245, 1.76817e-06, 0.84808))
({x7, x9}, (0.150621, 0.00142696, 0.00504044, 0.842912)) == ({x7, x9}, (0.150621, 0.00142696, 0.00504044, 0.842912))
({x8, x9}, (0.150621, 0.00142696, 0.00504044, 0.842912)) == ({x8, x9}, (0.150621, 0.00142696, 0.00504044, 0.842912))
Exact MAP state (log score = 74.1048):
x0: 1
x1: 0
x2: 1
x3: 0
x4: 1
x5: 1
x6: 0
x7: 1
x8: 1
x9: 1
