Builtin inference algorithms: {BP, EXACT, FBP, JTREE, TRWBP}

Exact variable marginals:
({x0}, (0.804406, 0.195594))
({x1}, (0.195586, 0.804414))
({x2}, (0.195581, 0.804419))
({x3}, (0.195586, 0.804414))
({x4}, (0.804414, 0.195586))
({x5}, (0.215666, 0.784334))
({x6}, (0.195586, 0.804414))
({x7}, (0.804414, 0.195586))
({x8}, (0.195586, 0.804414))
({x9}, (0.185916, 0.814084))
Exact factor marginals:
({x0}, (0.804406, 0.195594))
({x1}, (0.195586, 0.804414))
({x2}, (0.195581, 0.804419))
({x3}, (0.195586, 0.804414))
({x4}, (0.804414, 0.195586))
({x5}, (0.215666, 0.784334))
({x6}, (0.195586, 0.804414))
({x7}, (0.804414, 0.195586))
({x8}, (0.195586, 0.804414))
({x9}, (0.185916, 0.814084))
({x0, x1}, (3.21125e-05, 0.195554, 0.804374, 3.98477e-05))
({x0, x2}, (1.03656e-05, 0.195571, 0.804396, 2.29504e-05))
({x0, x3}, (3.21125e-05, 0.195554, 0.804374, 3.98476e-05))
({x0, x4}, (0.804374, 3.98477e-05, 3.21125e-05, 0.195554))
({x0, x5}, (0.0212524, 0.194413, 0.783154, 0.0011807))
({x0, x6}, (3.21125e-05, 0.195554, 0.804374, 3.98477e-05))
({x0, x7}, (0.804374, 3.99368e-05, 3.21151e-05, 0.195554))
({x0, x8}, (3.21125e-05, 0.195554, 0.804374, 3.98477e-05))
({x0, x9}, (0.144413, 0.0415035, 0.659993, 0.154091))
({x1, x2}, (0.195564, 1.72349e-05, 2.20844e-05, 0.804396))
({x1, x3}, (0.195586, 8.8365e-11, 2.14781e-13, 0.804414))
({x1, x4}, (5.81522e-16, 0.804414, 0.195586, 2.24887e-15))
({x1, x5}, (0.194445, 0.0212203, 0.00114085, 0.783193))
({x1, x6}, (0.195586, 1.50443e-18, 1.36878e-17, 0.804414))
({x1, x7}, (8.96585e-08, 0.804414, 0.195586, 3.06548e-09))
({x1, x8}, (0.195586, 1.72791e-17, 1.51286e-20, 0.804414))
({x1, x9}, (0.0414637, 0.144452, 0.154123, 0.659961))
({x2, x3}, (0.195564, 2.20845e-05, 1.72348e-05, 0.804396))
({x2, x4}, (1.72349e-05, 0.804396, 0.195564, 2.20844e-05))
({x2, x5}, (0.194423, 0.0212424, 0.00115809, 0.783176))
({x2, x6}, (0.195564, 2.20844e-05, 1.72349e-05, 0.804396))
({x2, x7}, (1.73245e-05, 0.804396, 0.195564, 2.20875e-05))
({x2, x8}, (0.195564, 2.20844e-05, 1.72349e-05, 0.804396))
({x2, x9}, (0.0414806, 0.144436, 0.154101, 0.659983))
({x3, x4}, (8.83655e-11, 0.804414, 0.195586, 2.1703e-13))
({x3, x5}, (0.194445, 0.0212203, 0.00114085, 0.783193))
({x3, x6}, (0.195586, 2.14782e-13, 8.8365e-11, 0.804414))
({x3, x7}, (8.97468e-08, 0.804414, 0.195586, 3.06569e-09))
({x3, x8}, (0.195586, 2.14781e-13, 8.83649e-11, 0.804414))
({x3, x9}, (0.0414637, 0.144452, 0.154123, 0.659961))
({x4, x5}, (0.0212203, 0.194445, 0.783193, 0.00114085))
({x4, x6}, (5.82728e-16, 0.195586, 0.804414, 2.26226e-15))
({x4, x7}, (0.804414, 8.96585e-08, 3.06548e-09, 0.195586))
({x4, x8}, (5.98458e-16, 0.195586, 0.804414, 2.24854e-15))
({x4, x9}, (0.144452, 0.0414637, 0.659961, 0.154123))
({x5, x6}, (0.194445, 0.00114085, 0.0212203, 0.783193))
({x5, x7}, (0.0212203, 0.783193, 0.194445, 0.00114076))
({x5, x8}, (0.194445, 0.00114085, 0.0212203, 0.783193))
({x5, x9}, (0.0403239, 0.145592, 0.175342, 0.638742))
({x6, x7}, (8.96585e-08, 0.804414, 0.195586, 3.06548e-09))
({x6, x8}, (0.195586, 3.06161e-17, 1.16878e-18, 0.804414))
({x6, x9}, (0.0414637, 0.144452, 0.154123, 0.659961))
({x7, x8}, (8.96585e-08, 0.195586, 0.804414, 3.06548e-09))
({x7, x9}, (0.144452, 0.0414637, 0.659961, 0.154123))
({x8, x9}, (0.0414637, 0.144452, 0.154123, 0.659961))
Exact log partition sum: 94.9084
Exact MAP variable marginals:
({x0}, (0.805646, 0.194354))
({x1}, (0.194354, 0.805646))
({x2}, (0.194354, 0.805646))
({x3}, (0.194354, 0.805646))
({x4}, (0.805646, 0.194354))
({x5}, (0.194354, 0.805646))
({x6}, (0.194354, 0.805646))
({x7}, (0.805646, 0.194354))
({x8}, (0.194354, 0.805646))
({x9}, (0.184398, 0.815602))
Exact MAP factor marginals:
({x0}, (0.805646, 0.194354)) == ({x0}, (0.805646, 0.194354))
({x1}, (0.194354, 0.805646)) == ({x1}, (0.194354, 0.805646))
({x2}, (0.194354, 0.805646)) == ({x2}, (0.194354, 0.805646))
({x3}, (0.194354, 0.805646)) == ({x3}, (0.194354, 0.805646))
({x4}, (0.805646, 0.194354)) == ({x4}, (0.805646, 0.194354))
({x5}, (0.194354, 0.805646)) == ({x5}, (0.194354, 0.805646))
({x6}, (0.194354, 0.805646)) == ({x6}, (0.194354, 0.805646))
({x7}, (0.805646, 0.194354)) == ({x7}, (0.805646, 0.194354))
({x8}, (0.194354, 0.805646)) == ({x8}, (0.194354, 0.805646))
({x9}, (0.184398, 0.815602)) == ({x9}, (0.184398, 0.815602))
({x0, x1}, (2.77857e-05, 0.194343, 0.8056, 2.88788e-05)) == ({x0, x1}, (2.77857e-05, 0.194343, 0.8056, 2.88788e-05))
({x0, x2}, (1.27142e-05, 0.194346, 0.805612, 2.88792e-05)) == ({x0, x2}, (1.27142e-05, 0.194346, 0.805612, 2.88792e-05))
({x0, x3}, (2.77857e-05, 0.194343, 0.8056, 2.88788e-05)) == ({x0, x3}, (2.77857e-05, 0.194343, 0.8056, 2.88788e-05))
({x0, x4}, (0.8056, 2.88788e-05, 2.77857e-05, 0.194343)) == ({x0, x4}, (0.8056, 2.88788e-05, 2.77857e-05, 0.194343))
({x0, x5}, (0.0260304, 0.189023, 0.783548, 0.00139878)) == ({x0, x5}, (0.0260304, 0.189023, 0.783548, 0.00139878))
({x0, x6}, (2.77857e-05, 0.194343, 0.8056, 2.88788e-05)) == ({x0, x6}, (2.77857e-05, 0.194343, 0.8056, 2.88788e-05))
({x0, x7}, (0.8056, 2.88788e-05, 2.77857e-05, 0.194343)) == ({x0, x7}, (0.8056, 2.88788e-05, 2.77857e-05, 0.194343))
({x0, x8}, (2.77857e-05, 0.194343, 0.8056, 2.88788e-05)) == ({x0, x8}, (2.77857e-05, 0.194343, 0.8056, 2.88788e-05))
({x0, x9}, (0.147726, 0.0412487, 0.653399, 0.157626)) == ({x0, x9}, (0.147726, 0.0412487, 0.653399, 0.157626))
({x1, x2}, (0.194344, 2.13654e-05, 2.77859e-05, 0.805606)) == ({x1, x2}, (0.194344, 2.13654e-05, 2.77859e-05, 0.805606))
({x1, x3}, (0.194354, 9.04589e-11, 2.03178e-13, 0.805646)) == ({x1, x3}, (0.194354, 9.04589e-11, 2.03178e-13, 0.805646))
({x1, x4}, (7.21741e-16, 0.805646, 0.194354, 2.77464e-15)) == ({x1, x4}, (7.21741e-16, 0.805646, 0.194354, 2.77464e-15))
({x1, x5}, (0.189023, 0.0260304, 0.00139878, 0.783548)) == ({x1, x5}, (0.189023, 0.0260304, 0.00139878, 0.783548))
({x1, x6}, (0.194354, 1.01927e-18, 1.26784e-17, 0.805646)) == ({x1, x6}, (0.194354, 1.01927e-18, 1.26784e-17, 0.805646))
({x1, x7}, (1.10567e-07, 0.805646, 0.194354, 2.9486e-09)) == ({x1, x7}, (1.10567e-07, 0.805646, 0.194354, 2.9486e-09))
({x1, x8}, (0.194354, 2.12455e-17, 8.13319e-21, 0.805646)) == ({x1, x8}, (0.194354, 2.12455e-17, 8.13319e-21, 0.805646))
({x1, x9}, (0.0412487, 0.147726, 0.157626, 0.653399)) == ({x1, x9}, (0.0412487, 0.147726, 0.157626, 0.653399))
({x2, x3}, (0.194344, 2.77859e-05, 2.13654e-05, 0.805606)) == ({x2, x3}, (0.194344, 2.77859e-05, 2.13654e-05, 0.805606))
({x2, x4}, (2.13654e-05, 0.805606, 0.194344, 2.77859e-05)) == ({x2, x4}, (2.13654e-05, 0.805606, 0.194344, 2.77859e-05))
({x2, x5}, (0.189023, 0.0260304, 0.00139878, 0.783548)) == ({x2, x5}, (0.189023, 0.0260304, 0.00139878, 0.783548))
({x2, x6}, (0.194344, 2.77859e-05, 2.13654e-05, 0.805606)) == ({x2, x6}, (0.194344, 2.77859e-05, 2.13654e-05, 0.805606))
({x2, x7}, (2.13654e-05, 0.805606, 0.194344, 2.77859e-05)) == ({x2, x7}, (2.13654e-05, 0.805606, 0.194344, 2.77859e-05))
({x2, x8}, (0.194344, 2.77859e-05, 2.13654e-05, 0.805606)) == ({x2, x8}, (0.194344, 2.77859e-05, 2.13654e-05, 0.805606))
({x2, x9}, (0.0412487, 0.147726, 0.157626, 0.653399)) == ({x2, x9}, (0.0412487, 0.147726, 0.157626, 0.653399))
({x3, x4}, (9.04589e-11, 0.805646, 0.194354, 2.03178e-13)) == ({x3, x4}, (9.04589e-11, 0.805646, 0.194354, 2.03178e-13))
({x3, x5}, (0.189023, 0.0260304, 0.00139878, 0.783548)) == ({x3, x5}, (0.189023, 0.0260304, 0.00139878, 0.783548))
({x3, x6}, (0.194354, 2.03178e-13, 9.04589e-11, 0.805646)) == ({x3, x6}, (0.194354, 2.03178e-13, 9.04589e-11, 0.805646))
({x3, x7}, (1.10567e-07, 0.805646, 0.194354, 2.9486e-09)) == ({x3, x7}, (1.10567e-07, 0.805646, 0.194354, 2.9486e-09))
({x3, x8}, (0.194354, 2.03178e-13, 9.04589e-11, 0.805646)) == ({x3, x8}, (0.194354, 2.03178e-13, 9.04589e-11, 0.805646))
({x3, x9}, (0.0412487, 0.147726, 0.157626, 0.653399)) == ({x3, x9}, (0.0412487, 0.147726, 0.157626, 0.653399))
({x4, x5}, (0.0260304, 0.189023, 0.783548, 0.00139878)) == ({x4, x5}, (0.0260304, 0.189023, 0.783548, 0.00139878))
({x4, x6}, (7.21741e-16, 0.194354, 0.805646, 2.77464e-15)) == ({x4, x6}, (7.21741e-16, 0.194354, 0.805646, 2.77464e-15))
({x4, x7}, (0.805646, 1.10567e-07, 2.9486e-09, 0.194354)) == ({x4, x7}, (0.805646, 1.10567e-07, 2.9486e-09, 0.194354))
({x4, x8}, (7.21741e-16, 0.194354, 0.805646, 2.77464e-15)) == ({x4, x8}, (7.21741e-16, 0.194354, 0.805646, 2.77464e-15))
({x4, x9}, (0.147726, 0.0412487, 0.653399, 0.157626)) == ({x4, x9}, (0.147726, 0.0412487, 0.653399, 0.157626))
({x5, x6}, (0.189023, 0.00139878, 0.0260304, 0.783548)) == ({x5, x6}, (0.189023, 0.00139878, 0.0260304, 0.783548))
({x5, x7}, (0.0260304, 0.783548, 0.189023, 0.00139878)) == ({x5, x7}, (0.0260304, 0.783548, 0.189023, 0.00139878))
({x5, x8}, (0.189023, 0.00139878, 0.0260304, 0.783548)) == ({x5, x8}, (0.189023, 0.00139878, 0.0260304, 0.783548))
({x5, x9}, (0.0412487, 0.147726, 0.157626, 0.653399)) == ({x5, x9}, (0.0412487, 0.147726, 0.157626, 0.653399))
({x6, x7}, (1.10567e-07, 0.805646, 0.194354, 2.9486e-09)) == ({x6, x7}, (1.10567e-07, 0.805646, 0.194354, 2.9486e-09))
({x6, x8}, (0.194354, 2.12455e-17, 1.01927e-18, 0.805646)) == ({x6, x8}, (0.194354, 2.12455e-17, 1.01927e-18, 0.805646))
({x6, x9}, (0.0412487, 0.147726, 0.157626, 0.653399)) == ({x6, x9}, (0.0412487, 0.147726, 0.157626, 0.653399))
({x7, x8}, (1.10567e-07, 0.194354, 0.805646, 2.9486e-09)) == ({x7, x8}, (1.10567e-07, 0.194354, 0.805646, 2.9486e-09))
({x7, x9}, (0.147726, 0.0412487, 0.653399, 0.157626)) == ({x7, x9}, (0.147726, 0.0412487, 0.653399, 0.157626))
({x8, x9}, (0.0412487, 0.147726, 0.157626, 0.653399)) == ({x8, x9}, (0.0412487, 0.147726, 0.157626, 0.653399))
Exact MAP state (log score = 94.4602):
x0: 0
x1: 1
x2: 1
x3: 1
x4: 0
x5: 1
x6: 1
x7: 0
x8: 1
x9: 1
