Builtin inference algorithms: {BP, EXACT, FBP, JTREE, TRWBP}

Exact variable marginals:
({x0}, (0.996579, 0.00342129))
({x1}, (0.996575, 0.00342474))
({x2}, (0.0034213, 0.996579))
({x3}, (0.00342481, 0.996575))
({x4}, (0.00342129, 0.996579))
({x5}, (0.00342129, 0.996579))
({x6}, (0.00342481, 0.996575))
({x7}, (0.00342129, 0.996579))
({x8}, (0.996579, 0.00342129))
({x9}, (0.00342475, 0.996575))
Exact factor marginals:
({x0}, (0.996579, 0.00342129))
({x1}, (0.996575, 0.00342474))
({x2}, (0.0034213, 0.996579))
({x3}, (0.00342481, 0.996575))
({x4}, (0.00342129, 0.996579))
({x5}, (0.00342129, 0.996579))
({x6}, (0.00342481, 0.996575))
({x7}, (0.00342129, 0.996579))
({x8}, (0.996579, 0.00342129))
({x9}, (0.00342475, 0.996575))
({x0, x1}, (0.996565, 1.0571e-05, 1.40211e-05, 0.00341072))
({x0, x2}, (1.3191e-09, 0.00342129, 0.996579, 3.46757e-12))
({x0, x3}, (1.40995e-05, 0.00341071, 0.996565, 1.05824e-05))
({x0, x4}, (6.3341e-12, 0.00342129, 0.996579, 2.30087e-11))
({x0, x5}, (3.86327e-10, 0.00342129, 0.996579, 7.04661e-10))
({x0, x6}, (1.40925e-05, 0.00341072, 0.996565, 1.05733e-05))
({x0, x7}, (1.67745e-10, 0.00342129, 0.996579, 5.32214e-11))
({x0, x8}, (0.996579, 5.09984e-13, 2.96041e-11, 0.00342129))
({x0, x9}, (1.4021e-05, 0.00341072, 0.996565, 1.057e-05))
({x1, x2}, (1.05723e-05, 0.00341072, 0.996565, 1.40211e-05))
({x1, x3}, (7.84544e-08, 0.00342473, 0.996575, 1.13965e-08))
({x1, x4}, (1.05709e-05, 0.00341072, 0.996565, 1.40211e-05))
({x1, x5}, (1.05703e-05, 0.00341072, 0.996565, 1.40207e-05))
({x1, x6}, (7.14281e-08, 0.00342474, 0.996575, 2.30341e-09))
({x1, x7}, (1.05711e-05, 0.00341072, 0.996565, 1.40211e-05))
({x1, x8}, (0.996565, 1.40211e-05, 1.0571e-05, 0.00341072))
({x1, x9}, (9.27619e-10, 0.00342474, 0.996575, 4.38893e-11))
({x2, x3}, (0.00341071, 1.40995e-05, 1.05837e-05, 0.996565))
({x2, x4}, (0.00342129, 9.79912e-12, 1.34211e-09, 0.996579))
({x2, x5}, (0.00342129, 3.89792e-10, 2.02376e-09, 0.996579))
({x2, x6}, (0.00341072, 1.40925e-05, 1.05746e-05, 0.996565))
({x2, x7}, (0.00342129, 1.71212e-10, 1.37232e-09, 0.996579))
({x2, x8}, (1.3196e-09, 0.996579, 0.00342129, 3.30595e-11))
({x2, x9}, (0.00341072, 1.4021e-05, 1.05714e-05, 0.996565))
({x3, x4}, (0.00341071, 1.05823e-05, 1.40995e-05, 0.996565))
({x3, x5}, (0.00341071, 1.05817e-05, 1.40991e-05, 0.996565))
({x3, x6}, (0.00342473, 8.24729e-08, 8.04061e-08, 0.996575))
({x3, x7}, (0.00341071, 1.05823e-05, 1.40994e-05, 0.996565))
({x3, x8}, (1.40995e-05, 0.996565, 0.00341071, 1.05824e-05))
({x3, x9}, (0.00342473, 1.23241e-08, 7.84982e-08, 0.996575))
({x4, x5}, (0.00342129, 3.79993e-10, 6.81653e-10, 0.996579))
({x4, x6}, (0.00341072, 1.40925e-05, 1.05732e-05, 0.996565))
({x4, x7}, (0.00342129, 1.90682e-10, 5.94837e-11, 0.996579))
({x4, x8}, (6.83788e-12, 0.996579, 0.00342129, 5.26066e-11))
({x4, x9}, (0.00341072, 1.4021e-05, 1.057e-05, 0.996565))
({x5, x6}, (0.00341072, 1.40921e-05, 1.05726e-05, 0.996565))
({x5, x7}, (0.00342129, 8.54992e-10, 4.22134e-10, 0.996579))
({x5, x8}, (3.86831e-10, 0.996579, 0.00342129, 7.34259e-10))
({x5, x9}, (0.00341072, 1.40207e-05, 1.05694e-05, 0.996565))
({x6, x7}, (0.00341072, 1.05734e-05, 1.40925e-05, 0.996565))
({x6, x8}, (1.40925e-05, 0.996565, 0.00341072, 1.05733e-05))
({x6, x9}, (0.00342474, 3.23101e-09, 7.1472e-08, 0.996575))
({x7, x8}, (1.67622e-10, 0.996579, 0.00342129, 8.21925e-11))
({x7, x9}, (0.00341072, 1.40211e-05, 1.05702e-05, 0.996565))
({x8, x9}, (1.4021e-05, 0.00341072, 0.996565, 1.05701e-05))
Exact log partition sum: 89.606
Exact MAP variable marginals:
({x0}, (0.996589, 0.00341079))
({x1}, (0.996589, 0.00341079))
({x2}, (0.00341079, 0.996589))
({x3}, (0.00341079, 0.996589))
({x4}, (0.00341079, 0.996589))
({x5}, (0.00341079, 0.996589))
({x6}, (0.00341079, 0.996589))
({x7}, (0.00341079, 0.996589))
({x8}, (0.996589, 0.00341079))
({x9}, (0.00341079, 0.996589))
Exact MAP factor marginals:
({x0}, (0.996589, 0.00341079)) == ({x0}, (0.996589, 0.00341079))
({x1}, (0.996589, 0.00341079)) == ({x1}, (0.996589, 0.00341079))
({x2}, (0.00341079, 0.996589)) == ({x2}, (0.00341079, 0.996589))
({x3}, (0.00341079, 0.996589)) == ({x3}, (0.00341079, 0.996589))
({x4}, (0.00341079, 0.996589)) == ({x4}, (0.00341079, 0.996589))
({x5}, (0.00341079, 0.996589)) == ({x5}, (0.00341079, 0.996589))
({x6}, (0.00341079, 0.996589)) == ({x6}, (0.00341079, 0.996589))
({x7}, (0.00341079, 0.996589)) == ({x7}, (0.00341079, 0.996589))
({x8}, (0.996589, 0.00341079)) == ({x8}, (0.996589, 0.00341079))
({x9}, (0.00341079, 0.996589)) == ({x9}, (0.00341079, 0.996589))
({x0, x1}, (0.996565, 1.05693e-05, 1.40207e-05, 0.00341071)) == ({x0, x1}, (0.996565, 1.05693e-05, 1.40207e-05, 0.00341071))
({x0, x2}, (1.31912e-09, 0.00341079, 0.996589, 3.46546e-12)) == ({x0, x2}, (1.31912e-09, 0.00341079, 0.996589, 3.46546e-12))
({x0, x3}, (1.40207e-05, 0.00341071, 0.996565, 1.05693e-05)) == ({x0, x3}, (1.40207e-05, 0.00341071, 0.996565, 1.05693e-05))
({x0, x4}, (6.32606e-12, 0.00341079, 0.996589, 2.29437e-11)) == ({x0, x4}, (6.32606e-12, 0.00341079, 0.996589, 2.29437e-11))
({x0, x5}, (3.6158e-10, 0.00341079, 0.996589, 6.70154e-10)) == ({x0, x5}, (3.6158e-10, 0.00341079, 0.996589, 6.70154e-10))
({x0, x6}, (1.40207e-05, 0.00341071, 0.996565, 1.05693e-05)) == ({x0, x6}, (1.40207e-05, 0.00341071, 0.996565, 1.05693e-05))
({x0, x7}, (1.49965e-10, 0.00341079, 0.996589, 4.56581e-11)) == ({x0, x7}, (1.49965e-10, 0.00341079, 0.996589, 4.56581e-11))
({x0, x8}, (0.996589, 4.82317e-13, 2.89878e-11, 0.00341079)) == ({x0, x8}, (0.996589, 4.82317e-13, 2.89878e-11, 0.00341079))
({x0, x9}, (1.40207e-05, 0.00341071, 0.996565, 1.05693e-05)) == ({x0, x9}, (1.40207e-05, 0.00341071, 0.996565, 1.05693e-05))
({x1, x2}, (1.05693e-05, 0.00341071, 0.996565, 1.40207e-05)) == ({x1, x2}, (1.05693e-05, 0.00341071, 0.996565, 1.40207e-05))
({x1, x3}, (7.8139e-08, 0.00341079, 0.996589, 1.11494e-08)) == ({x1, x3}, (7.8139e-08, 0.00341079, 0.996589, 1.11494e-08))
({x1, x4}, (1.05693e-05, 0.00341071, 0.996565, 1.40207e-05)) == ({x1, x4}, (1.05693e-05, 0.00341071, 0.996565, 1.40207e-05))
({x1, x5}, (1.05693e-05, 0.00341071, 0.996565, 1.40207e-05)) == ({x1, x5}, (1.05693e-05, 0.00341071, 0.996565, 1.40207e-05))
({x1, x6}, (7.12724e-08, 0.00341079, 0.996589, 2.10922e-09)) == ({x1, x6}, (7.12724e-08, 0.00341079, 0.996589, 2.10922e-09))
({x1, x7}, (1.05693e-05, 0.00341071, 0.996565, 1.40207e-05)) == ({x1, x7}, (1.05693e-05, 0.00341071, 0.996565, 1.40207e-05))
({x1, x8}, (0.996565, 1.40207e-05, 1.05693e-05, 0.00341071)) == ({x1, x8}, (0.996565, 1.40207e-05, 1.05693e-05, 0.00341071))
({x1, x9}, (9.23618e-10, 0.00341079, 0.996589, 4.38037e-11)) == ({x1, x9}, (9.23618e-10, 0.00341079, 0.996589, 4.38037e-11))
({x2, x3}, (0.00341071, 1.40207e-05, 1.05693e-05, 0.996565)) == ({x2, x3}, (0.00341071, 1.40207e-05, 1.05693e-05, 0.996565))
({x2, x4}, (0.00341079, 6.32606e-12, 1.31912e-09, 0.996589)) == ({x2, x4}, (0.00341079, 6.32606e-12, 1.31912e-09, 0.996589))
({x2, x5}, (0.00341079, 3.6158e-10, 1.31912e-09, 0.996589)) == ({x2, x5}, (0.00341079, 3.6158e-10, 1.31912e-09, 0.996589))
({x2, x6}, (0.00341071, 1.40207e-05, 1.05693e-05, 0.996565)) == ({x2, x6}, (0.00341071, 1.40207e-05, 1.05693e-05, 0.996565))
({x2, x7}, (0.00341079, 1.49965e-10, 1.31912e-09, 0.996589)) == ({x2, x7}, (0.00341079, 1.49965e-10, 1.31912e-09, 0.996589))
({x2, x8}, (1.31912e-09, 0.996589, 0.00341079, 2.89878e-11)) == ({x2, x8}, (1.31912e-09, 0.996589, 0.00341079, 2.89878e-11))
({x2, x9}, (0.00341071, 1.40207e-05, 1.05693e-05, 0.996565)) == ({x2, x9}, (0.00341071, 1.40207e-05, 1.05693e-05, 0.996565))
({x3, x4}, (0.00341071, 1.05693e-05, 1.40207e-05, 0.996565)) == ({x3, x4}, (0.00341071, 1.05693e-05, 1.40207e-05, 0.996565))
({x3, x5}, (0.00341071, 1.05693e-05, 1.40207e-05, 0.996565)) == ({x3, x5}, (0.00341071, 1.05693e-05, 1.40207e-05, 0.996565))
({x3, x6}, (0.00341079, 7.12724e-08, 7.8139e-08, 0.996589)) == ({x3, x6}, (0.00341079, 7.12724e-08, 7.8139e-08, 0.996589))
({x3, x7}, (0.00341071, 1.05693e-05, 1.40207e-05, 0.996565)) == ({x3, x7}, (0.00341071, 1.05693e-05, 1.40207e-05, 0.996565))
({x3, x8}, (1.40207e-05, 0.996565, 0.00341071, 1.05693e-05)) == ({x3, x8}, (1.40207e-05, 0.996565, 0.00341071, 1.05693e-05))
({x3, x9}, (0.00341079, 1.11494e-08, 7.8139e-08, 0.996589)) == ({x3, x9}, (0.00341079, 1.11494e-08, 7.8139e-08, 0.996589))
({x4, x5}, (0.00341079, 3.6158e-10, 6.70154e-10, 0.996589)) == ({x4, x5}, (0.00341079, 3.6158e-10, 6.70154e-10, 0.996589))
({x4, x6}, (0.00341071, 1.40207e-05, 1.05693e-05, 0.996565)) == ({x4, x6}, (0.00341071, 1.40207e-05, 1.05693e-05, 0.996565))
({x4, x7}, (0.00341079, 1.49965e-10, 4.56581e-11, 0.996589)) == ({x4, x7}, (0.00341079, 1.49965e-10, 4.56581e-11, 0.996589))
({x4, x8}, (6.32606e-12, 0.996589, 0.00341079, 2.89878e-11)) == ({x4, x8}, (6.32606e-12, 0.996589, 0.00341079, 2.89878e-11))
({x4, x9}, (0.00341071, 1.40207e-05, 1.05693e-05, 0.996565)) == ({x4, x9}, (0.00341071, 1.40207e-05, 1.05693e-05, 0.996565))
({x5, x6}, (0.00341071, 1.40207e-05, 1.05693e-05, 0.996565)) == ({x5, x6}, (0.00341071, 1.40207e-05, 1.05693e-05, 0.996565))
({x5, x7}, (0.00341079, 6.70154e-10, 3.6158e-10, 0.996589)) == ({x5, x7}, (0.00341079, 6.70154e-10, 3.6158e-10, 0.996589))
({x5, x8}, (3.6158e-10, 0.996589, 0.00341079, 6.70154e-10)) == ({x5, x8}, (3.6158e-10, 0.996589, 0.00341079, 6.70154e-10))
({x5, x9}, (0.00341071, 1.40207e-05, 1.05693e-05, 0.996565)) == ({x5, x9}, (0.00341071, 1.40207e-05, 1.05693e-05, 0.996565))
({x6, x7}, (0.00341071, 1.05693e-05, 1.40207e-05, 0.996565)) == ({x6, x7}, (0.00341071, 1.05693e-05, 1.40207e-05, 0.996565))
({x6, x8}, (1.40207e-05, 0.996565, 0.00341071, 1.05693e-05)) == ({x6, x8}, (1.40207e-05, 0.996565, 0.00341071, 1.05693e-05))
({x6, x9}, (0.00341079, 2.10922e-09, 7.12724e-08, 0.996589)) == ({x6, x9}, (0.00341079, 2.10922e-09, 7.12724e-08, 0.996589))
({x7, x8}, (1.49965e-10, 0.996589, 0.00341079, 4.56581e-11)) == ({x7, x8}, (1.49965e-10, 0.996589, 0.00341079, 4.56581e-11))
({x7, x9}, (0.00341071, 1.40207e-05, 1.05693e-05, 0.996565)) == ({x7, x9}, (0.00341071, 1.40207e-05, 1.05693e-05, 0.996565))
({x8, x9}, (1.40207e-05, 0.00341071, 0.996565, 1.05693e-05)) == ({x8, x9}, (1.40207e-05, 0.00341071, 0.996565, 1.05693e-05))
Exact MAP state (log score = 89.6025):
x0: 0
x1: 0
x2: 1
x3: 1
x4: 1
x5: 1
x6: 1
x7: 1
x8: 0
x9: 1
