Builtin inference algorithms: {BP, EXACT, FBP, JTREE, TRWBP}

Exact variable marginals:
({x0}, (0.924698, 0.0753021))
({x1}, (0.0757012, 0.924299))
({x2}, (0.924504, 0.075496))
({x3}, (0.924263, 0.0757366))
({x4}, (0.924698, 0.0753021))
({x5}, (0.0757008, 0.924299))
({x6}, (0.0753025, 0.924697))
({x7}, (0.0757139, 0.924286))
({x8}, (0.0757012, 0.924299))
({x9}, (0.843432, 0.156568))
Exact factor marginals:
({x0}, (0.924698, 0.0753021))
({x1}, (0.0757012, 0.924299))
({x2}, (0.924504, 0.075496))
({x3}, (0.924263, 0.0757366))
({x4}, (0.924698, 0.0753021))
({x5}, (0.0757008, 0.924299))
({x6}, (0.0753025, 0.924697))
({x7}, (0.0757139, 0.924286))
({x8}, (0.0757012, 0.924299))
({x9}, (0.843432, 0.156568))
({x0, x1}, (0.000596282, 0.0751049, 0.924102, 0.00019717))
({x0, x2}, (0.923725, 0.000778705, 0.000972582, 0.0745234))
({x0, x3}, (0.924016, 0.000247763, 0.000682279, 0.0750543))
({x0, x4}, (0.924698, 4.76528e-09, 5.79646e-10, 0.0753021))
({x0, x5}, (0.000595616, 0.0751052, 0.924102, 0.000196946))
({x0, x6}, (6.6661e-07, 0.0753019, 0.924697, 2.29202e-07))
({x0, x7}, (0.000609094, 0.0751048, 0.924089, 0.000197306))
({x0, x8}, (0.000596281, 0.0751049, 0.924102, 0.000197169))
({x0, x9}, (0.827031, 0.0164013, 0.0976667, 0.0589008))
({x1, x2}, (0.000582655, 0.923921, 0.0751186, 0.000377421))
({x1, x3}, (5.14828e-05, 0.924212, 0.0756497, 8.68878e-05))
({x1, x4}, (0.000596281, 0.924102, 0.0751049, 0.000197166))
({x1, x5}, (0.0757006, 2.24044e-07, 6.65426e-07, 0.924299))
({x1, x6}, (0.0751056, 0.000196941, 0.000595615, 0.924102))
({x1, x7}, (0.0757011, 1.28141e-05, 1.37516e-07, 0.924286))
({x1, x8}, (0.0757012, 1.01454e-09, 1.11248e-09, 0.924299))
({x1, x9}, (0.0169967, 0.826436, 0.0587045, 0.097863))
({x2, x3}, (0.923973, 0.000290534, 0.000531174, 0.0752055))
({x2, x4}, (0.923725, 0.000972581, 0.0007787, 0.0745234))
({x2, x5}, (0.000581991, 0.0751188, 0.923922, 0.000377197))
({x2, x6}, (0.000779363, 0.0745232, 0.923725, 0.000972802))
({x2, x7}, (0.000595467, 0.0751184, 0.923909, 0.000377556))
({x2, x8}, (0.000582654, 0.0751186, 0.923921, 0.00037742))
({x2, x9}, (0.826059, 0.0173739, 0.0984454, 0.0581221))
({x3, x4}, (0.924016, 0.000682279, 0.000247758, 0.0750543))
({x3, x5}, (5.08174e-05, 0.07565, 0.924213, 8.66638e-05))
({x3, x6}, (0.000248421, 0.0750541, 0.924015, 0.0006825))
({x3, x7}, (6.42949e-05, 0.0756496, 0.924199, 8.70233e-05))
({x3, x8}, (5.14818e-05, 0.0756497, 0.924212, 8.68869e-05))
({x3, x9}, (0.826349, 0.0170836, 0.0979145, 0.0586531))
({x4, x5}, (0.000595616, 0.0751052, 0.924102, 0.000196942))
({x4, x6}, (6.66055e-07, 0.0753019, 0.924697, 2.24461e-07))
({x4, x7}, (0.000609093, 0.0751048, 0.924089, 0.000197301))
({x4, x8}, (0.00059628, 0.0751049, 0.924102, 0.000197165))
({x4, x9}, (0.827031, 0.0164013, 0.0976667, 0.0589008))
({x5, x6}, (0.0751049, 0.000197605, 0.000595837, 0.924102))
({x5, x7}, (0.0757004, 1.34775e-05, 3.59569e-07, 0.924286))
({x5, x8}, (0.0757006, 6.6445e-07, 2.23165e-07, 0.924299))
({x5, x9}, (0.0169969, 0.826436, 0.0587039, 0.0978637))
({x6, x7}, (0.0751055, 0.000608427, 0.000197077, 0.924089))
({x6, x8}, (0.0751056, 0.000595614, 0.00019694, 0.924102))
({x6, x9}, (0.0164011, 0.827031, 0.0589015, 0.0976661))
({x7, x8}, (0.0757011, 1.36406e-07, 1.28131e-05, 0.924286))
({x7, x9}, (0.0169966, 0.826436, 0.0587173, 0.0978502))
({x8, x9}, (0.0169967, 0.826436, 0.0587045, 0.097863))
Exact log partition sum: 47.2982
Exact MAP variable marginals:
({x0}, (0.934264, 0.0657356))
({x1}, (0.0657356, 0.934264))
({x2}, (0.934264, 0.0657356))
({x3}, (0.934264, 0.0657356))
({x4}, (0.934264, 0.0657356))
({x5}, (0.0657356, 0.934264))
({x6}, (0.0657356, 0.934264))
({x7}, (0.0657356, 0.934264))
({x8}, (0.0657356, 0.934264))
({x9}, (0.894282, 0.105718))
Exact MAP factor marginals:
({x0}, (0.934264, 0.0657356)) == ({x0}, (0.934264, 0.0657356))
({x1}, (0.0657356, 0.934264)) == ({x1}, (0.0657356, 0.934264))
({x2}, (0.934264, 0.0657356)) == ({x2}, (0.934264, 0.0657356))
({x3}, (0.934264, 0.0657356)) == ({x3}, (0.934264, 0.0657356))
({x4}, (0.934264, 0.0657356)) == ({x4}, (0.934264, 0.0657356))
({x5}, (0.0657356, 0.934264)) == ({x5}, (0.0657356, 0.934264))
({x6}, (0.0657356, 0.934264)) == ({x6}, (0.0657356, 0.934264))
({x7}, (0.0657356, 0.934264)) == ({x7}, (0.0657356, 0.934264))
({x8}, (0.0657356, 0.934264)) == ({x8}, (0.0657356, 0.934264))
({x9}, (0.894282, 0.105718)) == ({x9}, (0.894282, 0.105718))
({x0, x1}, (0.000672772, 0.0656767, 0.933428, 0.000222535)) == ({x0, x1}, (0.000672772, 0.0656767, 0.933428, 0.000222535))
({x0, x2}, (0.933076, 0.000599729, 0.000672518, 0.0656519)) == ({x0, x2}, (0.933076, 0.000599729, 0.000672518, 0.0656519))
({x0, x3}, (0.933428, 0.000222535, 0.000672772, 0.0656767)) == ({x0, x3}, (0.933428, 0.000222535, 0.000672772, 0.0656767))
({x0, x4}, (0.934264, 5.37851e-09, 6.30437e-10, 0.0657356)) == ({x0, x4}, (0.934264, 5.37851e-09, 6.30437e-10, 0.0657356))
({x0, x5}, (0.000672772, 0.0656767, 0.933428, 0.000222535)) == ({x0, x5}, (0.000672772, 0.0656767, 0.933428, 0.000222535))
({x0, x6}, (7.51241e-07, 0.0657355, 0.934263, 2.51769e-07)) == ({x0, x6}, (7.51241e-07, 0.0657355, 0.934263, 2.51769e-07))
({x0, x7}, (0.000672772, 0.0656767, 0.933428, 0.000222535)) == ({x0, x7}, (0.000672772, 0.0656767, 0.933428, 0.000222535))
({x0, x8}, (0.000672772, 0.0656767, 0.933428, 0.000222535)) == ({x0, x8}, (0.000672772, 0.0656767, 0.933428, 0.000222535))
({x0, x9}, (0.827519, 0.0164299, 0.0978259, 0.0582249)) == ({x0, x9}, (0.827519, 0.0164299, 0.0978259, 0.0582249))
({x1, x2}, (0.000599936, 0.933397, 0.0656746, 0.000328283)) == ({x1, x2}, (0.000599936, 0.933397, 0.0656746, 0.000328283))
({x1, x3}, (5.74642e-05, 0.934119, 0.0657253, 9.80002e-05)) == ({x1, x3}, (5.74642e-05, 0.934119, 0.0657253, 9.80002e-05))
({x1, x4}, (0.000672772, 0.933428, 0.0656767, 0.000222535)) == ({x1, x4}, (0.000672772, 0.933428, 0.0656767, 0.000222535))
({x1, x5}, (0.0657355, 2.51769e-07, 7.51241e-07, 0.934263)) == ({x1, x5}, (0.0657355, 2.51769e-07, 7.51241e-07, 0.934263))
({x1, x6}, (0.0656767, 0.000222535, 0.000672772, 0.933428)) == ({x1, x6}, (0.0656767, 0.000222535, 0.000672772, 0.933428))
({x1, x7}, (0.0657346, 1.44912e-05, 1.54271e-07, 0.934251)) == ({x1, x7}, (0.0657346, 1.44912e-05, 1.54271e-07, 0.934251))
({x1, x8}, (0.0657356, 9.97419e-10, 1.25446e-09, 0.934264)) == ({x1, x8}, (0.0657356, 9.97419e-10, 1.25446e-09, 0.934264))
({x1, x9}, (0.0164299, 0.827519, 0.0582249, 0.0978259)) == ({x1, x9}, (0.0164299, 0.827519, 0.0582249, 0.0978259))
({x2, x3}, (0.933397, 0.000328283, 0.000599936, 0.0656746)) == ({x2, x3}, (0.933397, 0.000328283, 0.000599936, 0.0656746))
({x2, x4}, (0.933076, 0.000672518, 0.000599729, 0.0656519)) == ({x2, x4}, (0.933076, 0.000672518, 0.000599729, 0.0656519))
({x2, x5}, (0.000599936, 0.0656746, 0.933397, 0.000328283)) == ({x2, x5}, (0.000599936, 0.0656746, 0.933397, 0.000328283))
({x2, x6}, (0.000599729, 0.0656519, 0.933076, 0.000672518)) == ({x2, x6}, (0.000599729, 0.0656519, 0.933076, 0.000672518))
({x2, x7}, (0.000599936, 0.0656746, 0.933397, 0.000328283)) == ({x2, x7}, (0.000599936, 0.0656746, 0.933397, 0.000328283))
({x2, x8}, (0.000599936, 0.0656746, 0.933397, 0.000328283)) == ({x2, x8}, (0.000599936, 0.0656746, 0.933397, 0.000328283))
({x2, x9}, (0.827519, 0.0164299, 0.0978259, 0.0582249)) == ({x2, x9}, (0.827519, 0.0164299, 0.0978259, 0.0582249))
({x3, x4}, (0.933428, 0.000672772, 0.000222535, 0.0656767)) == ({x3, x4}, (0.933428, 0.000672772, 0.000222535, 0.0656767))
({x3, x5}, (5.74642e-05, 0.0657253, 0.934119, 9.80002e-05)) == ({x3, x5}, (5.74642e-05, 0.0657253, 0.934119, 9.80002e-05))
({x3, x6}, (0.000222535, 0.0656767, 0.933428, 0.000672772)) == ({x3, x6}, (0.000222535, 0.0656767, 0.933428, 0.000672772))
({x3, x7}, (5.74642e-05, 0.0657253, 0.934119, 9.80002e-05)) == ({x3, x7}, (5.74642e-05, 0.0657253, 0.934119, 9.80002e-05))
({x3, x8}, (5.74642e-05, 0.0657253, 0.934119, 9.80002e-05)) == ({x3, x8}, (5.74642e-05, 0.0657253, 0.934119, 9.80002e-05))
({x3, x9}, (0.827519, 0.0164299, 0.0978259, 0.0582249)) == ({x3, x9}, (0.827519, 0.0164299, 0.0978259, 0.0582249))
({x4, x5}, (0.000672772, 0.0656767, 0.933428, 0.000222535)) == ({x4, x5}, (0.000672772, 0.0656767, 0.933428, 0.000222535))
({x4, x6}, (7.51241e-07, 0.0657355, 0.934263, 2.51769e-07)) == ({x4, x6}, (7.51241e-07, 0.0657355, 0.934263, 2.51769e-07))
({x4, x7}, (0.000672772, 0.0656767, 0.933428, 0.000222535)) == ({x4, x7}, (0.000672772, 0.0656767, 0.933428, 0.000222535))
({x4, x8}, (0.000672772, 0.0656767, 0.933428, 0.000222535)) == ({x4, x8}, (0.000672772, 0.0656767, 0.933428, 0.000222535))
({x4, x9}, (0.827519, 0.0164299, 0.0978259, 0.0582249)) == ({x4, x9}, (0.827519, 0.0164299, 0.0978259, 0.0582249))
({x5, x6}, (0.0656767, 0.000222535, 0.000672772, 0.933428)) == ({x5, x6}, (0.0656767, 0.000222535, 0.000672772, 0.933428))
({x5, x7}, (0.0657346, 1.44912e-05, 2.51765e-07, 0.934251)) == ({x5, x7}, (0.0657346, 1.44912e-05, 2.51765e-07, 0.934251))
({x5, x8}, (0.0657355, 7.51241e-07, 2.51769e-07, 0.934263)) == ({x5, x8}, (0.0657355, 7.51241e-07, 2.51769e-07, 0.934263))
({x5, x9}, (0.0164299, 0.827519, 0.0582249, 0.0978259)) == ({x5, x9}, (0.0164299, 0.827519, 0.0582249, 0.0978259))
({x6, x7}, (0.0656767, 0.000672772, 0.000222535, 0.933428)) == ({x6, x7}, (0.0656767, 0.000672772, 0.000222535, 0.933428))
({x6, x8}, (0.0656767, 0.000672772, 0.000222535, 0.933428)) == ({x6, x8}, (0.0656767, 0.000672772, 0.000222535, 0.933428))
({x6, x9}, (0.0164299, 0.827519, 0.0582249, 0.0978259)) == ({x6, x9}, (0.0164299, 0.827519, 0.0582249, 0.0978259))
({x7, x8}, (0.0657346, 1.54271e-07, 1.44912e-05, 0.934251)) == ({x7, x8}, (0.0657346, 1.54271e-07, 1.44912e-05, 0.934251))
({x7, x9}, (0.0164299, 0.827519, 0.0582249, 0.0978259)) == ({x7, x9}, (0.0164299, 0.827519, 0.0582249, 0.0978259))
({x8, x9}, (0.0164299, 0.827519, 0.0582249, 0.0978259)) == ({x8, x9}, (0.0164299, 0.827519, 0.0582249, 0.0978259))
Exact MAP state (log score = 47.1072):
x0: 0
x1: 1
x2: 0
x3: 0
x4: 0
x5: 1
x6: 1
x7: 1
x8: 1
x9: 0
