Builtin inference algorithms: {BP, EXACT, FBP, JTREE, TRWBP}

Exact variable marginals:
({x0}, (0.855556, 0.144444))
({x1}, (0.855556, 0.144444))
({x2}, (0.85663, 0.14337))
({x3}, (0.14337, 0.85663))
({x4}, (0.14337, 0.85663))
({x5}, (0.14337, 0.85663))
({x6}, (0.14337, 0.85663))
({x7}, (0.855556, 0.144444))
({x8}, (0.85663, 0.14337))
({x9}, (0.14337, 0.85663))
Exact factor marginals:
({x0}, (0.855556, 0.144444))
({x1}, (0.855556, 0.144444))
({x2}, (0.85663, 0.14337))
({x3}, (0.14337, 0.85663))
({x4}, (0.14337, 0.85663))
({x5}, (0.14337, 0.85663))
({x6}, (0.14337, 0.85663))
({x7}, (0.855556, 0.144444))
({x8}, (0.85663, 0.14337))
({x9}, (0.14337, 0.85663))
({x0, x1}, (0.855556, 5.3624e-08, 2.19766e-09, 0.144444))
({x0, x2}, (0.853973, 0.00265706, 0.00158301, 0.141787))
({x0, x3}, (0.00158301, 0.141787, 0.853973, 0.00265706))
({x0, x4}, (0.00158301, 0.141787, 0.853973, 0.00265702))
({x0, x5}, (0.00158301, 0.141787, 0.853973, 0.00265706))
({x0, x6}, (0.00158301, 0.141787, 0.853973, 0.00265706))
({x0, x7}, (0.855556, 1.65576e-09, 8.92107e-08, 0.144444))
({x0, x8}, (0.853973, 0.00265706, 0.00158301, 0.141787))
({x0, x9}, (0.001583, 0.141787, 0.853973, 0.00265706))
({x1, x2}, (0.853973, 0.00265702, 0.00158302, 0.141787))
({x1, x3}, (0.00158302, 0.141787, 0.853973, 0.00265702))
({x1, x4}, (0.00158306, 0.141787, 0.853973, 0.00265702))
({x1, x5}, (0.00158302, 0.141787, 0.853973, 0.00265702))
({x1, x6}, (0.00158302, 0.141787, 0.853973, 0.00265702))
({x1, x7}, (0.855556, 3.8513e-09, 1.42833e-07, 0.144444))
({x1, x8}, (0.853973, 0.00265702, 0.00158302, 0.141787))
({x1, x9}, (0.00158301, 0.141787, 0.853973, 0.00265702))
({x2, x3}, (1.31185e-10, 0.14337, 0.85663, 4.59767e-11))
({x2, x4}, (4.07783e-08, 0.14337, 0.85663, 6.19979e-10))
({x2, x5}, (5.63862e-13, 0.14337, 0.85663, 1.526e-12))
({x2, x6}, (1.01289e-10, 0.14337, 0.85663, 6.99288e-10))
({x2, x7}, (0.853973, 0.00158301, 0.00265715, 0.141787))
({x2, x8}, (0.85663, 6.60127e-13, 1.40273e-12, 0.14337))
({x2, x9}, (3.89454e-09, 0.14337, 0.85663, 1.48548e-09))
({x3, x4}, (0.14337, 4.08223e-08, 7.49155e-10, 0.85663))
({x3, x5}, (0.14337, 4.5706e-11, 1.31877e-10, 0.85663))
({x3, x6}, (0.14337, 1.46431e-10, 8.29639e-10, 0.85663))
({x3, x7}, (0.00158301, 0.853973, 0.141787, 0.00265715))
({x3, x8}, (1.29909e-10, 0.85663, 0.14337, 4.54431e-11))
({x3, x9}, (0.14337, 3.93968e-09, 1.61583e-09, 0.85663))
({x4, x5}, (0.14337, 6.19476e-10, 4.07788e-08, 0.85663))
({x4, x6}, (0.14337, 7.20201e-10, 4.14765e-08, 0.85663))
({x4, x7}, (0.00158301, 0.853973, 0.141787, 0.00265711))
({x4, x8}, (4.07769e-08, 0.85663, 0.14337, 6.19319e-10))
({x4, x9}, (0.14337, 4.51345e-09, 4.22627e-08, 0.85663))
({x5, x6}, (0.14337, 1.00725e-10, 6.97762e-10, 0.85663))
({x5, x7}, (0.00158301, 0.853973, 0.141787, 0.00265715))
({x5, x8}, (2.62941e-13, 0.85663, 0.14337, 1.96768e-12))
({x5, x9}, (0.14337, 3.89398e-09, 1.48395e-09, 0.85663))
({x6, x7}, (0.00158301, 0.853973, 0.141787, 0.00265715))
({x6, x8}, (1.00988e-10, 0.85663, 0.14337, 6.9973e-10))
({x6, x9}, (0.14337, 4.43341e-09, 1.42634e-09, 0.85663))
({x7, x8}, (0.853973, 0.00265715, 0.00158301, 0.141787))
({x7, x9}, (0.00158301, 0.141787, 0.853973, 0.00265715))
({x8, x9}, (3.89424e-09, 0.14337, 0.85663, 1.48592e-09))
Exact log partition sum: 91.0097
Exact MAP variable marginals:
({x0}, (0.85761, 0.14239))
({x1}, (0.85761, 0.14239))
({x2}, (0.85761, 0.14239))
({x3}, (0.14239, 0.85761))
({x4}, (0.14239, 0.85761))
({x5}, (0.14239, 0.85761))
({x6}, (0.14239, 0.85761))
({x7}, (0.85761, 0.14239))
({x8}, (0.85761, 0.14239))
({x9}, (0.14239, 0.85761))
Exact MAP factor marginals:
({x0}, (0.85761, 0.14239)) == ({x0}, (0.85761, 0.14239))
({x1}, (0.85761, 0.14239)) == ({x1}, (0.85761, 0.14239))
({x2}, (0.85761, 0.14239)) == ({x2}, (0.85761, 0.14239))
({x3}, (0.14239, 0.85761)) == ({x3}, (0.14239, 0.85761))
({x4}, (0.14239, 0.85761)) == ({x4}, (0.14239, 0.85761))
({x5}, (0.14239, 0.85761)) == ({x5}, (0.14239, 0.85761))
({x6}, (0.14239, 0.85761)) == ({x6}, (0.14239, 0.85761))
({x7}, (0.85761, 0.14239)) == ({x7}, (0.85761, 0.14239))
({x8}, (0.85761, 0.14239)) == ({x8}, (0.85761, 0.14239))
({x9}, (0.14239, 0.85761)) == ({x9}, (0.14239, 0.85761))
({x0, x1}, (0.85761, 4.08325e-08, 1.58672e-09, 0.14239)) == ({x0, x1}, (0.85761, 4.08325e-08, 1.58672e-09, 0.14239))
({x0, x2}, (0.853973, 0.00265702, 0.001583, 0.141787)) == ({x0, x2}, (0.853973, 0.00265702, 0.001583, 0.141787))
({x0, x3}, (0.001583, 0.141787, 0.853973, 0.00265702)) == ({x0, x3}, (0.001583, 0.141787, 0.853973, 0.00265702))
({x0, x4}, (0.001583, 0.141787, 0.853973, 0.00265702)) == ({x0, x4}, (0.001583, 0.141787, 0.853973, 0.00265702))
({x0, x5}, (0.001583, 0.141787, 0.853973, 0.00265702)) == ({x0, x5}, (0.001583, 0.141787, 0.853973, 0.00265702))
({x0, x6}, (0.001583, 0.141787, 0.853973, 0.00265702)) == ({x0, x6}, (0.001583, 0.141787, 0.853973, 0.00265702))
({x0, x7}, (0.857609, 1.65402e-09, 8.95471e-08, 0.14239)) == ({x0, x7}, (0.857609, 1.65402e-09, 8.95471e-08, 0.14239))
({x0, x8}, (0.853973, 0.00265702, 0.001583, 0.141787)) == ({x0, x8}, (0.853973, 0.00265702, 0.001583, 0.141787))
({x0, x9}, (0.001583, 0.141787, 0.853973, 0.00265702)) == ({x0, x9}, (0.001583, 0.141787, 0.853973, 0.00265702))
({x1, x2}, (0.853973, 0.00265702, 0.001583, 0.141787)) == ({x1, x2}, (0.853973, 0.00265702, 0.001583, 0.141787))
({x1, x3}, (0.001583, 0.141787, 0.853973, 0.00265702)) == ({x1, x3}, (0.001583, 0.141787, 0.853973, 0.00265702))
({x1, x4}, (0.001583, 0.141787, 0.853973, 0.00265702)) == ({x1, x4}, (0.001583, 0.141787, 0.853973, 0.00265702))
({x1, x5}, (0.001583, 0.141787, 0.853973, 0.00265702)) == ({x1, x5}, (0.001583, 0.141787, 0.853973, 0.00265702))
({x1, x6}, (0.001583, 0.141787, 0.853973, 0.00265702)) == ({x1, x6}, (0.001583, 0.141787, 0.853973, 0.00265702))
({x1, x7}, (0.857609, 1.65402e-09, 8.95471e-08, 0.14239)) == ({x1, x7}, (0.857609, 1.65402e-09, 8.95471e-08, 0.14239))
({x1, x8}, (0.853973, 0.00265702, 0.001583, 0.141787)) == ({x1, x8}, (0.853973, 0.00265702, 0.001583, 0.141787))
({x1, x9}, (0.001583, 0.141787, 0.853973, 0.00265702)) == ({x1, x9}, (0.001583, 0.141787, 0.853973, 0.00265702))
({x2, x3}, (1.30348e-10, 0.14239, 0.85761, 4.55506e-11)) == ({x2, x3}, (1.30348e-10, 0.14239, 0.85761, 4.55506e-11))
({x2, x4}, (4.08325e-08, 0.14239, 0.85761, 5.5977e-10)) == ({x2, x4}, (4.08325e-08, 0.14239, 0.85761, 5.5977e-10))
({x2, x5}, (2.98909e-13, 0.14239, 0.85761, 8.48921e-13)) == ({x2, x5}, (2.98909e-13, 0.14239, 0.85761, 8.48921e-13))
({x2, x6}, (6.88112e-11, 0.14239, 0.85761, 6.0172e-10)) == ({x2, x6}, (6.88112e-11, 0.14239, 0.85761, 6.0172e-10))
({x2, x7}, (0.853973, 0.001583, 0.00265702, 0.141787)) == ({x2, x7}, (0.853973, 0.001583, 0.00265702, 0.141787))
({x2, x8}, (0.85761, 5.37368e-13, 1.04116e-12, 0.14239)) == ({x2, x8}, (0.85761, 5.37368e-13, 1.04116e-12, 0.14239))
({x2, x9}, (3.84174e-09, 0.14239, 0.85761, 1.40008e-09)) == ({x2, x9}, (3.84174e-09, 0.14239, 0.85761, 1.40008e-09))
({x3, x4}, (0.14239, 4.08325e-08, 5.5977e-10, 0.85761)) == ({x3, x4}, (0.14239, 4.08325e-08, 5.5977e-10, 0.85761))
({x3, x5}, (0.14239, 4.55506e-11, 1.30348e-10, 0.85761)) == ({x3, x5}, (0.14239, 4.55506e-11, 1.30348e-10, 0.85761))
({x3, x6}, (0.14239, 6.88112e-11, 6.0172e-10, 0.85761)) == ({x3, x6}, (0.14239, 6.88112e-11, 6.0172e-10, 0.85761))
({x3, x7}, (0.001583, 0.853973, 0.141787, 0.00265702)) == ({x3, x7}, (0.001583, 0.853973, 0.141787, 0.00265702))
({x3, x8}, (1.30348e-10, 0.85761, 0.14239, 4.55506e-11)) == ({x3, x8}, (1.30348e-10, 0.85761, 0.14239, 4.55506e-11))
({x3, x9}, (0.14239, 3.84174e-09, 1.40008e-09, 0.85761)) == ({x3, x9}, (0.14239, 3.84174e-09, 1.40008e-09, 0.85761))
({x4, x5}, (0.14239, 5.5977e-10, 4.08325e-08, 0.85761)) == ({x4, x5}, (0.14239, 5.5977e-10, 4.08325e-08, 0.85761))
({x4, x6}, (0.14239, 5.5977e-10, 4.08325e-08, 0.85761)) == ({x4, x6}, (0.14239, 5.5977e-10, 4.08325e-08, 0.85761))
({x4, x7}, (0.001583, 0.853973, 0.141787, 0.00265702)) == ({x4, x7}, (0.001583, 0.853973, 0.141787, 0.00265702))
({x4, x8}, (4.08325e-08, 0.85761, 0.14239, 5.5977e-10)) == ({x4, x8}, (4.08325e-08, 0.85761, 0.14239, 5.5977e-10))
({x4, x9}, (0.14239, 3.84174e-09, 4.08325e-08, 0.85761)) == ({x4, x9}, (0.14239, 3.84174e-09, 4.08325e-08, 0.85761))
({x5, x6}, (0.14239, 6.88112e-11, 6.0172e-10, 0.85761)) == ({x5, x6}, (0.14239, 6.88112e-11, 6.0172e-10, 0.85761))
({x5, x7}, (0.001583, 0.853973, 0.141787, 0.00265702)) == ({x5, x7}, (0.001583, 0.853973, 0.141787, 0.00265702))
({x5, x8}, (1.78502e-13, 0.85761, 0.14239, 1.04116e-12)) == ({x5, x8}, (1.78502e-13, 0.85761, 0.14239, 1.04116e-12))
({x5, x9}, (0.14239, 3.84174e-09, 1.40008e-09, 0.85761)) == ({x5, x9}, (0.14239, 3.84174e-09, 1.40008e-09, 0.85761))
({x6, x7}, (0.001583, 0.853973, 0.141787, 0.00265702)) == ({x6, x7}, (0.001583, 0.853973, 0.141787, 0.00265702))
({x6, x8}, (6.88112e-11, 0.85761, 0.14239, 6.0172e-10)) == ({x6, x8}, (6.88112e-11, 0.85761, 0.14239, 6.0172e-10))
({x6, x9}, (0.14239, 3.84174e-09, 1.40008e-09, 0.85761)) == ({x6, x9}, (0.14239, 3.84174e-09, 1.40008e-09, 0.85761))
({x7, x8}, (0.853973, 0.00265702, 0.001583, 0.141787)) == ({x7, x8}, (0.853973, 0.00265702, 0.001583, 0.141787))
({x7, x9}, (0.001583, 0.141787, 0.853973, 0.00265702)) == ({x7, x9}, (0.001583, 0.141787, 0.853973, 0.00265702))
({x8, x9}, (3.84174e-09, 0.14239, 0.85761, 1.40008e-09)) == ({x8, x9}, (3.84174e-09, 0.14239, 0.85761, 1.40008e-09))
Exact MAP state (log score = 90.8518):
x0: 0
x1: 0
x2: 0
x3: 1
x4: 1
x5: 1
x6: 1
x7: 0
x8: 0
x9: 1
