Builtin inference algorithms: {BP, EXACT, FBP, JTREE, TRWBP}

Exact variable marginals:
({x0}, (0.913876, 0.0861244))
({x1}, (0.776973, 0.223027))
({x2}, (0.223027, 0.776973))
({x3}, (0.776973, 0.223027))
({x4}, (0.223027, 0.776973))
({x5}, (0.776267, 0.223733))
({x6}, (0.920297, 0.0797032))
({x7}, (0.223027, 0.776973))
({x8}, (0.223027, 0.776973))
({x9}, (0.223027, 0.776973))
Exact factor marginals:
({x0}, (0.913876, 0.0861244))
({x1}, (0.776973, 0.223027))
({x2}, (0.223027, 0.776973))
({x3}, (0.776973, 0.223027))
({x4}, (0.223027, 0.776973))
({x5}, (0.776267, 0.223733))
({x6}, (0.920297, 0.0797032))
({x7}, (0.223027, 0.776973))
({x8}, (0.223027, 0.776973))
({x9}, (0.223027, 0.776973))
({x0, x1}, (0.71208, 0.0648927, 0.201795, 0.0212317))
({x0, x2}, (0.201795, 0.0212317, 0.71208, 0.0648927))
({x0, x3}, (0.71208, 0.0648927, 0.201795, 0.0212317))
({x0, x4}, (0.201795, 0.0212317, 0.71208, 0.0648927))
({x0, x5}, (0.711366, 0.0649014, 0.20251, 0.021223))
({x0, x6}, (0.912325, 0.00797217, 0.00155096, 0.0781522))
({x0, x7}, (0.201795, 0.0212317, 0.71208, 0.0648927))
({x0, x8}, (0.201795, 0.0212317, 0.71208, 0.0648927))
({x0, x9}, (0.201795, 0.0212317, 0.71208, 0.0648927))
({x1, x2}, (4.25077e-16, 0.223027, 0.776973, 3.00477e-15))
({x1, x3}, (0.776973, 3.12365e-17, 3.90052e-16, 0.223027))
({x1, x4}, (5.49307e-10, 0.223027, 0.776973, 5.39019e-12))
({x1, x5}, (0.776259, 8.64513e-06, 0.000714485, 0.223018))
({x1, x6}, (0.720052, 0.200245, 0.0569214, 0.0227818))
({x1, x7}, (3.90146e-16, 0.223027, 0.776973, 3.12433e-17))
({x1, x8}, (4.21305e-16, 0.223027, 0.776973, 3.15543e-17))
({x1, x9}, (5.16819e-09, 0.223027, 0.776973, 6.78416e-10))
({x2, x3}, (3.50248e-17, 0.776973, 0.223027, 2.97353e-15))
({x2, x4}, (0.223027, 5.4931e-10, 5.39019e-12, 0.776973))
({x2, x5}, (8.64513e-06, 0.776259, 0.223018, 0.000714485))
({x2, x6}, (0.200245, 0.720052, 0.0227818, 0.0569214))
({x2, x7}, (0.223027, 2.97363e-15, 3.50316e-17, 0.776973))
({x2, x8}, (0.223027, 3.00478e-15, 3.53399e-17, 0.776973))
({x2, x9}, (0.223027, 5.16819e-09, 6.78413e-10, 0.776973))
({x3, x4}, (5.49307e-10, 0.223027, 0.776973, 5.39016e-12))
({x3, x5}, (0.776259, 8.64513e-06, 0.000714485, 0.223018))
({x3, x6}, (0.720052, 0.200245, 0.0569214, 0.0227818))
({x3, x7}, (9.31833e-20, 0.223027, 0.776973, 6.78822e-21))
({x3, x8}, (3.1253e-17, 0.223027, 0.776973, 3.17784e-19))
({x3, x9}, (5.16819e-09, 0.223027, 0.776973, 6.78416e-10))
({x4, x5}, (8.64513e-06, 0.776259, 0.223018, 0.000714485))
({x4, x6}, (0.200245, 0.720052, 0.0227818, 0.0569214))
({x4, x7}, (0.223027, 5.39016e-12, 5.49307e-10, 0.776973))
({x4, x8}, (0.223027, 5.39016e-12, 5.49307e-10, 0.776973))
({x4, x9}, (0.223027, 5.17358e-09, 1.22772e-09, 0.776973))
({x5, x6}, (0.719337, 0.20096, 0.05693, 0.0227732))
({x5, x7}, (8.64513e-06, 0.223018, 0.776259, 0.000714485))
({x5, x8}, (8.64513e-06, 0.223018, 0.776259, 0.000714485))
({x5, x9}, (8.6446e-06, 0.223018, 0.776259, 0.00071448))
({x6, x7}, (0.200245, 0.0227818, 0.720052, 0.0569214))
({x6, x8}, (0.200245, 0.0227818, 0.720052, 0.0569214))
({x6, x9}, (0.200245, 0.0227818, 0.720052, 0.0569214))
({x7, x8}, (0.223027, 3.12598e-17, 4.10967e-19, 0.776973))
({x7, x9}, (0.223027, 5.16819e-09, 6.78416e-10, 0.776973))
({x8, x9}, (0.223027, 5.16819e-09, 6.78416e-10, 0.776973))
Exact log partition sum: 106.791
Exact MAP variable marginals:
({x0}, (0.925912, 0.0740881))
({x1}, (0.780339, 0.219661))
({x2}, (0.219661, 0.780339))
({x3}, (0.780339, 0.219661))
({x4}, (0.219661, 0.780339))
({x5}, (0.780339, 0.219661))
({x6}, (0.925912, 0.0740881))
({x7}, (0.219661, 0.780339))
({x8}, (0.219661, 0.780339))
({x9}, (0.219661, 0.780339))
Exact MAP factor marginals:
({x0}, (0.925912, 0.0740881)) == ({x0}, (0.925912, 0.0740881))
({x1}, (0.780339, 0.219661)) == ({x1}, (0.780339, 0.219661))
({x2}, (0.219661, 0.780339)) == ({x2}, (0.219661, 0.780339))
({x3}, (0.780339, 0.219661)) == ({x3}, (0.780339, 0.219661))
({x4}, (0.219661, 0.780339)) == ({x4}, (0.219661, 0.780339))
({x5}, (0.780339, 0.219661)) == ({x5}, (0.780339, 0.219661))
({x6}, (0.925912, 0.0740881)) == ({x6}, (0.925912, 0.0740881))
({x7}, (0.219661, 0.780339)) == ({x7}, (0.219661, 0.780339))
({x8}, (0.219661, 0.780339)) == ({x8}, (0.219661, 0.780339))
({x9}, (0.219661, 0.780339)) == ({x9}, (0.219661, 0.780339))
({x0, x1}, (0.71873, 0.0575101, 0.202318, 0.0214424)) == ({x0, x1}, (0.71873, 0.0575101, 0.202318, 0.0214424))
({x0, x2}, (0.202318, 0.0214424, 0.71873, 0.0575101)) == ({x0, x2}, (0.202318, 0.0214424, 0.71873, 0.0575101))
({x0, x3}, (0.71873, 0.0575101, 0.202318, 0.0214424)) == ({x0, x3}, (0.71873, 0.0575101, 0.202318, 0.0214424))
({x0, x4}, (0.202318, 0.0214424, 0.71873, 0.0575101)) == ({x0, x4}, (0.202318, 0.0214424, 0.71873, 0.0575101))
({x0, x5}, (0.71873, 0.0575101, 0.202318, 0.0214424)) == ({x0, x5}, (0.71873, 0.0575101, 0.202318, 0.0214424))
({x0, x6}, (0.914576, 0.0102492, 0.00199337, 0.0731811)) == ({x0, x6}, (0.914576, 0.0102492, 0.00199337, 0.0731811))
({x0, x7}, (0.202318, 0.0214424, 0.71873, 0.0575101)) == ({x0, x7}, (0.202318, 0.0214424, 0.71873, 0.0575101))
({x0, x8}, (0.202318, 0.0214424, 0.71873, 0.0575101)) == ({x0, x8}, (0.202318, 0.0214424, 0.71873, 0.0575101))
({x0, x9}, (0.202318, 0.0214424, 0.71873, 0.0575101)) == ({x0, x9}, (0.202318, 0.0214424, 0.71873, 0.0575101))
({x1, x2}, (4.25074e-16, 0.219661, 0.780339, 3.24162e-15)) == ({x1, x2}, (4.25074e-16, 0.219661, 0.780339, 3.24162e-15))
({x1, x3}, (0.780339, 1.9405e-17, 4.25074e-16, 0.219661)) == ({x1, x3}, (0.780339, 1.9405e-17, 4.25074e-16, 0.219661))
({x1, x4}, (6.02567e-10, 0.219661, 0.780339, 5.91279e-12)) == ({x1, x4}, (6.02567e-10, 0.219661, 0.780339, 5.91279e-12))
({x1, x5}, (0.779721, 9.47523e-06, 0.000783135, 0.219486)) == ({x1, x5}, (0.779721, 9.47523e-06, 0.000783135, 0.219486))
({x1, x6}, (0.71873, 0.202318, 0.0575101, 0.0214424)) == ({x1, x6}, (0.71873, 0.202318, 0.0575101, 0.0214424))
({x1, x7}, (4.25074e-16, 0.219661, 0.780339, 1.9405e-17)) == ({x1, x7}, (4.25074e-16, 0.219661, 0.780339, 1.9405e-17))
({x1, x8}, (4.25074e-16, 0.219661, 0.780339, 1.9405e-17)) == ({x1, x8}, (4.25074e-16, 0.219661, 0.780339, 1.9405e-17))
({x1, x9}, (5.64101e-09, 0.219661, 0.780339, 6.16923e-10)) == ({x1, x9}, (5.64101e-09, 0.219661, 0.780339, 6.16923e-10))
({x2, x3}, (3.74497e-17, 0.780339, 0.219661, 3.24162e-15)) == ({x2, x3}, (3.74497e-17, 0.780339, 0.219661, 3.24162e-15))
({x2, x4}, (0.219661, 6.02567e-10, 5.91279e-12, 0.780339)) == ({x2, x4}, (0.219661, 6.02567e-10, 5.91279e-12, 0.780339))
({x2, x5}, (9.47523e-06, 0.779721, 0.219486, 0.000783135)) == ({x2, x5}, (9.47523e-06, 0.779721, 0.219486, 0.000783135))
({x2, x6}, (0.202318, 0.71873, 0.0214424, 0.0575101)) == ({x2, x6}, (0.202318, 0.71873, 0.0214424, 0.0575101))
({x2, x7}, (0.219661, 3.24162e-15, 3.74497e-17, 0.780339)) == ({x2, x7}, (0.219661, 3.24162e-15, 3.74497e-17, 0.780339))
({x2, x8}, (0.219661, 3.24162e-15, 3.74497e-17, 0.780339)) == ({x2, x8}, (0.219661, 3.24162e-15, 3.74497e-17, 0.780339))
({x2, x9}, (0.219661, 5.64101e-09, 6.16923e-10, 0.780339)) == ({x2, x9}, (0.219661, 5.64101e-09, 6.16923e-10, 0.780339))
({x3, x4}, (6.02567e-10, 0.219661, 0.780339, 5.91279e-12)) == ({x3, x4}, (6.02567e-10, 0.219661, 0.780339, 5.91279e-12))
({x3, x5}, (0.779721, 9.47523e-06, 0.000783135, 0.219486)) == ({x3, x5}, (0.779721, 9.47523e-06, 0.000783135, 0.219486))
({x3, x6}, (0.71873, 0.202318, 0.0575101, 0.0214424)) == ({x3, x6}, (0.71873, 0.202318, 0.0575101, 0.0214424))
({x3, x7}, (1.02218e-19, 0.219661, 0.780339, 7.44605e-21)) == ({x3, x7}, (1.02218e-19, 0.219661, 0.780339, 7.44605e-21))
({x3, x8}, (3.35455e-17, 0.219661, 0.780339, 3.04349e-19)) == ({x3, x8}, (3.35455e-17, 0.219661, 0.780339, 3.04349e-19))
({x3, x9}, (5.64101e-09, 0.219661, 0.780339, 6.16923e-10)) == ({x3, x9}, (5.64101e-09, 0.219661, 0.780339, 6.16923e-10))
({x4, x5}, (9.47523e-06, 0.779721, 0.219486, 0.000783135)) == ({x4, x5}, (9.47523e-06, 0.779721, 0.219486, 0.000783135))
({x4, x6}, (0.202318, 0.71873, 0.0214424, 0.0575101)) == ({x4, x6}, (0.202318, 0.71873, 0.0214424, 0.0575101))
({x4, x7}, (0.219661, 5.91279e-12, 6.02567e-10, 0.780339)) == ({x4, x7}, (0.219661, 5.91279e-12, 6.02567e-10, 0.780339))
({x4, x8}, (0.219661, 5.91279e-12, 6.02567e-10, 0.780339)) == ({x4, x8}, (0.219661, 5.91279e-12, 6.02567e-10, 0.780339))
({x4, x9}, (0.219661, 5.64101e-09, 6.16923e-10, 0.780339)) == ({x4, x9}, (0.219661, 5.64101e-09, 6.16923e-10, 0.780339))
({x5, x6}, (0.71873, 0.202318, 0.0575101, 0.0214424)) == ({x5, x6}, (0.71873, 0.202318, 0.0575101, 0.0214424))
({x5, x7}, (9.47523e-06, 0.219486, 0.779721, 0.000783135)) == ({x5, x7}, (9.47523e-06, 0.219486, 0.779721, 0.000783135))
({x5, x8}, (9.47523e-06, 0.219486, 0.779721, 0.000783135)) == ({x5, x8}, (9.47523e-06, 0.219486, 0.779721, 0.000783135))
({x5, x9}, (9.47523e-06, 0.219486, 0.779721, 0.000783135)) == ({x5, x9}, (9.47523e-06, 0.219486, 0.779721, 0.000783135))
({x6, x7}, (0.202318, 0.0214424, 0.71873, 0.0575101)) == ({x6, x7}, (0.202318, 0.0214424, 0.71873, 0.0575101))
({x6, x8}, (0.202318, 0.0214424, 0.71873, 0.0575101)) == ({x6, x8}, (0.202318, 0.0214424, 0.71873, 0.0575101))
({x6, x9}, (0.202318, 0.0214424, 0.71873, 0.0575101)) == ({x6, x9}, (0.202318, 0.0214424, 0.71873, 0.0575101))
({x7, x8}, (0.219661, 3.35455e-17, 3.04349e-19, 0.780339)) == ({x7, x8}, (0.219661, 3.35455e-17, 3.04349e-19, 0.780339))
({x7, x9}, (0.219661, 5.64101e-09, 6.16923e-10, 0.780339)) == ({x7, x9}, (0.219661, 5.64101e-09, 6.16923e-10, 0.780339))
({x8, x9}, (0.219661, 5.64101e-09, 6.16923e-10, 0.780339)) == ({x8, x9}, (0.219661, 5.64101e-09, 6.16923e-10, 0.780339))
Exact MAP state (log score = 106.45):
x0: 0
x1: 0
x2: 1
x3: 0
x4: 1
x5: 0
x6: 0
x7: 1
x8: 1
x9: 1
