Builtin inference algorithms: {BP, EXACT, FBP, JTREE, TRWBP}

Exact variable marginals:
({x0}, (0.832531, 0.167469))
({x1}, (0.832049, 0.167951))
({x2}, (0.167951, 0.832049))
({x3}, (0.167469, 0.832531))
({x4}, (0.832097, 0.167903))
({x5}, (0.832531, 0.167469))
({x6}, (0.832531, 0.167469))
({x7}, (0.832531, 0.167469))
({x8}, (0.167469, 0.832531))
({x9}, (0.83253, 0.16747))
Exact factor marginals:
({x0}, (0.832531, 0.167469))
({x1}, (0.832049, 0.167951))
({x2}, (0.167951, 0.832049))
({x3}, (0.167469, 0.832531))
({x4}, (0.832097, 0.167903))
({x5}, (0.832531, 0.167469))
({x6}, (0.832531, 0.167469))
({x7}, (0.832531, 0.167469))
({x8}, (0.167469, 0.832531))
({x9}, (0.83253, 0.16747))
({x0, x1}, (0.831923, 0.000125585, 0.00060743, 0.167344))
({x0, x2}, (0.000498089, 0.167453, 0.832033, 1.65488e-05))
({x0, x3}, (2.49222e-09, 0.167469, 0.832531, 1.82274e-08))
({x0, x4}, (0.832081, 1.56608e-05, 0.000449672, 0.167454))
({x0, x5}, (0.832531, 2.43232e-08, 2.80266e-09, 0.167469))
({x0, x6}, (0.83253, 5.18354e-07, 4.60495e-07, 0.167469))
({x0, x7}, (0.832531, 2.43781e-08, 2.60317e-09, 0.167469))
({x0, x8}, (2.70203e-09, 0.167469, 0.832531, 2.51497e-08))
({x0, x9}, (0.83253, 1.12553e-08, 9.9582e-07, 0.167469))
({x1, x2}, (0.000109037, 0.167842, 0.83194, 0.000109341))
({x1, x3}, (0.000125588, 0.167344, 0.831923, 0.000607448))
({x1, x4}, (0.831939, 0.000157779, 0.000109946, 0.167793))
({x1, x5}, (0.831923, 0.000607454, 0.000125588, 0.167344))
({x1, x6}, (0.831923, 0.000607948, 0.000126046, 0.167343))
({x1, x7}, (0.831923, 0.000607454, 0.000125588, 0.167344))
({x1, x8}, (0.000125588, 0.167344, 0.831923, 0.000607455))
({x1, x9}, (0.831923, 0.000606434, 0.000125575, 0.167345))
({x2, x3}, (0.167453, 1.65513e-05, 0.000498107, 0.832033))
({x2, x4}, (4.93579e-05, 0.832047, 0.167902, 1.829e-06))
({x2, x5}, (0.000498113, 0.832033, 0.167453, 1.65511e-05))
({x2, x6}, (0.000498607, 0.832032, 0.167452, 1.70087e-05))
({x2, x7}, (0.000498113, 0.832033, 0.167453, 1.65511e-05))
({x2, x8}, (0.167453, 1.65512e-05, 0.000498114, 0.832033))
({x2, x9}, (0.000497176, 0.832032, 0.167454, 1.66202e-05))
({x3, x4}, (1.56427e-05, 0.832081, 0.167454, 0.00044967))
({x3, x5}, (6.09578e-09, 0.832531, 0.167469, 3.10445e-10))
({x3, x6}, (5.00127e-07, 0.83253, 0.167469, 4.58003e-07))
({x3, x7}, (6.15067e-09, 0.832531, 0.167469, 1.10952e-10))
({x3, x8}, (0.167469, 2.09815e-10, 6.92221e-09, 0.832531))
({x3, x9}, (1.36564e-08, 0.83253, 0.167469, 1.01396e-06))
({x4, x5}, (0.832081, 0.000449675, 1.56427e-05, 0.167454))
({x4, x6}, (0.832081, 0.000450169, 1.61001e-05, 0.167453))
({x4, x7}, (0.832081, 0.000449676, 1.56428e-05, 0.167454))
({x4, x8}, (1.56429e-05, 0.167454, 0.832081, 0.000449676))
({x4, x9}, (0.83208, 0.000449683, 1.66566e-05, 0.167454))
({x5, x6}, (0.83253, 4.94032e-07, 4.57693e-07, 0.167469))
({x5, x7}, (0.832531, 2.72359e-10, 1.79852e-11, 0.167469))
({x5, x8}, (1.18629e-10, 0.167469, 0.832531, 1.04568e-09))
({x5, x9}, (0.83253, 1.39643e-08, 1.02005e-06, 0.167469))
({x6, x7}, (0.83253, 4.57892e-07, 4.93976e-07, 0.167469))
({x6, x8}, (4.94077e-07, 0.167469, 0.83253, 4.58665e-07))
({x6, x9}, (0.832529, 4.71419e-07, 1.51384e-06, 0.167469))
({x7, x8}, (1.00676e-10, 0.167469, 0.832531, 7.73353e-10))
({x7, x9}, (0.83253, 1.37656e-08, 1.02011e-06, 0.167469))
({x8, x9}, (1.38662e-08, 0.83253, 0.167469, 1.02088e-06))
Exact log partition sum: 101.875
Exact MAP variable marginals:
({x0}, (0.832534, 0.167466))
({x1}, (0.832534, 0.167466))
({x2}, (0.167466, 0.832534))
({x3}, (0.167466, 0.832534))
({x4}, (0.832534, 0.167466))
({x5}, (0.832534, 0.167466))
({x6}, (0.832534, 0.167466))
({x7}, (0.832534, 0.167466))
({x8}, (0.167466, 0.832534))
({x9}, (0.832534, 0.167466))
Exact MAP factor marginals:
({x0}, (0.832534, 0.167466)) == ({x0}, (0.832534, 0.167466))
({x1}, (0.832534, 0.167466)) == ({x1}, (0.832534, 0.167466))
({x2}, (0.167466, 0.832534)) == ({x2}, (0.167466, 0.832534))
({x3}, (0.167466, 0.832534)) == ({x3}, (0.167466, 0.832534))
({x4}, (0.832534, 0.167466)) == ({x4}, (0.832534, 0.167466))
({x5}, (0.832534, 0.167466)) == ({x5}, (0.832534, 0.167466))
({x6}, (0.832534, 0.167466)) == ({x6}, (0.832534, 0.167466))
({x7}, (0.832534, 0.167466)) == ({x7}, (0.832534, 0.167466))
({x8}, (0.167466, 0.832534)) == ({x8}, (0.167466, 0.832534))
({x9}, (0.832534, 0.167466)) == ({x9}, (0.832534, 0.167466))
({x0, x1}, (0.832069, 0.000108555, 0.000449321, 0.167373)) == ({x0, x1}, (0.832069, 0.000108555, 0.000449321, 0.167373))
({x0, x2}, (0.000449363, 0.167388, 0.832147, 1.51536e-05)) == ({x0, x2}, (0.000449363, 0.167388, 0.832147, 1.51536e-05))
({x0, x3}, (2.44052e-09, 0.167466, 0.832534, 1.82005e-08)) == ({x0, x3}, (2.44052e-09, 0.167466, 0.832534, 1.82005e-08))
({x0, x4}, (0.832147, 1.51536e-05, 0.000449363, 0.167388)) == ({x0, x4}, (0.832147, 1.51536e-05, 0.000449363, 0.167388))
({x0, x5}, (0.832534, 1.82005e-08, 2.44052e-09, 0.167466)) == ({x0, x5}, (0.832534, 1.82005e-08, 2.44052e-09, 0.167466))
({x0, x6}, (0.832533, 4.94137e-07, 4.57629e-07, 0.167466)) == ({x0, x6}, (0.832533, 4.94137e-07, 4.57629e-07, 0.167466))
({x0, x7}, (0.832534, 1.82005e-08, 2.44052e-09, 0.167466)) == ({x0, x7}, (0.832534, 1.82005e-08, 2.44052e-09, 0.167466))
({x0, x8}, (2.44052e-09, 0.167466, 0.832534, 1.82005e-08)) == ({x0, x8}, (2.44052e-09, 0.167466, 0.832534, 1.82005e-08))
({x0, x9}, (0.832533, 8.21184e-09, 9.22106e-07, 0.167466)) == ({x0, x9}, (0.832533, 8.21184e-09, 9.22106e-07, 0.167466))
({x1, x2}, (0.000108592, 0.16743, 0.832353, 0.000108896)) == ({x1, x2}, (0.000108592, 0.16743, 0.832353, 0.000108896))
({x1, x3}, (0.000108555, 0.167373, 0.832069, 0.000449321)) == ({x1, x3}, (0.000108555, 0.167373, 0.832069, 0.000449321))
({x1, x4}, (0.832353, 0.000108896, 0.000108592, 0.16743)) == ({x1, x4}, (0.832353, 0.000108896, 0.000108592, 0.16743))
({x1, x5}, (0.832069, 0.000449321, 0.000108555, 0.167373)) == ({x1, x5}, (0.832069, 0.000449321, 0.000108555, 0.167373))
({x1, x6}, (0.832069, 0.000449321, 0.000108555, 0.167373)) == ({x1, x6}, (0.832069, 0.000449321, 0.000108555, 0.167373))
({x1, x7}, (0.832069, 0.000449321, 0.000108555, 0.167373)) == ({x1, x7}, (0.832069, 0.000449321, 0.000108555, 0.167373))
({x1, x8}, (0.000108555, 0.167373, 0.832069, 0.000449321)) == ({x1, x8}, (0.000108555, 0.167373, 0.832069, 0.000449321))
({x1, x9}, (0.832069, 0.000449321, 0.000108555, 0.167373)) == ({x1, x9}, (0.832069, 0.000449321, 0.000108555, 0.167373))
({x2, x3}, (0.167388, 1.51536e-05, 0.000449363, 0.832147)) == ({x2, x3}, (0.167388, 1.51536e-05, 0.000449363, 0.832147))
({x2, x4}, (4.79579e-05, 0.832493, 0.167458, 1.39703e-06)) == ({x2, x4}, (4.79579e-05, 0.832493, 0.167458, 1.39703e-06))
({x2, x5}, (0.000449363, 0.832147, 0.167388, 1.51536e-05)) == ({x2, x5}, (0.000449363, 0.832147, 0.167388, 1.51536e-05))
({x2, x6}, (0.000449363, 0.832147, 0.167388, 1.51536e-05)) == ({x2, x6}, (0.000449363, 0.832147, 0.167388, 1.51536e-05))
({x2, x7}, (0.000449363, 0.832147, 0.167388, 1.51536e-05)) == ({x2, x7}, (0.000449363, 0.832147, 0.167388, 1.51536e-05))
({x2, x8}, (0.167388, 1.51536e-05, 0.000449363, 0.832147)) == ({x2, x8}, (0.167388, 1.51536e-05, 0.000449363, 0.832147))
({x2, x9}, (0.000449363, 0.832147, 0.167388, 1.51536e-05)) == ({x2, x9}, (0.000449363, 0.832147, 0.167388, 1.51536e-05))
({x3, x4}, (1.51536e-05, 0.832147, 0.167388, 0.000449363)) == ({x3, x4}, (1.51536e-05, 0.832147, 0.167388, 0.000449363))
({x3, x5}, (5.83765e-09, 0.832534, 0.167466, 1.36265e-10)) == ({x3, x5}, (5.83765e-09, 0.832534, 0.167466, 1.36265e-10))
({x3, x6}, (4.94137e-07, 0.832533, 0.167466, 4.57629e-07)) == ({x3, x6}, (4.94137e-07, 0.832533, 0.167466, 4.57629e-07))
({x3, x7}, (5.83765e-09, 0.832534, 0.167466, 6.40937e-11)) == ({x3, x7}, (5.83765e-09, 0.832534, 0.167466, 6.40937e-11))
({x3, x8}, (0.167466, 1.00708e-10, 5.83765e-09, 0.832534)) == ({x3, x8}, (0.167466, 1.00708e-10, 5.83765e-09, 0.832534))
({x3, x9}, (8.21184e-09, 0.832533, 0.167466, 9.22106e-07)) == ({x3, x9}, (8.21184e-09, 0.832533, 0.167466, 9.22106e-07))
({x4, x5}, (0.832147, 0.000449363, 1.51536e-05, 0.167388)) == ({x4, x5}, (0.832147, 0.000449363, 1.51536e-05, 0.167388))
({x4, x6}, (0.832147, 0.000449363, 1.51536e-05, 0.167388)) == ({x4, x6}, (0.832147, 0.000449363, 1.51536e-05, 0.167388))
({x4, x7}, (0.832147, 0.000449363, 1.51536e-05, 0.167388)) == ({x4, x7}, (0.832147, 0.000449363, 1.51536e-05, 0.167388))
({x4, x8}, (1.51536e-05, 0.167388, 0.832147, 0.000449363)) == ({x4, x8}, (1.51536e-05, 0.167388, 0.832147, 0.000449363))
({x4, x9}, (0.832147, 0.000449363, 1.51536e-05, 0.167388)) == ({x4, x9}, (0.832147, 0.000449363, 1.51536e-05, 0.167388))
({x5, x6}, (0.832533, 4.94137e-07, 4.57629e-07, 0.167466)) == ({x5, x6}, (0.832533, 4.94137e-07, 4.57629e-07, 0.167466))
({x5, x7}, (0.832534, 1.36265e-10, 1.20434e-11, 0.167466)) == ({x5, x7}, (0.832534, 1.36265e-10, 1.20434e-11, 0.167466))
({x5, x8}, (1.00708e-10, 0.167466, 0.832534, 7.72148e-10)) == ({x5, x8}, (1.00708e-10, 0.167466, 0.832534, 7.72148e-10))
({x5, x9}, (0.832533, 8.21184e-09, 9.22106e-07, 0.167466)) == ({x5, x9}, (0.832533, 8.21184e-09, 9.22106e-07, 0.167466))
({x6, x7}, (0.832533, 4.57629e-07, 4.94137e-07, 0.167466)) == ({x6, x7}, (0.832533, 4.57629e-07, 4.94137e-07, 0.167466))
({x6, x8}, (4.94137e-07, 0.167466, 0.832533, 4.57629e-07)) == ({x6, x8}, (4.94137e-07, 0.167466, 0.832533, 4.57629e-07))
({x6, x9}, (0.832533, 4.57629e-07, 9.22105e-07, 0.167466)) == ({x6, x9}, (0.832533, 4.57629e-07, 9.22105e-07, 0.167466))
({x7, x8}, (1.00708e-10, 0.167466, 0.832534, 7.72148e-10)) == ({x7, x8}, (1.00708e-10, 0.167466, 0.832534, 7.72148e-10))
({x7, x9}, (0.832533, 8.21184e-09, 9.22106e-07, 0.167466)) == ({x7, x9}, (0.832533, 8.21184e-09, 9.22106e-07, 0.167466))
({x8, x9}, (8.21184e-09, 0.832533, 0.167466, 9.22106e-07)) == ({x8, x9}, (8.21184e-09, 0.832533, 0.167466, 9.22106e-07))
Exact MAP state (log score = 101.691):
x0: 0
x1: 0
x2: 1
x3: 1
x4: 0
x5: 0
x6: 0
x7: 0
x8: 1
x9: 0
