Builtin inference algorithms: {BP, EXACT, FBP, JTREE, TRWBP}

Exact variable marginals:
({x0}, (0.507919, 0.492081))
({x1}, (0.492081, 0.507919))
({x2}, (0.488422, 0.511578))
({x3}, (0.49134, 0.50866))
({x4}, (0.50866, 0.49134))
({x5}, (0.492079, 0.507921))
({x6}, (0.492079, 0.507921))
({x7}, (0.487684, 0.512316))
({x8}, (0.492059, 0.507941))
({x9}, (0.487684, 0.512316))
Exact factor marginals:
({x0}, (0.507919, 0.492081))
({x1}, (0.492081, 0.507919))
({x2}, (0.488422, 0.511578))
({x3}, (0.49134, 0.50866))
({x4}, (0.50866, 0.49134))
({x5}, (0.492079, 0.507921))
({x6}, (0.492079, 0.507921))
({x7}, (0.487684, 0.512316))
({x8}, (0.492059, 0.507941))
({x9}, (0.487684, 0.512316))
({x0, x1}, (5.71168e-07, 0.492081, 0.507919, 2.63835e-08))
({x0, x2}, (0.0002542, 0.488168, 0.507665, 0.00391235))
({x0, x3}, (0.000463453, 0.490876, 0.507456, 0.00120425))
({x0, x4}, (0.507456, 0.00120424, 0.000463378, 0.490876))
({x0, x5}, (2.71225e-07, 0.492079, 0.507919, 1.93338e-06))
({x0, x6}, (1.72381e-07, 0.492079, 0.507919, 1.84535e-06))
({x0, x7}, (0.000717301, 0.486967, 0.507202, 0.00511385))
({x0, x8}, (0.000171292, 0.491888, 0.507748, 0.000192583))
({x0, x9}, (0.000717301, 0.486967, 0.507202, 0.00511385))
({x1, x2}, (0.488169, 0.000253629, 0.00391232, 0.507665))
({x1, x3}, (0.490876, 0.00046345, 0.00120479, 0.507455))
({x1, x4}, (0.00120479, 0.507456, 0.490876, 0.000463375))
({x1, x5}, (0.492079, 2.67925e-07, 2.47487e-06, 0.507919))
({x1, x6}, (0.492079, 1.69081e-07, 2.38684e-06, 0.507919))
({x1, x7}, (0.486967, 0.00071673, 0.00511382, 0.507202))
({x1, x8}, (0.491889, 0.000170721, 0.000192556, 0.507748))
({x1, x9}, (0.486967, 0.00071673, 0.00511382, 0.507202))
({x2, x3}, (0.486967, 0.00437275, 0.0014554, 0.507205))
({x2, x4}, (0.00145547, 0.507205, 0.486967, 0.00437275))
({x2, x5}, (0.488168, 0.00391046, 0.000253981, 0.507667))
({x2, x6}, (0.488168, 0.00391055, 0.000254079, 0.507667))
({x2, x7}, (0.487221, 0.000463101, 0.0012015, 0.511114))
({x2, x8}, (0.48834, 0.00371976, 8.29081e-05, 0.507858))
({x2, x9}, (0.487221, 0.000463101, 0.0012015, 0.511114))
({x3, x4}, (7.54387e-08, 0.50866, 0.49134, 8.77209e-09))
({x3, x5}, (0.490877, 0.00120232, 0.000463182, 0.507458))
({x3, x6}, (0.490876, 0.00120241, 0.000463281, 0.507458))
({x3, x7}, (0.48743, 0.0002539, 0.00390965, 0.508406))
({x3, x8}, (0.490686, 0.00137332, 0.00065381, 0.507287))
({x3, x9}, (0.48743, 0.0002539, 0.00390965, 0.508406))
({x4, x5}, (0.00120231, 0.490877, 0.507458, 0.000463107))
({x4, x6}, (0.0012024, 0.490876, 0.507458, 0.000463206))
({x4, x7}, (0.000253975, 0.48743, 0.508406, 0.00390965))
({x4, x8}, (0.00137339, 0.490686, 0.507287, 0.000653815))
({x4, x9}, (0.000253975, 0.48743, 0.508406, 0.00390965))
({x5, x6}, (0.492079, 8.80297e-08, 9.88439e-08, 0.507921))
({x5, x7}, (0.486967, 0.000717081, 0.00511197, 0.507204))
({x5, x8}, (0.491888, 0.000171081, 0.000190709, 0.50775))
({x5, x9}, (0.486967, 0.000717082, 0.00511197, 0.507204))
({x6, x7}, (0.486967, 0.00071718, 0.00511205, 0.507204))
({x6, x8}, (0.491888, 0.000171171, 0.000190789, 0.50775))
({x6, x9}, (0.486967, 0.00071718, 0.00511205, 0.507204))
({x7, x8}, (0.487138, 0.00492126, 0.000546009, 0.507395))
({x7, x9}, (0.487684, 1.31105e-10, 7.41445e-11, 0.512316))
({x8, x9}, (0.487138, 0.000546009, 0.00492126, 0.507395))
Exact log partition sum: 54.6184
Exact MAP variable marginals:
({x0}, (0.510177, 0.489823))
({x1}, (0.489823, 0.510177))
({x2}, (0.489823, 0.510177))
({x3}, (0.489823, 0.510177))
({x4}, (0.510177, 0.489823))
({x5}, (0.489823, 0.510177))
({x6}, (0.489823, 0.510177))
({x7}, (0.489823, 0.510177))
({x8}, (0.489823, 0.510177))
({x9}, (0.489823, 0.510177))
Exact MAP factor marginals:
({x0}, (0.510177, 0.489823)) == ({x0}, (0.510177, 0.489823))
({x1}, (0.489823, 0.510177)) == ({x1}, (0.489823, 0.510177))
({x2}, (0.489823, 0.510177)) == ({x2}, (0.489823, 0.510177))
({x3}, (0.489823, 0.510177)) == ({x3}, (0.489823, 0.510177))
({x4}, (0.510177, 0.489823)) == ({x4}, (0.510177, 0.489823))
({x5}, (0.489823, 0.510177)) == ({x5}, (0.489823, 0.510177))
({x6}, (0.489823, 0.510177)) == ({x6}, (0.489823, 0.510177))
({x7}, (0.489823, 0.510177)) == ({x7}, (0.489823, 0.510177))
({x8}, (0.489823, 0.510177)) == ({x8}, (0.489823, 0.510177))
({x9}, (0.489823, 0.510177)) == ({x9}, (0.489823, 0.510177))
({x0, x1}, (5.52667e-07, 0.489823, 0.510177, 1.85223e-08)) == ({x0, x1}, (5.52667e-07, 0.489823, 0.510177, 1.85223e-08))
({x0, x2}, (0.000170735, 0.487914, 0.508189, 0.00372618)) == ({x0, x2}, (0.000170735, 0.487914, 0.508189, 0.00372618))
({x0, x3}, (0.000465036, 0.489004, 0.509324, 0.00120653)) == ({x0, x3}, (0.000465036, 0.489004, 0.509324, 0.00120653))
({x0, x4}, (0.509324, 0.00120653, 0.000465036, 0.489004)) == ({x0, x4}, (0.509324, 0.00120653, 0.000465036, 0.489004))
({x0, x5}, (1.47025e-07, 0.489822, 0.510176, 1.80064e-06)) == ({x0, x5}, (1.47025e-07, 0.489822, 0.510176, 1.80064e-06))
({x0, x6}, (1.47025e-07, 0.489822, 0.510176, 1.80064e-06)) == ({x0, x6}, (1.47025e-07, 0.489822, 0.510176, 1.80064e-06))
({x0, x7}, (0.000463863, 0.487771, 0.50804, 0.00372509)) == ({x0, x7}, (0.000463863, 0.487771, 0.50804, 0.00372509))
({x0, x8}, (0.000171341, 0.489645, 0.509992, 0.000191726)) == ({x0, x8}, (0.000171341, 0.489645, 0.509992, 0.000191726))
({x0, x9}, (0.000463863, 0.487771, 0.50804, 0.00372509)) == ({x0, x9}, (0.000463863, 0.487771, 0.50804, 0.00372509))
({x1, x2}, (0.487914, 0.000170735, 0.00372618, 0.508189)) == ({x1, x2}, (0.487914, 0.000170735, 0.00372618, 0.508189))
({x1, x3}, (0.489004, 0.000465036, 0.00120653, 0.509324)) == ({x1, x3}, (0.489004, 0.000465036, 0.00120653, 0.509324))
({x1, x4}, (0.00120653, 0.509324, 0.489004, 0.000465036)) == ({x1, x4}, (0.00120653, 0.509324, 0.489004, 0.000465036))
({x1, x5}, (0.489822, 1.47025e-07, 1.80064e-06, 0.510176)) == ({x1, x5}, (0.489822, 1.47025e-07, 1.80064e-06, 0.510176))
({x1, x6}, (0.489822, 1.47025e-07, 1.80064e-06, 0.510176)) == ({x1, x6}, (0.489822, 1.47025e-07, 1.80064e-06, 0.510176))
({x1, x7}, (0.487771, 0.000463863, 0.00372509, 0.50804)) == ({x1, x7}, (0.487771, 0.000463863, 0.00372509, 0.50804))
({x1, x8}, (0.489645, 0.000171341, 0.000191726, 0.509992)) == ({x1, x8}, (0.489645, 0.000171341, 0.000191726, 0.509992))
({x1, x9}, (0.487771, 0.000463863, 0.00372509, 0.50804)) == ({x1, x9}, (0.487771, 0.000463863, 0.00372509, 0.50804))
({x2, x3}, (0.487411, 0.00372234, 0.0012026, 0.507664)) == ({x2, x3}, (0.487411, 0.00372234, 0.0012026, 0.507664))
({x2, x4}, (0.0012026, 0.507664, 0.487411, 0.00372234)) == ({x2, x4}, (0.0012026, 0.507664, 0.487411, 0.00372234))
({x2, x5}, (0.487914, 0.00372618, 0.000170735, 0.508189)) == ({x2, x5}, (0.487914, 0.00372618, 0.000170735, 0.508189))
({x2, x6}, (0.487914, 0.00372618, 0.000170735, 0.508189)) == ({x2, x6}, (0.487914, 0.00372618, 0.000170735, 0.508189))
({x2, x7}, (0.489004, 0.000465036, 0.00120653, 0.509324)) == ({x2, x7}, (0.489004, 0.000465036, 0.00120653, 0.509324))
({x2, x8}, (0.487957, 0.00372651, 8.30678e-05, 0.508234)) == ({x2, x8}, (0.487957, 0.00372651, 8.30678e-05, 0.508234))
({x2, x9}, (0.489004, 0.000465036, 0.00120653, 0.509324)) == ({x2, x9}, (0.489004, 0.000465036, 0.00120653, 0.509324))
({x3, x4}, (7.25612e-08, 0.510177, 0.489823, 8.36071e-09)) == ({x3, x4}, (7.25612e-08, 0.510177, 0.489823, 8.36071e-09))
({x3, x5}, (0.489004, 0.00120653, 0.000465036, 0.509324)) == ({x3, x5}, (0.489004, 0.00120653, 0.000465036, 0.509324))
({x3, x6}, (0.489004, 0.00120653, 0.000465036, 0.509324)) == ({x3, x6}, (0.489004, 0.00120653, 0.000465036, 0.509324))
({x3, x7}, (0.487914, 0.000170735, 0.00372618, 0.508189)) == ({x3, x7}, (0.487914, 0.000170735, 0.00372618, 0.508189))
({x3, x8}, (0.489004, 0.00120653, 0.000465036, 0.509324)) == ({x3, x8}, (0.489004, 0.00120653, 0.000465036, 0.509324))
({x3, x9}, (0.487914, 0.000170735, 0.00372618, 0.508189)) == ({x3, x9}, (0.487914, 0.000170735, 0.00372618, 0.508189))
({x4, x5}, (0.00120653, 0.489004, 0.509324, 0.000465036)) == ({x4, x5}, (0.00120653, 0.489004, 0.509324, 0.000465036))
({x4, x6}, (0.00120653, 0.489004, 0.509324, 0.000465036)) == ({x4, x6}, (0.00120653, 0.489004, 0.509324, 0.000465036))
({x4, x7}, (0.000170735, 0.487914, 0.508189, 0.00372618)) == ({x4, x7}, (0.000170735, 0.487914, 0.508189, 0.00372618))
({x4, x8}, (0.00120653, 0.489004, 0.509324, 0.000465036)) == ({x4, x8}, (0.00120653, 0.489004, 0.509324, 0.000465036))
({x4, x9}, (0.000170735, 0.487914, 0.508189, 0.00372618)) == ({x4, x9}, (0.000170735, 0.487914, 0.508189, 0.00372618))
({x5, x6}, (0.489823, 8.05532e-08, 9.89746e-08, 0.510177)) == ({x5, x6}, (0.489823, 8.05532e-08, 9.89746e-08, 0.510177))
({x5, x7}, (0.487771, 0.000463863, 0.00372509, 0.50804)) == ({x5, x7}, (0.487771, 0.000463863, 0.00372509, 0.50804))
({x5, x8}, (0.489645, 0.000171341, 0.000191726, 0.509992)) == ({x5, x8}, (0.489645, 0.000171341, 0.000191726, 0.509992))
({x5, x9}, (0.487771, 0.000463863, 0.00372509, 0.50804)) == ({x5, x9}, (0.487771, 0.000463863, 0.00372509, 0.50804))
({x6, x7}, (0.487771, 0.000463863, 0.00372509, 0.50804)) == ({x6, x7}, (0.487771, 0.000463863, 0.00372509, 0.50804))
({x6, x8}, (0.489645, 0.000171341, 0.000191726, 0.509992)) == ({x6, x8}, (0.489645, 0.000171341, 0.000191726, 0.509992))
({x6, x9}, (0.487771, 0.000463863, 0.00372509, 0.50804)) == ({x6, x9}, (0.487771, 0.000463863, 0.00372509, 0.50804))
({x7, x8}, (0.487771, 0.00372509, 0.000463863, 0.50804)) == ({x7, x8}, (0.487771, 0.00372509, 0.000463863, 0.50804))
({x7, x9}, (0.489823, 1.13949e-10, 6.74487e-11, 0.510177)) == ({x7, x9}, (0.489823, 1.13949e-10, 6.74487e-11, 0.510177))
({x8, x9}, (0.487771, 0.000463863, 0.00372509, 0.50804)) == ({x8, x9}, (0.487771, 0.000463863, 0.00372509, 0.50804))
Exact MAP state (log score = 53.9395):
x0: 0
x1: 1
x2: 1
x3: 1
x4: 0
x5: 1
x6: 1
x7: 1
x8: 1
x9: 1
