Builtin inference algorithms: {BP, EXACT, FBP, JTREE, TRWBP}

Exact variable marginals:
({x0}, (0.999362, 0.000638057))
({x1}, (0.999362, 0.000638053))
({x2}, (0.999362, 0.000638053))
({x3}, (0.999362, 0.000638053))
({x4}, (0.999362, 0.000638053))
({x5}, (0.000638053, 0.999362))
({x6}, (0.999362, 0.000638053))
({x7}, (0.999362, 0.00063833))
({x8}, (0.000638053, 0.999362))
({x9}, (0.999362, 0.000638053))
Exact factor marginals:
({x0}, (0.999362, 0.000638057))
({x1}, (0.999362, 0.000638053))
({x2}, (0.999362, 0.000638053))
({x3}, (0.999362, 0.000638053))
({x4}, (0.999362, 0.000638053))
({x5}, (0.000638053, 0.999362))
({x6}, (0.999362, 0.000638053))
({x7}, (0.999362, 0.00063833))
({x8}, (0.000638053, 0.999362))
({x9}, (0.999362, 0.000638053))
({x0, x1}, (0.999362, 3.28367e-09, 2.2947e-11, 0.000638053))
({x0, x2}, (0.999362, 3.28366e-09, 1.9687e-11, 0.000638053))
({x0, x3}, (0.999362, 3.28366e-09, 1.96859e-11, 0.000638053))
({x0, x4}, (0.999362, 3.28367e-09, 2.29553e-11, 0.000638053))
({x0, x5}, (1.97486e-11, 0.000638053, 0.999362, 3.28366e-09))
({x0, x6}, (0.999362, 3.28366e-09, 1.96859e-11, 0.000638053))
({x0, x7}, (0.999362, 4.47766e-09, 2.78178e-07, 0.000638052))
({x0, x8}, (1.9687e-11, 0.000638053, 0.999362, 3.28366e-09))
({x0, x9}, (0.999362, 3.28366e-09, 1.96859e-11, 0.000638053))
({x1, x2}, (0.999362, 3.26122e-12, 1.66516e-14, 0.000638053))
({x1, x3}, (0.999362, 3.26116e-12, 1.55381e-14, 0.000638053))
({x1, x4}, (0.999362, 1.34432e-15, 9.47918e-15, 0.000638053))
({x1, x5}, (7.81637e-14, 0.000638053, 0.999362, 3.26225e-12))
({x1, x6}, (0.999362, 3.26116e-12, 1.55381e-14, 0.000638053))
({x1, x7}, (0.999362, 1.19399e-09, 2.78155e-07, 0.000638052))
({x1, x8}, (1.66199e-14, 0.000638053, 0.999362, 3.26116e-12))
({x1, x9}, (0.999362, 3.26116e-12, 1.55381e-14, 0.000638053))
({x2, x3}, (0.999362, 1.11351e-15, 6.80172e-17, 0.000638053))
({x2, x4}, (0.999362, 1.56003e-14, 3.26831e-12, 0.000638053))
({x2, x5}, (6.27545e-14, 0.000638053, 0.999362, 2.27228e-15))
({x2, x6}, (0.999362, 1.11351e-15, 6.80172e-17, 0.000638053))
({x2, x7}, (0.999362, 1.194e-09, 2.78158e-07, 0.000638052))
({x2, x8}, (1.14979e-15, 0.000638053, 0.999362, 1.1163e-15))
({x2, x9}, (0.999362, 1.11351e-15, 6.80172e-17, 0.000638053))
({x3, x4}, (0.999362, 1.56535e-14, 3.26941e-12, 0.000638053))
({x3, x5}, (6.26865e-14, 0.000638053, 0.999362, 1.15876e-15))
({x3, x6}, (0.999362, 5.51785e-24, 1.73402e-24, 0.000638053))
({x3, x7}, (0.999362, 1.194e-09, 2.78158e-07, 0.000638052))
({x3, x8}, (1.08177e-15, 0.000638053, 0.999362, 2.78908e-18))
({x3, x9}, (0.999362, 2.06462e-24, 2.58808e-24, 0.000638053))
({x4, x5}, (7.834e-14, 0.000638053, 0.999362, 3.27056e-12))
({x4, x6}, (0.999362, 3.26941e-12, 1.56535e-14, 0.000638053))
({x4, x7}, (0.999362, 1.19399e-09, 2.78155e-07, 0.000638052))
({x4, x8}, (1.67353e-14, 0.000638053, 0.999362, 3.26941e-12))
({x4, x9}, (0.999362, 3.26941e-12, 1.56535e-14, 0.000638053))
({x5, x6}, (6.26865e-14, 0.999362, 0.000638053, 1.15876e-15))
({x5, x7}, (1.19406e-09, 0.999362, 0.000638052, 2.78158e-07))
({x5, x8}, (0.000638053, 2.24054e-15, 6.26893e-14, 0.999362))
({x5, x9}, (6.26865e-14, 0.999362, 0.000638053, 1.15876e-15))
({x6, x7}, (0.999362, 1.194e-09, 2.78158e-07, 0.000638052))
({x6, x8}, (1.08177e-15, 0.000638053, 0.999362, 2.78908e-18))
({x6, x9}, (0.999362, 2.07254e-24, 6.37984e-24, 0.000638053))
({x7, x8}, (1.194e-09, 0.000638052, 0.999362, 2.78158e-07))
({x7, x9}, (0.999362, 2.78158e-07, 1.194e-09, 0.000638052))
({x8, x9}, (1.08177e-15, 0.999362, 0.000638053, 2.78908e-18))
Exact log partition sum: 56.7226
Exact MAP variable marginals:
({x0}, (0.999362, 0.000638052))
({x1}, (0.999362, 0.000638052))
({x2}, (0.999362, 0.000638052))
({x3}, (0.999362, 0.000638052))
({x4}, (0.999362, 0.000638052))
({x5}, (0.000638052, 0.999362))
({x6}, (0.999362, 0.000638052))
({x7}, (0.999362, 0.000638052))
({x8}, (0.000638052, 0.999362))
({x9}, (0.999362, 0.000638052))
Exact MAP factor marginals:
({x0}, (0.999362, 0.000638052)) == ({x0}, (0.999362, 0.000638052))
({x1}, (0.999362, 0.000638052)) == ({x1}, (0.999362, 0.000638052))
({x2}, (0.999362, 0.000638052)) == ({x2}, (0.999362, 0.000638052))
({x3}, (0.999362, 0.000638052)) == ({x3}, (0.999362, 0.000638052))
({x4}, (0.999362, 0.000638052)) == ({x4}, (0.999362, 0.000638052))
({x5}, (0.000638052, 0.999362)) == ({x5}, (0.000638052, 0.999362))
({x6}, (0.999362, 0.000638052)) == ({x6}, (0.999362, 0.000638052))
({x7}, (0.999362, 0.000638052)) == ({x7}, (0.999362, 0.000638052))
({x8}, (0.000638052, 0.999362)) == ({x8}, (0.000638052, 0.999362))
({x9}, (0.999362, 0.000638052)) == ({x9}, (0.999362, 0.000638052))
({x0, x1}, (0.999362, 3.28366e-09, 1.96859e-11, 0.000638052)) == ({x0, x1}, (0.999362, 3.28366e-09, 1.96859e-11, 0.000638052))
({x0, x2}, (0.999362, 3.28366e-09, 1.96859e-11, 0.000638052)) == ({x0, x2}, (0.999362, 3.28366e-09, 1.96859e-11, 0.000638052))
({x0, x3}, (0.999362, 3.28366e-09, 1.96859e-11, 0.000638052)) == ({x0, x3}, (0.999362, 3.28366e-09, 1.96859e-11, 0.000638052))
({x0, x4}, (0.999362, 3.28366e-09, 1.96859e-11, 0.000638052)) == ({x0, x4}, (0.999362, 3.28366e-09, 1.96859e-11, 0.000638052))
({x0, x5}, (1.96859e-11, 0.000638052, 0.999362, 3.28366e-09)) == ({x0, x5}, (1.96859e-11, 0.000638052, 0.999362, 3.28366e-09))
({x0, x6}, (0.999362, 3.28366e-09, 1.96859e-11, 0.000638052)) == ({x0, x6}, (0.999362, 3.28366e-09, 1.96859e-11, 0.000638052))
({x0, x7}, (0.999362, 3.28366e-09, 2.78155e-07, 0.000638052)) == ({x0, x7}, (0.999362, 3.28366e-09, 2.78155e-07, 0.000638052))
({x0, x8}, (1.96859e-11, 0.000638052, 0.999362, 3.28366e-09)) == ({x0, x8}, (1.96859e-11, 0.000638052, 0.999362, 3.28366e-09))
({x0, x9}, (0.999362, 3.28366e-09, 1.96859e-11, 0.000638052)) == ({x0, x9}, (0.999362, 3.28366e-09, 1.96859e-11, 0.000638052))
({x1, x2}, (0.999362, 3.25984e-12, 1.55369e-14, 0.000638052)) == ({x1, x2}, (0.999362, 3.25984e-12, 1.55369e-14, 0.000638052))
({x1, x3}, (0.999362, 3.25984e-12, 1.55369e-14, 0.000638052)) == ({x1, x3}, (0.999362, 3.25984e-12, 1.55369e-14, 0.000638052))
({x1, x4}, (0.999362, 1.13216e-15, 5.22997e-15, 0.000638052)) == ({x1, x4}, (0.999362, 1.13216e-15, 5.22997e-15, 0.000638052))
({x1, x5}, (6.26262e-14, 0.000638052, 0.999362, 3.25984e-12)) == ({x1, x5}, (6.26262e-14, 0.000638052, 0.999362, 3.25984e-12))
({x1, x6}, (0.999362, 3.25984e-12, 1.55369e-14, 0.000638052)) == ({x1, x6}, (0.999362, 3.25984e-12, 1.55369e-14, 0.000638052))
({x1, x7}, (0.999362, 1.19398e-09, 2.78155e-07, 0.000638052)) == ({x1, x7}, (0.999362, 1.19398e-09, 2.78155e-07, 0.000638052))
({x1, x8}, (1.55369e-14, 0.000638052, 0.999362, 3.25984e-12)) == ({x1, x8}, (1.55369e-14, 0.000638052, 0.999362, 3.25984e-12))
({x1, x9}, (0.999362, 3.25984e-12, 1.55369e-14, 0.000638052)) == ({x1, x9}, (0.999362, 3.25984e-12, 1.55369e-14, 0.000638052))
({x2, x3}, (0.999362, 1.09877e-15, 6.79446e-17, 0.000638052)) == ({x2, x3}, (0.999362, 1.09877e-15, 6.79446e-17, 0.000638052))
({x2, x4}, (0.999362, 1.55369e-14, 3.25984e-12, 0.000638052)) == ({x2, x4}, (0.999362, 1.55369e-14, 3.25984e-12, 0.000638052))
({x2, x5}, (6.26262e-14, 0.000638052, 0.999362, 1.15814e-15)) == ({x2, x5}, (6.26262e-14, 0.000638052, 0.999362, 1.15814e-15))
({x2, x6}, (0.999362, 1.09877e-15, 6.79446e-17, 0.000638052)) == ({x2, x6}, (0.999362, 1.09877e-15, 6.79446e-17, 0.000638052))
({x2, x7}, (0.999362, 1.19398e-09, 2.78155e-07, 0.000638052)) == ({x2, x7}, (0.999362, 1.19398e-09, 2.78155e-07, 0.000638052))
({x2, x8}, (1.08177e-15, 0.000638052, 0.999362, 1.09877e-15)) == ({x2, x8}, (1.08177e-15, 0.000638052, 0.999362, 1.09877e-15))
({x2, x9}, (0.999362, 1.09877e-15, 6.79446e-17, 0.000638052)) == ({x2, x9}, (0.999362, 1.09877e-15, 6.79446e-17, 0.000638052))
({x3, x4}, (0.999362, 1.55369e-14, 3.25984e-12, 0.000638052)) == ({x3, x4}, (0.999362, 1.55369e-14, 3.25984e-12, 0.000638052))
({x3, x5}, (6.26262e-14, 0.000638052, 0.999362, 1.15814e-15)) == ({x3, x5}, (6.26262e-14, 0.000638052, 0.999362, 1.15814e-15))
({x3, x6}, (0.999362, 3.75868e-24, 1.53553e-24, 0.000638052)) == ({x3, x6}, (0.999362, 3.75868e-24, 1.53553e-24, 0.000638052))
({x3, x7}, (0.999362, 1.19398e-09, 2.78155e-07, 0.000638052)) == ({x3, x7}, (0.999362, 1.19398e-09, 2.78155e-07, 0.000638052))
({x3, x8}, (1.08177e-15, 0.000638052, 0.999362, 2.78908e-18)) == ({x3, x8}, (1.08177e-15, 0.000638052, 0.999362, 2.78908e-18))
({x3, x9}, (0.999362, 1.21636e-24, 2.53817e-24, 0.000638052)) == ({x3, x9}, (0.999362, 1.21636e-24, 2.53817e-24, 0.000638052))
({x4, x5}, (6.26262e-14, 0.000638052, 0.999362, 3.25984e-12)) == ({x4, x5}, (6.26262e-14, 0.000638052, 0.999362, 3.25984e-12))
({x4, x6}, (0.999362, 3.25984e-12, 1.55369e-14, 0.000638052)) == ({x4, x6}, (0.999362, 3.25984e-12, 1.55369e-14, 0.000638052))
({x4, x7}, (0.999362, 1.19398e-09, 2.78155e-07, 0.000638052)) == ({x4, x7}, (0.999362, 1.19398e-09, 2.78155e-07, 0.000638052))
({x4, x8}, (1.55369e-14, 0.000638052, 0.999362, 3.25984e-12)) == ({x4, x8}, (1.55369e-14, 0.000638052, 0.999362, 3.25984e-12))
({x4, x9}, (0.999362, 3.25984e-12, 1.55369e-14, 0.000638052)) == ({x4, x9}, (0.999362, 3.25984e-12, 1.55369e-14, 0.000638052))
({x5, x6}, (6.26262e-14, 0.999362, 0.000638052, 1.15814e-15)) == ({x5, x6}, (6.26262e-14, 0.999362, 0.000638052, 1.15814e-15))
({x5, x7}, (1.19398e-09, 0.999362, 0.000638052, 2.78155e-07)) == ({x5, x7}, (1.19398e-09, 0.999362, 0.000638052, 2.78155e-07))
({x5, x8}, (0.000638052, 1.15814e-15, 6.26262e-14, 0.999362)) == ({x5, x8}, (0.000638052, 1.15814e-15, 6.26262e-14, 0.999362))
({x5, x9}, (6.26262e-14, 0.999362, 0.000638052, 1.15814e-15)) == ({x5, x9}, (6.26262e-14, 0.999362, 0.000638052, 1.15814e-15))
({x6, x7}, (0.999362, 1.19398e-09, 2.78155e-07, 0.000638052)) == ({x6, x7}, (0.999362, 1.19398e-09, 2.78155e-07, 0.000638052))
({x6, x8}, (1.08177e-15, 0.000638052, 0.999362, 2.78908e-18)) == ({x6, x8}, (1.08177e-15, 0.000638052, 0.999362, 2.78908e-18))
({x6, x9}, (0.999362, 1.53553e-24, 3.75868e-24, 0.000638052)) == ({x6, x9}, (0.999362, 1.53553e-24, 3.75868e-24, 0.000638052))
({x7, x8}, (1.19398e-09, 0.000638052, 0.999362, 2.78155e-07)) == ({x7, x8}, (1.19398e-09, 0.000638052, 0.999362, 2.78155e-07))
({x7, x9}, (0.999362, 2.78155e-07, 1.19398e-09, 0.000638052)) == ({x7, x9}, (0.999362, 2.78155e-07, 1.19398e-09, 0.000638052))
({x8, x9}, (1.08177e-15, 0.999362, 0.000638052, 2.78908e-18)) == ({x8, x9}, (1.08177e-15, 0.999362, 0.000638052, 2.78908e-18))
Exact MAP state (log score = 56.7219):
x0: 0
x1: 0
x2: 0
x3: 0
x4: 0
x5: 1
x6: 0
x7: 0
x8: 1
x9: 0
