Builtin inference algorithms: {BP, EXACT, FBP, JTREE, TRWBP}

Exact variable marginals:
({x0}, (0.933322, 0.0666784))
({x1}, (0.933322, 0.0666784))
({x2}, (0.933322, 0.0666784))
({x3}, (0.0666784, 0.933322))
({x4}, (0.933322, 0.0666784))
({x5}, (0.933322, 0.0666784))
({x6}, (0.0666784, 0.933322))
({x7}, (0.0666786, 0.933321))
({x8}, (0.0666784, 0.933322))
({x9}, (0.0666786, 0.933321))
Exact factor marginals:
({x0}, (0.933322, 0.0666784))
({x1}, (0.933322, 0.0666784))
({x2}, (0.933322, 0.0666784))
({x3}, (0.0666784, 0.933322))
({x4}, (0.933322, 0.0666784))
({x5}, (0.933322, 0.0666784))
({x6}, (0.0666784, 0.933322))
({x7}, (0.0666786, 0.933321))
({x8}, (0.0666784, 0.933322))
({x9}, (0.0666786, 0.933321))
({x0, x1}, (0.933322, 2.61528e-22, 2.17991e-18, 0.0666784))
({x0, x2}, (0.933322, 2.15742e-25, 2.97088e-26, 0.0666784))
({x0, x3}, (3.21036e-18, 0.0666784, 0.933322, 5.78401e-19))
({x0, x4}, (0.933322, 2.15742e-25, 2.97088e-26, 0.0666784))
({x0, x5}, (0.933322, 2.53802e-25, 2.10498e-23, 0.0666784))
({x0, x6}, (1.03926e-10, 0.0666784, 0.933322, 1.77379e-12))
({x0, x7}, (2.32473e-07, 0.0666784, 0.933321, 3.78988e-08))
({x0, x8}, (1.43263e-19, 0.0666784, 0.933322, 7.19245e-20))
({x0, x9}, (2.32275e-07, 0.0666784, 0.933321, 3.71788e-08))
({x1, x2}, (0.933322, 2.17991e-18, 2.61312e-22, 0.0666784))
({x1, x3}, (3.21062e-18, 0.0666784, 0.933322, 2.75831e-18))
({x1, x4}, (0.933322, 2.17991e-18, 2.61312e-22, 0.0666784))
({x1, x5}, (0.933322, 2.17989e-18, 2.61274e-22, 0.0666784))
({x1, x6}, (1.03926e-10, 0.0666784, 0.933322, 1.77379e-12))
({x1, x7}, (2.32473e-07, 0.0666784, 0.933321, 3.78988e-08))
({x1, x8}, (1.43524e-19, 0.0666784, 0.933322, 2.25184e-18))
({x1, x9}, (2.32275e-07, 0.0666784, 0.933321, 3.71788e-08))
({x2, x3}, (3.21036e-18, 0.0666784, 0.933322, 5.78401e-19))
({x2, x4}, (0.933322, 9.28244e-33, 1.87158e-32, 0.0666784))
({x2, x5}, (0.933322, 3.80595e-26, 2.10201e-23, 0.0666784))
({x2, x6}, (1.03926e-10, 0.0666784, 0.933322, 1.77379e-12))
({x2, x7}, (2.32473e-07, 0.0666784, 0.933321, 3.78988e-08))
({x2, x8}, (1.43263e-19, 0.0666784, 0.933322, 7.19243e-20))
({x2, x9}, (2.32275e-07, 0.0666784, 0.933321, 3.71788e-08))
({x3, x4}, (3.21036e-18, 0.933322, 0.0666784, 5.78401e-19))
({x3, x5}, (3.21036e-18, 0.933322, 0.0666784, 5.78422e-19))
({x3, x6}, (0.0666784, 1.03926e-10, 1.7738e-12, 0.933322))
({x3, x7}, (0.0666784, 2.32473e-07, 3.78988e-08, 0.933321))
({x3, x8}, (0.0666784, 7.21664e-19, 3.28229e-18, 0.933322))
({x3, x9}, (0.0666784, 2.32275e-07, 3.71788e-08, 0.933321))
({x4, x5}, (0.933322, 3.80596e-26, 2.10201e-23, 0.0666784))
({x4, x6}, (1.03926e-10, 0.0666784, 0.933322, 1.77379e-12))
({x4, x7}, (2.32473e-07, 0.0666784, 0.933321, 3.78988e-08))
({x4, x8}, (1.43263e-19, 0.0666784, 0.933322, 7.19243e-20))
({x4, x9}, (2.32275e-07, 0.0666784, 0.933321, 3.71788e-08))
({x5, x6}, (1.03926e-10, 0.0666784, 0.933322, 1.77379e-12))
({x5, x7}, (2.32473e-07, 0.0666784, 0.933321, 3.78988e-08))
({x5, x8}, (1.43263e-19, 0.0666784, 0.933322, 7.19453e-20))
({x5, x9}, (2.32275e-07, 0.0666784, 0.933321, 3.71788e-08))
({x6, x7}, (0.0666784, 2.32474e-07, 3.80027e-08, 0.933321))
({x6, x8}, (0.0666784, 1.77379e-12, 1.03926e-10, 0.933322))
({x6, x9}, (0.0666784, 2.32276e-07, 3.72826e-08, 0.933321))
({x7, x8}, (0.0666784, 3.78988e-08, 2.32473e-07, 0.933321))
({x7, x9}, (0.0666786, 8.09648e-10, 2.87542e-10, 0.933321))
({x8, x9}, (0.0666784, 2.32275e-07, 3.71788e-08, 0.933321))
Exact log partition sum: 151.874
Exact MAP variable marginals:
({x0}, (0.933322, 0.0666784))
({x1}, (0.933322, 0.0666784))
({x2}, (0.933322, 0.0666784))
({x3}, (0.0666784, 0.933322))
({x4}, (0.933322, 0.0666784))
({x5}, (0.933322, 0.0666784))
({x6}, (0.0666784, 0.933322))
({x7}, (0.0666784, 0.933322))
({x8}, (0.0666784, 0.933322))
({x9}, (0.0666784, 0.933322))
Exact MAP factor marginals:
({x0}, (0.933322, 0.0666784)) == ({x0}, (0.933322, 0.0666784))
({x1}, (0.933322, 0.0666784)) == ({x1}, (0.933322, 0.0666784))
({x2}, (0.933322, 0.0666784)) == ({x2}, (0.933322, 0.0666784))
({x3}, (0.0666784, 0.933322)) == ({x3}, (0.0666784, 0.933322))
({x4}, (0.933322, 0.0666784)) == ({x4}, (0.933322, 0.0666784))
({x5}, (0.933322, 0.0666784)) == ({x5}, (0.933322, 0.0666784))
({x6}, (0.0666784, 0.933322)) == ({x6}, (0.0666784, 0.933322))
({x7}, (0.0666784, 0.933322)) == ({x7}, (0.0666784, 0.933322))
({x8}, (0.0666784, 0.933322)) == ({x8}, (0.0666784, 0.933322))
({x9}, (0.0666784, 0.933322)) == ({x9}, (0.0666784, 0.933322))
({x0, x1}, (0.933322, 2.21974e-22, 2.15923e-18, 0.0666784)) == ({x0, x1}, (0.933322, 2.21974e-22, 2.15923e-18, 0.0666784))
({x0, x2}, (0.933322, 2.15742e-25, 2.97087e-26, 0.0666784)) == ({x0, x2}, (0.933322, 2.15742e-25, 2.97087e-26, 0.0666784))
({x0, x3}, (3.21032e-18, 0.0666784, 0.933322, 5.78401e-19)) == ({x0, x3}, (3.21032e-18, 0.0666784, 0.933322, 5.78401e-19))
({x0, x4}, (0.933322, 2.15742e-25, 2.97087e-26, 0.0666784)) == ({x0, x4}, (0.933322, 2.15742e-25, 2.97087e-26, 0.0666784))
({x0, x5}, (0.933322, 2.15742e-25, 2.10198e-23, 0.0666784)) == ({x0, x5}, (0.933322, 2.15742e-25, 2.10198e-23, 0.0666784))
({x0, x6}, (1.0383e-10, 0.0666784, 0.933322, 1.77369e-12)) == ({x0, x6}, (1.0383e-10, 0.0666784, 0.933322, 1.77369e-12))
({x0, x7}, (2.32185e-07, 0.0666784, 0.933321, 3.71784e-08)) == ({x0, x7}, (2.32185e-07, 0.0666784, 0.933321, 3.71784e-08))
({x0, x8}, (1.43253e-19, 0.0666784, 0.933322, 7.17534e-20)) == ({x0, x8}, (1.43253e-19, 0.0666784, 0.933322, 7.17534e-20))
({x0, x9}, (2.32185e-07, 0.0666784, 0.933321, 3.71784e-08)) == ({x0, x9}, (2.32185e-07, 0.0666784, 0.933321, 3.71784e-08))
({x1, x2}, (0.933322, 2.15923e-18, 2.21974e-22, 0.0666784)) == ({x1, x2}, (0.933322, 2.15923e-18, 2.21974e-22, 0.0666784))
({x1, x3}, (3.21032e-18, 0.0666784, 0.933322, 2.15923e-18)) == ({x1, x3}, (3.21032e-18, 0.0666784, 0.933322, 2.15923e-18))
({x1, x4}, (0.933322, 2.15923e-18, 2.21974e-22, 0.0666784)) == ({x1, x4}, (0.933322, 2.15923e-18, 2.21974e-22, 0.0666784))
({x1, x5}, (0.933322, 2.15923e-18, 2.21974e-22, 0.0666784)) == ({x1, x5}, (0.933322, 2.15923e-18, 2.21974e-22, 0.0666784))
({x1, x6}, (1.0383e-10, 0.0666784, 0.933322, 1.77369e-12)) == ({x1, x6}, (1.0383e-10, 0.0666784, 0.933322, 1.77369e-12))
({x1, x7}, (2.32185e-07, 0.0666784, 0.933321, 3.71784e-08)) == ({x1, x7}, (2.32185e-07, 0.0666784, 0.933321, 3.71784e-08))
({x1, x8}, (1.43253e-19, 0.0666784, 0.933322, 2.15923e-18)) == ({x1, x8}, (1.43253e-19, 0.0666784, 0.933322, 2.15923e-18))
({x1, x9}, (2.32185e-07, 0.0666784, 0.933321, 3.71784e-08)) == ({x1, x9}, (2.32185e-07, 0.0666784, 0.933321, 3.71784e-08))
({x2, x3}, (3.21032e-18, 0.0666784, 0.933322, 5.78401e-19)) == ({x2, x3}, (3.21032e-18, 0.0666784, 0.933322, 5.78401e-19))
({x2, x4}, (0.933322, 5.48169e-33, 8.40213e-33, 0.0666784)) == ({x2, x4}, (0.933322, 5.48169e-33, 8.40213e-33, 0.0666784))
({x2, x5}, (0.933322, 3.804e-26, 2.10198e-23, 0.0666784)) == ({x2, x5}, (0.933322, 3.804e-26, 2.10198e-23, 0.0666784))
({x2, x6}, (1.0383e-10, 0.0666784, 0.933322, 1.77369e-12)) == ({x2, x6}, (1.0383e-10, 0.0666784, 0.933322, 1.77369e-12))
({x2, x7}, (2.32185e-07, 0.0666784, 0.933321, 3.71784e-08)) == ({x2, x7}, (2.32185e-07, 0.0666784, 0.933321, 3.71784e-08))
({x2, x8}, (1.43253e-19, 0.0666784, 0.933322, 7.17534e-20)) == ({x2, x8}, (1.43253e-19, 0.0666784, 0.933322, 7.17534e-20))
({x2, x9}, (2.32185e-07, 0.0666784, 0.933321, 3.71784e-08)) == ({x2, x9}, (2.32185e-07, 0.0666784, 0.933321, 3.71784e-08))
({x3, x4}, (3.21032e-18, 0.933322, 0.0666784, 5.78401e-19)) == ({x3, x4}, (3.21032e-18, 0.933322, 0.0666784, 5.78401e-19))
({x3, x5}, (3.21032e-18, 0.933322, 0.0666784, 5.78401e-19)) == ({x3, x5}, (3.21032e-18, 0.933322, 0.0666784, 5.78401e-19))
({x3, x6}, (0.0666784, 1.0383e-10, 1.77369e-12, 0.933322)) == ({x3, x6}, (0.0666784, 1.0383e-10, 1.77369e-12, 0.933322))
({x3, x7}, (0.0666784, 2.32185e-07, 3.71784e-08, 0.933321)) == ({x3, x7}, (0.0666784, 2.32185e-07, 3.71784e-08, 0.933321))
({x3, x8}, (0.0666784, 5.78401e-19, 3.21032e-18, 0.933322)) == ({x3, x8}, (0.0666784, 5.78401e-19, 3.21032e-18, 0.933322))
({x3, x9}, (0.0666784, 2.32185e-07, 3.71784e-08, 0.933321)) == ({x3, x9}, (0.0666784, 2.32185e-07, 3.71784e-08, 0.933321))
({x4, x5}, (0.933322, 3.804e-26, 2.10198e-23, 0.0666784)) == ({x4, x5}, (0.933322, 3.804e-26, 2.10198e-23, 0.0666784))
({x4, x6}, (1.0383e-10, 0.0666784, 0.933322, 1.77369e-12)) == ({x4, x6}, (1.0383e-10, 0.0666784, 0.933322, 1.77369e-12))
({x4, x7}, (2.32185e-07, 0.0666784, 0.933321, 3.71784e-08)) == ({x4, x7}, (2.32185e-07, 0.0666784, 0.933321, 3.71784e-08))
({x4, x8}, (1.43253e-19, 0.0666784, 0.933322, 7.17534e-20)) == ({x4, x8}, (1.43253e-19, 0.0666784, 0.933322, 7.17534e-20))
({x4, x9}, (2.32185e-07, 0.0666784, 0.933321, 3.71784e-08)) == ({x4, x9}, (2.32185e-07, 0.0666784, 0.933321, 3.71784e-08))
({x5, x6}, (1.0383e-10, 0.0666784, 0.933322, 1.77369e-12)) == ({x5, x6}, (1.0383e-10, 0.0666784, 0.933322, 1.77369e-12))
({x5, x7}, (2.32185e-07, 0.0666784, 0.933321, 3.71784e-08)) == ({x5, x7}, (2.32185e-07, 0.0666784, 0.933321, 3.71784e-08))
({x5, x8}, (1.43253e-19, 0.0666784, 0.933322, 7.17534e-20)) == ({x5, x8}, (1.43253e-19, 0.0666784, 0.933322, 7.17534e-20))
({x5, x9}, (2.32185e-07, 0.0666784, 0.933321, 3.71784e-08)) == ({x5, x9}, (2.32185e-07, 0.0666784, 0.933321, 3.71784e-08))
({x6, x7}, (0.0666784, 2.32185e-07, 3.71784e-08, 0.933321)) == ({x6, x7}, (0.0666784, 2.32185e-07, 3.71784e-08, 0.933321))
({x6, x8}, (0.0666784, 1.77369e-12, 1.0383e-10, 0.933322)) == ({x6, x8}, (0.0666784, 1.77369e-12, 1.0383e-10, 0.933322))
({x6, x9}, (0.0666784, 2.32185e-07, 3.71784e-08, 0.933321)) == ({x6, x9}, (0.0666784, 2.32185e-07, 3.71784e-08, 0.933321))
({x7, x8}, (0.0666784, 3.71784e-08, 2.32185e-07, 0.933321)) == ({x7, x8}, (0.0666784, 3.71784e-08, 2.32185e-07, 0.933321))
({x7, x9}, (0.0666784, 7.20386e-10, 2.87136e-10, 0.933322)) == ({x7, x9}, (0.0666784, 7.20386e-10, 2.87136e-10, 0.933322))
({x8, x9}, (0.0666784, 2.32185e-07, 3.71784e-08, 0.933321)) == ({x8, x9}, (0.0666784, 2.32185e-07, 3.71784e-08, 0.933321))
Exact MAP state (log score = 151.805):
x0: 0
x1: 0
x2: 0
x3: 1
x4: 0
x5: 0
x6: 1
x7: 1
x8: 1
x9: 1
