Builtin inference algorithms: {BP, EXACT, FBP, JTREE, TRWBP}

Exact variable marginals:
({x0}, (0.438853, 0.561147))
({x1}, (0.255571, 0.744429))
({x2}, (0.375767, 0.624233))
({x3}, (0.864629, 0.135371))
({x4}, (0.204814, 0.795186))
({x5}, (0.615741, 0.384259))
({x6}, (0.445841, 0.554159))
({x7}, (0.464242, 0.535758))
({x8}, (0.802901, 0.197099))
({x9}, (0.567876, 0.432124))
Exact factor marginals:
({x0}, (0.438853, 0.561147))
({x1}, (0.255571, 0.744429))
({x2}, (0.375767, 0.624233))
({x3}, (0.864629, 0.135371))
({x4}, (0.204814, 0.795186))
({x5}, (0.615741, 0.384259))
({x6}, (0.445841, 0.554159))
({x7}, (0.464242, 0.535758))
({x8}, (0.802901, 0.197099))
({x9}, (0.567876, 0.432124))
({x0, x1}, (0.217584, 0.0379878, 0.22127, 0.523159))
({x0, x2}, (0.271244, 0.104523, 0.167609, 0.456624))
({x0, x3}, (0.419332, 0.445297, 0.0195211, 0.115849))
({x0, x4}, (0.0237828, 0.181031, 0.41507, 0.380115))
({x0, x5}, (0.374147, 0.241595, 0.0647068, 0.319552))
({x0, x6}, (0.201212, 0.244629, 0.237642, 0.316517))
({x0, x7}, (0.0710459, 0.393196, 0.367807, 0.167951))
({x0, x8}, (0.408091, 0.394811, 0.0307627, 0.166336))
({x0, x9}, (0.0864524, 0.481424, 0.352401, 0.0797227))
({x1, x2}, (0.192004, 0.183764, 0.0635679, 0.560665))
({x1, x3}, (0.222817, 0.641812, 0.0327541, 0.102617))
({x1, x4}, (0.0276511, 0.177163, 0.22792, 0.567266))
({x1, x5}, (0.21407, 0.401671, 0.041501, 0.342758))
({x1, x6}, (0.0851804, 0.360661, 0.170391, 0.383768))
({x1, x7}, (0.0464647, 0.417777, 0.209107, 0.326651))
({x1, x8}, (0.234552, 0.56835, 0.0210198, 0.176079))
({x1, x9}, (0.0402254, 0.527651, 0.215346, 0.216777))
({x2, x3}, (0.331511, 0.533119, 0.0442567, 0.091114))
({x2, x4}, (0.0293459, 0.175468, 0.346421, 0.448764))
({x2, x5}, (0.337969, 0.277772, 0.0377986, 0.34646))
({x2, x6}, (0.163185, 0.282656, 0.212583, 0.341576))
({x2, x7}, (0.102934, 0.361308, 0.272833, 0.262925))
({x2, x8}, (0.353372, 0.44953, 0.0223957, 0.174703))
({x2, x9}, (0.0923026, 0.475574, 0.283465, 0.148659))
({x3, x4}, (0.129703, 0.0751109, 0.734926, 0.0602597))
({x3, x5}, (0.543068, 0.0726731, 0.321561, 0.0626975))
({x3, x6}, (0.384905, 0.0609364, 0.479725, 0.0744343))
({x3, x7}, (0.350857, 0.113385, 0.513773, 0.0219856))
({x3, x8}, (0.73718, 0.0657216, 0.12745, 0.069649))
({x3, x9}, (0.46534, 0.102537, 0.39929, 0.0328339))
({x4, x5}, (0.0403345, 0.575407, 0.16448, 0.219779))
({x4, x6}, (0.146914, 0.298927, 0.0579001, 0.496259))
({x4, x7}, (0.162522, 0.30172, 0.0422921, 0.493466))
({x4, x8}, (0.099008, 0.703893, 0.105806, 0.0912928))
({x4, x9}, (0.161018, 0.406859, 0.0437962, 0.388327))
({x5, x6}, (0.205578, 0.240263, 0.410163, 0.143996))
({x5, x7}, (0.195243, 0.268999, 0.420498, 0.11526))
({x5, x8}, (0.573642, 0.229259, 0.0420988, 0.155))
({x5, x9}, (0.244636, 0.32324, 0.371105, 0.0610189))
({x6, x7}, (0.232519, 0.231723, 0.213322, 0.322436))
({x6, x8}, (0.316902, 0.486, 0.128939, 0.0681595))
({x6, x9}, (0.238447, 0.32943, 0.207394, 0.22473))
({x7, x8}, (0.311858, 0.491043, 0.152384, 0.0447147))
({x7, x9}, (0.386618, 0.181259, 0.0776244, 0.354499))
({x8, x9}, (0.41771, 0.150166, 0.385191, 0.0469323))
Exact log partition sum: 11.3507
Exact MAP variable marginals:
({x0}, (0.653158, 0.346842))
({x1}, (0.653158, 0.346842))
({x2}, (0.653158, 0.346842))
({x3}, (0.77386, 0.22614))
({x4}, (0.247071, 0.752929))
({x5}, (0.699397, 0.300603))
({x6}, (0.326166, 0.673834))
({x7}, (0.346842, 0.653158))
({x8}, (0.752929, 0.247071))
({x9}, (0.346842, 0.653158))
Exact MAP factor marginals:
({x0}, (0.653158, 0.346842)) == ({x0}, (0.653158, 0.346842))
({x1}, (0.653158, 0.346842)) == ({x1}, (0.653158, 0.346842))
({x2}, (0.653158, 0.346842)) == ({x2}, (0.653158, 0.346842))
({x3}, (0.77386, 0.22614)) == ({x3}, (0.77386, 0.22614))
({x4}, (0.247071, 0.752929)) == ({x4}, (0.247071, 0.752929))
({x5}, (0.699397, 0.300603)) == ({x5}, (0.699397, 0.300603))
({x6}, (0.326166, 0.673834)) == ({x6}, (0.326166, 0.673834))
({x7}, (0.346842, 0.653158)) == ({x7}, (0.346842, 0.653158))
({x8}, (0.752929, 0.247071)) == ({x8}, (0.752929, 0.247071))
({x9}, (0.346842, 0.653158)) == ({x9}, (0.346842, 0.653158))
({x0, x1}, (0.487056, 0.0185488, 0.235757, 0.258639)) == ({x0, x1}, (0.487056, 0.0185488, 0.235757, 0.258639))
({x0, x2}, (0.507324, 0.0867887, 0.136486, 0.269401)) == ({x0, x2}, (0.507324, 0.0867887, 0.136486, 0.269401))
({x0, x3}, (0.532136, 0.282577, 0.029784, 0.155502)) == ({x0, x3}, (0.532136, 0.282577, 0.029784, 0.155502))
({x0, x4}, (0.0113205, 0.174504, 0.531785, 0.282391)) == ({x0, x4}, (0.0113205, 0.174504, 0.531785, 0.282391))
({x0, x5}, (0.494257, 0.262462, 0.0308477, 0.212433)) == ({x0, x5}, (0.494257, 0.262462, 0.0308477, 0.212433))
({x0, x6}, (0.205003, 0.146575, 0.423521, 0.2249)) == ({x0, x6}, (0.205003, 0.146575, 0.423521, 0.2249))
({x0, x7}, (0.0418201, 0.257164, 0.484279, 0.216738)) == ({x0, x7}, (0.0418201, 0.257164, 0.484279, 0.216738))
({x0, x8}, (0.530217, 0.281558, 0.0142355, 0.173989)) == ({x0, x8}, (0.530217, 0.281558, 0.0142355, 0.173989))
({x0, x9}, (0.105883, 0.292774, 0.551338, 0.0500043)) == ({x0, x9}, (0.105883, 0.292774, 0.551338, 0.0500043))
({x1, x2}, (0.449135, 0.217401, 0.0949616, 0.238502)) == ({x1, x2}, (0.449135, 0.217401, 0.0949616, 0.238502))
({x1, x3}, (0.532136, 0.282577, 0.029784, 0.155502)) == ({x1, x3}, (0.532136, 0.282577, 0.029784, 0.155502))
({x1, x4}, (0.0113205, 0.174504, 0.531785, 0.282391)) == ({x1, x4}, (0.0113205, 0.174504, 0.531785, 0.282391))
({x1, x5}, (0.497854, 0.264373, 0.0237947, 0.213979)) == ({x1, x5}, (0.497854, 0.264373, 0.0237947, 0.213979))
({x1, x6}, (0.192392, 0.193997, 0.400784, 0.212826)) == ({x1, x6}, (0.192392, 0.193997, 0.400784, 0.212826))
({x1, x7}, (0.0315922, 0.255201, 0.480583, 0.232624)) == ({x1, x7}, (0.0315922, 0.255201, 0.480583, 0.232624))
({x1, x8}, (0.532502, 0.282771, 0.00998785, 0.174739)) == ({x1, x8}, (0.532502, 0.282771, 0.00998785, 0.174739))
({x1, x9}, (0.0239931, 0.257204, 0.484354, 0.234449)) == ({x1, x9}, (0.0239931, 0.257204, 0.484354, 0.234449))
({x2, x3}, (0.527582, 0.280159, 0.0380868, 0.154172)) == ({x2, x3}, (0.527582, 0.280159, 0.0380868, 0.154172))
({x2, x4}, (0.0113205, 0.174504, 0.531785, 0.282391)) == ({x2, x4}, (0.0113205, 0.174504, 0.531785, 0.282391))
({x2, x5}, (0.497854, 0.264373, 0.0237947, 0.213979)) == ({x2, x5}, (0.497854, 0.264373, 0.0237947, 0.213979))
({x2, x6}, (0.205003, 0.146575, 0.423521, 0.2249)) == ({x2, x6}, (0.205003, 0.146575, 0.423521, 0.2249))
({x2, x7}, (0.0795814, 0.247029, 0.465193, 0.208196)) == ({x2, x7}, (0.0795814, 0.247029, 0.465193, 0.208196))
({x2, x8}, (0.533101, 0.28309, 0.00887329, 0.174936)) == ({x2, x8}, (0.533101, 0.28309, 0.00887329, 0.174936))
({x2, x9}, (0.0867887, 0.269401, 0.507324, 0.136486)) == ({x2, x9}, (0.0867887, 0.269401, 0.507324, 0.136486))
({x3, x4}, (0.189821, 0.16904, 0.578463, 0.0626758)) == ({x3, x4}, (0.189821, 0.16904, 0.578463, 0.0626758))
({x3, x5}, (0.546336, 0.059195, 0.234817, 0.159652)) == ({x3, x5}, (0.546336, 0.059195, 0.234817, 0.159652))
({x3, x6}, (0.25684, 0.155057, 0.530612, 0.0574912)) == ({x3, x6}, (0.25684, 0.155057, 0.530612, 0.0574912))
({x3, x7}, (0.282577, 0.155502, 0.532136, 0.029784)) == ({x3, x7}, (0.282577, 0.155502, 0.532136, 0.029784))
({x3, x8}, (0.578463, 0.0626758, 0.189821, 0.16904)) == ({x3, x8}, (0.578463, 0.0626758, 0.189821, 0.16904))
({x3, x9}, (0.282577, 0.155502, 0.532136, 0.029784)) == ({x3, x9}, (0.282577, 0.155502, 0.532136, 0.029784))
({x4, x5}, (0.0201181, 0.5574, 0.182909, 0.239572)) == ({x4, x5}, (0.0201181, 0.5574, 0.182909, 0.239572))
({x4, x6}, (0.171262, 0.252626, 0.0542066, 0.521906)) == ({x4, x6}, (0.171262, 0.252626, 0.0542066, 0.521906))
({x4, x7}, (0.170348, 0.275666, 0.034865, 0.519121)) == ({x4, x7}, (0.170348, 0.275666, 0.034865, 0.519121))
({x4, x8}, (0.16925, 0.543238, 0.178262, 0.10925)) == ({x4, x8}, (0.16925, 0.543238, 0.178262, 0.10925))
({x4, x9}, (0.172362, 0.278926, 0.0234521, 0.52526)) == ({x4, x9}, (0.172362, 0.278926, 0.0234521, 0.52526))
({x5, x6}, (0.214185, 0.15314, 0.442491, 0.190184)) == ({x5, x6}, (0.214185, 0.15314, 0.442491, 0.190184))
({x5, x7}, (0.240946, 0.195018, 0.453738, 0.110298)) == ({x5, x7}, (0.240946, 0.195018, 0.453738, 0.110298))
({x5, x8}, (0.554556, 0.23835, 0.0251177, 0.181976)) == ({x5, x8}, (0.554556, 0.23835, 0.0251177, 0.181976))
({x5, x9}, (0.26379, 0.213507, 0.496757, 0.0259461)) == ({x5, x9}, (0.26379, 0.213507, 0.496757, 0.0259461))
({x6, x7}, (0.146575, 0.2249, 0.205003, 0.423521)) == ({x6, x7}, (0.146575, 0.2249, 0.205003, 0.423521))
({x6, x8}, (0.246893, 0.510062, 0.167376, 0.0756691)) == ({x6, x8}, (0.246893, 0.510062, 0.167376, 0.0756691))
({x6, x9}, (0.146575, 0.2249, 0.205003, 0.423521)) == ({x6, x9}, (0.146575, 0.2249, 0.205003, 0.423521))
({x7, x8}, (0.278646, 0.524734, 0.17219, 0.0244299)) == ({x7, x8}, (0.278646, 0.524734, 0.17219, 0.0244299))
({x7, x9}, (0.257164, 0.216738, 0.0418201, 0.484279)) == ({x7, x9}, (0.257164, 0.216738, 0.0418201, 0.484279))
({x8, x9}, (0.278926, 0.172362, 0.52526, 0.0234521)) == ({x8, x9}, (0.278926, 0.172362, 0.52526, 0.0234521))
Exact MAP state (log score = 8.89551):
x0: 0
x1: 0
x2: 0
x3: 0
x4: 1
x5: 0
x6: 1
x7: 1
x8: 0
x9: 1
