Builtin inference algorithms: {BP, EXACT, FBP, JTREE, TRWBP}

Exact variable marginals:
({x0}, (0.121847, 0.878153))
({x1}, (0.121847, 0.878153))
({x2}, (0.883409, 0.116591))
({x3}, (0.374213, 0.625787))
({x4}, (0.7984, 0.2016))
({x5}, (0.20112, 0.79888))
({x6}, (0.121847, 0.878153))
({x7}, (0.156441, 0.843559))
({x8}, (0.121847, 0.878153))
({x9}, (0.129058, 0.870942))
Exact factor marginals:
({x0}, (0.121847, 0.878153))
({x1}, (0.121847, 0.878153))
({x2}, (0.883409, 0.116591))
({x3}, (0.374213, 0.625787))
({x4}, (0.7984, 0.2016))
({x5}, (0.20112, 0.79888))
({x6}, (0.121847, 0.878153))
({x7}, (0.156441, 0.843559))
({x8}, (0.121847, 0.878153))
({x9}, (0.129058, 0.870942))
({x0, x1}, (0.121847, 1.30418e-08, 5.73236e-10, 0.878153))
({x0, x2}, (0.0494909, 0.833918, 0.0723558, 0.0442348))
({x0, x3}, (0.0547653, 0.319448, 0.0670815, 0.558705))
({x0, x4}, (0.00754432, 0.790856, 0.114302, 0.0872975))
({x0, x5}, (0.114398, 0.0867221, 0.00744873, 0.791431))
({x0, x6}, (0.121847, 9.47086e-09, 3.70476e-10, 0.878153))
({x0, x7}, (0.121723, 0.0347176, 0.000123596, 0.843436))
({x0, x8}, (0.121847, 9.16523e-09, 4.0025e-10, 0.878153))
({x0, x9}, (0.114922, 0.0141358, 0.00692498, 0.864017))
({x1, x2}, (0.0494909, 0.833918, 0.0723558, 0.0442348))
({x1, x3}, (0.0547653, 0.319448, 0.0670815, 0.558705))
({x1, x4}, (0.00754432, 0.790856, 0.114302, 0.0872974))
({x1, x5}, (0.114398, 0.0867221, 0.00744873, 0.791431))
({x1, x6}, (0.121847, 2.0317e-10, 3.57131e-09, 0.878153))
({x1, x7}, (0.121723, 0.0347176, 0.0001236, 0.843436))
({x1, x8}, (0.121847, 3.4482e-10, 4.04836e-09, 0.878153))
({x1, x9}, (0.114922, 0.0141358, 0.00692498, 0.864017))
({x2, x3}, (0.275213, 0.0990001, 0.608196, 0.0175905))
({x2, x4}, (0.746621, 0.0517791, 0.136788, 0.0648115))
({x2, x5}, (0.136213, 0.0649071, 0.747196, 0.0516835))
({x2, x6}, (0.0494909, 0.0723558, 0.833918, 0.0442348))
({x2, x7}, (0.0842063, 0.0722345, 0.799203, 0.0443561))
({x2, x8}, (0.0494909, 0.0723558, 0.833918, 0.0442348))
({x2, x9}, (0.0636268, 0.0654308, 0.819783, 0.0511598))
({x3, x4}, (0.251862, 0.546538, 0.122351, 0.0792487))
({x3, x5}, (0.121777, 0.0793435, 0.252436, 0.546443))
({x3, x6}, (0.0547653, 0.0670815, 0.319448, 0.558705))
({x3, x7}, (0.0894829, 0.0669579, 0.28473, 0.558829))
({x3, x8}, (0.0547653, 0.0670815, 0.319448, 0.558705))
({x3, x9}, (0.0492053, 0.0798523, 0.325008, 0.545935))
({x4, x5}, (9.61179e-05, 0.201024, 0.798304, 0.00057586))
({x4, x6}, (0.00754432, 0.114302, 0.790856, 0.0872974))
({x4, x7}, (0.00757229, 0.148868, 0.790828, 0.0527314))
({x4, x8}, (0.00754432, 0.114302, 0.790856, 0.0872974))
({x4, x9}, (0.000619337, 0.128438, 0.797781, 0.0731616))
({x5, x6}, (0.114398, 0.00744873, 0.0867221, 0.791431))
({x5, x7}, (0.148662, 0.00777913, 0.0524585, 0.791101))
({x5, x8}, (0.114398, 0.00744873, 0.0867221, 0.791431))
({x5, x9}, (0.128534, 0.000523754, 0.0725863, 0.798356))
({x6, x7}, (0.121723, 0.0347176, 0.000123596, 0.843436))
({x6, x8}, (0.121847, 1.41661e-10, 4.77065e-10, 0.878153))
({x6, x9}, (0.114922, 0.0141358, 0.00692498, 0.864017))
({x7, x8}, (0.121723, 0.000123596, 0.0347176, 0.843436))
({x7, x9}, (0.114837, 0.0142207, 0.0416038, 0.829339))
({x8, x9}, (0.114922, 0.0141358, 0.00692498, 0.864017))
Exact log partition sum: 60.4471
Exact MAP variable marginals:
({x0}, (0.0831788, 0.916821))
({x1}, (0.0831788, 0.916821))
({x2}, (0.918719, 0.0812806))
({x3}, (0.269234, 0.730766))
({x4}, (0.916821, 0.0831788))
({x5}, (0.0831788, 0.916821))
({x6}, (0.0831788, 0.916821))
({x7}, (0.0831788, 0.916821))
({x8}, (0.0831788, 0.916821))
({x9}, (0.0831788, 0.916821))
Exact MAP factor marginals:
({x0}, (0.0831788, 0.916821)) == ({x0}, (0.0831788, 0.916821))
({x1}, (0.0831788, 0.916821)) == ({x1}, (0.0831788, 0.916821))
({x2}, (0.918719, 0.0812806)) == ({x2}, (0.918719, 0.0812806))
({x3}, (0.269234, 0.730766)) == ({x3}, (0.269234, 0.730766))
({x4}, (0.916821, 0.0831788)) == ({x4}, (0.916821, 0.0831788))
({x5}, (0.0831788, 0.916821)) == ({x5}, (0.0831788, 0.916821))
({x6}, (0.0831788, 0.916821)) == ({x6}, (0.0831788, 0.916821))
({x7}, (0.0831788, 0.916821)) == ({x7}, (0.0831788, 0.916821))
({x8}, (0.0831788, 0.916821)) == ({x8}, (0.0831788, 0.916821))
({x9}, (0.0831788, 0.916821)) == ({x9}, (0.0831788, 0.916821))
({x0, x1}, (0.0831788, 1.52179e-08, 5.70062e-10, 0.916821)) == ({x0, x1}, (0.0831788, 1.52179e-08, 5.70062e-10, 0.916821))
({x0, x2}, (0.0719879, 0.793472, 0.0701997, 0.0643406)) == ({x0, x2}, (0.0719879, 0.793472, 0.0701997, 0.0643406))
({x0, x3}, (0.0571661, 0.23806, 0.0586223, 0.646152)) == ({x0, x3}, (0.0571661, 0.23806, 0.0586223, 0.646152))
({x0, x4}, (0.0101652, 0.852591, 0.0773515, 0.0598922)) == ({x0, x4}, (0.0101652, 0.852591, 0.0773515, 0.0598922))
({x0, x5}, (0.0773515, 0.0598922, 0.0101652, 0.852591)) == ({x0, x5}, (0.0773515, 0.0598922, 0.0101652, 0.852591))
({x0, x6}, (0.0831788, 1.52179e-08, 5.70062e-10, 0.916821)) == ({x0, x6}, (0.0831788, 1.52179e-08, 5.70062e-10, 0.916821))
({x0, x7}, (0.078639, 0.0544246, 0.000154215, 0.866782)) == ({x0, x7}, (0.078639, 0.0544246, 0.000154215, 0.866782))
({x0, x8}, (0.0831788, 1.52179e-08, 5.70062e-10, 0.916821)) == ({x0, x8}, (0.0831788, 1.52179e-08, 5.70062e-10, 0.916821))
({x0, x9}, (0.0805136, 0.0214614, 0.0105807, 0.887444)) == ({x0, x9}, (0.0805136, 0.0214614, 0.0105807, 0.887444))
({x1, x2}, (0.0719879, 0.793472, 0.0701997, 0.0643406)) == ({x1, x2}, (0.0719879, 0.793472, 0.0701997, 0.0643406))
({x1, x3}, (0.0571661, 0.23806, 0.0586223, 0.646152)) == ({x1, x3}, (0.0571661, 0.23806, 0.0586223, 0.646152))
({x1, x4}, (0.0101652, 0.852591, 0.0773515, 0.0598922)) == ({x1, x4}, (0.0101652, 0.852591, 0.0773515, 0.0598922))
({x1, x5}, (0.0773515, 0.0598922, 0.0101652, 0.852591)) == ({x1, x5}, (0.0773515, 0.0598922, 0.0101652, 0.852591))
({x1, x6}, (0.0831788, 3.40907e-10, 5.9892e-09, 0.916821)) == ({x1, x6}, (0.0831788, 3.40907e-10, 5.9892e-09, 0.916821))
({x1, x7}, (0.078639, 0.0544246, 0.000154215, 0.866782)) == ({x1, x7}, (0.078639, 0.0544246, 0.000154215, 0.866782))
({x1, x8}, (0.0831788, 3.40907e-10, 5.9892e-09, 0.916821)) == ({x1, x8}, (0.0831788, 3.40907e-10, 5.9892e-09, 0.916821))
({x1, x9}, (0.0805136, 0.0214614, 0.0105807, 0.887444)) == ({x1, x9}, (0.0805136, 0.0214614, 0.0105807, 0.887444))
({x2, x3}, (0.247727, 0.0594874, 0.67239, 0.0203965)) == ({x2, x3}, (0.247727, 0.0594874, 0.67239, 0.0203965))
({x2, x4}, (0.793472, 0.0643406, 0.0719879, 0.0701997)) == ({x2, x4}, (0.793472, 0.0643406, 0.0719879, 0.0701997))
({x2, x5}, (0.0719879, 0.0701997, 0.793472, 0.0643406)) == ({x2, x5}, (0.0719879, 0.0701997, 0.793472, 0.0643406))
({x2, x6}, (0.0719879, 0.0701997, 0.793472, 0.0643406)) == ({x2, x6}, (0.0719879, 0.0701997, 0.793472, 0.0643406))
({x2, x7}, (0.0719879, 0.0701997, 0.793472, 0.0643406)) == ({x2, x7}, (0.0719879, 0.0701997, 0.793472, 0.0643406))
({x2, x8}, (0.0719879, 0.0701997, 0.793472, 0.0643406)) == ({x2, x8}, (0.0719879, 0.0701997, 0.793472, 0.0643406))
({x2, x9}, (0.0719879, 0.0701997, 0.793472, 0.0643406)) == ({x2, x9}, (0.0719879, 0.0701997, 0.793472, 0.0643406))
({x3, x4}, (0.23806, 0.646152, 0.0571661, 0.0586223)) == ({x3, x4}, (0.23806, 0.646152, 0.0571661, 0.0586223))
({x3, x5}, (0.0571661, 0.0586223, 0.23806, 0.646152)) == ({x3, x5}, (0.0571661, 0.0586223, 0.23806, 0.646152))
({x3, x6}, (0.0571661, 0.0586223, 0.23806, 0.646152)) == ({x3, x6}, (0.0571661, 0.0586223, 0.23806, 0.646152))
({x3, x7}, (0.0571661, 0.0586223, 0.23806, 0.646152)) == ({x3, x7}, (0.0571661, 0.0586223, 0.23806, 0.646152))
({x3, x8}, (0.0571661, 0.0586223, 0.23806, 0.646152)) == ({x3, x8}, (0.0571661, 0.0586223, 0.23806, 0.646152))
({x3, x9}, (0.0571661, 0.0586223, 0.23806, 0.646152)) == ({x3, x9}, (0.0571661, 0.0586223, 0.23806, 0.646152))
({x4, x5}, (0.000128427, 0.0831274, 0.916254, 0.000489849)) == ({x4, x5}, (0.000128427, 0.0831274, 0.916254, 0.000489849))
({x4, x6}, (0.0101652, 0.0773515, 0.852591, 0.0598922)) == ({x4, x6}, (0.0101652, 0.0773515, 0.852591, 0.0598922))
({x4, x7}, (0.0101652, 0.0773515, 0.852591, 0.0598922)) == ({x4, x7}, (0.0101652, 0.0773515, 0.852591, 0.0598922))
({x4, x8}, (0.0101652, 0.0773515, 0.852591, 0.0598922)) == ({x4, x8}, (0.0101652, 0.0773515, 0.852591, 0.0598922))
({x4, x9}, (0.000673033, 0.0780933, 0.860767, 0.0604665)) == ({x4, x9}, (0.000673033, 0.0780933, 0.860767, 0.0604665))
({x5, x6}, (0.0773515, 0.0101652, 0.0598922, 0.852591)) == ({x5, x6}, (0.0773515, 0.0101652, 0.0598922, 0.852591))
({x5, x7}, (0.0773515, 0.0101652, 0.0598922, 0.852591)) == ({x5, x7}, (0.0773515, 0.0101652, 0.0598922, 0.852591))
({x5, x8}, (0.0773515, 0.0101652, 0.0598922, 0.852591)) == ({x5, x8}, (0.0773515, 0.0101652, 0.0598922, 0.852591))
({x5, x9}, (0.0780933, 0.000673033, 0.0604665, 0.860767)) == ({x5, x9}, (0.0780933, 0.000673033, 0.0604665, 0.860767))
({x6, x7}, (0.078639, 0.0544246, 0.000154215, 0.866782)) == ({x6, x7}, (0.078639, 0.0544246, 0.000154215, 0.866782))
({x6, x8}, (0.0831788, 1.81743e-10, 6.99434e-10, 0.916821)) == ({x6, x8}, (0.0831788, 1.81743e-10, 6.99434e-10, 0.916821))
({x6, x9}, (0.0805136, 0.0214614, 0.0105807, 0.887444)) == ({x6, x9}, (0.0805136, 0.0214614, 0.0105807, 0.887444))
({x7, x8}, (0.078639, 0.000154215, 0.0544246, 0.866782)) == ({x7, x8}, (0.078639, 0.000154215, 0.0544246, 0.866782))
({x7, x9}, (0.0770361, 0.0205344, 0.0533152, 0.849114)) == ({x7, x9}, (0.0770361, 0.0205344, 0.0533152, 0.849114))
({x8, x9}, (0.0805136, 0.0214614, 0.0105807, 0.887444)) == ({x8, x9}, (0.0805136, 0.0214614, 0.0105807, 0.887444))
Exact MAP state (log score = 59.8411):
x0: 1
x1: 1
x2: 0
x3: 1
x4: 0
x5: 1
x6: 1
x7: 1
x8: 1
x9: 1
