Builtin inference algorithms: {BP, EXACT, FBP, JTREE, TRWBP}

Exact variable marginals:
({x0}, (0.965035, 0.0349646))
({x1}, (0.0336099, 0.96639))
({x2}, (0.96639, 0.0336099))
({x3}, (0.0336099, 0.96639))
({x4}, (0.96639, 0.0336099))
({x5}, (0.0844101, 0.91559))
({x6}, (0.966388, 0.0336119))
({x7}, (0.0336099, 0.96639))
({x8}, (0.96639, 0.0336099))
({x9}, (0.0336099, 0.96639))
Exact factor marginals:
({x0}, (0.965035, 0.0349646))
({x1}, (0.0336099, 0.96639))
({x2}, (0.96639, 0.0336099))
({x3}, (0.0336099, 0.96639))
({x4}, (0.96639, 0.0336099))
({x5}, (0.0844101, 0.91559))
({x6}, (0.966388, 0.0336119))
({x7}, (0.0336099, 0.96639))
({x8}, (0.96639, 0.0336099))
({x9}, (0.0336099, 0.96639))
({x0, x1}, (0.000379754, 0.0332301, 0.964656, 0.00173454))
({x0, x2}, (0.964656, 0.00173454, 0.000379754, 0.0332301))
({x0, x3}, (0.000379754, 0.0332301, 0.964656, 0.00173454))
({x0, x4}, (0.964656, 0.00173454, 0.000379754, 0.0332301))
({x0, x5}, (0.0529699, 0.0314402, 0.912065, 0.00352444))
({x0, x6}, (0.964653, 0.0017346, 0.000381905, 0.03323))
({x0, x7}, (0.000379754, 0.0332301, 0.964656, 0.00173454))
({x0, x8}, (0.964656, 0.00173454, 0.000379754, 0.0332301))
({x0, x9}, (0.000379754, 0.0332301, 0.964656, 0.00173454))
({x1, x2}, (1.51451e-16, 0.96639, 0.0336099, 1.19347e-17))
({x1, x3}, (0.0336099, 7.61711e-17, 1.83557e-16, 0.96639))
({x1, x4}, (2.24921e-16, 0.96639, 0.0336099, 6.11225e-17))
({x1, x5}, (0.0297057, 0.0547044, 0.00390419, 0.911686))
({x1, x6}, (5.79504e-08, 0.966388, 0.0336098, 2.15142e-06))
({x1, x7}, (0.0336099, 1.19332e-17, 1.51449e-16, 0.96639))
({x1, x8}, (1.47035e-16, 0.96639, 0.0336099, 1.05981e-17))
({x1, x9}, (0.0336099, 1.10398e-17, 1.4731e-16, 0.96639))
({x2, x3}, (6.43002e-17, 0.0336099, 0.96639, 3.21703e-17))
({x2, x4}, (0.96639, 7.34722e-17, 4.91898e-17, 0.0336099))
({x2, x5}, (0.0547044, 0.0297057, 0.911686, 0.00390419))
({x2, x6}, (0.966388, 5.79504e-08, 2.15142e-06, 0.0336098))
({x2, x7}, (1.34753e-21, 0.0336099, 0.96639, 1.71255e-21))
({x2, x8}, (0.96639, 1.33789e-18, 4.41666e-18, 0.0336099))
({x2, x9}, (4.85829e-18, 0.0336099, 0.96639, 1.61212e-18))
({x3, x4}, (1.3777e-16, 0.96639, 0.0336099, 8.13581e-17))
({x3, x5}, (0.0297057, 0.0547044, 0.00390419, 0.911686))
({x3, x6}, (5.79504e-08, 0.966388, 0.0336098, 2.15142e-06))
({x3, x7}, (0.0336099, 3.21697e-17, 6.43e-17, 0.96639))
({x3, x8}, (6.56361e-17, 0.96639, 0.0336099, 3.6585e-17))
({x3, x9}, (0.0336099, 3.70267e-17, 6.59104e-17, 0.96639))
({x4, x5}, (0.0547044, 0.0297057, 0.911686, 0.00390419))
({x4, x6}, (0.966388, 5.79504e-08, 2.15142e-06, 0.0336098))
({x4, x7}, (7.34717e-17, 0.0336099, 0.96639, 4.91895e-17))
({x4, x8}, (0.96639, 5.05257e-17, 7.7887e-17, 0.0336099))
({x4, x9}, (7.83286e-17, 0.0336099, 0.96639, 5.07999e-17))
({x5, x6}, (0.0547023, 0.911686, 0.0297078, 0.00390415))
({x5, x7}, (0.0297057, 0.00390419, 0.0547044, 0.911686))
({x5, x8}, (0.0547044, 0.911686, 0.0297057, 0.00390419))
({x5, x9}, (0.0297057, 0.00390419, 0.0547044, 0.911686))
({x6, x7}, (5.79504e-08, 0.0336098, 0.966388, 2.15142e-06))
({x6, x8}, (0.966388, 2.15142e-06, 5.79504e-08, 0.0336098))
({x6, x9}, (5.79504e-08, 0.0336098, 0.966388, 2.15142e-06))
({x7, x8}, (1.33618e-18, 0.96639, 0.0336099, 4.41531e-18))
({x7, x9}, (0.0336099, 4.85694e-18, 1.61041e-18, 0.96639))
({x8, x9}, (4.42647e-19, 0.0336099, 0.96639, 2.75249e-19))
Exact log partition sum: 158.644
Exact MAP variable marginals:
({x0}, (0.968445, 0.0315551))
({x1}, (0.0315551, 0.968445))
({x2}, (0.968445, 0.0315551))
({x3}, (0.0315551, 0.968445))
({x4}, (0.968445, 0.0315551))
({x5}, (0.0549086, 0.945091))
({x6}, (0.968445, 0.0315551))
({x7}, (0.0315551, 0.968445))
({x8}, (0.968445, 0.0315551))
({x9}, (0.0315551, 0.968445))
Exact MAP factor marginals:
({x0}, (0.968445, 0.0315551)) == ({x0}, (0.968445, 0.0315551))
({x1}, (0.0315551, 0.968445)) == ({x1}, (0.0315551, 0.968445))
({x2}, (0.968445, 0.0315551)) == ({x2}, (0.968445, 0.0315551))
({x3}, (0.0315551, 0.968445)) == ({x3}, (0.0315551, 0.968445))
({x4}, (0.968445, 0.0315551)) == ({x4}, (0.968445, 0.0315551))
({x5}, (0.0549086, 0.945091)) == ({x5}, (0.0549086, 0.945091))
({x6}, (0.968445, 0.0315551)) == ({x6}, (0.968445, 0.0315551))
({x7}, (0.0315551, 0.968445)) == ({x7}, (0.0315551, 0.968445))
({x8}, (0.968445, 0.0315551)) == ({x8}, (0.968445, 0.0315551))
({x9}, (0.0315551, 0.968445)) == ({x9}, (0.0315551, 0.968445))
({x0, x1}, (0.000402493, 0.0314843, 0.966275, 0.0018384)) == ({x0, x1}, (0.000402493, 0.0314843, 0.966275, 0.0018384))
({x0, x2}, (0.966275, 0.0018384, 0.000402493, 0.0314843)) == ({x0, x2}, (0.966275, 0.0018384, 0.000402493, 0.0314843))
({x0, x3}, (0.000402493, 0.0314843, 0.966275, 0.0018384)) == ({x0, x3}, (0.000402493, 0.0314843, 0.966275, 0.0018384))
({x0, x4}, (0.966275, 0.0018384, 0.000402493, 0.0314843)) == ({x0, x4}, (0.966275, 0.0018384, 0.000402493, 0.0314843))
({x0, x5}, (0.0530801, 0.0297687, 0.913619, 0.00353186)) == ({x0, x5}, (0.0530801, 0.0297687, 0.913619, 0.00353186))
({x0, x6}, (0.966275, 0.0018384, 0.000402493, 0.0314843)) == ({x0, x6}, (0.966275, 0.0018384, 0.000402493, 0.0314843))
({x0, x7}, (0.000402493, 0.0314843, 0.966275, 0.0018384)) == ({x0, x7}, (0.000402493, 0.0314843, 0.966275, 0.0018384))
({x0, x8}, (0.966275, 0.0018384, 0.000402493, 0.0314843)) == ({x0, x8}, (0.966275, 0.0018384, 0.000402493, 0.0314843))
({x0, x9}, (0.000402493, 0.0314843, 0.966275, 0.0018384)) == ({x0, x9}, (0.000402493, 0.0314843, 0.966275, 0.0018384))
({x1, x2}, (8.34582e-17, 0.968445, 0.0315551, 6.48976e-18)) == ({x1, x2}, (8.34582e-17, 0.968445, 0.0315551, 6.48976e-18))
({x1, x3}, (0.0315551, 6.78114e-17, 8.34582e-17, 0.968445)) == ({x1, x3}, (0.0315551, 6.78114e-17, 8.34582e-17, 0.968445))
({x1, x4}, (8.34582e-17, 0.968445, 0.0315551, 5.19892e-17)) == ({x1, x4}, (8.34582e-17, 0.968445, 0.0315551, 5.19892e-17))
({x1, x5}, (0.0297687, 0.0530801, 0.00353186, 0.913619)) == ({x1, x5}, (0.0297687, 0.0530801, 0.00353186, 0.913619))
({x1, x6}, (6.13461e-08, 0.968443, 0.031555, 2.27232e-06)) == ({x1, x6}, (6.13461e-08, 0.968443, 0.031555, 2.27232e-06))
({x1, x7}, (0.0315551, 6.48976e-18, 8.34582e-17, 0.968445)) == ({x1, x7}, (0.0315551, 6.48976e-18, 8.34582e-17, 0.968445))
({x1, x8}, (8.34582e-17, 0.968445, 0.0315551, 6.48976e-18)) == ({x1, x8}, (8.34582e-17, 0.968445, 0.0315551, 6.48976e-18))
({x1, x9}, (0.0315551, 6.48976e-18, 8.34582e-17, 0.968445)) == ({x1, x9}, (0.0315551, 6.48976e-18, 8.34582e-17, 0.968445))
({x2, x3}, (6.78114e-17, 0.0315551, 0.968445, 3.36291e-17)) == ({x2, x3}, (6.78114e-17, 0.0315551, 0.968445, 3.36291e-17))
({x2, x4}, (0.968445, 7.7852e-17, 5.19892e-17, 0.0315551)) == ({x2, x4}, (0.968445, 7.7852e-17, 5.19892e-17, 0.0315551))
({x2, x5}, (0.0530801, 0.0297687, 0.913619, 0.00353186)) == ({x2, x5}, (0.0530801, 0.0297687, 0.913619, 0.00353186))
({x2, x6}, (0.968443, 6.13461e-08, 2.27232e-06, 0.031555)) == ({x2, x6}, (0.968443, 6.13461e-08, 2.27232e-06, 0.031555))
({x2, x7}, (9.4039e-22, 0.0315551, 0.968445, 1.41453e-21)) == ({x2, x7}, (9.4039e-22, 0.0315551, 0.968445, 1.41453e-21))
({x2, x8}, (0.968445, 1.41913e-18, 4.68675e-18, 0.0315551)) == ({x2, x8}, (0.968445, 1.41913e-18, 4.68675e-18, 0.0315551))
({x2, x9}, (4.68675e-18, 0.0315551, 0.968445, 1.41913e-18)) == ({x2, x9}, (4.68675e-18, 0.0315551, 0.968445, 1.41913e-18))
({x3, x4}, (7.7852e-17, 0.968445, 0.0315551, 5.19892e-17)) == ({x3, x4}, (7.7852e-17, 0.968445, 0.0315551, 5.19892e-17))
({x3, x5}, (0.0297687, 0.0530801, 0.00353186, 0.913619)) == ({x3, x5}, (0.0297687, 0.0530801, 0.00353186, 0.913619))
({x3, x6}, (6.13461e-08, 0.968443, 0.031555, 2.27232e-06)) == ({x3, x6}, (6.13461e-08, 0.968443, 0.031555, 2.27232e-06))
({x3, x7}, (0.0315551, 3.36291e-17, 6.78114e-17, 0.968445)) == ({x3, x7}, (0.0315551, 3.36291e-17, 6.78114e-17, 0.968445))
({x3, x8}, (6.78114e-17, 0.968445, 0.0315551, 3.36291e-17)) == ({x3, x8}, (6.78114e-17, 0.968445, 0.0315551, 3.36291e-17))
({x3, x9}, (0.0315551, 3.36291e-17, 6.78114e-17, 0.968445)) == ({x3, x9}, (0.0315551, 3.36291e-17, 6.78114e-17, 0.968445))
({x4, x5}, (0.0530801, 0.0297687, 0.913619, 0.00353186)) == ({x4, x5}, (0.0530801, 0.0297687, 0.913619, 0.00353186))
({x4, x6}, (0.968443, 6.13461e-08, 2.27232e-06, 0.031555)) == ({x4, x6}, (0.968443, 6.13461e-08, 2.27232e-06, 0.031555))
({x4, x7}, (7.7852e-17, 0.0315551, 0.968445, 5.19892e-17)) == ({x4, x7}, (7.7852e-17, 0.0315551, 0.968445, 5.19892e-17))
({x4, x8}, (0.968445, 5.19892e-17, 7.7852e-17, 0.0315551)) == ({x4, x8}, (0.968445, 5.19892e-17, 7.7852e-17, 0.0315551))
({x4, x9}, (7.7852e-17, 0.0315551, 0.968445, 5.19892e-17)) == ({x4, x9}, (7.7852e-17, 0.0315551, 0.968445, 5.19892e-17))
({x5, x6}, (0.0530801, 0.913619, 0.0297687, 0.00353186)) == ({x5, x6}, (0.0530801, 0.913619, 0.0297687, 0.00353186))
({x5, x7}, (0.0297687, 0.00353186, 0.0530801, 0.913619)) == ({x5, x7}, (0.0297687, 0.00353186, 0.0530801, 0.913619))
({x5, x8}, (0.0530801, 0.913619, 0.0297687, 0.00353186)) == ({x5, x8}, (0.0530801, 0.913619, 0.0297687, 0.00353186))
({x5, x9}, (0.0297687, 0.00353186, 0.0530801, 0.913619)) == ({x5, x9}, (0.0297687, 0.00353186, 0.0530801, 0.913619))
({x6, x7}, (6.13461e-08, 0.031555, 0.968443, 2.27232e-06)) == ({x6, x7}, (6.13461e-08, 0.031555, 0.968443, 2.27232e-06))
({x6, x8}, (0.968443, 2.27232e-06, 6.13461e-08, 0.031555)) == ({x6, x8}, (0.968443, 2.27232e-06, 6.13461e-08, 0.031555))
({x6, x9}, (6.13461e-08, 0.031555, 0.968443, 2.27232e-06)) == ({x6, x9}, (6.13461e-08, 0.031555, 0.968443, 2.27232e-06))
({x7, x8}, (1.41913e-18, 0.968445, 0.0315551, 4.68675e-18)) == ({x7, x8}, (1.41913e-18, 0.968445, 0.0315551, 4.68675e-18))
({x7, x9}, (0.0315551, 4.68675e-18, 1.41913e-18, 0.968445)) == ({x7, x9}, (0.0315551, 4.68675e-18, 1.41913e-18, 0.968445))
({x8, x9}, (4.70149e-19, 0.0315551, 0.968445, 2.91212e-19)) == ({x8, x9}, (4.70149e-19, 0.0315551, 0.968445, 2.91212e-19))
Exact MAP state (log score = 158.551):
x0: 0
x1: 1
x2: 0
x3: 1
x4: 0
x5: 1
x6: 0
x7: 1
x8: 0
x9: 1
