Builtin inference algorithms: {BP, EXACT, FBP, JTREE, TRWBP}

Exact variable marginals:
({x0}, (0.841639, 0.158361))
({x1}, (0.841639, 0.158361))
({x2}, (0.841639, 0.158361))
({x3}, (0.841639, 0.158361))
({x4}, (0.158361, 0.841639))
({x5}, (0.841639, 0.158361))
({x6}, (0.84164, 0.15836))
({x7}, (0.84174, 0.15826))
({x8}, (0.84174, 0.15826))
({x9}, (0.84164, 0.15836))
Exact factor marginals:
({x0}, (0.841639, 0.158361))
({x1}, (0.841639, 0.158361))
({x2}, (0.841639, 0.158361))
({x3}, (0.841639, 0.158361))
({x4}, (0.158361, 0.841639))
({x5}, (0.841639, 0.158361))
({x6}, (0.84164, 0.15836))
({x7}, (0.84174, 0.15826))
({x8}, (0.84174, 0.15826))
({x9}, (0.84164, 0.15836))
({x0, x1}, (0.841639, 9.93357e-08, 1.74659e-08, 0.158361))
({x0, x2}, (0.841639, 1.44988e-10, 1.08184e-09, 0.158361))
({x0, x3}, (0.841639, 1.6172e-08, 2.13855e-08, 0.158361))
({x0, x4}, (2.4882e-08, 0.158361, 0.841639, 1.29724e-07))
({x0, x5}, (0.841639, 8.58048e-08, 2.64464e-08, 0.158361))
({x0, x6}, (0.841639, 1.05483e-06, 9.83906e-08, 0.15836))
({x0, x7}, (0.841612, 0.000127599, 2.70414e-05, 0.158233))
({x0, x8}, (0.841612, 0.000127553, 2.70032e-05, 0.158233))
({x0, x9}, (0.841639, 9.26214e-07, 8.32074e-08, 0.15836))
({x1, x2}, (0.841639, 1.63841e-08, 9.91908e-08, 0.158361))
({x1, x3}, (0.841639, 1.65246e-08, 1.03608e-07, 0.158361))
({x1, x4}, (7.43029e-09, 0.158361, 0.841639, 3.04024e-08))
({x1, x5}, (0.841639, 9.84053e-08, 1.20917e-07, 0.158361))
({x1, x6}, (0.841639, 9.72256e-07, 9.76865e-08, 0.15836))
({x1, x7}, (0.841612, 0.000127616, 2.71402e-05, 0.158233))
({x1, x8}, (0.841612, 0.000127569, 2.71017e-05, 0.158233))
({x1, x9}, (0.841639, 8.26879e-07, 6.57415e-08, 0.15836))
({x2, x3}, (0.841639, 1.61517e-08, 2.04284e-08, 0.158361))
({x2, x4}, (2.38144e-08, 0.158361, 0.841639, 1.29593e-07))
({x2, x5}, (0.841639, 8.6218e-08, 2.59228e-08, 0.158361))
({x2, x6}, (0.841639, 1.05524e-06, 9.7867e-08, 0.15836))
({x2, x7}, (0.841612, 0.000127599, 2.7041e-05, 0.158233))
({x2, x8}, (0.841612, 0.000127553, 2.70025e-05, 0.158233))
({x2, x9}, (0.841639, 9.26069e-07, 8.21255e-08, 0.15836))
({x3, x4}, (3.53627e-09, 0.158361, 0.841639, 1.13592e-07))
({x3, x5}, (0.841639, 1.06643e-07, 4.20712e-08, 0.158361))
({x3, x6}, (0.841639, 1.07565e-06, 1.13995e-07, 0.15836))
({x3, x7}, (0.841612, 0.00012762, 2.7057e-05, 0.158233))
({x3, x8}, (0.841612, 0.000127573, 2.70185e-05, 0.158233))
({x3, x9}, (0.841639, 9.10069e-07, 6.1848e-08, 0.15836))
({x4, x5}, (9.84509e-08, 0.841639, 0.158361, 1.43934e-07))
({x4, x6}, (9.72301e-07, 0.841639, 0.15836, 1.20703e-07))
({x4, x7}, (0.000127623, 0.841612, 0.158233, 2.71706e-05))
({x4, x8}, (0.000127574, 0.841612, 0.158233, 2.71294e-05))
({x4, x9}, (8.09491e-07, 0.841639, 0.15836, 7.13258e-08))
({x5, x6}, (0.841639, 9.69025e-07, 7.19444e-08, 0.15836))
({x5, x7}, (0.841612, 0.000127625, 2.71272e-05, 0.158233))
({x5, x8}, (0.841612, 0.000127576, 2.70859e-05, 0.158233))
({x5, x9}, (0.841639, 9.21523e-07, 1.37874e-07, 0.15836))
({x6, x7}, (0.841612, 0.000127697, 2.80962e-05, 0.158232))
({x6, x8}, (0.841612, 0.000127648, 2.80549e-05, 0.158232))
({x6, x9}, (0.84164, 7.14291e-08, 1.84861e-07, 0.15836))
({x7, x8}, (0.84174, 4.17655e-08, 4.98819e-08, 0.15826))
({x7, x9}, (0.841612, 2.79671e-05, 0.000127682, 0.158232))
({x8, x9}, (0.841612, 2.79286e-05, 0.000127635, 0.158232))
Exact log partition sum: 20.6218
Exact MAP variable marginals:
({x0}, (0.841743, 0.158257))
({x1}, (0.841743, 0.158257))
({x2}, (0.841743, 0.158257))
({x3}, (0.841743, 0.158257))
({x4}, (0.158257, 0.841743))
({x5}, (0.841743, 0.158257))
({x6}, (0.841743, 0.158257))
({x7}, (0.841743, 0.158257))
({x8}, (0.841743, 0.158257))
({x9}, (0.841743, 0.158257))
Exact MAP factor marginals:
({x0}, (0.841743, 0.158257)) == ({x0}, (0.841743, 0.158257))
({x1}, (0.841743, 0.158257)) == ({x1}, (0.841743, 0.158257))
({x2}, (0.841743, 0.158257)) == ({x2}, (0.841743, 0.158257))
({x3}, (0.841743, 0.158257)) == ({x3}, (0.841743, 0.158257))
({x4}, (0.158257, 0.841743)) == ({x4}, (0.158257, 0.841743))
({x5}, (0.841743, 0.158257)) == ({x5}, (0.841743, 0.158257))
({x6}, (0.841743, 0.158257)) == ({x6}, (0.841743, 0.158257))
({x7}, (0.841743, 0.158257)) == ({x7}, (0.841743, 0.158257))
({x8}, (0.841743, 0.158257)) == ({x8}, (0.841743, 0.158257))
({x9}, (0.841743, 0.158257)) == ({x9}, (0.841743, 0.158257))
({x0, x1}, (0.841743, 9.30718e-08, 1.40524e-08, 0.158257)) == ({x0, x1}, (0.841743, 9.30718e-08, 1.40524e-08, 0.158257))
({x0, x2}, (0.841743, 4.99907e-11, 4.81438e-10, 0.158257)) == ({x0, x2}, (0.841743, 4.99907e-11, 4.81438e-10, 0.158257))
({x0, x3}, (0.841743, 1.41134e-08, 1.40524e-08, 0.158257)) == ({x0, x3}, (0.841743, 1.41134e-08, 1.40524e-08, 0.158257))
({x0, x4}, (1.40524e-08, 0.158257, 0.841743, 9.30718e-08)) == ({x0, x4}, (1.40524e-08, 0.158257, 0.841743, 9.30718e-08))
({x0, x5}, (0.841743, 5.4473e-08, 2.35924e-08, 0.158257)) == ({x0, x5}, (0.841743, 5.4473e-08, 2.35924e-08, 0.158257))
({x0, x6}, (0.841743, 7.8044e-07, 4.65513e-08, 0.158257)) == ({x0, x6}, (0.841743, 7.8044e-07, 4.65513e-08, 0.158257))
({x0, x7}, (0.841613, 0.00012755, 2.70022e-05, 0.158232)) == ({x0, x7}, (0.841613, 0.00012755, 2.70022e-05, 0.158232))
({x0, x8}, (0.841613, 0.00012755, 2.70022e-05, 0.158232)) == ({x0, x8}, (0.841613, 0.00012755, 2.70022e-05, 0.158232))
({x0, x9}, (0.841743, 7.8044e-07, 4.65513e-08, 0.158257)) == ({x0, x9}, (0.841743, 7.8044e-07, 4.65513e-08, 0.158257))
({x1, x2}, (0.841743, 1.40524e-08, 9.30718e-08, 0.158257)) == ({x1, x2}, (0.841743, 1.40524e-08, 9.30718e-08, 0.158257))
({x1, x3}, (0.841743, 1.41134e-08, 9.30718e-08, 0.158257)) == ({x1, x3}, (0.841743, 1.41134e-08, 9.30718e-08, 0.158257))
({x1, x4}, (6.30363e-09, 0.158257, 0.841743, 1.41134e-08)) == ({x1, x4}, (6.30363e-09, 0.158257, 0.841743, 1.41134e-08))
({x1, x5}, (0.841743, 5.4473e-08, 9.30718e-08, 0.158257)) == ({x1, x5}, (0.841743, 5.4473e-08, 9.30718e-08, 0.158257))
({x1, x6}, (0.841743, 7.8044e-07, 4.65513e-08, 0.158257)) == ({x1, x6}, (0.841743, 7.8044e-07, 4.65513e-08, 0.158257))
({x1, x7}, (0.841613, 0.00012755, 2.70022e-05, 0.158232)) == ({x1, x7}, (0.841613, 0.00012755, 2.70022e-05, 0.158232))
({x1, x8}, (0.841613, 0.00012755, 2.70022e-05, 0.158232)) == ({x1, x8}, (0.841613, 0.00012755, 2.70022e-05, 0.158232))
({x1, x9}, (0.841743, 7.8044e-07, 4.65513e-08, 0.158257)) == ({x1, x9}, (0.841743, 7.8044e-07, 4.65513e-08, 0.158257))
({x2, x3}, (0.841743, 1.41134e-08, 1.40524e-08, 0.158257)) == ({x2, x3}, (0.841743, 1.41134e-08, 1.40524e-08, 0.158257))
({x2, x4}, (1.40524e-08, 0.158257, 0.841743, 9.30718e-08)) == ({x2, x4}, (1.40524e-08, 0.158257, 0.841743, 9.30718e-08))
({x2, x5}, (0.841743, 5.4473e-08, 2.35924e-08, 0.158257)) == ({x2, x5}, (0.841743, 5.4473e-08, 2.35924e-08, 0.158257))
({x2, x6}, (0.841743, 7.8044e-07, 4.65513e-08, 0.158257)) == ({x2, x6}, (0.841743, 7.8044e-07, 4.65513e-08, 0.158257))
({x2, x7}, (0.841613, 0.00012755, 2.70022e-05, 0.158232)) == ({x2, x7}, (0.841613, 0.00012755, 2.70022e-05, 0.158232))
({x2, x8}, (0.841613, 0.00012755, 2.70022e-05, 0.158232)) == ({x2, x8}, (0.841613, 0.00012755, 2.70022e-05, 0.158232))
({x2, x9}, (0.841743, 7.8044e-07, 4.65513e-08, 0.158257)) == ({x2, x9}, (0.841743, 7.8044e-07, 4.65513e-08, 0.158257))
({x3, x4}, (2.09754e-09, 0.158257, 0.841743, 9.30718e-08)) == ({x3, x4}, (2.09754e-09, 0.158257, 0.841743, 9.30718e-08))
({x3, x5}, (0.841743, 5.4473e-08, 2.35924e-08, 0.158257)) == ({x3, x5}, (0.841743, 5.4473e-08, 2.35924e-08, 0.158257))
({x3, x6}, (0.841743, 7.8044e-07, 4.65513e-08, 0.158257)) == ({x3, x6}, (0.841743, 7.8044e-07, 4.65513e-08, 0.158257))
({x3, x7}, (0.841613, 0.00012755, 2.70022e-05, 0.158232)) == ({x3, x7}, (0.841613, 0.00012755, 2.70022e-05, 0.158232))
({x3, x8}, (0.841613, 0.00012755, 2.70022e-05, 0.158232)) == ({x3, x8}, (0.841613, 0.00012755, 2.70022e-05, 0.158232))
({x3, x9}, (0.841743, 7.8044e-07, 4.65513e-08, 0.158257)) == ({x3, x9}, (0.841743, 7.8044e-07, 4.65513e-08, 0.158257))
({x4, x5}, (5.4473e-08, 0.841743, 0.158257, 9.30718e-08)) == ({x4, x5}, (5.4473e-08, 0.841743, 0.158257, 9.30718e-08))
({x4, x6}, (7.8044e-07, 0.841743, 0.158257, 4.65513e-08)) == ({x4, x6}, (7.8044e-07, 0.841743, 0.158257, 4.65513e-08))
({x4, x7}, (0.00012755, 0.841613, 0.158232, 2.70022e-05)) == ({x4, x7}, (0.00012755, 0.841613, 0.158232, 2.70022e-05))
({x4, x8}, (0.00012755, 0.841613, 0.158232, 2.70022e-05)) == ({x4, x8}, (0.00012755, 0.841613, 0.158232, 2.70022e-05))
({x4, x9}, (7.8044e-07, 0.841743, 0.158257, 4.65513e-08)) == ({x4, x9}, (7.8044e-07, 0.841743, 0.158257, 4.65513e-08))
({x5, x6}, (0.841743, 7.8044e-07, 4.65513e-08, 0.158257)) == ({x5, x6}, (0.841743, 7.8044e-07, 4.65513e-08, 0.158257))
({x5, x7}, (0.841613, 0.00012755, 2.70022e-05, 0.158232)) == ({x5, x7}, (0.841613, 0.00012755, 2.70022e-05, 0.158232))
({x5, x8}, (0.841613, 0.00012755, 2.70022e-05, 0.158232)) == ({x5, x8}, (0.841613, 0.00012755, 2.70022e-05, 0.158232))
({x5, x9}, (0.841743, 7.8044e-07, 5.4473e-08, 0.158257)) == ({x5, x9}, (0.841743, 7.8044e-07, 5.4473e-08, 0.158257))
({x6, x7}, (0.841613, 0.00012755, 2.70022e-05, 0.158232)) == ({x6, x7}, (0.841613, 0.00012755, 2.70022e-05, 0.158232))
({x6, x8}, (0.841613, 0.00012755, 2.70022e-05, 0.158232)) == ({x6, x8}, (0.841613, 0.00012755, 2.70022e-05, 0.158232))
({x6, x9}, (0.841743, 2.35924e-08, 9.56483e-08, 0.158257)) == ({x6, x9}, (0.841743, 2.35924e-08, 9.56483e-08, 0.158257))
({x7, x8}, (0.841743, 3.87039e-08, 4.94042e-08, 0.158257)) == ({x7, x8}, (0.841743, 3.87039e-08, 4.94042e-08, 0.158257))
({x7, x9}, (0.841613, 2.70022e-05, 0.00012755, 0.158232)) == ({x7, x9}, (0.841613, 2.70022e-05, 0.00012755, 0.158232))
({x8, x9}, (0.841613, 2.70022e-05, 0.00012755, 0.158232)) == ({x8, x9}, (0.841613, 2.70022e-05, 0.00012755, 0.158232))
Exact MAP state (log score = 20.4494):
x0: 0
x1: 0
x2: 0
x3: 0
x4: 1
x5: 0
x6: 0
x7: 0
x8: 0
x9: 0
