Builtin inference algorithms: {BP, EXACT, FBP, JTREE, TRWBP}

Exact variable marginals:
({x0}, (0.539977, 0.460023))
({x1}, (0.460023, 0.539977))
({x2}, (0.460023, 0.539977))
({x3}, (0.46013, 0.53987))
({x4}, (0.750077, 0.249923))
({x5}, (0.539977, 0.460023))
({x6}, (0.460023, 0.539977))
({x7}, (0.539977, 0.460023))
({x8}, (0.460023, 0.539977))
({x9}, (0.539977, 0.460023))
Exact factor marginals:
({x0}, (0.539977, 0.460023))
({x1}, (0.460023, 0.539977))
({x2}, (0.460023, 0.539977))
({x3}, (0.46013, 0.53987))
({x4}, (0.750077, 0.249923))
({x5}, (0.539977, 0.460023))
({x6}, (0.460023, 0.539977))
({x7}, (0.539977, 0.460023))
({x8}, (0.460023, 0.539977))
({x9}, (0.539977, 0.460023))
({x0, x1}, (9.71252e-11, 0.460023, 0.539977, 1.27718e-09))
({x0, x2}, (4.56309e-12, 0.460023, 0.539977, 6.8267e-12))
({x0, x3}, (0.0001315, 0.459998, 0.539845, 2.46638e-05))
({x0, x4}, (0.529489, 0.220588, 0.0104882, 0.239435))
({x0, x5}, (0.539977, 6.69001e-12, 4.58325e-12, 0.460023))
({x0, x6}, (3.28673e-22, 0.460023, 0.539977, 5.34469e-21))
({x0, x7}, (0.539977, 7.77907e-11, 5.98424e-11, 0.460023))
({x0, x8}, (1.31262e-09, 0.460023, 0.539977, 7.39993e-10))
({x0, x9}, (0.539977, 6.52622e-11, 5.50695e-11, 0.460023))
({x1, x2}, (0.460023, 1.2705e-09, 9.27051e-11, 0.539977))
({x1, x3}, (0.459998, 0.000131501, 2.46639e-05, 0.539845))
({x1, x4}, (0.220588, 0.529489, 0.239435, 0.0104882))
({x1, x5}, (9.25419e-11, 0.539977, 0.460023, 1.27049e-09))
({x1, x6}, (0.460023, 1.27718e-09, 9.71252e-11, 0.539977))
({x1, x7}, (1.63497e-10, 0.539977, 0.460023, 1.32561e-09))
({x1, x8}, (0.460023, 2.57839e-09, 8.25703e-10, 0.539977))
({x1, x9}, (1.62387e-10, 0.539977, 0.460023, 1.33225e-09))
({x2, x3}, (0.459998, 0.0001315, 2.46638e-05, 0.539845))
({x2, x4}, (0.220588, 0.529489, 0.239435, 0.0104882))
({x2, x5}, (6.2689e-15, 0.539977, 0.460023, 1.63115e-13))
({x2, x6}, (0.460023, 6.8267e-12, 4.56309e-12, 0.539977))
({x2, x7}, (7.11069e-11, 0.539977, 0.460023, 5.54222e-11))
({x2, x8}, (0.460023, 1.3082e-09, 7.33309e-10, 0.539977))
({x2, x9}, (6.98253e-11, 0.539977, 0.460023, 6.18962e-11))
({x3, x4}, (0.22072, 0.529357, 0.23941, 0.0105129))
({x3, x5}, (0.0001315, 0.539845, 0.459998, 2.46638e-05))
({x3, x6}, (0.459998, 2.46638e-05, 0.0001315, 0.539845))
({x3, x7}, (0.0001315, 0.539845, 0.459998, 2.46639e-05))
({x3, x8}, (0.459998, 2.46651e-05, 0.0001315, 0.539845))
({x3, x9}, (0.0001315, 0.539845, 0.459998, 2.46639e-05))
({x4, x5}, (0.529489, 0.0104882, 0.220588, 0.239435))
({x4, x6}, (0.220588, 0.239435, 0.529489, 0.0104882))
({x4, x7}, (0.529489, 0.0104882, 0.220588, 0.239435))
({x4, x8}, (0.220588, 0.239435, 0.529489, 0.0104882))
({x4, x9}, (0.529489, 0.0104882, 0.220588, 0.239435))
({x5, x6}, (6.69001e-12, 0.460023, 0.539977, 4.58325e-12))
({x5, x7}, (0.539977, 7.11006e-11, 5.52592e-11, 0.460023))
({x5, x8}, (1.30804e-09, 0.460023, 0.539977, 7.33303e-10))
({x5, x9}, (0.539977, 6.98455e-11, 6.17595e-11, 0.460023))
({x6, x7}, (7.77907e-11, 0.539977, 0.460023, 5.98424e-11))
({x6, x8}, (0.460023, 1.31262e-09, 7.39993e-10, 0.539977))
({x6, x9}, (6.52622e-11, 0.539977, 0.460023, 5.50695e-11))
({x7, x8}, (1.25866e-09, 0.460023, 0.539977, 6.68088e-10))
({x7, x9}, (0.539977, 4.8152e-12, 1.25707e-11, 0.460023))
({x8, x9}, (1.25755e-09, 0.539977, 0.460023, 6.74731e-10))
Exact log partition sum: 123.023
Exact MAP variable marginals:
({x0}, (0.688579, 0.311421))
({x1}, (0.311421, 0.688579))
({x2}, (0.311421, 0.688579))
({x3}, (0.311421, 0.688579))
({x4}, (0.688579, 0.311421))
({x5}, (0.688579, 0.311421))
({x6}, (0.311421, 0.688579))
({x7}, (0.688579, 0.311421))
({x8}, (0.311421, 0.688579))
({x9}, (0.688579, 0.311421))
Exact MAP factor marginals:
({x0}, (0.688579, 0.311421)) == ({x0}, (0.688579, 0.311421))
({x1}, (0.311421, 0.688579)) == ({x1}, (0.311421, 0.688579))
({x2}, (0.311421, 0.688579)) == ({x2}, (0.311421, 0.688579))
({x3}, (0.311421, 0.688579)) == ({x3}, (0.311421, 0.688579))
({x4}, (0.688579, 0.311421)) == ({x4}, (0.688579, 0.311421))
({x5}, (0.688579, 0.311421)) == ({x5}, (0.688579, 0.311421))
({x6}, (0.311421, 0.688579)) == ({x6}, (0.311421, 0.688579))
({x7}, (0.688579, 0.311421)) == ({x7}, (0.688579, 0.311421))
({x8}, (0.311421, 0.688579)) == ({x8}, (0.311421, 0.688579))
({x9}, (0.688579, 0.311421)) == ({x9}, (0.688579, 0.311421))
({x0, x1}, (1.20369e-10, 0.311421, 0.688579, 1.65246e-09)) == ({x0, x1}, (1.20369e-10, 0.311421, 0.688579, 1.65246e-09))
({x0, x2}, (5.92834e-12, 0.311421, 0.688579, 8.70135e-12)) == ({x0, x2}, (5.92834e-12, 0.311421, 0.688579, 8.70135e-12))
({x0, x3}, (0.000171018, 0.311358, 0.688439, 3.20756e-05)) == ({x0, x3}, (0.000171018, 0.311358, 0.688439, 3.20756e-05))
({x0, x4}, (0.52944, 0.220623, 0.0104899, 0.239448)) == ({x0, x4}, (0.52944, 0.220623, 0.0104899, 0.239448))
({x0, x5}, (0.688579, 8.70135e-12, 5.92834e-12, 0.311421)) == ({x0, x5}, (0.688579, 8.70135e-12, 5.92834e-12, 0.311421))
({x0, x6}, (2.26007e-22, 0.311421, 0.688579, 6.37082e-21)) == ({x0, x6}, (2.26007e-22, 0.311421, 0.688579, 6.37082e-21))
({x0, x7}, (0.688579, 8.48672e-11, 7.16033e-11, 0.311421)) == ({x0, x7}, (0.688579, 8.48672e-11, 7.16033e-11, 0.311421))
({x0, x8}, (1.6298e-09, 0.311421, 0.688579, 8.68775e-10)) == ({x0, x8}, (1.6298e-09, 0.311421, 0.688579, 8.68775e-10))
({x0, x9}, (0.688579, 8.48672e-11, 7.16033e-11, 0.311421)) == ({x0, x9}, (0.688579, 8.48672e-11, 7.16033e-11, 0.311421))
({x1, x2}, (0.311421, 1.65246e-09, 1.20369e-10, 0.688579)) == ({x1, x2}, (0.311421, 1.65246e-09, 1.20369e-10, 0.688579))
({x1, x3}, (0.311358, 0.000171018, 3.20756e-05, 0.688439)) == ({x1, x3}, (0.311358, 0.000171018, 3.20756e-05, 0.688439))
({x1, x4}, (0.220623, 0.52944, 0.239448, 0.0104899)) == ({x1, x4}, (0.220623, 0.52944, 0.239448, 0.0104899))
({x1, x5}, (1.20369e-10, 0.688579, 0.311421, 1.65246e-09)) == ({x1, x5}, (1.20369e-10, 0.688579, 0.311421, 1.65246e-09))
({x1, x6}, (0.311421, 1.65246e-09, 1.20369e-10, 0.688579)) == ({x1, x6}, (0.311421, 1.65246e-09, 1.20369e-10, 0.688579))
({x1, x7}, (1.20369e-10, 0.688579, 0.311421, 1.65246e-09)) == ({x1, x7}, (1.20369e-10, 0.688579, 0.311421, 1.65246e-09))
({x1, x8}, (0.311421, 1.65246e-09, 8.68775e-10, 0.688579)) == ({x1, x8}, (0.311421, 1.65246e-09, 8.68775e-10, 0.688579))
({x1, x9}, (1.20369e-10, 0.688579, 0.311421, 1.65246e-09)) == ({x1, x9}, (1.20369e-10, 0.688579, 0.311421, 1.65246e-09))
({x2, x3}, (0.311358, 0.000171018, 3.20756e-05, 0.688439)) == ({x2, x3}, (0.311358, 0.000171018, 3.20756e-05, 0.688439))
({x2, x4}, (0.220623, 0.52944, 0.239448, 0.0104899)) == ({x2, x4}, (0.220623, 0.52944, 0.239448, 0.0104899))
({x2, x5}, (7.24996e-15, 0.688579, 0.311421, 1.78648e-13)) == ({x2, x5}, (7.24996e-15, 0.688579, 0.311421, 1.78648e-13))
({x2, x6}, (0.311421, 8.70135e-12, 5.92834e-12, 0.688579)) == ({x2, x6}, (0.311421, 8.70135e-12, 5.92834e-12, 0.688579))
({x2, x7}, (8.48672e-11, 0.688579, 0.311421, 7.16033e-11)) == ({x2, x7}, (8.48672e-11, 0.688579, 0.311421, 7.16033e-11))
({x2, x8}, (0.311421, 1.6298e-09, 8.68775e-10, 0.688579)) == ({x2, x8}, (0.311421, 1.6298e-09, 8.68775e-10, 0.688579))
({x2, x9}, (8.48672e-11, 0.688579, 0.311421, 7.16033e-11)) == ({x2, x9}, (8.48672e-11, 0.688579, 0.311421, 7.16033e-11))
({x3, x4}, (0.220623, 0.52944, 0.239448, 0.0104899)) == ({x3, x4}, (0.220623, 0.52944, 0.239448, 0.0104899))
({x3, x5}, (0.000171018, 0.688439, 0.311358, 3.20756e-05)) == ({x3, x5}, (0.000171018, 0.688439, 0.311358, 3.20756e-05))
({x3, x6}, (0.311358, 3.20756e-05, 0.000171018, 0.688439)) == ({x3, x6}, (0.311358, 3.20756e-05, 0.000171018, 0.688439))
({x3, x7}, (0.000171018, 0.688439, 0.311358, 3.20756e-05)) == ({x3, x7}, (0.000171018, 0.688439, 0.311358, 3.20756e-05))
({x3, x8}, (0.311358, 3.20756e-05, 0.000171018, 0.688439)) == ({x3, x8}, (0.311358, 3.20756e-05, 0.000171018, 0.688439))
({x3, x9}, (0.000171018, 0.688439, 0.311358, 3.20756e-05)) == ({x3, x9}, (0.000171018, 0.688439, 0.311358, 3.20756e-05))
({x4, x5}, (0.52944, 0.0104899, 0.220623, 0.239448)) == ({x4, x5}, (0.52944, 0.0104899, 0.220623, 0.239448))
({x4, x6}, (0.220623, 0.239448, 0.52944, 0.0104899)) == ({x4, x6}, (0.220623, 0.239448, 0.52944, 0.0104899))
({x4, x7}, (0.52944, 0.0104899, 0.220623, 0.239448)) == ({x4, x7}, (0.52944, 0.0104899, 0.220623, 0.239448))
({x4, x8}, (0.220623, 0.239448, 0.52944, 0.0104899)) == ({x4, x8}, (0.220623, 0.239448, 0.52944, 0.0104899))
({x4, x9}, (0.52944, 0.0104899, 0.220623, 0.239448)) == ({x4, x9}, (0.52944, 0.0104899, 0.220623, 0.239448))
({x5, x6}, (8.70135e-12, 0.311421, 0.688579, 5.92834e-12)) == ({x5, x6}, (8.70135e-12, 0.311421, 0.688579, 5.92834e-12))
({x5, x7}, (0.688579, 8.48672e-11, 7.16033e-11, 0.311421)) == ({x5, x7}, (0.688579, 8.48672e-11, 7.16033e-11, 0.311421))
({x5, x8}, (1.6298e-09, 0.311421, 0.688579, 8.68775e-10)) == ({x5, x8}, (1.6298e-09, 0.311421, 0.688579, 8.68775e-10))
({x5, x9}, (0.688579, 8.48672e-11, 7.16033e-11, 0.311421)) == ({x5, x9}, (0.688579, 8.48672e-11, 7.16033e-11, 0.311421))
({x6, x7}, (8.48672e-11, 0.688579, 0.311421, 7.16033e-11)) == ({x6, x7}, (8.48672e-11, 0.688579, 0.311421, 7.16033e-11))
({x6, x8}, (0.311421, 1.6298e-09, 8.68775e-10, 0.688579)) == ({x6, x8}, (0.311421, 1.6298e-09, 8.68775e-10, 0.688579))
({x6, x9}, (8.48672e-11, 0.688579, 0.311421, 7.16033e-11)) == ({x6, x9}, (8.48672e-11, 0.688579, 0.311421, 7.16033e-11))
({x7, x8}, (1.6298e-09, 0.311421, 0.688579, 8.68775e-10)) == ({x7, x8}, (1.6298e-09, 0.311421, 0.688579, 8.68775e-10))
({x7, x9}, (0.688579, 5.92834e-12, 8.70135e-12, 0.311421)) == ({x7, x9}, (0.688579, 5.92834e-12, 8.70135e-12, 0.311421))
({x8, x9}, (1.6298e-09, 0.688579, 0.311421, 8.68775e-10)) == ({x8, x9}, (1.6298e-09, 0.688579, 0.311421, 8.68775e-10))
Exact MAP state (log score = 122.387):
x0: 0
x1: 1
x2: 1
x3: 1
x4: 0
x5: 0
x6: 1
x7: 0
x8: 1
x9: 0
