Builtin inference algorithms: {BP, EXACT, FBP, JTREE, TRWBP}

Exact variable marginals:
({x0}, (0.322637, 0.677363))
({x1}, (0.812356, 0.187644))
({x2}, (0.48403, 0.51597))
({x3}, (0.14069, 0.85931))
({x4}, (0.139009, 0.860991))
({x5}, (0.448438, 0.551562))
({x6}, (0.0897548, 0.910245))
({x7}, (0.115671, 0.884329))
({x8}, (0.805916, 0.194084))
({x9}, (0.891161, 0.108839))
Exact factor marginals:
({x0}, (0.322637, 0.677363))
({x1}, (0.812356, 0.187644))
({x2}, (0.48403, 0.51597))
({x3}, (0.14069, 0.85931))
({x4}, (0.139009, 0.860991))
({x5}, (0.448438, 0.551562))
({x6}, (0.0897548, 0.910245))
({x7}, (0.115671, 0.884329))
({x8}, (0.805916, 0.194084))
({x9}, (0.891161, 0.108839))
({x0, x1}, (0.218085, 0.594271, 0.104552, 0.0830922))
({x0, x2}, (0.248568, 0.235463, 0.0740694, 0.4419))
({x0, x3}, (0.0443879, 0.0963022, 0.278249, 0.581061))
({x0, x4}, (0.037209, 0.1018, 0.285428, 0.575563))
({x0, x5}, (0.186563, 0.261876, 0.136074, 0.415487))
({x0, x6}, (0.0210303, 0.0687245, 0.301607, 0.608639))
({x0, x7}, (0.015346, 0.100325, 0.307291, 0.577038))
({x0, x8}, (0.279642, 0.526274, 0.042995, 0.151088))
({x0, x9}, (0.31382, 0.577341, 0.00881706, 0.100022))
({x1, x2}, (0.354154, 0.129877, 0.458202, 0.0577675))
({x1, x3}, (0.102924, 0.037766, 0.709432, 0.149878))
({x1, x4}, (0.134431, 0.00457826, 0.677925, 0.183066))
({x1, x5}, (0.403325, 0.045113, 0.40903, 0.142531))
({x1, x6}, (0.0676198, 0.0221349, 0.744736, 0.165509))
({x1, x7}, (0.0948573, 0.0208134, 0.717498, 0.166831))
({x1, x8}, (0.63027, 0.175646, 0.182086, 0.011998))
({x1, x9}, (0.721439, 0.169722, 0.0909166, 0.0179226))
({x2, x3}, (0.0966672, 0.0440229, 0.387363, 0.471947))
({x2, x4}, (0.0386854, 0.100324, 0.445345, 0.415646))
({x2, x5}, (0.207552, 0.240886, 0.276479, 0.275083))
({x2, x6}, (0.0174074, 0.0723474, 0.466623, 0.443622))
({x2, x7}, (0.0346769, 0.0809938, 0.449353, 0.434976))
({x2, x8}, (0.431266, 0.374651, 0.0527646, 0.141319))
({x2, x9}, (0.469412, 0.421749, 0.0146186, 0.0942206))
({x3, x4}, (0.00848056, 0.130528, 0.13221, 0.728781))
({x3, x5}, (0.0246754, 0.423763, 0.116015, 0.435547))
({x3, x6}, (0.0210647, 0.06869, 0.119625, 0.79062))
({x3, x7}, (0.0227595, 0.0929112, 0.117931, 0.766399))
({x3, x8}, (0.119628, 0.686288, 0.0210621, 0.173021))
({x3, x9}, (0.123451, 0.76771, 0.017239, 0.0916002))
({x4, x5}, (0.0842514, 0.364187, 0.0547576, 0.496804))
({x4, x6}, (0.0353842, 0.0543706, 0.103625, 0.80662))
({x4, x7}, (0.0438945, 0.0717762, 0.0951145, 0.789215))
({x4, x8}, (0.0518025, 0.754114, 0.0872065, 0.106877))
({x4, x9}, (0.0915755, 0.799585, 0.0474335, 0.0614057))
({x5, x6}, (0.0173699, 0.0723848, 0.431068, 0.479177))
({x5, x7}, (0.0221671, 0.0935036, 0.426271, 0.458058))
({x5, x8}, (0.35823, 0.447687, 0.0902083, 0.103875))
({x5, x9}, (0.394837, 0.496324, 0.0536013, 0.0552379))
({x6, x7}, (0.0358238, 0.0798469, 0.0539309, 0.830398))
({x6, x8}, (0.037785, 0.768131, 0.0519697, 0.142114))
({x6, x9}, (0.0475514, 0.843609, 0.0422034, 0.0666358))
({x7, x8}, (0.0607548, 0.745162, 0.0549159, 0.139168))
({x7, x9}, (0.0672412, 0.82392, 0.0484296, 0.0604096))
({x8, x9}, (0.769701, 0.12146, 0.0362153, 0.0726239))
Exact log partition sum: 14.0988
Exact MAP variable marginals:
({x0}, (0.423655, 0.576345))
({x1}, (0.730831, 0.269169))
({x2}, (0.423655, 0.576345))
({x3}, (0.217521, 0.782479))
({x4}, (0.104506, 0.895494))
({x5}, (0.495607, 0.504393))
({x6}, (0.088372, 0.911628))
({x7}, (0.103404, 0.896596))
({x8}, (0.86655, 0.13345))
({x9}, (0.911628, 0.088372))
Exact MAP factor marginals:
({x0}, (0.423655, 0.576345)) == ({x0}, (0.423655, 0.576345))
({x1}, (0.730831, 0.269169)) == ({x1}, (0.730831, 0.269169))
({x2}, (0.423655, 0.576345)) == ({x2}, (0.423655, 0.576345))
({x3}, (0.217521, 0.782479)) == ({x3}, (0.217521, 0.782479))
({x4}, (0.104506, 0.895494)) == ({x4}, (0.104506, 0.895494))
({x5}, (0.495607, 0.504393)) == ({x5}, (0.495607, 0.504393))
({x6}, (0.088372, 0.911628)) == ({x6}, (0.088372, 0.911628))
({x7}, (0.103404, 0.896596)) == ({x7}, (0.103404, 0.896596))
({x8}, (0.86655, 0.13345)) == ({x8}, (0.86655, 0.13345))
({x9}, (0.911628, 0.088372)) == ({x9}, (0.911628, 0.088372))
({x0, x1}, (0.319296, 0.434374, 0.159982, 0.0863477)) == ({x0, x1}, (0.319296, 0.434374, 0.159982, 0.0863477))
({x0, x2}, (0.277924, 0.247025, 0.09696, 0.378091)) == ({x0, x2}, (0.277924, 0.247025, 0.09696, 0.378091))
({x0, x3}, (0.0568752, 0.130239, 0.344383, 0.468503)) == ({x0, x3}, (0.0568752, 0.130239, 0.344383, 0.468503))
({x0, x4}, (0.0463629, 0.0601, 0.378551, 0.514986)) == ({x0, x4}, (0.0463629, 0.0601, 0.378551, 0.514986))
({x0, x5}, (0.238199, 0.318404, 0.119349, 0.324049)) == ({x0, x5}, (0.238199, 0.318404, 0.119349, 0.324049))
({x0, x6}, (0.0131654, 0.0522172, 0.395955, 0.538662)) == ({x0, x6}, (0.0131654, 0.0522172, 0.395955, 0.538662))
({x0, x7}, (0.0124216, 0.0615523, 0.392315, 0.533711)) == ({x0, x7}, (0.0124216, 0.0615523, 0.392315, 0.533711))
({x0, x8}, (0.375126, 0.510326, 0.035958, 0.0785907)) == ({x0, x8}, (0.375126, 0.510326, 0.035958, 0.0785907))
({x0, x9}, (0.39991, 0.544042, 0.00330914, 0.0527387)) == ({x0, x9}, (0.39991, 0.544042, 0.00330914, 0.0527387))
({x1, x2}, (0.323681, 0.162179, 0.44034, 0.0737995)) == ({x1, x2}, (0.323681, 0.162179, 0.44034, 0.0737995))
({x1, x3}, (0.157261, 0.0686759, 0.565709, 0.208353)) == ({x1, x3}, (0.157261, 0.0686759, 0.565709, 0.208353))
({x1, x4}, (0.0782413, 0.0043989, 0.670435, 0.246924)) == ({x1, x4}, (0.0782413, 0.0043989, 0.670435, 0.246924))
({x1, x5}, (0.380468, 0.0897066, 0.387213, 0.142612)) == ({x1, x5}, (0.380468, 0.0897066, 0.387213, 0.142612))
({x1, x6}, (0.0650733, 0.0164068, 0.671283, 0.247237)) == ({x1, x6}, (0.0650733, 0.0164068, 0.671283, 0.247237))
({x1, x7}, (0.0765335, 0.0154449, 0.663611, 0.244411)) == ({x1, x7}, (0.0765335, 0.0154449, 0.663611, 0.244411))
({x1, x8}, (0.652518, 0.240325, 0.100488, 0.00666889)) == ({x1, x8}, (0.652518, 0.240325, 0.100488, 0.00666889))
({x1, x9}, (0.676686, 0.249226, 0.065597, 0.00849071)) == ({x1, x9}, (0.676686, 0.249226, 0.065597, 0.00849071))
({x2, x3}, (0.129937, 0.0590587, 0.343586, 0.467418)) == ({x2, x3}, (0.129937, 0.0590587, 0.343586, 0.467418))
({x2, x4}, (0.0463629, 0.0601, 0.378551, 0.514986)) == ({x2, x4}, (0.0463629, 0.0601, 0.378551, 0.514986))
({x2, x5}, (0.218057, 0.29148, 0.193814, 0.296648)) == ({x2, x5}, (0.218057, 0.29148, 0.193814, 0.296648))
({x2, x6}, (0.0131654, 0.0522172, 0.395955, 0.538662)) == ({x2, x6}, (0.0131654, 0.0522172, 0.395955, 0.538662))
({x2, x7}, (0.0343997, 0.0601825, 0.383584, 0.521833)) == ({x2, x7}, (0.0343997, 0.0601825, 0.383584, 0.521833))
({x2, x8}, (0.375126, 0.510326, 0.035958, 0.0785907)) == ({x2, x8}, (0.375126, 0.510326, 0.035958, 0.0785907))
({x2, x9}, (0.398516, 0.542146, 0.0067832, 0.0525549)) == ({x2, x9}, (0.398516, 0.542146, 0.0067832, 0.0525549))
({x3, x4}, (0.0151047, 0.0824121, 0.196309, 0.706174)) == ({x3, x4}, (0.0151047, 0.0824121, 0.196309, 0.706174))
({x3, x5}, (0.0293551, 0.421901, 0.119363, 0.429381)) == ({x3, x5}, (0.0293551, 0.421901, 0.119363, 0.429381))
({x3, x6}, (0.0153185, 0.0694245, 0.199088, 0.716169)) == ({x3, x6}, (0.0153185, 0.0694245, 0.199088, 0.716169))
({x3, x7}, (0.025568, 0.0806565, 0.194415, 0.699361)) == ({x3, x7}, (0.025568, 0.0806565, 0.194415, 0.699361))
({x3, x8}, (0.191236, 0.687926, 0.0148959, 0.105941)) == ({x3, x8}, (0.191236, 0.687926, 0.0148959, 0.105941))
({x3, x9}, (0.199088, 0.716169, 0.0153185, 0.0694245)) == ({x3, x9}, (0.199088, 0.716169, 0.0153185, 0.0694245))
({x4, x5}, (0.0531378, 0.447396, 0.0441389, 0.455328)) == ({x4, x5}, (0.0531378, 0.447396, 0.0441389, 0.455328))
({x4, x6}, (0.0764346, 0.0430632, 0.0920179, 0.788484)) == ({x4, x6}, (0.0764346, 0.0430632, 0.0920179, 0.788484))
({x4, x7}, (0.0729427, 0.0867807, 0.0878141, 0.752463)) == ({x4, x7}, (0.0729427, 0.0867807, 0.0878141, 0.752463))
({x4, x8}, (0.085331, 0.731185, 0.0708801, 0.112603)) == ({x4, x8}, (0.085331, 0.731185, 0.0708801, 0.112603))
({x4, x9}, (0.0900709, 0.771801, 0.0748173, 0.0633109)) == ({x4, x9}, (0.0900709, 0.771801, 0.0748173, 0.0633109))
({x5, x6}, (0.0137342, 0.0459757, 0.466014, 0.474276)) == ({x5, x6}, (0.0137342, 0.0459757, 0.466014, 0.474276))
({x5, x7}, (0.0219219, 0.0537682, 0.458094, 0.466216)) == ({x5, x7}, (0.0219219, 0.0537682, 0.458094, 0.466216))
({x5, x8}, (0.435939, 0.443668, 0.0520682, 0.0683253)) == ({x5, x8}, (0.435939, 0.443668, 0.0520682, 0.0683253))
({x5, x9}, (0.454572, 0.462631, 0.0379497, 0.0448469)) == ({x5, x9}, (0.454572, 0.462631, 0.0379497, 0.0448469))
({x6, x7}, (0.0765175, 0.0910336, 0.0431099, 0.789339)) == ({x6, x7}, (0.0765175, 0.0910336, 0.0431099, 0.789339))
({x6, x8}, (0.0418329, 0.765958, 0.0742509, 0.117958)) == ({x6, x8}, (0.0418329, 0.765958, 0.0742509, 0.117958))
({x6, x9}, (0.0442736, 0.810646, 0.0785829, 0.0664974)) == ({x6, x9}, (0.0442736, 0.810646, 0.0785829, 0.0664974))
({x7, x8}, (0.0844116, 0.73192, 0.0709514, 0.112717)) == ({x7, x8}, (0.0844116, 0.73192, 0.0709514, 0.112717))
({x7, x9}, (0.0891054, 0.77262, 0.0748967, 0.0633781)) == ({x7, x9}, (0.0891054, 0.77262, 0.0748967, 0.0633781))
({x8, x9}, (0.750204, 0.115532, 0.0615394, 0.0727238)) == ({x8, x9}, (0.750204, 0.115532, 0.0615394, 0.0727238))
Exact MAP state (log score = 11.8061):
x0: 1
x1: 0
x2: 1
x3: 1
x4: 1
x5: 1
x6: 1
x7: 1
x8: 0
x9: 0
