Builtin inference algorithms: {BP, EXACT, FBP, JTREE, TRWBP}

Exact variable marginals:
({x0}, (0.244807, 0.755193))
({x1}, (0.755193, 0.244807))
({x2}, (0.244807, 0.755193))
({x3}, (0.755193, 0.244807))
({x4}, (0.755193, 0.244807))
({x5}, (0.755193, 0.244807))
({x6}, (0.755193, 0.244807))
({x7}, (0.244807, 0.755193))
({x8}, (0.244807, 0.755193))
({x9}, (0.755192, 0.244808))
Exact factor marginals:
({x0}, (0.244807, 0.755193))
({x1}, (0.755193, 0.244807))
({x2}, (0.244807, 0.755193))
({x3}, (0.755193, 0.244807))
({x4}, (0.755193, 0.244807))
({x5}, (0.755193, 0.244807))
({x6}, (0.755193, 0.244807))
({x7}, (0.244807, 0.755193))
({x8}, (0.244807, 0.755193))
({x9}, (0.755192, 0.244808))
({x0, x1}, (1.10253e-09, 0.755193, 0.244807, 2.57144e-09))
({x0, x2}, (0.244807, 5.05059e-23, 3.41049e-22, 0.755193))
({x0, x3}, (3.41077e-22, 0.755193, 0.244807, 5.08876e-23))
({x0, x4}, (8.29643e-16, 0.755193, 0.244807, 1.59522e-14))
({x0, x5}, (1.80865e-21, 0.755193, 0.244807, 1.8721e-21))
({x0, x6}, (1.1555e-18, 0.755193, 0.244807, 2.9063e-18))
({x0, x7}, (0.244807, 4.82319e-07, 1.37219e-08, 0.755192))
({x0, x8}, (0.244807, 1.6381e-14, 3.69496e-15, 0.755193))
({x0, x9}, (2.05551e-08, 0.755192, 0.244807, 6.3826e-07))
({x1, x2}, (1.10253e-09, 0.244807, 0.755193, 2.57144e-09))
({x1, x3}, (0.755193, 2.57144e-09, 1.10253e-09, 0.244807))
({x1, x4}, (0.755193, 2.57144e-09, 1.10255e-09, 0.244807))
({x1, x5}, (0.755193, 2.57144e-09, 1.10253e-09, 0.244807))
({x1, x6}, (0.755193, 2.57144e-09, 1.10253e-09, 0.244807))
({x1, x7}, (4.83421e-07, 0.244807, 0.755192, 1.62934e-08))
({x1, x8}, (1.10255e-09, 0.244807, 0.755193, 2.57145e-09))
({x1, x9}, (0.755192, 1.94533e-08, 6.35689e-07, 0.244807))
({x2, x3}, (2.74782e-26, 0.755193, 0.244807, 3.81628e-25))
({x2, x4}, (8.29643e-16, 0.755193, 0.244807, 1.59522e-14))
({x2, x5}, (1.4676e-21, 0.755193, 0.244807, 1.8216e-21))
({x2, x6}, (1.15516e-18, 0.755193, 0.244807, 2.90625e-18))
({x2, x7}, (0.244807, 4.82319e-07, 1.37219e-08, 0.755192))
({x2, x8}, (0.244807, 1.6381e-14, 3.69496e-15, 0.755193))
({x2, x9}, (2.05551e-08, 0.755192, 0.244807, 6.3826e-07))
({x3, x4}, (0.755193, 8.29643e-16, 1.59522e-14, 0.244807))
({x3, x5}, (0.755193, 1.46794e-21, 1.82158e-21, 0.244807))
({x3, x6}, (0.755193, 1.15516e-18, 2.90625e-18, 0.244807))
({x3, x7}, (4.82319e-07, 0.244807, 0.755192, 1.37219e-08))
({x3, x8}, (1.6381e-14, 0.244807, 0.755193, 3.69496e-15))
({x3, x9}, (0.755192, 2.05551e-08, 6.3826e-07, 0.244807))
({x4, x5}, (0.755193, 1.59522e-14, 8.29644e-16, 0.244807))
({x4, x6}, (0.755193, 1.59534e-14, 8.32549e-16, 0.244807))
({x4, x7}, (4.82319e-07, 0.244807, 0.755192, 1.3722e-08))
({x4, x8}, (1.72107e-14, 0.244807, 0.755193, 1.96472e-14))
({x4, x9}, (0.755192, 2.05551e-08, 6.3826e-07, 0.244807))
({x5, x6}, (0.755193, 1.15698e-18, 2.90772e-18, 0.244807))
({x5, x7}, (4.82319e-07, 0.244807, 0.755192, 1.37219e-08))
({x5, x8}, (1.6381e-14, 0.244807, 0.755193, 3.69496e-15))
({x5, x9}, (0.755192, 2.05551e-08, 6.3826e-07, 0.244807))
({x6, x7}, (4.82319e-07, 0.244807, 0.755192, 1.37219e-08))
({x6, x8}, (1.63822e-14, 0.244807, 0.755193, 3.69787e-15))
({x6, x9}, (0.755192, 2.05551e-08, 6.3826e-07, 0.244807))
({x7, x8}, (0.244807, 1.3722e-08, 4.82319e-07, 0.755192))
({x7, x9}, (5.02874e-07, 0.755192, 0.244807, 6.51982e-07))
({x8, x9}, (2.05551e-08, 0.755192, 0.244807, 6.3826e-07))
Exact log partition sum: 78.8582
Exact MAP variable marginals:
({x0}, (0.244807, 0.755193))
({x1}, (0.755193, 0.244807))
({x2}, (0.244807, 0.755193))
({x3}, (0.755193, 0.244807))
({x4}, (0.755193, 0.244807))
({x5}, (0.755193, 0.244807))
({x6}, (0.755193, 0.244807))
({x7}, (0.244807, 0.755193))
({x8}, (0.244807, 0.755193))
({x9}, (0.755193, 0.244807))
Exact MAP factor marginals:
({x0}, (0.244807, 0.755193)) == ({x0}, (0.244807, 0.755193))
({x1}, (0.755193, 0.244807)) == ({x1}, (0.755193, 0.244807))
({x2}, (0.244807, 0.755193)) == ({x2}, (0.244807, 0.755193))
({x3}, (0.755193, 0.244807)) == ({x3}, (0.755193, 0.244807))
({x4}, (0.755193, 0.244807)) == ({x4}, (0.755193, 0.244807))
({x5}, (0.755193, 0.244807)) == ({x5}, (0.755193, 0.244807))
({x6}, (0.755193, 0.244807)) == ({x6}, (0.755193, 0.244807))
({x7}, (0.244807, 0.755193)) == ({x7}, (0.244807, 0.755193))
({x8}, (0.244807, 0.755193)) == ({x8}, (0.244807, 0.755193))
({x9}, (0.755193, 0.244807)) == ({x9}, (0.755193, 0.244807))
({x0, x1}, (1.10193e-09, 0.755193, 0.244807, 2.57131e-09)) == ({x0, x1}, (1.10193e-09, 0.755193, 0.244807, 2.57131e-09))
({x0, x2}, (0.244807, 5.04843e-23, 3.41036e-22, 0.755193)) == ({x0, x2}, (0.244807, 5.04843e-23, 3.41036e-22, 0.755193))
({x0, x3}, (3.41036e-22, 0.755193, 0.244807, 5.04843e-23)) == ({x0, x3}, (3.41036e-22, 0.755193, 0.244807, 5.04843e-23))
({x0, x4}, (8.29173e-16, 0.755193, 0.244807, 1.58569e-14)) == ({x0, x4}, (8.29173e-16, 0.755193, 0.244807, 1.58569e-14))
({x0, x5}, (1.2697e-21, 0.755193, 0.244807, 6.90779e-22)) == ({x0, x5}, (1.2697e-21, 0.755193, 0.244807, 6.90779e-22))
({x0, x6}, (1.10163e-18, 0.755193, 0.244807, 2.89677e-18)) == ({x0, x6}, (1.10163e-18, 0.755193, 0.244807, 2.89677e-18))
({x0, x7}, (0.244807, 4.82319e-07, 1.3722e-08, 0.755192)) == ({x0, x7}, (0.244807, 4.82319e-07, 1.3722e-08, 0.755192))
({x0, x8}, (0.244807, 1.6381e-14, 3.69496e-15, 0.755193)) == ({x0, x8}, (0.244807, 1.6381e-14, 3.69496e-15, 0.755193))
({x0, x9}, (1.94532e-08, 0.755192, 0.244807, 6.35689e-07)) == ({x0, x9}, (1.94532e-08, 0.755192, 0.244807, 6.35689e-07))
({x1, x2}, (1.10193e-09, 0.244807, 0.755193, 2.57131e-09)) == ({x1, x2}, (1.10193e-09, 0.244807, 0.755193, 2.57131e-09))
({x1, x3}, (0.755193, 2.57131e-09, 1.10193e-09, 0.244807)) == ({x1, x3}, (0.755193, 2.57131e-09, 1.10193e-09, 0.244807))
({x1, x4}, (0.755193, 2.57131e-09, 1.10193e-09, 0.244807)) == ({x1, x4}, (0.755193, 2.57131e-09, 1.10193e-09, 0.244807))
({x1, x5}, (0.755193, 2.57131e-09, 1.10193e-09, 0.244807)) == ({x1, x5}, (0.755193, 2.57131e-09, 1.10193e-09, 0.244807))
({x1, x6}, (0.755193, 2.57131e-09, 1.10193e-09, 0.244807)) == ({x1, x6}, (0.755193, 2.57131e-09, 1.10193e-09, 0.244807))
({x1, x7}, (4.82319e-07, 0.244807, 0.755192, 1.3722e-08)) == ({x1, x7}, (4.82319e-07, 0.244807, 0.755192, 1.3722e-08))
({x1, x8}, (1.10193e-09, 0.244807, 0.755193, 2.57131e-09)) == ({x1, x8}, (1.10193e-09, 0.244807, 0.755193, 2.57131e-09))
({x1, x9}, (0.755192, 1.94532e-08, 6.35689e-07, 0.244807)) == ({x1, x9}, (0.755192, 1.94532e-08, 6.35689e-07, 0.244807))
({x2, x3}, (1.25148e-26, 0.755193, 0.244807, 3.10587e-25)) == ({x2, x3}, (1.25148e-26, 0.755193, 0.244807, 3.10587e-25))
({x2, x4}, (8.29173e-16, 0.755193, 0.244807, 1.58569e-14)) == ({x2, x4}, (8.29173e-16, 0.755193, 0.244807, 1.58569e-14))
({x2, x5}, (1.2697e-21, 0.755193, 0.244807, 6.90779e-22)) == ({x2, x5}, (1.2697e-21, 0.755193, 0.244807, 6.90779e-22))
({x2, x6}, (1.10163e-18, 0.755193, 0.244807, 2.89677e-18)) == ({x2, x6}, (1.10163e-18, 0.755193, 0.244807, 2.89677e-18))
({x2, x7}, (0.244807, 4.82319e-07, 1.3722e-08, 0.755192)) == ({x2, x7}, (0.244807, 4.82319e-07, 1.3722e-08, 0.755192))
({x2, x8}, (0.244807, 1.6381e-14, 3.69496e-15, 0.755193)) == ({x2, x8}, (0.244807, 1.6381e-14, 3.69496e-15, 0.755193))
({x2, x9}, (1.94532e-08, 0.755192, 0.244807, 6.35689e-07)) == ({x2, x9}, (1.94532e-08, 0.755192, 0.244807, 6.35689e-07))
({x3, x4}, (0.755193, 8.29173e-16, 1.58569e-14, 0.244807)) == ({x3, x4}, (0.755193, 8.29173e-16, 1.58569e-14, 0.244807))
({x3, x5}, (0.755193, 1.2697e-21, 6.90779e-22, 0.244807)) == ({x3, x5}, (0.755193, 1.2697e-21, 6.90779e-22, 0.244807))
({x3, x6}, (0.755193, 1.10163e-18, 2.89677e-18, 0.244807)) == ({x3, x6}, (0.755193, 1.10163e-18, 2.89677e-18, 0.244807))
({x3, x7}, (4.82319e-07, 0.244807, 0.755192, 1.3722e-08)) == ({x3, x7}, (4.82319e-07, 0.244807, 0.755192, 1.3722e-08))
({x3, x8}, (1.6381e-14, 0.244807, 0.755193, 3.69496e-15)) == ({x3, x8}, (1.6381e-14, 0.244807, 0.755193, 3.69496e-15))
({x3, x9}, (0.755192, 1.94532e-08, 6.35689e-07, 0.244807)) == ({x3, x9}, (0.755192, 1.94532e-08, 6.35689e-07, 0.244807))
({x4, x5}, (0.755193, 1.58569e-14, 8.29173e-16, 0.244807)) == ({x4, x5}, (0.755193, 1.58569e-14, 8.29173e-16, 0.244807))
({x4, x6}, (0.755193, 1.58569e-14, 8.29173e-16, 0.244807)) == ({x4, x6}, (0.755193, 1.58569e-14, 8.29173e-16, 0.244807))
({x4, x7}, (4.82319e-07, 0.244807, 0.755192, 1.3722e-08)) == ({x4, x7}, (4.82319e-07, 0.244807, 0.755192, 1.3722e-08))
({x4, x8}, (1.6381e-14, 0.244807, 0.755193, 1.58569e-14)) == ({x4, x8}, (1.6381e-14, 0.244807, 0.755193, 1.58569e-14))
({x4, x9}, (0.755192, 1.94532e-08, 6.35689e-07, 0.244807)) == ({x4, x9}, (0.755192, 1.94532e-08, 6.35689e-07, 0.244807))
({x5, x6}, (0.755193, 1.10163e-18, 2.89677e-18, 0.244807)) == ({x5, x6}, (0.755193, 1.10163e-18, 2.89677e-18, 0.244807))
({x5, x7}, (4.82319e-07, 0.244807, 0.755192, 1.3722e-08)) == ({x5, x7}, (4.82319e-07, 0.244807, 0.755192, 1.3722e-08))
({x5, x8}, (1.6381e-14, 0.244807, 0.755193, 3.69496e-15)) == ({x5, x8}, (1.6381e-14, 0.244807, 0.755193, 3.69496e-15))
({x5, x9}, (0.755192, 1.94532e-08, 6.35689e-07, 0.244807)) == ({x5, x9}, (0.755192, 1.94532e-08, 6.35689e-07, 0.244807))
({x6, x7}, (4.82319e-07, 0.244807, 0.755192, 1.3722e-08)) == ({x6, x7}, (4.82319e-07, 0.244807, 0.755192, 1.3722e-08))
({x6, x8}, (1.6381e-14, 0.244807, 0.755193, 3.69496e-15)) == ({x6, x8}, (1.6381e-14, 0.244807, 0.755193, 3.69496e-15))
({x6, x9}, (0.755192, 1.94532e-08, 6.35689e-07, 0.244807)) == ({x6, x9}, (0.755192, 1.94532e-08, 6.35689e-07, 0.244807))
({x7, x8}, (0.244807, 1.3722e-08, 4.82319e-07, 0.755192)) == ({x7, x8}, (0.244807, 1.3722e-08, 4.82319e-07, 0.755192))
({x7, x9}, (4.82319e-07, 0.755192, 0.244807, 6.35689e-07)) == ({x7, x9}, (4.82319e-07, 0.755192, 0.244807, 6.35689e-07))
({x8, x9}, (1.94532e-08, 0.755192, 0.244807, 6.35689e-07)) == ({x8, x9}, (1.94532e-08, 0.755192, 0.244807, 6.35689e-07))
Exact MAP state (log score = 78.5774):
x0: 1
x1: 0
x2: 1
x3: 0
x4: 0
x5: 0
x6: 0
x7: 1
x8: 1
x9: 0
