Builtin inference algorithms: {BP, EXACT, FBP, JTREE, TRWBP}

Exact variable marginals:
({x0}, (0.825937, 0.174063))
({x1}, (0.836003, 0.163997))
({x2}, (0.835794, 0.164206))
({x3}, (0.164206, 0.835794))
({x4}, (0.835794, 0.164206))
({x5}, (0.832792, 0.167208))
({x6}, (0.164206, 0.835794))
({x7}, (0.825944, 0.174056))
({x8}, (0.835794, 0.164206))
({x9}, (0.835175, 0.164825))
Exact factor marginals:
({x0}, (0.825937, 0.174063))
({x1}, (0.836003, 0.163997))
({x2}, (0.835794, 0.164206))
({x3}, (0.164206, 0.835794))
({x4}, (0.835794, 0.164206))
({x5}, (0.832792, 0.167208))
({x6}, (0.164206, 0.835794))
({x7}, (0.825944, 0.174056))
({x8}, (0.835794, 0.164206))
({x9}, (0.835175, 0.164825))
({x0, x1}, (0.825709, 0.0102936, 0.000227588, 0.16377))
({x0, x2}, (0.825743, 0.0100511, 0.000193183, 0.164012))
({x0, x3}, (0.000193183, 0.164012, 0.825743, 0.0100511))
({x0, x4}, (0.825743, 0.0100511, 0.000193183, 0.164012))
({x0, x5}, (0.825914, 0.00687799, 2.24034e-05, 0.167186))
({x0, x6}, (0.000193183, 0.164012, 0.825743, 0.0100511))
({x0, x7}, (0.825935, 8.32649e-06, 1.12551e-06, 0.174055))
({x0, x8}, (0.825743, 0.0100511, 0.000193179, 0.164012))
({x0, x9}, (0.825819, 0.00935597, 0.000117466, 0.164708))
({x1, x2}, (0.83576, 3.44052e-05, 0.00024251, 0.163963))
({x1, x3}, (0.00024251, 0.163963, 0.83576, 3.44052e-05))
({x1, x4}, (0.83576, 3.44052e-05, 0.00024251, 0.163963))
({x1, x5}, (0.832587, 0.000205185, 0.00341565, 0.163792))
({x1, x6}, (0.00024251, 0.163963, 0.83576, 3.44052e-05))
({x1, x7}, (0.825717, 0.000226471, 0.0102853, 0.163771))
({x1, x8}, (0.83576, 3.44091e-05, 0.000242523, 0.163963))
({x1, x9}, (0.835065, 0.000110122, 0.000937673, 0.163887))
({x2, x3}, (2.85043e-10, 0.164206, 0.835794, 3.6364e-12))
({x2, x4}, (0.835794, 5.00503e-13, 1.51079e-13, 0.164206))
({x2, x5}, (0.832621, 0.000170779, 0.00317314, 0.164035))
({x2, x6}, (4.93884e-10, 0.164206, 0.835794, 2.79052e-12))
({x2, x7}, (0.825752, 0.000192066, 0.0100428, 0.164013))
({x2, x8}, (0.835794, 3.88645e-09, 1.35465e-08, 0.164206))
({x2, x9}, (0.835099, 7.57167e-05, 0.000695163, 0.16413))
({x3, x4}, (2.85348e-10, 0.835794, 0.164206, 3.59141e-12))
({x3, x5}, (0.000170779, 0.832621, 0.164035, 0.00317314))
({x3, x6}, (0.164206, 2.35613e-10, 2.59267e-11, 0.835794))
({x3, x7}, (0.000192066, 0.825752, 0.164013, 0.0100428))
({x3, x8}, (3.90963e-09, 0.835794, 0.164206, 1.32883e-08))
({x3, x9}, (7.57167e-05, 0.835099, 0.16413, 0.000695163))
({x4, x5}, (0.832621, 0.000170779, 0.00317314, 0.164035))
({x4, x6}, (4.94188e-10, 0.164206, 0.835794, 2.74553e-12))
({x4, x7}, (0.825752, 0.000192066, 0.0100428, 0.164013))
({x4, x8}, (0.835794, 3.88641e-09, 1.35468e-08, 0.164206))
({x4, x9}, (0.835099, 7.57167e-05, 0.000695163, 0.16413))
({x5, x6}, (0.000170779, 0.164035, 0.832621, 0.00317314))
({x5, x7}, (0.825922, 2.12864e-05, 0.00686967, 0.167187))
({x5, x8}, (0.832621, 0.00317313, 0.000170775, 0.164035))
({x5, x9}, (0.832697, 0.00247798, 9.50626e-05, 0.16473))
({x6, x7}, (0.000192066, 0.825752, 0.164013, 0.0100428))
({x6, x8}, (3.88371e-09, 0.835794, 0.164206, 1.30527e-08))
({x6, x9}, (7.57167e-05, 0.835099, 0.16413, 0.000695163))
({x7, x8}, (0.825752, 0.0100428, 0.000192062, 0.164013))
({x7, x9}, (0.825827, 0.00934765, 0.000116349, 0.164709))
({x8, x9}, (0.835099, 7.5713e-05, 0.00069515, 0.16413))
Exact log partition sum: 61.9251
Exact MAP variable marginals:
({x0}, (0.834489, 0.165511))
({x1}, (0.834489, 0.165511))
({x2}, (0.834489, 0.165511))
({x3}, (0.165511, 0.834489))
({x4}, (0.834489, 0.165511))
({x5}, (0.834489, 0.165511))
({x6}, (0.165511, 0.834489))
({x7}, (0.834489, 0.165511))
({x8}, (0.834489, 0.165511))
({x9}, (0.834489, 0.165511))
Exact MAP factor marginals:
({x0}, (0.834489, 0.165511)) == ({x0}, (0.834489, 0.165511))
({x1}, (0.834489, 0.165511)) == ({x1}, (0.834489, 0.165511))
({x2}, (0.834489, 0.165511)) == ({x2}, (0.834489, 0.165511))
({x3}, (0.165511, 0.834489)) == ({x3}, (0.165511, 0.834489))
({x4}, (0.834489, 0.165511)) == ({x4}, (0.834489, 0.165511))
({x5}, (0.834489, 0.165511)) == ({x5}, (0.834489, 0.165511))
({x6}, (0.165511, 0.834489)) == ({x6}, (0.165511, 0.834489))
({x7}, (0.834489, 0.165511)) == ({x7}, (0.834489, 0.165511))
({x8}, (0.834489, 0.165511)) == ({x8}, (0.834489, 0.165511))
({x9}, (0.834489, 0.165511)) == ({x9}, (0.834489, 0.165511))
({x0, x1}, (0.828656, 0.00689418, 9.54019e-05, 0.164354)) == ({x0, x1}, (0.828656, 0.00689418, 9.54019e-05, 0.164354))
({x0, x2}, (0.828656, 0.00689418, 9.54019e-05, 0.164354)) == ({x0, x2}, (0.828656, 0.00689418, 9.54019e-05, 0.164354))
({x0, x3}, (9.54019e-05, 0.164354, 0.828656, 0.00689418)) == ({x0, x3}, (9.54019e-05, 0.164354, 0.828656, 0.00689418))
({x0, x4}, (0.828656, 0.00689418, 9.54019e-05, 0.164354)) == ({x0, x4}, (0.828656, 0.00689418, 9.54019e-05, 0.164354))
({x0, x5}, (0.828717, 0.00689469, 2.1364e-05, 0.164367)) == ({x0, x5}, (0.828717, 0.00689469, 2.1364e-05, 0.164367))
({x0, x6}, (9.54019e-05, 0.164354, 0.828656, 0.00689418)) == ({x0, x6}, (9.54019e-05, 0.164354, 0.828656, 0.00689418))
({x0, x7}, (0.834481, 8.41491e-06, 1.12882e-06, 0.16551)) == ({x0, x7}, (0.834481, 8.41491e-06, 1.12882e-06, 0.16551))
({x0, x8}, (0.828656, 0.00689418, 9.54019e-05, 0.164354)) == ({x0, x8}, (0.828656, 0.00689418, 9.54019e-05, 0.164354))
({x0, x9}, (0.828656, 0.00689418, 9.54019e-05, 0.164354)) == ({x0, x9}, (0.828656, 0.00689418, 9.54019e-05, 0.164354))
({x1, x2}, (0.834255, 3.47613e-05, 0.00024502, 0.165465)) == ({x1, x2}, (0.834255, 3.47613e-05, 0.00024502, 0.165465))
({x1, x3}, (0.00024502, 0.165465, 0.834255, 3.47613e-05)) == ({x1, x3}, (0.00024502, 0.165465, 0.834255, 3.47613e-05))
({x1, x4}, (0.834255, 3.47613e-05, 0.00024502, 0.165465)) == ({x1, x4}, (0.834255, 3.47613e-05, 0.00024502, 0.165465))
({x1, x5}, (0.832324, 9.58242e-05, 0.00249783, 0.165082)) == ({x1, x5}, (0.832324, 9.58242e-05, 0.00249783, 0.165082))
({x1, x6}, (0.00024502, 0.165465, 0.834255, 3.47613e-05)) == ({x1, x6}, (0.00024502, 0.165465, 0.834255, 3.47613e-05))
({x1, x7}, (0.828656, 9.54019e-05, 0.00689418, 0.164354)) == ({x1, x7}, (0.828656, 9.54019e-05, 0.00689418, 0.164354))
({x1, x8}, (0.834255, 3.47613e-05, 0.00024502, 0.165465)) == ({x1, x8}, (0.834255, 3.47613e-05, 0.00024502, 0.165465))
({x1, x9}, (0.833839, 7.64583e-05, 0.000701995, 0.165382)) == ({x1, x9}, (0.833839, 7.64583e-05, 0.000701995, 0.165382))
({x2, x3}, (2.57336e-10, 0.165511, 0.834489, 3.56007e-12)) == ({x2, x3}, (2.57336e-10, 0.165511, 0.834489, 3.56007e-12))
({x2, x4}, (0.834489, 4.49585e-13, 1.39986e-13, 0.165511)) == ({x2, x4}, (0.834489, 4.49585e-13, 1.39986e-13, 0.165511))
({x2, x5}, (0.832324, 9.58242e-05, 0.00249783, 0.165082)) == ({x2, x5}, (0.832324, 9.58242e-05, 0.00249783, 0.165082))
({x2, x6}, (2.57336e-10, 0.165511, 0.834489, 2.69422e-12)) == ({x2, x6}, (2.57336e-10, 0.165511, 0.834489, 2.69422e-12))
({x2, x7}, (0.828656, 9.54019e-05, 0.00689418, 0.164354)) == ({x2, x7}, (0.828656, 9.54019e-05, 0.00689418, 0.164354))
({x2, x8}, (0.834489, 3.90993e-09, 1.30489e-08, 0.165511)) == ({x2, x8}, (0.834489, 3.90993e-09, 1.30489e-08, 0.165511))
({x2, x9}, (0.833839, 7.64583e-05, 0.000701995, 0.165382)) == ({x2, x9}, (0.833839, 7.64583e-05, 0.000701995, 0.165382))
({x3, x4}, (2.57336e-10, 0.834489, 0.165511, 3.56007e-12)) == ({x3, x4}, (2.57336e-10, 0.834489, 0.165511, 3.56007e-12))
({x3, x5}, (9.58242e-05, 0.832324, 0.165082, 0.00249783)) == ({x3, x5}, (9.58242e-05, 0.832324, 0.165082, 0.00249783))
({x3, x6}, (0.165511, 2.31877e-10, 2.34963e-11, 0.834489)) == ({x3, x6}, (0.165511, 2.31877e-10, 2.34963e-11, 0.834489))
({x3, x7}, (9.54019e-05, 0.828656, 0.164354, 0.00689418)) == ({x3, x7}, (9.54019e-05, 0.828656, 0.164354, 0.00689418))
({x3, x8}, (3.90993e-09, 0.834489, 0.165511, 1.30489e-08)) == ({x3, x8}, (3.90993e-09, 0.834489, 0.165511, 1.30489e-08))
({x3, x9}, (7.64583e-05, 0.833839, 0.165382, 0.000701995)) == ({x3, x9}, (7.64583e-05, 0.833839, 0.165382, 0.000701995))
({x4, x5}, (0.832324, 9.58242e-05, 0.00249783, 0.165082)) == ({x4, x5}, (0.832324, 9.58242e-05, 0.00249783, 0.165082))
({x4, x6}, (2.57336e-10, 0.165511, 0.834489, 2.69422e-12)) == ({x4, x6}, (2.57336e-10, 0.165511, 0.834489, 2.69422e-12))
({x4, x7}, (0.828656, 9.54019e-05, 0.00689418, 0.164354)) == ({x4, x7}, (0.828656, 9.54019e-05, 0.00689418, 0.164354))
({x4, x8}, (0.834489, 3.90993e-09, 1.30489e-08, 0.165511)) == ({x4, x8}, (0.834489, 3.90993e-09, 1.30489e-08, 0.165511))
({x4, x9}, (0.833839, 7.64583e-05, 0.000701995, 0.165382)) == ({x4, x9}, (0.833839, 7.64583e-05, 0.000701995, 0.165382))
({x5, x6}, (9.58242e-05, 0.165082, 0.832324, 0.00249783)) == ({x5, x6}, (9.58242e-05, 0.165082, 0.832324, 0.00249783))
({x5, x7}, (0.828717, 2.1364e-05, 0.00689469, 0.164367)) == ({x5, x7}, (0.828717, 2.1364e-05, 0.00689469, 0.164367))
({x5, x8}, (0.832324, 0.00249783, 9.58242e-05, 0.165082)) == ({x5, x8}, (0.832324, 0.00249783, 9.58242e-05, 0.165082))
({x5, x9}, (0.832324, 0.00249783, 9.58242e-05, 0.165082)) == ({x5, x9}, (0.832324, 0.00249783, 9.58242e-05, 0.165082))
({x6, x7}, (9.54019e-05, 0.828656, 0.164354, 0.00689418)) == ({x6, x7}, (9.54019e-05, 0.828656, 0.164354, 0.00689418))
({x6, x8}, (3.90993e-09, 0.834489, 0.165511, 1.30489e-08)) == ({x6, x8}, (3.90993e-09, 0.834489, 0.165511, 1.30489e-08))
({x6, x9}, (7.64583e-05, 0.833839, 0.165382, 0.000701995)) == ({x6, x9}, (7.64583e-05, 0.833839, 0.165382, 0.000701995))
({x7, x8}, (0.828656, 0.00689418, 9.54019e-05, 0.164354)) == ({x7, x8}, (0.828656, 0.00689418, 9.54019e-05, 0.164354))
({x7, x9}, (0.828656, 0.00689418, 9.54019e-05, 0.164354)) == ({x7, x9}, (0.828656, 0.00689418, 9.54019e-05, 0.164354))
({x8, x9}, (0.833839, 7.64583e-05, 0.000701995, 0.165382)) == ({x8, x9}, (0.833839, 7.64583e-05, 0.000701995, 0.165382))
Exact MAP state (log score = 61.7336):
x0: 0
x1: 0
x2: 0
x3: 1
x4: 0
x5: 0
x6: 1
x7: 0
x8: 0
x9: 0
