Builtin inference algorithms: {BP, EXACT, FBP, JTREE, TRWBP}

Exact variable marginals:
({x0}, (0.263416, 0.736584))
({x1}, (0.736584, 0.263416))
({x2}, (0.737039, 0.262961))
({x3}, (0.736584, 0.263416))
({x4}, (0.736584, 0.263416))
({x5}, (0.736584, 0.263416))
({x6}, (0.736583, 0.263417))
({x7}, (0.263416, 0.736584))
({x8}, (0.736584, 0.263416))
({x9}, (0.736583, 0.263417))
Exact factor marginals:
({x0}, (0.263416, 0.736584))
({x1}, (0.736584, 0.263416))
({x2}, (0.737039, 0.262961))
({x3}, (0.736584, 0.263416))
({x4}, (0.736584, 0.263416))
({x5}, (0.736584, 0.263416))
({x6}, (0.736583, 0.263417))
({x7}, (0.263416, 0.736584))
({x8}, (0.736584, 0.263416))
({x9}, (0.736583, 0.263417))
({x0, x1}, (4.57237e-09, 0.736584, 0.263416, 1.34594e-10))
({x0, x2}, (0.00105484, 0.735985, 0.262361, 0.0005992))
({x0, x3}, (4.56325e-09, 0.736584, 0.263416, 1.25228e-10))
({x0, x4}, (7.00829e-10, 0.736584, 0.263416, 1.56272e-09))
({x0, x5}, (8.03814e-09, 0.736584, 0.263416, 1.12956e-07))
({x0, x6}, (5.53298e-07, 0.736583, 0.263416, 1.06735e-06))
({x0, x7}, (0.263416, 1.78961e-09, 3.36062e-09, 0.736584))
({x0, x8}, (4.56213e-09, 0.736584, 0.263416, 1.2408e-10))
({x0, x9}, (1.5253e-07, 0.736583, 0.263416, 6.76571e-07))
({x1, x2}, (0.735985, 0.00105484, 0.000599201, 0.262361))
({x1, x3}, (0.736584, 1.2244e-11, 1.1996e-11, 0.263416))
({x1, x4}, (0.736584, 1.43606e-10, 5.44327e-09, 0.263416))
({x1, x5}, (0.736584, 8.17257e-09, 1.17528e-07, 0.263416))
({x1, x6}, (0.736583, 5.48746e-07, 1.06724e-06, 0.263416))
({x1, x7}, (2.88821e-09, 0.263416, 0.736584, 2.14468e-11))
({x1, x8}, (0.736584, 1.11522e-11, 1.08806e-11, 0.263416))
({x1, x9}, (0.736583, 1.52664e-07, 6.81143e-07, 0.263416))
({x2, x3}, (0.735985, 0.000599201, 0.00105484, 0.262361))
({x2, x4}, (0.735985, 0.0005992, 0.00105484, 0.262361))
({x2, x5}, (0.735985, 0.000599091, 0.00105484, 0.262361))
({x2, x6}, (0.735985, 0.00059814, 0.0010543, 0.262362))
({x2, x7}, (0.00105484, 0.262361, 0.735985, 0.000599201))
({x2, x8}, (0.735985, 0.000599201, 0.00105484, 0.262361))
({x2, x9}, (0.735985, 0.000598531, 0.0010547, 0.262362))
({x3, x4}, (0.736584, 1.34241e-10, 5.43415e-09, 0.263416))
({x3, x5}, (0.736584, 8.16257e-09, 1.17519e-07, 0.263416))
({x3, x6}, (0.736583, 5.48734e-07, 1.06723e-06, 0.263416))
({x3, x7}, (2.87846e-09, 0.263416, 0.736584, 1.1447e-11))
({x3, x8}, (0.736584, 1.14941e-12, 1.12579e-12, 0.263416))
({x3, x9}, (0.736583, 1.52655e-07, 6.81134e-07, 0.263416))
({x4, x5}, (0.736584, 8.04115e-09, 1.12097e-07, 0.263416))
({x4, x6}, (0.736583, 5.54168e-07, 1.06736e-06, 0.263416))
({x4, x7}, (2.39075e-10, 0.263416, 0.736584, 2.67197e-09))
({x4, x8}, (0.736584, 5.43303e-09, 1.33092e-10, 0.263416))
({x4, x9}, (0.736583, 1.54092e-07, 6.77272e-07, 0.263416))
({x5, x6}, (0.736583, 5.5144e-07, 9.60576e-07, 0.263416))
({x5, x7}, (8.15114e-09, 0.263416, 0.736584, 1.1464e-07))
({x5, x8}, (0.736584, 1.17518e-07, 8.16205e-09, 0.263416))
({x5, x9}, (0.736583, 1.50672e-07, 5.69796e-07, 0.263416))
({x6, x7}, (5.51613e-07, 0.263416, 0.736583, 1.06724e-06))
({x6, x8}, (0.736583, 1.06723e-06, 5.48735e-07, 0.263416))
({x6, x9}, (0.736583, 3.94848e-07, 4.04835e-07, 0.263416))
({x7, x8}, (2.87797e-09, 0.736584, 0.263416, 1.09316e-11))
({x7, x9}, (1.54319e-07, 0.736583, 0.263416, 6.79932e-07))
({x8, x9}, (0.736583, 1.52654e-07, 6.81133e-07, 0.263416))
Exact log partition sum: 75.3572
Exact MAP variable marginals:
({x0}, (0.262796, 0.737204))
({x1}, (0.737204, 0.262796))
({x2}, (0.737204, 0.262796))
({x3}, (0.737204, 0.262796))
({x4}, (0.737204, 0.262796))
({x5}, (0.737204, 0.262796))
({x6}, (0.737204, 0.262796))
({x7}, (0.262796, 0.737204))
({x8}, (0.737204, 0.262796))
({x9}, (0.737204, 0.262796))
Exact MAP factor marginals:
({x0}, (0.262796, 0.737204)) == ({x0}, (0.262796, 0.737204))
({x1}, (0.737204, 0.262796)) == ({x1}, (0.737204, 0.262796))
({x2}, (0.737204, 0.262796)) == ({x2}, (0.737204, 0.262796))
({x3}, (0.737204, 0.262796)) == ({x3}, (0.737204, 0.262796))
({x4}, (0.737204, 0.262796)) == ({x4}, (0.737204, 0.262796))
({x5}, (0.737204, 0.262796)) == ({x5}, (0.737204, 0.262796))
({x6}, (0.737204, 0.262796)) == ({x6}, (0.737204, 0.262796))
({x7}, (0.262796, 0.737204)) == ({x7}, (0.262796, 0.737204))
({x8}, (0.737204, 0.262796)) == ({x8}, (0.737204, 0.262796))
({x9}, (0.737204, 0.262796)) == ({x9}, (0.737204, 0.262796))
({x0, x1}, (1.4286e-09, 0.737204, 0.262796, 9.4198e-11)) == ({x0, x1}, (1.4286e-09, 0.737204, 0.262796, 9.4198e-11))
({x0, x2}, (0.00105429, 0.735986, 0.262362, 0.000598138)) == ({x0, x2}, (0.00105429, 0.735986, 0.262362, 0.000598138))
({x0, x3}, (1.4286e-09, 0.737204, 0.262796, 9.4198e-11)) == ({x0, x3}, (1.4286e-09, 0.737204, 0.262796, 9.4198e-11))
({x0, x4}, (6.84649e-10, 0.737204, 0.262796, 1.55254e-09)) == ({x0, x4}, (6.84649e-10, 0.737204, 0.262796, 1.55254e-09))
({x0, x5}, (7.29468e-09, 0.737204, 0.262796, 1.07706e-07)) == ({x0, x5}, (7.29468e-09, 0.737204, 0.262796, 1.07706e-07))
({x0, x6}, (3.96664e-07, 0.737203, 0.262796, 5.62983e-07)) == ({x0, x6}, (3.96664e-07, 0.737203, 0.262796, 5.62983e-07))
({x0, x7}, (0.262796, 1.55254e-09, 1.4286e-09, 0.737204)) == ({x0, x7}, (0.262796, 1.55254e-09, 1.4286e-09, 0.737204))
({x0, x8}, (1.4286e-09, 0.737204, 0.262796, 9.4198e-11)) == ({x0, x8}, (1.4286e-09, 0.737204, 0.262796, 9.4198e-11))
({x0, x9}, (1.44977e-07, 0.737203, 0.262796, 5.62983e-07)) == ({x0, x9}, (1.44977e-07, 0.737203, 0.262796, 5.62983e-07))
({x1, x2}, (0.735986, 0.00105429, 0.000598138, 0.262362)) == ({x1, x2}, (0.735986, 0.00105429, 0.000598138, 0.262362))
({x1, x3}, (0.737204, 1.02096e-11, 1.0635e-11, 0.262796)) == ({x1, x3}, (0.737204, 1.02096e-11, 1.0635e-11, 0.262796))
({x1, x4}, (0.737204, 9.4198e-11, 1.55254e-09, 0.262796)) == ({x1, x4}, (0.737204, 9.4198e-11, 1.55254e-09, 0.262796))
({x1, x5}, (0.737204, 7.29468e-09, 1.07706e-07, 0.262796)) == ({x1, x5}, (0.737204, 7.29468e-09, 1.07706e-07, 0.262796))
({x1, x6}, (0.737203, 3.96664e-07, 5.62983e-07, 0.262796)) == ({x1, x6}, (0.737203, 3.96664e-07, 5.62983e-07, 0.262796))
({x1, x7}, (1.55254e-09, 0.262796, 0.737204, 1.02096e-11)) == ({x1, x7}, (1.55254e-09, 0.262796, 0.737204, 1.02096e-11))
({x1, x8}, (0.737204, 1.02096e-11, 1.0635e-11, 0.262796)) == ({x1, x8}, (0.737204, 1.02096e-11, 1.0635e-11, 0.262796))
({x1, x9}, (0.737203, 1.44977e-07, 5.62983e-07, 0.262796)) == ({x1, x9}, (0.737203, 1.44977e-07, 5.62983e-07, 0.262796))
({x2, x3}, (0.735986, 0.000598138, 0.00105429, 0.262362)) == ({x2, x3}, (0.735986, 0.000598138, 0.00105429, 0.262362))
({x2, x4}, (0.735986, 0.000598138, 0.00105429, 0.262362)) == ({x2, x4}, (0.735986, 0.000598138, 0.00105429, 0.262362))
({x2, x5}, (0.735986, 0.000598138, 0.00105429, 0.262362)) == ({x2, x5}, (0.735986, 0.000598138, 0.00105429, 0.262362))
({x2, x6}, (0.735986, 0.000598138, 0.00105429, 0.262362)) == ({x2, x6}, (0.735986, 0.000598138, 0.00105429, 0.262362))
({x2, x7}, (0.00105429, 0.262362, 0.735986, 0.000598138)) == ({x2, x7}, (0.00105429, 0.262362, 0.735986, 0.000598138))
({x2, x8}, (0.735986, 0.000598138, 0.00105429, 0.262362)) == ({x2, x8}, (0.735986, 0.000598138, 0.00105429, 0.262362))
({x2, x9}, (0.735986, 0.000598138, 0.00105429, 0.262362)) == ({x2, x9}, (0.735986, 0.000598138, 0.00105429, 0.262362))
({x3, x4}, (0.737204, 9.4198e-11, 1.55254e-09, 0.262796)) == ({x3, x4}, (0.737204, 9.4198e-11, 1.55254e-09, 0.262796))
({x3, x5}, (0.737204, 7.29468e-09, 1.07706e-07, 0.262796)) == ({x3, x5}, (0.737204, 7.29468e-09, 1.07706e-07, 0.262796))
({x3, x6}, (0.737203, 3.96664e-07, 5.62983e-07, 0.262796)) == ({x3, x6}, (0.737203, 3.96664e-07, 5.62983e-07, 0.262796))
({x3, x7}, (1.55254e-09, 0.262796, 0.737204, 9.58917e-12)) == ({x3, x7}, (1.55254e-09, 0.262796, 0.737204, 9.58917e-12))
({x3, x8}, (0.737204, 6.13711e-13, 1.00482e-12, 0.262796)) == ({x3, x8}, (0.737204, 6.13711e-13, 1.00482e-12, 0.262796))
({x3, x9}, (0.737203, 1.44977e-07, 5.62983e-07, 0.262796)) == ({x3, x9}, (0.737203, 1.44977e-07, 5.62983e-07, 0.262796))
({x4, x5}, (0.737204, 7.29468e-09, 1.07706e-07, 0.262796)) == ({x4, x5}, (0.737204, 7.29468e-09, 1.07706e-07, 0.262796))
({x4, x6}, (0.737203, 3.96664e-07, 5.62983e-07, 0.262796)) == ({x4, x6}, (0.737203, 3.96664e-07, 5.62983e-07, 0.262796))
({x4, x7}, (1.1597e-10, 0.262796, 0.737204, 1.4286e-09)) == ({x4, x7}, (1.1597e-10, 0.262796, 0.737204, 1.4286e-09))
({x4, x8}, (0.737204, 1.55254e-09, 9.4198e-11, 0.262796)) == ({x4, x8}, (0.737204, 1.55254e-09, 9.4198e-11, 0.262796))
({x4, x9}, (0.737203, 1.44977e-07, 5.62983e-07, 0.262796)) == ({x4, x9}, (0.737203, 1.44977e-07, 5.62983e-07, 0.262796))
({x5, x6}, (0.737203, 3.96664e-07, 5.62983e-07, 0.262796)) == ({x5, x6}, (0.737203, 3.96664e-07, 5.62983e-07, 0.262796))
({x5, x7}, (7.29468e-09, 0.262796, 0.737204, 1.07706e-07)) == ({x5, x7}, (7.29468e-09, 0.262796, 0.737204, 1.07706e-07))
({x5, x8}, (0.737204, 1.07706e-07, 7.29468e-09, 0.262796)) == ({x5, x8}, (0.737204, 1.07706e-07, 7.29468e-09, 0.262796))
({x5, x9}, (0.737203, 1.44977e-07, 5.62983e-07, 0.262796)) == ({x5, x9}, (0.737203, 1.44977e-07, 5.62983e-07, 0.262796))
({x6, x7}, (3.96664e-07, 0.262796, 0.737203, 5.62983e-07)) == ({x6, x7}, (3.96664e-07, 0.262796, 0.737203, 5.62983e-07))
({x6, x8}, (0.737203, 5.62983e-07, 3.96664e-07, 0.262796)) == ({x6, x8}, (0.737203, 5.62983e-07, 3.96664e-07, 0.262796))
({x6, x9}, (0.737203, 3.92411e-07, 3.96664e-07, 0.262796)) == ({x6, x9}, (0.737203, 3.92411e-07, 3.96664e-07, 0.262796))
({x7, x8}, (1.55254e-09, 0.737204, 0.262796, 9.58917e-12)) == ({x7, x8}, (1.55254e-09, 0.737204, 0.262796, 9.58917e-12))
({x7, x9}, (1.44977e-07, 0.737203, 0.262796, 5.62983e-07)) == ({x7, x9}, (1.44977e-07, 0.737203, 0.262796, 5.62983e-07))
({x8, x9}, (0.737203, 1.44977e-07, 5.62983e-07, 0.262796)) == ({x8, x9}, (0.737203, 1.44977e-07, 5.62983e-07, 0.262796))
Exact MAP state (log score = 75.0506):
x0: 1
x1: 0
x2: 0
x3: 0
x4: 0
x5: 0
x6: 0
x7: 1
x8: 0
x9: 0
