Builtin inference algorithms: {BP, EXACT, FBP, JTREE, TRWBP}

Exact variable marginals:
({x0}, (0.0272013, 0.972799))
({x1}, (0.972812, 0.0271875))
({x2}, (0.0271931, 0.972807))
({x3}, (0.972807, 0.0271931))
({x4}, (0.0271931, 0.972807))
({x5}, (0.0271931, 0.972807))
({x6}, (0.972811, 0.0271895))
({x7}, (0.431056, 0.568944))
({x8}, (0.972722, 0.0272783))
({x9}, (0.0271931, 0.972807))
Exact factor marginals:
({x0}, (0.0272013, 0.972799))
({x1}, (0.972812, 0.0271875))
({x2}, (0.0271931, 0.972807))
({x3}, (0.972807, 0.0271931))
({x4}, (0.0271931, 0.972807))
({x5}, (0.0271931, 0.972807))
({x6}, (0.972811, 0.0271895))
({x7}, (0.431056, 0.568944))
({x8}, (0.972722, 0.0272783))
({x9}, (0.0271931, 0.972807))
({x0, x1}, (1.43609e-05, 0.972798, 0.0271869, 6.13476e-07))
({x0, x2}, (0.0271931, 1.3248e-08, 8.17528e-06, 0.972799))
({x0, x3}, (8.17528e-06, 0.972799, 0.0271931, 1.34886e-08))
({x0, x4}, (0.0271931, 1.32481e-08, 8.17528e-06, 0.972799))
({x0, x5}, (0.0271931, 1.87465e-08, 8.18128e-06, 0.972799))
({x0, x6}, (1.82052e-05, 0.972792, 0.027183, 6.40809e-06))
({x0, x7}, (0.0212976, 0.409759, 0.00590368, 0.56304))
({x0, x8}, (2.32863e-06, 0.972719, 0.0271989, 7.93498e-05))
({x0, x9}, (0.0271931, 1.3248e-08, 8.17528e-06, 0.972799))
({x1, x2}, (6.18561e-06, 0.0271869, 0.972806, 6.00228e-07))
({x1, x3}, (0.972806, 6.00228e-07, 6.18585e-06, 0.0271869))
({x1, x4}, (6.18561e-06, 0.0271869, 0.972806, 6.00228e-07))
({x1, x5}, (6.19111e-06, 0.0271869, 0.972806, 6.06229e-07))
({x1, x6}, (0.972807, 3.84433e-06, 5.79461e-06, 0.0271837))
({x1, x7}, (0.409758, 0.0212982, 0.563055, 0.00588931))
({x1, x8}, (0.972719, 2.9421e-06, 9.37107e-05, 0.0271846))
({x1, x9}, (6.18561e-06, 0.0271869, 0.972806, 6.00228e-07))
({x2, x3}, (2.90747e-13, 0.972807, 0.0271931, 2.40541e-10))
({x2, x4}, (0.0271931, 7.23452e-14, 1.3661e-13, 0.972807))
({x2, x5}, (0.0271931, 5.49845e-09, 6.00102e-09, 0.972807))
({x2, x6}, (1.00299e-05, 0.972801, 0.0271831, 6.39484e-06))
({x2, x7}, (0.0212976, 0.409759, 0.0058955, 0.563048))
({x2, x8}, (2.34188e-06, 0.972719, 0.0271907, 8.75251e-05))
({x2, x9}, (0.0271931, 4.67495e-15, 6.13913e-14, 0.972807))
({x3, x4}, (2.98358e-13, 0.0271931, 0.972807, 2.40613e-10))
({x3, x5}, (5.49868e-09, 0.0271931, 0.972807, 6.2415e-09))
({x3, x6}, (0.972801, 1.00302e-05, 6.39484e-06, 0.0271831))
({x3, x7}, (0.409759, 0.0212976, 0.563048, 0.0058955))
({x3, x8}, (0.972719, 2.34212e-06, 8.75251e-05, 0.0271907))
({x3, x9}, (2.30674e-13, 0.0271931, 0.972807, 2.40537e-10))
({x4, x5}, (0.0271931, 5.49852e-09, 6.00102e-09, 0.972807))
({x4, x6}, (1.00299e-05, 0.972801, 0.0271831, 6.39484e-06))
({x4, x7}, (0.0212976, 0.409759, 0.0058955, 0.563048))
({x4, x8}, (2.34188e-06, 0.972719, 0.0271907, 8.75251e-05))
({x4, x9}, (0.0271931, 7.52359e-14, 6.7687e-14, 0.972807))
({x5, x6}, (1.00354e-05, 0.972801, 0.0271831, 6.40084e-06))
({x5, x7}, (0.0212976, 0.409759, 0.00589551, 0.563048))
({x5, x8}, (2.34737e-06, 0.972719, 0.0271907, 8.75311e-05))
({x5, x9}, (0.0271931, 6.00096e-09, 5.49845e-09, 0.972807))
({x6, x7}, (0.409752, 0.021304, 0.563058, 0.00588547))
({x6, x8}, (0.972713, 8.73672e-06, 9.75551e-05, 0.0271807))
({x6, x9}, (1.00299e-05, 0.0271831, 0.972801, 6.39484e-06))
({x7, x8}, (0.409761, 0.562961, 0.0212953, 0.00598296))
({x7, x9}, (0.0212976, 0.0058955, 0.409759, 0.563048))
({x8, x9}, (2.34188e-06, 0.0271907, 0.972719, 8.75251e-05))
Exact log partition sum: 115.002
Exact MAP variable marginals:
({x0}, (0.0364485, 0.963552))
({x1}, (0.963552, 0.0364485))
({x2}, (0.0364485, 0.963552))
({x3}, (0.963552, 0.0364485))
({x4}, (0.0364485, 0.963552))
({x5}, (0.0364485, 0.963552))
({x6}, (0.963552, 0.0364485))
({x7}, (0.421247, 0.578753))
({x8}, (0.963552, 0.0364485))
({x9}, (0.0364485, 0.963552))
Exact MAP factor marginals:
({x0}, (0.0364485, 0.963552)) == ({x0}, (0.0364485, 0.963552))
({x1}, (0.963552, 0.0364485)) == ({x1}, (0.963552, 0.0364485))
({x2}, (0.0364485, 0.963552)) == ({x2}, (0.0364485, 0.963552))
({x3}, (0.963552, 0.0364485)) == ({x3}, (0.963552, 0.0364485))
({x4}, (0.0364485, 0.963552)) == ({x4}, (0.0364485, 0.963552))
({x5}, (0.0364485, 0.963552)) == ({x5}, (0.0364485, 0.963552))
({x6}, (0.963552, 0.0364485)) == ({x6}, (0.963552, 0.0364485))
({x7}, (0.421247, 0.578753)) == ({x7}, (0.421247, 0.578753))
({x8}, (0.963552, 0.0364485)) == ({x8}, (0.963552, 0.0364485))
({x9}, (0.0364485, 0.963552)) == ({x9}, (0.0364485, 0.963552))
({x0, x1}, (1.39924e-05, 0.963537, 0.0364479, 1.02732e-06)) == ({x0, x1}, (1.39924e-05, 0.963537, 0.0364479, 1.02732e-06))
({x0, x2}, (0.036448, 2.26747e-08, 1.39924e-05, 0.963538)) == ({x0, x2}, (0.036448, 2.26747e-08, 1.39924e-05, 0.963538))
({x0, x3}, (1.39924e-05, 0.963538, 0.036448, 2.26747e-08)) == ({x0, x3}, (1.39924e-05, 0.963538, 0.036448, 2.26747e-08))
({x0, x4}, (0.036448, 2.26747e-08, 1.39924e-05, 0.963538)) == ({x0, x4}, (0.036448, 2.26747e-08, 1.39924e-05, 0.963538))
({x0, x5}, (0.036448, 2.26747e-08, 1.39924e-05, 0.963538)) == ({x0, x5}, (0.036448, 2.26747e-08, 1.39924e-05, 0.963538))
({x0, x6}, (1.39923e-05, 0.963528, 0.0364476, 9.91769e-06)) == ({x0, x6}, (1.39923e-05, 0.963528, 0.0364476, 9.91769e-06))
({x0, x7}, (0.0212975, 0.409796, 0.0058861, 0.563021)) == ({x0, x7}, (0.0212975, 0.409796, 0.0058861, 0.563021))
({x0, x8}, (3.9838e-06, 0.963417, 0.0364434, 0.00013568)) == ({x0, x8}, (3.9838e-06, 0.963417, 0.0364434, 0.00013568))
({x0, x9}, (0.036448, 2.26747e-08, 1.39924e-05, 0.963538)) == ({x0, x9}, (0.036448, 2.26747e-08, 1.39924e-05, 0.963538))
({x1, x2}, (1.0587e-05, 0.0364481, 0.96354, 1.02732e-06)) == ({x1, x2}, (1.0587e-05, 0.0364481, 0.96354, 1.02732e-06))
({x1, x3}, (0.96354, 1.02732e-06, 1.0587e-05, 0.0364481)) == ({x1, x3}, (0.96354, 1.02732e-06, 1.0587e-05, 0.0364481))
({x1, x4}, (1.0587e-05, 0.0364481, 0.96354, 1.02732e-06)) == ({x1, x4}, (1.0587e-05, 0.0364481, 0.96354, 1.02732e-06))
({x1, x5}, (1.0587e-05, 0.0364481, 0.96354, 1.02732e-06)) == ({x1, x5}, (1.0587e-05, 0.0364481, 0.96354, 1.02732e-06))
({x1, x6}, (0.963536, 6.57977e-06, 9.91777e-06, 0.0364479)) == ({x1, x6}, (0.963536, 6.57977e-06, 9.91777e-06, 0.0364479))
({x1, x7}, (0.409796, 0.0212975, 0.563021, 0.0058861)) == ({x1, x7}, (0.409796, 0.0212975, 0.563021, 0.0058861))
({x1, x8}, (0.963417, 3.9838e-06, 0.00013568, 0.0364434)) == ({x1, x8}, (0.963417, 3.9838e-06, 0.00013568, 0.0364434))
({x1, x9}, (1.0587e-05, 0.0364481, 0.96354, 1.02732e-06)) == ({x1, x9}, (1.0587e-05, 0.0364481, 0.96354, 1.02732e-06))
({x2, x3}, (3.92017e-13, 0.963552, 0.0364485, 4.11689e-10)) == ({x2, x3}, (3.92017e-13, 0.963552, 0.0364485, 4.11689e-10))
({x2, x4}, (0.0364485, 6.98243e-14, 1.17576e-13, 0.963552)) == ({x2, x4}, (0.0364485, 6.98243e-14, 1.17576e-13, 0.963552))
({x2, x5}, (0.0364485, 9.37199e-09, 1.02549e-08, 0.963552)) == ({x2, x5}, (0.0364485, 9.37199e-09, 1.02549e-08, 0.963552))
({x2, x6}, (1.05869e-05, 0.963532, 0.0364477, 9.91773e-06)) == ({x2, x6}, (1.05869e-05, 0.963532, 0.0364477, 9.91773e-06))
({x2, x7}, (0.0212975, 0.409796, 0.0058861, 0.563021)) == ({x2, x7}, (0.0212975, 0.409796, 0.0058861, 0.563021))
({x2, x8}, (3.9838e-06, 0.963417, 0.0364434, 0.00013568)) == ({x2, x8}, (3.9838e-06, 0.963417, 0.0364434, 0.00013568))
({x2, x9}, (0.0364485, 7.70419e-15, 9.05465e-14, 0.963552)) == ({x2, x9}, (0.0364485, 7.70419e-15, 9.05465e-14, 0.963552))
({x3, x4}, (3.92017e-13, 0.0364485, 0.963552, 4.11689e-10)) == ({x3, x4}, (3.92017e-13, 0.0364485, 0.963552, 4.11689e-10))
({x3, x5}, (9.37199e-09, 0.0364485, 0.963552, 1.02549e-08)) == ({x3, x5}, (9.37199e-09, 0.0364485, 0.963552, 1.02549e-08))
({x3, x6}, (0.963532, 1.05869e-05, 9.91773e-06, 0.0364477)) == ({x3, x6}, (0.963532, 1.05869e-05, 9.91773e-06, 0.0364477))
({x3, x7}, (0.409796, 0.0212975, 0.563021, 0.0058861)) == ({x3, x7}, (0.409796, 0.0212975, 0.563021, 0.0058861))
({x3, x8}, (0.963417, 3.9838e-06, 0.00013568, 0.0364434)) == ({x3, x8}, (0.963417, 3.9838e-06, 0.00013568, 0.0364434))
({x3, x9}, (3.92017e-13, 0.0364485, 0.963552, 4.11689e-10)) == ({x3, x9}, (3.92017e-13, 0.0364485, 0.963552, 4.11689e-10))
({x4, x5}, (0.0364485, 9.37199e-09, 1.02549e-08, 0.963552)) == ({x4, x5}, (0.0364485, 9.37199e-09, 1.02549e-08, 0.963552))
({x4, x6}, (1.05869e-05, 0.963532, 0.0364477, 9.91773e-06)) == ({x4, x6}, (1.05869e-05, 0.963532, 0.0364477, 9.91773e-06))
({x4, x7}, (0.0212975, 0.409796, 0.0058861, 0.563021)) == ({x4, x7}, (0.0212975, 0.409796, 0.0058861, 0.563021))
({x4, x8}, (3.9838e-06, 0.963417, 0.0364434, 0.00013568)) == ({x4, x8}, (3.9838e-06, 0.963417, 0.0364434, 0.00013568))
({x4, x9}, (0.0364485, 1.17576e-13, 6.98243e-14, 0.963552)) == ({x4, x9}, (0.0364485, 1.17576e-13, 6.98243e-14, 0.963552))
({x5, x6}, (1.05869e-05, 0.963532, 0.0364477, 9.91773e-06)) == ({x5, x6}, (1.05869e-05, 0.963532, 0.0364477, 9.91773e-06))
({x5, x7}, (0.0212975, 0.409796, 0.0058861, 0.563021)) == ({x5, x7}, (0.0212975, 0.409796, 0.0058861, 0.563021))
({x5, x8}, (3.9838e-06, 0.963417, 0.0364434, 0.00013568)) == ({x5, x8}, (3.9838e-06, 0.963417, 0.0364434, 0.00013568))
({x5, x9}, (0.0364485, 1.02549e-08, 9.37199e-09, 0.963552)) == ({x5, x9}, (0.0364485, 1.02549e-08, 9.37199e-09, 0.963552))
({x6, x7}, (0.409796, 0.0212975, 0.563021, 0.0058861)) == ({x6, x7}, (0.409796, 0.0212975, 0.563021, 0.0058861))
({x6, x8}, (0.963411, 9.91649e-06, 0.00013568, 0.0364432)) == ({x6, x8}, (0.963411, 9.91649e-06, 0.00013568, 0.0364432))
({x6, x9}, (1.05869e-05, 0.0364477, 0.963532, 9.91773e-06)) == ({x6, x9}, (1.05869e-05, 0.0364477, 0.963532, 9.91773e-06))
({x7, x8}, (0.409796, 0.563021, 0.0212975, 0.0058861)) == ({x7, x8}, (0.409796, 0.563021, 0.0212975, 0.0058861))
({x7, x9}, (0.0212975, 0.0058861, 0.409796, 0.563021)) == ({x7, x9}, (0.0212975, 0.0058861, 0.409796, 0.563021))
({x8, x9}, (3.9838e-06, 0.0364434, 0.963417, 0.00013568)) == ({x8, x9}, (3.9838e-06, 0.0364434, 0.963417, 0.00013568))
Exact MAP state (log score = 114.428):
x0: 1
x1: 0
x2: 1
x3: 0
x4: 1
x5: 1
x6: 0
x7: 1
x8: 0
x9: 1
