Builtin inference algorithms: {BP, EXACT, FBP, JTREE, TRWBP}

Exact variable marginals:
({x0}, (0.590452, 0.409548))
({x1}, (0.409548, 0.590452))
({x2}, (0.409548, 0.590452))
({x3}, (0.590452, 0.409548))
({x4}, (0.409547, 0.590453))
({x5}, (0.590449, 0.409551))
({x6}, (0.590452, 0.409548))
({x7}, (0.409548, 0.590452))
({x8}, (0.590452, 0.409548))
({x9}, (0.409548, 0.590452))
Exact factor marginals:
({x0}, (0.590452, 0.409548))
({x1}, (0.409548, 0.590452))
({x2}, (0.409548, 0.590452))
({x3}, (0.590452, 0.409548))
({x4}, (0.409547, 0.590453))
({x5}, (0.590449, 0.409551))
({x6}, (0.590452, 0.409548))
({x7}, (0.409548, 0.590452))
({x8}, (0.590452, 0.409548))
({x9}, (0.409548, 0.590452))
({x0, x1}, (2.27249e-11, 0.409548, 0.590452, 9.91098e-11))
({x0, x2}, (2.04331e-10, 0.409548, 0.590452, 1.10921e-10))
({x0, x3}, (0.590452, 2.0008e-08, 1.90209e-09, 0.409548))
({x0, x4}, (2.88903e-08, 0.409547, 0.590452, 9.99491e-07))
({x0, x5}, (0.590449, 4.42606e-07, 3.17983e-06, 0.409548))
({x0, x6}, (0.590452, 9.91099e-11, 2.27421e-11, 0.409548))
({x0, x7}, (1.81113e-09, 0.409548, 0.590452, 1.99902e-08))
({x0, x8}, (0.590452, 1.26315e-09, 6.23188e-08, 0.409548))
({x0, x9}, (2.29652e-11, 0.409548, 0.590452, 9.96102e-11))
({x1, x2}, (0.409548, 1.81612e-10, 1.18176e-11, 0.590452))
({x1, x3}, (1.99089e-08, 0.590452, 0.409548, 1.87937e-09))
({x1, x4}, (0.409547, 2.88676e-08, 9.99392e-07, 0.590452))
({x1, x5}, (4.42628e-07, 0.590449, 0.409548, 3.17992e-06))
({x1, x6}, (8.77218e-17, 0.590452, 0.409548, 1.71772e-14))
({x1, x7}, (0.409548, 1.78841e-09, 1.9891e-08, 0.590452))
({x1, x8}, (1.16405e-09, 0.590452, 0.409548, 6.2296e-08))
({x1, x9}, (0.409548, 2.40265e-13, 5.00418e-13, 0.590452))
({x2, x3}, (2.00905e-08, 0.590452, 0.409548, 1.89117e-09))
({x2, x4}, (0.409547, 2.88794e-08, 9.99574e-07, 0.590452))
({x2, x5}, (4.4281e-07, 0.590449, 0.409548, 3.17994e-06))
({x2, x6}, (1.81595e-10, 0.590452, 0.409548, 1.18175e-11))
({x2, x7}, (0.409548, 1.80021e-09, 2.00726e-08, 0.590452))
({x2, x8}, (1.34528e-09, 0.590452, 0.409548, 6.23075e-08))
({x2, x9}, (0.409548, 1.2042e-11, 1.82097e-10, 0.590452))
({x3, x4}, (2.70665e-08, 0.409547, 0.590452, 9.79562e-07))
({x3, x5}, (0.590449, 4.44508e-07, 3.19983e-06, 0.409548))
({x3, x6}, (0.590452, 1.87935e-09, 1.99089e-08, 0.409548))
({x3, x7}, (2.31261e-11, 0.409548, 0.590452, 9.62594e-11))
({x3, x8}, (0.590452, 3.04337e-09, 8.22049e-08, 0.409548))
({x3, x9}, (1.99084e-08, 0.409548, 0.590452, 1.87913e-09))
({x4, x5}, (4.71496e-07, 0.590449, 0.409547, 4.17932e-06))
({x4, x6}, (2.88676e-08, 0.590452, 0.409547, 9.99392e-07))
({x4, x7}, (0.409547, 9.79501e-07, 2.70792e-08, 0.590452))
({x4, x8}, (3.00316e-08, 0.590452, 0.409547, 1.06169e-06))
({x4, x9}, (0.409547, 9.99392e-07, 2.88674e-08, 0.590452))
({x5, x6}, (0.590449, 3.17992e-06, 4.42628e-07, 0.409548))
({x5, x7}, (4.44417e-07, 0.409548, 0.590449, 3.19982e-06))
({x5, x8}, (0.590449, 3.18109e-06, 5.04924e-07, 0.409548))
({x5, x9}, (4.42629e-07, 0.409548, 0.590449, 3.17993e-06))
({x6, x7}, (1.78839e-09, 0.409548, 0.590452, 1.9891e-08))
({x6, x8}, (0.590452, 1.16405e-09, 6.2296e-08, 0.409548))
({x6, x9}, (2.24478e-13, 0.409548, 0.590452, 5.01721e-13))
({x7, x8}, (2.95242e-09, 0.590452, 0.409548, 8.21871e-08))
({x7, x9}, (0.409548, 1.98906e-08, 1.78817e-09, 0.590452))
({x8, x9}, (1.16427e-09, 0.409548, 0.590452, 6.22965e-08))
Exact log partition sum: 77.1971
Exact MAP variable marginals:
({x0}, (0.590452, 0.409548))
({x1}, (0.409548, 0.590452))
({x2}, (0.409548, 0.590452))
({x3}, (0.590452, 0.409548))
({x4}, (0.409548, 0.590452))
({x5}, (0.590452, 0.409548))
({x6}, (0.590452, 0.409548))
({x7}, (0.409548, 0.590452))
({x8}, (0.590452, 0.409548))
({x9}, (0.409548, 0.590452))
Exact MAP factor marginals:
({x0}, (0.590452, 0.409548)) == ({x0}, (0.590452, 0.409548))
({x1}, (0.409548, 0.590452)) == ({x1}, (0.409548, 0.590452))
({x2}, (0.409548, 0.590452)) == ({x2}, (0.409548, 0.590452))
({x3}, (0.590452, 0.409548)) == ({x3}, (0.590452, 0.409548))
({x4}, (0.409548, 0.590452)) == ({x4}, (0.409548, 0.590452))
({x5}, (0.590452, 0.409548)) == ({x5}, (0.590452, 0.409548))
({x6}, (0.590452, 0.409548)) == ({x6}, (0.590452, 0.409548))
({x7}, (0.409548, 0.590452)) == ({x7}, (0.409548, 0.590452))
({x8}, (0.590452, 0.409548)) == ({x8}, (0.590452, 0.409548))
({x9}, (0.409548, 0.590452)) == ({x9}, (0.409548, 0.590452))
({x0, x1}, (2.27239e-11, 0.409548, 0.590452, 9.91049e-11)) == ({x0, x1}, (2.27239e-11, 0.409548, 0.590452, 9.91049e-11))
({x0, x2}, (1.81238e-10, 0.409548, 0.590452, 9.91049e-11)) == ({x0, x2}, (1.81238e-10, 0.409548, 0.590452, 9.91049e-11))
({x0, x3}, (0.590451, 1.98854e-08, 1.78815e-09, 0.409548)) == ({x0, x3}, (0.590451, 1.98854e-08, 1.78815e-09, 0.409548))
({x0, x4}, (2.70645e-08, 0.409548, 0.590451, 9.79484e-07)) == ({x0, x4}, (2.70645e-08, 0.409548, 0.590451, 9.79484e-07))
({x0, x5}, (0.590449, 4.42606e-07, 3.17983e-06, 0.409547)) == ({x0, x5}, (0.590449, 4.42606e-07, 3.17983e-06, 0.409547))
({x0, x6}, (0.590452, 9.91049e-11, 2.27239e-11, 0.409548)) == ({x0, x6}, (0.590452, 9.91049e-11, 2.27239e-11, 0.409548))
({x0, x7}, (1.78815e-09, 0.409548, 0.590451, 1.98854e-08)) == ({x0, x7}, (1.78815e-09, 0.409548, 0.590451, 1.98854e-08))
({x0, x8}, (0.590451, 1.16405e-09, 6.22959e-08, 0.409548)) == ({x0, x8}, (0.590451, 1.16405e-09, 6.22959e-08, 0.409548))
({x0, x9}, (2.27239e-11, 0.409548, 0.590452, 9.91049e-11)) == ({x0, x9}, (2.27239e-11, 0.409548, 0.590452, 9.91049e-11))
({x1, x2}, (0.409548, 1.81238e-10, 1.18158e-11, 0.590452)) == ({x1, x2}, (0.409548, 1.81238e-10, 1.18158e-11, 0.590452))
({x1, x3}, (1.98854e-08, 0.590451, 0.409548, 1.78815e-09)) == ({x1, x3}, (1.98854e-08, 0.590451, 0.409548, 1.78815e-09))
({x1, x4}, (0.409548, 2.70645e-08, 9.79484e-07, 0.590451)) == ({x1, x4}, (0.409548, 2.70645e-08, 9.79484e-07, 0.590451))
({x1, x5}, (4.42606e-07, 0.590449, 0.409547, 3.17983e-06)) == ({x1, x5}, (4.42606e-07, 0.590449, 0.409547, 3.17983e-06))
({x1, x6}, (5.0293e-17, 0.590452, 0.409548, 1.58366e-14)) == ({x1, x6}, (5.0293e-17, 0.590452, 0.409548, 1.58366e-14))
({x1, x7}, (0.409548, 1.78815e-09, 1.98854e-08, 0.590451)) == ({x1, x7}, (0.409548, 1.78815e-09, 1.98854e-08, 0.590451))
({x1, x8}, (1.16405e-09, 0.590451, 0.409548, 6.22959e-08)) == ({x1, x8}, (1.16405e-09, 0.590451, 0.409548, 6.22959e-08))
({x1, x9}, (0.409548, 2.19741e-13, 5.00221e-13, 0.590452)) == ({x1, x9}, (0.409548, 2.19741e-13, 5.00221e-13, 0.590452))
({x2, x3}, (1.98854e-08, 0.590451, 0.409548, 1.78815e-09)) == ({x2, x3}, (1.98854e-08, 0.590451, 0.409548, 1.78815e-09))
({x2, x4}, (0.409548, 2.70645e-08, 9.79484e-07, 0.590451)) == ({x2, x4}, (0.409548, 2.70645e-08, 9.79484e-07, 0.590451))
({x2, x5}, (4.42606e-07, 0.590449, 0.409547, 3.17983e-06)) == ({x2, x5}, (4.42606e-07, 0.590449, 0.409547, 3.17983e-06))
({x2, x6}, (1.81238e-10, 0.590452, 0.409548, 1.18158e-11)) == ({x2, x6}, (1.81238e-10, 0.590452, 0.409548, 1.18158e-11))
({x2, x7}, (0.409548, 1.78815e-09, 1.98854e-08, 0.590451)) == ({x2, x7}, (0.409548, 1.78815e-09, 1.98854e-08, 0.590451))
({x2, x8}, (1.16405e-09, 0.590451, 0.409548, 6.22959e-08)) == ({x2, x8}, (1.16405e-09, 0.590451, 0.409548, 6.22959e-08))
({x2, x9}, (0.409548, 1.18158e-11, 1.81238e-10, 0.590452)) == ({x2, x9}, (0.409548, 1.18158e-11, 1.81238e-10, 0.590452))
({x3, x4}, (2.70645e-08, 0.409548, 0.590451, 9.79484e-07)) == ({x3, x4}, (2.70645e-08, 0.409548, 0.590451, 9.79484e-07))
({x3, x5}, (0.590449, 4.42606e-07, 3.17983e-06, 0.409547)) == ({x3, x5}, (0.590449, 4.42606e-07, 3.17983e-06, 0.409547))
({x3, x6}, (0.590451, 1.78815e-09, 1.98854e-08, 0.409548)) == ({x3, x6}, (0.590451, 1.78815e-09, 1.98854e-08, 0.409548))
({x3, x7}, (2.10304e-11, 0.409548, 0.590452, 7.6187e-11)) == ({x3, x7}, (2.10304e-11, 0.409548, 0.590452, 7.6187e-11))
({x3, x8}, (0.590451, 1.78815e-09, 6.22959e-08, 0.409548)) == ({x3, x8}, (0.590451, 1.78815e-09, 6.22959e-08, 0.409548))
({x3, x9}, (1.98854e-08, 0.409548, 0.590451, 1.78815e-09)) == ({x3, x9}, (1.98854e-08, 0.409548, 0.590451, 1.78815e-09))
({x4, x5}, (4.42606e-07, 0.590449, 0.409547, 3.17983e-06)) == ({x4, x5}, (4.42606e-07, 0.590449, 0.409547, 3.17983e-06))
({x4, x6}, (2.70645e-08, 0.590451, 0.409548, 9.79484e-07)) == ({x4, x6}, (2.70645e-08, 0.590451, 0.409548, 9.79484e-07))
({x4, x7}, (0.409548, 9.79484e-07, 2.70645e-08, 0.590451)) == ({x4, x7}, (0.409548, 9.79484e-07, 2.70645e-08, 0.590451))
({x4, x8}, (2.70645e-08, 0.590451, 0.409548, 9.79484e-07)) == ({x4, x8}, (2.70645e-08, 0.590451, 0.409548, 9.79484e-07))
({x4, x9}, (0.409548, 9.79484e-07, 2.70645e-08, 0.590451)) == ({x4, x9}, (0.409548, 9.79484e-07, 2.70645e-08, 0.590451))
({x5, x6}, (0.590449, 3.17983e-06, 4.42606e-07, 0.409547)) == ({x5, x6}, (0.590449, 3.17983e-06, 4.42606e-07, 0.409547))
({x5, x7}, (4.42606e-07, 0.409547, 0.590449, 3.17983e-06)) == ({x5, x7}, (4.42606e-07, 0.409547, 0.590449, 3.17983e-06))
({x5, x8}, (0.590449, 3.17983e-06, 4.42606e-07, 0.409547)) == ({x5, x8}, (0.590449, 3.17983e-06, 4.42606e-07, 0.409547))
({x5, x9}, (4.42606e-07, 0.409547, 0.590449, 3.17983e-06)) == ({x5, x9}, (4.42606e-07, 0.409547, 0.590449, 3.17983e-06))
({x6, x7}, (1.78815e-09, 0.409548, 0.590451, 1.98854e-08)) == ({x6, x7}, (1.78815e-09, 0.409548, 0.590451, 1.98854e-08))
({x6, x8}, (0.590451, 1.16405e-09, 6.22959e-08, 0.409548)) == ({x6, x8}, (0.590451, 1.16405e-09, 6.22959e-08, 0.409548))
({x6, x9}, (2.19741e-13, 0.409548, 0.590452, 5.00221e-13)) == ({x6, x9}, (2.19741e-13, 0.409548, 0.590452, 5.00221e-13))
({x7, x8}, (1.78815e-09, 0.590451, 0.409548, 6.22959e-08)) == ({x7, x8}, (1.78815e-09, 0.590451, 0.409548, 6.22959e-08))
({x7, x9}, (0.409548, 1.98854e-08, 1.78815e-09, 0.590451)) == ({x7, x9}, (0.409548, 1.98854e-08, 1.78815e-09, 0.590451))
({x8, x9}, (1.16405e-09, 0.409548, 0.590451, 6.22959e-08)) == ({x8, x9}, (1.16405e-09, 0.409548, 0.590451, 6.22959e-08))
Exact MAP state (log score = 76.6702):
x0: 0
x1: 1
x2: 1
x3: 0
x4: 1
x5: 0
x6: 0
x7: 1
x8: 0
x9: 1
