Builtin inference algorithms: {BP, EXACT, FBP, JTREE, TRWBP}

Exact variable marginals:
({x0}, (0.700771, 0.299229))
({x1}, (0.700485, 0.299515))
({x2}, (0.705543, 0.294457))
({x3}, (0.294457, 0.705543))
({x4}, (0.70551, 0.29449))
({x5}, (0.2992, 0.7008))
({x6}, (0.705543, 0.294457))
({x7}, (0.705543, 0.294457))
({x8}, (0.705543, 0.294457))
({x9}, (0.7008, 0.2992))
Exact factor marginals:
({x0}, (0.700771, 0.299229))
({x1}, (0.700485, 0.299515))
({x2}, (0.705543, 0.294457))
({x3}, (0.294457, 0.705543))
({x4}, (0.70551, 0.29449))
({x5}, (0.2992, 0.7008))
({x6}, (0.705543, 0.294457))
({x7}, (0.705543, 0.294457))
({x8}, (0.705543, 0.294457))
({x9}, (0.7008, 0.2992))
({x0, x1}, (0.700068, 0.000417143, 0.000703758, 0.298812))
({x0, x2}, (0.698742, 0.0068018, 0.00202961, 0.292427))
({x0, x3}, (0.00202961, 0.292427, 0.698742, 0.0068018))
({x0, x4}, (0.699373, 0.00613646, 0.00139797, 0.293092))
({x0, x5}, (0.000638222, 0.298562, 0.700133, 0.000666735))
({x0, x6}, (0.698742, 0.0068018, 0.00202961, 0.292427))
({x0, x7}, (0.698742, 0.0068018, 0.00202961, 0.292427))
({x0, x8}, (0.698742, 0.0068018, 0.00202961, 0.292427))
({x0, x9}, (0.700133, 0.000666703, 0.000638168, 0.298562))
({x1, x2}, (0.699059, 0.00648486, 0.00142606, 0.29303))
({x1, x3}, (0.00142606, 0.29303, 0.699059, 0.00648486))
({x1, x4}, (0.698677, 0.0068329, 0.00180779, 0.292682))
({x1, x5}, (3.46706e-05, 0.299166, 0.70045, 0.000349799))
({x1, x6}, (0.699059, 0.00648486, 0.00142606, 0.29303))
({x1, x7}, (0.699059, 0.00648486, 0.00142606, 0.29303))
({x1, x8}, (0.699059, 0.00648486, 0.00142606, 0.29303))
({x1, x9}, (0.70045, 0.000349767, 3.46164e-05, 0.299166))
({x2, x3}, (5.48867e-11, 0.294457, 0.705543, 2.44581e-11))
({x2, x4}, (0.704878, 0.000631646, 0.000665339, 0.293825))
({x2, x5}, (0.00613506, 0.293065, 0.699408, 0.00139139))
({x2, x6}, (0.705543, 2.89563e-10, 4.31839e-10, 0.294457))
({x2, x7}, (0.705543, 4.00976e-10, 1.67568e-09, 0.294457))
({x2, x8}, (0.705543, 1.48451e-11, 7.81552e-12, 0.294457))
({x2, x9}, (0.699408, 0.00139144, 0.00613509, 0.293065))
({x3, x4}, (0.000631646, 0.704878, 0.293825, 0.000665339))
({x3, x5}, (0.293065, 0.00613506, 0.00139139, 0.699408))
({x3, x6}, (3.23452e-10, 0.705543, 0.294457, 4.353e-10))
({x3, x7}, (4.33134e-10, 0.705543, 0.294457, 1.67741e-09))
({x3, x8}, (4.70747e-11, 0.705543, 0.294457, 9.61648e-12))
({x3, x9}, (0.00139144, 0.699408, 0.293065, 0.00613509))
({x4, x5}, (0.00676618, 0.292434, 0.698744, 0.0020562))
({x4, x6}, (0.704878, 0.000665339, 0.000631646, 0.293825))
({x4, x7}, (0.704878, 0.000665337, 0.000631645, 0.293825))
({x4, x8}, (0.704878, 0.000665339, 0.000631646, 0.293825))
({x4, x9}, (0.698744, 0.00205626, 0.00676621, 0.292434))
({x5, x6}, (0.00613506, 0.699408, 0.293065, 0.00139139))
({x5, x7}, (0.00613506, 0.699408, 0.293065, 0.00139139))
({x5, x8}, (0.00613506, 0.699408, 0.293065, 0.00139139))
({x5, x9}, (5.45905e-08, 0.7008, 0.2992, 3.25688e-08))
({x6, x7}, (0.705543, 8.11815e-10, 1.94424e-09, 0.294457))
({x6, x8}, (0.705543, 4.25683e-10, 2.76377e-10, 0.294457))
({x6, x9}, (0.699408, 0.00139144, 0.0061351, 0.293065))
({x7, x8}, (0.705543, 1.66786e-09, 3.86132e-10, 0.294457))
({x7, x9}, (0.699408, 0.00139144, 0.00613509, 0.293065))
({x8, x9}, (0.699408, 0.00139144, 0.00613509, 0.293065))
Exact log partition sum: 85.8971
Exact MAP variable marginals:
({x0}, (0.704941, 0.295059))
({x1}, (0.704941, 0.295059))
({x2}, (0.704941, 0.295059))
({x3}, (0.295059, 0.704941))
({x4}, (0.704941, 0.295059))
({x5}, (0.295059, 0.704941))
({x6}, (0.704941, 0.295059))
({x7}, (0.704941, 0.295059))
({x8}, (0.704941, 0.295059))
({x9}, (0.704941, 0.295059))
Exact MAP factor marginals:
({x0}, (0.704941, 0.295059)) == ({x0}, (0.704941, 0.295059))
({x1}, (0.704941, 0.295059)) == ({x1}, (0.704941, 0.295059))
({x2}, (0.704941, 0.295059)) == ({x2}, (0.704941, 0.295059))
({x3}, (0.295059, 0.704941)) == ({x3}, (0.295059, 0.704941))
({x4}, (0.704941, 0.295059)) == ({x4}, (0.704941, 0.295059))
({x5}, (0.295059, 0.704941)) == ({x5}, (0.295059, 0.704941))
({x6}, (0.704941, 0.295059)) == ({x6}, (0.704941, 0.295059))
({x7}, (0.704941, 0.295059)) == ({x7}, (0.704941, 0.295059))
({x8}, (0.704941, 0.295059)) == ({x8}, (0.704941, 0.295059))
({x9}, (0.704941, 0.295059)) == ({x9}, (0.704941, 0.295059))
({x0, x1}, (0.704221, 0.000415915, 0.000605549, 0.294757)) == ({x0, x1}, (0.704221, 0.000415915, 0.000605549, 0.294757))
({x0, x2}, (0.699628, 0.0061432, 0.00139332, 0.292835)) == ({x0, x2}, (0.699628, 0.0061432, 0.00139332, 0.292835))
({x0, x3}, (0.00139332, 0.292835, 0.699628, 0.0061432)) == ({x0, x3}, (0.00139332, 0.292835, 0.699628, 0.0061432))
({x0, x4}, (0.699628, 0.0061432, 0.00139332, 0.292835)) == ({x0, x4}, (0.699628, 0.0061432, 0.00139332, 0.292835))
({x0, x5}, (0.000605549, 0.294757, 0.704221, 0.000415915)) == ({x0, x5}, (0.000605549, 0.294757, 0.704221, 0.000415915))
({x0, x6}, (0.699628, 0.0061432, 0.00139332, 0.292835)) == ({x0, x6}, (0.699628, 0.0061432, 0.00139332, 0.292835))
({x0, x7}, (0.699628, 0.0061432, 0.00139332, 0.292835)) == ({x0, x7}, (0.699628, 0.0061432, 0.00139332, 0.292835))
({x0, x8}, (0.699628, 0.0061432, 0.00139332, 0.292835)) == ({x0, x8}, (0.699628, 0.0061432, 0.00139332, 0.292835))
({x0, x9}, (0.704221, 0.000415915, 0.000605549, 0.294757)) == ({x0, x9}, (0.704221, 0.000415915, 0.000605549, 0.294757))
({x1, x2}, (0.699628, 0.0061432, 0.00139332, 0.292835)) == ({x1, x2}, (0.699628, 0.0061432, 0.00139332, 0.292835))
({x1, x3}, (0.00139332, 0.292835, 0.699628, 0.0061432)) == ({x1, x3}, (0.00139332, 0.292835, 0.699628, 0.0061432))
({x1, x4}, (0.699628, 0.0061432, 0.00139332, 0.292835)) == ({x1, x4}, (0.699628, 0.0061432, 0.00139332, 0.292835))
({x1, x5}, (3.1131e-05, 0.294975, 0.70474, 0.000254418)) == ({x1, x5}, (3.1131e-05, 0.294975, 0.70474, 0.000254418))
({x1, x6}, (0.699628, 0.0061432, 0.00139332, 0.292835)) == ({x1, x6}, (0.699628, 0.0061432, 0.00139332, 0.292835))
({x1, x7}, (0.699628, 0.0061432, 0.00139332, 0.292835)) == ({x1, x7}, (0.699628, 0.0061432, 0.00139332, 0.292835))
({x1, x8}, (0.699628, 0.0061432, 0.00139332, 0.292835)) == ({x1, x8}, (0.699628, 0.0061432, 0.00139332, 0.292835))
({x1, x9}, (0.70474, 0.000254418, 3.1131e-05, 0.294975)) == ({x1, x9}, (0.70474, 0.000254418, 3.1131e-05, 0.294975))
({x2, x3}, (4.69844e-11, 0.295059, 0.704941, 1.21752e-11)) == ({x2, x3}, (4.69844e-11, 0.295059, 0.704941, 1.21752e-11))
({x2, x4}, (0.704221, 0.000605549, 0.000415915, 0.294757)) == ({x2, x4}, (0.704221, 0.000605549, 0.000415915, 0.294757))
({x2, x5}, (0.0061432, 0.292835, 0.699628, 0.00139332)) == ({x2, x5}, (0.0061432, 0.292835, 0.699628, 0.00139332))
({x2, x6}, (0.704941, 2.78216e-10, 4.28497e-10, 0.295059)) == ({x2, x6}, (0.704941, 2.78216e-10, 4.28497e-10, 0.295059))
({x2, x7}, (0.704941, 3.88934e-10, 1.68211e-09, 0.295059)) == ({x2, x7}, (0.704941, 3.88934e-10, 1.68211e-09, 0.295059))
({x2, x8}, (0.704941, 1.21752e-11, 5.00448e-12, 0.295059)) == ({x2, x8}, (0.704941, 1.21752e-11, 5.00448e-12, 0.295059))
({x2, x9}, (0.699628, 0.00139332, 0.0061432, 0.292835)) == ({x2, x9}, (0.699628, 0.00139332, 0.0061432, 0.292835))
({x3, x4}, (0.000605549, 0.704221, 0.294757, 0.000415915)) == ({x3, x4}, (0.000605549, 0.704221, 0.294757, 0.000415915))
({x3, x5}, (0.292835, 0.0061432, 0.00139332, 0.699628)) == ({x3, x5}, (0.292835, 0.0061432, 0.00139332, 0.699628))
({x3, x6}, (2.78216e-10, 0.704941, 0.295059, 4.28497e-10)) == ({x3, x6}, (2.78216e-10, 0.704941, 0.295059, 4.28497e-10))
({x3, x7}, (3.88934e-10, 0.704941, 0.295059, 1.68211e-09)) == ({x3, x7}, (3.88934e-10, 0.704941, 0.295059, 1.68211e-09))
({x3, x8}, (4.69844e-11, 0.704941, 0.295059, 9.32976e-12)) == ({x3, x8}, (4.69844e-11, 0.704941, 0.295059, 9.32976e-12))
({x3, x9}, (0.00139332, 0.699628, 0.292835, 0.0061432)) == ({x3, x9}, (0.00139332, 0.699628, 0.292835, 0.0061432))
({x4, x5}, (0.0061432, 0.292835, 0.699628, 0.00139332)) == ({x4, x5}, (0.0061432, 0.292835, 0.699628, 0.00139332))
({x4, x6}, (0.704221, 0.000415915, 0.000605549, 0.294757)) == ({x4, x6}, (0.704221, 0.000415915, 0.000605549, 0.294757))
({x4, x7}, (0.704221, 0.000415915, 0.000605549, 0.294757)) == ({x4, x7}, (0.704221, 0.000415915, 0.000605549, 0.294757))
({x4, x8}, (0.704221, 0.000415915, 0.000605549, 0.294757)) == ({x4, x8}, (0.704221, 0.000415915, 0.000605549, 0.294757))
({x4, x9}, (0.699628, 0.00139332, 0.0061432, 0.292835)) == ({x4, x9}, (0.699628, 0.00139332, 0.0061432, 0.292835))
({x5, x6}, (0.0061432, 0.699628, 0.292835, 0.00139332)) == ({x5, x6}, (0.0061432, 0.699628, 0.292835, 0.00139332))
({x5, x7}, (0.0061432, 0.699628, 0.292835, 0.00139332)) == ({x5, x7}, (0.0061432, 0.699628, 0.292835, 0.00139332))
({x5, x8}, (0.0061432, 0.699628, 0.292835, 0.00139332)) == ({x5, x8}, (0.0061432, 0.699628, 0.292835, 0.00139332))
({x5, x9}, (5.47625e-08, 0.704941, 0.295059, 3.27342e-08)) == ({x5, x9}, (5.47625e-08, 0.704941, 0.295059, 3.27342e-08))
({x6, x7}, (0.704941, 4.28497e-10, 1.68211e-09, 0.295059)) == ({x6, x7}, (0.704941, 4.28497e-10, 1.68211e-09, 0.295059))
({x6, x8}, (0.704941, 4.28497e-10, 2.78216e-10, 0.295059)) == ({x6, x8}, (0.704941, 4.28497e-10, 2.78216e-10, 0.295059))
({x6, x9}, (0.699628, 0.00139332, 0.0061432, 0.292835)) == ({x6, x9}, (0.699628, 0.00139332, 0.0061432, 0.292835))
({x7, x8}, (0.704941, 1.68211e-09, 3.88934e-10, 0.295059)) == ({x7, x8}, (0.704941, 1.68211e-09, 3.88934e-10, 0.295059))
({x7, x9}, (0.699628, 0.00139332, 0.0061432, 0.292835)) == ({x7, x9}, (0.699628, 0.00139332, 0.0061432, 0.292835))
({x8, x9}, (0.699628, 0.00139332, 0.0061432, 0.292835)) == ({x8, x9}, (0.699628, 0.00139332, 0.0061432, 0.292835))
Exact MAP state (log score = 85.5385):
x0: 0
x1: 0
x2: 0
x3: 1
x4: 0
x5: 1
x6: 0
x7: 0
x8: 0
x9: 0
