Builtin inference algorithms: {BP, EXACT, FBP, JTREE, TRWBP}

Exact variable marginals:
({x0}, (0.982506, 0.0174936))
({x1}, (0.0200821, 0.979918))
({x2}, (0.0226048, 0.977395))
({x3}, (0.979918, 0.0200822))
({x4}, (0.979918, 0.0200822))
({x5}, (0.00221573, 0.997784))
({x6}, (0.979918, 0.0200822))
({x7}, (0.0174936, 0.982506))
({x8}, (0.0174935, 0.982506))
({x9}, (0.00221563, 0.997784))
Exact factor marginals:
({x0}, (0.982506, 0.0174936))
({x1}, (0.0200821, 0.979918))
({x2}, (0.0226048, 0.977395))
({x3}, (0.979918, 0.0200822))
({x4}, (0.979918, 0.0200822))
({x5}, (0.00221573, 0.997784))
({x6}, (0.979918, 0.0200822))
({x7}, (0.0174936, 0.982506))
({x8}, (0.0174935, 0.982506))
({x9}, (0.00221563, 0.997784))
({x0, x1}, (0.0197231, 0.000358995, 0.962783, 0.0171346))
({x0, x2}, (0.00511227, 0.0174926, 0.977394, 9.92772e-07))
({x0, x3}, (0.962783, 0.0171346, 0.0197232, 0.000358995))
({x0, x4}, (0.962783, 0.0171346, 0.0197232, 0.000358995))
({x0, x5}, (0.000264998, 0.00195073, 0.982241, 0.0155428))
({x0, x6}, (0.962783, 0.0171346, 0.0197232, 0.000358995))
({x0, x7}, (2.17246e-11, 0.0174936, 0.982506, 1.71054e-10))
({x0, x8}, (7.40338e-10, 0.0174935, 0.982506, 1.63069e-08))
({x0, x9}, (0.000264909, 0.00195072, 0.982242, 0.0155428))
({x1, x2}, (0.000358002, 0.0222468, 0.0197241, 0.957671))
({x1, x3}, (2.25029e-09, 0.979918, 0.0200821, 2.40583e-08))
({x1, x4}, (2.25002e-09, 0.979918, 0.0200821, 2.4058e-08))
({x1, x5}, (0.0006239, 0.00159183, 0.0194582, 0.978326))
({x1, x6}, (2.25001e-09, 0.979918, 0.0200821, 2.40577e-08))
({x1, x7}, (0.000358995, 0.0171346, 0.0197231, 0.962783))
({x1, x8}, (0.000358996, 0.0171345, 0.0197231, 0.962783))
({x1, x9}, (0.000623904, 0.00159172, 0.0194582, 0.978326))
({x2, x3}, (0.0222468, 0.957671, 0.000358002, 0.0197242))
({x2, x4}, (0.0222468, 0.957671, 0.000358002, 0.0197242))
({x2, x5}, (0.00194984, 0.000265897, 0.020655, 0.977129))
({x2, x6}, (0.0222468, 0.957671, 0.000358002, 0.0197242))
({x2, x7}, (0.0174926, 9.92792e-07, 0.00511227, 0.977394))
({x2, x8}, (0.0174926, 9.9351e-07, 0.00511229, 0.977394))
({x2, x9}, (0.00194973, 0.000265901, 0.0206551, 0.977129))
({x3, x4}, (0.979918, 3.33065e-13, 2.7686e-13, 0.0200822))
({x3, x5}, (0.00159183, 0.000623899, 0.978326, 0.0194583))
({x3, x6}, (0.979918, 5.87867e-13, 2.89909e-13, 0.0200822))
({x3, x7}, (0.0171346, 0.000358995, 0.962783, 0.0197232))
({x3, x8}, (0.0171345, 0.000358995, 0.962783, 0.0197232))
({x3, x9}, (0.00159172, 0.000623903, 0.978326, 0.0194583))
({x4, x5}, (0.00159183, 0.000623899, 0.978326, 0.0194583))
({x4, x6}, (0.979918, 2.60332e-13, 1.85791e-14, 0.0200822))
({x4, x7}, (0.0171346, 0.000358995, 0.962783, 0.0197232))
({x4, x8}, (0.0171345, 0.000358995, 0.962783, 0.0197232))
({x4, x9}, (0.00159172, 0.000623903, 0.978326, 0.0194583))
({x5, x6}, (0.00159183, 0.978326, 0.000623899, 0.0194583))
({x5, x7}, (0.00195073, 0.0155428, 0.000264998, 0.982241))
({x5, x8}, (0.00195072, 0.0155428, 0.000265015, 0.982241))
({x5, x9}, (0.00221562, 7.99963e-09, 1.14549e-07, 0.997784))
({x6, x7}, (0.0171346, 0.000358995, 0.962783, 0.0197232))
({x6, x8}, (0.0171345, 0.000358995, 0.962783, 0.0197232))
({x6, x9}, (0.00159172, 0.000623903, 0.978326, 0.0194583))
({x7, x8}, (0.0174935, 7.19048e-10, 1.61363e-08, 0.982506))
({x7, x9}, (0.00195072, 0.000264909, 0.0155428, 0.982242))
({x8, x9}, (0.00195072, 0.000264908, 0.0155428, 0.982242))
Exact log partition sum: 93.0611
Exact MAP variable marginals:
({x0}, (0.984029, 0.0159706))
({x1}, (0.0199137, 0.980086))
({x2}, (0.0159706, 0.984029))
({x3}, (0.980086, 0.0199137))
({x4}, (0.980086, 0.0199137))
({x5}, (0.00165932, 0.998341))
({x6}, (0.980086, 0.0199137))
({x7}, (0.0159706, 0.984029))
({x8}, (0.0159706, 0.984029))
({x9}, (0.00165932, 0.998341))
Exact MAP factor marginals:
({x0}, (0.984029, 0.0159706)) == ({x0}, (0.984029, 0.0159706))
({x1}, (0.0199137, 0.980086)) == ({x1}, (0.0199137, 0.980086))
({x2}, (0.0159706, 0.984029)) == ({x2}, (0.0159706, 0.984029))
({x3}, (0.980086, 0.0199137)) == ({x3}, (0.980086, 0.0199137))
({x4}, (0.980086, 0.0199137)) == ({x4}, (0.980086, 0.0199137))
({x5}, (0.00165932, 0.998341)) == ({x5}, (0.00165932, 0.998341))
({x6}, (0.980086, 0.0199137)) == ({x6}, (0.980086, 0.0199137))
({x7}, (0.0159706, 0.984029)) == ({x7}, (0.0159706, 0.984029))
({x8}, (0.0159706, 0.984029)) == ({x8}, (0.0159706, 0.984029))
({x9}, (0.00165932, 0.998341)) == ({x9}, (0.00165932, 0.998341))
({x0, x1}, (0.0195948, 0.000360515, 0.964393, 0.0156519)) == ({x0, x1}, (0.0195948, 0.000360515, 0.964393, 0.0156519))
({x0, x2}, (0.00522543, 0.0158871, 0.978886, 1.01396e-06)) == ({x0, x2}, (0.00522543, 0.0158871, 0.978886, 1.01396e-06))
({x0, x3}, (0.964393, 0.0156519, 0.0195948, 0.000360515)) == ({x0, x3}, (0.964393, 0.0156519, 0.0195948, 0.000360515))
({x0, x4}, (0.964393, 0.0156519, 0.0195948, 0.000360515)) == ({x0, x4}, (0.964393, 0.0156519, 0.0195948, 0.000360515))
({x0, x5}, (0.000271677, 0.00163241, 0.982156, 0.0159402)) == ({x0, x5}, (0.000271677, 0.00163241, 0.982156, 0.0159402))
({x0, x6}, (0.964393, 0.0156519, 0.0195948, 0.000360515)) == ({x0, x6}, (0.964393, 0.0156519, 0.0195948, 0.000360515))
({x0, x7}, (2.12347e-11, 0.0159706, 0.984029, 1.63669e-10)) == ({x0, x7}, (2.12347e-11, 0.0159706, 0.984029, 1.63669e-10))
({x0, x8}, (6.51532e-10, 0.0159706, 0.984029, 1.64473e-08)) == ({x0, x8}, (6.51532e-10, 0.0159706, 0.984029, 1.64473e-08))
({x0, x9}, (0.000271677, 0.00163241, 0.982156, 0.0159402)) == ({x0, x9}, (0.000271677, 0.00163241, 0.982156, 0.0159402))
({x1, x2}, (0.000360515, 0.0156519, 0.0195948, 0.964393)) == ({x1, x2}, (0.000360515, 0.0156519, 0.0195948, 0.964393))
({x1, x3}, (1.79111e-09, 0.980086, 0.0199137, 2.46178e-08)) == ({x1, x3}, (1.79111e-09, 0.980086, 0.0199137, 2.46178e-08))
({x1, x4}, (1.79111e-09, 0.980086, 0.0199137, 2.46178e-08)) == ({x1, x4}, (1.79111e-09, 0.980086, 0.0199137, 2.46178e-08))
({x1, x5}, (0.000365652, 0.00162573, 0.019874, 0.978135)) == ({x1, x5}, (0.000365652, 0.00162573, 0.019874, 0.978135))
({x1, x6}, (1.79111e-09, 0.980086, 0.0199137, 2.46178e-08)) == ({x1, x6}, (1.79111e-09, 0.980086, 0.0199137, 2.46178e-08))
({x1, x7}, (0.000360515, 0.0156519, 0.0195948, 0.964393)) == ({x1, x7}, (0.000360515, 0.0156519, 0.0195948, 0.964393))
({x1, x8}, (0.000360515, 0.0156519, 0.0195948, 0.964393)) == ({x1, x8}, (0.000360515, 0.0156519, 0.0195948, 0.964393))
({x1, x9}, (0.000365652, 0.00162573, 0.019874, 0.978135)) == ({x1, x9}, (0.000365652, 0.00162573, 0.019874, 0.978135))
({x2, x3}, (0.0156519, 0.964393, 0.000360515, 0.0195948)) == ({x2, x3}, (0.0156519, 0.964393, 0.000360515, 0.0195948))
({x2, x4}, (0.0156519, 0.964393, 0.000360515, 0.0195948)) == ({x2, x4}, (0.0156519, 0.964393, 0.000360515, 0.0195948))
({x2, x5}, (0.00163241, 0.000271677, 0.0159402, 0.982156)) == ({x2, x5}, (0.00163241, 0.000271677, 0.0159402, 0.982156))
({x2, x6}, (0.0156519, 0.964393, 0.000360515, 0.0195948)) == ({x2, x6}, (0.0156519, 0.964393, 0.000360515, 0.0195948))
({x2, x7}, (0.0158871, 1.01396e-06, 0.00522543, 0.978886)) == ({x2, x7}, (0.0158871, 1.01396e-06, 0.00522543, 0.978886))
({x2, x8}, (0.0158871, 1.01396e-06, 0.00522543, 0.978886)) == ({x2, x8}, (0.0158871, 1.01396e-06, 0.00522543, 0.978886))
({x2, x9}, (0.00163241, 0.000271677, 0.0159402, 0.982156)) == ({x2, x9}, (0.00163241, 0.000271677, 0.0159402, 0.982156))
({x3, x4}, (0.980086, 3.22353e-13, 2.22105e-13, 0.0199137)) == ({x3, x4}, (0.980086, 3.22353e-13, 2.22105e-13, 0.0199137))
({x3, x5}, (0.00162573, 0.000365652, 0.978135, 0.019874)) == ({x3, x5}, (0.00162573, 0.000365652, 0.978135, 0.019874))
({x3, x6}, (0.980086, 3.22353e-13, 2.22105e-13, 0.0199137)) == ({x3, x6}, (0.980086, 3.22353e-13, 2.22105e-13, 0.0199137))
({x3, x7}, (0.0156519, 0.000360515, 0.964393, 0.0195948)) == ({x3, x7}, (0.0156519, 0.000360515, 0.964393, 0.0195948))
({x3, x8}, (0.0156519, 0.000360515, 0.964393, 0.0195948)) == ({x3, x8}, (0.0156519, 0.000360515, 0.964393, 0.0195948))
({x3, x9}, (0.00162573, 0.000365652, 0.978135, 0.019874)) == ({x3, x9}, (0.00162573, 0.000365652, 0.978135, 0.019874))
({x4, x5}, (0.00162573, 0.000365652, 0.978135, 0.019874)) == ({x4, x5}, (0.00162573, 0.000365652, 0.978135, 0.019874))
({x4, x6}, (0.980086, 2.44297e-13, 1.40028e-14, 0.0199137)) == ({x4, x6}, (0.980086, 2.44297e-13, 1.40028e-14, 0.0199137))
({x4, x7}, (0.0156519, 0.000360515, 0.964393, 0.0195948)) == ({x4, x7}, (0.0156519, 0.000360515, 0.964393, 0.0195948))
({x4, x8}, (0.0156519, 0.000360515, 0.964393, 0.0195948)) == ({x4, x8}, (0.0156519, 0.000360515, 0.964393, 0.0195948))
({x4, x9}, (0.00162573, 0.000365652, 0.978135, 0.019874)) == ({x4, x9}, (0.00162573, 0.000365652, 0.978135, 0.019874))
({x5, x6}, (0.00162573, 0.978135, 0.000365652, 0.019874)) == ({x5, x6}, (0.00162573, 0.978135, 0.000365652, 0.019874))
({x5, x7}, (0.00163241, 0.0159402, 0.000271677, 0.982156)) == ({x5, x7}, (0.00163241, 0.0159402, 0.000271677, 0.982156))
({x5, x8}, (0.00163241, 0.0159402, 0.000271677, 0.982156)) == ({x5, x8}, (0.00163241, 0.0159402, 0.000271677, 0.982156))
({x5, x9}, (0.00165932, 3.66905e-09, 9.69078e-08, 0.998341)) == ({x5, x9}, (0.00165932, 3.66905e-09, 9.69078e-08, 0.998341))
({x6, x7}, (0.0156519, 0.000360515, 0.964393, 0.0195948)) == ({x6, x7}, (0.0156519, 0.000360515, 0.964393, 0.0195948))
({x6, x8}, (0.0156519, 0.000360515, 0.964393, 0.0195948)) == ({x6, x8}, (0.0156519, 0.000360515, 0.964393, 0.0195948))
({x6, x9}, (0.00162573, 0.000365652, 0.978135, 0.019874)) == ({x6, x9}, (0.00162573, 0.000365652, 0.978135, 0.019874))
({x7, x8}, (0.0159706, 6.51532e-10, 1.64473e-08, 0.984029)) == ({x7, x8}, (0.0159706, 6.51532e-10, 1.64473e-08, 0.984029))
({x7, x9}, (0.00163241, 0.000271677, 0.0159402, 0.982156)) == ({x7, x9}, (0.00163241, 0.000271677, 0.0159402, 0.982156))
({x8, x9}, (0.00163241, 0.000271677, 0.0159402, 0.982156)) == ({x8, x9}, (0.00163241, 0.000271677, 0.0159402, 0.982156))
Exact MAP state (log score = 93.0178):
x0: 0
x1: 1
x2: 1
x3: 0
x4: 0
x5: 1
x6: 0
x7: 1
x8: 1
x9: 1
