Builtin inference algorithms: {BP, EXACT, FBP, JTREE, TRWBP}

Exact variable marginals:
({x0}, (0.939348, 0.0606516))
({x1}, (0.0695926, 0.930407))
({x2}, (0.939357, 0.0606429))
({x3}, (0.939334, 0.0606656))
({x4}, (0.939346, 0.0606541))
({x5}, (0.932826, 0.0671742))
({x6}, (0.0670728, 0.932927))
({x7}, (0.060654, 0.939346))
({x8}, (0.939348, 0.0606516))
({x9}, (0.939348, 0.0606516))
Exact factor marginals:
({x0}, (0.939348, 0.0606516))
({x1}, (0.0695926, 0.930407))
({x2}, (0.939357, 0.0606429))
({x3}, (0.939334, 0.0606656))
({x4}, (0.939346, 0.0606541))
({x5}, (0.932826, 0.0671742))
({x6}, (0.0670728, 0.932927))
({x7}, (0.060654, 0.939346))
({x8}, (0.939348, 0.0606516))
({x9}, (0.939348, 0.0606516))
({x0, x1}, (0.0103968, 0.0591958, 0.928952, 0.00145583))
({x0, x2}, (0.938714, 0.000643458, 0.000634809, 0.0600081))
({x0, x3}, (0.939333, 1.48315e-06, 1.54693e-05, 0.0606501))
({x0, x4}, (0.939346, 1.76495e-08, 2.5427e-06, 0.0606516))
({x0, x5}, (0.932814, 1.20042e-05, 0.00653459, 0.0606396))
({x0, x6}, (0.0064314, 0.0606414, 0.932917, 1.02236e-05))
({x0, x7}, (2.47569e-06, 0.0606516, 0.939346, 1.70094e-08))
({x0, x8}, (0.939348, 7.73665e-10, 1.36531e-08, 0.0606516))
({x0, x9}, (0.939348, 9.70441e-10, 5.30083e-09, 0.0606516))
({x1, x2}, (0.00976205, 0.929595, 0.0598306, 0.000812376))
({x1, x3}, (0.0103983, 0.928936, 0.0591943, 0.0014713))
({x1, x4}, (0.0103969, 0.928949, 0.0591958, 0.00145836))
({x1, x5}, (0.0104088, 0.922417, 0.0591838, 0.0079904))
({x1, x6}, (0.0591855, 0.00788722, 0.0104071, 0.92252))
({x1, x7}, (0.0591958, 0.00145829, 0.0103969, 0.928949))
({x1, x8}, (0.0103968, 0.928952, 0.0591958, 0.00145583))
({x1, x9}, (0.0103968, 0.928952, 0.0591958, 0.00145583))
({x2, x3}, (0.938698, 0.000636292, 0.000658928, 0.0600066))
({x2, x4}, (0.938711, 0.000634812, 0.000645987, 0.0600081))
({x2, x5}, (0.932179, 0.000646797, 0.00717803, 0.0599961))
({x2, x6}, (0.00707485, 0.0599979, 0.932282, 0.000645017))
({x2, x7}, (0.000645921, 0.0600081, 0.938711, 0.000634812))
({x2, x8}, (0.938714, 0.000634795, 0.000643458, 0.0600081))
({x2, x9}, (0.938714, 0.000634803, 0.000643457, 0.0600081))
({x3, x4}, (0.939333, 1.30081e-05, 1.54699e-06, 0.0606526))
({x3, x5}, (0.932815, 1.05998e-05, 0.0065192, 0.060655))
({x3, x6}, (0.00641881, 0.060654, 0.932916, 1.16157e-05))
({x3, x7}, (1.47939e-06, 0.0606526, 0.939333, 1.30068e-05))
({x3, x8}, (0.939333, 1.547e-05, 1.49674e-06, 0.0606501))
({x3, x9}, (0.939333, 1.54701e-05, 1.48836e-06, 0.0606501))
({x4, x5}, (0.932814, 1.19865e-05, 0.00653205, 0.0606421))
({x4, x6}, (0.00642886, 0.0606439, 0.932917, 1.0206e-05))
({x4, x7}, (1.23818e-09, 0.060654, 0.939346, 6.76034e-08))
({x4, x8}, (0.939346, 2.52917e-06, 1.70066e-08, 0.0606516))
({x4, x9}, (0.939346, 2.53878e-06, 1.80689e-08, 0.0606516))
({x5, x6}, (1.78075e-06, 0.067071, 0.932824, 0.000103187))
({x5, x7}, (1.19871e-05, 0.0606421, 0.932814, 0.00653212))
({x5, x8}, (0.932814, 0.00653458, 1.20035e-05, 0.0606396))
({x5, x9}, (0.932814, 0.00653459, 1.20034e-05, 0.0606396))
({x6, x7}, (0.0606438, 1.02066e-05, 0.00642893, 0.932917))
({x6, x8}, (0.00643139, 0.932917, 0.0606414, 1.02229e-05))
({x6, x9}, (0.0064314, 0.932917, 0.0606414, 1.02227e-05))
({x7, x8}, (2.46315e-06, 0.939346, 0.0606516, 1.73509e-08))
({x7, x9}, (2.47277e-06, 0.939346, 0.0606516, 1.84153e-08))
({x8, x9}, (0.939348, 9.62739e-09, 1.07836e-09, 0.0606516))
Exact log partition sum: 84.3794
Exact MAP variable marginals:
({x0}, (0.939707, 0.060293))
({x1}, (0.060293, 0.939707))
({x2}, (0.939707, 0.060293))
({x3}, (0.939707, 0.060293))
({x4}, (0.939707, 0.060293))
({x5}, (0.939707, 0.060293))
({x6}, (0.060293, 0.939707))
({x7}, (0.060293, 0.939707))
({x8}, (0.939707, 0.060293))
({x9}, (0.939707, 0.060293))
Exact MAP factor marginals:
({x0}, (0.939707, 0.060293)) == ({x0}, (0.939707, 0.060293))
({x1}, (0.060293, 0.939707)) == ({x1}, (0.060293, 0.939707))
({x2}, (0.939707, 0.060293)) == ({x2}, (0.939707, 0.060293))
({x3}, (0.939707, 0.060293)) == ({x3}, (0.939707, 0.060293))
({x4}, (0.939707, 0.060293)) == ({x4}, (0.939707, 0.060293))
({x5}, (0.939707, 0.060293)) == ({x5}, (0.939707, 0.060293))
({x6}, (0.060293, 0.939707)) == ({x6}, (0.060293, 0.939707))
({x7}, (0.060293, 0.939707)) == ({x7}, (0.060293, 0.939707))
({x8}, (0.939707, 0.060293)) == ({x8}, (0.939707, 0.060293))
({x9}, (0.939707, 0.060293)) == ({x9}, (0.939707, 0.060293))
({x0, x1}, (0.00983904, 0.0596505, 0.929692, 0.000818778)) == ({x0, x1}, (0.00983904, 0.0596505, 0.929692, 0.000818778))
({x0, x2}, (0.938485, 0.000654664, 0.000645849, 0.0602146)) == ({x0, x2}, (0.938485, 0.000654664, 0.000645849, 0.0602146))
({x0, x3}, (0.939696, 7.91168e-07, 1.11696e-05, 0.0602923)) == ({x0, x3}, (0.939696, 7.91168e-07, 1.11696e-05, 0.0602923))
({x0, x4}, (0.939705, 1.70521e-08, 2.50815e-06, 0.0602929)) == ({x0, x4}, (0.939705, 1.70521e-08, 2.50815e-06, 0.0602929))
({x0, x5}, (0.933594, 9.68811e-06, 0.00649566, 0.0599008)) == ({x0, x5}, (0.933594, 9.68811e-06, 0.00649566, 0.0599008))
({x0, x6}, (0.00649566, 0.0599008, 0.933594, 9.68811e-06)) == ({x0, x6}, (0.00649566, 0.0599008, 0.933594, 9.68811e-06))
({x0, x7}, (2.50815e-06, 0.0602929, 0.939705, 1.70521e-08)) == ({x0, x7}, (2.50815e-06, 0.0602929, 0.939705, 1.70521e-08))
({x0, x8}, (0.939707, 4.24956e-10, 9.53848e-09, 0.060293)) == ({x0, x8}, (0.939707, 4.24956e-10, 9.53848e-09, 0.060293))
({x0, x9}, (0.939707, 4.24956e-10, 3.72122e-09, 0.060293)) == ({x0, x9}, (0.939707, 4.24956e-10, 3.72122e-09, 0.060293))
({x1, x2}, (0.00983904, 0.929692, 0.0596505, 0.000818778)) == ({x1, x2}, (0.00983904, 0.929692, 0.0596505, 0.000818778))
({x1, x3}, (0.00983904, 0.929692, 0.0596505, 0.000818778)) == ({x1, x3}, (0.00983904, 0.929692, 0.0596505, 0.000818778))
({x1, x4}, (0.00983904, 0.929692, 0.0596505, 0.000818778)) == ({x1, x4}, (0.00983904, 0.929692, 0.0596505, 0.000818778))
({x1, x5}, (0.00978376, 0.924469, 0.0593153, 0.00643217)) == ({x1, x5}, (0.00978376, 0.924469, 0.0593153, 0.00643217))
({x1, x6}, (0.0593153, 0.00643217, 0.00978376, 0.924469)) == ({x1, x6}, (0.0593153, 0.00643217, 0.00978376, 0.924469))
({x1, x7}, (0.0596505, 0.000818778, 0.00983904, 0.929692)) == ({x1, x7}, (0.0596505, 0.000818778, 0.00983904, 0.929692))
({x1, x8}, (0.00983904, 0.929692, 0.0596505, 0.000818778)) == ({x1, x8}, (0.00983904, 0.929692, 0.0596505, 0.000818778))
({x1, x9}, (0.00983904, 0.929692, 0.0596505, 0.000818778)) == ({x1, x9}, (0.00983904, 0.929692, 0.0596505, 0.000818778))
({x2, x3}, (0.938485, 0.000645849, 0.000654664, 0.0602146)) == ({x2, x3}, (0.938485, 0.000645849, 0.000654664, 0.0602146))
({x2, x4}, (0.938485, 0.000645849, 0.000654664, 0.0602146)) == ({x2, x4}, (0.938485, 0.000645849, 0.000654664, 0.0602146))
({x2, x5}, (0.933003, 0.000642076, 0.00649155, 0.0598629)) == ({x2, x5}, (0.933003, 0.000642076, 0.00649155, 0.0598629))
({x2, x6}, (0.00649155, 0.0598629, 0.933003, 0.000642076)) == ({x2, x6}, (0.00649155, 0.0598629, 0.933003, 0.000642076))
({x2, x7}, (0.000654664, 0.0602146, 0.938485, 0.000645849)) == ({x2, x7}, (0.000654664, 0.0602146, 0.938485, 0.000645849))
({x2, x8}, (0.938485, 0.000645849, 0.000654664, 0.0602146)) == ({x2, x8}, (0.938485, 0.000645849, 0.000654664, 0.0602146))
({x2, x9}, (0.938485, 0.000645849, 0.000654664, 0.0602146)) == ({x2, x9}, (0.938485, 0.000645849, 0.000654664, 0.0602146))
({x3, x4}, (0.939696, 1.11696e-05, 7.91168e-07, 0.0602923)) == ({x3, x4}, (0.939696, 1.11696e-05, 7.91168e-07, 0.0602923))
({x3, x5}, (0.933594, 9.68811e-06, 0.00649566, 0.0599008)) == ({x3, x5}, (0.933594, 9.68811e-06, 0.00649566, 0.0599008))
({x3, x6}, (0.00649566, 0.0599008, 0.933594, 9.68811e-06)) == ({x3, x6}, (0.00649566, 0.0599008, 0.933594, 9.68811e-06))
({x3, x7}, (7.91168e-07, 0.0602923, 0.939696, 1.11696e-05)) == ({x3, x7}, (7.91168e-07, 0.0602923, 0.939696, 1.11696e-05))
({x3, x8}, (0.939696, 1.11696e-05, 7.91168e-07, 0.0602923)) == ({x3, x8}, (0.939696, 1.11696e-05, 7.91168e-07, 0.0602923))
({x3, x9}, (0.939696, 1.11696e-05, 7.91168e-07, 0.0602923)) == ({x3, x9}, (0.939696, 1.11696e-05, 7.91168e-07, 0.0602923))
({x4, x5}, (0.933594, 9.68811e-06, 0.00649566, 0.0599008)) == ({x4, x5}, (0.933594, 9.68811e-06, 0.00649566, 0.0599008))
({x4, x6}, (0.00649566, 0.0599008, 0.933594, 9.68811e-06)) == ({x4, x6}, (0.00649566, 0.0599008, 0.933594, 9.68811e-06))
({x4, x7}, (6.07396e-10, 0.060293, 0.939707, 6.82885e-08)) == ({x4, x7}, (6.07396e-10, 0.060293, 0.939707, 6.82885e-08))
({x4, x8}, (0.939705, 2.50815e-06, 1.70521e-08, 0.0602929)) == ({x4, x8}, (0.939705, 2.50815e-06, 1.70521e-08, 0.0602929))
({x4, x9}, (0.939705, 2.50815e-06, 1.70521e-08, 0.0602929)) == ({x4, x9}, (0.939705, 2.50815e-06, 1.70521e-08, 0.0602929))
({x5, x6}, (1.02271e-06, 0.0602868, 0.939609, 0.000103053)) == ({x5, x6}, (1.02271e-06, 0.0602868, 0.939609, 0.000103053))
({x5, x7}, (9.68811e-06, 0.0599008, 0.933594, 0.00649566)) == ({x5, x7}, (9.68811e-06, 0.0599008, 0.933594, 0.00649566))
({x5, x8}, (0.933594, 0.00649566, 9.68811e-06, 0.0599008)) == ({x5, x8}, (0.933594, 0.00649566, 9.68811e-06, 0.0599008))
({x5, x9}, (0.933594, 0.00649566, 9.68811e-06, 0.0599008)) == ({x5, x9}, (0.933594, 0.00649566, 9.68811e-06, 0.0599008))
({x6, x7}, (0.0599008, 9.68811e-06, 0.00649566, 0.933594)) == ({x6, x7}, (0.0599008, 9.68811e-06, 0.00649566, 0.933594))
({x6, x8}, (0.00649566, 0.933594, 0.0599008, 9.68811e-06)) == ({x6, x8}, (0.00649566, 0.933594, 0.0599008, 9.68811e-06))
({x6, x9}, (0.00649566, 0.933594, 0.0599008, 9.68811e-06)) == ({x6, x9}, (0.00649566, 0.933594, 0.0599008, 9.68811e-06))
({x7, x8}, (2.50815e-06, 0.939705, 0.0602929, 1.70521e-08)) == ({x7, x8}, (2.50815e-06, 0.939705, 0.0602929, 1.70521e-08))
({x7, x9}, (2.50815e-06, 0.939705, 0.0602929, 1.70521e-08)) == ({x7, x9}, (2.50815e-06, 0.939705, 0.0602929, 1.70521e-08))
({x8, x9}, (0.939707, 9.53848e-09, 9.82214e-10, 0.060293)) == ({x8, x9}, (0.939707, 9.53848e-09, 9.82214e-10, 0.060293))
Exact MAP state (log score = 84.2987):
x0: 0
x1: 1
x2: 0
x3: 0
x4: 0
x5: 0
x6: 1
x7: 1
x8: 0
x9: 0
