Builtin inference algorithms: {BP, EXACT, FBP, JTREE, TRWBP}

Exact variable marginals:
({x0}, (0.984633, 0.0153666))
({x1}, (0.985619, 0.0143805))
({x2}, (0.923887, 0.076113))
({x3}, (0.985619, 0.0143805))
({x4}, (0.0143805, 0.985619))
({x5}, (0.985619, 0.0143805))
({x6}, (0.0765732, 0.923427))
({x7}, (0.0747882, 0.925212))
({x8}, (0.0143815, 0.985618))
({x9}, (0.0143805, 0.985619))
Exact factor marginals:
({x0}, (0.984633, 0.0153666))
({x1}, (0.985619, 0.0143805))
({x2}, (0.923887, 0.076113))
({x3}, (0.985619, 0.0143805))
({x4}, (0.0143805, 0.985619))
({x5}, (0.985619, 0.0143805))
({x6}, (0.0765732, 0.923427))
({x7}, (0.0747882, 0.925212))
({x8}, (0.0143815, 0.985618))
({x9}, (0.0143805, 0.985619))
({x0, x1}, (0.982035, 0.00358478, 0.00259867, 0.0117819))
({x0, x2}, (0.912415, 0.0114718, 0.0722181, 0.00389488))
({x0, x3}, (0.982035, 0.00358478, 0.00259868, 0.0117819))
({x0, x4}, (0.00259867, 0.0117819, 0.982035, 0.00358478))
({x0, x5}, (0.982035, 0.00358478, 0.00259868, 0.0117819))
({x0, x6}, (0.0726844, 0.00388879, 0.911949, 0.0114778))
({x0, x7}, (0.0708684, 0.0039198, 0.913765, 0.0114468))
({x0, x8}, (0.00260058, 0.011781, 0.982033, 0.00358566))
({x0, x9}, (0.00259867, 0.0117819, 0.982035, 0.00358478))
({x1, x2}, (0.909817, 0.0140699, 0.0758023, 0.000310673))
({x1, x3}, (0.985619, 4.8642e-11, 3.54183e-09, 0.0143805))
({x1, x4}, (1.1476e-10, 0.0143805, 0.985619, 4.17033e-09))
({x1, x5}, (0.985619, 1.40254e-11, 1.80853e-09, 0.0143805))
({x1, x6}, (0.0762686, 0.000304585, 0.909351, 0.0140759))
({x1, x7}, (0.0744526, 0.000335593, 0.911167, 0.0140449))
({x1, x8}, (1.90221e-06, 0.0143796, 0.985618, 8.86258e-07))
({x1, x9}, (6.49831e-13, 0.0143805, 0.985619, 1.70998e-14))
({x2, x3}, (0.909817, 0.0758023, 0.0140699, 0.000310673))
({x2, x4}, (0.0140699, 0.000310673, 0.909817, 0.0758023))
({x2, x5}, (0.909817, 0.0758023, 0.0140699, 0.000310673))
({x2, x6}, (0.000468016, 0.0761052, 0.923419, 7.82703e-06))
({x2, x7}, (2.49196e-05, 0.0747633, 0.923862, 0.00134974))
({x2, x8}, (0.014069, 0.000312575, 0.909818, 0.0758004))
({x2, x9}, (0.0140699, 0.000310673, 0.909817, 0.0758023))
({x3, x4}, (1.63384e-10, 0.0143805, 0.985619, 7.71214e-09))
({x3, x5}, (0.985619, 3.02985e-09, 1.33117e-09, 0.0143805))
({x3, x6}, (0.0762686, 0.000304585, 0.909351, 0.0140759))
({x3, x7}, (0.0744526, 0.000335593, 0.911167, 0.0140449))
({x3, x8}, (1.90226e-06, 0.0143796, 0.985618, 8.898e-07))
({x3, x9}, (4.92918e-11, 0.0143805, 0.985619, 3.54184e-09))
({x4, x5}, (1.28786e-10, 0.985619, 0.0143805, 5.97886e-09))
({x4, x6}, (0.000304585, 0.0762686, 0.0140759, 0.909351))
({x4, x7}, (0.000335593, 0.0744526, 0.0140449, 0.911167))
({x4, x8}, (0.0143796, 1.90607e-06, 8.86056e-07, 0.985618))
({x4, x9}, (0.0143805, 4.17097e-09, 1.14764e-10, 0.985619))
({x5, x6}, (0.0762686, 0.000304585, 0.909351, 0.0140759))
({x5, x7}, (0.0744526, 0.000335593, 0.911167, 0.0140449))
({x5, x8}, (1.90223e-06, 0.0143796, 0.985618, 8.88066e-07))
({x5, x9}, (1.46753e-11, 0.0143805, 0.985619, 1.80855e-09))
({x6, x7}, (0.0747572, 3.10078e-05, 0.00181601, 0.923396))
({x6, x8}, (0.000306487, 0.0140751, 0.0762667, 0.909352))
({x6, x9}, (0.000304585, 0.0140759, 0.0762686, 0.909351))
({x7, x8}, (0.000334707, 0.0140468, 0.0744535, 0.911165))
({x7, x9}, (0.000335593, 0.0140449, 0.0744526, 0.911167))
({x8, x9}, (0.0143796, 8.86258e-07, 1.90221e-06, 0.985618))
Exact log partition sum: 86.1561
Exact MAP variable marginals:
({x0}, (0.987569, 0.0124309))
({x1}, (0.987569, 0.0124309))
({x2}, (0.927701, 0.0722987))
({x3}, (0.987569, 0.0124309))
({x4}, (0.0124309, 0.987569))
({x5}, (0.987569, 0.0124309))
({x6}, (0.0722987, 0.927701))
({x7}, (0.0722987, 0.927701))
({x8}, (0.0124309, 0.987569))
({x9}, (0.0124309, 0.987569))
Exact MAP factor marginals:
({x0}, (0.987569, 0.0124309)) == ({x0}, (0.987569, 0.0124309))
({x1}, (0.987569, 0.0124309)) == ({x1}, (0.987569, 0.0124309))
({x2}, (0.927701, 0.0722987)) == ({x2}, (0.927701, 0.0722987))
({x3}, (0.987569, 0.0124309)) == ({x3}, (0.987569, 0.0124309))
({x4}, (0.0124309, 0.987569)) == ({x4}, (0.0124309, 0.987569))
({x5}, (0.987569, 0.0124309)) == ({x5}, (0.987569, 0.0124309))
({x6}, (0.0722987, 0.927701)) == ({x6}, (0.0722987, 0.927701))
({x7}, (0.0722987, 0.927701)) == ({x7}, (0.0722987, 0.927701))
({x8}, (0.0124309, 0.987569)) == ({x8}, (0.0124309, 0.987569))
({x9}, (0.0124309, 0.987569)) == ({x9}, (0.0124309, 0.987569))
({x0, x1}, (0.980982, 0.00386655, 0.00280338, 0.0123479)) == ({x0, x1}, (0.980982, 0.00386655, 0.00280338, 0.0123479))
({x0, x2}, (0.913691, 0.0115009, 0.0712068, 0.00360132)) == ({x0, x2}, (0.913691, 0.0115009, 0.0712068, 0.00360132))
({x0, x3}, (0.980982, 0.00386655, 0.00280338, 0.0123479)) == ({x0, x3}, (0.980982, 0.00386655, 0.00280338, 0.0123479))
({x0, x4}, (0.00280338, 0.0123479, 0.980982, 0.00386655)) == ({x0, x4}, (0.00280338, 0.0123479, 0.980982, 0.00386655))
({x0, x5}, (0.980982, 0.00386655, 0.00280338, 0.0123479)) == ({x0, x5}, (0.980982, 0.00386655, 0.00280338, 0.0123479))
({x0, x6}, (0.0712068, 0.00360132, 0.913691, 0.0115009)) == ({x0, x6}, (0.0712068, 0.00360132, 0.913691, 0.0115009))
({x0, x7}, (0.0712068, 0.00360132, 0.913691, 0.0115009)) == ({x0, x7}, (0.0712068, 0.00360132, 0.913691, 0.0115009))
({x0, x8}, (0.00280338, 0.0123479, 0.980982, 0.00386655)) == ({x0, x8}, (0.00280338, 0.0123479, 0.980982, 0.00386655))
({x0, x9}, (0.00280338, 0.0123479, 0.980982, 0.00386655)) == ({x0, x9}, (0.00280338, 0.0123479, 0.980982, 0.00386655))
({x1, x2}, (0.916712, 0.0115389, 0.0714422, 0.000307049)) == ({x1, x2}, (0.916712, 0.0115389, 0.0714422, 0.000307049))
({x1, x3}, (0.987569, 2.73268e-11, 3.27914e-09, 0.0124309)) == ({x1, x3}, (0.987569, 2.73268e-11, 3.27914e-09, 0.0124309))
({x1, x4}, (1.24237e-10, 0.0124309, 0.987569, 4.18614e-09)) == ({x1, x4}, (1.24237e-10, 0.0124309, 0.987569, 4.18614e-09))
({x1, x5}, (0.987569, 1.24847e-11, 1.40531e-09, 0.0124309)) == ({x1, x5}, (0.987569, 1.24847e-11, 1.40531e-09, 0.0124309))
({x1, x6}, (0.0714422, 0.000307049, 0.916712, 0.0115389)) == ({x1, x6}, (0.0714422, 0.000307049, 0.916712, 0.0115389))
({x1, x7}, (0.0714422, 0.000307049, 0.916712, 0.0115389)) == ({x1, x7}, (0.0714422, 0.000307049, 0.916712, 0.0115389))
({x1, x8}, (2.06583e-06, 0.0124308, 0.987566, 9.62144e-07)) == ({x1, x8}, (2.06583e-06, 0.0124308, 0.987566, 9.62144e-07))
({x1, x9}, (6.31437e-13, 0.0124309, 0.987569, 8.78833e-15)) == ({x1, x9}, (6.31437e-13, 0.0124309, 0.987569, 8.78833e-15))
({x2, x3}, (0.916712, 0.0714422, 0.0115389, 0.000307049)) == ({x2, x3}, (0.916712, 0.0714422, 0.0115389, 0.000307049))
({x2, x4}, (0.0115389, 0.000307049, 0.916712, 0.0714422)) == ({x2, x4}, (0.0115389, 0.000307049, 0.916712, 0.0714422))
({x2, x5}, (0.916712, 0.0714422, 0.0115389, 0.000307049)) == ({x2, x5}, (0.916712, 0.0714422, 0.0115389, 0.000307049))
({x2, x6}, (0.00047723, 0.0722637, 0.927253, 6.20881e-06)) == ({x2, x6}, (0.00047723, 0.0722637, 0.927253, 6.20881e-06))
({x2, x7}, (2.44837e-05, 0.0721978, 0.926406, 0.00137135)) == ({x2, x7}, (2.44837e-05, 0.0721978, 0.926406, 0.00137135))
({x2, x8}, (0.0115389, 0.000307049, 0.916712, 0.0714422)) == ({x2, x8}, (0.0115389, 0.000307049, 0.916712, 0.0714422))
({x2, x9}, (0.0115389, 0.000307049, 0.916712, 0.0714422)) == ({x2, x9}, (0.0115389, 0.000307049, 0.916712, 0.0714422))
({x3, x4}, (1.24237e-10, 0.0124309, 0.987569, 4.18614e-09)) == ({x3, x4}, (1.24237e-10, 0.0124309, 0.987569, 4.18614e-09))
({x3, x5}, (0.987569, 3.27914e-09, 1.40531e-09, 0.0124309)) == ({x3, x5}, (0.987569, 3.27914e-09, 1.40531e-09, 0.0124309))
({x3, x6}, (0.0714422, 0.000307049, 0.916712, 0.0115389)) == ({x3, x6}, (0.0714422, 0.000307049, 0.916712, 0.0115389))
({x3, x7}, (0.0714422, 0.000307049, 0.916712, 0.0115389)) == ({x3, x7}, (0.0714422, 0.000307049, 0.916712, 0.0115389))
({x3, x8}, (2.06583e-06, 0.0124308, 0.987566, 9.62144e-07)) == ({x3, x8}, (2.06583e-06, 0.0124308, 0.987566, 9.62144e-07))
({x3, x9}, (2.73268e-11, 0.0124309, 0.987569, 3.27914e-09)) == ({x3, x9}, (2.73268e-11, 0.0124309, 0.987569, 3.27914e-09))
({x4, x5}, (1.24237e-10, 0.987569, 0.0124309, 4.18614e-09)) == ({x4, x5}, (1.24237e-10, 0.987569, 0.0124309, 4.18614e-09))
({x4, x6}, (0.000307049, 0.0714422, 0.0115389, 0.916712)) == ({x4, x6}, (0.000307049, 0.0714422, 0.0115389, 0.916712))
({x4, x7}, (0.000307049, 0.0714422, 0.0115389, 0.916712)) == ({x4, x7}, (0.000307049, 0.0714422, 0.0115389, 0.916712))
({x4, x8}, (0.0124308, 2.06583e-06, 9.62144e-07, 0.987566)) == ({x4, x8}, (0.0124308, 2.06583e-06, 9.62144e-07, 0.987566))
({x4, x9}, (0.0124309, 4.18614e-09, 1.24237e-10, 0.987569)) == ({x4, x9}, (0.0124309, 4.18614e-09, 1.24237e-10, 0.987569))
({x5, x6}, (0.0714422, 0.000307049, 0.916712, 0.0115389)) == ({x5, x6}, (0.0714422, 0.000307049, 0.916712, 0.0115389))
({x5, x7}, (0.0714422, 0.000307049, 0.916712, 0.0115389)) == ({x5, x7}, (0.0714422, 0.000307049, 0.916712, 0.0115389))
({x5, x8}, (2.06583e-06, 0.0124308, 0.987566, 9.62144e-07)) == ({x5, x8}, (2.06583e-06, 0.0124308, 0.987566, 9.62144e-07))
({x5, x9}, (1.24847e-11, 0.0124309, 0.987569, 1.40531e-09)) == ({x5, x9}, (1.24847e-11, 0.0124309, 0.987569, 1.40531e-09))
({x6, x7}, (0.0721978, 2.44837e-05, 0.00137135, 0.926406)) == ({x6, x7}, (0.0721978, 2.44837e-05, 0.00137135, 0.926406))
({x6, x8}, (0.000307049, 0.0115389, 0.0714422, 0.916712)) == ({x6, x8}, (0.000307049, 0.0115389, 0.0714422, 0.916712))
({x6, x9}, (0.000307049, 0.0115389, 0.0714422, 0.916712)) == ({x6, x9}, (0.000307049, 0.0115389, 0.0714422, 0.916712))
({x7, x8}, (0.000307049, 0.0115389, 0.0714422, 0.916712)) == ({x7, x8}, (0.000307049, 0.0115389, 0.0714422, 0.916712))
({x7, x9}, (0.000307049, 0.0115389, 0.0714422, 0.916712)) == ({x7, x9}, (0.000307049, 0.0115389, 0.0714422, 0.916712))
({x8, x9}, (0.0124308, 9.62144e-07, 2.06583e-06, 0.987566)) == ({x8, x9}, (0.0124308, 9.62144e-07, 2.06583e-06, 0.987566))
Exact MAP state (log score = 86.0611):
x0: 0
x1: 0
x2: 0
x3: 0
x4: 1
x5: 0
x6: 1
x7: 1
x8: 1
x9: 1
