Builtin inference algorithms: {BP, EXACT, FBP, JTREE, TRWBP}

Exact variable marginals:
({x0}, (0.599264, 0.400736))
({x1}, (0.390221, 0.609779))
({x2}, (0.390207, 0.609793))
({x3}, (0.390207, 0.609793))
({x4}, (0.400528, 0.599472))
({x5}, (0.400736, 0.599264))
({x6}, (0.599264, 0.400736))
({x7}, (0.390208, 0.609792))
({x8}, (0.609792, 0.390208))
({x9}, (0.59925, 0.40075))
Exact factor marginals:
({x0}, (0.599264, 0.400736))
({x1}, (0.390221, 0.609779))
({x2}, (0.390207, 0.609793))
({x3}, (0.390207, 0.609793))
({x4}, (0.400528, 0.599472))
({x5}, (0.400736, 0.599264))
({x6}, (0.599264, 0.400736))
({x7}, (0.390208, 0.609792))
({x8}, (0.609792, 0.390208))
({x9}, (0.59925, 0.40075))
({x0, x1}, (0.0039369, 0.386284, 0.595327, 0.0144519))
({x0, x2}, (0.00392149, 0.386286, 0.595342, 0.0144501))
({x0, x3}, (0.00392149, 0.386286, 0.595342, 0.0144501))
({x0, x4}, (7.53323e-05, 0.400453, 0.599189, 0.000283079))
({x0, x5}, (1.6298e-08, 0.400736, 0.599264, 5.25193e-07))
({x0, x6}, (0.599264, 8.11943e-09, 1.9138e-07, 0.400736))
({x0, x7}, (0.00392162, 0.386286, 0.595342, 0.0144501))
({x0, x8}, (0.595342, 0.0144496, 0.0039216, 0.386286))
({x0, x9}, (0.599248, 1.72511e-06, 1.55233e-05, 0.400734))
({x1, x2}, (0.390206, 1.71505e-06, 1.54049e-05, 0.609777))
({x1, x3}, (0.390206, 1.7156e-06, 1.54127e-05, 0.609777))
({x1, x4}, (0.386001, 0.0145272, 0.00421994, 0.595252))
({x1, x5}, (0.386284, 0.0144513, 0.00393688, 0.595328))
({x1, x6}, (0.00393679, 0.595327, 0.386284, 0.0144519))
({x1, x7}, (0.390206, 1.72973e-06, 1.52954e-05, 0.609777))
({x1, x8}, (1.53101e-05, 0.609777, 0.390206, 2.25839e-06))
({x1, x9}, (0.00392151, 0.595329, 0.3863, 0.0144503))
({x2, x3}, (0.390207, 5.62234e-10, 7.80406e-09, 0.609793))
({x2, x4}, (0.386003, 0.0145255, 0.00420457, 0.595267))
({x2, x5}, (0.386286, 0.0144496, 0.00392148, 0.595343))
({x2, x6}, (0.0039215, 0.595342, 0.386286, 0.0144503))
({x2, x7}, (0.390207, 1.26048e-07, 1.88598e-09, 0.609792))
({x2, x8}, (1.66163e-08, 0.609792, 0.390207, 6.54682e-07))
({x2, x9}, (0.00392322, 0.595327, 0.386284, 0.0144657))
({x3, x4}, (0.386003, 0.0145255, 0.00420457, 0.595267))
({x3, x5}, (0.386286, 0.0144496, 0.00392147, 0.595343))
({x3, x6}, (0.0039215, 0.595342, 0.386286, 0.0144503))
({x3, x7}, (0.390207, 1.33841e-07, 2.4376e-09, 0.609792))
({x3, x8}, (1.71784e-08, 0.609792, 0.390207, 6.62486e-07))
({x3, x9}, (0.00392322, 0.595327, 0.386284, 0.0144657))
({x4, x5}, (0.400452, 0.000283095, 7.58575e-05, 0.599189))
({x4, x6}, (7.53397e-05, 0.599188, 0.400453, 0.00028327))
({x4, x7}, (0.386003, 0.0042047, 0.0145255, 0.595267))
({x4, x8}, (0.0145249, 0.595267, 0.386003, 0.00420468))
({x4, x9}, (7.70079e-05, 0.599173, 0.400451, 0.000298553))
({x5, x6}, (2.44172e-08, 0.599264, 0.400735, 7.16573e-07))
({x5, x7}, (0.386286, 0.0039216, 0.0144496, 0.595343))
({x5, x8}, (0.0144496, 0.595342, 0.386286, 0.00392212))
({x5, x9}, (1.74141e-06, 0.599248, 0.400734, 1.60485e-05))
({x6, x7}, (0.0039215, 0.386286, 0.595342, 0.0144502))
({x6, x8}, (0.595342, 0.0144497, 0.00392148, 0.386287))
({x6, x9}, (0.599248, 1.73355e-06, 1.53485e-05, 0.400734))
({x7, x8}, (1.83109e-08, 0.609792, 0.390207, 5.32215e-07))
({x7, x9}, (0.00392323, 0.595327, 0.386284, 0.0144656))
({x8, x9}, (0.595327, 0.00392321, 0.014465, 0.386285))
Exact log partition sum: 30.6522
Exact MAP variable marginals:
({x0}, (0.606624, 0.393376))
({x1}, (0.393376, 0.606624))
({x2}, (0.393376, 0.606624))
({x3}, (0.393376, 0.606624))
({x4}, (0.393376, 0.606624))
({x5}, (0.393376, 0.606624))
({x6}, (0.606624, 0.393376))
({x7}, (0.393376, 0.606624))
({x8}, (0.606624, 0.393376))
({x9}, (0.606624, 0.393376))
Exact MAP factor marginals:
({x0}, (0.606624, 0.393376)) == ({x0}, (0.606624, 0.393376))
({x1}, (0.393376, 0.606624)) == ({x1}, (0.393376, 0.606624))
({x2}, (0.393376, 0.606624)) == ({x2}, (0.393376, 0.606624))
({x3}, (0.393376, 0.606624)) == ({x3}, (0.393376, 0.606624))
({x4}, (0.393376, 0.606624)) == ({x4}, (0.393376, 0.606624))
({x5}, (0.393376, 0.606624)) == ({x5}, (0.393376, 0.606624))
({x6}, (0.606624, 0.393376)) == ({x6}, (0.606624, 0.393376))
({x7}, (0.393376, 0.606624)) == ({x7}, (0.393376, 0.606624))
({x8}, (0.606624, 0.393376)) == ({x8}, (0.606624, 0.393376))
({x9}, (0.606624, 0.393376)) == ({x9}, (0.606624, 0.393376))
({x0, x1}, (0.00392295, 0.386146, 0.595476, 0.014455)) == ({x0, x1}, (0.00392295, 0.386146, 0.595476, 0.014455))
({x0, x2}, (0.00392295, 0.386146, 0.595476, 0.014455)) == ({x0, x2}, (0.00392295, 0.386146, 0.595476, 0.014455))
({x0, x3}, (0.00392295, 0.386146, 0.595476, 0.014455)) == ({x0, x3}, (0.00392295, 0.386146, 0.595476, 0.014455))
({x0, x4}, (7.67112e-05, 0.393232, 0.606403, 0.000288364)) == ({x0, x4}, (7.67112e-05, 0.393232, 0.606403, 0.000288364))
({x0, x5}, (1.59885e-08, 0.393376, 0.606624, 5.33979e-07)) == ({x0, x5}, (1.59885e-08, 0.393376, 0.606624, 5.33979e-07))
({x0, x6}, (0.606624, 6.23451e-09, 1.11942e-07, 0.393376)) == ({x0, x6}, (0.606624, 6.23451e-09, 1.11942e-07, 0.393376))
({x0, x7}, (0.00392295, 0.386146, 0.595476, 0.014455)) == ({x0, x7}, (0.00392295, 0.386146, 0.595476, 0.014455))
({x0, x8}, (0.595476, 0.014455, 0.00392295, 0.386146)) == ({x0, x8}, (0.595476, 0.014455, 0.00392295, 0.386146))
({x0, x9}, (0.606614, 1.72991e-06, 1.55611e-05, 0.393369)) == ({x0, x9}, (0.606614, 1.72991e-06, 1.55611e-05, 0.393369))
({x1, x2}, (0.393369, 1.72991e-06, 1.55611e-05, 0.606614)) == ({x1, x2}, (0.393369, 1.72991e-06, 1.55611e-05, 0.606614))
({x1, x3}, (0.393369, 1.72991e-06, 1.55611e-05, 0.606614)) == ({x1, x3}, (0.393369, 1.72991e-06, 1.55611e-05, 0.606614))
({x1, x4}, (0.386146, 0.014455, 0.00392295, 0.595476)) == ({x1, x4}, (0.386146, 0.014455, 0.00392295, 0.595476))
({x1, x5}, (0.386146, 0.014455, 0.00392295, 0.595476)) == ({x1, x5}, (0.386146, 0.014455, 0.00392295, 0.595476))
({x1, x6}, (0.00392295, 0.595476, 0.386146, 0.014455)) == ({x1, x6}, (0.00392295, 0.595476, 0.386146, 0.014455))
({x1, x7}, (0.393369, 1.72991e-06, 1.55611e-05, 0.606614)) == ({x1, x7}, (0.393369, 1.72991e-06, 1.55611e-05, 0.606614))
({x1, x8}, (1.55611e-05, 0.606614, 0.393369, 1.72991e-06)) == ({x1, x8}, (1.55611e-05, 0.606614, 0.393369, 1.72991e-06))
({x1, x9}, (0.00392295, 0.595476, 0.386146, 0.014455)) == ({x1, x9}, (0.00392295, 0.595476, 0.386146, 0.014455))
({x2, x3}, (0.393376, 3.81282e-10, 6.57879e-09, 0.606624)) == ({x2, x3}, (0.393376, 3.81282e-10, 6.57879e-09, 0.606624))
({x2, x4}, (0.386146, 0.014455, 0.00392295, 0.595476)) == ({x2, x4}, (0.386146, 0.014455, 0.00392295, 0.595476))
({x2, x5}, (0.386146, 0.014455, 0.00392295, 0.595476)) == ({x2, x5}, (0.386146, 0.014455, 0.00392295, 0.595476))
({x2, x6}, (0.00392295, 0.595476, 0.386146, 0.014455)) == ({x2, x6}, (0.00392295, 0.595476, 0.386146, 0.014455))
({x2, x7}, (0.393376, 1.11942e-07, 9.25785e-10, 0.606624)) == ({x2, x7}, (0.393376, 1.11942e-07, 9.25785e-10, 0.606624))
({x2, x8}, (1.59885e-08, 0.606624, 0.393376, 5.33979e-07)) == ({x2, x8}, (1.59885e-08, 0.606624, 0.393376, 5.33979e-07))
({x2, x9}, (0.00392295, 0.595476, 0.386146, 0.014455)) == ({x2, x9}, (0.00392295, 0.595476, 0.386146, 0.014455))
({x3, x4}, (0.386146, 0.014455, 0.00392295, 0.595476)) == ({x3, x4}, (0.386146, 0.014455, 0.00392295, 0.595476))
({x3, x5}, (0.386146, 0.014455, 0.00392295, 0.595476)) == ({x3, x5}, (0.386146, 0.014455, 0.00392295, 0.595476))
({x3, x6}, (0.00392295, 0.595476, 0.386146, 0.014455)) == ({x3, x6}, (0.00392295, 0.595476, 0.386146, 0.014455))
({x3, x7}, (0.393376, 1.11942e-07, 9.25785e-10, 0.606624)) == ({x3, x7}, (0.393376, 1.11942e-07, 9.25785e-10, 0.606624))
({x3, x8}, (1.59885e-08, 0.606624, 0.393376, 5.33979e-07)) == ({x3, x8}, (1.59885e-08, 0.606624, 0.393376, 5.33979e-07))
({x3, x9}, (0.00392295, 0.595476, 0.386146, 0.014455)) == ({x3, x9}, (0.00392295, 0.595476, 0.386146, 0.014455))
({x4, x5}, (0.393232, 0.000288364, 7.67112e-05, 0.606403)) == ({x4, x5}, (0.393232, 0.000288364, 7.67112e-05, 0.606403))
({x4, x6}, (7.67112e-05, 0.606403, 0.393232, 0.000288364)) == ({x4, x6}, (7.67112e-05, 0.606403, 0.393232, 0.000288364))
({x4, x7}, (0.386146, 0.00392295, 0.014455, 0.595476)) == ({x4, x7}, (0.386146, 0.00392295, 0.014455, 0.595476))
({x4, x8}, (0.014455, 0.595476, 0.386146, 0.00392295)) == ({x4, x8}, (0.014455, 0.595476, 0.386146, 0.00392295))
({x4, x9}, (7.67112e-05, 0.606403, 0.393232, 0.000288364)) == ({x4, x9}, (7.67112e-05, 0.606403, 0.393232, 0.000288364))
({x5, x6}, (1.59885e-08, 0.606624, 0.393376, 5.33979e-07)) == ({x5, x6}, (1.59885e-08, 0.606624, 0.393376, 5.33979e-07))
({x5, x7}, (0.386146, 0.00392295, 0.014455, 0.595476)) == ({x5, x7}, (0.386146, 0.00392295, 0.014455, 0.595476))
({x5, x8}, (0.014455, 0.595476, 0.386146, 0.00392295)) == ({x5, x8}, (0.014455, 0.595476, 0.386146, 0.00392295))
({x5, x9}, (1.72991e-06, 0.606614, 0.393369, 1.55611e-05)) == ({x5, x9}, (1.72991e-06, 0.606614, 0.393369, 1.55611e-05))
({x6, x7}, (0.00392295, 0.386146, 0.595476, 0.014455)) == ({x6, x7}, (0.00392295, 0.386146, 0.595476, 0.014455))
({x6, x8}, (0.595476, 0.014455, 0.00392295, 0.386146)) == ({x6, x8}, (0.595476, 0.014455, 0.00392295, 0.386146))
({x6, x9}, (0.606614, 1.72991e-06, 1.55611e-05, 0.393369)) == ({x6, x9}, (0.606614, 1.72991e-06, 1.55611e-05, 0.393369))
({x7, x8}, (1.59885e-08, 0.606624, 0.393376, 5.33979e-07)) == ({x7, x8}, (1.59885e-08, 0.606624, 0.393376, 5.33979e-07))
({x7, x9}, (0.00392295, 0.595476, 0.386146, 0.014455)) == ({x7, x9}, (0.00392295, 0.595476, 0.386146, 0.014455))
({x8, x9}, (0.595476, 0.00392295, 0.014455, 0.386146)) == ({x8, x9}, (0.595476, 0.00392295, 0.014455, 0.386146))
Exact MAP state (log score = 30.1334):
x0: 0
x1: 1
x2: 1
x3: 1
x4: 1
x5: 1
x6: 0
x7: 1
x8: 0
x9: 0
