Builtin inference algorithms: {BP, EXACT, FBP, JTREE, TRWBP}

Exact variable marginals:
({x0}, (0.986532, 0.0134678))
({x1}, (0.911264, 0.0887355))
({x2}, (0.0134678, 0.986532))
({x3}, (0.0134682, 0.986532))
({x4}, (0.986532, 0.0134678))
({x5}, (0.0134678, 0.986532))
({x6}, (0.986511, 0.0134887))
({x7}, (0.0134678, 0.986532))
({x8}, (0.843745, 0.156255))
({x9}, (0.829781, 0.170219))
Exact factor marginals:
({x0}, (0.986532, 0.0134678))
({x1}, (0.911264, 0.0887355))
({x2}, (0.0134678, 0.986532))
({x3}, (0.0134682, 0.986532))
({x4}, (0.986532, 0.0134678))
({x5}, (0.0134678, 0.986532))
({x6}, (0.986511, 0.0134887))
({x7}, (0.0134678, 0.986532))
({x8}, (0.843745, 0.156255))
({x9}, (0.829781, 0.170219))
({x0, x1}, (0.906868, 0.00439672, 0.0796645, 0.00907103))
({x0, x2}, (3.82247e-09, 0.0134678, 0.986532, 3.63471e-11))
({x0, x3}, (5.06824e-07, 0.0134677, 0.986532, 1.56658e-08))
({x0, x4}, (0.986532, 1.4399e-14, 9.02194e-14, 0.0134678))
({x0, x5}, (9.38844e-09, 0.0134678, 0.986532, 3.11195e-11))
({x0, x6}, (0.986511, 2.498e-08, 2.0923e-05, 0.0134677))
({x0, x7}, (4.30007e-10, 0.0134678, 0.986532, 3.20522e-10))
({x0, x8}, (0.83574, 0.00800529, 0.150792, 0.00546247))
({x0, x9}, (0.821759, 0.00802172, 0.164773, 0.00544604))
({x1, x2}, (0.00439672, 0.00907104, 0.906868, 0.0796645))
({x1, x3}, (0.00439723, 0.00907102, 0.906867, 0.0796645))
({x1, x4}, (0.906868, 0.0796645, 0.00439672, 0.00907103))
({x1, x5}, (0.00439673, 0.00907103, 0.906868, 0.0796645))
({x1, x6}, (0.906847, 0.0796645, 0.00441765, 0.00907101))
({x1, x7}, (0.00439673, 0.00907103, 0.906868, 0.0796645))
({x1, x8}, (0.840136, 0.00360926, 0.0711284, 0.0851263))
({x1, x9}, (0.826156, 0.00362499, 0.0851084, 0.0851105))
({x2, x3}, (0.0134677, 5.06861e-07, 1.94883e-08, 0.986532))
({x2, x4}, (3.82249e-09, 0.986532, 0.0134678, 3.64373e-11))
({x2, x5}, (0.0134678, 9.42439e-09, 3.85319e-09, 0.986532))
({x2, x6}, (2.88025e-08, 0.986511, 0.0134677, 2.0923e-05))
({x2, x7}, (0.0134678, 4.66099e-10, 4.14274e-09, 0.986532))
({x2, x8}, (0.00800529, 0.83574, 0.00546247, 0.150792))
({x2, x9}, (0.00802172, 0.821759, 0.00544605, 0.164773))
({x3, x4}, (5.06824e-07, 0.986532, 0.0134677, 1.56658e-08))
({x3, x5}, (0.0134677, 2.50543e-08, 5.06855e-07, 0.986532))
({x3, x6}, (9.32264e-09, 0.986511, 0.0134682, 2.04161e-05))
({x3, x7}, (0.0134677, 1.60958e-08, 5.07145e-07, 0.986532))
({x3, x8}, (0.0080058, 0.835739, 0.00546245, 0.150792))
({x3, x9}, (0.00802222, 0.821759, 0.00544603, 0.164773))
({x4, x5}, (9.38845e-09, 0.0134678, 0.986532, 3.12097e-11))
({x4, x6}, (0.986511, 2.498e-08, 2.0923e-05, 0.0134677))
({x4, x7}, (4.30021e-10, 0.0134678, 0.986532, 3.20613e-10))
({x4, x8}, (0.83574, 0.00800529, 0.150792, 0.00546247))
({x4, x9}, (0.821759, 0.00802172, 0.164773, 0.00544604))
({x5, x6}, (3.43685e-08, 0.986511, 0.0134677, 2.0923e-05))
({x5, x7}, (0.0134678, 4.60378e-10, 9.70821e-09, 0.986532))
({x5, x8}, (0.0080053, 0.83574, 0.00546247, 0.150792))
({x5, x9}, (0.00802172, 0.821759, 0.00544605, 0.164773))
({x6, x7}, (2.541e-08, 0.0134677, 0.986511, 2.09233e-05))
({x6, x8}, (0.835719, 0.00802621, 0.150792, 0.00546244))
({x6, x9}, (0.821759, 0.00802224, 0.164753, 0.00546642))
({x7, x8}, (0.00800529, 0.83574, 0.00546247, 0.150792))
({x7, x9}, (0.00802172, 0.821759, 0.00544604, 0.164773))
({x8, x9}, (0.829764, 1.6686e-05, 0.0139809, 0.156238))
Exact log partition sum: 84.6021
Exact MAP variable marginals:
({x0}, (0.993416, 0.00658358))
({x1}, (0.911624, 0.0883757))
({x2}, (0.00658358, 0.993416))
({x3}, (0.00658358, 0.993416))
({x4}, (0.993416, 0.00658358))
({x5}, (0.00658358, 0.993416))
({x6}, (0.993416, 0.00658358))
({x7}, (0.00658358, 0.993416))
({x8}, (0.911624, 0.0883757))
({x9}, (0.911624, 0.0883757))
Exact MAP factor marginals:
({x0}, (0.993416, 0.00658358)) == ({x0}, (0.993416, 0.00658358))
({x1}, (0.911624, 0.0883757)) == ({x1}, (0.911624, 0.0883757))
({x2}, (0.00658358, 0.993416)) == ({x2}, (0.00658358, 0.993416))
({x3}, (0.00658358, 0.993416)) == ({x3}, (0.00658358, 0.993416))
({x4}, (0.993416, 0.00658358)) == ({x4}, (0.993416, 0.00658358))
({x5}, (0.00658358, 0.993416)) == ({x5}, (0.00658358, 0.993416))
({x6}, (0.993416, 0.00658358)) == ({x6}, (0.993416, 0.00658358))
({x7}, (0.00658358, 0.993416)) == ({x7}, (0.00658358, 0.993416))
({x8}, (0.911624, 0.0883757)) == ({x8}, (0.911624, 0.0883757))
({x9}, (0.911624, 0.0883757)) == ({x9}, (0.911624, 0.0883757))
({x0, x1}, (0.901778, 0.00482486, 0.0874211, 0.00597627)) == ({x0, x1}, (0.901778, 0.00482486, 0.0874211, 0.00597627))
({x0, x2}, (4.6205e-09, 0.00658358, 0.993416, 4.38949e-11)) == ({x0, x2}, (4.6205e-09, 0.00658358, 0.993416, 4.38949e-11))
({x0, x3}, (6.1268e-07, 0.00658358, 0.993416, 1.89374e-08)) == ({x0, x3}, (6.1268e-07, 0.00658358, 0.993416, 1.89374e-08))
({x0, x4}, (0.993416, 1.72503e-14, 1.08358e-13, 0.00658358)) == ({x0, x4}, (0.993416, 1.72503e-14, 1.08358e-13, 0.00658358))
({x0, x5}, (8.28644e-09, 0.00658358, 0.993416, 2.53424e-11)) == ({x0, x5}, (8.28644e-09, 0.00658358, 0.993416, 2.53424e-11))
({x0, x6}, (0.993392, 1.8937e-08, 2.46489e-05, 0.00658342)) == ({x0, x6}, (0.993392, 1.8937e-08, 2.46489e-05, 0.00658342))
({x0, x7}, (5.18967e-10, 0.00658358, 0.993416, 3.87414e-10)) == ({x0, x7}, (5.18967e-10, 0.00658358, 0.993416, 3.87414e-10))
({x0, x8}, (0.901778, 0.00482486, 0.0874211, 0.00597627)) == ({x0, x8}, (0.901778, 0.00482486, 0.0874211, 0.00597627))
({x0, x9}, (0.901778, 0.00482486, 0.0874211, 0.00597627)) == ({x0, x9}, (0.901778, 0.00482486, 0.0874211, 0.00597627))
({x1, x2}, (0.00482486, 0.00597627, 0.901778, 0.0874211)) == ({x1, x2}, (0.00482486, 0.00597627, 0.901778, 0.0874211))
({x1, x3}, (0.00482486, 0.00597627, 0.901778, 0.0874211)) == ({x1, x3}, (0.00482486, 0.00597627, 0.901778, 0.0874211))
({x1, x4}, (0.901778, 0.0874211, 0.00482486, 0.00597627)) == ({x1, x4}, (0.901778, 0.0874211, 0.00482486, 0.00597627))
({x1, x5}, (0.00482486, 0.00597627, 0.901778, 0.0874211)) == ({x1, x5}, (0.00482486, 0.00597627, 0.901778, 0.0874211))
({x1, x6}, (0.901778, 0.0874211, 0.00482486, 0.00597627)) == ({x1, x6}, (0.901778, 0.0874211, 0.00482486, 0.00597627))
({x1, x7}, (0.00482486, 0.00597627, 0.901778, 0.0874211)) == ({x1, x7}, (0.00482486, 0.00597627, 0.901778, 0.0874211))
({x1, x8}, (0.841829, 0.00369664, 0.0728654, 0.0816094)) == ({x1, x8}, (0.841829, 0.00369664, 0.0728654, 0.0816094))
({x1, x9}, (0.841829, 0.00369664, 0.0728654, 0.0816094)) == ({x1, x9}, (0.841829, 0.00369664, 0.0728654, 0.0816094))
({x2, x3}, (0.00658358, 6.1268e-07, 1.89374e-08, 0.993416)) == ({x2, x3}, (0.00658358, 6.1268e-07, 1.89374e-08, 0.993416))
({x2, x4}, (4.6205e-09, 0.993416, 0.00658358, 4.38949e-11)) == ({x2, x4}, (4.6205e-09, 0.993416, 0.00658358, 4.38949e-11))
({x2, x5}, (0.00658358, 8.28644e-09, 4.6205e-09, 0.993416)) == ({x2, x5}, (0.00658358, 8.28644e-09, 4.6205e-09, 0.993416))
({x2, x6}, (1.8937e-08, 0.993392, 0.00658342, 2.46489e-05)) == ({x2, x6}, (1.8937e-08, 0.993392, 0.00658342, 2.46489e-05))
({x2, x7}, (0.00658358, 5.18967e-10, 4.6205e-09, 0.993416)) == ({x2, x7}, (0.00658358, 5.18967e-10, 4.6205e-09, 0.993416))
({x2, x8}, (0.00482486, 0.901778, 0.00597627, 0.0874211)) == ({x2, x8}, (0.00482486, 0.901778, 0.00597627, 0.0874211))
({x2, x9}, (0.00482486, 0.901778, 0.00597627, 0.0874211)) == ({x2, x9}, (0.00482486, 0.901778, 0.00597627, 0.0874211))
({x3, x4}, (6.1268e-07, 0.993416, 0.00658358, 1.89374e-08)) == ({x3, x4}, (6.1268e-07, 0.993416, 0.00658358, 1.89374e-08))
({x3, x5}, (0.00658358, 1.89374e-08, 6.1268e-07, 0.993416)) == ({x3, x5}, (0.00658358, 1.89374e-08, 6.1268e-07, 0.993416))
({x3, x6}, (1.11803e-08, 0.993392, 0.00658342, 2.46489e-05)) == ({x3, x6}, (1.11803e-08, 0.993392, 0.00658342, 2.46489e-05))
({x3, x7}, (0.00658358, 1.89374e-08, 6.1268e-07, 0.993416)) == ({x3, x7}, (0.00658358, 1.89374e-08, 6.1268e-07, 0.993416))
({x3, x8}, (0.00482486, 0.901778, 0.00597627, 0.0874211)) == ({x3, x8}, (0.00482486, 0.901778, 0.00597627, 0.0874211))
({x3, x9}, (0.00482486, 0.901778, 0.00597627, 0.0874211)) == ({x3, x9}, (0.00482486, 0.901778, 0.00597627, 0.0874211))
({x4, x5}, (8.28644e-09, 0.00658358, 0.993416, 2.53424e-11)) == ({x4, x5}, (8.28644e-09, 0.00658358, 0.993416, 2.53424e-11))
({x4, x6}, (0.993392, 1.8937e-08, 2.46489e-05, 0.00658342)) == ({x4, x6}, (0.993392, 1.8937e-08, 2.46489e-05, 0.00658342))
({x4, x7}, (5.18967e-10, 0.00658358, 0.993416, 3.87414e-10)) == ({x4, x7}, (5.18967e-10, 0.00658358, 0.993416, 3.87414e-10))
({x4, x8}, (0.901778, 0.00482486, 0.0874211, 0.00597627)) == ({x4, x8}, (0.901778, 0.00482486, 0.0874211, 0.00597627))
({x4, x9}, (0.901778, 0.00482486, 0.0874211, 0.00597627)) == ({x4, x9}, (0.901778, 0.00482486, 0.0874211, 0.00597627))
({x5, x6}, (1.8937e-08, 0.993392, 0.00658342, 2.46489e-05)) == ({x5, x6}, (1.8937e-08, 0.993392, 0.00658342, 2.46489e-05))
({x5, x7}, (0.00658358, 5.18967e-10, 8.28644e-09, 0.993416)) == ({x5, x7}, (0.00658358, 5.18967e-10, 8.28644e-09, 0.993416))
({x5, x8}, (0.00482486, 0.901778, 0.00597627, 0.0874211)) == ({x5, x8}, (0.00482486, 0.901778, 0.00597627, 0.0874211))
({x5, x9}, (0.00482486, 0.901778, 0.00597627, 0.0874211)) == ({x5, x9}, (0.00482486, 0.901778, 0.00597627, 0.0874211))
({x6, x7}, (1.8937e-08, 0.00658342, 0.993392, 2.46489e-05)) == ({x6, x7}, (1.8937e-08, 0.00658342, 0.993392, 2.46489e-05))
({x6, x8}, (0.901778, 0.00482486, 0.0874211, 0.00597627)) == ({x6, x8}, (0.901778, 0.00482486, 0.0874211, 0.00597627))
({x6, x9}, (0.901778, 0.00482486, 0.0874211, 0.00597627)) == ({x6, x9}, (0.901778, 0.00482486, 0.0874211, 0.00597627))
({x7, x8}, (0.00482486, 0.901778, 0.00597627, 0.0874211)) == ({x7, x8}, (0.00482486, 0.901778, 0.00597627, 0.0874211))
({x7, x9}, (0.00482486, 0.901778, 0.00597627, 0.0874211)) == ({x7, x9}, (0.00482486, 0.901778, 0.00597627, 0.0874211))
({x8, x9}, (0.897706, 1.79958e-05, 0.0152499, 0.0870264)) == ({x8, x9}, (0.897706, 1.79958e-05, 0.0152499, 0.0870264))
Exact MAP state (log score = 84.4058):
x0: 0
x1: 0
x2: 1
x3: 1
x4: 0
x5: 1
x6: 0
x7: 1
x8: 0
x9: 0
