Builtin inference algorithms: {BP, EXACT, FBP, JTREE, TRWBP}

Exact variable marginals:
({x0}, (0.00403043, 0.99597))
({x1}, (0.00403043, 0.99597))
({x2}, (0.00403054, 0.995969))
({x3}, (0.99597, 0.00403043))
({x4}, (0.00403043, 0.99597))
({x5}, (0.99597, 0.00403043))
({x6}, (0.99597, 0.00403043))
({x7}, (0.99597, 0.00403043))
({x8}, (0.00403043, 0.99597))
({x9}, (0.00403043, 0.99597))
Exact factor marginals:
({x0}, (0.00403043, 0.99597))
({x1}, (0.00403043, 0.99597))
({x2}, (0.00403054, 0.995969))
({x3}, (0.99597, 0.00403043))
({x4}, (0.00403043, 0.99597))
({x5}, (0.99597, 0.00403043))
({x6}, (0.99597, 0.00403043))
({x7}, (0.99597, 0.00403043))
({x8}, (0.00403043, 0.99597))
({x9}, (0.00403043, 0.99597))
({x0, x1}, (0.00403043, 2.74294e-20, 8.31374e-22, 0.99597))
({x0, x2}, (0.00403043, 1.13974e-07, 5.50098e-11, 0.995969))
({x0, x3}, (1.41614e-12, 0.99597, 0.00403043, 5.15299e-10))
({x0, x4}, (0.00403043, 1.14084e-15, 7.61166e-17, 0.99597))
({x0, x5}, (5.68246e-19, 0.99597, 0.00403043, 2.60175e-18))
({x0, x6}, (4.52186e-24, 0.99597, 0.00403043, 2.08183e-24))
({x0, x7}, (5.92324e-24, 0.99597, 0.00403043, 3.44308e-24))
({x0, x8}, (0.00403043, 1.29565e-16, 2.61199e-17, 0.99597))
({x0, x9}, (0.00403043, 2.74445e-12, 3.71837e-16, 0.99597))
({x1, x2}, (0.00403043, 1.13974e-07, 5.50098e-11, 0.995969))
({x1, x3}, (1.41614e-12, 0.99597, 0.00403043, 5.15299e-10))
({x1, x4}, (0.00403043, 1.14084e-15, 7.6144e-17, 0.99597))
({x1, x5}, (5.95671e-19, 0.99597, 0.00403043, 2.60258e-18))
({x1, x6}, (2.74289e-20, 0.99597, 0.00403043, 8.28398e-22))
({x1, x7}, (2.74269e-20, 0.99597, 0.00403043, 8.26319e-22))
({x1, x8}, (0.00403043, 1.29566e-16, 2.61474e-17, 0.99597))
({x1, x9}, (0.00403043, 2.74445e-12, 3.71864e-16, 0.99597))
({x2, x3}, (1.13458e-07, 0.995969, 0.00403043, 5.36104e-11))
({x2, x4}, (0.00403043, 5.50109e-11, 1.13974e-07, 0.995969))
({x2, x5}, (1.13974e-07, 0.995969, 0.00403043, 5.50098e-11))
({x2, x6}, (1.13974e-07, 0.995969, 0.00403043, 5.50098e-11))
({x2, x7}, (1.13974e-07, 0.995969, 0.00403043, 5.50098e-11))
({x2, x8}, (0.00403043, 5.50099e-11, 1.13974e-07, 0.995969))
({x2, x9}, (0.00403043, 5.50094e-11, 1.13971e-07, 0.995969))
({x3, x4}, (1.41728e-12, 0.00403043, 0.99597, 5.15299e-10))
({x3, x5}, (0.99597, 5.15299e-10, 1.41614e-12, 0.00403043))
({x3, x6}, (0.99597, 5.15299e-10, 1.41614e-12, 0.00403043))
({x3, x7}, (0.99597, 5.15299e-10, 1.41614e-12, 0.00403043))
({x3, x8}, (1.41627e-12, 0.00403043, 0.99597, 5.15299e-10))
({x3, x9}, (1.4158e-12, 0.00403043, 0.99597, 5.12554e-10))
({x4, x5}, (1.14138e-15, 0.99597, 0.00403043, 7.86868e-17))
({x4, x6}, (1.14084e-15, 0.99597, 0.00403043, 7.61166e-17))
({x4, x7}, (1.14084e-15, 0.99597, 0.00403043, 7.61166e-17))
({x4, x8}, (0.00403043, 2.05682e-16, 1.16696e-15, 0.99597))
({x4, x9}, (0.00403043, 2.74452e-12, 1.51268e-15, 0.99597))
({x5, x6}, (0.99597, 2.60175e-18, 5.68244e-19, 0.00403043))
({x5, x7}, (0.99597, 2.60175e-18, 5.68245e-19, 0.00403043))
({x5, x8}, (1.30134e-16, 0.00403043, 0.99597, 2.87217e-17))
({x5, x9}, (2.74445e-12, 0.00403043, 0.99597, 3.74439e-16))
({x6, x7}, (0.99597, 3.4738e-24, 3.43367e-24, 0.00403043))
({x6, x8}, (1.29565e-16, 0.00403043, 0.99597, 2.61199e-17))
({x6, x9}, (2.74445e-12, 0.00403043, 0.99597, 3.71837e-16))
({x7, x8}, (1.29565e-16, 0.00403043, 0.99597, 2.61199e-17))
({x7, x9}, (2.74445e-12, 0.00403043, 0.99597, 3.71837e-16))
({x8, x9}, (0.00403043, 2.74447e-12, 5.01402e-16, 0.99597))
Exact log partition sum: 101.294
Exact MAP variable marginals:
({x0}, (0.00403043, 0.99597))
({x1}, (0.00403043, 0.99597))
({x2}, (0.00403043, 0.99597))
({x3}, (0.99597, 0.00403043))
({x4}, (0.00403043, 0.99597))
({x5}, (0.99597, 0.00403043))
({x6}, (0.99597, 0.00403043))
({x7}, (0.99597, 0.00403043))
({x8}, (0.00403043, 0.99597))
({x9}, (0.00403043, 0.99597))
Exact MAP factor marginals:
({x0}, (0.00403043, 0.99597)) == ({x0}, (0.00403043, 0.99597))
({x1}, (0.00403043, 0.99597)) == ({x1}, (0.00403043, 0.99597))
({x2}, (0.00403043, 0.99597)) == ({x2}, (0.00403043, 0.99597))
({x3}, (0.99597, 0.00403043)) == ({x3}, (0.99597, 0.00403043))
({x4}, (0.00403043, 0.99597)) == ({x4}, (0.00403043, 0.99597))
({x5}, (0.99597, 0.00403043)) == ({x5}, (0.99597, 0.00403043))
({x6}, (0.99597, 0.00403043)) == ({x6}, (0.99597, 0.00403043))
({x7}, (0.99597, 0.00403043)) == ({x7}, (0.99597, 0.00403043))
({x8}, (0.00403043, 0.99597)) == ({x8}, (0.00403043, 0.99597))
({x9}, (0.00403043, 0.99597)) == ({x9}, (0.00403043, 0.99597))
({x0, x1}, (0.00403043, 2.73871e-20, 8.25693e-22, 0.99597)) == ({x0, x1}, (0.00403043, 2.73871e-20, 8.25693e-22, 0.99597))
({x0, x2}, (0.00403043, 1.13458e-07, 5.3594e-11, 0.995969)) == ({x0, x2}, (0.00403043, 1.13458e-07, 5.3594e-11, 0.995969))
({x0, x3}, (1.41538e-12, 0.99597, 0.00403043, 5.12538e-10)) == ({x0, x3}, (1.41538e-12, 0.99597, 0.00403043, 5.12538e-10))
({x0, x4}, (0.00403043, 1.14077e-15, 7.60916e-17, 0.99597)) == ({x0, x4}, (0.00403043, 1.14077e-15, 7.60916e-17, 0.99597))
({x0, x5}, (5.43738e-19, 0.99597, 0.00403043, 2.59466e-18)) == ({x0, x5}, (5.43738e-19, 0.99597, 0.00403043, 2.59466e-18))
({x0, x6}, (2.84697e-24, 0.99597, 0.00403043, 8.26749e-25)) == ({x0, x6}, (2.84697e-24, 0.99597, 0.00403043, 8.26749e-25))
({x0, x7}, (2.84697e-24, 0.99597, 0.00403043, 2.79365e-24)) == ({x0, x7}, (2.84697e-24, 0.99597, 0.00403043, 2.79365e-24))
({x0, x8}, (0.00403043, 1.29565e-16, 2.61199e-17, 0.99597)) == ({x0, x8}, (0.00403043, 1.29565e-16, 2.61199e-17, 0.99597))
({x0, x9}, (0.00403043, 2.74442e-12, 3.71836e-16, 0.99597)) == ({x0, x9}, (0.00403043, 2.74442e-12, 3.71836e-16, 0.99597))
({x1, x2}, (0.00403043, 1.13458e-07, 5.3594e-11, 0.995969)) == ({x1, x2}, (0.00403043, 1.13458e-07, 5.3594e-11, 0.995969))
({x1, x3}, (1.41538e-12, 0.99597, 0.00403043, 5.12538e-10)) == ({x1, x3}, (1.41538e-12, 0.99597, 0.00403043, 5.12538e-10))
({x1, x4}, (0.00403043, 1.14077e-15, 7.60916e-17, 0.99597)) == ({x1, x4}, (0.00403043, 1.14077e-15, 7.60916e-17, 0.99597))
({x1, x5}, (5.43738e-19, 0.99597, 0.00403043, 2.59466e-18)) == ({x1, x5}, (5.43738e-19, 0.99597, 0.00403043, 2.59466e-18))
({x1, x6}, (2.73871e-20, 0.99597, 0.00403043, 8.25693e-22)) == ({x1, x6}, (2.73871e-20, 0.99597, 0.00403043, 8.25693e-22))
({x1, x7}, (2.73871e-20, 0.99597, 0.00403043, 8.25693e-22)) == ({x1, x7}, (2.73871e-20, 0.99597, 0.00403043, 8.25693e-22))
({x1, x8}, (0.00403043, 1.29565e-16, 2.61199e-17, 0.99597)) == ({x1, x8}, (0.00403043, 1.29565e-16, 2.61199e-17, 0.99597))
({x1, x9}, (0.00403043, 2.74442e-12, 3.71836e-16, 0.99597)) == ({x1, x9}, (0.00403043, 2.74442e-12, 3.71836e-16, 0.99597))
({x2, x3}, (1.13458e-07, 0.995969, 0.00403043, 5.3594e-11)) == ({x2, x3}, (1.13458e-07, 0.995969, 0.00403043, 5.3594e-11))
({x2, x4}, (0.00403043, 5.3594e-11, 1.13458e-07, 0.995969)) == ({x2, x4}, (0.00403043, 5.3594e-11, 1.13458e-07, 0.995969))
({x2, x5}, (1.13458e-07, 0.995969, 0.00403043, 5.3594e-11)) == ({x2, x5}, (1.13458e-07, 0.995969, 0.00403043, 5.3594e-11))
({x2, x6}, (1.13458e-07, 0.995969, 0.00403043, 5.3594e-11)) == ({x2, x6}, (1.13458e-07, 0.995969, 0.00403043, 5.3594e-11))
({x2, x7}, (1.13458e-07, 0.995969, 0.00403043, 5.3594e-11)) == ({x2, x7}, (1.13458e-07, 0.995969, 0.00403043, 5.3594e-11))
({x2, x8}, (0.00403043, 5.3594e-11, 1.13458e-07, 0.995969)) == ({x2, x8}, (0.00403043, 5.3594e-11, 1.13458e-07, 0.995969))
({x2, x9}, (0.00403043, 5.3594e-11, 1.13458e-07, 0.995969)) == ({x2, x9}, (0.00403043, 5.3594e-11, 1.13458e-07, 0.995969))
({x3, x4}, (1.41538e-12, 0.00403043, 0.99597, 5.12538e-10)) == ({x3, x4}, (1.41538e-12, 0.00403043, 0.99597, 5.12538e-10))
({x3, x5}, (0.99597, 5.12538e-10, 1.41538e-12, 0.00403043)) == ({x3, x5}, (0.99597, 5.12538e-10, 1.41538e-12, 0.00403043))
({x3, x6}, (0.99597, 5.12538e-10, 1.41538e-12, 0.00403043)) == ({x3, x6}, (0.99597, 5.12538e-10, 1.41538e-12, 0.00403043))
({x3, x7}, (0.99597, 5.12538e-10, 1.41538e-12, 0.00403043)) == ({x3, x7}, (0.99597, 5.12538e-10, 1.41538e-12, 0.00403043))
({x3, x8}, (1.41538e-12, 0.00403043, 0.99597, 5.12538e-10)) == ({x3, x8}, (1.41538e-12, 0.00403043, 0.99597, 5.12538e-10))
({x3, x9}, (1.41538e-12, 0.00403043, 0.99597, 5.12538e-10)) == ({x3, x9}, (1.41538e-12, 0.00403043, 0.99597, 5.12538e-10))
({x4, x5}, (1.14077e-15, 0.99597, 0.00403043, 7.60916e-17)) == ({x4, x5}, (1.14077e-15, 0.99597, 0.00403043, 7.60916e-17))
({x4, x6}, (1.14077e-15, 0.99597, 0.00403043, 7.60916e-17)) == ({x4, x6}, (1.14077e-15, 0.99597, 0.00403043, 7.60916e-17))
({x4, x7}, (1.14077e-15, 0.99597, 0.00403043, 7.60916e-17)) == ({x4, x7}, (1.14077e-15, 0.99597, 0.00403043, 7.60916e-17))
({x4, x8}, (0.00403043, 1.29565e-16, 1.14077e-15, 0.99597)) == ({x4, x8}, (0.00403043, 1.29565e-16, 1.14077e-15, 0.99597))
({x4, x9}, (0.00403043, 2.74442e-12, 1.14077e-15, 0.99597)) == ({x4, x9}, (0.00403043, 2.74442e-12, 1.14077e-15, 0.99597))
({x5, x6}, (0.99597, 2.59466e-18, 5.43738e-19, 0.00403043)) == ({x5, x6}, (0.99597, 2.59466e-18, 5.43738e-19, 0.00403043))
({x5, x7}, (0.99597, 2.59466e-18, 5.43738e-19, 0.00403043)) == ({x5, x7}, (0.99597, 2.59466e-18, 5.43738e-19, 0.00403043))
({x5, x8}, (1.29565e-16, 0.00403043, 0.99597, 2.61199e-17)) == ({x5, x8}, (1.29565e-16, 0.00403043, 0.99597, 2.61199e-17))
({x5, x9}, (2.74442e-12, 0.00403043, 0.99597, 3.71836e-16)) == ({x5, x9}, (2.74442e-12, 0.00403043, 0.99597, 3.71836e-16))
({x6, x7}, (0.99597, 8.26749e-25, 2.79365e-24, 0.00403043)) == ({x6, x7}, (0.99597, 8.26749e-25, 2.79365e-24, 0.00403043))
({x6, x8}, (1.29565e-16, 0.00403043, 0.99597, 2.61199e-17)) == ({x6, x8}, (1.29565e-16, 0.00403043, 0.99597, 2.61199e-17))
({x6, x9}, (2.74442e-12, 0.00403043, 0.99597, 3.71836e-16)) == ({x6, x9}, (2.74442e-12, 0.00403043, 0.99597, 3.71836e-16))
({x7, x8}, (1.29565e-16, 0.00403043, 0.99597, 2.61199e-17)) == ({x7, x8}, (1.29565e-16, 0.00403043, 0.99597, 2.61199e-17))
({x7, x9}, (2.74442e-12, 0.00403043, 0.99597, 3.71836e-16)) == ({x7, x9}, (2.74442e-12, 0.00403043, 0.99597, 3.71836e-16))
({x8, x9}, (0.00403043, 2.74442e-12, 3.71836e-16, 0.99597)) == ({x8, x9}, (0.00403043, 2.74442e-12, 3.71836e-16, 0.99597))
Exact MAP state (log score = 101.29):
x0: 1
x1: 1
x2: 1
x3: 0
x4: 1
x5: 0
x6: 0
x7: 0
x8: 1
x9: 1
