Builtin inference algorithms: {BP, EXACT, FBP, JTREE, TRWBP}

Exact variable marginals:
({x0}, (0.147768, 0.852232))
({x1}, (0.852232, 0.147768))
({x2}, (0.852232, 0.147768))
({x3}, (0.147768, 0.852232))
({x4}, (0.852232, 0.147768))
({x5}, (0.844532, 0.155468))
({x6}, (0.147768, 0.852232))
({x7}, (0.147768, 0.852232))
({x8}, (0.852232, 0.147768))
({x9}, (0.15553, 0.84447))
Exact factor marginals:
({x0}, (0.147768, 0.852232))
({x1}, (0.852232, 0.147768))
({x2}, (0.852232, 0.147768))
({x3}, (0.147768, 0.852232))
({x4}, (0.852232, 0.147768))
({x5}, (0.844532, 0.155468))
({x6}, (0.147768, 0.852232))
({x7}, (0.147768, 0.852232))
({x8}, (0.852232, 0.147768))
({x9}, (0.15553, 0.84447))
({x0, x1}, (4.21012e-15, 0.852232, 0.147768, 8.98446e-14))
({x0, x2}, (6.39832e-22, 0.852232, 0.147768, 8.05613e-22))
({x0, x3}, (0.147768, 4.99653e-08, 5.05681e-09, 0.852232))
({x0, x4}, (4.12963e-15, 0.852232, 0.147768, 8.93162e-14))
({x0, x5}, (0.000209598, 0.844323, 0.147558, 0.00790946))
({x0, x6}, (0.147768, 1.01438e-15, 1.38115e-18, 0.852232))
({x0, x7}, (0.147768, 4.90234e-11, 5.43525e-11, 0.852232))
({x0, x8}, (8.8172e-08, 0.852232, 0.147768, 1.08104e-07))
({x0, x9}, (0.147553, 0.00797691, 0.000214337, 0.844255))
({x1, x2}, (0.852232, 8.98446e-14, 4.21012e-15, 0.147768))
({x1, x3}, (4.99652e-08, 0.147768, 0.852232, 5.0568e-09))
({x1, x4}, (0.852232, 5.28478e-16, 8.05635e-17, 0.147768))
({x1, x5}, (0.844323, 0.000209598, 0.00790946, 0.147558))
({x1, x6}, (5.22115e-15, 0.147768, 0.852232, 8.98426e-14))
({x1, x7}, (4.89337e-11, 0.147768, 0.852232, 5.43484e-11))
({x1, x8}, (0.852232, 8.81721e-08, 1.08104e-07, 0.147768))
({x1, x9}, (0.00797691, 0.147553, 0.844255, 0.000214337))
({x2, x3}, (4.99653e-08, 0.147768, 0.852232, 5.05681e-09))
({x2, x4}, (0.852232, 4.12963e-15, 8.93162e-14, 0.147768))
({x2, x5}, (0.844323, 0.000209598, 0.00790946, 0.147558))
({x2, x6}, (1.01438e-15, 0.147768, 0.852232, 1.38056e-18))
({x2, x7}, (4.90234e-11, 0.147768, 0.852232, 5.43525e-11))
({x2, x8}, (0.852232, 8.8172e-08, 1.08104e-07, 0.147768))
({x2, x9}, (0.00797691, 0.147553, 0.844255, 0.000214337))
({x3, x4}, (4.99652e-08, 0.852232, 0.147768, 5.0568e-09))
({x3, x5}, (0.000209648, 0.844323, 0.147558, 0.00790947))
({x3, x6}, (0.147768, 5.05681e-09, 4.99653e-08, 0.852232))
({x3, x7}, (0.147768, 5.10573e-09, 5.00195e-08, 0.852232))
({x3, x8}, (9.22256e-08, 0.852232, 0.147768, 6.72487e-08))
({x3, x9}, (0.147553, 0.00797692, 0.000214387, 0.844255))
({x4, x5}, (0.844323, 0.000209598, 0.00790946, 0.147558))
({x4, x6}, (5.14401e-15, 0.147768, 0.852232, 8.93176e-14))
({x4, x7}, (4.89341e-11, 0.147768, 0.852232, 5.43484e-11))
({x4, x8}, (0.852232, 8.81721e-08, 1.08104e-07, 0.147768))
({x4, x9}, (0.00797691, 0.147553, 0.844255, 0.000214337))
({x5, x6}, (0.000209598, 0.147558, 0.844323, 0.00790946))
({x5, x7}, (0.000209598, 0.147558, 0.844323, 0.00790946))
({x5, x8}, (0.844323, 0.00790955, 0.000209707, 0.147558))
({x5, x9}, (6.74526e-05, 0.155463, 0.844465, 4.7385e-06))
({x6, x7}, (0.147768, 4.90234e-11, 5.43535e-11, 0.852232))
({x6, x8}, (8.8172e-08, 0.852232, 0.147768, 1.08104e-07))
({x6, x9}, (0.147553, 0.00797691, 0.000214337, 0.844255))
({x7, x8}, (8.8221e-08, 0.852232, 0.147768, 1.08158e-07))
({x7, x9}, (0.147553, 0.00797691, 0.000214337, 0.844255))
({x8, x9}, (0.007977, 0.147553, 0.844255, 0.000214445))
Exact log partition sum: 155.955
Exact MAP variable marginals:
({x0}, (0.148772, 0.851228))
({x1}, (0.851228, 0.148772))
({x2}, (0.851228, 0.148772))
({x3}, (0.148772, 0.851228))
({x4}, (0.851228, 0.148772))
({x5}, (0.851228, 0.148772))
({x6}, (0.148772, 0.851228))
({x7}, (0.148772, 0.851228))
({x8}, (0.851228, 0.148772))
({x9}, (0.148772, 0.851228))
Exact MAP factor marginals:
({x0}, (0.148772, 0.851228)) == ({x0}, (0.148772, 0.851228))
({x1}, (0.851228, 0.148772)) == ({x1}, (0.851228, 0.148772))
({x2}, (0.851228, 0.148772)) == ({x2}, (0.851228, 0.148772))
({x3}, (0.148772, 0.851228)) == ({x3}, (0.148772, 0.851228))
({x4}, (0.851228, 0.148772)) == ({x4}, (0.851228, 0.148772))
({x5}, (0.851228, 0.148772)) == ({x5}, (0.851228, 0.148772))
({x6}, (0.148772, 0.851228)) == ({x6}, (0.148772, 0.851228))
({x7}, (0.148772, 0.851228)) == ({x7}, (0.148772, 0.851228))
({x8}, (0.851228, 0.148772)) == ({x8}, (0.851228, 0.148772))
({x9}, (0.148772, 0.851228)) == ({x9}, (0.148772, 0.851228))
({x0, x1}, (4.16373e-15, 0.851228, 0.148772, 9.00538e-14)) == ({x0, x1}, (4.16373e-15, 0.851228, 0.148772, 9.00538e-14))
({x0, x2}, (5.90034e-22, 0.851228, 0.148772, 7.72418e-22)) == ({x0, x2}, (5.90034e-22, 0.851228, 0.148772, 7.72418e-22))
({x0, x3}, (0.148772, 4.13445e-08, 4.94636e-09, 0.851228)) == ({x0, x3}, (0.148772, 4.13445e-08, 4.94636e-09, 0.851228))
({x0, x4}, (4.16373e-15, 0.851228, 0.148772, 9.00538e-14)) == ({x0, x4}, (4.16373e-15, 0.851228, 0.148772, 9.00538e-14))
({x0, x5}, (0.000209614, 0.844316, 0.147564, 0.00791003)) == ({x0, x5}, (0.000209614, 0.844316, 0.147564, 0.00791003))
({x0, x6}, (0.148772, 8.66623e-16, 7.42792e-19, 0.851228)) == ({x0, x6}, (0.148772, 8.66623e-16, 7.42792e-19, 0.851228))
({x0, x7}, (0.148772, 4.93305e-11, 5.4792e-11, 0.851228)) == ({x0, x7}, (0.148772, 4.93305e-11, 5.4792e-11, 0.851228))
({x0, x8}, (8.39538e-08, 0.851228, 0.148772, 6.76519e-08)) == ({x0, x8}, (8.39538e-08, 0.851228, 0.148772, 6.76519e-08))
({x0, x9}, (0.147564, 0.00791003, 0.000209614, 0.844316)) == ({x0, x9}, (0.147564, 0.00791003, 0.000209614, 0.844316))
({x1, x2}, (0.851228, 9.00538e-14, 4.16373e-15, 0.148772)) == ({x1, x2}, (0.851228, 9.00538e-14, 4.16373e-15, 0.148772))
({x1, x3}, (4.13445e-08, 0.148772, 0.851228, 4.94636e-09)) == ({x1, x3}, (4.13445e-08, 0.148772, 0.851228, 4.94636e-09))
({x1, x4}, (0.851228, 4.20335e-16, 8.06599e-17, 0.148772)) == ({x1, x4}, (0.851228, 4.20335e-16, 8.06599e-17, 0.148772))
({x1, x5}, (0.844316, 0.000209614, 0.00791003, 0.147564)) == ({x1, x5}, (0.844316, 0.000209614, 0.00791003, 0.147564))
({x1, x6}, (4.16373e-15, 0.148772, 0.851228, 9.00538e-14)) == ({x1, x6}, (4.16373e-15, 0.148772, 0.851228, 9.00538e-14))
({x1, x7}, (4.93305e-11, 0.148772, 0.851228, 5.4792e-11)) == ({x1, x7}, (4.93305e-11, 0.148772, 0.851228, 5.4792e-11))
({x1, x8}, (0.851228, 8.39538e-08, 6.76519e-08, 0.148772)) == ({x1, x8}, (0.851228, 8.39538e-08, 6.76519e-08, 0.148772))
({x1, x9}, (0.00791003, 0.147564, 0.844316, 0.000209614)) == ({x1, x9}, (0.00791003, 0.147564, 0.844316, 0.000209614))
({x2, x3}, (4.13445e-08, 0.148772, 0.851228, 4.94636e-09)) == ({x2, x3}, (4.13445e-08, 0.148772, 0.851228, 4.94636e-09))
({x2, x4}, (0.851228, 4.16373e-15, 9.00538e-14, 0.148772)) == ({x2, x4}, (0.851228, 4.16373e-15, 9.00538e-14, 0.148772))
({x2, x5}, (0.844316, 0.000209614, 0.00791003, 0.147564)) == ({x2, x5}, (0.844316, 0.000209614, 0.00791003, 0.147564))
({x2, x6}, (8.66623e-16, 0.148772, 0.851228, 7.42792e-19)) == ({x2, x6}, (8.66623e-16, 0.148772, 0.851228, 7.42792e-19))
({x2, x7}, (4.93305e-11, 0.148772, 0.851228, 5.4792e-11)) == ({x2, x7}, (4.93305e-11, 0.148772, 0.851228, 5.4792e-11))
({x2, x8}, (0.851228, 8.39538e-08, 6.76519e-08, 0.148772)) == ({x2, x8}, (0.851228, 8.39538e-08, 6.76519e-08, 0.148772))
({x2, x9}, (0.00791003, 0.147564, 0.844316, 0.000209614)) == ({x2, x9}, (0.00791003, 0.147564, 0.844316, 0.000209614))
({x3, x4}, (4.13445e-08, 0.851228, 0.148772, 4.94636e-09)) == ({x3, x4}, (4.13445e-08, 0.851228, 0.148772, 4.94636e-09))
({x3, x5}, (0.000209614, 0.844316, 0.147564, 0.00791003)) == ({x3, x5}, (0.000209614, 0.844316, 0.147564, 0.00791003))
({x3, x6}, (0.148772, 4.94636e-09, 4.13445e-08, 0.851228)) == ({x3, x6}, (0.148772, 4.94636e-09, 4.13445e-08, 0.851228))
({x3, x7}, (0.148772, 4.94636e-09, 4.13445e-08, 0.851228)) == ({x3, x7}, (0.148772, 4.94636e-09, 4.13445e-08, 0.851228))
({x3, x8}, (8.39538e-08, 0.851228, 0.148772, 6.76519e-08)) == ({x3, x8}, (8.39538e-08, 0.851228, 0.148772, 6.76519e-08))
({x3, x9}, (0.147564, 0.00791003, 0.000209614, 0.844316)) == ({x3, x9}, (0.147564, 0.00791003, 0.000209614, 0.844316))
({x4, x5}, (0.844316, 0.000209614, 0.00791003, 0.147564)) == ({x4, x5}, (0.844316, 0.000209614, 0.00791003, 0.147564))
({x4, x6}, (4.16373e-15, 0.148772, 0.851228, 9.00538e-14)) == ({x4, x6}, (4.16373e-15, 0.148772, 0.851228, 9.00538e-14))
({x4, x7}, (4.93305e-11, 0.148772, 0.851228, 5.4792e-11)) == ({x4, x7}, (4.93305e-11, 0.148772, 0.851228, 5.4792e-11))
({x4, x8}, (0.851228, 8.39538e-08, 6.76519e-08, 0.148772)) == ({x4, x8}, (0.851228, 8.39538e-08, 6.76519e-08, 0.148772))
({x4, x9}, (0.00791003, 0.147564, 0.844316, 0.000209614)) == ({x4, x9}, (0.00791003, 0.147564, 0.844316, 0.000209614))
({x5, x6}, (0.000209614, 0.147564, 0.844316, 0.00791003)) == ({x5, x6}, (0.000209614, 0.147564, 0.844316, 0.00791003))
({x5, x7}, (0.000209614, 0.147564, 0.844316, 0.00791003)) == ({x5, x7}, (0.000209614, 0.147564, 0.844316, 0.00791003))
({x5, x8}, (0.844316, 0.00791003, 0.000209614, 0.147564)) == ({x5, x8}, (0.844316, 0.00791003, 0.000209614, 0.147564))
({x5, x9}, (6.80048e-05, 0.148761, 0.851166, 4.77715e-06)) == ({x5, x9}, (6.80048e-05, 0.148761, 0.851166, 4.77715e-06))
({x6, x7}, (0.148772, 4.93305e-11, 5.4792e-11, 0.851228)) == ({x6, x7}, (0.148772, 4.93305e-11, 5.4792e-11, 0.851228))
({x6, x8}, (8.39538e-08, 0.851228, 0.148772, 6.76519e-08)) == ({x6, x8}, (8.39538e-08, 0.851228, 0.148772, 6.76519e-08))
({x6, x9}, (0.147564, 0.00791003, 0.000209614, 0.844316)) == ({x6, x9}, (0.147564, 0.00791003, 0.000209614, 0.844316))
({x7, x8}, (8.39538e-08, 0.851228, 0.148772, 6.76519e-08)) == ({x7, x8}, (8.39538e-08, 0.851228, 0.148772, 6.76519e-08))
({x7, x9}, (0.147564, 0.00791003, 0.000209614, 0.844316)) == ({x7, x9}, (0.147564, 0.00791003, 0.000209614, 0.844316))
({x8, x9}, (0.00791003, 0.147564, 0.844316, 0.000209614)) == ({x8, x9}, (0.00791003, 0.147564, 0.844316, 0.000209614))
Exact MAP state (log score = 155.786):
x0: 1
x1: 0
x2: 0
x3: 1
x4: 0
x5: 0
x6: 1
x7: 1
x8: 0
x9: 1
