Builtin inference algorithms: {BP, EXACT, FBP, JTREE, TRWBP}

Exact variable marginals:
({x0}, (0.840809, 0.159191))
({x1}, (0.848808, 0.151192))
({x2}, (0.848808, 0.151192))
({x3}, (0.848808, 0.151192))
({x4}, (0.848808, 0.151192))
({x5}, (0.848808, 0.151192))
({x6}, (0.840809, 0.159191))
({x7}, (0.151192, 0.848808))
({x8}, (0.159191, 0.840809))
({x9}, (0.151192, 0.848808))
Exact factor marginals:
({x0}, (0.840809, 0.159191))
({x1}, (0.848808, 0.151192))
({x2}, (0.848808, 0.151192))
({x3}, (0.848808, 0.151192))
({x4}, (0.848808, 0.151192))
({x5}, (0.848808, 0.151192))
({x6}, (0.840809, 0.159191))
({x7}, (0.151192, 0.848808))
({x8}, (0.159191, 0.840809))
({x9}, (0.151192, 0.848808))
({x0, x1}, (0.840796, 0.00801234, 1.36276e-05, 0.151178))
({x0, x2}, (0.840796, 0.00801234, 1.36276e-05, 0.151178))
({x0, x3}, (0.840796, 0.00801235, 1.36719e-05, 0.151178))
({x0, x4}, (0.840796, 0.00801234, 1.36276e-05, 0.151178))
({x0, x5}, (0.840796, 0.00801234, 1.36276e-05, 0.151178))
({x0, x6}, (0.840806, 3.26292e-06, 3.20789e-06, 0.159187))
({x0, x7}, (1.36276e-05, 0.151178, 0.840796, 0.00801233))
({x0, x8}, (3.20789e-06, 0.159187, 0.840806, 3.26292e-06))
({x0, x9}, (1.36276e-05, 0.151178, 0.840796, 0.00801234))
({x1, x2}, (0.848808, 1.56394e-16, 2.39279e-15, 0.151192))
({x1, x3}, (0.848808, 9.45805e-09, 4.43131e-08, 0.151192))
({x1, x4}, (0.848808, 1.40651e-16, 2.59468e-18, 0.151192))
({x1, x5}, (0.848808, 1.35859e-16, 1.55212e-16, 0.151192))
({x1, x6}, (0.840799, 1.04197e-05, 0.00800907, 0.151182))
({x1, x7}, (6.33835e-09, 0.151192, 0.848808, 1.54695e-12))
({x1, x8}, (0.00800907, 0.151182, 0.840799, 1.04197e-05))
({x1, x9}, (5.88719e-12, 0.151192, 0.848808, 2.01571e-12))
({x2, x3}, (0.848808, 9.45805e-09, 4.43131e-08, 0.151192))
({x2, x4}, (0.848808, 2.39493e-15, 2.04717e-17, 0.151192))
({x2, x5}, (0.848808, 2.23764e-15, 2.05896e-17, 0.151192))
({x2, x6}, (0.840799, 1.04197e-05, 0.00800907, 0.151182))
({x2, x7}, (6.33835e-09, 0.151192, 0.848808, 1.54711e-12))
({x2, x8}, (0.00800907, 0.151182, 0.840799, 1.04197e-05))
({x2, x9}, (5.88721e-12, 0.151192, 0.848808, 2.01796e-12))
({x3, x4}, (0.848808, 4.43131e-08, 9.45805e-09, 0.151192))
({x3, x5}, (0.848808, 4.43131e-08, 9.45805e-09, 0.151192))
({x3, x6}, (0.840799, 1.0464e-05, 0.00800908, 0.151182))
({x3, x7}, (1.57964e-08, 0.151192, 0.848808, 4.43146e-08))
({x3, x8}, (0.00800908, 0.151182, 0.840799, 1.0464e-05))
({x3, x9}, (9.45603e-09, 0.151192, 0.848808, 4.43072e-08))
({x4, x5}, (0.848808, 4.8873e-18, 1.62296e-16, 0.151192))
({x4, x6}, (0.840799, 1.04197e-05, 0.00800907, 0.151182))
({x4, x7}, (6.33835e-09, 0.151192, 0.848808, 1.54695e-12))
({x4, x8}, (0.00800907, 0.151182, 0.840799, 1.04197e-05))
({x4, x9}, (5.88719e-12, 0.151192, 0.848808, 2.01557e-12))
({x5, x6}, (0.840799, 1.04197e-05, 0.00800907, 0.151182))
({x5, x7}, (6.33835e-09, 0.151192, 0.848808, 1.54695e-12))
({x5, x8}, (0.00800907, 0.151182, 0.840799, 1.04197e-05))
({x5, x9}, (5.88719e-12, 0.151192, 0.848808, 2.01573e-12))
({x6, x7}, (1.04197e-05, 0.151182, 0.840799, 0.00800907))
({x6, x8}, (6.70121e-11, 0.159191, 0.840809, 7.05381e-11))
({x6, x9}, (1.04197e-05, 0.151182, 0.840799, 0.00800907))
({x7, x8}, (0.151182, 0.00800907, 1.04197e-05, 0.840799))
({x7, x9}, (0.151192, 7.43414e-12, 6.34037e-09, 0.848808))
({x8, x9}, (0.151182, 1.04197e-05, 0.00800907, 0.840799))
Exact log partition sum: 157.644
Exact MAP variable marginals:
({x0}, (0.847598, 0.152402))
({x1}, (0.847598, 0.152402))
({x2}, (0.847598, 0.152402))
({x3}, (0.847598, 0.152402))
({x4}, (0.847598, 0.152402))
({x5}, (0.847598, 0.152402))
({x6}, (0.847598, 0.152402))
({x7}, (0.152402, 0.847598))
({x8}, (0.152402, 0.847598))
({x9}, (0.152402, 0.847598))
Exact MAP factor marginals:
({x0}, (0.847598, 0.152402)) == ({x0}, (0.847598, 0.152402))
({x1}, (0.847598, 0.152402)) == ({x1}, (0.847598, 0.152402))
({x2}, (0.847598, 0.152402)) == ({x2}, (0.847598, 0.152402))
({x3}, (0.847598, 0.152402)) == ({x3}, (0.847598, 0.152402))
({x4}, (0.847598, 0.152402)) == ({x4}, (0.847598, 0.152402))
({x5}, (0.847598, 0.152402)) == ({x5}, (0.847598, 0.152402))
({x6}, (0.847598, 0.152402)) == ({x6}, (0.847598, 0.152402))
({x7}, (0.152402, 0.847598)) == ({x7}, (0.152402, 0.847598))
({x8}, (0.152402, 0.847598)) == ({x8}, (0.152402, 0.847598))
({x9}, (0.152402, 0.847598)) == ({x9}, (0.152402, 0.847598))
({x0, x1}, (0.840801, 0.00800912, 1.04197e-05, 0.151179)) == ({x0, x1}, (0.840801, 0.00800912, 1.04197e-05, 0.151179))
({x0, x2}, (0.840801, 0.00800912, 1.04197e-05, 0.151179)) == ({x0, x2}, (0.840801, 0.00800912, 1.04197e-05, 0.151179))
({x0, x3}, (0.840801, 0.00800912, 1.04197e-05, 0.151179)) == ({x0, x3}, (0.840801, 0.00800912, 1.04197e-05, 0.151179))
({x0, x4}, (0.840801, 0.00800912, 1.04197e-05, 0.151179)) == ({x0, x4}, (0.840801, 0.00800912, 1.04197e-05, 0.151179))
({x0, x5}, (0.840801, 0.00800912, 1.04197e-05, 0.151179)) == ({x0, x5}, (0.840801, 0.00800912, 1.04197e-05, 0.151179))
({x0, x6}, (0.847593, 3.28923e-06, 3.23382e-06, 0.152401)) == ({x0, x6}, (0.847593, 3.28923e-06, 3.23382e-06, 0.152401))
({x0, x7}, (1.04197e-05, 0.151179, 0.840801, 0.00800912)) == ({x0, x7}, (1.04197e-05, 0.151179, 0.840801, 0.00800912))
({x0, x8}, (3.23382e-06, 0.152401, 0.847593, 3.28923e-06)) == ({x0, x8}, (3.23382e-06, 0.152401, 0.847593, 3.28923e-06))
({x0, x9}, (1.04197e-05, 0.151179, 0.840801, 0.00800912)) == ({x0, x9}, (1.04197e-05, 0.151179, 0.840801, 0.00800912))
({x1, x2}, (0.847598, 1.3409e-16, 2.07965e-15, 0.152402)) == ({x1, x2}, (0.847598, 1.3409e-16, 2.07965e-15, 0.152402))
({x1, x3}, (0.847598, 9.53254e-09, 4.46657e-08, 0.152402)) == ({x1, x3}, (0.847598, 9.53254e-09, 4.46657e-08, 0.152402))
({x1, x4}, (0.847598, 1.3409e-16, 1.11403e-18, 0.152402)) == ({x1, x4}, (0.847598, 1.3409e-16, 1.11403e-18, 0.152402))
({x1, x5}, (0.847598, 1.3409e-16, 1.55881e-16, 0.152402)) == ({x1, x5}, (0.847598, 1.3409e-16, 1.55881e-16, 0.152402))
({x1, x6}, (0.840801, 1.04197e-05, 0.00800912, 0.151179)) == ({x1, x6}, (0.840801, 1.04197e-05, 0.00800912, 0.151179))
({x1, x7}, (6.38963e-09, 0.152402, 0.847598, 1.55945e-12)) == ({x1, x7}, (6.38963e-09, 0.152402, 0.847598, 1.55945e-12))
({x1, x8}, (0.00800912, 0.151179, 0.840801, 1.04197e-05)) == ({x1, x8}, (0.00800912, 0.151179, 0.840801, 1.04197e-05))
({x1, x9}, (5.9348e-12, 0.152402, 0.847598, 2.03187e-12)) == ({x1, x9}, (5.9348e-12, 0.152402, 0.847598, 2.03187e-12))
({x2, x3}, (0.847598, 9.53254e-09, 4.46657e-08, 0.152402)) == ({x2, x3}, (0.847598, 9.53254e-09, 4.46657e-08, 0.152402))
({x2, x4}, (0.847598, 2.07965e-15, 1.15105e-17, 0.152402)) == ({x2, x4}, (0.847598, 2.07965e-15, 1.15105e-17, 0.152402))
({x2, x5}, (0.847598, 2.07965e-15, 1.15105e-17, 0.152402)) == ({x2, x5}, (0.847598, 2.07965e-15, 1.15105e-17, 0.152402))
({x2, x6}, (0.840801, 1.04197e-05, 0.00800912, 0.151179)) == ({x2, x6}, (0.840801, 1.04197e-05, 0.00800912, 0.151179))
({x2, x7}, (6.38963e-09, 0.152402, 0.847598, 1.55945e-12)) == ({x2, x7}, (6.38963e-09, 0.152402, 0.847598, 1.55945e-12))
({x2, x8}, (0.00800912, 0.151179, 0.840801, 1.04197e-05)) == ({x2, x8}, (0.00800912, 0.151179, 0.840801, 1.04197e-05))
({x2, x9}, (5.9348e-12, 0.152402, 0.847598, 2.03187e-12)) == ({x2, x9}, (5.9348e-12, 0.152402, 0.847598, 2.03187e-12))
({x3, x4}, (0.847598, 4.46657e-08, 9.53254e-09, 0.152402)) == ({x3, x4}, (0.847598, 4.46657e-08, 9.53254e-09, 0.152402))
({x3, x5}, (0.847598, 4.46657e-08, 9.53254e-09, 0.152402)) == ({x3, x5}, (0.847598, 4.46657e-08, 9.53254e-09, 0.152402))
({x3, x6}, (0.840801, 1.04197e-05, 0.00800912, 0.151179)) == ({x3, x6}, (0.840801, 1.04197e-05, 0.00800912, 0.151179))
({x3, x7}, (9.53254e-09, 0.152402, 0.847598, 4.46657e-08)) == ({x3, x7}, (9.53254e-09, 0.152402, 0.847598, 4.46657e-08))
({x3, x8}, (0.00800912, 0.151179, 0.840801, 1.04197e-05)) == ({x3, x8}, (0.00800912, 0.151179, 0.840801, 1.04197e-05))
({x3, x9}, (9.53254e-09, 0.152402, 0.847598, 4.46657e-08)) == ({x3, x9}, (9.53254e-09, 0.152402, 0.847598, 4.46657e-08))
({x4, x5}, (0.847598, 2.80137e-18, 1.55881e-16, 0.152402)) == ({x4, x5}, (0.847598, 2.80137e-18, 1.55881e-16, 0.152402))
({x4, x6}, (0.840801, 1.04197e-05, 0.00800912, 0.151179)) == ({x4, x6}, (0.840801, 1.04197e-05, 0.00800912, 0.151179))
({x4, x7}, (6.38963e-09, 0.152402, 0.847598, 1.55945e-12)) == ({x4, x7}, (6.38963e-09, 0.152402, 0.847598, 1.55945e-12))
({x4, x8}, (0.00800912, 0.151179, 0.840801, 1.04197e-05)) == ({x4, x8}, (0.00800912, 0.151179, 0.840801, 1.04197e-05))
({x4, x9}, (5.9348e-12, 0.152402, 0.847598, 2.03187e-12)) == ({x4, x9}, (5.9348e-12, 0.152402, 0.847598, 2.03187e-12))
({x5, x6}, (0.840801, 1.04197e-05, 0.00800912, 0.151179)) == ({x5, x6}, (0.840801, 1.04197e-05, 0.00800912, 0.151179))
({x5, x7}, (6.38963e-09, 0.152402, 0.847598, 1.55945e-12)) == ({x5, x7}, (6.38963e-09, 0.152402, 0.847598, 1.55945e-12))
({x5, x8}, (0.00800912, 0.151179, 0.840801, 1.04197e-05)) == ({x5, x8}, (0.00800912, 0.151179, 0.840801, 1.04197e-05))
({x5, x9}, (5.9348e-12, 0.152402, 0.847598, 2.03187e-12)) == ({x5, x9}, (5.9348e-12, 0.152402, 0.847598, 2.03187e-12))
({x6, x7}, (1.04197e-05, 0.151179, 0.840801, 0.00800912)) == ({x6, x7}, (1.04197e-05, 0.151179, 0.840801, 0.00800912))
({x6, x8}, (6.61376e-11, 0.152402, 0.847598, 6.71018e-11)) == ({x6, x8}, (6.61376e-11, 0.152402, 0.847598, 6.71018e-11))
({x6, x9}, (1.04197e-05, 0.151179, 0.840801, 0.00800912)) == ({x6, x9}, (1.04197e-05, 0.151179, 0.840801, 0.00800912))
({x7, x8}, (0.151179, 0.00800912, 1.04197e-05, 0.840801)) == ({x7, x8}, (0.151179, 0.00800912, 1.04197e-05, 0.840801))
({x7, x9}, (0.152402, 5.9348e-12, 6.38963e-09, 0.847598)) == ({x7, x9}, (0.152402, 5.9348e-12, 6.38963e-09, 0.847598))
({x8, x9}, (0.151179, 1.04197e-05, 0.00800912, 0.840801)) == ({x8, x9}, (0.151179, 1.04197e-05, 0.00800912, 0.840801))
Exact MAP state (log score = 157.471):
x0: 0
x1: 0
x2: 0
x3: 0
x4: 0
x5: 0
x6: 0
x7: 1
x8: 1
x9: 1
