Builtin inference algorithms: {BP, EXACT, FBP, JTREE, TRWBP}

Exact variable marginals:
({x0}, (0.264452, 0.735548))
({x1}, (0.264983, 0.735017))
({x2}, (0.735548, 0.264452))
({x3}, (0.264452, 0.735548))
({x4}, (0.735548, 0.264452))
({x5}, (0.735548, 0.264452))
({x6}, (0.735548, 0.264452))
({x7}, (0.264452, 0.735548))
({x8}, (0.264452, 0.735548))
({x9}, (0.735548, 0.264452))
Exact factor marginals:
({x0}, (0.264452, 0.735548))
({x1}, (0.264983, 0.735017))
({x2}, (0.735548, 0.264452))
({x3}, (0.264452, 0.735548))
({x4}, (0.735548, 0.264452))
({x5}, (0.735548, 0.264452))
({x6}, (0.735548, 0.264452))
({x7}, (0.264452, 0.735548))
({x8}, (0.264452, 0.735548))
({x9}, (0.735548, 0.264452))
({x0, x1}, (0.264311, 0.000672266, 0.000141008, 0.734876))
({x0, x2}, (5.31679e-09, 0.735548, 0.264452, 1.2512e-09))
({x0, x3}, (0.264452, 1.24742e-09, 5.31596e-09, 0.735548))
({x0, x4}, (1.23444e-08, 0.735548, 0.264452, 1.46841e-07))
({x0, x5}, (5.31617e-09, 0.735548, 0.264452, 1.24752e-09))
({x0, x6}, (5.31679e-09, 0.735548, 0.264452, 1.2512e-09))
({x0, x7}, (0.264452, 1.32551e-09, 5.322e-09, 0.735548))
({x0, x8}, (0.264452, 2.65608e-07, 1.50561e-07, 0.735548))
({x0, x9}, (5.31679e-09, 0.735548, 0.264452, 1.2512e-09))
({x1, x2}, (0.000672265, 0.734876, 0.264311, 0.000141003))
({x1, x3}, (0.264311, 0.000141003, 0.000672265, 0.734876))
({x1, x4}, (0.000672272, 0.734876, 0.264311, 0.000141149))
({x1, x5}, (0.000672265, 0.734876, 0.264311, 0.000141003))
({x1, x6}, (0.000672265, 0.734876, 0.264311, 0.000141003))
({x1, x7}, (0.264311, 0.000141003, 0.000672265, 0.734876))
({x1, x8}, (0.264311, 0.000141267, 0.00067241, 0.734876))
({x1, x9}, (0.000672265, 0.734876, 0.264311, 0.000141003))
({x2, x3}, (8.31164e-13, 0.264452, 0.735548, 3.78106e-12))
({x2, x4}, (0.735548, 7.09032e-09, 1.45652e-07, 0.264452))
({x2, x5}, (0.735548, 3.68422e-12, 6.19901e-13, 0.264452))
({x2, x6}, (0.735548, 7.85771e-18, 8.26261e-18, 0.264452))
({x2, x7}, (7.44017e-11, 0.264452, 0.735548, 5.30868e-12))
({x2, x8}, (2.64397e-07, 0.264452, 0.735548, 1.45285e-07))
({x2, x9}, (0.735548, 9.72954e-16, 1.98244e-16, 0.264452))
({x3, x4}, (7.08654e-09, 0.735548, 0.264452, 1.45651e-07))
({x3, x5}, (2.11383e-13, 0.735548, 0.264452, 9.6955e-14))
({x3, x6}, (8.31172e-13, 0.735548, 0.264452, 3.78106e-12))
({x3, x7}, (0.264452, 7.80889e-11, 6.04598e-12, 0.735548))
({x3, x8}, (0.264452, 2.64401e-07, 1.45286e-07, 0.735548))
({x3, x9}, (8.32137e-13, 0.735548, 0.264452, 3.78125e-12))
({x4, x5}, (0.735548, 1.45651e-07, 7.08664e-09, 0.264452))
({x4, x6}, (0.735548, 1.45652e-07, 7.09032e-09, 0.264452))
({x4, x7}, (7.16463e-09, 0.264452, 0.735548, 1.45657e-07))
({x4, x8}, (2.71486e-07, 0.264452, 0.735548, 2.90936e-07))
({x4, x9}, (0.735548, 1.45652e-07, 7.09033e-09, 0.264452))
({x5, x6}, (0.735548, 6.19909e-13, 3.68423e-12, 0.264452))
({x5, x7}, (7.7992e-11, 0.264452, 0.735548, 5.83461e-12))
({x5, x8}, (2.64401e-07, 0.264452, 0.735548, 1.45285e-07))
({x5, x9}, (0.735548, 6.20874e-13, 3.68442e-12, 0.264452))
({x6, x7}, (7.44017e-11, 0.264452, 0.735548, 5.30869e-12))
({x6, x8}, (2.64397e-07, 0.264452, 0.735548, 1.45285e-07))
({x6, x9}, (0.735548, 9.66822e-16, 1.91707e-16, 0.264452))
({x7, x8}, (0.264452, 2.64396e-07, 1.45353e-07, 0.735548))
({x7, x9}, (7.44027e-11, 0.735548, 0.264452, 5.30888e-12))
({x8, x9}, (2.64397e-07, 0.735548, 0.264452, 1.45285e-07))
Exact log partition sum: 127.759
Exact MAP variable marginals:
({x0}, (0.264526, 0.735474))
({x1}, (0.264526, 0.735474))
({x2}, (0.735474, 0.264526))
({x3}, (0.264526, 0.735474))
({x4}, (0.735474, 0.264526))
({x5}, (0.735474, 0.264526))
({x6}, (0.735474, 0.264526))
({x7}, (0.264526, 0.735474))
({x8}, (0.264526, 0.735474))
({x9}, (0.735474, 0.264526))
Exact MAP factor marginals:
({x0}, (0.264526, 0.735474)) == ({x0}, (0.264526, 0.735474))
({x1}, (0.264526, 0.735474)) == ({x1}, (0.264526, 0.735474))
({x2}, (0.735474, 0.264526)) == ({x2}, (0.735474, 0.264526))
({x3}, (0.264526, 0.735474)) == ({x3}, (0.264526, 0.735474))
({x4}, (0.735474, 0.264526)) == ({x4}, (0.735474, 0.264526))
({x5}, (0.735474, 0.264526)) == ({x5}, (0.735474, 0.264526))
({x6}, (0.735474, 0.264526)) == ({x6}, (0.735474, 0.264526))
({x7}, (0.264526, 0.735474)) == ({x7}, (0.264526, 0.735474))
({x8}, (0.264526, 0.735474)) == ({x8}, (0.264526, 0.735474))
({x9}, (0.735474, 0.264526)) == ({x9}, (0.735474, 0.264526))
({x0, x1}, (0.264311, 0.000672265, 0.000141003, 0.734876)) == ({x0, x1}, (0.264311, 0.000672265, 0.000141003, 0.734876))
({x0, x2}, (5.23512e-09, 0.735474, 0.264526, 1.23622e-09)) == ({x0, x2}, (5.23512e-09, 0.735474, 0.264526, 1.23622e-09))
({x0, x3}, (0.264526, 1.23622e-09, 5.23512e-09, 0.735474)) == ({x0, x3}, (0.264526, 1.23622e-09, 5.23512e-09, 0.735474))
({x0, x4}, (7.09049e-09, 0.735474, 0.264526, 1.45713e-07)) == ({x0, x4}, (7.09049e-09, 0.735474, 0.264526, 1.45713e-07))
({x0, x5}, (5.23512e-09, 0.735474, 0.264526, 1.23622e-09)) == ({x0, x5}, (5.23512e-09, 0.735474, 0.264526, 1.23622e-09))
({x0, x6}, (5.23512e-09, 0.735474, 0.264526, 1.23622e-09)) == ({x0, x6}, (5.23512e-09, 0.735474, 0.264526, 1.23622e-09))
({x0, x7}, (0.264526, 1.23622e-09, 5.23512e-09, 0.735474)) == ({x0, x7}, (0.264526, 1.23622e-09, 5.23512e-09, 0.735474))
({x0, x8}, (0.264526, 2.64577e-07, 1.45392e-07, 0.735474)) == ({x0, x8}, (0.264526, 2.64577e-07, 1.45392e-07, 0.735474))
({x0, x9}, (5.23512e-09, 0.735474, 0.264526, 1.23622e-09)) == ({x0, x9}, (5.23512e-09, 0.735474, 0.264526, 1.23622e-09))
({x1, x2}, (0.000672265, 0.734876, 0.264311, 0.000141003)) == ({x1, x2}, (0.000672265, 0.734876, 0.264311, 0.000141003))
({x1, x3}, (0.264311, 0.000141003, 0.000672265, 0.734876)) == ({x1, x3}, (0.264311, 0.000141003, 0.000672265, 0.734876))
({x1, x4}, (0.000672265, 0.734876, 0.264311, 0.000141003)) == ({x1, x4}, (0.000672265, 0.734876, 0.264311, 0.000141003))
({x1, x5}, (0.000672265, 0.734876, 0.264311, 0.000141003)) == ({x1, x5}, (0.000672265, 0.734876, 0.264311, 0.000141003))
({x1, x6}, (0.000672265, 0.734876, 0.264311, 0.000141003)) == ({x1, x6}, (0.000672265, 0.734876, 0.264311, 0.000141003))
({x1, x7}, (0.264311, 0.000141003, 0.000672265, 0.734876)) == ({x1, x7}, (0.264311, 0.000141003, 0.000672265, 0.734876))
({x1, x8}, (0.264311, 0.000141003, 0.000672265, 0.734876)) == ({x1, x8}, (0.264311, 0.000141003, 0.000672265, 0.734876))
({x1, x9}, (0.000672265, 0.734876, 0.264311, 0.000141003)) == ({x1, x9}, (0.000672265, 0.734876, 0.264311, 0.000141003))
({x2, x3}, (5.78308e-13, 0.264526, 0.735474, 3.63526e-12)) == ({x2, x3}, (5.78308e-13, 0.264526, 0.735474, 3.63526e-12))
({x2, x4}, (0.735474, 7.09049e-09, 1.45713e-07, 0.264526)) == ({x2, x4}, (0.735474, 7.09049e-09, 1.45713e-07, 0.264526))
({x2, x5}, (0.735474, 3.63526e-12, 5.78308e-13, 0.264526)) == ({x2, x5}, (0.735474, 3.63526e-12, 5.78308e-13, 0.264526))
({x2, x6}, (0.735474, 5.75411e-18, 5.47738e-18, 0.264526)) == ({x2, x6}, (0.735474, 5.75411e-18, 5.47738e-18, 0.264526))
({x2, x7}, (6.891e-11, 0.264526, 0.735474, 4.68839e-12)) == ({x2, x7}, (6.891e-11, 0.264526, 0.735474, 4.68839e-12))
({x2, x8}, (2.64577e-07, 0.264526, 0.735474, 1.45392e-07)) == ({x2, x8}, (2.64577e-07, 0.264526, 0.735474, 1.45392e-07))
({x2, x9}, (0.735474, 9.62602e-16, 1.91531e-16, 0.264526)) == ({x2, x9}, (0.735474, 9.62602e-16, 1.91531e-16, 0.264526))
({x3, x4}, (7.09049e-09, 0.735474, 0.264526, 1.45713e-07)) == ({x3, x4}, (7.09049e-09, 0.735474, 0.264526, 1.45713e-07))
({x3, x5}, (2.11513e-13, 0.735474, 0.264526, 9.68834e-14)) == ({x3, x5}, (2.11513e-13, 0.735474, 0.264526, 9.68834e-14))
({x3, x6}, (5.78308e-13, 0.735474, 0.264526, 3.63526e-12)) == ({x3, x6}, (5.78308e-13, 0.735474, 0.264526, 3.63526e-12))
({x3, x7}, (0.264526, 6.891e-11, 4.68839e-12, 0.735474)) == ({x3, x7}, (0.264526, 6.891e-11, 4.68839e-12, 0.735474))
({x3, x8}, (0.264526, 2.64577e-07, 1.45392e-07, 0.735474)) == ({x3, x8}, (0.264526, 2.64577e-07, 1.45392e-07, 0.735474))
({x3, x9}, (5.78308e-13, 0.735474, 0.264526, 3.63526e-12)) == ({x3, x9}, (5.78308e-13, 0.735474, 0.264526, 3.63526e-12))
({x4, x5}, (0.735474, 1.45713e-07, 7.09049e-09, 0.264526)) == ({x4, x5}, (0.735474, 1.45713e-07, 7.09049e-09, 0.264526))
({x4, x6}, (0.735474, 1.45713e-07, 7.09049e-09, 0.264526)) == ({x4, x6}, (0.735474, 1.45713e-07, 7.09049e-09, 0.264526))
({x4, x7}, (7.09049e-09, 0.264526, 0.735474, 1.45713e-07)) == ({x4, x7}, (7.09049e-09, 0.264526, 0.735474, 1.45713e-07))
({x4, x8}, (2.64577e-07, 0.264526, 0.735474, 1.45713e-07)) == ({x4, x8}, (2.64577e-07, 0.264526, 0.735474, 1.45713e-07))
({x4, x9}, (0.735474, 1.45713e-07, 7.09049e-09, 0.264526)) == ({x4, x9}, (0.735474, 1.45713e-07, 7.09049e-09, 0.264526))
({x5, x6}, (0.735474, 5.78308e-13, 3.63526e-12, 0.264526)) == ({x5, x6}, (0.735474, 5.78308e-13, 3.63526e-12, 0.264526))
({x5, x7}, (6.891e-11, 0.264526, 0.735474, 4.68839e-12)) == ({x5, x7}, (6.891e-11, 0.264526, 0.735474, 4.68839e-12))
({x5, x8}, (2.64577e-07, 0.264526, 0.735474, 1.45392e-07)) == ({x5, x8}, (2.64577e-07, 0.264526, 0.735474, 1.45392e-07))
({x5, x9}, (0.735474, 5.78308e-13, 3.63526e-12, 0.264526)) == ({x5, x9}, (0.735474, 5.78308e-13, 3.63526e-12, 0.264526))
({x6, x7}, (6.891e-11, 0.264526, 0.735474, 4.68839e-12)) == ({x6, x7}, (6.891e-11, 0.264526, 0.735474, 4.68839e-12))
({x6, x8}, (2.64577e-07, 0.264526, 0.735474, 1.45392e-07)) == ({x6, x8}, (2.64577e-07, 0.264526, 0.735474, 1.45392e-07))
({x6, x9}, (0.735474, 9.62602e-16, 1.91531e-16, 0.264526)) == ({x6, x9}, (0.735474, 9.62602e-16, 1.91531e-16, 0.264526))
({x7, x8}, (0.264526, 2.64577e-07, 1.45392e-07, 0.735474)) == ({x7, x8}, (0.264526, 2.64577e-07, 1.45392e-07, 0.735474))
({x7, x9}, (6.891e-11, 0.735474, 0.264526, 4.68839e-12)) == ({x7, x9}, (6.891e-11, 0.735474, 0.264526, 4.68839e-12))
({x8, x9}, (2.64577e-07, 0.735474, 0.264526, 1.45392e-07)) == ({x8, x9}, (2.64577e-07, 0.735474, 0.264526, 1.45392e-07))
Exact MAP state (log score = 127.451):
x0: 1
x1: 1
x2: 0
x3: 1
x4: 0
x5: 0
x6: 0
x7: 1
x8: 1
x9: 0
