Builtin inference algorithms: {BP, EXACT, FBP, JTREE, TRWBP}

Exact variable marginals:
({x0}, (0.999044, 0.000955865))
({x1}, (0.00103054, 0.998969))
({x2}, (0.999044, 0.0009564))
({x3}, (0.0472379, 0.952762))
({x4}, (0.000955942, 0.999044))
({x5}, (0.999044, 0.0009564))
({x6}, (0.000956416, 0.999044))
({x7}, (0.0009564, 0.999044))
({x8}, (0.00095587, 0.999044))
({x9}, (0.979021, 0.0209795))
Exact factor marginals:
({x0}, (0.999044, 0.000955865))
({x1}, (0.00103054, 0.998969))
({x2}, (0.999044, 0.0009564))
({x3}, (0.0472379, 0.952762))
({x4}, (0.000955942, 0.999044))
({x5}, (0.999044, 0.0009564))
({x6}, (0.000956416, 0.999044))
({x7}, (0.0009564, 0.999044))
({x8}, (0.00095587, 0.999044))
({x9}, (0.979021, 0.0209795))
({x0, x1}, (8.75719e-05, 0.000942969, 0.998957, 1.28953e-05))
({x0, x2}, (0.999044, 1.40968e-09, 5.372e-07, 0.000955863))
({x0, x3}, (0.0467011, 0.000536822, 0.952343, 0.000419042))
({x0, x4}, (9.65886e-08, 0.000955845, 0.999044, 1.92874e-08))
({x0, x5}, (0.999044, 1.4086e-09, 5.37212e-07, 0.000955863))
({x0, x6}, (5.57897e-07, 0.000955858, 0.999044, 6.17809e-09))
({x0, x7}, (5.37195e-07, 0.000955863, 0.999044, 1.40859e-09))
({x0, x8}, (5.56152e-09, 0.000955865, 0.999044, 4.20068e-11))
({x0, x9}, (0.978675, 0.000345633, 0.0203693, 0.000610232))
({x1, x2}, (8.70347e-05, 0.998957, 0.000943506, 1.28939e-05))
({x1, x3}, (0.000623856, 0.0466141, 0.000406686, 0.952355))
({x1, x4}, (0.00094295, 1.29919e-05, 8.75912e-05, 0.998956))
({x1, x5}, (8.70347e-05, 0.998957, 0.000943506, 1.28939e-05))
({x1, x6}, (0.000943525, 1.28914e-05, 8.70163e-05, 0.998957))
({x1, x7}, (0.000943506, 1.28939e-05, 8.70347e-05, 0.998957))
({x1, x8}, (0.000942969, 1.29008e-05, 8.7572e-05, 0.998957))
({x1, x9}, (0.000333276, 0.978687, 0.000697265, 0.0202822))
({x2, x3}, (0.0467011, 0.000536821, 0.952342, 0.000419579))
({x2, x4}, (9.79979e-08, 0.000955844, 0.999044, 5.56487e-07))
({x2, x5}, (0.999044, 5.0332e-12, 1.85343e-11, 0.0009564))
({x2, x6}, (2.06972e-08, 0.000956396, 0.999044, 4.76876e-09))
({x2, x7}, (1.08951e-12, 0.0009564, 0.999044, 5.03081e-12))
({x2, x8}, (6.96557e-09, 0.000955863, 0.999044, 5.37236e-07))
({x2, x9}, (0.978674, 0.00034617, 0.0203693, 0.00061023))
({x3, x4}, (0.000536919, 0.000419023, 0.046701, 0.952343))
({x3, x5}, (0.0467011, 0.952342, 0.000536821, 0.000419579))
({x3, x6}, (0.000536842, 0.000419575, 0.0467011, 0.952342))
({x3, x7}, (0.000536821, 0.000419579, 0.0467011, 0.952342))
({x3, x8}, (0.000536822, 0.000419048, 0.0467011, 0.952343))
({x3, x9}, (0.0263318, 0.952689, 0.0209061, 7.34095e-05))
({x4, x5}, (9.79972e-08, 0.999044, 0.000955844, 5.565e-07))
({x4, x6}, (0.000955839, 5.77184e-07, 1.02767e-07, 0.999043))
({x4, x7}, (0.000955844, 5.56482e-07, 9.79972e-08, 0.999044))
({x4, x8}, (0.000955845, 2.48488e-08, 9.66305e-08, 0.999044))
({x4, x9}, (0.000345708, 0.978675, 0.000610234, 0.0203693))
({x5, x6}, (2.07019e-08, 0.000956396, 0.999044, 4.78695e-09))
({x5, x7}, (2.64803e-15, 0.0009564, 0.999044, 1.74451e-11))
({x5, x8}, (6.96448e-09, 0.000955863, 0.999044, 5.37249e-07))
({x5, x9}, (0.978674, 0.00034617, 0.0203693, 0.00061023))
({x6, x7}, (0.000956396, 4.7695e-09, 2.07019e-08, 0.999044))
({x6, x8}, (0.000955858, 1.1734e-08, 5.57933e-07, 0.999044))
({x6, x9}, (0.000346165, 0.978674, 0.000610251, 0.0203692))
({x7, x8}, (0.000955863, 6.96448e-09, 5.37231e-07, 0.999044))
({x7, x9}, (0.00034617, 0.978674, 0.00061023, 0.0203693))
({x8, x9}, (0.000345638, 0.978675, 0.000610232, 0.0203693))
Exact log partition sum: 138.571
Exact MAP variable marginals:
({x0}, (0.999437, 0.000563367))
({x1}, (0.000563367, 0.999437))
({x2}, (0.999437, 0.000563367))
({x3}, (0.0269055, 0.973094))
({x4}, (0.000563367, 0.999437))
({x5}, (0.999437, 0.000563367))
({x6}, (0.000563367, 0.999437))
({x7}, (0.000563367, 0.999437))
({x8}, (0.000563367, 0.999437))
({x9}, (0.979147, 0.0208531))
Exact MAP factor marginals:
({x0}, (0.999437, 0.000563367)) == ({x0}, (0.999437, 0.000563367))
({x1}, (0.000563367, 0.999437)) == ({x1}, (0.000563367, 0.999437))
({x2}, (0.999437, 0.000563367)) == ({x2}, (0.999437, 0.000563367))
({x3}, (0.0269055, 0.973094)) == ({x3}, (0.0269055, 0.973094))
({x4}, (0.000563367, 0.999437)) == ({x4}, (0.000563367, 0.999437))
({x5}, (0.999437, 0.000563367)) == ({x5}, (0.999437, 0.000563367))
({x6}, (0.000563367, 0.999437)) == ({x6}, (0.000563367, 0.999437))
({x7}, (0.000563367, 0.999437)) == ({x7}, (0.000563367, 0.999437))
({x8}, (0.000563367, 0.999437)) == ({x8}, (0.000563367, 0.999437))
({x9}, (0.979147, 0.0208531)) == ({x9}, (0.979147, 0.0208531))
({x0, x1}, (9.13097e-05, 0.000563308, 0.999332, 1.35251e-05)) == ({x0, x1}, (9.13097e-05, 0.000563308, 0.999332, 1.35251e-05))
({x0, x2}, (0.999436, 1.47805e-09, 5.63754e-07, 0.000563367)) == ({x0, x2}, (0.999436, 1.47805e-09, 5.63754e-07, 0.000563367))
({x0, x3}, (0.0268817, 0.000548032, 0.972231, 0.000339678)) == ({x0, x3}, (0.0268817, 0.000548032, 0.972231, 0.000339678))
({x0, x4}, (8.85395e-08, 0.000563367, 0.999437, 1.09263e-08)) == ({x0, x4}, (8.85395e-08, 0.000563367, 0.999437, 1.09263e-08))
({x0, x5}, (0.999436, 1.47805e-09, 5.63754e-07, 0.000563367)) == ({x0, x5}, (0.999436, 1.47805e-09, 5.63754e-07, 0.000563367))
({x0, x6}, (5.63754e-07, 0.000563367, 0.999436, 4.93877e-09)) == ({x0, x6}, (5.63754e-07, 0.000563367, 0.999436, 4.93877e-09))
({x0, x7}, (5.63754e-07, 0.000563367, 0.999436, 1.47805e-09)) == ({x0, x7}, (5.63754e-07, 0.000563367, 0.999436, 1.47805e-09))
({x0, x8}, (5.83082e-09, 0.000563367, 0.999437, 4.38074e-11)) == ({x0, x8}, (5.83082e-09, 0.000563367, 0.999437, 4.38074e-11))
({x0, x9}, (0.978272, 0.000341789, 0.0208344, 0.000551437)) == ({x0, x9}, (0.978272, 0.000341789, 0.0208344, 0.000551437))
({x1, x2}, (9.13097e-05, 0.999332, 0.000563308, 1.35251e-05)) == ({x1, x2}, (9.13097e-05, 0.999332, 0.000563308, 1.35251e-05))
({x1, x3}, (0.000548032, 0.0268817, 0.000339678, 0.972231)) == ({x1, x3}, (0.000548032, 0.0268817, 0.000339678, 0.972231))
({x1, x4}, (0.000563308, 1.35251e-05, 9.13097e-05, 0.999332)) == ({x1, x4}, (0.000563308, 1.35251e-05, 9.13097e-05, 0.999332))
({x1, x5}, (9.13097e-05, 0.999332, 0.000563308, 1.35251e-05)) == ({x1, x5}, (9.13097e-05, 0.999332, 0.000563308, 1.35251e-05))
({x1, x6}, (0.000563308, 1.35251e-05, 9.13097e-05, 0.999332)) == ({x1, x6}, (0.000563308, 1.35251e-05, 9.13097e-05, 0.999332))
({x1, x7}, (0.000563308, 1.35251e-05, 9.13097e-05, 0.999332)) == ({x1, x7}, (0.000563308, 1.35251e-05, 9.13097e-05, 0.999332))
({x1, x8}, (0.000563308, 1.35251e-05, 9.13097e-05, 0.999332)) == ({x1, x8}, (0.000563308, 1.35251e-05, 9.13097e-05, 0.999332))
({x1, x9}, (0.000341789, 0.978272, 0.000551437, 0.0208344)) == ({x1, x9}, (0.000341789, 0.978272, 0.000551437, 0.0208344))
({x2, x3}, (0.0268817, 0.000548032, 0.972231, 0.000339678)) == ({x2, x3}, (0.0268817, 0.000548032, 0.972231, 0.000339678))
({x2, x4}, (8.85394e-08, 0.000563367, 0.999436, 5.63754e-07)) == ({x2, x4}, (8.85394e-08, 0.000563367, 0.999436, 5.63754e-07))
({x2, x5}, (0.999437, 5.06956e-12, 1.59336e-11, 0.000563367)) == ({x2, x5}, (0.999437, 5.06956e-12, 1.59336e-11, 0.000563367))
({x2, x6}, (1.93948e-08, 0.000563367, 0.999437, 4.93878e-09)) == ({x2, x6}, (1.93948e-08, 0.000563367, 0.999437, 4.93878e-09))
({x2, x7}, (9.84638e-13, 0.000563367, 0.999437, 5.06956e-12)) == ({x2, x7}, (9.84638e-13, 0.000563367, 0.999437, 5.06956e-12))
({x2, x8}, (5.83082e-09, 0.000563367, 0.999436, 5.63754e-07)) == ({x2, x8}, (5.83082e-09, 0.000563367, 0.999436, 5.63754e-07))
({x2, x9}, (0.978272, 0.000341789, 0.0208344, 0.000551437)) == ({x2, x9}, (0.978272, 0.000341789, 0.0208344, 0.000551437))
({x3, x4}, (0.000548032, 0.000339678, 0.0268817, 0.972231)) == ({x3, x4}, (0.000548032, 0.000339678, 0.0268817, 0.972231))
({x3, x5}, (0.0268817, 0.972231, 0.000548032, 0.000339678)) == ({x3, x5}, (0.0268817, 0.972231, 0.000548032, 0.000339678))
({x3, x6}, (0.000548032, 0.000339678, 0.0268817, 0.972231)) == ({x3, x6}, (0.000548032, 0.000339678, 0.0268817, 0.972231))
({x3, x7}, (0.000548032, 0.000339678, 0.0268817, 0.972231)) == ({x3, x7}, (0.000548032, 0.000339678, 0.0268817, 0.972231))
({x3, x8}, (0.000548032, 0.000339678, 0.0268817, 0.972231)) == ({x3, x8}, (0.000548032, 0.000339678, 0.0268817, 0.972231))
({x3, x9}, (0.0263573, 0.953267, 0.0203019, 7.34704e-05)) == ({x3, x9}, (0.0263573, 0.953267, 0.0203019, 7.34704e-05))
({x4, x5}, (8.85394e-08, 0.999436, 0.000563367, 5.63754e-07)) == ({x4, x5}, (8.85394e-08, 0.999436, 0.000563367, 5.63754e-07))
({x4, x6}, (0.000563367, 5.63754e-07, 8.85394e-08, 0.999436)) == ({x4, x6}, (0.000563367, 5.63754e-07, 8.85394e-08, 0.999436))
({x4, x7}, (0.000563367, 5.63754e-07, 8.85394e-08, 0.999436)) == ({x4, x7}, (0.000563367, 5.63754e-07, 8.85394e-08, 0.999436))
({x4, x8}, (0.000563367, 1.09263e-08, 8.85395e-08, 0.999437)) == ({x4, x8}, (0.000563367, 1.09263e-08, 8.85395e-08, 0.999437))
({x4, x9}, (0.000341789, 0.978272, 0.000551437, 0.0208344)) == ({x4, x9}, (0.000341789, 0.978272, 0.000551437, 0.0208344))
({x5, x6}, (1.93948e-08, 0.000563367, 0.999437, 4.93878e-09)) == ({x5, x6}, (1.93948e-08, 0.000563367, 0.999437, 4.93878e-09))
({x5, x7}, (1.59387e-15, 0.000563367, 0.999437, 1.59336e-11)) == ({x5, x7}, (1.59387e-15, 0.000563367, 0.999437, 1.59336e-11))
({x5, x8}, (5.83082e-09, 0.000563367, 0.999436, 5.63754e-07)) == ({x5, x8}, (5.83082e-09, 0.000563367, 0.999436, 5.63754e-07))
({x5, x9}, (0.978272, 0.000341789, 0.0208344, 0.000551437)) == ({x5, x9}, (0.978272, 0.000341789, 0.0208344, 0.000551437))
({x6, x7}, (0.000563367, 4.93878e-09, 1.93948e-08, 0.999437)) == ({x6, x7}, (0.000563367, 4.93878e-09, 1.93948e-08, 0.999437))
({x6, x8}, (0.000563367, 5.83082e-09, 5.63754e-07, 0.999436)) == ({x6, x8}, (0.000563367, 5.83082e-09, 5.63754e-07, 0.999436))
({x6, x9}, (0.000341789, 0.978272, 0.000551437, 0.0208344)) == ({x6, x9}, (0.000341789, 0.978272, 0.000551437, 0.0208344))
({x7, x8}, (0.000563367, 5.83082e-09, 5.63754e-07, 0.999436)) == ({x7, x8}, (0.000563367, 5.83082e-09, 5.63754e-07, 0.999436))
({x7, x9}, (0.000341789, 0.978272, 0.000551437, 0.0208344)) == ({x7, x9}, (0.000341789, 0.978272, 0.000551437, 0.0208344))
({x8, x9}, (0.000341789, 0.978272, 0.000551437, 0.0208344)) == ({x8, x9}, (0.000341789, 0.978272, 0.000551437, 0.0208344))
Exact MAP state (log score = 138.522):
x0: 0
x1: 1
x2: 0
x3: 1
x4: 1
x5: 0
x6: 1
x7: 1
x8: 1
x9: 0
