Builtin inference algorithms: {BP, EXACT, FBP, JTREE, TRWBP}

Exact variable marginals:
({x0}, (0.199505, 0.800495))
({x1}, (0.0656113, 0.934389))
({x2}, (0.0656113, 0.934389))
({x3}, (0.0656113, 0.934389))
({x4}, (0.0656113, 0.934389))
({x5}, (0.0656113, 0.934389))
({x6}, (0.934389, 0.0656113))
({x7}, (0.0656113, 0.934389))
({x8}, (0.934389, 0.0656113))
({x9}, (0.0656113, 0.934389))
Exact factor marginals:
({x0}, (0.199505, 0.800495))
({x1}, (0.0656113, 0.934389))
({x2}, (0.0656113, 0.934389))
({x3}, (0.0656113, 0.934389))
({x4}, (0.0656113, 0.934389))
({x5}, (0.0656113, 0.934389))
({x6}, (0.934389, 0.0656113))
({x7}, (0.0656113, 0.934389))
({x8}, (0.934389, 0.0656113))
({x9}, (0.0656113, 0.934389))
({x0, x1}, (0.0635355, 0.00207588, 0.13597, 0.798419))
({x0, x2}, (0.0635355, 0.00207588, 0.13597, 0.798419))
({x0, x3}, (0.0635355, 0.00207585, 0.13597, 0.798419))
({x0, x4}, (0.0635355, 0.00207588, 0.13597, 0.798419))
({x0, x5}, (0.0635355, 0.00207588, 0.13597, 0.798419))
({x0, x6}, (0.13597, 0.798419, 0.0635355, 0.00207588))
({x0, x7}, (0.0635355, 0.00207588, 0.13597, 0.798419))
({x0, x8}, (0.13597, 0.798419, 0.0635355, 0.00207588))
({x0, x9}, (0.0635355, 0.00207588, 0.13597, 0.798419))
({x1, x2}, (0.0656113, 2.61499e-18, 1.77892e-19, 0.934389))
({x1, x3}, (0.0656113, 4.38864e-08, 4.82886e-08, 0.934389))
({x1, x4}, (0.0656113, 1.89262e-21, 1.74915e-19, 0.934389))
({x1, x5}, (0.0656113, 9.50545e-11, 1.91773e-12, 0.934389))
({x1, x6}, (3.35881e-13, 0.934389, 0.0656113, 1.9297e-10))
({x1, x7}, (0.0656113, 3.76192e-16, 9.68966e-18, 0.934389))
({x1, x8}, (1.73892e-19, 0.934389, 0.0656113, 4.23304e-22))
({x1, x9}, (0.0656113, 4.19404e-22, 1.73645e-19, 0.934389))
({x2, x3}, (0.0656113, 4.38864e-08, 4.82886e-08, 0.934389))
({x2, x4}, (0.0656113, 5.47009e-21, 2.61559e-18, 0.934389))
({x2, x5}, (0.0656113, 9.50545e-11, 1.91773e-12, 0.934389))
({x2, x6}, (3.35883e-13, 0.934389, 0.0656113, 1.9297e-10))
({x2, x7}, (0.0656113, 3.76196e-16, 1.21303e-17, 0.934389))
({x2, x8}, (2.61456e-18, 0.934389, 0.0656113, 4.00077e-21))
({x2, x9}, (0.0656113, 4.29423e-21, 2.61461e-18, 0.934389))
({x3, x4}, (0.0656113, 4.82886e-08, 4.38864e-08, 0.934389))
({x3, x5}, (0.0656113, 4.83836e-08, 4.38883e-08, 0.934389))
({x3, x6}, (4.38867e-08, 0.934389, 0.0656113, 4.84815e-08))
({x3, x7}, (0.0656113, 4.82886e-08, 4.38864e-08, 0.934389))
({x3, x8}, (4.38864e-08, 0.934389, 0.0656113, 4.82886e-08))
({x3, x9}, (0.0656113, 4.82886e-08, 4.38864e-08, 0.934389))
({x4, x5}, (0.0656113, 9.50545e-11, 1.91773e-12, 0.934389))
({x4, x6}, (3.35881e-13, 0.934389, 0.0656113, 1.9297e-10))
({x4, x7}, (0.0656113, 3.76193e-16, 9.51724e-18, 0.934389))
({x4, x8}, (1.46958e-21, 0.934389, 0.0656113, 1.02361e-21))
({x4, x9}, (0.0656113, 1.31707e-21, 1.52029e-21, 0.934389))
({x5, x6}, (9.39025e-11, 0.934389, 0.0656113, 1.934e-10))
({x5, x7}, (0.0656113, 1.91811e-12, 9.50545e-11, 0.934389))
({x5, x8}, (9.50545e-11, 0.934389, 0.0656113, 1.91773e-12))
({x5, x9}, (0.0656113, 1.91773e-12, 9.50545e-11, 0.934389))
({x6, x7}, (3.36256e-13, 0.0656113, 0.934389, 1.9297e-10))
({x6, x8}, (0.934389, 1.9297e-10, 3.35881e-13, 0.0656113))
({x6, x9}, (3.35881e-13, 0.0656113, 0.934389, 1.9297e-10))
({x7, x8}, (3.76192e-16, 0.934389, 0.0656113, 9.51577e-18))
({x7, x9}, (0.0656113, 9.51606e-18, 3.76192e-16, 0.934389))
({x8, x9}, (2.93727e-22, 0.0656113, 0.934389, 5.09672e-23))
Exact log partition sum: 85.8899
Exact MAP variable marginals:
({x0}, (0.145517, 0.854483))
({x1}, (0.0737109, 0.926289))
({x2}, (0.0737109, 0.926289))
({x3}, (0.0737109, 0.926289))
({x4}, (0.0737109, 0.926289))
({x5}, (0.0737109, 0.926289))
({x6}, (0.926289, 0.0737109))
({x7}, (0.0737109, 0.926289))
({x8}, (0.926289, 0.0737109))
({x9}, (0.0737109, 0.926289))
Exact MAP factor marginals:
({x0}, (0.145517, 0.854483)) == ({x0}, (0.145517, 0.854483))
({x1}, (0.0737109, 0.926289)) == ({x1}, (0.0737109, 0.926289))
({x2}, (0.0737109, 0.926289)) == ({x2}, (0.0737109, 0.926289))
({x3}, (0.0737109, 0.926289)) == ({x3}, (0.0737109, 0.926289))
({x4}, (0.0737109, 0.926289)) == ({x4}, (0.0737109, 0.926289))
({x5}, (0.0737109, 0.926289)) == ({x5}, (0.0737109, 0.926289))
({x6}, (0.926289, 0.0737109)) == ({x6}, (0.926289, 0.0737109))
({x7}, (0.0737109, 0.926289)) == ({x7}, (0.0737109, 0.926289))
({x8}, (0.926289, 0.0737109)) == ({x8}, (0.926289, 0.0737109))
({x9}, (0.0737109, 0.926289)) == ({x9}, (0.0737109, 0.926289))
({x0, x1}, (0.0635354, 0.00207585, 0.13597, 0.798419)) == ({x0, x1}, (0.0635354, 0.00207585, 0.13597, 0.798419))
({x0, x2}, (0.0635354, 0.00207585, 0.13597, 0.798419)) == ({x0, x2}, (0.0635354, 0.00207585, 0.13597, 0.798419))
({x0, x3}, (0.0635354, 0.00207585, 0.13597, 0.798419)) == ({x0, x3}, (0.0635354, 0.00207585, 0.13597, 0.798419))
({x0, x4}, (0.0635354, 0.00207585, 0.13597, 0.798419)) == ({x0, x4}, (0.0635354, 0.00207585, 0.13597, 0.798419))
({x0, x5}, (0.0635354, 0.00207585, 0.13597, 0.798419)) == ({x0, x5}, (0.0635354, 0.00207585, 0.13597, 0.798419))
({x0, x6}, (0.13597, 0.798419, 0.0635354, 0.00207585)) == ({x0, x6}, (0.13597, 0.798419, 0.0635354, 0.00207585))
({x0, x7}, (0.0635354, 0.00207585, 0.13597, 0.798419)) == ({x0, x7}, (0.0635354, 0.00207585, 0.13597, 0.798419))
({x0, x8}, (0.13597, 0.798419, 0.0635354, 0.00207585)) == ({x0, x8}, (0.13597, 0.798419, 0.0635354, 0.00207585))
({x0, x9}, (0.0635354, 0.00207585, 0.13597, 0.798419)) == ({x0, x9}, (0.0635354, 0.00207585, 0.13597, 0.798419))
({x1, x2}, (0.0737109, 3.03328e-18, 2.0143e-19, 0.926289)) == ({x1, x2}, (0.0737109, 3.03328e-18, 2.0143e-19, 0.926289))
({x1, x3}, (0.0737109, 4.57639e-08, 3.53076e-08, 0.926289)) == ({x1, x3}, (0.0737109, 4.57639e-08, 3.53076e-08, 0.926289))
({x1, x4}, (0.0737109, 1.69828e-21, 2.0143e-19, 0.926289)) == ({x1, x4}, (0.0737109, 1.69828e-21, 2.0143e-19, 0.926289))
({x1, x5}, (0.0737109, 1.08552e-10, 2.22409e-12, 0.926289)) == ({x1, x5}, (0.0737109, 1.08552e-10, 2.22409e-12, 0.926289))
({x1, x6}, (3.88896e-13, 0.926289, 0.0737109, 2.2215e-10)) == ({x1, x6}, (3.88896e-13, 0.926289, 0.0737109, 2.2215e-10))
({x1, x7}, (0.0737109, 4.34834e-16, 1.1033e-17, 0.926289)) == ({x1, x7}, (0.0737109, 4.34834e-16, 1.1033e-17, 0.926289))
({x1, x8}, (2.0143e-19, 0.926289, 0.0737109, 4.54399e-22)) == ({x1, x8}, (2.0143e-19, 0.926289, 0.0737109, 4.54399e-22))
({x1, x9}, (0.0737109, 4.54399e-22, 2.0143e-19, 0.926289)) == ({x1, x9}, (0.0737109, 4.54399e-22, 2.0143e-19, 0.926289))
({x2, x3}, (0.0737109, 4.57639e-08, 3.53076e-08, 0.926289)) == ({x2, x3}, (0.0737109, 4.57639e-08, 3.53076e-08, 0.926289))
({x2, x4}, (0.0737109, 4.64049e-21, 3.03328e-18, 0.926289)) == ({x2, x4}, (0.0737109, 4.64049e-21, 3.03328e-18, 0.926289))
({x2, x5}, (0.0737109, 1.08552e-10, 2.22409e-12, 0.926289)) == ({x2, x5}, (0.0737109, 1.08552e-10, 2.22409e-12, 0.926289))
({x2, x6}, (3.88896e-13, 0.926289, 0.0737109, 2.2215e-10)) == ({x2, x6}, (3.88896e-13, 0.926289, 0.0737109, 2.2215e-10))
({x2, x7}, (0.0737109, 4.34834e-16, 1.1033e-17, 0.926289)) == ({x2, x7}, (0.0737109, 4.34834e-16, 1.1033e-17, 0.926289))
({x2, x8}, (3.03328e-18, 0.926289, 0.0737109, 4.64049e-21)) == ({x2, x8}, (3.03328e-18, 0.926289, 0.0737109, 4.64049e-21))
({x2, x9}, (0.0737109, 4.64049e-21, 3.03328e-18, 0.926289)) == ({x2, x9}, (0.0737109, 4.64049e-21, 3.03328e-18, 0.926289))
({x3, x4}, (0.0737109, 3.53076e-08, 4.57639e-08, 0.926289)) == ({x3, x4}, (0.0737109, 3.53076e-08, 4.57639e-08, 0.926289))
({x3, x5}, (0.0737109, 3.53076e-08, 4.57639e-08, 0.926289)) == ({x3, x5}, (0.0737109, 3.53076e-08, 4.57639e-08, 0.926289))
({x3, x6}, (4.57639e-08, 0.926289, 0.0737109, 3.53076e-08)) == ({x3, x6}, (4.57639e-08, 0.926289, 0.0737109, 3.53076e-08))
({x3, x7}, (0.0737109, 3.53076e-08, 4.57639e-08, 0.926289)) == ({x3, x7}, (0.0737109, 3.53076e-08, 4.57639e-08, 0.926289))
({x3, x8}, (4.57639e-08, 0.926289, 0.0737109, 3.53076e-08)) == ({x3, x8}, (4.57639e-08, 0.926289, 0.0737109, 3.53076e-08))
({x3, x9}, (0.0737109, 3.53076e-08, 4.57639e-08, 0.926289)) == ({x3, x9}, (0.0737109, 3.53076e-08, 4.57639e-08, 0.926289))
({x4, x5}, (0.0737109, 1.08552e-10, 2.22409e-12, 0.926289)) == ({x4, x5}, (0.0737109, 1.08552e-10, 2.22409e-12, 0.926289))
({x4, x6}, (3.88896e-13, 0.926289, 0.0737109, 2.2215e-10)) == ({x4, x6}, (3.88896e-13, 0.926289, 0.0737109, 2.2215e-10))
({x4, x7}, (0.0737109, 4.34834e-16, 1.1033e-17, 0.926289)) == ({x4, x7}, (0.0737109, 4.34834e-16, 1.1033e-17, 0.926289))
({x4, x8}, (1.69828e-21, 0.926289, 0.0737109, 1.18461e-21)) == ({x4, x8}, (1.69828e-21, 0.926289, 0.0737109, 1.18461e-21))
({x4, x9}, (0.0737109, 1.18461e-21, 1.69828e-21, 0.926289)) == ({x4, x9}, (0.0737109, 1.18461e-21, 1.69828e-21, 0.926289))
({x5, x6}, (1.08552e-10, 0.926289, 0.0737109, 2.2215e-10)) == ({x5, x6}, (1.08552e-10, 0.926289, 0.0737109, 2.2215e-10))
({x5, x7}, (0.0737109, 2.22409e-12, 1.08552e-10, 0.926289)) == ({x5, x7}, (0.0737109, 2.22409e-12, 1.08552e-10, 0.926289))
({x5, x8}, (1.08552e-10, 0.926289, 0.0737109, 2.22409e-12)) == ({x5, x8}, (1.08552e-10, 0.926289, 0.0737109, 2.22409e-12))
({x5, x9}, (0.0737109, 2.22409e-12, 1.08552e-10, 0.926289)) == ({x5, x9}, (0.0737109, 2.22409e-12, 1.08552e-10, 0.926289))
({x6, x7}, (3.88896e-13, 0.0737109, 0.926289, 2.2215e-10)) == ({x6, x7}, (3.88896e-13, 0.0737109, 0.926289, 2.2215e-10))
({x6, x8}, (0.926289, 2.2215e-10, 3.88896e-13, 0.0737109)) == ({x6, x8}, (0.926289, 2.2215e-10, 3.88896e-13, 0.0737109))
({x6, x9}, (3.88896e-13, 0.0737109, 0.926289, 2.2215e-10)) == ({x6, x9}, (3.88896e-13, 0.0737109, 0.926289, 2.2215e-10))
({x7, x8}, (4.34834e-16, 0.926289, 0.0737109, 1.1033e-17)) == ({x7, x8}, (4.34834e-16, 0.926289, 0.0737109, 1.1033e-17))
({x7, x9}, (0.0737109, 1.1033e-17, 4.34834e-16, 0.926289)) == ({x7, x9}, (0.0737109, 1.1033e-17, 4.34834e-16, 0.926289))
({x8, x9}, (3.08635e-22, 0.0737109, 0.926289, 3.63512e-23)) == ({x8, x9}, (3.08635e-22, 0.0737109, 0.926289, 3.63512e-23))
Exact MAP state (log score = 85.6648):
x0: 1
x1: 1
x2: 1
x3: 1
x4: 1
x5: 1
x6: 0
x7: 1
x8: 0
x9: 1
