Builtin inference algorithms: {BP, EXACT, FBP, JTREE, TRWBP}

Exact variable marginals:
({x0}, (0.519535, 0.480465))
({x1}, (0.727376, 0.272624))
({x2}, (0.466179, 0.533821))
({x3}, (0.228938, 0.771062))
({x4}, (0.513647, 0.486353))
({x5}, (0.780046, 0.219954))
({x6}, (0.531622, 0.468378))
({x7}, (0.662657, 0.337343))
({x8}, (0.566093, 0.433907))
({x9}, (0.376596, 0.623404))
Exact factor marginals:
({x0}, (0.519535, 0.480465))
({x1}, (0.727376, 0.272624))
({x2}, (0.466179, 0.533821))
({x3}, (0.228938, 0.771062))
({x4}, (0.513647, 0.486353))
({x5}, (0.780046, 0.219954))
({x6}, (0.531622, 0.468378))
({x7}, (0.662657, 0.337343))
({x8}, (0.566093, 0.433907))
({x9}, (0.376596, 0.623404))
({x0, x1}, (0.325895, 0.401481, 0.19364, 0.0789843))
({x0, x2}, (0.150762, 0.315417, 0.368772, 0.165048))
({x0, x3}, (0.0621979, 0.16674, 0.457337, 0.313725))
({x0, x4}, (0.238098, 0.275549, 0.281437, 0.204916))
({x0, x5}, (0.346085, 0.433961, 0.17345, 0.0465042))
({x0, x6}, (0.321279, 0.210343, 0.198256, 0.270122))
({x0, x7}, (0.259396, 0.403261, 0.260138, 0.0772044))
({x0, x8}, (0.274967, 0.291126, 0.244567, 0.189339))
({x0, x9}, (0.288533, 0.0880635, 0.231002, 0.392402))
({x1, x2}, (0.44151, 0.0246695, 0.285866, 0.247955))
({x1, x3}, (0.195693, 0.0332453, 0.531683, 0.239379))
({x1, x4}, (0.411542, 0.102105, 0.315834, 0.170519))
({x1, x5}, (0.617379, 0.162667, 0.109997, 0.109957))
({x1, x6}, (0.383871, 0.147751, 0.343505, 0.124873))
({x1, x7}, (0.59425, 0.0684074, 0.133126, 0.204217))
({x1, x8}, (0.492397, 0.073696, 0.234979, 0.198928))
({x1, x9}, (0.200704, 0.175892, 0.526672, 0.0967319))
({x2, x3}, (0.167657, 0.0612812, 0.298522, 0.47254))
({x2, x4}, (0.335241, 0.178406, 0.130938, 0.355415))
({x2, x5}, (0.44214, 0.337906, 0.0240392, 0.195915))
({x2, x6}, (0.16688, 0.364741, 0.299299, 0.16908))
({x2, x7}, (0.416342, 0.246315, 0.0498372, 0.287506))
({x2, x8}, (0.362055, 0.204039, 0.104124, 0.329782))
({x2, x9}, (0.102767, 0.27383, 0.363413, 0.259991))
({x3, x4}, (0.11471, 0.398937, 0.114228, 0.372125))
({x3, x5}, (0.184297, 0.595749, 0.0446408, 0.175313))
({x3, x6}, (0.042957, 0.488665, 0.185981, 0.282397))
({x3, x7}, (0.181303, 0.481354, 0.0476349, 0.289708))
({x3, x8}, (0.181836, 0.384257, 0.0471015, 0.386805))
({x3, x9}, (0.047309, 0.329287, 0.181629, 0.441775))
({x4, x5}, (0.480239, 0.299807, 0.0334082, 0.186546))
({x4, x6}, (0.234956, 0.296666, 0.278691, 0.189687))
({x4, x7}, (0.387204, 0.275453, 0.126443, 0.2109))
({x4, x8}, (0.34519, 0.220903, 0.168457, 0.26545))
({x4, x9}, (0.224308, 0.152288, 0.289339, 0.334065))
({x5, x6}, (0.371296, 0.160326, 0.408751, 0.0596278))
({x5, x7}, (0.583426, 0.0792317, 0.196621, 0.140722))
({x5, x8}, (0.479814, 0.0862794, 0.300232, 0.133675))
({x5, x9}, (0.262237, 0.11436, 0.517809, 0.105594))
({x6, x7}, (0.315848, 0.346809, 0.215774, 0.121569))
({x6, x8}, (0.220563, 0.345531, 0.311059, 0.122848))
({x6, x9}, (0.205552, 0.171044, 0.326069, 0.297334))
({x7, x8}, (0.478271, 0.0878226, 0.184386, 0.24952))
({x7, x9}, (0.19526, 0.181336, 0.467397, 0.156007))
({x8, x9}, (0.209828, 0.166768, 0.356265, 0.267138))
Exact log partition sum: 7.61758
Exact MAP variable marginals:
({x0}, (0.341882, 0.658118))
({x1}, (0.658118, 0.341882))
({x2}, (0.658118, 0.341882))
({x3}, (0.566448, 0.433552))
({x4}, (0.626464, 0.373536))
({x5}, (0.658118, 0.341882))
({x6}, (0.348844, 0.651156))
({x7}, (0.658118, 0.341882))
({x8}, (0.658118, 0.341882))
({x9}, (0.341882, 0.658118))
Exact MAP factor marginals:
({x0}, (0.341882, 0.658118)) == ({x0}, (0.341882, 0.658118))
({x1}, (0.658118, 0.341882)) == ({x1}, (0.658118, 0.341882))
({x2}, (0.658118, 0.341882)) == ({x2}, (0.658118, 0.341882))
({x3}, (0.566448, 0.433552)) == ({x3}, (0.566448, 0.433552))
({x4}, (0.626464, 0.373536)) == ({x4}, (0.626464, 0.373536))
({x5}, (0.658118, 0.341882)) == ({x5}, (0.658118, 0.341882))
({x6}, (0.348844, 0.651156)) == ({x6}, (0.348844, 0.651156))
({x7}, (0.658118, 0.341882)) == ({x7}, (0.658118, 0.341882))
({x8}, (0.658118, 0.341882)) == ({x8}, (0.658118, 0.341882))
({x9}, (0.341882, 0.658118)) == ({x9}, (0.341882, 0.658118))
({x0, x1}, (0.188337, 0.500539, 0.260022, 0.0511017)) == ({x0, x1}, (0.188337, 0.500539, 0.260022, 0.0511017))
({x0, x2}, (0.166358, 0.442127, 0.229678, 0.161838)) == ({x0, x2}, (0.166358, 0.442127, 0.229678, 0.161838))
({x0, x3}, (0.0524958, 0.414686, 0.215423, 0.317395)) == ({x0, x3}, (0.0524958, 0.414686, 0.215423, 0.317395))
({x0, x4}, (0.150989, 0.401282, 0.20846, 0.239269)) == ({x0, x4}, (0.150989, 0.401282, 0.20846, 0.239269))
({x0, x5}, (0.190496, 0.506277, 0.263003, 0.0402245)) == ({x0, x5}, (0.190496, 0.506277, 0.263003, 0.0402245))
({x0, x6}, (0.213649, 0.220331, 0.154748, 0.411272)) == ({x0, x6}, (0.213649, 0.220331, 0.154748, 0.411272))
({x0, x7}, (0.188337, 0.500539, 0.260022, 0.0511017)) == ({x0, x7}, (0.188337, 0.500539, 0.260022, 0.0511017))
({x0, x8}, (0.162742, 0.432517, 0.224686, 0.180056)) == ({x0, x8}, (0.162742, 0.432517, 0.224686, 0.180056))
({x0, x9}, (0.252283, 0.112501, 0.149574, 0.485642)) == ({x0, x9}, (0.252283, 0.112501, 0.149574, 0.485642))
({x1, x2}, (0.521723, 0.0162774, 0.190973, 0.271027)) == ({x1, x2}, (0.521723, 0.0162774, 0.190973, 0.271027))
({x1, x3}, (0.429017, 0.0197522, 0.328364, 0.222867)) == ({x1, x3}, (0.429017, 0.0197522, 0.328364, 0.222867))
({x1, x4}, (0.417895, 0.115841, 0.249174, 0.21709)) == ({x1, x4}, (0.417895, 0.115841, 0.249174, 0.21709))
({x1, x5}, (0.490925, 0.136086, 0.117962, 0.255028)) == ({x1, x5}, (0.490925, 0.136086, 0.117962, 0.255028))
({x1, x6}, (0.23791, 0.230695, 0.444085, 0.0873099)) == ({x1, x6}, (0.23791, 0.230695, 0.444085, 0.0873099))
({x1, x7}, (0.544574, 0.0416763, 0.130853, 0.282897)) == ({x1, x7}, (0.544574, 0.0416763, 0.130853, 0.282897))
({x1, x8}, (0.487959, 0.055418, 0.203136, 0.253487)) == ({x1, x8}, (0.487959, 0.055418, 0.203136, 0.253487))
({x1, x9}, (0.173876, 0.240058, 0.462108, 0.123958)) == ({x1, x9}, (0.173876, 0.240058, 0.462108, 0.123958))
({x2, x3}, (0.424336, 0.030447, 0.324781, 0.220436)) == ({x2, x3}, (0.424336, 0.030447, 0.324781, 0.220436))
({x2, x4}, (0.417895, 0.115841, 0.249174, 0.21709)) == ({x2, x4}, (0.417895, 0.115841, 0.249174, 0.21709))
({x2, x5}, (0.51307, 0.187806, 0.032592, 0.266532)) == ({x2, x5}, (0.51307, 0.187806, 0.032592, 0.266532))
({x2, x6}, (0.23791, 0.230695, 0.444085, 0.0873099)) == ({x2, x6}, (0.23791, 0.230695, 0.444085, 0.0873099))
({x2, x7}, (0.514965, 0.1885, 0.0290194, 0.267516)) == ({x2, x7}, (0.514965, 0.1885, 0.0290194, 0.267516))
({x2, x8}, (0.454061, 0.121038, 0.189024, 0.235877)) == ({x2, x8}, (0.454061, 0.121038, 0.189024, 0.235877))
({x2, x9}, (0.166358, 0.229678, 0.442127, 0.161838)) == ({x2, x9}, (0.166358, 0.229678, 0.442127, 0.161838))
({x3, x4}, (0.347086, 0.265655, 0.206954, 0.180306)) == ({x3, x4}, (0.347086, 0.265655, 0.206954, 0.180306))
({x3, x5}, (0.425823, 0.325919, 0.0270497, 0.221208)) == ({x3, x5}, (0.425823, 0.325919, 0.0270497, 0.221208))
({x3, x6}, (0.0450987, 0.222314, 0.414973, 0.317615)) == ({x3, x6}, (0.0450987, 0.222314, 0.414973, 0.317615))
({x3, x7}, (0.429017, 0.328364, 0.0197522, 0.222867)) == ({x3, x7}, (0.429017, 0.328364, 0.0197522, 0.222867))
({x3, x8}, (0.42108, 0.322289, 0.037886, 0.218744)) == ({x3, x8}, (0.42108, 0.322289, 0.037886, 0.218744))
({x3, x9}, (0.0722354, 0.210935, 0.406047, 0.310783)) == ({x3, x9}, (0.0722354, 0.210935, 0.406047, 0.310783))
({x4, x5}, (0.447142, 0.266613, 0.0539619, 0.232283)) == ({x4, x5}, (0.447142, 0.266613, 0.0539619, 0.232283))
({x4, x6}, (0.20205, 0.195923, 0.377149, 0.224879)) == ({x4, x6}, (0.20205, 0.195923, 0.377149, 0.224879))
({x4, x7}, (0.417895, 0.249174, 0.115841, 0.21709)) == ({x4, x7}, (0.417895, 0.249174, 0.115841, 0.21709))
({x4, x8}, (0.394938, 0.235486, 0.164412, 0.205164)) == ({x4, x8}, (0.394938, 0.235486, 0.164412, 0.205164))
({x4, x9}, (0.150989, 0.20846, 0.401282, 0.239269)) == ({x4, x9}, (0.150989, 0.20846, 0.401282, 0.239269))
({x5, x6}, (0.244697, 0.237276, 0.456754, 0.0612725)) == ({x5, x6}, (0.244697, 0.237276, 0.456754, 0.0612725))
({x5, x7}, (0.516647, 0.0717473, 0.143216, 0.26839)) == ({x5, x7}, (0.516647, 0.0717473, 0.143216, 0.26839))
({x5, x8}, (0.482008, 0.066937, 0.200659, 0.250396)) == ({x5, x8}, (0.482008, 0.066937, 0.200659, 0.250396))
({x5, x9}, (0.173876, 0.240058, 0.462108, 0.123958)) == ({x5, x9}, (0.173876, 0.240058, 0.462108, 0.123958))
({x6, x7}, (0.23791, 0.444085, 0.230695, 0.0873099)) == ({x6, x7}, (0.23791, 0.444085, 0.230695, 0.0873099))
({x6, x8}, (0.23791, 0.444085, 0.230695, 0.0873099)) == ({x6, x8}, (0.23791, 0.444085, 0.230695, 0.0873099))
({x6, x9}, (0.213649, 0.154748, 0.220331, 0.411272)) == ({x6, x9}, (0.213649, 0.154748, 0.220331, 0.411272))
({x7, x8}, (0.487959, 0.055418, 0.203136, 0.253487)) == ({x7, x8}, (0.487959, 0.055418, 0.203136, 0.253487))
({x7, x9}, (0.173876, 0.240058, 0.462108, 0.123958)) == ({x7, x9}, (0.173876, 0.240058, 0.462108, 0.123958))
({x8, x9}, (0.162742, 0.224686, 0.432517, 0.180056)) == ({x8, x9}, (0.162742, 0.224686, 0.432517, 0.180056))
Exact MAP state (log score = 4.67915):
x0: 1
x1: 0
x2: 0
x3: 0
x4: 0
x5: 0
x6: 1
x7: 0
x8: 0
x9: 1
