Builtin inference algorithms: {BP, EXACT, FBP, JTREE, TRWBP}

Exact variable marginals:
({x0}, (0.109452, 0.890548))
({x1}, (0.88727, 0.11273))
({x2}, (0.92872, 0.0712797))
({x3}, (0.212937, 0.787063))
({x4}, (0.902891, 0.0971093))
({x5}, (0.954573, 0.0454275))
({x6}, (0.957061, 0.042939))
({x7}, (0.308065, 0.691935))
({x8}, (0.797639, 0.202361))
({x9}, (0.805291, 0.194709))
Exact factor marginals:
({x0}, (0.109452, 0.890548))
({x1}, (0.88727, 0.11273))
({x2}, (0.92872, 0.0712797))
({x3}, (0.212937, 0.787063))
({x4}, (0.902891, 0.0971093))
({x5}, (0.954573, 0.0454275))
({x6}, (0.957061, 0.042939))
({x7}, (0.308065, 0.691935))
({x8}, (0.797639, 0.202361))
({x9}, (0.805291, 0.194709))
({x0, x1}, (0.0765553, 0.810714, 0.0328966, 0.0798338))
({x0, x2}, (0.0984585, 0.830262, 0.0109933, 0.0602863))
({x0, x3}, (0.0213271, 0.19161, 0.0881247, 0.698938))
({x0, x4}, (0.0892745, 0.813616, 0.0201773, 0.076932))
({x0, x5}, (0.100943, 0.853629, 0.00850871, 0.0369188))
({x0, x6}, (0.087971, 0.86909, 0.0214809, 0.0214581))
({x0, x7}, (0.0500818, 0.257983, 0.05937, 0.632565))
({x0, x8}, (0.0880204, 0.709619, 0.0214314, 0.18093))
({x0, x9}, (0.0615061, 0.743785, 0.0479457, 0.146763))
({x1, x2}, (0.823346, 0.105374, 0.0639235, 0.00735613))
({x1, x3}, (0.156875, 0.0560621, 0.730394, 0.0566683))
({x1, x4}, (0.823775, 0.079116, 0.0634949, 0.0336144))
({x1, x5}, (0.850839, 0.103734, 0.0364308, 0.00899672))
({x1, x6}, (0.863286, 0.0937746, 0.0239832, 0.0189558))
({x1, x7}, (0.245734, 0.0623308, 0.641535, 0.0503996))
({x1, x8}, (0.712675, 0.0849642, 0.174595, 0.0277662))
({x1, x9}, (0.710858, 0.0944336, 0.176412, 0.0182968))
({x2, x3}, (0.201418, 0.0115192, 0.727302, 0.0597605))
({x2, x4}, (0.836426, 0.0664647, 0.0922943, 0.00481499))
({x2, x5}, (0.900441, 0.0541314, 0.0282792, 0.0171482))
({x2, x6}, (0.892964, 0.0640967, 0.035756, 0.007183))
({x2, x7}, (0.269411, 0.0386539, 0.659309, 0.0326258))
({x2, x8}, (0.756677, 0.0409618, 0.172043, 0.0303179))
({x2, x9}, (0.760262, 0.0450294, 0.168458, 0.0262503))
({x3, x4}, (0.178098, 0.724792, 0.0348391, 0.0622702))
({x3, x5}, (0.205719, 0.748853, 0.00721813, 0.0382094))
({x3, x6}, (0.209479, 0.747582, 0.00345812, 0.0394809))
({x3, x7}, (0.0499184, 0.258147, 0.163019, 0.528916))
({x3, x8}, (0.185495, 0.612144, 0.027442, 0.174919))
({x3, x9}, (0.195962, 0.60933, 0.0169758, 0.177733))
({x4, x5}, (0.866382, 0.0881901, 0.0365083, 0.00891918))
({x4, x6}, (0.873129, 0.0839323, 0.0297619, 0.0131771))
({x4, x7}, (0.245946, 0.0621192, 0.656945, 0.0349901))
({x4, x8}, (0.735772, 0.061867, 0.167119, 0.0352423))
({x4, x9}, (0.716298, 0.0889937, 0.186593, 0.00811562))
({x5, x6}, (0.926059, 0.0310019, 0.0285134, 0.0144256))
({x5, x7}, (0.274454, 0.0336109, 0.680118, 0.0118165))
({x5, x8}, (0.767334, 0.0303047, 0.187238, 0.0151228))
({x5, x9}, (0.785971, 0.01932, 0.168601, 0.0261075))
({x6, x7}, (0.272436, 0.0356293, 0.684625, 0.00730973))
({x6, x8}, (0.768368, 0.0292706, 0.188693, 0.0136684))
({x6, x9}, (0.786563, 0.0187283, 0.170498, 0.0242107))
({x7, x8}, (0.197511, 0.600128, 0.110554, 0.0918068))
({x7, x9}, (0.250652, 0.554639, 0.0574129, 0.137296))
({x8, x9}, (0.644213, 0.161078, 0.153426, 0.0412827))
Exact log partition sum: 7.20705
Exact MAP variable marginals:
({x0}, (0.053113, 0.946887))
({x1}, (0.94245, 0.0575504))
({x2}, (0.969141, 0.0308588))
({x3}, (0.239405, 0.760595))
({x4}, (0.965692, 0.0343083))
({x5}, (0.990687, 0.00931273))
({x6}, (0.993899, 0.00610052))
({x7}, (0.211855, 0.788145))
({x8}, (0.863569, 0.136431))
({x9}, (0.805114, 0.194886))
Exact MAP factor marginals:
({x0}, (0.053113, 0.946887)) == ({x0}, (0.053113, 0.946887))
({x1}, (0.94245, 0.0575504)) == ({x1}, (0.94245, 0.0575504))
({x2}, (0.969141, 0.0308588)) == ({x2}, (0.969141, 0.0308588))
({x3}, (0.239405, 0.760595)) == ({x3}, (0.239405, 0.760595))
({x4}, (0.965692, 0.0343083)) == ({x4}, (0.965692, 0.0343083))
({x5}, (0.990687, 0.00931273)) == ({x5}, (0.990687, 0.00931273))
({x6}, (0.993899, 0.00610052)) == ({x6}, (0.993899, 0.00610052))
({x7}, (0.211855, 0.788145)) == ({x7}, (0.211855, 0.788145))
({x8}, (0.863569, 0.136431)) == ({x8}, (0.863569, 0.136431))
({x9}, (0.805114, 0.194886)) == ({x9}, (0.805114, 0.194886))
({x0, x1}, (0.0497626, 0.887156, 0.00890701, 0.054174)) == ({x0, x1}, (0.0497626, 0.887156, 0.00890701, 0.054174))
({x0, x2}, (0.0513562, 0.915566, 0.0039246, 0.0291529)) == ({x0, x2}, (0.0513562, 0.915566, 0.0039246, 0.0291529))
({x0, x3}, (0.0101655, 0.227275, 0.0405018, 0.722057)) == ({x0, x3}, (0.0101655, 0.227275, 0.0405018, 0.722057))
({x0, x4}, (0.0510878, 0.910781, 0.00577368, 0.0323575)) == ({x0, x4}, (0.0510878, 0.910781, 0.00577368, 0.0323575))
({x0, x5}, (0.0525239, 0.936384, 0.00228987, 0.00880226)) == ({x0, x5}, (0.0525239, 0.936384, 0.00228987, 0.00880226))
({x0, x6}, (0.0525322, 0.936532, 0.00518737, 0.0057484)) == ({x0, x6}, (0.0525322, 0.936532, 0.00518737, 0.0057484))
({x0, x7}, (0.0155144, 0.199738, 0.0416803, 0.743067)) == ({x0, x7}, (0.0155144, 0.199738, 0.0416803, 0.743067))
({x0, x8}, (0.0459484, 0.819158, 0.00547936, 0.129415)) == ({x0, x8}, (0.0459484, 0.819158, 0.00547936, 0.129415))
({x0, x9}, (0.0390555, 0.74024, 0.0415217, 0.179183)) == ({x0, x9}, (0.0390555, 0.74024, 0.0415217, 0.179183))
({x1, x2}, (0.913692, 0.0557944, 0.0290932, 0.00142053)) == ({x1, x2}, (0.913692, 0.0557944, 0.0290932, 0.00142053))
({x1, x3}, (0.223949, 0.0434469, 0.711489, 0.0211155)) == ({x1, x3}, (0.223949, 0.0434469, 0.711489, 0.0211155))
({x1, x4}, (0.900209, 0.054971, 0.0319819, 0.0128378)) == ({x1, x4}, (0.900209, 0.054971, 0.0319819, 0.0128378))
({x1, x5}, (0.93223, 0.0569264, 0.00876321, 0.00208015)) == ({x1, x5}, (0.93223, 0.0569264, 0.00876321, 0.00208015))
({x1, x6}, (0.932191, 0.056924, 0.00572175, 0.00516332)) == ({x1, x6}, (0.932191, 0.056924, 0.00572175, 0.00516332))
({x1, x7}, (0.198841, 0.0162558, 0.739731, 0.0451715)) == ({x1, x7}, (0.198841, 0.0162558, 0.739731, 0.0451715))
({x1, x8}, (0.812317, 0.0496039, 0.128334, 0.00974565)) == ({x1, x8}, (0.812317, 0.0496039, 0.128334, 0.00974565))
({x1, x9}, (0.764138, 0.0466619, 0.184968, 0.00423249)) == ({x1, x9}, (0.764138, 0.0466619, 0.184968, 0.00423249))
({x2, x3}, (0.231756, 0.00850791, 0.736292, 0.0234445)) == ({x2, x3}, (0.231756, 0.00850791, 0.736292, 0.0234445))
({x2, x4}, (0.934818, 0.0297659, 0.0332114, 0.00220419)) == ({x2, x4}, (0.934818, 0.0297659, 0.0332114, 0.00220419))
({x2, x5}, (0.954142, 0.0303812, 0.00896919, 0.00650771)) == ({x2, x5}, (0.954142, 0.0303812, 0.00896919, 0.00650771))
({x2, x6}, (0.960633, 0.0305879, 0.00589633, 0.00288247)) == ({x2, x6}, (0.960633, 0.0305879, 0.00589633, 0.00288247))
({x2, x7}, (0.202867, 0.0183959, 0.754707, 0.0240309)) == ({x2, x7}, (0.202867, 0.0183959, 0.754707, 0.0240309))
({x2, x8}, (0.823587, 0.0262241, 0.130114, 0.0200748)) == ({x2, x8}, (0.823587, 0.0262241, 0.130114, 0.0200748))
({x2, x9}, (0.776443, 0.024723, 0.187947, 0.0108873)) == ({x2, x9}, (0.776443, 0.024723, 0.187947, 0.0108873))
({x3, x4}, (0.228764, 0.726787, 0.0186287, 0.0258207)) == ({x3, x4}, (0.228764, 0.726787, 0.0186287, 0.0258207))
({x3, x5}, (0.237184, 0.753536, 0.00219687, 0.00708344)) == ({x3, x5}, (0.237184, 0.753536, 0.00219687, 0.00708344))
({x3, x6}, (0.237989, 0.756096, 0.00127367, 0.00464089)) == ({x3, x6}, (0.237989, 0.756096, 0.00127367, 0.00464089))
({x3, x7}, (0.0236726, 0.165727, 0.194062, 0.616538)) == ({x3, x7}, (0.0236726, 0.165727, 0.194062, 0.616538))
({x3, x8}, (0.210106, 0.66751, 0.0169276, 0.105457)) == ({x3, x8}, (0.210106, 0.66751, 0.0169276, 0.105457))
({x3, x9}, (0.19889, 0.631878, 0.016279, 0.152953)) == ({x3, x9}, (0.19889, 0.631878, 0.016279, 0.152953))
({x4, x5}, (0.955035, 0.0339297, 0.00897759, 0.00205735)) == ({x4, x5}, (0.955035, 0.0339297, 0.00897759, 0.00205735))
({x4, x6}, (0.955809, 0.0339572, 0.00586672, 0.0043671)) == ({x4, x6}, (0.955809, 0.0339572, 0.00586672, 0.0043671))
({x4, x7}, (0.20084, 0.0254508, 0.747165, 0.0265446)) == ({x4, x7}, (0.20084, 0.0254508, 0.747165, 0.0265446))
({x4, x8}, (0.814614, 0.0289409, 0.128697, 0.0277483)) == ({x4, x8}, (0.814614, 0.0289409, 0.128697, 0.0277483))
({x4, x9}, (0.781546, 0.0277661, 0.189182, 0.0015064)) == ({x4, x9}, (0.781546, 0.0277661, 0.189182, 0.0015064))
({x5, x6}, (0.980379, 0.00921583, 0.00601753, 0.00438727)) == ({x5, x6}, (0.980379, 0.00921583, 0.00601753, 0.00438727))
({x5, x7}, (0.208924, 0.00653052, 0.77724, 0.00730626)) == ({x5, x7}, (0.208924, 0.00653052, 0.77724, 0.00730626))
({x5, x8}, (0.85164, 0.00800564, 0.134546, 0.00580859)) == ({x5, x8}, (0.85164, 0.00800564, 0.134546, 0.00580859))
({x5, x9}, (0.793737, 0.00666913, 0.192133, 0.00746134)) == ({x5, x9}, (0.793737, 0.00666913, 0.192133, 0.00746134))
({x6, x7}, (0.210146, 0.00479857, 0.781787, 0.00326899)) == ({x6, x7}, (0.210146, 0.00479857, 0.781787, 0.00326899))
({x6, x8}, (0.856738, 0.00525862, 0.135352, 0.00265192)) == ({x6, x8}, (0.856738, 0.00525862, 0.135352, 0.00265192))
({x6, x9}, (0.797615, 0.00489573, 0.193071, 0.00441792)) == ({x6, x9}, (0.797615, 0.00489573, 0.193071, 0.00441792))
({x7, x8}, (0.172496, 0.641721, 0.0844015, 0.101382)) == ({x7, x8}, (0.172496, 0.641721, 0.0844015, 0.101382))
({x7, x9}, (0.17395, 0.64713, 0.0222749, 0.156645)) == ({x7, x9}, (0.17395, 0.64713, 0.0222749, 0.156645))
({x8, x9}, (0.693688, 0.109592, 0.167915, 0.0288046)) == ({x8, x9}, (0.693688, 0.109592, 0.167915, 0.0288046))
Exact MAP state (log score = 5.98021):
x0: 1
x1: 0
x2: 0
x3: 1
x4: 0
x5: 0
x6: 0
x7: 1
x8: 0
x9: 0
