Approximate (TRWBP) log partition sum: 360.235
Approximate (TRWBP) variable marginals:
({x0}, (0.436426, 0.563574))
({x1}, (0.419506, 0.580494))
({x2}, (0.426621, 0.573379))
({x3}, (0.423804, 0.576196))
({x4}, (0.655218, 0.344782))
({x5}, (0.715411, 0.284589))
({x6}, (0.137336, 0.862664))
({x7}, (0.0902341, 0.909766))
({x8}, (0.171408, 0.828592))
({x9}, (0.16303, 0.83697))
({x10}, (0.379141, 0.620859))
({x11}, (0.570752, 0.429248))
({x12}, (0.468832, 0.531168))
({x13}, (0.546098, 0.453902))
({x14}, (0.540153, 0.459847))
({x15}, (0.340495, 0.659505))
({x16}, (0.397675, 0.602325))
({x17}, (0.197952, 0.802048))
({x18}, (0.237584, 0.762416))
({x19}, (0.80011, 0.19989))
({x20}, (0.661028, 0.338972))
({x21}, (0.466059, 0.533941))
({x22}, (0.456655, 0.543345))
({x23}, (0.488049, 0.511951))
({x24}, (0.533762, 0.466238))
({x25}, (0.599416, 0.400584))
({x26}, (0.336652, 0.663348))
({x27}, (0.687464, 0.312536))
({x28}, (0.297529, 0.702471))
({x29}, (0.845778, 0.154222))
({x30}, (0.298711, 0.701289))
({x31}, (0.626233, 0.373767))
({x32}, (0.573334, 0.426666))
({x33}, (0.875642, 0.124358))
({x34}, (0.872508, 0.127492))
({x35}, (0.192615, 0.807385))
({x36}, (0.337774, 0.662226))
({x37}, (0.656389, 0.343611))
({x38}, (0.0516782, 0.948322))
({x39}, (0.0170395, 0.98296))
({x40}, (0.258745, 0.741255))
({x41}, (0.343733, 0.656267))
({x42}, (0.283029, 0.716971))
({x43}, (0.502681, 0.497319))
({x44}, (0.5037, 0.4963))
({x45}, (0.41793, 0.58207))
({x46}, (0.374509, 0.625491))
({x47}, (0.290687, 0.709313))
({x48}, (0.0597608, 0.940239))
({x49}, (0.985269, 0.0147315))
({x50}, (0.729023, 0.270977))
({x51}, (0.354845, 0.645155))
({x52}, (0.457159, 0.542841))
({x53}, (0.498331, 0.501669))
({x54}, (0.33242, 0.66758))
({x55}, (0.148082, 0.851918))
({x56}, (0.889433, 0.110567))
({x57}, (0.499881, 0.500119))
({x58}, (0.907068, 0.0929317))
({x59}, (0.0573871, 0.942613))
({x60}, (0.59954, 0.40046))
({x61}, (0.582801, 0.417199))
({x62}, (0.559153, 0.440847))
({x63}, (0.354869, 0.645131))
({x64}, (0.183499, 0.816501))
({x65}, (0.884277, 0.115723))
({x66}, (0.115071, 0.884929))
({x67}, (0.456407, 0.543593))
({x68}, (0.391289, 0.608711))
({x69}, (0.142925, 0.857075))
({x70}, (0.424214, 0.575786))
({x71}, (0.432405, 0.567595))
({x72}, (0.576675, 0.423325))
({x73}, (0.237813, 0.762187))
({x74}, (0.813978, 0.186022))
({x75}, (0.829149, 0.170851))
({x76}, (0.786836, 0.213164))
({x77}, (0.401067, 0.598933))
({x78}, (0.774084, 0.225916))
({x79}, (0.134214, 0.865786))
({x80}, (0.534842, 0.465158))
({x81}, (0.589958, 0.410042))
({x82}, (0.379823, 0.620177))
({x83}, (0.67488, 0.32512))
({x84}, (0.264994, 0.735006))
({x85}, (0.362042, 0.637958))
({x86}, (0.750854, 0.249146))
({x87}, (0.770991, 0.229009))
({x88}, (0.874664, 0.125336))
({x89}, (0.0822143, 0.917786))
({x90}, (0.483082, 0.516918))
({x91}, (0.395461, 0.604539))
({x92}, (0.386371, 0.613629))
({x93}, (0.359867, 0.640133))
({x94}, (0.377451, 0.622549))
({x95}, (0.656606, 0.343394))
({x96}, (0.138855, 0.861145))
({x97}, (0.0915284, 0.908472))
({x98}, (0.0841387, 0.915861))
({x99}, (0.101293, 0.898707))
Approximate (TRWBP) factor marginals:
({x0}, (0.436426, 0.563574))
({x1}, (0.419506, 0.580494))
({x2}, (0.426621, 0.573379))
({x3}, (0.423804, 0.576196))
({x4}, (0.655218, 0.344782))
({x5}, (0.715411, 0.284589))
({x6}, (0.137336, 0.862664))
({x7}, (0.0902341, 0.909766))
({x8}, (0.171408, 0.828592))
({x9}, (0.16303, 0.83697))
({x10}, (0.379141, 0.620859))
({x11}, (0.570752, 0.429248))
({x12}, (0.468832, 0.531168))
({x13}, (0.546098, 0.453902))
({x14}, (0.540153, 0.459847))
({x15}, (0.340495, 0.659505))
({x16}, (0.397675, 0.602325))
({x17}, (0.197952, 0.802048))
({x18}, (0.237584, 0.762416))
({x19}, (0.80011, 0.19989))
({x20}, (0.661028, 0.338972))
({x21}, (0.466059, 0.533941))
({x22}, (0.456655, 0.543345))
({x23}, (0.488049, 0.511951))
({x24}, (0.533762, 0.466238))
({x25}, (0.599416, 0.400584))
({x26}, (0.336652, 0.663348))
({x27}, (0.687464, 0.312536))
({x28}, (0.297529, 0.702471))
({x29}, (0.845778, 0.154222))
({x30}, (0.298711, 0.701289))
({x31}, (0.626233, 0.373767))
({x32}, (0.573334, 0.426666))
({x33}, (0.875642, 0.124358))
({x34}, (0.872508, 0.127492))
({x35}, (0.192615, 0.807385))
({x36}, (0.337774, 0.662226))
({x37}, (0.656389, 0.343611))
({x38}, (0.0516782, 0.948322))
({x39}, (0.0170395, 0.98296))
({x40}, (0.258745, 0.741255))
({x41}, (0.343733, 0.656267))
({x42}, (0.283029, 0.716971))
({x43}, (0.502681, 0.497319))
({x44}, (0.5037, 0.4963))
({x45}, (0.41793, 0.58207))
({x46}, (0.374509, 0.625491))
({x47}, (0.290687, 0.709313))
({x48}, (0.0597608, 0.940239))
({x49}, (0.985269, 0.0147315))
({x50}, (0.729023, 0.270977))
({x51}, (0.354845, 0.645155))
({x52}, (0.457159, 0.542841))
({x53}, (0.498331, 0.501669))
({x54}, (0.33242, 0.66758))
({x55}, (0.148082, 0.851918))
({x56}, (0.889433, 0.110567))
({x57}, (0.499881, 0.500119))
({x58}, (0.907068, 0.0929317))
({x59}, (0.0573871, 0.942613))
({x60}, (0.59954, 0.40046))
({x61}, (0.582801, 0.417199))
({x62}, (0.559153, 0.440847))
({x63}, (0.354869, 0.645131))
({x64}, (0.183499, 0.816501))
({x65}, (0.884277, 0.115723))
({x66}, (0.115071, 0.884929))
({x67}, (0.456407, 0.543593))
({x68}, (0.391289, 0.608711))
({x69}, (0.142925, 0.857075))
({x70}, (0.424214, 0.575786))
({x71}, (0.432405, 0.567595))
({x72}, (0.576675, 0.423325))
({x73}, (0.237813, 0.762187))
({x74}, (0.813978, 0.186022))
({x75}, (0.829149, 0.170851))
({x76}, (0.786836, 0.213164))
({x77}, (0.401067, 0.598933))
({x78}, (0.774084, 0.225916))
({x79}, (0.134214, 0.865786))
({x80}, (0.534842, 0.465158))
({x81}, (0.589958, 0.410042))
({x82}, (0.379823, 0.620177))
({x83}, (0.67488, 0.32512))
({x84}, (0.264994, 0.735006))
({x85}, (0.362042, 0.637958))
({x86}, (0.750854, 0.249146))
({x87}, (0.770991, 0.229009))
({x88}, (0.874664, 0.125336))
({x89}, (0.0822143, 0.917786))
({x90}, (0.483082, 0.516918))
({x91}, (0.395461, 0.604539))
({x92}, (0.386371, 0.613629))
({x93}, (0.359867, 0.640133))
({x94}, (0.377451, 0.622549))
({x95}, (0.656606, 0.343394))
({x96}, (0.138855, 0.861145))
({x97}, (0.0915284, 0.908472))
({x98}, (0.0841387, 0.915861))
({x99}, (0.101293, 0.898707))
({x0, x1}, (0.435509, 0.00186422, 0.00423079, 0.558396))
({x0, x10}, (0.422109, 1.44387e-07, 8.37395e-06, 0.577882))
({x1, x2}, (0.424256, 0.00236788, 0.00154714, 0.571829))
({x1, x11}, (0.000204961, 0.566235, 0.432571, 0.000988185))
({x2, x3}, (0.419303, 0.0001912, 0.000138012, 0.580368))
({x2, x12}, (8.57953e-11, 0.522446, 0.477553, 7.13506e-07))
({x3, x4}, (4.70675e-07, 0.656317, 0.343667, 1.51034e-05))
({x3, x13}, (0.000268192, 0.566135, 0.433573, 2.38258e-05))
({x4, x5}, (0.762455, 0.00172241, 0.00013986, 0.235682))
({x4, x14}, (0.642507, 0.000201794, 0.00042211, 0.356869))
({x5, x6}, (0.00154604, 0.14246, 0.855803, 0.00019055))
({x5, x15}, (0.000210073, 0.204517, 0.79355, 0.0017224))
({x6, x7}, (0.0875854, 0.0028432, 9.81574e-05, 0.909473))
({x6, x16}, (0.10855, 0.00185581, 0.039758, 0.849836))
({x7, x8}, (0.107489, 8.6572e-28, 1.87289e-31, 0.892511))
({x7, x17}, (0.101571, 1.08498e-09, 1.74678e-07, 0.898429))
({x8, x9}, (0.13246, 0.000202281, 0.00270902, 0.864629))
({x8, x18}, (3.1626e-05, 0.542007, 0.455514, 0.00244823))
({x9, x19}, (0.000624835, 0.867693, 0.131615, 6.7278e-05))
({x10, x11}, (6.23928e-05, 0.583356, 0.416566, 1.59665e-05))
({x10, x20}, (0.00304326, 0.627707, 0.368954, 0.000296179))
({x11, x12}, (1.66253e-06, 0.455019, 0.544979, 1.82535e-07))
({x11, x21}, (0.000144569, 0.454113, 0.545743, 4.85894e-09))
({x12, x13}, (3.41283e-07, 0.537852, 0.462101, 4.67233e-05))
({x12, x22}, (0.463431, 0.00148734, 0.000389068, 0.534693))
({x13, x14}, (0.553974, 5.10359e-05, 7.64152e-05, 0.445899))
({x13, x23}, (5.07786e-05, 0.473982, 0.525588, 0.000379464))
({x14, x15}, (0.375271, 9.59003e-12, 2.04512e-08, 0.624729))
({x14, x24}, (0.000532771, 0.479531, 0.51985, 8.58641e-05))
({x15, x16}, (0.212906, 0.000187747, 0.00193345, 0.784973))
({x15, x25}, (1.29274e-10, 0.693669, 0.301854, 0.00447715))
({x16, x17}, (7.37737e-11, 0.435516, 0.564484, 2.13719e-07))
({x16, x26}, (0.00338848, 0.738873, 0.257731, 7.62112e-06))
({x17, x18}, (0.167958, 1.10207e-05, 8.71375e-05, 0.831944))
({x17, x27}, (0.13352, 0.00027735, 0.0614819, 0.804721))
({x18, x19}, (0.00304421, 0.824345, 0.172422, 0.00018906))
({x18, x28}, (5.29458e-09, 0.116696, 0.281054, 0.60225))
({x19, x29}, (0.882227, 0.035788, 0.000100231, 0.0818845))
({x20, x21}, (0.0209758, 0.390783, 0.572723, 0.0155186))
({x20, x30}, (0.00469517, 0.313078, 0.666048, 0.0161787))
({x21, x22}, (0.463571, 0.000564276, 0.000519035, 0.535346))
({x21, x31}, (0.537235, 0.032693, 0.00837873, 0.421693))
({x22, x23}, (0.475097, 0.000770004, 0.00158361, 0.522549))
({x22, x32}, (5.10228e-05, 0.562058, 0.432815, 0.00507545))
({x23, x24}, (1.06156e-05, 0.512648, 0.486832, 0.000509083))
({x23, x33}, (0.745317, 6.17879e-14, 2.83159e-09, 0.254683))
({x24, x25}, (0.55362, 0.00103346, 0.00261968, 0.442727))
({x24, x34}, (0.76785, 2.34288e-08, 3.58138e-06, 0.232147))
({x25, x26}, (9.15336e-07, 0.541882, 0.458117, 6.02826e-12))
({x25, x35}, (1.37896e-07, 0.221226, 0.778236, 0.000538146))
({x26, x27}, (0.000107128, 0.325278, 0.674406, 0.000208052))
({x26, x36}, (0.000689789, 0.220113, 0.778718, 0.000479552))
({x27, x28}, (0.182977, 0.00664308, 0.00217743, 0.808202))
({x27, x37}, (0.282598, 5.68033e-05, 0.00170163, 0.715644))
({x28, x29}, (4.26893e-05, 0.912396, 0.0859705, 0.00159095))
({x28, x38}, (0.0497787, 0.000189021, 1.8924e-05, 0.950013))
({x29, x39}, (0.000410012, 0.0273489, 0.972241, 3.8071e-10))
({x30, x31}, (0.000693844, 0.670541, 0.328762, 3.36956e-06))
({x30, x40}, (0.25548, 0.00160023, 0.0342563, 0.708664))
({x31, x32}, (0.000300177, 0.470733, 0.528967, 4.5517e-15))
({x31, x41}, (6.10145e-05, 0.333781, 0.650512, 0.0156456))
({x32, x33}, (0.778908, 2.17614e-18, 6.73628e-27, 0.221092))
({x32, x42}, (5.74642e-07, 0.301368, 0.67953, 0.0191011))
({x33, x34}, (0.901731, 0.000144368, 7.58812e-06, 0.0981172))
({x33, x43}, (0.795757, 8.3349e-16, 9.37422e-33, 0.204243))
({x34, x35}, (4.73653e-05, 0.0983141, 0.900546, 0.00109259))
({x34, x44}, (0.623987, 2.28058e-09, 0.102673, 0.273339))
({x35, x36}, (0.111274, 5.28362e-05, 0.0102008, 0.878472))
({x35, x45}, (0.111611, 0.00101991, 0.0240554, 0.863314))
({x36, x37}, (0.184923, 2.04095e-07, 4.38262e-11, 0.815077))
({x36, x46}, (0.124727, 0.000247696, 0.0103955, 0.86463))
({x37, x38}, (0.0727922, 0.00109747, 5.62065e-06, 0.926105))
({x37, x47}, (0.00028076, 0.746095, 0.253576, 4.84095e-05))
({x38, x39}, (0.0134624, 0.00167691, 2.30414e-05, 0.984838))
({x38, x48}, (0.0203379, 2.77389e-09, 1.46491e-32, 0.979662))
({x39, x49}, (4.05733e-08, 0.98883, 0.0111686, 9.98044e-07))
({x40, x41}, (0.279131, 0.0092475, 1.00317e-06, 0.711621))
({x40, x50}, (0.0294091, 0.73124, 0.225762, 0.0135884))
({x41, x42}, (0.000147368, 0.267812, 0.393083, 0.338958))
({x41, x51}, (0.28652, 0.0087649, 0.0386022, 0.666113))
({x42, x43}, (0.0001609, 0.71317, 0.286612, 5.62692e-05))
({x42, x52}, (0.289227, 3.18137e-19, 2.35892e-31, 0.710773))
({x43, x44}, (9.91612e-06, 0.35199, 0.6389, 0.00910092))
({x43, x53}, (0.614307, 0.000112534, 0.00118155, 0.384399))
({x44, x45}, (0.209373, 0.000131663, 0.0691455, 0.72135))
({x44, x54}, (0.279676, 0.0146432, 0.000256778, 0.705424))
({x45, x46}, (0.149974, 0.000443353, 0.00565374, 0.843929))
({x45, x55}, (0.113533, 0.0120536, 0.000117616, 0.874296))
({x46, x47}, (0.00633306, 0.811237, 0.179634, 0.00279628))
({x46, x56}, (2.50113e-09, 0.901528, 0.078396, 0.0200759))
({x47, x48}, (0.000696809, 0.0702867, 0.928976, 4.07872e-05))
({x47, x57}, (0.01741, 0.205491, 0.77631, 0.000788907))
({x48, x49}, (5.86956e-05, 0.983092, 0.00800055, 0.00884891))
({x48, x58}, (7.80547e-49, 0.968374, 0.0316261, 3.45846e-35))
({x49, x59}, (0.00395594, 0.0223353, 0.973707, 1.58206e-06))
({x50, x51}, (0.00250073, 0.27254, 0.724659, 0.000300986))
({x50, x60}, (0.673968, 1.78618e-08, 0.0336351, 0.292397))
({x51, x52}, (0.315448, 0.0143498, 0.0205389, 0.649663))
({x51, x61}, (3.54799e-08, 0.636957, 0.3287, 0.0343424))
({x52, x53}, (0.00730683, 0.608659, 0.381166, 0.0028683))
({x52, x62}, (0.00285301, 0.630618, 0.363062, 0.00346646))
({x53, x54}, (0.413283, 3.23421e-19, 5.2739e-05, 0.586664))
({x53, x63}, (0.00118537, 0.336344, 0.661705, 0.000766224))
({x54, x55}, (0.143593, 3.13075e-42, 4.28135e-08, 0.856407))
({x54, x64}, (0.209312, 2.93965e-11, 1.31624e-09, 0.790688))
({x55, x56}, (2.98529e-06, 0.919792, 0.080106, 9.88327e-05))
({x55, x65}, (1.439e-06, 0.880654, 0.0783985, 0.0409461))
({x56, x57}, (0.113524, 9.99011e-10, 0.818596, 0.0678798))
({x56, x66}, (0.000831018, 0.0868136, 0.912355, 8.08887e-07))
({x57, x58}, (0.000697962, 0.895873, 0.0885828, 0.0148461))
({x57, x67}, (0.000107216, 0.693198, 0.231301, 0.0753943))
({x58, x59}, (0.0102889, 0.0443716, 0.945299, 4.06048e-05))
({x58, x68}, (0.000171253, 0.128233, 0.871595, 3.04844e-23))
({x59, x69}, (0.0807755, 1.19809e-08, 6.90517e-07, 0.919224))
({x60, x61}, (0.613689, 0.000139425, 6.60846e-05, 0.386105))
({x60, x70}, (0.000938593, 0.393645, 0.605261, 0.000155003))
({x61, x62}, (0.00965963, 0.51039, 0.47995, 4.98437e-09))
({x61, x71}, (0.00108118, 0.388977, 0.609781, 0.000160753))
({x62, x63}, (9.87026e-13, 0.317647, 0.682038, 0.000315023))
({x62, x72}, (0.634413, 0.000239066, 6.55256e-05, 0.365282))
({x63, x64}, (0.227771, 2.40956e-12, 1.07198e-14, 0.772229))
({x63, x73}, (0.242269, 0.00022646, 0.000585294, 0.756919))
({x64, x65}, (0.0311375, 0.828308, 0.120768, 0.0197863))
({x64, x74}, (0.00391, 0.818086, 0.177671, 0.000332691))
({x65, x66}, (7.19724e-05, 0.109386, 0.889474, 0.00106765))
({x65, x75}, (0.857622, 1.50124e-11, 5.35377e-06, 0.142372))
({x66, x67}, (0.286306, 0.0325766, 1.49304e-09, 0.681117))
({x66, x76}, (1.4784e-05, 0.872078, 0.127333, 0.000574182))
({x67, x68}, (0.00302856, 0.319059, 0.677441, 0.000471218))
({x67, x77}, (0.0106204, 0.316024, 0.672684, 0.000671926))
({x68, x69}, (4.81287e-09, 0.392007, 0.607993, 1.00898e-09))
({x68, x78}, (2.89118e-14, 0.791441, 0.208559, 7.81369e-08))
({x69, x79}, (0.123843, 9.95007e-06, 0.00366961, 0.872478))
({x70, x71}, (0.396748, 2.74157e-05, 1.56755e-07, 0.603224))
({x70, x80}, (2.51271e-05, 0.566251, 0.431158, 0.00256599))
({x71, x72}, (0.000383826, 0.623336, 0.37535, 0.000930041))
({x71, x81}, (0.000115544, 0.614386, 0.384608, 0.000890151))
({x72, x73}, (0.00394198, 0.276208, 0.715915, 0.00393554))
({x72, x82}, (1.50678e-05, 0.350887, 0.648673, 0.000425222))
({x73, x74}, (0.185812, 0.62289, 0.0169477, 0.17435))
({x73, x83}, (4.08343e-08, 0.752514, 0.24735, 0.000135969))
({x74, x75}, (0.822246, 0.00116926, 0.000621995, 0.175963))
({x74, x84}, (0.00148931, 0.211309, 0.7871, 0.000102036))
({x75, x76}, (0.834392, 1.37901e-25, 8.26185e-05, 0.165525))
({x75, x85}, (0.027358, 0.233727, 0.725157, 0.0137582))
({x76, x77}, (3.30482e-05, 0.212817, 0.787094, 5.53809e-05))
({x76, x86}, (0.797543, 1.26213e-08, 5.54892e-08, 0.202457))
({x77, x78}, (0.000168542, 0.786964, 0.212075, 0.000792155))
({x77, x87}, (0.000165203, 0.775545, 0.222434, 0.00185625))
({x78, x79}, (0.00109364, 0.134117, 0.864774, 1.50204e-05))
({x78, x88}, (0.876457, 1.83181e-06, 8.81731e-12, 0.123542))
({x79, x89}, (0.0948508, 2.24129e-13, 3.51887e-06, 0.905146))
({x80, x81}, (4.70736e-10, 0.537509, 0.462491, 5.84086e-17))
({x80, x90}, (0.00210576, 0.469804, 0.527488, 0.000603166))
({x81, x82}, (4.27579e-05, 0.359663, 0.640076, 0.000218734))
({x81, x91}, (1.97427e-05, 0.382537, 0.61722, 0.000223553))
({x82, x83}, (0.00149421, 0.684785, 0.313454, 0.000267165))
({x82, x92}, (1.82754e-06, 0.521953, 0.473473, 0.00457267))
({x83, x84}, (2.79981e-05, 0.270955, 0.728554, 0.000463589))
({x83, x93}, (0.000588444, 0.316482, 0.682892, 3.68041e-05))
({x84, x85}, (0.300988, 6.30092e-07, 1.70706e-06, 0.69901))
({x84, x94}, (9.0882e-09, 0.564666, 0.42978, 0.00555396))
({x85, x86}, (0.555796, 0.00302821, 0.000736549, 0.440439))
({x85, x95}, (0.000103347, 0.649069, 0.3494, 0.00142781))
({x86, x87}, (3.32512e-07, 0.566323, 0.433677, 3.09036e-14))
({x86, x96}, (0.0005688, 0.189852, 0.807098, 0.00248105))
({x87, x88}, (0.870375, 0.000111823, 5.45742e-05, 0.129458))
({x87, x97}, (1.94321e-20, 0.124651, 0.875349, 4.51747e-17))
({x88, x89}, (0.000553776, 0.0858311, 0.913576, 3.93281e-05))
({x88, x98}, (0.000208641, 0.085249, 0.914341, 0.00020149))
({x89, x99}, (0.0503991, 0.0558055, 0.0327743, 0.861021))
({x90, x91}, (0.00014069, 0.446325, 0.55233, 0.00120392))
({x91, x92}, (0.380387, 6.87117e-14, 1.47304e-14, 0.619613))
({x92, x93}, (0.357861, 0.000216976, 0.00152934, 0.640393))
({x93, x94}, (0.35292, 0.00148366, 0.00012778, 0.645468))
({x94, x95}, (0.000944218, 0.645753, 0.353276, 2.75745e-05))
({x95, x96}, (7.50039e-14, 0.223491, 0.776509, 1.64307e-16))
({x96, x97}, (0.110973, 0.000292508, 0.0012815, 0.887453))
({x97, x98}, (0.0820412, 3.56135e-05, 0.000189347, 0.917734))
({x98, x99}, (0.0817012, 0.00273971, 0.0147542, 0.900805))
