Approximate (TRWBP) log partition sum: 334.51
Approximate (TRWBP) variable marginals:
({x0}, (0.827169, 0.172831))
({x1}, (0.167601, 0.832399))
({x2}, (0.849832, 0.150168))
({x3}, (0.872103, 0.127897))
({x4}, (0.13426, 0.86574))
({x5}, (0.127695, 0.872305))
({x6}, (0.91263, 0.0873701))
({x7}, (0.918632, 0.0813676))
({x8}, (0.0820987, 0.917901))
({x9}, (0.868895, 0.131105))
({x10}, (0.225208, 0.774792))
({x11}, (0.270668, 0.729332))
({x12}, (0.650668, 0.349332))
({x13}, (0.887137, 0.112863))
({x14}, (0.183316, 0.816684))
({x15}, (0.692062, 0.307938))
({x16}, (0.162342, 0.837658))
({x17}, (0.907566, 0.0924339))
({x18}, (0.0743267, 0.925673))
({x19}, (0.169159, 0.830841))
({x20}, (0.264204, 0.735796))
({x21}, (0.408644, 0.591356))
({x22}, (0.511997, 0.488003))
({x23}, (0.909077, 0.0909235))
({x24}, (0.209362, 0.790638))
({x25}, (0.51114, 0.48886))
({x26}, (0.947782, 0.0522183))
({x27}, (0.0506839, 0.949316))
({x28}, (0.958451, 0.0415488))
({x29}, (0.0454061, 0.954594))
({x30}, (0.289637, 0.710363))
({x31}, (0.311298, 0.688702))
({x32}, (0.499143, 0.500857))
({x33}, (0.754928, 0.245072))
({x34}, (0.181654, 0.818346))
({x35}, (0.68679, 0.31321))
({x36}, (0.408916, 0.591084))
({x37}, (0.0641398, 0.93586))
({x38}, (0.0406458, 0.959354))
({x39}, (0.0569458, 0.943054))
({x40}, (0.340946, 0.659054))
({x41}, (0.256908, 0.743092))
({x42}, (0.506415, 0.493585))
({x43}, (0.580809, 0.419191))
({x44}, (0.387233, 0.612767))
({x45}, (0.716195, 0.283805))
({x46}, (0.231834, 0.768166))
({x47}, (0.892948, 0.107052))
({x48}, (0.847743, 0.152257))
({x49}, (0.0960589, 0.903941))
({x50}, (0.688227, 0.311773))
({x51}, (0.392157, 0.607843))
({x52}, (0.794379, 0.205621))
({x53}, (0.697985, 0.302015))
({x54}, (0.825342, 0.174658))
({x55}, (0.526497, 0.473503))
({x56}, (0.169475, 0.830525))
({x57}, (0.806985, 0.193015))
({x58}, (0.692707, 0.307293))
({x59}, (0.811648, 0.188352))
({x60}, (0.76449, 0.23551))
({x61}, (0.626772, 0.373228))
({x62}, (0.119723, 0.880277))
({x63}, (0.826804, 0.173196))
({x64}, (0.900911, 0.0990886))
({x65}, (0.674262, 0.325738))
({x66}, (0.852148, 0.147852))
({x67}, (0.808942, 0.191058))
({x68}, (0.18314, 0.81686))
({x69}, (0.65706, 0.34294))
({x70}, (0.174867, 0.825133))
({x71}, (0.898917, 0.101083))
({x72}, (0.905455, 0.0945446))
({x73}, (0.106697, 0.893303))
({x74}, (0.114521, 0.885479))
({x75}, (0.261659, 0.738341))
({x76}, (0.746891, 0.253109))
({x77}, (0.220577, 0.779423))
({x78}, (0.834941, 0.165059))
({x79}, (0.132136, 0.867864))
({x80}, (0.268025, 0.731975))
({x81}, (0.0810982, 0.918902))
({x82}, (0.0798438, 0.920156))
({x83}, (0.946896, 0.0531041))
({x84}, (0.0999124, 0.900088))
({x85}, (0.843496, 0.156504))
({x86}, (0.866341, 0.133659))
({x87}, (0.686153, 0.313847))
({x88}, (0.141902, 0.858098))
({x89}, (0.875457, 0.124543))
({x90}, (0.340167, 0.659833))
({x91}, (0.202416, 0.797584))
({x92}, (0.886221, 0.113779))
({x93}, (0.94815, 0.05185))
({x94}, (0.0528547, 0.947145))
({x95}, (0.0704181, 0.929582))
({x96}, (0.107121, 0.892879))
({x97}, (0.804165, 0.195835))
({x98}, (0.253847, 0.746153))
({x99}, (0.16293, 0.83707))
Approximate (TRWBP) factor marginals:
({x0}, (0.827169, 0.172831))
({x1}, (0.167601, 0.832399))
({x2}, (0.849832, 0.150168))
({x3}, (0.872103, 0.127897))
({x4}, (0.13426, 0.86574))
({x5}, (0.127695, 0.872305))
({x6}, (0.91263, 0.0873701))
({x7}, (0.918632, 0.0813676))
({x8}, (0.0820987, 0.917901))
({x9}, (0.868895, 0.131105))
({x10}, (0.225208, 0.774792))
({x11}, (0.270668, 0.729332))
({x12}, (0.650668, 0.349332))
({x13}, (0.887137, 0.112863))
({x14}, (0.183316, 0.816684))
({x15}, (0.692062, 0.307938))
({x16}, (0.162342, 0.837658))
({x17}, (0.907566, 0.0924339))
({x18}, (0.0743267, 0.925673))
({x19}, (0.169159, 0.830841))
({x20}, (0.264204, 0.735796))
({x21}, (0.408644, 0.591356))
({x22}, (0.511997, 0.488003))
({x23}, (0.909077, 0.0909235))
({x24}, (0.209362, 0.790638))
({x25}, (0.51114, 0.48886))
({x26}, (0.947782, 0.0522183))
({x27}, (0.0506839, 0.949316))
({x28}, (0.958451, 0.0415488))
({x29}, (0.0454061, 0.954594))
({x30}, (0.289637, 0.710363))
({x31}, (0.311298, 0.688702))
({x32}, (0.499143, 0.500857))
({x33}, (0.754928, 0.245072))
({x34}, (0.181654, 0.818346))
({x35}, (0.68679, 0.31321))
({x36}, (0.408916, 0.591084))
({x37}, (0.0641398, 0.93586))
({x38}, (0.0406458, 0.959354))
({x39}, (0.0569458, 0.943054))
({x40}, (0.340946, 0.659054))
({x41}, (0.256908, 0.743092))
({x42}, (0.506415, 0.493585))
({x43}, (0.580809, 0.419191))
({x44}, (0.387233, 0.612767))
({x45}, (0.716195, 0.283805))
({x46}, (0.231834, 0.768166))
({x47}, (0.892948, 0.107052))
({x48}, (0.847743, 0.152257))
({x49}, (0.0960589, 0.903941))
({x50}, (0.688227, 0.311773))
({x51}, (0.392157, 0.607843))
({x52}, (0.794379, 0.205621))
({x53}, (0.697985, 0.302015))
({x54}, (0.825342, 0.174658))
({x55}, (0.526497, 0.473503))
({x56}, (0.169475, 0.830525))
({x57}, (0.806985, 0.193015))
({x58}, (0.692707, 0.307293))
({x59}, (0.811648, 0.188352))
({x60}, (0.76449, 0.23551))
({x61}, (0.626772, 0.373228))
({x62}, (0.119723, 0.880277))
({x63}, (0.826804, 0.173196))
({x64}, (0.900911, 0.0990886))
({x65}, (0.674262, 0.325738))
({x66}, (0.852148, 0.147852))
({x67}, (0.808942, 0.191058))
({x68}, (0.18314, 0.81686))
({x69}, (0.65706, 0.34294))
({x70}, (0.174867, 0.825133))
({x71}, (0.898917, 0.101083))
({x72}, (0.905455, 0.0945446))
({x73}, (0.106697, 0.893303))
({x74}, (0.114521, 0.885479))
({x75}, (0.261659, 0.738341))
({x76}, (0.746891, 0.253109))
({x77}, (0.220577, 0.779423))
({x78}, (0.834941, 0.165059))
({x79}, (0.132136, 0.867864))
({x80}, (0.268025, 0.731975))
({x81}, (0.0810982, 0.918902))
({x82}, (0.0798438, 0.920156))
({x83}, (0.946896, 0.0531041))
({x84}, (0.0999124, 0.900088))
({x85}, (0.843496, 0.156504))
({x86}, (0.866341, 0.133659))
({x87}, (0.686153, 0.313847))
({x88}, (0.141902, 0.858098))
({x89}, (0.875457, 0.124543))
({x90}, (0.340167, 0.659833))
({x91}, (0.202416, 0.797584))
({x92}, (0.886221, 0.113779))
({x93}, (0.94815, 0.05185))
({x94}, (0.0528547, 0.947145))
({x95}, (0.0704181, 0.929582))
({x96}, (0.107121, 0.892879))
({x97}, (0.804165, 0.195835))
({x98}, (0.253847, 0.746153))
({x99}, (0.16293, 0.83707))
({x0, x1}, (1.02173e-26, 0.151564, 0.848436, 2.17147e-34))
({x0, x10}, (0.00404763, 0.167904, 0.816282, 0.0117664))
({x1, x2}, (0.00218038, 0.83953, 0.123606, 0.0346832))
({x1, x11}, (0.172615, 0.00221031, 0.00284449, 0.82233))
({x2, x3}, (0.863024, 0.000239987, 7.31113e-05, 0.136663))
({x2, x12}, (6.66686e-08, 0.402689, 0.597306, 5.19133e-06))
({x3, x4}, (9.23468e-05, 0.136447, 0.861844, 0.00161596))
({x3, x13}, (0.881145, 0.0185752, 1.73186e-15, 0.10028))
({x4, x5}, (0.110165, 1.08918e-22, 2.66788e-05, 0.889808))
({x4, x14}, (0.128107, 3.74435e-20, 5.68411e-09, 0.871893))
({x5, x6}, (7.81308e-34, 0.914858, 0.0851417, 1.53199e-16))
({x5, x15}, (0.009946, 0.873259, 0.116062, 0.000733034))
({x6, x7}, (0.918485, 0.000678409, 0.000114121, 0.0807228))
({x6, x16}, (0.51476, 8.64554e-28, 9.32275e-50, 0.48524))
({x7, x8}, (1.54036e-17, 0.0789354, 0.921065, 5.43371e-23))
({x7, x17}, (0.921058, 0.00830425, 0.00151239, 0.069125))
({x8, x9}, (0.00443236, 0.865885, 0.0908903, 0.038792))
({x8, x18}, (0.064531, 0.00256872, 0.0190538, 0.913847))
({x9, x19}, (1.58415e-11, 0.154391, 0.845609, 5.97193e-14))
({x10, x11}, (0.202647, 0.000754652, 0.000170029, 0.796428))
({x10, x20}, (0.195094, 0.0439858, 0.00418624, 0.756734))
({x11, x12}, (0.465763, 0.0015521, 3.30864e-16, 0.532685))
({x11, x21}, (0.262283, 0.000405634, 0.000156291, 0.737155))
({x12, x13}, (4.24481e-38, 0.666565, 0.333435, 2.04138e-30))
({x12, x22}, (0.684934, 0.00424548, 0.000133875, 0.310687))
({x13, x14}, (0.000169858, 0.100558, 0.898697, 0.000575911))
({x13, x23}, (5.65575e-40, 0.567608, 0.432392, 2.09569e-13))
({x14, x15}, (0.00304341, 0.850971, 0.145847, 0.000138686))
({x14, x24}, (0.114821, 4.35997e-11, 6.52153e-24, 0.885179))
({x15, x16}, (2.35357e-05, 0.137073, 0.862508, 0.0003954))
({x15, x25}, (0.766302, 0.000198102, 0.000324832, 0.233175))
({x16, x17}, (0.000776556, 0.906372, 0.0674396, 0.0254122))
({x16, x26}, (0.597457, 1.50582e-27, 1.67199e-09, 0.402543))
({x17, x18}, (0.000529855, 0.0701642, 0.929294, 1.23641e-05))
({x17, x27}, (2.81414e-33, 0.0558214, 0.944179, 1.48118e-13))
({x18, x19}, (0.0664416, 0.0865586, 0.00784505, 0.839155))
({x18, x28}, (3.0478e-20, 0.947126, 0.0528741, 2.16728e-31))
({x19, x29}, (0.000166131, 0.343327, 0.656506, 3.36362e-23))
({x20, x21}, (8.05789e-25, 0.540577, 0.459423, 4.17054e-18))
({x20, x30}, (0.269162, 0.000460181, 3.5719e-05, 0.730342))
({x21, x22}, (0.000204505, 0.666443, 0.332789, 0.000564064))
({x21, x31}, (0.26639, 0.0213563, 0.00428631, 0.707967))
({x22, x23}, (0.843564, 4.43696e-36, 6.03862e-11, 0.156436))
({x22, x32}, (0.645822, 0.00149203, 1.62081e-05, 0.35267))
({x23, x24}, (0.000133231, 0.0793746, 0.920216, 0.000276697))
({x23, x33}, (0.9085, 3.84959e-29, 1.41756e-34, 0.0915004))
({x24, x25}, (0.00087213, 0.814406, 0.184573, 0.000148684))
({x24, x34}, (0.0688612, 0.109582, 0.00598774, 0.815569))
({x25, x26}, (0.87564, 2.75829e-42, 4.93076e-35, 0.12436))
({x25, x35}, (0.000187763, 0.366341, 0.63299, 0.000481839))
({x26, x27}, (0.000547365, 0.0439656, 0.955092, 0.000395222))
({x26, x36}, (1.37608e-33, 0.103461, 0.896539, 5.24327e-36))
({x27, x28}, (0.359009, 0.270497, 2.14572e-06, 0.370492))
({x27, x37}, (0.0426456, 1.06765e-05, 0.000994848, 0.956349))
({x28, x29}, (0.000122006, 0.0462655, 0.953542, 7.07475e-05))
({x28, x38}, (0.000216462, 0.036884, 0.958766, 0.00413328))
({x29, x39}, (0.058864, 0.00287213, 8.76137e-05, 0.938176))
({x30, x31}, (2.2688e-20, 0.485013, 0.514987, 2.4106e-27))
({x30, x40}, (0.296732, 0.0303234, 0.0124566, 0.660488))
({x31, x32}, (0.44072, 2.30704e-19, 5.71443e-28, 0.55928))
({x31, x41}, (0.230808, 0.00343433, 0.0015107, 0.764247))
({x32, x33}, (3.17493e-28, 0.632689, 0.367311, 1.81158e-24))
({x32, x42}, (0.660599, 0.000714184, 0.000284745, 0.338402))
({x33, x34}, (0.175221, 3.58318e-07, 0.703739, 0.121039))
({x33, x43}, (0.000553561, 0.233371, 0.764935, 0.00113955))
({x34, x35}, (0.278954, 1.93559e-06, 4.21273e-12, 0.721044))
({x34, x44}, (0.305563, 0.106338, 2.05935e-31, 0.588099))
({x35, x36}, (0.31877, 0.00124014, 2.86282e-05, 0.679961))
({x35, x45}, (0.463252, 2.06973e-05, 0.00151869, 0.535209))
({x36, x37}, (0.100892, 2.69852e-34, 1.26239e-49, 0.899108))
({x36, x46}, (0.179347, 0.000320855, 0.00018609, 0.820146))
({x37, x38}, (0.0377446, 0.00444914, 3.75522e-05, 0.957769))
({x37, x47}, (0.000618438, 0.943481, 0.055892, 8.51253e-06))
({x38, x39}, (0.0509404, 3.06576e-18, 9.07293e-29, 0.94906))
({x38, x48}, (2.73118e-06, 0.9132, 0.0867971, 1.95534e-14))
({x39, x49}, (0.086553, 0.00954835, 0.00523663, 0.898662))
({x40, x41}, (1.36735e-12, 0.419703, 0.580297, 4.11009e-15))
({x40, x50}, (0.288163, 0.301009, 0.104923, 0.305905))
({x41, x42}, (2.98847e-21, 0.728912, 0.271088, 3.87803e-32))
({x41, x51}, (0.167062, 0.198528, 0.0342694, 0.600141))
({x42, x43}, (0.00290964, 0.347652, 0.645691, 0.00374814))
({x42, x52}, (2.17884e-19, 0.616794, 0.383206, 6.99392e-31))
({x43, x44}, (0.000399936, 0.617691, 0.381832, 7.68201e-05))
({x43, x53}, (0.0190543, 0.704165, 0.228649, 0.0481312))
({x44, x45}, (0.00819033, 0.411207, 0.561536, 0.0190663))
({x44, x54}, (9.26926e-23, 0.675317, 0.324683, 3.10873e-11))
({x45, x46}, (1.07657e-25, 0.300276, 0.699724, 6.13378e-71))
({x45, x55}, (0.377416, 0.0060092, 0.00135472, 0.61522))
({x46, x47}, (0.000689094, 0.896785, 0.0966791, 0.00584715))
({x46, x56}, (0.133812, 0.00229045, 0.000208293, 0.863689))
({x47, x48}, (0.878075, 1.30908e-24, 2.64018e-30, 0.121925))
({x47, x57}, (1.81252e-72, 0.369879, 0.630121, 2.22507e-18))
({x48, x49}, (0.00164797, 0.15403, 0.839947, 0.00437409))
({x48, x58}, (8.73292e-28, 0.418518, 0.575245, 0.00623702))
({x49, x59}, (0.00279078, 0.826679, 0.169814, 0.000715566))
({x50, x51}, (0.51357, 3.46749e-06, 9.87089e-29, 0.486426))
({x50, x60}, (0.698739, 0.00141278, 0.00290384, 0.296945))
({x51, x52}, (0.630716, 1.84348e-13, 3.51756e-15, 0.369284))
({x51, x61}, (0.00106936, 0.632633, 0.365886, 0.000410776))
({x52, x53}, (0.811717, 0.00216631, 1.55804e-05, 0.186101))
({x52, x62}, (0.402479, 1.20777e-16, 0.0029745, 0.594546))
({x53, x54}, (0.83681, 0.000552034, 0.000156861, 0.162481))
({x53, x63}, (0.839631, 0.00161569, 0.00281368, 0.15594))
({x54, x55}, (8.85045e-24, 0.202045, 0.797955, 4.85039e-33))
({x54, x64}, (0.8974, 7.53121e-05, 0.000776661, 0.101748))
({x55, x56}, (1.33322e-36, 0.361028, 0.638972, 1.54863e-31))
({x55, x65}, (0.000329189, 0.751385, 0.247838, 0.000447991))
({x56, x57}, (0.446608, 5.11463e-23, 1.31684e-15, 0.553392))
({x56, x66}, (0.000184746, 0.873631, 0.124863, 0.00132107))
({x57, x58}, (0.758888, 6.08592e-17, 8.73219e-18, 0.241112))
({x57, x67}, (0.827375, 0.000156546, 0.000357058, 0.172112))
({x58, x59}, (0.722312, 1.93042e-07, 0.00802586, 0.269662))
({x58, x68}, (0.038783, 0.137281, 0.65757, 0.166366))
({x59, x69}, (0.671076, 0.00152616, 0.000741106, 0.326657))
({x60, x61}, (6.88792e-46, 0.434207, 0.565793, 9.32127e-17))
({x60, x70}, (0.0085075, 0.208015, 0.770868, 0.0126095))
({x61, x62}, (0.285529, 2.15168e-24, 9.91093e-06, 0.714462))
({x61, x71}, (0.799749, 6.34994e-14, 8.2402e-22, 0.200251))
({x62, x63}, (0.000230182, 0.897362, 0.10202, 0.000388459))
({x62, x72}, (0.000141885, 0.917573, 0.0821911, 9.38495e-05))
({x63, x64}, (0.901288, 1.89817e-18, 4.93586e-19, 0.0987122))
({x63, x73}, (0.00633239, 0.11002, 0.883648, 1.99432e-15))
({x64, x65}, (0.870716, 7.94207e-13, 5.65046e-17, 0.129284))
({x64, x74}, (0.00231032, 0.0996258, 0.898064, 2.0935e-14))
({x65, x66}, (4.38146e-08, 0.588043, 0.411957, 1.45203e-30))
({x65, x75}, (0.00130102, 0.181053, 0.817583, 6.33749e-05))
({x66, x67}, (0.856808, 3.72877e-38, 6.21882e-25, 0.143192))
({x66, x76}, (1.23566e-25, 0.422109, 0.577891, 1.39353e-32))
({x67, x68}, (3.07706e-18, 0.168073, 0.831927, 2.23846e-20))
({x67, x77}, (7.78638e-05, 0.168478, 0.831261, 0.00018332))
({x68, x69}, (0.349267, 2.06717e-26, 3.81132e-10, 0.650733))
({x68, x78}, (0.066991, 0.807058, 0.114606, 0.0113449))
({x69, x79}, (0.303316, 1.63035e-06, 1.71042e-11, 0.696683))
({x70, x71}, (0.0436588, 0.836561, 0.116554, 0.00322646))
({x70, x80}, (0.213025, 0.0406706, 0.00276823, 0.743536))
({x71, x72}, (0.913349, 1.66535e-09, 1.12917e-18, 0.086651))
({x71, x81}, (0.000107428, 0.0817624, 0.907927, 0.0102036))
({x72, x73}, (0.540586, 8.03498e-25, 1.92239e-16, 0.459414))
({x72, x82}, (0.000403913, 0.0688069, 0.928693, 0.00209582))
({x73, x74}, (0.116543, 0.000120883, 0.000993166, 0.882343))
({x73, x83}, (0.0453764, 0.898217, 0.0534967, 0.0029103))
({x74, x75}, (0.144735, 2.37636e-20, 0.00237095, 0.852894))
({x74, x84}, (0.114229, 3.48636e-24, 3.24893e-15, 0.885771))
({x75, x76}, (0.00730181, 0.789715, 0.141906, 0.0610772))
({x75, x85}, (8.95866e-05, 0.857951, 0.140934, 0.00102559))
({x76, x77}, (0.00966136, 0.178646, 0.806651, 0.00504131))
({x76, x86}, (1.37098e-16, 0.575775, 0.424225, 2.57895e-35))
({x77, x78}, (0.00173824, 0.84365, 0.153202, 0.00140917))
({x77, x87}, (0.367168, 2.84708e-12, 7.89695e-12, 0.632832))
({x78, x79}, (0.00675746, 0.124151, 0.868099, 0.000992724))
({x78, x88}, (0.00108614, 0.134416, 0.864479, 1.87027e-05))
({x79, x89}, (1.08659e-05, 0.877921, 0.120189, 0.00187955))
({x80, x81}, (0.000486147, 0.311242, 0.688272, 3.83277e-25))
({x80, x90}, (0.285816, 0.0592049, 0.0399922, 0.614987))
({x81, x82}, (0.0691457, 0.000188603, 0.00113273, 0.929533))
({x81, x91}, (3.31553e-07, 0.652516, 0.347483, 4.59171e-15))
({x82, x83}, (0.00018339, 0.943034, 0.0560503, 0.000732725))
({x82, x92}, (0.000539172, 0.899752, 0.0693558, 0.0303532))
({x83, x84}, (0.0515845, 0.049767, 0.895824, 0.00282417))
({x83, x93}, (0.943773, 0.000325332, 0.00766395, 0.048238))
({x84, x85}, (0.00152763, 0.886361, 0.112111, 1.79443e-10))
({x84, x94}, (0.0811144, 6.20299e-22, 1.34804e-10, 0.918886))
({x85, x86}, (0.877016, 0.000282724, 0.00503838, 0.117663))
({x85, x95}, (1.9183e-24, 0.10436, 0.89564, 6.50204e-29))
({x86, x87}, (0.769282, 1.33213e-33, 6.17516e-24, 0.230718))
({x86, x96}, (4.1306e-30, 0.13017, 0.86983, 4.3667e-20))
({x87, x88}, (8.89294e-25, 0.237258, 0.762742, 3.27259e-30))
({x87, x97}, (0.687773, 0.00653136, 0.00010277, 0.305593))
({x88, x89}, (8.05009e-37, 0.872808, 0.127192, 9.78535e-22))
({x88, x98}, (0.000316234, 0.597835, 0.401793, 5.62756e-05))
({x89, x99}, (0.0172112, 0.13661, 0.845942, 0.000236968))
({x90, x91}, (0.280585, 6.59925e-06, 9.05906e-15, 0.719408))
({x91, x92}, (0.0799614, 0.801939, 0.109348, 0.00875127))
({x92, x93}, (3.74987e-28, 0.583331, 0.416669, 2.78013e-11))
({x93, x94}, (0.00116925, 0.0579192, 0.94088, 3.18415e-05))
({x94, x95}, (0.072215, 0.00504579, 0.000874782, 0.921864))
({x95, x96}, (0.1128, 0.000634546, 0.00153598, 0.88503))
({x96, x97}, (0.0005006, 0.810046, 0.18895, 0.000503834))
({x97, x98}, (0.517466, 7.97856e-06, 3.15367e-27, 0.482526))
({x98, x99}, (0.187741, 0.014973, 0.0433126, 0.753973))
