Approximate (TRWBP) log partition sum: 388.922
Approximate (TRWBP) variable marginals:
({x0}, (0.376128, 0.623872))
({x1}, (0.733655, 0.266345))
({x2}, (0.201865, 0.798135))
({x3}, (0.165073, 0.834927))
({x4}, (0.893415, 0.106585))
({x5}, (0.125414, 0.874586))
({x6}, (0.127718, 0.872282))
({x7}, (0.152236, 0.847764))
({x8}, (0.794481, 0.205519))
({x9}, (0.285119, 0.714881))
({x10}, (0.357659, 0.642341))
({x11}, (0.352091, 0.647909))
({x12}, (0.569614, 0.430386))
({x13}, (0.127787, 0.872213))
({x14}, (0.903887, 0.0961131))
({x15}, (0.19351, 0.80649))
({x16}, (0.796462, 0.203538))
({x17}, (0.187077, 0.812923))
({x18}, (0.349835, 0.650165))
({x19}, (0.72594, 0.27406))
({x20}, (0.334238, 0.665762))
({x21}, (0.650573, 0.349427))
({x22}, (0.402557, 0.597443))
({x23}, (0.110696, 0.889304))
({x24}, (0.904672, 0.095328))
({x25}, (0.822099, 0.177901))
({x26}, (0.175313, 0.824687))
({x27}, (0.166174, 0.833826))
({x28}, (0.154345, 0.845655))
({x29}, (0.736308, 0.263692))
({x30}, (0.337963, 0.662037))
({x31}, (0.36876, 0.63124))
({x32}, (0.59407, 0.40593))
({x33}, (0.86232, 0.13768))
({x34}, (0.16572, 0.83428))
({x35}, (0.156718, 0.843282))
({x36}, (0.172297, 0.827703))
({x37}, (0.123061, 0.876939))
({x38}, (0.252625, 0.747375))
({x39}, (0.743294, 0.256706))
({x40}, (0.317772, 0.682228))
({x41}, (0.368916, 0.631084))
({x42}, (0.410819, 0.589181))
({x43}, (0.571034, 0.428966))
({x44}, (0.868134, 0.131866))
({x45}, (0.131083, 0.868917))
({x46}, (0.135794, 0.864206))
({x47}, (0.124532, 0.875468))
({x48}, (0.286598, 0.713402))
({x49}, (0.275755, 0.724245))
({x50}, (0.307845, 0.692155))
({x51}, (0.399196, 0.600804))
({x52}, (0.469766, 0.530234))
({x53}, (0.412796, 0.587204))
({x54}, (0.386857, 0.613143))
({x55}, (0.36094, 0.63906))
({x56}, (0.239434, 0.760566))
({x57}, (0.825722, 0.174278))
({x58}, (0.690409, 0.309591))
({x59}, (0.28627, 0.71373))
({x60}, (0.443123, 0.556877))
({x61}, (0.460829, 0.539171))
({x62}, (0.498231, 0.501769))
({x63}, (0.750233, 0.249767))
({x64}, (0.334542, 0.665458))
({x65}, (0.466767, 0.533233))
({x66}, (0.598481, 0.401519))
({x67}, (0.253347, 0.746653))
({x68}, (0.648752, 0.351248))
({x69}, (0.656057, 0.343943))
({x70}, (0.553768, 0.446232))
({x71}, (0.552228, 0.447772))
({x72}, (0.433149, 0.566851))
({x73}, (0.599382, 0.400618))
({x74}, (0.586471, 0.413529))
({x75}, (0.359079, 0.640921))
({x76}, (0.542035, 0.457965))
({x77}, (0.574376, 0.425624))
({x78}, (0.512943, 0.487057))
({x79}, (0.679208, 0.320792))
({x80}, (0.632111, 0.367889))
({x81}, (0.480882, 0.519118))
({x82}, (0.443221, 0.556779))
({x83}, (0.604643, 0.395357))
({x84}, (0.560578, 0.439422))
({x85}, (0.643012, 0.356988))
({x86}, (0.301557, 0.698443))
({x87}, (0.343674, 0.656326))
({x88}, (0.525677, 0.474323))
({x89}, (0.574473, 0.425527))
({x90}, (0.859667, 0.140333))
({x91}, (0.198415, 0.801585))
({x92}, (0.277805, 0.722195))
({x93}, (0.401119, 0.598881))
({x94}, (0.320423, 0.679577))
({x95}, (0.52308, 0.47692))
({x96}, (0.374926, 0.625074))
({x97}, (0.488601, 0.511399))
({x98}, (0.546586, 0.453414))
({x99}, (0.333813, 0.666187))
Approximate (TRWBP) factor marginals:
({x0}, (0.376128, 0.623872))
({x1}, (0.733655, 0.266345))
({x2}, (0.201865, 0.798135))
({x3}, (0.165073, 0.834927))
({x4}, (0.893415, 0.106585))
({x5}, (0.125414, 0.874586))
({x6}, (0.127718, 0.872282))
({x7}, (0.152236, 0.847764))
({x8}, (0.794481, 0.205519))
({x9}, (0.285119, 0.714881))
({x10}, (0.357659, 0.642341))
({x11}, (0.352091, 0.647909))
({x12}, (0.569614, 0.430386))
({x13}, (0.127787, 0.872213))
({x14}, (0.903887, 0.0961131))
({x15}, (0.19351, 0.80649))
({x16}, (0.796462, 0.203538))
({x17}, (0.187077, 0.812923))
({x18}, (0.349835, 0.650165))
({x19}, (0.72594, 0.27406))
({x20}, (0.334238, 0.665762))
({x21}, (0.650573, 0.349427))
({x22}, (0.402557, 0.597443))
({x23}, (0.110696, 0.889304))
({x24}, (0.904672, 0.095328))
({x25}, (0.822099, 0.177901))
({x26}, (0.175313, 0.824687))
({x27}, (0.166174, 0.833826))
({x28}, (0.154345, 0.845655))
({x29}, (0.736308, 0.263692))
({x30}, (0.337963, 0.662037))
({x31}, (0.36876, 0.63124))
({x32}, (0.59407, 0.40593))
({x33}, (0.86232, 0.13768))
({x34}, (0.16572, 0.83428))
({x35}, (0.156718, 0.843282))
({x36}, (0.172297, 0.827703))
({x37}, (0.123061, 0.876939))
({x38}, (0.252625, 0.747375))
({x39}, (0.743294, 0.256706))
({x40}, (0.317772, 0.682228))
({x41}, (0.368916, 0.631084))
({x42}, (0.410819, 0.589181))
({x43}, (0.571034, 0.428966))
({x44}, (0.868134, 0.131866))
({x45}, (0.131083, 0.868917))
({x46}, (0.135794, 0.864206))
({x47}, (0.124532, 0.875468))
({x48}, (0.286598, 0.713402))
({x49}, (0.275755, 0.724245))
({x50}, (0.307845, 0.692155))
({x51}, (0.399196, 0.600804))
({x52}, (0.469766, 0.530234))
({x53}, (0.412796, 0.587204))
({x54}, (0.386857, 0.613143))
({x55}, (0.36094, 0.63906))
({x56}, (0.239434, 0.760566))
({x57}, (0.825722, 0.174278))
({x58}, (0.690409, 0.309591))
({x59}, (0.28627, 0.71373))
({x60}, (0.443123, 0.556877))
({x61}, (0.460829, 0.539171))
({x62}, (0.498231, 0.501769))
({x63}, (0.750233, 0.249767))
({x64}, (0.334542, 0.665458))
({x65}, (0.466767, 0.533233))
({x66}, (0.598481, 0.401519))
({x67}, (0.253347, 0.746653))
({x68}, (0.648752, 0.351248))
({x69}, (0.656057, 0.343943))
({x70}, (0.553768, 0.446232))
({x71}, (0.552228, 0.447772))
({x72}, (0.433149, 0.566851))
({x73}, (0.599382, 0.400618))
({x74}, (0.586471, 0.413529))
({x75}, (0.359079, 0.640921))
({x76}, (0.542035, 0.457965))
({x77}, (0.574376, 0.425624))
({x78}, (0.512943, 0.487057))
({x79}, (0.679208, 0.320792))
({x80}, (0.632111, 0.367889))
({x81}, (0.480882, 0.519118))
({x82}, (0.443221, 0.556779))
({x83}, (0.604643, 0.395357))
({x84}, (0.560578, 0.439422))
({x85}, (0.643012, 0.356988))
({x86}, (0.301557, 0.698443))
({x87}, (0.343674, 0.656326))
({x88}, (0.525677, 0.474323))
({x89}, (0.574473, 0.425527))
({x90}, (0.859667, 0.140333))
({x91}, (0.198415, 0.801585))
({x92}, (0.277805, 0.722195))
({x93}, (0.401119, 0.598881))
({x94}, (0.320423, 0.679577))
({x95}, (0.52308, 0.47692))
({x96}, (0.374926, 0.625074))
({x97}, (0.488601, 0.511399))
({x98}, (0.546586, 0.453414))
({x99}, (0.333813, 0.666187))
({x0, x1}, (3.0892e-18, 0.66215, 0.33785, 2.55633e-17))
({x0, x10}, (0.349427, 0.0176688, 0.0293534, 0.603551))
({x1, x2}, (0.00048522, 0.255886, 0.74289, 0.000739137))
({x1, x11}, (0.526844, 2.51839e-24, 1.38192e-09, 0.473156))
({x2, x3}, (0.196154, 0.000112464, 0.00162045, 0.802113))
({x2, x12}, (4.88093e-36, 0.675261, 0.324739, 7.26383e-20))
({x3, x4}, (0.595266, 3.42747e-41, 7.52314e-33, 0.404734))
({x3, x13}, (0.147176, 0.000206468, 0.000270126, 0.852347))
({x4, x5}, (0.0061643, 0.0704337, 0.896063, 0.0273387))
({x4, x14}, (0.913856, 0.00093173, 0.00196071, 0.0832521))
({x5, x6}, (0.0781377, 0.0354465, 0.00339203, 0.883024))
({x5, x15}, (0.109903, 5.36313e-05, 0.000171073, 0.889872))
({x6, x7}, (0.115505, 0.0171731, 0.000377278, 0.866944))
({x6, x16}, (1.24665e-23, 0.869959, 0.130041, 4.67452e-29))
({x7, x8}, (0.00012082, 0.80186, 0.144746, 0.0532734))
({x7, x17}, (5.09065e-23, 0.506369, 0.493631, 8.22278e-49))
({x8, x9}, (0.0662642, 0.205837, 0.715605, 0.0122936))
({x8, x18}, (0.0865072, 0.229887, 0.670788, 0.0128175))
({x9, x19}, (0.503087, 1.02666e-25, 3.92047e-13, 0.496913))
({x10, x11}, (2.99822e-39, 0.494715, 0.505285, 2.82216e-27))
({x10, x20}, (0.333386, 0.00462146, 0.0166008, 0.645392))
({x11, x12}, (0.448946, 3.19209e-10, 5.16133e-08, 0.551054))
({x11, x21}, (0.0041547, 0.659044, 0.336065, 0.000736181))
({x12, x13}, (6.69886e-35, 0.251901, 0.748099, 5.27896e-17))
({x12, x22}, (0.0581111, 0.359249, 0.499301, 0.0833388))
({x13, x14}, (6.2034e-38, 0.899562, 0.100438, 2.00401e-36))
({x13, x23}, (0.112421, 5.47511e-05, 0.00168973, 0.885835))
({x14, x15}, (1.1311e-38, 0.103397, 0.896603, 1.27625e-33))
({x14, x24}, (0.915838, 0.000633327, 0.0014689, 0.0820599))
({x15, x16}, (0.000207633, 0.856876, 0.142437, 0.000478894))
({x15, x25}, (9.18543e-05, 0.871057, 0.12849, 0.000360762))
({x16, x17}, (0.000600394, 0.153072, 0.845969, 0.000359193))
({x16, x26}, (0.00311657, 0.150817, 0.846053, 1.35359e-05))
({x17, x18}, (2.49492e-33, 0.634118, 0.348566, 0.0173165))
({x17, x27}, (0.14442, 0.0101646, 0.00257155, 0.842844))
({x18, x19}, (0.0587277, 0.64636, 0.29337, 0.00154287))
({x18, x28}, (0.238856, 1.68566e-19, 3.7643e-19, 0.761144))
({x19, x29}, (0.710075, 0.00251377, 0.0289084, 0.258503))
({x20, x21}, (8.16587e-31, 0.668712, 0.331288, 1.40499e-45))
({x20, x30}, (0.322898, 0.000349667, 0.00590641, 0.670846))
({x21, x22}, (0.540766, 6.2581e-24, 1.8695e-09, 0.459234))
({x21, x31}, (0.000392548, 0.33865, 0.660569, 0.000388614))
({x22, x23}, (0.221222, 8.00024e-31, 6.1016e-20, 0.778778))
({x22, x32}, (0.00707931, 0.584556, 0.40703, 0.00133528))
({x23, x24}, (0.000371758, 0.905559, 0.0939042, 0.000164701))
({x23, x33}, (0.00276364, 0.874036, 0.110698, 0.012502))
({x24, x25}, (4.64645e-34, 0.442411, 0.557589, 2.54081e-34))
({x24, x34}, (1.2891e-38, 0.124022, 0.875978, 1.27304e-34))
({x25, x26}, (0.523608, 5.43769e-42, 1.07163e-45, 0.476392))
({x25, x35}, (0.00202386, 0.111441, 0.8826, 0.00393587))
({x26, x27}, (1.13312e-69, 0.49609, 0.50391, 9.25374e-30))
({x26, x36}, (0.129894, 7.52008e-47, 1.51027e-36, 0.870106))
({x27, x28}, (0.146598, 0.000409784, 0.00065201, 0.85234))
({x27, x37}, (0.112824, 4.9465e-26, 8.82087e-42, 0.887176))
({x28, x29}, (5.78848e-25, 0.802076, 0.197924, 2.1439e-28))
({x28, x38}, (0.189593, 2.22279e-15, 8.91748e-40, 0.810407))
({x29, x39}, (0.726169, 0.0152564, 0.0124495, 0.246125))
({x30, x31}, (0.333044, 0.000302248, 0.000329482, 0.666324))
({x30, x40}, (0.311799, 2.57808e-28, 3.83701e-29, 0.688201))
({x31, x32}, (0.463164, 1.74634e-21, 1.58217e-47, 0.536836))
({x31, x41}, (0.302605, 0.0251631, 0.0451547, 0.627077))
({x32, x33}, (0.752921, 1.00326e-22, 1.33818e-26, 0.247079))
({x32, x42}, (0.0115114, 0.391448, 0.572995, 0.024045))
({x33, x34}, (0.000748753, 0.151925, 0.84728, 4.64423e-05))
({x33, x43}, (0.749696, 6.79801e-32, 4.38363e-29, 0.250304))
({x34, x35}, (0.135816, 1.62767e-17, 5.66374e-22, 0.864184))
({x34, x44}, (0.544707, 1.66685e-39, 5.77436e-33, 0.455293))
({x35, x36}, (0.105448, 0.00150432, 0.00323364, 0.889814))
({x35, x45}, (1.26782e-39, 0.49128, 0.50872, 3.64333e-44))
({x36, x37}, (0.0940095, 0.00135981, 0.00454196, 0.900089))
({x36, x46}, (0.107491, 0.00139422, 6.48024e-06, 0.891108))
({x37, x38}, (2.69517e-45, 0.620336, 0.343048, 0.0366158))
({x37, x47}, (0.0836461, 0.000605329, 0.000129046, 0.91562))
({x38, x39}, (0.0105269, 0.731353, 0.22465, 0.0334704))
({x38, x48}, (0.249984, 0.00302248, 0.000989578, 0.746004))
({x39, x49}, (1.6243e-21, 0.25759, 0.74241, 4.05424e-43))
({x40, x41}, (0.316759, 0.000819782, 0.00211039, 0.680311))
({x40, x50}, (0.288102, 0.0176632, 0.00530753, 0.688927))
({x41, x42}, (0.370201, 5.63138e-27, 4.92167e-42, 0.629799))
({x41, x51}, (0.349344, 0.00361991, 0.00111852, 0.645918))
({x42, x43}, (0.00111941, 0.587046, 0.410444, 0.00139102))
({x42, x52}, (1.90464e-39, 0.504567, 0.495433, 1.50825e-26))
({x43, x44}, (3.15039e-26, 0.694893, 0.305107, 3.55864e-19))
({x43, x53}, (0.045719, 0.311701, 0.521091, 0.121489))
({x44, x45}, (0.000289959, 0.11114, 0.884689, 0.00388111))
({x44, x54}, (0.67469, 1.25689e-05, 9.9142e-33, 0.325298))
({x45, x46}, (0.105101, 6.3468e-06, 0.00184136, 0.893051))
({x45, x55}, (1.8533e-06, 0.687088, 0.31291, 5.42018e-11))
({x46, x47}, (1.63148e-36, 0.465717, 0.534283, 7.56981e-12))
({x46, x56}, (2.88161e-23, 0.569057, 0.430943, 1.17938e-27))
({x47, x48}, (0.151739, 4.35273e-09, 2.67214e-26, 0.848261))
({x47, x57}, (7.76786e-05, 0.902782, 0.0944008, 0.00273984))
({x48, x49}, (0.262721, 6.88667e-05, 0.000426489, 0.736784))
({x48, x58}, (0.000212325, 0.723554, 0.273598, 0.00263562))
({x49, x59}, (0.271216, 0.00130372, 0.00036502, 0.727115))
({x50, x51}, (0.332865, 4.0842e-32, 6.61187e-23, 0.667135))
({x50, x60}, (8.72653e-21, 0.558077, 0.441923, 1.0396e-16))
({x51, x52}, (0.392756, 0.00249166, 0.000258052, 0.604494))
({x51, x61}, (0.444985, 5.33206e-29, 1.50014e-41, 0.555015))
({x52, x53}, (0.397644, 0.00702838, 0.000358087, 0.594969))
({x52, x62}, (0.433524, 0.00144652, 0.000134398, 0.564895))
({x53, x54}, (0.371396, 0.000309726, 0.000126135, 0.628168))
({x53, x63}, (4.33706e-20, 0.710283, 0.289717, 6.08105e-29))
({x54, x55}, (0.352606, 0.00237901, 0.00402121, 0.640993))
({x54, x64}, (0.316038, 5.86852e-38, 3.20593e-27, 0.683962))
({x55, x56}, (0.256613, 8.46242e-29, 1.94333e-30, 0.743387))
({x55, x65}, (3.73119e-31, 0.517251, 0.482749, 5.80854e-40))
({x56, x57}, (8.37836e-31, 0.859546, 0.140454, 1.15719e-41))
({x56, x66}, (0.00281473, 0.771135, 0.225666, 0.000384209))
({x57, x58}, (0.821431, 2.45363e-14, 4.03429e-06, 0.178565))
({x57, x67}, (0.00418423, 0.136816, 0.857055, 0.00194483))
({x58, x59}, (0.495341, 9.8143e-33, 1.64878e-29, 0.504659))
({x58, x68}, (0.697296, 0.0015732, 0.00077287, 0.300358))
({x59, x69}, (0.47075, 6.21956e-41, 3.68051e-13, 0.52925))
({x60, x61}, (0.000286614, 0.558116, 0.441295, 0.000302626))
({x60, x70}, (0.496935, 7.67686e-30, 1.02125e-44, 0.503065))
({x61, x62}, (0.00279741, 0.460176, 0.533344, 0.00368257))
({x61, x71}, (6.82625e-05, 0.480516, 0.515883, 0.00353336))
({x62, x63}, (0.633043, 1.6479e-36, 8.18035e-31, 0.366957))
({x62, x72}, (0.409275, 9.59148e-46, 2.49001e-35, 0.590725))
({x63, x64}, (0.000251377, 0.237277, 0.761601, 0.000871092))
({x63, x73}, (6.18954e-55, 0.327086, 0.672914, 2.17147e-31))
({x64, x65}, (0.329059, 6.56109e-05, 0.000347202, 0.670529))
({x64, x74}, (0.37039, 1.17309e-54, 1.63146e-32, 0.62961))
({x65, x66}, (0.55307, 8.29737e-38, 1.90192e-33, 0.44693))
({x65, x75}, (0.0212609, 0.534471, 0.436315, 0.00795286))
({x66, x67}, (0.000682624, 0.230114, 0.768813, 0.000390576))
({x66, x76}, (0.000104454, 0.361965, 0.637554, 0.000375799))
({x67, x68}, (0.0217781, 0.656559, 0.115376, 0.206287))
({x67, x77}, (2.92377e-41, 0.680349, 0.319651, 1.75915e-27))
({x68, x69}, (0.650549, 0.0147974, 0.0450253, 0.289628))
({x68, x78}, (1.21378e-19, 0.437966, 0.562034, 3.48321e-35))
({x69, x79}, (0.684358, 0.000231697, 0.00034906, 0.315061))
({x70, x71}, (0.00324272, 0.439219, 0.553618, 0.00392074))
({x70, x80}, (1.1926e-33, 0.543498, 0.456502, 5.52145e-41))
({x71, x72}, (0.426941, 0.00161251, 0.00133141, 0.570115))
({x71, x81}, (0.00641857, 0.532066, 0.45876, 0.0027554))
({x72, x73}, (1.9547e-59, 0.549714, 0.450286, 3.08874e-31))
({x72, x82}, (1.4627e-41, 0.582211, 0.417789, 6.94549e-36))
({x73, x74}, (0.475886, 0.000872966, 0.000898463, 0.522343))
({x73, x83}, (0.483286, 0.000415699, 0.000759442, 0.515539))
({x74, x75}, (5.53003e-05, 0.495352, 0.503495, 0.00109801))
({x74, x84}, (1.62944e-39, 0.58235, 0.41765, 7.53538e-38))
({x75, x76}, (0.454818, 1.39538e-46, 1.04357e-30, 0.545182))
({x75, x85}, (0.000226408, 0.532695, 0.466773, 0.00030589))
({x76, x77}, (0.471946, 7.83482e-50, 9.73329e-36, 0.528054))
({x76, x86}, (0.0019558, 0.470516, 0.526025, 0.00150318))
({x77, x78}, (0.00031593, 0.533191, 0.466407, 8.53646e-05))
({x77, x87}, (0.00408482, 0.455884, 0.538932, 0.0011))
({x78, x79}, (8.98869e-32, 0.571434, 0.428566, 1.90097e-15))
({x78, x88}, (5.33123e-09, 0.450832, 0.549166, 2.1537e-06))
({x79, x89}, (0.653761, 0.0180345, 1.29112e-37, 0.328204))
({x80, x81}, (0.613399, 0.0185068, 0.00668538, 0.361409))
({x80, x90}, (0.795585, 2.19964e-31, 1.50436e-43, 0.204415))
({x81, x82}, (0.546073, 0.00417333, 0.000597275, 0.449157))
({x81, x91}, (1.28959e-34, 0.276805, 0.723195, 2.73651e-43))
({x82, x83}, (0.00108068, 0.468898, 0.521214, 0.00880724))
({x82, x92}, (0.357779, 1.26186e-08, 0.000826125, 0.641395))
({x83, x84}, (0.000785004, 0.574927, 0.421801, 0.00248696))
({x83, x93}, (0.403759, 0.00132825, 0.000430417, 0.594482))
({x84, x85}, (3.94156e-40, 0.447824, 0.552176, 3.93914e-41))
({x84, x94}, (0.00586229, 0.301762, 0.692348, 2.79965e-05))
({x85, x86}, (0.0102002, 0.406423, 0.551834, 0.0315424))
({x85, x95}, (2.50075e-45, 0.526601, 0.473399, 1.72126e-31))
({x86, x87}, (0.402591, 0.000216966, 0.00147238, 0.59572))
({x86, x96}, (0.415775, 0.000266632, 0.00738639, 0.576572))
({x87, x88}, (0.00847985, 0.517847, 0.469008, 0.00466531))
({x87, x97}, (7.03094e-33, 0.56019, 0.43981, 2.01299e-43))
({x88, x89}, (0.00192092, 0.578629, 0.416378, 0.00307214))
({x88, x98}, (0.526217, 1.36152e-31, 1.37006e-36, 0.473783))
({x89, x99}, (0.00547009, 0.332605, 0.656842, 0.00508262))
({x90, x91}, (0.000985582, 0.139317, 0.858716, 0.00098156))
({x91, x92}, (0.183847, 9.07916e-05, 0.000263737, 0.815799))
({x92, x93}, (0.258829, 0.000454036, 0.00789549, 0.732822))
({x93, x94}, (5.24371e-41, 0.451861, 0.548139, 2.88438e-22))
({x94, x95}, (0.421294, 1.10581e-33, 3.65184e-37, 0.578706))
({x95, x96}, (0.523173, 0.000365741, 6.53126e-05, 0.476396))
({x96, x97}, (0.494752, 0.000329795, 0.00746993, 0.497448))
({x97, x98}, (0.556652, 0.00128307, 0.0123677, 0.429697))
({x98, x99}, (0.445684, 2.25905e-45, 7.21462e-20, 0.554316))
