Approximate (TRWBP) log partition sum: 366.606
Approximate (TRWBP) variable marginals:
({x0}, (0.487981, 0.512019))
({x1}, (0.500139, 0.499861))
({x2}, (0.500591, 0.499409))
({x3}, (0.500279, 0.499721))
({x4}, (0.500049, 0.499951))
({x5}, (0.500431, 0.499569))
({x6}, (0.501387, 0.498613))
({x7}, (0.531185, 0.468815))
({x8}, (0.536961, 0.463039))
({x9}, (0.537323, 0.462677))
({x10}, (0.493816, 0.506184))
({x11}, (0.499837, 0.500163))
({x12}, (0.500163, 0.499837))
({x13}, (0.499833, 0.500167))
({x14}, (0.49997, 0.50003))
({x15}, (0.499622, 0.500378))
({x16}, (0.498661, 0.501339))
({x17}, (0.502141, 0.497859))
({x18}, (0.502108, 0.497892))
({x19}, (0.512854, 0.487146))
({x20}, (0.489796, 0.510204))
({x21}, (0.500843, 0.499157))
({x22}, (0.499604, 0.500396))
({x23}, (0.500337, 0.499663))
({x24}, (0.499866, 0.500134))
({x25}, (0.50016, 0.49984))
({x26}, (0.500285, 0.499715))
({x27}, (0.498076, 0.501924))
({x28}, (0.495445, 0.504555))
({x29}, (0.489658, 0.510342))
({x30}, (0.489229, 0.510771))
({x31}, (0.500416, 0.499584))
({x32}, (0.499678, 0.500322))
({x33}, (0.499632, 0.500368))
({x34}, (0.49935, 0.50065))
({x35}, (0.498412, 0.501588))
({x36}, (0.501117, 0.498883))
({x37}, (0.501916, 0.498084))
({x38}, (0.50174, 0.49826))
({x39}, (0.510107, 0.489893))
({x40}, (0.49677, 0.50323))
({x41}, (0.499614, 0.500386))
({x42}, (0.500065, 0.499935))
({x43}, (0.499921, 0.500079))
({x44}, (0.499761, 0.500239))
({x45}, (0.501085, 0.498915))
({x46}, (0.49929, 0.50071))
({x47}, (0.501859, 0.498141))
({x48}, (0.502851, 0.497149))
({x49}, (0.495214, 0.504786))
({x50}, (0.500895, 0.499105))
({x51}, (0.499215, 0.500785))
({x52}, (0.500202, 0.499798))
({x53}, (0.499689, 0.500311))
({x54}, (0.499863, 0.500137))
({x55}, (0.500997, 0.499003))
({x56}, (0.498872, 0.501128))
({x57}, (0.50185, 0.49815))
({x58}, (0.494084, 0.505916))
({x59}, (0.507926, 0.492074))
({x60}, (0.500279, 0.499721))
({x61}, (0.500749, 0.499251))
({x62}, (0.500006, 0.499994))
({x63}, (0.500156, 0.499844))
({x64}, (0.498931, 0.501069))
({x65}, (0.498321, 0.501679))
({x66}, (0.498166, 0.501834))
({x67}, (0.497531, 0.502469))
({x68}, (0.502843, 0.497157))
({x69}, (0.504066, 0.495934))
({x70}, (0.494986, 0.505014))
({x71}, (0.496073, 0.503927))
({x72}, (0.494199, 0.505801))
({x73}, (0.499866, 0.500134))
({x74}, (0.49912, 0.50088))
({x75}, (0.50213, 0.49787))
({x76}, (0.500824, 0.499176))
({x77}, (0.498174, 0.501826))
({x78}, (0.498845, 0.501155))
({x79}, (0.501319, 0.498681))
({x80}, (0.49444, 0.50556))
({x81}, (0.494311, 0.505689))
({x82}, (0.494932, 0.505068))
({x83}, (0.498187, 0.501813))
({x84}, (0.497866, 0.502134))
({x85}, (0.495827, 0.504173))
({x86}, (0.500212, 0.499788))
({x87}, (0.499511, 0.500489))
({x88}, (0.500864, 0.499136))
({x89}, (0.498656, 0.501344))
({x90}, (0.493765, 0.506235))
({x91}, (0.494282, 0.505718))
({x92}, (0.494801, 0.505199))
({x93}, (0.503055, 0.496945))
({x94}, (0.496516, 0.503484))
({x95}, (0.495778, 0.504222))
({x96}, (0.499929, 0.500071))
({x97}, (0.499729, 0.500271))
({x98}, (0.500616, 0.499384))
({x99}, (0.490705, 0.509295))
Approximate (TRWBP) factor marginals:
({x0}, (0.487981, 0.512019))
({x1}, (0.500139, 0.499861))
({x2}, (0.500591, 0.499409))
({x3}, (0.500279, 0.499721))
({x4}, (0.500049, 0.499951))
({x5}, (0.500431, 0.499569))
({x6}, (0.501387, 0.498613))
({x7}, (0.531185, 0.468815))
({x8}, (0.536961, 0.463039))
({x9}, (0.537323, 0.462677))
({x10}, (0.493816, 0.506184))
({x11}, (0.499837, 0.500163))
({x12}, (0.500163, 0.499837))
({x13}, (0.499833, 0.500167))
({x14}, (0.49997, 0.50003))
({x15}, (0.499622, 0.500378))
({x16}, (0.498661, 0.501339))
({x17}, (0.502141, 0.497859))
({x18}, (0.502108, 0.497892))
({x19}, (0.512854, 0.487146))
({x20}, (0.489796, 0.510204))
({x21}, (0.500843, 0.499157))
({x22}, (0.499604, 0.500396))
({x23}, (0.500337, 0.499663))
({x24}, (0.499866, 0.500134))
({x25}, (0.50016, 0.49984))
({x26}, (0.500285, 0.499715))
({x27}, (0.498076, 0.501924))
({x28}, (0.495445, 0.504555))
({x29}, (0.489658, 0.510342))
({x30}, (0.489229, 0.510771))
({x31}, (0.500416, 0.499584))
({x32}, (0.499678, 0.500322))
({x33}, (0.499632, 0.500368))
({x34}, (0.49935, 0.50065))
({x35}, (0.498412, 0.501588))
({x36}, (0.501117, 0.498883))
({x37}, (0.501916, 0.498084))
({x38}, (0.50174, 0.49826))
({x39}, (0.510107, 0.489893))
({x40}, (0.49677, 0.50323))
({x41}, (0.499614, 0.500386))
({x42}, (0.500065, 0.499935))
({x43}, (0.499921, 0.500079))
({x44}, (0.499761, 0.500239))
({x45}, (0.501085, 0.498915))
({x46}, (0.49929, 0.50071))
({x47}, (0.501859, 0.498141))
({x48}, (0.502851, 0.497149))
({x49}, (0.495214, 0.504786))
({x50}, (0.500895, 0.499105))
({x51}, (0.499215, 0.500785))
({x52}, (0.500202, 0.499798))
({x53}, (0.499689, 0.500311))
({x54}, (0.499863, 0.500137))
({x55}, (0.500997, 0.499003))
({x56}, (0.498872, 0.501128))
({x57}, (0.50185, 0.49815))
({x58}, (0.494084, 0.505916))
({x59}, (0.507926, 0.492074))
({x60}, (0.500279, 0.499721))
({x61}, (0.500749, 0.499251))
({x62}, (0.500006, 0.499994))
({x63}, (0.500156, 0.499844))
({x64}, (0.498931, 0.501069))
({x65}, (0.498321, 0.501679))
({x66}, (0.498166, 0.501834))
({x67}, (0.497531, 0.502469))
({x68}, (0.502843, 0.497157))
({x69}, (0.504066, 0.495934))
({x70}, (0.494986, 0.505014))
({x71}, (0.496073, 0.503927))
({x72}, (0.494199, 0.505801))
({x73}, (0.499866, 0.500134))
({x74}, (0.49912, 0.50088))
({x75}, (0.50213, 0.49787))
({x76}, (0.500824, 0.499176))
({x77}, (0.498174, 0.501826))
({x78}, (0.498845, 0.501155))
({x79}, (0.501319, 0.498681))
({x80}, (0.49444, 0.50556))
({x81}, (0.494311, 0.505689))
({x82}, (0.494932, 0.505068))
({x83}, (0.498187, 0.501813))
({x84}, (0.497866, 0.502134))
({x85}, (0.495827, 0.504173))
({x86}, (0.500212, 0.499788))
({x87}, (0.499511, 0.500489))
({x88}, (0.500864, 0.499136))
({x89}, (0.498656, 0.501344))
({x90}, (0.493765, 0.506235))
({x91}, (0.494282, 0.505718))
({x92}, (0.494801, 0.505199))
({x93}, (0.503055, 0.496945))
({x94}, (0.496516, 0.503484))
({x95}, (0.495778, 0.504222))
({x96}, (0.499929, 0.500071))
({x97}, (0.499729, 0.500271))
({x98}, (0.500616, 0.499384))
({x99}, (0.490705, 0.509295))
({x0, x1}, (0.198917, 0.301221, 0.289064, 0.210799))
({x0, x10}, (0.000489181, 0.493326, 0.487492, 0.0186931))
({x1, x2}, (0.000994371, 0.499697, 0.499242, 6.62342e-05))
({x1, x11}, (3.87755e-05, 0.499772, 0.500075, 0.000114757))
({x2, x3}, (0.500218, 8.36047e-05, 0.000353599, 0.499345))
({x2, x12}, (0.50011, 6.71213e-05, 0.000471124, 0.499352))
({x3, x4}, (0.499997, 6.35703e-05, 0.000270072, 0.499669))
({x3, x13}, (0.000212283, 0.499613, 0.50006, 0.000114745))
({x4, x5}, (0.000437098, 0.49997, 0.499586, 6.85267e-06))
({x4, x14}, (0.499527, 0.000403116, 0.000564983, 0.499505))
({x5, x6}, (0.500426, 0.000926402, 4.08016e-05, 0.498607))
({x5, x15}, (0.499636, 1.06019e-05, 0.0007725, 0.499581))
({x6, x7}, (0.501384, 0.0298006, 3.73672e-06, 0.468811))
({x6, x16}, (0.000183445, 0.498514, 0.50124, 6.24347e-05))
({x7, x8}, (0.530984, 0.00597619, 0.000202068, 0.462838))
({x7, x17}, (0.502081, 6.21196e-05, 0.0291032, 0.468754))
({x8, x9}, (0.536918, 0.000404084, 4.36012e-05, 0.462634))
({x8, x18}, (0.0400917, 0.462018, 0.49687, 0.00102061))
({x9, x19}, (0.51172, 0.0011327, 0.0256038, 0.461544))
({x10, x11}, (0.491736, 0.00809855, 0.00208036, 0.498085))
({x10, x20}, (0.486286, 0.00351032, 0.00752856, 0.502675))
({x11, x12}, (0.000491163, 0.499687, 0.499357, 0.000464859))
({x11, x21}, (0.00101316, 0.499853, 0.498843, 0.000290935))
({x12, x13}, (0.00025216, 0.499581, 0.499914, 0.000253035))
({x12, x22}, (0.000600997, 0.498971, 0.499534, 0.000893716))
({x13, x14}, (3.83862e-05, 0.499948, 0.499807, 0.000207292))
({x13, x23}, (0.000222264, 0.500091, 0.499585, 0.00010167))
({x14, x15}, (0.499539, 0.000109496, 0.000407629, 0.499944))
({x14, x24}, (0.499803, 4.15426e-05, 0.00018898, 0.499966))
({x15, x16}, (0.498685, 1.86068e-05, 0.000898364, 0.500398))
({x15, x25}, (0.499399, 0.000798801, 0.000186392, 0.499616))
({x16, x17}, (0.00236676, 0.499783, 0.496306, 0.00154359))
({x16, x26}, (2.06863e-05, 0.500194, 0.498573, 0.00121316))
({x17, x18}, (0.502076, 3.21222e-05, 6.51265e-05, 0.497826))
({x17, x27}, (0.000214355, 0.497854, 0.50192, 1.177e-05))
({x18, x19}, (0.0149718, 0.497882, 0.487136, 9.79331e-06))
({x18, x28}, (0.494695, 0.000751103, 0.00741294, 0.497141))
({x19, x29}, (0.00261663, 0.487042, 0.510238, 0.000103064))
({x20, x21}, (0.488118, 0.012726, 0.00167937, 0.497477))
({x20, x30}, (0.487584, 0.00164575, 0.00221167, 0.508559))
({x21, x22}, (0.000758795, 0.498821, 0.500062, 0.000358008))
({x21, x31}, (0.500097, 0.000308397, 0.000757063, 0.498837))
({x22, x23}, (0.475644, 0.0246932, 0.023957, 0.475706))
({x22, x32}, (0.498925, 0.00068648, 0.000743757, 0.499644))
({x23, x24}, (0.499918, 4.77837e-06, 0.00035842, 0.499718))
({x23, x33}, (0.499113, 0.000364718, 0.0013861, 0.499136))
({x24, x25}, (0.000198858, 0.499909, 0.499612, 0.000280387))
({x24, x34}, (0.49894, 0.000371917, 0.000961518, 0.499727))
({x25, x26}, (0.000848831, 0.499419, 0.499296, 0.000435802))
({x25, x35}, (7.63926e-07, 0.498482, 0.500228, 0.00128905))
({x26, x27}, (0.00279346, 0.495273, 0.497482, 0.0044515))
({x26, x36}, (0.00177027, 0.499459, 0.498629, 0.000141214))
({x27, x28}, (0.00188378, 0.493565, 0.496194, 0.00835664))
({x27, x37}, (4.48827e-05, 0.501877, 0.498037, 4.1129e-05))
({x28, x29}, (0.488504, 0.00115377, 0.0069431, 0.503399))
({x28, x38}, (0.00181175, 0.499926, 0.493631, 0.00463215))
({x29, x39}, (0.000141832, 0.509965, 0.489516, 0.000376711))
({x30, x31}, (0.00218059, 0.498235, 0.487049, 0.0125357))
({x30, x40}, (0.000121695, 0.496647, 0.489107, 0.0141249))
({x31, x32}, (0.00616395, 0.493508, 0.494246, 0.00608263))
({x31, x41}, (0.499579, 2.74106e-05, 0.000845052, 0.499548))
({x32, x33}, (0.499606, 7.38818e-05, 2.65801e-05, 0.500294))
({x32, x42}, (0.499761, 0.000217467, 2.52522e-06, 0.500019))
({x33, x34}, (0.49922, 0.000166175, 0.000377671, 0.500236))
({x33, x43}, (0.499686, 0.000173685, 8.88326e-06, 0.500132))
({x34, x35}, (0.498388, 1.31152e-05, 0.000974163, 0.500625))
({x34, x44}, (1.692e-05, 0.499723, 0.499311, 0.000949107))
({x35, x36}, (0.000146103, 0.500905, 0.498206, 0.0007426))
({x35, x45}, (0.000293403, 0.500828, 0.498158, 0.000720545))
({x36, x37}, (0.00422847, 0.497726, 0.496923, 0.00112275))
({x36, x46}, (0.00038055, 0.498854, 0.500685, 8.03751e-05))
({x37, x38}, (0.501684, 8.41828e-05, 0.000202935, 0.498029))
({x37, x47}, (0.264478, 0.237377, 0.237437, 0.260709))
({x38, x39}, (0.0118268, 0.498269, 0.489903, 3.72641e-07))
({x38, x48}, (0.499321, 0.00360972, 0.00233823, 0.494731))
({x39, x49}, (0.495188, 9.40666e-06, 0.0149366, 0.489866))
({x40, x41}, (0.493106, 0.00651005, 0.00366249, 0.496721))
({x40, x50}, (0.49416, 0.00673281, 0.00261178, 0.496495))
({x41, x42}, (0.000124232, 0.499953, 0.499505, 0.000417775))
({x41, x51}, (0.498932, 0.000287867, 0.000678943, 0.500101))
({x42, x43}, (8.27977e-05, 0.499862, 0.500006, 4.93219e-05))
({x42, x52}, (0.499969, 0.000127017, 0.000201979, 0.499702))
({x43, x44}, (5.94618e-05, 0.499765, 0.49993, 0.000245354))
({x43, x53}, (0.499648, 7.79099e-05, 0.000233562, 0.50004))
({x44, x45}, (0.000757256, 0.500281, 0.498959, 2.32044e-06))
({x44, x54}, (0.499614, 0.000278883, 0.000115139, 0.499992))
({x45, x46}, (0.00103779, 0.498332, 0.500138, 0.000492635))
({x45, x55}, (0.501, 2.51768e-05, 5.35149e-05, 0.498921))
({x46, x47}, (0.000852988, 0.500862, 0.498285, 5.80008e-07))
({x46, x56}, (8.88516e-10, 0.499425, 0.499831, 0.000743943))
({x47, x48}, (0.501861, 0.000892323, 8.87831e-05, 0.497158))
({x47, x57}, (0.501619, 0.000209447, 0.000257299, 0.497914))
({x48, x49}, (0.000205779, 0.49501, 0.50265, 0.00213391))
({x48, x58}, (0.000620634, 0.493564, 0.50233, 0.00348485))
({x49, x59}, (0.335442, 0.172485, 0.15977, 0.332302))
({x50, x51}, (0.498738, 0.000466676, 0.0021692, 0.498626))
({x50, x60}, (0.49865, 0.00165103, 0.00222361, 0.497475))
({x51, x52}, (0.498738, 0.00149205, 0.000450511, 0.499319))
({x51, x61}, (5.10727e-05, 0.500714, 0.499183, 5.23302e-05))
({x52, x53}, (7.45647e-05, 0.499589, 0.5001, 0.000236614))
({x52, x62}, (0.000446675, 0.499615, 0.499812, 0.000125977))
({x53, x54}, (0.499575, 0.000258233, 0.000144465, 0.500023))
({x53, x63}, (0.499382, 0.000915277, 0.000176396, 0.499527))
({x54, x55}, (0.499884, 0.00108932, 1.43934e-06, 0.499025))
({x54, x64}, (0.498975, 5.29432e-07, 0.000845019, 0.50018))
({x55, x56}, (0.000249585, 0.498603, 0.500729, 0.000418976))
({x55, x65}, (0.000229744, 0.498092, 0.500769, 0.000909744))
({x56, x57}, (0.000733186, 0.5011, 0.498116, 5.13149e-05))
({x56, x66}, (0.49818, 8.85625e-05, 0.00058254, 0.501149))
({x57, x58}, (0.000229441, 0.493924, 0.501687, 0.00416036))
({x57, x67}, (0.497073, 0.00035356, 0.00488115, 0.497693))
({x58, x59}, (0.00215098, 0.505747, 0.491908, 0.000194683))
({x58, x68}, (0.000208677, 0.502524, 0.493773, 0.00349426))
({x59, x69}, (0.503878, 0.000100328, 0.00413716, 0.491884))
({x60, x61}, (0.00228237, 0.498512, 0.498044, 0.00116136))
({x60, x70}, (1.83778e-05, 0.494907, 0.500203, 0.00487198))
({x61, x62}, (0.000554496, 0.499351, 0.500092, 1.85941e-06))
({x61, x71}, (0.495281, 0.00073082, 0.00552684, 0.498461))
({x62, x63}, (0.499707, 0.000444595, 0.000313716, 0.499535))
({x62, x72}, (0.351919, 0.142277, 0.148088, 0.357716))
({x63, x64}, (9.52851e-05, 0.498704, 0.499941, 0.00126027))
({x63, x73}, (0.000441286, 0.499485, 0.499778, 0.000296576))
({x64, x65}, (0.498248, 0.000177602, 0.000579623, 0.500995))
({x64, x74}, (0.498982, 4.11721e-05, 5.2836e-05, 0.500924))
({x65, x66}, (0.498168, 4.92199e-05, 9.32019e-05, 0.501689))
({x65, x75}, (0.000588169, 0.501539, 0.497732, 0.000140246))
({x66, x67}, (0.496956, 0.000660599, 0.00111946, 0.501264))
({x66, x76}, (0.000472518, 0.500237, 0.497573, 0.00171784))
({x67, x68}, (0.497535, 0.00529569, 1.76783e-07, 0.497169))
({x67, x77}, (0.49678, 0.00147138, 0.000670697, 0.501078))
({x68, x69}, (0.501378, 0.00268239, 0.00147045, 0.494469))
({x68, x78}, (0.498476, 0.000279934, 0.00445353, 0.496791))
({x69, x79}, (0.00553647, 0.495856, 0.498603, 4.76668e-06))
({x70, x71}, (0.493394, 0.00267926, 0.00159358, 0.502333))
({x70, x80}, (0.492383, 0.00200784, 0.00264749, 0.502961))
({x71, x72}, (3.19515e-07, 0.494158, 0.496035, 0.00980715))
({x71, x81}, (0.492591, 0.00164909, 0.00355706, 0.502203))
({x72, x73}, (0.493297, 0.00658718, 0.000885978, 0.49923))
({x72, x82}, (0.490416, 0.00449513, 0.00380311, 0.501286))
({x73, x74}, (1.1703e-08, 0.499279, 0.500033, 0.000687629))
({x73, x83}, (0.498481, 3.05797e-09, 0.00110122, 0.500418))
({x74, x75}, (0.00151022, 0.50059, 0.497586, 0.000313123))
({x74, x84}, (0.497834, 1.88347e-05, 0.00129777, 0.500849))
({x75, x76}, (0.499398, 0.00139841, 0.0027548, 0.496449))
({x75, x85}, (0.0586055, 0.437221, 0.44352, 0.0606538))
({x76, x77}, (0.497793, 0.000266656, 0.00314172, 0.498799))
({x76, x86}, (0.00367678, 0.496578, 0.497188, 0.00255696))
({x77, x78}, (0.494629, 0.00416014, 0.00360633, 0.497605))
({x77, x87}, (0.00221253, 0.497234, 0.495891, 0.00466214))
({x78, x79}, (0.000214747, 0.501118, 0.498647, 2.0637e-05))
({x78, x88}, (4.66051e-05, 0.500887, 0.498869, 0.000197409))
({x79, x89}, (4.15382e-05, 0.498562, 0.501229, 0.000167593))
({x80, x81}, (0.482115, 0.01219, 0.0123307, 0.493365))
({x80, x90}, (0.49184, 0.00188573, 0.0026408, 0.503633))
({x81, x82}, (1.10217e-06, 0.494854, 0.494236, 0.0109091))
({x81, x91}, (0.494211, 2.00649e-05, 0.000150147, 0.505619))
({x82, x83}, (0.495025, 0.00306017, 1.22741e-05, 0.501903))
({x82, x92}, (0.494363, 0.000424286, 0.000581502, 0.504631))
({x83, x84}, (0.497594, 0.000335303, 0.000527956, 0.501543))
({x83, x93}, (0.00116224, 0.501808, 0.496939, 9.08921e-05))
({x84, x85}, (0.493892, 0.00196696, 0.00394276, 0.500199))
({x84, x94}, (0.496491, 5.15754e-05, 0.00134652, 0.502111))
({x85, x86}, (0.304456, 0.195756, 0.191371, 0.308417))
({x85, x95}, (0.495736, 6.37809e-05, 6.98029e-05, 0.50413))
({x86, x87}, (1.36905e-05, 0.499584, 0.500282, 0.000119807))
({x86, x96}, (1.97989e-05, 0.499813, 0.500095, 7.2435e-05))
({x87, x88}, (0.000184602, 0.500583, 0.499228, 3.72399e-06))
({x87, x97}, (0.499554, 0.000127712, 5.07165e-06, 0.500313))
({x88, x89}, (8.2374e-07, 0.498755, 0.500964, 0.000280137))
({x88, x98}, (0.500648, 1.2427e-05, 0.000169757, 0.49917))
({x89, x99}, (0.469248, 0.0214684, 0.0293973, 0.479887))
({x90, x91}, (0.493656, 0.000592128, 0.00014444, 0.505607))
({x91, x92}, (0.49418, 0.000537584, 0.000189125, 0.505094))
({x92, x93}, (0.000107178, 0.503042, 0.494789, 0.00206222))
({x93, x94}, (0.000337391, 0.496163, 0.502698, 0.000801134))
({x94, x95}, (0.485316, 0.0104679, 0.011193, 0.493023))
({x95, x96}, (0.493592, 0.00636991, 0.00215441, 0.497884))
({x96, x97}, (8.7318e-06, 0.499809, 0.500008, 0.000174963))
({x97, x98}, (0.000214299, 0.500335, 0.499448, 2.78071e-06))
({x98, x99}, (0.46987, 0.020832, 0.0307513, 0.478546))
