Approximate (TRWBP) log partition sum: 355.788
Approximate (TRWBP) variable marginals:
({x0}, (0.598136, 0.401864))
({x1}, (0.419696, 0.580304))
({x2}, (0.300763, 0.699237))
({x3}, (0.328988, 0.671012))
({x4}, (0.375978, 0.624022))
({x5}, (0.426211, 0.573789))
({x6}, (0.58143, 0.41857))
({x7}, (0.407544, 0.592456))
({x8}, (0.448048, 0.551952))
({x9}, (0.583396, 0.416604))
({x10}, (0.437872, 0.562128))
({x11}, (0.466198, 0.533802))
({x12}, (0.430847, 0.569153))
({x13}, (0.440245, 0.559755))
({x14}, (0.454623, 0.545377))
({x15}, (0.548339, 0.451661))
({x16}, (0.582533, 0.417467))
({x17}, (0.531928, 0.468072))
({x18}, (0.508314, 0.491686))
({x19}, (0.517137, 0.482863))
({x20}, (0.518973, 0.481027))
({x21}, (0.479958, 0.520042))
({x22}, (0.459918, 0.540082))
({x23}, (0.468647, 0.531353))
({x24}, (0.493792, 0.506208))
({x25}, (0.586409, 0.413591))
({x26}, (0.364336, 0.635664))
({x27}, (0.624694, 0.375306))
({x28}, (0.505716, 0.494284))
({x29}, (0.45833, 0.54167))
({x30}, (0.565603, 0.434397))
({x31}, (0.596183, 0.403817))
({x32}, (0.452617, 0.547383))
({x33}, (0.432548, 0.567452))
({x34}, (0.445535, 0.554465))
({x35}, (0.431937, 0.568063))
({x36}, (0.68783, 0.31217))
({x37}, (0.332547, 0.667453))
({x38}, (0.348666, 0.651334))
({x39}, (0.422936, 0.577064))
({x40}, (0.628659, 0.371341))
({x41}, (0.611984, 0.388016))
({x42}, (0.630246, 0.369754))
({x43}, (0.724704, 0.275296))
({x44}, (0.427821, 0.572179))
({x45}, (0.669208, 0.330792))
({x46}, (0.270275, 0.729725))
({x47}, (0.255833, 0.744167))
({x48}, (0.706457, 0.293543))
({x49}, (0.404627, 0.595373))
({x50}, (0.327404, 0.672596))
({x51}, (0.322214, 0.677786))
({x52}, (0.7136, 0.2864))
({x53}, (0.797303, 0.202697))
({x54}, (0.197909, 0.802091))
({x55}, (0.785877, 0.214123))
({x56}, (0.284982, 0.715018))
({x57}, (0.741262, 0.258738))
({x58}, (0.340434, 0.659566))
({x59}, (0.601737, 0.398263))
({x60}, (0.645263, 0.354737))
({x61}, (0.691331, 0.308669))
({x62}, (0.270217, 0.729783))
({x63}, (0.547176, 0.452824))
({x64}, (0.508522, 0.491478))
({x65}, (0.272538, 0.727462))
({x66}, (0.672877, 0.327123))
({x67}, (0.616833, 0.383167))
({x68}, (0.548848, 0.451152))
({x69}, (0.410226, 0.589774))
({x70}, (0.237269, 0.762731))
({x71}, (0.284107, 0.715893))
({x72}, (0.749755, 0.250245))
({x73}, (0.407838, 0.592162))
({x74}, (0.546244, 0.453756))
({x75}, (0.350358, 0.649642))
({x76}, (0.583221, 0.416779))
({x77}, (0.412648, 0.587352))
({x78}, (0.482915, 0.517085))
({x79}, (0.43858, 0.56142))
({x80}, (0.756389, 0.243611))
({x81}, (0.734944, 0.265056))
({x82}, (0.241116, 0.758884))
({x83}, (0.479715, 0.520285))
({x84}, (0.53048, 0.46952))
({x85}, (0.660564, 0.339436))
({x86}, (0.566473, 0.433527))
({x87}, (0.588068, 0.411932))
({x88}, (0.407877, 0.592123))
({x89}, (0.411663, 0.588337))
({x90}, (0.26941, 0.73059))
({x91}, (0.25197, 0.74803))
({x92}, (0.752613, 0.247387))
({x93}, (0.46519, 0.53481))
({x94}, (0.53562, 0.46438))
({x95}, (0.44671, 0.55329))
({x96}, (0.556532, 0.443468))
({x97}, (0.409091, 0.590909))
({x98}, (0.601534, 0.398466))
({x99}, (0.648599, 0.351401))
Approximate (TRWBP) factor marginals:
({x0}, (0.598136, 0.401864))
({x1}, (0.419696, 0.580304))
({x2}, (0.300763, 0.699237))
({x3}, (0.328988, 0.671012))
({x4}, (0.375978, 0.624022))
({x5}, (0.426211, 0.573789))
({x6}, (0.58143, 0.41857))
({x7}, (0.407544, 0.592456))
({x8}, (0.448048, 0.551952))
({x9}, (0.583396, 0.416604))
({x10}, (0.437872, 0.562128))
({x11}, (0.466198, 0.533802))
({x12}, (0.430847, 0.569153))
({x13}, (0.440245, 0.559755))
({x14}, (0.454623, 0.545377))
({x15}, (0.548339, 0.451661))
({x16}, (0.582533, 0.417467))
({x17}, (0.531928, 0.468072))
({x18}, (0.508314, 0.491686))
({x19}, (0.517137, 0.482863))
({x20}, (0.518973, 0.481027))
({x21}, (0.479958, 0.520042))
({x22}, (0.459918, 0.540082))
({x23}, (0.468647, 0.531353))
({x24}, (0.493792, 0.506208))
({x25}, (0.586409, 0.413591))
({x26}, (0.364336, 0.635664))
({x27}, (0.624694, 0.375306))
({x28}, (0.505716, 0.494284))
({x29}, (0.45833, 0.54167))
({x30}, (0.565603, 0.434397))
({x31}, (0.596183, 0.403817))
({x32}, (0.452617, 0.547383))
({x33}, (0.432548, 0.567452))
({x34}, (0.445535, 0.554465))
({x35}, (0.431937, 0.568063))
({x36}, (0.68783, 0.31217))
({x37}, (0.332547, 0.667453))
({x38}, (0.348666, 0.651334))
({x39}, (0.422936, 0.577064))
({x40}, (0.628659, 0.371341))
({x41}, (0.611984, 0.388016))
({x42}, (0.630246, 0.369754))
({x43}, (0.724704, 0.275296))
({x44}, (0.427821, 0.572179))
({x45}, (0.669208, 0.330792))
({x46}, (0.270275, 0.729725))
({x47}, (0.255833, 0.744167))
({x48}, (0.706457, 0.293543))
({x49}, (0.404627, 0.595373))
({x50}, (0.327404, 0.672596))
({x51}, (0.322214, 0.677786))
({x52}, (0.7136, 0.2864))
({x53}, (0.797303, 0.202697))
({x54}, (0.197909, 0.802091))
({x55}, (0.785877, 0.214123))
({x56}, (0.284982, 0.715018))
({x57}, (0.741262, 0.258738))
({x58}, (0.340434, 0.659566))
({x59}, (0.601737, 0.398263))
({x60}, (0.645263, 0.354737))
({x61}, (0.691331, 0.308669))
({x62}, (0.270217, 0.729783))
({x63}, (0.547176, 0.452824))
({x64}, (0.508522, 0.491478))
({x65}, (0.272538, 0.727462))
({x66}, (0.672877, 0.327123))
({x67}, (0.616833, 0.383167))
({x68}, (0.548848, 0.451152))
({x69}, (0.410226, 0.589774))
({x70}, (0.237269, 0.762731))
({x71}, (0.284107, 0.715893))
({x72}, (0.749755, 0.250245))
({x73}, (0.407838, 0.592162))
({x74}, (0.546244, 0.453756))
({x75}, (0.350358, 0.649642))
({x76}, (0.583221, 0.416779))
({x77}, (0.412648, 0.587352))
({x78}, (0.482915, 0.517085))
({x79}, (0.43858, 0.56142))
({x80}, (0.756389, 0.243611))
({x81}, (0.734944, 0.265056))
({x82}, (0.241116, 0.758884))
({x83}, (0.479715, 0.520285))
({x84}, (0.53048, 0.46952))
({x85}, (0.660564, 0.339436))
({x86}, (0.566473, 0.433527))
({x87}, (0.588068, 0.411932))
({x88}, (0.407877, 0.592123))
({x89}, (0.411663, 0.588337))
({x90}, (0.26941, 0.73059))
({x91}, (0.25197, 0.74803))
({x92}, (0.752613, 0.247387))
({x93}, (0.46519, 0.53481))
({x94}, (0.53562, 0.46438))
({x95}, (0.44671, 0.55329))
({x96}, (0.556532, 0.443468))
({x97}, (0.409091, 0.590909))
({x98}, (0.601534, 0.398466))
({x99}, (0.648599, 0.351401))
({x0, x1}, (0.503624, 2.51139e-26, 2.26902e-34, 0.496376))
({x0, x10}, (0.000666152, 0.398593, 0.600707, 3.3895e-05))
({x1, x2}, (0.28301, 0.000264412, 0.0999469, 0.616779))
({x1, x11}, (0.413275, 0.000187608, 0.000579385, 0.585958))
({x2, x3}, (0.280594, 0.0256805, 1.40385e-09, 0.693725))
({x2, x12}, (0.267073, 0.0884281, 0.0343391, 0.61016))
({x3, x4}, (0.306026, 0.037856, 1.3136e-20, 0.656118))
({x3, x13}, (0.295078, 0.0828771, 0.0345521, 0.587492))
({x4, x5}, (2.03627e-09, 0.540413, 0.459581, 5.89463e-06))
({x4, x14}, (0.356589, 0.0108697, 0.0164787, 0.616063))
({x5, x6}, (0.000615733, 0.583264, 0.413996, 0.00212442))
({x5, x15}, (0.506463, 1.20065e-46, 1.29502e-21, 0.493537))
({x6, x7}, (0.00145044, 0.404683, 0.593646, 0.000220782))
({x6, x16}, (0.59076, 0.0134743, 0.00487787, 0.390888))
({x7, x8}, (0.0949033, 0.356236, 0.31067, 0.23819))
({x7, x17}, (0.00273579, 0.556916, 0.438647, 0.00170157))
({x8, x9}, (0.0287695, 0.552464, 0.41716, 0.00160732))
({x8, x18}, (8.32367e-10, 0.463218, 0.416421, 0.120361))
({x9, x19}, (0.468203, 9.65432e-06, 0.149011, 0.382776))
({x10, x11}, (3.59753e-27, 0.514, 0.486, 2.96894e-37))
({x10, x20}, (0.00213023, 0.570409, 0.423332, 0.004129))
({x11, x12}, (2.15346e-17, 0.481161, 0.518839, 3.01715e-29))
({x11, x21}, (0.00101157, 0.544295, 0.454256, 0.00043715))
({x12, x13}, (1.58494e-06, 0.506462, 0.493537, 2.36726e-09))
({x12, x22}, (0.000306293, 0.568068, 0.431286, 0.000340117))
({x13, x14}, (0.402782, 0.00105554, 2.26159e-14, 0.596163))
({x13, x23}, (0.140044, 0.481437, 0.301573, 0.0769464))
({x14, x15}, (0.00932835, 0.575034, 0.390182, 0.025455))
({x14, x24}, (0.000704648, 0.581499, 0.417765, 3.21081e-05))
({x15, x16}, (0.596004, 0.000256743, 0.00131641, 0.402422))
({x15, x25}, (0.595472, 0.000804425, 0.000522345, 0.403201))
({x16, x17}, (0.565555, 1.81445e-13, 3.76221e-10, 0.434445))
({x16, x26}, (0.000454472, 0.372525, 0.626296, 0.000723764))
({x17, x18}, (0.485861, 0.00677763, 0.0379581, 0.469403))
({x17, x27}, (0.574753, 1.50646e-10, 6.92731e-15, 0.425247))
({x18, x19}, (0.496357, 0.0012082, 0.00593439, 0.4965))
({x18, x28}, (0.496144, 5.89519e-14, 9.85834e-10, 0.503856))
({x19, x29}, (0.00569261, 0.471801, 0.505422, 0.0170837))
({x20, x21}, (0.537902, 0.00421499, 0.000297257, 0.457586))
({x20, x30}, (0.570916, 0.00410148, 0.00543717, 0.419546))
({x21, x22}, (0.526733, 0.00105261, 0.000353069, 0.471861))
({x21, x31}, (1.00886e-23, 0.54237, 0.45763, 2.96816e-16))
({x22, x23}, (0.537045, 0.000126158, 0.000698879, 0.46213))
({x22, x32}, (0.439644, 1.61689e-07, 0.00748693, 0.552869))
({x23, x24}, (0.559446, 1.68578e-35, 1.16468e-35, 0.440554))
({x23, x33}, (0.53654, 0.00136806, 0.00025286, 0.461839))
({x24, x25}, (9.03985e-46, 0.517596, 0.482404, 4.19417e-27))
({x24, x34}, (0.547886, 0.00155807, 0.000854687, 0.449701))
({x25, x26}, (1.64239e-08, 0.374233, 0.625767, 2.2351e-09))
({x25, x35}, (0.494225, 2.5802e-21, 8.31923e-31, 0.505775))
({x26, x27}, (0.000338774, 0.635277, 0.362863, 0.00152078))
({x26, x36}, (0.000992289, 0.664381, 0.334042, 0.000584428))
({x27, x28}, (0.539845, 5.12343e-18, 0.0430944, 0.41706))
({x27, x37}, (0.480549, 0.000441129, 3.74534e-13, 0.519009))
({x28, x29}, (0.0313152, 0.452077, 0.478324, 0.0382833))
({x28, x38}, (0.415619, 0.0353518, 3.92066e-08, 0.549029))
({x29, x39}, (0.44018, 0.00195248, 0.0215653, 0.536303))
({x30, x31}, (0.600425, 0.00058979, 0.000577386, 0.398408))
({x30, x40}, (0.613198, 6.52415e-36, 4.78437e-38, 0.386802))
({x31, x32}, (0.481803, 6.89889e-31, 1.29357e-28, 0.518197))
({x31, x41}, (0.615705, 8.3961e-05, 0.000311379, 0.383899))
({x32, x33}, (0.000162507, 0.584701, 0.412722, 0.0024147))
({x32, x42}, (0.00161808, 0.679284, 0.319006, 9.12638e-05))
({x33, x34}, (0.526996, 4.59299e-05, 0.000508858, 0.472449))
({x33, x43}, (0.672756, 1.3831e-42, 3.92186e-62, 0.327244))
({x34, x35}, (0.0194188, 0.406013, 0.565573, 0.0089949))
({x34, x44}, (0.00193107, 0.42107, 0.576729, 0.000269988))
({x35, x36}, (0.534417, 0.000148049, 1.33671e-05, 0.465421))
({x35, x45}, (4.09865e-28, 0.666267, 0.333733, 8.18586e-17))
({x36, x37}, (3.70579e-05, 0.329515, 0.670009, 0.000438715))
({x36, x46}, (0.000757099, 0.295892, 0.703159, 0.000191675))
({x37, x38}, (0.355794, 1.10858e-18, 0.00126574, 0.64294))
({x37, x47}, (0.305422, 2.9963e-11, 2.06121e-10, 0.694578))
({x38, x39}, (0.0040996, 0.530597, 0.465303, 3.05982e-12))
({x38, x48}, (0.000494059, 0.659216, 0.33627, 0.00402014))
({x39, x49}, (0.421963, 1.07247e-05, 0.00160934, 0.576417))
({x40, x41}, (0.626025, 0.00197402, 0.00105067, 0.37095))
({x40, x50}, (7.47984e-21, 0.347916, 0.652084, 8.30695e-44))
({x41, x42}, (0.656252, 0.0357983, 6.80561e-05, 0.307881))
({x41, x51}, (0.461918, 0.00128615, 3.00887e-16, 0.536796))
({x42, x43}, (0.756979, 0.000539768, 0.000475649, 0.242006))
({x42, x52}, (0.733814, 0.0132529, 0.0202731, 0.23266))
({x43, x44}, (0.602245, 2.86517e-50, 4.0928e-48, 0.397755))
({x43, x53}, (0.814486, 0.00150983, 9.11349e-05, 0.183913))
({x44, x45}, (0.000382659, 0.666814, 0.33224, 0.000563043))
({x44, x54}, (0.000162668, 0.188615, 0.40544, 0.405782))
({x45, x46}, (1.04872e-05, 0.284573, 0.715209, 0.00020757))
({x45, x55}, (0.761832, 1.84837e-25, 1.50957e-23, 0.238168))
({x46, x47}, (0.266117, 0.00680955, 0.00535227, 0.721721))
({x46, x56}, (0.290897, 3.91439e-09, 3.55635e-11, 0.709103))
({x47, x48}, (0.00664121, 0.70191, 0.279048, 0.0124011))
({x47, x57}, (0.000485601, 0.728011, 0.27141, 9.38066e-05))
({x48, x49}, (0.00031949, 0.358581, 0.6411, 1.8003e-22))
({x48, x58}, (0.00233722, 0.33345, 0.663208, 0.00100463))
({x49, x59}, (0.00467245, 0.591422, 0.403863, 4.247e-05))
({x50, x51}, (0.320614, 0.000167546, 0.00070901, 0.678509))
({x50, x60}, (0.000171431, 0.653333, 0.346175, 0.00032034))
({x51, x52}, (0.561122, 1.2624e-28, 4.26885e-28, 0.438878))
({x51, x61}, (0.000967894, 0.699613, 0.298659, 0.000759824))
({x52, x53}, (0.808277, 5.04877e-14, 6.97645e-14, 0.191723))
({x52, x62}, (0.000237623, 0.220389, 0.7793, 7.36279e-05))
({x53, x54}, (0.00957445, 0.156837, 0.832057, 0.00153147))
({x53, x63}, (0.714772, 7.3132e-15, 8.39196e-15, 0.285228))
({x54, x55}, (0.00280584, 0.817156, 0.169424, 0.0106144))
({x54, x64}, (1.42563e-17, 0.696726, 0.303274, 2.8566e-31))
({x55, x56}, (1.4519e-19, 0.242775, 0.757225, 5.63324e-17))
({x55, x65}, (0.000144352, 0.216827, 0.782654, 0.000375312))
({x56, x57}, (0.0114947, 0.700016, 0.280789, 0.0077))
({x56, x66}, (0.00410457, 0.669703, 0.32378, 0.00241298))
({x57, x58}, (8.37959e-25, 0.316226, 0.683774, 1.26627e-26))
({x57, x67}, (0.659524, 0.000329478, 5.45777e-05, 0.340092))
({x58, x59}, (6.13737e-19, 0.619308, 0.380692, 3.45612e-18))
({x58, x68}, (0.442737, 2.51387e-17, 8.19096e-10, 0.557263))
({x59, x69}, (0.000141238, 0.400777, 0.594449, 0.0046328))
({x60, x61}, (0.675525, 5.92234e-15, 7.07073e-17, 0.324475))
({x60, x70}, (0.415192, 7.08768e-16, 5.2807e-30, 0.584808))
({x61, x62}, (0.440934, 5.18004e-14, 1.22326e-15, 0.559066))
({x61, x71}, (0.000711108, 0.253986, 0.725928, 0.0193754))
({x62, x63}, (2.47509e-12, 0.677987, 0.322013, 1.27408e-12))
({x62, x72}, (0.000953568, 0.786772, 0.209249, 0.00302499))
({x63, x64}, (0.521686, 0.000412118, 0.00499043, 0.472912))
({x63, x73}, (5.9822e-13, 0.42404, 0.57596, 2.25015e-21))
({x64, x65}, (5.57274e-28, 0.360855, 0.639145, 1.35661e-53))
({x64, x74}, (0.00285307, 0.529911, 0.465346, 0.00188991))
({x65, x66}, (0.000227258, 0.704413, 0.29536, 3.02024e-07))
({x65, x75}, (0.28509, 0.000225004, 7.04431e-05, 0.714615))
({x66, x67}, (0.618137, 0.00298724, 0.00145585, 0.37742))
({x66, x76}, (3.6784e-35, 0.468552, 0.531448, 2.53097e-08))
({x67, x68}, (0.556718, 0.0012272, 0.0022653, 0.439789))
({x67, x77}, (0.495596, 4.45523e-16, 5.20345e-35, 0.504404))
({x68, x69}, (6.29316e-20, 0.438015, 0.561985, 3.50062e-09))
({x68, x78}, (0.495287, 8.40399e-05, 0.00122544, 0.503404))
({x69, x79}, (0.41164, 0.000722494, 0.0039956, 0.583642))
({x70, x71}, (0.231493, 0.00014948, 0.00119414, 0.767163))
({x70, x80}, (5.55913e-37, 0.776941, 0.223059, 7.81735e-37))
({x71, x72}, (0.00161116, 0.772025, 0.225971, 0.000393023))
({x71, x81}, (0.00023204, 0.758963, 0.240385, 0.000420301))
({x72, x73}, (5.3358e-09, 0.294128, 0.705872, 8.79398e-12))
({x72, x82}, (2.8754e-36, 0.217138, 0.782862, 3.7224e-42))
({x73, x74}, (0.00141644, 0.582193, 0.407002, 0.00938825))
({x73, x83}, (2.62525e-24, 0.540019, 0.459981, 4.79927e-19))
({x74, x75}, (0.000373344, 0.379505, 0.618722, 0.00139927))
({x74, x84}, (0.554045, 0.000195137, 0.000119509, 0.445641))
({x75, x76}, (0.000398932, 0.629205, 0.366689, 0.00370657))
({x75, x85}, (0.00793326, 0.665138, 0.323415, 0.0035138))
({x76, x77}, (0.00344134, 0.404524, 0.589804, 0.00223009))
({x76, x86}, (0.571802, 0.00405469, 0.0103061, 0.413837))
({x77, x78}, (0.0580456, 0.397681, 0.338959, 0.205315))
({x77, x87}, (8.63591e-05, 0.596936, 0.402813, 0.000164676))
({x78, x79}, (0.436919, 0.00496801, 0.00958111, 0.548532))
({x78, x88}, (0.429904, 1.61568e-27, 1.09514e-24, 0.570096))
({x79, x89}, (0.409689, 0.000523933, 0.000255443, 0.589532))
({x80, x81}, (0.768001, 0.000667545, 1.84432e-05, 0.231313))
({x80, x90}, (0.0149749, 0.240147, 0.74389, 0.000988279))
({x81, x82}, (0.00305409, 0.228282, 0.767693, 0.000970885))
({x81, x91}, (0.00551986, 0.234224, 0.759523, 0.000733677))
({x82, x83}, (3.44967e-17, 0.633611, 0.366389, 5.17423e-15))
({x82, x92}, (0.00312459, 0.754665, 0.226332, 0.0158784))
({x83, x84}, (0.000297031, 0.533848, 0.464925, 0.000930242))
({x83, x93}, (8.96873e-27, 0.493485, 0.506515, 1.94953e-25))
({x84, x85}, (5.00541e-10, 0.568502, 0.431498, 1.50479e-18))
({x84, x94}, (0.540837, 0.00233545, 0.00277675, 0.454051))
({x85, x86}, (5.12648e-34, 0.445273, 0.554727, 1.52123e-17))
({x85, x95}, (0.0210726, 0.372934, 0.605988, 5.55929e-06))
({x86, x87}, (0.583762, 9.00158e-06, 2.97382e-24, 0.416229))
({x86, x96}, (0.561647, 2.61465e-05, 0.00112137, 0.437205))
({x87, x88}, (6.60962e-06, 0.394231, 0.596337, 0.00942534))
({x87, x97}, (0.504931, 9.41494e-29, 1.17115e-18, 0.495069))
({x88, x89}, (0.395584, 7.49916e-06, 0.00175186, 0.602657))
({x88, x98}, (0.00581354, 0.603581, 0.390473, 0.000132789))
({x89, x99}, (0.0770383, 0.569234, 0.311955, 0.0417729))
({x90, x91}, (1.32899e-09, 0.478683, 0.521312, 4.72136e-06))
({x91, x92}, (3.18065e-39, 0.757549, 0.242451, 1.44792e-19))
({x92, x93}, (0.618726, 7.33091e-13, 4.8621e-12, 0.381274))
({x93, x94}, (0.000326311, 0.53994, 0.453303, 0.00643137))
({x94, x95}, (0.00747519, 0.443121, 0.547637, 0.00176676))
({x95, x96}, (0.00798357, 0.546598, 0.432801, 0.0126171))
({x96, x97}, (0.479846, 0.0010706, 0.000107265, 0.518976))
({x97, x98}, (0.00142853, 0.599883, 0.398297, 0.000391052))
({x98, x99}, (0.60519, 0.0516208, 3.85493e-14, 0.343189))
