Builtin inference algorithms: {BP, EXACT, FBP, JTREE, TRWBP}

Exact variable marginals:
({x0}, (0.118526, 0.881474))
({x1}, (0.897053, 0.102947))
({x2}, (0.899404, 0.100596))
({x3}, (0.919861, 0.0801393))
({x4}, (0.93877, 0.0612299))
({x5}, (0.941508, 0.0584922))
({x6}, (0.940493, 0.0595067))
({x7}, (0.918085, 0.0819146))
({x8}, (0.067273, 0.932727))
({x9}, (0.932582, 0.0674183))
({x10}, (0.983006, 0.0169938))
({x11}, (0.0169781, 0.983022))
({x12}, (0.0169744, 0.983026))
({x13}, (0.0169578, 0.983042))
({x14}, (0.982983, 0.0170165))
({x15}, (0.030197, 0.969803))
({x16}, (0.0692601, 0.93074))
({x17}, (0.913885, 0.086115))
({x18}, (0.922794, 0.0772062))
({x19}, (0.923484, 0.0765162))
({x20}, (0.0169782, 0.983022))
({x21}, (0.983023, 0.0169772))
({x22}, (0.983029, 0.0169712))
({x23}, (0.983038, 0.0169621))
({x24}, (0.98267, 0.0173303))
({x25}, (0.969294, 0.0307061))
({x26}, (0.206991, 0.793009))
({x27}, (0.876202, 0.123798))
({x28}, (0.922669, 0.0773312))
({x29}, (0.0889237, 0.911076))
({x30}, (0.982094, 0.0179062))
({x31}, (0.982563, 0.0174366))
({x32}, (0.0169767, 0.983023))
({x33}, (0.0174438, 0.982556))
({x34}, (0.0357545, 0.964246))
({x35}, (0.0595887, 0.940411))
({x36}, (0.875128, 0.124872))
({x37}, (0.123628, 0.876372))
({x38}, (0.858979, 0.141021))
({x39}, (0.65617, 0.34383))
({x40}, (0.0929313, 0.907069))
({x41}, (0.0936383, 0.906362))
({x42}, (0.981769, 0.0182314))
({x43}, (0.0174345, 0.982566))
({x44}, (0.985356, 0.014644))
({x45}, (0.0552409, 0.944759))
({x46}, (0.1533, 0.8467))
({x47}, (0.880954, 0.119046))
({x48}, (0.11093, 0.88907))
({x49}, (0.109083, 0.890917))
({x50}, (0.907111, 0.0928894))
({x51}, (0.901621, 0.0983791))
({x52}, (0.900182, 0.0998181))
({x53}, (0.247275, 0.752725))
({x54}, (0.877274, 0.122726))
({x55}, (0.158744, 0.841256))
({x56}, (0.162821, 0.837179))
({x57}, (0.163139, 0.836861))
({x58}, (0.891062, 0.108938))
({x59}, (0.889487, 0.110513))
({x60}, (0.193827, 0.806173))
({x61}, (0.0986689, 0.901331))
({x62}, (0.900642, 0.099358))
({x63}, (0.900664, 0.0993364))
({x64}, (0.945378, 0.0546218))
({x65}, (0.841538, 0.158462))
({x66}, (0.161916, 0.838084))
({x67}, (0.162411, 0.837589))
({x68}, (0.959745, 0.0402548))
({x69}, (0.851954, 0.148046))
({x70}, (0.710448, 0.289552))
({x71}, (0.289489, 0.710511))
({x72}, (0.798888, 0.201112))
({x73}, (0.501395, 0.498605))
({x74}, (0.00294144, 0.997059))
({x75}, (0.996453, 0.00354663))
({x76}, (0.817018, 0.182982))
({x77}, (0.925695, 0.0743049))
({x78}, (0.0696621, 0.930338))
({x79}, (0.147518, 0.852482))
({x80}, (0.4116, 0.5884))
({x81}, (0.380071, 0.619929))
({x82}, (0.760464, 0.239536))
({x83}, (0.792229, 0.207771))
({x84}, (0.00292741, 0.997073))
({x85}, (0.00357562, 0.996424))
({x86}, (0.00559359, 0.994406))
({x87}, (0.994401, 0.00559947))
({x88}, (0.0102882, 0.989712))
({x89}, (0.0461647, 0.953835))
({x90}, (0.358336, 0.641664))
({x91}, (0.343123, 0.656877))
({x92}, (0.339543, 0.660457))
({x93}, (0.337972, 0.662028))
({x94}, (0.00303412, 0.996966))
({x95}, (0.995057, 0.00494297))
({x96}, (0.0055927, 0.994407))
({x97}, (0.994402, 0.00559788))
({x98}, (0.00983722, 0.990163))
({x99}, (0.954064, 0.0459359))
Exact factor marginals:
({x0}, (0.118526, 0.881474))
({x1}, (0.897053, 0.102947))
({x2}, (0.899404, 0.100596))
({x3}, (0.919861, 0.0801393))
({x4}, (0.93877, 0.0612299))
({x5}, (0.941508, 0.0584922))
({x6}, (0.940493, 0.0595067))
({x7}, (0.918085, 0.0819146))
({x8}, (0.067273, 0.932727))
({x9}, (0.932582, 0.0674183))
({x10}, (0.983006, 0.0169938))
({x11}, (0.0169781, 0.983022))
({x12}, (0.0169744, 0.983026))
({x13}, (0.0169578, 0.983042))
({x14}, (0.982983, 0.0170165))
({x15}, (0.030197, 0.969803))
({x16}, (0.0692601, 0.93074))
({x17}, (0.913885, 0.086115))
({x18}, (0.922794, 0.0772062))
({x19}, (0.923484, 0.0765162))
({x20}, (0.0169782, 0.983022))
({x21}, (0.983023, 0.0169772))
({x22}, (0.983029, 0.0169712))
({x23}, (0.983038, 0.0169621))
({x24}, (0.98267, 0.0173303))
({x25}, (0.969294, 0.0307061))
({x26}, (0.206991, 0.793009))
({x27}, (0.876202, 0.123798))
({x28}, (0.922669, 0.0773312))
({x29}, (0.0889237, 0.911076))
({x30}, (0.982094, 0.0179062))
({x31}, (0.982563, 0.0174366))
({x32}, (0.0169767, 0.983023))
({x33}, (0.0174438, 0.982556))
({x34}, (0.0357545, 0.964246))
({x35}, (0.0595887, 0.940411))
({x36}, (0.875128, 0.124872))
({x37}, (0.123628, 0.876372))
({x38}, (0.858979, 0.141021))
({x39}, (0.65617, 0.34383))
({x40}, (0.0929313, 0.907069))
({x41}, (0.0936383, 0.906362))
({x42}, (0.981769, 0.0182314))
({x43}, (0.0174345, 0.982566))
({x44}, (0.985356, 0.014644))
({x45}, (0.0552409, 0.944759))
({x46}, (0.1533, 0.8467))
({x47}, (0.880954, 0.119046))
({x48}, (0.11093, 0.88907))
({x49}, (0.109083, 0.890917))
({x50}, (0.907111, 0.0928894))
({x51}, (0.901621, 0.0983791))
({x52}, (0.900182, 0.0998181))
({x53}, (0.247275, 0.752725))
({x54}, (0.877274, 0.122726))
({x55}, (0.158744, 0.841256))
({x56}, (0.162821, 0.837179))
({x57}, (0.163139, 0.836861))
({x58}, (0.891062, 0.108938))
({x59}, (0.889487, 0.110513))
({x60}, (0.193827, 0.806173))
({x61}, (0.0986689, 0.901331))
({x62}, (0.900642, 0.099358))
({x63}, (0.900664, 0.0993364))
({x64}, (0.945378, 0.0546218))
({x65}, (0.841538, 0.158462))
({x66}, (0.161916, 0.838084))
({x67}, (0.162411, 0.837589))
({x68}, (0.959745, 0.0402548))
({x69}, (0.851954, 0.148046))
({x70}, (0.710448, 0.289552))
({x71}, (0.289489, 0.710511))
({x72}, (0.798888, 0.201112))
({x73}, (0.501395, 0.498605))
({x74}, (0.00294144, 0.997059))
({x75}, (0.996453, 0.00354663))
({x76}, (0.817018, 0.182982))
({x77}, (0.925695, 0.0743049))
({x78}, (0.0696621, 0.930338))
({x79}, (0.147518, 0.852482))
({x80}, (0.4116, 0.5884))
({x81}, (0.380071, 0.619929))
({x82}, (0.760464, 0.239536))
({x83}, (0.792229, 0.207771))
({x84}, (0.00292741, 0.997073))
({x85}, (0.00357562, 0.996424))
({x86}, (0.00559359, 0.994406))
({x87}, (0.994401, 0.00559947))
({x88}, (0.0102882, 0.989712))
({x89}, (0.0461647, 0.953835))
({x90}, (0.358336, 0.641664))
({x91}, (0.343123, 0.656877))
({x92}, (0.339543, 0.660457))
({x93}, (0.337972, 0.662028))
({x94}, (0.00303412, 0.996966))
({x95}, (0.995057, 0.00494297))
({x96}, (0.0055927, 0.994407))
({x97}, (0.994402, 0.00559788))
({x98}, (0.00983722, 0.990163))
({x99}, (0.954064, 0.0459359))
({x0, x1}, (0.0155842, 0.881469, 0.102941, 5.53163e-06))
({x0, x10}, (0.118506, 0.8645, 1.92179e-05, 0.0169746))
({x1, x2}, (0.897034, 0.00236989, 1.86129e-05, 0.100577))
({x1, x11}, (0.0169582, 1.98667e-05, 0.880095, 0.102927))
({x2, x3}, (0.898414, 0.0214466, 0.00099023, 0.0791491))
({x2, x12}, (0.0169515, 2.28822e-05, 0.882453, 0.100573))
({x3, x4}, (0.919097, 0.019673, 0.000763589, 0.0604663))
({x3, x13}, (0.0159743, 0.000983537, 0.903886, 0.0791558))
({x4, x5}, (0.938543, 0.00296439, 0.000226724, 0.0582655))
({x4, x14}, (0.923158, 0.0598258, 0.0156125, 0.00140404))
({x5, x6}, (0.940341, 0.000152711, 0.00116721, 0.0583395))
({x5, x15}, (0.0156316, 0.0145653, 0.925876, 0.0439269))
({x6, x7}, (0.882223, 0.0358625, 0.0582704, 0.0236442))
({x6, x16}, (0.0547812, 0.014479, 0.885712, 0.0450277))
({x7, x8}, (0.00270958, 0.0645634, 0.915376, 0.0173512))
({x7, x17}, (0.876009, 0.0378758, 0.0420761, 0.0440388))
({x8, x9}, (8.78046e-05, 0.932494, 0.0671852, 0.000233098))
({x8, x18}, (0.0180658, 0.904728, 0.0492072, 0.027999))
({x9, x19}, (0.905375, 0.0181091, 0.027207, 0.0493092))
({x10, x11}, (2.08709e-08, 0.016978, 0.983006, 1.57455e-05))
({x10, x20}, (5.7499e-07, 0.0169777, 0.983006, 1.61198e-05))
({x11, x12}, (0.0169706, 3.75925e-06, 7.4267e-06, 0.983018))
({x11, x21}, (9.55413e-07, 0.983022, 0.0169771, 5.37178e-08))
({x12, x13}, (0.0169534, 4.35524e-06, 2.0954e-05, 0.983021))
({x12, x22}, (1.25613e-05, 0.983016, 0.0169618, 9.31914e-06))
({x13, x14}, (1.0449e-06, 0.982982, 0.0169568, 5.97585e-05))
({x13, x23}, (1.45049e-06, 0.983036, 0.0169563, 5.75166e-06))
({x14, x15}, (0.0142129, 0.0159841, 0.968771, 0.00103242))
({x14, x24}, (0.98264, 3.01431e-05, 0.000343895, 0.0169864))
({x15, x16}, (0.0300937, 0.0391664, 0.000103232, 0.930637))
({x15, x25}, (1.57345e-06, 0.969292, 0.0301954, 0.000510713))
({x16, x17}, (0.00440902, 0.909476, 0.0648511, 0.0212638))
({x16, x26}, (0.0679913, 0.139, 0.00126878, 0.79174))
({x17, x18}, (0.911425, 0.0113683, 0.00245956, 0.0747466))
({x17, x27}, (0.815854, 0.060348, 0.098031, 0.0257669))
({x18, x19}, (0.922586, 0.000898011, 0.000207993, 0.0763082))
({x18, x28}, (0.922639, 2.9419e-05, 0.000154386, 0.0771768))
({x19, x29}, (0.0129566, 0.0759671, 0.910527, 0.000549098))
({x20, x21}, (1.2109e-06, 0.983022, 0.016977, 1.29317e-07))
({x20, x30}, (9.11345e-06, 0.982085, 0.0169691, 0.000937049))
({x21, x22}, (0.983021, 8.12545e-06, 2.11755e-06, 0.016969))
({x21, x31}, (0.982563, 1.61637e-07, 0.000459618, 0.016977))
({x22, x23}, (0.98302, 1.83891e-05, 9.33362e-06, 0.0169528))
({x22, x32}, (8.45214e-06, 0.0169682, 0.98302, 2.94283e-06))
({x23, x24}, (0.982668, 2.03515e-06, 0.0003702, 0.0169601))
({x23, x33}, (0.000506753, 0.016937, 0.982531, 2.50669e-05))
({x24, x25}, (0.96794, 0.00135358, 0.0147294, 0.0159767))
({x24, x34}, (0.0235815, 0.0121729, 0.959088, 0.00515734))
({x25, x26}, (0.176424, 0.030567, 0.792869, 0.000139143))
({x25, x35}, (0.0583382, 0.00125048, 0.910956, 0.0294556))
({x26, x27}, (0.203731, 0.672471, 0.00326036, 0.120538))
({x26, x36}, (0.203455, 0.671673, 0.00353636, 0.121336))
({x27, x28}, (0.824067, 0.0986015, 0.0521347, 0.0251964))
({x27, x37}, (0.000259857, 0.123368, 0.875942, 0.000430039))
({x28, x29}, (0.0127017, 0.076222, 0.909967, 0.0011092))
({x28, x38}, (0.813375, 0.0456041, 0.109294, 0.0317271))
({x29, x39}, (0.0253043, 0.630866, 0.0636194, 0.280211))
({x30, x31}, (0.982074, 0.000489407, 1.98456e-05, 0.0174168))
({x30, x40}, (0.092885, 4.62763e-05, 0.889209, 0.0178599))
({x31, x32}, (5.12205e-06, 0.0169715, 0.982558, 0.000465077))
({x31, x41}, (0.0935065, 0.000131876, 0.889057, 0.0173047))
({x32, x33}, (0.0169637, 0.000480066, 1.29444e-05, 0.982543))
({x32, x42}, (9.90598e-05, 0.98167, 0.0168776, 0.0013538))
({x33, x34}, (0.0119299, 0.0238246, 0.00551393, 0.958732))
({x33, x43}, (0.0174142, 2.02616e-05, 2.95923e-05, 0.982536))
({x34, x35}, (0.00760866, 0.05198, 0.0281458, 0.912266))
({x34, x44}, (0.0261366, 0.959219, 0.00961782, 0.00502618))
({x35, x36}, (0.0213624, 0.853765, 0.0382262, 0.086646))
({x35, x45}, (0.0466134, 0.00862749, 0.0129752, 0.931784))
({x36, x37}, (0.000170683, 0.123457, 0.874957, 0.0014151))
({x36, x46}, (0.0302307, 0.123069, 0.844897, 0.00180319))
({x37, x38}, (0.00462347, 0.854355, 0.119004, 0.0220169))
({x37, x47}, (0.00730998, 0.873644, 0.116318, 0.00272817))
({x38, x39}, (0.520545, 0.135624, 0.338433, 0.00539677))
({x38, x48}, (0.0145872, 0.0963424, 0.844392, 0.0446789))
({x39, x49}, (0.0852544, 0.0238285, 0.570916, 0.320002))
({x40, x41}, (0.0926912, 0.000947118, 0.000240073, 0.906122))
({x40, x50}, (0.000106507, 0.907004, 0.0928248, 6.45745e-05))
({x41, x42}, (0.0921522, 0.889616, 0.00148608, 0.0167453))
({x41, x51}, (0.00112152, 0.900499, 0.0925168, 0.00586232))
({x42, x43}, (0.000178913, 0.0172555, 0.98159, 0.000975859))
({x42, x52}, (0.882804, 0.0173776, 0.0989643, 0.000853794))
({x43, x44}, (0.00296948, 0.982387, 0.014465, 0.000179021))
({x43, x53}, (0.0174318, 0.229843, 2.6089e-06, 0.752723))
({x44, x45}, (0.0526462, 0.00259477, 0.93271, 0.0120492))
({x44, x54}, (0.873532, 0.00374192, 0.111824, 0.0109021))
({x45, x46}, (0.0234495, 0.12985, 0.0317914, 0.814909))
({x45, x55}, (0.0529767, 0.105768, 0.00226419, 0.838991))
({x46, x47}, (0.0377998, 0.843154, 0.1155, 0.00354609))
({x46, x56}, (0.0210127, 0.141808, 0.132287, 0.704892))
({x47, x48}, (0.00744046, 0.103489, 0.873514, 0.0155569))
({x47, x57}, (0.141677, 0.0214623, 0.739277, 0.0975837))
({x48, x49}, (0.105228, 0.00385493, 0.00570156, 0.885216))
({x48, x58}, (0.00255637, 0.888505, 0.108373, 0.000565323))
({x49, x59}, (0.000565015, 0.888922, 0.108518, 0.00199464))
({x50, x51}, (0.901074, 0.00054694, 0.00603672, 0.0923424))
({x50, x60}, (0.107504, 0.0863222, 0.799606, 0.00656715))
({x51, x52}, (0.899966, 0.000215731, 0.00165469, 0.0981634))
({x51, x61}, (0.000329212, 0.0983396, 0.901292, 3.94871e-05))
({x52, x53}, (0.24548, 0.00179487, 0.654702, 0.0980232))
({x52, x62}, (0.899947, 0.000695138, 0.00023501, 0.099123))
({x53, x54}, (0.230266, 0.647008, 0.0170087, 0.105717))
({x53, x63}, (0.247274, 0.65339, 8.08805e-07, 0.0993356))
({x54, x55}, (0.158702, 4.27235e-05, 0.718572, 0.122683))
({x54, x64}, (0.877169, 0.0682093, 0.000105249, 0.0545166))
({x55, x56}, (0.158559, 0.00426222, 0.000185828, 0.836993))
({x55, x65}, (0.000308664, 0.84123, 0.158436, 2.58318e-05))
({x56, x57}, (0.161626, 0.0015132, 0.00119505, 0.835666))
({x56, x66}, (0.161602, 0.000313471, 0.00121861, 0.836866))
({x57, x58}, (0.141658, 0.749403, 0.0214807, 0.0874578))
({x57, x67}, (0.162362, 4.92554e-05, 0.000776715, 0.836812))
({x58, x59}, (0.887945, 0.00154253, 0.00311659, 0.107396))
({x58, x68}, (0.860799, 0.0989462, 0.0302625, 0.00999231))
({x59, x69}, (0.81922, 0.0327343, 0.0702674, 0.0777783))
({x60, x61}, (0.0858312, 0.0128376, 0.107995, 0.793336))
({x60, x70}, (0.000847261, 0.709601, 0.192979, 0.0965726))
({x61, x62}, (2.6324e-06, 0.900639, 0.0986662, 0.000691739))
({x61, x71}, (0.0908954, 0.198593, 0.00777342, 0.702738))
({x62, x63}, (0.899507, 0.00115634, 0.00113476, 0.0982016))
({x62, x72}, (0.798881, 6.79197e-06, 0.101761, 0.0993512))
({x63, x64}, (0.900654, 0.044724, 9.44937e-06, 0.0546124))
({x63, x73}, (0.50043, 0.000965145, 0.400234, 0.0983712))
({x64, x65}, (0.787089, 0.0544492, 0.158289, 0.000172644))
({x64, x74}, (0.000120299, 0.00282114, 0.945258, 0.0518007))
({x65, x66}, (0.0034582, 0.158457, 0.83808, 4.11437e-06))
({x65, x75}, (0.83906, 0.157394, 0.00247889, 0.00106774))
({x66, x67}, (0.161797, 0.000614583, 0.000118754, 0.83747))
({x66, x76}, (0.146538, 0.67048, 0.0153772, 0.167605))
({x67, x68}, (0.129856, 0.82989, 0.0325559, 0.00769884))
({x67, x77}, (0.136472, 0.789223, 0.0259391, 0.0483658))
({x68, x69}, (0.825007, 0.0269473, 0.134738, 0.0133075))
({x68, x78}, (0.0495405, 0.0201216, 0.910205, 0.0201332))
({x69, x79}, (8.08111e-05, 0.147437, 0.851874, 0.000608375))
({x70, x71}, (0.00108705, 0.288402, 0.709361, 0.00115025))
({x70, x80}, (0.381135, 0.0304648, 0.329313, 0.259087))
({x71, x72}, (0.102744, 0.696144, 0.186745, 0.0143671))
({x71, x81}, (0.0254251, 0.354646, 0.264064, 0.355865))
({x72, x73}, (0.500845, 0.000550473, 0.298043, 0.200561))
({x72, x82}, (0.659339, 0.101125, 0.139549, 0.0999871))
({x73, x74}, (0.000674867, 0.00226657, 0.50072, 0.496338))
({x73, x83}, (0.303722, 0.488507, 0.197673, 0.0100977))
({x74, x75}, (0.000172749, 0.996281, 0.00276869, 0.000777946))
({x74, x84}, (0.00287745, 4.99566e-05, 6.39873e-05, 0.997009))
({x75, x76}, (0.813782, 0.00323579, 0.182671, 0.000310841))
({x75, x85}, (3.47062e-05, 0.00354091, 0.996419, 5.72071e-06))
({x76, x77}, (0.807053, 0.118642, 0.00996524, 0.0643397))
({x76, x86}, (0.00320188, 0.00239171, 0.813816, 0.18059))
({x77, x78}, (6.55221e-05, 0.0695966, 0.92563, 0.00470836))
({x77, x87}, (0.922269, 0.0721314, 0.00342598, 0.00217349))
({x78, x79}, (0.00942481, 0.138093, 0.0602373, 0.792245))
({x78, x88}, (0.00671906, 0.00356911, 0.062943, 0.926769))
({x79, x89}, (0.0457775, 0.000387181, 0.101741, 0.852095))
({x80, x81}, (0.108734, 0.271338, 0.302866, 0.317062))
({x80, x90}, (0.0282737, 0.330062, 0.383326, 0.258338))
({x81, x82}, (0.201403, 0.559061, 0.178669, 0.0608673))
({x81, x91}, (0.276299, 0.0668239, 0.103772, 0.553105))
({x82, x83}, (0.685338, 0.106891, 0.0751256, 0.132645))
({x82, x92}, (0.102765, 0.236779, 0.6577, 0.00275732))
({x83, x84}, (0.00228465, 0.00064276, 0.789945, 0.207128))
({x83, x93}, (0.208834, 0.129137, 0.583395, 0.0786333))
({x84, x85}, (0.00274751, 0.000828108, 0.000179894, 0.996244))
({x84, x94}, (0.00292623, 0.000107892, 1.17478e-06, 0.996965))
({x85, x86}, (0.00317072, 0.00242287, 0.000404899, 0.994002))
({x85, x95}, (0.00080959, 0.994247, 0.00276603, 0.00217694))
({x86, x87}, (2.41e-07, 0.9944, 0.00559335, 6.12193e-06))
({x86, x96}, (0.00559073, 1.96937e-06, 2.85504e-06, 0.994404))
({x87, x88}, (0.00469346, 0.00559471, 0.989707, 4.75921e-06))
({x87, x97}, (0.9944, 1.7629e-06, 1.71795e-07, 0.00559771))
({x88, x89}, (0.0102579, 0.0359068, 3.02548e-05, 0.953805))
({x88, x98}, (0.00982001, 1.72086e-05, 0.000468164, 0.989695))
({x89, x99}, (0.000343944, 0.95372, 0.0458208, 0.000115181))
({x90, x91}, (0.34277, 0.000352631, 0.0155657, 0.641311))
({x91, x92}, (0.339152, 0.000391327, 0.00397115, 0.656486))
({x92, x93}, (0.337539, 0.000432942, 0.00200457, 0.660024))
({x93, x94}, (0.00120384, 0.00183028, 0.336768, 0.660198))
({x94, x95}, (6.84208e-07, 0.995056, 0.00303344, 0.00190953))
({x95, x96}, (0.000705957, 0.00488675, 0.994351, 5.6225e-05))
({x96, x97}, (2.69365e-07, 0.994402, 0.00559243, 5.44485e-06))
({x97, x98}, (0.00424007, 0.00559714, 0.990162, 7.35636e-07))
({x98, x99}, (3.32374e-05, 0.954031, 0.00980398, 0.036132))
Exact log partition sum: 315.416
Exact MAP variable marginals:
({x0}, (0.0391286, 0.960871))
({x1}, (0.960871, 0.0391286))
({x2}, (0.960871, 0.0391286))
({x3}, (0.960871, 0.0391286))
({x4}, (0.960871, 0.0391286))
({x5}, (0.960871, 0.0391286))
({x6}, (0.960871, 0.0391286))
({x7}, (0.972105, 0.0278947))
({x8}, (0.0278947, 0.972105))
({x9}, (0.972105, 0.0278947))
({x10}, (0.990615, 0.00938508))
({x11}, (0.00938508, 0.990615))
({x12}, (0.00938508, 0.990615))
({x13}, (0.00938508, 0.990615))
({x14}, (0.990615, 0.00938508))
({x15}, (0.0228132, 0.977187))
({x16}, (0.0278947, 0.972105))
({x17}, (0.972105, 0.0278947))
({x18}, (0.972105, 0.0278947))
({x19}, (0.972105, 0.0278947))
({x20}, (0.00938508, 0.990615))
({x21}, (0.990615, 0.00938508))
({x22}, (0.990615, 0.00938508))
({x23}, (0.990615, 0.00938508))
({x24}, (0.990615, 0.00938508))
({x25}, (0.977187, 0.0228132))
({x26}, (0.171007, 0.828993))
({x27}, (0.929828, 0.0701722))
({x28}, (0.972105, 0.0278947))
({x29}, (0.0278947, 0.972105))
({x30}, (0.990615, 0.00938508))
({x31}, (0.990615, 0.00938508))
({x32}, (0.00938508, 0.990615))
({x33}, (0.00938508, 0.990615))
({x34}, (0.0191085, 0.980892))
({x35}, (0.0293058, 0.970694))
({x36}, (0.929828, 0.0701722))
({x37}, (0.0701722, 0.929828))
({x38}, (0.929828, 0.0701722))
({x39}, (0.66292, 0.33708))
({x40}, (0.218905, 0.781095))
({x41}, (0.218905, 0.781095))
({x42}, (0.990615, 0.00938508))
({x43}, (0.00938508, 0.990615))
({x44}, (0.990615, 0.00938508))
({x45}, (0.0293058, 0.970694))
({x46}, (0.0701722, 0.929828))
({x47}, (0.929828, 0.0701722))
({x48}, (0.0701722, 0.929828))
({x49}, (0.0701722, 0.929828))
({x50}, (0.781095, 0.218905))
({x51}, (0.781095, 0.218905))
({x52}, (0.781095, 0.218905))
({x53}, (0.268291, 0.731709))
({x54}, (0.781095, 0.218905))
({x55}, (0.143579, 0.856421))
({x56}, (0.143579, 0.856421))
({x57}, (0.143579, 0.856421))
({x58}, (0.929828, 0.0701722))
({x59}, (0.929828, 0.0701722))
({x60}, (0.218905, 0.781095))
({x61}, (0.218905, 0.781095))
({x62}, (0.781095, 0.218905))
({x63}, (0.781095, 0.218905))
({x64}, (0.781095, 0.218905))
({x65}, (0.856421, 0.143579))
({x66}, (0.143579, 0.856421))
({x67}, (0.143579, 0.856421))
({x68}, (0.985241, 0.0147589))
({x69}, (0.929828, 0.0701722))
({x70}, (0.781095, 0.218905))
({x71}, (0.218905, 0.781095))
({x72}, (0.781095, 0.218905))
({x73}, (0.505566, 0.494434))
({x74}, (0.0101568, 0.989843))
({x75}, (0.989843, 0.0101568))
({x76}, (0.849744, 0.150256))
({x77}, (0.938407, 0.0615932))
({x78}, (0.0615932, 0.938407))
({x79}, (0.0701722, 0.929828))
({x80}, (0.527322, 0.472678))
({x81}, (0.472678, 0.527322))
({x82}, (0.527322, 0.472678))
({x83}, (0.527322, 0.472678))
({x84}, (0.0101568, 0.989843))
({x85}, (0.0101568, 0.989843))
({x86}, (0.0101568, 0.989843))
({x87}, (0.989843, 0.0101568))
({x88}, (0.0101568, 0.989843))
({x89}, (0.0255515, 0.974449))
({x90}, (0.472678, 0.527322))
({x91}, (0.472678, 0.527322))
({x92}, (0.472678, 0.527322))
({x93}, (0.472678, 0.527322))
({x94}, (0.0101568, 0.989843))
({x95}, (0.989843, 0.0101568))
({x96}, (0.0101568, 0.989843))
({x97}, (0.989843, 0.0101568))
({x98}, (0.0101568, 0.989843))
({x99}, (0.974449, 0.0255515))
Exact MAP factor marginals:
({x0}, (0.0391286, 0.960871)) == ({x0}, (0.0391286, 0.960871))
({x1}, (0.960871, 0.0391286)) == ({x1}, (0.960871, 0.0391286))
({x2}, (0.960871, 0.0391286)) == ({x2}, (0.960871, 0.0391286))
({x3}, (0.960871, 0.0391286)) == ({x3}, (0.960871, 0.0391286))
({x4}, (0.960871, 0.0391286)) == ({x4}, (0.960871, 0.0391286))
({x5}, (0.960871, 0.0391286)) == ({x5}, (0.960871, 0.0391286))
({x6}, (0.960871, 0.0391286)) == ({x6}, (0.960871, 0.0391286))
({x7}, (0.972105, 0.0278947)) == ({x7}, (0.972105, 0.0278947))
({x8}, (0.0278947, 0.972105)) == ({x8}, (0.0278947, 0.972105))
({x9}, (0.972105, 0.0278947)) == ({x9}, (0.972105, 0.0278947))
({x10}, (0.990615, 0.00938508)) == ({x10}, (0.990615, 0.00938508))
({x11}, (0.00938508, 0.990615)) == ({x11}, (0.00938508, 0.990615))
({x12}, (0.00938508, 0.990615)) == ({x12}, (0.00938508, 0.990615))
({x13}, (0.00938508, 0.990615)) == ({x13}, (0.00938508, 0.990615))
({x14}, (0.990615, 0.00938508)) == ({x14}, (0.990615, 0.00938508))
({x15}, (0.0228132, 0.977187)) == ({x15}, (0.0228132, 0.977187))
({x16}, (0.0278947, 0.972105)) == ({x16}, (0.0278947, 0.972105))
({x17}, (0.972105, 0.0278947)) == ({x17}, (0.972105, 0.0278947))
({x18}, (0.972105, 0.0278947)) == ({x18}, (0.972105, 0.0278947))
({x19}, (0.972105, 0.0278947)) == ({x19}, (0.972105, 0.0278947))
({x20}, (0.00938508, 0.990615)) == ({x20}, (0.00938508, 0.990615))
({x21}, (0.990615, 0.00938508)) == ({x21}, (0.990615, 0.00938508))
({x22}, (0.990615, 0.00938508)) == ({x22}, (0.990615, 0.00938508))
({x23}, (0.990615, 0.00938508)) == ({x23}, (0.990615, 0.00938508))
({x24}, (0.990615, 0.00938508)) == ({x24}, (0.990615, 0.00938508))
({x25}, (0.977187, 0.0228132)) == ({x25}, (0.977187, 0.0228132))
({x26}, (0.171007, 0.828993)) == ({x26}, (0.171007, 0.828993))
({x27}, (0.929828, 0.0701722)) == ({x27}, (0.929828, 0.0701722))
({x28}, (0.972105, 0.0278947)) == ({x28}, (0.972105, 0.0278947))
({x29}, (0.0278947, 0.972105)) == ({x29}, (0.0278947, 0.972105))
({x30}, (0.990615, 0.00938508)) == ({x30}, (0.990615, 0.00938508))
({x31}, (0.990615, 0.00938508)) == ({x31}, (0.990615, 0.00938508))
({x32}, (0.00938508, 0.990615)) == ({x32}, (0.00938508, 0.990615))
({x33}, (0.00938508, 0.990615)) == ({x33}, (0.00938508, 0.990615))
({x34}, (0.0191085, 0.980892)) == ({x34}, (0.0191085, 0.980892))
({x35}, (0.0293058, 0.970694)) == ({x35}, (0.0293058, 0.970694))
({x36}, (0.929828, 0.0701722)) == ({x36}, (0.929828, 0.0701722))
({x37}, (0.0701722, 0.929828)) == ({x37}, (0.0701722, 0.929828))
({x38}, (0.929828, 0.0701722)) == ({x38}, (0.929828, 0.0701722))
({x39}, (0.66292, 0.33708)) == ({x39}, (0.66292, 0.33708))
({x40}, (0.218905, 0.781095)) == ({x40}, (0.218905, 0.781095))
({x41}, (0.218905, 0.781095)) == ({x41}, (0.218905, 0.781095))
({x42}, (0.990615, 0.00938508)) == ({x42}, (0.990615, 0.00938508))
({x43}, (0.00938508, 0.990615)) == ({x43}, (0.00938508, 0.990615))
({x44}, (0.990615, 0.00938508)) == ({x44}, (0.990615, 0.00938508))
({x45}, (0.0293058, 0.970694)) == ({x45}, (0.0293058, 0.970694))
({x46}, (0.0701722, 0.929828)) == ({x46}, (0.0701722, 0.929828))
({x47}, (0.929828, 0.0701722)) == ({x47}, (0.929828, 0.0701722))
({x48}, (0.0701722, 0.929828)) == ({x48}, (0.0701722, 0.929828))
({x49}, (0.0701722, 0.929828)) == ({x49}, (0.0701722, 0.929828))
({x50}, (0.781095, 0.218905)) == ({x50}, (0.781095, 0.218905))
({x51}, (0.781095, 0.218905)) == ({x51}, (0.781095, 0.218905))
({x52}, (0.781095, 0.218905)) == ({x52}, (0.781095, 0.218905))
({x53}, (0.268291, 0.731709)) == ({x53}, (0.268291, 0.731709))
({x54}, (0.781095, 0.218905)) == ({x54}, (0.781095, 0.218905))
({x55}, (0.143579, 0.856421)) == ({x55}, (0.143579, 0.856421))
({x56}, (0.143579, 0.856421)) == ({x56}, (0.143579, 0.856421))
({x57}, (0.143579, 0.856421)) == ({x57}, (0.143579, 0.856421))
({x58}, (0.929828, 0.0701722)) == ({x58}, (0.929828, 0.0701722))
({x59}, (0.929828, 0.0701722)) == ({x59}, (0.929828, 0.0701722))
({x60}, (0.218905, 0.781095)) == ({x60}, (0.218905, 0.781095))
({x61}, (0.218905, 0.781095)) == ({x61}, (0.218905, 0.781095))
({x62}, (0.781095, 0.218905)) == ({x62}, (0.781095, 0.218905))
({x63}, (0.781095, 0.218905)) == ({x63}, (0.781095, 0.218905))
({x64}, (0.781095, 0.218905)) == ({x64}, (0.781095, 0.218905))
({x65}, (0.856421, 0.143579)) == ({x65}, (0.856421, 0.143579))
({x66}, (0.143579, 0.856421)) == ({x66}, (0.143579, 0.856421))
({x67}, (0.143579, 0.856421)) == ({x67}, (0.143579, 0.856421))
({x68}, (0.985241, 0.0147589)) == ({x68}, (0.985241, 0.0147589))
({x69}, (0.929828, 0.0701722)) == ({x69}, (0.929828, 0.0701722))
({x70}, (0.781095, 0.218905)) == ({x70}, (0.781095, 0.218905))
({x71}, (0.218905, 0.781095)) == ({x71}, (0.218905, 0.781095))
({x72}, (0.781095, 0.218905)) == ({x72}, (0.781095, 0.218905))
({x73}, (0.505566, 0.494434)) == ({x73}, (0.505566, 0.494434))
({x74}, (0.0101568, 0.989843)) == ({x74}, (0.0101568, 0.989843))
({x75}, (0.989843, 0.0101568)) == ({x75}, (0.989843, 0.0101568))
({x76}, (0.849744, 0.150256)) == ({x76}, (0.849744, 0.150256))
({x77}, (0.938407, 0.0615932)) == ({x77}, (0.938407, 0.0615932))
({x78}, (0.0615932, 0.938407)) == ({x78}, (0.0615932, 0.938407))
({x79}, (0.0701722, 0.929828)) == ({x79}, (0.0701722, 0.929828))
({x80}, (0.527322, 0.472678)) == ({x80}, (0.527322, 0.472678))
({x81}, (0.472678, 0.527322)) == ({x81}, (0.472678, 0.527322))
({x82}, (0.527322, 0.472678)) == ({x82}, (0.527322, 0.472678))
({x83}, (0.527322, 0.472678)) == ({x83}, (0.527322, 0.472678))
({x84}, (0.0101568, 0.989843)) == ({x84}, (0.0101568, 0.989843))
({x85}, (0.0101568, 0.989843)) == ({x85}, (0.0101568, 0.989843))
({x86}, (0.0101568, 0.989843)) == ({x86}, (0.0101568, 0.989843))
({x87}, (0.989843, 0.0101568)) == ({x87}, (0.989843, 0.0101568))
({x88}, (0.0101568, 0.989843)) == ({x88}, (0.0101568, 0.989843))
({x89}, (0.0255515, 0.974449)) == ({x89}, (0.0255515, 0.974449))
({x90}, (0.472678, 0.527322)) == ({x90}, (0.472678, 0.527322))
({x91}, (0.472678, 0.527322)) == ({x91}, (0.472678, 0.527322))
({x92}, (0.472678, 0.527322)) == ({x92}, (0.472678, 0.527322))
({x93}, (0.472678, 0.527322)) == ({x93}, (0.472678, 0.527322))
({x94}, (0.0101568, 0.989843)) == ({x94}, (0.0101568, 0.989843))
({x95}, (0.989843, 0.0101568)) == ({x95}, (0.989843, 0.0101568))
({x96}, (0.0101568, 0.989843)) == ({x96}, (0.0101568, 0.989843))
({x97}, (0.989843, 0.0101568)) == ({x97}, (0.989843, 0.0101568))
({x98}, (0.0101568, 0.989843)) == ({x98}, (0.0101568, 0.989843))
({x99}, (0.974449, 0.0255515)) == ({x99}, (0.974449, 0.0255515))
({x0, x1}, (0.0170264, 0.94451, 0.0384623, 1.72165e-06)) == ({x0, x1}, (0.0170264, 0.94451, 0.0384623, 1.72165e-06))
({x0, x10}, (0.0387746, 0.952179, 2.51464e-05, 0.00902094)) == ({x0, x10}, (0.0387746, 0.952179, 2.51464e-05, 0.00902094))
({x1, x2}, (0.958341, 0.00262703, 6.09463e-06, 0.0390255)) == ({x1, x2}, (0.958341, 0.00262703, 6.09463e-06, 0.0390255))
({x1, x11}, (0.00902094, 2.51464e-05, 0.952179, 0.0387746)) == ({x1, x11}, (0.00902094, 2.51464e-05, 0.952179, 0.0387746))
({x2, x3}, (0.937326, 0.0232501, 0.00125391, 0.0381698)) == ({x2, x3}, (0.937326, 0.0232501, 0.00125391, 0.0381698))
({x2, x12}, (0.00902094, 2.51464e-05, 0.952179, 0.0387746)) == ({x2, x12}, (0.00902094, 2.51464e-05, 0.952179, 0.0387746))
({x3, x4}, (0.939847, 0.0213785, 0.000501662, 0.0382724)) == ({x3, x4}, (0.939847, 0.0213785, 0.000501662, 0.0382724))
({x3, x13}, (0.00900969, 0.00127219, 0.950992, 0.0387263)) == ({x3, x13}, (0.00900969, 0.00127219, 0.950992, 0.0387263))
({x4, x5}, (0.957523, 0.0032616, 0.000223301, 0.0389922)) == ({x4, x5}, (0.957523, 0.0032616, 0.000223301, 0.0389922))
({x4, x14}, (0.950992, 0.0387263, 0.00900969, 0.00127219)) == ({x4, x14}, (0.950992, 0.0387263, 0.00900969, 0.00127219))
({x5, x6}, (0.959848, 9.00892e-05, 0.000975146, 0.0390869)) == ({x5, x6}, (0.959848, 9.00892e-05, 0.000975146, 0.0390869))
({x5, x15}, (0.00882499, 0.0217466, 0.931496, 0.0379324)) == ({x5, x15}, (0.00882499, 0.0217466, 0.931496, 0.0379324))
({x6, x7}, (0.915112, 0.0372651, 0.0262592, 0.021364)) == ({x6, x7}, (0.915112, 0.0372651, 0.0262592, 0.021364))
({x6, x16}, (0.0262592, 0.021364, 0.915112, 0.0372651)) == ({x6, x16}, (0.0262592, 0.021364, 0.915112, 0.0372651))
({x7, x8}, (0.00237424, 0.0274108, 0.955244, 0.0149706)) == ({x7, x8}, (0.00237424, 0.0274108, 0.955244, 0.0149706))
({x7, x17}, (0.934804, 0.0151332, 0.0232382, 0.0268243)) == ({x7, x17}, (0.934804, 0.0151332, 0.0232382, 0.0268243))
({x8, x9}, (6.93057e-05, 0.971899, 0.0278888, 0.000142553)) == ({x8, x9}, (6.93057e-05, 0.971899, 0.0278888, 0.000142553))
({x8, x18}, (0.0151332, 0.934804, 0.0268243, 0.0232382)) == ({x8, x18}, (0.0151332, 0.934804, 0.0268243, 0.0232382))
({x9, x19}, (0.934804, 0.0151332, 0.0232382, 0.0268243)) == ({x9, x19}, (0.934804, 0.0151332, 0.0232382, 0.0268243))
({x10, x11}, (9.81754e-09, 0.00938491, 0.990598, 1.72984e-05)) == ({x10, x11}, (9.81754e-09, 0.00938491, 0.990598, 1.72984e-05))
({x10, x20}, (5.2395e-07, 0.00938491, 0.990597, 1.72984e-05)) == ({x10, x20}, (5.2395e-07, 0.00938491, 0.990597, 1.72984e-05))
({x11, x12}, (0.00938497, 3.21104e-06, 7.80729e-06, 0.990604)) == ({x11, x12}, (0.00938497, 3.21104e-06, 7.80729e-06, 0.990604))
({x11, x21}, (8.68556e-07, 0.990614, 0.00938507, 2.37154e-08)) == ({x11, x21}, (8.68556e-07, 0.990614, 0.00938507, 2.37154e-08))
({x12, x13}, (0.00938493, 3.94355e-06, 1.14578e-05, 0.9906)) == ({x12, x13}, (0.00938493, 3.94355e-06, 1.14578e-05, 0.9906))
({x12, x22}, (8.46804e-06, 0.990599, 0.00938492, 7.80725e-06)) == ({x12, x22}, (8.46804e-06, 0.990599, 0.00938492, 7.80725e-06))
({x13, x14}, (4.09794e-07, 0.990576, 0.00938471, 3.91069e-05)) == ({x13, x14}, (4.09794e-07, 0.990576, 0.00938471, 3.91069e-05))
({x13, x23}, (6.47641e-07, 0.990613, 0.00938505, 1.70911e-06)) == ({x13, x23}, (6.47641e-07, 0.990613, 0.00938505, 1.70911e-06))
({x14, x15}, (0.0225935, 0.00916869, 0.967775, 0.000462474)) == ({x14, x15}, (0.0225935, 0.00916869, 0.967775, 0.000462474))
({x14, x24}, (0.990397, 3.90999e-05, 0.0001809, 0.00938301)) == ({x14, x24}, (0.990397, 3.90999e-05, 0.0001809, 0.00938301))
({x15, x16}, (0.022189, 0.0272732, 9.13636e-05, 0.950447)) == ({x15, x16}, (0.022189, 0.0272732, 9.13636e-05, 0.950447))
({x15, x25}, (1.62462e-06, 0.976689, 0.0228016, 0.000507595)) == ({x15, x25}, (1.62462e-06, 0.976689, 0.0228016, 0.000507595))
({x16, x17}, (0.00428775, 0.962622, 0.0276226, 0.0054674)) == ({x16, x17}, (0.00428775, 0.962622, 0.0276226, 0.0054674))
({x16, x26}, (0.0232282, 0.166983, 0.000307904, 0.809481)) == ({x16, x26}, (0.0232282, 0.166983, 0.000307904, 0.809481))
({x17, x18}, (0.960127, 0.0101407, 0.00218117, 0.027551)) == ({x17, x18}, (0.960127, 0.0101407, 0.00218117, 0.027551))
({x17, x27}, (0.901029, 0.0258551, 0.0679988, 0.00511757)) == ({x17, x27}, (0.901029, 0.0258551, 0.0679988, 0.00511757))
({x18, x19}, (0.971629, 0.000303949, 0.000185641, 0.027881)) == ({x18, x19}, (0.971629, 0.000303949, 0.000185641, 0.027881))
({x18, x28}, (0.972027, 1.06384e-05, 7.03634e-05, 0.0278924)) == ({x18, x28}, (0.972027, 1.06384e-05, 7.03634e-05, 0.0278924))
({x19, x29}, (0.0215958, 0.0272893, 0.951009, 0.000105421)) == ({x19, x29}, (0.0215958, 0.0272893, 0.951009, 0.000105421))
({x20, x21}, (6.78415e-07, 0.990614, 0.00938507, 6.23244e-08)) == ({x20, x21}, (6.78415e-07, 0.990614, 0.00938507, 6.23244e-08))
({x20, x30}, (4.28958e-06, 0.990084, 0.00938005, 0.000531523)) == ({x20, x30}, (4.28958e-06, 0.990084, 0.00938005, 0.000531523))
({x21, x22}, (0.990606, 8.4681e-06, 8.86498e-07, 0.00938499)) == ({x21, x22}, (0.990606, 8.4681e-06, 8.86498e-07, 0.00938499))
({x21, x31}, (0.990126, 6.61176e-08, 0.000493082, 0.00938045)) == ({x21, x31}, (0.990126, 6.61176e-08, 0.000493082, 0.00938045))
({x22, x23}, (0.9906, 1.14578e-05, 3.94355e-06, 0.00938493)) == ({x22, x23}, (0.9906, 1.14578e-05, 3.94355e-06, 0.00938493))
({x22, x32}, (4.35266e-06, 0.00938502, 0.990609, 1.42004e-06)) == ({x22, x32}, (4.35266e-06, 0.00938502, 0.990609, 1.42004e-06))
({x23, x24}, (0.990435, 8.84088e-07, 0.000180907, 0.00938337)) == ({x23, x24}, (0.990435, 8.84088e-07, 0.000180907, 0.00938337))
({x23, x33}, (0.00019781, 0.00938316, 0.990412, 6.58771e-06)) == ({x23, x33}, (0.00019781, 0.00938316, 0.990412, 6.58771e-06))
({x24, x25}, (0.967775, 0.000462474, 0.0225935, 0.00916869)) == ({x24, x25}, (0.967775, 0.000462474, 0.0225935, 0.00916869))
({x24, x34}, (0.0188403, 0.00916251, 0.967123, 0.00487443)) == ({x24, x34}, (0.0188403, 0.00916251, 0.967123, 0.00487443))
({x25, x26}, (0.167747, 0.0189845, 0.813186, 8.27502e-05)) == ({x25, x26}, (0.167747, 0.0189845, 0.813186, 8.27502e-05))
({x25, x35}, (0.0286305, 0.000902901, 0.948327, 0.0221395)) == ({x25, x35}, (0.0286305, 0.000902901, 0.948327, 0.0221395))
({x26, x27}, (0.160871, 0.779855, 0.000419246, 0.0588541)) == ({x26, x27}, (0.160871, 0.779855, 0.000419246, 0.0588541))
({x26, x36}, (0.160871, 0.779855, 0.000419246, 0.0588541)) == ({x26, x36}, (0.160871, 0.779855, 0.000419246, 0.0588541))
({x27, x28}, (0.901029, 0.0679988, 0.0258551, 0.00511757)) == ({x27, x28}, (0.901029, 0.0679988, 0.0258551, 0.00511757))
({x27, x37}, (0.000124721, 0.0701236, 0.929184, 0.000568054)) == ({x27, x37}, (0.000124721, 0.0701236, 0.929184, 0.000568054))
({x28, x29}, (0.0215927, 0.0272854, 0.950873, 0.000249328)) == ({x28, x29}, (0.0215927, 0.0272854, 0.950873, 0.000249328))
({x28, x38}, (0.901029, 0.0258551, 0.0679988, 0.00511757)) == ({x28, x38}, (0.901029, 0.0258551, 0.0679988, 0.00511757))
({x29, x39}, (0.0036813, 0.64815, 0.0185987, 0.32957)) == ({x29, x39}, (0.0036813, 0.64815, 0.0185987, 0.32957))
({x30, x31}, (0.990075, 0.000531518, 1.32524e-05, 0.00937996)) == ({x30, x31}, (0.990075, 0.000531518, 1.32524e-05, 0.00937996))
({x30, x40}, (0.217291, 2.8102e-05, 0.775336, 0.00734552)) == ({x30, x40}, (0.217291, 2.8102e-05, 0.775336, 0.00734552))
({x31, x32}, (2.23768e-06, 0.00938043, 0.990124, 0.000493081)) == ({x31, x32}, (2.23768e-06, 0.00938043, 0.990124, 0.000493081))
({x31, x41}, (0.217288, 4.29167e-05, 0.775324, 0.00734541)) == ({x31, x41}, (0.217288, 4.29167e-05, 0.775324, 0.00734541))
({x32, x33}, (0.00938316, 0.00019781, 6.58771e-06, 0.990412)) == ({x32, x33}, (0.00938316, 0.00019781, 6.58771e-06, 0.990412))
({x32, x42}, (3.95858e-05, 0.988243, 0.0093626, 0.00235504)) == ({x32, x42}, (3.95858e-05, 0.988243, 0.0093626, 0.00235504))
({x33, x34}, (0.00916251, 0.0188403, 0.00487443, 0.967123)) == ({x33, x34}, (0.00916251, 0.0188403, 0.00487443, 0.967123))
({x33, x43}, (0.00938486, 8.81926e-06, 1.38039e-05, 0.990593)) == ({x33, x43}, (0.00938486, 8.81926e-06, 1.38039e-05, 0.990593))
({x34, x35}, (0.00326771, 0.0286679, 0.0184982, 0.949566)) == ({x34, x35}, (0.00326771, 0.0286679, 0.0184982, 0.949566))
({x34, x44}, (0.0188403, 0.967123, 0.00916251, 0.00487443)) == ({x34, x44}, (0.0188403, 0.967123, 0.00916251, 0.00487443))
({x35, x36}, (0.0269282, 0.891943, 0.0138153, 0.0673132)) == ({x35, x36}, (0.0269282, 0.891943, 0.0138153, 0.0673132))
({x35, x45}, (0.0286678, 0.011869, 0.00989856, 0.949565)) == ({x35, x45}, (0.0286678, 0.011869, 0.00989856, 0.949565))
({x36, x37}, (7.40897e-05, 0.0700722, 0.928502, 0.00135142)) == ({x36, x37}, (7.40897e-05, 0.0700722, 0.928502, 0.00135142))
({x36, x46}, (0.0377639, 0.0674512, 0.893772, 0.00101238)) == ({x36, x46}, (0.0377639, 0.0674512, 0.893772, 0.00101238))
({x37, x38}, (0.00387121, 0.901722, 0.0680511, 0.0263559)) == ({x37, x38}, (0.00387121, 0.901722, 0.0680511, 0.0263559))
({x37, x47}, (0.010438, 0.918502, 0.0693175, 0.00174226)) == ({x37, x47}, (0.010438, 0.918502, 0.0693175, 0.00174226))
({x38, x39}, (0.63047, 0.0475803, 0.32058, 0.00137032)) == ({x38, x39}, (0.63047, 0.0475803, 0.32058, 0.00137032))
({x38, x48}, (0.00504461, 0.067971, 0.90066, 0.0263249)) == ({x38, x48}, (0.00504461, 0.067971, 0.90066, 0.0263249))
({x39, x49}, (0.0474777, 0.00352366, 0.62911, 0.319888)) == ({x39, x49}, (0.0474777, 0.00352366, 0.62911, 0.319888))
({x40, x41}, (0.218614, 0.000957284, 0.000372579, 0.780056)) == ({x40, x41}, (0.218614, 0.000957284, 0.000372579, 0.780056))
({x40, x50}, (0.000106442, 0.780934, 0.21886, 0.000100068)) == ({x40, x50}, (0.000106442, 0.780934, 0.21886, 0.000100068))
({x41, x42}, (0.216896, 0.773927, 0.00184431, 0.00733218)) == ({x41, x42}, (0.216896, 0.773927, 0.00184431, 0.00733218))
({x41, x51}, (0.000306242, 0.768266, 0.21531, 0.0161179)) == ({x41, x51}, (0.000306242, 0.768266, 0.21531, 0.0161179))
({x42, x43}, (0.000108204, 0.00936196, 0.988175, 0.00235487)) == ({x42, x43}, (0.000108204, 0.00936196, 0.988175, 0.00235487))
({x42, x52}, (0.773927, 0.00733218, 0.216896, 0.00184431)) == ({x42, x52}, (0.773927, 0.00733218, 0.216896, 0.00184431))
({x43, x44}, (0.00262086, 0.987662, 0.00935711, 0.000359595)) == ({x43, x44}, (0.00262086, 0.987662, 0.00935711, 0.000359595))
({x43, x53}, (0.00688445, 0.266443, 3.24191e-06, 0.726669)) == ({x43, x53}, (0.00688445, 0.266443, 3.24191e-06, 0.726669))
({x44, x45}, (0.0290121, 0.000914937, 0.960969, 0.00910421)) == ({x44, x45}, (0.0290121, 0.000914937, 0.960969, 0.00910421))
({x44, x54}, (0.774663, 0.00089585, 0.217102, 0.00733915)) == ({x44, x54}, (0.774663, 0.00089585, 0.217102, 0.00733915))
({x45, x46}, (0.0138153, 0.0673132, 0.0269282, 0.891943)) == ({x45, x46}, (0.0138153, 0.0673132, 0.0269282, 0.891943))
({x45, x55}, (0.025172, 0.139782, 0.00127286, 0.833773)) == ({x45, x55}, (0.025172, 0.139782, 0.00127286, 0.833773))
({x46, x47}, (0.0377381, 0.893162, 0.0674052, 0.00169419)) == ({x46, x47}, (0.0377381, 0.893162, 0.0674052, 0.00169419))
({x46, x56}, (0.0123065, 0.133203, 0.0599615, 0.794529)) == ({x46, x56}, (0.0123065, 0.133203, 0.0599615, 0.794529))
({x47, x48}, (0.00505136, 0.068062, 0.901866, 0.0250207)) == ({x47, x48}, (0.00505136, 0.068062, 0.901866, 0.0250207))
({x47, x57}, (0.133203, 0.0123065, 0.794529, 0.0599615)) == ({x47, x57}, (0.133203, 0.0123065, 0.794529, 0.0599615))
({x48, x49}, (0.0697245, 0.00222254, 0.00415842, 0.923895)) == ({x48, x49}, (0.0697245, 0.00222254, 0.00415842, 0.923895))
({x48, x58}, (0.00416627, 0.925639, 0.0698561, 0.000338758)) == ({x48, x58}, (0.00416627, 0.925639, 0.0698561, 0.000338758))
({x49, x59}, (0.000812497, 0.927775, 0.0700173, 0.00139546)) == ({x49, x59}, (0.000812497, 0.927775, 0.0700173, 0.00139546))
({x50, x51}, (0.768266, 0.000306242, 0.0161179, 0.21531)) == ({x50, x51}, (0.768266, 0.000306242, 0.0161179, 0.21531))
({x50, x60}, (0.121459, 0.188722, 0.673397, 0.0164221)) == ({x50, x60}, (0.121459, 0.188722, 0.673397, 0.0164221))
({x51, x52}, (0.780146, 0.00031837, 0.000896128, 0.218639)) == ({x51, x52}, (0.780146, 0.00031837, 0.000896128, 0.218639))
({x51, x61}, (0.000896391, 0.218703, 0.780375, 2.49544e-05)) == ({x51, x61}, (0.000896391, 0.218703, 0.780375, 2.49544e-05))
({x52, x53}, (0.222019, 0.00277191, 0.605512, 0.169697)) == ({x52, x53}, (0.222019, 0.00277191, 0.605512, 0.169697))
({x52, x62}, (0.78019, 0.000840406, 0.000318388, 0.218651)) == ({x52, x62}, (0.78019, 0.000840406, 0.000318388, 0.218651))
({x53, x54}, (0.220981, 0.60268, 0.00743562, 0.168903)) == ({x53, x54}, (0.220981, 0.60268, 0.00743562, 0.168903))
({x53, x63}, (0.222636, 0.607194, 9.64205e-07, 0.170169)) == ({x53, x63}, (0.222636, 0.607194, 9.64205e-07, 0.170169))
({x54, x55}, (0.115782, 5.27304e-05, 0.690617, 0.193548)) == ({x54, x55}, (0.115782, 5.27304e-05, 0.690617, 0.193548))
({x54, x64}, (0.726373, 0.0699158, 0.00014207, 0.203569)) == ({x54, x64}, (0.726373, 0.0699158, 0.00014207, 0.203569))
({x55, x56}, (0.143053, 0.00356362, 0.000103065, 0.853281)) == ({x55, x56}, (0.143053, 0.00356362, 0.000103065, 0.853281))
({x55, x65}, (0.000116707, 0.856272, 0.143554, 5.68525e-05)) == ({x55, x65}, (0.000116707, 0.856272, 0.143554, 5.68525e-05))
({x56, x57}, (0.143298, 0.000712536, 0.00124352, 0.854746)) == ({x56, x57}, (0.143298, 0.000712536, 0.00124352, 0.854746))
({x56, x66}, (0.143367, 0.000236062, 0.00124412, 0.855153)) == ({x56, x66}, (0.143367, 0.000236062, 0.00124412, 0.855153))
({x57, x58}, (0.133203, 0.794529, 0.0123065, 0.0599615)) == ({x57, x58}, (0.133203, 0.794529, 0.0123065, 0.0599615))
({x57, x67}, (0.143473, 2.8351e-05, 0.000713403, 0.855785)) == ({x57, x67}, (0.143473, 2.8351e-05, 0.000713403, 0.855785))
({x58, x59}, (0.925597, 0.00232339, 0.00222663, 0.069853)) == ({x58, x59}, (0.925597, 0.00232339, 0.00222663, 0.069853))
({x58, x68}, (0.911183, 0.0687651, 0.0136495, 0.00640262)) == ({x58, x68}, (0.911183, 0.0687651, 0.0136495, 0.00640262))
({x59, x69}, (0.845937, 0.0388852, 0.0513366, 0.0638412)) == ({x59, x69}, (0.845937, 0.0388852, 0.0513366, 0.0638412))
({x60, x61}, (0.188722, 0.0164221, 0.121459, 0.673397)) == ({x60, x61}, (0.188722, 0.0164221, 0.121459, 0.673397))
({x60, x70}, (0.000727824, 0.696548, 0.19521, 0.107513)) == ({x60, x70}, (0.000727824, 0.696548, 0.19521, 0.107513))
({x61, x62}, (9.73112e-07, 0.780435, 0.21872, 0.000844166)) == ({x61, x62}, (9.73112e-07, 0.780435, 0.21872, 0.000844166))
({x61, x71}, (0.188722, 0.121459, 0.0164221, 0.673397)) == ({x61, x71}, (0.188722, 0.121459, 0.0164221, 0.673397))
({x62, x63}, (0.777649, 0.00355993, 0.0008513, 0.217939)) == ({x62, x63}, (0.777649, 0.00355993, 0.0008513, 0.217939))
({x62, x72}, (0.684638, 2.49989e-06, 0.123487, 0.191873)) == ({x62, x72}, (0.684638, 2.49989e-06, 0.123487, 0.191873))
({x63, x64}, (0.68274, 0.125913, 6.7974e-06, 0.19134)) == ({x63, x64}, (0.68274, 0.125913, 6.7974e-06, 0.19134))
({x63, x73}, (0.442639, 0.00041785, 0.432892, 0.124051)) == ({x63, x73}, (0.442639, 0.00041785, 0.432892, 0.124051))
({x64, x65}, (0.69056, 0.193532, 0.115773, 0.000135065)) == ({x64, x65}, (0.69056, 0.193532, 0.115773, 0.000135065))
({x64, x74}, (8.55799e-05, 0.0079504, 0.774818, 0.217146)) == ({x64, x74}, (8.55799e-05, 0.0079504, 0.774818, 0.217146))
({x65, x66}, (0.00356398, 0.143067, 0.853367, 2.27791e-06)) == ({x65, x66}, (0.00356398, 0.143067, 0.853367, 2.27791e-06))
({x65, x75}, (0.848639, 0.142275, 0.00870787, 0.000378723)) == ({x65, x75}, (0.848639, 0.142275, 0.00870787, 0.000378723))
({x66, x67}, (0.143509, 0.000379622, 0.000109745, 0.856002)) == ({x66, x67}, (0.143509, 0.000379622, 0.000109745, 0.856002))
({x66, x76}, (0.123639, 0.737484, 0.00847094, 0.130406)) == ({x66, x76}, (0.123639, 0.737484, 0.00847094, 0.130406))
({x67, x68}, (0.141253, 0.842544, 0.0126213, 0.00358242)) == ({x67, x68}, (0.141253, 0.842544, 0.0126213, 0.00358242))
({x67, x77}, (0.134684, 0.80336, 0.00922761, 0.0527292)) == ({x67, x77}, (0.134684, 0.80336, 0.00922761, 0.0527292))
({x68, x69}, (0.911183, 0.0136495, 0.0687651, 0.00640262)) == ({x68, x69}, (0.911183, 0.0136495, 0.0687651, 0.00640262))
({x68, x78}, (0.0601005, 0.0105176, 0.915665, 0.0137167)) == ({x68, x78}, (0.0601005, 0.0105176, 0.915665, 0.0137167))
({x69, x79}, (6.56925e-05, 0.0701409, 0.929413, 0.000380519)) == ({x69, x79}, (6.56925e-05, 0.0701409, 0.929413, 0.000380519))
({x70, x71}, (0.0015754, 0.218321, 0.779011, 0.00109251)) == ({x70, x71}, (0.0015754, 0.218321, 0.779011, 0.00109251))
({x70, x80}, (0.448662, 0.0234297, 0.402169, 0.125739)) == ({x70, x80}, (0.448662, 0.0234297, 0.402169, 0.125739))
({x71, x72}, (0.106816, 0.674143, 0.188931, 0.0301101)) == ({x71, x72}, (0.106816, 0.674143, 0.188931, 0.0301101))
({x71, x81}, (0.036603, 0.396744, 0.124043, 0.44261)) == ({x71, x81}, (0.036603, 0.396744, 0.124043, 0.44261))
({x72, x73}, (0.442679, 0.000326972, 0.432931, 0.124063)) == ({x72, x73}, (0.442679, 0.000326972, 0.432931, 0.124063))
({x72, x82}, (0.422296, 0.11835, 0.378535, 0.0808184)) == ({x72, x82}, (0.422296, 0.11835, 0.378535, 0.0808184))
({x73, x74}, (0.000474565, 0.00515839, 0.502718, 0.491649)) == ({x73, x74}, (0.000474565, 0.00515839, 0.502718, 0.491649))
({x73, x83}, (0.345993, 0.338375, 0.31014, 0.00549252)) == ({x73, x83}, (0.345993, 0.338375, 0.31014, 0.00549252))
({x74, x75}, (0.000261644, 0.989147, 0.0101496, 0.000441428)) == ({x74, x75}, (0.000261644, 0.989147, 0.0101496, 0.000441428))
({x74, x84}, (0.0101546, 1.94902e-05, 0.000190413, 0.989635)) == ({x74, x84}, (0.0101546, 1.94902e-05, 0.000190413, 0.989635))
({x75, x76}, (0.841984, 0.00863959, 0.148884, 0.000492592)) == ({x75, x76}, (0.841984, 0.00863959, 0.148884, 0.000492592))
({x75, x85}, (8.63901e-06, 0.0101566, 0.989829, 6.19559e-06)) == ({x75, x85}, (8.63901e-06, 0.0101566, 0.989829, 6.19559e-06))
({x76, x77}, (0.799998, 0.14146, 0.00603387, 0.0525086)) == ({x76, x77}, (0.799998, 0.14146, 0.00603387, 0.0525086))
({x76, x86}, (0.00863906, 0.00055419, 0.841932, 0.148875)) == ({x76, x86}, (0.00863906, 0.00055419, 0.841932, 0.148875))
({x77, x78}, (5.35862e-05, 0.0612606, 0.93334, 0.00534585)) == ({x77, x78}, (5.35862e-05, 0.0612606, 0.93334, 0.00534585))
({x77, x87}, (0.928889, 0.0609685, 0.00953132, 0.000611429)) == ({x77, x87}, (0.928889, 0.0609685, 0.00953132, 0.000611429))
({x78, x79}, (0.00149342, 0.0660372, 0.0574337, 0.875036)) == ({x78, x79}, (0.00149342, 0.0660372, 0.0574337, 0.875036))
({x78, x88}, (0.00158379, 0.00952205, 0.0609091, 0.927985)) == ({x78, x88}, (0.00158379, 0.00952205, 0.0609091, 0.927985))
({x79, x89}, (0.0237955, 0.000236651, 0.0684859, 0.907482)) == ({x79, x89}, (0.0237955, 0.000236651, 0.0684859, 0.907482))
({x80, x81}, (0.12022, 0.361817, 0.403645, 0.114318)) == ({x80, x81}, (0.12022, 0.361817, 0.403645, 0.114318))
({x80, x90}, (0.047044, 0.391911, 0.437218, 0.123826)) == ({x80, x90}, (0.047044, 0.391911, 0.437218, 0.123826))
({x81, x82}, (0.14594, 0.409081, 0.36669, 0.0782893)) == ({x81, x82}, (0.14594, 0.409081, 0.36669, 0.0782893))
({x81, x91}, (0.375745, 0.0802227, 0.124848, 0.419184)) == ({x81, x91}, (0.375745, 0.0802227, 0.124848, 0.419184))
({x82, x83}, (0.418567, 0.0801046, 0.126136, 0.375193)) == ({x82, x83}, (0.418567, 0.0801046, 0.126136, 0.375193))
({x82, x92}, (0.157958, 0.396887, 0.44277, 0.00238508)) == ({x82, x92}, (0.157958, 0.396887, 0.44277, 0.00238508))
({x83, x84}, (0.00537906, 0.000494867, 0.524225, 0.469901)) == ({x83, x84}, (0.00537906, 0.000494867, 0.524225, 0.469901))
({x83, x93}, (0.139657, 0.350903, 0.39147, 0.11797)) == ({x83, x93}, (0.139657, 0.350903, 0.39147, 0.11797))
({x84, x85}, (0.0101496, 0.000441428, 0.000261644, 0.989147)) == ({x84, x85}, (0.0101496, 0.000441428, 0.000261644, 0.989147))
({x84, x94}, (0.0101563, 4.25949e-05, 2.24261e-06, 0.989799)) == ({x84, x94}, (0.0101563, 4.25949e-05, 2.24261e-06, 0.989799))
({x85, x86}, (0.0101457, 0.000650839, 0.000441256, 0.988762)) == ({x85, x86}, (0.0101457, 0.000650839, 0.000441256, 0.988762))
({x85, x95}, (0.000441256, 0.988762, 0.0101457, 0.000650839)) == ({x85, x95}, (0.000441256, 0.988762, 0.0101457, 0.000650839))
({x86, x87}, (1.51915e-07, 0.989842, 0.0101568, 1.50079e-06)) == ({x86, x87}, (1.51915e-07, 0.989842, 0.0101568, 1.50079e-06))
({x86, x96}, (0.0101568, 5.80644e-07, 5.40479e-07, 0.989842)) == ({x86, x96}, (0.0101568, 5.80644e-07, 5.40479e-07, 0.989842))
({x87, x88}, (0.0016865, 0.0101396, 0.988167, 6.53206e-06)) == ({x87, x88}, (0.0016865, 0.0101396, 0.988167, 6.53206e-06))
({x87, x97}, (0.989842, 1.28732e-06, 4.55181e-08, 0.0101568)) == ({x87, x97}, (0.989842, 1.28732e-06, 4.55181e-08, 0.0101568))
({x88, x89}, (0.00989968, 0.0252982, 1.42027e-05, 0.964788)) == ({x88, x89}, (0.00989968, 0.0252982, 1.42027e-05, 0.964788))
({x88, x98}, (0.0101548, 9.87905e-06, 0.000180307, 0.989655)) == ({x88, x98}, (0.0101548, 9.87905e-06, 0.000180307, 0.989655))
({x89, x99}, (0.00023957, 0.9741, 0.0255424, 0.000117596)) == ({x89, x99}, (0.00023957, 0.9741, 0.0255424, 0.000117596))
({x90, x91}, (0.468395, 0.000531183, 0.00852946, 0.522544)) == ({x90, x91}, (0.468395, 0.000531183, 0.00852946, 0.522544))
({x91, x92}, (0.469526, 0.000396481, 0.00627133, 0.523806)) == ({x91, x92}, (0.469526, 0.000396481, 0.00627133, 0.523806))
({x92, x93}, (0.469261, 0.000387046, 0.00684252, 0.52351)) == ({x92, x93}, (0.469261, 0.000387046, 0.00684252, 0.52351))
({x93, x94}, (0.00217609, 0.00537002, 0.469111, 0.523343)) == ({x93, x94}, (0.00217609, 0.00537002, 0.469111, 0.523343))
({x94, x95}, (1.40082e-06, 0.989197, 0.0101501, 0.000651126)) == ({x94, x95}, (1.40082e-06, 0.989197, 0.0101501, 0.000651126))
({x95, x96}, (0.000181447, 0.0101544, 0.989616, 4.79576e-05)) == ({x95, x96}, (0.000181447, 0.0101544, 0.989616, 4.79576e-05))
({x96, x97}, (2.00232e-07, 0.989842, 0.0101568, 1.50079e-06)) == ({x96, x97}, (2.00232e-07, 0.989842, 0.0101568, 1.50079e-06))
({x97, x98}, (0.00168651, 0.0101396, 0.988171, 3.10839e-06)) == ({x97, x98}, (0.00168651, 0.0101396, 0.988171, 3.10839e-06))
({x98, x99}, (9.85609e-06, 0.964792, 0.00989972, 0.0252983)) == ({x98, x99}, (9.85609e-06, 0.964792, 0.00989972, 0.0252983))
Exact MAP state (log score = 311.325):
x0: 1
x1: 0
x2: 0
x3: 0
x4: 0
x5: 0
x6: 0
x7: 0
x8: 1
x9: 0
x10: 0
x11: 1
x12: 1
x13: 1
x14: 0
x15: 1
x16: 1
x17: 0
x18: 0
x19: 0
x20: 1
x21: 0
x22: 0
x23: 0
x24: 0
x25: 0
x26: 1
x27: 0
x28: 0
x29: 1
x30: 0
x31: 0
x32: 1
x33: 1
x34: 1
x35: 1
x36: 0
x37: 1
x38: 0
x39: 0
x40: 1
x41: 1
x42: 0
x43: 1
x44: 0
x45: 1
x46: 1
x47: 0
x48: 1
x49: 1
x50: 0
x51: 0
x52: 0
x53: 1
x54: 0
x55: 1
x56: 1
x57: 1
x58: 0
x59: 0
x60: 1
x61: 1
x62: 0
x63: 0
x64: 0
x65: 0
x66: 1
x67: 1
x68: 0
x69: 0
x70: 0
x71: 1
x72: 0
x73: 0
x74: 1
x75: 0
x76: 0
x77: 0
x78: 1
x79: 1
x80: 0
x81: 1
x82: 0
x83: 0
x84: 1
x85: 1
x86: 1
x87: 0
x88: 1
x89: 1
x90: 1
x91: 1
x92: 1
x93: 1
x94: 1
x95: 0
x96: 1
x97: 0
x98: 1
x99: 0
