Builtin inference algorithms: {BP, EXACT, FBP, JTREE, TRWBP}

Exact variable marginals:
({x0}, (0.14055, 0.85945))
({x1}, (0.142232, 0.857768))
({x2}, (0.0515072, 0.948493))
({x3}, (0.0525194, 0.947481))
({x4}, (0.0796874, 0.920313))
({x5}, (0.851655, 0.148345))
({x6}, (0.094549, 0.905451))
({x7}, (0.905322, 0.0946777))
({x8}, (0.304174, 0.695826))
({x9}, (0.713074, 0.286926))
({x10}, (0.859639, 0.140361))
({x11}, (0.142257, 0.857743))
({x12}, (0.0714376, 0.928562))
({x13}, (0.0916265, 0.908374))
({x14}, (0.0659049, 0.934095))
({x15}, (0.00616605, 0.993834))
({x16}, (0.00427034, 0.99573))
({x17}, (0.00689615, 0.993104))
({x18}, (0.00410078, 0.995899))
({x19}, (0.00392525, 0.996075))
({x20}, (0.109951, 0.890049))
({x21}, (0.93964, 0.0603597))
({x22}, (0.962451, 0.0375493))
({x23}, (0.963939, 0.0360607))
({x24}, (0.963402, 0.0365979))
({x25}, (0.0116944, 0.988306))
({x26}, (0.99548, 0.00452007))
({x27}, (0.00501189, 0.994988))
({x28}, (0.0058858, 0.994114))
({x29}, (0.996057, 0.00394341))
({x30}, (0.0220496, 0.97795))
({x31}, (0.0220159, 0.977984))
({x32}, (0.0249512, 0.975049))
({x33}, (0.96473, 0.0352697))
({x34}, (0.963466, 0.0365344))
({x35}, (0.0366855, 0.963315))
({x36}, (0.0179392, 0.982061))
({x37}, (0.98192, 0.0180797))
({x38}, (0.962393, 0.0376066))
({x39}, (0.993224, 0.00677572))
({x40}, (0.0220096, 0.97799))
({x41}, (0.0220161, 0.977984))
({x42}, (0.975304, 0.0246964))
({x43}, (0.975301, 0.0246991))
({x44}, (0.180182, 0.819818))
({x45}, (0.821646, 0.178354))
({x46}, (0.981171, 0.0188292))
({x47}, (0.977992, 0.0220084))
({x48}, (0.0221937, 0.977806))
({x49}, (0.992789, 0.00721136))
({x50}, (0.982246, 0.0177537))
({x51}, (0.982225, 0.0177753))
({x52}, (0.975934, 0.0240665))
({x53}, (0.975293, 0.0247067))
({x54}, (0.0407444, 0.959256))
({x55}, (0.819906, 0.180094))
({x56}, (0.365557, 0.634443))
({x57}, (0.0261164, 0.973884))
({x58}, (0.978146, 0.0218537))
({x59}, (0.0134043, 0.986596))
({x60}, (0.0177635, 0.982236))
({x61}, (0.0185176, 0.981482))
({x62}, (0.0241407, 0.975859))
({x63}, (0.975021, 0.0249792))
({x64}, (0.974699, 0.0253009))
({x65}, (0.180644, 0.819356))
({x66}, (0.759495, 0.240505))
({x67}, (0.776301, 0.223699))
({x68}, (0.775798, 0.224202))
({x69}, (0.927196, 0.0728044))
({x70}, (0.0365375, 0.963463))
({x71}, (0.0365357, 0.963464))
({x72}, (0.963616, 0.0363843))
({x73}, (0.190563, 0.809437))
({x74}, (0.134589, 0.865411))
({x75}, (0.197518, 0.802482))
({x76}, (0.20451, 0.79549))
({x77}, (0.794157, 0.205843))
({x78}, (0.775546, 0.224454))
({x79}, (0.776212, 0.223788))
({x80}, (0.963448, 0.0365524))
({x81}, (0.963465, 0.0365354))
({x82}, (0.0365392, 0.963461))
({x83}, (0.870037, 0.129963))
({x84}, (0.126809, 0.873191))
({x85}, (0.814939, 0.185061))
({x86}, (0.187077, 0.812923))
({x87}, (0.205849, 0.794151))
({x88}, (0.776075, 0.223925))
({x89}, (0.776031, 0.223969))
({x90}, (0.0843377, 0.915662))
({x91}, (0.0370596, 0.96294))
({x92}, (0.961452, 0.0385478))
({x93}, (0.810438, 0.189562))
({x94}, (0.119959, 0.880041))
({x95}, (0.878218, 0.121782))
({x96}, (0.18611, 0.81389))
({x97}, (0.594362, 0.405638))
({x98}, (0.377939, 0.622061))
({x99}, (0.440919, 0.559081))
Exact factor marginals:
({x0}, (0.14055, 0.85945))
({x1}, (0.142232, 0.857768))
({x2}, (0.0515072, 0.948493))
({x3}, (0.0525194, 0.947481))
({x4}, (0.0796874, 0.920313))
({x5}, (0.851655, 0.148345))
({x6}, (0.094549, 0.905451))
({x7}, (0.905322, 0.0946777))
({x8}, (0.304174, 0.695826))
({x9}, (0.713074, 0.286926))
({x10}, (0.859639, 0.140361))
({x11}, (0.142257, 0.857743))
({x12}, (0.0714376, 0.928562))
({x13}, (0.0916265, 0.908374))
({x14}, (0.0659049, 0.934095))
({x15}, (0.00616605, 0.993834))
({x16}, (0.00427034, 0.99573))
({x17}, (0.00689615, 0.993104))
({x18}, (0.00410078, 0.995899))
({x19}, (0.00392525, 0.996075))
({x20}, (0.109951, 0.890049))
({x21}, (0.93964, 0.0603597))
({x22}, (0.962451, 0.0375493))
({x23}, (0.963939, 0.0360607))
({x24}, (0.963402, 0.0365979))
({x25}, (0.0116944, 0.988306))
({x26}, (0.99548, 0.00452007))
({x27}, (0.00501189, 0.994988))
({x28}, (0.0058858, 0.994114))
({x29}, (0.996057, 0.00394341))
({x30}, (0.0220496, 0.97795))
({x31}, (0.0220159, 0.977984))
({x32}, (0.0249512, 0.975049))
({x33}, (0.96473, 0.0352697))
({x34}, (0.963466, 0.0365344))
({x35}, (0.0366855, 0.963315))
({x36}, (0.0179392, 0.982061))
({x37}, (0.98192, 0.0180797))
({x38}, (0.962393, 0.0376066))
({x39}, (0.993224, 0.00677572))
({x40}, (0.0220096, 0.97799))
({x41}, (0.0220161, 0.977984))
({x42}, (0.975304, 0.0246964))
({x43}, (0.975301, 0.0246991))
({x44}, (0.180182, 0.819818))
({x45}, (0.821646, 0.178354))
({x46}, (0.981171, 0.0188292))
({x47}, (0.977992, 0.0220084))
({x48}, (0.0221937, 0.977806))
({x49}, (0.992789, 0.00721136))
({x50}, (0.982246, 0.0177537))
({x51}, (0.982225, 0.0177753))
({x52}, (0.975934, 0.0240665))
({x53}, (0.975293, 0.0247067))
({x54}, (0.0407444, 0.959256))
({x55}, (0.819906, 0.180094))
({x56}, (0.365557, 0.634443))
({x57}, (0.0261164, 0.973884))
({x58}, (0.978146, 0.0218537))
({x59}, (0.0134043, 0.986596))
({x60}, (0.0177635, 0.982236))
({x61}, (0.0185176, 0.981482))
({x62}, (0.0241407, 0.975859))
({x63}, (0.975021, 0.0249792))
({x64}, (0.974699, 0.0253009))
({x65}, (0.180644, 0.819356))
({x66}, (0.759495, 0.240505))
({x67}, (0.776301, 0.223699))
({x68}, (0.775798, 0.224202))
({x69}, (0.927196, 0.0728044))
({x70}, (0.0365375, 0.963463))
({x71}, (0.0365357, 0.963464))
({x72}, (0.963616, 0.0363843))
({x73}, (0.190563, 0.809437))
({x74}, (0.134589, 0.865411))
({x75}, (0.197518, 0.802482))
({x76}, (0.20451, 0.79549))
({x77}, (0.794157, 0.205843))
({x78}, (0.775546, 0.224454))
({x79}, (0.776212, 0.223788))
({x80}, (0.963448, 0.0365524))
({x81}, (0.963465, 0.0365354))
({x82}, (0.0365392, 0.963461))
({x83}, (0.870037, 0.129963))
({x84}, (0.126809, 0.873191))
({x85}, (0.814939, 0.185061))
({x86}, (0.187077, 0.812923))
({x87}, (0.205849, 0.794151))
({x88}, (0.776075, 0.223925))
({x89}, (0.776031, 0.223969))
({x90}, (0.0843377, 0.915662))
({x91}, (0.0370596, 0.96294))
({x92}, (0.961452, 0.0385478))
({x93}, (0.810438, 0.189562))
({x94}, (0.119959, 0.880041))
({x95}, (0.878218, 0.121782))
({x96}, (0.18611, 0.81389))
({x97}, (0.594362, 0.405638))
({x98}, (0.377939, 0.622061))
({x99}, (0.440919, 0.559081))
({x0, x1}, (0.140507, 0.0017253, 4.35017e-05, 0.857724))
({x0, x10}, (0.000190142, 0.859449, 0.14036, 6.98225e-07))
({x1, x2}, (0.0224364, 0.0290708, 0.119796, 0.828697))
({x1, x11}, (0.142201, 5.60505e-05, 3.15614e-05, 0.857712))
({x2, x3}, (0.022, 0.0305194, 0.0295072, 0.917973))
({x2, x12}, (0.0378684, 0.0335692, 0.0136388, 0.914924))
({x3, x4}, (0.0426965, 0.0369909, 0.00982289, 0.91049))
({x3, x13}, (0.0467874, 0.044839, 0.00573197, 0.902642))
({x4, x5}, (0.0439179, 0.807737, 0.0357695, 0.112576))
({x4, x14}, (0.0638234, 0.00208155, 0.015864, 0.918231))
({x5, x6}, (0.000146737, 0.0944023, 0.851508, 0.0539431))
({x5, x15}, (0.00575308, 0.000412972, 0.845902, 0.147932))
({x6, x7}, (0.00037631, 0.904946, 0.0941727, 0.000504946))
({x6, x16}, (0.00125581, 0.00301453, 0.0932932, 0.902436))
({x7, x8}, (0.244863, 0.0593117, 0.66046, 0.035366))
({x7, x17}, (0.00533595, 0.00156019, 0.899986, 0.0931175))
({x8, x9}, (0.0198484, 0.693226, 0.284326, 0.0025998))
({x8, x18}, (0.000339094, 0.00376169, 0.303835, 0.692064))
({x9, x19}, (0.00363837, 0.000286874, 0.709436, 0.286639))
({x10, x11}, (0.00193808, 0.140319, 0.857701, 4.235e-05))
({x10, x20}, (0.00425932, 0.105692, 0.85538, 0.0346691))
({x11, x12}, (0.0277922, 0.0436454, 0.114464, 0.814098))
({x11, x21}, (0.0909982, 0.848642, 0.0512584, 0.00910127))
({x12, x13}, (0.0295933, 0.0620332, 0.0418443, 0.866529))
({x12, x22}, (0.034324, 0.928127, 0.0371136, 0.000435713))
({x13, x14}, (0.0459173, 0.0199877, 0.0457092, 0.888386))
({x13, x23}, (0.0620709, 0.901868, 0.0295556, 0.00650518))
({x14, x15}, (0.00410979, 0.00205626, 0.0617951, 0.932039))
({x14, x24}, (0.0293184, 0.934084, 0.0365865, 1.13604e-05))
({x15, x16}, (0.00355816, 0.000712185, 0.0026079, 0.993122))
({x15, x25}, (0.00443707, 0.00725735, 0.00172898, 0.986577))
({x16, x17}, (0.0036501, 0.00324604, 0.000620238, 0.992484))
({x16, x26}, (1.0398e-05, 0.99547, 0.00425994, 0.000260128))
({x17, x18}, (0.00374619, 0.000354596, 0.00314996, 0.992749))
({x17, x27}, (0.00374082, 0.00127107, 0.00315532, 0.991833))
({x18, x19}, (0.00385858, 6.66626e-05, 0.000242198, 0.995833))
({x18, x28}, (0.00334817, 0.00253763, 0.00075261, 0.993362))
({x19, x29}, (0.000293099, 0.995763, 0.00363215, 0.000311265))
({x20, x21}, (0.094301, 0.845339, 0.0156501, 0.0447096))
({x20, x30}, (0.0173818, 0.00466787, 0.0925693, 0.885381))
({x21, x22}, (0.939337, 0.0231134, 0.000303063, 0.0372463))
({x21, x31}, (0.00171207, 0.0203038, 0.937928, 0.0400559))
({x22, x23}, (0.962311, 0.00162859, 0.000139999, 0.0359207))
({x22, x32}, (0.000131118, 0.0248201, 0.96232, 0.0127292))
({x23, x24}, (0.963232, 0.000170408, 0.000707558, 0.0358903))
({x23, x33}, (0.963938, 0.000792077, 1.07641e-06, 0.0352687))
({x24, x25}, (0.0003163, 0.0113781, 0.963086, 0.0252198))
({x24, x34}, (0.96334, 0.000125391, 6.18954e-05, 0.0364725))
({x25, x26}, (0.00903374, 0.986446, 0.00266069, 0.00185939))
({x25, x35}, (0.0114646, 0.0252209, 0.000229814, 0.963085))
({x26, x27}, (0.000536452, 0.00447544, 0.994943, 4.46289e-05))
({x26, x36}, (0.0134502, 0.00448891, 0.98203, 3.11557e-05))
({x27, x28}, (0.00296436, 0.00292144, 0.00204753, 0.992067))
({x27, x37}, (0.000566645, 0.981354, 0.00444525, 0.0136345))
({x28, x29}, (0.00247934, 0.993577, 0.00340646, 0.000536953))
({x28, x38}, (0.00288075, 0.959513, 0.00300505, 0.0346016))
({x29, x39}, (0.993136, 8.82966e-05, 0.00292061, 0.00385512))
({x30, x31}, (0.0220015, 1.43318e-05, 4.80891e-05, 0.977936))
({x30, x40}, (0.0220026, 6.93272e-06, 4.69724e-05, 0.977943))
({x31, x32}, (0.0204089, 0.00454229, 0.00160692, 0.973442))
({x31, x41}, (0.0220136, 2.50935e-06, 2.30325e-06, 0.977982))
({x32, x33}, (1.57807e-06, 0.964729, 0.0249497, 0.0103201))
({x32, x42}, (0.000257086, 0.975046, 0.0246941, 2.29939e-06))
({x33, x34}, (0.963455, 1.10417e-05, 0.0012757, 0.0352587))
({x33, x43}, (0.964717, 0.0105837, 1.30831e-05, 0.0246861))
({x34, x35}, (0.00213226, 0.0345532, 0.961333, 0.00198117))
({x34, x44}, (0.143864, 0.0363187, 0.819602, 0.00021568))
({x35, x36}, (0.00248059, 0.0154586, 0.0342049, 0.947856))
({x35, x45}, (0.000108412, 0.821538, 0.0365771, 0.141777))
({x36, x37}, (6.91372e-07, 0.98192, 0.0179385, 0.000141277))
({x36, x46}, (1.33795e-06, 0.981169, 0.0179378, 0.000891421))
({x37, x38}, (0.962153, 0.000240137, 0.019767, 0.0178396))
({x37, x47}, (0.977879, 0.000112323, 0.004041, 0.0179674))
({x38, x39}, (0.959817, 0.033407, 0.00257606, 0.00419966))
({x38, x48}, (1.22777e-05, 0.0221814, 0.962381, 0.0154253))
({x39, x49}, (0.992786, 2.95451e-06, 0.000438594, 0.00677277))
({x40, x41}, (0.022005, 1.10886e-05, 4.6002e-06, 0.977979))
({x40, x50}, (0.00430123, 0.977945, 0.0177083, 4.53841e-05))
({x41, x42}, (0.00174304, 0.973561, 0.020273, 0.00442342))
({x41, x51}, (0.00433322, 0.977891, 0.0176828, 9.24606e-05))
({x42, x43}, (0.975291, 9.6464e-06, 1.23414e-05, 0.0246868))
({x42, x52}, (0.975241, 0.000692719, 6.27509e-05, 0.0240037))
({x43, x44}, (0.155723, 0.0244594, 0.819578, 0.000239786))
({x43, x53}, (0.975277, 1.67483e-05, 2.43373e-05, 0.0246824))
({x44, x45}, (0.00195749, 0.819689, 0.178225, 0.000129251))
({x44, x54}, (0.0374277, 0.00331665, 0.142754, 0.816501))
({x45, x46}, (0.805439, 0.175732, 0.016207, 0.00262226))
({x45, x55}, (0.798746, 0.0211603, 0.0228999, 0.157194))
({x46, x47}, (0.977931, 6.06426e-05, 0.00323982, 0.0187686))
({x46, x56}, (0.364203, 0.00135408, 0.616968, 0.0174752))
({x47, x48}, (0.00076868, 0.021425, 0.977223, 0.000583441))
({x47, x57}, (0.00410905, 0.0220074, 0.973883, 1.03331e-06))
({x48, x49}, (0.0176758, 0.975113, 0.00451787, 0.00269349))
({x48, x58}, (0.000402315, 0.977744, 0.0217913, 6.23889e-05))
({x49, x59}, (0.00619379, 0.00721049, 0.986595, 8.73956e-07))
({x50, x51}, (0.9822, 2.47995e-05, 4.63714e-05, 0.0177289))
({x50, x60}, (1.26926e-05, 0.0177508, 0.982234, 2.88691e-06))
({x51, x52}, (0.975874, 5.91188e-05, 0.00635029, 0.0177162))
({x51, x61}, (0.00113894, 0.0173786, 0.981086, 0.000396694))
({x52, x53}, (0.97523, 6.37147e-05, 0.000703966, 0.0240028))
({x52, x62}, (7.72131e-05, 0.0240635, 0.975856, 3.01581e-06))
({x53, x54}, (0.0160399, 0.0247045, 0.959253, 2.23366e-06))
({x53, x63}, (0.97446, 0.000561272, 0.00083376, 0.0241455))
({x54, x55}, (3.80622e-05, 0.819868, 0.0407063, 0.139387))
({x54, x64}, (0.015485, 0.959214, 0.0252593, 4.1509e-05))
({x55, x56}, (0.186478, 0.179079, 0.633428, 0.00101444))
({x55, x65}, (0.000593829, 0.18005, 0.819313, 4.36921e-05))
({x56, x57}, (0.00141101, 0.0247054, 0.364146, 0.609737))
({x56, x66}, (0.125338, 0.634157, 0.240219, 0.000285824))
({x57, x58}, (0.00497774, 0.973169, 0.0211387, 0.000715037))
({x57, x67}, (0.0243373, 0.751964, 0.00177909, 0.221919))
({x58, x59}, (0.00829129, 0.00511299, 0.969855, 0.0167407))
({x58, x68}, (0.758236, 0.0175615, 0.21991, 0.0042922))
({x59, x69}, (7.36026e-06, 0.927188, 0.0133969, 0.0594075))
({x60, x61}, (0.0173307, 0.00118686, 0.000432845, 0.98105))
({x60, x70}, (0.0173622, 0.0191753, 0.00040137, 0.963061))
({x61, x62}, (0.0173183, 0.00682236, 0.00119924, 0.97466))
({x61, x71}, (0.0169309, 0.0196048, 0.00158668, 0.961878))
({x62, x63}, (0.000396314, 0.974624, 0.0237444, 0.00123486))
({x62, x72}, (0.000392955, 0.963223, 0.0237477, 0.0126366))
({x63, x64}, (0.974642, 5.74824e-05, 0.000379115, 0.0249217))
({x63, x73}, (0.168572, 0.0219915, 0.806449, 0.00298772))
({x64, x65}, (0.155352, 0.0252922, 0.819348, 8.67036e-06))
({x64, x74}, (0.128446, 0.00614306, 0.846253, 0.0191578))
({x65, x66}, (0.00780362, 0.751692, 0.17284, 0.0676647))
({x65, x75}, (0.180529, 0.016989, 0.000114995, 0.802367))
({x66, x67}, (0.759357, 0.0169447, 0.000138408, 0.22356))
({x66, x76}, (5.83505e-06, 0.204504, 0.759489, 0.0360008))
({x67, x68}, (0.774324, 0.00147333, 0.00197723, 0.222225))
({x67, x77}, (0.7763, 0.0178569, 1.33814e-06, 0.205842))
({x68, x69}, (0.774194, 0.153002, 0.00160377, 0.0712006))
({x68, x78}, (0.775107, 0.000438686, 0.000690512, 0.223764))
({x69, x79}, (0.775573, 0.000639461, 0.151623, 0.0721649))
({x70, x71}, (0.0365347, 1.00249e-06, 2.78164e-06, 0.963462))
({x70, x80}, (2.12261e-06, 0.963445, 0.0365354, 1.70658e-05))
({x71, x72}, (0.000153797, 0.963462, 0.0363819, 2.39881e-06))
({x71, x81}, (3.24665e-07, 0.963464, 0.0365354, 6.80235e-08))
({x72, x73}, (0.166282, 0.0242816, 0.797334, 0.0121027))
({x72, x82}, (0.000157245, 0.036382, 0.963458, 2.32413e-06))
({x73, x74}, (0.00362056, 0.130968, 0.186943, 0.678468))
({x73, x83}, (0.143731, 0.726306, 0.0468324, 0.083131))
({x74, x75}, (0.00602262, 0.191495, 0.128566, 0.673916))
({x74, x84}, (0.123434, 0.00337469, 0.0111549, 0.862036))
({x75, x76}, (0.17661, 0.0279001, 0.0209079, 0.774582))
({x75, x85}, (0.0150784, 0.799861, 0.182439, 0.00262175))
({x76, x77}, (3.90434e-05, 0.794118, 0.204471, 0.00137217))
({x76, x86}, (0.187025, 5.20623e-05, 0.0174845, 0.795438))
({x77, x78}, (0.775532, 1.40278e-05, 0.0186253, 0.205829))
({x77, x87}, (1.19278e-05, 0.205837, 0.794145, 6.06098e-06))
({x78, x79}, (0.775248, 0.000964295, 0.000297543, 0.22349))
({x78, x88}, (0.775273, 0.000801462, 0.0002723, 0.223653))
({x79, x89}, (0.776021, 1.01423e-05, 0.000191371, 0.223777))
({x80, x81}, (0.963447, 1.71258e-05, 1.468e-07, 0.0365353))
({x80, x90}, (0.0484556, 0.0358821, 0.914992, 0.000670323))
({x81, x82}, (6.44542e-06, 0.0365328, 0.963458, 2.66581e-06))
({x81, x91}, (0.000577652, 0.036482, 0.962887, 5.34844e-05))
({x82, x83}, (0.00644679, 0.86359, 0.0300924, 0.0998709))
({x82, x92}, (2.46946e-05, 0.961427, 0.0365145, 0.00203332))
({x83, x84}, (0.0376026, 0.0892061, 0.832434, 0.0407573))
({x83, x93}, (0.734731, 0.0757065, 0.135305, 0.0542568))
({x84, x85}, (0.11539, 0.699549, 0.0114188, 0.173642))
({x84, x94}, (0.0955005, 0.024459, 0.0313082, 0.848732))
({x85, x86}, (0.0102935, 0.176784, 0.804646, 0.00827701))
({x85, x95}, (0.707617, 0.170601, 0.107322, 0.0144596))
({x86, x87}, (0.187018, 0.0188308, 5.93961e-05, 0.794092))
({x86, x96}, (0.186033, 7.70445e-05, 0.0010447, 0.812845))
({x87, x88}, (1.26302e-05, 0.776062, 0.205836, 0.0180889))
({x87, x97}, (0.0101401, 0.584222, 0.195709, 0.209929))
({x88, x89}, (0.776029, 2.28708e-06, 4.59261e-05, 0.223923))
({x88, x98}, (0.154937, 0.223002, 0.621138, 0.000923272))
({x89, x99}, (0.219165, 0.221754, 0.556866, 0.00221463))
({x90, x91}, (0.0358151, 0.00124447, 0.0485226, 0.914418))
({x91, x92}, (6.51325e-05, 0.961387, 0.0369945, 0.00155337))
({x92, x93}, (0.796019, 0.0144183, 0.165433, 0.0241295))
({x93, x94}, (0.00377097, 0.116189, 0.806667, 0.0733738))
({x94, x95}, (0.00210672, 0.876112, 0.117853, 0.0039289))
({x95, x96}, (0.170121, 0.0159888, 0.708097, 0.105793))
({x96, x97}, (0.00983249, 0.584529, 0.176277, 0.229361))
({x97, x98}, (0.00921479, 0.368724, 0.585147, 0.036914))
({x98, x99}, (0.326984, 0.113935, 0.0509551, 0.508126))
Exact log partition sum: 307.557
Exact MAP variable marginals:
({x0}, (0.0974875, 0.902513))
({x1}, (0.0974875, 0.902513))
({x2}, (0.0160135, 0.983987))
({x3}, (0.00832433, 0.991676))
({x4}, (0.00867057, 0.991329))
({x5}, (0.933593, 0.066407))
({x6}, (0.066407, 0.933593))
({x7}, (0.933593, 0.066407))
({x8}, (0.258853, 0.741147))
({x9}, (0.741147, 0.258853))
({x10}, (0.902513, 0.0974875))
({x11}, (0.0974875, 0.902513))
({x12}, (0.0276874, 0.972313))
({x13}, (0.0418193, 0.958181))
({x14}, (0.00832433, 0.991676))
({x15}, (0.00118486, 0.998815))
({x16}, (0.00118486, 0.998815))
({x17}, (0.00240442, 0.997596))
({x18}, (0.00118486, 0.998815))
({x19}, (0.00118486, 0.998815))
({x20}, (0.0974875, 0.902513))
({x21}, (0.974067, 0.0259333))
({x22}, (0.995513, 0.00448743))
({x23}, (0.995513, 0.00448743))
({x24}, (0.995513, 0.00448743))
({x25}, (0.00140944, 0.998591))
({x26}, (0.998815, 0.00118486))
({x27}, (0.00118486, 0.998815))
({x28}, (0.00250753, 0.997492))
({x29}, (0.998815, 0.00118486))
({x30}, (0.00448743, 0.995513))
({x31}, (0.00448743, 0.995513))
({x32}, (0.00448743, 0.995513))
({x33}, (0.995513, 0.00448743))
({x34}, (0.995513, 0.00448743))
({x35}, (0.00448743, 0.995513))
({x36}, (0.0200311, 0.979969))
({x37}, (0.979969, 0.0200311))
({x38}, (0.979969, 0.0200311))
({x39}, (0.997244, 0.00275561))
({x40}, (0.00448743, 0.995513))
({x41}, (0.00448743, 0.995513))
({x42}, (0.995513, 0.00448743))
({x43}, (0.995513, 0.00448743))
({x44}, (0.175963, 0.824037))
({x45}, (0.824037, 0.175963))
({x46}, (0.979969, 0.0200311))
({x47}, (0.979969, 0.0200311))
({x48}, (0.0200311, 0.979969))
({x49}, (0.997244, 0.00275561))
({x50}, (0.995513, 0.00448743))
({x51}, (0.995513, 0.00448743))
({x52}, (0.995513, 0.00448743))
({x53}, (0.995513, 0.00448743))
({x54}, (0.0210829, 0.978917))
({x55}, (0.824037, 0.175963))
({x56}, (0.175963, 0.824037))
({x57}, (0.0200311, 0.979969))
({x58}, (0.979969, 0.0200311))
({x59}, (0.00777779, 0.992222))
({x60}, (0.00448743, 0.995513))
({x61}, (0.00448743, 0.995513))
({x62}, (0.00448743, 0.995513))
({x63}, (0.995513, 0.00448743))
({x64}, (0.995513, 0.00448743))
({x65}, (0.175963, 0.824037))
({x66}, (0.824037, 0.175963))
({x67}, (0.824037, 0.175963))
({x68}, (0.824037, 0.175963))
({x69}, (0.923437, 0.0765628))
({x70}, (0.0167429, 0.983257))
({x71}, (0.0167429, 0.983257))
({x72}, (0.983257, 0.0167429))
({x73}, (0.168367, 0.831633))
({x74}, (0.0693502, 0.93065))
({x75}, (0.175963, 0.824037))
({x76}, (0.175963, 0.824037))
({x77}, (0.824037, 0.175963))
({x78}, (0.824037, 0.175963))
({x79}, (0.824037, 0.175963))
({x80}, (0.983257, 0.0167429))
({x81}, (0.983257, 0.0167429))
({x82}, (0.0167429, 0.983257))
({x83}, (0.931636, 0.0683643))
({x84}, (0.0693502, 0.93065))
({x85}, (0.824037, 0.175963))
({x86}, (0.175963, 0.824037))
({x87}, (0.175963, 0.824037))
({x88}, (0.824037, 0.175963))
({x89}, (0.824037, 0.175963))
({x90}, (0.0503205, 0.949679))
({x91}, (0.0167429, 0.983257))
({x92}, (0.983257, 0.0167429))
({x93}, (0.914123, 0.0858773))
({x94}, (0.0693502, 0.93065))
({x95}, (0.93065, 0.0693502))
({x96}, (0.175963, 0.824037))
({x97}, (0.818303, 0.181697))
({x98}, (0.181697, 0.818303))
({x99}, (0.182042, 0.817958))
Exact MAP factor marginals:
({x0}, (0.0974875, 0.902513)) == ({x0}, (0.0974875, 0.902513))
({x1}, (0.0974875, 0.902513)) == ({x1}, (0.0974875, 0.902513))
({x2}, (0.0160135, 0.983987)) == ({x2}, (0.0160135, 0.983987))
({x3}, (0.00832433, 0.991676)) == ({x3}, (0.00832433, 0.991676))
({x4}, (0.00867057, 0.991329)) == ({x4}, (0.00867057, 0.991329))
({x5}, (0.933593, 0.066407)) == ({x5}, (0.933593, 0.066407))
({x6}, (0.066407, 0.933593)) == ({x6}, (0.066407, 0.933593))
({x7}, (0.933593, 0.066407)) == ({x7}, (0.933593, 0.066407))
({x8}, (0.258853, 0.741147)) == ({x8}, (0.258853, 0.741147))
({x9}, (0.741147, 0.258853)) == ({x9}, (0.741147, 0.258853))
({x10}, (0.902513, 0.0974875)) == ({x10}, (0.902513, 0.0974875))
({x11}, (0.0974875, 0.902513)) == ({x11}, (0.0974875, 0.902513))
({x12}, (0.0276874, 0.972313)) == ({x12}, (0.0276874, 0.972313))
({x13}, (0.0418193, 0.958181)) == ({x13}, (0.0418193, 0.958181))
({x14}, (0.00832433, 0.991676)) == ({x14}, (0.00832433, 0.991676))
({x15}, (0.00118486, 0.998815)) == ({x15}, (0.00118486, 0.998815))
({x16}, (0.00118486, 0.998815)) == ({x16}, (0.00118486, 0.998815))
({x17}, (0.00240442, 0.997596)) == ({x17}, (0.00240442, 0.997596))
({x18}, (0.00118486, 0.998815)) == ({x18}, (0.00118486, 0.998815))
({x19}, (0.00118486, 0.998815)) == ({x19}, (0.00118486, 0.998815))
({x20}, (0.0974875, 0.902513)) == ({x20}, (0.0974875, 0.902513))
({x21}, (0.974067, 0.0259333)) == ({x21}, (0.974067, 0.0259333))
({x22}, (0.995513, 0.00448743)) == ({x22}, (0.995513, 0.00448743))
({x23}, (0.995513, 0.00448743)) == ({x23}, (0.995513, 0.00448743))
({x24}, (0.995513, 0.00448743)) == ({x24}, (0.995513, 0.00448743))
({x25}, (0.00140944, 0.998591)) == ({x25}, (0.00140944, 0.998591))
({x26}, (0.998815, 0.00118486)) == ({x26}, (0.998815, 0.00118486))
({x27}, (0.00118486, 0.998815)) == ({x27}, (0.00118486, 0.998815))
({x28}, (0.00250753, 0.997492)) == ({x28}, (0.00250753, 0.997492))
({x29}, (0.998815, 0.00118486)) == ({x29}, (0.998815, 0.00118486))
({x30}, (0.00448743, 0.995513)) == ({x30}, (0.00448743, 0.995513))
({x31}, (0.00448743, 0.995513)) == ({x31}, (0.00448743, 0.995513))
({x32}, (0.00448743, 0.995513)) == ({x32}, (0.00448743, 0.995513))
({x33}, (0.995513, 0.00448743)) == ({x33}, (0.995513, 0.00448743))
({x34}, (0.995513, 0.00448743)) == ({x34}, (0.995513, 0.00448743))
({x35}, (0.00448743, 0.995513)) == ({x35}, (0.00448743, 0.995513))
({x36}, (0.0200311, 0.979969)) == ({x36}, (0.0200311, 0.979969))
({x37}, (0.979969, 0.0200311)) == ({x37}, (0.979969, 0.0200311))
({x38}, (0.979969, 0.0200311)) == ({x38}, (0.979969, 0.0200311))
({x39}, (0.997244, 0.00275561)) == ({x39}, (0.997244, 0.00275561))
({x40}, (0.00448743, 0.995513)) == ({x40}, (0.00448743, 0.995513))
({x41}, (0.00448743, 0.995513)) == ({x41}, (0.00448743, 0.995513))
({x42}, (0.995513, 0.00448743)) == ({x42}, (0.995513, 0.00448743))
({x43}, (0.995513, 0.00448743)) == ({x43}, (0.995513, 0.00448743))
({x44}, (0.175963, 0.824037)) == ({x44}, (0.175963, 0.824037))
({x45}, (0.824037, 0.175963)) == ({x45}, (0.824037, 0.175963))
({x46}, (0.979969, 0.0200311)) == ({x46}, (0.979969, 0.0200311))
({x47}, (0.979969, 0.0200311)) == ({x47}, (0.979969, 0.0200311))
({x48}, (0.0200311, 0.979969)) == ({x48}, (0.0200311, 0.979969))
({x49}, (0.997244, 0.00275561)) == ({x49}, (0.997244, 0.00275561))
({x50}, (0.995513, 0.00448743)) == ({x50}, (0.995513, 0.00448743))
({x51}, (0.995513, 0.00448743)) == ({x51}, (0.995513, 0.00448743))
({x52}, (0.995513, 0.00448743)) == ({x52}, (0.995513, 0.00448743))
({x53}, (0.995513, 0.00448743)) == ({x53}, (0.995513, 0.00448743))
({x54}, (0.0210829, 0.978917)) == ({x54}, (0.0210829, 0.978917))
({x55}, (0.824037, 0.175963)) == ({x55}, (0.824037, 0.175963))
({x56}, (0.175963, 0.824037)) == ({x56}, (0.175963, 0.824037))
({x57}, (0.0200311, 0.979969)) == ({x57}, (0.0200311, 0.979969))
({x58}, (0.979969, 0.0200311)) == ({x58}, (0.979969, 0.0200311))
({x59}, (0.00777779, 0.992222)) == ({x59}, (0.00777779, 0.992222))
({x60}, (0.00448743, 0.995513)) == ({x60}, (0.00448743, 0.995513))
({x61}, (0.00448743, 0.995513)) == ({x61}, (0.00448743, 0.995513))
({x62}, (0.00448743, 0.995513)) == ({x62}, (0.00448743, 0.995513))
({x63}, (0.995513, 0.00448743)) == ({x63}, (0.995513, 0.00448743))
({x64}, (0.995513, 0.00448743)) == ({x64}, (0.995513, 0.00448743))
({x65}, (0.175963, 0.824037)) == ({x65}, (0.175963, 0.824037))
({x66}, (0.824037, 0.175963)) == ({x66}, (0.824037, 0.175963))
({x67}, (0.824037, 0.175963)) == ({x67}, (0.824037, 0.175963))
({x68}, (0.824037, 0.175963)) == ({x68}, (0.824037, 0.175963))
({x69}, (0.923437, 0.0765628)) == ({x69}, (0.923437, 0.0765628))
({x70}, (0.0167429, 0.983257)) == ({x70}, (0.0167429, 0.983257))
({x71}, (0.0167429, 0.983257)) == ({x71}, (0.0167429, 0.983257))
({x72}, (0.983257, 0.0167429)) == ({x72}, (0.983257, 0.0167429))
({x73}, (0.168367, 0.831633)) == ({x73}, (0.168367, 0.831633))
({x74}, (0.0693502, 0.93065)) == ({x74}, (0.0693502, 0.93065))
({x75}, (0.175963, 0.824037)) == ({x75}, (0.175963, 0.824037))
({x76}, (0.175963, 0.824037)) == ({x76}, (0.175963, 0.824037))
({x77}, (0.824037, 0.175963)) == ({x77}, (0.824037, 0.175963))
({x78}, (0.824037, 0.175963)) == ({x78}, (0.824037, 0.175963))
({x79}, (0.824037, 0.175963)) == ({x79}, (0.824037, 0.175963))
({x80}, (0.983257, 0.0167429)) == ({x80}, (0.983257, 0.0167429))
({x81}, (0.983257, 0.0167429)) == ({x81}, (0.983257, 0.0167429))
({x82}, (0.0167429, 0.983257)) == ({x82}, (0.0167429, 0.983257))
({x83}, (0.931636, 0.0683643)) == ({x83}, (0.931636, 0.0683643))
({x84}, (0.0693502, 0.93065)) == ({x84}, (0.0693502, 0.93065))
({x85}, (0.824037, 0.175963)) == ({x85}, (0.824037, 0.175963))
({x86}, (0.175963, 0.824037)) == ({x86}, (0.175963, 0.824037))
({x87}, (0.175963, 0.824037)) == ({x87}, (0.175963, 0.824037))
({x88}, (0.824037, 0.175963)) == ({x88}, (0.824037, 0.175963))
({x89}, (0.824037, 0.175963)) == ({x89}, (0.824037, 0.175963))
({x90}, (0.0503205, 0.949679)) == ({x90}, (0.0503205, 0.949679))
({x91}, (0.0167429, 0.983257)) == ({x91}, (0.0167429, 0.983257))
({x92}, (0.983257, 0.0167429)) == ({x92}, (0.983257, 0.0167429))
({x93}, (0.914123, 0.0858773)) == ({x93}, (0.914123, 0.0858773))
({x94}, (0.0693502, 0.93065)) == ({x94}, (0.0693502, 0.93065))
({x95}, (0.93065, 0.0693502)) == ({x95}, (0.93065, 0.0693502))
({x96}, (0.175963, 0.824037)) == ({x96}, (0.175963, 0.824037))
({x97}, (0.818303, 0.181697)) == ({x97}, (0.818303, 0.181697))
({x98}, (0.181697, 0.818303)) == ({x98}, (0.181697, 0.818303))
({x99}, (0.182042, 0.817958)) == ({x99}, (0.182042, 0.817958))
({x0, x1}, (0.0973691, 0.0011793, 3.47658e-05, 0.901417)) == ({x0, x1}, (0.0973691, 0.0011793, 3.47658e-05, 0.901417))
({x0, x10}, (0.000123794, 0.9024, 0.0974754, 4.99136e-07)) == ({x0, x10}, (0.000123794, 0.9024, 0.0974754, 4.99136e-07))
({x1, x2}, (0.00399332, 0.0144172, 0.0956927, 0.885897)) == ({x1, x2}, (0.00399332, 0.0144172, 0.0956927, 0.885897))
({x1, x11}, (0.0974812, 4.30854e-05, 2.17999e-05, 0.902454)) == ({x1, x11}, (0.0974812, 4.30854e-05, 2.17999e-05, 0.902454))
({x2, x3}, (0.00437987, 0.00815624, 0.0158127, 0.971651)) == ({x2, x3}, (0.00437987, 0.00815624, 0.0158127, 0.971651))
({x2, x12}, (0.0153898, 0.0269285, 0.0120208, 0.945661)) == ({x2, x12}, (0.0153898, 0.0269285, 0.0120208, 0.945661))
({x3, x4}, (0.00819354, 0.00853732, 0.00717445, 0.976095)) == ({x3, x4}, (0.00819354, 0.00853732, 0.00717445, 0.976095))
({x3, x13}, (0.00795356, 0.0413535, 0.00318653, 0.947506)) == ({x3, x13}, (0.00795356, 0.0413535, 0.00318653, 0.947506))
({x4, x5}, (0.00807017, 0.922684, 0.00361473, 0.065631)) == ({x4, x5}, (0.00807017, 0.922684, 0.00361473, 0.065631))
({x4, x14}, (0.00824429, 0.00102556, 0.0085902, 0.98214)) == ({x4, x14}, (0.00824429, 0.00102556, 0.0085902, 0.98214))
({x5, x6}, (3.77573e-05, 0.0633908, 0.891191, 0.0453809)) == ({x5, x6}, (3.77573e-05, 0.0633908, 0.891191, 0.0453809))
({x5, x15}, (0.00110614, 0.000108786, 0.932459, 0.0663263)) == ({x5, x15}, (0.00110614, 0.000108786, 0.932459, 0.0663263))
({x6, x7}, (0.000327756, 0.932893, 0.0663572, 0.000421712)) == ({x6, x7}, (0.000327756, 0.932893, 0.0663572, 0.000421712))
({x6, x16}, (0.0006003, 0.0011056, 0.0662937, 0.932)) == ({x6, x16}, (0.0006003, 0.0011056, 0.0662937, 0.932))
({x7, x8}, (0.238441, 0.0485611, 0.682705, 0.0302934)) == ({x7, x8}, (0.238441, 0.0485611, 0.682705, 0.0302934))
({x7, x17}, (0.00224376, 0.000599616, 0.930938, 0.0662181)) == ({x7, x17}, (0.00224376, 0.000599616, 0.930938, 0.0662181))
({x8, x9}, (0.0176814, 0.726019, 0.253569, 0.00273035)) == ({x8, x9}, (0.0176814, 0.726019, 0.253569, 0.00273035))
({x8, x18}, (9.59593e-05, 0.000878338, 0.2586, 0.740425)) == ({x8, x18}, (9.59593e-05, 0.000878338, 0.2586, 0.740425))
({x9, x19}, (0.000878338, 9.59593e-05, 0.740425, 0.2586)) == ({x9, x19}, (0.000878338, 9.59593e-05, 0.740425, 0.2586))
({x10, x11}, (0.0011793, 0.0973691, 0.901417, 3.47658e-05)) == ({x10, x11}, (0.0011793, 0.0973691, 0.901417, 3.47658e-05))
({x10, x20}, (0.004315, 0.0947892, 0.877533, 0.0233632)) == ({x10, x20}, (0.004315, 0.0947892, 0.877533, 0.0233632))
({x11, x12}, (0.00395062, 0.0249569, 0.0946694, 0.876423)) == ({x11, x12}, (0.00395062, 0.0249569, 0.0946694, 0.876423))
({x11, x21}, (0.095073, 0.88016, 0.0234331, 0.00133404)) == ({x11, x21}, (0.095073, 0.88016, 0.0234331, 0.00133404))
({x12, x13}, (0.00418683, 0.0405382, 0.0264491, 0.928826)) == ({x12, x13}, (0.00418683, 0.0405382, 0.0264491, 0.928826))
({x12, x22}, (0.0275644, 0.967992, 0.00436338, 7.98786e-05)) == ({x12, x22}, (0.0275644, 0.967992, 0.00436338, 7.98786e-05))
({x13, x14}, (0.00791831, 0.00760508, 0.0411702, 0.943306)) == ({x13, x14}, (0.00791831, 0.00760508, 0.0411702, 0.943306))
({x13, x23}, (0.0416176, 0.953559, 0.00429832, 0.000525207)) == ({x13, x23}, (0.0416176, 0.953559, 0.00429832, 0.000525207))
({x14, x15}, (0.000700748, 0.00117418, 0.00830872, 0.989816)) == ({x14, x15}, (0.000700748, 0.00117418, 0.00830872, 0.989816))
({x14, x24}, (0.00828727, 0.987261, 0.00445024, 1.49849e-06)) == ({x14, x24}, (0.00828727, 0.987261, 0.00445024, 1.49849e-06))
({x15, x16}, (0.0011829, 0.000642276, 0.00100454, 0.99717)) == ({x15, x16}, (0.0011829, 0.000642276, 0.00100454, 0.99717))
({x15, x25}, (0.000705625, 0.00140678, 0.00118235, 0.996705)) == ({x15, x25}, (0.000705625, 0.00140678, 0.00118235, 0.996705))
({x16, x17}, (0.00118165, 0.00240084, 0.000304005, 0.996114)) == ({x16, x17}, (0.00118165, 0.00240084, 0.000304005, 0.996114))
({x16, x26}, (2.69512e-06, 0.998514, 0.0011845, 0.000299166)) == ({x16, x26}, (2.69512e-06, 0.998514, 0.0011845, 0.000299166))
({x17, x18}, (0.00118175, 0.000223389, 0.00240104, 0.996194)) == ({x17, x18}, (0.00118175, 0.000223389, 0.00240104, 0.996194))
({x17, x27}, (0.00118143, 0.000489292, 0.0024004, 0.995929)) == ({x17, x27}, (0.00118143, 0.000489292, 0.0024004, 0.995929))
({x18, x19}, (0.00118461, 5.03587e-05, 0.000156862, 0.998608)) == ({x18, x19}, (0.00118461, 5.03587e-05, 0.000156862, 0.998608))
({x18, x28}, (0.00118168, 0.00250413, 0.000173772, 0.99614)) == ({x18, x28}, (0.00118168, 0.00250413, 0.000173772, 0.99614))
({x19, x29}, (0.000174172, 0.998436, 0.00118441, 0.000205821)) == ({x19, x29}, (0.000174172, 0.998436, 0.00118441, 0.000205821))
({x20, x21}, (0.0948233, 0.877848, 0.00395704, 0.0233716)) == ({x20, x21}, (0.0948233, 0.877848, 0.00395704, 0.0233716))
({x20, x30}, (0.00404902, 0.000670609, 0.0970274, 0.898253)) == ({x20, x30}, (0.00404902, 0.000670609, 0.0970274, 0.898253))
({x21, x22}, (0.969755, 0.0258185, 5.56192e-05, 0.00437132)) == ({x21, x22}, (0.969755, 0.0258185, 5.56192e-05, 0.00437132))
({x21, x31}, (0.00175296, 0.0043639, 0.968108, 0.0257747)) == ({x21, x31}, (0.00175296, 0.0043639, 0.968108, 0.0257747))
({x22, x23}, (0.994886, 0.000593698, 3.61349e-05, 0.0044846)) == ({x22, x23}, (0.994886, 0.000593698, 3.61349e-05, 0.0044846))
({x22, x32}, (3.60703e-05, 0.00447658, 0.993107, 0.00238081)) == ({x22, x32}, (3.60703e-05, 0.00447658, 0.993107, 0.00238081))
({x23, x24}, (0.9953, 5.00336e-05, 0.000163163, 0.00448647)) == ({x23, x24}, (0.9953, 5.00336e-05, 0.000163163, 0.00448647))
({x23, x33}, (0.99538, 0.000132325, 5.90455e-07, 0.00448683)) == ({x23, x33}, (0.99538, 0.000132325, 5.90455e-07, 0.00448683))
({x24, x25}, (0.000261481, 0.00140276, 0.993856, 0.00447996)) == ({x24, x25}, (0.000261481, 0.00140276, 0.993856, 0.00447996))
({x24, x34}, (0.995411, 1.83983e-05, 8.34418e-05, 0.00448697)) == ({x24, x34}, (0.995411, 1.83983e-05, 8.34418e-05, 0.00448697))
({x25, x26}, (0.00140678, 0.996705, 0.000705625, 0.00118235)) == ({x25, x26}, (0.00140678, 0.996705, 0.000705625, 0.00118235))
({x25, x35}, (0.00140276, 0.00447996, 0.000261481, 0.993856)) == ({x25, x35}, (0.00140276, 0.00447996, 0.000261481, 0.993856))
({x26, x27}, (0.000490461, 0.00118426, 0.998309, 1.66004e-05)) == ({x26, x27}, (0.000490461, 0.00118426, 0.998309, 1.66004e-05))
({x26, x36}, (0.0200077, 0.00116114, 0.978823, 7.98614e-06)) == ({x26, x36}, (0.0200077, 0.00116114, 0.978823, 7.98614e-06))
({x27, x28}, (0.00118131, 0.00250334, 0.000489241, 0.995826)) == ({x27, x28}, (0.00118131, 0.00250334, 0.000489241, 0.995826))
({x27, x37}, (0.000480661, 0.978361, 0.00116059, 0.0199982)) == ({x27, x37}, (0.000480661, 0.978361, 0.00116059, 0.0199982))
({x28, x29}, (0.00250405, 0.996109, 0.00118165, 0.000205341)) == ({x28, x29}, (0.00250405, 0.996109, 0.00118165, 0.000205341))
({x28, x38}, (0.00245458, 0.976428, 0.0011583, 0.0199587)) == ({x28, x38}, (0.00245458, 0.976428, 0.0011583, 0.0199587))
({x29, x39}, (0.996034, 3.18166e-05, 0.00275227, 0.00118156)) == ({x29, x39}, (0.996034, 3.18166e-05, 0.00275227, 0.00118156))
({x30, x31}, (0.00448719, 1.25479e-06, 5.2701e-05, 0.995459)) == ({x30, x31}, (0.00448719, 1.25479e-06, 5.2701e-05, 0.995459))
({x30, x40}, (0.00448719, 1.2983e-06, 5.2701e-05, 0.995459)) == ({x30, x40}, (0.00448719, 1.2983e-06, 5.2701e-05, 0.995459))
({x31, x32}, (0.00447603, 0.000741668, 0.00179801, 0.992984)) == ({x31, x32}, (0.00447603, 0.000741668, 0.00179801, 0.992984))
({x31, x41}, (0.00448742, 2.06146e-06, 2.57284e-07, 0.99551)) == ({x31, x41}, (0.00448742, 2.06146e-06, 2.57284e-07, 0.99551))
({x32, x33}, (1.19514e-06, 0.993141, 0.00447674, 0.00238089)) == ({x32, x33}, (1.19514e-06, 0.993141, 0.00447674, 0.00238089))
({x32, x42}, (4.29297e-05, 0.995468, 0.00448723, 1.73659e-06)) == ({x32, x42}, (4.29297e-05, 0.995468, 0.00448723, 1.73659e-06))
({x33, x34}, (0.995348, 2.38264e-06, 0.000163171, 0.00448669)) == ({x33, x34}, (0.995348, 2.38264e-06, 0.000163171, 0.00448669))
({x33, x43}, (0.993135, 0.00238087, 7.0554e-06, 0.00447671)) == ({x33, x43}, (0.993135, 0.00238087, 7.0554e-06, 0.00447671))
({x34, x35}, (0.00298878, 0.00447246, 0.992193, 0.000346169)) == ({x34, x35}, (0.00298878, 0.00447246, 0.992193, 0.000346169))
({x34, x44}, (0.175304, 0.00370058, 0.820954, 4.11853e-05)) == ({x34, x44}, (0.175304, 0.00370058, 0.820954, 4.11853e-05))
({x35, x36}, (0.000690248, 0.0199292, 0.0043949, 0.974986)) == ({x35, x36}, (0.000690248, 0.0199292, 0.0043949, 0.974986))
({x35, x45}, (6.43388e-05, 0.820935, 0.00370049, 0.1753)) == ({x35, x45}, (6.43388e-05, 0.820935, 0.00370049, 0.1753))
({x36, x37}, (2.97284e-07, 0.979885, 0.0200294, 8.54308e-05)) == ({x36, x37}, (2.97284e-07, 0.979885, 0.0200294, 8.54308e-05))
({x36, x46}, (2.04149e-07, 0.978867, 0.0200086, 0.00112411)) == ({x36, x46}, (2.04149e-07, 0.978867, 0.0200086, 0.00112411))
({x37, x38}, (0.964595, 0.000208417, 0.0154802, 0.0197168)) == ({x37, x38}, (0.964595, 0.000208417, 0.0154802, 0.0197168))
({x37, x47}, (0.975799, 8.50746e-05, 0.00416956, 0.0199459)) == ({x37, x47}, (0.975799, 8.50746e-05, 0.00416956, 0.0199459))
({x38, x39}, (0.976191, 0.0199539, 0.00269743, 0.00115802)) == ({x38, x39}, (0.976191, 0.0199539, 0.00269743, 0.00115802))
({x38, x48}, (4.10749e-06, 0.0197209, 0.964792, 0.0154834)) == ({x38, x48}, (4.10749e-06, 0.0197209, 0.964792, 0.0154834))
({x39, x49}, (0.997008, 2.31934e-06, 0.000235119, 0.00275495)) == ({x39, x49}, (0.997008, 2.31934e-06, 0.000235119, 0.00275495))
({x40, x41}, (0.00448741, 2.06145e-06, 2.56661e-06, 0.995508)) == ({x40, x41}, (0.00448741, 2.06145e-06, 2.56661e-06, 0.995508))
({x40, x50}, (0.00179933, 0.993714, 0.00447932, 7.30865e-06)) == ({x40, x50}, (0.00179933, 0.993714, 0.00447932, 7.30865e-06))
({x41, x42}, (0.00179801, 0.992984, 0.00447603, 0.000741668)) == ({x41, x42}, (0.00179801, 0.992984, 0.00447603, 0.000741668))
({x41, x51}, (0.00179927, 0.99368, 0.00447917, 4.13794e-05)) == ({x41, x51}, (0.00179927, 0.99368, 0.00447917, 4.13794e-05))
({x42, x43}, (0.995504, 1.29273e-06, 7.07223e-06, 0.00448739)) == ({x42, x43}, (0.995504, 1.29273e-06, 7.07223e-06, 0.00448739))
({x42, x52}, (0.995367, 6.69e-05, 7.88931e-05, 0.00448678)) == ({x42, x52}, (0.995367, 6.69e-05, 7.88931e-05, 0.00448678))
({x43, x44}, (0.175304, 0.00370058, 0.820954, 4.11853e-05)) == ({x43, x44}, (0.175304, 0.00370058, 0.820954, 4.11853e-05))
({x43, x53}, (0.995492, 3.05274e-06, 1.72568e-05, 0.00448734)) == ({x43, x53}, (0.995492, 3.05274e-06, 1.72568e-05, 0.00448734))
({x44, x45}, (0.00195603, 0.822313, 0.175595, 0.00013605)) == ({x44, x45}, (0.00195603, 0.822313, 0.175595, 0.00013605))
({x44, x54}, (0.0173605, 0.00443532, 0.172128, 0.806077)) == ({x44, x54}, (0.0173605, 0.00443532, 0.172128, 0.806077))
({x45, x46}, (0.809922, 0.172949, 0.0165552, 0.000573391)) == ({x45, x46}, (0.809922, 0.172949, 0.0165552, 0.000573391))
({x45, x55}, (0.784075, 0.018521, 0.0299744, 0.16743)) == ({x45, x55}, (0.784075, 0.018521, 0.0299744, 0.16743))
({x46, x47}, (0.975807, 7.69335e-05, 0.0041696, 0.019946)) == ({x46, x47}, (0.975807, 7.69335e-05, 0.0041696, 0.019946))
({x46, x56}, (0.172949, 0.000573391, 0.809922, 0.0165552)) == ({x46, x56}, (0.172949, 0.000573391, 0.809922, 0.0165552))
({x47, x48}, (0.000393426, 0.0200127, 0.979067, 0.000526584)) == ({x47, x48}, (0.000393426, 0.0200127, 0.979067, 0.000526584))
({x47, x57}, (0.00651847, 0.0199005, 0.973581, 4.61012e-07)) == ({x47, x57}, (0.00651847, 0.0199005, 0.973581, 4.61012e-07))
({x48, x49}, (0.0199539, 0.976191, 0.00115802, 0.00269743)) == ({x48, x49}, (0.0199539, 0.976191, 0.00115802, 0.00269743))
({x48, x58}, (0.000377111, 0.979558, 0.0200227, 4.23686e-05)) == ({x48, x58}, (0.000377111, 0.979558, 0.0200227, 4.23686e-05))
({x49, x59}, (0.00775652, 0.00273423, 0.989509, 5.18731e-07)) == ({x49, x59}, (0.00775652, 0.00273423, 0.989509, 5.18731e-07))
({x50, x51}, (0.995465, 6.48156e-06, 4.14537e-05, 0.00448722)) == ({x50, x51}, (0.995465, 6.48156e-06, 4.14537e-05, 0.00448722))
({x50, x60}, (1.00338e-05, 0.00448738, 0.995502, 8.38093e-07)) == ({x50, x60}, (1.00338e-05, 0.00448738, 0.995502, 8.38093e-07))
({x51, x52}, (0.994732, 4.14232e-05, 0.000742973, 0.00448391)) == ({x51, x52}, (0.994732, 4.14232e-05, 0.000742973, 0.00448391))
({x51, x61}, (0.00117683, 0.00448168, 0.994237, 0.000104694)) == ({x51, x61}, (0.00117683, 0.00448168, 0.994237, 0.000104694))
({x52, x53}, (0.995367, 7.88931e-05, 6.69e-05, 0.00448678)) == ({x52, x53}, (0.995367, 7.88931e-05, 6.69e-05, 0.00448678))
({x52, x62}, (9.97841e-05, 0.00448698, 0.995413, 3.85241e-07)) == ({x52, x62}, (9.97841e-05, 0.00448698, 0.995413, 3.85241e-07))
({x53, x54}, (0.0209903, 0.00439324, 0.974616, 1.83153e-07)) == ({x53, x54}, (0.0209903, 0.00439324, 0.974616, 1.83153e-07))
({x53, x63}, (0.99449, 5.48342e-05, 0.000971896, 0.00448282)) == ({x53, x63}, (0.99449, 5.48342e-05, 0.000971896, 0.00448282))
({x54, x55}, (3.71676e-05, 0.809638, 0.0174372, 0.172888)) == ({x54, x55}, (3.71676e-05, 0.809638, 0.0174372, 0.172888))
({x54, x64}, (0.0209897, 0.974586, 0.0043931, 3.08067e-05)) == ({x54, x64}, (0.0209897, 0.974586, 0.0043931, 3.08067e-05))
({x55, x56}, (0.138134, 0.151579, 0.709846, 0.000440788)) == ({x55, x56}, (0.138134, 0.151579, 0.709846, 0.000440788))
({x55, x65}, (0.000767865, 0.175823, 0.823384, 2.51275e-05)) == ({x55, x65}, (0.000767865, 0.175823, 0.823384, 2.51275e-05))
({x56, x57}, (0.000573391, 0.0165552, 0.172949, 0.809922)) == ({x56, x57}, (0.000573391, 0.0165552, 0.172949, 0.809922))
({x56, x66}, (0.138187, 0.71012, 0.151637, 5.59333e-05)) == ({x56, x66}, (0.138187, 0.71012, 0.151637, 5.59333e-05))
({x57, x58}, (0.00651592, 0.9732, 0.0198927, 0.000391069)) == ({x57, x58}, (0.00651592, 0.9732, 0.0198927, 0.000391069))
({x57, x67}, (0.0165552, 0.809922, 0.000573391, 0.172949)) == ({x57, x67}, (0.0165552, 0.809922, 0.000573391, 0.172949))
({x58, x59}, (0.0076144, 0.00115231, 0.971378, 0.0198555)) == ({x58, x59}, (0.0076144, 0.00115231, 0.971378, 0.0198555))
({x58, x68}, (0.809609, 0.0165488, 0.172882, 0.000960408)) == ({x58, x68}, (0.809609, 0.0165488, 0.172882, 0.000960408))
({x59, x69}, (2.62077e-06, 0.916798, 0.00718656, 0.0760124)) == ({x59, x69}, (2.62077e-06, 0.916798, 0.00718656, 0.0760124))
({x60, x61}, (0.00448168, 0.00117683, 0.000104694, 0.994237)) == ({x60, x61}, (0.00448168, 0.00117683, 0.000104694, 0.994237))
({x60, x70}, (0.00441201, 0.0166667, 0.000141186, 0.97878)) == ({x60, x70}, (0.00441201, 0.0166667, 0.000141186, 0.97878))
({x61, x62}, (0.00447882, 0.00074213, 0.00117608, 0.993603)) == ({x61, x62}, (0.00447882, 0.00074213, 0.00117608, 0.993603))
({x61, x71}, (0.00440752, 0.0166497, 0.00115736, 0.977785)) == ({x61, x71}, (0.00440752, 0.0166497, 0.00115736, 0.977785))
({x62, x63}, (9.96871e-05, 0.994446, 0.00448262, 0.000971853)) == ({x62, x63}, (9.96871e-05, 0.994446, 0.00448262, 0.000971853))
({x62, x72}, (0.000141186, 0.97878, 0.00441201, 0.0166667)) == ({x62, x72}, (0.000141186, 0.97878, 0.00441201, 0.0166667))
({x63, x64}, (0.995145, 4.32256e-05, 0.000326485, 0.00448577)) == ({x63, x64}, (0.995145, 4.32256e-05, 0.000326485, 0.00448577))
({x63, x73}, (0.16757, 0.00373096, 0.827694, 0.00100526)) == ({x63, x73}, (0.16757, 0.00373096, 0.827694, 0.00100526))
({x64, x65}, (0.175311, 0.00370072, 0.820985, 2.6461e-06)) == ({x64, x65}, (0.175311, 0.00370072, 0.820985, 2.6461e-06))
({x64, x74}, (0.068968, 0.0013384, 0.925522, 0.00417194)) == ({x64, x74}, (0.068968, 0.0013384, 0.925522, 0.00417194))
({x65, x66}, (0.00453712, 0.801463, 0.171143, 0.0228569)) == ({x65, x66}, (0.00453712, 0.801463, 0.171143, 0.0228569))
({x65, x75}, (0.173279, 0.0152452, 7.40075e-06, 0.811468)) == ({x65, x75}, (0.173279, 0.0152452, 7.40075e-06, 0.811468))
({x66, x67}, (0.808244, 0.0191129, 5.30079e-05, 0.17259)) == ({x66, x67}, (0.808244, 0.0191129, 5.30079e-05, 0.17259))
({x66, x76}, (2.94023e-06, 0.172599, 0.808284, 0.0191138)) == ({x66, x76}, (2.94023e-06, 0.172599, 0.808284, 0.0191138))
({x67, x68}, (0.82186, 0.00166726, 0.000974941, 0.175498)) == ({x67, x68}, (0.82186, 0.00166726, 0.000974941, 0.175498))
({x67, x77}, (0.808518, 0.0188332, 1.99778e-07, 0.172649)) == ({x67, x77}, (0.808518, 0.0188332, 1.99778e-07, 0.172649))
({x68, x69}, (0.771061, 0.16465, 0.000359571, 0.0639292)) == ({x68, x69}, (0.771061, 0.16465, 0.000359571, 0.0639292))
({x68, x78}, (0.823314, 0.000493106, 0.000383939, 0.175809)) == ({x68, x78}, (0.823314, 0.000493106, 0.000383939, 0.175809))
({x69, x79}, (0.771173, 0.000214611, 0.164674, 0.0639384)) == ({x69, x79}, (0.771173, 0.000214611, 0.164674, 0.0639384))
({x70, x71}, (0.0167429, 7.04623e-07, 1.63166e-06, 0.983255)) == ({x70, x71}, (0.0167429, 7.04623e-07, 1.63166e-06, 0.983255))
({x70, x80}, (1.63164e-06, 0.983238, 0.0167426, 1.73899e-05)) == ({x70, x80}, (1.63164e-06, 0.983238, 0.0167426, 1.73899e-05))
({x71, x72}, (0.000264901, 0.982996, 0.0167384, 9.22018e-07)) == ({x71, x72}, (0.000264901, 0.982996, 0.0167384, 9.22018e-07))
({x71, x81}, (1.41522e-07, 0.983257, 0.0167429, 8.28045e-08)) == ({x71, x81}, (1.41522e-07, 0.983257, 0.0167429, 8.28045e-08))
({x72, x73}, (0.165405, 0.00368276, 0.817001, 0.0139119)) == ({x72, x73}, (0.165405, 0.00368276, 0.817001, 0.0139119))
({x72, x82}, (0.000264901, 0.0167384, 0.982996, 9.22018e-07)) == ({x72, x82}, (0.000264901, 0.0167384, 0.982996, 9.22018e-07))
({x73, x74}, (0.00113117, 0.0582892, 0.158363, 0.782217)) == ({x73, x74}, (0.00113117, 0.0582892, 0.158363, 0.782217))
({x73, x83}, (0.153185, 0.756641, 0.0346506, 0.055523)) == ({x73, x83}, (0.153185, 0.756641, 0.0346506, 0.055523))
({x74, x75}, (0.00112145, 0.165597, 0.0577882, 0.775493)) == ({x74, x75}, (0.00112145, 0.165597, 0.0577882, 0.775493))
({x74, x84}, (0.0679565, 0.00127177, 0.0188238, 0.911948)) == ({x74, x84}, (0.0679565, 0.00127177, 0.0188238, 0.911948))
({x75, x76}, (0.170855, 0.0228185, 0.00620922, 0.800117)) == ({x75, x76}, (0.170855, 0.0228185, 0.00620922, 0.800117))
({x75, x85}, (0.00634513, 0.817631, 0.174595, 0.00142837)) == ({x75, x85}, (0.00634513, 0.817631, 0.174595, 0.00142837))
({x76, x77}, (1.43953e-05, 0.822634, 0.175663, 0.00168805)) == ({x76, x77}, (1.43953e-05, 0.822634, 0.175663, 0.00168805))
({x76, x86}, (0.171919, 2.03554e-05, 0.0229606, 0.8051)) == ({x76, x86}, (0.171919, 2.03554e-05, 0.0229606, 0.8051))
({x77, x78}, (0.808511, 7.90043e-06, 0.0188331, 0.172648)) == ({x77, x78}, (0.808511, 7.90043e-06, 0.0188331, 0.172648))
({x77, x87}, (1.21999e-05, 0.17596, 0.824023, 4.7901e-06)) == ({x77, x87}, (1.21999e-05, 0.17596, 0.824023, 4.7901e-06))
({x78, x79}, (0.823186, 0.00089369, 0.000139424, 0.175781)) == ({x78, x79}, (0.823186, 0.00089369, 0.000139424, 0.175781))
({x78, x88}, (0.823186, 0.00089369, 0.000139424, 0.175781)) == ({x78, x88}, (0.823186, 0.00089369, 0.000139424, 0.175781))
({x79, x89}, (0.823875, 3.14445e-06, 0.000193665, 0.175928)) == ({x79, x89}, (0.823875, 3.14445e-06, 0.000193665, 0.175928))
({x80, x81}, (0.98324, 1.73899e-05, 4.72579e-08, 0.0167426)) == ({x80, x81}, (0.98324, 1.73899e-05, 4.72579e-08, 0.0167426))
({x80, x90}, (0.049505, 0.0159091, 0.934288, 0.000297719)) == ({x80, x90}, (0.049505, 0.0159091, 0.934288, 0.000297719))
({x81, x82}, (7.20012e-06, 0.0167428, 0.983249, 9.41481e-07)) == ({x81, x82}, (7.20012e-06, 0.0167428, 0.983249, 9.41481e-07))
({x81, x91}, (0.000257153, 0.0167383, 0.982989, 1.52514e-05)) == ({x81, x91}, (0.000257153, 0.0167383, 0.982989, 1.52514e-05))
({x82, x83}, (0.00115512, 0.916028, 0.0155981, 0.0672189)) == ({x82, x83}, (0.00115512, 0.916028, 0.0155981, 0.0672189))
({x82, x92}, (6.00688e-06, 0.982541, 0.0167307, 0.000722575)) == ({x82, x92}, (6.00688e-06, 0.982541, 0.0167307, 0.000722575))
({x83, x84}, (0.0624264, 0.0614738, 0.837736, 0.0383643)) == ({x83, x84}, (0.0624264, 0.0614738, 0.837736, 0.0383643))
({x83, x93}, (0.813306, 0.0506064, 0.0764061, 0.0596812)) == ({x83, x93}, (0.813306, 0.0506064, 0.0764061, 0.0596812))
({x84, x85}, (0.0577747, 0.775312, 0.00135444, 0.165558)) == ({x84, x85}, (0.0577747, 0.775312, 0.00135444, 0.165558))
({x84, x94}, (0.063717, 0.0280242, 0.0532041, 0.855055)) == ({x84, x94}, (0.063717, 0.0280242, 0.0532041, 0.855055))
({x85, x86}, (0.0125445, 0.173148, 0.810855, 0.00345239)) == ({x85, x86}, (0.0125445, 0.173148, 0.810855, 0.00345239))
({x85, x95}, (0.773329, 0.165135, 0.057627, 0.0039086)) == ({x85, x95}, (0.773329, 0.165135, 0.057627, 0.0039086))
({x86, x87}, (0.171919, 0.0229606, 2.03554e-05, 0.8051)) == ({x86, x87}, (0.171919, 0.0229606, 2.03554e-05, 0.8051))
({x86, x96}, (0.175762, 8.68253e-05, 0.00105491, 0.823096)) == ({x86, x96}, (0.175762, 8.68253e-05, 0.00105491, 0.823096))
({x87, x88}, (7.90043e-06, 0.808511, 0.172648, 0.0188331)) == ({x87, x88}, (7.90043e-06, 0.808511, 0.172648, 0.0188331))
({x87, x97}, (0.00739029, 0.691435, 0.147647, 0.153527)) == ({x87, x97}, (0.00739029, 0.691435, 0.147647, 0.153527))
({x88, x89}, (0.824028, 1.61076e-06, 9.9295e-06, 0.175961)) == ({x88, x89}, (0.824028, 1.61076e-06, 9.9295e-06, 0.175961))
({x88, x98}, (0.154564, 0.148644, 0.696103, 0.000688433)) == ({x88, x98}, (0.154564, 0.148644, 0.696103, 0.000688433))
({x89, x99}, (0.154752, 0.14848, 0.695335, 0.00143377)) == ({x89, x99}, (0.154752, 0.14848, 0.695335, 0.00143377))
({x90, x91}, (0.0159091, 0.000297719, 0.049505, 0.934288)) == ({x90, x91}, (0.0159091, 0.000297719, 0.049505, 0.934288))
({x91, x92}, (6.505e-05, 0.982483, 0.0167297, 0.000722532)) == ({x91, x92}, (6.505e-05, 0.982483, 0.0167297, 0.000722532))
({x92, x93}, (0.896474, 0.004041, 0.0842193, 0.0152652)) == ({x92, x93}, (0.896474, 0.004041, 0.0842193, 0.0152652))
({x93, x94}, (0.00632206, 0.0633712, 0.850414, 0.0798922)) == ({x93, x94}, (0.00632206, 0.0633712, 0.850414, 0.0798922))
({x94, x95}, (0.00118275, 0.92548, 0.0689649, 0.00437218)) == ({x94, x95}, (0.00118275, 0.92548, 0.0689649, 0.00437218))
({x95, x96}, (0.165135, 0.0039086, 0.773329, 0.057627)) == ({x95, x96}, (0.165135, 0.0039086, 0.773329, 0.057627))
({x96, x97}, (0.00739029, 0.691435, 0.147647, 0.153527)) == ({x96, x97}, (0.00739029, 0.691435, 0.147647, 0.153527))
({x97, x98}, (0.00824766, 0.171339, 0.771651, 0.0487632)) == ({x97, x98}, (0.00824766, 0.171339, 0.771651, 0.0487632))
({x98, x99}, (0.143551, 0.143884, 0.0660579, 0.646506)) == ({x98, x99}, (0.143551, 0.143884, 0.0660579, 0.646506))
Exact MAP state (log score = 305.201):
x0: 1
x1: 1
x2: 1
x3: 1
x4: 1
x5: 0
x6: 1
x7: 0
x8: 1
x9: 0
x10: 0
x11: 1
x12: 1
x13: 1
x14: 1
x15: 1
x16: 1
x17: 1
x18: 1
x19: 1
x20: 1
x21: 0
x22: 0
x23: 0
x24: 0
x25: 1
x26: 0
x27: 1
x28: 1
x29: 0
x30: 1
x31: 1
x32: 1
x33: 0
x34: 0
x35: 1
x36: 1
x37: 0
x38: 0
x39: 0
x40: 1
x41: 1
x42: 0
x43: 0
x44: 1
x45: 0
x46: 0
x47: 0
x48: 1
x49: 0
x50: 0
x51: 0
x52: 0
x53: 0
x54: 1
x55: 0
x56: 1
x57: 1
x58: 0
x59: 1
x60: 1
x61: 1
x62: 1
x63: 0
x64: 0
x65: 1
x66: 0
x67: 0
x68: 0
x69: 0
x70: 1
x71: 1
x72: 0
x73: 1
x74: 1
x75: 1
x76: 1
x77: 0
x78: 0
x79: 0
x80: 0
x81: 0
x82: 1
x83: 0
x84: 1
x85: 0
x86: 1
x87: 1
x88: 0
x89: 0
x90: 1
x91: 1
x92: 0
x93: 0
x94: 1
x95: 0
x96: 1
x97: 0
x98: 1
x99: 1
