Approximate (TRWBP) log partition sum: 367.542
Approximate (TRWBP) variable marginals:
({x0}, (0.502482, 0.497518))
({x1}, (0.497583, 0.502417))
({x2}, (0.497137, 0.502863))
({x3}, (0.502912, 0.497088))
({x4}, (0.500619, 0.499381))
({x5}, (0.499251, 0.500749))
({x6}, (0.499114, 0.500886))
({x7}, (0.491047, 0.508953))
({x8}, (0.509405, 0.490595))
({x9}, (0.490504, 0.509496))
({x10}, (0.502521, 0.497479))
({x11}, (0.497976, 0.502024))
({x12}, (0.501253, 0.498747))
({x13}, (0.50078, 0.49922))
({x14}, (0.500552, 0.499448))
({x15}, (0.498771, 0.501229))
({x16}, (0.498767, 0.501233))
({x17}, (0.501276, 0.498724))
({x18}, (0.507102, 0.492898))
({x19}, (0.507825, 0.492175))
({x20}, (0.501282, 0.498718))
({x21}, (0.500877, 0.499123))
({x22}, (0.498779, 0.501221))
({x23}, (0.49972, 0.50028))
({x24}, (0.500149, 0.499851))
({x25}, (0.50142, 0.49858))
({x26}, (0.498552, 0.501448))
({x27}, (0.498494, 0.501506))
({x28}, (0.492975, 0.507025))
({x29}, (0.504504, 0.495496))
({x30}, (0.498714, 0.501286))
({x31}, (0.500349, 0.499651))
({x32}, (0.501293, 0.498707))
({x33}, (0.500201, 0.499799))
({x34}, (0.499841, 0.500159))
({x35}, (0.498488, 0.501512))
({x36}, (0.501421, 0.498579))
({x37}, (0.498597, 0.501403))
({x38}, (0.496551, 0.503449))
({x39}, (0.503526, 0.496474))
({x40}, (0.501446, 0.498554))
({x41}, (0.499805, 0.500195))
({x42}, (0.49992, 0.50008))
({x43}, (0.499505, 0.500495))
({x44}, (0.499307, 0.500693))
({x45}, (0.500892, 0.499108))
({x46}, (0.49855, 0.50145))
({x47}, (0.499426, 0.500574))
({x48}, (0.499423, 0.500577))
({x49}, (0.500583, 0.499417))
({x50}, (0.49295, 0.50705))
({x51}, (0.499521, 0.500479))
({x52}, (0.499258, 0.500742))
({x53}, (0.501902, 0.498098))
({x54}, (0.501598, 0.498402))
({x55}, (0.498544, 0.501456))
({x56}, (0.498493, 0.501507))
({x57}, (0.500385, 0.499615))
({x58}, (0.499433, 0.500567))
({x59}, (0.501514, 0.498486))
({x60}, (0.49213, 0.50787))
({x61}, (0.50853, 0.49147))
({x62}, (0.500886, 0.499114))
({x63}, (0.497828, 0.502172))
({x64}, (0.495577, 0.504423))
({x65}, (0.498132, 0.501868))
({x66}, (0.501634, 0.498366))
({x67}, (0.501925, 0.498075))
({x68}, (0.498009, 0.501991))
({x69}, (0.497889, 0.502111))
({x70}, (0.494502, 0.505498))
({x71}, (0.508495, 0.491505))
({x72}, (0.510151, 0.489849))
({x73}, (0.51, 0.49))
({x74}, (0.495539, 0.504461))
({x75}, (0.498174, 0.501826))
({x76}, (0.505831, 0.494169))
({x77}, (0.503938, 0.496062))
({x78}, (0.497737, 0.502263))
({x79}, (0.502435, 0.497565))
({x80}, (0.50873, 0.49127))
({x81}, (0.508495, 0.491505))
({x82}, (0.464329, 0.535671))
({x83}, (0.463541, 0.536459))
({x84}, (0.495239, 0.504761))
({x85}, (0.495148, 0.504852))
({x86}, (0.505683, 0.494317))
({x87}, (0.503952, 0.496048))
({x88}, (0.496468, 0.503532))
({x89}, (0.503387, 0.496613))
({x90}, (0.491257, 0.508743))
({x91}, (0.508229, 0.491771))
({x92}, (0.464333, 0.535667))
({x93}, (0.486614, 0.513386))
({x94}, (0.504723, 0.495277))
({x95}, (0.504663, 0.495337))
({x96}, (0.476154, 0.523846))
({x97}, (0.495642, 0.504358))
({x98}, (0.495427, 0.504573))
({x99}, (0.500019, 0.499981))
Approximate (TRWBP) factor marginals:
({x0}, (0.502482, 0.497518))
({x1}, (0.497583, 0.502417))
({x2}, (0.497137, 0.502863))
({x3}, (0.502912, 0.497088))
({x4}, (0.500619, 0.499381))
({x5}, (0.499251, 0.500749))
({x6}, (0.499114, 0.500886))
({x7}, (0.491047, 0.508953))
({x8}, (0.509405, 0.490595))
({x9}, (0.490504, 0.509496))
({x10}, (0.502521, 0.497479))
({x11}, (0.497976, 0.502024))
({x12}, (0.501253, 0.498747))
({x13}, (0.50078, 0.49922))
({x14}, (0.500552, 0.499448))
({x15}, (0.498771, 0.501229))
({x16}, (0.498767, 0.501233))
({x17}, (0.501276, 0.498724))
({x18}, (0.507102, 0.492898))
({x19}, (0.507825, 0.492175))
({x20}, (0.501282, 0.498718))
({x21}, (0.500877, 0.499123))
({x22}, (0.498779, 0.501221))
({x23}, (0.49972, 0.50028))
({x24}, (0.500149, 0.499851))
({x25}, (0.50142, 0.49858))
({x26}, (0.498552, 0.501448))
({x27}, (0.498494, 0.501506))
({x28}, (0.492975, 0.507025))
({x29}, (0.504504, 0.495496))
({x30}, (0.498714, 0.501286))
({x31}, (0.500349, 0.499651))
({x32}, (0.501293, 0.498707))
({x33}, (0.500201, 0.499799))
({x34}, (0.499841, 0.500159))
({x35}, (0.498488, 0.501512))
({x36}, (0.501421, 0.498579))
({x37}, (0.498597, 0.501403))
({x38}, (0.496551, 0.503449))
({x39}, (0.503526, 0.496474))
({x40}, (0.501446, 0.498554))
({x41}, (0.499805, 0.500195))
({x42}, (0.49992, 0.50008))
({x43}, (0.499505, 0.500495))
({x44}, (0.499307, 0.500693))
({x45}, (0.500892, 0.499108))
({x46}, (0.49855, 0.50145))
({x47}, (0.499426, 0.500574))
({x48}, (0.499423, 0.500577))
({x49}, (0.500583, 0.499417))
({x50}, (0.49295, 0.50705))
({x51}, (0.499521, 0.500479))
({x52}, (0.499258, 0.500742))
({x53}, (0.501902, 0.498098))
({x54}, (0.501598, 0.498402))
({x55}, (0.498544, 0.501456))
({x56}, (0.498493, 0.501507))
({x57}, (0.500385, 0.499615))
({x58}, (0.499433, 0.500567))
({x59}, (0.501514, 0.498486))
({x60}, (0.49213, 0.50787))
({x61}, (0.50853, 0.49147))
({x62}, (0.500886, 0.499114))
({x63}, (0.497828, 0.502172))
({x64}, (0.495577, 0.504423))
({x65}, (0.498132, 0.501868))
({x66}, (0.501634, 0.498366))
({x67}, (0.501925, 0.498075))
({x68}, (0.498009, 0.501991))
({x69}, (0.497889, 0.502111))
({x70}, (0.494502, 0.505498))
({x71}, (0.508495, 0.491505))
({x72}, (0.510151, 0.489849))
({x73}, (0.51, 0.49))
({x74}, (0.495539, 0.504461))
({x75}, (0.498174, 0.501826))
({x76}, (0.505831, 0.494169))
({x77}, (0.503938, 0.496062))
({x78}, (0.497737, 0.502263))
({x79}, (0.502435, 0.497565))
({x80}, (0.50873, 0.49127))
({x81}, (0.508495, 0.491505))
({x82}, (0.464329, 0.535671))
({x83}, (0.463541, 0.536459))
({x84}, (0.495239, 0.504761))
({x85}, (0.495148, 0.504852))
({x86}, (0.505683, 0.494317))
({x87}, (0.503952, 0.496048))
({x88}, (0.496468, 0.503532))
({x89}, (0.503387, 0.496613))
({x90}, (0.491257, 0.508743))
({x91}, (0.508229, 0.491771))
({x92}, (0.464333, 0.535667))
({x93}, (0.486614, 0.513386))
({x94}, (0.504723, 0.495277))
({x95}, (0.504663, 0.495337))
({x96}, (0.476154, 0.523846))
({x97}, (0.495642, 0.504358))
({x98}, (0.495427, 0.504573))
({x99}, (0.500019, 0.499981))
({x0, x1}, (4.49402e-06, 0.497542, 0.502437, 1.69086e-05))
({x0, x10}, (0.502488, 2.15731e-06, 1.84402e-05, 0.497491))
({x1, x2}, (0.497269, 2.61339e-07, 0.000172705, 0.502558))
({x1, x11}, (0.49778, 3.33151e-06, 6.48522e-08, 0.502217))
({x2, x3}, (3.32676e-05, 0.502872, 0.497094, 5.31576e-08))
({x2, x12}, (3.32229e-05, 0.501085, 0.496955, 0.0019271))
({x3, x4}, (0.0715295, 0.429097, 0.431385, 0.0679886))
({x3, x13}, (0.406088, 0.0946831, 0.0968245, 0.402405))
({x4, x5}, (1.81362e-06, 0.499313, 0.500684, 8.32724e-07))
({x4, x14}, (0.500545, 7.27675e-05, 1.00448e-05, 0.499372))
({x5, x6}, (0.499172, 9.50404e-08, 2.55457e-05, 0.500802))
({x5, x15}, (0.0333265, 0.465439, 0.465923, 0.0353111))
({x6, x7}, (0.491009, 4.06396e-05, 0.00809963, 0.50085))
({x6, x16}, (0.498798, 2.12012e-05, 0.000265263, 0.500916))
({x7, x8}, (0.0127608, 0.496639, 0.478279, 0.0123211))
({x7, x17}, (0.369358, 0.131921, 0.121685, 0.377036))
({x8, x9}, (3.37191e-05, 0.490428, 0.509331, 0.000207302))
({x8, x18}, (0.506842, 0.000207637, 0.00261152, 0.490339))
({x9, x19}, (0.000136746, 0.507728, 0.490407, 0.00172824))
({x10, x11}, (0.496944, 0.000954276, 0.00566209, 0.49644))
({x10, x20}, (0.500213, 0.00111204, 0.0022696, 0.496405))
({x11, x12}, (6.7743e-07, 0.501634, 0.498339, 2.58843e-05))
({x11, x21}, (0.496566, 0.00440131, 0.00131956, 0.497713))
({x12, x13}, (0.501007, 7.22666e-07, 1.79182e-05, 0.498974))
({x12, x22}, (0.00125578, 0.497527, 0.500017, 0.00120035))
({x13, x14}, (0.0126636, 0.487897, 0.488115, 0.0113244))
({x13, x23}, (1.80574e-06, 0.499464, 0.500534, 5.53424e-08))
({x14, x15}, (1.98368e-06, 0.498851, 0.500632, 0.000515043))
({x14, x24}, (0.499739, 0.000566118, 0.000646815, 0.499048))
({x15, x16}, (0.467606, 0.03116, 0.0311648, 0.470069))
({x15, x25}, (3.20129e-05, 0.501306, 0.498658, 3.82775e-06))
({x16, x17}, (1.62727e-06, 0.501253, 0.498743, 2.1502e-06))
({x16, x26}, (0.498491, 9.19246e-05, 0.000246292, 0.501171))
({x17, x18}, (0.237979, 0.26912, 0.263299, 0.229601))
({x17, x27}, (0.489585, 0.00888654, 0.0117154, 0.489813))
({x18, x19}, (0.507147, 0.000629554, 3.66759e-07, 0.492223))
({x18, x28}, (8.19634e-05, 0.492896, 0.507022, 3.06386e-09))
({x19, x29}, (0.0654716, 0.439033, 0.442352, 0.053143))
({x20, x21}, (0.500907, 1.21937e-05, 0.000331752, 0.498749))
({x20, x30}, (0.461975, 0.0367365, 0.0393144, 0.461974))
({x21, x22}, (0.000929741, 0.497883, 0.499974, 0.00121265))
({x21, x31}, (0.500539, 1.08149e-07, 0.000146591, 0.499315))
({x22, x23}, (0.317118, 0.182592, 0.181661, 0.318629))
({x22, x32}, (2.30704e-08, 0.501253, 0.498739, 8.28643e-06))
({x23, x24}, (0.499918, 1.21495e-05, 1.18375e-09, 0.50007))
({x23, x33}, (2.42248e-05, 0.500231, 0.49974, 4.67734e-06))
({x24, x25}, (0.0100027, 0.491436, 0.490162, 0.00839907))
({x24, x34}, (5.10574e-08, 0.499847, 0.500152, 7.61239e-07))
({x25, x26}, (1.41653e-06, 0.498566, 0.501432, 2.24803e-07))
({x25, x35}, (1.42515e-06, 0.498534, 0.501461, 3.48924e-06))
({x26, x27}, (0.498055, 0.000474632, 0.000463001, 0.501008))
({x26, x36}, (2.55471e-06, 0.501407, 0.498538, 5.27025e-05))
({x27, x28}, (0.0398112, 0.453161, 0.45868, 0.0483476))
({x27, x37}, (0.498479, 0.0001273, 4.73322e-06, 0.501389))
({x28, x29}, (2.29958e-05, 0.504479, 0.49295, 0.00254822))
({x28, x38}, (0.00488346, 0.491667, 0.48809, 0.0153594))
({x29, x39}, (0.503504, 2.21228e-05, 0.00100146, 0.495473))
({x30, x31}, (0.49881, 0.00144625, 2.45087e-06, 0.499742))
({x30, x40}, (4.90615e-06, 0.501364, 0.498629, 1.68419e-06))
({x31, x32}, (0.0253716, 0.475924, 0.474983, 0.0237212))
({x31, x41}, (1.10853e-05, 0.499718, 0.500256, 1.49043e-05))
({x32, x33}, (0.0185024, 0.481706, 0.482795, 0.0169966))
({x32, x42}, (0.496367, 0.0035283, 0.00495414, 0.495151))
({x33, x34}, (0.450616, 0.0492207, 0.0495897, 0.450574))
({x33, x43}, (5.25214e-05, 0.499391, 0.500091, 0.000465489))
({x34, x35}, (0.388352, 0.110141, 0.111486, 0.390021))
({x34, x44}, (0.48947, 0.00984757, 0.010359, 0.490323))
({x35, x36}, (2.18764e-07, 0.50143, 0.498502, 6.76068e-05))
({x35, x45}, (0.00188974, 0.498957, 0.496553, 0.00260064))
({x36, x37}, (2.38528e-07, 0.498587, 0.501413, 8.75673e-08))
({x36, x46}, (6.14698e-07, 0.498564, 0.501435, 3.54054e-08))
({x37, x38}, (0.21205, 0.284501, 0.286546, 0.216903))
({x37, x47}, (0.145962, 0.353467, 0.352635, 0.147937))
({x38, x39}, (0.00113463, 0.502394, 0.495418, 0.00105349))
({x38, x48}, (0.476053, 0.0233677, 0.0204965, 0.480083))
({x39, x49}, (0.00910512, 0.491474, 0.494421, 0.00500024))
({x40, x41}, (0.00200792, 0.497884, 0.499532, 0.000576005))
({x40, x50}, (0.492823, 0.000123374, 0.00863222, 0.498422))
({x41, x42}, (8.42488e-08, 0.500054, 0.49994, 6.15369e-06))
({x41, x51}, (0.499656, 1.50634e-06, 1.61188e-05, 0.500327))
({x42, x43}, (0.499714, 1.02466e-07, 4.19154e-06, 0.500281))
({x42, x52}, (0.499074, 7.07332e-05, 0.000957838, 0.499897))
({x43, x44}, (0.499409, 4.8724e-06, 7.28576e-07, 0.500586))
({x43, x53}, (0.00131171, 0.500542, 0.498146, 1.13762e-07))
({x44, x45}, (1.95267e-06, 0.500795, 0.499203, 4.31823e-07))
({x44, x54}, (0.0403542, 0.461244, 0.458956, 0.0394457))
({x45, x46}, (0.223125, 0.275428, 0.277774, 0.223674))
({x45, x55}, (4.04444e-07, 0.498711, 0.501062, 0.000226739))
({x46, x47}, (0.489536, 0.00989808, 0.00900943, 0.491556))
({x46, x56}, (2.37132e-06, 0.49849, 0.498545, 0.00296281))
({x47, x48}, (0.499422, 3.14621e-06, 4.65605e-08, 0.500575))
({x47, x57}, (0.0404031, 0.459983, 0.459026, 0.0405886))
({x48, x49}, (1.5674e-07, 0.50058, 0.499419, 1.31535e-06))
({x48, x58}, (0.499414, 2.88427e-05, 1.72806e-07, 0.500557))
({x49, x59}, (0.0021002, 0.499418, 0.498476, 5.92917e-06))
({x50, x51}, (0.175087, 0.324436, 0.317864, 0.182613))
({x50, x60}, (0.491019, 0.00110671, 0.00193682, 0.505938))
({x51, x52}, (0.499371, 9.84107e-09, 3.96553e-05, 0.500589))
({x51, x61}, (0.499135, 0.00941428, 0.000364825, 0.491086))
({x52, x53}, (0.00726574, 0.494641, 0.491992, 0.00610112))
({x52, x62}, (0.000129896, 0.500749, 0.499118, 2.57688e-06))
({x53, x54}, (0.485484, 0.0161121, 0.0164212, 0.481983))
({x53, x63}, (1.25234e-06, 0.497868, 0.501947, 0.000183416))
({x54, x55}, (0.000106507, 0.498421, 0.501472, 1.16476e-08))
({x54, x64}, (0.000433591, 0.495163, 0.501185, 0.00321835))
({x55, x56}, (0.498381, 0.000272523, 1.04229e-05, 0.501336))
({x55, x65}, (0.281551, 0.216581, 0.216996, 0.284873))
({x56, x57}, (1.27024e-05, 0.500301, 0.498415, 0.00127151))
({x56, x66}, (1.41712e-06, 0.50157, 0.498428, 2.57823e-07))
({x57, x58}, (9.24795e-08, 0.499522, 0.500476, 1.48709e-06))
({x57, x67}, (0.495851, 0.00608912, 0.00451791, 0.493542))
({x58, x59}, (0.000697563, 0.500662, 0.49858, 5.98302e-05))
({x58, x68}, (1.69861e-07, 0.498091, 0.499518, 0.00239047))
({x59, x69}, (6.78843e-07, 0.498036, 0.501667, 0.000296697))
({x60, x61}, (0.0256706, 0.482859, 0.466462, 0.0250079))
({x60, x70}, (0.439677, 0.0548244, 0.0524538, 0.453045))
({x61, x62}, (0.474807, 0.0260804, 0.0337205, 0.465392))
({x61, x71}, (0.508496, 2.58729e-05, 3.57613e-06, 0.491475))
({x62, x63}, (0.477273, 0.0205463, 0.0236214, 0.478559))
({x62, x72}, (0.439816, 0.070335, 0.0610713, 0.428777))
({x63, x64}, (0.364513, 0.131064, 0.133313, 0.37111))
({x63, x73}, (0.00800003, 0.501961, 0.48979, 0.000248967))
({x64, x65}, (0.296888, 0.201244, 0.198689, 0.30318))
({x64, x74}, (0.495553, 6.60265e-06, 8.68909e-07, 0.504439))
({x65, x66}, (7.54535e-07, 0.501631, 0.498124, 0.000243934))
({x65, x75}, (0.497847, 0.000316777, 0.000293789, 0.501543))
({x66, x67}, (0.50163, 0.000247452, 5.62934e-05, 0.498066))
({x66, x76}, (0.0126311, 0.493228, 0.489038, 0.00510306))
({x67, x68}, (3.1688e-06, 0.498044, 0.501953, 3.21353e-07))
({x67, x77}, (0.470568, 0.0333726, 0.0313527, 0.464707))
({x68, x69}, (0.497821, 4.03096e-05, 0.000220813, 0.501918))
({x68, x78}, (0.497877, 1.9559e-07, 1.34592e-06, 0.502121))
({x69, x79}, (6.5246e-05, 0.502239, 0.497695, 6.66179e-07))
({x70, x71}, (0.458251, 0.0502443, 0.0362507, 0.455254))
({x70, x80}, (0.00325456, 0.505478, 0.49125, 1.71918e-05))
({x71, x72}, (0.50839, 0.00179661, 6.67078e-05, 0.489747))
({x71, x81}, (0.508492, 1.40216e-07, 4.91511e-06, 0.491503))
({x72, x73}, (0.510034, 6.19526e-07, 8.15172e-05, 0.489884))
({x72, x82}, (0.00249675, 0.461832, 0.507654, 0.0280164))
({x73, x74}, (0.262533, 0.233005, 0.247465, 0.256997))
({x73, x83}, (0.268324, 0.195216, 0.241674, 0.294785))
({x74, x75}, (0.495554, 0.00259084, 9.29764e-06, 0.501846))
({x74, x84}, (0.495264, 2.16884e-05, 0.000229713, 0.504485))
({x75, x76}, (0.00791562, 0.497944, 0.490284, 0.00385691))
({x75, x85}, (0.465426, 0.0297198, 0.0327484, 0.472106))
({x76, x77}, (0.501656, 0.00226472, 0.00419029, 0.491889))
({x76, x86}, (0.505743, 1.39149e-05, 9.88455e-06, 0.494233))
({x77, x78}, (0.468823, 0.0289122, 0.0351228, 0.467142))
({x77, x87}, (0.503943, 4.61086e-06, 1.94345e-08, 0.496052))
({x78, x79}, (0.378074, 0.124358, 0.119668, 0.3779))
({x78, x88}, (0.496591, 1.18097e-06, 0.00102651, 0.502381))
({x79, x89}, (0.502472, 0.000801656, 7.82184e-05, 0.496648))
({x80, x81}, (0.508217, 0.000281799, 0.00050973, 0.490991))
({x80, x90}, (8.78639e-06, 0.491248, 0.508721, 2.1725e-05))
({x81, x82}, (0.218803, 0.245526, 0.289693, 0.245978))
({x81, x91}, (0.508097, 0.000131151, 0.000399471, 0.491372))
({x82, x83}, (0.463529, 1.11782e-05, 0.000800896, 0.535659))
({x82, x92}, (0.464319, 1.38103e-05, 1.02094e-05, 0.535657))
({x83, x84}, (0.384081, 0.111158, 0.0794597, 0.425302))
({x83, x93}, (0.386961, 0.0996529, 0.0765789, 0.436807))
({x84, x85}, (0.495189, 1.02145e-06, 8.74027e-06, 0.504801))
({x84, x94}, (0.292771, 0.211953, 0.202468, 0.292808))
({x85, x86}, (0.001945, 0.503698, 0.493166, 0.00119124))
({x85, x95}, (2.60854e-06, 0.50466, 0.495145, 0.000193302))
({x86, x87}, (0.503542, 0.000449924, 0.00210241, 0.493906))
({x86, x96}, (0.407657, 0.0684935, 0.0980284, 0.425821))
({x87, x88}, (8.30846e-05, 0.496213, 0.503704, 1.21264e-07))
({x87, x97}, (6.21592e-08, 0.495775, 0.50408, 0.000145275))
({x88, x89}, (0.000385809, 0.503029, 0.496104, 0.000480917))
({x88, x98}, (0.475503, 0.019919, 0.0209705, 0.483607))
({x89, x99}, (0.00441248, 0.495704, 0.499072, 0.000810873))
({x90, x91}, (0.149128, 0.359101, 0.342129, 0.149642))
({x91, x92}, (0.000150309, 0.464183, 0.508079, 0.027587))
({x92, x93}, (0.450751, 0.0358634, 0.0135814, 0.499804))
({x93, x94}, (0.333566, 0.171158, 0.153047, 0.342229))
({x94, x95}, (0.504652, 1.32875e-05, 6.90857e-05, 0.495265))
({x95, x96}, (0.0468123, 0.42934, 0.457851, 0.0659966))
({x96, x97}, (0.4754, 0.0202385, 0.000756941, 0.503605))
({x97, x98}, (0.495535, 2.84647e-06, 7.30807e-07, 0.504462))
({x98, x99}, (0.000966585, 0.498971, 0.494378, 0.00568496))
