Approximate (TRWBP) log partition sum: 381.083
Approximate (TRWBP) variable marginals:
({x0}, (0.480007, 0.519993))
({x1}, (0.519983, 0.480017))
({x2}, (0.5199, 0.4801))
({x3}, (0.51948, 0.48052))
({x4}, (0.518175, 0.481825))
({x5}, (0.517946, 0.482054))
({x6}, (0.517973, 0.482027))
({x7}, (0.500402, 0.499598))
({x8}, (0.499664, 0.500336))
({x9}, (0.500342, 0.499658))
({x10}, (0.509598, 0.490402))
({x11}, (0.490336, 0.509664))
({x12}, (0.489976, 0.510024))
({x13}, (0.489659, 0.510341))
({x14}, (0.510659, 0.489341))
({x15}, (0.488575, 0.511425))
({x16}, (0.500154, 0.499846))
({x17}, (0.499886, 0.500114))
({x18}, (0.499928, 0.500072))
({x19}, (0.50129, 0.49871))
({x20}, (0.490435, 0.509565))
({x21}, (0.509294, 0.490706))
({x22}, (0.507135, 0.492865))
({x23}, (0.507556, 0.492444))
({x24}, (0.507531, 0.492469))
({x25}, (0.511475, 0.488525))
({x26}, (0.500265, 0.499735))
({x27}, (0.500318, 0.499682))
({x28}, (0.499887, 0.500113))
({x29}, (0.500311, 0.499689))
({x30}, (0.50619, 0.49381))
({x31}, (0.506143, 0.493857))
({x32}, (0.493807, 0.506193))
({x33}, (0.495562, 0.504438))
({x34}, (0.470688, 0.529312))
({x35}, (0.50002, 0.49998))
({x36}, (0.500132, 0.499868))
({x37}, (0.499838, 0.500162))
({x38}, (0.499925, 0.500075))
({x39}, (0.500157, 0.499843))
({x40}, (0.492566, 0.507434))
({x41}, (0.496713, 0.503287))
({x42}, (0.50353, 0.49647))
({x43}, (0.496288, 0.503712))
({x44}, (0.503842, 0.496158))
({x45}, (0.500234, 0.499766))
({x46}, (0.499653, 0.500347))
({x47}, (0.500227, 0.499773))
({x48}, (0.499832, 0.500168))
({x49}, (0.499774, 0.500226))
({x50}, (0.507374, 0.492626))
({x51}, (0.502742, 0.497258))
({x52}, (0.501922, 0.498078))
({x53}, (0.499951, 0.500049))
({x54}, (0.501374, 0.498626))
({x55}, (0.500468, 0.499532))
({x56}, (0.500259, 0.499741))
({x57}, (0.50094, 0.49906))
({x58}, (0.500282, 0.499718))
({x59}, (0.499382, 0.500618))
({x60}, (0.490519, 0.509481))
({x61}, (0.497608, 0.502392))
({x62}, (0.501958, 0.498042))
({x63}, (0.501571, 0.498429))
({x64}, (0.501893, 0.498107))
({x65}, (0.499413, 0.500587))
({x66}, (0.500933, 0.499067))
({x67}, (0.500884, 0.499116))
({x68}, (0.603584, 0.396416))
({x69}, (0.465315, 0.534685))
({x70}, (0.499654, 0.500346))
({x71}, (0.500251, 0.499749))
({x72}, (0.500737, 0.499263))
({x73}, (0.500455, 0.499545))
({x74}, (0.497477, 0.502523))
({x75}, (0.502958, 0.497042))
({x76}, (0.501517, 0.498483))
({x77}, (0.501291, 0.498709))
({x78}, (0.498777, 0.501223))
({x79}, (0.534676, 0.465324))
({x80}, (0.363064, 0.636936))
({x81}, (0.497746, 0.502254))
({x82}, (0.501443, 0.498557))
({x83}, (0.504754, 0.495246))
({x84}, (0.497079, 0.502921))
({x85}, (0.496893, 0.503107))
({x86}, (0.49775, 0.50225))
({x87}, (0.502309, 0.497691))
({x88}, (0.500434, 0.499566))
({x89}, (0.518569, 0.481431))
({x90}, (0.501566, 0.498434))
({x91}, (0.499449, 0.500551))
({x92}, (0.499315, 0.500685))
({x93}, (0.49926, 0.50074))
({x94}, (0.496928, 0.503072))
({x95}, (0.502995, 0.497005))
({x96}, (0.497659, 0.502341))
({x97}, (0.502325, 0.497675))
({x98}, (0.500091, 0.499909))
({x99}, (0.481486, 0.518514))
Approximate (TRWBP) factor marginals:
({x0}, (0.480007, 0.519993))
({x1}, (0.519983, 0.480017))
({x2}, (0.5199, 0.4801))
({x3}, (0.51948, 0.48052))
({x4}, (0.518175, 0.481825))
({x5}, (0.517946, 0.482054))
({x6}, (0.517973, 0.482027))
({x7}, (0.500402, 0.499598))
({x8}, (0.499664, 0.500336))
({x9}, (0.500342, 0.499658))
({x10}, (0.509598, 0.490402))
({x11}, (0.490336, 0.509664))
({x12}, (0.489976, 0.510024))
({x13}, (0.489659, 0.510341))
({x14}, (0.510659, 0.489341))
({x15}, (0.488575, 0.511425))
({x16}, (0.500154, 0.499846))
({x17}, (0.499886, 0.500114))
({x18}, (0.499928, 0.500072))
({x19}, (0.50129, 0.49871))
({x20}, (0.490435, 0.509565))
({x21}, (0.509294, 0.490706))
({x22}, (0.507135, 0.492865))
({x23}, (0.507556, 0.492444))
({x24}, (0.507531, 0.492469))
({x25}, (0.511475, 0.488525))
({x26}, (0.500265, 0.499735))
({x27}, (0.500318, 0.499682))
({x28}, (0.499887, 0.500113))
({x29}, (0.500311, 0.499689))
({x30}, (0.50619, 0.49381))
({x31}, (0.506143, 0.493857))
({x32}, (0.493807, 0.506193))
({x33}, (0.495562, 0.504438))
({x34}, (0.470688, 0.529312))
({x35}, (0.50002, 0.49998))
({x36}, (0.500132, 0.499868))
({x37}, (0.499838, 0.500162))
({x38}, (0.499925, 0.500075))
({x39}, (0.500157, 0.499843))
({x40}, (0.492566, 0.507434))
({x41}, (0.496713, 0.503287))
({x42}, (0.50353, 0.49647))
({x43}, (0.496288, 0.503712))
({x44}, (0.503842, 0.496158))
({x45}, (0.500234, 0.499766))
({x46}, (0.499653, 0.500347))
({x47}, (0.500227, 0.499773))
({x48}, (0.499832, 0.500168))
({x49}, (0.499774, 0.500226))
({x50}, (0.507374, 0.492626))
({x51}, (0.502742, 0.497258))
({x52}, (0.501922, 0.498078))
({x53}, (0.499951, 0.500049))
({x54}, (0.501374, 0.498626))
({x55}, (0.500468, 0.499532))
({x56}, (0.500259, 0.499741))
({x57}, (0.50094, 0.49906))
({x58}, (0.500282, 0.499718))
({x59}, (0.499382, 0.500618))
({x60}, (0.490519, 0.509481))
({x61}, (0.497608, 0.502392))
({x62}, (0.501958, 0.498042))
({x63}, (0.501571, 0.498429))
({x64}, (0.501893, 0.498107))
({x65}, (0.499413, 0.500587))
({x66}, (0.500933, 0.499067))
({x67}, (0.500884, 0.499116))
({x68}, (0.603584, 0.396416))
({x69}, (0.465315, 0.534685))
({x70}, (0.499654, 0.500346))
({x71}, (0.500251, 0.499749))
({x72}, (0.500737, 0.499263))
({x73}, (0.500455, 0.499545))
({x74}, (0.497477, 0.502523))
({x75}, (0.502958, 0.497042))
({x76}, (0.501517, 0.498483))
({x77}, (0.501291, 0.498709))
({x78}, (0.498777, 0.501223))
({x79}, (0.534676, 0.465324))
({x80}, (0.363064, 0.636936))
({x81}, (0.497746, 0.502254))
({x82}, (0.501443, 0.498557))
({x83}, (0.504754, 0.495246))
({x84}, (0.497079, 0.502921))
({x85}, (0.496893, 0.503107))
({x86}, (0.49775, 0.50225))
({x87}, (0.502309, 0.497691))
({x88}, (0.500434, 0.499566))
({x89}, (0.518569, 0.481431))
({x90}, (0.501566, 0.498434))
({x91}, (0.499449, 0.500551))
({x92}, (0.499315, 0.500685))
({x93}, (0.49926, 0.50074))
({x94}, (0.496928, 0.503072))
({x95}, (0.502995, 0.497005))
({x96}, (0.497659, 0.502341))
({x97}, (0.502325, 0.497675))
({x98}, (0.500091, 0.499909))
({x99}, (0.481486, 0.518514))
({x0, x1}, (6.40276e-05, 0.519955, 0.479979, 2.51484e-06))
({x0, x10}, (0.479647, 0.0299865, 0.000328922, 0.490038))
({x1, x2}, (0.51994, 2.02825e-06, 6.58286e-06, 0.480051))
({x1, x11}, (0.232235, 0.258112, 0.28775, 0.221903))
({x2, x3}, (0.519548, 3.12472e-06, 0.000286518, 0.480162))
({x2, x12}, (0.488521, 0.00141526, 0.0314143, 0.47865))
({x3, x4}, (0.518139, 0.000101219, 0.0012791, 0.480481))
({x3, x13}, (0.0237402, 0.465923, 0.495736, 0.014601))
({x4, x5}, (0.51802, 1.18021e-06, 8.97251e-05, 0.481889))
({x4, x14}, (0.16074, 0.349926, 0.357439, 0.131895))
({x5, x6}, (0.51796, 5.08241e-06, 1.42467e-06, 0.482034))
({x5, x15}, (0.00638916, 0.4821, 0.511483, 2.78564e-05))
({x6, x7}, (0.429986, 0.070416, 0.0879898, 0.411609))
({x6, x16}, (0.487878, 0.012267, 0.030103, 0.469752))
({x7, x8}, (7.62872e-07, 0.499626, 0.500368, 5.11874e-06))
({x7, x17}, (0.000454756, 0.499469, 0.49999, 8.624e-05))
({x8, x9}, (1.7439e-05, 0.500324, 0.499645, 1.31924e-05))
({x8, x18}, (6.07338e-05, 0.499904, 0.499638, 0.000397164))
({x9, x19}, (0.462059, 0.039229, 0.0382827, 0.460429))
({x10, x11}, (6.65108e-07, 0.49037, 0.509628, 9.01555e-07))
({x10, x20}, (4.73015e-05, 0.490324, 0.509496, 0.000133385))
({x11, x12}, (0.490158, 8.82639e-08, 1.32045e-06, 0.509841))
({x11, x21}, (2.27081e-06, 0.509465, 0.490514, 1.85814e-05))
({x12, x13}, (0.489816, 6.5486e-08, 1.54801e-06, 0.510183))
({x12, x22}, (0.471146, 0.0360177, 0.0187953, 0.474041))
({x13, x14}, (1.67197e-07, 0.510498, 0.489501, 1.7304e-06))
({x13, x23}, (0.000296792, 0.507277, 0.489388, 0.00303831))
({x14, x15}, (6.97829e-05, 0.488687, 0.510778, 0.000465551))
({x14, x24}, (0.50737, 0.00018844, 0.00326562, 0.489176))
({x15, x16}, (0.488497, 0.0117297, 7.33556e-07, 0.499773))
({x15, x25}, (1.9312e-07, 0.511454, 0.488546, 1.83028e-07))
({x16, x17}, (2.72076e-07, 0.499846, 0.500115, 3.88455e-05))
({x16, x26}, (0.500125, 0.000168511, 6.12586e-07, 0.499706))
({x17, x18}, (0.499905, 9.60088e-07, 1.45164e-07, 0.500094))
({x17, x27}, (0.499683, 0.000666163, 0.000169791, 0.499481))
({x18, x19}, (0.499909, 0.00137729, 2.09021e-05, 0.498693))
({x18, x28}, (0.499907, 4.22378e-07, 2.62318e-06, 0.50009))
({x19, x29}, (0.00774257, 0.492569, 0.493546, 0.00614206))
({x20, x21}, (6.60474e-06, 0.509361, 0.490493, 0.000139648))
({x20, x30}, (0.0155993, 0.490585, 0.474823, 0.0189925))
({x21, x22}, (0.507453, 2.38833e-06, 0.00153517, 0.491009))
({x21, x31}, (0.506078, 3.69885e-06, 0.00328082, 0.490638))
({x22, x23}, (0.507192, 0.000308018, 3.14701e-06, 0.492497))
({x22, x32}, (0.000193045, 0.493223, 0.506584, 2.05353e-09))
({x23, x24}, (0.507491, 7.50138e-06, 9.9009e-05, 0.492403))
({x23, x33}, (0.338909, 0.156658, 0.168647, 0.335786))
({x24, x25}, (0.419082, 0.0923988, 0.0884512, 0.400068))
({x24, x34}, (0.00236644, 0.468326, 0.505171, 0.0241358))
({x25, x26}, (0.0301821, 0.470099, 0.481315, 0.018404))
({x25, x35}, (0.461406, 0.0386084, 0.0500832, 0.449903))
({x26, x27}, (0.500206, 0.000163204, 1.06085e-05, 0.49962))
({x26, x36}, (0.319806, 0.18033, 0.180459, 0.319405))
({x27, x28}, (0.152982, 0.346907, 0.347338, 0.152773))
({x27, x37}, (2.58313e-06, 0.499757, 0.50024, 1.58471e-07))
({x28, x29}, (0.000287442, 0.499989, 0.499567, 0.00015623))
({x28, x38}, (0.499667, 0.000237278, 0.000240584, 0.499856))
({x29, x39}, (0.00126899, 0.49892, 0.499073, 0.000737136))
({x30, x31}, (0.506129, 5.74146e-06, 6.38704e-05, 0.493801))
({x30, x40}, (0.378959, 0.113602, 0.127232, 0.380208))
({x31, x32}, (1.92519e-06, 0.493827, 0.506165, 5.56295e-06))
({x31, x41}, (0.496678, 1.20101e-06, 0.00949106, 0.493829))
({x32, x33}, (0.494142, 0.00109395, 7.83975e-08, 0.504764))
({x32, x42}, (6.14636e-06, 0.503526, 0.493791, 0.0026769))
({x33, x34}, (0.318661, 0.152024, 0.176909, 0.352406))
({x33, x43}, (0.495929, 1.70575e-06, 7.50454e-08, 0.504069))
({x34, x35}, (0.40817, 0.0918556, 0.0625148, 0.43746))
({x34, x44}, (0.313589, 0.190254, 0.157097, 0.33906))
({x35, x36}, (1.94239e-06, 0.500032, 0.499919, 4.66312e-05))
({x35, x45}, (0.500129, 4.70397e-07, 4.54793e-07, 0.49987))
({x36, x37}, (3.57046e-06, 0.499843, 0.500143, 1.01474e-05))
({x36, x46}, (3.07673e-07, 0.499762, 0.500238, 2.76295e-07))
({x37, x38}, (3.92633e-05, 0.499948, 0.499863, 0.000150041))
({x37, x47}, (0.000119969, 0.500109, 0.499719, 5.17221e-05))
({x38, x39}, (6.69534e-07, 0.500118, 0.499882, 5.0305e-08))
({x38, x48}, (0.00435632, 0.495472, 0.495562, 0.00460909))
({x39, x49}, (0.000398344, 0.499379, 0.499763, 0.000459738))
({x40, x41}, (0.4925, 0.00426854, 3.69178e-06, 0.503228))
({x40, x50}, (5.22285e-05, 0.50738, 0.492564, 3.26415e-06))
({x41, x42}, (3.76598e-05, 0.503394, 0.496568, 5.5689e-07))
({x41, x51}, (0.00341944, 0.499383, 0.493363, 0.00383432))
({x42, x43}, (5.89441e-05, 0.496338, 0.503567, 3.54712e-05))
({x42, x52}, (0.0185411, 0.483383, 0.484996, 0.0130797))
({x43, x44}, (6.88668e-05, 0.503738, 0.496193, 3.06926e-07))
({x43, x53}, (0.496594, 0.00304107, 8.79903e-09, 0.500365))
({x44, x45}, (0.0151206, 0.485119, 0.488723, 0.0110368))
({x44, x54}, (0.500099, 0.00123193, 0.00377868, 0.49489))
({x45, x46}, (0.0551786, 0.444479, 0.44506, 0.0552822))
({x45, x55}, (0.500348, 9.40411e-06, 1.97098e-06, 0.499641))
({x46, x47}, (0.0683132, 0.431915, 0.431344, 0.0684287))
({x46, x56}, (0.000199659, 0.499959, 0.499362, 0.000479294))
({x47, x48}, (0.00012619, 0.499704, 0.500099, 7.07037e-05))
({x47, x57}, (0.31104, 0.1899, 0.189187, 0.309873))
({x48, x49}, (0.499572, 0.000179403, 0.000282621, 0.499966))
({x48, x58}, (0.000167185, 0.500099, 0.499648, 8.56433e-05))
({x49, x59}, (2.49597e-05, 0.499374, 0.499766, 0.000835409))
({x50, x51}, (0.502754, 6.60146e-05, 0.00453614, 0.492644))
({x50, x60}, (0.000862398, 0.489683, 0.506545, 0.00290979))
({x51, x52}, (0.490023, 0.0118781, 0.0127278, 0.485371))
({x51, x61}, (6.84174e-06, 0.497431, 0.502562, 1.75396e-07))
({x52, x53}, (0.00692434, 0.492999, 0.494962, 0.00511449))
({x52, x62}, (0.501937, 1.03442e-07, 1.47531e-05, 0.498048))
({x53, x54}, (0.368183, 0.133185, 0.131765, 0.366867))
({x53, x63}, (0.500267, 0.000989826, 2.12027e-11, 0.498743))
({x54, x55}, (0.500606, 4.57659e-08, 0.000621024, 0.498773))
({x54, x64}, (0.50154, 0.000179462, 2.10984e-09, 0.49828))
({x55, x56}, (0.500357, 4.94372e-06, 3.56148e-06, 0.499635))
({x55, x65}, (5.18258e-07, 0.499468, 0.500532, 1.73092e-08))
({x56, x57}, (0.495752, 0.0051873, 0.00450424, 0.494557))
({x56, x66}, (0.495437, 0.00550104, 0.00481222, 0.494249))
({x57, x58}, (0.205966, 0.294317, 0.294974, 0.204743))
({x57, x67}, (0.500874, 7.62054e-06, 6.69661e-05, 0.499051))
({x58, x59}, (0.499264, 0.000100024, 0.00103659, 0.4996))
({x58, x68}, (0.358868, 0.244716, 0.141415, 0.255001))
({x59, x69}, (0.448803, 0.0165128, 0.0505769, 0.484107))
({x60, x61}, (0.0181817, 0.479418, 0.472329, 0.0300718))
({x60, x70}, (0.000169449, 0.499464, 0.490329, 0.0100375))
({x61, x62}, (3.09794e-09, 0.502164, 0.497802, 3.36621e-05))
({x61, x71}, (0.0563085, 0.443945, 0.441296, 0.0584501))
({x62, x63}, (0.501775, 3.67486e-08, 2.42245e-06, 0.498223))
({x62, x72}, (0.500699, 2.3358e-08, 0.001302, 0.497999))
({x63, x64}, (0.501692, 8.10322e-05, 1.29673e-07, 0.498227))
({x63, x73}, (0.333783, 0.166671, 0.167793, 0.331753))
({x64, x65}, (0.425941, 0.0734634, 0.0759563, 0.424639))
({x64, x74}, (5.71337e-10, 0.497765, 0.502202, 3.33084e-05))
({x65, x66}, (0.000439318, 0.500543, 0.499017, 2.70099e-07))
({x65, x75}, (0.499249, 0.00382532, 4.2368e-05, 0.496883))
({x66, x67}, (0.500909, 1.65988e-07, 1.93545e-08, 0.499091))
({x66, x76}, (0.500811, 0.000737846, 9.28731e-05, 0.498358))
({x67, x68}, (0.108808, 0.494776, 0.392075, 0.00434097))
({x67, x77}, (0.00217671, 0.499093, 0.498685, 4.52485e-05))
({x68, x69}, (0.386789, 0.0785265, 0.216795, 0.31789))
({x68, x78}, (0.110584, 0.388193, 0.493, 0.00822322))
({x69, x79}, (3.60859e-07, 0.534674, 0.465313, 1.23295e-05))
({x70, x71}, (1.08384e-06, 0.500274, 0.499675, 5.03596e-05))
({x70, x80}, (0.352892, 0.0101724, 0.146762, 0.490174))
({x71, x72}, (0.000976525, 0.499743, 0.499262, 1.7915e-05))
({x71, x81}, (5.97839e-05, 0.49768, 0.500187, 0.00207313))
({x72, x73}, (0.500375, 5.84663e-05, 0.000378285, 0.499189))
({x72, x82}, (0.500571, 0.000851048, 0.000182102, 0.498395))
({x73, x74}, (0.48185, 0.0156158, 0.0186119, 0.483923))
({x73, x83}, (0.00673215, 0.498036, 0.493734, 0.00149781))
({x74, x75}, (1.02043e-06, 0.502743, 0.497254, 1.87821e-06))
({x74, x84}, (0.497173, 2.50864e-07, 0.000207949, 0.502619))
({x75, x76}, (0.0133724, 0.48816, 0.489606, 0.00886202))
({x75, x85}, (2.31069e-07, 0.496966, 0.503034, 2.63601e-08))
({x76, x77}, (0.50133, 6.15678e-06, 0.000144178, 0.49852))
({x76, x86}, (0.0500444, 0.447704, 0.451471, 0.050781))
({x77, x78}, (1.71722e-06, 0.49874, 0.501255, 2.72228e-06))
({x77, x87}, (0.016108, 0.486214, 0.485198, 0.0124801))
({x78, x79}, (0.099247, 0.435428, 0.399529, 0.0657958))
({x78, x88}, (0.498581, 0.0018168, 0.000232261, 0.49937))
({x79, x89}, (0.518436, 0.000130511, 0.0162424, 0.465191))
({x80, x81}, (0.190136, 0.30761, 0.172928, 0.329326))
({x80, x90}, (0.00646043, 0.495105, 0.356603, 0.141831))
({x81, x82}, (0.0207598, 0.480684, 0.476987, 0.0215694))
({x81, x91}, (0.492395, 0.0070493, 0.0053556, 0.4952))
({x82, x83}, (0.501374, 0.00336853, 8.26523e-05, 0.495175))
({x82, x92}, (0.000970268, 0.498352, 0.500479, 0.000198853))
({x83, x84}, (0.149132, 0.347949, 0.355624, 0.147295))
({x83, x93}, (0.477482, 0.021776, 0.0272752, 0.473467))
({x84, x85}, (0.383401, 0.113492, 0.113681, 0.389426))
({x84, x94}, (0.497002, 1.39206e-06, 8.61072e-07, 0.502996))
({x85, x86}, (0.496866, 0.000902115, 9.88681e-06, 0.502222))
({x85, x95}, (0.492574, 0.0104726, 0.00427397, 0.49268))
({x86, x87}, (8.41881e-08, 0.502275, 0.497714, 1.03567e-05))
({x86, x96}, (0.497516, 0.000125863, 0.000253444, 0.502105))
({x87, x88}, (0.00660528, 0.493844, 0.49572, 0.00383025))
({x87, x97}, (0.502317, 1.30208e-06, 1.90379e-07, 0.497681))
({x88, x89}, (0.500411, 0.0181599, 2.03408e-05, 0.481409))
({x88, x98}, (0.500064, 6.32687e-06, 0.000388282, 0.499541))
({x89, x99}, (5.81145e-05, 0.481428, 0.51851, 3.2607e-06))
({x90, x91}, (0.499439, 9.65656e-06, 0.00212691, 0.498424))
({x91, x92}, (0.499302, 8.18994e-06, 0.000151478, 0.500538))
({x92, x93}, (0.499261, 2.22894e-07, 5.29402e-05, 0.500686))
({x93, x94}, (0.19475, 0.302175, 0.304509, 0.198566))
({x94, x95}, (2.77642e-07, 0.502921, 0.496849, 0.000230066))
({x95, x96}, (0.000720895, 0.496969, 0.502306, 3.63158e-06))
({x96, x97}, (5.48307e-07, 0.502313, 0.497647, 3.90994e-05))
({x97, x98}, (0.00245534, 0.497654, 0.49989, 2.98391e-07))
({x98, x99}, (0.0528349, 0.42865, 0.447255, 0.0712602))
