Approximate (TRWBP) log partition sum: 359.96
Approximate (TRWBP) variable marginals:
({x0}, (0.506351, 0.493649))
({x1}, (0.505269, 0.494731))
({x2}, (0.48703, 0.51297))
({x3}, (0.512962, 0.487038))
({x4}, (0.51287, 0.48713))
({x5}, (0.51274, 0.48726))
({x6}, (0.512738, 0.487262))
({x7}, (0.487767, 0.512233))
({x8}, (0.529684, 0.470316))
({x9}, (0.470306, 0.529694))
({x10}, (0.506376, 0.493624))
({x11}, (0.49671, 0.50329))
({x12}, (0.496327, 0.503673))
({x13}, (0.495857, 0.504143))
({x14}, (0.487908, 0.512092))
({x15}, (0.495008, 0.504992))
({x16}, (0.506566, 0.493434))
({x17}, (0.471129, 0.528871))
({x18}, (0.528553, 0.471447))
({x19}, (0.471422, 0.528578))
({x20}, (0.493427, 0.506573))
({x21}, (0.496089, 0.503911))
({x22}, (0.496331, 0.503669))
({x23}, (0.503309, 0.496691))
({x24}, (0.500918, 0.499082))
({x25}, (0.499371, 0.500629))
({x26}, (0.471107, 0.528893))
({x27}, (0.528829, 0.471171))
({x28}, (0.5286, 0.4714))
({x29}, (0.528566, 0.471434))
({x30}, (0.506847, 0.493153))
({x31}, (0.503822, 0.496178))
({x32}, (0.503529, 0.496471))
({x33}, (0.503145, 0.496855))
({x34}, (0.501212, 0.498788))
({x35}, (0.500907, 0.499093))
({x36}, (0.528537, 0.471463))
({x37}, (0.471321, 0.528679))
({x38}, (0.471364, 0.528636))
({x39}, (0.47143, 0.52857))
({x40}, (0.500782, 0.499218))
({x41}, (0.50196, 0.49804))
({x42}, (0.496523, 0.503477))
({x43}, (0.50411, 0.49589))
({x44}, (0.504726, 0.495274))
({x45}, (0.521066, 0.478934))
({x46}, (0.478343, 0.521657))
({x47}, (0.500376, 0.499624))
({x48}, (0.499614, 0.500386))
({x49}, (0.525546, 0.474454))
({x50}, (0.495067, 0.504933))
({x51}, (0.497479, 0.502521))
({x52}, (0.497295, 0.502705))
({x53}, (0.500808, 0.499192))
({x54}, (0.494841, 0.505159))
({x55}, (0.494671, 0.505329))
({x56}, (0.4942, 0.5058))
({x57}, (0.500395, 0.499605))
({x58}, (0.499605, 0.500395))
({x59}, (0.499506, 0.500494))
({x60}, (0.498965, 0.501035))
({x61}, (0.498996, 0.501004))
({x62}, (0.49472, 0.50528))
({x63}, (0.505016, 0.494984))
({x64}, (0.495248, 0.504752))
({x65}, (0.494432, 0.505568))
({x66}, (0.505074, 0.494926))
({x67}, (0.503697, 0.496303))
({x68}, (0.500333, 0.499667))
({x69}, (0.499654, 0.500346))
({x70}, (0.499385, 0.500615))
({x71}, (0.500553, 0.499447))
({x72}, (0.509839, 0.490161))
({x73}, (0.509778, 0.490222))
({x74}, (0.506247, 0.493753))
({x75}, (0.506083, 0.493917))
({x76}, (0.495614, 0.504386))
({x77}, (0.503812, 0.496188))
({x78}, (0.499773, 0.500227))
({x79}, (0.500268, 0.499732))
({x80}, (0.511379, 0.488621))
({x81}, (0.499399, 0.500601))
({x82}, (0.50988, 0.49012))
({x83}, (0.490116, 0.509884))
({x84}, (0.505477, 0.494523))
({x85}, (0.49473, 0.50527))
({x86}, (0.496636, 0.503364))
({x87}, (0.499157, 0.500843))
({x88}, (0.499617, 0.500383))
({x89}, (0.500124, 0.499876))
({x90}, (0.495856, 0.504144))
({x91}, (0.457137, 0.542863))
({x92}, (0.509973, 0.490027))
({x93}, (0.49008, 0.50992))
({x94}, (0.505553, 0.494447))
({x95}, (0.503253, 0.496747))
({x96}, (0.496661, 0.503339))
({x97}, (0.502454, 0.497546))
({x98}, (0.499882, 0.500118))
({x99}, (0.499713, 0.500287))
Approximate (TRWBP) factor marginals:
({x0}, (0.506351, 0.493649))
({x1}, (0.505269, 0.494731))
({x2}, (0.48703, 0.51297))
({x3}, (0.512962, 0.487038))
({x4}, (0.51287, 0.48713))
({x5}, (0.51274, 0.48726))
({x6}, (0.512738, 0.487262))
({x7}, (0.487767, 0.512233))
({x8}, (0.529684, 0.470316))
({x9}, (0.470306, 0.529694))
({x10}, (0.506376, 0.493624))
({x11}, (0.49671, 0.50329))
({x12}, (0.496327, 0.503673))
({x13}, (0.495857, 0.504143))
({x14}, (0.487908, 0.512092))
({x15}, (0.495008, 0.504992))
({x16}, (0.506566, 0.493434))
({x17}, (0.471129, 0.528871))
({x18}, (0.528553, 0.471447))
({x19}, (0.471422, 0.528578))
({x20}, (0.493427, 0.506573))
({x21}, (0.496089, 0.503911))
({x22}, (0.496331, 0.503669))
({x23}, (0.503309, 0.496691))
({x24}, (0.500918, 0.499082))
({x25}, (0.499371, 0.500629))
({x26}, (0.471107, 0.528893))
({x27}, (0.528829, 0.471171))
({x28}, (0.5286, 0.4714))
({x29}, (0.528566, 0.471434))
({x30}, (0.506847, 0.493153))
({x31}, (0.503822, 0.496178))
({x32}, (0.503529, 0.496471))
({x33}, (0.503145, 0.496855))
({x34}, (0.501212, 0.498788))
({x35}, (0.500907, 0.499093))
({x36}, (0.528537, 0.471463))
({x37}, (0.471321, 0.528679))
({x38}, (0.471364, 0.528636))
({x39}, (0.47143, 0.52857))
({x40}, (0.500782, 0.499218))
({x41}, (0.50196, 0.49804))
({x42}, (0.496523, 0.503477))
({x43}, (0.50411, 0.49589))
({x44}, (0.504726, 0.495274))
({x45}, (0.521066, 0.478934))
({x46}, (0.478343, 0.521657))
({x47}, (0.500376, 0.499624))
({x48}, (0.499614, 0.500386))
({x49}, (0.525546, 0.474454))
({x50}, (0.495067, 0.504933))
({x51}, (0.497479, 0.502521))
({x52}, (0.497295, 0.502705))
({x53}, (0.500808, 0.499192))
({x54}, (0.494841, 0.505159))
({x55}, (0.494671, 0.505329))
({x56}, (0.4942, 0.5058))
({x57}, (0.500395, 0.499605))
({x58}, (0.499605, 0.500395))
({x59}, (0.499506, 0.500494))
({x60}, (0.498965, 0.501035))
({x61}, (0.498996, 0.501004))
({x62}, (0.49472, 0.50528))
({x63}, (0.505016, 0.494984))
({x64}, (0.495248, 0.504752))
({x65}, (0.494432, 0.505568))
({x66}, (0.505074, 0.494926))
({x67}, (0.503697, 0.496303))
({x68}, (0.500333, 0.499667))
({x69}, (0.499654, 0.500346))
({x70}, (0.499385, 0.500615))
({x71}, (0.500553, 0.499447))
({x72}, (0.509839, 0.490161))
({x73}, (0.509778, 0.490222))
({x74}, (0.506247, 0.493753))
({x75}, (0.506083, 0.493917))
({x76}, (0.495614, 0.504386))
({x77}, (0.503812, 0.496188))
({x78}, (0.499773, 0.500227))
({x79}, (0.500268, 0.499732))
({x80}, (0.511379, 0.488621))
({x81}, (0.499399, 0.500601))
({x82}, (0.50988, 0.49012))
({x83}, (0.490116, 0.509884))
({x84}, (0.505477, 0.494523))
({x85}, (0.49473, 0.50527))
({x86}, (0.496636, 0.503364))
({x87}, (0.499157, 0.500843))
({x88}, (0.499617, 0.500383))
({x89}, (0.500124, 0.499876))
({x90}, (0.495856, 0.504144))
({x91}, (0.457137, 0.542863))
({x92}, (0.509973, 0.490027))
({x93}, (0.49008, 0.50992))
({x94}, (0.505553, 0.494447))
({x95}, (0.503253, 0.496747))
({x96}, (0.496661, 0.503339))
({x97}, (0.502454, 0.497546))
({x98}, (0.499882, 0.500118))
({x99}, (0.499713, 0.500287))
({x0, x1}, (0.503481, 0.00179399, 0.00286336, 0.491862))
({x0, x10}, (0.50634, 3.12872e-05, 1.70719e-05, 0.493612))
({x1, x2}, (0.347467, 0.139562, 0.157801, 0.355169))
({x1, x11}, (0.00219807, 0.494502, 0.503062, 0.000238043))
({x2, x3}, (1.14482e-07, 0.512964, 0.48703, 5.99893e-06))
({x2, x12}, (0.464114, 0.0322117, 0.022916, 0.480758))
({x3, x4}, (0.512027, 0.000840487, 0.00093914, 0.486193))
({x3, x13}, (0.00882041, 0.48703, 0.504138, 1.14166e-05))
({x4, x5}, (0.512379, 0.000356616, 0.000495271, 0.486769))
({x4, x14}, (0.000777968, 0.48713, 0.51209, 1.40965e-06))
({x5, x6}, (0.512734, 1.53295e-07, 9.21711e-06, 0.487256))
({x5, x15}, (0.00887219, 0.486136, 0.503868, 0.00112419))
({x6, x7}, (0.00148107, 0.486287, 0.511258, 0.000973225))
({x6, x16}, (0.506179, 0.000384921, 0.00656116, 0.486875))
({x7, x8}, (0.0203126, 0.509371, 0.467454, 0.00286181))
({x7, x17}, (0.0184452, 0.452684, 0.469321, 0.0595501))
({x8, x9}, (2.81087e-06, 0.470302, 0.52968, 1.56515e-05))
({x8, x18}, (0.0615706, 0.466984, 0.468116, 0.00332907))
({x9, x19}, (0.467997, 0.00342337, 0.00231175, 0.526268))
({x10, x11}, (0.496137, 0.000557433, 0.0102543, 0.493051))
({x10, x20}, (4.38733e-06, 0.493416, 0.506367, 0.000212605))
({x11, x12}, (0.496276, 6.29603e-07, 0.000480907, 0.503242))
({x11, x21}, (0.00272941, 0.493332, 0.493953, 0.00998561))
({x12, x13}, (0.495288, 0.00051577, 0.00108917, 0.503107))
({x12, x22}, (0.496326, 3.55452e-06, 9.44118e-07, 0.503669))
({x13, x14}, (0.487833, 8.23899e-05, 0.00801768, 0.504067))
({x13, x23}, (2.33264e-06, 0.503358, 0.495908, 0.000731459))
({x14, x15}, (0.438271, 0.0567373, 0.049638, 0.455353))
({x14, x24}, (0.00161147, 0.499308, 0.486294, 0.0127863))
({x15, x16}, (0.00182359, 0.504742, 0.493184, 0.000250082))
({x15, x25}, (0.0672313, 0.432141, 0.427776, 0.0728518))
({x16, x17}, (0.399567, 0.0715633, 0.107, 0.42187))
({x16, x26}, (0.00013334, 0.470978, 0.506435, 0.0224539))
({x17, x18}, (0.0100121, 0.518544, 0.461121, 0.0103232))
({x17, x27}, (1.8791e-07, 0.528829, 0.471129, 4.15339e-05))
({x18, x19}, (0.000120462, 0.471296, 0.528427, 0.00015635))
({x18, x28}, (0.229474, 0.299126, 0.299079, 0.172321))
({x19, x29}, (2.11473e-05, 0.528551, 0.471408, 1.95747e-05))
({x20, x21}, (0.483976, 0.0121039, 0.00945817, 0.494462))
({x20, x30}, (0.00110992, 0.505734, 0.492313, 0.000843142))
({x21, x22}, (0.401284, 0.0950462, 0.0948038, 0.408866))
({x21, x31}, (6.0509e-09, 0.503867, 0.496131, 1.79393e-06))
({x22, x23}, (0.129817, 0.373487, 0.366513, 0.130183))
({x22, x32}, (0.0128346, 0.490694, 0.483496, 0.0129753))
({x23, x24}, (0.456084, 0.0448385, 0.0472195, 0.451858))
({x23, x33}, (0.503218, 6.43343e-07, 2.47609e-05, 0.496757))
({x24, x25}, (7.674e-07, 0.499224, 0.500774, 3.9651e-07))
({x24, x34}, (0.501063, 1.68337e-07, 4.33186e-06, 0.498932))
({x25, x26}, (0.220069, 0.25104, 0.279303, 0.249588))
({x25, x35}, (0.499437, 0.00131863, 8.69345e-05, 0.499158))
({x26, x27}, (6.22754e-05, 0.528821, 0.471098, 1.833e-05))
({x26, x36}, (2.46916e-05, 0.528462, 0.471033, 0.00048))
({x27, x28}, (0.528561, 1.61517e-05, 0.000291926, 0.471131))
({x27, x37}, (8.28704e-06, 0.471239, 0.528751, 1.30151e-06))
({x28, x29}, (0.0572852, 0.471283, 0.471316, 0.000115664))
({x28, x38}, (7.79829e-07, 0.47138, 0.528617, 1.83313e-06))
({x29, x39}, (7.44859e-06, 0.471413, 0.528549, 3.03794e-05))
({x30, x31}, (0.0864136, 0.417415, 0.420434, 0.0757374))
({x30, x40}, (0.00870547, 0.492079, 0.498143, 0.00107303))
({x31, x32}, (0.503678, 7.40025e-09, 1.5225e-06, 0.496321))
({x31, x41}, (0.501812, 3.74805e-05, 0.00211852, 0.496032))
({x32, x33}, (0.503331, 2.60375e-08, 1.52102e-05, 0.496653))
({x32, x42}, (0.000125632, 0.496431, 0.503438, 5.98669e-06))
({x33, x34}, (0.501463, 4.57218e-07, 0.00145167, 0.497085))
({x33, x43}, (0.0895784, 0.414518, 0.413578, 0.0823255))
({x34, x35}, (0.501059, 4.67313e-08, 1.65737e-06, 0.498939))
({x34, x44}, (0.00702023, 0.497761, 0.494257, 0.000962313))
({x35, x36}, (0.249731, 0.278807, 0.251178, 0.220284))
({x35, x45}, (0.500645, 0.0204257, 0.00026212, 0.478667))
({x36, x37}, (1.63354e-07, 0.471384, 0.528604, 1.18367e-05))
({x36, x46}, (0.0068574, 0.471474, 0.521668, 2.39312e-08))
({x37, x38}, (0.46594, 0.00541662, 0.00538421, 0.523259))
({x37, x47}, (0.464805, 0.0355708, 0.00651411, 0.49311))
({x38, x39}, (0.471347, 9.51998e-05, 3.77777e-06, 0.528554))
({x38, x48}, (0.0172321, 0.482382, 0.454131, 0.0462558))
({x39, x49}, (0.00311629, 0.522428, 0.468312, 0.00614417))
({x40, x41}, (0.493026, 0.00893168, 0.00775343, 0.490289))
({x40, x50}, (0.494434, 0.000633519, 0.00634893, 0.498584))
({x41, x42}, (0.00348823, 0.493032, 0.498468, 0.0050116))
({x41, x51}, (0.000171751, 0.497414, 0.501891, 0.00052261))
({x42, x43}, (7.77541e-06, 0.503775, 0.496217, 3.07445e-08))
({x42, x52}, (0.496796, 0.000215196, 2.45609e-07, 0.502988))
({x43, x44}, (0.504383, 6.15727e-05, 2.13752e-08, 0.495556))
({x43, x53}, (0.00536931, 0.495449, 0.498753, 0.000428406))
({x44, x45}, (0.50457, 0.0164782, 0.000168025, 0.478784))
({x44, x54}, (1.59696e-06, 0.495046, 0.504933, 1.94064e-05))
({x45, x46}, (1.42495e-06, 0.478356, 0.521081, 0.000561108))
({x45, x55}, (0.15168, 0.342991, 0.369386, 0.135943))
({x46, x47}, (0.000150813, 0.500223, 0.478189, 0.0214376))
({x46, x56}, (0.0795668, 0.414636, 0.398778, 0.10702))
({x47, x48}, (4.03266e-06, 0.499616, 0.500379, 9.58308e-07))
({x47, x57}, (0.00148959, 0.498902, 0.498884, 0.000723976))
({x48, x49}, (0.0298339, 0.495714, 0.469782, 0.00466977))
({x48, x58}, (0.499607, 3.8962e-06, 1.05815e-06, 0.500388))
({x49, x59}, (0.260125, 0.23938, 0.265421, 0.235073))
({x50, x51}, (0.488679, 0.00880245, 0.00638839, 0.496131))
({x50, x60}, (0.494971, 0.00399372, 9.67439e-05, 0.500939))
({x51, x52}, (0.496552, 0.000852981, 0.000822803, 0.501772))
({x51, x61}, (0.00503537, 0.493958, 0.492444, 0.00856263))
({x52, x53}, (1.05264e-05, 0.500851, 0.49735, 0.00178811))
({x52, x62}, (0.494214, 0.000402517, 0.00318984, 0.502194))
({x53, x54}, (4.724e-05, 0.494676, 0.500643, 0.00463286))
({x53, x63}, (0.00604075, 0.499, 0.494776, 0.000182916))
({x54, x55}, (0.49475, 1.92036e-07, 3.47401e-06, 0.505247))
({x54, x64}, (0.00845364, 0.486771, 0.48636, 0.0184146))
({x55, x56}, (5.98913e-05, 0.494134, 0.494607, 0.0111995))
({x55, x65}, (0.494496, 2.36057e-06, 9.26945e-05, 0.505409))
({x56, x57}, (0.462717, 0.0376743, 0.0314883, 0.468121))
({x56, x66}, (0.0929661, 0.412103, 0.401237, 0.0936938))
({x57, x58}, (2.06648e-07, 0.499597, 0.500387, 1.57271e-05))
({x57, x67}, (0.494936, 0.00874924, 0.00547172, 0.490843))
({x58, x59}, (0.499504, 1.40509e-06, 0.000100383, 0.500394))
({x58, x68}, (0.291501, 0.208832, 0.208103, 0.291563))
({x59, x69}, (0.388748, 0.110907, 0.110757, 0.389588))
({x60, x61}, (0.498954, 5.17609e-05, 1.28537e-07, 0.500994))
({x60, x70}, (0.498965, 0.00041177, 8.68255e-06, 0.500615))
({x61, x62}, (0.484894, 0.00981986, 0.0141112, 0.491175))
({x61, x71}, (7.91292e-10, 0.500537, 0.49898, 0.000483122))
({x62, x63}, (9.47971e-08, 0.505143, 0.494842, 1.48346e-05))
({x62, x72}, (0.369566, 0.140275, 0.125156, 0.365003))
({x63, x64}, (1.00002e-06, 0.495109, 0.504888, 1.88116e-06))
({x63, x73}, (0.143345, 0.366435, 0.361679, 0.128541))
({x64, x65}, (0.494273, 1.39283e-06, 0.00111814, 0.504607))
({x64, x74}, (0.434294, 0.0719581, 0.0609481, 0.4328))
({x65, x66}, (2.67078e-07, 0.505291, 0.494651, 5.78431e-05))
({x65, x75}, (0.000212574, 0.505727, 0.49406, 5.34489e-08))
({x66, x67}, (0.436132, 0.0675641, 0.0689381, 0.427366))
({x66, x76}, (0.00024868, 0.495147, 0.504605, 4.09425e-09))
({x67, x68}, (0.00673036, 0.493584, 0.496949, 0.00273642))
({x67, x77}, (0.503727, 5.36372e-05, 1.64622e-08, 0.496219))
({x68, x69}, (2.27566e-05, 0.49965, 0.500327, 2.19035e-07))
({x68, x78}, (0.368615, 0.131165, 0.131717, 0.368503))
({x69, x79}, (1.40596e-07, 0.500252, 0.499639, 0.00010912))
({x70, x71}, (0.499396, 0.00114676, 2.55953e-08, 0.499458))
({x70, x80}, (0.0406083, 0.470771, 0.458777, 0.0298444))
({x71, x72}, (0.439872, 0.069968, 0.0606797, 0.42948))
({x71, x81}, (2.3454e-05, 0.499402, 0.500558, 1.68783e-05))
({x72, x73}, (0.509773, 5.78789e-06, 6.53284e-05, 0.490155))
({x72, x82}, (0.456764, 0.053116, 0.0530748, 0.437045))
({x73, x74}, (0.506184, 0.000120942, 0.00353498, 0.49016))
({x73, x83}, (1.60315e-05, 0.490162, 0.509822, 5.58245e-08))
({x74, x75}, (0.506162, 1.49695e-08, 1.51379e-06, 0.493836))
({x74, x84}, (0.505461, 1.68471e-06, 0.000799578, 0.493738))
({x75, x76}, (0.174463, 0.321156, 0.331619, 0.172762))
({x75, x85}, (0.00108083, 0.493722, 0.50507, 0.000127573))
({x76, x77}, (5.68482e-10, 0.504036, 0.495837, 0.000127157))
({x76, x86}, (0.0109697, 0.485664, 0.484645, 0.018721))
({x77, x78}, (0.499131, 0.000683134, 0.00465056, 0.495535))
({x77, x87}, (0.00265046, 0.496348, 0.501001, 1.37702e-06))
({x78, x79}, (6.87421e-05, 0.500211, 0.499719, 1.46976e-06))
({x78, x88}, (0.000394349, 0.499188, 0.499346, 0.00107126))
({x79, x89}, (0.500114, 7.13692e-07, 0.000160078, 0.499726))
({x80, x81}, (0.405744, 0.093654, 0.105636, 0.394966))
({x80, x90}, (0.0295272, 0.466329, 0.481853, 0.0222907))
({x81, x82}, (0.49839, 0.0115169, 0.000980342, 0.489113))
({x81, x91}, (0.235839, 0.221299, 0.263559, 0.279303))
({x82, x83}, (1.30229e-06, 0.490077, 0.509838, 8.4212e-05))
({x82, x92}, (0.0377504, 0.472232, 0.472137, 0.0178806))
({x83, x84}, (0.268953, 0.236524, 0.221164, 0.273359))
({x83, x93}, (0.490094, 1.32493e-06, 6.67473e-06, 0.509898))
({x84, x85}, (0.000161767, 0.494533, 0.505278, 2.7122e-05))
({x84, x94}, (0.505497, 1.41982e-05, 2.44724e-05, 0.494465))
({x85, x86}, (0.494699, 0.00196874, 6.59012e-08, 0.503332))
({x85, x95}, (0.191631, 0.311623, 0.303098, 0.193648))
({x86, x87}, (8.22615e-07, 0.499113, 0.49659, 0.00429546))
({x86, x96}, (0.496643, 7.86742e-07, 1.30517e-05, 0.503343))
({x87, x88}, (0.499377, 2.32545e-06, 2.45323e-05, 0.500596))
({x87, x97}, (0.498269, 0.00422089, 0.000853402, 0.496657))
({x88, x89}, (5.08081e-06, 0.500248, 0.499747, 7.78889e-08))
({x88, x98}, (0.49974, 1.23691e-05, 6.28379e-08, 0.500247))
({x89, x99}, (0.499774, 4.73042e-05, 0.000236127, 0.499942))
({x90, x91}, (0.418401, 0.038737, 0.0774542, 0.465408))
({x91, x92}, (0.437007, 0.0729673, 0.0201296, 0.469896))
({x92, x93}, (3.35673e-05, 0.490035, 0.509929, 1.85295e-06))
({x93, x94}, (0.00368724, 0.501861, 0.486386, 0.00806572))
({x94, x95}, (0.503129, 7.44637e-05, 0.00247454, 0.494322))
({x95, x96}, (8.08698e-06, 0.496699, 0.503291, 1.93776e-06))
({x96, x97}, (0.000205201, 0.502217, 0.496424, 0.00115353))
({x97, x98}, (0.0392553, 0.460622, 0.4632, 0.036923))
({x98, x99}, (0.49893, 0.000680122, 0.0010523, 0.499338))
