Approximate (TRWBP) log partition sum: 371.629
Approximate (TRWBP) variable marginals:
({x0}, (0.488612, 0.511388))
({x1}, (0.488689, 0.511311))
({x2}, (0.506839, 0.493161))
({x3}, (0.494063, 0.505937))
({x4}, (0.495256, 0.504744))
({x5}, (0.504331, 0.495669))
({x6}, (0.497897, 0.502103))
({x7}, (0.497769, 0.502231))
({x8}, (0.471426, 0.528574))
({x9}, (0.67199, 0.32801))
({x10}, (0.487283, 0.512717))
({x11}, (0.51279, 0.48721))
({x12}, (0.508561, 0.491439))
({x13}, (0.494117, 0.505883))
({x14}, (0.502324, 0.497676))
({x15}, (0.504028, 0.495972))
({x16}, (0.501792, 0.498208))
({x17}, (0.497935, 0.502065))
({x18}, (0.498102, 0.501898))
({x19}, (0.329686, 0.670314))
({x20}, (0.504716, 0.495284))
({x21}, (0.504834, 0.495166))
({x22}, (0.501767, 0.498233))
({x23}, (0.498087, 0.501913))
({x24}, (0.502169, 0.497831))
({x25}, (0.498749, 0.501251))
({x26}, (0.499497, 0.500503))
({x27}, (0.499181, 0.500819))
({x28}, (0.501158, 0.498842))
({x29}, (0.498725, 0.501275))
({x30}, (0.503184, 0.496816))
({x31}, (0.495133, 0.504867))
({x32}, (0.499286, 0.500714))
({x33}, (0.498082, 0.501918))
({x34}, (0.482249, 0.517751))
({x35}, (0.485068, 0.514932))
({x36}, (0.485019, 0.514981))
({x37}, (0.49645, 0.50355))
({x38}, (0.496424, 0.503576))
({x39}, (0.498652, 0.501348))
({x40}, (0.502998, 0.497002))
({x41}, (0.497909, 0.502091))
({x42}, (0.500696, 0.499304))
({x43}, (0.500466, 0.499534))
({x44}, (0.48853, 0.51147))
({x45}, (0.485127, 0.514873))
({x46}, (0.487264, 0.512736))
({x47}, (0.496442, 0.503558))
({x48}, (0.496423, 0.503577))
({x49}, (0.501343, 0.498657))
({x50}, (0.497564, 0.502436))
({x51}, (0.498949, 0.501051))
({x52}, (0.50068, 0.49932))
({x53}, (0.500821, 0.499179))
({x54}, (0.511601, 0.488399))
({x55}, (0.485193, 0.514807))
({x56}, (0.509465, 0.490535))
({x57}, (0.498997, 0.501003))
({x58}, (0.499786, 0.500214))
({x59}, (0.50022, 0.49978))
({x60}, (0.49719, 0.50281))
({x61}, (0.501195, 0.498805))
({x62}, (0.500096, 0.499904))
({x63}, (0.494223, 0.505777))
({x64}, (0.493733, 0.506267))
({x65}, (0.50922, 0.49078))
({x66}, (0.490547, 0.509453))
({x67}, (0.500804, 0.499196))
({x68}, (0.499594, 0.500406))
({x69}, (0.500146, 0.499854))
({x70}, (0.502726, 0.497274))
({x71}, (0.501581, 0.498419))
({x72}, (0.496521, 0.503479))
({x73}, (0.50536, 0.49464))
({x74}, (0.494872, 0.505128))
({x75}, (0.504983, 0.495017))
({x76}, (0.508382, 0.491618))
({x77}, (0.493319, 0.506681))
({x78}, (0.505344, 0.494656))
({x79}, (0.500142, 0.499858))
({x80}, (0.501513, 0.498487))
({x81}, (0.501529, 0.498471))
({x82}, (0.503511, 0.496489))
({x83}, (0.484462, 0.515538))
({x84}, (0.504496, 0.495504))
({x85}, (0.494911, 0.505089))
({x86}, (0.506192, 0.493808))
({x87}, (0.493518, 0.506482))
({x88}, (0.506541, 0.493459))
({x89}, (0.502541, 0.497459))
({x90}, (0.473351, 0.526649))
({x91}, (0.494936, 0.505064))
({x92}, (0.495111, 0.504889))
({x93}, (0.49513, 0.50487))
({x94}, (0.504469, 0.495531))
({x95}, (0.50514, 0.49486))
({x96}, (0.507152, 0.492848))
({x97}, (0.493476, 0.506524))
({x98}, (0.560728, 0.439272))
({x99}, (0.413988, 0.586012))
Approximate (TRWBP) factor marginals:
({x0}, (0.488612, 0.511388))
({x1}, (0.488689, 0.511311))
({x2}, (0.506839, 0.493161))
({x3}, (0.494063, 0.505937))
({x4}, (0.495256, 0.504744))
({x5}, (0.504331, 0.495669))
({x6}, (0.497897, 0.502103))
({x7}, (0.497769, 0.502231))
({x8}, (0.471426, 0.528574))
({x9}, (0.67199, 0.32801))
({x10}, (0.487283, 0.512717))
({x11}, (0.51279, 0.48721))
({x12}, (0.508561, 0.491439))
({x13}, (0.494117, 0.505883))
({x14}, (0.502324, 0.497676))
({x15}, (0.504028, 0.495972))
({x16}, (0.501792, 0.498208))
({x17}, (0.497935, 0.502065))
({x18}, (0.498102, 0.501898))
({x19}, (0.329686, 0.670314))
({x20}, (0.504716, 0.495284))
({x21}, (0.504834, 0.495166))
({x22}, (0.501767, 0.498233))
({x23}, (0.498087, 0.501913))
({x24}, (0.502169, 0.497831))
({x25}, (0.498749, 0.501251))
({x26}, (0.499497, 0.500503))
({x27}, (0.499181, 0.500819))
({x28}, (0.501158, 0.498842))
({x29}, (0.498725, 0.501275))
({x30}, (0.503184, 0.496816))
({x31}, (0.495133, 0.504867))
({x32}, (0.499286, 0.500714))
({x33}, (0.498082, 0.501918))
({x34}, (0.482249, 0.517751))
({x35}, (0.485068, 0.514932))
({x36}, (0.485019, 0.514981))
({x37}, (0.49645, 0.50355))
({x38}, (0.496424, 0.503576))
({x39}, (0.498652, 0.501348))
({x40}, (0.502998, 0.497002))
({x41}, (0.497909, 0.502091))
({x42}, (0.500696, 0.499304))
({x43}, (0.500466, 0.499534))
({x44}, (0.48853, 0.51147))
({x45}, (0.485127, 0.514873))
({x46}, (0.487264, 0.512736))
({x47}, (0.496442, 0.503558))
({x48}, (0.496423, 0.503577))
({x49}, (0.501343, 0.498657))
({x50}, (0.497564, 0.502436))
({x51}, (0.498949, 0.501051))
({x52}, (0.50068, 0.49932))
({x53}, (0.500821, 0.499179))
({x54}, (0.511601, 0.488399))
({x55}, (0.485193, 0.514807))
({x56}, (0.509465, 0.490535))
({x57}, (0.498997, 0.501003))
({x58}, (0.499786, 0.500214))
({x59}, (0.50022, 0.49978))
({x60}, (0.49719, 0.50281))
({x61}, (0.501195, 0.498805))
({x62}, (0.500096, 0.499904))
({x63}, (0.494223, 0.505777))
({x64}, (0.493733, 0.506267))
({x65}, (0.50922, 0.49078))
({x66}, (0.490547, 0.509453))
({x67}, (0.500804, 0.499196))
({x68}, (0.499594, 0.500406))
({x69}, (0.500146, 0.499854))
({x70}, (0.502726, 0.497274))
({x71}, (0.501581, 0.498419))
({x72}, (0.496521, 0.503479))
({x73}, (0.50536, 0.49464))
({x74}, (0.494872, 0.505128))
({x75}, (0.504983, 0.495017))
({x76}, (0.508382, 0.491618))
({x77}, (0.493319, 0.506681))
({x78}, (0.505344, 0.494656))
({x79}, (0.500142, 0.499858))
({x80}, (0.501513, 0.498487))
({x81}, (0.501529, 0.498471))
({x82}, (0.503511, 0.496489))
({x83}, (0.484462, 0.515538))
({x84}, (0.504496, 0.495504))
({x85}, (0.494911, 0.505089))
({x86}, (0.506192, 0.493808))
({x87}, (0.493518, 0.506482))
({x88}, (0.506541, 0.493459))
({x89}, (0.502541, 0.497459))
({x90}, (0.473351, 0.526649))
({x91}, (0.494936, 0.505064))
({x92}, (0.495111, 0.504889))
({x93}, (0.49513, 0.50487))
({x94}, (0.504469, 0.495531))
({x95}, (0.50514, 0.49486))
({x96}, (0.507152, 0.492848))
({x97}, (0.493476, 0.506524))
({x98}, (0.560728, 0.439272))
({x99}, (0.413988, 0.586012))
({x0, x1}, (0.488647, 3.54625e-06, 4.21069e-06, 0.511345))
({x0, x10}, (0.485578, 0.00174001, 0.00299861, 0.509683))
({x1, x2}, (0.000144469, 0.506734, 0.488585, 0.00453568))
({x1, x11}, (0.265848, 0.246944, 0.22284, 0.264368))
({x2, x3}, (0.000804935, 0.49321, 0.505985, 3.23862e-08))
({x2, x12}, (0.484247, 0.0243093, 0.0225966, 0.468847))
({x3, x4}, (0.494113, 0.00109306, 1.12534e-06, 0.504793))
({x3, x13}, (0.494058, 6.05417e-05, 1.80781e-06, 0.505879))
({x4, x5}, (1.83419e-08, 0.504502, 0.495425, 7.25649e-05))
({x4, x14}, (7.68605e-05, 0.502116, 0.495053, 0.00275405))
({x5, x6}, (0.00215116, 0.495708, 0.502141, 6.98145e-09))
({x5, x15}, (0.504181, 1.88443e-07, 9.38184e-07, 0.495818))
({x6, x7}, (0.497825, 1.58377e-05, 2.77522e-07, 0.502158))
({x6, x16}, (3.42453e-06, 0.501903, 0.498, 9.43391e-05))
({x7, x8}, (0.000482469, 0.47094, 0.497285, 0.0312927))
({x7, x17}, (0.000255262, 0.497598, 0.497441, 0.00470515))
({x8, x9}, (0.188916, 0.483074, 0.282511, 0.0454981))
({x8, x18}, (0.469552, 0.0285489, 0.00187825, 0.50002))
({x9, x19}, (0.00178434, 0.327903, 0.670206, 0.000106842))
({x10, x11}, (2.52132e-06, 0.512744, 0.487235, 1.88512e-05))
({x10, x20}, (0.00397359, 0.500744, 0.48331, 0.011972))
({x11, x12}, (0.507777, 0.000752708, 0.00504598, 0.486425))
({x11, x21}, (0.0257229, 0.479126, 0.487084, 0.00806705))
({x12, x13}, (0.232259, 0.261857, 0.276303, 0.229582))
({x12, x22}, (0.500565, 0.00116259, 0.00803625, 0.490236))
({x13, x14}, (0.0829549, 0.419367, 0.411159, 0.0865182))
({x13, x23}, (0.0602572, 0.437831, 0.433858, 0.0680534))
({x14, x15}, (0.502469, 0.00141359, 5.56625e-06, 0.496112))
({x14, x24}, (0.502189, 5.84265e-08, 0.000114889, 0.497696))
({x15, x16}, (0.444432, 0.0573653, 0.0596003, 0.438602))
({x15, x25}, (0.423098, 0.0756495, 0.0809355, 0.420317))
({x16, x17}, (0.000772552, 0.497132, 0.501004, 0.00109131))
({x16, x26}, (0.499582, 4.08509e-08, 0.00212297, 0.498295))
({x17, x18}, (0.497963, 3.43132e-05, 7.04137e-05, 0.501933))
({x17, x27}, (0.497843, 0.00135042, 6.43658e-05, 0.500742))
({x18, x19}, (0.318692, 0.0109955, 0.179414, 0.490899))
({x18, x28}, (1.0778e-06, 0.501278, 0.498228, 0.000493179))
({x19, x29}, (0.317973, 0.180751, 0.0117147, 0.489561))
({x20, x21}, (0.504771, 8.64622e-06, 3.11416e-08, 0.495221))
({x20, x30}, (0.503183, 5.35059e-05, 0.00147936, 0.495284))
({x21, x22}, (0.493693, 0.00804727, 0.011168, 0.487092))
({x21, x31}, (2.21113e-08, 0.49515, 0.50485, 2.84996e-07))
({x22, x23}, (2.19488e-07, 0.498159, 0.501838, 2.59186e-06))
({x22, x32}, (0.0156999, 0.483581, 0.486061, 0.0146576))
({x23, x24}, (0.000122168, 0.501976, 0.497898, 3.89477e-06))
({x23, x33}, (0.498084, 9.00511e-07, 3.71077e-07, 0.501915))
({x24, x25}, (0.00101643, 0.497777, 0.501202, 4.02346e-06))
({x24, x34}, (0.380794, 0.101455, 0.121377, 0.396375))
({x25, x26}, (0.498564, 0.000975792, 0.000136882, 0.500324))
({x25, x35}, (0.453793, 0.0312722, 0.0449586, 0.469977))
({x26, x27}, (0.499333, 1.41316e-08, 1.89155e-06, 0.500665))
({x26, x36}, (0.00244872, 0.482564, 0.497041, 0.0179461))
({x27, x28}, (1.51311e-07, 0.500993, 0.499007, 4.11017e-08))
({x27, x37}, (0.486337, 0.0101152, 0.0128383, 0.490709))
({x28, x29}, (9.04867e-06, 0.498754, 0.501188, 4.88129e-05))
({x28, x38}, (0.402614, 0.0938095, 0.098546, 0.40503))
({x29, x39}, (0.498686, 5.15221e-07, 1.25368e-06, 0.501312))
({x30, x31}, (0.179635, 0.315499, 0.32355, 0.181316))
({x30, x40}, (0.503049, 7.43554e-08, 8.42305e-05, 0.496866))
({x31, x32}, (0.007228, 0.492044, 0.487892, 0.0128359))
({x31, x41}, (0.386145, 0.111769, 0.108989, 0.393098))
({x32, x33}, (0.498063, 9.81045e-06, 0.00123152, 0.500696))
({x32, x42}, (4.78668e-06, 0.500703, 0.499292, 3.88507e-07))
({x33, x34}, (0.460819, 0.021427, 0.0372645, 0.48049))
({x33, x43}, (0.0210838, 0.479383, 0.476998, 0.0225353))
({x34, x35}, (0.481863, 0.00319988, 0.000390219, 0.514547))
({x34, x44}, (0.453891, 0.0346403, 0.0283556, 0.483113))
({x35, x36}, (0.485028, 9.8756e-06, 1.72093e-05, 0.514945))
({x35, x45}, (0.485096, 2.40559e-06, 1.94315e-08, 0.514901))
({x36, x37}, (0.264243, 0.232207, 0.220772, 0.282777))
({x36, x46}, (0.484965, 0.00232348, 2.60284e-05, 0.512685))
({x37, x38}, (0.0561038, 0.440321, 0.440347, 0.0632287))
({x37, x47}, (0.496447, 1.0538e-07, 1.2687e-06, 0.503552))
({x38, x39}, (0.336018, 0.162633, 0.160406, 0.340943))
({x38, x48}, (0.496424, 7.89259e-07, 1.50942e-08, 0.503575))
({x39, x49}, (6.67201e-06, 0.5013, 0.498607, 8.60703e-05))
({x40, x41}, (0.000746035, 0.497078, 0.502158, 1.77286e-05))
({x40, x50}, (0.000651661, 0.49694, 0.502376, 3.24569e-05))
({x41, x42}, (0.00632525, 0.494361, 0.491577, 0.00773636))
({x41, x51}, (0.498009, 0.000830141, 8.29602e-06, 0.501153))
({x42, x43}, (0.500437, 2.20661e-05, 0.000266727, 0.499274))
({x42, x52}, (0.500687, 2.35139e-08, 2.99323e-07, 0.499313))
({x43, x44}, (0.487988, 0.000545517, 0.0124744, 0.498992))
({x43, x53}, (0.500382, 0.000427266, 9.42807e-05, 0.499096))
({x44, x45}, (0.000270176, 0.484856, 0.488258, 0.0266154))
({x44, x54}, (0.000262329, 0.511336, 0.488265, 0.000137106))
({x45, x46}, (0.266906, 0.220358, 0.218222, 0.294514))
({x45, x55}, (0.48516, 1.66418e-06, 5.5572e-09, 0.514838))
({x46, x47}, (0.487242, 0.00922381, 1.05901e-06, 0.503534))
({x46, x56}, (0.000388418, 0.509078, 0.486874, 0.00365982))
({x47, x48}, (0.496433, 2.77e-08, 2.5291e-06, 0.503565))
({x47, x57}, (6.78333e-08, 0.498988, 0.496432, 0.00458013))
({x48, x49}, (0.496379, 0.00497564, 3.53979e-05, 0.49861))
({x48, x58}, (0.439713, 0.0600721, 0.0567116, 0.443503))
({x49, x59}, (0.500136, 5.17504e-05, 0.00123641, 0.498576))
({x50, x51}, (0.183081, 0.315865, 0.314481, 0.186574))
({x50, x60}, (0.495899, 0.00132863, 0.00163265, 0.50114))
({x51, x52}, (4.08966e-09, 0.500863, 0.49913, 6.74548e-06))
({x51, x61}, (2.16746e-05, 0.50111, 0.498861, 6.90522e-06))
({x52, x53}, (0.500532, 0.000317983, 0.000117251, 0.499033))
({x52, x62}, (0.500252, 3.63547e-07, 0.000263584, 0.499484))
({x53, x54}, (0.0264906, 0.48511, 0.474328, 0.0140709))
({x53, x63}, (0.000406044, 0.493801, 0.500397, 0.00539657))
({x54, x55}, (0.000716366, 0.484478, 0.510886, 0.00391927))
({x54, x64}, (0.469905, 0.023821, 0.0416989, 0.464575))
({x55, x56}, (0.476677, 0.0327929, 0.00851402, 0.482016))
({x55, x65}, (1.72615e-06, 0.509246, 0.485227, 0.0055261))
({x56, x57}, (0.00863384, 0.490374, 0.50084, 0.000152932))
({x56, x66}, (3.00698e-07, 0.490539, 0.50946, 8.56673e-08))
({x57, x58}, (0.498649, 0.00123651, 0.000252663, 0.499862))
({x57, x67}, (7.20651e-06, 0.500896, 0.499096, 3.43606e-07))
({x58, x59}, (1.67547e-07, 0.500208, 0.499779, 1.31161e-05))
({x58, x68}, (0.499686, 3.96914e-07, 3.9927e-06, 0.50031))
({x59, x69}, (0.500111, 5.99082e-07, 0.000139153, 0.499749))
({x60, x61}, (0.000892375, 0.500318, 0.496317, 0.00247324))
({x60, x70}, (7.591e-07, 0.50268, 0.497158, 0.000162076))
({x61, x62}, (0.00103309, 0.498917, 0.500027, 2.29642e-05))
({x61, x71}, (0.501365, 2.22929e-05, 3.22839e-05, 0.498581))
({x62, x63}, (0.494225, 1.60882e-05, 0.00584661, 0.499913))
({x62, x72}, (0.470037, 0.0264972, 0.0300492, 0.473416))
({x63, x64}, (0.493927, 1.5012e-07, 9.74795e-05, 0.505975))
({x63, x73}, (1.41541e-05, 0.505557, 0.494419, 9.5198e-06))
({x64, x65}, (0.00293748, 0.506227, 0.490742, 9.33815e-05))
({x64, x74}, (0.493279, 0.00174443, 0.000301773, 0.504674))
({x65, x66}, (8.6583e-06, 0.490554, 0.509222, 0.000214557))
({x65, x75}, (0.0397668, 0.465217, 0.469449, 0.0255674))
({x66, x67}, (0.00131078, 0.499482, 0.489226, 0.00998077))
({x66, x76}, (0.288065, 0.22032, 0.202482, 0.289133))
({x67, x68}, (0.000256233, 0.499269, 0.500475, 1.59327e-07))
({x67, x77}, (0.00124291, 0.492053, 0.499533, 0.00717109))
({x68, x69}, (0.498708, 0.00145482, 0.000865625, 0.498971))
({x68, x78}, (0.0999696, 0.405377, 0.399625, 0.0950281))
({x69, x79}, (0.500126, 3.53594e-07, 3.3186e-05, 0.49984))
({x70, x71}, (0.00438306, 0.497236, 0.498376, 5.50897e-06))
({x70, x80}, (0.00464287, 0.496872, 0.498078, 0.000406929))
({x71, x72}, (2.24219e-06, 0.496719, 0.501765, 0.00151427))
({x71, x81}, (0.501556, 2.8706e-08, 1.99531e-06, 0.498442))
({x72, x73}, (0.00162415, 0.503572, 0.49475, 5.4393e-05))
({x72, x82}, (1.55636e-07, 0.503491, 0.496505, 3.8959e-06))
({x73, x74}, (0.000155458, 0.49468, 0.505164, 8.03343e-08))
({x73, x83}, (6.65696e-05, 0.484389, 0.505293, 0.0102512))
({x74, x75}, (0.000412418, 0.504509, 0.494408, 0.000670672))
({x74, x84}, (3.10503e-05, 0.504418, 0.494797, 0.000753988))
({x75, x76}, (0.0699587, 0.438427, 0.435024, 0.05659))
({x75, x85}, (9.3741e-09, 0.494963, 0.505036, 1.00025e-06))
({x76, x77}, (0.00174484, 0.491521, 0.506582, 0.000151564))
({x76, x86}, (0.506026, 0.000106818, 0.00241619, 0.491451))
({x77, x78}, (0.485791, 0.0195652, 0.00751779, 0.487126))
({x77, x87}, (0.493416, 1.55528e-06, 2.10899e-07, 0.506582))
({x78, x79}, (0.00704894, 0.493108, 0.498312, 0.00153123))
({x78, x88}, (0.503594, 0.00297448, 0.00172589, 0.491706))
({x79, x89}, (0.00288028, 0.499661, 0.497262, 0.000196046))
({x80, x81}, (0.50151, 2.82902e-05, 9.21526e-07, 0.498461))
({x80, x90}, (0.0623736, 0.410977, 0.43914, 0.0875094))
({x81, x82}, (0.500925, 0.00261544, 0.000584798, 0.495875))
({x81, x91}, (0.448887, 0.0460476, 0.0526493, 0.452416))
({x82, x83}, (0.432596, 0.0518625, 0.0709194, 0.444622))
({x82, x92}, (0.0194178, 0.475695, 0.484099, 0.0207878))
({x83, x84}, (0.451765, 0.0527325, 0.032694, 0.462808))
({x83, x93}, (0.476779, 0.0183484, 0.00768288, 0.49719))
({x84, x85}, (5.27768e-07, 0.494955, 0.504542, 0.000502285))
({x84, x94}, (0.504468, 1.81725e-07, 2.99894e-05, 0.495502))
({x85, x86}, (0.000928835, 0.505176, 0.493895, 6.33892e-09))
({x85, x95}, (2.88781e-05, 0.5051, 0.494868, 2.73248e-06))
({x86, x87}, (2.26647e-07, 0.493654, 0.506325, 2.10583e-05))
({x86, x96}, (0.506056, 0.00110368, 0.000130581, 0.49271))
({x87, x88}, (3.49089e-07, 0.506511, 0.493484, 4.75452e-06))
({x87, x97}, (0.493492, 7.71605e-09, 4.42047e-06, 0.506504))
({x88, x89}, (0.453494, 0.0490443, 0.0530482, 0.444413))
({x88, x98}, (0.222772, 0.337956, 0.283769, 0.155503))
({x89, x99}, (0.404536, 0.00945134, 0.098005, 0.488008))
({x90, x91}, (0.47319, 0.0217459, 0.000161025, 0.504903))
({x91, x92}, (0.494933, 0.00017641, 3.55847e-06, 0.504887))
({x92, x93}, (0.495109, 2.16799e-05, 2.9928e-07, 0.504869))
({x93, x94}, (0.00030121, 0.504169, 0.494829, 0.000700583))
({x94, x95}, (0.144918, 0.360225, 0.359552, 0.135305))
({x95, x96}, (0.0130352, 0.49413, 0.492118, 0.000716833))
({x96, x97}, (0.00514106, 0.488321, 0.501999, 0.00453887))
({x97, x98}, (0.0547918, 0.505935, 0.438682, 0.000591059))
({x98, x99}, (0.00206735, 0.411921, 0.558661, 0.02735))
