Approximate (TRWBP) log partition sum: 366.61
Approximate (TRWBP) variable marginals:
({x0}, (0.499749, 0.500251))
({x1}, (0.501591, 0.498409))
({x2}, (0.367179, 0.632821))
({x3}, (0.386529, 0.613471))
({x4}, (0.503104, 0.496896))
({x5}, (0.502968, 0.497032))
({x6}, (0.49692, 0.50308))
({x7}, (0.503139, 0.496861))
({x8}, (0.337988, 0.662012))
({x9}, (0.669524, 0.330476))
({x10}, (0.500394, 0.499606))
({x11}, (0.501641, 0.498359))
({x12}, (0.501386, 0.498614))
({x13}, (0.444314, 0.555686))
({x14}, (0.501466, 0.498534))
({x15}, (0.497269, 0.502731))
({x16}, (0.497107, 0.502893))
({x17}, (0.464433, 0.535567))
({x18}, (0.457179, 0.542821))
({x19}, (0.456926, 0.543074))
({x20}, (0.498374, 0.501626))
({x21}, (0.498495, 0.501505))
({x22}, (0.498705, 0.501295))
({x23}, (0.498999, 0.501001))
({x24}, (0.498899, 0.501101))
({x25}, (0.497163, 0.502837))
({x26}, (0.502958, 0.497042))
({x27}, (0.497033, 0.502967))
({x28}, (0.42195, 0.57805))
({x29}, (0.54023, 0.45977))
({x30}, (0.498203, 0.501797))
({x31}, (0.498168, 0.501832))
({x32}, (0.500514, 0.499486))
({x33}, (0.49938, 0.50062))
({x34}, (0.499312, 0.500688))
({x35}, (0.49981, 0.50019))
({x36}, (0.496983, 0.503017))
({x37}, (0.503019, 0.496981))
({x38}, (0.501968, 0.498032))
({x39}, (0.524562, 0.475438))
({x40}, (0.498203, 0.501797))
({x41}, (0.498167, 0.501833))
({x42}, (0.499578, 0.500422))
({x43}, (0.499836, 0.500164))
({x44}, (0.500338, 0.499662))
({x45}, (0.499547, 0.500453))
({x46}, (0.503075, 0.496925))
({x47}, (0.502788, 0.497212))
({x48}, (0.497863, 0.502137))
({x49}, (0.524136, 0.475864))
({x50}, (0.504987, 0.495013))
({x51}, (0.504856, 0.495144))
({x52}, (0.49904, 0.50096))
({x53}, (0.49998, 0.50002))
({x54}, (0.500882, 0.499118))
({x55}, (0.498854, 0.501146))
({x56}, (0.503179, 0.496821))
({x57}, (0.497271, 0.502729))
({x58}, (0.502386, 0.497614))
({x59}, (0.489875, 0.510125))
({x60}, (0.494938, 0.505062))
({x61}, (0.495248, 0.504752))
({x62}, (0.501139, 0.498861))
({x63}, (0.501296, 0.498704))
({x64}, (0.500987, 0.499013))
({x65}, (0.50107, 0.49893))
({x66}, (0.496862, 0.503138))
({x67}, (0.497115, 0.502885))
({x68}, (0.4975, 0.5025))
({x69}, (0.501462, 0.498538))
({x70}, (0.501679, 0.498321))
({x71}, (0.501602, 0.498398))
({x72}, (0.498565, 0.501435))
({x73}, (0.500407, 0.499593))
({x74}, (0.499261, 0.500739))
({x75}, (0.500932, 0.499068))
({x76}, (0.494357, 0.505643))
({x77}, (0.502945, 0.497055))
({x78}, (0.49788, 0.50212))
({x79}, (0.499385, 0.500615))
({x80}, (0.498408, 0.501592))
({x81}, (0.498418, 0.501582))
({x82}, (0.501615, 0.498385))
({x83}, (0.500248, 0.499752))
({x84}, (0.499572, 0.500428))
({x85}, (0.500775, 0.499225))
({x86}, (0.490856, 0.509144))
({x87}, (0.497405, 0.502595))
({x88}, (0.500394, 0.499606))
({x89}, (0.49985, 0.50015))
({x90}, (0.502466, 0.497534))
({x91}, (0.501465, 0.498535))
({x92}, (0.496255, 0.503745))
({x93}, (0.499555, 0.500445))
({x94}, (0.499664, 0.500336))
({x95}, (0.500994, 0.499006))
({x96}, (0.490848, 0.509152))
({x97}, (0.49966, 0.50034))
({x98}, (0.500355, 0.499645))
({x99}, (0.612934, 0.387066))
Approximate (TRWBP) factor marginals:
({x0}, (0.499749, 0.500251))
({x1}, (0.501591, 0.498409))
({x2}, (0.367179, 0.632821))
({x3}, (0.386529, 0.613471))
({x4}, (0.503104, 0.496896))
({x5}, (0.502968, 0.497032))
({x6}, (0.49692, 0.50308))
({x7}, (0.503139, 0.496861))
({x8}, (0.337988, 0.662012))
({x9}, (0.669524, 0.330476))
({x10}, (0.500394, 0.499606))
({x11}, (0.501641, 0.498359))
({x12}, (0.501386, 0.498614))
({x13}, (0.444314, 0.555686))
({x14}, (0.501466, 0.498534))
({x15}, (0.497269, 0.502731))
({x16}, (0.497107, 0.502893))
({x17}, (0.464433, 0.535567))
({x18}, (0.457179, 0.542821))
({x19}, (0.456926, 0.543074))
({x20}, (0.498374, 0.501626))
({x21}, (0.498495, 0.501505))
({x22}, (0.498705, 0.501295))
({x23}, (0.498999, 0.501001))
({x24}, (0.498899, 0.501101))
({x25}, (0.497163, 0.502837))
({x26}, (0.502958, 0.497042))
({x27}, (0.497033, 0.502967))
({x28}, (0.42195, 0.57805))
({x29}, (0.54023, 0.45977))
({x30}, (0.498203, 0.501797))
({x31}, (0.498168, 0.501832))
({x32}, (0.500514, 0.499486))
({x33}, (0.49938, 0.50062))
({x34}, (0.499312, 0.500688))
({x35}, (0.49981, 0.50019))
({x36}, (0.496983, 0.503017))
({x37}, (0.503019, 0.496981))
({x38}, (0.501968, 0.498032))
({x39}, (0.524562, 0.475438))
({x40}, (0.498203, 0.501797))
({x41}, (0.498167, 0.501833))
({x42}, (0.499578, 0.500422))
({x43}, (0.499836, 0.500164))
({x44}, (0.500338, 0.499662))
({x45}, (0.499547, 0.500453))
({x46}, (0.503075, 0.496925))
({x47}, (0.502788, 0.497212))
({x48}, (0.497863, 0.502137))
({x49}, (0.524136, 0.475864))
({x50}, (0.504987, 0.495013))
({x51}, (0.504856, 0.495144))
({x52}, (0.49904, 0.50096))
({x53}, (0.49998, 0.50002))
({x54}, (0.500882, 0.499118))
({x55}, (0.498854, 0.501146))
({x56}, (0.503179, 0.496821))
({x57}, (0.497271, 0.502729))
({x58}, (0.502386, 0.497614))
({x59}, (0.489875, 0.510125))
({x60}, (0.494938, 0.505062))
({x61}, (0.495248, 0.504752))
({x62}, (0.501139, 0.498861))
({x63}, (0.501296, 0.498704))
({x64}, (0.500987, 0.499013))
({x65}, (0.50107, 0.49893))
({x66}, (0.496862, 0.503138))
({x67}, (0.497115, 0.502885))
({x68}, (0.4975, 0.5025))
({x69}, (0.501462, 0.498538))
({x70}, (0.501679, 0.498321))
({x71}, (0.501602, 0.498398))
({x72}, (0.498565, 0.501435))
({x73}, (0.500407, 0.499593))
({x74}, (0.499261, 0.500739))
({x75}, (0.500932, 0.499068))
({x76}, (0.494357, 0.505643))
({x77}, (0.502945, 0.497055))
({x78}, (0.49788, 0.50212))
({x79}, (0.499385, 0.500615))
({x80}, (0.498408, 0.501592))
({x81}, (0.498418, 0.501582))
({x82}, (0.501615, 0.498385))
({x83}, (0.500248, 0.499752))
({x84}, (0.499572, 0.500428))
({x85}, (0.500775, 0.499225))
({x86}, (0.490856, 0.509144))
({x87}, (0.497405, 0.502595))
({x88}, (0.500394, 0.499606))
({x89}, (0.49985, 0.50015))
({x90}, (0.502466, 0.497534))
({x91}, (0.501465, 0.498535))
({x92}, (0.496255, 0.503745))
({x93}, (0.499555, 0.500445))
({x94}, (0.499664, 0.500336))
({x95}, (0.500994, 0.499006))
({x96}, (0.490848, 0.509152))
({x97}, (0.49966, 0.50034))
({x98}, (0.500355, 0.499645))
({x99}, (0.612934, 0.387066))
({x0, x1}, (0.499647, 0.0019197, 0.000125422, 0.498308))
({x0, x10}, (9.55451e-05, 0.500275, 0.49963, 4.02081e-07))
({x1, x2}, (0.234179, 0.133, 0.267413, 0.365409))
({x1, x11}, (0.501617, 1.17499e-06, 2.62067e-06, 0.498379))
({x2, x3}, (0.261434, 0.125096, 0.105744, 0.507726))
({x2, x12}, (0.365436, 0.135952, 0.00174245, 0.496869))
({x3, x4}, (0.375618, 0.127483, 0.010911, 0.485988))
({x3, x13}, (0.383511, 0.0607972, 0.0030197, 0.552672))
({x4, x5}, (0.0886098, 0.414356, 0.414492, 0.082542))
({x4, x14}, (0.500908, 0.000559083, 0.00218904, 0.496343))
({x5, x6}, (2.70147e-06, 0.496883, 0.502929, 0.000184975))
({x5, x15}, (0.497237, 6.4964e-06, 0.00575763, 0.496999))
({x6, x7}, (5.86401e-05, 0.503079, 0.496859, 3.05783e-06))
({x6, x16}, (0.496407, 0.000669325, 0.000542981, 0.502381))
({x7, x8}, (0.0510368, 0.286952, 0.452102, 0.209909))
({x7, x17}, (0.165788, 0.298643, 0.337351, 0.198218))
({x8, x9}, (0.0076807, 0.661844, 0.330307, 0.000168299))
({x8, x18}, (0.0506865, 0.406492, 0.287302, 0.25552))
({x9, x19}, (0.366718, 0.090208, 0.302807, 0.240268))
({x10, x11}, (0.00218797, 0.49951, 0.498259, 4.30175e-05))
({x10, x20}, (4.00034e-05, 0.498314, 0.500332, 0.00131446))
({x11, x12}, (0.00451091, 0.496918, 0.497179, 0.00139244))
({x11, x21}, (6.40349e-06, 0.498419, 0.501572, 2.51809e-06))
({x12, x13}, (0.0574903, 0.38682, 0.443899, 0.111791))
({x12, x22}, (6.56179e-07, 0.49866, 0.501339, 4.29568e-07))
({x13, x14}, (0.402807, 0.0986591, 0.041502, 0.457032))
({x13, x23}, (0.0252776, 0.473727, 0.419029, 0.0819666))
({x14, x15}, (0.00070822, 0.496728, 0.500924, 0.00164015))
({x14, x24}, (1.67109e-05, 0.498711, 0.501272, 1.90148e-09))
({x15, x16}, (0.497175, 2.78367e-07, 3.08008e-05, 0.502794))
({x15, x25}, (0.497206, 2.1461e-05, 4.36363e-07, 0.502772))
({x16, x17}, (0.441614, 0.0228173, 0.0554953, 0.480074))
({x16, x26}, (7.93412e-06, 0.502919, 0.497071, 2.18943e-06))
({x17, x18}, (0.456895, 0.000284678, 0.00753503, 0.535285))
({x17, x27}, (0.447475, 0.0495554, 0.0169572, 0.486012))
({x18, x19}, (0.456903, 2.37827e-05, 0.00027482, 0.542799))
({x18, x28}, (0.400503, 0.0214464, 0.0566751, 0.521375))
({x19, x29}, (0.000486932, 0.539743, 0.456439, 0.00333131))
({x20, x21}, (0.498394, 7.4226e-05, 4.68203e-06, 0.501527))
({x20, x30}, (0.497936, 0.000267757, 0.000436839, 0.501359))
({x21, x22}, (0.498594, 7.93306e-06, 1.10246e-06, 0.501397))
({x21, x31}, (0.00397566, 0.494184, 0.49451, 0.00732999))
({x22, x23}, (0.498854, 3.16762e-07, 2.29594e-06, 0.501144))
({x22, x32}, (0.363789, 0.136723, 0.134918, 0.36457))
({x23, x24}, (0.498776, 0.000151062, 0.000205235, 0.500868))
({x23, x33}, (0.499183, 1.66348e-05, 1.42961e-07, 0.500801))
({x24, x25}, (2.98572e-06, 0.497114, 0.498853, 0.00403018))
({x24, x34}, (0.499086, 3.6147e-05, 3.29547e-06, 0.500874))
({x25, x26}, (0.06987, 0.433088, 0.427291, 0.0697515))
({x25, x35}, (0.496621, 0.00321474, 0.00051278, 0.499651))
({x26, x27}, (9.63734e-07, 0.497035, 0.50296, 4.12909e-06))
({x26, x36}, (2.3997e-06, 0.497008, 0.502982, 8.07816e-06))
({x27, x28}, (0.393291, 0.0286591, 0.10374, 0.47431))
({x27, x37}, (0.429483, 0.0735379, 0.0675462, 0.429433))
({x28, x29}, (0.00125112, 0.53898, 0.420698, 0.0390711))
({x28, x38}, (0.31841, 0.183557, 0.103538, 0.394494))
({x29, x39}, (0.524547, 1.51046e-05, 0.0156834, 0.459754))
({x30, x31}, (0.498181, 7.64811e-06, 2.21547e-06, 0.501809))
({x30, x40}, (0.4981, 8.67404e-05, 0.000118347, 0.501695))
({x31, x32}, (0.498042, 0.00248192, 0.000116296, 0.49936))
({x31, x41}, (0.498168, 6.19334e-08, 1.69459e-06, 0.501831))
({x32, x33}, (2.82229e-07, 0.499414, 0.500548, 3.76459e-05))
({x32, x42}, (5.74677e-06, 0.499532, 0.500461, 7.20293e-07))
({x33, x34}, (0.499346, 4.40994e-08, 6.19931e-07, 0.500654))
({x33, x43}, (0.499558, 0.000104106, 1.37471e-07, 0.500338))
({x34, x35}, (0.000346584, 0.499455, 0.498955, 0.00124287))
({x34, x44}, (3.63585e-06, 0.50051, 0.499483, 2.75796e-06))
({x35, x36}, (0.360162, 0.13682, 0.13965, 0.363368))
({x35, x45}, (0.00327894, 0.496255, 0.496517, 0.00394889))
({x36, x37}, (1.0627e-07, 0.503018, 0.496982, 1.04914e-07))
({x36, x46}, (2.82202e-07, 0.503045, 0.496954, 6.11e-07))
({x37, x38}, (0.461096, 0.0408726, 0.0419217, 0.45611))
({x37, x47}, (0.458382, 0.0444097, 0.0446348, 0.452573))
({x38, x39}, (0.0995283, 0.425036, 0.402441, 0.0729955))
({x38, x48}, (7.86956e-07, 0.497855, 0.501961, 0.000182255))
({x39, x49}, (0.524137, 9.5356e-10, 0.000423842, 0.475439))
({x40, x41}, (0.498156, 1.10975e-05, 4.72712e-05, 0.501786))
({x40, x50}, (0.00324849, 0.501753, 0.49497, 2.81622e-05))
({x41, x42}, (0.319931, 0.179652, 0.178235, 0.322182))
({x41, x51}, (0.447673, 0.0571836, 0.0504936, 0.44465))
({x42, x43}, (0.49971, 2.11078e-06, 2.48976e-06, 0.500286))
({x42, x52}, (0.498068, 0.00104773, 0.00143924, 0.499446))
({x43, x44}, (0.500064, 5.00992e-05, 5.5566e-07, 0.499886))
({x43, x53}, (0.499908, 3.77574e-06, 1.41375e-07, 0.500088))
({x44, x45}, (8.221e-07, 0.499599, 0.500393, 6.67017e-06))
({x44, x54}, (0.20705, 0.293835, 0.293292, 0.205823))
({x45, x46}, (0.140983, 0.362091, 0.358566, 0.13836))
({x45, x55}, (0.496888, 0.00200711, 0.00262149, 0.498483))
({x46, x47}, (0.502694, 7.04228e-05, 0.000406925, 0.496829))
({x46, x56}, (0.45154, 0.0516417, 0.051533, 0.445285))
({x47, x48}, (0.000926233, 0.496992, 0.501922, 0.000159863))
({x47, x57}, (3.61519e-06, 0.497239, 0.502757, 1.57157e-07))
({x48, x49}, (0.0387572, 0.485374, 0.459099, 0.01677))
({x48, x58}, (0.000166068, 0.502178, 0.497648, 7.60426e-06))
({x49, x59}, (0.014012, 0.475863, 0.510125, 3.48398e-09))
({x50, x51}, (0.504909, 4.77462e-07, 2.1187e-05, 0.495069))
({x50, x60}, (8.98257e-07, 0.494973, 0.505021, 5.32119e-06))
({x51, x52}, (0.498956, 9.32955e-05, 0.00589086, 0.49506))
({x51, x61}, (2.17071e-05, 0.495182, 0.504789, 7.52203e-06))
({x52, x53}, (0.474567, 0.0254173, 0.0244728, 0.475543))
({x52, x62}, (1.43147e-06, 0.501053, 0.498946, 1.42908e-08))
({x53, x54}, (0.00102468, 0.49993, 0.499032, 1.26756e-05))
({x53, x63}, (0.482457, 0.018842, 0.017527, 0.481175))
({x54, x55}, (0.000181558, 0.498582, 0.500616, 0.000620702))
({x54, x64}, (0.00310365, 0.497904, 0.497806, 0.00118634))
({x55, x56}, (0.00924556, 0.493956, 0.489631, 0.00716758))
({x55, x65}, (4.72158e-08, 0.501104, 0.498892, 3.67543e-06))
({x56, x57}, (0.000631924, 0.496655, 0.502563, 0.000150236))
({x56, x66}, (3.56962e-05, 0.49679, 0.503113, 6.04266e-05))
({x57, x58}, (0.00127738, 0.501131, 0.496016, 0.00157607))
({x57, x67}, (0.346682, 0.150429, 0.150592, 0.352298))
({x58, x59}, (0.00474403, 0.485147, 0.49766, 0.0124489))
({x58, x68}, (0.475724, 0.0217604, 0.0266729, 0.475843))
({x59, x69}, (2.95859e-08, 0.501451, 0.489856, 0.00869285))
({x60, x61}, (0.480752, 0.0145027, 0.014182, 0.490563))
({x60, x70}, (0.493926, 0.00778705, 0.000978895, 0.497308))
({x61, x62}, (0.479837, 0.0213062, 0.0154113, 0.483445))
({x61, x71}, (6.04204e-06, 0.501641, 0.495288, 0.00306477))
({x62, x63}, (0.0322315, 0.469067, 0.468913, 0.0297881))
({x62, x72}, (4.27355e-06, 0.498647, 0.501225, 0.000123231))
({x63, x64}, (0.50099, 4.34147e-07, 0.000300283, 0.49871))
({x63, x73}, (0.0113739, 0.489034, 0.489928, 0.0096643))
({x64, x65}, (0.00210836, 0.498986, 0.498905, 7.47606e-07))
({x64, x74}, (0.000119791, 0.499074, 0.500802, 4.58498e-06))
({x65, x66}, (0.124808, 0.372051, 0.376257, 0.126885))
({x65, x75}, (0.500997, 1.81352e-07, 1.06877e-07, 0.499002))
({x66, x67}, (0.496946, 7.61292e-05, 2.66733e-06, 0.502975))
({x66, x76}, (0.00127705, 0.493029, 0.495534, 0.0101601))
({x67, x68}, (0.497279, 4.16874e-05, 7.69577e-06, 0.502672))
({x67, x77}, (0.496683, 0.00635731, 0.000334808, 0.496624))
({x68, x69}, (0.0189059, 0.482556, 0.478584, 0.0199536))
({x68, x78}, (0.497684, 2.55969e-06, 4.08227e-07, 0.502314))
({x69, x79}, (0.499366, 1.43997e-06, 0.00212893, 0.498504))
({x70, x71}, (0.501637, 9.36436e-07, 9.86319e-06, 0.498352))
({x70, x80}, (0.00018135, 0.498225, 0.501498, 9.65802e-05))
({x71, x72}, (2.66467e-05, 0.498464, 0.501509, 1.0296e-06))
({x71, x81}, (4.67409e-06, 0.498405, 0.50159, 4.06293e-07))
({x72, x73}, (0.0484619, 0.451939, 0.450101, 0.0494976))
({x72, x82}, (0.000183662, 0.501417, 0.498366, 3.36905e-05))
({x73, x74}, (1.88478e-05, 0.499236, 0.500382, 0.000363106))
({x73, x83}, (0.00397972, 0.496267, 0.49642, 0.00333372))
({x74, x75}, (2.66596e-07, 0.500831, 0.499161, 8.24451e-06))
({x74, x84}, (0.499418, 1.45871e-06, 1.79456e-08, 0.500581))
({x75, x76}, (0.175184, 0.319171, 0.325746, 0.1799))
({x75, x85}, (0.00176224, 0.499039, 0.499191, 7.72033e-06))
({x76, x77}, (8.42466e-07, 0.503023, 0.494427, 0.00254979))
({x76, x86}, (0.490876, 9.13526e-06, 0.00345203, 0.505663))
({x77, x78}, (0.235292, 0.262584, 0.267656, 0.234468))
({x77, x87}, (1.49926e-05, 0.497222, 0.502763, 1.50466e-09))
({x78, x79}, (0.498046, 0.00110887, 6.66397e-05, 0.500778))
({x78, x88}, (0.497299, 0.00313646, 0.000526105, 0.499038))
({x79, x89}, (0.499613, 5.23865e-06, 8.73205e-06, 0.500373))
({x80, x81}, (0.498411, 5.28757e-06, 1.04332e-07, 0.501584))
({x80, x90}, (0.00111395, 0.501352, 0.497292, 0.000242174))
({x81, x82}, (5.65001e-05, 0.501562, 0.498364, 1.76196e-05))
({x81, x91}, (2.39105e-05, 0.501453, 0.498406, 0.000116875))
({x82, x83}, (0.0145001, 0.48575, 0.487117, 0.0126335))
({x82, x92}, (0.000168397, 0.496097, 0.50146, 0.00227479))
({x83, x84}, (1.34683e-07, 0.499657, 0.500331, 1.15395e-05))
({x83, x93}, (0.001134, 0.498351, 0.499042, 0.00147253))
({x84, x85}, (0.0207399, 0.480041, 0.478834, 0.0203855))
({x84, x94}, (0.499518, 7.21062e-05, 0.000125199, 0.500285))
({x85, x86}, (0.00022085, 0.490615, 0.500535, 0.00862897))
({x85, x95}, (0.164329, 0.336663, 0.336449, 0.162559))
({x86, x87}, (0.474589, 0.0228178, 0.0162659, 0.486327))
({x86, x96}, (0.490848, 1.51929e-08, 9.66509e-06, 0.509142))
({x87, x88}, (1.85823e-10, 0.50058, 0.497602, 0.00181781))
({x87, x97}, (0.495985, 0.00370234, 0.0013931, 0.498919))
({x88, x89}, (0.500096, 6.74247e-09, 5.19651e-05, 0.499852))
({x88, x98}, (0.000793041, 0.499588, 0.499619, 5.30472e-07))
({x89, x99}, (0.117109, 0.495825, 0.382742, 0.00432374))
({x90, x91}, (0.0856185, 0.415848, 0.416849, 0.0816838))
({x91, x92}, (0.000156563, 0.496086, 0.501299, 0.00245868))
({x92, x93}, (0.466377, 0.0331822, 0.0298752, 0.470565))
({x93, x94}, (3.29823e-06, 0.499725, 0.499623, 0.000648898))
({x94, x95}, (0.000701219, 0.500291, 0.498962, 4.60842e-05))
({x95, x96}, (0.198102, 0.292745, 0.30289, 0.206263))
({x96, x97}, (0.334751, 0.164911, 0.156095, 0.344242))
({x97, x98}, (1.22233e-05, 0.500319, 0.499627, 4.21816e-05))
({x98, x99}, (0.461499, 0.151436, 0.0388543, 0.348211))
