Approximate (TRWBP) log partition sum: 339.172
Approximate (TRWBP) variable marginals:
({x0}, (0.500094, 0.499906))
({x1}, (0.499946, 0.500054))
({x2}, (0.499788, 0.500212))
({x3}, (0.500132, 0.499868))
({x4}, (0.500741, 0.499259))
({x5}, (0.500052, 0.499948))
({x6}, (0.499423, 0.500577))
({x7}, (0.499399, 0.500601))
({x8}, (0.500257, 0.499743))
({x9}, (0.500204, 0.499796))
({x10}, (0.500193, 0.499807))
({x11}, (0.499861, 0.500139))
({x12}, (0.499502, 0.500498))
({x13}, (0.500433, 0.499567))
({x14}, (0.500538, 0.499462))
({x15}, (0.500334, 0.499666))
({x16}, (0.501153, 0.498847))
({x17}, (0.500775, 0.499225))
({x18}, (0.499871, 0.500129))
({x19}, (0.500028, 0.499972))
({x20}, (0.497942, 0.502058))
({x21}, (0.500113, 0.499887))
({x22}, (0.500026, 0.499974))
({x23}, (0.499619, 0.500381))
({x24}, (0.498101, 0.501899))
({x25}, (0.50083, 0.49917))
({x26}, (0.499887, 0.500113))
({x27}, (0.499541, 0.500459))
({x28}, (0.500027, 0.499973))
({x29}, (0.499986, 0.500014))
({x30}, (0.500097, 0.499903))
({x31}, (0.499727, 0.500273))
({x32}, (0.499774, 0.500226))
({x33}, (0.499677, 0.500323))
({x34}, (0.500699, 0.499301))
({x35}, (0.500242, 0.499758))
({x36}, (0.500223, 0.499777))
({x37}, (0.500605, 0.499395))
({x38}, (0.500281, 0.499719))
({x39}, (0.499596, 0.500404))
({x40}, (0.499687, 0.500313))
({x41}, (0.500758, 0.499242))
Approximate (TRWBP) factor marginals:
({x0}, (0.500094, 0.499906))
({x1}, (0.499946, 0.500054))
({x2}, (0.499788, 0.500212))
({x3}, (0.500132, 0.499868))
({x4}, (0.500741, 0.499259))
({x5}, (0.500052, 0.499948))
({x6}, (0.499423, 0.500577))
({x7}, (0.499399, 0.500601))
({x8}, (0.500257, 0.499743))
({x9}, (0.500204, 0.499796))
({x10}, (0.500193, 0.499807))
({x11}, (0.499861, 0.500139))
({x12}, (0.499502, 0.500498))
({x13}, (0.500433, 0.499567))
({x14}, (0.500538, 0.499462))
({x15}, (0.500334, 0.499666))
({x16}, (0.501153, 0.498847))
({x17}, (0.500775, 0.499225))
({x18}, (0.499871, 0.500129))
({x19}, (0.500028, 0.499972))
({x20}, (0.497942, 0.502058))
({x21}, (0.500113, 0.499887))
({x22}, (0.500026, 0.499974))
({x23}, (0.499619, 0.500381))
({x24}, (0.498101, 0.501899))
({x25}, (0.50083, 0.49917))
({x26}, (0.499887, 0.500113))
({x27}, (0.499541, 0.500459))
({x28}, (0.500027, 0.499973))
({x29}, (0.499986, 0.500014))
({x30}, (0.500097, 0.499903))
({x31}, (0.499727, 0.500273))
({x32}, (0.499774, 0.500226))
({x33}, (0.499677, 0.500323))
({x34}, (0.500699, 0.499301))
({x35}, (0.500242, 0.499758))
({x36}, (0.500223, 0.499777))
({x37}, (0.500605, 0.499395))
({x38}, (0.500281, 0.499719))
({x39}, (0.499596, 0.500404))
({x40}, (0.499687, 0.500313))
({x41}, (0.500758, 0.499242))
({x0, x21}, (0.500098, 1.11727e-07, 1.86788e-08, 0.499902))
({x0, x22}, (0.50006, 3.58685e-13, 4.33976e-15, 0.49994))
({x0, x23}, (0.499846, 3.33721e-18, 2.28035e-18, 0.500154))
({x0, x24}, (4.77421e-18, 0.499007, 0.500993, 7.29277e-14))
({x0, x25}, (4.19409e-05, 0.50034, 0.499611, 7.21872e-06))
({x0, x26}, (0.49999, 1.20237e-12, 6.54064e-13, 0.50001))
({x0, x27}, (5.19112e-09, 0.499727, 0.500263, 9.3369e-06))
({x0, x28}, (0.133837, 0.366192, 0.366249, 0.133722))
({x0, x29}, (0.0797671, 0.420222, 0.420318, 0.0796921))
({x0, x30}, (0.000467821, 0.499355, 0.499345, 0.000832411))
({x0, x31}, (0.499897, 4.93336e-07, 1.68389e-08, 0.500103))
({x0, x32}, (7.36581e-09, 0.49985, 0.50015, 1.04773e-07))
({x0, x33}, (5.30333e-15, 0.499792, 0.500208, 1.22319e-13))
({x0, x34}, (0.00384457, 0.497463, 0.49685, 0.00184177))
({x0, x35}, (7.18756e-11, 0.500087, 0.499913, 2.8811e-11))
({x0, x36}, (5.37691e-05, 0.499986, 0.499841, 0.000119244))
({x0, x37}, (4.68884e-09, 0.500254, 0.499746, 2.17534e-10))
({x0, x38}, (0.500184, 9.67673e-19, 7.97852e-21, 0.499816))
({x0, x39}, (0.499842, 5.73882e-08, 2.22381e-07, 0.500158))
({x0, x40}, (0.499879, 1.53553e-07, 2.64337e-07, 0.500121))
({x0, x41}, (0.500392, 6.20752e-05, 3.66946e-08, 0.499546))
({x1, x21}, (1.60795e-06, 0.500049, 0.499893, 5.64087e-05))
({x1, x22}, (0.283983, 0.216054, 0.215978, 0.283985))
({x1, x23}, (0.499766, 1.7567e-05, 3.88294e-06, 0.500213))
({x1, x24}, (0.49902, 4.52791e-13, 3.44573e-11, 0.50098))
({x1, x25}, (0.50035, 0.000113237, 1.0075e-07, 0.499537))
({x1, x26}, (8.18822e-26, 0.499965, 0.500035, 9.59259e-24))
({x1, x27}, (2.57663e-10, 0.49979, 0.500209, 1.48444e-06))
({x1, x28}, (3.32998e-08, 0.50003, 0.499966, 3.94781e-06))
({x1, x29}, (6.62176e-12, 0.500014, 0.499986, 1.63453e-10))
({x1, x30}, (0.49981, 0.000442975, 5.4563e-06, 0.499742))
({x1, x31}, (0.0726886, 0.42703, 0.427268, 0.0730127))
({x1, x32}, (5.93216e-09, 0.499908, 0.500092, 2.70131e-07))
({x1, x33}, (1.17287e-09, 0.49986, 0.50014, 8.62995e-08))
({x1, x34}, (7.59988e-18, 0.500364, 0.499636, 3.55792e-18))
({x1, x35}, (3.16431e-12, 0.50014, 0.49986, 3.9488e-12))
({x1, x36}, (6.06165e-06, 0.500113, 0.49984, 4.08982e-05))
({x1, x37}, (0.402162, 0.0984371, 0.0977936, 0.401607))
({x1, x38}, (0.500076, 8.35116e-05, 2.24677e-07, 0.49984))
({x1, x39}, (1.00384e-15, 0.499815, 0.500185, 7.46653e-13))
({x1, x40}, (2.53766e-30, 0.499856, 0.500144, 9.22213e-28))
({x1, x41}, (0.50036, 2.90789e-14, 5.27959e-18, 0.49964))
({x2, x21}, (9.76572e-06, 0.500092, 0.499778, 0.000120627))
({x2, x22}, (1.41054e-26, 0.500118, 0.499882, 1.4196e-26))
({x2, x23}, (0.499695, 2.85076e-10, 1.5599e-10, 0.500305))
({x2, x24}, (0.498921, 3.68837e-07, 6.57522e-05, 0.501013))
({x2, x25}, (0.498597, 0.00340802, 4.53699e-05, 0.49795))
({x2, x26}, (0.499842, 1.72942e-10, 7.69461e-11, 0.500158))
({x2, x27}, (3.70238e-08, 0.49983, 0.500091, 7.89031e-05))
({x2, x28}, (0.207131, 0.292898, 0.292668, 0.207303))
({x2, x29}, (0.499751, 0.000250087, 2.56606e-05, 0.499973))
({x2, x30}, (0.455109, 0.0449913, 0.0446881, 0.455212))
({x2, x31}, (0.499757, 4.40352e-06, 1.27933e-07, 0.500239))
({x2, x32}, (0.185873, 0.313899, 0.313924, 0.186304))
({x2, x33}, (1.48478e-08, 0.499939, 0.50006, 4.26316e-07))
({x2, x34}, (0.000959843, 0.499836, 0.498954, 0.000250027))
({x2, x35}, (0.500018, 6.62646e-11, 3.14841e-13, 0.499982))
({x2, x36}, (0.500015, 1.27765e-06, 3.62301e-08, 0.499984))
({x2, x37}, (0.500186, 2.83916e-11, 1.73238e-14, 0.499814))
({x2, x38}, (0.0559553, 0.444332, 0.44385, 0.0558625))
({x2, x39}, (4.7275e-14, 0.499894, 0.500106, 1.39758e-11))
({x2, x40}, (1.04635e-24, 0.499939, 0.500061, 1.54079e-22))
({x2, x41}, (0.468837, 0.0319523, 0.0309358, 0.468275))
({x3, x21}, (0.500118, 4.5295e-26, 7.40214e-26, 0.499882))
({x3, x22}, (6.88333e-11, 0.499954, 0.500046, 5.53919e-12))
({x3, x23}, (2.99797e-07, 0.49974, 0.500258, 1.35261e-06))
({x3, x24}, (7.44302e-05, 0.496337, 0.498418, 0.00517105))
({x3, x25}, (0.00604273, 0.496025, 0.495293, 0.00263851))
({x3, x26}, (0.500008, 3.5005e-16, 1.94133e-15, 0.499992))
({x3, x27}, (1.60692e-11, 0.499709, 0.500291, 2.90759e-09))
({x3, x28}, (0.0420396, 0.457993, 0.458089, 0.0418785))
({x3, x29}, (0.499289, 0.000714457, 0.000814605, 0.499182))
({x3, x30}, (0.50011, 2.88431e-07, 9.35541e-08, 0.49989))
({x3, x31}, (8.71621e-13, 0.499802, 0.500198, 2.07436e-13))
({x3, x32}, (2.48164e-06, 0.499824, 0.50017, 3.51523e-06))
({x3, x33}, (4.20837e-07, 0.499778, 0.500221, 9.98349e-07))
({x3, x34}, (1.14439e-05, 0.500281, 0.499707, 1.69515e-07))
({x3, x35}, (0.500186, 5.59232e-23, 3.18891e-24, 0.499814))
({x3, x36}, (0.246384, 0.253846, 0.253736, 0.246034))
({x3, x37}, (0.500356, 8.39877e-09, 5.87426e-11, 0.499644))
({x3, x38}, (0.500196, 4.46314e-18, 3.6039e-19, 0.499804))
({x3, x39}, (5.36755e-14, 0.499735, 0.500265, 1.29478e-12))
({x3, x40}, (0.499894, 7.75781e-10, 1.3639e-08, 0.500105))
({x3, x41}, (0.500446, 8.26017e-20, 4.38623e-22, 0.499554))
({x4, x21}, (0.500429, 3.24842e-08, 6.01378e-06, 0.499565))
({x4, x22}, (0.500389, 2.58974e-16, 3.57019e-15, 0.499611))
({x4, x23}, (0.00339505, 0.497305, 0.498512, 0.000787395))
({x4, x24}, (0.49937, 6.21399e-27, 1.85564e-21, 0.50063))
({x4, x25}, (0.500797, 2.12594e-12, 6.61287e-12, 0.499203))
({x4, x26}, (0.483679, 0.0160574, 0.0172359, 0.483028))
({x4, x27}, (0.000976601, 0.498297, 0.499514, 0.00121218))
({x4, x28}, (1.05797e-12, 0.499633, 0.500367, 3.13778e-14))
({x4, x29}, (0.500382, 2.29466e-11, 3.10746e-09, 0.499618))
({x4, x30}, (0.500438, 3.3518e-15, 1.33634e-13, 0.499562))
({x4, x31}, (0.500253, 1.24311e-08, 5.21875e-07, 0.499746))
({x4, x32}, (0.000774733, 0.499113, 0.500098, 1.33951e-05))
({x4, x33}, (1.31982e-18, 0.499454, 0.500546, 2.40154e-20))
({x4, x34}, (1.26964e-08, 0.499958, 0.500042, 1.55846e-12))
({x4, x35}, (0.500501, 4.06438e-15, 2.7719e-14, 0.499499))
({x4, x36}, (1.03793e-15, 0.499723, 0.500277, 1.89176e-18))
({x4, x37}, (0.005769, 0.497024, 0.497135, 7.17353e-05))
({x4, x38}, (0.500516, 1.02327e-20, 9.41848e-20, 0.499484))
({x4, x39}, (0.499427, 6.85569e-07, 0.00150439, 0.499068))
({x4, x40}, (0.340597, 0.15907, 0.160172, 0.340162))
({x4, x41}, (0.00522146, 0.497387, 0.497386, 6.31037e-06))
({x5, x21}, (0.360565, 0.139551, 0.139483, 0.360401))
({x5, x22}, (0.500035, 1.67243e-05, 2.25204e-06, 0.499946))
({x5, x23}, (0.499809, 3.00566e-06, 2.25253e-05, 0.500166))
({x5, x24}, (0.444033, 0.0539917, 0.0560509, 0.445924))
({x5, x25}, (0.00102519, 0.499868, 0.499082, 2.49468e-05))
({x5, x26}, (0.146357, 0.353529, 0.353691, 0.146424))
({x5, x27}, (3.80669e-10, 0.499744, 0.500256, 6.09834e-08))
({x5, x28}, (0.006526, 0.493203, 0.493237, 0.00703391))
({x5, x29}, (0.499503, 0.000460236, 0.000571201, 0.499466))
({x5, x30}, (0.166686, 0.333413, 0.333363, 0.166538))
({x5, x31}, (0.499886, 1.541e-08, 6.17289e-09, 0.500114))
({x5, x32}, (0.498734, 0.00084727, 0.00150855, 0.49891))
({x5, x33}, (0.49863, 0.000713828, 0.0017552, 0.498901))
({x5, x34}, (0.500357, 1.25097e-05, 3.18884e-07, 0.49963))
({x5, x35}, (0.500152, 5.01192e-12, 3.27954e-13, 0.499848))
({x5, x36}, (2.10996e-09, 0.500085, 0.499915, 4.22502e-10))
({x5, x37}, (3.52965e-10, 0.500281, 0.499719, 1.55278e-12))
({x5, x38}, (1.45628e-09, 0.500117, 0.499883, 6.83774e-11))
({x5, x39}, (0.000112659, 0.499009, 0.499485, 0.00139315))
({x5, x40}, (1.18698e-06, 0.499807, 0.50018, 1.22811e-05))
({x5, x41}, (0.500421, 8.85121e-07, 5.27789e-09, 0.499578))
({x6, x21}, (3.17309e-09, 0.500349, 0.499651, 3.20083e-08))
({x6, x22}, (0.000109711, 0.500204, 0.499607, 7.95605e-05))
({x6, x23}, (0.000302947, 0.498372, 0.498224, 0.00310089))
({x6, x24}, (0.000895077, 0.49517, 0.496589, 0.00734525))
({x6, x25}, (3.21826e-05, 0.500685, 0.499277, 5.46238e-06))
({x6, x26}, (0.057954, 0.441921, 0.441462, 0.0586627))
({x6, x27}, (0.489309, 0.00995371, 0.0104042, 0.490333))
({x6, x28}, (0.49973, 1.40395e-20, 8.09975e-21, 0.50027))
({x6, x29}, (7.89219e-09, 0.500287, 0.499713, 5.79686e-08))
({x6, x30}, (2.48374e-07, 0.50034, 0.49966, 4.85331e-07))
({x6, x31}, (0.4472, 0.0525188, 0.0522264, 0.448055))
({x6, x32}, (0.00725021, 0.492139, 0.491815, 0.00879536))
({x6, x33}, (0.499547, 2.27271e-06, 8.64311e-07, 0.50045))
({x6, x34}, (0.500041, 3.0663e-12, 7.28862e-15, 0.499959))
({x6, x35}, (2.22666e-05, 0.500391, 0.499578, 8.37942e-06))
({x6, x36}, (0.162832, 0.337398, 0.336596, 0.163174))
({x6, x37}, (0.500006, 3.95411e-05, 3.12374e-08, 0.499954))
({x6, x38}, (1.35232e-16, 0.500427, 0.499573, 6.65237e-17))
({x6, x39}, (0.498766, 0.000407306, 0.00108843, 0.499739))
({x6, x40}, (0.462972, 0.036693, 0.0364663, 0.463869))
({x6, x41}, (0.499242, 0.00170865, 1.99012e-06, 0.499047))
({x7, x21}, (0.0048379, 0.49495, 0.494242, 0.00597043))
({x7, x22}, (8.47423e-06, 0.50032, 0.49967, 1.69893e-06))
({x7, x23}, (0.499494, 1.31606e-12, 3.46683e-12, 0.500506))
({x7, x24}, (0.498465, 7.13058e-07, 0.000517975, 0.501016))
({x7, x25}, (3.49596e-09, 0.500719, 0.499281, 1.54036e-10))
({x7, x26}, (0.499648, 1.9496e-12, 4.2361e-12, 0.500352))
({x7, x27}, (0.499467, 6.9639e-13, 7.37056e-11, 0.500533))
({x7, x28}, (0.0164781, 0.483438, 0.482802, 0.017282))
({x7, x29}, (0.479509, 0.0205572, 0.019809, 0.480125))
({x7, x30}, (0.4953, 0.00548789, 0.00338617, 0.495826))
({x7, x31}, (0.499564, 7.09573e-12, 9.50723e-13, 0.500436))
({x7, x32}, (0.246793, 0.252979, 0.252597, 0.247631))
({x7, x33}, (0.138772, 0.360896, 0.360616, 0.139716))
({x7, x34}, (2.16503e-17, 0.500643, 0.499357, 8.41003e-19))
({x7, x35}, (0.489899, 0.0107657, 0.00906536, 0.49027))
({x7, x36}, (1.61279e-05, 0.500407, 0.499568, 9.12261e-06))
({x7, x37}, (0.000306783, 0.500447, 0.499242, 4.33059e-06))
({x7, x38}, (0.000568896, 0.500114, 0.499218, 9.92508e-05))
({x7, x39}, (0.499488, 8.4863e-07, 1.17492e-05, 0.500499))
({x7, x40}, (1.85913e-08, 0.500157, 0.499842, 5.56266e-07))
({x7, x41}, (2.7893e-05, 0.500674, 0.499298, 2.76297e-07))
({x8, x21}, (2.83016e-06, 0.49993, 0.500064, 2.79122e-06))
({x8, x22}, (2.35754e-08, 0.499895, 0.500105, 1.72183e-09))
({x8, x23}, (8.97446e-14, 0.499681, 0.500319, 3.6215e-13))
({x8, x24}, (0.498828, 3.10382e-07, 0.000640365, 0.500531))
({x8, x25}, (0.500552, 5.3633e-10, 1.57815e-11, 0.499448))
({x8, x26}, (0.481205, 0.0186288, 0.0190955, 0.481071))
({x8, x27}, (0.499895, 3.48843e-09, 1.03255e-06, 0.500104))
({x8, x28}, (0.324546, 0.175482, 0.175696, 0.324276))
({x8, x29}, (0.4894, 0.0105831, 0.0108471, 0.48917))
({x8, x30}, (1.14422e-13, 0.499928, 0.500072, 2.28476e-14))
({x8, x31}, (5.90746e-12, 0.499739, 0.500261, 1.23299e-12))
({x8, x32}, (8.50346e-10, 0.499767, 0.500233, 1.10276e-09))
({x8, x33}, (0.499955, 4.26422e-10, 1.64118e-09, 0.500045))
({x8, x34}, (0.00371979, 0.49818, 0.497738, 0.00036273))
({x8, x35}, (0.467172, 0.0330805, 0.0330612, 0.466686))
({x8, x36}, (3.35362e-07, 0.499995, 0.500005, 6.69787e-08))
({x8, x37}, (2.31163e-05, 0.500164, 0.499812, 1.00054e-07))
({x8, x38}, (0.000113405, 0.499964, 0.499916, 5.7467e-06))
({x8, x39}, (0.497546, 0.000850046, 0.00388123, 0.497723))
({x8, x40}, (1.34675e-05, 0.499641, 0.500204, 0.000142042))
({x8, x41}, (0.500501, 2.49759e-15, 1.59367e-17, 0.499499))
({x9, x21}, (0.49996, 1.93355e-05, 0.000382445, 0.499638))
({x9, x22}, (0.0015634, 0.499126, 0.499291, 1.98861e-05))
({x9, x23}, (5.37096e-07, 0.499697, 0.500303, 1.62705e-07))
({x9, x24}, (0.498761, 3.08488e-08, 0.000775487, 0.500464))
({x9, x25}, (3.24297e-14, 0.500328, 0.499672, 4.28232e-17))
({x9, x26}, (0.500055, 3.53623e-09, 2.79803e-07, 0.499945))
({x9, x27}, (3.17142e-18, 0.499665, 0.500335, 4.18483e-17))
({x9, x28}, (0.500119, 3.23995e-25, 2.39074e-23, 0.499881))
({x9, x29}, (0.497689, 0.0012518, 0.00358563, 0.497473))
({x9, x30}, (0.500153, 5.99613e-22, 2.98489e-21, 0.499847))
({x9, x31}, (0.499965, 3.21619e-07, 1.49227e-06, 0.500033))
({x9, x32}, (0.000628022, 0.499431, 0.499858, 8.27204e-05))
({x9, x33}, (0.499934, 3.88874e-07, 1.96297e-05, 0.500046))
({x9, x34}, (0.41819, 0.0824998, 0.0820098, 0.4173))
({x9, x35}, (0.440532, 0.0597188, 0.0596732, 0.440076))
({x9, x36}, (0.499459, 0.000365476, 0.00114755, 0.499028))
({x9, x37}, (2.70507e-09, 0.500192, 0.499808, 8.73939e-13))
({x9, x38}, (0.500243, 3.56091e-08, 4.0962e-08, 0.499757))
({x9, x39}, (0.499892, 5.78247e-08, 2.90123e-05, 0.500079))
({x9, x40}, (0.49994, 2.07415e-17, 5.21248e-15, 0.50006))
({x9, x41}, (0.500477, 3.10224e-10, 2.43813e-11, 0.499523))
({x10, x21}, (0.425914, 0.0742028, 0.0742736, 0.42561))
({x10, x22}, (6.55943e-06, 0.499917, 0.500074, 2.16609e-06))
({x10, x23}, (0.214501, 0.285094, 0.285687, 0.214717))
({x10, x24}, (2.09781e-26, 0.498943, 0.501057, 1.3218e-22))
({x10, x25}, (0.172505, 0.328338, 0.327688, 0.17147))
({x10, x26}, (0.500039, 3.90794e-07, 5.39058e-07, 0.49996))
({x10, x27}, (2.9047e-14, 0.499675, 0.500325, 2.00166e-11))
({x10, x28}, (0.500095, 9.58251e-06, 1.30718e-05, 0.499882))
({x10, x29}, (0.500088, 4.5572e-15, 1.34588e-15, 0.499912))
({x10, x30}, (6.94584e-13, 0.499957, 0.500043, 6.29121e-13))
({x10, x31}, (2.39766e-05, 0.499742, 0.500212, 2.28063e-05))
({x10, x32}, (0.499979, 8.30135e-23, 4.50991e-23, 0.500021))
({x10, x33}, (0.455078, 0.0445809, 0.0451209, 0.45522))
({x10, x34}, (0.500434, 1.20111e-11, 6.48444e-14, 0.499566))
({x10, x35}, (1.75488e-07, 0.500025, 0.499975, 2.82823e-08))
({x10, x36}, (0.500129, 0.000147192, 1.27905e-05, 0.499711))
({x10, x37}, (5.25664e-13, 0.500198, 0.499802, 1.00579e-14))
({x10, x38}, (0.500234, 1.80177e-13, 3.55114e-15, 0.499766))
({x10, x39}, (2.3502e-13, 0.499705, 0.500295, 2.16987e-11))
({x10, x40}, (1.07068e-08, 0.499742, 0.500258, 4.90109e-07))
({x10, x41}, (0.000902413, 0.49983, 0.499249, 1.90544e-05))
({x11, x21}, (1.69214e-11, 0.500124, 0.499876, 3.86624e-11))
({x11, x22}, (0.499949, 2.6424e-10, 1.4142e-11, 0.500051))
({x11, x23}, (0.205938, 0.293658, 0.293929, 0.206476))
({x11, x24}, (0.498958, 2.04305e-16, 2.11865e-13, 0.501042))
({x11, x25}, (0.500355, 1.04085e-15, 1.30525e-17, 0.499645))
({x11, x26}, (0.499807, 4.11175e-05, 0.000103215, 0.500049))
({x11, x27}, (0.499669, 6.08496e-07, 7.58609e-05, 0.500254))
({x11, x28}, (1.47429e-13, 0.500082, 0.499918, 1.1383e-12))
({x11, x29}, (5.22335e-17, 0.500061, 0.499939, 8.77664e-17))
({x11, x30}, (1.0402e-08, 0.500118, 0.499882, 4.95214e-09))
({x11, x31}, (0.499795, 4.13437e-06, 6.77812e-07, 0.5002))
({x11, x32}, (5.36186e-18, 0.49995, 0.50005, 1.65197e-17))
({x11, x33}, (5.64764e-11, 0.499897, 0.500103, 2.87644e-10))
({x11, x34}, (2.12927e-05, 0.500397, 0.499581, 6.99998e-07))
({x11, x35}, (1.62546e-07, 0.500188, 0.499812, 1.39076e-08))
({x11, x36}, (0.50005, 3.22597e-10, 5.05979e-11, 0.49995))
({x11, x37}, (8.07235e-20, 0.500362, 0.499638, 8.30111e-22))
({x11, x38}, (5.04584e-05, 0.500178, 0.499766, 5.92585e-06))
({x11, x39}, (0.0701515, 0.429435, 0.429713, 0.0707008))
({x11, x40}, (1.54479e-19, 0.499905, 0.500095, 3.92532e-18))
({x11, x41}, (0.0716615, 0.429112, 0.42821, 0.0710162))
({x12, x21}, (0.0279113, 0.472183, 0.471552, 0.0283535))
({x12, x22}, (0.499755, 1.41859e-13, 4.6678e-17, 0.500245))
({x12, x23}, (2.08589e-06, 0.499206, 0.499099, 0.00169384))
({x12, x24}, (0.0268918, 0.471054, 0.472468, 0.0295861))
({x12, x25}, (0.500155, 1.62343e-08, 1.22416e-12, 0.499845))
({x12, x26}, (0.499229, 0.000878462, 2.00901e-05, 0.499873))
({x12, x27}, (0.0870036, 0.412522, 0.412463, 0.0880111))
({x12, x28}, (0.499747, 1.07632e-10, 1.71192e-12, 0.500253))
({x12, x29}, (0.499656, 0.000155253, 5.11218e-07, 0.500188))
({x12, x30}, (6.67409e-09, 0.500312, 0.499688, 4.76704e-07))
({x12, x31}, (0.499608, 3.92523e-16, 3.83983e-19, 0.500392))
({x12, x32}, (9.28421e-11, 0.500151, 0.499849, 4.74171e-08))
({x12, x33}, (0.00318912, 0.494989, 0.494738, 0.00708412))
({x12, x34}, (2.21987e-06, 0.500592, 0.499395, 1.11884e-05))
({x12, x35}, (0.499869, 1.11825e-09, 1.84192e-13, 0.500131))
({x12, x36}, (0.0751357, 0.425089, 0.424344, 0.0754305))
({x12, x37}, (0.0133802, 0.487172, 0.486062, 0.0133857))
({x12, x38}, (6.95724e-05, 0.499913, 0.499115, 0.000902168))
({x12, x39}, (0.0214336, 0.478097, 0.47799, 0.0224799))
({x12, x40}, (0.499581, 4.07749e-09, 1.86663e-10, 0.500419))
({x12, x41}, (0.392668, 0.10811, 0.106806, 0.392416))
({x13, x21}, (0.100717, 0.399403, 0.399724, 0.100156))
({x13, x22}, (1.70877e-11, 0.499803, 0.500197, 2.74466e-13))
({x13, x23}, (6.23851e-22, 0.499582, 0.500418, 5.75427e-22))
({x13, x24}, (0.49394, 0.00246385, 0.00817823, 0.495418))
({x13, x25}, (0.499125, 0.00229294, 0.000711003, 0.497871))
({x13, x26}, (0.470034, 0.0298121, 0.0304416, 0.469713))
({x13, x27}, (6.62407e-17, 0.499554, 0.500446, 2.59634e-15))
({x13, x28}, (0.500208, 1.68654e-06, 4.45598e-05, 0.499746))
({x13, x29}, (0.498879, 0.000660978, 0.00199851, 0.498461))
({x13, x30}, (0.000314697, 0.499669, 0.5, 1.568e-05))
({x13, x31}, (6.11139e-08, 0.499646, 0.500354, 2.99124e-09))
({x13, x32}, (0.5001, 2.39626e-07, 2.51909e-06, 0.499897))
({x13, x33}, (7.78014e-06, 0.499616, 0.500373, 3.77062e-06))
({x13, x34}, (6.47391e-09, 0.500131, 0.499869, 2.00665e-11))
({x13, x35}, (1.8171e-05, 0.499895, 0.500086, 1.53171e-07))
({x13, x36}, (2.30265e-05, 0.499885, 0.500091, 1.04857e-06))
({x13, x37}, (0.050539, 0.450085, 0.44992, 0.0494562))
({x13, x38}, (0.500347, 1.42002e-05, 5.52177e-06, 0.499633))
({x13, x39}, (0.499177, 1.93726e-05, 0.00163432, 0.49917))
({x13, x40}, (0.500043, 3.08351e-07, 2.62342e-05, 0.499931))
({x13, x41}, (0.500599, 6.29376e-15, 1.68202e-16, 0.499401))
({x14, x21}, (0.0227083, 0.477466, 0.477895, 0.021931))
({x14, x22}, (0.500081, 0.000118918, 0.000296614, 0.499504))
({x14, x23}, (0.500066, 7.76008e-13, 1.1197e-10, 0.499934))
({x14, x24}, (0.49641, 3.07134e-06, 0.00577623, 0.497811))
({x14, x25}, (0.0243557, 0.476575, 0.47628, 0.0227889))
({x14, x26}, (7.83785e-06, 0.499666, 0.500325, 1.36431e-06))
({x14, x27}, (1.04129e-07, 0.4995, 0.500499, 9.1736e-07))
({x14, x28}, (0.500273, 3.86233e-14, 4.35775e-12, 0.499727))
({x14, x29}, (6.62914e-15, 0.499723, 0.500277, 2.44381e-16))
({x14, x30}, (1.60328e-07, 0.499782, 0.500218, 1.59027e-09))
({x14, x31}, (3.67937e-06, 0.499589, 0.500407, 4.06502e-08))
({x14, x32}, (0.495843, 0.00273479, 0.00583167, 0.49559))
({x14, x33}, (0.500092, 2.63553e-07, 1.93897e-05, 0.499889))
({x14, x34}, (0.498935, 0.00199124, 0.00135921, 0.497715))
({x14, x35}, (2.09631e-06, 0.499866, 0.500132, 3.89311e-09))
({x14, x36}, (0.50038, 1.05444e-11, 7.64103e-11, 0.49962))
({x14, x37}, (3.98592e-18, 0.500035, 0.499965, 8.46256e-22))
({x14, x38}, (0.500405, 5.30748e-16, 8.89632e-16, 0.499595))
({x14, x39}, (5.13372e-06, 0.499522, 0.500467, 5.50319e-06))
({x14, x40}, (0.491642, 0.00732534, 0.00958344, 0.49145))
({x14, x41}, (0.500653, 1.41567e-23, 1.62542e-24, 0.499347))
({x15, x21}, (0.157441, 0.342675, 0.342892, 0.156993))
({x15, x22}, (0.50018, 3.94832e-12, 7.97193e-13, 0.49982))
({x15, x23}, (0.0569146, 0.442676, 0.443409, 0.0569999))
({x15, x24}, (0.117745, 0.380301, 0.382575, 0.119379))
({x15, x25}, (0.50058, 4.52766e-06, 2.02164e-07, 0.499415))
({x15, x26}, (7.03641e-10, 0.499781, 0.500219, 1.53106e-09))
({x15, x27}, (0.0608826, 0.438648, 0.439439, 0.0610303))
({x15, x28}, (0.0612642, 0.438764, 0.439072, 0.0608994))
({x15, x29}, (3.36092e-08, 0.49983, 0.50017, 1.53561e-08))
({x15, x30}, (0.470762, 0.0293343, 0.0295763, 0.470328))
({x15, x31}, (1.39286e-08, 0.499695, 0.500305, 1.9091e-09))
({x15, x32}, (0.500054, 1.28418e-07, 4.66346e-07, 0.499946))
({x15, x33}, (0.147231, 0.352442, 0.3531, 0.147226))
({x15, x34}, (4.77649e-07, 0.500167, 0.499833, 4.17302e-09))
({x15, x35}, (0.00237306, 0.498671, 0.498776, 0.000179779))
({x15, x36}, (0.500274, 4.39138e-06, 2.45435e-06, 0.499719))
({x15, x37}, (0.132008, 0.368591, 0.368327, 0.131074))
({x15, x38}, (0.500305, 4.72036e-10, 6.41091e-11, 0.499695))
({x15, x39}, (0.499955, 2.4896e-17, 1.5184e-15, 0.500045))
({x15, x40}, (0.498355, 0.000373324, 0.00289955, 0.498372))
({x15, x41}, (0.38811, 0.112661, 0.11222, 0.38701))
({x16, x21}, (0.499217, 1.31439e-05, 0.00282817, 0.497942))
({x16, x22}, (0.500576, 2.27491e-08, 1.55353e-06, 0.499423))
({x16, x23}, (0.365821, 0.133768, 0.135328, 0.365083))
({x16, x24}, (6.15371e-16, 0.498467, 0.501533, 1.67863e-15))
({x16, x25}, (0.500985, 2.78799e-07, 3.97152e-06, 0.499011))
({x16, x26}, (0.0763967, 0.423503, 0.424752, 0.0753484))
({x16, x27}, (9.61211e-07, 0.499206, 0.500793, 2.96284e-07))
({x16, x28}, (0.00596291, 0.495458, 0.496535, 0.00204332))
({x16, x29}, (0.500564, 1.93802e-08, 1.30905e-05, 0.499423))
({x16, x30}, (0.500628, 1.43632e-17, 2.68745e-15, 0.499372))
({x16, x31}, (2.13274e-12, 0.499297, 0.500703, 8.56446e-16))
({x16, x32}, (0.500463, 4.44915e-10, 5.22845e-07, 0.499536))
({x16, x33}, (0.497084, 0.000595215, 0.00599644, 0.496325))
({x16, x34}, (0.500904, 2.12347e-15, 2.44616e-14, 0.499096))
({x16, x35}, (0.500698, 2.5865e-19, 8.87902e-18, 0.499302))
({x16, x36}, (0.00653247, 0.495547, 0.496438, 0.00148278))
({x16, x37}, (0.500862, 1.5869e-06, 5.72621e-06, 0.49913))
({x16, x38}, (0.500715, 3.89268e-14, 1.92603e-12, 0.499285))
({x16, x39}, (0.50038, 1.83364e-13, 3.70447e-09, 0.49962))
({x16, x40}, (0.500392, 1.54894e-18, 1.52424e-14, 0.499608))
({x16, x41}, (0.497999, 0.00241429, 0.00348944, 0.496097))
({x17, x21}, (0.500383, 5.78923e-06, 0.000132266, 0.499479))
({x17, x22}, (0.00189305, 0.498674, 0.499409, 2.34298e-05))
({x17, x23}, (0.494305, 0.00426265, 0.00750227, 0.49393))
({x17, x24}, (0.467882, 0.0300755, 0.0330035, 0.469039))
({x17, x25}, (0.500806, 2.98714e-06, 1.17111e-06, 0.499189))
({x17, x26}, (0.500338, 1.80887e-16, 1.41946e-14, 0.499662))
({x17, x27}, (0.500143, 5.26539e-09, 2.06059e-05, 0.499836))
({x17, x28}, (0.500406, 1.2243e-10, 9.72122e-09, 0.499594))
({x17, x29}, (3.02986e-09, 0.499603, 0.500397, 1.57621e-10))
({x17, x30}, (0.498776, 0.000952929, 0.00237077, 0.497901))
({x17, x31}, (0.49975, 0.000195292, 0.000801648, 0.499253))
({x17, x32}, (0.497176, 0.00145736, 0.00476643, 0.496601))
({x17, x33}, (7.35536e-31, 0.49945, 0.50055, 1.22046e-31))
({x17, x34}, (0.00686166, 0.495401, 0.495495, 0.00224271))
({x17, x35}, (5.33436e-05, 0.499708, 0.500239, 1.43285e-07))
({x17, x36}, (1.50096e-09, 0.499725, 0.500275, 2.35593e-11))
({x17, x37}, (3.00784e-11, 0.49991, 0.50009, 9.839e-15))
({x17, x38}, (1.37376e-06, 0.499748, 0.500251, 5.03816e-09))
({x17, x39}, (1.67394e-16, 0.499409, 0.500591, 2.77922e-16))
({x17, x40}, (0.487427, 0.0119531, 0.0136543, 0.486966))
({x17, x41}, (0.499783, 0.00164359, 0.000277735, 0.498296))
({x18, x21}, (0.499995, 5.29829e-12, 2.10177e-11, 0.500005))
({x18, x22}, (5.59118e-06, 0.500074, 0.49992, 1.86816e-07))
({x18, x23}, (0.499734, 3.82348e-07, 6.40861e-06, 0.50026))
({x18, x24}, (0.498987, 4.89608e-15, 3.01009e-11, 0.501013))
({x18, x25}, (0.500353, 3.0547e-13, 1.88729e-14, 0.499647))
({x18, x26}, (6.71593e-08, 0.500004, 0.499996, 1.01401e-07))
({x18, x27}, (9.3378e-13, 0.499835, 0.500165, 7.08754e-11))
({x18, x28}, (0.49995, 2.15761e-07, 2.84097e-06, 0.500047))
({x18, x29}, (0.499934, 1.78508e-14, 5.09112e-14, 0.500066))
({x18, x30}, (5.43173e-14, 0.500111, 0.499889, 4.95152e-15))
({x18, x31}, (0.499797, 1.42942e-11, 1.22357e-11, 0.500203))
({x18, x32}, (0.0223751, 0.477376, 0.477479, 0.0227697))
({x18, x33}, (1.16033e-06, 0.4999, 0.500098, 1.13251e-06))
({x18, x34}, (0.000691412, 0.500052, 0.499251, 5.14263e-06))
({x18, x35}, (1.98137e-05, 0.500175, 0.499805, 3.31992e-07))
({x18, x36}, (0.00117784, 0.499501, 0.499151, 0.000170172))
({x18, x37}, (5.04826e-11, 0.500364, 0.499636, 9.35939e-14))
({x18, x38}, (0.49931, 0.00119859, 0.000338392, 0.499153))
({x18, x39}, (0.499731, 1.89407e-07, 1.70053e-05, 0.500252))
({x18, x40}, (1.94905e-05, 0.499845, 0.500043, 9.25005e-05))
({x18, x41}, (1.43209e-13, 0.500444, 0.499556, 2.16199e-16))
({x19, x21}, (0.500078, 1.13779e-12, 5.79547e-13, 0.499922))
({x19, x22}, (0.500039, 2.65007e-09, 9.98973e-11, 0.499961))
({x19, x23}, (0.499828, 1.35733e-19, 2.87016e-19, 0.500172))
({x19, x24}, (0.499057, 1.09402e-09, 7.34229e-07, 0.500943))
({x19, x25}, (0.500438, 4.28762e-11, 3.4779e-13, 0.499562))
({x19, x26}, (0.499967, 3.8883e-12, 6.60154e-12, 0.500033))
({x19, x27}, (0.494016, 0.00452601, 0.0070478, 0.494411))
({x19, x28}, (0.500034, 9.54067e-10, 1.59092e-09, 0.499966))
({x19, x29}, (0.500014, 2.41829e-07, 8.70609e-08, 0.499986))
({x19, x30}, (0.50007, 2.92735e-10, 2.98465e-11, 0.49993))
({x19, x31}, (0.499881, 6.8963e-12, 7.28467e-13, 0.500119))
({x19, x32}, (0.499908, 4.69575e-15, 3.17879e-15, 0.500092))
({x19, x33}, (3.03011e-09, 0.499822, 0.500178, 2.28495e-08))
({x19, x34}, (6.41908e-10, 0.500316, 0.499684, 2.97309e-11))
({x19, x35}, (0.000134534, 0.500028, 0.499819, 1.83661e-05))
({x19, x36}, (9.13261e-05, 0.500011, 0.499831, 6.66518e-05))
({x19, x37}, (0.00627641, 0.495475, 0.494928, 0.00332087))
({x19, x38}, (8.48102e-10, 0.500117, 0.499883, 1.47222e-10))
({x19, x39}, (0.0949341, 0.404658, 0.405114, 0.0952941))
({x19, x40}, (5.44379e-05, 0.499174, 0.499536, 0.00123572))
({x19, x41}, (0.500381, 4.05518e-05, 7.11446e-08, 0.499578))
({x20, x21}, (3.11401e-11, 0.501063, 0.498908, 2.88318e-05))
({x20, x22}, (0.000284079, 0.497437, 0.495265, 0.00701395))
({x20, x23}, (0.00863448, 0.490191, 0.488514, 0.0126603))
({x20, x24}, (3.54372e-06, 0.495618, 0.495505, 0.00887348))
({x20, x25}, (0.489752, 0.0120833, 0.00722519, 0.490939))
({x20, x26}, (0.498322, 0.00119182, 1.18694e-08, 0.500486))
({x20, x27}, (0.498767, 5.93288e-13, 2.15318e-16, 0.501233))
({x20, x28}, (0.499006, 4.57224e-06, 3.23037e-11, 0.500989))
({x20, x29}, (5.42812e-18, 0.501017, 0.498983, 3.34148e-12))
({x20, x30}, (0.498688, 0.000692278, 3.88707e-10, 0.50062))
({x20, x31}, (0.498818, 7.57914e-06, 3.39238e-12, 0.501174))
({x20, x32}, (0.165995, 0.333768, 0.331939, 0.168298))
({x20, x33}, (0.495953, 0.00583218, 1.97529e-06, 0.498213))
({x20, x34}, (2.31718e-09, 0.501353, 0.498624, 2.35977e-05))
({x20, x35}, (1.9204e-08, 0.500897, 0.498604, 0.000498849))
({x20, x36}, (0.487727, 0.0132005, 0.00952729, 0.489546))
({x20, x37}, (1.4825e-12, 0.501318, 0.498682, 6.05433e-09))
({x20, x38}, (6.82259e-08, 0.500344, 0.498007, 0.00164871))
({x20, x39}, (0.485369, 0.0146565, 0.0121329, 0.487842))
({x20, x40}, (0.498796, 5.61801e-11, 1.23343e-15, 0.501204))
({x20, x41}, (1.00112e-12, 0.501403, 0.498597, 2.56688e-09))
