Approximate (TRWBP) log partition sum: 13.5216
Approximate (TRWBP) variable marginals:
({x0}, (0.582643, 0.417357))
({x1}, (0.548714, 0.451286))
({x2}, (0.513389, 0.486611))
({x3}, (0.458367, 0.541633))
({x4}, (0.537752, 0.462248))
({x5}, (0.521933, 0.478067))
({x6}, (0.519043, 0.480957))
({x7}, (0.359233, 0.640767))
({x8}, (0.436272, 0.563728))
({x9}, (0.525966, 0.474034))
Approximate (TRWBP) factor marginals:
({x0}, (0.582643, 0.417357))
({x1}, (0.548714, 0.451286))
({x2}, (0.513389, 0.486611))
({x3}, (0.458367, 0.541633))
({x4}, (0.537752, 0.462248))
({x5}, (0.521933, 0.478067))
({x6}, (0.519043, 0.480957))
({x7}, (0.359233, 0.640767))
({x8}, (0.436272, 0.563728))
({x9}, (0.525966, 0.474034))
({x0, x1}, (0.532818, 0.0158954, 0.0498254, 0.401461))
({x0, x2}, (0.477637, 0.0357457, 0.105012, 0.381605))
({x0, x3}, (0.0575194, 0.400865, 0.525138, 0.0164775))
({x0, x4}, (0.519735, 0.0179765, 0.0629543, 0.399335))
({x0, x5}, (0.500778, 0.021127, 0.0818931, 0.396202))
({x0, x6}, (0.101889, 0.417188, 0.480789, 0.000135004))
({x0, x7}, (0.0117076, 0.347461, 0.570872, 0.069959))
({x0, x8}, (0.0492749, 0.386996, 0.533368, 0.0303611))
({x0, x9}, (0.108684, 0.417312, 0.473989, 1.47217e-05))
({x1, x2}, (0.0703383, 0.44308, 0.478407, 0.0081749))
({x1, x3}, (0.4584, 0.000139725, 0.0901452, 0.451315))
({x1, x4}, (0.0876098, 0.450174, 0.461135, 0.00108038))
({x1, x5}, (0.0763967, 0.445566, 0.472346, 0.00569046))
({x1, x6}, (0.494356, 0.024659, 0.0543846, 0.4266))
({x1, x7}, (0.251367, 0.107864, 0.297347, 0.343422))
({x1, x8}, (0.0284523, 0.407799, 0.52024, 0.0435083))
({x1, x9}, (0.100529, 0.425444, 0.448191, 0.025837))
({x2, x3}, (0.0209739, 0.437336, 0.492356, 0.0493341))
({x2, x4}, (0.49347, 0.0442239, 0.0199746, 0.442331))
({x2, x5}, (0.485432, 0.0365088, 0.0279487, 0.45011))
({x2, x6}, (0.0539124, 0.465106, 0.459452, 0.021529))
({x2, x7}, (0.279821, 0.0794105, 0.233566, 0.407202))
({x2, x8}, (0.00920598, 0.427082, 0.504197, 0.059515))
({x2, x9}, (0.405354, 0.120615, 0.108033, 0.365998))
({x3, x4}, (0.0403039, 0.497424, 0.418038, 0.0442341))
({x3, x5}, (0.428286, 0.0936443, 0.0300879, 0.447982))
({x3, x6}, (0.44952, 0.0695291, 0.00884409, 0.472107))
({x3, x7}, (0.263589, 0.0956416, 0.194781, 0.445988))
({x3, x8}, (0.414023, 0.0222497, 0.0443469, 0.519381))
({x3, x9}, (0.452038, 0.0739322, 0.00632921, 0.467701))
({x4, x5}, (0.0679374, 0.453966, 0.469788, 0.00830839))
({x4, x6}, (0.493067, 0.026005, 0.044658, 0.43627))
({x4, x7}, (0.000194433, 0.359273, 0.537806, 0.102727))
({x4, x8}, (0.407632, 0.0286314, 0.130131, 0.433605))
({x4, x9}, (0.486581, 0.0393805, 0.0511792, 0.422859))
({x5, x6}, (0.488127, 0.0309114, 0.0338114, 0.447151))
({x5, x7}, (0.0348, 0.324428, 0.48713, 0.153641))
({x5, x8}, (0.129712, 0.30656, 0.392221, 0.171508))
({x5, x9}, (0.241634, 0.284333, 0.280299, 0.193734))
({x6, x7}, (0.323253, 0.0359781, 0.195791, 0.444979))
({x6, x8}, (0.0127276, 0.423525, 0.506296, 0.0574511))
({x6, x9}, (0.0572681, 0.4687, 0.461776, 0.0122559))
({x7, x8}, (0.351425, 0.0849001, 0.00775417, 0.555921))
({x7, x9}, (0.211237, 0.31473, 0.147994, 0.326039))
({x8, x9}, (0.0157019, 0.510239, 0.420545, 0.0535142))
