Approximate (TRWBP) log partition sum: 32.0901
Approximate (TRWBP) variable marginals:
({x0}, (0.499229, 0.500771))
({x1}, (0.498289, 0.501711))
({x2}, (0.496998, 0.503002))
({x3}, (0.504384, 0.495616))
({x4}, (0.47025, 0.52975))
({x5}, (0.501094, 0.498906))
({x6}, (0.497966, 0.502034))
({x7}, (0.50133, 0.49867))
({x8}, (0.502, 0.498))
({x9}, (0.502349, 0.497651))
Approximate (TRWBP) factor marginals:
({x0}, (0.499229, 0.500771))
({x1}, (0.498289, 0.501711))
({x2}, (0.496998, 0.503002))
({x3}, (0.504384, 0.495616))
({x4}, (0.47025, 0.52975))
({x5}, (0.501094, 0.498906))
({x6}, (0.497966, 0.502034))
({x7}, (0.50133, 0.49867))
({x8}, (0.502, 0.498))
({x9}, (0.502349, 0.497651))
({x0, x1}, (0.0580177, 0.440265, 0.44121, 0.0605077))
({x0, x2}, (0.000454708, 0.496706, 0.49893, 0.00391004))
({x0, x3}, (0.00553302, 0.498851, 0.4937, 0.00191663))
({x0, x4}, (0.469484, 0.000799471, 0.0297201, 0.499997))
({x0, x5}, (0.498373, 0.00283389, 0.000738018, 0.498055))
({x0, x6}, (0.00056264, 0.497493, 0.498753, 0.00319188))
({x0, x7}, (0.497815, 0.00363463, 0.00128456, 0.497266))
({x0, x8}, (0.0028296, 0.499214, 0.496436, 0.00152109))
({x0, x9}, (0.498717, 0.0035505, 0.000602405, 0.497131))
({x1, x2}, (0.000229758, 0.497179, 0.498494, 0.00409642))
({x1, x3}, (0.00427284, 0.500016, 0.493915, 0.00179587))
({x1, x4}, (0.317164, 0.15309, 0.181123, 0.348623))
({x1, x5}, (0.49545, 0.00626745, 0.00222335, 0.496059))
({x1, x6}, (0.000268025, 0.498268, 0.49858, 0.00288431))
({x1, x7}, (0.0281728, 0.473124, 0.470097, 0.0286063))
({x1, x8}, (0.00283979, 0.498618, 0.494916, 0.00362682))
({x1, x9}, (0.255498, 0.246856, 0.24279, 0.254857))
({x2, x3}, (0.0028167, 0.501611, 0.494237, 0.00133509))
({x2, x4}, (2.22562e-05, 0.47036, 0.497114, 0.0325046))
({x2, x5}, (0.291173, 0.209909, 0.20583, 0.293089))
({x2, x6}, (0.495547, 0.00239087, 0.00148805, 0.500574))
({x2, x7}, (0.0031726, 0.497434, 0.493116, 0.00627722))
({x2, x8}, (0.0267495, 0.475247, 0.470244, 0.0277594))
({x2, x9}, (0.00132717, 0.500901, 0.495559, 0.00221278))
({x3, x4}, (0.00260459, 0.467645, 0.501774, 0.0279766))
({x3, x5}, (0.50009, 0.00077922, 0.00450221, 0.494629))
({x3, x6}, (0.0035619, 0.49433, 0.50074, 0.00136859))
({x3, x7}, (0.501142, 0.000325758, 0.00309345, 0.495439))
({x3, x8}, (0.484277, 0.0176885, 0.0201456, 0.477889))
({x3, x9}, (0.49424, 0.007903, 0.0103599, 0.487497))
({x4, x5}, (0.00323326, 0.497825, 0.466995, 0.0319472))
({x4, x6}, (0.462089, 0.0358817, 0.00816381, 0.493866))
({x4, x7}, (0.458214, 0.0430993, 0.0120463, 0.486641))
({x4, x8}, (0.00335498, 0.4986, 0.466849, 0.0311959))
({x4, x9}, (0.00187857, 0.500424, 0.468324, 0.0293736))
({x5, x6}, (0.00127832, 0.496484, 0.499602, 0.00263561))
({x5, x7}, (0.00337349, 0.49817, 0.497933, 0.000523224))
({x5, x8}, (0.499455, 0.00269948, 0.00147803, 0.496367))
({x5, x9}, (0.00450194, 0.497937, 0.496664, 0.000897092))
({x6, x7}, (0.00129197, 0.499792, 0.496436, 0.00248007))
({x6, x8}, (0.0107074, 0.491073, 0.487034, 0.011185))
({x6, x9}, (0.497854, 0.0044205, 0.000202818, 0.497523))
({x7, x8}, (0.00441747, 0.497896, 0.497207, 0.000479873))
({x7, x9}, (0.00406395, 0.498471, 0.49744, 2.51555e-05))
({x8, x9}, (0.00513746, 0.497604, 0.49723, 2.84679e-05))
