Approximate (TRWBP) log partition sum: 35.1057
Approximate (TRWBP) variable marginals:
({x0}, (0.502733, 0.497267))
({x1}, (0.500969, 0.499031))
({x2}, (0.501653, 0.498347))
({x3}, (0.503075, 0.496925))
({x4}, (0.50019, 0.49981))
({x5}, (0.500936, 0.499064))
({x6}, (0.498706, 0.501294))
({x7}, (0.500495, 0.499505))
({x8}, (0.499162, 0.500838))
({x9}, (0.495684, 0.504316))
Approximate (TRWBP) factor marginals:
({x0}, (0.502733, 0.497267))
({x1}, (0.500969, 0.499031))
({x2}, (0.501653, 0.498347))
({x3}, (0.503075, 0.496925))
({x4}, (0.50019, 0.49981))
({x5}, (0.500936, 0.499064))
({x6}, (0.498706, 0.501294))
({x7}, (0.500495, 0.499505))
({x8}, (0.499162, 0.500838))
({x9}, (0.495684, 0.504316))
({x0, x1}, (0.00402798, 0.497103, 0.498869, 4.76596e-10))
({x0, x2}, (0.501078, 0.000816824, 0.00140863, 0.496697))
({x0, x3}, (0.137736, 0.365343, 0.364989, 0.131931))
({x0, x4}, (0.500323, 0.000248022, 0.00202978, 0.497399))
({x0, x5}, (0.113172, 0.387762, 0.389552, 0.109514))
({x0, x6}, (0.015193, 0.483472, 0.487505, 0.0138306))
({x0, x7}, (0.500251, 0.000384484, 0.00233271, 0.497032))
({x0, x8}, (0.497961, 0.00106794, 0.00488743, 0.496084))
({x0, x9}, (0.000663579, 0.495501, 0.502519, 0.00131599))
({x1, x2}, (0.00476918, 0.496801, 0.496115, 0.00231567))
({x1, x3}, (0.500535, 0.00237293, 0.000604789, 0.496487))
({x1, x4}, (0.00293264, 0.497018, 0.497803, 0.00224639))
({x1, x5}, (0.0027, 0.498568, 0.498587, 0.000145198))
({x1, x6}, (0.00205289, 0.496368, 0.498655, 0.00292429))
({x1, x7}, (0.00208222, 0.498465, 0.498941, 0.000511885))
({x1, x8}, (0.00187741, 0.497277, 0.499087, 0.001759))
({x1, x9}, (0.000991859, 0.494289, 0.499533, 0.00518598))
({x2, x3}, (0.0980507, 0.405028, 0.403601, 0.093321))
({x2, x4}, (0.00267367, 0.497675, 0.499157, 0.000494277))
({x2, x5}, (0.0147361, 0.486157, 0.486879, 0.0122282))
({x2, x6}, (0.00165578, 0.497394, 0.50036, 0.000589967))
({x2, x7}, (0.483799, 0.0166844, 0.0178607, 0.481656))
({x2, x8}, (0.499255, 0.00022712, 0.00205535, 0.498463))
({x2, x9}, (0.0011101, 0.494253, 0.500194, 0.00444301))
({x3, x4}, (0.499538, 0.000648472, 0.00353229, 0.496281))
({x3, x5}, (0.00442993, 0.496711, 0.498859, 5.42689e-09))
({x3, x6}, (0.00246552, 0.496251, 0.500634, 0.000650312))
({x3, x7}, (0.00358637, 0.496899, 0.499484, 2.98436e-05))
({x3, x8}, (0.0028287, 0.496333, 0.500256, 0.000583034))
({x3, x9}, (0.000817758, 0.494931, 0.502316, 0.00193571))
({x4, x5}, (0.00222825, 0.498935, 0.498185, 0.00065184))
({x4, x6}, (0.00140583, 0.497038, 0.498532, 0.00302384))
({x4, x7}, (0.427863, 0.0726219, 0.0723209, 0.427194))
({x4, x8}, (0.00118, 0.498102, 0.49912, 0.00159806))
({x4, x9}, (0.496342, 8.22477e-05, 0.00310368, 0.500472))
({x5, x6}, (0.00220501, 0.496275, 0.498513, 0.00300697))
({x5, x7}, (0.00460443, 0.495523, 0.495979, 0.00389343))
({x5, x8}, (0.00171408, 0.497676, 0.499437, 0.00117281))
({x5, x9}, (0.495688, 0.000112349, 0.00514734, 0.499052))
({x6, x7}, (0.000892743, 0.499873, 0.498075, 0.00115902))
({x6, x8}, (0.183942, 0.315209, 0.314744, 0.186105))
({x6, x9}, (0.49456, 0.000993774, 0.00426821, 0.500178))
({x7, x8}, (0.00158491, 0.497326, 0.498665, 0.00242413))
({x7, x9}, (0.495245, 0.000420934, 0.00527662, 0.499058))
({x8, x9}, (0.000414109, 0.495094, 0.498549, 0.00594313))
