Approximate (TRWBP) log partition sum: 30.7656
Approximate (TRWBP) variable marginals:
({x0}, (0.495128, 0.504872))
({x1}, (0.497614, 0.502386))
({x2}, (0.513014, 0.486986))
({x3}, (0.493864, 0.506136))
({x4}, (0.503104, 0.496896))
({x5}, (0.501961, 0.498039))
({x6}, (0.505866, 0.494134))
({x7}, (0.49938, 0.50062))
({x8}, (0.502207, 0.497793))
({x9}, (0.502539, 0.497461))
Approximate (TRWBP) factor marginals:
({x0}, (0.495128, 0.504872))
({x1}, (0.497614, 0.502386))
({x2}, (0.513014, 0.486986))
({x3}, (0.493864, 0.506136))
({x4}, (0.503104, 0.496896))
({x5}, (0.501961, 0.498039))
({x6}, (0.505866, 0.494134))
({x7}, (0.49938, 0.50062))
({x8}, (0.502207, 0.497793))
({x9}, (0.502539, 0.497461))
({x0, x1}, (0.000188544, 0.497764, 0.495274, 0.00677312))
({x0, x2}, (0.0163692, 0.496463, 0.478558, 0.00861047))
({x0, x3}, (0.491283, 0.00216491, 0.00424943, 0.502302))
({x0, x4}, (0.001264, 0.501799, 0.493811, 0.00312634))
({x0, x5}, (0.00153786, 0.499833, 0.492978, 0.0056514))
({x0, x6}, (0.00223087, 0.503572, 0.492818, 0.00137961))
({x0, x7}, (0.000266855, 0.500157, 0.495863, 0.0037134))
({x0, x8}, (0.00155154, 0.500266, 0.493164, 0.00501844))
({x0, x9}, (0.49434, 0.00855674, 0.000413175, 0.49669))
({x1, x2}, (0.159024, 0.353991, 0.338582, 0.148402))
({x1, x3}, (0.000162297, 0.493533, 0.497289, 0.0090148))
({x1, x4}, (0.497324, 0.00578018, 0.000283785, 0.496612))
({x1, x5}, (0.447236, 0.0547283, 0.0503701, 0.447666))
({x1, x6}, (0.00501563, 0.500516, 0.492274, 0.00219414))
({x1, x7}, (0.483088, 0.0162674, 0.0145405, 0.486104))
({x1, x8}, (0.497618, 0.00434171, 0.000232816, 0.497807))
({x1, x9}, (0.497035, 0.00564586, 0.000430928, 0.496888))
({x2, x3}, (0.0288423, 0.464972, 0.484135, 0.0220505))
({x2, x4}, (0.0180745, 0.48511, 0.495019, 0.00179633))
({x2, x5}, (0.500957, 0.000983224, 0.0120805, 0.485979))
({x2, x6}, (0.0400891, 0.465781, 0.472926, 0.0212032))
({x2, x7}, (0.012522, 0.486778, 0.500417, 0.000283498))
({x2, x8}, (0.219924, 0.282287, 0.29309, 0.204698))
({x2, x9}, (0.500741, 0.00172032, 0.0123508, 0.485187))
({x3, x4}, (0.00186298, 0.500393, 0.491117, 0.0066274))
({x3, x5}, (0.000430236, 0.501773, 0.493661, 0.00413583))
({x3, x6}, (0.47016, 0.0357361, 0.0236612, 0.470442))
({x3, x7}, (0.494318, 0.00452038, 7.67872e-05, 0.501085))
({x3, x8}, (0.000647604, 0.50156, 0.493203, 0.00458935))
({x3, x9}, (0.0102995, 0.491987, 0.483301, 0.0144127))
({x4, x5}, (0.00554747, 0.496628, 0.49777, 5.44895e-05))
({x4, x6}, (0.497591, 0.0083967, 0.00539858, 0.488614))
({x4, x7}, (0.00391507, 0.495364, 0.499102, 0.00161891))
({x4, x8}, (0.00624512, 0.496398, 0.497318, 3.89193e-05))
({x4, x9}, (0.00999867, 0.49247, 0.49303, 0.00450192))
({x5, x6}, (0.314537, 0.19133, 0.187428, 0.306705))
({x5, x7}, (0.00266501, 0.49674, 0.499325, 0.00126983))
({x5, x8}, (0.497747, 0.00465072, 0.00403213, 0.49357))
({x5, x9}, (0.00511994, 0.497581, 0.496999, 0.000299913))
({x6, x7}, (0.00571768, 0.493846, 0.500338, 9.7857e-05))
({x6, x8}, (0.00902335, 0.493654, 0.497322, 3.57908e-12))
({x6, x9}, (0.500588, 0.00187499, 0.00536511, 0.492172))
({x7, x8}, (0.00365419, 0.498542, 0.495719, 0.00208478))
({x7, x9}, (0.00375187, 0.498603, 0.495447, 0.00219879))
({x8, x9}, (0.500004, 0.00245419, 0.00229039, 0.495251))
