Approximate (TRWBP) log partition sum: 11.4303
Approximate (TRWBP) variable marginals:
({x0}, (0.59921, 0.40079))
({x1}, (0.50139, 0.49861))
({x2}, (0.637804, 0.362196))
({x3}, (0.40978, 0.59022))
({x4}, (0.363011, 0.636989))
({x5}, (0.530104, 0.469896))
({x6}, (0.608552, 0.391448))
({x7}, (0.597925, 0.402075))
({x8}, (0.55752, 0.44248))
({x9}, (0.459847, 0.540153))
Approximate (TRWBP) factor marginals:
({x0}, (0.59921, 0.40079))
({x1}, (0.50139, 0.49861))
({x2}, (0.637804, 0.362196))
({x3}, (0.40978, 0.59022))
({x4}, (0.363011, 0.636989))
({x5}, (0.530104, 0.469896))
({x6}, (0.608552, 0.391448))
({x7}, (0.597925, 0.402075))
({x8}, (0.55752, 0.44248))
({x9}, (0.459847, 0.540153))
({x0, x1}, (0.108342, 0.393078, 0.490898, 0.00768281))
({x0, x2}, (0.488402, 0.149399, 0.11081, 0.251388))
({x0, x3}, (0.0463896, 0.363313, 0.552741, 0.0375571))
({x0, x4}, (0.36234, 0.000668824, 0.236873, 0.400119))
({x0, x5}, (0.129475, 0.400699, 0.469804, 2.25831e-05))
({x0, x6}, (0.2353, 0.373254, 0.363912, 0.0275344))
({x0, x7}, (0.554941, 0.0430223, 0.0442318, 0.357805))
({x0, x8}, (0.531963, 0.0254711, 0.0673366, 0.375229))
({x0, x9}, (0.459828, 7.804e-05, 0.139323, 0.40077))
({x1, x2}, (0.163156, 0.474652, 0.338239, 0.0239528))
({x1, x3}, (0.403596, 0.00621905, 0.0977603, 0.492424))
({x1, x4}, (0.322062, 0.0409446, 0.179332, 0.457661))
({x1, x5}, (0.061406, 0.468725, 0.440012, 0.0298561))
({x1, x6}, (0.112884, 0.495723, 0.388563, 0.00282945))
({x1, x7}, (0.497958, 0.100003, 0.00339775, 0.398642))
({x1, x8}, (0.48268, 0.0748633, 0.0186871, 0.423769))
({x1, x9}, (0.397914, 0.0619317, 0.103481, 0.436673))
({x2, x3}, (0.104193, 0.305594, 0.533615, 0.0565982))
({x2, x4}, (0.0704583, 0.292548, 0.567341, 0.0696517))
({x2, x5}, (0.257215, 0.272887, 0.380587, 0.089311))
({x2, x6}, (0.543167, 0.0653885, 0.0946342, 0.296811))
({x2, x7}, (0.236534, 0.361393, 0.40127, 0.000802303))
({x2, x8}, (0.309168, 0.248354, 0.328636, 0.113842))
({x2, x9}, (0.289503, 0.170347, 0.3483, 0.19185))
({x3, x4}, (0.000481522, 0.362539, 0.409311, 0.227668))
({x3, x5}, (0.408452, 0.121651, 0.00133068, 0.468567))
({x3, x6}, (0.0487906, 0.559739, 0.360968, 0.0305021))
({x3, x7}, (0.0447219, 0.553155, 0.36501, 0.0371131))
({x3, x8}, (0.409262, 0.148233, 0.000545012, 0.44196))
({x3, x9}, (0.000324572, 0.459723, 0.409659, 0.130293))
({x4, x5}, (0.0281282, 0.501973, 0.334881, 0.135018))
({x4, x6}, (0.0657828, 0.54277, 0.297227, 0.0942199))
({x4, x7}, (0.184957, 0.41297, 0.178054, 0.224019))
({x4, x8}, (0.216978, 0.340544, 0.146032, 0.296446))
({x4, x9}, (0.323586, 0.136267, 0.0394205, 0.500727))
({x5, x6}, (0.495896, 0.112662, 0.0341996, 0.357242))
({x5, x7}, (0.514139, 0.0837901, 0.0159607, 0.38611))
({x5, x8}, (0.115251, 0.442288, 0.41487, 0.0275916))
({x5, x9}, (0.0421122, 0.417642, 0.487898, 0.0523477))
({x6, x7}, (0.556735, 0.0411798, 0.0518294, 0.350256))
({x6, x8}, (0.352782, 0.20474, 0.25577, 0.186707))
({x6, x9}, (0.0868274, 0.372989, 0.521692, 0.0184916))
({x7, x8}, (0.467132, 0.0903921, 0.130791, 0.311685))
({x7, x9}, (0.459758, 0.000128181, 0.138132, 0.401982))
({x8, x9}, (0.450376, 0.00941893, 0.107197, 0.433008))
