Approximate (TRWBP) log partition sum: 14.3333
Approximate (TRWBP) variable marginals:
({x0}, (0.55679, 0.44321))
({x1}, (0.483552, 0.516448))
({x2}, (0.495705, 0.504295))
({x3}, (0.516144, 0.483856))
({x4}, (0.506151, 0.493849))
({x5}, (0.498025, 0.501975))
({x6}, (0.425984, 0.574016))
({x7}, (0.544481, 0.455519))
({x8}, (0.497918, 0.502082))
({x9}, (0.560614, 0.439386))
Approximate (TRWBP) factor marginals:
({x0}, (0.55679, 0.44321))
({x1}, (0.483552, 0.516448))
({x2}, (0.495705, 0.504295))
({x3}, (0.516144, 0.483856))
({x4}, (0.506151, 0.493849))
({x5}, (0.498025, 0.501975))
({x6}, (0.425984, 0.574016))
({x7}, (0.544481, 0.455519))
({x8}, (0.497918, 0.502082))
({x9}, (0.560614, 0.439386))
({x0, x1}, (0.0529154, 0.430626, 0.503868, 0.0125907))
({x0, x2}, (0.492572, 0.00314014, 0.0642125, 0.440076))
({x0, x3}, (0.495665, 0.0204644, 0.0611415, 0.422729))
({x0, x4}, (0.502029, 0.00409377, 0.0547918, 0.439085))
({x0, x5}, (0.056681, 0.441355, 0.500121, 0.00184316))
({x0, x6}, (0.229363, 0.196625, 0.327429, 0.246584))
({x0, x7}, (0.184319, 0.360166, 0.372473, 0.0830423))
({x0, x8}, (0.0873046, 0.410622, 0.469494, 0.0325797))
({x0, x9}, (0.534632, 0.0260139, 0.0221247, 0.41723))
({x1, x2}, (0.0174674, 0.478102, 0.465947, 0.0384837))
({x1, x3}, (0.093175, 0.422965, 0.390371, 0.093489))
({x1, x4}, (0.467422, 0.0386636, 0.0161899, 0.477724))
({x1, x5}, (0.0112304, 0.486791, 0.472315, 0.0296632))
({x1, x6}, (0.019956, 0.406001, 0.463564, 0.110479))
({x1, x7}, (0.0369553, 0.507685, 0.446753, 0.00860638))
({x1, x8}, (0.0144119, 0.483399, 0.469029, 0.0331602))
({x1, x9}, (0.0505563, 0.510105, 0.433046, 0.00629279))
({x2, x3}, (0.0312793, 0.484838, 0.4644, 0.0194826))
({x2, x4}, (0.303797, 0.202355, 0.191909, 0.301938))
({x2, x5}, (0.466398, 0.0316095, 0.0293257, 0.472667))
({x2, x6}, (0.0932805, 0.332708, 0.402426, 0.171586))
({x2, x7}, (0.492575, 0.0518458, 0.00319503, 0.452384))
({x2, x8}, (0.470751, 0.0271419, 0.0249803, 0.477127))
({x2, x9}, (0.0566191, 0.50408, 0.439179, 0.000121964))
({x3, x4}, (0.448443, 0.0577068, 0.0677056, 0.426145))
({x3, x5}, (0.0302382, 0.467682, 0.485803, 0.0162765))
({x3, x6}, (0.00403664, 0.422067, 0.512223, 0.0616731))
({x3, x7}, (0.50787, 0.0365191, 0.00837141, 0.447239))
({x3, x8}, (0.035385, 0.462462, 0.480685, 0.0214683))
({x3, x9}, (0.0777683, 0.482918, 0.438454, 0.000859466))
({x4, x5}, (0.479785, 0.0181709, 0.0264363, 0.475608))
({x4, x6}, (0.421952, 0.00399146, 0.0842457, 0.489811))
({x4, x7}, (0.0550482, 0.489475, 0.451142, 0.004335))
({x4, x8}, (0.481011, 0.0169254, 0.0251244, 0.476939))
({x4, x9}, (0.101972, 0.458638, 0.404181, 0.0352095))
({x5, x6}, (0.000758915, 0.42555, 0.497602, 0.0760893))
({x5, x7}, (0.33584, 0.208643, 0.162189, 0.293328))
({x5, x8}, (0.472212, 0.0257447, 0.0257777, 0.476266))
({x5, x9}, (0.17138, 0.389233, 0.32665, 0.112737))
({x6, x7}, (0.294629, 0.249856, 0.131358, 0.324157))
({x6, x8}, (0.410126, 0.0878438, 0.0158133, 0.486217))
({x6, x9}, (0.0253966, 0.535069, 0.400447, 0.0390872))
({x7, x8}, (0.495338, 0.00266908, 0.0490566, 0.452937))
({x7, x9}, (0.52586, 0.0347253, 0.0186478, 0.420766))
({x8, x9}, (0.058727, 0.501946, 0.439259, 6.87071e-05))
