Approximate (TRWBP) log partition sum: 10.6615
Approximate (TRWBP) variable marginals:
({x0}, (0.43757, 0.56243))
({x1}, (0.413467, 0.586533))
({x2}, (0.580418, 0.419582))
({x3}, (0.543422, 0.456578))
({x4}, (0.570466, 0.429534))
({x5}, (0.489261, 0.510739))
({x6}, (0.535963, 0.464037))
({x7}, (0.447378, 0.552622))
({x8}, (0.663558, 0.336442))
({x9}, (0.500894, 0.499106))
Approximate (TRWBP) factor marginals:
({x0}, (0.43757, 0.56243))
({x1}, (0.413467, 0.586533))
({x2}, (0.580418, 0.419582))
({x3}, (0.543422, 0.456578))
({x4}, (0.570466, 0.429534))
({x5}, (0.489261, 0.510739))
({x6}, (0.535963, 0.464037))
({x7}, (0.447378, 0.552622))
({x8}, (0.663558, 0.336442))
({x9}, (0.500894, 0.499106))
({x0, x1}, (2.65779e-05, 0.413621, 0.437719, 0.148634))
({x0, x2}, (0.40465, 0.175765, 0.0329244, 0.38666))
({x0, x3}, (0.429289, 0.114144, 0.00826898, 0.448298))
({x0, x4}, (0.0484059, 0.522018, 0.389123, 0.0404532))
({x0, x5}, (0.260506, 0.228754, 0.177066, 0.333673))
({x0, x6}, (0.0293446, 0.506565, 0.408174, 0.0559158))
({x0, x7}, (0.00301584, 0.444362, 0.434553, 0.118069))
({x0, x8}, (0.43542, 0.228134, 0.00215661, 0.33429))
({x0, x9}, (0.420795, 0.0801263, 0.0167506, 0.482328))
({x1, x2}, (0.412353, 0.168058, 0.00112474, 0.418464))
({x1, x3}, (0.0210163, 0.522345, 0.392397, 0.0642408))
({x1, x4}, (0.381315, 0.189144, 0.0321639, 0.397377))
({x1, x5}, (0.014961, 0.474304, 0.398513, 0.112223))
({x1, x6}, (0.334679, 0.20128, 0.0787958, 0.385245))
({x1, x7}, (0.386911, 0.0604913, 0.0265364, 0.526061))
({x1, x8}, (0.276571, 0.386987, 0.136902, 0.19954))
({x1, x9}, (0.0685571, 0.432345, 0.344922, 0.154176))
({x2, x3}, (0.517808, 0.0256057, 0.062616, 0.39397))
({x2, x4}, (0.531899, 0.0385651, 0.048522, 0.381014))
({x2, x5}, (0.307902, 0.181359, 0.272517, 0.238222))
({x2, x6}, (0.166014, 0.369952, 0.414407, 0.0496274))
({x2, x7}, (0.447401, 2.23412e-05, 0.132973, 0.419603))
({x2, x8}, (0.246021, 0.417539, 0.3344, 0.00204041))
({x2, x9}, (0.487975, 0.0128933, 0.0924697, 0.406662))
({x3, x4}, (0.510348, 0.0601257, 0.0330652, 0.396461))
({x3, x5}, (0.473551, 0.015706, 0.0698726, 0.44087))
({x3, x6}, (0.0929522, 0.443045, 0.4505, 0.0135024))
({x3, x7}, (0.443178, 0.00417516, 0.100269, 0.452378))
({x3, x8}, (0.48661, 0.176949, 0.05681, 0.279631))
({x3, x9}, (0.0685817, 0.432318, 0.474844, 0.0242565))
({x4, x5}, (0.0825804, 0.406702, 0.487907, 0.0228115))
({x4, x6}, (0.109118, 0.426885, 0.461386, 0.00261174))
({x4, x7}, (0.44744, 2.26638e-05, 0.122946, 0.429592))
({x4, x8}, (0.539657, 0.1239, 0.0308106, 0.305632))
({x4, x9}, (0.488201, 0.0126596, 0.0822975, 0.416842))
({x5, x6}, (0.467965, 0.0680152, 0.0212806, 0.44274))
({x5, x7}, (0.410923, 0.0364488, 0.0783468, 0.474282))
({x5, x8}, (0.46752, 0.196038, 0.0217408, 0.314701))
({x5, x9}, (0.0530183, 0.44787, 0.436237, 0.0628748))
({x6, x7}, (0.0325588, 0.414758, 0.503341, 0.0493428))
({x6, x8}, (0.204572, 0.458988, 0.331394, 0.00504564))
({x6, x9}, (0.237764, 0.263131, 0.2982, 0.200905))
({x7, x8}, (0.153554, 0.510007, 0.293829, 0.0426097))
({x7, x9}, (0.425097, 0.0758134, 0.0222668, 0.476823))
({x8, x9}, (0.178178, 0.322718, 0.485382, 0.0137224))
