Approximate (TRWBP) log partition sum: 16.5176
Approximate (TRWBP) variable marginals:
({x0}, (0.577624, 0.422376))
({x1}, (0.463944, 0.536056))
({x2}, (0.4983, 0.5017))
({x3}, (0.565906, 0.434094))
({x4}, (0.512258, 0.487742))
({x5}, (0.493468, 0.506532))
({x6}, (0.528866, 0.471134))
({x7}, (0.461187, 0.538813))
({x8}, (0.515806, 0.484194))
({x9}, (0.495656, 0.504344))
Approximate (TRWBP) factor marginals:
({x0}, (0.577624, 0.422376))
({x1}, (0.463944, 0.536056))
({x2}, (0.4983, 0.5017))
({x3}, (0.565906, 0.434094))
({x4}, (0.512258, 0.487742))
({x5}, (0.493468, 0.506532))
({x6}, (0.528866, 0.471134))
({x7}, (0.461187, 0.538813))
({x8}, (0.515806, 0.484194))
({x9}, (0.495656, 0.504344))
({x0, x1}, (0.4638, 0.000151929, 0.113819, 0.422229))
({x0, x2}, (0.107602, 0.390691, 0.470019, 0.0316879))
({x0, x3}, (0.499449, 0.0664425, 0.0781837, 0.355925))
({x0, x4}, (0.32315, 0.18911, 0.254474, 0.233266))
({x0, x5}, (0.487428, 0.00605348, 0.0901836, 0.416335))
({x0, x6}, (0.288394, 0.240469, 0.28923, 0.181907))
({x0, x7}, (0.460204, 0.000983031, 0.117421, 0.421392))
({x0, x8}, (0.49839, 0.0174069, 0.0792408, 0.404962))
({x0, x9}, (0.48519, 0.0104602, 0.0924409, 0.411909))
({x1, x2}, (0.00717866, 0.491108, 0.456758, 0.0449555))
({x1, x3}, (0.0367471, 0.5293, 0.427346, 0.00660697))
({x1, x4}, (0.239896, 0.272364, 0.224051, 0.263689))
({x1, x5}, (0.0105059, 0.482925, 0.453405, 0.0531634))
({x1, x6}, (0.0161815, 0.512642, 0.447725, 0.0234511))
({x1, x7}, (0.436357, 0.0248273, 0.0275941, 0.511222))
({x1, x8}, (0.0105514, 0.505213, 0.453354, 0.0308817))
({x1, x9}, (0.00989396, 0.485682, 0.453971, 0.0504534))
({x2, x3}, (0.0814781, 0.484411, 0.416808, 0.0173033))
({x2, x4}, (0.484871, 0.0273382, 0.013477, 0.474314))
({x2, x5}, (0.0190837, 0.474332, 0.479159, 0.027425))
({x2, x6}, (0.253323, 0.27554, 0.244972, 0.226165))
({x2, x7}, (0.383831, 0.077358, 0.114463, 0.424348))
({x2, x8}, (0.089137, 0.426663, 0.409155, 0.075045))
({x2, x9}, (0.0153541, 0.480374, 0.483015, 0.0212569))
({x3, x4}, (0.510953, 0.00131729, 0.0549378, 0.432792))
({x3, x5}, (0.4938, 8.86906e-06, 0.0717497, 0.434442))
({x3, x6}, (0.521045, 0.00773894, 0.0449362, 0.42628))
({x3, x7}, (0.111513, 0.349669, 0.454381, 0.0844374))
({x3, x8}, (0.486705, 0.0291037, 0.0791912, 0.405))
({x3, x9}, (0.348417, 0.147241, 0.21748, 0.286861))
({x4, x5}, (0.0211746, 0.47223, 0.491024, 0.0155716))
({x4, x6}, (0.0513792, 0.477512, 0.46091, 0.0101993))
({x4, x7}, (0.00998289, 0.45116, 0.502234, 0.0366232))
({x4, x8}, (0.0351573, 0.480729, 0.477187, 0.00692716))
({x4, x9}, (0.48534, 0.0103014, 0.0269356, 0.477423))
({x5, x6}, (0.486777, 0.0421128, 0.00666415, 0.464446))
({x5, x7}, (0.451335, 0.00981386, 0.0421708, 0.496681))
({x5, x8}, (0.484427, 0.0313862, 0.00903126, 0.475155))
({x5, x9}, (0.0122506, 0.483304, 0.481117, 0.0233289))
({x6, x7}, (0.0127769, 0.448481, 0.516158, 0.0225841))
({x6, x8}, (0.352538, 0.163265, 0.176325, 0.307872))
({x6, x9}, (0.0330161, 0.462668, 0.495875, 0.00844105))
({x7, x8}, (0.015086, 0.500627, 0.446014, 0.0382732))
({x7, x9}, (0.00325906, 0.492508, 0.458032, 0.0462017))
({x8, x9}, (0.480948, 0.0146636, 0.0349002, 0.469488))
