Approximate (TRWBP) log partition sum: 11.0023
Approximate (TRWBP) variable marginals:
({x0}, (0.522849, 0.477151))
({x1}, (0.538095, 0.461905))
({x2}, (0.304209, 0.695791))
({x3}, (0.391117, 0.608883))
({x4}, (0.588025, 0.411975))
({x5}, (0.578445, 0.421555))
({x6}, (0.658182, 0.341818))
({x7}, (0.539121, 0.460879))
({x8}, (0.643615, 0.356385))
({x9}, (0.359124, 0.640876))
Approximate (TRWBP) factor marginals:
({x0}, (0.522849, 0.477151))
({x1}, (0.538095, 0.461905))
({x2}, (0.304209, 0.695791))
({x3}, (0.391117, 0.608883))
({x4}, (0.588025, 0.411975))
({x5}, (0.578445, 0.421555))
({x6}, (0.658182, 0.341818))
({x7}, (0.539121, 0.460879))
({x8}, (0.643615, 0.356385))
({x9}, (0.359124, 0.640876))
({x0, x1}, (0.458962, 0.0791638, 0.0638523, 0.398021))
({x0, x2}, (0.00925923, 0.294944, 0.513581, 0.182216))
({x0, x3}, (0.379485, 0.0116132, 0.143381, 0.465521))
({x0, x4}, (0.133724, 0.454311, 0.38913, 0.022834))
({x0, x5}, (0.12397, 0.454484, 0.398884, 0.0226621))
({x0, x6}, (0.264196, 0.393995, 0.258653, 0.0831562))
({x0, x7}, (0.096423, 0.442694, 0.426419, 0.0344641))
({x0, x8}, (0.167727, 0.475936, 0.355164, 0.00117353))
({x0, x9}, (0.35769, 0.0014837, 0.165103, 0.475723))
({x1, x2}, (0.0452614, 0.258939, 0.492827, 0.202972))
({x1, x3}, (0.390348, 0.000946257, 0.147568, 0.461138))
({x1, x4}, (0.508416, 0.0795834, 0.0297079, 0.382293))
({x1, x5}, (0.507808, 0.0705813, 0.030342, 0.391268))
({x1, x6}, (0.197828, 0.460401, 0.340312, 0.00145866))
({x1, x7}, (0.325664, 0.213456, 0.212432, 0.248448))
({x1, x8}, (0.185755, 0.457909, 0.352389, 0.00394732))
({x1, x9}, (0.354062, 0.00504187, 0.184054, 0.456843))
({x2, x3}, (0.0121355, 0.37897, 0.292062, 0.316832))
({x2, x4}, (0.022414, 0.565635, 0.281814, 0.130137))
({x2, x5}, (0.116408, 0.462039, 0.187799, 0.233754))
({x2, x6}, (0.261769, 0.396424, 0.0424336, 0.299373))
({x2, x7}, (0.0181077, 0.521003, 0.286091, 0.174799))
({x2, x8}, (0.295204, 0.348427, 0.00899312, 0.347375))
({x2, x9}, (0.140798, 0.218324, 0.163409, 0.477469))
({x3, x4}, (0.0498802, 0.538082, 0.341169, 0.0708686))
({x3, x5}, (0.168946, 0.409501, 0.222169, 0.199385))
({x3, x6}, (0.0759582, 0.582198, 0.31513, 0.0267139))
({x3, x7}, (0.381096, 0.158067, 0.00997923, 0.450858))
({x3, x8}, (0.0673443, 0.576252, 0.32375, 0.0326535))
({x3, x9}, (0.0479391, 0.311177, 0.34317, 0.297714))
({x4, x5}, (0.531116, 0.0473511, 0.056891, 0.364642))
({x4, x6}, (0.332969, 0.325224, 0.255065, 0.0867422))
({x4, x7}, (0.146009, 0.393146, 0.442054, 0.0187903))
({x4, x8}, (0.231736, 0.411926, 0.356335, 3.14427e-06))
({x4, x9}, (0.351342, 0.00775723, 0.236711, 0.40419))
({x5, x6}, (0.550063, 0.108153, 0.0283505, 0.313433))
({x5, x7}, (0.485717, 0.0533839, 0.092749, 0.36815))
({x5, x8}, (0.561756, 0.0818283, 0.0167281, 0.339688))
({x5, x9}, (0.0304593, 0.328628, 0.54795, 0.0929621))
({x6, x7}, (0.197406, 0.341763, 0.460827, 4.19471e-06))
({x6, x8}, (0.600602, 0.0430353, 0.0575659, 0.298797))
({x6, x9}, (0.0616428, 0.297453, 0.596516, 0.0443888))
({x7, x8}, (0.440006, 0.203622, 0.0991079, 0.257265))
({x7, x9}, (0.358972, 0.000251226, 0.18004, 0.460737))
({x8, x9}, (0.0513523, 0.307758, 0.592254, 0.0486357))
