Approximate (TRWBP) log partition sum: 9.0005
Approximate (TRWBP) variable marginals:
({x0}, (0.667408, 0.332592))
({x1}, (0.428836, 0.571164))
({x2}, (0.553292, 0.446708))
({x3}, (0.424739, 0.575261))
({x4}, (0.486164, 0.513836))
({x5}, (0.448792, 0.551208))
({x6}, (0.538581, 0.461419))
({x7}, (0.521379, 0.478621))
({x8}, (0.694782, 0.305218))
({x9}, (0.637797, 0.362203))
Approximate (TRWBP) factor marginals:
({x0}, (0.667408, 0.332592))
({x1}, (0.428836, 0.571164))
({x2}, (0.553292, 0.446708))
({x3}, (0.424739, 0.575261))
({x4}, (0.486164, 0.513836))
({x5}, (0.448792, 0.551208))
({x6}, (0.538581, 0.461419))
({x7}, (0.521379, 0.478621))
({x8}, (0.694782, 0.305218))
({x9}, (0.637797, 0.362203))
({x0, x1}, (0.160029, 0.268801, 0.507377, 0.0637941))
({x0, x2}, (0.538168, 0.0151285, 0.129236, 0.317467))
({x0, x3}, (0.266618, 0.158119, 0.40079, 0.174473))
({x0, x4}, (0.485928, 0.000268966, 0.18145, 0.332353))
({x0, x5}, (0.234507, 0.214279, 0.4329, 0.118314))
({x0, x6}, (0.296667, 0.241915, 0.370742, 0.0906752))
({x0, x7}, (0.26069, 0.260681, 0.406715, 0.0719137))
({x0, x8}, (0.378421, 0.316364, 0.288989, 0.0162257))
({x0, x9}, (0.596122, 0.0416605, 0.0713002, 0.290917))
({x1, x2}, (0.0351262, 0.518141, 0.393682, 0.053051))
({x1, x3}, (0.00299563, 0.421739, 0.425835, 0.14943))
({x1, x4}, (0.00968994, 0.476494, 0.41916, 0.0946559))
({x1, x5}, (0.385717, 0.063075, 0.043113, 0.508095))
({x1, x6}, (0.406552, 0.132071, 0.0222392, 0.439138))
({x1, x7}, (0.422833, 0.0984954, 0.00604721, 0.472625))
({x1, x8}, (0.380136, 0.31465, 0.0486931, 0.256521))
({x1, x9}, (0.111398, 0.526386, 0.317421, 0.0447956))
({x2, x3}, (0.034798, 0.389927, 0.518482, 0.0567929))
({x2, x4}, (0.446945, 0.0392035, 0.106366, 0.407486))
({x2, x5}, (0.448041, 0.000995569, 0.105003, 0.44596))
({x2, x6}, (0.128732, 0.409872, 0.424584, 0.0368123))
({x2, x7}, (0.0841765, 0.437302, 0.469221, 0.00930111))
({x2, x8}, (0.287031, 0.407756, 0.266267, 0.0389466))
({x2, x9}, (0.528739, 0.109047, 0.0245656, 0.337648))
({x3, x4}, (0.409649, 0.0765415, 0.0150648, 0.498745))
({x3, x5}, (0.388484, 0.0602713, 0.0362861, 0.514959))
({x3, x6}, (0.420895, 0.117654, 0.00387419, 0.457577))
({x3, x7}, (0.0405131, 0.480795, 0.384157, 0.0945349))
({x3, x8}, (0.413259, 0.281526, 0.0114749, 0.29374))
({x3, x9}, (0.424191, 0.21361, 0.000543192, 0.361656))
({x4, x5}, (0.0214239, 0.427287, 0.464666, 0.0866232))
({x4, x6}, (0.456397, 0.0821858, 0.0297669, 0.43165))
({x4, x7}, (0.378785, 0.142579, 0.107392, 0.371244))
({x4, x8}, (0.456662, 0.23812, 0.0295066, 0.275712))
({x4, x9}, (0.13229, 0.505535, 0.353905, 0.0082707))
({x5, x6}, (0.334474, 0.204111, 0.114309, 0.347105))
({x5, x7}, (0.438464, 0.0828954, 0.0103414, 0.468299))
({x5, x8}, (0.187497, 0.507282, 0.261287, 0.0439344))
({x5, x9}, (0.444473, 0.193346, 0.00429253, 0.357888))
({x6, x7}, (0.116833, 0.404528, 0.421734, 0.0569052))
({x6, x8}, (0.49272, 0.202063, 0.0458615, 0.259356))
({x6, x9}, (0.517277, 0.12053, 0.0212931, 0.3409))
({x7, x8}, (0.244462, 0.450316, 0.276907, 0.0283149))
({x7, x9}, (0.205262, 0.432529, 0.316107, 0.0461017))
({x8, x9}, (0.559414, 0.078384, 0.135369, 0.226833))
