Approximate (TRWBP) log partition sum: 13.1174
Approximate (TRWBP) variable marginals:
({x0}, (0.442456, 0.557544))
({x1}, (0.557571, 0.442429))
({x2}, (0.538354, 0.461646))
({x3}, (0.657178, 0.342822))
({x4}, (0.500441, 0.499559))
({x5}, (0.556823, 0.443177))
({x6}, (0.466066, 0.533934))
({x7}, (0.440126, 0.559874))
({x8}, (0.479547, 0.520453))
({x9}, (0.484393, 0.515607))
Approximate (TRWBP) factor marginals:
({x0}, (0.442456, 0.557544))
({x1}, (0.557571, 0.442429))
({x2}, (0.538354, 0.461646))
({x3}, (0.657178, 0.342822))
({x4}, (0.500441, 0.499559))
({x5}, (0.556823, 0.443177))
({x6}, (0.466066, 0.533934))
({x7}, (0.440126, 0.559874))
({x8}, (0.479547, 0.520453))
({x9}, (0.484393, 0.515607))
({x0, x1}, (0.036446, 0.521074, 0.405948, 0.0365313))
({x0, x2}, (0.0302298, 0.508056, 0.412157, 0.0495576))
({x0, x3}, (0.11668, 0.540471, 0.325743, 0.0171066))
({x0, x4}, (0.434525, 0.0658353, 0.00800333, 0.491637))
({x0, x5}, (0.0296829, 0.527234, 0.412865, 0.0302179))
({x0, x6}, (0.416335, 0.04968, 0.02617, 0.507815))
({x0, x7}, (0.0251651, 0.414904, 0.417231, 0.1427))
({x0, x8}, (0.110864, 0.368671, 0.331579, 0.188885))
({x0, x9}, (0.0723147, 0.41207, 0.370129, 0.145486))
({x1, x2}, (0.511795, 0.0265772, 0.0457635, 0.415864))
({x1, x3}, (0.508171, 0.149012, 0.049402, 0.293415))
({x1, x4}, (0.0660619, 0.434543, 0.491677, 0.00771774))
({x1, x5}, (0.44136, 0.115461, 0.116219, 0.32696))
({x1, x6}, (0.465788, 0.000563061, 0.09151, 0.442139))
({x1, x7}, (0.431286, 0.00876027, 0.12637, 0.433584))
({x1, x8}, (0.0519443, 0.42774, 0.505771, 0.0145447))
({x1, x9}, (0.105699, 0.378702, 0.451887, 0.0637126))
({x2, x3}, (0.514459, 0.142727, 0.0238874, 0.318926))
({x2, x4}, (0.059996, 0.440506, 0.478421, 0.021077))
({x2, x5}, (0.513258, 0.0435135, 0.0251454, 0.418083))
({x2, x6}, (0.0382318, 0.42769, 0.499978, 0.0340993))
({x2, x7}, (0.0271576, 0.412895, 0.511123, 0.0488244))
({x2, x8}, (0.0459139, 0.433654, 0.492463, 0.0279684))
({x2, x9}, (0.0492886, 0.43519, 0.489152, 0.0263699))
({x3, x4}, (0.498551, 0.00186676, 0.158645, 0.340937))
({x3, x5}, (0.446837, 0.109983, 0.210344, 0.232836))
({x3, x6}, (0.319325, 0.146743, 0.337856, 0.196077))
({x3, x7}, (0.413837, 0.0262774, 0.243353, 0.316532))
({x3, x8}, (0.472772, 0.00674666, 0.184432, 0.33605))
({x3, x9}, (0.4424, 0.0419914, 0.214782, 0.300827))
({x4, x5}, (0.487763, 0.0691195, 0.012611, 0.430506))
({x4, x6}, (0.231529, 0.234539, 0.268906, 0.265026))
({x4, x7}, (0.433112, 0.00706834, 0.0672723, 0.492547))
({x4, x8}, (0.454978, 0.0245243, 0.0455002, 0.474997))
({x4, x9}, (0.405371, 0.07903, 0.0950557, 0.420543))
({x5, x6}, (0.464419, 0.00166849, 0.0923813, 0.441531))
({x5, x7}, (0.0327465, 0.407297, 0.523987, 0.0359691))
({x5, x8}, (0.225332, 0.25421, 0.331488, 0.18897))
({x5, x9}, (0.0827651, 0.401638, 0.474067, 0.0415295))
({x6, x7}, (0.0810817, 0.359038, 0.38498, 0.1749))
({x6, x8}, (0.219027, 0.260515, 0.247041, 0.273417))
({x6, x9}, (0.0126602, 0.471638, 0.453311, 0.0623904))
({x7, x8}, (0.36053, 0.119019, 0.0795938, 0.440858))
({x7, x9}, (0.0058443, 0.478693, 0.434423, 0.0810398))
({x8, x9}, (0.021191, 0.463113, 0.458263, 0.0574324))
