Approximate (TRWBP) log partition sum: 13.7617
Approximate (TRWBP) variable marginals:
({x0}, (0.33411, 0.66589))
({x1}, (0.546591, 0.453409))
({x2}, (0.579452, 0.420548))
({x3}, (0.362703, 0.637297))
({x4}, (0.510412, 0.489588))
({x5}, (0.447807, 0.552193))
({x6}, (0.716404, 0.283596))
({x7}, (0.46806, 0.53194))
({x8}, (0.428211, 0.571789))
({x9}, (0.419557, 0.580443))
Approximate (TRWBP) factor marginals:
({x0}, (0.33411, 0.66589))
({x1}, (0.546591, 0.453409))
({x2}, (0.579452, 0.420548))
({x3}, (0.362703, 0.637297))
({x4}, (0.510412, 0.489588))
({x5}, (0.447807, 0.552193))
({x6}, (0.716404, 0.283596))
({x7}, (0.46806, 0.53194))
({x8}, (0.428211, 0.571789))
({x9}, (0.419557, 0.580443))
({x0, x1}, (0.33213, 0.21446, 0.00197994, 0.45143))
({x0, x2}, (0.0110409, 0.568402, 0.32306, 0.0974969))
({x0, x3}, (0.307185, 0.0555024, 0.0269438, 0.610369))
({x0, x4}, (0.191511, 0.318901, 0.1426, 0.346988))
({x0, x5}, (0.330617, 0.117189, 0.00349309, 0.5487))
({x0, x6}, (0.111738, 0.604663, 0.22237, 0.06123))
({x0, x7}, (0.121733, 0.34633, 0.212379, 0.319558))
({x0, x8}, (0.327856, 0.10039, 0.0062201, 0.565534))
({x0, x9}, (0.267438, 0.152124, 0.0666693, 0.513769))
({x1, x2}, (0.128664, 0.450842, 0.417979, 0.00251512))
({x1, x3}, (0.0107324, 0.351947, 0.535831, 0.101489))
({x1, x4}, (0.0834407, 0.426951, 0.463128, 0.0264804))
({x1, x5}, (0.429358, 0.018419, 0.117261, 0.434962))
({x1, x6}, (0.52081, 0.195593, 0.0257799, 0.257817))
({x1, x7}, (0.0591633, 0.40886, 0.48739, 0.0445869))
({x1, x8}, (0.426497, 0.00167022, 0.120134, 0.451698))
({x1, x9}, (0.0457223, 0.373822, 0.500854, 0.0796018))
({x2, x3}, (0.0204093, 0.342275, 0.559022, 0.078294))
({x2, x4}, (0.103733, 0.406688, 0.475729, 0.0138499))
({x2, x5}, (0.0626347, 0.385165, 0.516812, 0.0353885))
({x2, x6}, (0.491185, 0.225217, 0.088269, 0.195329))
({x2, x7}, (0.442494, 0.0255638, 0.136962, 0.39498))
({x2, x8}, (0.0533253, 0.374913, 0.526155, 0.0456073))
({x2, x9}, (0.0443734, 0.375138, 0.535033, 0.0454561))
({x3, x4}, (0.000414129, 0.509992, 0.362286, 0.127308))
({x3, x5}, (0.237273, 0.210532, 0.125435, 0.42676))
({x3, x6}, (0.119453, 0.596955, 0.243257, 0.0403348))
({x3, x7}, (2.47648e-06, 0.468217, 0.362857, 0.168923))
({x3, x8}, (0.337898, 0.0903186, 0.0248025, 0.546981))
({x3, x9}, (0.345373, 0.0741933, 0.0173232, 0.56311))
({x4, x5}, (0.214921, 0.232886, 0.295491, 0.256702))
({x4, x6}, (0.251394, 0.465008, 0.259017, 0.0245807))
({x4, x7}, (0.437897, 0.0301621, 0.0725173, 0.459424))
({x4, x8}, (0.300651, 0.127559, 0.209762, 0.362028))
({x4, x9}, (0.409302, 0.0102486, 0.101116, 0.479333))
({x5, x6}, (0.335923, 0.380479, 0.111884, 0.171714))
({x5, x7}, (0.410118, 0.0579366, 0.0376936, 0.494251))
({x5, x8}, (0.387324, 0.0409176, 0.060451, 0.511307))
({x5, x9}, (0.00011091, 0.419562, 0.447816, 0.132511))
({x6, x7}, (0.197525, 0.27054, 0.518882, 0.0130525))
({x6, x8}, (0.241203, 0.187006, 0.475199, 0.0965915))
({x6, x9}, (0.419405, 0.00015775, 0.296993, 0.283444))
({x7, x8}, (0.00587913, 0.422269, 0.462121, 0.109731))
({x7, x9}, (0.393849, 0.0256919, 0.0742275, 0.506231))
({x8, x9}, (0.117191, 0.302368, 0.31102, 0.269421))
