Approximate (TRWBP) log partition sum: 18.9219
Approximate (TRWBP) variable marginals:
({x0}, (0.485757, 0.514243))
({x1}, (0.437416, 0.562584))
({x2}, (0.448274, 0.551726))
({x3}, (0.492189, 0.507811))
({x4}, (0.522712, 0.477288))
({x5}, (0.468681, 0.531319))
({x6}, (0.496873, 0.503127))
({x7}, (0.470376, 0.529624))
({x8}, (0.577537, 0.422463))
({x9}, (0.526142, 0.473858))
Approximate (TRWBP) factor marginals:
({x0}, (0.485757, 0.514243))
({x1}, (0.437416, 0.562584))
({x2}, (0.448274, 0.551726))
({x3}, (0.492189, 0.507811))
({x4}, (0.522712, 0.477288))
({x5}, (0.468681, 0.531319))
({x6}, (0.496873, 0.503127))
({x7}, (0.470376, 0.529624))
({x8}, (0.577537, 0.422463))
({x9}, (0.526142, 0.473858))
({x0, x1}, (0.419256, 0.0181523, 0.0665059, 0.496086))
({x0, x2}, (0.439691, 0.0085218, 0.0461213, 0.505665))
({x0, x3}, (0.0138532, 0.478173, 0.471736, 0.036238))
({x0, x4}, (0.027985, 0.494756, 0.457801, 0.0194585))
({x0, x5}, (0.00435582, 0.464463, 0.48154, 0.049641))
({x0, x6}, (0.172881, 0.323991, 0.312875, 0.190253))
({x0, x7}, (0.289594, 0.180783, 0.196162, 0.333462))
({x0, x8}, (0.0689836, 0.508563, 0.416779, 0.00567388))
({x0, x9}, (0.035242, 0.490863, 0.450475, 0.0234201))
({x1, x2}, (0.280431, 0.167837, 0.156986, 0.394746))
({x1, x3}, (0.427129, 0.0650635, 0.0102853, 0.497522))
({x1, x4}, (0.0125111, 0.51021, 0.424912, 0.0523671))
({x1, x5}, (0.270583, 0.198098, 0.166832, 0.364487))
({x1, x6}, (0.00447521, 0.492428, 0.43297, 0.0701265))
({x1, x7}, (0.316229, 0.154147, 0.121186, 0.408437))
({x1, x8}, (0.0369914, 0.540513, 0.40039, 0.0221058))
({x1, x9}, (0.419425, 0.106725, 0.0179816, 0.455869))
({x2, x3}, (0.0010135, 0.491596, 0.447661, 0.0597304))
({x2, x4}, (0.01468, 0.507932, 0.43349, 0.0438987))
({x2, x5}, (0.433271, 0.0355188, 0.0148916, 0.516319))
({x2, x6}, (0.00374125, 0.493154, 0.44455, 0.0585551))
({x2, x7}, (0.426818, 0.0436267, 0.021384, 0.508171))
({x2, x8}, (0.445079, 0.132475, 0.00317779, 0.419269))
({x2, x9}, (0.0164859, 0.509539, 0.431666, 0.0423085))
({x3, x4}, (0.0312369, 0.491463, 0.460944, 0.0163565))
({x3, x5}, (0.00854779, 0.460034, 0.483541, 0.0478773))
({x3, x6}, (0.0777165, 0.419158, 0.41448, 0.0886458))
({x3, x7}, (0.13913, 0.331247, 0.353064, 0.176558))
({x3, x8}, (0.0718653, 0.505685, 0.420339, 0.00211093))
({x3, x9}, (0.483165, 0.0430964, 0.00890375, 0.464835))
({x4, x5}, (0.465516, 0.00313494, 0.057226, 0.474123))
({x4, x6}, (0.47815, 0.0186534, 0.0446297, 0.458566))
({x4, x7}, (0.461268, 0.0090562, 0.0614987, 0.468177))
({x4, x8}, (0.435641, 0.141899, 0.0870703, 0.33539))
({x4, x9}, (0.499813, 0.0263266, 0.0229016, 0.450959))
({x5, x6}, (0.0100132, 0.486826, 0.458635, 0.0445254))
({x5, x7}, (0.0046284, 0.465755, 0.464059, 0.0655569))
({x5, x8}, (0.0556255, 0.521892, 0.413033, 0.00944965))
({x5, x9}, (0.0233296, 0.502765, 0.445303, 0.0286022))
({x6, x7}, (0.414158, 0.0562153, 0.0827164, 0.44691))
({x6, x8}, (0.453755, 0.123786, 0.0431141, 0.379345))
({x6, x9}, (0.0384733, 0.487741, 0.458475, 0.0153103))
({x7, x8}, (0.0576323, 0.519922, 0.41276, 0.00968513))
({x7, x9}, (0.458378, 0.0678104, 0.0119533, 0.461858))
({x8, x9}, (0.45879, 0.0673507, 0.11875, 0.355109))
