Approximate (TRWBP) log partition sum: 14.0216
Approximate (TRWBP) variable marginals:
({x0}, (0.512399, 0.487601))
({x1}, (0.409527, 0.590473))
({x2}, (0.451376, 0.548624))
({x3}, (0.597502, 0.402498))
({x4}, (0.444042, 0.555958))
({x5}, (0.457546, 0.542454))
({x6}, (0.48332, 0.51668))
({x7}, (0.568119, 0.431881))
({x8}, (0.501081, 0.498919))
({x9}, (0.491521, 0.508479))
Approximate (TRWBP) factor marginals:
({x0}, (0.512399, 0.487601))
({x1}, (0.409527, 0.590473))
({x2}, (0.451376, 0.548624))
({x3}, (0.597502, 0.402498))
({x4}, (0.444042, 0.555958))
({x5}, (0.457546, 0.542454))
({x6}, (0.48332, 0.51668))
({x7}, (0.568119, 0.431881))
({x8}, (0.501081, 0.498919))
({x9}, (0.491521, 0.508479))
({x0, x1}, (0.395059, 0.0144305, 0.117381, 0.473129))
({x0, x2}, (0.0114786, 0.439803, 0.500827, 0.0478915))
({x0, x3}, (0.18469, 0.412818, 0.327714, 0.0747783))
({x0, x4}, (0.0104027, 0.433513, 0.501872, 0.0542116))
({x0, x5}, (0.448634, 0.00888127, 0.0637976, 0.478687))
({x0, x6}, (0.317824, 0.165501, 0.194577, 0.322098))
({x0, x7}, (0.0817937, 0.486431, 0.430711, 0.00106397))
({x0, x8}, (0.474614, 0.0264264, 0.0378226, 0.461137))
({x0, x9}, (0.469375, 0.0221208, 0.0430525, 0.465452))
({x1, x2}, (0.392989, 0.0583847, 0.0165405, 0.532086))
({x1, x3}, (0.0359809, 0.56151, 0.373536, 0.0289731))
({x1, x4}, (0.388578, 0.0554383, 0.0209698, 0.535014))
({x1, x5}, (0.398595, 0.0589245, 0.0109618, 0.531519))
({x1, x6}, (0.155946, 0.32738, 0.253582, 0.263092))
({x1, x7}, (0.24143, 0.326689, 0.168098, 0.263783))
({x1, x8}, (0.043194, 0.45788, 0.36633, 0.132596))
({x1, x9}, (0.0300963, 0.461422, 0.379427, 0.129055))
({x2, x3}, (0.0639678, 0.53353, 0.387401, 0.0151008))
({x2, x4}, (0.418834, 0.0251323, 0.0326091, 0.523425))
({x2, x5}, (0.423767, 0.0338339, 0.0275543, 0.514845))
({x2, x6}, (0.435137, 0.0481172, 0.0163117, 0.500434))
({x2, x7}, (0.038462, 0.52968, 0.412935, 0.0189227))
({x2, x8}, (0.437889, 0.0632341, 0.0134439, 0.485433))
({x2, x9}, (0.00550988, 0.486055, 0.445905, 0.0625298))
({x3, x4}, (0.367953, 0.0760843, 0.229551, 0.326412))
({x3, x5}, (0.21472, 0.242827, 0.382784, 0.159668))
({x3, x6}, (0.0831034, 0.400256, 0.514431, 0.00220874))
({x3, x7}, (0.365099, 0.20302, 0.232405, 0.199476))
({x3, x8}, (0.0988323, 0.402308, 0.498732, 0.00012789))
({x3, x9}, (0.49138, 0.000212791, 0.106057, 0.40235))
({x4, x5}, (0.0379611, 0.419585, 0.406074, 0.136379))
({x4, x6}, (0.00136395, 0.482297, 0.443017, 0.0733219))
({x4, x7}, (0.0350137, 0.533045, 0.408957, 0.0229846))
({x4, x8}, (0.43356, 0.0675968, 0.0104003, 0.488443))
({x4, x9}, (0.415515, 0.0760572, 0.0284696, 0.479958))
({x5, x6}, (0.00582149, 0.47745, 0.451669, 0.0650591))
({x5, x7}, (0.457702, 0.11024, 2.91032e-05, 0.432029))
({x5, x8}, (0.0186592, 0.482305, 0.43877, 0.0602653))
({x5, x9}, (0.120698, 0.37083, 0.336851, 0.171621))
({x6, x7}, (0.0608045, 0.507309, 0.422513, 0.00937383))
({x6, x8}, (0.459636, 0.0415524, 0.0235807, 0.475231))
({x6, x9}, (0.455269, 0.0363842, 0.0279318, 0.480415))
({x7, x8}, (0.0718931, 0.42929, 0.496328, 0.00248963))
({x7, x9}, (0.307748, 0.183778, 0.26037, 0.248104))
({x8, x9}, (0.0264382, 0.464903, 0.474455, 0.0342034))
