Approximate (TRWBP) log partition sum: 14.1351
Approximate (TRWBP) variable marginals:
({x0}, (0.492977, 0.507023))
({x1}, (0.745662, 0.254338))
({x2}, (0.431987, 0.568013))
({x3}, (0.434193, 0.565807))
({x4}, (0.423994, 0.576006))
({x5}, (0.565121, 0.434879))
({x6}, (0.480357, 0.519643))
({x7}, (0.419762, 0.580238))
({x8}, (0.495112, 0.504888))
({x9}, (0.527611, 0.472389))
Approximate (TRWBP) factor marginals:
({x0}, (0.492977, 0.507023))
({x1}, (0.745662, 0.254338))
({x2}, (0.431987, 0.568013))
({x3}, (0.434193, 0.565807))
({x4}, (0.423994, 0.576006))
({x5}, (0.565121, 0.434879))
({x6}, (0.480357, 0.519643))
({x7}, (0.419762, 0.580238))
({x8}, (0.495112, 0.504888))
({x9}, (0.527611, 0.472389))
({x0, x1}, (0.318982, 0.42668, 0.173997, 0.0803404))
({x0, x2}, (0.0136793, 0.418291, 0.479284, 0.0887454))
({x0, x3}, (0.0065612, 0.427643, 0.486429, 0.0793671))
({x0, x4}, (0.0150692, 0.408925, 0.477909, 0.0980972))
({x0, x5}, (0.073843, 0.491317, 0.419175, 0.0156657))
({x0, x6}, (0.444787, 0.0355178, 0.048245, 0.47145))
({x0, x7}, (0.403361, 0.0163813, 0.0896362, 0.490621))
({x0, x8}, (0.0235568, 0.471454, 0.469325, 0.0356634))
({x0, x9}, (0.471378, 0.0562564, 0.0215767, 0.450788))
({x1, x2}, (0.211495, 0.22049, 0.534167, 0.0338486))
({x1, x3}, (0.432312, 0.0018786, 0.313351, 0.252458))
({x1, x4}, (0.199565, 0.224431, 0.546099, 0.0299055))
({x1, x5}, (0.364871, 0.200249, 0.380791, 0.0540887))
({x1, x6}, (0.248298, 0.232061, 0.497365, 0.0222763))
({x1, x7}, (0.372649, 0.0471124, 0.373013, 0.207225))
({x1, x8}, (0.25594, 0.239172, 0.489722, 0.015166))
({x1, x9}, (0.350498, 0.177114, 0.395164, 0.0772238))
({x2, x3}, (0.36073, 0.0734623, 0.0712555, 0.494552))
({x2, x4}, (0.39684, 0.0271105, 0.0351901, 0.54086))
({x2, x5}, (0.127747, 0.437373, 0.304239, 0.130642))
({x2, x6}, (0.418603, 0.0617697, 0.0133674, 0.50626))
({x2, x7}, (0.0132558, 0.4065, 0.418724, 0.16152))
({x2, x8}, (0.424077, 0.0710616, 0.00788306, 0.496979))
({x2, x9}, (0.332643, 0.19497, 0.0993417, 0.373045))
({x3, x4}, (0.0461996, 0.377795, 0.387992, 0.188013))
({x3, x5}, (0.0413483, 0.523781, 0.392853, 0.0420171))
({x3, x6}, (0.0100277, 0.47031, 0.424145, 0.0955179))
({x3, x7}, (0.39044, 0.0293213, 0.0437519, 0.536487))
({x3, x8}, (0.223504, 0.271608, 0.210687, 0.294201))
({x3, x9}, (0.421323, 0.106305, 0.0128531, 0.459519))
({x4, x5}, (0.0320153, 0.533054, 0.391929, 0.0430012))
({x4, x6}, (8.125e-06, 0.480621, 0.424251, 0.0951202))
({x4, x7}, (0.000652553, 0.419106, 0.423339, 0.156903))
({x4, x8}, (0.419543, 0.0756004, 0.00442062, 0.500436))
({x4, x9}, (0.0780595, 0.449555, 0.345938, 0.126447))
({x5, x6}, (0.060529, 0.419803, 0.504567, 0.0151008))
({x5, x7}, (0.029978, 0.389806, 0.535164, 0.0450516))
({x5, x8}, (0.0704855, 0.424621, 0.49463, 0.0102629))
({x5, x9}, (0.50693, 0.0206843, 0.058189, 0.414197))
({x6, x7}, (0.173299, 0.246462, 0.307059, 0.273179))
({x6, x8}, (0.453559, 0.0415754, 0.026776, 0.47809))
({x6, x9}, (0.0379175, 0.489656, 0.442402, 0.0300248))
({x7, x8}, (0.40721, 0.0878952, 0.0125585, 0.492337))
({x7, x9}, (0.419499, 0.10813, 0.000244163, 0.472126))
({x8, x9}, (0.129269, 0.398344, 0.365844, 0.106543))
