Approximate (TRWBP) log partition sum: 8.994
Approximate (TRWBP) variable marginals:
({x0}, (0.537806, 0.462194))
({x1}, (0.553705, 0.446295))
({x2}, (0.549824, 0.450176))
({x3}, (0.475081, 0.524919))
({x4}, (0.528378, 0.471622))
({x5}, (0.532019, 0.467981))
({x6}, (0.552801, 0.447199))
({x7}, (0.454696, 0.545304))
({x8}, (0.466835, 0.533165))
({x9}, (0.536492, 0.463508))
Approximate (TRWBP) factor marginals:
({x0}, (0.537806, 0.462194))
({x1}, (0.553705, 0.446295))
({x2}, (0.549824, 0.450176))
({x3}, (0.475081, 0.524919))
({x4}, (0.528378, 0.471622))
({x5}, (0.532019, 0.467981))
({x6}, (0.552801, 0.447199))
({x7}, (0.454696, 0.545304))
({x8}, (0.466835, 0.533165))
({x9}, (0.536492, 0.463508))
({x0, x1}, (0.513868, 0.0398981, 0.0238776, 0.422356))
({x0, x2}, (0.187343, 0.36249, 0.350471, 0.0996963))
({x0, x3}, (0.430782, 0.0442753, 0.107054, 0.417889))
({x0, x4}, (0.0740951, 0.45434, 0.463773, 0.00779199))
({x0, x5}, (0.0733256, 0.458819, 0.4646, 0.00325493))
({x0, x6}, (0.505909, 0.0470378, 0.031751, 0.415302))
({x0, x7}, (0.44104, 0.0136486, 0.0967741, 0.448537))
({x0, x8}, (0.460906, 0.00611952, 0.0767101, 0.456264))
({x0, x9}, (0.0768996, 0.459801, 0.461128, 0.00217148))
({x1, x2}, (0.1779, 0.371935, 0.375813, 0.0743517))
({x1, x3}, (0.468329, 0.00676479, 0.085364, 0.439542))
({x1, x4}, (0.509064, 0.0193647, 0.0445888, 0.426983))
({x1, x5}, (0.086327, 0.445921, 0.46761, 0.000141585))
({x1, x6}, (0.138954, 0.413872, 0.414775, 0.0324))
({x1, x7}, (0.447853, 0.00689829, 0.105795, 0.439453))
({x1, x8}, (0.0499357, 0.416634, 0.503495, 0.0299349))
({x1, x9}, (0.420942, 0.115545, 0.132765, 0.330748))
({x2, x3}, (0.465304, 0.00977283, 0.084528, 0.440395))
({x2, x4}, (0.490932, 0.0374467, 0.0588895, 0.412732))
({x2, x5}, (0.495199, 0.0367921, 0.0546631, 0.413346))
({x2, x6}, (0.117666, 0.435212, 0.432235, 0.0148873))
({x2, x7}, (0.406925, 0.047737, 0.142936, 0.402403))
({x2, x8}, (0.359038, 0.107797, 0.190794, 0.342371))
({x2, x9}, (0.503507, 0.0330659, 0.0462384, 0.417189))
({x3, x4}, (0.464518, 0.0637512, 0.0106713, 0.46106))
({x3, x5}, (0.381195, 0.150829, 0.0938909, 0.374085))
({x3, x6}, (0.470744, 0.0818991, 0.00450167, 0.442856))
({x3, x7}, (0.317955, 0.136734, 0.157134, 0.388177))
({x3, x8}, (0.00940724, 0.45755, 0.465792, 0.0672507))
({x3, x9}, (0.0393718, 0.496925, 0.435523, 0.0281799))
({x4, x5}, (0.49259, 0.039349, 0.0358711, 0.43219))
({x4, x6}, (0.116563, 0.43626, 0.411833, 0.0353447))
({x4, x7}, (0.03607, 0.418571, 0.49225, 0.0531089))
({x4, x8}, (0.458759, 0.00817078, 0.0695206, 0.463549))
({x4, x9}, (0.330631, 0.205858, 0.197744, 0.265766))
({x5, x6}, (0.104353, 0.448481, 0.427705, 0.0194604))
({x5, x7}, (0.158881, 0.295812, 0.373143, 0.172165))
({x5, x8}, (0.461142, 0.00594747, 0.0706234, 0.462287))
({x5, x9}, (0.0745306, 0.462098, 0.457629, 0.00574259))
({x6, x7}, (0.0700937, 0.384548, 0.482654, 0.0627047))
({x6, x8}, (0.0424044, 0.424242, 0.510194, 0.0231596))
({x6, x9}, (0.0899033, 0.446862, 0.463176, 5.80418e-05))
({x7, x8}, (0.183295, 0.283544, 0.271398, 0.261763))
({x7, x9}, (0.444112, 0.0923164, 0.0106461, 0.452926))
({x8, x9}, (0.0430039, 0.493146, 0.423491, 0.0403584))
