Approximate (TRWBP) log partition sum: 32.013
Approximate (TRWBP) variable marginals:
({x0}, (0.500746, 0.499254))
({x1}, (0.508847, 0.491153))
({x2}, (0.497105, 0.502895))
({x3}, (0.492819, 0.507181))
({x4}, (0.497539, 0.502461))
({x5}, (0.500426, 0.499574))
({x6}, (0.48497, 0.51503))
({x7}, (0.50295, 0.49705))
({x8}, (0.503027, 0.496973))
({x9}, (0.49801, 0.50199))
Approximate (TRWBP) factor marginals:
({x0}, (0.500746, 0.499254))
({x1}, (0.508847, 0.491153))
({x2}, (0.497105, 0.502895))
({x3}, (0.492819, 0.507181))
({x4}, (0.497539, 0.502461))
({x5}, (0.500426, 0.499574))
({x6}, (0.48497, 0.51503))
({x7}, (0.50295, 0.49705))
({x8}, (0.503027, 0.496973))
({x9}, (0.49801, 0.50199))
({x0, x1}, (0.00951466, 0.499125, 0.491006, 0.000354304))
({x0, x2}, (5.62792e-06, 0.49787, 0.50153, 0.000593623))
({x0, x3}, (0.458097, 0.0347119, 0.0426659, 0.464526))
({x0, x4}, (0.485585, 0.011925, 0.0151817, 0.487309))
({x0, x5}, (0.500462, 4.36292e-05, 0.000211787, 0.499283))
({x0, x6}, (0.00071633, 0.48405, 0.499843, 0.0153908))
({x0, x7}, (0.00340686, 0.499383, 0.497188, 2.29737e-05))
({x0, x8}, (0.499952, 0.003531, 0.000334008, 0.496183))
({x0, x9}, (6.22367e-06, 0.498246, 0.500997, 0.000750954))
({x1, x2}, (0.0255203, 0.47155, 0.483315, 0.0196139))
({x1, x3}, (0.00473144, 0.487673, 0.503689, 0.00390674))
({x1, x4}, (0.00663732, 0.490604, 0.501954, 0.000804791))
({x1, x5}, (0.486952, 0.0134447, 0.0219363, 0.477666))
({x1, x6}, (0.000164195, 0.485587, 0.509485, 0.00476358))
({x1, x7}, (0.0256117, 0.477379, 0.483286, 0.0137234))
({x1, x8}, (0.257808, 0.245218, 0.251053, 0.245921))
({x1, x9}, (0.0234924, 0.474499, 0.485351, 0.0166574))
({x2, x3}, (0.064363, 0.428435, 0.432715, 0.0744871))
({x2, x4}, (0.370541, 0.12699, 0.126552, 0.375917))
({x2, x5}, (0.000195013, 0.499379, 0.496088, 0.00433841))
({x2, x6}, (0.0108069, 0.474077, 0.486209, 0.0289074))
({x2, x7}, (0.0046512, 0.498247, 0.492394, 0.00470736))
({x2, x8}, (0.00570583, 0.497104, 0.491173, 0.00601716))
({x2, x9}, (0.496867, 0.000782143, 0.000603257, 0.501748))
({x3, x4}, (0.49363, 0.00313655, 7.68726e-07, 0.503233))
({x3, x5}, (0.47888, 0.0215917, 0.0138988, 0.485629))
({x3, x6}, (0.00553806, 0.479311, 0.487164, 0.0279864))
({x3, x7}, (0.167693, 0.335261, 0.325123, 0.171923))
({x3, x8}, (0.135241, 0.367781, 0.357574, 0.139404))
({x3, x9}, (0.492655, 0.00549441, 2.34661e-05, 0.501828))
({x4, x5}, (1.46652e-06, 0.501423, 0.498487, 8.86752e-05))
({x4, x6}, (0.394064, 0.0908892, 0.103468, 0.411579))
({x4, x7}, (0.00157779, 0.501843, 0.496428, 0.00015148))
({x4, x8}, (0.000190412, 0.50265, 0.497153, 6.21816e-06))
({x4, x9}, (0.490358, 0.00765665, 0.00716458, 0.49482))
({x5, x6}, (0.361204, 0.123756, 0.139225, 0.375815))
({x5, x7}, (0.00243685, 0.500048, 0.497502, 1.31069e-05))
({x5, x8}, (0.0167607, 0.486246, 0.483651, 0.0133427))
({x5, x9}, (2.58243e-06, 0.498363, 0.50078, 0.000854868))
({x6, x7}, (0.484557, 0.0185698, 0.000228206, 0.496645))
({x6, x8}, (0.000367518, 0.502489, 0.48442, 0.0127239))
({x6, x9}, (0.00424867, 0.493641, 0.480601, 0.0215099))
({x7, x8}, (0.100623, 0.402406, 0.402336, 0.0946352))
({x7, x9}, (0.230368, 0.267637, 0.272586, 0.229408))
({x8, x9}, (0.49497, 0.00287251, 0.00822442, 0.493933))
