Approximate (TRWBP) log partition sum: 35.4991
Approximate (TRWBP) variable marginals:
({x0}, (0.503171, 0.496829))
({x1}, (0.501486, 0.498514))
({x2}, (0.502292, 0.497708))
({x3}, (0.503774, 0.496226))
({x4}, (0.50155, 0.49845))
({x5}, (0.500772, 0.499228))
({x6}, (0.498253, 0.501747))
({x7}, (0.499783, 0.500217))
({x8}, (0.500972, 0.499028))
({x9}, (0.495902, 0.504098))
Approximate (TRWBP) factor marginals:
({x0}, (0.503171, 0.496829))
({x1}, (0.501486, 0.498514))
({x2}, (0.502292, 0.497708))
({x3}, (0.503774, 0.496226))
({x4}, (0.50155, 0.49845))
({x5}, (0.500772, 0.499228))
({x6}, (0.498253, 0.501747))
({x7}, (0.499783, 0.500217))
({x8}, (0.500972, 0.499028))
({x9}, (0.495902, 0.504098))
({x0, x1}, (0.00530847, 0.496482, 0.498164, 4.55669e-05))
({x0, x2}, (0.502278, 0.000329485, 0.000579986, 0.496812))
({x0, x3}, (0.1877, 0.316066, 0.315472, 0.180763))
({x0, x4}, (0.501986, 6.02923e-06, 0.000761847, 0.497246))
({x0, x5}, (0.170539, 0.330244, 0.332632, 0.166586))
({x0, x6}, (0.0658188, 0.432438, 0.43735, 0.0643929))
({x0, x7}, (0.497641, 0.00181793, 0.00584475, 0.494696))
({x0, x8}, (0.501151, 5.3928e-05, 0.0017765, 0.497018))
({x0, x9}, (2.75804e-05, 0.496315, 0.503612, 4.5244e-05))
({x1, x2}, (0.0332223, 0.469094, 0.468286, 0.0293976))
({x1, x3}, (0.501534, 0.00215552, 2.99151e-05, 0.49628))
({x1, x4}, (0.0289485, 0.472617, 0.472549, 0.0258847))
({x1, x5}, (0.00194932, 0.498671, 0.499379, 5.48711e-07))
({x1, x6}, (5.7243e-05, 0.498099, 0.501325, 0.000518521))
({x1, x7}, (0.000941156, 0.498665, 0.500376, 1.71029e-05))
({x1, x8}, (0.00328027, 0.497815, 0.498331, 0.000573629))
({x1, x9}, (0.0104708, 0.48539, 0.490979, 0.0131599))
({x2, x3}, (0.160253, 0.343512, 0.342046, 0.154189))
({x2, x4}, (0.00651693, 0.49513, 0.495864, 0.0024895))
({x2, x5}, (0.0642798, 0.436502, 0.438019, 0.0611989))
({x2, x6}, (0.000226048, 0.497865, 0.5019, 8.51985e-06))
({x2, x7}, (0.430199, 0.0695738, 0.0721049, 0.428123))
({x2, x8}, (0.501068, 3.61583e-05, 0.00108599, 0.49781))
({x2, x9}, (4.97603e-05, 0.49574, 0.502135, 0.0020756))
({x3, x4}, (0.496702, 0.00471518, 0.00719628, 0.491387))
({x3, x5}, (0.00504456, 0.495891, 0.498876, 0.000188279))
({x3, x6}, (0.00161138, 0.495948, 0.50145, 0.000990731))
({x3, x7}, (0.00369431, 0.496161, 0.500141, 3.78899e-06))
({x3, x8}, (0.00763998, 0.493504, 0.496293, 0.00256303))
({x3, x9}, (5.69023e-05, 0.496024, 0.503892, 2.67019e-05))
({x4, x5}, (0.00276879, 0.497533, 0.498325, 0.00137351))
({x4, x6}, (2.3881e-05, 0.498328, 0.501641, 7.52438e-06))
({x4, x7}, (0.362224, 0.137554, 0.139339, 0.360883))
({x4, x8}, (0.00440487, 0.496481, 0.497071, 0.00204304))
({x4, x9}, (0.486657, 0.00918739, 0.0149531, 0.489202))
({x5, x6}, (1.34667e-05, 0.498728, 0.501245, 1.31559e-05))
({x5, x7}, (0.00361429, 0.495801, 0.49682, 0.00376469))
({x5, x8}, (0.0210294, 0.479937, 0.47975, 0.0192839))
({x5, x9}, (0.49549, 4.70389e-05, 0.00565868, 0.498804))
({x6, x7}, (3.95706e-06, 0.500637, 0.499056, 0.000302972))
({x6, x8}, (0.213887, 0.287082, 0.284367, 0.214663))
({x6, x9}, (0.496277, 3.06114e-05, 0.00157856, 0.502114))
({x7, x8}, (0.000810783, 0.500051, 0.498861, 0.000277759))
({x7, x9}, (0.477056, 0.0188304, 0.022739, 0.481374))
({x8, x9}, (3.82971e-05, 0.495382, 0.500465, 0.00411423))
