Approximate (TRWBP) log partition sum: 15.7934
Approximate (TRWBP) variable marginals:
({x0}, (0.427426, 0.572574))
({x1}, (0.512725, 0.487275))
({x2}, (0.497201, 0.502799))
({x3}, (0.492042, 0.507958))
({x4}, (0.426468, 0.573532))
({x5}, (0.447376, 0.552624))
({x6}, (0.514438, 0.485562))
({x7}, (0.577264, 0.422736))
({x8}, (0.422209, 0.577791))
({x9}, (0.512334, 0.487666))
Approximate (TRWBP) factor marginals:
({x0}, (0.427426, 0.572574))
({x1}, (0.512725, 0.487275))
({x2}, (0.497201, 0.502799))
({x3}, (0.492042, 0.507958))
({x4}, (0.426468, 0.573532))
({x5}, (0.447376, 0.552624))
({x6}, (0.514438, 0.485562))
({x7}, (0.577264, 0.422736))
({x8}, (0.422209, 0.577791))
({x9}, (0.512334, 0.487666))
({x0, x1}, (0.352591, 0.160121, 0.0748594, 0.412429))
({x0, x2}, (0.417983, 0.0791859, 0.00949401, 0.493337))
({x0, x3}, (0.427053, 0.0647876, 0.00058442, 0.507575))
({x0, x4}, (0.385172, 0.041241, 0.0423246, 0.531262))
({x0, x5}, (0.00236133, 0.445004, 0.425068, 0.127567))
({x0, x6}, (0.120699, 0.393759, 0.306751, 0.178791))
({x0, x7}, (0.427398, 0.149843, 6.0673e-05, 0.422698))
({x0, x8}, (0.416819, 0.00574844, 0.0102552, 0.567178))
({x0, x9}, (0.110538, 0.401815, 0.316912, 0.170735))
({x1, x2}, (0.494829, 0.00275363, 0.0175292, 0.484888))
({x1, x3}, (0.010512, 0.48198, 0.502634, 0.00487364))
({x1, x4}, (0.0659842, 0.360483, 0.446737, 0.126795))
({x1, x5}, (0.442088, 0.0052181, 0.0707093, 0.481984))
({x1, x6}, (0.0283057, 0.485993, 0.484281, 0.00142017))
({x1, x7}, (0.0923937, 0.484859, 0.420323, 0.00242406))
({x1, x8}, (0.00360181, 0.418502, 0.509014, 0.0688814))
({x1, x9}, (0.0327516, 0.479693, 0.480085, 0.00747023))
({x2, x3}, (0.373503, 0.118526, 0.123712, 0.384259))
({x2, x4}, (0.0227047, 0.403765, 0.474501, 0.0990291))
({x2, x5}, (0.00636397, 0.44092, 0.49075, 0.0619663))
({x2, x6}, (0.0130308, 0.501062, 0.483835, 0.0020716))
({x2, x7}, (0.475973, 0.101291, 0.0212332, 0.401503))
({x2, x8}, (0.14987, 0.272328, 0.347333, 0.230469))
({x2, x9}, (0.492206, 0.0199874, 0.00514262, 0.482664))
({x3, x4}, (0.169507, 0.256965, 0.322528, 0.251001))
({x3, x5}, (0.131463, 0.3159, 0.360564, 0.192074))
({x3, x6}, (0.485392, 0.0291242, 0.0065727, 0.478911))
({x3, x7}, (0.312952, 0.264312, 0.179082, 0.243654))
({x3, x8}, (0.00675526, 0.415353, 0.485181, 0.0927113))
({x3, x9}, (0.426314, 0.0860588, 0.0656904, 0.421936))
({x4, x5}, (0.421727, 0.0259191, 0.00446949, 0.547884))
({x4, x6}, (9.79026e-05, 0.514753, 0.426802, 0.0583474))
({x4, x7}, (0.404548, 0.172715, 0.021924, 0.400813))
({x4, x8}, (0.0607231, 0.361472, 0.365737, 0.212068))
({x4, x9}, (0.422335, 0.0900587, 0.00408171, 0.483525))
({x5, x6}, (0.233843, 0.280605, 0.213525, 0.272026))
({x5, x7}, (0.428266, 0.14902, 0.0190845, 0.403629))
({x5, x8}, (0.107566, 0.314626, 0.339794, 0.238014))
({x5, x9}, (0.0359257, 0.476403, 0.411438, 0.0762342))
({x6, x7}, (0.0968072, 0.480502, 0.417684, 0.00500629))
({x6, x8}, (0.0104047, 0.411778, 0.504015, 0.0738028))
({x6, x9}, (0.438472, 0.0738624, 0.0759776, 0.411688))
({x7, x8}, (0.0492656, 0.372888, 0.527946, 0.0499006))
({x7, x9}, (0.345879, 0.166465, 0.231383, 0.256274))
({x8, x9}, (0.00340149, 0.5089, 0.418767, 0.0689318))
