Approximate (TRWBP) log partition sum: 13.147
Approximate (TRWBP) variable marginals:
({x0}, (0.414914, 0.585086))
({x1}, (0.63798, 0.36202))
({x2}, (0.336652, 0.663348))
({x3}, (0.610033, 0.389967))
({x4}, (0.588108, 0.411892))
({x5}, (0.421782, 0.578218))
({x6}, (0.406004, 0.593996))
({x7}, (0.663142, 0.336858))
({x8}, (0.422298, 0.577702))
({x9}, (0.575529, 0.424471))
Approximate (TRWBP) factor marginals:
({x0}, (0.414914, 0.585086))
({x1}, (0.63798, 0.36202))
({x2}, (0.336652, 0.663348))
({x3}, (0.610033, 0.389967))
({x4}, (0.588108, 0.411892))
({x5}, (0.421782, 0.578218))
({x6}, (0.406004, 0.593996))
({x7}, (0.663142, 0.336858))
({x8}, (0.422298, 0.577702))
({x9}, (0.575529, 0.424471))
({x0, x1}, (0.250091, 0.387893, 0.164807, 0.197209))
({x0, x2}, (0.0742475, 0.262402, 0.34065, 0.322701))
({x0, x3}, (0.0529393, 0.557084, 0.361952, 0.0280254))
({x0, x4}, (0.414849, 0.173234, 6.29061e-05, 0.411854))
({x0, x5}, (0.412571, 0.00906348, 0.00247552, 0.57589))
({x0, x6}, (0.401576, 0.00511314, 0.0126252, 0.580686))
({x0, x7}, (0.215802, 0.447339, 0.199097, 0.137763))
({x0, x8}, (0.0280441, 0.394222, 0.386835, 0.190899))
({x0, x9}, (0.000754491, 0.575467, 0.414829, 0.00894914))
({x1, x2}, (0.00505118, 0.331678, 0.633007, 0.0302635))
({x1, x3}, (0.59972, 0.0103213, 0.038257, 0.351702))
({x1, x4}, (0.517748, 0.0703232, 0.120253, 0.291675))
({x1, x5}, (0.10397, 0.317804, 0.534008, 0.0442175))
({x1, x6}, (0.0449294, 0.360997, 0.592983, 0.00108992))
({x1, x7}, (0.322851, 0.340295, 0.315136, 0.0217178))
({x1, x8}, (0.419568, 0.00270215, 0.218436, 0.359294))
({x1, x9}, (0.220379, 0.355113, 0.417579, 0.00692916))
({x2, x3}, (0.00324411, 0.606806, 0.333424, 0.0565259))
({x2, x4}, (0.110767, 0.477315, 0.22588, 0.186039))
({x2, x5}, (0.335649, 0.086104, 0.00102609, 0.577221))
({x2, x6}, (0.254426, 0.151572, 0.0822317, 0.511771))
({x2, x7}, (0.00798685, 0.655108, 0.328618, 0.00828685))
({x2, x8}, (0.0582601, 0.364024, 0.278386, 0.29933))
({x2, x9}, (0.0370119, 0.538468, 0.299602, 0.124918))
({x3, x4}, (0.198986, 0.389094, 0.41104, 0.000879868))
({x3, x5}, (0.0888337, 0.332945, 0.5212, 0.0570212))
({x3, x6}, (0.0159135, 0.389756, 0.593785, 0.000546236))
({x3, x7}, (0.346618, 0.316528, 0.263421, 0.0734335))
({x3, x8}, (0.399586, 0.0226848, 0.21047, 0.36726))
({x3, x9}, (0.567539, 0.0076879, 0.0427907, 0.381982))
({x4, x5}, (0.418577, 0.00321442, 0.169503, 0.408705))
({x4, x6}, (0.00875472, 0.396674, 0.578773, 0.0157983))
({x4, x7}, (0.448279, 0.214868, 0.139803, 0.19705))
({x4, x8}, (0.276646, 0.145642, 0.311439, 0.266272))
({x4, x9}, (0.57058, 0.00436117, 0.0180826, 0.406976))
({x5, x6}, (0.102487, 0.30351, 0.319286, 0.274717))
({x5, x7}, (0.0851852, 0.577938, 0.336573, 0.000303617))
({x5, x8}, (0.417424, 0.00512154, 0.00411143, 0.573343))
({x5, x9}, (0.00169436, 0.574311, 0.420564, 0.0034307))
({x6, x7}, (0.320436, 0.342709, 0.0855628, 0.251292))
({x6, x8}, (0.402037, 0.0201083, 0.0041172, 0.573738))
({x6, x9}, (0.405522, 0.169963, 0.000510067, 0.424004))
({x7, x8}, (0.390526, 0.0317539, 0.272627, 0.305093))
({x7, x9}, (0.548346, 0.0271231, 0.114846, 0.309686))
({x8, x9}, (0.422094, 0.153402, 0.000221985, 0.424282))
