Approximate (TRWBP) log partition sum: 9.0498
Approximate (TRWBP) variable marginals:
({x0}, (0.682562, 0.317438))
({x1}, (0.573152, 0.426848))
({x2}, (0.645133, 0.354867))
({x3}, (0.591106, 0.408894))
({x4}, (0.338414, 0.661586))
({x5}, (0.456265, 0.543735))
({x6}, (0.584029, 0.415971))
({x7}, (0.539472, 0.460528))
({x8}, (0.59866, 0.40134))
({x9}, (0.604656, 0.395344))
Approximate (TRWBP) factor marginals:
({x0}, (0.682562, 0.317438))
({x1}, (0.573152, 0.426848))
({x2}, (0.645133, 0.354867))
({x3}, (0.591106, 0.408894))
({x4}, (0.338414, 0.661586))
({x5}, (0.456265, 0.543735))
({x6}, (0.584029, 0.415971))
({x7}, (0.539472, 0.460528))
({x8}, (0.59866, 0.40134))
({x9}, (0.604656, 0.395344))
({x0, x1}, (0.468704, 0.104431, 0.213875, 0.21299))
({x0, x2}, (0.409955, 0.235189, 0.272621, 0.0822351))
({x0, x3}, (0.310563, 0.280569, 0.372024, 0.0368445))
({x0, x4}, (0.021374, 0.316847, 0.66101, 0.000769626))
({x0, x5}, (0.174073, 0.282232, 0.508527, 0.0351681))
({x0, x6}, (0.583666, 0.000311441, 0.0989462, 0.317077))
({x0, x7}, (0.456796, 0.082658, 0.225784, 0.234762))
({x0, x8}, (0.589647, 0.00896044, 0.0929719, 0.308421))
({x0, x9}, (0.539801, 0.0648474, 0.142775, 0.252576))
({x1, x2}, (0.558805, 0.0864061, 0.0142719, 0.340517))
({x1, x3}, (0.165572, 0.425561, 0.407592, 0.00127519))
({x1, x4}, (0.103429, 0.234972, 0.469707, 0.191893))
({x1, x5}, (0.0301269, 0.425895, 0.542765, 0.00121394))
({x1, x6}, (0.561735, 0.0223952, 0.0113034, 0.404566))
({x1, x7}, (0.529709, 0.009661, 0.0435325, 0.417097))
({x1, x8}, (0.184826, 0.413824, 0.388309, 0.0130406))
({x1, x9}, (0.572691, 0.0315642, 0.000843889, 0.394901))
({x2, x3}, (0.579476, 0.0116253, 0.0656758, 0.343223))
({x2, x4}, (0.00942175, 0.329293, 0.636015, 0.0252702))
({x2, x5}, (0.44766, 0.008622, 0.19747, 0.346247))
({x2, x6}, (0.578928, 0.00499527, 0.0663029, 0.349773))
({x2, x7}, (0.530208, 0.00920801, 0.114976, 0.345608))
({x2, x8}, (0.598673, 0.00049853, 0.0459721, 0.354856))
({x2, x9}, (0.473298, 0.131357, 0.171843, 0.223502))
({x3, x4}, (0.0672698, 0.271143, 0.52385, 0.137737))
({x3, x5}, (0.142767, 0.313534, 0.448373, 0.0953261))
({x3, x6}, (0.583, 0.00140673, 0.00771855, 0.407875))
({x3, x7}, (0.536648, 0.00258512, 0.05469, 0.406077))
({x3, x8}, (0.191716, 0.406968, 0.399422, 0.00189363))
({x3, x9}, (0.200437, 0.404252, 0.39071, 0.00460167))
({x4, x5}, (0.00248354, 0.453796, 0.33593, 0.207791))
({x4, x6}, (0.00189421, 0.582047, 0.336439, 0.0796199))
({x4, x7}, (0.032382, 0.50706, 0.306005, 0.154553))
({x4, x8}, (0.108001, 0.490653, 0.230401, 0.170944))
({x4, x9}, (0.303895, 0.30077, 0.0345047, 0.360831))
({x5, x6}, (0.456038, 0.12791, 0.000311322, 0.41574))
({x5, x7}, (0.414758, 0.124672, 0.0415495, 0.41902))
({x5, x8}, (0.0573225, 0.541386, 0.399002, 0.00228927))
({x5, x9}, (0.240853, 0.363806, 0.215427, 0.179914))
({x6, x7}, (0.539082, 0.000572242, 0.0447508, 0.415595))
({x6, x8}, (0.348309, 0.250351, 0.235708, 0.165632))
({x6, x9}, (0.253279, 0.351374, 0.330738, 0.0646084))
({x7, x8}, (0.539805, 0.0584537, 7.20204e-05, 0.401669))
({x7, x9}, (0.5272, 0.0775503, 0.0121624, 0.383087))
({x8, x9}, (0.596259, 0.00858282, 0.00219769, 0.392961))
