Approximate (TRWBP) log partition sum: 11.7212
Approximate (TRWBP) variable marginals:
({x0}, (0.491888, 0.508112))
({x1}, (0.438763, 0.561237))
({x2}, (0.565209, 0.434791))
({x3}, (0.509854, 0.490146))
({x4}, (0.468329, 0.531671))
({x5}, (0.510086, 0.489914))
({x6}, (0.579093, 0.420907))
({x7}, (0.398662, 0.601338))
({x8}, (0.482994, 0.517006))
({x9}, (0.684029, 0.315971))
Approximate (TRWBP) factor marginals:
({x0}, (0.491888, 0.508112))
({x1}, (0.438763, 0.561237))
({x2}, (0.565209, 0.434791))
({x3}, (0.509854, 0.490146))
({x4}, (0.468329, 0.531671))
({x5}, (0.510086, 0.489914))
({x6}, (0.579093, 0.420907))
({x7}, (0.398662, 0.601338))
({x8}, (0.482994, 0.517006))
({x9}, (0.684029, 0.315971))
({x0, x1}, (0.423252, 0.015508, 0.0686347, 0.492605))
({x0, x2}, (0.0935388, 0.471611, 0.398297, 0.0365527))
({x0, x3}, (0.466121, 0.0439306, 0.0255686, 0.46438))
({x0, x4}, (0.00201942, 0.466722, 0.490286, 0.0409724))
({x0, x5}, (0.0318227, 0.477964, 0.459772, 0.0304412))
({x0, x6}, (0.271453, 0.307662, 0.220431, 0.200454))
({x0, x7}, (0.398051, 0.000444637, 0.0939923, 0.507512))
({x0, x8}, (0.331035, 0.151943, 0.160852, 0.35617))
({x0, x9}, (0.252539, 0.431492, 0.239345, 0.0766241))
({x1, x2}, (0.437078, 0.128116, 0.00169009, 0.433116))
({x1, x3}, (0.399727, 0.110171, 0.0389862, 0.451116))
({x1, x4}, (0.135613, 0.332704, 0.303142, 0.228542))
({x1, x5}, (0.187438, 0.322647, 0.251321, 0.238595))
({x1, x6}, (0.437155, 0.142044, 0.00150964, 0.419292))
({x1, x7}, (0.317411, 0.0811992, 0.121385, 0.480004))
({x1, x8}, (0.000862923, 0.482242, 0.438014, 0.078881))
({x1, x9}, (0.124842, 0.559195, 0.313925, 0.00203792))
({x2, x3}, (0.0756749, 0.434108, 0.489461, 0.000755528))
({x2, x4}, (0.307197, 0.161122, 0.258004, 0.273677))
({x2, x5}, (0.507312, 0.0030858, 0.057589, 0.432013))
({x2, x6}, (0.153065, 0.42608, 0.412177, 0.00867846))
({x2, x7}, (0.00106006, 0.398239, 0.564815, 0.0358859))
({x2, x8}, (0.0539577, 0.428699, 0.510943, 0.0063997))
({x2, x9}, (0.363827, 0.320205, 0.201373, 0.114595))
({x3, x4}, (0.465092, 0.00304206, 0.0449492, 0.486917))
({x3, x5}, (0.493236, 0.0169119, 0.0165534, 0.473299))
({x3, x6}, (0.509948, 0.0689317, 0.000118459, 0.421002))
({x3, x7}, (0.387033, 0.011463, 0.122976, 0.478528))
({x3, x8}, (0.479312, 0.00435966, 0.0298627, 0.486466))
({x3, x9}, (0.232416, 0.451633, 0.277457, 0.0384944))
({x4, x5}, (0.44389, 0.0663021, 0.0243252, 0.465482))
({x4, x6}, (0.0724488, 0.506693, 0.395914, 0.0249438))
({x4, x7}, (0.391842, 0.00665398, 0.0766444, 0.52486))
({x4, x8}, (0.0118468, 0.470834, 0.456189, 0.0611302))
({x4, x9}, (0.250949, 0.433081, 0.21737, 0.0985995))
({x5, x6}, (0.439205, 0.139929, 0.0708498, 0.350017))
({x5, x7}, (0.270738, 0.12789, 0.239358, 0.362014))
({x5, x8}, (0.0327786, 0.45006, 0.477163, 0.0399987))
({x5, x9}, (0.48654, 0.197497, 0.0235357, 0.292427))
({x6, x7}, (0.00622564, 0.392343, 0.572798, 0.0286336))
({x6, x8}, (0.294575, 0.188398, 0.284542, 0.232485))
({x6, x9}, (0.269624, 0.414437, 0.309514, 0.0064245))
({x7, x8}, (0.300079, 0.182915, 0.0985496, 0.418456))
({x7, x9}, (0.0995793, 0.584358, 0.29897, 0.0170924))
({x8, x9}, (0.480083, 0.203972, 0.00287365, 0.313071))
