Approximate (TRWBP) log partition sum: 11.4889
Approximate (TRWBP) variable marginals:
({x0}, (0.660575, 0.339425))
({x1}, (0.379281, 0.620719))
({x2}, (0.626187, 0.373813))
({x3}, (0.633738, 0.366262))
({x4}, (0.598314, 0.401686))
({x5}, (0.379014, 0.620986))
({x6}, (0.472406, 0.527594))
({x7}, (0.626745, 0.373255))
({x8}, (0.367036, 0.632964))
({x9}, (0.574092, 0.425908))
Approximate (TRWBP) factor marginals:
({x0}, (0.660575, 0.339425))
({x1}, (0.379281, 0.620719))
({x2}, (0.626187, 0.373813))
({x3}, (0.633738, 0.366262))
({x4}, (0.598314, 0.401686))
({x5}, (0.379014, 0.620986))
({x6}, (0.472406, 0.527594))
({x7}, (0.626745, 0.373255))
({x8}, (0.367036, 0.632964))
({x9}, (0.574092, 0.425908))
({x0, x1}, (0.0408438, 0.338784, 0.620073, 0.00029926))
({x0, x2}, (0.623566, 0.00234, 0.0372884, 0.336806))
({x0, x3}, (0.634037, 0.000458185, 0.0258086, 0.339697))
({x0, x4}, (0.542655, 0.0556247, 0.11796, 0.28376))
({x0, x5}, (0.374183, 0.00477551, 0.286441, 0.3346))
({x0, x6}, (0.300462, 0.171955, 0.36013, 0.167453))
({x0, x7}, (0.589781, 0.0369219, 0.0708475, 0.30245))
({x0, x8}, (0.110787, 0.256257, 0.54981, 0.0831464))
({x0, x9}, (0.282265, 0.291822, 0.378325, 0.0475885))
({x1, x2}, (0.254404, 0.371787, 0.124887, 0.248922))
({x1, x3}, (0.0148404, 0.618541, 0.364087, 0.00253205))
({x1, x4}, (0.379273, 0.219016, 3.57287e-05, 0.401675))
({x1, x5}, (0.011208, 0.367768, 0.368058, 0.252966))
({x1, x6}, (0.0138812, 0.458557, 0.365433, 0.162129))
({x1, x7}, (0.332906, 0.293836, 0.0463854, 0.326872))
({x1, x8}, (0.0783911, 0.288645, 0.3009, 0.332064))
({x1, x9}, (0.116077, 0.458007, 0.263212, 0.162704))
({x2, x3}, (0.308264, 0.325462, 0.31792, 0.0483541))
({x2, x4}, (0.557122, 0.0411702, 0.0690865, 0.332621))
({x2, x5}, (0.010875, 0.368434, 0.615605, 0.00508662))
({x2, x6}, (0.177327, 0.295093, 0.448872, 0.0787078))
({x2, x7}, (0.582336, 0.0444333, 0.0438302, 0.3294))
({x2, x8}, (0.0154574, 0.351575, 0.610731, 0.0222369))
({x2, x9}, (0.504083, 0.0699893, 0.12212, 0.303807))
({x3, x4}, (0.235509, 0.362767, 0.398195, 0.00352886))
({x3, x5}, (0.371479, 0.00750596, 0.262267, 0.358748))
({x3, x6}, (0.117152, 0.35523, 0.516558, 0.0110595))
({x3, x7}, (0.366705, 0.260039, 0.267025, 0.106231))
({x3, x8}, (0.366566, 0.000484998, 0.267155, 0.365794))
({x3, x9}, (0.570328, 0.0040233, 0.063142, 0.362506))
({x4, x5}, (0.19605, 0.182934, 0.402252, 0.218764))
({x4, x6}, (0.115298, 0.357117, 0.483015, 0.0445701))
({x4, x7}, (0.424272, 0.202477, 0.174033, 0.199218))
({x4, x8}, (0.281468, 0.0855678, 0.316839, 0.316126))
({x4, x9}, (0.571401, 0.0025621, 0.0270277, 0.399009))
({x5, x6}, (0.00895191, 0.463423, 0.370011, 0.157614))
({x5, x7}, (0.0601754, 0.566498, 0.31875, 0.0545759))
({x5, x8}, (0.256205, 0.11085, 0.122771, 0.510174))
({x5, x9}, (0.378807, 0.195309, 0.00016165, 0.425723))
({x6, x7}, (0.457384, 0.16935, 0.0150393, 0.358227))
({x6, x8}, (0.00441177, 0.362636, 0.468014, 0.164938))
({x6, x9}, (0.0490553, 0.52501, 0.423336, 0.00259916))
({x7, x8}, (0.36443, 0.00259717, 0.262322, 0.370651))
({x7, x9}, (0.558507, 0.0154897, 0.0683247, 0.357679))
({x8, x9}, (0.0283506, 0.545686, 0.338635, 0.0873278))
