Approximate (TRWBP) log partition sum: 14.5169
Approximate (TRWBP) variable marginals:
({x0}, (0.383569, 0.616431))
({x1}, (0.619787, 0.380213))
({x2}, (0.616413, 0.383587))
({x3}, (0.374728, 0.625272))
({x4}, (0.393347, 0.606653))
({x5}, (0.632505, 0.367495))
({x6}, (0.577024, 0.422976))
({x7}, (0.375333, 0.624667))
({x8}, (0.623518, 0.376482))
({x9}, (0.556694, 0.443306))
Approximate (TRWBP) factor marginals:
({x0}, (0.383569, 0.616431))
({x1}, (0.619787, 0.380213))
({x2}, (0.616413, 0.383587))
({x3}, (0.374728, 0.625272))
({x4}, (0.393347, 0.606653))
({x5}, (0.632505, 0.367495))
({x6}, (0.577024, 0.422976))
({x7}, (0.375333, 0.624667))
({x8}, (0.623518, 0.376482))
({x9}, (0.556694, 0.443306))
({x0, x1}, (0.257452, 0.36232, 0.126104, 0.254123))
({x0, x2}, (0.257129, 0.359254, 0.126428, 0.257189))
({x0, x3}, (0.27577, 0.0989373, 0.107797, 0.517496))
({x0, x4}, (0.381281, 0.011909, 0.00242706, 0.604383))
({x0, x5}, (0.0380029, 0.59446, 0.345511, 0.0220256))
({x0, x6}, (0.383441, 0.193605, 9.98407e-05, 0.422854))
({x0, x7}, (0.371734, 0.00363798, 0.0117924, 0.612836))
({x0, x8}, (0.348327, 0.275181, 0.0352323, 0.341261))
({x0, x9}, (0.00676912, 0.549884, 0.376749, 0.0665975))
({x1, x2}, (0.612213, 0.00350884, 0.00822238, 0.376056))
({x1, x3}, (0.0112064, 0.362887, 0.607954, 0.0179526))
({x1, x4}, (0.393297, 5.41645e-05, 0.226467, 0.380181))
({x1, x5}, (0.516576, 0.115945, 0.103185, 0.264294))
({x1, x6}, (0.487888, 0.0891517, 0.131874, 0.291086))
({x1, x7}, (0.00316121, 0.372441, 0.616891, 0.00750733))
({x1, x8}, (0.604146, 0.0194459, 0.0155546, 0.360854))
({x1, x9}, (0.556443, 0.00038074, 0.063211, 0.379965))
({x2, x3}, (0.000644822, 0.375689, 0.617295, 0.00637097))
({x2, x4}, (0.260242, 0.133097, 0.35614, 0.250521))
({x2, x5}, (0.521633, 0.110893, 0.0947368, 0.272737))
({x2, x6}, (0.202667, 0.374338, 0.413703, 0.00929198))
({x2, x7}, (0.132663, 0.242651, 0.483708, 0.140977))
({x2, x8}, (0.612614, 0.0115617, 0.00308665, 0.372737))
({x2, x9}, (0.195945, 0.360736, 0.42043, 0.0228888))
({x3, x4}, (0.219923, 0.173421, 0.154784, 0.451872))
({x3, x5}, (0.036159, 0.596273, 0.338483, 0.0290858))
({x3, x6}, (0.00237343, 0.574517, 0.372213, 0.0508964))
({x3, x7}, (0.369873, 0.00569668, 0.00461509, 0.619815))
({x3, x8}, (0.0273482, 0.595974, 0.347178, 0.0295006))
({x3, x9}, (0.00193508, 0.554682, 0.372703, 0.0706804))
({x4, x5}, (0.0264914, 0.606156, 0.366991, 0.000361728))
({x4, x6}, (0.0223986, 0.554611, 0.370925, 0.0520652))
({x4, x7}, (0.351605, 0.0236979, 0.041767, 0.58293))
({x4, x8}, (0.176107, 0.447393, 0.217226, 0.159274))
({x4, x9}, (0.226425, 0.330275, 0.166913, 0.276388))
({x5, x6}, (0.358622, 0.218405, 0.273886, 0.149087))
({x5, x7}, (0.0134785, 0.361767, 0.618935, 0.00581952))
({x5, x8}, (0.621823, 0.00163099, 0.0107404, 0.365806))
({x5, x9}, (0.266447, 0.290254, 0.366063, 0.0772354))
({x6, x7}, (0.0287, 0.346611, 0.548302, 0.0763868))
({x6, x8}, (0.575555, 0.0478291, 0.00159188, 0.375024))
({x6, x9}, (0.140109, 0.416601, 0.436928, 0.00636244))
({x7, x8}, (0.0139403, 0.609149, 0.360972, 0.0159385))
({x7, x9}, (0.0249159, 0.531766, 0.350402, 0.0929154))
({x8, x9}, (0.508254, 0.0484674, 0.115233, 0.328046))
