Approximate (TRWBP) log partition sum: 16.4158
Approximate (TRWBP) variable marginals:
({x0}, (0.479597, 0.520403))
({x1}, (0.511242, 0.488758))
({x2}, (0.550135, 0.449865))
({x3}, (0.502877, 0.497123))
({x4}, (0.411468, 0.588532))
({x5}, (0.478905, 0.521095))
({x6}, (0.565159, 0.434841))
({x7}, (0.452403, 0.547597))
({x8}, (0.671772, 0.328228))
({x9}, (0.467175, 0.532825))
Approximate (TRWBP) factor marginals:
({x0}, (0.479597, 0.520403))
({x1}, (0.511242, 0.488758))
({x2}, (0.550135, 0.449865))
({x3}, (0.502877, 0.497123))
({x4}, (0.411468, 0.588532))
({x5}, (0.478905, 0.521095))
({x6}, (0.565159, 0.434841))
({x7}, (0.452403, 0.547597))
({x8}, (0.671772, 0.328228))
({x9}, (0.467175, 0.532825))
({x0, x1}, (0.0157997, 0.494886, 0.463224, 0.0260903))
({x0, x2}, (0.0446788, 0.505326, 0.434781, 0.015215))
({x0, x3}, (0.479635, 0.022631, 0.00058631, 0.497147))
({x0, x4}, (0.32942, 0.0820421, 0.150166, 0.438372))
({x0, x5}, (0.000796112, 0.478626, 0.479319, 0.0412592))
({x0, x6}, (0.0509221, 0.514179, 0.428606, 0.00629308))
({x0, x7}, (0.099053, 0.353314, 0.380512, 0.167121))
({x0, x8}, (0.476443, 0.195347, 0.00312772, 0.325083))
({x0, x9}, (0.00297017, 0.463841, 0.476264, 0.0569248))
({x1, x2}, (0.0616381, 0.488565, 0.44967, 0.000126756))
({x1, x3}, (0.489902, 0.0133629, 0.0209519, 0.475784))
({x1, x4}, (0.0148661, 0.396544, 0.496327, 0.0922636))
({x1, x5}, (0.123308, 0.355622, 0.387951, 0.133119))
({x1, x6}, (0.454667, 0.110516, 0.0565527, 0.378264))
({x1, x7}, (0.449033, 0.00318711, 0.062375, 0.485405))
({x1, x8}, (0.496692, 0.175075, 0.014554, 0.313678))
({x1, x9}, (0.00285418, 0.46515, 0.509203, 0.0227922))
({x2, x3}, (0.375385, 0.127509, 0.174749, 0.322357))
({x2, x4}, (0.384555, 0.0268812, 0.165608, 0.422955))
({x2, x5}, (0.0795263, 0.399451, 0.470677, 0.0503453))
({x2, x6}, (0.324442, 0.240723, 0.225698, 0.209137))
({x2, x7}, (0.189746, 0.26264, 0.36039, 0.187225))
({x2, x8}, (0.389826, 0.281945, 0.160315, 0.167914))
({x2, x9}, (0.123973, 0.343181, 0.426151, 0.106695))
({x3, x4}, (0.356863, 0.0545656, 0.146056, 0.442515))
({x3, x5}, (0.471331, 0.0074908, 0.0316458, 0.489532))
({x3, x6}, (0.501101, 0.0640577, 0.00178557, 0.433056))
({x3, x7}, (0.262251, 0.190131, 0.240646, 0.306972))
({x3, x8}, (0.502788, 0.168954, 0.000130708, 0.328128))
({x3, x9}, (0.341305, 0.125841, 0.161607, 0.371248))
({x4, x5}, (4.00759e-05, 0.478937, 0.411486, 0.109537))
({x4, x6}, (0.00698357, 0.558373, 0.404662, 0.0299815))
({x4, x7}, (0.146339, 0.306043, 0.265112, 0.282506))
({x4, x8}, (0.371577, 0.300201, 0.0398774, 0.288345))
({x4, x9}, (0.00161791, 0.465452, 0.409745, 0.123185))
({x5, x6}, (0.0534558, 0.511968, 0.425724, 0.00885236))
({x5, x7}, (0.452596, 0.000622144, 0.0254505, 0.521332))
({x5, x8}, (0.178108, 0.493686, 0.300827, 0.0273791))
({x5, x9}, (0.128544, 0.338624, 0.35037, 0.182462))
({x6, x7}, (0.0259605, 0.426043, 0.538802, 0.00919362))
({x6, x8}, (0.42488, 0.246889, 0.140288, 0.187944))
({x6, x9}, (0.0350869, 0.432087, 0.530075, 0.00275101))
({x7, x8}, (0.22756, 0.444203, 0.224822, 0.103415))
({x7, x9}, (0.000625506, 0.466335, 0.45156, 0.0814802))
({x8, x9}, (0.370064, 0.0970961, 0.301714, 0.231127))
