Approximate (TRWBP) log partition sum: 18.5268
Approximate (TRWBP) variable marginals:
({x0}, (0.523482, 0.476518))
({x1}, (0.57488, 0.42512))
({x2}, (0.533683, 0.466317))
({x3}, (0.424845, 0.575155))
({x4}, (0.468581, 0.531419))
({x5}, (0.414011, 0.585989))
({x6}, (0.421207, 0.578793))
({x7}, (0.454905, 0.545095))
({x8}, (0.607653, 0.392347))
({x9}, (0.618471, 0.381529))
Approximate (TRWBP) factor marginals:
({x0}, (0.523482, 0.476518))
({x1}, (0.57488, 0.42512))
({x2}, (0.533683, 0.466317))
({x3}, (0.424845, 0.575155))
({x4}, (0.468581, 0.531419))
({x5}, (0.414011, 0.585989))
({x6}, (0.421207, 0.578793))
({x7}, (0.454905, 0.545095))
({x8}, (0.607653, 0.392347))
({x9}, (0.618471, 0.381529))
({x0, x1}, (0.101924, 0.472834, 0.421411, 0.00383023))
({x0, x2}, (0.492375, 0.0415106, 0.0308827, 0.435231))
({x0, x3}, (0.424536, 0.000419695, 0.0988101, 0.476235))
({x0, x4}, (0.0277721, 0.440618, 0.495485, 0.0361249))
({x0, x5}, (0.0620369, 0.35189, 0.461352, 0.124721))
({x0, x6}, (0.387764, 0.0334673, 0.13566, 0.443109))
({x0, x7}, (0.000203476, 0.455622, 0.524174, 0.0200009))
({x0, x8}, (0.385558, 0.222112, 0.137878, 0.254452))
({x0, x9}, (0.443586, 0.174922, 0.0798374, 0.301655))
({x1, x2}, (0.243201, 0.290486, 0.331676, 0.134637))
({x1, x3}, (0.00549928, 0.419514, 0.569556, 0.00543002))
({x1, x4}, (0.468509, 0.00010051, 0.106344, 0.425046))
({x1, x5}, (0.00184733, 0.412878, 0.573775, 0.0114994))
({x1, x6}, (0.00697403, 0.41406, 0.567732, 0.0112347))
({x1, x7}, (0.0334287, 0.420957, 0.540933, 0.00468075))
({x1, x8}, (0.19333, 0.414331, 0.381554, 0.0107854))
({x1, x9}, (0.550317, 0.0681904, 0.0245286, 0.356964))
({x2, x3}, (0.00133358, 0.423465, 0.532314, 0.0428874))
({x2, x4}, (0.265124, 0.203463, 0.268563, 0.26285))
({x2, x5}, (0.000873308, 0.41296, 0.532651, 0.0535157))
({x2, x6}, (0.390027, 0.0311482, 0.14368, 0.435144))
({x2, x7}, (0.0515993, 0.403271, 0.482049, 0.0630807))
({x2, x8}, (0.283775, 0.323885, 0.249914, 0.142427))
({x2, x9}, (0.462822, 0.155659, 0.0708598, 0.31066))
({x3, x4}, (0.000214405, 0.468377, 0.424628, 0.10678))
({x3, x5}, (0.405741, 0.00792236, 0.0194414, 0.566895))
({x3, x6}, (0.418729, 0.00306866, 0.00551495, 0.572687))
({x3, x7}, (0.00462895, 0.450229, 0.420158, 0.124984))
({x3, x8}, (0.0392454, 0.568417, 0.385597, 0.00674061))
({x3, x9}, (0.0560655, 0.562426, 0.368787, 0.0127225))
({x4, x5}, (0.266328, 0.147654, 0.202267, 0.383751))
({x4, x6}, (0.420129, 0.000881632, 0.0486416, 0.530348))
({x4, x7}, (0.036831, 0.418053, 0.431733, 0.113383))
({x4, x8}, (0.230056, 0.377605, 0.238533, 0.153806))
({x4, x9}, (0.236925, 0.381556, 0.231664, 0.149854))
({x5, x6}, (0.280193, 0.14101, 0.133795, 0.445002))
({x5, x7}, (0.376682, 0.0782329, 0.037305, 0.50778))
({x5, x8}, (0.40362, 0.20407, 0.0103404, 0.381969))
({x5, x9}, (0.0512849, 0.567122, 0.362639, 0.0189535))
({x6, x7}, (0.000864689, 0.453964, 0.42026, 0.124911))
({x6, x8}, (0.0338808, 0.573713, 0.387255, 0.00515129))
({x6, x9}, (0.0429264, 0.57549, 0.378212, 0.00337129))
({x7, x8}, (0.115541, 0.492101, 0.339352, 0.0530052))
({x7, x9}, (0.444756, 0.173754, 0.010113, 0.371377))
({x8, x9}, (0.269728, 0.348758, 0.337938, 0.0435761))
