Approximate (TRWBP) log partition sum: 14.3909
Approximate (TRWBP) variable marginals:
({x0}, (0.506176, 0.493824))
({x1}, (0.407982, 0.592018))
({x2}, (0.456986, 0.543014))
({x3}, (0.598855, 0.401145))
({x4}, (0.443823, 0.556177))
({x5}, (0.460578, 0.539422))
({x6}, (0.489978, 0.510022))
({x7}, (0.561428, 0.438572))
({x8}, (0.499604, 0.500396))
({x9}, (0.495677, 0.504323))
Approximate (TRWBP) factor marginals:
({x0}, (0.506176, 0.493824))
({x1}, (0.407982, 0.592018))
({x2}, (0.456986, 0.543014))
({x3}, (0.598855, 0.401145))
({x4}, (0.443823, 0.556177))
({x5}, (0.460578, 0.539422))
({x6}, (0.489978, 0.510022))
({x7}, (0.561428, 0.438572))
({x8}, (0.499604, 0.500396))
({x9}, (0.495677, 0.504323))
({x0, x1}, (0.365881, 0.0420981, 0.140287, 0.451734))
({x0, x2}, (0.0143033, 0.442588, 0.491767, 0.051341))
({x0, x3}, (0.211833, 0.387025, 0.294333, 0.106809))
({x0, x4}, (0.00629799, 0.437433, 0.499777, 0.0564924))
({x0, x5}, (0.460568, 0.000264146, 0.045348, 0.49382))
({x0, x6}, (0.298473, 0.191507, 0.207691, 0.302329))
({x0, x7}, (0.0782085, 0.483205, 0.427944, 0.0106419))
({x0, x8}, (0.48784, 0.0113271, 0.0187739, 0.482059))
({x0, x9}, (0.467883, 0.0277356, 0.038343, 0.466039))
({x1, x2}, (0.381307, 0.0757345, 0.0266218, 0.516337))
({x1, x3}, (0.00934156, 0.589411, 0.398536, 0.00271179))
({x1, x4}, (0.406374, 0.0372434, 0.00182075, 0.554562))
({x1, x5}, (0.38692, 0.0736538, 0.0210519, 0.518374))
({x1, x6}, (0.169967, 0.320011, 0.238011, 0.272012))
({x1, x7}, (0.235283, 0.326147, 0.172695, 0.265875))
({x1, x8}, (0.0761793, 0.42341, 0.331792, 0.168619))
({x1, x9}, (0.0630518, 0.432605, 0.344911, 0.159432))
({x2, x3}, (0.0580698, 0.540773, 0.398904, 0.00225345))
({x2, x4}, (0.424873, 0.0189223, 0.0321438, 0.524061))
({x2, x5}, (0.451484, 0.00910679, 0.00548148, 0.533928))
({x2, x6}, (0.437541, 0.0524306, 0.0194559, 0.490573))
({x2, x7}, (0.0531666, 0.508272, 0.403831, 0.034731))
({x2, x8}, (0.445986, 0.053606, 0.0110103, 0.489398))
({x2, x9}, (0.000750896, 0.49495, 0.456266, 0.0480325))
({x3, x4}, (0.34206, 0.101762, 0.256799, 0.299378))
({x3, x5}, (0.233905, 0.226658, 0.364954, 0.174483))
({x3, x6}, (0.0944967, 0.395509, 0.504387, 0.00560641))
({x3, x7}, (0.354431, 0.206998, 0.244429, 0.194141))
({x3, x8}, (0.100583, 0.399034, 0.498291, 0.00209175))
({x3, x9}, (0.492637, 0.00297496, 0.10628, 0.398109))
({x4, x5}, (0.0723074, 0.388252, 0.371509, 0.167931))
({x4, x6}, (7.31888e-05, 0.490289, 0.444126, 0.0655116))
({x4, x7}, (0.0196395, 0.541742, 0.424135, 0.0144837))
({x4, x8}, (0.422593, 0.0769871, 0.0212483, 0.479172))
({x4, x9}, (0.382785, 0.11287, 0.0610551, 0.44329))
({x5, x6}, (0.0152227, 0.474638, 0.445228, 0.0649119))
({x5, x7}, (0.459688, 0.10182, 0.000799919, 0.437692))
({x5, x8}, (0.0323199, 0.467215, 0.428181, 0.0722841))
({x5, x9}, (0.151888, 0.343778, 0.308669, 0.195665))
({x6, x7}, (0.0532103, 0.508169, 0.436716, 0.00190437))
({x6, x8}, (0.478242, 0.021622, 0.0114674, 0.488668))
({x6, x9}, (0.480891, 0.014704, 0.00916587, 0.495239))
({x7, x8}, (0.0611436, 0.438475, 0.500304, 7.80854e-05))
({x7, x9}, (0.298607, 0.197064, 0.262824, 0.241505))
({x8, x9}, (0.00389981, 0.491998, 0.495915, 0.00818734))
