Approximate (TRWBP) log partition sum: 9.80064
Approximate (TRWBP) variable marginals:
({x0}, (0.664106, 0.335894))
({x1}, (0.576693, 0.423307))
({x2}, (0.450719, 0.549281))
({x3}, (0.576426, 0.423574))
({x4}, (0.448245, 0.551755))
({x5}, (0.580024, 0.419976))
({x6}, (0.441098, 0.558902))
({x7}, (0.466697, 0.533303))
({x8}, (0.540188, 0.459812))
({x9}, (0.540413, 0.459587))
Approximate (TRWBP) factor marginals:
({x0}, (0.664106, 0.335894))
({x1}, (0.576693, 0.423307))
({x2}, (0.450719, 0.549281))
({x3}, (0.576426, 0.423574))
({x4}, (0.448245, 0.551755))
({x5}, (0.580024, 0.419976))
({x6}, (0.441098, 0.558902))
({x7}, (0.466697, 0.533303))
({x8}, (0.540188, 0.459812))
({x9}, (0.540413, 0.459587))
({x0, x1}, (0.576692, 0.000155812, 0.0872941, 0.335858))
({x0, x2}, (0.159012, 0.291702, 0.505099, 0.0441864))
({x0, x3}, (0.289918, 0.286532, 0.374207, 0.0493428))
({x0, x4}, (0.13771, 0.310532, 0.526403, 0.0253546))
({x0, x5}, (0.301671, 0.278341, 0.362444, 0.0575434))
({x0, x6}, (0.130617, 0.310471, 0.533493, 0.0254187))
({x0, x7}, (0.19182, 0.274871, 0.472292, 0.0610167))
({x0, x8}, (0.362057, 0.178104, 0.302061, 0.157778))
({x0, x9}, (0.528995, 0.0112836, 0.135224, 0.324497))
({x1, x2}, (0.0696226, 0.381165, 0.507161, 0.0420512))
({x1, x3}, (0.154048, 0.42249, 0.422769, 0.000692828))
({x1, x4}, (0.191052, 0.257199, 0.385679, 0.16607))
({x1, x5}, (0.295145, 0.284872, 0.281585, 0.138398))
({x1, x6}, (0.01885, 0.421618, 0.557214, 0.00231777))
({x1, x7}, (0.420634, 0.0459942, 0.156144, 0.377228))
({x1, x8}, (0.518151, 0.0216964, 0.0588773, 0.401275))
({x1, x9}, (0.127284, 0.413097, 0.449419, 0.0101995))
({x2, x3}, (0.0496811, 0.526692, 0.400978, 0.0226496))
({x2, x4}, (0.391956, 0.0562834, 0.0587634, 0.492997))
({x2, x5}, (0.447043, 0.132977, 0.00366644, 0.416313))
({x2, x6}, (0.438924, 0.00221537, 0.0117498, 0.547111))
({x2, x7}, (0.180674, 0.286012, 0.270035, 0.263279))
({x2, x8}, (0.449392, 0.0907109, 0.00140074, 0.458496))
({x2, x9}, (0.190265, 0.350103, 0.260435, 0.199197))
({x3, x4}, (0.444573, 0.00361108, 0.13192, 0.419896))
({x3, x5}, (0.555758, 0.0240211, 0.0209265, 0.399295))
({x3, x6}, (0.0257987, 0.414727, 0.550066, 0.00940832))
({x3, x7}, (0.15565, 0.311039, 0.420786, 0.112525))
({x3, x8}, (0.335787, 0.204372, 0.240658, 0.219182))
({x3, x9}, (0.505666, 0.0345626, 0.0709408, 0.388831))
({x4, x5}, (0.347479, 0.232532, 0.100762, 0.319227))
({x4, x6}, (0.146323, 0.294763, 0.301911, 0.257002))
({x4, x7}, (0.14158, 0.325104, 0.306653, 0.226663))
({x4, x8}, (0.00501058, 0.535247, 0.443312, 0.0164309))
({x4, x9}, (0.177408, 0.36296, 0.270816, 0.188816))
({x5, x6}, (0.106966, 0.334097, 0.473021, 0.0859161))
({x5, x7}, (0.0895739, 0.377064, 0.490385, 0.0429766))
({x5, x8}, (0.535789, 0.00425868, 0.0443557, 0.415596))
({x5, x9}, (0.526467, 0.0136776, 0.0537983, 0.406057))
({x6, x7}, (0.439733, 0.0269197, 0.00140027, 0.531947))
({x6, x8}, (0.301174, 0.238988, 0.139923, 0.319915))
({x6, x9}, (0.00131279, 0.540278, 0.441013, 0.017397))
({x7, x8}, (0.371716, 0.168443, 0.0949888, 0.364852))
({x7, x9}, (0.462064, 0.0781396, 0.00482269, 0.454974))
({x8, x9}, (0.535575, 0.00434075, 0.00508588, 0.454999))
