Approximate (TRWBP) log partition sum: 17.1347
Approximate (TRWBP) variable marginals:
({x0}, (0.505259, 0.494741))
({x1}, (0.456523, 0.543477))
({x2}, (0.436459, 0.563541))
({x3}, (0.521865, 0.478135))
({x4}, (0.540241, 0.459759))
({x5}, (0.539312, 0.460688))
({x6}, (0.472239, 0.527761))
({x7}, (0.57366, 0.42634))
({x8}, (0.417706, 0.582294))
({x9}, (0.526612, 0.473388))
Approximate (TRWBP) factor marginals:
({x0}, (0.505259, 0.494741))
({x1}, (0.456523, 0.543477))
({x2}, (0.436459, 0.563541))
({x3}, (0.521865, 0.478135))
({x4}, (0.540241, 0.459759))
({x5}, (0.539312, 0.460688))
({x6}, (0.472239, 0.527761))
({x7}, (0.57366, 0.42634))
({x8}, (0.417706, 0.582294))
({x9}, (0.526612, 0.473388))
({x0, x1}, (0.00671266, 0.449591, 0.498336, 0.0453598))
({x0, x2}, (0.360609, 0.0758324, 0.14467, 0.418889))
({x0, x3}, (0.0672636, 0.454621, 0.438015, 0.0400998))
({x0, x4}, (0.504494, 0.0354892, 0.00102491, 0.458992))
({x0, x5}, (0.348835, 0.190477, 0.156434, 0.304254))
({x0, x6}, (0.0587683, 0.413511, 0.446529, 0.0811921))
({x0, x7}, (0.123122, 0.45058, 0.382177, 0.0441213))
({x0, x8}, (0.411508, 0.00616566, 0.0937897, 0.488537))
({x0, x9}, (0.0338826, 0.492513, 0.471179, 0.00242576))
({x1, x2}, (0.432031, 0.00430717, 0.0246009, 0.539061))
({x1, x3}, (0.322926, 0.198954, 0.13358, 0.34454))
({x1, x4}, (0.0115888, 0.528374, 0.444643, 0.0153941))
({x1, x5}, (0.00564098, 0.53417, 0.451384, 0.00880476))
({x1, x6}, (0.23011, 0.24214, 0.226399, 0.301352))
({x1, x7}, (0.125603, 0.448062, 0.330907, 0.0954286))
({x1, x8}, (0.118459, 0.29924, 0.338048, 0.244253))
({x1, x9}, (0.0558574, 0.470673, 0.400588, 0.0728816))
({x2, x3}, (0.00012356, 0.522326, 0.43689, 0.0406608))
({x2, x4}, (0.0420511, 0.498205, 0.394414, 0.0653291))
({x2, x5}, (0.00165433, 0.537701, 0.434841, 0.025804))
({x2, x6}, (0.434591, 0.0380606, 0.00144854, 0.5259))
({x2, x7}, (0.340647, 0.233032, 0.0957966, 0.330524))
({x2, x8}, (0.338112, 0.0795991, 0.0983369, 0.483952))
({x2, x9}, (0.148149, 0.378444, 0.288296, 0.185112))
({x3, x4}, (0.0631278, 0.477131, 0.458759, 0.000983142))
({x3, x5}, (0.0685059, 0.470806, 0.453362, 0.00732621))
({x3, x6}, (0.0107159, 0.46106, 0.5107, 0.017524))
({x3, x7}, (0.106926, 0.466774, 0.414977, 0.0113226))
({x3, x8}, (0.403208, 0.0145014, 0.118659, 0.463632))
({x3, x9}, (0.509221, 0.0174988, 0.012529, 0.460751))
({x4, x5}, (0.519648, 0.0195907, 0.0206666, 0.440094))
({x4, x6}, (0.267419, 0.204828, 0.272832, 0.254921))
({x4, x7}, (0.540141, 0.0330903, 0.000550523, 0.426218))
({x4, x8}, (0.120961, 0.296751, 0.419293, 0.162995))
({x4, x9}, (0.345275, 0.181317, 0.19498, 0.278428))
({x5, x6}, (0.141022, 0.331232, 0.398298, 0.129447))
({x5, x7}, (0.11691, 0.456813, 0.422458, 0.00381896))
({x5, x8}, (0.0199567, 0.397765, 0.519371, 0.0629072))
({x5, x9}, (0.525745, 0.00148847, 0.0129731, 0.459794))
({x6, x7}, (0.0486602, 0.525273, 0.423856, 0.00221053))
({x6, x8}, (0.000232346, 0.417501, 0.472042, 0.110224))
({x6, x9}, (0.0142715, 0.511983, 0.457619, 0.0161257))
({x7, x8}, (0.189958, 0.227751, 0.383717, 0.198574))
({x7, x9}, (0.100871, 0.425735, 0.472804, 0.000589741))
({x8, x9}, (0.0476968, 0.47888, 0.369986, 0.103438))
