Approximate (TRWBP) log partition sum: 91.3448
Approximate (TRWBP) variable marginals:
({x0}, (0.512545, 0.487455))
({x1}, (0.505628, 0.494372))
({x2}, (0.49865, 0.50135))
({x3}, (0.495293, 0.504707))
({x4}, (0.49593, 0.50407))
({x5}, (0.501257, 0.498743))
({x6}, (0.50342, 0.49658))
({x7}, (0.496795, 0.503205))
({x8}, (0.503277, 0.496723))
({x9}, (0.503217, 0.496783))
({x10}, (0.500449, 0.499551))
({x11}, (0.501936, 0.498064))
({x12}, (0.502369, 0.497631))
({x13}, (0.497557, 0.502443))
({x14}, (0.49732, 0.50268))
({x15}, (0.499667, 0.500333))
({x16}, (0.500913, 0.499087))
({x17}, (0.50047, 0.49953))
({x18}, (0.498942, 0.501058))
({x19}, (0.485482, 0.514518))
({x20}, (0.500023, 0.499977))
({x21}, (0.499027, 0.500973))
({x22}, (0.50148, 0.49852))
({x23}, (0.501512, 0.498488))
({x24}, (0.51554, 0.48446))
Approximate (TRWBP) factor marginals:
({x0}, (0.512545, 0.487455))
({x1}, (0.505628, 0.494372))
({x2}, (0.49865, 0.50135))
({x3}, (0.495293, 0.504707))
({x4}, (0.49593, 0.50407))
({x5}, (0.501257, 0.498743))
({x6}, (0.50342, 0.49658))
({x7}, (0.496795, 0.503205))
({x8}, (0.503277, 0.496723))
({x9}, (0.503217, 0.496783))
({x10}, (0.500449, 0.499551))
({x11}, (0.501936, 0.498064))
({x12}, (0.502369, 0.497631))
({x13}, (0.497557, 0.502443))
({x14}, (0.49732, 0.50268))
({x15}, (0.499667, 0.500333))
({x16}, (0.500913, 0.499087))
({x17}, (0.50047, 0.49953))
({x18}, (0.498942, 0.501058))
({x19}, (0.485482, 0.514518))
({x20}, (0.500023, 0.499977))
({x21}, (0.499027, 0.500973))
({x22}, (0.50148, 0.49852))
({x23}, (0.501512, 0.498488))
({x24}, (0.51554, 0.48446))
({x0, x1}, (0.504802, 0.000823577, 0.00776274, 0.486611))
({x0, x5}, (0.500802, 0.000522816, 0.0116621, 0.487013))
({x1, x2}, (0.00969417, 0.489649, 0.496692, 0.00396476))
({x1, x6}, (0.503695, 0.000185579, 0.00150928, 0.494611))
({x2, x3}, (0.00652353, 0.488035, 0.49139, 0.0140512))
({x2, x7}, (0.358267, 0.138495, 0.140361, 0.362877))
({x3, x4}, (0.495147, 0.000507162, 0.000404582, 0.503941))
({x3, x8}, (0.000119718, 0.50359, 0.495537, 0.000753846))
({x4, x9}, (4.04964e-05, 0.503346, 0.49605, 0.000563299))
({x5, x6}, (0.00482362, 0.498643, 0.496429, 0.000103471))
({x5, x10}, (0.498962, 0.00159592, 0.00215388, 0.497288))
({x6, x7}, (7.48524e-06, 0.496521, 0.5032, 0.000271663))
({x6, x11}, (0.50229, 0.000103713, 0.000684031, 0.496922))
({x7, x8}, (0.000350308, 0.502985, 0.496435, 0.000229831))
({x7, x12}, (9.02875e-05, 0.502684, 0.497072, 0.00015335))
({x8, x9}, (0.503192, 4.13234e-05, 0.000108858, 0.496658))
({x8, x13}, (7.12884e-05, 0.497037, 0.502865, 2.69252e-05))
({x9, x14}, (0.000122864, 0.49699, 0.502877, 1.09239e-05))
({x10, x11}, (0.0126102, 0.48952, 0.488041, 0.00982825))
({x10, x15}, (9.42116e-05, 0.499508, 0.500286, 0.000112342))
({x11, x12}, (0.501958, 0.00039094, 2.47325e-06, 0.497649))
({x11, x16}, (0.501257, 3.06524e-05, 0.000321985, 0.49839))
({x12, x13}, (0.000192815, 0.497364, 0.50224, 0.000203454))
({x12, x17}, (0.0010955, 0.49846, 0.500391, 5.28767e-05))
({x13, x14}, (0.49737, 7.49654e-05, 6.67895e-06, 0.502548))
({x13, x18}, (1.45396e-06, 0.499789, 0.498386, 0.00182371))
({x14, x19}, (2.7489e-06, 0.485934, 0.497776, 0.0162876))
({x15, x16}, (0.49792, 0.00289083, 0.00186636, 0.497323))
({x15, x20}, (0.000684546, 0.499353, 0.498995, 0.000967115))
({x16, x17}, (0.500337, 0.000374027, 0.000322471, 0.498967))
({x16, x21}, (4.14219e-05, 0.498964, 0.500872, 0.000122589))
({x17, x18}, (1.05692e-05, 0.498935, 0.500453, 0.000601484))
({x17, x22}, (0.50068, 0.000573429, 5.01839e-06, 0.498741))
({x18, x19}, (0.485092, 0.000559074, 0.0136637, 0.500686))
({x18, x23}, (0.000197087, 0.501137, 0.49853, 0.000135723))
({x19, x24}, (0.000617943, 0.514683, 0.484629, 7.04994e-05))
({x20, x21}, (0.498441, 0.000599154, 0.0015675, 0.499392))
({x21, x22}, (0.000557789, 0.500944, 0.498486, 1.18177e-05))
({x22, x23}, (0.501314, 0.000171272, 0.000215766, 0.498299))
({x23, x24}, (0.0182767, 0.49784, 0.483803, 8.04334e-05))
