Builtin inference algorithms: {BP, EXACT, FBP, JTREE, TRWBP}

Exact variable marginals:
({x0}, (0.963748, 0.0362521))
({x1}, (0.967523, 0.0324768))
({x2}, (0.432925, 0.567075))
({x3}, (0.0294877, 0.970512))
({x4}, (0.0291442, 0.970856))
({x5}, (0.0437967, 0.956203))
({x6}, (0.971181, 0.0288185))
({x7}, (0.0284736, 0.971526))
({x8}, (0.970865, 0.0291347))
({x9}, (0.970865, 0.0291352))
({x10}, (0.0457675, 0.954232))
({x11}, (0.968381, 0.0316185))
({x12}, (0.971576, 0.0284239))
({x13}, (0.029133, 0.970867))
({x14}, (0.0291475, 0.970853))
({x15}, (0.954258, 0.0457416))
({x16}, (0.954701, 0.045299))
({x17}, (0.964219, 0.0357813))
({x18}, (0.0356508, 0.964349))
({x19}, (0.0598024, 0.940198))
({x20}, (0.0457245, 0.954276))
({x21}, (0.0452925, 0.954707))
({x22}, (0.964889, 0.0351109))
({x23}, (0.964869, 0.0351312))
({x24}, (0.939927, 0.0600727))
Exact factor marginals:
({x0}, (0.963748, 0.0362521))
({x1}, (0.967523, 0.0324768))
({x2}, (0.432925, 0.567075))
({x3}, (0.0294877, 0.970512))
({x4}, (0.0291442, 0.970856))
({x5}, (0.0437967, 0.956203))
({x6}, (0.971181, 0.0288185))
({x7}, (0.0284736, 0.971526))
({x8}, (0.970865, 0.0291347))
({x9}, (0.970865, 0.0291352))
({x10}, (0.0457675, 0.954232))
({x11}, (0.968381, 0.0316185))
({x12}, (0.971576, 0.0284239))
({x13}, (0.029133, 0.970867))
({x14}, (0.0291475, 0.970853))
({x15}, (0.954258, 0.0457416))
({x16}, (0.954701, 0.045299))
({x17}, (0.964219, 0.0357813))
({x18}, (0.0356508, 0.964349))
({x19}, (0.0598024, 0.940198))
({x20}, (0.0457245, 0.954276))
({x21}, (0.0452925, 0.954707))
({x22}, (0.964889, 0.0351109))
({x23}, (0.964869, 0.0351312))
({x24}, (0.939927, 0.0600727))
({x0, x1}, (0.961468, 0.00605562, 0.0022803, 0.0301965))
({x0, x5}, (0.0202787, 0.0235179, 0.943469, 0.0127341))
({x1, x2}, (0.410966, 0.0219589, 0.556558, 0.0105179))
({x1, x6}, (0.964467, 0.00671414, 0.00305591, 0.0257626))
({x2, x3}, (0.0148299, 0.0146578, 0.418095, 0.552418))
({x2, x7}, (0.015031, 0.0134426, 0.417894, 0.553633))
({x3, x4}, (0.0290666, 7.76261e-05, 0.000421119, 0.970435))
({x3, x8}, (0.000426219, 0.970439, 0.0290615, 7.32099e-05))
({x4, x9}, (2.12869e-05, 0.970843, 0.0291229, 1.23026e-05))
({x5, x6}, (0.0150449, 0.956137, 0.0287518, 6.6732e-05))
({x5, x10}, (0.0254872, 0.0202804, 0.0183095, 0.935923))
({x6, x7}, (4.41253e-06, 0.0284692, 0.971177, 0.000349365))
({x6, x11}, (0.968241, 0.000140765, 0.00294075, 0.0286778))
({x7, x8}, (0.000143047, 0.970722, 0.0283305, 0.000804178))
({x7, x12}, (6.97709e-05, 0.971506, 0.0284038, 2.00813e-05))
({x8, x9}, (0.970865, 6.64697e-09, 5.37904e-07, 0.0291347))
({x8, x13}, (1.58784e-07, 0.0291328, 0.970865, 1.90972e-06))
({x9, x14}, (1.23038e-05, 0.0291352, 0.970852, 5.31169e-08))
({x10, x11}, (0.0202128, 0.948169, 0.0255547, 0.00606382))
({x10, x15}, (9.45048e-05, 0.954164, 0.045673, 6.85499e-05))
({x11, x12}, (0.968301, 0.00327494, 8.03124e-05, 0.0283436))
({x11, x16}, (0.94852, 0.00618069, 0.0198612, 0.0254378))
({x12, x13}, (0.000784311, 0.0283486, 0.970792, 7.52415e-05))
({x12, x17}, (0.946671, 0.0175481, 0.0249055, 0.0108758))
({x13, x14}, (0.0291329, 1.4593e-05, 6.0147e-08, 0.970852))
({x13, x18}, (0.0107213, 0.0249295, 0.0184117, 0.945938))
({x14, x19}, (0.000556679, 0.0592457, 0.0285908, 0.911607))
({x15, x16}, (0.95408, 0.000620924, 0.000178367, 0.0451207))
({x15, x20}, (8.66358e-05, 0.0456378, 0.954172, 0.000103756))
({x16, x17}, (0.95293, 0.0112888, 0.00177113, 0.0340102))
({x16, x21}, (2.19099e-06, 0.0452903, 0.954699, 8.69116e-06))
({x17, x18}, (4.30192e-06, 0.0356465, 0.964214, 0.000134865))
({x17, x22}, (0.964116, 0.000772675, 0.000102243, 0.0350086))
({x18, x19}, (0.0135441, 0.0462583, 0.0221066, 0.918091))
({x18, x23}, (0.000616273, 0.964253, 0.0350345, 9.67215e-05))
({x19, x24}, (0.000816607, 0.939111, 0.0589858, 0.00108685))
({x20, x21}, (0.0451539, 0.00013866, 0.000570598, 0.954137))
({x21, x22}, (0.0112422, 0.953647, 0.0340503, 0.00106054))
({x22, x23}, (0.964839, 2.99572e-05, 5.02745e-05, 0.0350809))
({x23, x24}, (0.91695, 0.0229778, 0.0479192, 0.0121534))
Exact log partition sum: 83.3808
Exact MAP variable marginals:
({x0}, (0.988037, 0.0119631))
({x1}, (0.988037, 0.0119631))
({x2}, (0.426595, 0.573405))
({x3}, (0.010469, 0.989531))
({x4}, (0.010469, 0.989531))
({x5}, (0.0130012, 0.986999))
({x6}, (0.989531, 0.010469))
({x7}, (0.010469, 0.989531))
({x8}, (0.989531, 0.010469))
({x9}, (0.989531, 0.010469))
({x10}, (0.010469, 0.989531))
({x11}, (0.989531, 0.010469))
({x12}, (0.989531, 0.010469))
({x13}, (0.010469, 0.989531))
({x14}, (0.010469, 0.989531))
({x15}, (0.989531, 0.010469))
({x16}, (0.989531, 0.010469))
({x17}, (0.990396, 0.00960437))
({x18}, (0.00960437, 0.990396))
({x19}, (0.048876, 0.951124))
({x20}, (0.010469, 0.989531))
({x21}, (0.010469, 0.989531))
({x22}, (0.990396, 0.00960437))
({x23}, (0.990396, 0.00960437))
({x24}, (0.951124, 0.048876))
Exact MAP factor marginals:
({x0}, (0.988037, 0.0119631)) == ({x0}, (0.988037, 0.0119631))
({x1}, (0.988037, 0.0119631)) == ({x1}, (0.988037, 0.0119631))
({x2}, (0.426595, 0.573405)) == ({x2}, (0.426595, 0.573405))
({x3}, (0.010469, 0.989531)) == ({x3}, (0.010469, 0.989531))
({x4}, (0.010469, 0.989531)) == ({x4}, (0.010469, 0.989531))
({x5}, (0.0130012, 0.986999)) == ({x5}, (0.0130012, 0.986999))
({x6}, (0.989531, 0.010469)) == ({x6}, (0.989531, 0.010469))
({x7}, (0.010469, 0.989531)) == ({x7}, (0.010469, 0.989531))
({x8}, (0.989531, 0.010469)) == ({x8}, (0.989531, 0.010469))
({x9}, (0.989531, 0.010469)) == ({x9}, (0.989531, 0.010469))
({x10}, (0.010469, 0.989531)) == ({x10}, (0.010469, 0.989531))
({x11}, (0.989531, 0.010469)) == ({x11}, (0.989531, 0.010469))
({x12}, (0.989531, 0.010469)) == ({x12}, (0.989531, 0.010469))
({x13}, (0.010469, 0.989531)) == ({x13}, (0.010469, 0.989531))
({x14}, (0.010469, 0.989531)) == ({x14}, (0.010469, 0.989531))
({x15}, (0.989531, 0.010469)) == ({x15}, (0.989531, 0.010469))
({x16}, (0.989531, 0.010469)) == ({x16}, (0.989531, 0.010469))
({x17}, (0.990396, 0.00960437)) == ({x17}, (0.990396, 0.00960437))
({x18}, (0.00960437, 0.990396)) == ({x18}, (0.00960437, 0.990396))
({x19}, (0.048876, 0.951124)) == ({x19}, (0.048876, 0.951124))
({x20}, (0.010469, 0.989531)) == ({x20}, (0.010469, 0.989531))
({x21}, (0.010469, 0.989531)) == ({x21}, (0.010469, 0.989531))
({x22}, (0.990396, 0.00960437)) == ({x22}, (0.990396, 0.00960437))
({x23}, (0.990396, 0.00960437)) == ({x23}, (0.990396, 0.00960437))
({x24}, (0.951124, 0.048876)) == ({x24}, (0.951124, 0.048876))
({x0, x1}, (0.980868, 0.00628196, 0.000974063, 0.0118763)) == ({x0, x1}, (0.980868, 0.00628196, 0.000974063, 0.0118763))
({x0, x5}, (0.0127164, 0.0102135, 0.965381, 0.0116888)) == ({x0, x5}, (0.0127164, 0.0102135, 0.965381, 0.0116888))
({x1, x2}, (0.42186, 0.0068657, 0.567041, 0.00423252)) == ({x1, x2}, (0.42186, 0.0068657, 0.567041, 0.00423252))
({x1, x6}, (0.975563, 0.011812, 0.00230408, 0.0103212)) == ({x1, x6}, (0.975563, 0.011812, 0.00230408, 0.0103212))
({x2, x3}, (0.00600438, 0.00423619, 0.422226, 0.567533)) == ({x2, x3}, (0.00600438, 0.00423619, 0.422226, 0.567533))
({x2, x7}, (0.00600438, 0.00423619, 0.422226, 0.567533)) == ({x2, x7}, (0.00600438, 0.00423619, 0.422226, 0.567533))
({x3, x4}, (0.0104608, 4.45667e-05, 0.000740722, 0.988754)) == ({x3, x4}, (0.0104608, 4.45667e-05, 0.000740722, 0.988754))
({x3, x8}, (0.000740722, 0.988754, 0.0104608, 4.45667e-05)) == ({x3, x8}, (0.000740722, 0.988754, 0.0104608, 4.45667e-05))
({x4, x9}, (1.40936e-05, 0.989511, 0.0104688, 6.43302e-06)) == ({x4, x9}, (1.40936e-05, 0.989511, 0.0104688, 6.43302e-06))
({x5, x6}, (0.0128661, 0.976746, 0.0103338, 5.37217e-05)) == ({x5, x6}, (0.0128661, 0.976746, 0.0103338, 5.37217e-05))
({x5, x10}, (0.0102395, 0.00917888, 0.0127487, 0.967833)) == ({x5, x10}, (0.0102395, 0.00917888, 0.0127487, 0.967833))
({x6, x7}, (4.96695e-06, 0.0104664, 0.98928, 0.000248655)) == ({x6, x7}, (4.96695e-06, 0.0104664, 0.98928, 0.000248655))
({x6, x11}, (0.988067, 8.48182e-05, 0.00139497, 0.0104535)) == ({x6, x11}, (0.988067, 8.48182e-05, 0.00139497, 0.0104535))
({x7, x8}, (6.41642e-05, 0.987992, 0.0104527, 0.00149141)) == ({x7, x8}, (6.41642e-05, 0.987992, 0.0104527, 0.00149141))
({x7, x12}, (4.91381e-05, 0.989461, 0.0104683, 2.18989e-05)) == ({x7, x12}, (4.91381e-05, 0.989461, 0.0104683, 2.18989e-05))
({x8, x9}, (0.989531, 4.60284e-09, 3.37389e-07, 0.010469)) == ({x8, x9}, (0.989531, 4.60284e-09, 3.37389e-07, 0.010469))
({x8, x13}, (8.30797e-08, 0.010469, 0.989527, 3.48124e-06)) == ({x8, x13}, (8.30797e-08, 0.010469, 0.989527, 3.48124e-06))
({x9, x14}, (1.32025e-05, 0.0104689, 0.989518, 6.58501e-08)) == ({x9, x14}, (1.32025e-05, 0.0104689, 0.989518, 6.58501e-08))
({x10, x11}, (0.00924598, 0.974908, 0.0103143, 0.00553152)) == ({x10, x11}, (0.00924598, 0.974908, 0.0103143, 0.00553152))
({x10, x15}, (7.07008e-05, 0.989428, 0.0104679, 3.37276e-05)) == ({x10, x15}, (7.07008e-05, 0.989428, 0.0104679, 3.37276e-05))
({x11, x12}, (0.98809, 0.001395, 6.11181e-05, 0.0104538)) == ({x11, x12}, (0.98809, 0.001395, 6.11181e-05, 0.0104538))
({x11, x16}, (0.974908, 0.00553152, 0.00924598, 0.0103143)) == ({x11, x16}, (0.974908, 0.00553152, 0.00924598, 0.0103143))
({x12, x13}, (0.00149141, 0.0104527, 0.987992, 6.41642e-05)) == ({x12, x13}, (0.00149141, 0.0104527, 0.987992, 6.41642e-05))
({x12, x17}, (0.971099, 0.010274, 0.00920985, 0.00941724)) == ({x12, x17}, (0.971099, 0.010274, 0.00920985, 0.00941724))
({x13, x14}, (0.0104689, 1.32025e-05, 3.94194e-08, 0.989518)) == ({x13, x14}, (0.0104689, 1.32025e-05, 3.94194e-08, 0.989518))
({x13, x18}, (0.00941724, 0.00920985, 0.010274, 0.971099)) == ({x13, x18}, (0.00941724, 0.00920985, 0.010274, 0.971099))
({x14, x19}, (0.00042965, 0.0483683, 0.00995816, 0.941244)) == ({x14, x19}, (0.00042965, 0.0483683, 0.00995816, 0.941244))
({x15, x16}, (0.98908, 0.000386658, 6.87234e-05, 0.0104643)) == ({x15, x16}, (0.98908, 0.000386658, 6.87234e-05, 0.0104643))
({x15, x20}, (5.03061e-05, 0.0104677, 0.989406, 7.56714e-05)) == ({x15, x20}, (5.03061e-05, 0.0104677, 0.989406, 7.56714e-05))
({x16, x17}, (0.979483, 0.0103627, 0.000655631, 0.00949855)) == ({x16, x17}, (0.979483, 0.0103627, 0.000655631, 0.00949855))
({x16, x21}, (5.54019e-07, 0.010469, 0.989527, 3.70638e-06)) == ({x16, x21}, (5.54019e-07, 0.010469, 0.989527, 3.70638e-06))
({x17, x18}, (4.16588e-06, 0.00960378, 0.990335, 5.73596e-05)) == ({x17, x18}, (4.16588e-06, 0.00960378, 0.990335, 5.73596e-05))
({x17, x22}, (0.989669, 0.000662448, 7.16413e-05, 0.00959732)) == ({x17, x22}, (0.989669, 0.000662448, 7.16413e-05, 0.00959732))
({x18, x19}, (0.00869858, 0.048008, 0.00905974, 0.934234)) == ({x18, x19}, (0.00869858, 0.048008, 0.00905974, 0.934234))
({x18, x23}, (0.000662448, 0.989669, 0.00959732, 7.16413e-05)) == ({x18, x23}, (0.000662448, 0.989669, 0.00959732, 7.16413e-05))
({x19, x24}, (0.000568817, 0.949513, 0.0487932, 0.00112518)) == ({x19, x24}, (0.000568817, 0.949513, 0.0487932, 0.00112518))
({x20, x21}, (0.0104643, 6.87234e-05, 0.000386658, 0.98908)) == ({x20, x21}, (0.0104643, 6.87234e-05, 0.000386658, 0.98908))
({x21, x22}, (0.0103637, 0.979573, 0.00949942, 0.000564246)) == ({x21, x22}, (0.0103637, 0.979573, 0.00949942, 0.000564246))
({x22, x23}, (0.990348, 2.24944e-05, 2.53585e-05, 0.00960391)) == ({x22, x23}, (0.990348, 2.24944e-05, 2.53585e-05, 0.00960391))
({x23, x24}, (0.934234, 0.00905974, 0.048008, 0.00869858)) == ({x23, x24}, (0.934234, 0.00905974, 0.048008, 0.00869858))
Exact MAP state (log score = 82.6902):
x0: 0
x1: 0
x2: 1
x3: 1
x4: 1
x5: 1
x6: 0
x7: 1
x8: 0
x9: 0
x10: 1
x11: 0
x12: 0
x13: 1
x14: 1
x15: 0
x16: 0
x17: 0
x18: 1
x19: 1
x20: 1
x21: 1
x22: 0
x23: 0
x24: 0
