Builtin inference algorithms: {BP, EXACT, FBP, JTREE, TRWBP}

Exact variable marginals:
({x0}, (0.781454, 0.218546))
({x1}, (0.784233, 0.215767))
({x2}, (0.784228, 0.215772))
({x3}, (0.215771, 0.784229))
({x4}, (0.783692, 0.216308))
({x5}, (0.786175, 0.213825))
({x6}, (0.215749, 0.784251))
({x7}, (0.784183, 0.215817))
({x8}, (0.782522, 0.217478))
({x9}, (0.216348, 0.783652))
({x10}, (0.213727, 0.786273))
({x11}, (0.78425, 0.21575))
({x12}, (0.216963, 0.783037))
({x13}, (0.215779, 0.784221))
({x14}, (0.783753, 0.216247))
({x15}, (0.776628, 0.223372))
({x16}, (0.78404, 0.21596))
({x17}, (0.784143, 0.215857))
({x18}, (0.784531, 0.215469))
({x19}, (0.784536, 0.215464))
({x20}, (0.223489, 0.776511))
({x21}, (0.776345, 0.223655))
({x22}, (0.242127, 0.757873))
({x23}, (0.215465, 0.784535))
({x24}, (0.784534, 0.215466))
Exact factor marginals:
({x0}, (0.781454, 0.218546))
({x1}, (0.784233, 0.215767))
({x2}, (0.784228, 0.215772))
({x3}, (0.215771, 0.784229))
({x4}, (0.783692, 0.216308))
({x5}, (0.786175, 0.213825))
({x6}, (0.215749, 0.784251))
({x7}, (0.784183, 0.215817))
({x8}, (0.782522, 0.217478))
({x9}, (0.216348, 0.783652))
({x10}, (0.213727, 0.786273))
({x11}, (0.78425, 0.21575))
({x12}, (0.216963, 0.783037))
({x13}, (0.215779, 0.784221))
({x14}, (0.783753, 0.216247))
({x15}, (0.776628, 0.223372))
({x16}, (0.78404, 0.21596))
({x17}, (0.784143, 0.215857))
({x18}, (0.784531, 0.215469))
({x19}, (0.784536, 0.215464))
({x20}, (0.223489, 0.776511))
({x21}, (0.776345, 0.223655))
({x22}, (0.242127, 0.757873))
({x23}, (0.215465, 0.784535))
({x24}, (0.784534, 0.215466))
({x0, x1}, (0.781111, 0.00312219, 0.000343135, 0.215424))
({x0, x5}, (0.780722, 0.00545306, 0.000731843, 0.213093))
({x1, x2}, (0.784227, 1.44982e-06, 6.17537e-06, 0.215766))
({x1, x6}, (6.32415e-06, 0.215742, 0.784227, 2.44921e-05))
({x2, x3}, (1.78332e-06, 0.21577, 0.784227, 2.06869e-06))
({x2, x7}, (0.784182, 4.51484e-07, 4.61182e-05, 0.215771))
({x3, x4}, (3.75202e-05, 0.783655, 0.215734, 0.000573704))
({x3, x8}, (1.24126e-05, 0.78251, 0.215759, 0.00171894))
({x4, x9}, (5.41798e-05, 0.216294, 0.783638, 1.36173e-05))
({x5, x6}, (0.00230714, 0.213442, 0.783868, 0.000383141))
({x5, x10}, (5.86244e-05, 0.213669, 0.786117, 0.000156282))
({x6, x7}, (4.73395e-07, 0.784182, 0.215748, 6.90336e-05))
({x6, x11}, (3.0607e-06, 0.784247, 0.215746, 4.68673e-06))
({x7, x8}, (0.782501, 2.11562e-05, 0.00168173, 0.215796))
({x7, x12}, (0.00117935, 0.215783, 0.783003, 3.40931e-05))
({x8, x9}, (0.000637683, 0.21571, 0.781884, 0.00176746))
({x8, x13}, (1.27337e-05, 0.215767, 0.782509, 0.0017114))
({x9, x14}, (0.000151972, 0.783601, 0.216196, 5.08334e-05))
({x10, x11}, (0.000300565, 0.783949, 0.213427, 0.00232384))
({x10, x15}, (0.00195734, 0.774671, 0.21177, 0.0116022))
({x11, x12}, (0.00122406, 0.215739, 0.783026, 1.18659e-05))
({x11, x16}, (0.783762, 0.000278002, 0.000488071, 0.215472))
({x12, x13}, (0.215772, 7.32745e-06, 0.00119068, 0.78303))
({x12, x17}, (0.00152466, 0.782618, 0.215438, 0.000419007))
({x13, x14}, (8.77365e-06, 0.783744, 0.21577, 0.000476522))
({x13, x18}, (0.000365856, 0.784166, 0.215413, 5.52203e-05))
({x14, x19}, (0.783688, 0.000847835, 6.50193e-05, 0.215399))
({x15, x16}, (0.775237, 0.00880276, 0.00139127, 0.214569))
({x15, x20}, (0.000170154, 0.223319, 0.776458, 5.30475e-05))
({x16, x17}, (0.784032, 0.000111517, 7.98414e-06, 0.215849))
({x16, x21}, (0.775021, 0.00132371, 0.00901857, 0.214637))
({x17, x18}, (0.784037, 0.000494288, 0.000105959, 0.215363))
({x17, x22}, (0.0272288, 0.214898, 0.756914, 0.000959195))
({x18, x19}, (0.78453, 5.80284e-06, 1.37112e-06, 0.215463))
({x18, x23}, (4.64373e-06, 0.215461, 0.784527, 8.06712e-06))
({x19, x24}, (0.784533, 1.08713e-06, 3.19413e-06, 0.215463))
({x20, x21}, (4.0898e-05, 0.776304, 0.223448, 0.00020717))
({x21, x22}, (0.0284289, 0.213698, 0.747916, 0.00995767))
({x22, x23}, (0.214827, 0.00063813, 0.0272995, 0.757235))
({x23, x24}, (1.13938e-06, 0.784533, 0.215464, 2.23805e-06))
Exact log partition sum: 83.4281
Exact MAP variable marginals:
({x0}, (0.778744, 0.221256))
({x1}, (0.778744, 0.221256))
({x2}, (0.778744, 0.221256))
({x3}, (0.221256, 0.778744))
({x4}, (0.778744, 0.221256))
({x5}, (0.778744, 0.221256))
({x6}, (0.221256, 0.778744))
({x7}, (0.778744, 0.221256))
({x8}, (0.778744, 0.221256))
({x9}, (0.221256, 0.778744))
({x10}, (0.221256, 0.778744))
({x11}, (0.778744, 0.221256))
({x12}, (0.221256, 0.778744))
({x13}, (0.221256, 0.778744))
({x14}, (0.778744, 0.221256))
({x15}, (0.778744, 0.221256))
({x16}, (0.778744, 0.221256))
({x17}, (0.778744, 0.221256))
({x18}, (0.778744, 0.221256))
({x19}, (0.778744, 0.221256))
({x20}, (0.221256, 0.778744))
({x21}, (0.778744, 0.221256))
({x22}, (0.221256, 0.778744))
({x23}, (0.221256, 0.778744))
({x24}, (0.778744, 0.221256))
Exact MAP factor marginals:
({x0}, (0.778744, 0.221256)) == ({x0}, (0.778744, 0.221256))
({x1}, (0.778744, 0.221256)) == ({x1}, (0.778744, 0.221256))
({x2}, (0.778744, 0.221256)) == ({x2}, (0.778744, 0.221256))
({x3}, (0.221256, 0.778744)) == ({x3}, (0.221256, 0.778744))
({x4}, (0.778744, 0.221256)) == ({x4}, (0.778744, 0.221256))
({x5}, (0.778744, 0.221256)) == ({x5}, (0.778744, 0.221256))
({x6}, (0.221256, 0.778744)) == ({x6}, (0.221256, 0.778744))
({x7}, (0.778744, 0.221256)) == ({x7}, (0.778744, 0.221256))
({x8}, (0.778744, 0.221256)) == ({x8}, (0.778744, 0.221256))
({x9}, (0.221256, 0.778744)) == ({x9}, (0.221256, 0.778744))
({x10}, (0.221256, 0.778744)) == ({x10}, (0.221256, 0.778744))
({x11}, (0.778744, 0.221256)) == ({x11}, (0.778744, 0.221256))
({x12}, (0.221256, 0.778744)) == ({x12}, (0.221256, 0.778744))
({x13}, (0.221256, 0.778744)) == ({x13}, (0.221256, 0.778744))
({x14}, (0.778744, 0.221256)) == ({x14}, (0.778744, 0.221256))
({x15}, (0.778744, 0.221256)) == ({x15}, (0.778744, 0.221256))
({x16}, (0.778744, 0.221256)) == ({x16}, (0.778744, 0.221256))
({x17}, (0.778744, 0.221256)) == ({x17}, (0.778744, 0.221256))
({x18}, (0.778744, 0.221256)) == ({x18}, (0.778744, 0.221256))
({x19}, (0.778744, 0.221256)) == ({x19}, (0.778744, 0.221256))
({x20}, (0.221256, 0.778744)) == ({x20}, (0.221256, 0.778744))
({x21}, (0.778744, 0.221256)) == ({x21}, (0.778744, 0.221256))
({x22}, (0.221256, 0.778744)) == ({x22}, (0.221256, 0.778744))
({x23}, (0.221256, 0.778744)) == ({x23}, (0.221256, 0.778744))
({x24}, (0.778744, 0.221256)) == ({x24}, (0.778744, 0.221256))
({x0, x1}, (0.776051, 0.0031033, 0.000354515, 0.220491)) == ({x0, x1}, (0.776051, 0.0031033, 0.000354515, 0.220491))
({x0, x5}, (0.776051, 0.0031033, 0.000354515, 0.220491)) == ({x0, x5}, (0.776051, 0.0031033, 0.000354515, 0.220491))
({x1, x2}, (0.778741, 1.38661e-06, 3.08808e-06, 0.221255)) == ({x1, x2}, (0.778741, 1.38661e-06, 3.08808e-06, 0.221255))
({x1, x6}, (3.08805e-06, 0.221253, 0.778733, 1.11475e-05)) == ({x1, x6}, (3.08805e-06, 0.221253, 0.778733, 1.11475e-05))
({x2, x3}, (9.63194e-07, 0.221255, 0.778742, 1.58996e-06)) == ({x2, x3}, (9.63194e-07, 0.221255, 0.778742, 1.58996e-06))
({x2, x7}, (0.778729, 1.58256e-07, 1.98396e-05, 0.221251)) == ({x2, x7}, (0.778729, 1.58256e-07, 1.98396e-05, 0.221251))
({x3, x4}, (3.17851e-05, 0.778385, 0.221154, 0.000429225)) == ({x3, x4}, (3.17851e-05, 0.778385, 0.221154, 0.000429225))
({x3, x8}, (1.10947e-05, 0.777434, 0.220884, 0.00167119)) == ({x3, x8}, (1.10947e-05, 0.777434, 0.220884, 0.00167119))
({x4, x9}, (4.05683e-05, 0.221245, 0.778705, 9.88846e-06)) == ({x4, x9}, (4.05683e-05, 0.221245, 0.778705, 9.88846e-06))
({x5, x6}, (0.00235006, 0.220672, 0.776691, 0.000287042)) == ({x5, x6}, (0.00235006, 0.220672, 0.776691, 0.000287042))
({x5, x10}, (4.66757e-05, 0.221225, 0.778634, 9.44694e-05)) == ({x5, x10}, (4.66757e-05, 0.221225, 0.778634, 9.44694e-05))
({x6, x7}, (1.71488e-07, 0.778729, 0.221251, 1.98396e-05)) == ({x6, x7}, (1.71488e-07, 0.778729, 0.221251, 1.98396e-05))
({x6, x11}, (1.38128e-06, 0.778742, 0.221255, 9.75183e-07)) == ({x6, x11}, (1.38128e-06, 0.778742, 0.221255, 9.75183e-07))
({x7, x8}, (0.777434, 1.10947e-05, 0.00167119, 0.220884)) == ({x7, x8}, (0.777434, 1.10947e-05, 0.00167119, 0.220884))
({x7, x12}, (0.00116903, 0.220993, 0.777818, 1.98164e-05)) == ({x7, x12}, (0.00116903, 0.220993, 0.777818, 1.98164e-05))
({x8, x9}, (0.000428521, 0.220791, 0.77711, 0.00167049)) == ({x8, x9}, (0.000428521, 0.220791, 0.77711, 0.00167049))
({x8, x13}, (1.10947e-05, 0.220884, 0.777434, 0.00167119)) == ({x8, x13}, (1.10947e-05, 0.220884, 0.777434, 0.00167119))
({x9, x14}, (0.000137875, 0.778612, 0.221218, 3.17944e-05)) == ({x9, x14}, (0.000137875, 0.778612, 0.221218, 3.17944e-05))
({x10, x11}, (0.000287042, 0.776691, 0.220672, 0.00235006)) == ({x10, x11}, (0.000287042, 0.776691, 0.220672, 0.00235006))
({x10, x15}, (0.00135166, 0.770783, 0.218994, 0.00887175)) == ({x10, x15}, (0.00135166, 0.770783, 0.218994, 0.00887175))
({x11, x12}, (0.00116905, 0.220996, 0.777828, 7.28538e-06)) == ({x11, x12}, (0.00116905, 0.220996, 0.777828, 7.28538e-06))
({x11, x16}, (0.778397, 0.000196725, 0.000249034, 0.221157)) == ({x11, x16}, (0.778397, 0.000196725, 0.000249034, 0.221157))
({x12, x13}, (0.220996, 7.28538e-06, 0.00116905, 0.777828)) == ({x12, x13}, (0.220996, 7.28538e-06, 0.00116905, 0.777828))
({x12, x17}, (0.00116877, 0.77764, 0.220942, 0.000248792)) == ({x12, x17}, (0.00116877, 0.77764, 0.220942, 0.000248792))
({x13, x14}, (5.83368e-06, 0.778405, 0.22116, 0.000429236)) == ({x13, x14}, (5.83368e-06, 0.778405, 0.22116, 0.000429236))
({x13, x18}, (0.000196767, 0.778561, 0.221204, 3.83687e-05)) == ({x13, x18}, (0.000196767, 0.778561, 0.221204, 3.83687e-05))
({x14, x19}, (0.77838, 0.000429222, 3.83598e-05, 0.221152)) == ({x14, x19}, (0.77838, 0.000429222, 3.83598e-05, 0.221152))
({x15, x16}, (0.770783, 0.00887175, 0.00135166, 0.218994)) == ({x15, x16}, (0.770783, 0.00887175, 0.00135166, 0.218994))
({x15, x20}, (0.000137197, 0.221215, 0.778602, 4.5982e-05)) == ({x15, x20}, (0.000137197, 0.221215, 0.778602, 4.5982e-05))
({x16, x17}, (0.778684, 7.50513e-05, 2.73521e-06, 0.221239)) == ({x16, x17}, (0.778684, 7.50513e-05, 2.73521e-06, 0.221239))
({x16, x21}, (0.770783, 0.00135166, 0.00887175, 0.218994)) == ({x16, x21}, (0.770783, 0.00135166, 0.00887175, 0.218994))
({x17, x18}, (0.778491, 0.000249064, 7.66332e-05, 0.221184)) == ({x17, x18}, (0.778491, 0.000249064, 7.66332e-05, 0.221184))
({x17, x22}, (0.0273277, 0.215069, 0.756967, 0.000636614)) == ({x17, x22}, (0.0273277, 0.215069, 0.756967, 0.000636614))
({x18, x19}, (0.778741, 3.599e-06, 1.10616e-06, 0.221255)) == ({x18, x19}, (0.778741, 3.599e-06, 1.10616e-06, 0.221255))
({x18, x23}, (2.49285e-06, 0.221254, 0.778739, 3.59899e-06)) == ({x18, x23}, (2.49285e-06, 0.221254, 0.778739, 3.59899e-06))
({x19, x24}, (0.778742, 6.52934e-07, 2.49285e-06, 0.221255)) == ({x19, x24}, (0.778742, 6.52934e-07, 2.49285e-06, 0.221255))
({x20, x21}, (3.51482e-05, 0.778587, 0.221211, 0.000167369)) == ({x20, x21}, (3.51482e-05, 0.778587, 0.221211, 0.000167369))
({x21, x22}, (0.0271088, 0.213346, 0.750903, 0.00864293)) == ({x21, x22}, (0.0271088, 0.213346, 0.750903, 0.00864293))
({x22, x23}, (0.215069, 0.000636614, 0.0273277, 0.756967)) == ({x22, x23}, (0.215069, 0.000636614, 0.0273277, 0.756967))
({x23, x24}, (9.82526e-07, 0.778743, 0.221255, 1.15178e-06)) == ({x23, x24}, (9.82526e-07, 0.778743, 0.221255, 1.15178e-06))
Exact MAP state (log score = 83.1282):
x0: 0
x1: 0
x2: 0
x3: 1
x4: 0
x5: 0
x6: 1
x7: 0
x8: 0
x9: 1
x10: 1
x11: 0
x12: 1
x13: 1
x14: 0
x15: 0
x16: 0
x17: 0
x18: 0
x19: 0
x20: 1
x21: 0
x22: 1
x23: 1
x24: 0
